<?xml version="1.0" encoding="UTF-8"?>
<!-- Generated by org.testng.reporters.JUnitReportReporter -->
<testsuite hostname="DELL" name="cviceni.Ukol2Test" tests="7" failures="0" timestamp="7 Dec 2011 19:52:43 GMT" time="1,178" errors="0">
  <testcase name="testKrat" time="1,177" classname="cviceni.Ukol2Test"/>
  <testcase name="testPlus" time="0,000" classname="cviceni.Ukol2Test"/>
  <testcase name="testKrat" time="0,000" classname="cviceni.Ukol2Test"/>
  <testcase name="test1Krat" time="0,001" classname="cviceni.Ukol2Test"/>
  <testcase name="testKrat" time="0,000" classname="cviceni.Ukol2Test"/>
  <testcase name="testKrat" time="0,000" classname="cviceni.Ukol2Test"/>
  <testcase name="testAbs" time="0,000" classname="cviceni.Ukol2Test"/>
</testsuite>
