<?xml version="1.0" encoding="UTF-8"?>
<!-- Generated by org.testng.reporters.JUnitReportReporter -->
<testsuite hostname="DELL" name="cviceni.StringBuilderAndBufferTest" tests="40000" failures="0" timestamp="7 Dec 2011 19:52:43 GMT" time="70,004" errors="0">
  <testcase name="testBufferAppendDelete" time="2,270" classname="cviceni.StringBuilderAndBufferTest"/>
  <testcase name="testBufferAppendDelete" time="0,000" classname="cviceni.StringBuilderAndBufferTest"/>
  <testcase name="testBuilderAppend" time="0,000" classname="cviceni.StringBuilderAndBufferTest"/>
  <testcase name="testBuilderAppendDelete" time="0,000" classname="cviceni.StringBuilderAndBufferTest"/>
  <testcase name="testBuilderAppendDelete" time="0,000" classname="cviceni.StringBuilderAndBufferTest"/>
  <testcase name="testBuilderAppend" time="0,000" classname="cviceni.StringBuilderAndBufferTest"/>
  <testcase name="testBufferAppendDelete" time="0,000" classname="cviceni.StringBuilderAndBufferTest"/>
  <testcase name="testBufferAppendDelete" time="0,000" classname="cviceni.StringBuilderAndBufferTest"/>
  <testcase name="testBufferAppend" time="0,000" classname="cviceni.StringBuilderAndBufferTest"/>
  <testcase name="testBufferAppend" time="0,000" classname="cviceni.StringBuilderAndBufferTest"/>
  <testcase name="testBuilderAppend" time="0,002" classname="cviceni.StringBuilderAndBufferTest"/>
  <testcase name="testBufferAppendDelete" time="0,000" classname="cviceni.StringBuilderAndBufferTest"/>
  <testcase name="testBuilderAppendDelete" time="0,001" classname="cviceni.StringBuilderAndBufferTest"/>
  <testcase name="testBufferAppend" time="0,001" classname="cviceni.StringBuilderAndBufferTest"/>
  <testcase name="testBufferAppendDelete" time="0,000" classname="cviceni.StringBuilderAndBufferTest"/>
  <testcase name="testBufferAppendDelete" time="0,000" classname="cviceni.StringBuilderAndBufferTest"/>
  <testcase name="testBuilderAppend" time="0,000" classname="cviceni.StringBuilderAndBufferTest"/>
  <testcase name="testBuilderAppend" time="0,000" classname="cviceni.StringBuilderAndBufferTest"/>
  <testcase name="testBufferAppend" time="0,000" classname="cviceni.StringBuilderAndBufferTest"/>
  <testcase name="testBuilderAppendDelete" time="0,000" classname="cviceni.StringBuilderAndBufferTest"/>
  <testcase name="testBufferAppend" time="0,001" classname="cviceni.StringBuilderAndBufferTest"/>
  <testcase name="testBufferAppendDelete" time="0,000" classname="cviceni.StringBuilderAndBufferTest"/>
  <testcase name="testBufferAppend" time="0,000" classname="cviceni.StringBuilderAndBufferTest"/>
  <testcase name="testBuilderAppend" time="0,000" classname="cviceni.StringBuilderAndBufferTest"/>
  <testcase name="testBufferAppend" time="0,000" classname="cviceni.StringBuilderAndBufferTest"/>
  <testcase name="testBuilderAppendDelete" time="0,002" classname="cviceni.StringBuilderAndBufferTest"/>
  <testcase name="testBuilderAppendDelete" time="0,000" classname="cviceni.StringBuilderAndBufferTest"/>
  <testcase name="testBufferAppend" time="0,001" classname="cviceni.StringBuilderAndBufferTest"/>
  <testcase name="testBufferAppend" time="0,000" classname="cviceni.StringBuilderAndBufferTest"/>
  <testcase name="testBufferAppendDelete" time="0,000" classname="cviceni.StringBuilderAndBufferTest"/>
  <testcase name="testBufferAppendDelete" time="0,000" classname="cviceni.StringBuilderAndBufferTest"/>
  <testcase name="testBufferAppendDelete" time="0,001" classname="cviceni.StringBuilderAndBufferTest"/>
  <testcase name="testBufferAppendDelete" time="0,000" classname="cviceni.StringBuilderAndBufferTest"/>
  <testcase name="testBufferAppendDelete" time="0,000" classname="cviceni.StringBuilderAndBufferTest"/>
  <testcase name="testBufferAppend" time="0,000" classname="cviceni.StringBuilderAndBufferTest"/>
  <testcase name="testBufferAppend" time="0,000" classname="cviceni.StringBuilderAndBufferTest"/>
  <testcase name="testBufferAppendDelete" time="0,000" classname="cviceni.StringBuilderAndBufferTest"/>
  <testcase name="testBufferAppend" time="0,001" classname="cviceni.StringBuilderAndBufferTest"/>
  <testcase name="testBuilderAppendDelete" time="0,001" classname="cviceni.StringBuilderAndBufferTest"/>
  <testcase name="testBuilderAppend" time="0,001" classname="cviceni.StringBuilderAndBufferTest"/>
  <testcase name="testBufferAppend" time="0,000" classname="cviceni.StringBuilderAndBufferTest"/>
  <testcase name="testBufferAppendDelete" time="0,000" classname="cviceni.StringBuilderAndBufferTest"/>
  <testcase name="testBufferAppendDelete" time="0,000" classname="cviceni.StringBuilderAndBufferTest"/>
  <testcase name="testBufferAppend" time="0,000" classname="cviceni.StringBuilderAndBufferTest"/>
  <testcase name="testBufferAppend" time="0,001" classname="cviceni.StringBuilderAndBufferTest"/>
  <testcase name="testBufferAppend" time="0,000" classname="cviceni.StringBuilderAndBufferTest"/>
  <testcase name="testBufferAppend" time="0,197" classname="cviceni.StringBuilderAndBufferTest"/>
  <testcase name="testBufferAppendDelete" time="0,000" classname="cviceni.StringBuilderAndBufferTest"/>
  <testcase name="testBuilderAppendDelete" time="0,000" classname="cviceni.StringBuilderAndBufferTest"/>
  <testcase name="testBuilderAppendDelete" time="0,000" classname="cviceni.StringBuilderAndBufferTest"/>
  <testcase name="testBuilderAppendDelete" time="0,001" classname="cviceni.StringBuilderAndBufferTest"/>
  <testcase name="testBufferAppend" time="0,001" classname="cviceni.StringBuilderAndBufferTest"/>
  <testcase name="testBuilderAppend" time="0,075" classname="cviceni.StringBuilderAndBufferTest"/>
  <testcase name="testBuilderAppend" time="0,000" classname="cviceni.StringBuilderAndBufferTest"/>
  <testcase name="testBufferAppend" time="0,000" classname="cviceni.StringBuilderAndBufferTest"/>
  <testcase name="testBufferAppend" time="0,000" classname="cviceni.StringBuilderAndBufferTest"/>
  <testcase name="testBufferAppendDelete" time="0,000" classname="cviceni.StringBuilderAndBufferTest"/>
  <testcase name="testBuilderAppendDelete" time="0,000" classname="cviceni.StringBuilderAndBufferTest"/>
  <testcase name="testBuilderAppend" time="0,000" classname="cviceni.StringBuilderAndBufferTest"/>
  <testcase name="testBuilderAppend" time="0,000" classname="cviceni.StringBuilderAndBufferTest"/>
  <testcase name="testBufferAppend" time="0,000" classname="cviceni.StringBuilderAndBufferTest"/>
  <testcase name="testBufferAppend" time="0,000" classname="cviceni.StringBuilderAndBufferTest"/>
  <testcase name="testBuilderAppendDelete" time="0,000" classname="cviceni.StringBuilderAndBufferTest"/>
  <testcase name="testBufferAppendDelete" time="0,000" classname="cviceni.StringBuilderAndBufferTest"/>
  <testcase name="testBuilderAppendDelete" time="0,000" classname="cviceni.StringBuilderAndBufferTest"/>
  <testcase name="testBuilderAppend" time="0,000" classname="cviceni.StringBuilderAndBufferTest"/>
  <testcase name="testBufferAppend" time="0,000" classname="cviceni.StringBuilderAndBufferTest"/>
  <testcase name="testBuilderAppend" time="0,000" classname="cviceni.StringBuilderAndBufferTest"/>
  <testcase name="testBufferAppendDelete" time="0,000" classname="cviceni.StringBuilderAndBufferTest"/>
  <testcase name="testBufferAppendDelete" time="0,000" classname="cviceni.StringBuilderAndBufferTest"/>
  <testcase name="testBuilderAppendDelete" time="0,001" classname="cviceni.StringBuilderAndBufferTest"/>
  <testcase name="testBufferAppendDelete" time="0,001" classname="cviceni.StringBuilderAndBufferTest"/>
  <testcase name="testBuilderAppendDelete" time="0,000" classname="cviceni.StringBuilderAndBufferTest"/>
  <testcase name="testBufferAppend" time="0,000" classname="cviceni.StringBuilderAndBufferTest"/>
  <testcase name="testBuilderAppend" time="0,000" classname="cviceni.StringBuilderAndBufferTest"/>
  <testcase name="testBufferAppend" time="0,001" classname="cviceni.StringBuilderAndBufferTest"/>
  <testcase name="testBufferAppend" time="0,001" classname="cviceni.StringBuilderAndBufferTest"/>
  <testcase name="testBufferAppend" time="0,000" classname="cviceni.StringBuilderAndBufferTest"/>
  <testcase name="testBufferAppend" time="0,001" classname="cviceni.StringBuilderAndBufferTest"/>
  <testcase name="testBuilderAppendDelete" time="0,001" classname="cviceni.StringBuilderAndBufferTest"/>
  <testcase name="testBufferAppend" time="0,000" classname="cviceni.StringBuilderAndBufferTest"/>
  <testcase name="testBuilderAppend" time="0,001" classname="cviceni.StringBuilderAndBufferTest"/>
  <testcase name="testBuilderAppend" time="0,000" classname="cviceni.StringBuilderAndBufferTest"/>
  <testcase name="testBuilderAppend" time="0,000" classname="cviceni.StringBuilderAndBufferTest"/>
  <testcase name="testBufferAppend" time="0,000" classname="cviceni.StringBuilderAndBufferTest"/>
  <testcase name="testBuilderAppendDelete" time="0,000" classname="cviceni.StringBuilderAndBufferTest"/>
  <testcase name="testBufferAppendDelete" time="0,001" classname="cviceni.StringBuilderAndBufferTest"/>
  <testcase name="testBuilderAppend" time="0,000" classname="cviceni.StringBuilderAndBufferTest"/>
  <testcase name="testBufferAppendDelete" time="0,000" classname="cviceni.StringBuilderAndBufferTest"/>
  <testcase name="testBufferAppendDelete" time="0,001" classname="cviceni.StringBuilderAndBufferTest"/>
  <testcase name="testBuilderAppendDelete" time="0,000" classname="cviceni.StringBuilderAndBufferTest"/>
  <testcase name="testBufferAppend" time="0,001" classname="cviceni.StringBuilderAndBufferTest"/>
  <testcase name="testBufferAppend" time="0,001" classname="cviceni.StringBuilderAndBufferTest"/>
  <testcase name="testBuilderAppend" time="0,000" classname="cviceni.StringBuilderAndBufferTest"/>
  <testcase name="testBufferAppend" time="0,000" classname="cviceni.StringBuilderAndBufferTest"/>
  <testcase name="testBuilderAppendDelete" time="0,000" classname="cviceni.StringBuilderAndBufferTest"/>
  <testcase name="testBufferAppend" time="0,000" classname="cviceni.StringBuilderAndBufferTest"/>
  <testcase name="testBufferAppend" time="0,013" classname="cviceni.StringBuilderAndBufferTest"/>
  <testcase name="testBuilderAppend" time="0,000" classname="cviceni.StringBuilderAndBufferTest"/>
  <testcase name="testBufferAppend" time="0,000" classname="cviceni.StringBuilderAndBufferTest"/>
  <testcase name="testBufferAppendDelete" time="0,000" classname="cviceni.StringBuilderAndBufferTest"/>
  <testcase name="testBuilderAppendDelete" time="0,029" classname="cviceni.StringBuilderAndBufferTest"/>
  <testcase name="testBuilderAppendDelete" time="0,000" classname="cviceni.StringBuilderAndBufferTest"/>
  <testcase name="testBuilderAppendDelete" time="0,001" classname="cviceni.StringBuilderAndBufferTest"/>
  <testcase name="testBufferAppend" time="0,000" classname="cviceni.StringBuilderAndBufferTest"/>
  <testcase name="testBufferAppendDelete" time="0,000" classname="cviceni.StringBuilderAndBufferTest"/>
  <testcase name="testBufferAppendDelete" time="0,000" classname="cviceni.StringBuilderAndBufferTest"/>
  <testcase name="testBufferAppend" time="0,000" classname="cviceni.StringBuilderAndBufferTest"/>
  <testcase name="testBufferAppendDelete" time="0,000" classname="cviceni.StringBuilderAndBufferTest"/>
  <testcase name="testBuilderAppendDelete" time="0,001" classname="cviceni.StringBuilderAndBufferTest"/>
  <testcase name="testBuilderAppendDelete" time="0,000" classname="cviceni.StringBuilderAndBufferTest"/>
  <testcase name="testBufferAppendDelete" time="0,001" classname="cviceni.StringBuilderAndBufferTest"/>
  <testcase name="testBuilderAppend" time="0,000" classname="cviceni.StringBuilderAndBufferTest"/>
  <testcase name="testBufferAppend" time="0,000" classname="cviceni.StringBuilderAndBufferTest"/>
  <testcase name="testBufferAppendDelete" time="0,000" classname="cviceni.StringBuilderAndBufferTest"/>
  <testcase name="testBuilderAppend" time="0,000" classname="cviceni.StringBuilderAndBufferTest"/>
  <testcase name="testBufferAppendDelete" time="0,000" classname="cviceni.StringBuilderAndBufferTest"/>
  <testcase name="testBuilderAppendDelete" time="0,000" classname="cviceni.StringBuilderAndBufferTest"/>
  <testcase name="testBuilderAppend" time="0,001" classname="cviceni.StringBuilderAndBufferTest"/>
  <testcase name="testBuilderAppend" time="0,000" classname="cviceni.StringBuilderAndBufferTest"/>
  <testcase name="testBuilderAppend" time="0,000" classname="cviceni.StringBuilderAndBufferTest"/>
  <testcase name="testBuilderAppend" time="0,000" classname="cviceni.StringBuilderAndBufferTest"/>
  <testcase name="testBufferAppend" time="0,000" classname="cviceni.StringBuilderAndBufferTest"/>
  <testcase name="testBuilderAppendDelete" time="0,000" classname="cviceni.StringBuilderAndBufferTest"/>
  <testcase name="testBufferAppend" time="0,000" classname="cviceni.StringBuilderAndBufferTest"/>
  <testcase name="testBufferAppend" time="0,001" classname="cviceni.StringBuilderAndBufferTest"/>
  <testcase name="testBufferAppendDelete" time="0,000" classname="cviceni.StringBuilderAndBufferTest"/>
  <testcase name="testBuilderAppendDelete" time="0,000" classname="cviceni.StringBuilderAndBufferTest"/>
  <testcase name="testBuilderAppend" time="0,046" classname="cviceni.StringBuilderAndBufferTest"/>
  <testcase name="testBuilderAppend" time="0,000" classname="cviceni.StringBuilderAndBufferTest"/>
  <testcase name="testBuilderAppend" time="0,001" classname="cviceni.StringBuilderAndBufferTest"/>
  <testcase name="testBuilderAppendDelete" time="0,001" classname="cviceni.StringBuilderAndBufferTest"/>
  <testcase name="testBufferAppendDelete" time="0,000" classname="cviceni.StringBuilderAndBufferTest"/>
  <testcase name="testBuilderAppendDelete" time="0,001" classname="cviceni.StringBuilderAndBufferTest"/>
  <testcase name="testBufferAppend" time="0,000" classname="cviceni.StringBuilderAndBufferTest"/>
  <testcase name="testBufferAppend" time="0,000" classname="cviceni.StringBuilderAndBufferTest"/>
  <testcase name="testBufferAppend" time="0,001" classname="cviceni.StringBuilderAndBufferTest"/>
  <testcase name="testBufferAppend" time="0,001" classname="cviceni.StringBuilderAndBufferTest"/>
  <testcase name="testBuilderAppendDelete" time="0,000" classname="cviceni.StringBuilderAndBufferTest"/>
  <testcase name="testBufferAppend" time="0,001" classname="cviceni.StringBuilderAndBufferTest"/>
  <testcase name="testBufferAppendDelete" time="0,000" classname="cviceni.StringBuilderAndBufferTest"/>
  <testcase name="testBufferAppend" time="0,000" classname="cviceni.StringBuilderAndBufferTest"/>
  <testcase name="testBuilderAppend" time="0,000" classname="cviceni.StringBuilderAndBufferTest"/>
  <testcase name="testBufferAppend" time="0,001" classname="cviceni.StringBuilderAndBufferTest"/>
  <testcase name="testBufferAppendDelete" time="0,000" classname="cviceni.StringBuilderAndBufferTest"/>
  <testcase name="testBufferAppendDelete" time="0,000" classname="cviceni.StringBuilderAndBufferTest"/>
  <testcase name="testBufferAppendDelete" time="0,000" classname="cviceni.StringBuilderAndBufferTest"/>
  <testcase name="testBuilderAppend" time="0,046" classname="cviceni.StringBuilderAndBufferTest"/>
  <testcase name="testBuilderAppendDelete" time="0,000" classname="cviceni.StringBuilderAndBufferTest"/>
  <testcase name="testBuilderAppend" time="0,000" classname="cviceni.StringBuilderAndBufferTest"/>
  <testcase name="testBuilderAppend" time="0,000" classname="cviceni.StringBuilderAndBufferTest"/>
  <testcase name="testBuilderAppendDelete" time="0,000" classname="cviceni.StringBuilderAndBufferTest"/>
  <testcase name="testBuilderAppendDelete" time="0,000" classname="cviceni.StringBuilderAndBufferTest"/>
  <testcase name="testBufferAppend" time="0,000" classname="cviceni.StringBuilderAndBufferTest"/>
  <testcase name="testBufferAppend" time="0,000" classname="cviceni.StringBuilderAndBufferTest"/>
  <testcase name="testBuilderAppend" time="0,001" classname="cviceni.StringBuilderAndBufferTest"/>
  <testcase name="testBufferAppend" time="0,001" classname="cviceni.StringBuilderAndBufferTest"/>
  <testcase name="testBuilderAppend" time="0,000" classname="cviceni.StringBuilderAndBufferTest"/>
  <testcase name="testBufferAppend" time="0,000" classname="cviceni.StringBuilderAndBufferTest"/>
  <testcase name="testBufferAppendDelete" time="0,000" classname="cviceni.StringBuilderAndBufferTest"/>
  <testcase name="testBufferAppendDelete" time="0,000" classname="cviceni.StringBuilderAndBufferTest"/>
  <testcase name="testBuilderAppend" time="0,020" classname="cviceni.StringBuilderAndBufferTest"/>
  <testcase name="testBuilderAppendDelete" time="0,000" classname="cviceni.StringBuilderAndBufferTest"/>
  <testcase name="testBuilderAppend" time="0,001" classname="cviceni.StringBuilderAndBufferTest"/>
  <testcase name="testBufferAppendDelete" time="0,001" classname="cviceni.StringBuilderAndBufferTest"/>
  <testcase name="testBufferAppendDelete" time="0,000" classname="cviceni.StringBuilderAndBufferTest"/>
  <testcase name="testBufferAppendDelete" time="0,000" classname="cviceni.StringBuilderAndBufferTest"/>
  <testcase name="testBufferAppend" time="0,000" classname="cviceni.StringBuilderAndBufferTest"/>
  <testcase name="testBuilderAppend" time="0,000" classname="cviceni.StringBuilderAndBufferTest"/>
  <testcase name="testBuilderAppendDelete" time="0,000" classname="cviceni.StringBuilderAndBufferTest"/>
  <testcase name="testBuilderAppend" time="0,000" classname="cviceni.StringBuilderAndBufferTest"/>
  <testcase name="testBufferAppend" time="0,001" classname="cviceni.StringBuilderAndBufferTest"/>
  <testcase name="testBuilderAppend" time="0,000" classname="cviceni.StringBuilderAndBufferTest"/>
  <testcase name="testBuilderAppendDelete" time="0,000" classname="cviceni.StringBuilderAndBufferTest"/>
  <testcase name="testBufferAppendDelete" time="0,000" classname="cviceni.StringBuilderAndBufferTest"/>
  <testcase name="testBufferAppend" time="0,000" classname="cviceni.StringBuilderAndBufferTest"/>
  <testcase name="testBuilderAppend" time="0,001" classname="cviceni.StringBuilderAndBufferTest"/>
  <testcase name="testBuilderAppend" time="0,000" classname="cviceni.StringBuilderAndBufferTest"/>
  <testcase name="testBufferAppend" time="0,000" classname="cviceni.StringBuilderAndBufferTest"/>
  <testcase name="testBuilderAppend" time="0,000" classname="cviceni.StringBuilderAndBufferTest"/>
  <testcase name="testBuilderAppend" time="0,000" classname="cviceni.StringBuilderAndBufferTest"/>
  <testcase name="testBuilderAppend" time="0,000" classname="cviceni.StringBuilderAndBufferTest"/>
  <testcase name="testBuilderAppend" time="0,000" classname="cviceni.StringBuilderAndBufferTest"/>
  <testcase name="testBufferAppendDelete" time="0,001" classname="cviceni.StringBuilderAndBufferTest"/>
  <testcase name="testBufferAppend" time="0,000" classname="cviceni.StringBuilderAndBufferTest"/>
  <testcase name="testBufferAppend" time="0,000" classname="cviceni.StringBuilderAndBufferTest"/>
  <testcase name="testBufferAppendDelete" time="0,119" classname="cviceni.StringBuilderAndBufferTest"/>
  <testcase name="testBuilderAppend" time="0,001" classname="cviceni.StringBuilderAndBufferTest"/>
  <testcase name="testBuilderAppendDelete" time="0,000" classname="cviceni.StringBuilderAndBufferTest"/>
  <testcase name="testBuilderAppendDelete" time="0,000" classname="cviceni.StringBuilderAndBufferTest"/>
  <testcase name="testBufferAppend" time="0,000" classname="cviceni.StringBuilderAndBufferTest"/>
  <testcase name="testBufferAppendDelete" time="0,000" classname="cviceni.StringBuilderAndBufferTest"/>
  <testcase name="testBufferAppendDelete" time="0,000" classname="cviceni.StringBuilderAndBufferTest"/>
  <testcase name="testBuilderAppendDelete" time="0,000" classname="cviceni.StringBuilderAndBufferTest"/>
  <testcase name="testBufferAppend" time="0,000" classname="cviceni.StringBuilderAndBufferTest"/>
  <testcase name="testBuilderAppendDelete" time="0,000" classname="cviceni.StringBuilderAndBufferTest"/>
  <testcase name="testBufferAppend" time="0,192" classname="cviceni.StringBuilderAndBufferTest"/>
  <testcase name="testBuilderAppend" time="0,000" classname="cviceni.StringBuilderAndBufferTest"/>
  <testcase name="testBuilderAppendDelete" time="0,000" classname="cviceni.StringBuilderAndBufferTest"/>
  <testcase name="testBuilderAppendDelete" time="0,000" classname="cviceni.StringBuilderAndBufferTest"/>
  <testcase name="testBufferAppendDelete" time="0,000" classname="cviceni.StringBuilderAndBufferTest"/>
  <testcase name="testBufferAppend" time="0,000" classname="cviceni.StringBuilderAndBufferTest"/>
  <testcase name="testBuilderAppendDelete" time="0,000" classname="cviceni.StringBuilderAndBufferTest"/>
  <testcase name="testBufferAppendDelete" time="0,000" classname="cviceni.StringBuilderAndBufferTest"/>
  <testcase name="testBufferAppendDelete" time="0,000" classname="cviceni.StringBuilderAndBufferTest"/>
  <testcase name="testBufferAppend" time="0,000" classname="cviceni.StringBuilderAndBufferTest"/>
  <testcase name="testBufferAppend" time="0,000" classname="cviceni.StringBuilderAndBufferTest"/>
  <testcase name="testBuilderAppend" time="0,000" classname="cviceni.StringBuilderAndBufferTest"/>
  <testcase name="testBufferAppend" time="0,000" classname="cviceni.StringBuilderAndBufferTest"/>
  <testcase name="testBufferAppendDelete" time="0,000" classname="cviceni.StringBuilderAndBufferTest"/>
  <testcase name="testBufferAppendDelete" time="0,000" classname="cviceni.StringBuilderAndBufferTest"/>
  <testcase name="testBuilderAppend" time="0,001" classname="cviceni.StringBuilderAndBufferTest"/>
  <testcase name="testBuilderAppend" time="0,000" classname="cviceni.StringBuilderAndBufferTest"/>
  <testcase name="testBuilderAppend" time="0,001" classname="cviceni.StringBuilderAndBufferTest"/>
  <testcase name="testBuilderAppendDelete" time="0,000" classname="cviceni.StringBuilderAndBufferTest"/>
  <testcase name="testBuilderAppend" time="0,001" classname="cviceni.StringBuilderAndBufferTest"/>
  <testcase name="testBuilderAppend" time="0,000" classname="cviceni.StringBuilderAndBufferTest"/>
  <testcase name="testBufferAppend" time="0,000" classname="cviceni.StringBuilderAndBufferTest"/>
  <testcase name="testBufferAppend" time="0,000" classname="cviceni.StringBuilderAndBufferTest"/>
  <testcase name="testBufferAppend" time="0,001" classname="cviceni.StringBuilderAndBufferTest"/>
  <testcase name="testBuilderAppendDelete" time="0,000" classname="cviceni.StringBuilderAndBufferTest"/>
  <testcase name="testBuilderAppend" time="0,000" classname="cviceni.StringBuilderAndBufferTest"/>
  <testcase name="testBufferAppend" time="0,000" classname="cviceni.StringBuilderAndBufferTest"/>
  <testcase name="testBuilderAppend" time="0,000" classname="cviceni.StringBuilderAndBufferTest"/>
  <testcase name="testBufferAppend" time="0,000" classname="cviceni.StringBuilderAndBufferTest"/>
  <testcase name="testBuilderAppend" time="0,000" classname="cviceni.StringBuilderAndBufferTest"/>
  <testcase name="testBuilderAppendDelete" time="0,000" classname="cviceni.StringBuilderAndBufferTest"/>
  <testcase name="testBuilderAppend" time="0,016" classname="cviceni.StringBuilderAndBufferTest"/>
  <testcase name="testBufferAppend" time="0,001" classname="cviceni.StringBuilderAndBufferTest"/>
  <testcase name="testBuilderAppend" time="0,000" classname="cviceni.StringBuilderAndBufferTest"/>
  <testcase name="testBuilderAppend" time="0,000" classname="cviceni.StringBuilderAndBufferTest"/>
  <testcase name="testBufferAppend" time="0,000" classname="cviceni.StringBuilderAndBufferTest"/>
  <testcase name="testBufferAppend" time="0,000" classname="cviceni.StringBuilderAndBufferTest"/>
  <testcase name="testBufferAppend" time="0,001" classname="cviceni.StringBuilderAndBufferTest"/>
  <testcase name="testBufferAppendDelete" time="0,001" classname="cviceni.StringBuilderAndBufferTest"/>
  <testcase name="testBuilderAppend" time="0,000" classname="cviceni.StringBuilderAndBufferTest"/>
  <testcase name="testBufferAppend" time="0,001" classname="cviceni.StringBuilderAndBufferTest"/>
  <testcase name="testBuilderAppend" time="0,000" classname="cviceni.StringBuilderAndBufferTest"/>
  <testcase name="testBuilderAppend" time="0,001" classname="cviceni.StringBuilderAndBufferTest"/>
  <testcase name="testBuilderAppendDelete" time="0,000" classname="cviceni.StringBuilderAndBufferTest"/>
  <testcase name="testBufferAppend" time="0,000" classname="cviceni.StringBuilderAndBufferTest"/>
  <testcase name="testBuilderAppendDelete" time="0,000" classname="cviceni.StringBuilderAndBufferTest"/>
  <testcase name="testBufferAppendDelete" time="0,000" classname="cviceni.StringBuilderAndBufferTest"/>
  <testcase name="testBufferAppend" time="0,000" classname="cviceni.StringBuilderAndBufferTest"/>
  <testcase name="testBufferAppendDelete" time="0,000" classname="cviceni.StringBuilderAndBufferTest"/>
  <testcase name="testBufferAppendDelete" time="0,000" classname="cviceni.StringBuilderAndBufferTest"/>
  <testcase name="testBufferAppendDelete" time="0,001" classname="cviceni.StringBuilderAndBufferTest"/>
  <testcase name="testBuilderAppend" time="0,000" classname="cviceni.StringBuilderAndBufferTest"/>
  <testcase name="testBufferAppend" time="0,000" classname="cviceni.StringBuilderAndBufferTest"/>
  <testcase name="testBuilderAppend" time="0,001" classname="cviceni.StringBuilderAndBufferTest"/>
  <testcase name="testBuilderAppend" time="0,000" classname="cviceni.StringBuilderAndBufferTest"/>
  <testcase name="testBuilderAppend" time="0,000" classname="cviceni.StringBuilderAndBufferTest"/>
  <testcase name="testBuilderAppendDelete" time="0,000" classname="cviceni.StringBuilderAndBufferTest"/>
  <testcase name="testBufferAppendDelete" time="0,001" classname="cviceni.StringBuilderAndBufferTest"/>
  <testcase name="testBuilderAppend" time="0,001" classname="cviceni.StringBuilderAndBufferTest"/>
  <testcase name="testBuilderAppend" time="0,001" classname="cviceni.StringBuilderAndBufferTest"/>
  <testcase name="testBuilderAppend" time="0,000" classname="cviceni.StringBuilderAndBufferTest"/>
  <testcase name="testBuilderAppendDelete" time="0,000" classname="cviceni.StringBuilderAndBufferTest"/>
  <testcase name="testBufferAppendDelete" time="0,000" classname="cviceni.StringBuilderAndBufferTest"/>
  <testcase name="testBuilderAppend" time="0,041" classname="cviceni.StringBuilderAndBufferTest"/>
  <testcase name="testBuilderAppendDelete" time="0,001" classname="cviceni.StringBuilderAndBufferTest"/>
  <testcase name="testBuilderAppendDelete" time="0,000" classname="cviceni.StringBuilderAndBufferTest"/>
  <testcase name="testBufferAppendDelete" time="0,000" classname="cviceni.StringBuilderAndBufferTest"/>
  <testcase name="testBufferAppendDelete" time="0,001" classname="cviceni.StringBuilderAndBufferTest"/>
  <testcase name="testBuilderAppendDelete" time="0,000" classname="cviceni.StringBuilderAndBufferTest"/>
  <testcase name="testBufferAppend" time="0,001" classname="cviceni.StringBuilderAndBufferTest"/>
  <testcase name="testBufferAppend" time="0,001" classname="cviceni.StringBuilderAndBufferTest"/>
  <testcase name="testBuilderAppendDelete" time="0,001" classname="cviceni.StringBuilderAndBufferTest"/>
  <testcase name="testBufferAppendDelete" time="0,000" classname="cviceni.StringBuilderAndBufferTest"/>
  <testcase name="testBuilderAppendDelete" time="0,000" classname="cviceni.StringBuilderAndBufferTest"/>
  <testcase name="testBufferAppend" time="0,000" classname="cviceni.StringBuilderAndBufferTest"/>
  <testcase name="testBuilderAppendDelete" time="0,000" classname="cviceni.StringBuilderAndBufferTest"/>
  <testcase name="testBuilderAppendDelete" time="0,001" classname="cviceni.StringBuilderAndBufferTest"/>
  <testcase name="testBufferAppend" time="0,001" classname="cviceni.StringBuilderAndBufferTest"/>
  <testcase name="testBufferAppendDelete" time="0,001" classname="cviceni.StringBuilderAndBufferTest"/>
  <testcase name="testBufferAppend" time="0,000" classname="cviceni.StringBuilderAndBufferTest"/>
  <testcase name="testBufferAppend" time="0,001" classname="cviceni.StringBuilderAndBufferTest"/>
  <testcase name="testBufferAppendDelete" time="0,000" classname="cviceni.StringBuilderAndBufferTest"/>
  <testcase name="testBuilderAppendDelete" time="0,000" classname="cviceni.StringBuilderAndBufferTest"/>
  <testcase name="testBufferAppendDelete" time="0,000" classname="cviceni.StringBuilderAndBufferTest"/>
  <testcase name="testBuilderAppend" time="0,001" classname="cviceni.StringBuilderAndBufferTest"/>
  <testcase name="testBufferAppendDelete" time="0,001" classname="cviceni.StringBuilderAndBufferTest"/>
  <testcase name="testBuilderAppend" time="0,000" classname="cviceni.StringBuilderAndBufferTest"/>
  <testcase name="testBufferAppend" time="0,000" classname="cviceni.StringBuilderAndBufferTest"/>
  <testcase name="testBuilderAppendDelete" time="0,001" classname="cviceni.StringBuilderAndBufferTest"/>
  <testcase name="testBufferAppendDelete" time="0,001" classname="cviceni.StringBuilderAndBufferTest"/>
  <testcase name="testBuilderAppendDelete" time="0,001" classname="cviceni.StringBuilderAndBufferTest"/>
  <testcase name="testBuilderAppendDelete" time="0,000" classname="cviceni.StringBuilderAndBufferTest"/>
  <testcase name="testBufferAppend" time="0,000" classname="cviceni.StringBuilderAndBufferTest"/>
  <testcase name="testBuilderAppend" time="0,001" classname="cviceni.StringBuilderAndBufferTest"/>
  <testcase name="testBufferAppend" time="0,000" classname="cviceni.StringBuilderAndBufferTest"/>
  <testcase name="testBuilderAppend" time="0,000" classname="cviceni.StringBuilderAndBufferTest"/>
  <testcase name="testBuilderAppendDelete" time="0,000" classname="cviceni.StringBuilderAndBufferTest"/>
  <testcase name="testBufferAppendDelete" time="0,000" classname="cviceni.StringBuilderAndBufferTest"/>
  <testcase name="testBuilderAppendDelete" time="0,000" classname="cviceni.StringBuilderAndBufferTest"/>
  <testcase name="testBuilderAppend" time="0,001" classname="cviceni.StringBuilderAndBufferTest"/>
  <testcase name="testBuilderAppendDelete" time="0,001" classname="cviceni.StringBuilderAndBufferTest"/>
  <testcase name="testBuilderAppend" time="0,001" classname="cviceni.StringBuilderAndBufferTest"/>
  <testcase name="testBufferAppend" time="0,001" classname="cviceni.StringBuilderAndBufferTest"/>
  <testcase name="testBufferAppendDelete" time="0,001" classname="cviceni.StringBuilderAndBufferTest"/>
  <testcase name="testBufferAppendDelete" time="0,000" classname="cviceni.StringBuilderAndBufferTest"/>
  <testcase name="testBuilderAppend" time="0,001" classname="cviceni.StringBuilderAndBufferTest"/>
  <testcase name="testBuilderAppend" time="0,000" classname="cviceni.StringBuilderAndBufferTest"/>
  <testcase name="testBufferAppend" time="0,000" classname="cviceni.StringBuilderAndBufferTest"/>
  <testcase name="testBufferAppend" time="0,000" classname="cviceni.StringBuilderAndBufferTest"/>
  <testcase name="testBuilderAppend" time="0,001" classname="cviceni.StringBuilderAndBufferTest"/>
  <testcase name="testBufferAppendDelete" time="0,000" classname="cviceni.StringBuilderAndBufferTest"/>
  <testcase name="testBuilderAppendDelete" time="0,000" classname="cviceni.StringBuilderAndBufferTest"/>
  <testcase name="testBufferAppend" time="0,001" classname="cviceni.StringBuilderAndBufferTest"/>
  <testcase name="testBuilderAppend" time="0,001" classname="cviceni.StringBuilderAndBufferTest"/>
  <testcase name="testBuilderAppend" time="0,000" classname="cviceni.StringBuilderAndBufferTest"/>
  <testcase name="testBufferAppendDelete" time="0,000" classname="cviceni.StringBuilderAndBufferTest"/>
  <testcase name="testBufferAppend" time="0,000" classname="cviceni.StringBuilderAndBufferTest"/>
  <testcase name="testBufferAppendDelete" time="0,001" classname="cviceni.StringBuilderAndBufferTest"/>
  <testcase name="testBuilderAppend" time="0,001" classname="cviceni.StringBuilderAndBufferTest"/>
  <testcase name="testBuilderAppendDelete" time="0,001" classname="cviceni.StringBuilderAndBufferTest"/>
  <testcase name="testBuilderAppendDelete" time="0,000" classname="cviceni.StringBuilderAndBufferTest"/>
  <testcase name="testBuilderAppend" time="0,000" classname="cviceni.StringBuilderAndBufferTest"/>
  <testcase name="testBuilderAppendDelete" time="0,043" classname="cviceni.StringBuilderAndBufferTest"/>
  <testcase name="testBuilderAppendDelete" time="0,000" classname="cviceni.StringBuilderAndBufferTest"/>
  <testcase name="testBufferAppend" time="0,000" classname="cviceni.StringBuilderAndBufferTest"/>
  <testcase name="testBufferAppend" time="0,000" classname="cviceni.StringBuilderAndBufferTest"/>
  <testcase name="testBufferAppend" time="0,001" classname="cviceni.StringBuilderAndBufferTest"/>
  <testcase name="testBuilderAppendDelete" time="0,000" classname="cviceni.StringBuilderAndBufferTest"/>
  <testcase name="testBufferAppend" time="0,000" classname="cviceni.StringBuilderAndBufferTest"/>
  <testcase name="testBufferAppendDelete" time="0,000" classname="cviceni.StringBuilderAndBufferTest"/>
  <testcase name="testBufferAppendDelete" time="0,000" classname="cviceni.StringBuilderAndBufferTest"/>
  <testcase name="testBufferAppend" time="0,001" classname="cviceni.StringBuilderAndBufferTest"/>
  <testcase name="testBufferAppendDelete" time="0,000" classname="cviceni.StringBuilderAndBufferTest"/>
  <testcase name="testBufferAppendDelete" time="0,000" classname="cviceni.StringBuilderAndBufferTest"/>
  <testcase name="testBufferAppendDelete" time="0,000" classname="cviceni.StringBuilderAndBufferTest"/>
  <testcase name="testBuilderAppend" time="0,000" classname="cviceni.StringBuilderAndBufferTest"/>
  <testcase name="testBuilderAppendDelete" time="0,000" classname="cviceni.StringBuilderAndBufferTest"/>
  <testcase name="testBufferAppend" time="0,001" classname="cviceni.StringBuilderAndBufferTest"/>
  <testcase name="testBuilderAppendDelete" time="0,001" classname="cviceni.StringBuilderAndBufferTest"/>
  <testcase name="testBufferAppendDelete" time="0,000" classname="cviceni.StringBuilderAndBufferTest"/>
  <testcase name="testBufferAppend" time="0,000" classname="cviceni.StringBuilderAndBufferTest"/>
  <testcase name="testBufferAppend" time="0,000" classname="cviceni.StringBuilderAndBufferTest"/>
  <testcase name="testBufferAppendDelete" time="0,743" classname="cviceni.StringBuilderAndBufferTest"/>
  <testcase name="testBuilderAppend" time="0,000" classname="cviceni.StringBuilderAndBufferTest"/>
  <testcase name="testBufferAppend" time="0,000" classname="cviceni.StringBuilderAndBufferTest"/>
  <testcase name="testBuilderAppendDelete" time="0,000" classname="cviceni.StringBuilderAndBufferTest"/>
  <testcase name="testBuilderAppend" time="0,000" classname="cviceni.StringBuilderAndBufferTest"/>
  <testcase name="testBufferAppend" time="0,000" classname="cviceni.StringBuilderAndBufferTest"/>
  <testcase name="testBufferAppendDelete" time="0,000" classname="cviceni.StringBuilderAndBufferTest"/>
  <testcase name="testBuilderAppend" time="0,000" classname="cviceni.StringBuilderAndBufferTest"/>
  <testcase name="testBuilderAppendDelete" time="0,000" classname="cviceni.StringBuilderAndBufferTest"/>
  <testcase name="testBuilderAppend" time="0,148" classname="cviceni.StringBuilderAndBufferTest"/>
  <testcase name="testBuilderAppend" time="0,000" classname="cviceni.StringBuilderAndBufferTest"/>
  <testcase name="testBuilderAppendDelete" time="0,000" classname="cviceni.StringBuilderAndBufferTest"/>
  <testcase name="testBuilderAppendDelete" time="0,000" classname="cviceni.StringBuilderAndBufferTest"/>
  <testcase name="testBuilderAppendDelete" time="0,000" classname="cviceni.StringBuilderAndBufferTest"/>
  <testcase name="testBuilderAppend" time="0,001" classname="cviceni.StringBuilderAndBufferTest"/>
  <testcase name="testBufferAppend" time="0,001" classname="cviceni.StringBuilderAndBufferTest"/>
  <testcase name="testBufferAppend" time="0,000" classname="cviceni.StringBuilderAndBufferTest"/>
  <testcase name="testBuilderAppendDelete" time="0,001" classname="cviceni.StringBuilderAndBufferTest"/>
  <testcase name="testBufferAppend" time="0,001" classname="cviceni.StringBuilderAndBufferTest"/>
  <testcase name="testBufferAppendDelete" time="0,000" classname="cviceni.StringBuilderAndBufferTest"/>
  <testcase name="testBufferAppendDelete" time="0,000" classname="cviceni.StringBuilderAndBufferTest"/>
  <testcase name="testBufferAppendDelete" time="0,001" classname="cviceni.StringBuilderAndBufferTest"/>
  <testcase name="testBufferAppend" time="0,001" classname="cviceni.StringBuilderAndBufferTest"/>
  <testcase name="testBufferAppendDelete" time="0,000" classname="cviceni.StringBuilderAndBufferTest"/>
  <testcase name="testBuilderAppendDelete" time="0,000" classname="cviceni.StringBuilderAndBufferTest"/>
  <testcase name="testBufferAppend" time="0,000" classname="cviceni.StringBuilderAndBufferTest"/>
  <testcase name="testBuilderAppend" time="0,000" classname="cviceni.StringBuilderAndBufferTest"/>
  <testcase name="testBuilderAppend" time="0,010" classname="cviceni.StringBuilderAndBufferTest"/>
  <testcase name="testBufferAppend" time="0,001" classname="cviceni.StringBuilderAndBufferTest"/>
  <testcase name="testBufferAppend" time="0,000" classname="cviceni.StringBuilderAndBufferTest"/>
  <testcase name="testBuilderAppend" time="0,000" classname="cviceni.StringBuilderAndBufferTest"/>
  <testcase name="testBuilderAppend" time="0,000" classname="cviceni.StringBuilderAndBufferTest"/>
  <testcase name="testBuilderAppendDelete" time="0,000" classname="cviceni.StringBuilderAndBufferTest"/>
  <testcase name="testBuilderAppendDelete" time="0,000" classname="cviceni.StringBuilderAndBufferTest"/>
  <testcase name="testBufferAppendDelete" time="0,000" classname="cviceni.StringBuilderAndBufferTest"/>
  <testcase name="testBufferAppend" time="0,000" classname="cviceni.StringBuilderAndBufferTest"/>
  <testcase name="testBuilderAppendDelete" time="0,000" classname="cviceni.StringBuilderAndBufferTest"/>
  <testcase name="testBufferAppendDelete" time="0,000" classname="cviceni.StringBuilderAndBufferTest"/>
  <testcase name="testBuilderAppendDelete" time="0,000" classname="cviceni.StringBuilderAndBufferTest"/>
  <testcase name="testBuilderAppend" time="0,001" classname="cviceni.StringBuilderAndBufferTest"/>
  <testcase name="testBufferAppendDelete" time="0,000" classname="cviceni.StringBuilderAndBufferTest"/>
  <testcase name="testBufferAppendDelete" time="0,000" classname="cviceni.StringBuilderAndBufferTest"/>
  <testcase name="testBuilderAppend" time="0,000" classname="cviceni.StringBuilderAndBufferTest"/>
  <testcase name="testBufferAppend" time="0,000" classname="cviceni.StringBuilderAndBufferTest"/>
  <testcase name="testBuilderAppend" time="0,000" classname="cviceni.StringBuilderAndBufferTest"/>
  <testcase name="testBufferAppendDelete" time="0,000" classname="cviceni.StringBuilderAndBufferTest"/>
  <testcase name="testBufferAppendDelete" time="0,000" classname="cviceni.StringBuilderAndBufferTest"/>
  <testcase name="testBufferAppend" time="0,001" classname="cviceni.StringBuilderAndBufferTest"/>
  <testcase name="testBufferAppendDelete" time="0,001" classname="cviceni.StringBuilderAndBufferTest"/>
  <testcase name="testBufferAppendDelete" time="0,000" classname="cviceni.StringBuilderAndBufferTest"/>
  <testcase name="testBufferAppend" time="0,000" classname="cviceni.StringBuilderAndBufferTest"/>
  <testcase name="testBufferAppendDelete" time="0,001" classname="cviceni.StringBuilderAndBufferTest"/>
  <testcase name="testBuilderAppend" time="0,001" classname="cviceni.StringBuilderAndBufferTest"/>
  <testcase name="testBuilderAppend" time="0,001" classname="cviceni.StringBuilderAndBufferTest"/>
  <testcase name="testBufferAppendDelete" time="0,000" classname="cviceni.StringBuilderAndBufferTest"/>
  <testcase name="testBufferAppend" time="0,001" classname="cviceni.StringBuilderAndBufferTest"/>
  <testcase name="testBufferAppendDelete" time="0,001" classname="cviceni.StringBuilderAndBufferTest"/>
  <testcase name="testBufferAppend" time="0,000" classname="cviceni.StringBuilderAndBufferTest"/>
  <testcase name="testBufferAppendDelete" time="0,000" classname="cviceni.StringBuilderAndBufferTest"/>
  <testcase name="testBuilderAppend" time="0,001" classname="cviceni.StringBuilderAndBufferTest"/>
  <testcase name="testBufferAppendDelete" time="0,000" classname="cviceni.StringBuilderAndBufferTest"/>
  <testcase name="testBufferAppend" time="0,000" classname="cviceni.StringBuilderAndBufferTest"/>
  <testcase name="testBuilderAppendDelete" time="0,000" classname="cviceni.StringBuilderAndBufferTest"/>
  <testcase name="testBuilderAppendDelete" time="0,000" classname="cviceni.StringBuilderAndBufferTest"/>
  <testcase name="testBufferAppendDelete" time="0,001" classname="cviceni.StringBuilderAndBufferTest"/>
  <testcase name="testBufferAppend" time="0,000" classname="cviceni.StringBuilderAndBufferTest"/>
  <testcase name="testBufferAppendDelete" time="0,001" classname="cviceni.StringBuilderAndBufferTest"/>
  <testcase name="testBuilderAppendDelete" time="0,000" classname="cviceni.StringBuilderAndBufferTest"/>
  <testcase name="testBufferAppendDelete" time="0,000" classname="cviceni.StringBuilderAndBufferTest"/>
  <testcase name="testBuilderAppendDelete" time="0,001" classname="cviceni.StringBuilderAndBufferTest"/>
  <testcase name="testBuilderAppendDelete" time="0,000" classname="cviceni.StringBuilderAndBufferTest"/>
  <testcase name="testBuilderAppend" time="0,000" classname="cviceni.StringBuilderAndBufferTest"/>
  <testcase name="testBufferAppend" time="0,000" classname="cviceni.StringBuilderAndBufferTest"/>
  <testcase name="testBuilderAppend" time="0,001" classname="cviceni.StringBuilderAndBufferTest"/>
  <testcase name="testBuilderAppend" time="0,001" classname="cviceni.StringBuilderAndBufferTest"/>
  <testcase name="testBuilderAppendDelete" time="0,001" classname="cviceni.StringBuilderAndBufferTest"/>
  <testcase name="testBuilderAppend" time="0,000" classname="cviceni.StringBuilderAndBufferTest"/>
  <testcase name="testBufferAppendDelete" time="0,001" classname="cviceni.StringBuilderAndBufferTest"/>
  <testcase name="testBuilderAppend" time="0,000" classname="cviceni.StringBuilderAndBufferTest"/>
  <testcase name="testBuilderAppendDelete" time="0,000" classname="cviceni.StringBuilderAndBufferTest"/>
  <testcase name="testBuilderAppendDelete" time="0,000" classname="cviceni.StringBuilderAndBufferTest"/>
  <testcase name="testBuilderAppend" time="0,001" classname="cviceni.StringBuilderAndBufferTest"/>
  <testcase name="testBufferAppend" time="0,000" classname="cviceni.StringBuilderAndBufferTest"/>
  <testcase name="testBuilderAppendDelete" time="0,000" classname="cviceni.StringBuilderAndBufferTest"/>
  <testcase name="testBufferAppendDelete" time="0,000" classname="cviceni.StringBuilderAndBufferTest"/>
  <testcase name="testBufferAppend" time="0,000" classname="cviceni.StringBuilderAndBufferTest"/>
  <testcase name="testBuilderAppend" time="0,000" classname="cviceni.StringBuilderAndBufferTest"/>
  <testcase name="testBufferAppendDelete" time="0,000" classname="cviceni.StringBuilderAndBufferTest"/>
  <testcase name="testBuilderAppend" time="0,000" classname="cviceni.StringBuilderAndBufferTest"/>
  <testcase name="testBufferAppendDelete" time="0,000" classname="cviceni.StringBuilderAndBufferTest"/>
  <testcase name="testBufferAppend" time="0,000" classname="cviceni.StringBuilderAndBufferTest"/>
  <testcase name="testBuilderAppend" time="0,000" classname="cviceni.StringBuilderAndBufferTest"/>
  <testcase name="testBuilderAppendDelete" time="0,000" classname="cviceni.StringBuilderAndBufferTest"/>
  <testcase name="testBuilderAppendDelete" time="0,015" classname="cviceni.StringBuilderAndBufferTest"/>
  <testcase name="testBuilderAppendDelete" time="0,000" classname="cviceni.StringBuilderAndBufferTest"/>
  <testcase name="testBufferAppendDelete" time="0,000" classname="cviceni.StringBuilderAndBufferTest"/>
  <testcase name="testBuilderAppend" time="0,000" classname="cviceni.StringBuilderAndBufferTest"/>
  <testcase name="testBufferAppend" time="0,001" classname="cviceni.StringBuilderAndBufferTest"/>
  <testcase name="testBufferAppend" time="0,000" classname="cviceni.StringBuilderAndBufferTest"/>
  <testcase name="testBufferAppendDelete" time="0,001" classname="cviceni.StringBuilderAndBufferTest"/>
  <testcase name="testBuilderAppendDelete" time="0,000" classname="cviceni.StringBuilderAndBufferTest"/>
  <testcase name="testBufferAppendDelete" time="0,000" classname="cviceni.StringBuilderAndBufferTest"/>
  <testcase name="testBufferAppend" time="0,115" classname="cviceni.StringBuilderAndBufferTest"/>
  <testcase name="testBufferAppendDelete" time="0,001" classname="cviceni.StringBuilderAndBufferTest"/>
  <testcase name="testBufferAppend" time="0,000" classname="cviceni.StringBuilderAndBufferTest"/>
  <testcase name="testBufferAppendDelete" time="0,000" classname="cviceni.StringBuilderAndBufferTest"/>
  <testcase name="testBuilderAppendDelete" time="0,000" classname="cviceni.StringBuilderAndBufferTest"/>
  <testcase name="testBuilderAppendDelete" time="0,001" classname="cviceni.StringBuilderAndBufferTest"/>
  <testcase name="testBufferAppend" time="0,001" classname="cviceni.StringBuilderAndBufferTest"/>
  <testcase name="testBuilderAppendDelete" time="0,000" classname="cviceni.StringBuilderAndBufferTest"/>
  <testcase name="testBuilderAppendDelete" time="0,001" classname="cviceni.StringBuilderAndBufferTest"/>
  <testcase name="testBuilderAppendDelete" time="0,000" classname="cviceni.StringBuilderAndBufferTest"/>
  <testcase name="testBuilderAppendDelete" time="0,000" classname="cviceni.StringBuilderAndBufferTest"/>
  <testcase name="testBufferAppend" time="0,001" classname="cviceni.StringBuilderAndBufferTest"/>
  <testcase name="testBuilderAppendDelete" time="0,000" classname="cviceni.StringBuilderAndBufferTest"/>
  <testcase name="testBufferAppendDelete" time="0,000" classname="cviceni.StringBuilderAndBufferTest"/>
  <testcase name="testBufferAppendDelete" time="0,000" classname="cviceni.StringBuilderAndBufferTest"/>
  <testcase name="testBuilderAppendDelete" time="0,000" classname="cviceni.StringBuilderAndBufferTest"/>
  <testcase name="testBuilderAppend" time="0,001" classname="cviceni.StringBuilderAndBufferTest"/>
  <testcase name="testBuilderAppendDelete" time="0,000" classname="cviceni.StringBuilderAndBufferTest"/>
  <testcase name="testBuilderAppendDelete" time="0,000" classname="cviceni.StringBuilderAndBufferTest"/>
  <testcase name="testBufferAppendDelete" time="0,000" classname="cviceni.StringBuilderAndBufferTest"/>
  <testcase name="testBuilderAppendDelete" time="0,000" classname="cviceni.StringBuilderAndBufferTest"/>
  <testcase name="testBufferAppendDelete" time="0,000" classname="cviceni.StringBuilderAndBufferTest"/>
  <testcase name="testBuilderAppend" time="0,000" classname="cviceni.StringBuilderAndBufferTest"/>
  <testcase name="testBuilderAppendDelete" time="0,000" classname="cviceni.StringBuilderAndBufferTest"/>
  <testcase name="testBuilderAppend" time="0,000" classname="cviceni.StringBuilderAndBufferTest"/>
  <testcase name="testBuilderAppendDelete" time="0,000" classname="cviceni.StringBuilderAndBufferTest"/>
  <testcase name="testBufferAppend" time="0,000" classname="cviceni.StringBuilderAndBufferTest"/>
  <testcase name="testBuilderAppend" time="0,000" classname="cviceni.StringBuilderAndBufferTest"/>
  <testcase name="testBufferAppendDelete" time="0,000" classname="cviceni.StringBuilderAndBufferTest"/>
  <testcase name="testBuilderAppend" time="0,000" classname="cviceni.StringBuilderAndBufferTest"/>
  <testcase name="testBufferAppend" time="0,000" classname="cviceni.StringBuilderAndBufferTest"/>
  <testcase name="testBufferAppend" time="0,000" classname="cviceni.StringBuilderAndBufferTest"/>
  <testcase name="testBuilderAppend" time="0,000" classname="cviceni.StringBuilderAndBufferTest"/>
  <testcase name="testBufferAppend" time="0,001" classname="cviceni.StringBuilderAndBufferTest"/>
  <testcase name="testBuilderAppend" time="0,000" classname="cviceni.StringBuilderAndBufferTest"/>
  <testcase name="testBufferAppendDelete" time="0,000" classname="cviceni.StringBuilderAndBufferTest"/>
  <testcase name="testBuilderAppendDelete" time="0,000" classname="cviceni.StringBuilderAndBufferTest"/>
  <testcase name="testBufferAppendDelete" time="0,000" classname="cviceni.StringBuilderAndBufferTest"/>
  <testcase name="testBuilderAppendDelete" time="0,000" classname="cviceni.StringBuilderAndBufferTest"/>
  <testcase name="testBuilderAppend" time="0,000" classname="cviceni.StringBuilderAndBufferTest"/>
  <testcase name="testBufferAppend" time="0,000" classname="cviceni.StringBuilderAndBufferTest"/>
  <testcase name="testBufferAppend" time="0,000" classname="cviceni.StringBuilderAndBufferTest"/>
  <testcase name="testBufferAppendDelete" time="0,000" classname="cviceni.StringBuilderAndBufferTest"/>
  <testcase name="testBuilderAppend" time="0,000" classname="cviceni.StringBuilderAndBufferTest"/>
  <testcase name="testBuilderAppend" time="0,000" classname="cviceni.StringBuilderAndBufferTest"/>
  <testcase name="testBuilderAppend" time="0,000" classname="cviceni.StringBuilderAndBufferTest"/>
  <testcase name="testBufferAppend" time="0,001" classname="cviceni.StringBuilderAndBufferTest"/>
  <testcase name="testBufferAppendDelete" time="0,001" classname="cviceni.StringBuilderAndBufferTest"/>
  <testcase name="testBuilderAppend" time="0,000" classname="cviceni.StringBuilderAndBufferTest"/>
  <testcase name="testBufferAppendDelete" time="0,000" classname="cviceni.StringBuilderAndBufferTest"/>
  <testcase name="testBufferAppend" time="0,000" classname="cviceni.StringBuilderAndBufferTest"/>
  <testcase name="testBufferAppendDelete" time="0,001" classname="cviceni.StringBuilderAndBufferTest"/>
  <testcase name="testBufferAppend" time="0,000" classname="cviceni.StringBuilderAndBufferTest"/>
  <testcase name="testBuilderAppend" time="0,000" classname="cviceni.StringBuilderAndBufferTest"/>
  <testcase name="testBufferAppendDelete" time="0,000" classname="cviceni.StringBuilderAndBufferTest"/>
  <testcase name="testBufferAppend" time="0,000" classname="cviceni.StringBuilderAndBufferTest"/>
  <testcase name="testBufferAppendDelete" time="0,000" classname="cviceni.StringBuilderAndBufferTest"/>
  <testcase name="testBuilderAppendDelete" time="0,000" classname="cviceni.StringBuilderAndBufferTest"/>
  <testcase name="testBuilderAppend" time="0,001" classname="cviceni.StringBuilderAndBufferTest"/>
  <testcase name="testBufferAppend" time="0,001" classname="cviceni.StringBuilderAndBufferTest"/>
  <testcase name="testBufferAppend" time="0,000" classname="cviceni.StringBuilderAndBufferTest"/>
  <testcase name="testBufferAppend" time="0,001" classname="cviceni.StringBuilderAndBufferTest"/>
  <testcase name="testBuilderAppendDelete" time="0,000" classname="cviceni.StringBuilderAndBufferTest"/>
  <testcase name="testBufferAppend" time="0,001" classname="cviceni.StringBuilderAndBufferTest"/>
  <testcase name="testBuilderAppendDelete" time="0,000" classname="cviceni.StringBuilderAndBufferTest"/>
  <testcase name="testBuilderAppendDelete" time="0,000" classname="cviceni.StringBuilderAndBufferTest"/>
  <testcase name="testBuilderAppend" time="0,000" classname="cviceni.StringBuilderAndBufferTest"/>
  <testcase name="testBufferAppend" time="0,000" classname="cviceni.StringBuilderAndBufferTest"/>
  <testcase name="testBufferAppendDelete" time="0,000" classname="cviceni.StringBuilderAndBufferTest"/>
  <testcase name="testBufferAppend" time="0,000" classname="cviceni.StringBuilderAndBufferTest"/>
  <testcase name="testBuilderAppend" time="0,000" classname="cviceni.StringBuilderAndBufferTest"/>
  <testcase name="testBufferAppendDelete" time="0,000" classname="cviceni.StringBuilderAndBufferTest"/>
  <testcase name="testBufferAppendDelete" time="0,001" classname="cviceni.StringBuilderAndBufferTest"/>
  <testcase name="testBuilderAppend" time="0,000" classname="cviceni.StringBuilderAndBufferTest"/>
  <testcase name="testBuilderAppendDelete" time="0,000" classname="cviceni.StringBuilderAndBufferTest"/>
  <testcase name="testBuilderAppendDelete" time="0,001" classname="cviceni.StringBuilderAndBufferTest"/>
  <testcase name="testBuilderAppendDelete" time="0,000" classname="cviceni.StringBuilderAndBufferTest"/>
  <testcase name="testBuilderAppendDelete" time="0,000" classname="cviceni.StringBuilderAndBufferTest"/>
  <testcase name="testBufferAppendDelete" time="0,000" classname="cviceni.StringBuilderAndBufferTest"/>
  <testcase name="testBufferAppendDelete" time="0,000" classname="cviceni.StringBuilderAndBufferTest"/>
  <testcase name="testBufferAppend" time="0,000" classname="cviceni.StringBuilderAndBufferTest"/>
  <testcase name="testBuilderAppend" time="0,000" classname="cviceni.StringBuilderAndBufferTest"/>
  <testcase name="testBuilderAppend" time="0,000" classname="cviceni.StringBuilderAndBufferTest"/>
  <testcase name="testBufferAppendDelete" time="0,000" classname="cviceni.StringBuilderAndBufferTest"/>
  <testcase name="testBuilderAppendDelete" time="0,001" classname="cviceni.StringBuilderAndBufferTest"/>
  <testcase name="testBufferAppendDelete" time="0,000" classname="cviceni.StringBuilderAndBufferTest"/>
  <testcase name="testBuilderAppend" time="0,000" classname="cviceni.StringBuilderAndBufferTest"/>
  <testcase name="testBuilderAppendDelete" time="0,000" classname="cviceni.StringBuilderAndBufferTest"/>
  <testcase name="testBufferAppend" time="0,000" classname="cviceni.StringBuilderAndBufferTest"/>
  <testcase name="testBufferAppend" time="0,000" classname="cviceni.StringBuilderAndBufferTest"/>
  <testcase name="testBufferAppendDelete" time="0,000" classname="cviceni.StringBuilderAndBufferTest"/>
  <testcase name="testBuilderAppend" time="0,000" classname="cviceni.StringBuilderAndBufferTest"/>
  <testcase name="testBuilderAppend" time="0,000" classname="cviceni.StringBuilderAndBufferTest"/>
  <testcase name="testBuilderAppend" time="0,001" classname="cviceni.StringBuilderAndBufferTest"/>
  <testcase name="testBufferAppendDelete" time="0,001" classname="cviceni.StringBuilderAndBufferTest"/>
  <testcase name="testBuilderAppendDelete" time="0,000" classname="cviceni.StringBuilderAndBufferTest"/>
  <testcase name="testBuilderAppend" time="0,000" classname="cviceni.StringBuilderAndBufferTest"/>
  <testcase name="testBuilderAppend" time="0,000" classname="cviceni.StringBuilderAndBufferTest"/>
  <testcase name="testBufferAppendDelete" time="0,000" classname="cviceni.StringBuilderAndBufferTest"/>
  <testcase name="testBufferAppend" time="0,000" classname="cviceni.StringBuilderAndBufferTest"/>
  <testcase name="testBufferAppendDelete" time="0,000" classname="cviceni.StringBuilderAndBufferTest"/>
  <testcase name="testBuilderAppend" time="0,001" classname="cviceni.StringBuilderAndBufferTest"/>
  <testcase name="testBufferAppendDelete" time="0,000" classname="cviceni.StringBuilderAndBufferTest"/>
  <testcase name="testBuilderAppend" time="0,000" classname="cviceni.StringBuilderAndBufferTest"/>
  <testcase name="testBuilderAppend" time="0,001" classname="cviceni.StringBuilderAndBufferTest"/>
  <testcase name="testBufferAppendDelete" time="0,000" classname="cviceni.StringBuilderAndBufferTest"/>
  <testcase name="testBuilderAppendDelete" time="0,001" classname="cviceni.StringBuilderAndBufferTest"/>
  <testcase name="testBufferAppendDelete" time="0,000" classname="cviceni.StringBuilderAndBufferTest"/>
  <testcase name="testBufferAppendDelete" time="0,000" classname="cviceni.StringBuilderAndBufferTest"/>
  <testcase name="testBufferAppendDelete" time="0,000" classname="cviceni.StringBuilderAndBufferTest"/>
  <testcase name="testBuilderAppend" time="0,000" classname="cviceni.StringBuilderAndBufferTest"/>
  <testcase name="testBuilderAppendDelete" time="0,000" classname="cviceni.StringBuilderAndBufferTest"/>
  <testcase name="testBufferAppend" time="0,000" classname="cviceni.StringBuilderAndBufferTest"/>
  <testcase name="testBufferAppendDelete" time="0,001" classname="cviceni.StringBuilderAndBufferTest"/>
  <testcase name="testBuilderAppendDelete" time="0,000" classname="cviceni.StringBuilderAndBufferTest"/>
  <testcase name="testBuilderAppendDelete" time="0,000" classname="cviceni.StringBuilderAndBufferTest"/>
  <testcase name="testBuilderAppend" time="0,001" classname="cviceni.StringBuilderAndBufferTest"/>
  <testcase name="testBuilderAppendDelete" time="0,000" classname="cviceni.StringBuilderAndBufferTest"/>
  <testcase name="testBufferAppendDelete" time="0,000" classname="cviceni.StringBuilderAndBufferTest"/>
  <testcase name="testBuilderAppend" time="0,000" classname="cviceni.StringBuilderAndBufferTest"/>
  <testcase name="testBuilderAppendDelete" time="0,000" classname="cviceni.StringBuilderAndBufferTest"/>
  <testcase name="testBuilderAppendDelete" time="0,000" classname="cviceni.StringBuilderAndBufferTest"/>
  <testcase name="testBuilderAppend" time="0,000" classname="cviceni.StringBuilderAndBufferTest"/>
  <testcase name="testBuilderAppend" time="0,000" classname="cviceni.StringBuilderAndBufferTest"/>
  <testcase name="testBuilderAppendDelete" time="0,000" classname="cviceni.StringBuilderAndBufferTest"/>
  <testcase name="testBuilderAppend" time="0,000" classname="cviceni.StringBuilderAndBufferTest"/>
  <testcase name="testBuilderAppendDelete" time="0,000" classname="cviceni.StringBuilderAndBufferTest"/>
  <testcase name="testBufferAppend" time="0,000" classname="cviceni.StringBuilderAndBufferTest"/>
  <testcase name="testBuilderAppendDelete" time="0,000" classname="cviceni.StringBuilderAndBufferTest"/>
  <testcase name="testBufferAppend" time="0,000" classname="cviceni.StringBuilderAndBufferTest"/>
  <testcase name="testBuilderAppend" time="0,000" classname="cviceni.StringBuilderAndBufferTest"/>
  <testcase name="testBuilderAppend" time="0,000" classname="cviceni.StringBuilderAndBufferTest"/>
  <testcase name="testBufferAppendDelete" time="0,000" classname="cviceni.StringBuilderAndBufferTest"/>
  <testcase name="testBuilderAppend" time="0,000" classname="cviceni.StringBuilderAndBufferTest"/>
  <testcase name="testBufferAppendDelete" time="0,001" classname="cviceni.StringBuilderAndBufferTest"/>
  <testcase name="testBuilderAppend" time="0,000" classname="cviceni.StringBuilderAndBufferTest"/>
  <testcase name="testBuilderAppend" time="0,000" classname="cviceni.StringBuilderAndBufferTest"/>
  <testcase name="testBuilderAppendDelete" time="0,000" classname="cviceni.StringBuilderAndBufferTest"/>
  <testcase name="testBufferAppend" time="0,000" classname="cviceni.StringBuilderAndBufferTest"/>
  <testcase name="testBufferAppendDelete" time="0,001" classname="cviceni.StringBuilderAndBufferTest"/>
  <testcase name="testBuilderAppendDelete" time="0,000" classname="cviceni.StringBuilderAndBufferTest"/>
  <testcase name="testBufferAppendDelete" time="0,000" classname="cviceni.StringBuilderAndBufferTest"/>
  <testcase name="testBufferAppend" time="0,000" classname="cviceni.StringBuilderAndBufferTest"/>
  <testcase name="testBufferAppend" time="0,001" classname="cviceni.StringBuilderAndBufferTest"/>
  <testcase name="testBuilderAppend" time="0,000" classname="cviceni.StringBuilderAndBufferTest"/>
  <testcase name="testBuilderAppend" time="0,000" classname="cviceni.StringBuilderAndBufferTest"/>
  <testcase name="testBuilderAppendDelete" time="0,000" classname="cviceni.StringBuilderAndBufferTest"/>
  <testcase name="testBuilderAppend" time="0,000" classname="cviceni.StringBuilderAndBufferTest"/>
  <testcase name="testBuilderAppend" time="0,000" classname="cviceni.StringBuilderAndBufferTest"/>
  <testcase name="testBufferAppendDelete" time="0,000" classname="cviceni.StringBuilderAndBufferTest"/>
  <testcase name="testBuilderAppendDelete" time="0,000" classname="cviceni.StringBuilderAndBufferTest"/>
  <testcase name="testBufferAppendDelete" time="0,001" classname="cviceni.StringBuilderAndBufferTest"/>
  <testcase name="testBufferAppendDelete" time="0,000" classname="cviceni.StringBuilderAndBufferTest"/>
  <testcase name="testBufferAppendDelete" time="0,001" classname="cviceni.StringBuilderAndBufferTest"/>
  <testcase name="testBufferAppendDelete" time="0,000" classname="cviceni.StringBuilderAndBufferTest"/>
  <testcase name="testBufferAppend" time="0,000" classname="cviceni.StringBuilderAndBufferTest"/>
  <testcase name="testBuilderAppendDelete" time="0,000" classname="cviceni.StringBuilderAndBufferTest"/>
  <testcase name="testBuilderAppend" time="0,001" classname="cviceni.StringBuilderAndBufferTest"/>
  <testcase name="testBuilderAppend" time="0,001" classname="cviceni.StringBuilderAndBufferTest"/>
  <testcase name="testBuilderAppendDelete" time="0,001" classname="cviceni.StringBuilderAndBufferTest"/>
  <testcase name="testBufferAppendDelete" time="0,000" classname="cviceni.StringBuilderAndBufferTest"/>
  <testcase name="testBuilderAppend" time="0,000" classname="cviceni.StringBuilderAndBufferTest"/>
  <testcase name="testBuilderAppend" time="0,000" classname="cviceni.StringBuilderAndBufferTest"/>
  <testcase name="testBuilderAppendDelete" time="0,000" classname="cviceni.StringBuilderAndBufferTest"/>
  <testcase name="testBufferAppendDelete" time="0,000" classname="cviceni.StringBuilderAndBufferTest"/>
  <testcase name="testBuilderAppend" time="0,000" classname="cviceni.StringBuilderAndBufferTest"/>
  <testcase name="testBuilderAppendDelete" time="0,001" classname="cviceni.StringBuilderAndBufferTest"/>
  <testcase name="testBufferAppendDelete" time="0,000" classname="cviceni.StringBuilderAndBufferTest"/>
  <testcase name="testBuilderAppend" time="0,000" classname="cviceni.StringBuilderAndBufferTest"/>
  <testcase name="testBufferAppend" time="0,000" classname="cviceni.StringBuilderAndBufferTest"/>
  <testcase name="testBufferAppend" time="0,000" classname="cviceni.StringBuilderAndBufferTest"/>
  <testcase name="testBufferAppendDelete" time="0,000" classname="cviceni.StringBuilderAndBufferTest"/>
  <testcase name="testBuilderAppend" time="0,000" classname="cviceni.StringBuilderAndBufferTest"/>
  <testcase name="testBuilderAppend" time="0,001" classname="cviceni.StringBuilderAndBufferTest"/>
  <testcase name="testBufferAppendDelete" time="0,010" classname="cviceni.StringBuilderAndBufferTest"/>
  <testcase name="testBuilderAppendDelete" time="0,000" classname="cviceni.StringBuilderAndBufferTest"/>
  <testcase name="testBufferAppend" time="0,001" classname="cviceni.StringBuilderAndBufferTest"/>
  <testcase name="testBuilderAppendDelete" time="0,000" classname="cviceni.StringBuilderAndBufferTest"/>
  <testcase name="testBufferAppendDelete" time="0,000" classname="cviceni.StringBuilderAndBufferTest"/>
  <testcase name="testBufferAppend" time="0,000" classname="cviceni.StringBuilderAndBufferTest"/>
  <testcase name="testBuilderAppendDelete" time="0,001" classname="cviceni.StringBuilderAndBufferTest"/>
  <testcase name="testBuilderAppendDelete" time="0,021" classname="cviceni.StringBuilderAndBufferTest"/>
  <testcase name="testBuilderAppendDelete" time="0,000" classname="cviceni.StringBuilderAndBufferTest"/>
  <testcase name="testBuilderAppend" time="0,000" classname="cviceni.StringBuilderAndBufferTest"/>
  <testcase name="testBufferAppend" time="0,000" classname="cviceni.StringBuilderAndBufferTest"/>
  <testcase name="testBufferAppendDelete" time="0,000" classname="cviceni.StringBuilderAndBufferTest"/>
  <testcase name="testBufferAppend" time="0,001" classname="cviceni.StringBuilderAndBufferTest"/>
  <testcase name="testBuilderAppend" time="0,001" classname="cviceni.StringBuilderAndBufferTest"/>
  <testcase name="testBufferAppendDelete" time="0,000" classname="cviceni.StringBuilderAndBufferTest"/>
  <testcase name="testBuilderAppendDelete" time="0,000" classname="cviceni.StringBuilderAndBufferTest"/>
  <testcase name="testBuilderAppendDelete" time="0,001" classname="cviceni.StringBuilderAndBufferTest"/>
  <testcase name="testBuilderAppendDelete" time="0,000" classname="cviceni.StringBuilderAndBufferTest"/>
  <testcase name="testBuilderAppendDelete" time="0,000" classname="cviceni.StringBuilderAndBufferTest"/>
  <testcase name="testBuilderAppend" time="0,001" classname="cviceni.StringBuilderAndBufferTest"/>
  <testcase name="testBufferAppend" time="0,001" classname="cviceni.StringBuilderAndBufferTest"/>
  <testcase name="testBuilderAppendDelete" time="0,000" classname="cviceni.StringBuilderAndBufferTest"/>
  <testcase name="testBuilderAppend" time="0,001" classname="cviceni.StringBuilderAndBufferTest"/>
  <testcase name="testBuilderAppend" time="0,000" classname="cviceni.StringBuilderAndBufferTest"/>
  <testcase name="testBufferAppend" time="0,000" classname="cviceni.StringBuilderAndBufferTest"/>
  <testcase name="testBuilderAppend" time="0,000" classname="cviceni.StringBuilderAndBufferTest"/>
  <testcase name="testBufferAppend" time="0,000" classname="cviceni.StringBuilderAndBufferTest"/>
  <testcase name="testBufferAppend" time="0,000" classname="cviceni.StringBuilderAndBufferTest"/>
  <testcase name="testBufferAppendDelete" time="0,000" classname="cviceni.StringBuilderAndBufferTest"/>
  <testcase name="testBuilderAppendDelete" time="0,000" classname="cviceni.StringBuilderAndBufferTest"/>
  <testcase name="testBufferAppend" time="0,000" classname="cviceni.StringBuilderAndBufferTest"/>
  <testcase name="testBuilderAppendDelete" time="0,000" classname="cviceni.StringBuilderAndBufferTest"/>
  <testcase name="testBuilderAppend" time="0,000" classname="cviceni.StringBuilderAndBufferTest"/>
  <testcase name="testBuilderAppendDelete" time="0,000" classname="cviceni.StringBuilderAndBufferTest"/>
  <testcase name="testBufferAppendDelete" time="0,000" classname="cviceni.StringBuilderAndBufferTest"/>
  <testcase name="testBuilderAppendDelete" time="0,001" classname="cviceni.StringBuilderAndBufferTest"/>
  <testcase name="testBuilderAppend" time="0,000" classname="cviceni.StringBuilderAndBufferTest"/>
  <testcase name="testBufferAppendDelete" time="0,001" classname="cviceni.StringBuilderAndBufferTest"/>
  <testcase name="testBuilderAppend" time="0,000" classname="cviceni.StringBuilderAndBufferTest"/>
  <testcase name="testBufferAppend" time="0,000" classname="cviceni.StringBuilderAndBufferTest"/>
  <testcase name="testBufferAppendDelete" time="0,000" classname="cviceni.StringBuilderAndBufferTest"/>
  <testcase name="testBuilderAppendDelete" time="0,000" classname="cviceni.StringBuilderAndBufferTest"/>
  <testcase name="testBufferAppend" time="0,000" classname="cviceni.StringBuilderAndBufferTest"/>
  <testcase name="testBuilderAppendDelete" time="0,000" classname="cviceni.StringBuilderAndBufferTest"/>
  <testcase name="testBuilderAppend" time="0,013" classname="cviceni.StringBuilderAndBufferTest"/>
  <testcase name="testBuilderAppend" time="0,000" classname="cviceni.StringBuilderAndBufferTest"/>
  <testcase name="testBufferAppend" time="0,000" classname="cviceni.StringBuilderAndBufferTest"/>
  <testcase name="testBufferAppendDelete" time="0,000" classname="cviceni.StringBuilderAndBufferTest"/>
  <testcase name="testBuilderAppendDelete" time="0,000" classname="cviceni.StringBuilderAndBufferTest"/>
  <testcase name="testBufferAppend" time="0,000" classname="cviceni.StringBuilderAndBufferTest"/>
  <testcase name="testBufferAppend" time="0,001" classname="cviceni.StringBuilderAndBufferTest"/>
  <testcase name="testBuilderAppend" time="0,000" classname="cviceni.StringBuilderAndBufferTest"/>
  <testcase name="testBuilderAppendDelete" time="0,001" classname="cviceni.StringBuilderAndBufferTest"/>
  <testcase name="testBufferAppend" time="0,000" classname="cviceni.StringBuilderAndBufferTest"/>
  <testcase name="testBufferAppend" time="0,000" classname="cviceni.StringBuilderAndBufferTest"/>
  <testcase name="testBuilderAppendDelete" time="0,000" classname="cviceni.StringBuilderAndBufferTest"/>
  <testcase name="testBufferAppend" time="0,000" classname="cviceni.StringBuilderAndBufferTest"/>
  <testcase name="testBufferAppendDelete" time="0,000" classname="cviceni.StringBuilderAndBufferTest"/>
  <testcase name="testBufferAppend" time="0,000" classname="cviceni.StringBuilderAndBufferTest"/>
  <testcase name="testBuilderAppendDelete" time="0,000" classname="cviceni.StringBuilderAndBufferTest"/>
  <testcase name="testBufferAppendDelete" time="0,000" classname="cviceni.StringBuilderAndBufferTest"/>
  <testcase name="testBuilderAppendDelete" time="0,000" classname="cviceni.StringBuilderAndBufferTest"/>
  <testcase name="testBufferAppend" time="0,000" classname="cviceni.StringBuilderAndBufferTest"/>
  <testcase name="testBuilderAppend" time="0,000" classname="cviceni.StringBuilderAndBufferTest"/>
  <testcase name="testBufferAppend" time="0,000" classname="cviceni.StringBuilderAndBufferTest"/>
  <testcase name="testBuilderAppend" time="0,000" classname="cviceni.StringBuilderAndBufferTest"/>
  <testcase name="testBufferAppendDelete" time="0,001" classname="cviceni.StringBuilderAndBufferTest"/>
  <testcase name="testBuilderAppend" time="0,000" classname="cviceni.StringBuilderAndBufferTest"/>
  <testcase name="testBufferAppend" time="0,000" classname="cviceni.StringBuilderAndBufferTest"/>
  <testcase name="testBufferAppendDelete" time="0,001" classname="cviceni.StringBuilderAndBufferTest"/>
  <testcase name="testBuilderAppendDelete" time="0,000" classname="cviceni.StringBuilderAndBufferTest"/>
  <testcase name="testBuilderAppendDelete" time="0,000" classname="cviceni.StringBuilderAndBufferTest"/>
  <testcase name="testBuilderAppendDelete" time="0,000" classname="cviceni.StringBuilderAndBufferTest"/>
  <testcase name="testBufferAppendDelete" time="0,000" classname="cviceni.StringBuilderAndBufferTest"/>
  <testcase name="testBufferAppendDelete" time="0,000" classname="cviceni.StringBuilderAndBufferTest"/>
  <testcase name="testBuilderAppend" time="0,000" classname="cviceni.StringBuilderAndBufferTest"/>
  <testcase name="testBufferAppendDelete" time="0,001" classname="cviceni.StringBuilderAndBufferTest"/>
  <testcase name="testBufferAppendDelete" time="0,000" classname="cviceni.StringBuilderAndBufferTest"/>
  <testcase name="testBufferAppend" time="0,000" classname="cviceni.StringBuilderAndBufferTest"/>
  <testcase name="testBuilderAppend" time="0,001" classname="cviceni.StringBuilderAndBufferTest"/>
  <testcase name="testBufferAppendDelete" time="0,000" classname="cviceni.StringBuilderAndBufferTest"/>
  <testcase name="testBufferAppend" time="0,000" classname="cviceni.StringBuilderAndBufferTest"/>
  <testcase name="testBuilderAppend" time="0,018" classname="cviceni.StringBuilderAndBufferTest"/>
  <testcase name="testBuilderAppendDelete" time="0,000" classname="cviceni.StringBuilderAndBufferTest"/>
  <testcase name="testBuilderAppendDelete" time="0,000" classname="cviceni.StringBuilderAndBufferTest"/>
  <testcase name="testBuilderAppend" time="0,000" classname="cviceni.StringBuilderAndBufferTest"/>
  <testcase name="testBuilderAppendDelete" time="0,016" classname="cviceni.StringBuilderAndBufferTest"/>
  <testcase name="testBuilderAppendDelete" time="0,001" classname="cviceni.StringBuilderAndBufferTest"/>
  <testcase name="testBufferAppendDelete" time="0,001" classname="cviceni.StringBuilderAndBufferTest"/>
  <testcase name="testBufferAppend" time="0,000" classname="cviceni.StringBuilderAndBufferTest"/>
  <testcase name="testBuilderAppend" time="0,001" classname="cviceni.StringBuilderAndBufferTest"/>
  <testcase name="testBuilderAppendDelete" time="0,000" classname="cviceni.StringBuilderAndBufferTest"/>
  <testcase name="testBuilderAppend" time="0,000" classname="cviceni.StringBuilderAndBufferTest"/>
  <testcase name="testBuilderAppendDelete" time="0,000" classname="cviceni.StringBuilderAndBufferTest"/>
  <testcase name="testBuilderAppendDelete" time="0,000" classname="cviceni.StringBuilderAndBufferTest"/>
  <testcase name="testBufferAppendDelete" time="0,000" classname="cviceni.StringBuilderAndBufferTest"/>
  <testcase name="testBuilderAppendDelete" time="0,000" classname="cviceni.StringBuilderAndBufferTest"/>
  <testcase name="testBufferAppendDelete" time="0,001" classname="cviceni.StringBuilderAndBufferTest"/>
  <testcase name="testBuilderAppendDelete" time="0,000" classname="cviceni.StringBuilderAndBufferTest"/>
  <testcase name="testBuilderAppendDelete" time="0,000" classname="cviceni.StringBuilderAndBufferTest"/>
  <testcase name="testBuilderAppendDelete" time="0,000" classname="cviceni.StringBuilderAndBufferTest"/>
  <testcase name="testBufferAppendDelete" time="0,001" classname="cviceni.StringBuilderAndBufferTest"/>
  <testcase name="testBuilderAppend" time="0,000" classname="cviceni.StringBuilderAndBufferTest"/>
  <testcase name="testBufferAppend" time="0,001" classname="cviceni.StringBuilderAndBufferTest"/>
  <testcase name="testBuilderAppend" time="0,001" classname="cviceni.StringBuilderAndBufferTest"/>
  <testcase name="testBufferAppendDelete" time="0,000" classname="cviceni.StringBuilderAndBufferTest"/>
  <testcase name="testBufferAppendDelete" time="0,000" classname="cviceni.StringBuilderAndBufferTest"/>
  <testcase name="testBufferAppendDelete" time="0,000" classname="cviceni.StringBuilderAndBufferTest"/>
  <testcase name="testBuilderAppendDelete" time="0,001" classname="cviceni.StringBuilderAndBufferTest"/>
  <testcase name="testBuilderAppendDelete" time="0,001" classname="cviceni.StringBuilderAndBufferTest"/>
  <testcase name="testBufferAppend" time="0,000" classname="cviceni.StringBuilderAndBufferTest"/>
  <testcase name="testBuilderAppendDelete" time="0,000" classname="cviceni.StringBuilderAndBufferTest"/>
  <testcase name="testBufferAppendDelete" time="0,000" classname="cviceni.StringBuilderAndBufferTest"/>
  <testcase name="testBufferAppendDelete" time="0,000" classname="cviceni.StringBuilderAndBufferTest"/>
  <testcase name="testBuilderAppendDelete" time="0,000" classname="cviceni.StringBuilderAndBufferTest"/>
  <testcase name="testBuilderAppendDelete" time="0,000" classname="cviceni.StringBuilderAndBufferTest"/>
  <testcase name="testBufferAppendDelete" time="0,001" classname="cviceni.StringBuilderAndBufferTest"/>
  <testcase name="testBufferAppend" time="0,000" classname="cviceni.StringBuilderAndBufferTest"/>
  <testcase name="testBufferAppendDelete" time="0,000" classname="cviceni.StringBuilderAndBufferTest"/>
  <testcase name="testBuilderAppendDelete" time="0,001" classname="cviceni.StringBuilderAndBufferTest"/>
  <testcase name="testBuilderAppendDelete" time="0,000" classname="cviceni.StringBuilderAndBufferTest"/>
  <testcase name="testBuilderAppendDelete" time="0,000" classname="cviceni.StringBuilderAndBufferTest"/>
  <testcase name="testBuilderAppendDelete" time="0,000" classname="cviceni.StringBuilderAndBufferTest"/>
  <testcase name="testBufferAppend" time="0,000" classname="cviceni.StringBuilderAndBufferTest"/>
  <testcase name="testBuilderAppendDelete" time="0,000" classname="cviceni.StringBuilderAndBufferTest"/>
  <testcase name="testBufferAppend" time="0,001" classname="cviceni.StringBuilderAndBufferTest"/>
  <testcase name="testBufferAppend" time="0,000" classname="cviceni.StringBuilderAndBufferTest"/>
  <testcase name="testBuilderAppend" time="0,001" classname="cviceni.StringBuilderAndBufferTest"/>
  <testcase name="testBufferAppendDelete" time="0,001" classname="cviceni.StringBuilderAndBufferTest"/>
  <testcase name="testBuilderAppend" time="0,000" classname="cviceni.StringBuilderAndBufferTest"/>
  <testcase name="testBuilderAppendDelete" time="0,001" classname="cviceni.StringBuilderAndBufferTest"/>
  <testcase name="testBufferAppend" time="0,000" classname="cviceni.StringBuilderAndBufferTest"/>
  <testcase name="testBufferAppendDelete" time="0,000" classname="cviceni.StringBuilderAndBufferTest"/>
  <testcase name="testBufferAppend" time="0,001" classname="cviceni.StringBuilderAndBufferTest"/>
  <testcase name="testBufferAppend" time="0,000" classname="cviceni.StringBuilderAndBufferTest"/>
  <testcase name="testBuilderAppendDelete" time="0,000" classname="cviceni.StringBuilderAndBufferTest"/>
  <testcase name="testBufferAppend" time="0,001" classname="cviceni.StringBuilderAndBufferTest"/>
  <testcase name="testBuilderAppendDelete" time="0,000" classname="cviceni.StringBuilderAndBufferTest"/>
  <testcase name="testBufferAppend" time="0,000" classname="cviceni.StringBuilderAndBufferTest"/>
  <testcase name="testBufferAppendDelete" time="0,000" classname="cviceni.StringBuilderAndBufferTest"/>
  <testcase name="testBuilderAppend" time="0,001" classname="cviceni.StringBuilderAndBufferTest"/>
  <testcase name="testBuilderAppendDelete" time="0,001" classname="cviceni.StringBuilderAndBufferTest"/>
  <testcase name="testBufferAppendDelete" time="0,000" classname="cviceni.StringBuilderAndBufferTest"/>
  <testcase name="testBuilderAppendDelete" time="0,000" classname="cviceni.StringBuilderAndBufferTest"/>
  <testcase name="testBufferAppend" time="0,000" classname="cviceni.StringBuilderAndBufferTest"/>
  <testcase name="testBufferAppend" time="0,000" classname="cviceni.StringBuilderAndBufferTest"/>
  <testcase name="testBuilderAppend" time="0,000" classname="cviceni.StringBuilderAndBufferTest"/>
  <testcase name="testBuilderAppendDelete" time="0,000" classname="cviceni.StringBuilderAndBufferTest"/>
  <testcase name="testBufferAppendDelete" time="0,001" classname="cviceni.StringBuilderAndBufferTest"/>
  <testcase name="testBufferAppendDelete" time="0,000" classname="cviceni.StringBuilderAndBufferTest"/>
  <testcase name="testBuilderAppend" time="0,000" classname="cviceni.StringBuilderAndBufferTest"/>
  <testcase name="testBufferAppend" time="0,000" classname="cviceni.StringBuilderAndBufferTest"/>
  <testcase name="testBuilderAppendDelete" time="0,000" classname="cviceni.StringBuilderAndBufferTest"/>
  <testcase name="testBuilderAppendDelete" time="0,000" classname="cviceni.StringBuilderAndBufferTest"/>
  <testcase name="testBuilderAppendDelete" time="0,000" classname="cviceni.StringBuilderAndBufferTest"/>
  <testcase name="testBuilderAppendDelete" time="0,089" classname="cviceni.StringBuilderAndBufferTest"/>
  <testcase name="testBuilderAppendDelete" time="0,001" classname="cviceni.StringBuilderAndBufferTest"/>
  <testcase name="testBuilderAppendDelete" time="0,001" classname="cviceni.StringBuilderAndBufferTest"/>
  <testcase name="testBufferAppend" time="0,000" classname="cviceni.StringBuilderAndBufferTest"/>
  <testcase name="testBufferAppend" time="0,084" classname="cviceni.StringBuilderAndBufferTest"/>
  <testcase name="testBuilderAppend" time="0,000" classname="cviceni.StringBuilderAndBufferTest"/>
  <testcase name="testBufferAppendDelete" time="0,001" classname="cviceni.StringBuilderAndBufferTest"/>
  <testcase name="testBuilderAppendDelete" time="0,000" classname="cviceni.StringBuilderAndBufferTest"/>
  <testcase name="testBufferAppendDelete" time="0,001" classname="cviceni.StringBuilderAndBufferTest"/>
  <testcase name="testBufferAppend" time="0,000" classname="cviceni.StringBuilderAndBufferTest"/>
  <testcase name="testBufferAppendDelete" time="0,000" classname="cviceni.StringBuilderAndBufferTest"/>
  <testcase name="testBufferAppend" time="0,000" classname="cviceni.StringBuilderAndBufferTest"/>
  <testcase name="testBuilderAppend" time="0,000" classname="cviceni.StringBuilderAndBufferTest"/>
  <testcase name="testBufferAppend" time="0,000" classname="cviceni.StringBuilderAndBufferTest"/>
  <testcase name="testBuilderAppendDelete" time="0,001" classname="cviceni.StringBuilderAndBufferTest"/>
  <testcase name="testBufferAppend" time="0,000" classname="cviceni.StringBuilderAndBufferTest"/>
  <testcase name="testBufferAppendDelete" time="0,000" classname="cviceni.StringBuilderAndBufferTest"/>
  <testcase name="testBuilderAppendDelete" time="0,000" classname="cviceni.StringBuilderAndBufferTest"/>
  <testcase name="testBufferAppend" time="0,000" classname="cviceni.StringBuilderAndBufferTest"/>
  <testcase name="testBufferAppendDelete" time="0,000" classname="cviceni.StringBuilderAndBufferTest"/>
  <testcase name="testBuilderAppend" time="0,000" classname="cviceni.StringBuilderAndBufferTest"/>
  <testcase name="testBuilderAppend" time="0,000" classname="cviceni.StringBuilderAndBufferTest"/>
  <testcase name="testBuilderAppendDelete" time="0,001" classname="cviceni.StringBuilderAndBufferTest"/>
  <testcase name="testBufferAppend" time="0,001" classname="cviceni.StringBuilderAndBufferTest"/>
  <testcase name="testBuilderAppend" time="0,000" classname="cviceni.StringBuilderAndBufferTest"/>
  <testcase name="testBufferAppend" time="0,000" classname="cviceni.StringBuilderAndBufferTest"/>
  <testcase name="testBuilderAppend" time="0,000" classname="cviceni.StringBuilderAndBufferTest"/>
  <testcase name="testBuilderAppendDelete" time="0,000" classname="cviceni.StringBuilderAndBufferTest"/>
  <testcase name="testBufferAppend" time="0,000" classname="cviceni.StringBuilderAndBufferTest"/>
  <testcase name="testBufferAppend" time="0,000" classname="cviceni.StringBuilderAndBufferTest"/>
  <testcase name="testBuilderAppendDelete" time="0,000" classname="cviceni.StringBuilderAndBufferTest"/>
  <testcase name="testBufferAppendDelete" time="0,000" classname="cviceni.StringBuilderAndBufferTest"/>
  <testcase name="testBufferAppendDelete" time="0,000" classname="cviceni.StringBuilderAndBufferTest"/>
  <testcase name="testBuilderAppend" time="0,000" classname="cviceni.StringBuilderAndBufferTest"/>
  <testcase name="testBuilderAppendDelete" time="0,000" classname="cviceni.StringBuilderAndBufferTest"/>
  <testcase name="testBuilderAppendDelete" time="0,000" classname="cviceni.StringBuilderAndBufferTest"/>
  <testcase name="testBuilderAppendDelete" time="0,000" classname="cviceni.StringBuilderAndBufferTest"/>
  <testcase name="testBufferAppend" time="0,000" classname="cviceni.StringBuilderAndBufferTest"/>
  <testcase name="testBufferAppend" time="0,000" classname="cviceni.StringBuilderAndBufferTest"/>
  <testcase name="testBuilderAppendDelete" time="0,001" classname="cviceni.StringBuilderAndBufferTest"/>
  <testcase name="testBufferAppend" time="0,000" classname="cviceni.StringBuilderAndBufferTest"/>
  <testcase name="testBuilderAppendDelete" time="0,000" classname="cviceni.StringBuilderAndBufferTest"/>
  <testcase name="testBufferAppendDelete" time="0,000" classname="cviceni.StringBuilderAndBufferTest"/>
  <testcase name="testBuilderAppendDelete" time="0,000" classname="cviceni.StringBuilderAndBufferTest"/>
  <testcase name="testBufferAppend" time="0,000" classname="cviceni.StringBuilderAndBufferTest"/>
  <testcase name="testBufferAppend" time="0,001" classname="cviceni.StringBuilderAndBufferTest"/>
  <testcase name="testBufferAppend" time="0,001" classname="cviceni.StringBuilderAndBufferTest"/>
  <testcase name="testBuilderAppend" time="0,000" classname="cviceni.StringBuilderAndBufferTest"/>
  <testcase name="testBuilderAppendDelete" time="0,000" classname="cviceni.StringBuilderAndBufferTest"/>
  <testcase name="testBuilderAppend" time="0,000" classname="cviceni.StringBuilderAndBufferTest"/>
  <testcase name="testBufferAppendDelete" time="0,001" classname="cviceni.StringBuilderAndBufferTest"/>
  <testcase name="testBuilderAppendDelete" time="0,000" classname="cviceni.StringBuilderAndBufferTest"/>
  <testcase name="testBuilderAppendDelete" time="0,001" classname="cviceni.StringBuilderAndBufferTest"/>
  <testcase name="testBufferAppendDelete" time="0,000" classname="cviceni.StringBuilderAndBufferTest"/>
  <testcase name="testBufferAppend" time="0,000" classname="cviceni.StringBuilderAndBufferTest"/>
  <testcase name="testBuilderAppend" time="0,000" classname="cviceni.StringBuilderAndBufferTest"/>
  <testcase name="testBuilderAppend" time="0,000" classname="cviceni.StringBuilderAndBufferTest"/>
  <testcase name="testBufferAppendDelete" time="0,001" classname="cviceni.StringBuilderAndBufferTest"/>
  <testcase name="testBuilderAppendDelete" time="0,000" classname="cviceni.StringBuilderAndBufferTest"/>
  <testcase name="testBufferAppendDelete" time="0,000" classname="cviceni.StringBuilderAndBufferTest"/>
  <testcase name="testBufferAppend" time="0,001" classname="cviceni.StringBuilderAndBufferTest"/>
  <testcase name="testBufferAppendDelete" time="0,000" classname="cviceni.StringBuilderAndBufferTest"/>
  <testcase name="testBuilderAppend" time="0,001" classname="cviceni.StringBuilderAndBufferTest"/>
  <testcase name="testBufferAppend" time="0,001" classname="cviceni.StringBuilderAndBufferTest"/>
  <testcase name="testBuilderAppend" time="0,000" classname="cviceni.StringBuilderAndBufferTest"/>
  <testcase name="testBuilderAppendDelete" time="0,001" classname="cviceni.StringBuilderAndBufferTest"/>
  <testcase name="testBufferAppend" time="0,001" classname="cviceni.StringBuilderAndBufferTest"/>
  <testcase name="testBufferAppend" time="0,001" classname="cviceni.StringBuilderAndBufferTest"/>
  <testcase name="testBufferAppend" time="0,000" classname="cviceni.StringBuilderAndBufferTest"/>
  <testcase name="testBuilderAppend" time="0,000" classname="cviceni.StringBuilderAndBufferTest"/>
  <testcase name="testBuilderAppend" time="0,001" classname="cviceni.StringBuilderAndBufferTest"/>
  <testcase name="testBufferAppendDelete" time="0,000" classname="cviceni.StringBuilderAndBufferTest"/>
  <testcase name="testBufferAppend" time="0,000" classname="cviceni.StringBuilderAndBufferTest"/>
  <testcase name="testBuilderAppend" time="0,000" classname="cviceni.StringBuilderAndBufferTest"/>
  <testcase name="testBufferAppend" time="0,000" classname="cviceni.StringBuilderAndBufferTest"/>
  <testcase name="testBuilderAppend" time="0,000" classname="cviceni.StringBuilderAndBufferTest"/>
  <testcase name="testBufferAppendDelete" time="0,000" classname="cviceni.StringBuilderAndBufferTest"/>
  <testcase name="testBufferAppend" time="0,000" classname="cviceni.StringBuilderAndBufferTest"/>
  <testcase name="testBufferAppendDelete" time="0,000" classname="cviceni.StringBuilderAndBufferTest"/>
  <testcase name="testBuilderAppend" time="0,000" classname="cviceni.StringBuilderAndBufferTest"/>
  <testcase name="testBuilderAppendDelete" time="0,000" classname="cviceni.StringBuilderAndBufferTest"/>
  <testcase name="testBuilderAppend" time="0,000" classname="cviceni.StringBuilderAndBufferTest"/>
  <testcase name="testBufferAppendDelete" time="0,000" classname="cviceni.StringBuilderAndBufferTest"/>
  <testcase name="testBufferAppend" time="0,000" classname="cviceni.StringBuilderAndBufferTest"/>
  <testcase name="testBuilderAppendDelete" time="0,000" classname="cviceni.StringBuilderAndBufferTest"/>
  <testcase name="testBufferAppendDelete" time="0,000" classname="cviceni.StringBuilderAndBufferTest"/>
  <testcase name="testBufferAppend" time="0,000" classname="cviceni.StringBuilderAndBufferTest"/>
  <testcase name="testBuilderAppendDelete" time="0,000" classname="cviceni.StringBuilderAndBufferTest"/>
  <testcase name="testBufferAppend" time="0,000" classname="cviceni.StringBuilderAndBufferTest"/>
  <testcase name="testBuilderAppendDelete" time="0,000" classname="cviceni.StringBuilderAndBufferTest"/>
  <testcase name="testBufferAppendDelete" time="0,000" classname="cviceni.StringBuilderAndBufferTest"/>
  <testcase name="testBuilderAppendDelete" time="0,001" classname="cviceni.StringBuilderAndBufferTest"/>
  <testcase name="testBuilderAppend" time="0,000" classname="cviceni.StringBuilderAndBufferTest"/>
  <testcase name="testBuilderAppend" time="0,000" classname="cviceni.StringBuilderAndBufferTest"/>
  <testcase name="testBufferAppendDelete" time="0,000" classname="cviceni.StringBuilderAndBufferTest"/>
  <testcase name="testBufferAppendDelete" time="0,000" classname="cviceni.StringBuilderAndBufferTest"/>
  <testcase name="testBufferAppendDelete" time="0,000" classname="cviceni.StringBuilderAndBufferTest"/>
  <testcase name="testBuilderAppendDelete" time="0,001" classname="cviceni.StringBuilderAndBufferTest"/>
  <testcase name="testBufferAppend" time="0,000" classname="cviceni.StringBuilderAndBufferTest"/>
  <testcase name="testBufferAppendDelete" time="0,000" classname="cviceni.StringBuilderAndBufferTest"/>
  <testcase name="testBuilderAppend" time="0,001" classname="cviceni.StringBuilderAndBufferTest"/>
  <testcase name="testBufferAppendDelete" time="0,001" classname="cviceni.StringBuilderAndBufferTest"/>
  <testcase name="testBuilderAppendDelete" time="0,001" classname="cviceni.StringBuilderAndBufferTest"/>
  <testcase name="testBuilderAppend" time="0,001" classname="cviceni.StringBuilderAndBufferTest"/>
  <testcase name="testBuilderAppendDelete" time="0,000" classname="cviceni.StringBuilderAndBufferTest"/>
  <testcase name="testBufferAppendDelete" time="0,000" classname="cviceni.StringBuilderAndBufferTest"/>
  <testcase name="testBuilderAppend" time="0,000" classname="cviceni.StringBuilderAndBufferTest"/>
  <testcase name="testBufferAppend" time="0,001" classname="cviceni.StringBuilderAndBufferTest"/>
  <testcase name="testBuilderAppendDelete" time="0,000" classname="cviceni.StringBuilderAndBufferTest"/>
  <testcase name="testBufferAppend" time="0,000" classname="cviceni.StringBuilderAndBufferTest"/>
  <testcase name="testBuilderAppend" time="0,000" classname="cviceni.StringBuilderAndBufferTest"/>
  <testcase name="testBufferAppendDelete" time="0,000" classname="cviceni.StringBuilderAndBufferTest"/>
  <testcase name="testBufferAppend" time="0,000" classname="cviceni.StringBuilderAndBufferTest"/>
  <testcase name="testBufferAppendDelete" time="0,000" classname="cviceni.StringBuilderAndBufferTest"/>
  <testcase name="testBufferAppend" time="0,000" classname="cviceni.StringBuilderAndBufferTest"/>
  <testcase name="testBuilderAppendDelete" time="0,000" classname="cviceni.StringBuilderAndBufferTest"/>
  <testcase name="testBufferAppendDelete" time="0,000" classname="cviceni.StringBuilderAndBufferTest"/>
  <testcase name="testBuilderAppend" time="0,000" classname="cviceni.StringBuilderAndBufferTest"/>
  <testcase name="testBufferAppendDelete" time="0,000" classname="cviceni.StringBuilderAndBufferTest"/>
  <testcase name="testBuilderAppendDelete" time="0,001" classname="cviceni.StringBuilderAndBufferTest"/>
  <testcase name="testBuilderAppendDelete" time="0,000" classname="cviceni.StringBuilderAndBufferTest"/>
  <testcase name="testBufferAppend" time="0,000" classname="cviceni.StringBuilderAndBufferTest"/>
  <testcase name="testBuilderAppend" time="0,001" classname="cviceni.StringBuilderAndBufferTest"/>
  <testcase name="testBufferAppendDelete" time="0,000" classname="cviceni.StringBuilderAndBufferTest"/>
  <testcase name="testBufferAppendDelete" time="0,001" classname="cviceni.StringBuilderAndBufferTest"/>
  <testcase name="testBufferAppend" time="0,000" classname="cviceni.StringBuilderAndBufferTest"/>
  <testcase name="testBufferAppend" time="0,001" classname="cviceni.StringBuilderAndBufferTest"/>
  <testcase name="testBuilderAppendDelete" time="0,000" classname="cviceni.StringBuilderAndBufferTest"/>
  <testcase name="testBufferAppend" time="0,000" classname="cviceni.StringBuilderAndBufferTest"/>
  <testcase name="testBufferAppend" time="0,000" classname="cviceni.StringBuilderAndBufferTest"/>
  <testcase name="testBuilderAppend" time="0,000" classname="cviceni.StringBuilderAndBufferTest"/>
  <testcase name="testBuilderAppendDelete" time="0,000" classname="cviceni.StringBuilderAndBufferTest"/>
  <testcase name="testBuilderAppend" time="0,000" classname="cviceni.StringBuilderAndBufferTest"/>
  <testcase name="testBufferAppend" time="0,001" classname="cviceni.StringBuilderAndBufferTest"/>
  <testcase name="testBuilderAppendDelete" time="0,001" classname="cviceni.StringBuilderAndBufferTest"/>
  <testcase name="testBufferAppendDelete" time="0,000" classname="cviceni.StringBuilderAndBufferTest"/>
  <testcase name="testBuilderAppendDelete" time="0,000" classname="cviceni.StringBuilderAndBufferTest"/>
  <testcase name="testBuilderAppend" time="0,000" classname="cviceni.StringBuilderAndBufferTest"/>
  <testcase name="testBufferAppend" time="0,000" classname="cviceni.StringBuilderAndBufferTest"/>
  <testcase name="testBuilderAppendDelete" time="0,000" classname="cviceni.StringBuilderAndBufferTest"/>
  <testcase name="testBuilderAppendDelete" time="0,000" classname="cviceni.StringBuilderAndBufferTest"/>
  <testcase name="testBufferAppendDelete" time="0,000" classname="cviceni.StringBuilderAndBufferTest"/>
  <testcase name="testBufferAppendDelete" time="0,000" classname="cviceni.StringBuilderAndBufferTest"/>
  <testcase name="testBuilderAppendDelete" time="0,000" classname="cviceni.StringBuilderAndBufferTest"/>
  <testcase name="testBuilderAppend" time="0,001" classname="cviceni.StringBuilderAndBufferTest"/>
  <testcase name="testBufferAppend" time="0,000" classname="cviceni.StringBuilderAndBufferTest"/>
  <testcase name="testBuilderAppendDelete" time="0,000" classname="cviceni.StringBuilderAndBufferTest"/>
  <testcase name="testBuilderAppendDelete" time="0,000" classname="cviceni.StringBuilderAndBufferTest"/>
  <testcase name="testBuilderAppend" time="0,000" classname="cviceni.StringBuilderAndBufferTest"/>
  <testcase name="testBufferAppendDelete" time="0,000" classname="cviceni.StringBuilderAndBufferTest"/>
  <testcase name="testBuilderAppendDelete" time="0,000" classname="cviceni.StringBuilderAndBufferTest"/>
  <testcase name="testBuilderAppend" time="0,000" classname="cviceni.StringBuilderAndBufferTest"/>
  <testcase name="testBufferAppendDelete" time="0,000" classname="cviceni.StringBuilderAndBufferTest"/>
  <testcase name="testBuilderAppend" time="0,000" classname="cviceni.StringBuilderAndBufferTest"/>
  <testcase name="testBufferAppendDelete" time="0,475" classname="cviceni.StringBuilderAndBufferTest"/>
  <testcase name="testBufferAppendDelete" time="0,000" classname="cviceni.StringBuilderAndBufferTest"/>
  <testcase name="testBuilderAppend" time="0,000" classname="cviceni.StringBuilderAndBufferTest"/>
  <testcase name="testBuilderAppend" time="0,000" classname="cviceni.StringBuilderAndBufferTest"/>
  <testcase name="testBufferAppend" time="0,001" classname="cviceni.StringBuilderAndBufferTest"/>
  <testcase name="testBufferAppend" time="0,000" classname="cviceni.StringBuilderAndBufferTest"/>
  <testcase name="testBufferAppend" time="0,000" classname="cviceni.StringBuilderAndBufferTest"/>
  <testcase name="testBuilderAppend" time="0,000" classname="cviceni.StringBuilderAndBufferTest"/>
  <testcase name="testBuilderAppend" time="0,000" classname="cviceni.StringBuilderAndBufferTest"/>
  <testcase name="testBuilderAppendDelete" time="0,000" classname="cviceni.StringBuilderAndBufferTest"/>
  <testcase name="testBuilderAppendDelete" time="0,000" classname="cviceni.StringBuilderAndBufferTest"/>
  <testcase name="testBuilderAppend" time="0,000" classname="cviceni.StringBuilderAndBufferTest"/>
  <testcase name="testBuilderAppendDelete" time="0,001" classname="cviceni.StringBuilderAndBufferTest"/>
  <testcase name="testBuilderAppend" time="0,000" classname="cviceni.StringBuilderAndBufferTest"/>
  <testcase name="testBuilderAppend" time="0,000" classname="cviceni.StringBuilderAndBufferTest"/>
  <testcase name="testBufferAppend" time="0,000" classname="cviceni.StringBuilderAndBufferTest"/>
  <testcase name="testBuilderAppendDelete" time="0,000" classname="cviceni.StringBuilderAndBufferTest"/>
  <testcase name="testBuilderAppend" time="0,000" classname="cviceni.StringBuilderAndBufferTest"/>
  <testcase name="testBuilderAppendDelete" time="0,000" classname="cviceni.StringBuilderAndBufferTest"/>
  <testcase name="testBufferAppend" time="0,000" classname="cviceni.StringBuilderAndBufferTest"/>
  <testcase name="testBufferAppendDelete" time="0,000" classname="cviceni.StringBuilderAndBufferTest"/>
  <testcase name="testBufferAppendDelete" time="0,000" classname="cviceni.StringBuilderAndBufferTest"/>
  <testcase name="testBuilderAppend" time="0,000" classname="cviceni.StringBuilderAndBufferTest"/>
  <testcase name="testBuilderAppend" time="0,001" classname="cviceni.StringBuilderAndBufferTest"/>
  <testcase name="testBufferAppendDelete" time="0,000" classname="cviceni.StringBuilderAndBufferTest"/>
  <testcase name="testBuilderAppend" time="0,000" classname="cviceni.StringBuilderAndBufferTest"/>
  <testcase name="testBuilderAppend" time="0,000" classname="cviceni.StringBuilderAndBufferTest"/>
  <testcase name="testBuilderAppendDelete" time="0,000" classname="cviceni.StringBuilderAndBufferTest"/>
  <testcase name="testBuilderAppendDelete" time="0,000" classname="cviceni.StringBuilderAndBufferTest"/>
  <testcase name="testBufferAppendDelete" time="0,000" classname="cviceni.StringBuilderAndBufferTest"/>
  <testcase name="testBuilderAppend" time="0,000" classname="cviceni.StringBuilderAndBufferTest"/>
  <testcase name="testBuilderAppendDelete" time="0,000" classname="cviceni.StringBuilderAndBufferTest"/>
  <testcase name="testBuilderAppend" time="0,001" classname="cviceni.StringBuilderAndBufferTest"/>
  <testcase name="testBuilderAppend" time="0,000" classname="cviceni.StringBuilderAndBufferTest"/>
  <testcase name="testBufferAppend" time="0,000" classname="cviceni.StringBuilderAndBufferTest"/>
  <testcase name="testBuilderAppend" time="0,000" classname="cviceni.StringBuilderAndBufferTest"/>
  <testcase name="testBufferAppendDelete" time="0,000" classname="cviceni.StringBuilderAndBufferTest"/>
  <testcase name="testBufferAppendDelete" time="0,000" classname="cviceni.StringBuilderAndBufferTest"/>
  <testcase name="testBufferAppendDelete" time="0,000" classname="cviceni.StringBuilderAndBufferTest"/>
  <testcase name="testBuilderAppendDelete" time="0,000" classname="cviceni.StringBuilderAndBufferTest"/>
  <testcase name="testBufferAppendDelete" time="0,000" classname="cviceni.StringBuilderAndBufferTest"/>
  <testcase name="testBufferAppend" time="0,000" classname="cviceni.StringBuilderAndBufferTest"/>
  <testcase name="testBuilderAppendDelete" time="0,000" classname="cviceni.StringBuilderAndBufferTest"/>
  <testcase name="testBuilderAppendDelete" time="0,000" classname="cviceni.StringBuilderAndBufferTest"/>
  <testcase name="testBuilderAppendDelete" time="0,000" classname="cviceni.StringBuilderAndBufferTest"/>
  <testcase name="testBuilderAppend" time="0,000" classname="cviceni.StringBuilderAndBufferTest"/>
  <testcase name="testBufferAppend" time="0,000" classname="cviceni.StringBuilderAndBufferTest"/>
  <testcase name="testBufferAppend" time="0,000" classname="cviceni.StringBuilderAndBufferTest"/>
  <testcase name="testBufferAppend" time="0,000" classname="cviceni.StringBuilderAndBufferTest"/>
  <testcase name="testBufferAppend" time="0,000" classname="cviceni.StringBuilderAndBufferTest"/>
  <testcase name="testBufferAppend" time="0,001" classname="cviceni.StringBuilderAndBufferTest"/>
  <testcase name="testBuilderAppendDelete" time="0,000" classname="cviceni.StringBuilderAndBufferTest"/>
  <testcase name="testBuilderAppend" time="0,000" classname="cviceni.StringBuilderAndBufferTest"/>
  <testcase name="testBufferAppendDelete" time="0,000" classname="cviceni.StringBuilderAndBufferTest"/>
  <testcase name="testBufferAppendDelete" time="0,001" classname="cviceni.StringBuilderAndBufferTest"/>
  <testcase name="testBuilderAppend" time="0,001" classname="cviceni.StringBuilderAndBufferTest"/>
  <testcase name="testBufferAppendDelete" time="0,000" classname="cviceni.StringBuilderAndBufferTest"/>
  <testcase name="testBuilderAppendDelete" time="0,000" classname="cviceni.StringBuilderAndBufferTest"/>
  <testcase name="testBuilderAppend" time="0,000" classname="cviceni.StringBuilderAndBufferTest"/>
  <testcase name="testBuilderAppend" time="0,000" classname="cviceni.StringBuilderAndBufferTest"/>
  <testcase name="testBufferAppend" time="0,000" classname="cviceni.StringBuilderAndBufferTest"/>
  <testcase name="testBufferAppendDelete" time="0,000" classname="cviceni.StringBuilderAndBufferTest"/>
  <testcase name="testBufferAppend" time="0,001" classname="cviceni.StringBuilderAndBufferTest"/>
  <testcase name="testBuilderAppendDelete" time="0,000" classname="cviceni.StringBuilderAndBufferTest"/>
  <testcase name="testBuilderAppendDelete" time="0,001" classname="cviceni.StringBuilderAndBufferTest"/>
  <testcase name="testBuilderAppend" time="0,001" classname="cviceni.StringBuilderAndBufferTest"/>
  <testcase name="testBufferAppendDelete" time="0,001" classname="cviceni.StringBuilderAndBufferTest"/>
  <testcase name="testBufferAppend" time="0,000" classname="cviceni.StringBuilderAndBufferTest"/>
  <testcase name="testBuilderAppendDelete" time="0,001" classname="cviceni.StringBuilderAndBufferTest"/>
  <testcase name="testBufferAppend" time="0,000" classname="cviceni.StringBuilderAndBufferTest"/>
  <testcase name="testBuilderAppend" time="0,000" classname="cviceni.StringBuilderAndBufferTest"/>
  <testcase name="testBuilderAppendDelete" time="0,001" classname="cviceni.StringBuilderAndBufferTest"/>
  <testcase name="testBufferAppendDelete" time="0,001" classname="cviceni.StringBuilderAndBufferTest"/>
  <testcase name="testBufferAppendDelete" time="0,001" classname="cviceni.StringBuilderAndBufferTest"/>
  <testcase name="testBuilderAppend" time="0,000" classname="cviceni.StringBuilderAndBufferTest"/>
  <testcase name="testBuilderAppend" time="0,000" classname="cviceni.StringBuilderAndBufferTest"/>
  <testcase name="testBufferAppendDelete" time="0,000" classname="cviceni.StringBuilderAndBufferTest"/>
  <testcase name="testBufferAppendDelete" time="0,000" classname="cviceni.StringBuilderAndBufferTest"/>
  <testcase name="testBuilderAppend" time="0,001" classname="cviceni.StringBuilderAndBufferTest"/>
  <testcase name="testBuilderAppend" time="0,123" classname="cviceni.StringBuilderAndBufferTest"/>
  <testcase name="testBufferAppendDelete" time="0,000" classname="cviceni.StringBuilderAndBufferTest"/>
  <testcase name="testBuilderAppend" time="0,000" classname="cviceni.StringBuilderAndBufferTest"/>
  <testcase name="testBufferAppendDelete" time="0,000" classname="cviceni.StringBuilderAndBufferTest"/>
  <testcase name="testBufferAppend" time="0,000" classname="cviceni.StringBuilderAndBufferTest"/>
  <testcase name="testBufferAppendDelete" time="0,000" classname="cviceni.StringBuilderAndBufferTest"/>
  <testcase name="testBufferAppendDelete" time="0,000" classname="cviceni.StringBuilderAndBufferTest"/>
  <testcase name="testBufferAppend" time="0,001" classname="cviceni.StringBuilderAndBufferTest"/>
  <testcase name="testBuilderAppend" time="0,000" classname="cviceni.StringBuilderAndBufferTest"/>
  <testcase name="testBufferAppendDelete" time="0,000" classname="cviceni.StringBuilderAndBufferTest"/>
  <testcase name="testBufferAppend" time="0,000" classname="cviceni.StringBuilderAndBufferTest"/>
  <testcase name="testBufferAppendDelete" time="0,000" classname="cviceni.StringBuilderAndBufferTest"/>
  <testcase name="testBufferAppend" time="0,002" classname="cviceni.StringBuilderAndBufferTest"/>
  <testcase name="testBufferAppendDelete" time="0,000" classname="cviceni.StringBuilderAndBufferTest"/>
  <testcase name="testBufferAppendDelete" time="0,000" classname="cviceni.StringBuilderAndBufferTest"/>
  <testcase name="testBuilderAppendDelete" time="0,000" classname="cviceni.StringBuilderAndBufferTest"/>
  <testcase name="testBuilderAppendDelete" time="0,001" classname="cviceni.StringBuilderAndBufferTest"/>
  <testcase name="testBufferAppend" time="0,000" classname="cviceni.StringBuilderAndBufferTest"/>
  <testcase name="testBufferAppendDelete" time="0,000" classname="cviceni.StringBuilderAndBufferTest"/>
  <testcase name="testBufferAppendDelete" time="0,000" classname="cviceni.StringBuilderAndBufferTest"/>
  <testcase name="testBufferAppendDelete" time="0,000" classname="cviceni.StringBuilderAndBufferTest"/>
  <testcase name="testBufferAppendDelete" time="0,001" classname="cviceni.StringBuilderAndBufferTest"/>
  <testcase name="testBufferAppendDelete" time="0,001" classname="cviceni.StringBuilderAndBufferTest"/>
  <testcase name="testBufferAppendDelete" time="0,000" classname="cviceni.StringBuilderAndBufferTest"/>
  <testcase name="testBufferAppendDelete" time="0,000" classname="cviceni.StringBuilderAndBufferTest"/>
  <testcase name="testBufferAppendDelete" time="0,001" classname="cviceni.StringBuilderAndBufferTest"/>
  <testcase name="testBuilderAppendDelete" time="0,000" classname="cviceni.StringBuilderAndBufferTest"/>
  <testcase name="testBuilderAppendDelete" time="0,000" classname="cviceni.StringBuilderAndBufferTest"/>
  <testcase name="testBuilderAppendDelete" time="0,000" classname="cviceni.StringBuilderAndBufferTest"/>
  <testcase name="testBufferAppend" time="0,026" classname="cviceni.StringBuilderAndBufferTest"/>
  <testcase name="testBufferAppend" time="0,000" classname="cviceni.StringBuilderAndBufferTest"/>
  <testcase name="testBuilderAppend" time="0,000" classname="cviceni.StringBuilderAndBufferTest"/>
  <testcase name="testBuilderAppend" time="0,014" classname="cviceni.StringBuilderAndBufferTest"/>
  <testcase name="testBuilderAppend" time="0,001" classname="cviceni.StringBuilderAndBufferTest"/>
  <testcase name="testBufferAppend" time="0,000" classname="cviceni.StringBuilderAndBufferTest"/>
  <testcase name="testBuilderAppendDelete" time="0,001" classname="cviceni.StringBuilderAndBufferTest"/>
  <testcase name="testBuilderAppend" time="0,001" classname="cviceni.StringBuilderAndBufferTest"/>
  <testcase name="testBuilderAppendDelete" time="0,000" classname="cviceni.StringBuilderAndBufferTest"/>
  <testcase name="testBuilderAppendDelete" time="0,000" classname="cviceni.StringBuilderAndBufferTest"/>
  <testcase name="testBuilderAppendDelete" time="0,000" classname="cviceni.StringBuilderAndBufferTest"/>
  <testcase name="testBufferAppendDelete" time="0,000" classname="cviceni.StringBuilderAndBufferTest"/>
  <testcase name="testBuilderAppend" time="0,000" classname="cviceni.StringBuilderAndBufferTest"/>
  <testcase name="testBufferAppend" time="0,000" classname="cviceni.StringBuilderAndBufferTest"/>
  <testcase name="testBuilderAppendDelete" time="0,021" classname="cviceni.StringBuilderAndBufferTest"/>
  <testcase name="testBufferAppend" time="0,000" classname="cviceni.StringBuilderAndBufferTest"/>
  <testcase name="testBufferAppendDelete" time="0,000" classname="cviceni.StringBuilderAndBufferTest"/>
  <testcase name="testBuilderAppend" time="0,000" classname="cviceni.StringBuilderAndBufferTest"/>
  <testcase name="testBufferAppendDelete" time="0,000" classname="cviceni.StringBuilderAndBufferTest"/>
  <testcase name="testBuilderAppendDelete" time="0,000" classname="cviceni.StringBuilderAndBufferTest"/>
  <testcase name="testBuilderAppend" time="0,000" classname="cviceni.StringBuilderAndBufferTest"/>
  <testcase name="testBufferAppend" time="0,001" classname="cviceni.StringBuilderAndBufferTest"/>
  <testcase name="testBufferAppendDelete" time="0,001" classname="cviceni.StringBuilderAndBufferTest"/>
  <testcase name="testBufferAppendDelete" time="0,000" classname="cviceni.StringBuilderAndBufferTest"/>
  <testcase name="testBuilderAppendDelete" time="0,001" classname="cviceni.StringBuilderAndBufferTest"/>
  <testcase name="testBuilderAppendDelete" time="0,001" classname="cviceni.StringBuilderAndBufferTest"/>
  <testcase name="testBufferAppend" time="0,000" classname="cviceni.StringBuilderAndBufferTest"/>
  <testcase name="testBuilderAppend" time="0,000" classname="cviceni.StringBuilderAndBufferTest"/>
  <testcase name="testBuilderAppend" time="0,001" classname="cviceni.StringBuilderAndBufferTest"/>
  <testcase name="testBuilderAppendDelete" time="0,000" classname="cviceni.StringBuilderAndBufferTest"/>
  <testcase name="testBuilderAppend" time="0,000" classname="cviceni.StringBuilderAndBufferTest"/>
  <testcase name="testBuilderAppendDelete" time="0,000" classname="cviceni.StringBuilderAndBufferTest"/>
  <testcase name="testBufferAppendDelete" time="0,000" classname="cviceni.StringBuilderAndBufferTest"/>
  <testcase name="testBuilderAppend" time="0,000" classname="cviceni.StringBuilderAndBufferTest"/>
  <testcase name="testBufferAppendDelete" time="0,001" classname="cviceni.StringBuilderAndBufferTest"/>
  <testcase name="testBufferAppend" time="0,000" classname="cviceni.StringBuilderAndBufferTest"/>
  <testcase name="testBufferAppend" time="0,000" classname="cviceni.StringBuilderAndBufferTest"/>
  <testcase name="testBuilderAppendDelete" time="0,000" classname="cviceni.StringBuilderAndBufferTest"/>
  <testcase name="testBufferAppend" time="0,001" classname="cviceni.StringBuilderAndBufferTest"/>
  <testcase name="testBuilderAppend" time="0,001" classname="cviceni.StringBuilderAndBufferTest"/>
  <testcase name="testBuilderAppend" time="0,001" classname="cviceni.StringBuilderAndBufferTest"/>
  <testcase name="testBuilderAppendDelete" time="0,001" classname="cviceni.StringBuilderAndBufferTest"/>
  <testcase name="testBuilderAppend" time="0,001" classname="cviceni.StringBuilderAndBufferTest"/>
  <testcase name="testBufferAppend" time="0,001" classname="cviceni.StringBuilderAndBufferTest"/>
  <testcase name="testBuilderAppend" time="0,001" classname="cviceni.StringBuilderAndBufferTest"/>
  <testcase name="testBufferAppend" time="0,035" classname="cviceni.StringBuilderAndBufferTest"/>
  <testcase name="testBuilderAppend" time="0,001" classname="cviceni.StringBuilderAndBufferTest"/>
  <testcase name="testBuilderAppendDelete" time="0,000" classname="cviceni.StringBuilderAndBufferTest"/>
  <testcase name="testBufferAppendDelete" time="0,000" classname="cviceni.StringBuilderAndBufferTest"/>
  <testcase name="testBufferAppend" time="0,000" classname="cviceni.StringBuilderAndBufferTest"/>
  <testcase name="testBufferAppend" time="0,000" classname="cviceni.StringBuilderAndBufferTest"/>
  <testcase name="testBufferAppend" time="0,000" classname="cviceni.StringBuilderAndBufferTest"/>
  <testcase name="testBufferAppend" time="0,000" classname="cviceni.StringBuilderAndBufferTest"/>
  <testcase name="testBufferAppendDelete" time="0,000" classname="cviceni.StringBuilderAndBufferTest"/>
  <testcase name="testBufferAppend" time="0,001" classname="cviceni.StringBuilderAndBufferTest"/>
  <testcase name="testBuilderAppendDelete" time="0,001" classname="cviceni.StringBuilderAndBufferTest"/>
  <testcase name="testBuilderAppend" time="0,012" classname="cviceni.StringBuilderAndBufferTest"/>
  <testcase name="testBuilderAppend" time="0,000" classname="cviceni.StringBuilderAndBufferTest"/>
  <testcase name="testBufferAppend" time="0,000" classname="cviceni.StringBuilderAndBufferTest"/>
  <testcase name="testBufferAppendDelete" time="0,000" classname="cviceni.StringBuilderAndBufferTest"/>
  <testcase name="testBuilderAppend" time="0,000" classname="cviceni.StringBuilderAndBufferTest"/>
  <testcase name="testBufferAppendDelete" time="0,000" classname="cviceni.StringBuilderAndBufferTest"/>
  <testcase name="testBuilderAppendDelete" time="0,000" classname="cviceni.StringBuilderAndBufferTest"/>
  <testcase name="testBufferAppendDelete" time="0,000" classname="cviceni.StringBuilderAndBufferTest"/>
  <testcase name="testBufferAppend" time="0,000" classname="cviceni.StringBuilderAndBufferTest"/>
  <testcase name="testBufferAppend" time="0,000" classname="cviceni.StringBuilderAndBufferTest"/>
  <testcase name="testBuilderAppend" time="0,000" classname="cviceni.StringBuilderAndBufferTest"/>
  <testcase name="testBuilderAppend" time="0,000" classname="cviceni.StringBuilderAndBufferTest"/>
  <testcase name="testBuilderAppend" time="0,001" classname="cviceni.StringBuilderAndBufferTest"/>
  <testcase name="testBuilderAppendDelete" time="0,000" classname="cviceni.StringBuilderAndBufferTest"/>
  <testcase name="testBufferAppend" time="0,000" classname="cviceni.StringBuilderAndBufferTest"/>
  <testcase name="testBufferAppendDelete" time="0,000" classname="cviceni.StringBuilderAndBufferTest"/>
  <testcase name="testBuilderAppend" time="0,000" classname="cviceni.StringBuilderAndBufferTest"/>
  <testcase name="testBuilderAppendDelete" time="0,000" classname="cviceni.StringBuilderAndBufferTest"/>
  <testcase name="testBufferAppendDelete" time="0,000" classname="cviceni.StringBuilderAndBufferTest"/>
  <testcase name="testBuilderAppend" time="0,001" classname="cviceni.StringBuilderAndBufferTest"/>
  <testcase name="testBuilderAppend" time="0,001" classname="cviceni.StringBuilderAndBufferTest"/>
  <testcase name="testBufferAppendDelete" time="0,000" classname="cviceni.StringBuilderAndBufferTest"/>
  <testcase name="testBufferAppend" time="0,000" classname="cviceni.StringBuilderAndBufferTest"/>
  <testcase name="testBufferAppendDelete" time="0,000" classname="cviceni.StringBuilderAndBufferTest"/>
  <testcase name="testBuilderAppend" time="0,001" classname="cviceni.StringBuilderAndBufferTest"/>
  <testcase name="testBufferAppendDelete" time="0,000" classname="cviceni.StringBuilderAndBufferTest"/>
  <testcase name="testBuilderAppend" time="0,000" classname="cviceni.StringBuilderAndBufferTest"/>
  <testcase name="testBufferAppendDelete" time="0,000" classname="cviceni.StringBuilderAndBufferTest"/>
  <testcase name="testBuilderAppend" time="0,000" classname="cviceni.StringBuilderAndBufferTest"/>
  <testcase name="testBufferAppend" time="0,115" classname="cviceni.StringBuilderAndBufferTest"/>
  <testcase name="testBuilderAppendDelete" time="0,001" classname="cviceni.StringBuilderAndBufferTest"/>
  <testcase name="testBufferAppend" time="0,000" classname="cviceni.StringBuilderAndBufferTest"/>
  <testcase name="testBuilderAppend" time="0,000" classname="cviceni.StringBuilderAndBufferTest"/>
  <testcase name="testBufferAppendDelete" time="0,000" classname="cviceni.StringBuilderAndBufferTest"/>
  <testcase name="testBuilderAppendDelete" time="0,080" classname="cviceni.StringBuilderAndBufferTest"/>
  <testcase name="testBuilderAppendDelete" time="0,001" classname="cviceni.StringBuilderAndBufferTest"/>
  <testcase name="testBufferAppendDelete" time="0,000" classname="cviceni.StringBuilderAndBufferTest"/>
  <testcase name="testBufferAppendDelete" time="0,001" classname="cviceni.StringBuilderAndBufferTest"/>
  <testcase name="testBufferAppendDelete" time="0,001" classname="cviceni.StringBuilderAndBufferTest"/>
  <testcase name="testBuilderAppendDelete" time="0,000" classname="cviceni.StringBuilderAndBufferTest"/>
  <testcase name="testBuilderAppend" time="0,000" classname="cviceni.StringBuilderAndBufferTest"/>
  <testcase name="testBufferAppend" time="0,000" classname="cviceni.StringBuilderAndBufferTest"/>
  <testcase name="testBufferAppendDelete" time="0,000" classname="cviceni.StringBuilderAndBufferTest"/>
  <testcase name="testBuilderAppend" time="0,000" classname="cviceni.StringBuilderAndBufferTest"/>
  <testcase name="testBuilderAppend" time="0,001" classname="cviceni.StringBuilderAndBufferTest"/>
  <testcase name="testBufferAppendDelete" time="0,001" classname="cviceni.StringBuilderAndBufferTest"/>
  <testcase name="testBufferAppend" time="0,000" classname="cviceni.StringBuilderAndBufferTest"/>
  <testcase name="testBuilderAppendDelete" time="0,000" classname="cviceni.StringBuilderAndBufferTest"/>
  <testcase name="testBuilderAppendDelete" time="0,000" classname="cviceni.StringBuilderAndBufferTest"/>
  <testcase name="testBufferAppendDelete" time="0,001" classname="cviceni.StringBuilderAndBufferTest"/>
  <testcase name="testBuilderAppendDelete" time="0,001" classname="cviceni.StringBuilderAndBufferTest"/>
  <testcase name="testBuilderAppendDelete" time="0,001" classname="cviceni.StringBuilderAndBufferTest"/>
  <testcase name="testBufferAppend" time="0,001" classname="cviceni.StringBuilderAndBufferTest"/>
  <testcase name="testBuilderAppend" time="0,000" classname="cviceni.StringBuilderAndBufferTest"/>
  <testcase name="testBufferAppendDelete" time="0,000" classname="cviceni.StringBuilderAndBufferTest"/>
  <testcase name="testBuilderAppend" time="0,001" classname="cviceni.StringBuilderAndBufferTest"/>
  <testcase name="testBufferAppend" time="0,000" classname="cviceni.StringBuilderAndBufferTest"/>
  <testcase name="testBuilderAppendDelete" time="0,000" classname="cviceni.StringBuilderAndBufferTest"/>
  <testcase name="testBuilderAppend" time="0,001" classname="cviceni.StringBuilderAndBufferTest"/>
  <testcase name="testBufferAppendDelete" time="0,001" classname="cviceni.StringBuilderAndBufferTest"/>
  <testcase name="testBufferAppendDelete" time="0,000" classname="cviceni.StringBuilderAndBufferTest"/>
  <testcase name="testBuilderAppend" time="0,000" classname="cviceni.StringBuilderAndBufferTest"/>
  <testcase name="testBuilderAppend" time="0,000" classname="cviceni.StringBuilderAndBufferTest"/>
  <testcase name="testBufferAppendDelete" time="0,000" classname="cviceni.StringBuilderAndBufferTest"/>
  <testcase name="testBufferAppend" time="0,000" classname="cviceni.StringBuilderAndBufferTest"/>
  <testcase name="testBuilderAppend" time="0,000" classname="cviceni.StringBuilderAndBufferTest"/>
  <testcase name="testBuilderAppendDelete" time="0,000" classname="cviceni.StringBuilderAndBufferTest"/>
  <testcase name="testBuilderAppendDelete" time="0,000" classname="cviceni.StringBuilderAndBufferTest"/>
  <testcase name="testBufferAppendDelete" time="0,000" classname="cviceni.StringBuilderAndBufferTest"/>
  <testcase name="testBuilderAppend" time="0,000" classname="cviceni.StringBuilderAndBufferTest"/>
  <testcase name="testBufferAppend" time="0,000" classname="cviceni.StringBuilderAndBufferTest"/>
  <testcase name="testBuilderAppendDelete" time="0,000" classname="cviceni.StringBuilderAndBufferTest"/>
  <testcase name="testBuilderAppend" time="0,000" classname="cviceni.StringBuilderAndBufferTest"/>
  <testcase name="testBuilderAppend" time="0,001" classname="cviceni.StringBuilderAndBufferTest"/>
  <testcase name="testBuilderAppendDelete" time="0,000" classname="cviceni.StringBuilderAndBufferTest"/>
  <testcase name="testBufferAppend" time="0,000" classname="cviceni.StringBuilderAndBufferTest"/>
  <testcase name="testBuilderAppend" time="0,000" classname="cviceni.StringBuilderAndBufferTest"/>
  <testcase name="testBufferAppendDelete" time="0,000" classname="cviceni.StringBuilderAndBufferTest"/>
  <testcase name="testBuilderAppend" time="0,000" classname="cviceni.StringBuilderAndBufferTest"/>
  <testcase name="testBufferAppend" time="0,000" classname="cviceni.StringBuilderAndBufferTest"/>
  <testcase name="testBuilderAppendDelete" time="0,001" classname="cviceni.StringBuilderAndBufferTest"/>
  <testcase name="testBuilderAppend" time="0,001" classname="cviceni.StringBuilderAndBufferTest"/>
  <testcase name="testBuilderAppend" time="0,000" classname="cviceni.StringBuilderAndBufferTest"/>
  <testcase name="testBuilderAppendDelete" time="0,002" classname="cviceni.StringBuilderAndBufferTest"/>
  <testcase name="testBuilderAppend" time="0,001" classname="cviceni.StringBuilderAndBufferTest"/>
  <testcase name="testBufferAppend" time="0,000" classname="cviceni.StringBuilderAndBufferTest"/>
  <testcase name="testBufferAppendDelete" time="0,000" classname="cviceni.StringBuilderAndBufferTest"/>
  <testcase name="testBufferAppend" time="0,015" classname="cviceni.StringBuilderAndBufferTest"/>
  <testcase name="testBufferAppendDelete" time="0,001" classname="cviceni.StringBuilderAndBufferTest"/>
  <testcase name="testBuilderAppendDelete" time="0,000" classname="cviceni.StringBuilderAndBufferTest"/>
  <testcase name="testBufferAppendDelete" time="0,001" classname="cviceni.StringBuilderAndBufferTest"/>
  <testcase name="testBufferAppendDelete" time="0,001" classname="cviceni.StringBuilderAndBufferTest"/>
  <testcase name="testBuilderAppend" time="0,000" classname="cviceni.StringBuilderAndBufferTest"/>
  <testcase name="testBuilderAppendDelete" time="0,000" classname="cviceni.StringBuilderAndBufferTest"/>
  <testcase name="testBuilderAppendDelete" time="0,000" classname="cviceni.StringBuilderAndBufferTest"/>
  <testcase name="testBuilderAppend" time="0,000" classname="cviceni.StringBuilderAndBufferTest"/>
  <testcase name="testBufferAppendDelete" time="0,000" classname="cviceni.StringBuilderAndBufferTest"/>
  <testcase name="testBufferAppend" time="0,000" classname="cviceni.StringBuilderAndBufferTest"/>
  <testcase name="testBuilderAppend" time="0,001" classname="cviceni.StringBuilderAndBufferTest"/>
  <testcase name="testBufferAppendDelete" time="0,001" classname="cviceni.StringBuilderAndBufferTest"/>
  <testcase name="testBufferAppend" time="0,001" classname="cviceni.StringBuilderAndBufferTest"/>
  <testcase name="testBuilderAppendDelete" time="0,001" classname="cviceni.StringBuilderAndBufferTest"/>
  <testcase name="testBufferAppend" time="0,001" classname="cviceni.StringBuilderAndBufferTest"/>
  <testcase name="testBuilderAppend" time="0,000" classname="cviceni.StringBuilderAndBufferTest"/>
  <testcase name="testBuilderAppend" time="0,000" classname="cviceni.StringBuilderAndBufferTest"/>
  <testcase name="testBufferAppend" time="0,000" classname="cviceni.StringBuilderAndBufferTest"/>
  <testcase name="testBuilderAppend" time="0,000" classname="cviceni.StringBuilderAndBufferTest"/>
  <testcase name="testBufferAppendDelete" time="0,000" classname="cviceni.StringBuilderAndBufferTest"/>
  <testcase name="testBuilderAppend" time="0,000" classname="cviceni.StringBuilderAndBufferTest"/>
  <testcase name="testBufferAppend" time="0,000" classname="cviceni.StringBuilderAndBufferTest"/>
  <testcase name="testBufferAppend" time="0,001" classname="cviceni.StringBuilderAndBufferTest"/>
  <testcase name="testBuilderAppendDelete" time="0,001" classname="cviceni.StringBuilderAndBufferTest"/>
  <testcase name="testBuilderAppend" time="0,001" classname="cviceni.StringBuilderAndBufferTest"/>
  <testcase name="testBufferAppend" time="0,001" classname="cviceni.StringBuilderAndBufferTest"/>
  <testcase name="testBufferAppend" time="0,001" classname="cviceni.StringBuilderAndBufferTest"/>
  <testcase name="testBufferAppendDelete" time="0,001" classname="cviceni.StringBuilderAndBufferTest"/>
  <testcase name="testBuilderAppend" time="0,063" classname="cviceni.StringBuilderAndBufferTest"/>
  <testcase name="testBufferAppendDelete" time="0,001" classname="cviceni.StringBuilderAndBufferTest"/>
  <testcase name="testBufferAppend" time="0,000" classname="cviceni.StringBuilderAndBufferTest"/>
  <testcase name="testBufferAppendDelete" time="0,001" classname="cviceni.StringBuilderAndBufferTest"/>
  <testcase name="testBufferAppend" time="0,000" classname="cviceni.StringBuilderAndBufferTest"/>
  <testcase name="testBuilderAppend" time="0,000" classname="cviceni.StringBuilderAndBufferTest"/>
  <testcase name="testBufferAppendDelete" time="0,000" classname="cviceni.StringBuilderAndBufferTest"/>
  <testcase name="testBufferAppendDelete" time="0,000" classname="cviceni.StringBuilderAndBufferTest"/>
  <testcase name="testBuilderAppendDelete" time="0,000" classname="cviceni.StringBuilderAndBufferTest"/>
  <testcase name="testBuilderAppendDelete" time="0,000" classname="cviceni.StringBuilderAndBufferTest"/>
  <testcase name="testBuilderAppend" time="0,000" classname="cviceni.StringBuilderAndBufferTest"/>
  <testcase name="testBuilderAppend" time="0,001" classname="cviceni.StringBuilderAndBufferTest"/>
  <testcase name="testBuilderAppendDelete" time="0,000" classname="cviceni.StringBuilderAndBufferTest"/>
  <testcase name="testBuilderAppendDelete" time="0,000" classname="cviceni.StringBuilderAndBufferTest"/>
  <testcase name="testBufferAppendDelete" time="0,001" classname="cviceni.StringBuilderAndBufferTest"/>
  <testcase name="testBuilderAppend" time="0,000" classname="cviceni.StringBuilderAndBufferTest"/>
  <testcase name="testBuilderAppendDelete" time="0,000" classname="cviceni.StringBuilderAndBufferTest"/>
  <testcase name="testBuilderAppend" time="0,000" classname="cviceni.StringBuilderAndBufferTest"/>
  <testcase name="testBuilderAppendDelete" time="0,000" classname="cviceni.StringBuilderAndBufferTest"/>
  <testcase name="testBuilderAppend" time="0,000" classname="cviceni.StringBuilderAndBufferTest"/>
  <testcase name="testBufferAppend" time="0,001" classname="cviceni.StringBuilderAndBufferTest"/>
  <testcase name="testBuilderAppend" time="0,001" classname="cviceni.StringBuilderAndBufferTest"/>
  <testcase name="testBufferAppend" time="0,000" classname="cviceni.StringBuilderAndBufferTest"/>
  <testcase name="testBuilderAppend" time="0,000" classname="cviceni.StringBuilderAndBufferTest"/>
  <testcase name="testBuilderAppendDelete" time="0,000" classname="cviceni.StringBuilderAndBufferTest"/>
  <testcase name="testBufferAppend" time="0,001" classname="cviceni.StringBuilderAndBufferTest"/>
  <testcase name="testBufferAppendDelete" time="0,001" classname="cviceni.StringBuilderAndBufferTest"/>
  <testcase name="testBuilderAppendDelete" time="0,000" classname="cviceni.StringBuilderAndBufferTest"/>
  <testcase name="testBuilderAppendDelete" time="0,001" classname="cviceni.StringBuilderAndBufferTest"/>
  <testcase name="testBuilderAppendDelete" time="0,000" classname="cviceni.StringBuilderAndBufferTest"/>
  <testcase name="testBuilderAppendDelete" time="0,000" classname="cviceni.StringBuilderAndBufferTest"/>
  <testcase name="testBufferAppend" time="0,000" classname="cviceni.StringBuilderAndBufferTest"/>
  <testcase name="testBuilderAppendDelete" time="0,001" classname="cviceni.StringBuilderAndBufferTest"/>
  <testcase name="testBuilderAppend" time="0,005" classname="cviceni.StringBuilderAndBufferTest"/>
  <testcase name="testBufferAppend" time="0,001" classname="cviceni.StringBuilderAndBufferTest"/>
  <testcase name="testBuilderAppend" time="0,000" classname="cviceni.StringBuilderAndBufferTest"/>
  <testcase name="testBuilderAppend" time="0,001" classname="cviceni.StringBuilderAndBufferTest"/>
  <testcase name="testBufferAppend" time="0,000" classname="cviceni.StringBuilderAndBufferTest"/>
  <testcase name="testBuilderAppend" time="0,001" classname="cviceni.StringBuilderAndBufferTest"/>
  <testcase name="testBuilderAppendDelete" time="0,000" classname="cviceni.StringBuilderAndBufferTest"/>
  <testcase name="testBufferAppendDelete" time="0,000" classname="cviceni.StringBuilderAndBufferTest"/>
  <testcase name="testBuilderAppendDelete" time="0,000" classname="cviceni.StringBuilderAndBufferTest"/>
  <testcase name="testBufferAppend" time="0,000" classname="cviceni.StringBuilderAndBufferTest"/>
  <testcase name="testBuilderAppendDelete" time="0,001" classname="cviceni.StringBuilderAndBufferTest"/>
  <testcase name="testBufferAppendDelete" time="0,000" classname="cviceni.StringBuilderAndBufferTest"/>
  <testcase name="testBufferAppendDelete" time="0,001" classname="cviceni.StringBuilderAndBufferTest"/>
  <testcase name="testBufferAppend" time="0,000" classname="cviceni.StringBuilderAndBufferTest"/>
  <testcase name="testBuilderAppend" time="0,000" classname="cviceni.StringBuilderAndBufferTest"/>
  <testcase name="testBufferAppend" time="0,000" classname="cviceni.StringBuilderAndBufferTest"/>
  <testcase name="testBuilderAppendDelete" time="0,000" classname="cviceni.StringBuilderAndBufferTest"/>
  <testcase name="testBufferAppend" time="0,001" classname="cviceni.StringBuilderAndBufferTest"/>
  <testcase name="testBuilderAppendDelete" time="0,001" classname="cviceni.StringBuilderAndBufferTest"/>
  <testcase name="testBuilderAppendDelete" time="0,001" classname="cviceni.StringBuilderAndBufferTest"/>
  <testcase name="testBuilderAppend" time="0,000" classname="cviceni.StringBuilderAndBufferTest"/>
  <testcase name="testBuilderAppend" time="0,000" classname="cviceni.StringBuilderAndBufferTest"/>
  <testcase name="testBuilderAppendDelete" time="0,015" classname="cviceni.StringBuilderAndBufferTest"/>
  <testcase name="testBufferAppend" time="0,000" classname="cviceni.StringBuilderAndBufferTest"/>
  <testcase name="testBufferAppendDelete" time="0,001" classname="cviceni.StringBuilderAndBufferTest"/>
  <testcase name="testBuilderAppend" time="0,000" classname="cviceni.StringBuilderAndBufferTest"/>
  <testcase name="testBufferAppend" time="0,000" classname="cviceni.StringBuilderAndBufferTest"/>
  <testcase name="testBufferAppendDelete" time="0,000" classname="cviceni.StringBuilderAndBufferTest"/>
  <testcase name="testBufferAppendDelete" time="0,000" classname="cviceni.StringBuilderAndBufferTest"/>
  <testcase name="testBuilderAppend" time="0,001" classname="cviceni.StringBuilderAndBufferTest"/>
  <testcase name="testBuilderAppendDelete" time="0,000" classname="cviceni.StringBuilderAndBufferTest"/>
  <testcase name="testBuilderAppend" time="0,000" classname="cviceni.StringBuilderAndBufferTest"/>
  <testcase name="testBuilderAppend" time="0,000" classname="cviceni.StringBuilderAndBufferTest"/>
  <testcase name="testBufferAppend" time="0,001" classname="cviceni.StringBuilderAndBufferTest"/>
  <testcase name="testBuilderAppend" time="0,001" classname="cviceni.StringBuilderAndBufferTest"/>
  <testcase name="testBufferAppend" time="0,001" classname="cviceni.StringBuilderAndBufferTest"/>
  <testcase name="testBuilderAppendDelete" time="0,000" classname="cviceni.StringBuilderAndBufferTest"/>
  <testcase name="testBuilderAppendDelete" time="0,001" classname="cviceni.StringBuilderAndBufferTest"/>
  <testcase name="testBufferAppendDelete" time="0,000" classname="cviceni.StringBuilderAndBufferTest"/>
  <testcase name="testBufferAppend" time="0,000" classname="cviceni.StringBuilderAndBufferTest"/>
  <testcase name="testBufferAppend" time="0,001" classname="cviceni.StringBuilderAndBufferTest"/>
  <testcase name="testBuilderAppendDelete" time="0,000" classname="cviceni.StringBuilderAndBufferTest"/>
  <testcase name="testBuilderAppend" time="0,000" classname="cviceni.StringBuilderAndBufferTest"/>
  <testcase name="testBufferAppend" time="0,000" classname="cviceni.StringBuilderAndBufferTest"/>
  <testcase name="testBufferAppendDelete" time="0,001" classname="cviceni.StringBuilderAndBufferTest"/>
  <testcase name="testBufferAppendDelete" time="0,001" classname="cviceni.StringBuilderAndBufferTest"/>
  <testcase name="testBufferAppend" time="0,001" classname="cviceni.StringBuilderAndBufferTest"/>
  <testcase name="testBuilderAppendDelete" time="0,001" classname="cviceni.StringBuilderAndBufferTest"/>
  <testcase name="testBufferAppendDelete" time="0,000" classname="cviceni.StringBuilderAndBufferTest"/>
  <testcase name="testBufferAppend" time="0,000" classname="cviceni.StringBuilderAndBufferTest"/>
  <testcase name="testBufferAppendDelete" time="0,000" classname="cviceni.StringBuilderAndBufferTest"/>
  <testcase name="testBufferAppend" time="0,000" classname="cviceni.StringBuilderAndBufferTest"/>
  <testcase name="testBuilderAppendDelete" time="0,000" classname="cviceni.StringBuilderAndBufferTest"/>
  <testcase name="testBufferAppendDelete" time="0,000" classname="cviceni.StringBuilderAndBufferTest"/>
  <testcase name="testBufferAppendDelete" time="0,000" classname="cviceni.StringBuilderAndBufferTest"/>
  <testcase name="testBuilderAppendDelete" time="0,001" classname="cviceni.StringBuilderAndBufferTest"/>
  <testcase name="testBufferAppendDelete" time="0,000" classname="cviceni.StringBuilderAndBufferTest"/>
  <testcase name="testBufferAppendDelete" time="0,000" classname="cviceni.StringBuilderAndBufferTest"/>
  <testcase name="testBufferAppend" time="0,006" classname="cviceni.StringBuilderAndBufferTest"/>
  <testcase name="testBufferAppend" time="0,000" classname="cviceni.StringBuilderAndBufferTest"/>
  <testcase name="testBufferAppend" time="0,001" classname="cviceni.StringBuilderAndBufferTest"/>
  <testcase name="testBuilderAppend" time="0,000" classname="cviceni.StringBuilderAndBufferTest"/>
  <testcase name="testBufferAppend" time="0,000" classname="cviceni.StringBuilderAndBufferTest"/>
  <testcase name="testBufferAppend" time="0,000" classname="cviceni.StringBuilderAndBufferTest"/>
  <testcase name="testBufferAppendDelete" time="0,001" classname="cviceni.StringBuilderAndBufferTest"/>
  <testcase name="testBufferAppend" time="0,000" classname="cviceni.StringBuilderAndBufferTest"/>
  <testcase name="testBuilderAppendDelete" time="0,000" classname="cviceni.StringBuilderAndBufferTest"/>
  <testcase name="testBufferAppendDelete" time="0,000" classname="cviceni.StringBuilderAndBufferTest"/>
  <testcase name="testBuilderAppendDelete" time="0,000" classname="cviceni.StringBuilderAndBufferTest"/>
  <testcase name="testBuilderAppend" time="0,000" classname="cviceni.StringBuilderAndBufferTest"/>
  <testcase name="testBufferAppend" time="0,000" classname="cviceni.StringBuilderAndBufferTest"/>
  <testcase name="testBuilderAppendDelete" time="0,000" classname="cviceni.StringBuilderAndBufferTest"/>
  <testcase name="testBuilderAppend" time="0,000" classname="cviceni.StringBuilderAndBufferTest"/>
  <testcase name="testBufferAppendDelete" time="0,000" classname="cviceni.StringBuilderAndBufferTest"/>
  <testcase name="testBufferAppendDelete" time="0,001" classname="cviceni.StringBuilderAndBufferTest"/>
  <testcase name="testBuilderAppend" time="0,001" classname="cviceni.StringBuilderAndBufferTest"/>
  <testcase name="testBufferAppend" time="0,000" classname="cviceni.StringBuilderAndBufferTest"/>
  <testcase name="testBuilderAppend" time="0,000" classname="cviceni.StringBuilderAndBufferTest"/>
  <testcase name="testBuilderAppendDelete" time="0,001" classname="cviceni.StringBuilderAndBufferTest"/>
  <testcase name="testBuilderAppendDelete" time="0,001" classname="cviceni.StringBuilderAndBufferTest"/>
  <testcase name="testBuilderAppend" time="0,000" classname="cviceni.StringBuilderAndBufferTest"/>
  <testcase name="testBuilderAppend" time="0,000" classname="cviceni.StringBuilderAndBufferTest"/>
  <testcase name="testBufferAppend" time="0,004" classname="cviceni.StringBuilderAndBufferTest"/>
  <testcase name="testBuilderAppend" time="0,000" classname="cviceni.StringBuilderAndBufferTest"/>
  <testcase name="testBufferAppend" time="0,000" classname="cviceni.StringBuilderAndBufferTest"/>
  <testcase name="testBuilderAppendDelete" time="0,002" classname="cviceni.StringBuilderAndBufferTest"/>
  <testcase name="testBuilderAppend" time="0,000" classname="cviceni.StringBuilderAndBufferTest"/>
  <testcase name="testBufferAppendDelete" time="0,000" classname="cviceni.StringBuilderAndBufferTest"/>
  <testcase name="testBufferAppend" time="0,001" classname="cviceni.StringBuilderAndBufferTest"/>
  <testcase name="testBuilderAppend" time="0,001" classname="cviceni.StringBuilderAndBufferTest"/>
  <testcase name="testBufferAppendDelete" time="0,000" classname="cviceni.StringBuilderAndBufferTest"/>
  <testcase name="testBufferAppend" time="0,001" classname="cviceni.StringBuilderAndBufferTest"/>
  <testcase name="testBufferAppendDelete" time="0,000" classname="cviceni.StringBuilderAndBufferTest"/>
  <testcase name="testBufferAppendDelete" time="0,000" classname="cviceni.StringBuilderAndBufferTest"/>
  <testcase name="testBuilderAppendDelete" time="0,001" classname="cviceni.StringBuilderAndBufferTest"/>
  <testcase name="testBufferAppendDelete" time="0,001" classname="cviceni.StringBuilderAndBufferTest"/>
  <testcase name="testBufferAppendDelete" time="0,000" classname="cviceni.StringBuilderAndBufferTest"/>
  <testcase name="testBufferAppend" time="0,080" classname="cviceni.StringBuilderAndBufferTest"/>
  <testcase name="testBufferAppendDelete" time="0,000" classname="cviceni.StringBuilderAndBufferTest"/>
  <testcase name="testBuilderAppendDelete" time="0,001" classname="cviceni.StringBuilderAndBufferTest"/>
  <testcase name="testBufferAppendDelete" time="0,000" classname="cviceni.StringBuilderAndBufferTest"/>
  <testcase name="testBufferAppendDelete" time="0,000" classname="cviceni.StringBuilderAndBufferTest"/>
  <testcase name="testBufferAppend" time="0,000" classname="cviceni.StringBuilderAndBufferTest"/>
  <testcase name="testBuilderAppendDelete" time="0,000" classname="cviceni.StringBuilderAndBufferTest"/>
  <testcase name="testBufferAppendDelete" time="0,000" classname="cviceni.StringBuilderAndBufferTest"/>
  <testcase name="testBuilderAppendDelete" time="0,000" classname="cviceni.StringBuilderAndBufferTest"/>
  <testcase name="testBufferAppendDelete" time="0,000" classname="cviceni.StringBuilderAndBufferTest"/>
  <testcase name="testBuilderAppendDelete" time="0,000" classname="cviceni.StringBuilderAndBufferTest"/>
  <testcase name="testBuilderAppendDelete" time="0,001" classname="cviceni.StringBuilderAndBufferTest"/>
  <testcase name="testBuilderAppend" time="0,000" classname="cviceni.StringBuilderAndBufferTest"/>
  <testcase name="testBuilderAppendDelete" time="0,001" classname="cviceni.StringBuilderAndBufferTest"/>
  <testcase name="testBuilderAppendDelete" time="0,001" classname="cviceni.StringBuilderAndBufferTest"/>
  <testcase name="testBuilderAppendDelete" time="0,000" classname="cviceni.StringBuilderAndBufferTest"/>
  <testcase name="testBuilderAppendDelete" time="0,000" classname="cviceni.StringBuilderAndBufferTest"/>
  <testcase name="testBuilderAppendDelete" time="0,001" classname="cviceni.StringBuilderAndBufferTest"/>
  <testcase name="testBufferAppendDelete" time="0,000" classname="cviceni.StringBuilderAndBufferTest"/>
  <testcase name="testBufferAppendDelete" time="0,000" classname="cviceni.StringBuilderAndBufferTest"/>
  <testcase name="testBuilderAppend" time="0,001" classname="cviceni.StringBuilderAndBufferTest"/>
  <testcase name="testBuilderAppend" time="0,000" classname="cviceni.StringBuilderAndBufferTest"/>
  <testcase name="testBufferAppend" time="0,001" classname="cviceni.StringBuilderAndBufferTest"/>
  <testcase name="testBuilderAppendDelete" time="0,000" classname="cviceni.StringBuilderAndBufferTest"/>
  <testcase name="testBuilderAppendDelete" time="0,000" classname="cviceni.StringBuilderAndBufferTest"/>
  <testcase name="testBufferAppendDelete" time="0,000" classname="cviceni.StringBuilderAndBufferTest"/>
  <testcase name="testBufferAppend" time="0,000" classname="cviceni.StringBuilderAndBufferTest"/>
  <testcase name="testBuilderAppendDelete" time="0,001" classname="cviceni.StringBuilderAndBufferTest"/>
  <testcase name="testBufferAppendDelete" time="0,000" classname="cviceni.StringBuilderAndBufferTest"/>
  <testcase name="testBuilderAppendDelete" time="0,000" classname="cviceni.StringBuilderAndBufferTest"/>
  <testcase name="testBuilderAppendDelete" time="0,000" classname="cviceni.StringBuilderAndBufferTest"/>
  <testcase name="testBuilderAppendDelete" time="0,000" classname="cviceni.StringBuilderAndBufferTest"/>
  <testcase name="testBufferAppendDelete" time="0,000" classname="cviceni.StringBuilderAndBufferTest"/>
  <testcase name="testBuilderAppend" time="0,000" classname="cviceni.StringBuilderAndBufferTest"/>
  <testcase name="testBufferAppend" time="0,001" classname="cviceni.StringBuilderAndBufferTest"/>
  <testcase name="testBuilderAppendDelete" time="0,000" classname="cviceni.StringBuilderAndBufferTest"/>
  <testcase name="testBuilderAppend" time="0,000" classname="cviceni.StringBuilderAndBufferTest"/>
  <testcase name="testBuilderAppend" time="0,000" classname="cviceni.StringBuilderAndBufferTest"/>
  <testcase name="testBuilderAppend" time="0,000" classname="cviceni.StringBuilderAndBufferTest"/>
  <testcase name="testBuilderAppendDelete" time="0,001" classname="cviceni.StringBuilderAndBufferTest"/>
  <testcase name="testBufferAppend" time="0,001" classname="cviceni.StringBuilderAndBufferTest"/>
  <testcase name="testBuilderAppendDelete" time="0,000" classname="cviceni.StringBuilderAndBufferTest"/>
  <testcase name="testBuilderAppendDelete" time="0,000" classname="cviceni.StringBuilderAndBufferTest"/>
  <testcase name="testBufferAppend" time="0,000" classname="cviceni.StringBuilderAndBufferTest"/>
  <testcase name="testBufferAppendDelete" time="0,000" classname="cviceni.StringBuilderAndBufferTest"/>
  <testcase name="testBuilderAppendDelete" time="0,000" classname="cviceni.StringBuilderAndBufferTest"/>
  <testcase name="testBuilderAppendDelete" time="0,000" classname="cviceni.StringBuilderAndBufferTest"/>
  <testcase name="testBuilderAppendDelete" time="0,000" classname="cviceni.StringBuilderAndBufferTest"/>
  <testcase name="testBufferAppend" time="0,000" classname="cviceni.StringBuilderAndBufferTest"/>
  <testcase name="testBufferAppend" time="0,000" classname="cviceni.StringBuilderAndBufferTest"/>
  <testcase name="testBufferAppendDelete" time="0,335" classname="cviceni.StringBuilderAndBufferTest"/>
  <testcase name="testBuilderAppendDelete" time="0,000" classname="cviceni.StringBuilderAndBufferTest"/>
  <testcase name="testBuilderAppend" time="0,034" classname="cviceni.StringBuilderAndBufferTest"/>
  <testcase name="testBuilderAppendDelete" time="0,000" classname="cviceni.StringBuilderAndBufferTest"/>
  <testcase name="testBuilderAppendDelete" time="0,000" classname="cviceni.StringBuilderAndBufferTest"/>
  <testcase name="testBuilderAppendDelete" time="0,000" classname="cviceni.StringBuilderAndBufferTest"/>
  <testcase name="testBuilderAppendDelete" time="0,000" classname="cviceni.StringBuilderAndBufferTest"/>
  <testcase name="testBuilderAppend" time="0,000" classname="cviceni.StringBuilderAndBufferTest"/>
  <testcase name="testBuilderAppendDelete" time="0,000" classname="cviceni.StringBuilderAndBufferTest"/>
  <testcase name="testBuilderAppend" time="0,001" classname="cviceni.StringBuilderAndBufferTest"/>
  <testcase name="testBufferAppendDelete" time="0,000" classname="cviceni.StringBuilderAndBufferTest"/>
  <testcase name="testBuilderAppend" time="0,000" classname="cviceni.StringBuilderAndBufferTest"/>
  <testcase name="testBuilderAppendDelete" time="0,000" classname="cviceni.StringBuilderAndBufferTest"/>
  <testcase name="testBufferAppendDelete" time="0,000" classname="cviceni.StringBuilderAndBufferTest"/>
  <testcase name="testBuilderAppendDelete" time="0,000" classname="cviceni.StringBuilderAndBufferTest"/>
  <testcase name="testBufferAppendDelete" time="0,000" classname="cviceni.StringBuilderAndBufferTest"/>
  <testcase name="testBufferAppendDelete" time="0,000" classname="cviceni.StringBuilderAndBufferTest"/>
  <testcase name="testBufferAppendDelete" time="0,000" classname="cviceni.StringBuilderAndBufferTest"/>
  <testcase name="testBuilderAppendDelete" time="0,000" classname="cviceni.StringBuilderAndBufferTest"/>
  <testcase name="testBufferAppendDelete" time="0,000" classname="cviceni.StringBuilderAndBufferTest"/>
  <testcase name="testBufferAppendDelete" time="0,000" classname="cviceni.StringBuilderAndBufferTest"/>
  <testcase name="testBufferAppend" time="0,000" classname="cviceni.StringBuilderAndBufferTest"/>
  <testcase name="testBuilderAppendDelete" time="0,000" classname="cviceni.StringBuilderAndBufferTest"/>
  <testcase name="testBuilderAppendDelete" time="0,000" classname="cviceni.StringBuilderAndBufferTest"/>
  <testcase name="testBuilderAppend" time="0,000" classname="cviceni.StringBuilderAndBufferTest"/>
  <testcase name="testBuilderAppendDelete" time="0,001" classname="cviceni.StringBuilderAndBufferTest"/>
  <testcase name="testBuilderAppendDelete" time="0,000" classname="cviceni.StringBuilderAndBufferTest"/>
  <testcase name="testBufferAppendDelete" time="0,000" classname="cviceni.StringBuilderAndBufferTest"/>
  <testcase name="testBufferAppend" time="0,000" classname="cviceni.StringBuilderAndBufferTest"/>
  <testcase name="testBuilderAppendDelete" time="0,000" classname="cviceni.StringBuilderAndBufferTest"/>
  <testcase name="testBufferAppend" time="0,001" classname="cviceni.StringBuilderAndBufferTest"/>
  <testcase name="testBufferAppendDelete" time="0,000" classname="cviceni.StringBuilderAndBufferTest"/>
  <testcase name="testBufferAppendDelete" time="0,000" classname="cviceni.StringBuilderAndBufferTest"/>
  <testcase name="testBufferAppend" time="0,000" classname="cviceni.StringBuilderAndBufferTest"/>
  <testcase name="testBufferAppend" time="0,000" classname="cviceni.StringBuilderAndBufferTest"/>
  <testcase name="testBuilderAppendDelete" time="0,001" classname="cviceni.StringBuilderAndBufferTest"/>
  <testcase name="testBuilderAppendDelete" time="0,000" classname="cviceni.StringBuilderAndBufferTest"/>
  <testcase name="testBufferAppend" time="0,000" classname="cviceni.StringBuilderAndBufferTest"/>
  <testcase name="testBufferAppend" time="0,000" classname="cviceni.StringBuilderAndBufferTest"/>
  <testcase name="testBufferAppend" time="0,000" classname="cviceni.StringBuilderAndBufferTest"/>
  <testcase name="testBufferAppend" time="0,000" classname="cviceni.StringBuilderAndBufferTest"/>
  <testcase name="testBuilderAppend" time="0,000" classname="cviceni.StringBuilderAndBufferTest"/>
  <testcase name="testBufferAppend" time="0,001" classname="cviceni.StringBuilderAndBufferTest"/>
  <testcase name="testBuilderAppend" time="0,000" classname="cviceni.StringBuilderAndBufferTest"/>
  <testcase name="testBuilderAppendDelete" time="0,000" classname="cviceni.StringBuilderAndBufferTest"/>
  <testcase name="testBufferAppend" time="0,001" classname="cviceni.StringBuilderAndBufferTest"/>
  <testcase name="testBuilderAppend" time="0,000" classname="cviceni.StringBuilderAndBufferTest"/>
  <testcase name="testBufferAppendDelete" time="0,000" classname="cviceni.StringBuilderAndBufferTest"/>
  <testcase name="testBufferAppendDelete" time="0,000" classname="cviceni.StringBuilderAndBufferTest"/>
  <testcase name="testBuilderAppendDelete" time="0,000" classname="cviceni.StringBuilderAndBufferTest"/>
  <testcase name="testBuilderAppendDelete" time="0,000" classname="cviceni.StringBuilderAndBufferTest"/>
  <testcase name="testBufferAppendDelete" time="0,001" classname="cviceni.StringBuilderAndBufferTest"/>
  <testcase name="testBuilderAppendDelete" time="0,001" classname="cviceni.StringBuilderAndBufferTest"/>
  <testcase name="testBufferAppendDelete" time="0,001" classname="cviceni.StringBuilderAndBufferTest"/>
  <testcase name="testBuilderAppend" time="0,000" classname="cviceni.StringBuilderAndBufferTest"/>
  <testcase name="testBuilderAppendDelete" time="0,000" classname="cviceni.StringBuilderAndBufferTest"/>
  <testcase name="testBuilderAppendDelete" time="0,000" classname="cviceni.StringBuilderAndBufferTest"/>
  <testcase name="testBuilderAppend" time="0,000" classname="cviceni.StringBuilderAndBufferTest"/>
  <testcase name="testBuilderAppend" time="0,001" classname="cviceni.StringBuilderAndBufferTest"/>
  <testcase name="testBuilderAppend" time="0,000" classname="cviceni.StringBuilderAndBufferTest"/>
  <testcase name="testBufferAppendDelete" time="0,000" classname="cviceni.StringBuilderAndBufferTest"/>
  <testcase name="testBufferAppendDelete" time="0,000" classname="cviceni.StringBuilderAndBufferTest"/>
  <testcase name="testBuilderAppendDelete" time="0,000" classname="cviceni.StringBuilderAndBufferTest"/>
  <testcase name="testBufferAppend" time="0,001" classname="cviceni.StringBuilderAndBufferTest"/>
  <testcase name="testBufferAppendDelete" time="0,000" classname="cviceni.StringBuilderAndBufferTest"/>
  <testcase name="testBufferAppend" time="0,000" classname="cviceni.StringBuilderAndBufferTest"/>
  <testcase name="testBufferAppend" time="0,001" classname="cviceni.StringBuilderAndBufferTest"/>
  <testcase name="testBuilderAppendDelete" time="0,000" classname="cviceni.StringBuilderAndBufferTest"/>
  <testcase name="testBufferAppendDelete" time="0,001" classname="cviceni.StringBuilderAndBufferTest"/>
  <testcase name="testBufferAppend" time="0,001" classname="cviceni.StringBuilderAndBufferTest"/>
  <testcase name="testBuilderAppend" time="0,001" classname="cviceni.StringBuilderAndBufferTest"/>
  <testcase name="testBuilderAppend" time="0,000" classname="cviceni.StringBuilderAndBufferTest"/>
  <testcase name="testBuilderAppend" time="0,001" classname="cviceni.StringBuilderAndBufferTest"/>
  <testcase name="testBufferAppendDelete" time="0,000" classname="cviceni.StringBuilderAndBufferTest"/>
  <testcase name="testBuilderAppendDelete" time="0,001" classname="cviceni.StringBuilderAndBufferTest"/>
  <testcase name="testBufferAppend" time="0,000" classname="cviceni.StringBuilderAndBufferTest"/>
  <testcase name="testBufferAppendDelete" time="0,000" classname="cviceni.StringBuilderAndBufferTest"/>
  <testcase name="testBuilderAppend" time="0,001" classname="cviceni.StringBuilderAndBufferTest"/>
  <testcase name="testBuilderAppend" time="0,001" classname="cviceni.StringBuilderAndBufferTest"/>
  <testcase name="testBuilderAppend" time="0,000" classname="cviceni.StringBuilderAndBufferTest"/>
  <testcase name="testBuilderAppendDelete" time="0,000" classname="cviceni.StringBuilderAndBufferTest"/>
  <testcase name="testBuilderAppend" time="0,000" classname="cviceni.StringBuilderAndBufferTest"/>
  <testcase name="testBuilderAppendDelete" time="0,000" classname="cviceni.StringBuilderAndBufferTest"/>
  <testcase name="testBufferAppendDelete" time="0,000" classname="cviceni.StringBuilderAndBufferTest"/>
  <testcase name="testBufferAppendDelete" time="0,000" classname="cviceni.StringBuilderAndBufferTest"/>
  <testcase name="testBuilderAppendDelete" time="0,000" classname="cviceni.StringBuilderAndBufferTest"/>
  <testcase name="testBufferAppend" time="0,000" classname="cviceni.StringBuilderAndBufferTest"/>
  <testcase name="testBuilderAppend" time="0,001" classname="cviceni.StringBuilderAndBufferTest"/>
  <testcase name="testBufferAppendDelete" time="0,000" classname="cviceni.StringBuilderAndBufferTest"/>
  <testcase name="testBuilderAppend" time="0,022" classname="cviceni.StringBuilderAndBufferTest"/>
  <testcase name="testBufferAppendDelete" time="0,000" classname="cviceni.StringBuilderAndBufferTest"/>
  <testcase name="testBuilderAppend" time="0,000" classname="cviceni.StringBuilderAndBufferTest"/>
  <testcase name="testBuilderAppendDelete" time="0,001" classname="cviceni.StringBuilderAndBufferTest"/>
  <testcase name="testBuilderAppend" time="0,000" classname="cviceni.StringBuilderAndBufferTest"/>
  <testcase name="testBuilderAppend" time="0,000" classname="cviceni.StringBuilderAndBufferTest"/>
  <testcase name="testBuilderAppendDelete" time="0,001" classname="cviceni.StringBuilderAndBufferTest"/>
  <testcase name="testBufferAppendDelete" time="0,000" classname="cviceni.StringBuilderAndBufferTest"/>
  <testcase name="testBufferAppendDelete" time="0,000" classname="cviceni.StringBuilderAndBufferTest"/>
  <testcase name="testBuilderAppend" time="0,001" classname="cviceni.StringBuilderAndBufferTest"/>
  <testcase name="testBufferAppendDelete" time="0,001" classname="cviceni.StringBuilderAndBufferTest"/>
  <testcase name="testBufferAppend" time="0,001" classname="cviceni.StringBuilderAndBufferTest"/>
  <testcase name="testBuilderAppend" time="0,001" classname="cviceni.StringBuilderAndBufferTest"/>
  <testcase name="testBuilderAppendDelete" time="0,000" classname="cviceni.StringBuilderAndBufferTest"/>
  <testcase name="testBuilderAppend" time="0,007" classname="cviceni.StringBuilderAndBufferTest"/>
  <testcase name="testBufferAppendDelete" time="0,000" classname="cviceni.StringBuilderAndBufferTest"/>
  <testcase name="testBufferAppend" time="0,001" classname="cviceni.StringBuilderAndBufferTest"/>
  <testcase name="testBuilderAppendDelete" time="0,000" classname="cviceni.StringBuilderAndBufferTest"/>
  <testcase name="testBuilderAppend" time="0,001" classname="cviceni.StringBuilderAndBufferTest"/>
  <testcase name="testBufferAppendDelete" time="0,000" classname="cviceni.StringBuilderAndBufferTest"/>
  <testcase name="testBufferAppendDelete" time="0,000" classname="cviceni.StringBuilderAndBufferTest"/>
  <testcase name="testBufferAppend" time="0,000" classname="cviceni.StringBuilderAndBufferTest"/>
  <testcase name="testBuilderAppendDelete" time="0,000" classname="cviceni.StringBuilderAndBufferTest"/>
  <testcase name="testBufferAppendDelete" time="0,000" classname="cviceni.StringBuilderAndBufferTest"/>
  <testcase name="testBuilderAppend" time="0,001" classname="cviceni.StringBuilderAndBufferTest"/>
  <testcase name="testBuilderAppendDelete" time="0,001" classname="cviceni.StringBuilderAndBufferTest"/>
  <testcase name="testBuilderAppend" time="0,000" classname="cviceni.StringBuilderAndBufferTest"/>
  <testcase name="testBufferAppendDelete" time="0,001" classname="cviceni.StringBuilderAndBufferTest"/>
  <testcase name="testBufferAppend" time="0,000" classname="cviceni.StringBuilderAndBufferTest"/>
  <testcase name="testBuilderAppend" time="0,001" classname="cviceni.StringBuilderAndBufferTest"/>
  <testcase name="testBuilderAppendDelete" time="0,001" classname="cviceni.StringBuilderAndBufferTest"/>
  <testcase name="testBufferAppend" time="0,000" classname="cviceni.StringBuilderAndBufferTest"/>
  <testcase name="testBufferAppendDelete" time="0,001" classname="cviceni.StringBuilderAndBufferTest"/>
  <testcase name="testBuilderAppendDelete" time="0,001" classname="cviceni.StringBuilderAndBufferTest"/>
  <testcase name="testBufferAppendDelete" time="0,001" classname="cviceni.StringBuilderAndBufferTest"/>
  <testcase name="testBuilderAppendDelete" time="0,001" classname="cviceni.StringBuilderAndBufferTest"/>
  <testcase name="testBuilderAppend" time="0,000" classname="cviceni.StringBuilderAndBufferTest"/>
  <testcase name="testBufferAppendDelete" time="0,000" classname="cviceni.StringBuilderAndBufferTest"/>
  <testcase name="testBuilderAppendDelete" time="0,000" classname="cviceni.StringBuilderAndBufferTest"/>
  <testcase name="testBufferAppendDelete" time="0,000" classname="cviceni.StringBuilderAndBufferTest"/>
  <testcase name="testBuilderAppendDelete" time="0,000" classname="cviceni.StringBuilderAndBufferTest"/>
  <testcase name="testBufferAppend" time="0,001" classname="cviceni.StringBuilderAndBufferTest"/>
  <testcase name="testBufferAppend" time="0,000" classname="cviceni.StringBuilderAndBufferTest"/>
  <testcase name="testBufferAppendDelete" time="0,001" classname="cviceni.StringBuilderAndBufferTest"/>
  <testcase name="testBufferAppend" time="0,000" classname="cviceni.StringBuilderAndBufferTest"/>
  <testcase name="testBufferAppendDelete" time="0,000" classname="cviceni.StringBuilderAndBufferTest"/>
  <testcase name="testBufferAppendDelete" time="0,000" classname="cviceni.StringBuilderAndBufferTest"/>
  <testcase name="testBuilderAppendDelete" time="0,001" classname="cviceni.StringBuilderAndBufferTest"/>
  <testcase name="testBufferAppend" time="0,000" classname="cviceni.StringBuilderAndBufferTest"/>
  <testcase name="testBufferAppend" time="0,000" classname="cviceni.StringBuilderAndBufferTest"/>
  <testcase name="testBufferAppendDelete" time="0,000" classname="cviceni.StringBuilderAndBufferTest"/>
  <testcase name="testBufferAppendDelete" time="0,000" classname="cviceni.StringBuilderAndBufferTest"/>
  <testcase name="testBuilderAppend" time="0,000" classname="cviceni.StringBuilderAndBufferTest"/>
  <testcase name="testBufferAppend" time="0,000" classname="cviceni.StringBuilderAndBufferTest"/>
  <testcase name="testBufferAppend" time="0,001" classname="cviceni.StringBuilderAndBufferTest"/>
  <testcase name="testBuilderAppendDelete" time="0,000" classname="cviceni.StringBuilderAndBufferTest"/>
  <testcase name="testBufferAppendDelete" time="0,000" classname="cviceni.StringBuilderAndBufferTest"/>
  <testcase name="testBuilderAppend" time="0,002" classname="cviceni.StringBuilderAndBufferTest"/>
  <testcase name="testBuilderAppendDelete" time="0,000" classname="cviceni.StringBuilderAndBufferTest"/>
  <testcase name="testBufferAppendDelete" time="0,000" classname="cviceni.StringBuilderAndBufferTest"/>
  <testcase name="testBuilderAppendDelete" time="0,000" classname="cviceni.StringBuilderAndBufferTest"/>
  <testcase name="testBuilderAppend" time="0,000" classname="cviceni.StringBuilderAndBufferTest"/>
  <testcase name="testBufferAppendDelete" time="0,000" classname="cviceni.StringBuilderAndBufferTest"/>
  <testcase name="testBuilderAppendDelete" time="0,000" classname="cviceni.StringBuilderAndBufferTest"/>
  <testcase name="testBuilderAppendDelete" time="0,000" classname="cviceni.StringBuilderAndBufferTest"/>
  <testcase name="testBuilderAppendDelete" time="0,000" classname="cviceni.StringBuilderAndBufferTest"/>
  <testcase name="testBuilderAppendDelete" time="0,000" classname="cviceni.StringBuilderAndBufferTest"/>
  <testcase name="testBuilderAppend" time="0,000" classname="cviceni.StringBuilderAndBufferTest"/>
  <testcase name="testBufferAppend" time="0,000" classname="cviceni.StringBuilderAndBufferTest"/>
  <testcase name="testBuilderAppend" time="0,000" classname="cviceni.StringBuilderAndBufferTest"/>
  <testcase name="testBufferAppendDelete" time="0,000" classname="cviceni.StringBuilderAndBufferTest"/>
  <testcase name="testBufferAppend" time="0,000" classname="cviceni.StringBuilderAndBufferTest"/>
  <testcase name="testBufferAppendDelete" time="0,000" classname="cviceni.StringBuilderAndBufferTest"/>
  <testcase name="testBufferAppend" time="0,001" classname="cviceni.StringBuilderAndBufferTest"/>
  <testcase name="testBuilderAppendDelete" time="0,000" classname="cviceni.StringBuilderAndBufferTest"/>
  <testcase name="testBufferAppend" time="0,001" classname="cviceni.StringBuilderAndBufferTest"/>
  <testcase name="testBufferAppendDelete" time="0,000" classname="cviceni.StringBuilderAndBufferTest"/>
  <testcase name="testBufferAppendDelete" time="0,000" classname="cviceni.StringBuilderAndBufferTest"/>
  <testcase name="testBufferAppend" time="0,001" classname="cviceni.StringBuilderAndBufferTest"/>
  <testcase name="testBufferAppendDelete" time="0,001" classname="cviceni.StringBuilderAndBufferTest"/>
  <testcase name="testBuilderAppend" time="0,001" classname="cviceni.StringBuilderAndBufferTest"/>
  <testcase name="testBuilderAppendDelete" time="0,000" classname="cviceni.StringBuilderAndBufferTest"/>
  <testcase name="testBuilderAppendDelete" time="0,001" classname="cviceni.StringBuilderAndBufferTest"/>
  <testcase name="testBufferAppendDelete" time="0,000" classname="cviceni.StringBuilderAndBufferTest"/>
  <testcase name="testBuilderAppend" time="0,001" classname="cviceni.StringBuilderAndBufferTest"/>
  <testcase name="testBufferAppendDelete" time="0,000" classname="cviceni.StringBuilderAndBufferTest"/>
  <testcase name="testBuilderAppend" time="0,000" classname="cviceni.StringBuilderAndBufferTest"/>
  <testcase name="testBuilderAppendDelete" time="0,000" classname="cviceni.StringBuilderAndBufferTest"/>
  <testcase name="testBufferAppend" time="0,000" classname="cviceni.StringBuilderAndBufferTest"/>
  <testcase name="testBuilderAppend" time="0,001" classname="cviceni.StringBuilderAndBufferTest"/>
  <testcase name="testBufferAppend" time="0,000" classname="cviceni.StringBuilderAndBufferTest"/>
  <testcase name="testBufferAppend" time="0,000" classname="cviceni.StringBuilderAndBufferTest"/>
  <testcase name="testBufferAppendDelete" time="0,000" classname="cviceni.StringBuilderAndBufferTest"/>
  <testcase name="testBuilderAppend" time="0,000" classname="cviceni.StringBuilderAndBufferTest"/>
  <testcase name="testBufferAppend" time="0,000" classname="cviceni.StringBuilderAndBufferTest"/>
  <testcase name="testBuilderAppendDelete" time="0,000" classname="cviceni.StringBuilderAndBufferTest"/>
  <testcase name="testBufferAppendDelete" time="0,001" classname="cviceni.StringBuilderAndBufferTest"/>
  <testcase name="testBuilderAppendDelete" time="0,000" classname="cviceni.StringBuilderAndBufferTest"/>
  <testcase name="testBufferAppend" time="0,000" classname="cviceni.StringBuilderAndBufferTest"/>
  <testcase name="testBuilderAppendDelete" time="0,000" classname="cviceni.StringBuilderAndBufferTest"/>
  <testcase name="testBufferAppend" time="0,000" classname="cviceni.StringBuilderAndBufferTest"/>
  <testcase name="testBuilderAppend" time="0,000" classname="cviceni.StringBuilderAndBufferTest"/>
  <testcase name="testBuilderAppend" time="0,000" classname="cviceni.StringBuilderAndBufferTest"/>
  <testcase name="testBufferAppendDelete" time="0,000" classname="cviceni.StringBuilderAndBufferTest"/>
  <testcase name="testBuilderAppend" time="0,000" classname="cviceni.StringBuilderAndBufferTest"/>
  <testcase name="testBuilderAppend" time="0,000" classname="cviceni.StringBuilderAndBufferTest"/>
  <testcase name="testBufferAppendDelete" time="0,000" classname="cviceni.StringBuilderAndBufferTest"/>
  <testcase name="testBuilderAppend" time="0,001" classname="cviceni.StringBuilderAndBufferTest"/>
  <testcase name="testBuilderAppend" time="0,000" classname="cviceni.StringBuilderAndBufferTest"/>
  <testcase name="testBufferAppendDelete" time="0,000" classname="cviceni.StringBuilderAndBufferTest"/>
  <testcase name="testBufferAppendDelete" time="0,000" classname="cviceni.StringBuilderAndBufferTest"/>
  <testcase name="testBuilderAppend" time="0,000" classname="cviceni.StringBuilderAndBufferTest"/>
  <testcase name="testBufferAppendDelete" time="0,001" classname="cviceni.StringBuilderAndBufferTest"/>
  <testcase name="testBuilderAppend" time="0,000" classname="cviceni.StringBuilderAndBufferTest"/>
  <testcase name="testBufferAppendDelete" time="0,000" classname="cviceni.StringBuilderAndBufferTest"/>
  <testcase name="testBufferAppend" time="0,000" classname="cviceni.StringBuilderAndBufferTest"/>
  <testcase name="testBuilderAppendDelete" time="0,000" classname="cviceni.StringBuilderAndBufferTest"/>
  <testcase name="testBuilderAppendDelete" time="0,000" classname="cviceni.StringBuilderAndBufferTest"/>
  <testcase name="testBufferAppendDelete" time="0,000" classname="cviceni.StringBuilderAndBufferTest"/>
  <testcase name="testBuilderAppend" time="0,000" classname="cviceni.StringBuilderAndBufferTest"/>
  <testcase name="testBufferAppendDelete" time="0,000" classname="cviceni.StringBuilderAndBufferTest"/>
  <testcase name="testBuilderAppendDelete" time="0,000" classname="cviceni.StringBuilderAndBufferTest"/>
  <testcase name="testBuilderAppend" time="0,000" classname="cviceni.StringBuilderAndBufferTest"/>
  <testcase name="testBuilderAppendDelete" time="0,000" classname="cviceni.StringBuilderAndBufferTest"/>
  <testcase name="testBufferAppend" time="0,000" classname="cviceni.StringBuilderAndBufferTest"/>
  <testcase name="testBufferAppendDelete" time="0,001" classname="cviceni.StringBuilderAndBufferTest"/>
  <testcase name="testBufferAppend" time="0,001" classname="cviceni.StringBuilderAndBufferTest"/>
  <testcase name="testBufferAppendDelete" time="0,000" classname="cviceni.StringBuilderAndBufferTest"/>
  <testcase name="testBuilderAppend" time="0,000" classname="cviceni.StringBuilderAndBufferTest"/>
  <testcase name="testBufferAppendDelete" time="0,000" classname="cviceni.StringBuilderAndBufferTest"/>
  <testcase name="testBufferAppend" time="0,001" classname="cviceni.StringBuilderAndBufferTest"/>
  <testcase name="testBuilderAppend" time="0,000" classname="cviceni.StringBuilderAndBufferTest"/>
  <testcase name="testBuilderAppendDelete" time="0,000" classname="cviceni.StringBuilderAndBufferTest"/>
  <testcase name="testBufferAppend" time="0,001" classname="cviceni.StringBuilderAndBufferTest"/>
  <testcase name="testBufferAppend" time="0,000" classname="cviceni.StringBuilderAndBufferTest"/>
  <testcase name="testBuilderAppendDelete" time="0,000" classname="cviceni.StringBuilderAndBufferTest"/>
  <testcase name="testBuilderAppend" time="0,000" classname="cviceni.StringBuilderAndBufferTest"/>
  <testcase name="testBuilderAppend" time="0,000" classname="cviceni.StringBuilderAndBufferTest"/>
  <testcase name="testBufferAppendDelete" time="0,000" classname="cviceni.StringBuilderAndBufferTest"/>
  <testcase name="testBuilderAppend" time="0,001" classname="cviceni.StringBuilderAndBufferTest"/>
  <testcase name="testBuilderAppend" time="0,000" classname="cviceni.StringBuilderAndBufferTest"/>
  <testcase name="testBufferAppendDelete" time="0,000" classname="cviceni.StringBuilderAndBufferTest"/>
  <testcase name="testBuilderAppend" time="0,000" classname="cviceni.StringBuilderAndBufferTest"/>
  <testcase name="testBuilderAppend" time="0,000" classname="cviceni.StringBuilderAndBufferTest"/>
  <testcase name="testBufferAppendDelete" time="0,000" classname="cviceni.StringBuilderAndBufferTest"/>
  <testcase name="testBufferAppend" time="0,000" classname="cviceni.StringBuilderAndBufferTest"/>
  <testcase name="testBuilderAppendDelete" time="0,001" classname="cviceni.StringBuilderAndBufferTest"/>
  <testcase name="testBuilderAppendDelete" time="0,000" classname="cviceni.StringBuilderAndBufferTest"/>
  <testcase name="testBuilderAppend" time="0,001" classname="cviceni.StringBuilderAndBufferTest"/>
  <testcase name="testBuilderAppend" time="0,000" classname="cviceni.StringBuilderAndBufferTest"/>
  <testcase name="testBuilderAppend" time="0,001" classname="cviceni.StringBuilderAndBufferTest"/>
  <testcase name="testBuilderAppendDelete" time="0,011" classname="cviceni.StringBuilderAndBufferTest"/>
  <testcase name="testBuilderAppendDelete" time="0,001" classname="cviceni.StringBuilderAndBufferTest"/>
  <testcase name="testBufferAppendDelete" time="0,000" classname="cviceni.StringBuilderAndBufferTest"/>
  <testcase name="testBuilderAppendDelete" time="0,000" classname="cviceni.StringBuilderAndBufferTest"/>
  <testcase name="testBufferAppendDelete" time="0,000" classname="cviceni.StringBuilderAndBufferTest"/>
  <testcase name="testBuilderAppend" time="0,000" classname="cviceni.StringBuilderAndBufferTest"/>
  <testcase name="testBufferAppendDelete" time="0,001" classname="cviceni.StringBuilderAndBufferTest"/>
  <testcase name="testBufferAppend" time="0,001" classname="cviceni.StringBuilderAndBufferTest"/>
  <testcase name="testBufferAppendDelete" time="0,000" classname="cviceni.StringBuilderAndBufferTest"/>
  <testcase name="testBufferAppendDelete" time="0,000" classname="cviceni.StringBuilderAndBufferTest"/>
  <testcase name="testBufferAppendDelete" time="0,001" classname="cviceni.StringBuilderAndBufferTest"/>
  <testcase name="testBufferAppend" time="0,000" classname="cviceni.StringBuilderAndBufferTest"/>
  <testcase name="testBuilderAppendDelete" time="0,000" classname="cviceni.StringBuilderAndBufferTest"/>
  <testcase name="testBufferAppend" time="0,000" classname="cviceni.StringBuilderAndBufferTest"/>
  <testcase name="testBufferAppend" time="0,000" classname="cviceni.StringBuilderAndBufferTest"/>
  <testcase name="testBufferAppendDelete" time="0,000" classname="cviceni.StringBuilderAndBufferTest"/>
  <testcase name="testBufferAppendDelete" time="0,001" classname="cviceni.StringBuilderAndBufferTest"/>
  <testcase name="testBuilderAppend" time="0,001" classname="cviceni.StringBuilderAndBufferTest"/>
  <testcase name="testBuilderAppendDelete" time="0,001" classname="cviceni.StringBuilderAndBufferTest"/>
  <testcase name="testBufferAppendDelete" time="0,000" classname="cviceni.StringBuilderAndBufferTest"/>
  <testcase name="testBuilderAppendDelete" time="0,001" classname="cviceni.StringBuilderAndBufferTest"/>
  <testcase name="testBuilderAppend" time="0,000" classname="cviceni.StringBuilderAndBufferTest"/>
  <testcase name="testBufferAppendDelete" time="0,000" classname="cviceni.StringBuilderAndBufferTest"/>
  <testcase name="testBuilderAppend" time="0,000" classname="cviceni.StringBuilderAndBufferTest"/>
  <testcase name="testBuilderAppend" time="0,001" classname="cviceni.StringBuilderAndBufferTest"/>
  <testcase name="testBuilderAppend" time="0,000" classname="cviceni.StringBuilderAndBufferTest"/>
  <testcase name="testBuilderAppendDelete" time="0,001" classname="cviceni.StringBuilderAndBufferTest"/>
  <testcase name="testBufferAppendDelete" time="0,000" classname="cviceni.StringBuilderAndBufferTest"/>
  <testcase name="testBufferAppend" time="0,000" classname="cviceni.StringBuilderAndBufferTest"/>
  <testcase name="testBuilderAppendDelete" time="0,001" classname="cviceni.StringBuilderAndBufferTest"/>
  <testcase name="testBufferAppend" time="0,001" classname="cviceni.StringBuilderAndBufferTest"/>
  <testcase name="testBufferAppendDelete" time="0,001" classname="cviceni.StringBuilderAndBufferTest"/>
  <testcase name="testBufferAppend" time="0,001" classname="cviceni.StringBuilderAndBufferTest"/>
  <testcase name="testBufferAppend" time="0,000" classname="cviceni.StringBuilderAndBufferTest"/>
  <testcase name="testBuilderAppendDelete" time="0,001" classname="cviceni.StringBuilderAndBufferTest"/>
  <testcase name="testBuilderAppend" time="0,001" classname="cviceni.StringBuilderAndBufferTest"/>
  <testcase name="testBuilderAppendDelete" time="0,000" classname="cviceni.StringBuilderAndBufferTest"/>
  <testcase name="testBuilderAppend" time="0,000" classname="cviceni.StringBuilderAndBufferTest"/>
  <testcase name="testBuilderAppend" time="0,001" classname="cviceni.StringBuilderAndBufferTest"/>
  <testcase name="testBuilderAppend" time="0,000" classname="cviceni.StringBuilderAndBufferTest"/>
  <testcase name="testBuilderAppend" time="0,000" classname="cviceni.StringBuilderAndBufferTest"/>
  <testcase name="testBuilderAppendDelete" time="0,002" classname="cviceni.StringBuilderAndBufferTest"/>
  <testcase name="testBuilderAppendDelete" time="0,004" classname="cviceni.StringBuilderAndBufferTest"/>
  <testcase name="testBuilderAppendDelete" time="0,000" classname="cviceni.StringBuilderAndBufferTest"/>
  <testcase name="testBufferAppendDelete" time="0,001" classname="cviceni.StringBuilderAndBufferTest"/>
  <testcase name="testBufferAppendDelete" time="0,001" classname="cviceni.StringBuilderAndBufferTest"/>
  <testcase name="testBufferAppendDelete" time="0,000" classname="cviceni.StringBuilderAndBufferTest"/>
  <testcase name="testBufferAppend" time="0,000" classname="cviceni.StringBuilderAndBufferTest"/>
  <testcase name="testBufferAppendDelete" time="0,000" classname="cviceni.StringBuilderAndBufferTest"/>
  <testcase name="testBufferAppend" time="0,000" classname="cviceni.StringBuilderAndBufferTest"/>
  <testcase name="testBuilderAppendDelete" time="0,001" classname="cviceni.StringBuilderAndBufferTest"/>
  <testcase name="testBuilderAppendDelete" time="0,000" classname="cviceni.StringBuilderAndBufferTest"/>
  <testcase name="testBufferAppend" time="0,001" classname="cviceni.StringBuilderAndBufferTest"/>
  <testcase name="testBuilderAppend" time="0,001" classname="cviceni.StringBuilderAndBufferTest"/>
  <testcase name="testBufferAppendDelete" time="0,000" classname="cviceni.StringBuilderAndBufferTest"/>
  <testcase name="testBuilderAppend" time="0,001" classname="cviceni.StringBuilderAndBufferTest"/>
  <testcase name="testBufferAppendDelete" time="0,001" classname="cviceni.StringBuilderAndBufferTest"/>
  <testcase name="testBufferAppendDelete" time="0,000" classname="cviceni.StringBuilderAndBufferTest"/>
  <testcase name="testBufferAppend" time="0,000" classname="cviceni.StringBuilderAndBufferTest"/>
  <testcase name="testBufferAppendDelete" time="0,001" classname="cviceni.StringBuilderAndBufferTest"/>
  <testcase name="testBufferAppend" time="0,000" classname="cviceni.StringBuilderAndBufferTest"/>
  <testcase name="testBuilderAppendDelete" time="0,001" classname="cviceni.StringBuilderAndBufferTest"/>
  <testcase name="testBuilderAppendDelete" time="0,000" classname="cviceni.StringBuilderAndBufferTest"/>
  <testcase name="testBuilderAppend" time="0,000" classname="cviceni.StringBuilderAndBufferTest"/>
  <testcase name="testBufferAppend" time="0,000" classname="cviceni.StringBuilderAndBufferTest"/>
  <testcase name="testBuilderAppendDelete" time="0,000" classname="cviceni.StringBuilderAndBufferTest"/>
  <testcase name="testBufferAppendDelete" time="0,000" classname="cviceni.StringBuilderAndBufferTest"/>
  <testcase name="testBuilderAppend" time="0,000" classname="cviceni.StringBuilderAndBufferTest"/>
  <testcase name="testBuilderAppendDelete" time="0,000" classname="cviceni.StringBuilderAndBufferTest"/>
  <testcase name="testBuilderAppendDelete" time="0,000" classname="cviceni.StringBuilderAndBufferTest"/>
  <testcase name="testBuilderAppendDelete" time="0,001" classname="cviceni.StringBuilderAndBufferTest"/>
  <testcase name="testBuilderAppendDelete" time="0,000" classname="cviceni.StringBuilderAndBufferTest"/>
  <testcase name="testBuilderAppendDelete" time="0,000" classname="cviceni.StringBuilderAndBufferTest"/>
  <testcase name="testBufferAppendDelete" time="0,001" classname="cviceni.StringBuilderAndBufferTest"/>
  <testcase name="testBuilderAppendDelete" time="0,000" classname="cviceni.StringBuilderAndBufferTest"/>
  <testcase name="testBuilderAppend" time="0,000" classname="cviceni.StringBuilderAndBufferTest"/>
  <testcase name="testBuilderAppendDelete" time="0,000" classname="cviceni.StringBuilderAndBufferTest"/>
  <testcase name="testBuilderAppend" time="0,000" classname="cviceni.StringBuilderAndBufferTest"/>
  <testcase name="testBuilderAppendDelete" time="0,000" classname="cviceni.StringBuilderAndBufferTest"/>
  <testcase name="testBufferAppend" time="0,000" classname="cviceni.StringBuilderAndBufferTest"/>
  <testcase name="testBuilderAppendDelete" time="0,000" classname="cviceni.StringBuilderAndBufferTest"/>
  <testcase name="testBuilderAppendDelete" time="0,001" classname="cviceni.StringBuilderAndBufferTest"/>
  <testcase name="testBuilderAppendDelete" time="0,000" classname="cviceni.StringBuilderAndBufferTest"/>
  <testcase name="testBuilderAppendDelete" time="0,000" classname="cviceni.StringBuilderAndBufferTest"/>
  <testcase name="testBufferAppend" time="0,114" classname="cviceni.StringBuilderAndBufferTest"/>
  <testcase name="testBuilderAppendDelete" time="0,001" classname="cviceni.StringBuilderAndBufferTest"/>
  <testcase name="testBufferAppendDelete" time="0,000" classname="cviceni.StringBuilderAndBufferTest"/>
  <testcase name="testBufferAppend" time="0,000" classname="cviceni.StringBuilderAndBufferTest"/>
  <testcase name="testBufferAppendDelete" time="0,001" classname="cviceni.StringBuilderAndBufferTest"/>
  <testcase name="testBufferAppendDelete" time="0,000" classname="cviceni.StringBuilderAndBufferTest"/>
  <testcase name="testBuilderAppend" time="0,000" classname="cviceni.StringBuilderAndBufferTest"/>
  <testcase name="testBufferAppendDelete" time="0,000" classname="cviceni.StringBuilderAndBufferTest"/>
  <testcase name="testBuilderAppend" time="0,001" classname="cviceni.StringBuilderAndBufferTest"/>
  <testcase name="testBuilderAppend" time="0,000" classname="cviceni.StringBuilderAndBufferTest"/>
  <testcase name="testBufferAppend" time="0,000" classname="cviceni.StringBuilderAndBufferTest"/>
  <testcase name="testBufferAppend" time="0,001" classname="cviceni.StringBuilderAndBufferTest"/>
  <testcase name="testBufferAppend" time="0,000" classname="cviceni.StringBuilderAndBufferTest"/>
  <testcase name="testBufferAppendDelete" time="0,000" classname="cviceni.StringBuilderAndBufferTest"/>
  <testcase name="testBuilderAppend" time="0,000" classname="cviceni.StringBuilderAndBufferTest"/>
  <testcase name="testBuilderAppend" time="0,000" classname="cviceni.StringBuilderAndBufferTest"/>
  <testcase name="testBufferAppend" time="0,000" classname="cviceni.StringBuilderAndBufferTest"/>
  <testcase name="testBufferAppend" time="0,001" classname="cviceni.StringBuilderAndBufferTest"/>
  <testcase name="testBuilderAppendDelete" time="0,000" classname="cviceni.StringBuilderAndBufferTest"/>
  <testcase name="testBufferAppendDelete" time="0,000" classname="cviceni.StringBuilderAndBufferTest"/>
  <testcase name="testBuilderAppendDelete" time="0,000" classname="cviceni.StringBuilderAndBufferTest"/>
  <testcase name="testBuilderAppend" time="0,000" classname="cviceni.StringBuilderAndBufferTest"/>
  <testcase name="testBufferAppendDelete" time="0,000" classname="cviceni.StringBuilderAndBufferTest"/>
  <testcase name="testBuilderAppend" time="0,000" classname="cviceni.StringBuilderAndBufferTest"/>
  <testcase name="testBufferAppendDelete" time="0,000" classname="cviceni.StringBuilderAndBufferTest"/>
  <testcase name="testBuilderAppend" time="0,000" classname="cviceni.StringBuilderAndBufferTest"/>
  <testcase name="testBufferAppendDelete" time="0,000" classname="cviceni.StringBuilderAndBufferTest"/>
  <testcase name="testBuilderAppendDelete" time="0,000" classname="cviceni.StringBuilderAndBufferTest"/>
  <testcase name="testBufferAppend" time="0,000" classname="cviceni.StringBuilderAndBufferTest"/>
  <testcase name="testBuilderAppend" time="0,001" classname="cviceni.StringBuilderAndBufferTest"/>
  <testcase name="testBufferAppendDelete" time="0,001" classname="cviceni.StringBuilderAndBufferTest"/>
  <testcase name="testBuilderAppendDelete" time="0,000" classname="cviceni.StringBuilderAndBufferTest"/>
  <testcase name="testBuilderAppend" time="0,000" classname="cviceni.StringBuilderAndBufferTest"/>
  <testcase name="testBuilderAppendDelete" time="0,001" classname="cviceni.StringBuilderAndBufferTest"/>
  <testcase name="testBufferAppendDelete" time="0,000" classname="cviceni.StringBuilderAndBufferTest"/>
  <testcase name="testBuilderAppend" time="0,000" classname="cviceni.StringBuilderAndBufferTest"/>
  <testcase name="testBufferAppendDelete" time="0,000" classname="cviceni.StringBuilderAndBufferTest"/>
  <testcase name="testBuilderAppendDelete" time="0,001" classname="cviceni.StringBuilderAndBufferTest"/>
  <testcase name="testBufferAppendDelete" time="0,000" classname="cviceni.StringBuilderAndBufferTest"/>
  <testcase name="testBuilderAppendDelete" time="0,000" classname="cviceni.StringBuilderAndBufferTest"/>
  <testcase name="testBufferAppendDelete" time="0,001" classname="cviceni.StringBuilderAndBufferTest"/>
  <testcase name="testBuilderAppend" time="0,000" classname="cviceni.StringBuilderAndBufferTest"/>
  <testcase name="testBufferAppend" time="0,000" classname="cviceni.StringBuilderAndBufferTest"/>
  <testcase name="testBuilderAppendDelete" time="0,000" classname="cviceni.StringBuilderAndBufferTest"/>
  <testcase name="testBufferAppend" time="0,000" classname="cviceni.StringBuilderAndBufferTest"/>
  <testcase name="testBuilderAppendDelete" time="0,000" classname="cviceni.StringBuilderAndBufferTest"/>
  <testcase name="testBuilderAppendDelete" time="0,001" classname="cviceni.StringBuilderAndBufferTest"/>
  <testcase name="testBuilderAppendDelete" time="0,000" classname="cviceni.StringBuilderAndBufferTest"/>
  <testcase name="testBuilderAppendDelete" time="0,001" classname="cviceni.StringBuilderAndBufferTest"/>
  <testcase name="testBufferAppend" time="0,000" classname="cviceni.StringBuilderAndBufferTest"/>
  <testcase name="testBufferAppendDelete" time="0,001" classname="cviceni.StringBuilderAndBufferTest"/>
  <testcase name="testBufferAppend" time="0,000" classname="cviceni.StringBuilderAndBufferTest"/>
  <testcase name="testBufferAppendDelete" time="0,000" classname="cviceni.StringBuilderAndBufferTest"/>
  <testcase name="testBufferAppendDelete" time="0,001" classname="cviceni.StringBuilderAndBufferTest"/>
  <testcase name="testBuilderAppend" time="0,000" classname="cviceni.StringBuilderAndBufferTest"/>
  <testcase name="testBuilderAppend" time="0,000" classname="cviceni.StringBuilderAndBufferTest"/>
  <testcase name="testBuilderAppendDelete" time="0,038" classname="cviceni.StringBuilderAndBufferTest"/>
  <testcase name="testBufferAppendDelete" time="0,001" classname="cviceni.StringBuilderAndBufferTest"/>
  <testcase name="testBuilderAppend" time="0,001" classname="cviceni.StringBuilderAndBufferTest"/>
  <testcase name="testBufferAppend" time="0,001" classname="cviceni.StringBuilderAndBufferTest"/>
  <testcase name="testBufferAppendDelete" time="0,000" classname="cviceni.StringBuilderAndBufferTest"/>
  <testcase name="testBuilderAppend" time="0,000" classname="cviceni.StringBuilderAndBufferTest"/>
  <testcase name="testBuilderAppend" time="0,000" classname="cviceni.StringBuilderAndBufferTest"/>
  <testcase name="testBuilderAppendDelete" time="0,000" classname="cviceni.StringBuilderAndBufferTest"/>
  <testcase name="testBufferAppend" time="0,001" classname="cviceni.StringBuilderAndBufferTest"/>
  <testcase name="testBuilderAppendDelete" time="0,000" classname="cviceni.StringBuilderAndBufferTest"/>
  <testcase name="testBuilderAppendDelete" time="0,001" classname="cviceni.StringBuilderAndBufferTest"/>
  <testcase name="testBufferAppend" time="0,001" classname="cviceni.StringBuilderAndBufferTest"/>
  <testcase name="testBuilderAppendDelete" time="0,001" classname="cviceni.StringBuilderAndBufferTest"/>
  <testcase name="testBufferAppend" time="0,001" classname="cviceni.StringBuilderAndBufferTest"/>
  <testcase name="testBuilderAppend" time="0,000" classname="cviceni.StringBuilderAndBufferTest"/>
  <testcase name="testBufferAppendDelete" time="0,001" classname="cviceni.StringBuilderAndBufferTest"/>
  <testcase name="testBufferAppendDelete" time="0,000" classname="cviceni.StringBuilderAndBufferTest"/>
  <testcase name="testBuilderAppendDelete" time="0,000" classname="cviceni.StringBuilderAndBufferTest"/>
  <testcase name="testBufferAppend" time="0,001" classname="cviceni.StringBuilderAndBufferTest"/>
  <testcase name="testBufferAppendDelete" time="0,000" classname="cviceni.StringBuilderAndBufferTest"/>
  <testcase name="testBufferAppend" time="0,001" classname="cviceni.StringBuilderAndBufferTest"/>
  <testcase name="testBuilderAppend" time="0,000" classname="cviceni.StringBuilderAndBufferTest"/>
  <testcase name="testBufferAppend" time="0,000" classname="cviceni.StringBuilderAndBufferTest"/>
  <testcase name="testBuilderAppend" time="0,001" classname="cviceni.StringBuilderAndBufferTest"/>
  <testcase name="testBufferAppend" time="0,000" classname="cviceni.StringBuilderAndBufferTest"/>
  <testcase name="testBuilderAppendDelete" time="0,000" classname="cviceni.StringBuilderAndBufferTest"/>
  <testcase name="testBufferAppend" time="0,000" classname="cviceni.StringBuilderAndBufferTest"/>
  <testcase name="testBuilderAppend" time="0,001" classname="cviceni.StringBuilderAndBufferTest"/>
  <testcase name="testBufferAppend" time="0,000" classname="cviceni.StringBuilderAndBufferTest"/>
  <testcase name="testBuilderAppendDelete" time="0,000" classname="cviceni.StringBuilderAndBufferTest"/>
  <testcase name="testBuilderAppendDelete" time="0,000" classname="cviceni.StringBuilderAndBufferTest"/>
  <testcase name="testBuilderAppend" time="0,000" classname="cviceni.StringBuilderAndBufferTest"/>
  <testcase name="testBuilderAppend" time="0,000" classname="cviceni.StringBuilderAndBufferTest"/>
  <testcase name="testBuilderAppend" time="0,001" classname="cviceni.StringBuilderAndBufferTest"/>
  <testcase name="testBuilderAppend" time="0,000" classname="cviceni.StringBuilderAndBufferTest"/>
  <testcase name="testBuilderAppend" time="0,000" classname="cviceni.StringBuilderAndBufferTest"/>
  <testcase name="testBufferAppendDelete" time="0,000" classname="cviceni.StringBuilderAndBufferTest"/>
  <testcase name="testBuilderAppendDelete" time="0,000" classname="cviceni.StringBuilderAndBufferTest"/>
  <testcase name="testBuilderAppendDelete" time="0,001" classname="cviceni.StringBuilderAndBufferTest"/>
  <testcase name="testBuilderAppend" time="0,000" classname="cviceni.StringBuilderAndBufferTest"/>
  <testcase name="testBufferAppendDelete" time="0,000" classname="cviceni.StringBuilderAndBufferTest"/>
  <testcase name="testBufferAppend" time="0,000" classname="cviceni.StringBuilderAndBufferTest"/>
  <testcase name="testBuilderAppend" time="0,001" classname="cviceni.StringBuilderAndBufferTest"/>
  <testcase name="testBufferAppendDelete" time="0,001" classname="cviceni.StringBuilderAndBufferTest"/>
  <testcase name="testBufferAppendDelete" time="0,000" classname="cviceni.StringBuilderAndBufferTest"/>
  <testcase name="testBufferAppendDelete" time="0,000" classname="cviceni.StringBuilderAndBufferTest"/>
  <testcase name="testBufferAppendDelete" time="0,000" classname="cviceni.StringBuilderAndBufferTest"/>
  <testcase name="testBuilderAppend" time="0,000" classname="cviceni.StringBuilderAndBufferTest"/>
  <testcase name="testBuilderAppendDelete" time="0,001" classname="cviceni.StringBuilderAndBufferTest"/>
  <testcase name="testBufferAppend" time="0,000" classname="cviceni.StringBuilderAndBufferTest"/>
  <testcase name="testBufferAppendDelete" time="0,000" classname="cviceni.StringBuilderAndBufferTest"/>
  <testcase name="testBuilderAppend" time="0,000" classname="cviceni.StringBuilderAndBufferTest"/>
  <testcase name="testBuilderAppend" time="0,000" classname="cviceni.StringBuilderAndBufferTest"/>
  <testcase name="testBufferAppend" time="0,000" classname="cviceni.StringBuilderAndBufferTest"/>
  <testcase name="testBuilderAppendDelete" time="0,000" classname="cviceni.StringBuilderAndBufferTest"/>
  <testcase name="testBufferAppendDelete" time="0,000" classname="cviceni.StringBuilderAndBufferTest"/>
  <testcase name="testBuilderAppendDelete" time="0,000" classname="cviceni.StringBuilderAndBufferTest"/>
  <testcase name="testBuilderAppend" time="0,000" classname="cviceni.StringBuilderAndBufferTest"/>
  <testcase name="testBufferAppendDelete" time="0,001" classname="cviceni.StringBuilderAndBufferTest"/>
  <testcase name="testBuilderAppend" time="0,000" classname="cviceni.StringBuilderAndBufferTest"/>
  <testcase name="testBuilderAppendDelete" time="0,000" classname="cviceni.StringBuilderAndBufferTest"/>
  <testcase name="testBuilderAppendDelete" time="0,001" classname="cviceni.StringBuilderAndBufferTest"/>
  <testcase name="testBufferAppend" time="0,001" classname="cviceni.StringBuilderAndBufferTest"/>
  <testcase name="testBuilderAppendDelete" time="0,001" classname="cviceni.StringBuilderAndBufferTest"/>
  <testcase name="testBufferAppendDelete" time="0,000" classname="cviceni.StringBuilderAndBufferTest"/>
  <testcase name="testBuilderAppend" time="0,000" classname="cviceni.StringBuilderAndBufferTest"/>
  <testcase name="testBufferAppend" time="0,001" classname="cviceni.StringBuilderAndBufferTest"/>
  <testcase name="testBuilderAppendDelete" time="0,000" classname="cviceni.StringBuilderAndBufferTest"/>
  <testcase name="testBufferAppend" time="0,001" classname="cviceni.StringBuilderAndBufferTest"/>
  <testcase name="testBufferAppendDelete" time="0,000" classname="cviceni.StringBuilderAndBufferTest"/>
  <testcase name="testBufferAppendDelete" time="0,000" classname="cviceni.StringBuilderAndBufferTest"/>
  <testcase name="testBufferAppend" time="0,000" classname="cviceni.StringBuilderAndBufferTest"/>
  <testcase name="testBufferAppendDelete" time="0,001" classname="cviceni.StringBuilderAndBufferTest"/>
  <testcase name="testBuilderAppend" time="0,000" classname="cviceni.StringBuilderAndBufferTest"/>
  <testcase name="testBufferAppend" time="0,000" classname="cviceni.StringBuilderAndBufferTest"/>
  <testcase name="testBuilderAppend" time="0,000" classname="cviceni.StringBuilderAndBufferTest"/>
  <testcase name="testBuilderAppendDelete" time="0,000" classname="cviceni.StringBuilderAndBufferTest"/>
  <testcase name="testBuilderAppend" time="0,001" classname="cviceni.StringBuilderAndBufferTest"/>
  <testcase name="testBuilderAppend" time="0,000" classname="cviceni.StringBuilderAndBufferTest"/>
  <testcase name="testBuilderAppend" time="0,000" classname="cviceni.StringBuilderAndBufferTest"/>
  <testcase name="testBuilderAppend" time="0,000" classname="cviceni.StringBuilderAndBufferTest"/>
  <testcase name="testBufferAppend" time="0,001" classname="cviceni.StringBuilderAndBufferTest"/>
  <testcase name="testBuilderAppendDelete" time="0,000" classname="cviceni.StringBuilderAndBufferTest"/>
  <testcase name="testBufferAppend" time="0,000" classname="cviceni.StringBuilderAndBufferTest"/>
  <testcase name="testBuilderAppendDelete" time="0,000" classname="cviceni.StringBuilderAndBufferTest"/>
  <testcase name="testBuilderAppendDelete" time="0,000" classname="cviceni.StringBuilderAndBufferTest"/>
  <testcase name="testBufferAppendDelete" time="0,000" classname="cviceni.StringBuilderAndBufferTest"/>
  <testcase name="testBuilderAppend" time="0,000" classname="cviceni.StringBuilderAndBufferTest"/>
  <testcase name="testBuilderAppend" time="0,001" classname="cviceni.StringBuilderAndBufferTest"/>
  <testcase name="testBufferAppend" time="0,000" classname="cviceni.StringBuilderAndBufferTest"/>
  <testcase name="testBuilderAppend" time="0,000" classname="cviceni.StringBuilderAndBufferTest"/>
  <testcase name="testBuilderAppendDelete" time="0,000" classname="cviceni.StringBuilderAndBufferTest"/>
  <testcase name="testBuilderAppend" time="0,001" classname="cviceni.StringBuilderAndBufferTest"/>
  <testcase name="testBuilderAppendDelete" time="0,001" classname="cviceni.StringBuilderAndBufferTest"/>
  <testcase name="testBufferAppend" time="0,027" classname="cviceni.StringBuilderAndBufferTest"/>
  <testcase name="testBuilderAppendDelete" time="0,000" classname="cviceni.StringBuilderAndBufferTest"/>
  <testcase name="testBufferAppend" time="0,000" classname="cviceni.StringBuilderAndBufferTest"/>
  <testcase name="testBuilderAppendDelete" time="0,033" classname="cviceni.StringBuilderAndBufferTest"/>
  <testcase name="testBuilderAppendDelete" time="0,000" classname="cviceni.StringBuilderAndBufferTest"/>
  <testcase name="testBufferAppendDelete" time="0,001" classname="cviceni.StringBuilderAndBufferTest"/>
  <testcase name="testBuilderAppendDelete" time="0,000" classname="cviceni.StringBuilderAndBufferTest"/>
  <testcase name="testBufferAppendDelete" time="0,000" classname="cviceni.StringBuilderAndBufferTest"/>
  <testcase name="testBuilderAppend" time="0,001" classname="cviceni.StringBuilderAndBufferTest"/>
  <testcase name="testBufferAppend" time="0,000" classname="cviceni.StringBuilderAndBufferTest"/>
  <testcase name="testBufferAppend" time="0,000" classname="cviceni.StringBuilderAndBufferTest"/>
  <testcase name="testBufferAppend" time="0,001" classname="cviceni.StringBuilderAndBufferTest"/>
  <testcase name="testBuilderAppendDelete" time="0,001" classname="cviceni.StringBuilderAndBufferTest"/>
  <testcase name="testBufferAppend" time="0,006" classname="cviceni.StringBuilderAndBufferTest"/>
  <testcase name="testBuilderAppendDelete" time="0,000" classname="cviceni.StringBuilderAndBufferTest"/>
  <testcase name="testBuilderAppendDelete" time="0,000" classname="cviceni.StringBuilderAndBufferTest"/>
  <testcase name="testBufferAppendDelete" time="0,001" classname="cviceni.StringBuilderAndBufferTest"/>
  <testcase name="testBuilderAppend" time="0,000" classname="cviceni.StringBuilderAndBufferTest"/>
  <testcase name="testBuilderAppend" time="0,000" classname="cviceni.StringBuilderAndBufferTest"/>
  <testcase name="testBuilderAppendDelete" time="0,000" classname="cviceni.StringBuilderAndBufferTest"/>
  <testcase name="testBuilderAppendDelete" time="0,000" classname="cviceni.StringBuilderAndBufferTest"/>
  <testcase name="testBufferAppend" time="0,000" classname="cviceni.StringBuilderAndBufferTest"/>
  <testcase name="testBuilderAppendDelete" time="0,000" classname="cviceni.StringBuilderAndBufferTest"/>
  <testcase name="testBufferAppend" time="0,000" classname="cviceni.StringBuilderAndBufferTest"/>
  <testcase name="testBufferAppendDelete" time="0,000" classname="cviceni.StringBuilderAndBufferTest"/>
  <testcase name="testBuilderAppendDelete" time="0,001" classname="cviceni.StringBuilderAndBufferTest"/>
  <testcase name="testBuilderAppendDelete" time="0,000" classname="cviceni.StringBuilderAndBufferTest"/>
  <testcase name="testBufferAppend" time="0,000" classname="cviceni.StringBuilderAndBufferTest"/>
  <testcase name="testBufferAppendDelete" time="0,000" classname="cviceni.StringBuilderAndBufferTest"/>
  <testcase name="testBuilderAppend" time="0,001" classname="cviceni.StringBuilderAndBufferTest"/>
  <testcase name="testBufferAppend" time="0,001" classname="cviceni.StringBuilderAndBufferTest"/>
  <testcase name="testBuilderAppend" time="0,000" classname="cviceni.StringBuilderAndBufferTest"/>
  <testcase name="testBuilderAppendDelete" time="0,002" classname="cviceni.StringBuilderAndBufferTest"/>
  <testcase name="testBuilderAppend" time="0,001" classname="cviceni.StringBuilderAndBufferTest"/>
  <testcase name="testBuilderAppend" time="0,000" classname="cviceni.StringBuilderAndBufferTest"/>
  <testcase name="testBuilderAppendDelete" time="0,000" classname="cviceni.StringBuilderAndBufferTest"/>
  <testcase name="testBufferAppendDelete" time="0,000" classname="cviceni.StringBuilderAndBufferTest"/>
  <testcase name="testBufferAppend" time="0,000" classname="cviceni.StringBuilderAndBufferTest"/>
  <testcase name="testBufferAppend" time="0,000" classname="cviceni.StringBuilderAndBufferTest"/>
  <testcase name="testBufferAppendDelete" time="0,000" classname="cviceni.StringBuilderAndBufferTest"/>
  <testcase name="testBuilderAppend" time="0,000" classname="cviceni.StringBuilderAndBufferTest"/>
  <testcase name="testBufferAppendDelete" time="0,000" classname="cviceni.StringBuilderAndBufferTest"/>
  <testcase name="testBufferAppend" time="0,001" classname="cviceni.StringBuilderAndBufferTest"/>
  <testcase name="testBuilderAppend" time="0,000" classname="cviceni.StringBuilderAndBufferTest"/>
  <testcase name="testBuilderAppendDelete" time="0,000" classname="cviceni.StringBuilderAndBufferTest"/>
  <testcase name="testBuilderAppend" time="0,001" classname="cviceni.StringBuilderAndBufferTest"/>
  <testcase name="testBuilderAppend" time="0,000" classname="cviceni.StringBuilderAndBufferTest"/>
  <testcase name="testBufferAppendDelete" time="0,001" classname="cviceni.StringBuilderAndBufferTest"/>
  <testcase name="testBuilderAppendDelete" time="0,000" classname="cviceni.StringBuilderAndBufferTest"/>
  <testcase name="testBufferAppendDelete" time="0,000" classname="cviceni.StringBuilderAndBufferTest"/>
  <testcase name="testBuilderAppend" time="0,000" classname="cviceni.StringBuilderAndBufferTest"/>
  <testcase name="testBuilderAppend" time="0,000" classname="cviceni.StringBuilderAndBufferTest"/>
  <testcase name="testBuilderAppendDelete" time="0,000" classname="cviceni.StringBuilderAndBufferTest"/>
  <testcase name="testBuilderAppend" time="0,000" classname="cviceni.StringBuilderAndBufferTest"/>
  <testcase name="testBuilderAppendDelete" time="0,000" classname="cviceni.StringBuilderAndBufferTest"/>
  <testcase name="testBuilderAppendDelete" time="0,000" classname="cviceni.StringBuilderAndBufferTest"/>
  <testcase name="testBuilderAppend" time="0,001" classname="cviceni.StringBuilderAndBufferTest"/>
  <testcase name="testBufferAppend" time="0,001" classname="cviceni.StringBuilderAndBufferTest"/>
  <testcase name="testBufferAppendDelete" time="0,000" classname="cviceni.StringBuilderAndBufferTest"/>
  <testcase name="testBuilderAppend" time="0,000" classname="cviceni.StringBuilderAndBufferTest"/>
  <testcase name="testBufferAppendDelete" time="0,000" classname="cviceni.StringBuilderAndBufferTest"/>
  <testcase name="testBuilderAppend" time="0,000" classname="cviceni.StringBuilderAndBufferTest"/>
  <testcase name="testBufferAppendDelete" time="0,000" classname="cviceni.StringBuilderAndBufferTest"/>
  <testcase name="testBuilderAppend" time="0,001" classname="cviceni.StringBuilderAndBufferTest"/>
  <testcase name="testBuilderAppendDelete" time="0,000" classname="cviceni.StringBuilderAndBufferTest"/>
  <testcase name="testBufferAppendDelete" time="0,001" classname="cviceni.StringBuilderAndBufferTest"/>
  <testcase name="testBufferAppend" time="0,000" classname="cviceni.StringBuilderAndBufferTest"/>
  <testcase name="testBufferAppend" time="0,000" classname="cviceni.StringBuilderAndBufferTest"/>
  <testcase name="testBuilderAppendDelete" time="0,000" classname="cviceni.StringBuilderAndBufferTest"/>
  <testcase name="testBufferAppend" time="0,000" classname="cviceni.StringBuilderAndBufferTest"/>
  <testcase name="testBufferAppend" time="0,000" classname="cviceni.StringBuilderAndBufferTest"/>
  <testcase name="testBufferAppend" time="0,001" classname="cviceni.StringBuilderAndBufferTest"/>
  <testcase name="testBufferAppendDelete" time="0,000" classname="cviceni.StringBuilderAndBufferTest"/>
  <testcase name="testBuilderAppendDelete" time="0,001" classname="cviceni.StringBuilderAndBufferTest"/>
  <testcase name="testBuilderAppendDelete" time="0,000" classname="cviceni.StringBuilderAndBufferTest"/>
  <testcase name="testBufferAppendDelete" time="0,000" classname="cviceni.StringBuilderAndBufferTest"/>
  <testcase name="testBufferAppend" time="0,000" classname="cviceni.StringBuilderAndBufferTest"/>
  <testcase name="testBuilderAppend" time="0,000" classname="cviceni.StringBuilderAndBufferTest"/>
  <testcase name="testBuilderAppend" time="0,000" classname="cviceni.StringBuilderAndBufferTest"/>
  <testcase name="testBufferAppend" time="0,000" classname="cviceni.StringBuilderAndBufferTest"/>
  <testcase name="testBuilderAppendDelete" time="0,000" classname="cviceni.StringBuilderAndBufferTest"/>
  <testcase name="testBuilderAppendDelete" time="0,000" classname="cviceni.StringBuilderAndBufferTest"/>
  <testcase name="testBufferAppend" time="0,000" classname="cviceni.StringBuilderAndBufferTest"/>
  <testcase name="testBuilderAppendDelete" time="0,001" classname="cviceni.StringBuilderAndBufferTest"/>
  <testcase name="testBufferAppend" time="0,001" classname="cviceni.StringBuilderAndBufferTest"/>
  <testcase name="testBufferAppendDelete" time="0,000" classname="cviceni.StringBuilderAndBufferTest"/>
  <testcase name="testBuilderAppendDelete" time="0,000" classname="cviceni.StringBuilderAndBufferTest"/>
  <testcase name="testBuilderAppendDelete" time="0,000" classname="cviceni.StringBuilderAndBufferTest"/>
  <testcase name="testBuilderAppendDelete" time="0,000" classname="cviceni.StringBuilderAndBufferTest"/>
  <testcase name="testBufferAppendDelete" time="0,000" classname="cviceni.StringBuilderAndBufferTest"/>
  <testcase name="testBuilderAppend" time="0,015" classname="cviceni.StringBuilderAndBufferTest"/>
  <testcase name="testBuilderAppendDelete" time="0,000" classname="cviceni.StringBuilderAndBufferTest"/>
  <testcase name="testBufferAppendDelete" time="0,000" classname="cviceni.StringBuilderAndBufferTest"/>
  <testcase name="testBufferAppend" time="0,000" classname="cviceni.StringBuilderAndBufferTest"/>
  <testcase name="testBufferAppendDelete" time="0,000" classname="cviceni.StringBuilderAndBufferTest"/>
  <testcase name="testBuilderAppendDelete" time="0,000" classname="cviceni.StringBuilderAndBufferTest"/>
  <testcase name="testBuilderAppend" time="0,000" classname="cviceni.StringBuilderAndBufferTest"/>
  <testcase name="testBufferAppendDelete" time="0,001" classname="cviceni.StringBuilderAndBufferTest"/>
  <testcase name="testBufferAppendDelete" time="0,000" classname="cviceni.StringBuilderAndBufferTest"/>
  <testcase name="testBuilderAppendDelete" time="0,000" classname="cviceni.StringBuilderAndBufferTest"/>
  <testcase name="testBufferAppend" time="0,001" classname="cviceni.StringBuilderAndBufferTest"/>
  <testcase name="testBufferAppendDelete" time="0,001" classname="cviceni.StringBuilderAndBufferTest"/>
  <testcase name="testBufferAppend" time="0,000" classname="cviceni.StringBuilderAndBufferTest"/>
  <testcase name="testBuilderAppendDelete" time="0,000" classname="cviceni.StringBuilderAndBufferTest"/>
  <testcase name="testBuilderAppendDelete" time="0,001" classname="cviceni.StringBuilderAndBufferTest"/>
  <testcase name="testBufferAppend" time="0,000" classname="cviceni.StringBuilderAndBufferTest"/>
  <testcase name="testBuilderAppendDelete" time="0,000" classname="cviceni.StringBuilderAndBufferTest"/>
  <testcase name="testBufferAppend" time="0,000" classname="cviceni.StringBuilderAndBufferTest"/>
  <testcase name="testBufferAppendDelete" time="0,000" classname="cviceni.StringBuilderAndBufferTest"/>
  <testcase name="testBuilderAppendDelete" time="0,000" classname="cviceni.StringBuilderAndBufferTest"/>
  <testcase name="testBufferAppend" time="0,000" classname="cviceni.StringBuilderAndBufferTest"/>
  <testcase name="testBuilderAppend" time="0,015" classname="cviceni.StringBuilderAndBufferTest"/>
  <testcase name="testBuilderAppend" time="0,000" classname="cviceni.StringBuilderAndBufferTest"/>
  <testcase name="testBufferAppendDelete" time="0,000" classname="cviceni.StringBuilderAndBufferTest"/>
  <testcase name="testBufferAppendDelete" time="0,000" classname="cviceni.StringBuilderAndBufferTest"/>
  <testcase name="testBufferAppendDelete" time="0,001" classname="cviceni.StringBuilderAndBufferTest"/>
  <testcase name="testBufferAppendDelete" time="0,001" classname="cviceni.StringBuilderAndBufferTest"/>
  <testcase name="testBufferAppend" time="0,001" classname="cviceni.StringBuilderAndBufferTest"/>
  <testcase name="testBufferAppendDelete" time="0,000" classname="cviceni.StringBuilderAndBufferTest"/>
  <testcase name="testBuilderAppendDelete" time="0,000" classname="cviceni.StringBuilderAndBufferTest"/>
  <testcase name="testBufferAppendDelete" time="0,000" classname="cviceni.StringBuilderAndBufferTest"/>
  <testcase name="testBuilderAppend" time="0,000" classname="cviceni.StringBuilderAndBufferTest"/>
  <testcase name="testBuilderAppend" time="0,000" classname="cviceni.StringBuilderAndBufferTest"/>
  <testcase name="testBufferAppendDelete" time="0,000" classname="cviceni.StringBuilderAndBufferTest"/>
  <testcase name="testBufferAppendDelete" time="0,000" classname="cviceni.StringBuilderAndBufferTest"/>
  <testcase name="testBuilderAppendDelete" time="0,000" classname="cviceni.StringBuilderAndBufferTest"/>
  <testcase name="testBuilderAppend" time="0,000" classname="cviceni.StringBuilderAndBufferTest"/>
  <testcase name="testBuilderAppendDelete" time="0,000" classname="cviceni.StringBuilderAndBufferTest"/>
  <testcase name="testBufferAppend" time="0,001" classname="cviceni.StringBuilderAndBufferTest"/>
  <testcase name="testBufferAppendDelete" time="0,000" classname="cviceni.StringBuilderAndBufferTest"/>
  <testcase name="testBuilderAppend" time="0,000" classname="cviceni.StringBuilderAndBufferTest"/>
  <testcase name="testBufferAppendDelete" time="0,001" classname="cviceni.StringBuilderAndBufferTest"/>
  <testcase name="testBuilderAppendDelete" time="0,001" classname="cviceni.StringBuilderAndBufferTest"/>
  <testcase name="testBufferAppendDelete" time="0,000" classname="cviceni.StringBuilderAndBufferTest"/>
  <testcase name="testBufferAppendDelete" time="0,001" classname="cviceni.StringBuilderAndBufferTest"/>
  <testcase name="testBufferAppend" time="0,000" classname="cviceni.StringBuilderAndBufferTest"/>
  <testcase name="testBufferAppendDelete" time="0,000" classname="cviceni.StringBuilderAndBufferTest"/>
  <testcase name="testBufferAppend" time="0,000" classname="cviceni.StringBuilderAndBufferTest"/>
  <testcase name="testBuilderAppendDelete" time="0,000" classname="cviceni.StringBuilderAndBufferTest"/>
  <testcase name="testBuilderAppendDelete" time="0,001" classname="cviceni.StringBuilderAndBufferTest"/>
  <testcase name="testBuilderAppend" time="0,000" classname="cviceni.StringBuilderAndBufferTest"/>
  <testcase name="testBufferAppendDelete" time="0,000" classname="cviceni.StringBuilderAndBufferTest"/>
  <testcase name="testBuilderAppendDelete" time="0,000" classname="cviceni.StringBuilderAndBufferTest"/>
  <testcase name="testBuilderAppendDelete" time="0,000" classname="cviceni.StringBuilderAndBufferTest"/>
  <testcase name="testBufferAppend" time="0,000" classname="cviceni.StringBuilderAndBufferTest"/>
  <testcase name="testBuilderAppend" time="0,000" classname="cviceni.StringBuilderAndBufferTest"/>
  <testcase name="testBufferAppendDelete" time="0,001" classname="cviceni.StringBuilderAndBufferTest"/>
  <testcase name="testBufferAppend" time="0,000" classname="cviceni.StringBuilderAndBufferTest"/>
  <testcase name="testBuilderAppendDelete" time="0,000" classname="cviceni.StringBuilderAndBufferTest"/>
  <testcase name="testBuilderAppendDelete" time="0,001" classname="cviceni.StringBuilderAndBufferTest"/>
  <testcase name="testBuilderAppendDelete" time="0,000" classname="cviceni.StringBuilderAndBufferTest"/>
  <testcase name="testBufferAppendDelete" time="0,000" classname="cviceni.StringBuilderAndBufferTest"/>
  <testcase name="testBuilderAppendDelete" time="0,000" classname="cviceni.StringBuilderAndBufferTest"/>
  <testcase name="testBuilderAppendDelete" time="0,000" classname="cviceni.StringBuilderAndBufferTest"/>
  <testcase name="testBuilderAppendDelete" time="0,001" classname="cviceni.StringBuilderAndBufferTest"/>
  <testcase name="testBuilderAppendDelete" time="0,000" classname="cviceni.StringBuilderAndBufferTest"/>
  <testcase name="testBuilderAppendDelete" time="0,001" classname="cviceni.StringBuilderAndBufferTest"/>
  <testcase name="testBufferAppendDelete" time="0,000" classname="cviceni.StringBuilderAndBufferTest"/>
  <testcase name="testBufferAppendDelete" time="0,001" classname="cviceni.StringBuilderAndBufferTest"/>
  <testcase name="testBufferAppend" time="0,000" classname="cviceni.StringBuilderAndBufferTest"/>
  <testcase name="testBufferAppendDelete" time="0,000" classname="cviceni.StringBuilderAndBufferTest"/>
  <testcase name="testBufferAppend" time="0,001" classname="cviceni.StringBuilderAndBufferTest"/>
  <testcase name="testBuilderAppend" time="0,000" classname="cviceni.StringBuilderAndBufferTest"/>
  <testcase name="testBufferAppend" time="0,000" classname="cviceni.StringBuilderAndBufferTest"/>
  <testcase name="testBufferAppend" time="0,001" classname="cviceni.StringBuilderAndBufferTest"/>
  <testcase name="testBufferAppend" time="0,000" classname="cviceni.StringBuilderAndBufferTest"/>
  <testcase name="testBuilderAppend" time="0,001" classname="cviceni.StringBuilderAndBufferTest"/>
  <testcase name="testBufferAppend" time="0,000" classname="cviceni.StringBuilderAndBufferTest"/>
  <testcase name="testBufferAppendDelete" time="0,000" classname="cviceni.StringBuilderAndBufferTest"/>
  <testcase name="testBufferAppend" time="0,001" classname="cviceni.StringBuilderAndBufferTest"/>
  <testcase name="testBufferAppend" time="0,000" classname="cviceni.StringBuilderAndBufferTest"/>
  <testcase name="testBuilderAppendDelete" time="0,000" classname="cviceni.StringBuilderAndBufferTest"/>
  <testcase name="testBuilderAppend" time="0,000" classname="cviceni.StringBuilderAndBufferTest"/>
  <testcase name="testBuilderAppend" time="0,000" classname="cviceni.StringBuilderAndBufferTest"/>
  <testcase name="testBufferAppend" time="0,000" classname="cviceni.StringBuilderAndBufferTest"/>
  <testcase name="testBuilderAppendDelete" time="0,000" classname="cviceni.StringBuilderAndBufferTest"/>
  <testcase name="testBuilderAppendDelete" time="0,000" classname="cviceni.StringBuilderAndBufferTest"/>
  <testcase name="testBufferAppend" time="0,000" classname="cviceni.StringBuilderAndBufferTest"/>
  <testcase name="testBuilderAppendDelete" time="0,000" classname="cviceni.StringBuilderAndBufferTest"/>
  <testcase name="testBufferAppend" time="0,000" classname="cviceni.StringBuilderAndBufferTest"/>
  <testcase name="testBuilderAppendDelete" time="0,000" classname="cviceni.StringBuilderAndBufferTest"/>
  <testcase name="testBufferAppendDelete" time="0,000" classname="cviceni.StringBuilderAndBufferTest"/>
  <testcase name="testBufferAppend" time="0,000" classname="cviceni.StringBuilderAndBufferTest"/>
  <testcase name="testBufferAppend" time="0,001" classname="cviceni.StringBuilderAndBufferTest"/>
  <testcase name="testBufferAppend" time="0,000" classname="cviceni.StringBuilderAndBufferTest"/>
  <testcase name="testBufferAppendDelete" time="0,001" classname="cviceni.StringBuilderAndBufferTest"/>
  <testcase name="testBufferAppendDelete" time="0,000" classname="cviceni.StringBuilderAndBufferTest"/>
  <testcase name="testBufferAppend" time="0,001" classname="cviceni.StringBuilderAndBufferTest"/>
  <testcase name="testBufferAppendDelete" time="0,000" classname="cviceni.StringBuilderAndBufferTest"/>
  <testcase name="testBufferAppendDelete" time="0,000" classname="cviceni.StringBuilderAndBufferTest"/>
  <testcase name="testBuilderAppendDelete" time="0,000" classname="cviceni.StringBuilderAndBufferTest"/>
  <testcase name="testBuilderAppend" time="0,000" classname="cviceni.StringBuilderAndBufferTest"/>
  <testcase name="testBufferAppend" time="0,000" classname="cviceni.StringBuilderAndBufferTest"/>
  <testcase name="testBufferAppend" time="0,000" classname="cviceni.StringBuilderAndBufferTest"/>
  <testcase name="testBufferAppendDelete" time="0,000" classname="cviceni.StringBuilderAndBufferTest"/>
  <testcase name="testBuilderAppend" time="0,001" classname="cviceni.StringBuilderAndBufferTest"/>
  <testcase name="testBufferAppendDelete" time="0,000" classname="cviceni.StringBuilderAndBufferTest"/>
  <testcase name="testBufferAppend" time="0,000" classname="cviceni.StringBuilderAndBufferTest"/>
  <testcase name="testBuilderAppend" time="0,000" classname="cviceni.StringBuilderAndBufferTest"/>
  <testcase name="testBuilderAppendDelete" time="0,000" classname="cviceni.StringBuilderAndBufferTest"/>
  <testcase name="testBufferAppend" time="0,000" classname="cviceni.StringBuilderAndBufferTest"/>
  <testcase name="testBufferAppend" time="0,002" classname="cviceni.StringBuilderAndBufferTest"/>
  <testcase name="testBufferAppend" time="0,000" classname="cviceni.StringBuilderAndBufferTest"/>
  <testcase name="testBuilderAppendDelete" time="0,000" classname="cviceni.StringBuilderAndBufferTest"/>
  <testcase name="testBufferAppend" time="0,001" classname="cviceni.StringBuilderAndBufferTest"/>
  <testcase name="testBuilderAppend" time="0,000" classname="cviceni.StringBuilderAndBufferTest"/>
  <testcase name="testBufferAppendDelete" time="0,000" classname="cviceni.StringBuilderAndBufferTest"/>
  <testcase name="testBufferAppendDelete" time="0,001" classname="cviceni.StringBuilderAndBufferTest"/>
  <testcase name="testBufferAppendDelete" time="0,001" classname="cviceni.StringBuilderAndBufferTest"/>
  <testcase name="testBufferAppendDelete" time="0,000" classname="cviceni.StringBuilderAndBufferTest"/>
  <testcase name="testBuilderAppendDelete" time="0,000" classname="cviceni.StringBuilderAndBufferTest"/>
  <testcase name="testBufferAppend" time="0,000" classname="cviceni.StringBuilderAndBufferTest"/>
  <testcase name="testBuilderAppend" time="0,000" classname="cviceni.StringBuilderAndBufferTest"/>
  <testcase name="testBufferAppendDelete" time="0,001" classname="cviceni.StringBuilderAndBufferTest"/>
  <testcase name="testBuilderAppend" time="0,000" classname="cviceni.StringBuilderAndBufferTest"/>
  <testcase name="testBufferAppendDelete" time="0,001" classname="cviceni.StringBuilderAndBufferTest"/>
  <testcase name="testBuilderAppend" time="0,004" classname="cviceni.StringBuilderAndBufferTest"/>
  <testcase name="testBufferAppendDelete" time="0,000" classname="cviceni.StringBuilderAndBufferTest"/>
  <testcase name="testBuilderAppend" time="0,000" classname="cviceni.StringBuilderAndBufferTest"/>
  <testcase name="testBuilderAppend" time="0,000" classname="cviceni.StringBuilderAndBufferTest"/>
  <testcase name="testBuilderAppendDelete" time="0,000" classname="cviceni.StringBuilderAndBufferTest"/>
  <testcase name="testBuilderAppend" time="0,001" classname="cviceni.StringBuilderAndBufferTest"/>
  <testcase name="testBufferAppendDelete" time="0,000" classname="cviceni.StringBuilderAndBufferTest"/>
  <testcase name="testBufferAppend" time="0,001" classname="cviceni.StringBuilderAndBufferTest"/>
  <testcase name="testBuilderAppend" time="0,000" classname="cviceni.StringBuilderAndBufferTest"/>
  <testcase name="testBufferAppendDelete" time="0,000" classname="cviceni.StringBuilderAndBufferTest"/>
  <testcase name="testBuilderAppendDelete" time="0,000" classname="cviceni.StringBuilderAndBufferTest"/>
  <testcase name="testBuilderAppendDelete" time="0,000" classname="cviceni.StringBuilderAndBufferTest"/>
  <testcase name="testBuilderAppend" time="0,000" classname="cviceni.StringBuilderAndBufferTest"/>
  <testcase name="testBufferAppendDelete" time="0,001" classname="cviceni.StringBuilderAndBufferTest"/>
  <testcase name="testBuilderAppend" time="0,000" classname="cviceni.StringBuilderAndBufferTest"/>
  <testcase name="testBufferAppendDelete" time="0,000" classname="cviceni.StringBuilderAndBufferTest"/>
  <testcase name="testBuilderAppend" time="0,000" classname="cviceni.StringBuilderAndBufferTest"/>
  <testcase name="testBuilderAppendDelete" time="0,000" classname="cviceni.StringBuilderAndBufferTest"/>
  <testcase name="testBufferAppend" time="0,000" classname="cviceni.StringBuilderAndBufferTest"/>
  <testcase name="testBufferAppend" time="0,000" classname="cviceni.StringBuilderAndBufferTest"/>
  <testcase name="testBufferAppendDelete" time="0,000" classname="cviceni.StringBuilderAndBufferTest"/>
  <testcase name="testBufferAppend" time="0,000" classname="cviceni.StringBuilderAndBufferTest"/>
  <testcase name="testBufferAppend" time="0,000" classname="cviceni.StringBuilderAndBufferTest"/>
  <testcase name="testBuilderAppendDelete" time="0,001" classname="cviceni.StringBuilderAndBufferTest"/>
  <testcase name="testBuilderAppendDelete" time="0,000" classname="cviceni.StringBuilderAndBufferTest"/>
  <testcase name="testBuilderAppendDelete" time="0,001" classname="cviceni.StringBuilderAndBufferTest"/>
  <testcase name="testBufferAppend" time="0,001" classname="cviceni.StringBuilderAndBufferTest"/>
  <testcase name="testBuilderAppend" time="0,000" classname="cviceni.StringBuilderAndBufferTest"/>
  <testcase name="testBuilderAppend" time="0,001" classname="cviceni.StringBuilderAndBufferTest"/>
  <testcase name="testBuilderAppendDelete" time="0,014" classname="cviceni.StringBuilderAndBufferTest"/>
  <testcase name="testBuilderAppendDelete" time="0,000" classname="cviceni.StringBuilderAndBufferTest"/>
  <testcase name="testBuilderAppend" time="0,000" classname="cviceni.StringBuilderAndBufferTest"/>
  <testcase name="testBuilderAppendDelete" time="0,000" classname="cviceni.StringBuilderAndBufferTest"/>
  <testcase name="testBuilderAppendDelete" time="0,000" classname="cviceni.StringBuilderAndBufferTest"/>
  <testcase name="testBuilderAppendDelete" time="0,001" classname="cviceni.StringBuilderAndBufferTest"/>
  <testcase name="testBufferAppend" time="0,000" classname="cviceni.StringBuilderAndBufferTest"/>
  <testcase name="testBufferAppendDelete" time="0,001" classname="cviceni.StringBuilderAndBufferTest"/>
  <testcase name="testBuilderAppendDelete" time="0,000" classname="cviceni.StringBuilderAndBufferTest"/>
  <testcase name="testBuilderAppendDelete" time="0,000" classname="cviceni.StringBuilderAndBufferTest"/>
  <testcase name="testBuilderAppend" time="0,001" classname="cviceni.StringBuilderAndBufferTest"/>
  <testcase name="testBufferAppend" time="0,001" classname="cviceni.StringBuilderAndBufferTest"/>
  <testcase name="testBufferAppend" time="0,001" classname="cviceni.StringBuilderAndBufferTest"/>
  <testcase name="testBuilderAppendDelete" time="0,001" classname="cviceni.StringBuilderAndBufferTest"/>
  <testcase name="testBufferAppendDelete" time="0,000" classname="cviceni.StringBuilderAndBufferTest"/>
  <testcase name="testBuilderAppend" time="0,001" classname="cviceni.StringBuilderAndBufferTest"/>
  <testcase name="testBuilderAppend" time="0,000" classname="cviceni.StringBuilderAndBufferTest"/>
  <testcase name="testBuilderAppend" time="0,000" classname="cviceni.StringBuilderAndBufferTest"/>
  <testcase name="testBufferAppendDelete" time="0,001" classname="cviceni.StringBuilderAndBufferTest"/>
  <testcase name="testBuilderAppend" time="0,000" classname="cviceni.StringBuilderAndBufferTest"/>
  <testcase name="testBuilderAppendDelete" time="0,001" classname="cviceni.StringBuilderAndBufferTest"/>
  <testcase name="testBuilderAppend" time="0,002" classname="cviceni.StringBuilderAndBufferTest"/>
  <testcase name="testBufferAppend" time="0,000" classname="cviceni.StringBuilderAndBufferTest"/>
  <testcase name="testBufferAppendDelete" time="0,001" classname="cviceni.StringBuilderAndBufferTest"/>
  <testcase name="testBufferAppendDelete" time="0,000" classname="cviceni.StringBuilderAndBufferTest"/>
  <testcase name="testBufferAppendDelete" time="0,000" classname="cviceni.StringBuilderAndBufferTest"/>
  <testcase name="testBuilderAppendDelete" time="0,000" classname="cviceni.StringBuilderAndBufferTest"/>
  <testcase name="testBufferAppend" time="0,001" classname="cviceni.StringBuilderAndBufferTest"/>
  <testcase name="testBufferAppendDelete" time="0,000" classname="cviceni.StringBuilderAndBufferTest"/>
  <testcase name="testBuilderAppendDelete" time="0,000" classname="cviceni.StringBuilderAndBufferTest"/>
  <testcase name="testBuilderAppendDelete" time="0,001" classname="cviceni.StringBuilderAndBufferTest"/>
  <testcase name="testBufferAppendDelete" time="0,001" classname="cviceni.StringBuilderAndBufferTest"/>
  <testcase name="testBuilderAppend" time="0,000" classname="cviceni.StringBuilderAndBufferTest"/>
  <testcase name="testBuilderAppendDelete" time="0,000" classname="cviceni.StringBuilderAndBufferTest"/>
  <testcase name="testBufferAppend" time="0,000" classname="cviceni.StringBuilderAndBufferTest"/>
  <testcase name="testBuilderAppendDelete" time="0,000" classname="cviceni.StringBuilderAndBufferTest"/>
  <testcase name="testBuilderAppend" time="0,001" classname="cviceni.StringBuilderAndBufferTest"/>
  <testcase name="testBufferAppendDelete" time="0,000" classname="cviceni.StringBuilderAndBufferTest"/>
  <testcase name="testBufferAppend" time="0,000" classname="cviceni.StringBuilderAndBufferTest"/>
  <testcase name="testBufferAppend" time="0,030" classname="cviceni.StringBuilderAndBufferTest"/>
  <testcase name="testBuilderAppendDelete" time="0,000" classname="cviceni.StringBuilderAndBufferTest"/>
  <testcase name="testBufferAppendDelete" time="0,001" classname="cviceni.StringBuilderAndBufferTest"/>
  <testcase name="testBuilderAppendDelete" time="0,000" classname="cviceni.StringBuilderAndBufferTest"/>
  <testcase name="testBuilderAppend" time="0,000" classname="cviceni.StringBuilderAndBufferTest"/>
  <testcase name="testBufferAppend" time="0,000" classname="cviceni.StringBuilderAndBufferTest"/>
  <testcase name="testBuilderAppendDelete" time="0,001" classname="cviceni.StringBuilderAndBufferTest"/>
  <testcase name="testBuilderAppend" time="0,000" classname="cviceni.StringBuilderAndBufferTest"/>
  <testcase name="testBufferAppend" time="0,000" classname="cviceni.StringBuilderAndBufferTest"/>
  <testcase name="testBufferAppendDelete" time="0,000" classname="cviceni.StringBuilderAndBufferTest"/>
  <testcase name="testBufferAppend" time="0,000" classname="cviceni.StringBuilderAndBufferTest"/>
  <testcase name="testBufferAppendDelete" time="0,001" classname="cviceni.StringBuilderAndBufferTest"/>
  <testcase name="testBufferAppendDelete" time="0,000" classname="cviceni.StringBuilderAndBufferTest"/>
  <testcase name="testBufferAppendDelete" time="0,001" classname="cviceni.StringBuilderAndBufferTest"/>
  <testcase name="testBuilderAppendDelete" time="0,000" classname="cviceni.StringBuilderAndBufferTest"/>
  <testcase name="testBuilderAppendDelete" time="0,000" classname="cviceni.StringBuilderAndBufferTest"/>
  <testcase name="testBufferAppend" time="0,000" classname="cviceni.StringBuilderAndBufferTest"/>
  <testcase name="testBufferAppendDelete" time="0,001" classname="cviceni.StringBuilderAndBufferTest"/>
  <testcase name="testBuilderAppendDelete" time="0,001" classname="cviceni.StringBuilderAndBufferTest"/>
  <testcase name="testBuilderAppendDelete" time="0,001" classname="cviceni.StringBuilderAndBufferTest"/>
  <testcase name="testBufferAppend" time="0,000" classname="cviceni.StringBuilderAndBufferTest"/>
  <testcase name="testBuilderAppendDelete" time="0,000" classname="cviceni.StringBuilderAndBufferTest"/>
  <testcase name="testBufferAppend" time="0,000" classname="cviceni.StringBuilderAndBufferTest"/>
  <testcase name="testBufferAppend" time="0,000" classname="cviceni.StringBuilderAndBufferTest"/>
  <testcase name="testBuilderAppendDelete" time="0,000" classname="cviceni.StringBuilderAndBufferTest"/>
  <testcase name="testBuilderAppendDelete" time="0,001" classname="cviceni.StringBuilderAndBufferTest"/>
  <testcase name="testBuilderAppendDelete" time="0,000" classname="cviceni.StringBuilderAndBufferTest"/>
  <testcase name="testBufferAppendDelete" time="0,000" classname="cviceni.StringBuilderAndBufferTest"/>
  <testcase name="testBuilderAppend" time="0,000" classname="cviceni.StringBuilderAndBufferTest"/>
  <testcase name="testBufferAppend" time="0,001" classname="cviceni.StringBuilderAndBufferTest"/>
  <testcase name="testBuilderAppendDelete" time="0,001" classname="cviceni.StringBuilderAndBufferTest"/>
  <testcase name="testBuilderAppend" time="0,021" classname="cviceni.StringBuilderAndBufferTest"/>
  <testcase name="testBuilderAppend" time="0,001" classname="cviceni.StringBuilderAndBufferTest"/>
  <testcase name="testBuilderAppendDelete" time="0,000" classname="cviceni.StringBuilderAndBufferTest"/>
  <testcase name="testBuilderAppendDelete" time="0,000" classname="cviceni.StringBuilderAndBufferTest"/>
  <testcase name="testBuilderAppendDelete" time="0,000" classname="cviceni.StringBuilderAndBufferTest"/>
  <testcase name="testBufferAppendDelete" time="0,001" classname="cviceni.StringBuilderAndBufferTest"/>
  <testcase name="testBuilderAppend" time="0,000" classname="cviceni.StringBuilderAndBufferTest"/>
  <testcase name="testBufferAppend" time="0,001" classname="cviceni.StringBuilderAndBufferTest"/>
  <testcase name="testBufferAppendDelete" time="0,000" classname="cviceni.StringBuilderAndBufferTest"/>
  <testcase name="testBufferAppend" time="0,000" classname="cviceni.StringBuilderAndBufferTest"/>
  <testcase name="testBufferAppendDelete" time="0,001" classname="cviceni.StringBuilderAndBufferTest"/>
  <testcase name="testBuilderAppendDelete" time="0,000" classname="cviceni.StringBuilderAndBufferTest"/>
  <testcase name="testBufferAppendDelete" time="0,001" classname="cviceni.StringBuilderAndBufferTest"/>
  <testcase name="testBufferAppend" time="0,001" classname="cviceni.StringBuilderAndBufferTest"/>
  <testcase name="testBuilderAppendDelete" time="0,000" classname="cviceni.StringBuilderAndBufferTest"/>
  <testcase name="testBuilderAppend" time="0,000" classname="cviceni.StringBuilderAndBufferTest"/>
  <testcase name="testBufferAppend" time="0,000" classname="cviceni.StringBuilderAndBufferTest"/>
  <testcase name="testBufferAppendDelete" time="0,000" classname="cviceni.StringBuilderAndBufferTest"/>
  <testcase name="testBufferAppendDelete" time="0,000" classname="cviceni.StringBuilderAndBufferTest"/>
  <testcase name="testBufferAppendDelete" time="0,000" classname="cviceni.StringBuilderAndBufferTest"/>
  <testcase name="testBuilderAppendDelete" time="0,001" classname="cviceni.StringBuilderAndBufferTest"/>
  <testcase name="testBuilderAppend" time="0,001" classname="cviceni.StringBuilderAndBufferTest"/>
  <testcase name="testBufferAppend" time="0,001" classname="cviceni.StringBuilderAndBufferTest"/>
  <testcase name="testBuilderAppendDelete" time="0,000" classname="cviceni.StringBuilderAndBufferTest"/>
  <testcase name="testBuilderAppend" time="0,000" classname="cviceni.StringBuilderAndBufferTest"/>
  <testcase name="testBufferAppendDelete" time="0,000" classname="cviceni.StringBuilderAndBufferTest"/>
  <testcase name="testBufferAppend" time="0,000" classname="cviceni.StringBuilderAndBufferTest"/>
  <testcase name="testBufferAppendDelete" time="0,000" classname="cviceni.StringBuilderAndBufferTest"/>
  <testcase name="testBufferAppend" time="0,000" classname="cviceni.StringBuilderAndBufferTest"/>
  <testcase name="testBufferAppend" time="0,001" classname="cviceni.StringBuilderAndBufferTest"/>
  <testcase name="testBufferAppendDelete" time="0,001" classname="cviceni.StringBuilderAndBufferTest"/>
  <testcase name="testBufferAppend" time="0,164" classname="cviceni.StringBuilderAndBufferTest"/>
  <testcase name="testBuilderAppendDelete" time="0,000" classname="cviceni.StringBuilderAndBufferTest"/>
  <testcase name="testBuilderAppend" time="0,000" classname="cviceni.StringBuilderAndBufferTest"/>
  <testcase name="testBufferAppend" time="0,001" classname="cviceni.StringBuilderAndBufferTest"/>
  <testcase name="testBufferAppendDelete" time="0,000" classname="cviceni.StringBuilderAndBufferTest"/>
  <testcase name="testBufferAppendDelete" time="0,000" classname="cviceni.StringBuilderAndBufferTest"/>
  <testcase name="testBuilderAppend" time="0,001" classname="cviceni.StringBuilderAndBufferTest"/>
  <testcase name="testBuilderAppend" time="0,000" classname="cviceni.StringBuilderAndBufferTest"/>
  <testcase name="testBuilderAppend" time="0,000" classname="cviceni.StringBuilderAndBufferTest"/>
  <testcase name="testBufferAppend" time="0,000" classname="cviceni.StringBuilderAndBufferTest"/>
  <testcase name="testBuilderAppendDelete" time="0,000" classname="cviceni.StringBuilderAndBufferTest"/>
  <testcase name="testBufferAppend" time="0,000" classname="cviceni.StringBuilderAndBufferTest"/>
  <testcase name="testBufferAppendDelete" time="0,236" classname="cviceni.StringBuilderAndBufferTest"/>
  <testcase name="testBuilderAppendDelete" time="0,000" classname="cviceni.StringBuilderAndBufferTest"/>
  <testcase name="testBufferAppend" time="0,000" classname="cviceni.StringBuilderAndBufferTest"/>
  <testcase name="testBufferAppend" time="0,000" classname="cviceni.StringBuilderAndBufferTest"/>
  <testcase name="testBuilderAppend" time="0,000" classname="cviceni.StringBuilderAndBufferTest"/>
  <testcase name="testBuilderAppendDelete" time="0,000" classname="cviceni.StringBuilderAndBufferTest"/>
  <testcase name="testBufferAppendDelete" time="0,000" classname="cviceni.StringBuilderAndBufferTest"/>
  <testcase name="testBufferAppend" time="0,000" classname="cviceni.StringBuilderAndBufferTest"/>
  <testcase name="testBuilderAppend" time="0,000" classname="cviceni.StringBuilderAndBufferTest"/>
  <testcase name="testBufferAppendDelete" time="0,001" classname="cviceni.StringBuilderAndBufferTest"/>
  <testcase name="testBufferAppend" time="0,001" classname="cviceni.StringBuilderAndBufferTest"/>
  <testcase name="testBufferAppendDelete" time="0,000" classname="cviceni.StringBuilderAndBufferTest"/>
  <testcase name="testBufferAppend" time="0,000" classname="cviceni.StringBuilderAndBufferTest"/>
  <testcase name="testBufferAppend" time="0,001" classname="cviceni.StringBuilderAndBufferTest"/>
  <testcase name="testBufferAppend" time="0,000" classname="cviceni.StringBuilderAndBufferTest"/>
  <testcase name="testBuilderAppendDelete" time="0,000" classname="cviceni.StringBuilderAndBufferTest"/>
  <testcase name="testBuilderAppendDelete" time="0,000" classname="cviceni.StringBuilderAndBufferTest"/>
  <testcase name="testBufferAppend" time="0,000" classname="cviceni.StringBuilderAndBufferTest"/>
  <testcase name="testBufferAppendDelete" time="0,000" classname="cviceni.StringBuilderAndBufferTest"/>
  <testcase name="testBuilderAppendDelete" time="0,000" classname="cviceni.StringBuilderAndBufferTest"/>
  <testcase name="testBufferAppend" time="0,000" classname="cviceni.StringBuilderAndBufferTest"/>
  <testcase name="testBuilderAppend" time="0,000" classname="cviceni.StringBuilderAndBufferTest"/>
  <testcase name="testBuilderAppendDelete" time="0,000" classname="cviceni.StringBuilderAndBufferTest"/>
  <testcase name="testBufferAppendDelete" time="0,000" classname="cviceni.StringBuilderAndBufferTest"/>
  <testcase name="testBuilderAppend" time="0,000" classname="cviceni.StringBuilderAndBufferTest"/>
  <testcase name="testBuilderAppend" time="0,001" classname="cviceni.StringBuilderAndBufferTest"/>
  <testcase name="testBuilderAppend" time="0,001" classname="cviceni.StringBuilderAndBufferTest"/>
  <testcase name="testBufferAppendDelete" time="0,000" classname="cviceni.StringBuilderAndBufferTest"/>
  <testcase name="testBuilderAppend" time="0,000" classname="cviceni.StringBuilderAndBufferTest"/>
  <testcase name="testBufferAppend" time="0,000" classname="cviceni.StringBuilderAndBufferTest"/>
  <testcase name="testBufferAppend" time="0,000" classname="cviceni.StringBuilderAndBufferTest"/>
  <testcase name="testBufferAppend" time="0,000" classname="cviceni.StringBuilderAndBufferTest"/>
  <testcase name="testBufferAppend" time="0,000" classname="cviceni.StringBuilderAndBufferTest"/>
  <testcase name="testBuilderAppend" time="0,000" classname="cviceni.StringBuilderAndBufferTest"/>
  <testcase name="testBufferAppend" time="0,000" classname="cviceni.StringBuilderAndBufferTest"/>
  <testcase name="testBufferAppendDelete" time="0,000" classname="cviceni.StringBuilderAndBufferTest"/>
  <testcase name="testBuilderAppend" time="0,000" classname="cviceni.StringBuilderAndBufferTest"/>
  <testcase name="testBuilderAppendDelete" time="0,000" classname="cviceni.StringBuilderAndBufferTest"/>
  <testcase name="testBuilderAppendDelete" time="0,000" classname="cviceni.StringBuilderAndBufferTest"/>
  <testcase name="testBufferAppendDelete" time="0,000" classname="cviceni.StringBuilderAndBufferTest"/>
  <testcase name="testBuilderAppendDelete" time="0,000" classname="cviceni.StringBuilderAndBufferTest"/>
  <testcase name="testBuilderAppendDelete" time="0,000" classname="cviceni.StringBuilderAndBufferTest"/>
  <testcase name="testBufferAppendDelete" time="0,001" classname="cviceni.StringBuilderAndBufferTest"/>
  <testcase name="testBufferAppend" time="0,000" classname="cviceni.StringBuilderAndBufferTest"/>
  <testcase name="testBuilderAppendDelete" time="0,000" classname="cviceni.StringBuilderAndBufferTest"/>
  <testcase name="testBufferAppend" time="0,000" classname="cviceni.StringBuilderAndBufferTest"/>
  <testcase name="testBufferAppend" time="0,001" classname="cviceni.StringBuilderAndBufferTest"/>
  <testcase name="testBuilderAppend" time="0,000" classname="cviceni.StringBuilderAndBufferTest"/>
  <testcase name="testBuilderAppendDelete" time="0,001" classname="cviceni.StringBuilderAndBufferTest"/>
  <testcase name="testBuilderAppend" time="0,000" classname="cviceni.StringBuilderAndBufferTest"/>
  <testcase name="testBufferAppend" time="0,000" classname="cviceni.StringBuilderAndBufferTest"/>
  <testcase name="testBuilderAppend" time="0,000" classname="cviceni.StringBuilderAndBufferTest"/>
  <testcase name="testBufferAppend" time="0,000" classname="cviceni.StringBuilderAndBufferTest"/>
  <testcase name="testBufferAppend" time="0,001" classname="cviceni.StringBuilderAndBufferTest"/>
  <testcase name="testBuilderAppend" time="0,001" classname="cviceni.StringBuilderAndBufferTest"/>
  <testcase name="testBuilderAppend" time="0,000" classname="cviceni.StringBuilderAndBufferTest"/>
  <testcase name="testBufferAppendDelete" time="0,000" classname="cviceni.StringBuilderAndBufferTest"/>
  <testcase name="testBuilderAppend" time="0,000" classname="cviceni.StringBuilderAndBufferTest"/>
  <testcase name="testBuilderAppend" time="0,000" classname="cviceni.StringBuilderAndBufferTest"/>
  <testcase name="testBuilderAppend" time="0,001" classname="cviceni.StringBuilderAndBufferTest"/>
  <testcase name="testBuilderAppendDelete" time="0,000" classname="cviceni.StringBuilderAndBufferTest"/>
  <testcase name="testBufferAppend" time="0,000" classname="cviceni.StringBuilderAndBufferTest"/>
  <testcase name="testBufferAppendDelete" time="0,000" classname="cviceni.StringBuilderAndBufferTest"/>
  <testcase name="testBuilderAppendDelete" time="0,000" classname="cviceni.StringBuilderAndBufferTest"/>
  <testcase name="testBuilderAppend" time="0,001" classname="cviceni.StringBuilderAndBufferTest"/>
  <testcase name="testBufferAppendDelete" time="0,000" classname="cviceni.StringBuilderAndBufferTest"/>
  <testcase name="testBufferAppend" time="0,000" classname="cviceni.StringBuilderAndBufferTest"/>
  <testcase name="testBufferAppend" time="0,000" classname="cviceni.StringBuilderAndBufferTest"/>
  <testcase name="testBuilderAppendDelete" time="0,000" classname="cviceni.StringBuilderAndBufferTest"/>
  <testcase name="testBuilderAppendDelete" time="0,000" classname="cviceni.StringBuilderAndBufferTest"/>
  <testcase name="testBuilderAppendDelete" time="0,000" classname="cviceni.StringBuilderAndBufferTest"/>
  <testcase name="testBufferAppend" time="0,000" classname="cviceni.StringBuilderAndBufferTest"/>
  <testcase name="testBuilderAppendDelete" time="0,426" classname="cviceni.StringBuilderAndBufferTest"/>
  <testcase name="testBufferAppendDelete" time="0,000" classname="cviceni.StringBuilderAndBufferTest"/>
  <testcase name="testBufferAppend" time="0,000" classname="cviceni.StringBuilderAndBufferTest"/>
  <testcase name="testBuilderAppend" time="0,001" classname="cviceni.StringBuilderAndBufferTest"/>
  <testcase name="testBufferAppendDelete" time="0,000" classname="cviceni.StringBuilderAndBufferTest"/>
  <testcase name="testBuilderAppendDelete" time="0,000" classname="cviceni.StringBuilderAndBufferTest"/>
  <testcase name="testBuilderAppendDelete" time="0,000" classname="cviceni.StringBuilderAndBufferTest"/>
  <testcase name="testBufferAppendDelete" time="0,001" classname="cviceni.StringBuilderAndBufferTest"/>
  <testcase name="testBuilderAppend" time="0,000" classname="cviceni.StringBuilderAndBufferTest"/>
  <testcase name="testBuilderAppendDelete" time="0,000" classname="cviceni.StringBuilderAndBufferTest"/>
  <testcase name="testBuilderAppendDelete" time="0,000" classname="cviceni.StringBuilderAndBufferTest"/>
  <testcase name="testBuilderAppend" time="0,001" classname="cviceni.StringBuilderAndBufferTest"/>
  <testcase name="testBufferAppend" time="0,001" classname="cviceni.StringBuilderAndBufferTest"/>
  <testcase name="testBufferAppendDelete" time="0,000" classname="cviceni.StringBuilderAndBufferTest"/>
  <testcase name="testBufferAppendDelete" time="0,001" classname="cviceni.StringBuilderAndBufferTest"/>
  <testcase name="testBufferAppend" time="0,000" classname="cviceni.StringBuilderAndBufferTest"/>
  <testcase name="testBuilderAppendDelete" time="0,003" classname="cviceni.StringBuilderAndBufferTest"/>
  <testcase name="testBuilderAppendDelete" time="0,000" classname="cviceni.StringBuilderAndBufferTest"/>
  <testcase name="testBuilderAppendDelete" time="0,000" classname="cviceni.StringBuilderAndBufferTest"/>
  <testcase name="testBufferAppendDelete" time="0,000" classname="cviceni.StringBuilderAndBufferTest"/>
  <testcase name="testBufferAppendDelete" time="0,000" classname="cviceni.StringBuilderAndBufferTest"/>
  <testcase name="testBufferAppend" time="0,001" classname="cviceni.StringBuilderAndBufferTest"/>
  <testcase name="testBuilderAppend" time="0,000" classname="cviceni.StringBuilderAndBufferTest"/>
  <testcase name="testBuilderAppend" time="0,000" classname="cviceni.StringBuilderAndBufferTest"/>
  <testcase name="testBuilderAppendDelete" time="0,000" classname="cviceni.StringBuilderAndBufferTest"/>
  <testcase name="testBuilderAppendDelete" time="0,000" classname="cviceni.StringBuilderAndBufferTest"/>
  <testcase name="testBuilderAppendDelete" time="0,001" classname="cviceni.StringBuilderAndBufferTest"/>
  <testcase name="testBuilderAppendDelete" time="0,000" classname="cviceni.StringBuilderAndBufferTest"/>
  <testcase name="testBuilderAppend" time="0,001" classname="cviceni.StringBuilderAndBufferTest"/>
  <testcase name="testBufferAppend" time="0,001" classname="cviceni.StringBuilderAndBufferTest"/>
  <testcase name="testBufferAppend" time="0,000" classname="cviceni.StringBuilderAndBufferTest"/>
  <testcase name="testBufferAppendDelete" time="0,336" classname="cviceni.StringBuilderAndBufferTest"/>
  <testcase name="testBufferAppend" time="0,000" classname="cviceni.StringBuilderAndBufferTest"/>
  <testcase name="testBuilderAppend" time="0,000" classname="cviceni.StringBuilderAndBufferTest"/>
  <testcase name="testBuilderAppend" time="0,000" classname="cviceni.StringBuilderAndBufferTest"/>
  <testcase name="testBufferAppend" time="0,000" classname="cviceni.StringBuilderAndBufferTest"/>
  <testcase name="testBufferAppend" time="0,000" classname="cviceni.StringBuilderAndBufferTest"/>
  <testcase name="testBufferAppendDelete" time="0,000" classname="cviceni.StringBuilderAndBufferTest"/>
  <testcase name="testBuilderAppendDelete" time="0,000" classname="cviceni.StringBuilderAndBufferTest"/>
  <testcase name="testBufferAppend" time="0,000" classname="cviceni.StringBuilderAndBufferTest"/>
  <testcase name="testBufferAppend" time="0,001" classname="cviceni.StringBuilderAndBufferTest"/>
  <testcase name="testBuilderAppend" time="0,000" classname="cviceni.StringBuilderAndBufferTest"/>
  <testcase name="testBufferAppend" time="0,001" classname="cviceni.StringBuilderAndBufferTest"/>
  <testcase name="testBufferAppendDelete" time="0,000" classname="cviceni.StringBuilderAndBufferTest"/>
  <testcase name="testBufferAppendDelete" time="0,000" classname="cviceni.StringBuilderAndBufferTest"/>
  <testcase name="testBuilderAppendDelete" time="0,000" classname="cviceni.StringBuilderAndBufferTest"/>
  <testcase name="testBuilderAppendDelete" time="0,000" classname="cviceni.StringBuilderAndBufferTest"/>
  <testcase name="testBuilderAppend" time="0,000" classname="cviceni.StringBuilderAndBufferTest"/>
  <testcase name="testBuilderAppendDelete" time="0,000" classname="cviceni.StringBuilderAndBufferTest"/>
  <testcase name="testBufferAppend" time="0,001" classname="cviceni.StringBuilderAndBufferTest"/>
  <testcase name="testBufferAppend" time="0,002" classname="cviceni.StringBuilderAndBufferTest"/>
  <testcase name="testBuilderAppendDelete" time="0,000" classname="cviceni.StringBuilderAndBufferTest"/>
  <testcase name="testBuilderAppendDelete" time="0,000" classname="cviceni.StringBuilderAndBufferTest"/>
  <testcase name="testBufferAppend" time="0,132" classname="cviceni.StringBuilderAndBufferTest"/>
  <testcase name="testBufferAppendDelete" time="0,000" classname="cviceni.StringBuilderAndBufferTest"/>
  <testcase name="testBufferAppendDelete" time="0,000" classname="cviceni.StringBuilderAndBufferTest"/>
  <testcase name="testBufferAppendDelete" time="0,001" classname="cviceni.StringBuilderAndBufferTest"/>
  <testcase name="testBuilderAppend" time="0,000" classname="cviceni.StringBuilderAndBufferTest"/>
  <testcase name="testBuilderAppend" time="0,000" classname="cviceni.StringBuilderAndBufferTest"/>
  <testcase name="testBufferAppend" time="0,000" classname="cviceni.StringBuilderAndBufferTest"/>
  <testcase name="testBuilderAppendDelete" time="0,001" classname="cviceni.StringBuilderAndBufferTest"/>
  <testcase name="testBufferAppendDelete" time="0,000" classname="cviceni.StringBuilderAndBufferTest"/>
  <testcase name="testBufferAppendDelete" time="0,000" classname="cviceni.StringBuilderAndBufferTest"/>
  <testcase name="testBufferAppend" time="0,000" classname="cviceni.StringBuilderAndBufferTest"/>
  <testcase name="testBuilderAppend" time="0,001" classname="cviceni.StringBuilderAndBufferTest"/>
  <testcase name="testBuilderAppendDelete" time="0,000" classname="cviceni.StringBuilderAndBufferTest"/>
  <testcase name="testBuilderAppendDelete" time="0,000" classname="cviceni.StringBuilderAndBufferTest"/>
  <testcase name="testBufferAppend" time="0,000" classname="cviceni.StringBuilderAndBufferTest"/>
  <testcase name="testBufferAppend" time="0,000" classname="cviceni.StringBuilderAndBufferTest"/>
  <testcase name="testBuilderAppendDelete" time="0,000" classname="cviceni.StringBuilderAndBufferTest"/>
  <testcase name="testBufferAppend" time="0,000" classname="cviceni.StringBuilderAndBufferTest"/>
  <testcase name="testBufferAppendDelete" time="0,001" classname="cviceni.StringBuilderAndBufferTest"/>
  <testcase name="testBufferAppend" time="0,000" classname="cviceni.StringBuilderAndBufferTest"/>
  <testcase name="testBuilderAppend" time="0,000" classname="cviceni.StringBuilderAndBufferTest"/>
  <testcase name="testBufferAppendDelete" time="0,000" classname="cviceni.StringBuilderAndBufferTest"/>
  <testcase name="testBuilderAppendDelete" time="0,001" classname="cviceni.StringBuilderAndBufferTest"/>
  <testcase name="testBufferAppendDelete" time="0,000" classname="cviceni.StringBuilderAndBufferTest"/>
  <testcase name="testBuilderAppend" time="0,006" classname="cviceni.StringBuilderAndBufferTest"/>
  <testcase name="testBufferAppendDelete" time="0,000" classname="cviceni.StringBuilderAndBufferTest"/>
  <testcase name="testBufferAppend" time="0,000" classname="cviceni.StringBuilderAndBufferTest"/>
  <testcase name="testBuilderAppendDelete" time="0,000" classname="cviceni.StringBuilderAndBufferTest"/>
  <testcase name="testBufferAppend" time="0,001" classname="cviceni.StringBuilderAndBufferTest"/>
  <testcase name="testBuilderAppendDelete" time="0,002" classname="cviceni.StringBuilderAndBufferTest"/>
  <testcase name="testBufferAppendDelete" time="0,000" classname="cviceni.StringBuilderAndBufferTest"/>
  <testcase name="testBufferAppend" time="0,001" classname="cviceni.StringBuilderAndBufferTest"/>
  <testcase name="testBufferAppendDelete" time="0,000" classname="cviceni.StringBuilderAndBufferTest"/>
  <testcase name="testBufferAppendDelete" time="0,001" classname="cviceni.StringBuilderAndBufferTest"/>
  <testcase name="testBufferAppend" time="0,000" classname="cviceni.StringBuilderAndBufferTest"/>
  <testcase name="testBuilderAppend" time="0,000" classname="cviceni.StringBuilderAndBufferTest"/>
  <testcase name="testBuilderAppend" time="0,001" classname="cviceni.StringBuilderAndBufferTest"/>
  <testcase name="testBuilderAppend" time="0,000" classname="cviceni.StringBuilderAndBufferTest"/>
  <testcase name="testBuilderAppend" time="0,000" classname="cviceni.StringBuilderAndBufferTest"/>
  <testcase name="testBuilderAppendDelete" time="0,000" classname="cviceni.StringBuilderAndBufferTest"/>
  <testcase name="testBuilderAppend" time="0,000" classname="cviceni.StringBuilderAndBufferTest"/>
  <testcase name="testBufferAppendDelete" time="0,000" classname="cviceni.StringBuilderAndBufferTest"/>
  <testcase name="testBufferAppendDelete" time="0,001" classname="cviceni.StringBuilderAndBufferTest"/>
  <testcase name="testBufferAppendDelete" time="0,001" classname="cviceni.StringBuilderAndBufferTest"/>
  <testcase name="testBufferAppendDelete" time="0,000" classname="cviceni.StringBuilderAndBufferTest"/>
  <testcase name="testBuilderAppendDelete" time="0,000" classname="cviceni.StringBuilderAndBufferTest"/>
  <testcase name="testBuilderAppendDelete" time="0,000" classname="cviceni.StringBuilderAndBufferTest"/>
  <testcase name="testBuilderAppend" time="0,000" classname="cviceni.StringBuilderAndBufferTest"/>
  <testcase name="testBufferAppend" time="0,000" classname="cviceni.StringBuilderAndBufferTest"/>
  <testcase name="testBufferAppend" time="0,001" classname="cviceni.StringBuilderAndBufferTest"/>
  <testcase name="testBufferAppendDelete" time="0,000" classname="cviceni.StringBuilderAndBufferTest"/>
  <testcase name="testBufferAppend" time="0,000" classname="cviceni.StringBuilderAndBufferTest"/>
  <testcase name="testBuilderAppend" time="0,000" classname="cviceni.StringBuilderAndBufferTest"/>
  <testcase name="testBuilderAppend" time="0,001" classname="cviceni.StringBuilderAndBufferTest"/>
  <testcase name="testBufferAppend" time="0,001" classname="cviceni.StringBuilderAndBufferTest"/>
  <testcase name="testBuilderAppendDelete" time="0,000" classname="cviceni.StringBuilderAndBufferTest"/>
  <testcase name="testBuilderAppend" time="0,000" classname="cviceni.StringBuilderAndBufferTest"/>
  <testcase name="testBufferAppend" time="0,000" classname="cviceni.StringBuilderAndBufferTest"/>
  <testcase name="testBuilderAppendDelete" time="0,000" classname="cviceni.StringBuilderAndBufferTest"/>
  <testcase name="testBufferAppendDelete" time="0,000" classname="cviceni.StringBuilderAndBufferTest"/>
  <testcase name="testBuilderAppend" time="0,000" classname="cviceni.StringBuilderAndBufferTest"/>
  <testcase name="testBuilderAppendDelete" time="0,000" classname="cviceni.StringBuilderAndBufferTest"/>
  <testcase name="testBuilderAppend" time="0,000" classname="cviceni.StringBuilderAndBufferTest"/>
  <testcase name="testBuilderAppend" time="0,000" classname="cviceni.StringBuilderAndBufferTest"/>
  <testcase name="testBuilderAppendDelete" time="0,000" classname="cviceni.StringBuilderAndBufferTest"/>
  <testcase name="testBufferAppendDelete" time="0,000" classname="cviceni.StringBuilderAndBufferTest"/>
  <testcase name="testBufferAppendDelete" time="0,000" classname="cviceni.StringBuilderAndBufferTest"/>
  <testcase name="testBuilderAppend" time="0,000" classname="cviceni.StringBuilderAndBufferTest"/>
  <testcase name="testBufferAppendDelete" time="0,000" classname="cviceni.StringBuilderAndBufferTest"/>
  <testcase name="testBuilderAppendDelete" time="0,000" classname="cviceni.StringBuilderAndBufferTest"/>
  <testcase name="testBuilderAppendDelete" time="0,000" classname="cviceni.StringBuilderAndBufferTest"/>
  <testcase name="testBuilderAppendDelete" time="0,000" classname="cviceni.StringBuilderAndBufferTest"/>
  <testcase name="testBufferAppend" time="0,000" classname="cviceni.StringBuilderAndBufferTest"/>
  <testcase name="testBuilderAppendDelete" time="0,030" classname="cviceni.StringBuilderAndBufferTest"/>
  <testcase name="testBuilderAppend" time="0,000" classname="cviceni.StringBuilderAndBufferTest"/>
  <testcase name="testBufferAppendDelete" time="0,000" classname="cviceni.StringBuilderAndBufferTest"/>
  <testcase name="testBuilderAppendDelete" time="0,001" classname="cviceni.StringBuilderAndBufferTest"/>
  <testcase name="testBuilderAppend" time="0,001" classname="cviceni.StringBuilderAndBufferTest"/>
  <testcase name="testBuilderAppendDelete" time="0,000" classname="cviceni.StringBuilderAndBufferTest"/>
  <testcase name="testBuilderAppend" time="0,000" classname="cviceni.StringBuilderAndBufferTest"/>
  <testcase name="testBuilderAppend" time="0,000" classname="cviceni.StringBuilderAndBufferTest"/>
  <testcase name="testBufferAppend" time="0,000" classname="cviceni.StringBuilderAndBufferTest"/>
  <testcase name="testBuilderAppend" time="0,000" classname="cviceni.StringBuilderAndBufferTest"/>
  <testcase name="testBufferAppend" time="0,000" classname="cviceni.StringBuilderAndBufferTest"/>
  <testcase name="testBuilderAppend" time="0,001" classname="cviceni.StringBuilderAndBufferTest"/>
  <testcase name="testBufferAppendDelete" time="0,000" classname="cviceni.StringBuilderAndBufferTest"/>
  <testcase name="testBufferAppendDelete" time="0,000" classname="cviceni.StringBuilderAndBufferTest"/>
  <testcase name="testBufferAppend" time="0,000" classname="cviceni.StringBuilderAndBufferTest"/>
  <testcase name="testBufferAppendDelete" time="0,001" classname="cviceni.StringBuilderAndBufferTest"/>
  <testcase name="testBufferAppend" time="0,000" classname="cviceni.StringBuilderAndBufferTest"/>
  <testcase name="testBuilderAppend" time="0,000" classname="cviceni.StringBuilderAndBufferTest"/>
  <testcase name="testBuilderAppend" time="0,000" classname="cviceni.StringBuilderAndBufferTest"/>
  <testcase name="testBuilderAppendDelete" time="0,001" classname="cviceni.StringBuilderAndBufferTest"/>
  <testcase name="testBufferAppend" time="0,000" classname="cviceni.StringBuilderAndBufferTest"/>
  <testcase name="testBuilderAppendDelete" time="0,000" classname="cviceni.StringBuilderAndBufferTest"/>
  <testcase name="testBufferAppendDelete" time="0,000" classname="cviceni.StringBuilderAndBufferTest"/>
  <testcase name="testBuilderAppend" time="0,000" classname="cviceni.StringBuilderAndBufferTest"/>
  <testcase name="testBuilderAppendDelete" time="0,000" classname="cviceni.StringBuilderAndBufferTest"/>
  <testcase name="testBuilderAppend" time="0,000" classname="cviceni.StringBuilderAndBufferTest"/>
  <testcase name="testBuilderAppend" time="0,001" classname="cviceni.StringBuilderAndBufferTest"/>
  <testcase name="testBufferAppendDelete" time="0,000" classname="cviceni.StringBuilderAndBufferTest"/>
  <testcase name="testBuilderAppend" time="0,001" classname="cviceni.StringBuilderAndBufferTest"/>
  <testcase name="testBuilderAppend" time="0,000" classname="cviceni.StringBuilderAndBufferTest"/>
  <testcase name="testBufferAppend" time="0,000" classname="cviceni.StringBuilderAndBufferTest"/>
  <testcase name="testBuilderAppendDelete" time="0,000" classname="cviceni.StringBuilderAndBufferTest"/>
  <testcase name="testBuilderAppendDelete" time="0,000" classname="cviceni.StringBuilderAndBufferTest"/>
  <testcase name="testBuilderAppend" time="0,000" classname="cviceni.StringBuilderAndBufferTest"/>
  <testcase name="testBuilderAppendDelete" time="0,000" classname="cviceni.StringBuilderAndBufferTest"/>
  <testcase name="testBuilderAppendDelete" time="0,001" classname="cviceni.StringBuilderAndBufferTest"/>
  <testcase name="testBuilderAppendDelete" time="0,000" classname="cviceni.StringBuilderAndBufferTest"/>
  <testcase name="testBufferAppendDelete" time="0,001" classname="cviceni.StringBuilderAndBufferTest"/>
  <testcase name="testBufferAppend" time="0,001" classname="cviceni.StringBuilderAndBufferTest"/>
  <testcase name="testBufferAppend" time="0,000" classname="cviceni.StringBuilderAndBufferTest"/>
  <testcase name="testBufferAppendDelete" time="0,000" classname="cviceni.StringBuilderAndBufferTest"/>
  <testcase name="testBuilderAppendDelete" time="0,001" classname="cviceni.StringBuilderAndBufferTest"/>
  <testcase name="testBuilderAppendDelete" time="0,000" classname="cviceni.StringBuilderAndBufferTest"/>
  <testcase name="testBufferAppend" time="0,000" classname="cviceni.StringBuilderAndBufferTest"/>
  <testcase name="testBufferAppend" time="0,000" classname="cviceni.StringBuilderAndBufferTest"/>
  <testcase name="testBufferAppendDelete" time="0,000" classname="cviceni.StringBuilderAndBufferTest"/>
  <testcase name="testBuilderAppend" time="0,001" classname="cviceni.StringBuilderAndBufferTest"/>
  <testcase name="testBufferAppendDelete" time="0,000" classname="cviceni.StringBuilderAndBufferTest"/>
  <testcase name="testBuilderAppendDelete" time="0,000" classname="cviceni.StringBuilderAndBufferTest"/>
  <testcase name="testBufferAppendDelete" time="0,001" classname="cviceni.StringBuilderAndBufferTest"/>
  <testcase name="testBufferAppendDelete" time="0,000" classname="cviceni.StringBuilderAndBufferTest"/>
  <testcase name="testBuilderAppendDelete" time="0,000" classname="cviceni.StringBuilderAndBufferTest"/>
  <testcase name="testBufferAppend" time="0,000" classname="cviceni.StringBuilderAndBufferTest"/>
  <testcase name="testBuilderAppendDelete" time="0,000" classname="cviceni.StringBuilderAndBufferTest"/>
  <testcase name="testBufferAppend" time="0,000" classname="cviceni.StringBuilderAndBufferTest"/>
  <testcase name="testBufferAppendDelete" time="0,000" classname="cviceni.StringBuilderAndBufferTest"/>
  <testcase name="testBuilderAppendDelete" time="0,001" classname="cviceni.StringBuilderAndBufferTest"/>
  <testcase name="testBuilderAppendDelete" time="0,000" classname="cviceni.StringBuilderAndBufferTest"/>
  <testcase name="testBuilderAppend" time="0,000" classname="cviceni.StringBuilderAndBufferTest"/>
  <testcase name="testBufferAppendDelete" time="0,000" classname="cviceni.StringBuilderAndBufferTest"/>
  <testcase name="testBuilderAppend" time="0,000" classname="cviceni.StringBuilderAndBufferTest"/>
  <testcase name="testBuilderAppendDelete" time="0,001" classname="cviceni.StringBuilderAndBufferTest"/>
  <testcase name="testBufferAppendDelete" time="0,000" classname="cviceni.StringBuilderAndBufferTest"/>
  <testcase name="testBufferAppendDelete" time="0,000" classname="cviceni.StringBuilderAndBufferTest"/>
  <testcase name="testBuilderAppend" time="0,000" classname="cviceni.StringBuilderAndBufferTest"/>
  <testcase name="testBuilderAppendDelete" time="0,000" classname="cviceni.StringBuilderAndBufferTest"/>
  <testcase name="testBufferAppend" time="0,000" classname="cviceni.StringBuilderAndBufferTest"/>
  <testcase name="testBuilderAppend" time="0,001" classname="cviceni.StringBuilderAndBufferTest"/>
  <testcase name="testBuilderAppendDelete" time="0,067" classname="cviceni.StringBuilderAndBufferTest"/>
  <testcase name="testBufferAppend" time="0,000" classname="cviceni.StringBuilderAndBufferTest"/>
  <testcase name="testBufferAppendDelete" time="0,000" classname="cviceni.StringBuilderAndBufferTest"/>
  <testcase name="testBuilderAppend" time="0,000" classname="cviceni.StringBuilderAndBufferTest"/>
  <testcase name="testBuilderAppendDelete" time="0,000" classname="cviceni.StringBuilderAndBufferTest"/>
  <testcase name="testBufferAppendDelete" time="0,000" classname="cviceni.StringBuilderAndBufferTest"/>
  <testcase name="testBufferAppendDelete" time="0,000" classname="cviceni.StringBuilderAndBufferTest"/>
  <testcase name="testBuilderAppendDelete" time="0,000" classname="cviceni.StringBuilderAndBufferTest"/>
  <testcase name="testBuilderAppendDelete" time="0,000" classname="cviceni.StringBuilderAndBufferTest"/>
  <testcase name="testBuilderAppendDelete" time="0,001" classname="cviceni.StringBuilderAndBufferTest"/>
  <testcase name="testBufferAppend" time="0,000" classname="cviceni.StringBuilderAndBufferTest"/>
  <testcase name="testBuilderAppendDelete" time="0,000" classname="cviceni.StringBuilderAndBufferTest"/>
  <testcase name="testBuilderAppendDelete" time="0,000" classname="cviceni.StringBuilderAndBufferTest"/>
  <testcase name="testBufferAppend" time="0,000" classname="cviceni.StringBuilderAndBufferTest"/>
  <testcase name="testBuilderAppend" time="0,000" classname="cviceni.StringBuilderAndBufferTest"/>
  <testcase name="testBuilderAppend" time="0,001" classname="cviceni.StringBuilderAndBufferTest"/>
  <testcase name="testBufferAppendDelete" time="0,001" classname="cviceni.StringBuilderAndBufferTest"/>
  <testcase name="testBuilderAppend" time="0,000" classname="cviceni.StringBuilderAndBufferTest"/>
  <testcase name="testBuilderAppend" time="0,001" classname="cviceni.StringBuilderAndBufferTest"/>
  <testcase name="testBufferAppendDelete" time="0,000" classname="cviceni.StringBuilderAndBufferTest"/>
  <testcase name="testBufferAppendDelete" time="0,001" classname="cviceni.StringBuilderAndBufferTest"/>
  <testcase name="testBuilderAppendDelete" time="0,000" classname="cviceni.StringBuilderAndBufferTest"/>
  <testcase name="testBuilderAppendDelete" time="0,000" classname="cviceni.StringBuilderAndBufferTest"/>
  <testcase name="testBufferAppendDelete" time="0,000" classname="cviceni.StringBuilderAndBufferTest"/>
  <testcase name="testBufferAppend" time="0,000" classname="cviceni.StringBuilderAndBufferTest"/>
  <testcase name="testBuilderAppendDelete" time="0,001" classname="cviceni.StringBuilderAndBufferTest"/>
  <testcase name="testBuilderAppend" time="0,000" classname="cviceni.StringBuilderAndBufferTest"/>
  <testcase name="testBuilderAppendDelete" time="0,001" classname="cviceni.StringBuilderAndBufferTest"/>
  <testcase name="testBufferAppend" time="0,001" classname="cviceni.StringBuilderAndBufferTest"/>
  <testcase name="testBufferAppend" time="0,000" classname="cviceni.StringBuilderAndBufferTest"/>
  <testcase name="testBuilderAppendDelete" time="0,000" classname="cviceni.StringBuilderAndBufferTest"/>
  <testcase name="testBufferAppend" time="0,000" classname="cviceni.StringBuilderAndBufferTest"/>
  <testcase name="testBufferAppendDelete" time="0,001" classname="cviceni.StringBuilderAndBufferTest"/>
  <testcase name="testBufferAppend" time="0,000" classname="cviceni.StringBuilderAndBufferTest"/>
  <testcase name="testBuilderAppend" time="0,001" classname="cviceni.StringBuilderAndBufferTest"/>
  <testcase name="testBufferAppendDelete" time="0,001" classname="cviceni.StringBuilderAndBufferTest"/>
  <testcase name="testBufferAppend" time="0,001" classname="cviceni.StringBuilderAndBufferTest"/>
  <testcase name="testBufferAppendDelete" time="0,001" classname="cviceni.StringBuilderAndBufferTest"/>
  <testcase name="testBuilderAppend" time="0,000" classname="cviceni.StringBuilderAndBufferTest"/>
  <testcase name="testBuilderAppend" time="0,000" classname="cviceni.StringBuilderAndBufferTest"/>
  <testcase name="testBufferAppendDelete" time="0,000" classname="cviceni.StringBuilderAndBufferTest"/>
  <testcase name="testBuilderAppendDelete" time="0,001" classname="cviceni.StringBuilderAndBufferTest"/>
  <testcase name="testBuilderAppendDelete" time="0,001" classname="cviceni.StringBuilderAndBufferTest"/>
  <testcase name="testBuilderAppend" time="0,000" classname="cviceni.StringBuilderAndBufferTest"/>
  <testcase name="testBuilderAppendDelete" time="0,000" classname="cviceni.StringBuilderAndBufferTest"/>
  <testcase name="testBufferAppend" time="0,000" classname="cviceni.StringBuilderAndBufferTest"/>
  <testcase name="testBufferAppendDelete" time="0,001" classname="cviceni.StringBuilderAndBufferTest"/>
  <testcase name="testBufferAppendDelete" time="0,001" classname="cviceni.StringBuilderAndBufferTest"/>
  <testcase name="testBufferAppend" time="0,000" classname="cviceni.StringBuilderAndBufferTest"/>
  <testcase name="testBuilderAppend" time="0,000" classname="cviceni.StringBuilderAndBufferTest"/>
  <testcase name="testBuilderAppendDelete" time="0,000" classname="cviceni.StringBuilderAndBufferTest"/>
  <testcase name="testBufferAppend" time="0,001" classname="cviceni.StringBuilderAndBufferTest"/>
  <testcase name="testBufferAppendDelete" time="0,001" classname="cviceni.StringBuilderAndBufferTest"/>
  <testcase name="testBuilderAppend" time="0,000" classname="cviceni.StringBuilderAndBufferTest"/>
  <testcase name="testBufferAppendDelete" time="0,000" classname="cviceni.StringBuilderAndBufferTest"/>
  <testcase name="testBufferAppend" time="0,000" classname="cviceni.StringBuilderAndBufferTest"/>
  <testcase name="testBuilderAppend" time="0,001" classname="cviceni.StringBuilderAndBufferTest"/>
  <testcase name="testBufferAppendDelete" time="0,001" classname="cviceni.StringBuilderAndBufferTest"/>
  <testcase name="testBuilderAppendDelete" time="0,000" classname="cviceni.StringBuilderAndBufferTest"/>
  <testcase name="testBufferAppendDelete" time="0,000" classname="cviceni.StringBuilderAndBufferTest"/>
  <testcase name="testBufferAppend" time="0,000" classname="cviceni.StringBuilderAndBufferTest"/>
  <testcase name="testBufferAppendDelete" time="0,000" classname="cviceni.StringBuilderAndBufferTest"/>
  <testcase name="testBuilderAppendDelete" time="0,000" classname="cviceni.StringBuilderAndBufferTest"/>
  <testcase name="testBuilderAppend" time="0,000" classname="cviceni.StringBuilderAndBufferTest"/>
  <testcase name="testBufferAppendDelete" time="0,000" classname="cviceni.StringBuilderAndBufferTest"/>
  <testcase name="testBuilderAppendDelete" time="0,000" classname="cviceni.StringBuilderAndBufferTest"/>
  <testcase name="testBuilderAppend" time="0,000" classname="cviceni.StringBuilderAndBufferTest"/>
  <testcase name="testBufferAppend" time="0,000" classname="cviceni.StringBuilderAndBufferTest"/>
  <testcase name="testBuilderAppendDelete" time="0,000" classname="cviceni.StringBuilderAndBufferTest"/>
  <testcase name="testBufferAppend" time="0,000" classname="cviceni.StringBuilderAndBufferTest"/>
  <testcase name="testBufferAppendDelete" time="0,000" classname="cviceni.StringBuilderAndBufferTest"/>
  <testcase name="testBuilderAppend" time="0,000" classname="cviceni.StringBuilderAndBufferTest"/>
  <testcase name="testBufferAppendDelete" time="0,001" classname="cviceni.StringBuilderAndBufferTest"/>
  <testcase name="testBuilderAppend" time="0,000" classname="cviceni.StringBuilderAndBufferTest"/>
  <testcase name="testBufferAppend" time="0,000" classname="cviceni.StringBuilderAndBufferTest"/>
  <testcase name="testBufferAppendDelete" time="0,000" classname="cviceni.StringBuilderAndBufferTest"/>
  <testcase name="testBuilderAppend" time="0,001" classname="cviceni.StringBuilderAndBufferTest"/>
  <testcase name="testBuilderAppend" time="0,000" classname="cviceni.StringBuilderAndBufferTest"/>
  <testcase name="testBufferAppendDelete" time="0,000" classname="cviceni.StringBuilderAndBufferTest"/>
  <testcase name="testBufferAppendDelete" time="0,000" classname="cviceni.StringBuilderAndBufferTest"/>
  <testcase name="testBufferAppendDelete" time="0,000" classname="cviceni.StringBuilderAndBufferTest"/>
  <testcase name="testBufferAppend" time="0,000" classname="cviceni.StringBuilderAndBufferTest"/>
  <testcase name="testBufferAppend" time="0,000" classname="cviceni.StringBuilderAndBufferTest"/>
  <testcase name="testBuilderAppendDelete" time="0,001" classname="cviceni.StringBuilderAndBufferTest"/>
  <testcase name="testBuilderAppendDelete" time="0,000" classname="cviceni.StringBuilderAndBufferTest"/>
  <testcase name="testBufferAppend" time="0,000" classname="cviceni.StringBuilderAndBufferTest"/>
  <testcase name="testBuilderAppendDelete" time="0,000" classname="cviceni.StringBuilderAndBufferTest"/>
  <testcase name="testBuilderAppendDelete" time="0,001" classname="cviceni.StringBuilderAndBufferTest"/>
  <testcase name="testBufferAppendDelete" time="0,000" classname="cviceni.StringBuilderAndBufferTest"/>
  <testcase name="testBuilderAppend" time="0,000" classname="cviceni.StringBuilderAndBufferTest"/>
  <testcase name="testBuilderAppendDelete" time="0,000" classname="cviceni.StringBuilderAndBufferTest"/>
  <testcase name="testBuilderAppendDelete" time="0,000" classname="cviceni.StringBuilderAndBufferTest"/>
  <testcase name="testBuilderAppend" time="0,000" classname="cviceni.StringBuilderAndBufferTest"/>
  <testcase name="testBufferAppendDelete" time="0,000" classname="cviceni.StringBuilderAndBufferTest"/>
  <testcase name="testBuilderAppendDelete" time="0,001" classname="cviceni.StringBuilderAndBufferTest"/>
  <testcase name="testBufferAppendDelete" time="0,000" classname="cviceni.StringBuilderAndBufferTest"/>
  <testcase name="testBuilderAppend" time="0,001" classname="cviceni.StringBuilderAndBufferTest"/>
  <testcase name="testBuilderAppendDelete" time="0,000" classname="cviceni.StringBuilderAndBufferTest"/>
  <testcase name="testBuilderAppendDelete" time="0,000" classname="cviceni.StringBuilderAndBufferTest"/>
  <testcase name="testBuilderAppend" time="0,000" classname="cviceni.StringBuilderAndBufferTest"/>
  <testcase name="testBufferAppend" time="0,000" classname="cviceni.StringBuilderAndBufferTest"/>
  <testcase name="testBuilderAppend" time="0,001" classname="cviceni.StringBuilderAndBufferTest"/>
  <testcase name="testBufferAppend" time="0,000" classname="cviceni.StringBuilderAndBufferTest"/>
  <testcase name="testBufferAppendDelete" time="0,000" classname="cviceni.StringBuilderAndBufferTest"/>
  <testcase name="testBufferAppend" time="0,001" classname="cviceni.StringBuilderAndBufferTest"/>
  <testcase name="testBuilderAppend" time="0,001" classname="cviceni.StringBuilderAndBufferTest"/>
  <testcase name="testBuilderAppendDelete" time="0,001" classname="cviceni.StringBuilderAndBufferTest"/>
  <testcase name="testBuilderAppendDelete" time="0,000" classname="cviceni.StringBuilderAndBufferTest"/>
  <testcase name="testBufferAppend" time="0,000" classname="cviceni.StringBuilderAndBufferTest"/>
  <testcase name="testBufferAppend" time="0,001" classname="cviceni.StringBuilderAndBufferTest"/>
  <testcase name="testBufferAppendDelete" time="0,000" classname="cviceni.StringBuilderAndBufferTest"/>
  <testcase name="testBuilderAppendDelete" time="0,000" classname="cviceni.StringBuilderAndBufferTest"/>
  <testcase name="testBuilderAppend" time="0,000" classname="cviceni.StringBuilderAndBufferTest"/>
  <testcase name="testBufferAppendDelete" time="0,000" classname="cviceni.StringBuilderAndBufferTest"/>
  <testcase name="testBufferAppendDelete" time="0,176" classname="cviceni.StringBuilderAndBufferTest"/>
  <testcase name="testBufferAppendDelete" time="0,000" classname="cviceni.StringBuilderAndBufferTest"/>
  <testcase name="testBuilderAppend" time="0,000" classname="cviceni.StringBuilderAndBufferTest"/>
  <testcase name="testBuilderAppendDelete" time="0,000" classname="cviceni.StringBuilderAndBufferTest"/>
  <testcase name="testBufferAppend" time="0,000" classname="cviceni.StringBuilderAndBufferTest"/>
  <testcase name="testBufferAppendDelete" time="0,000" classname="cviceni.StringBuilderAndBufferTest"/>
  <testcase name="testBuilderAppendDelete" time="0,001" classname="cviceni.StringBuilderAndBufferTest"/>
  <testcase name="testBuilderAppendDelete" time="0,001" classname="cviceni.StringBuilderAndBufferTest"/>
  <testcase name="testBuilderAppend" time="0,000" classname="cviceni.StringBuilderAndBufferTest"/>
  <testcase name="testBufferAppend" time="0,000" classname="cviceni.StringBuilderAndBufferTest"/>
  <testcase name="testBuilderAppendDelete" time="0,000" classname="cviceni.StringBuilderAndBufferTest"/>
  <testcase name="testBufferAppend" time="0,000" classname="cviceni.StringBuilderAndBufferTest"/>
  <testcase name="testBuilderAppendDelete" time="0,011" classname="cviceni.StringBuilderAndBufferTest"/>
  <testcase name="testBufferAppendDelete" time="0,000" classname="cviceni.StringBuilderAndBufferTest"/>
  <testcase name="testBuilderAppend" time="0,001" classname="cviceni.StringBuilderAndBufferTest"/>
  <testcase name="testBuilderAppend" time="0,001" classname="cviceni.StringBuilderAndBufferTest"/>
  <testcase name="testBuilderAppend" time="0,001" classname="cviceni.StringBuilderAndBufferTest"/>
  <testcase name="testBuilderAppendDelete" time="0,000" classname="cviceni.StringBuilderAndBufferTest"/>
  <testcase name="testBuilderAppend" time="0,000" classname="cviceni.StringBuilderAndBufferTest"/>
  <testcase name="testBufferAppend" time="0,000" classname="cviceni.StringBuilderAndBufferTest"/>
  <testcase name="testBufferAppend" time="0,000" classname="cviceni.StringBuilderAndBufferTest"/>
  <testcase name="testBuilderAppendDelete" time="0,024" classname="cviceni.StringBuilderAndBufferTest"/>
  <testcase name="testBufferAppend" time="0,000" classname="cviceni.StringBuilderAndBufferTest"/>
  <testcase name="testBuilderAppend" time="0,000" classname="cviceni.StringBuilderAndBufferTest"/>
  <testcase name="testBufferAppend" time="0,000" classname="cviceni.StringBuilderAndBufferTest"/>
  <testcase name="testBufferAppend" time="0,000" classname="cviceni.StringBuilderAndBufferTest"/>
  <testcase name="testBufferAppendDelete" time="0,000" classname="cviceni.StringBuilderAndBufferTest"/>
  <testcase name="testBufferAppend" time="0,000" classname="cviceni.StringBuilderAndBufferTest"/>
  <testcase name="testBufferAppendDelete" time="0,000" classname="cviceni.StringBuilderAndBufferTest"/>
  <testcase name="testBufferAppend" time="0,001" classname="cviceni.StringBuilderAndBufferTest"/>
  <testcase name="testBuilderAppend" time="0,000" classname="cviceni.StringBuilderAndBufferTest"/>
  <testcase name="testBufferAppend" time="0,167" classname="cviceni.StringBuilderAndBufferTest"/>
  <testcase name="testBuilderAppendDelete" time="0,000" classname="cviceni.StringBuilderAndBufferTest"/>
  <testcase name="testBufferAppend" time="0,000" classname="cviceni.StringBuilderAndBufferTest"/>
  <testcase name="testBuilderAppendDelete" time="0,000" classname="cviceni.StringBuilderAndBufferTest"/>
  <testcase name="testBuilderAppend" time="0,000" classname="cviceni.StringBuilderAndBufferTest"/>
  <testcase name="testBufferAppendDelete" time="0,000" classname="cviceni.StringBuilderAndBufferTest"/>
  <testcase name="testBuilderAppendDelete" time="0,001" classname="cviceni.StringBuilderAndBufferTest"/>
  <testcase name="testBufferAppend" time="0,000" classname="cviceni.StringBuilderAndBufferTest"/>
  <testcase name="testBufferAppend" time="0,000" classname="cviceni.StringBuilderAndBufferTest"/>
  <testcase name="testBufferAppend" time="0,000" classname="cviceni.StringBuilderAndBufferTest"/>
  <testcase name="testBufferAppend" time="0,000" classname="cviceni.StringBuilderAndBufferTest"/>
  <testcase name="testBuilderAppendDelete" time="0,000" classname="cviceni.StringBuilderAndBufferTest"/>
  <testcase name="testBuilderAppend" time="0,001" classname="cviceni.StringBuilderAndBufferTest"/>
  <testcase name="testBuilderAppendDelete" time="0,000" classname="cviceni.StringBuilderAndBufferTest"/>
  <testcase name="testBuilderAppend" time="0,000" classname="cviceni.StringBuilderAndBufferTest"/>
  <testcase name="testBuilderAppendDelete" time="0,001" classname="cviceni.StringBuilderAndBufferTest"/>
  <testcase name="testBufferAppend" time="0,000" classname="cviceni.StringBuilderAndBufferTest"/>
  <testcase name="testBuilderAppendDelete" time="0,000" classname="cviceni.StringBuilderAndBufferTest"/>
  <testcase name="testBuilderAppend" time="0,000" classname="cviceni.StringBuilderAndBufferTest"/>
  <testcase name="testBuilderAppend" time="0,000" classname="cviceni.StringBuilderAndBufferTest"/>
  <testcase name="testBuilderAppend" time="0,000" classname="cviceni.StringBuilderAndBufferTest"/>
  <testcase name="testBufferAppend" time="0,000" classname="cviceni.StringBuilderAndBufferTest"/>
  <testcase name="testBufferAppendDelete" time="0,001" classname="cviceni.StringBuilderAndBufferTest"/>
  <testcase name="testBufferAppendDelete" time="0,000" classname="cviceni.StringBuilderAndBufferTest"/>
  <testcase name="testBufferAppendDelete" time="0,001" classname="cviceni.StringBuilderAndBufferTest"/>
  <testcase name="testBuilderAppendDelete" time="0,000" classname="cviceni.StringBuilderAndBufferTest"/>
  <testcase name="testBufferAppend" time="0,001" classname="cviceni.StringBuilderAndBufferTest"/>
  <testcase name="testBuilderAppend" time="0,000" classname="cviceni.StringBuilderAndBufferTest"/>
  <testcase name="testBufferAppend" time="0,000" classname="cviceni.StringBuilderAndBufferTest"/>
  <testcase name="testBuilderAppendDelete" time="0,011" classname="cviceni.StringBuilderAndBufferTest"/>
  <testcase name="testBuilderAppend" time="0,000" classname="cviceni.StringBuilderAndBufferTest"/>
  <testcase name="testBuilderAppendDelete" time="0,000" classname="cviceni.StringBuilderAndBufferTest"/>
  <testcase name="testBufferAppend" time="0,000" classname="cviceni.StringBuilderAndBufferTest"/>
  <testcase name="testBuilderAppend" time="0,001" classname="cviceni.StringBuilderAndBufferTest"/>
  <testcase name="testBufferAppend" time="0,000" classname="cviceni.StringBuilderAndBufferTest"/>
  <testcase name="testBuilderAppend" time="0,000" classname="cviceni.StringBuilderAndBufferTest"/>
  <testcase name="testBuilderAppendDelete" time="0,000" classname="cviceni.StringBuilderAndBufferTest"/>
  <testcase name="testBuilderAppendDelete" time="0,000" classname="cviceni.StringBuilderAndBufferTest"/>
  <testcase name="testBufferAppendDelete" time="0,001" classname="cviceni.StringBuilderAndBufferTest"/>
  <testcase name="testBuilderAppend" time="0,000" classname="cviceni.StringBuilderAndBufferTest"/>
  <testcase name="testBuilderAppendDelete" time="0,000" classname="cviceni.StringBuilderAndBufferTest"/>
  <testcase name="testBufferAppend" time="0,000" classname="cviceni.StringBuilderAndBufferTest"/>
  <testcase name="testBuilderAppend" time="0,000" classname="cviceni.StringBuilderAndBufferTest"/>
  <testcase name="testBufferAppend" time="0,001" classname="cviceni.StringBuilderAndBufferTest"/>
  <testcase name="testBuilderAppend" time="0,000" classname="cviceni.StringBuilderAndBufferTest"/>
  <testcase name="testBufferAppendDelete" time="0,000" classname="cviceni.StringBuilderAndBufferTest"/>
  <testcase name="testBufferAppendDelete" time="0,000" classname="cviceni.StringBuilderAndBufferTest"/>
  <testcase name="testBuilderAppend" time="0,000" classname="cviceni.StringBuilderAndBufferTest"/>
  <testcase name="testBufferAppendDelete" time="0,000" classname="cviceni.StringBuilderAndBufferTest"/>
  <testcase name="testBufferAppend" time="0,000" classname="cviceni.StringBuilderAndBufferTest"/>
  <testcase name="testBuilderAppendDelete" time="0,000" classname="cviceni.StringBuilderAndBufferTest"/>
  <testcase name="testBufferAppend" time="0,001" classname="cviceni.StringBuilderAndBufferTest"/>
  <testcase name="testBuilderAppend" time="0,000" classname="cviceni.StringBuilderAndBufferTest"/>
  <testcase name="testBufferAppend" time="0,000" classname="cviceni.StringBuilderAndBufferTest"/>
  <testcase name="testBufferAppendDelete" time="0,000" classname="cviceni.StringBuilderAndBufferTest"/>
  <testcase name="testBufferAppendDelete" time="0,000" classname="cviceni.StringBuilderAndBufferTest"/>
  <testcase name="testBufferAppendDelete" time="0,000" classname="cviceni.StringBuilderAndBufferTest"/>
  <testcase name="testBufferAppend" time="0,000" classname="cviceni.StringBuilderAndBufferTest"/>
  <testcase name="testBuilderAppend" time="0,001" classname="cviceni.StringBuilderAndBufferTest"/>
  <testcase name="testBuilderAppend" time="0,000" classname="cviceni.StringBuilderAndBufferTest"/>
  <testcase name="testBufferAppendDelete" time="0,000" classname="cviceni.StringBuilderAndBufferTest"/>
  <testcase name="testBuilderAppend" time="0,000" classname="cviceni.StringBuilderAndBufferTest"/>
  <testcase name="testBuilderAppend" time="0,000" classname="cviceni.StringBuilderAndBufferTest"/>
  <testcase name="testBufferAppendDelete" time="0,001" classname="cviceni.StringBuilderAndBufferTest"/>
  <testcase name="testBufferAppendDelete" time="0,001" classname="cviceni.StringBuilderAndBufferTest"/>
  <testcase name="testBufferAppendDelete" time="0,000" classname="cviceni.StringBuilderAndBufferTest"/>
  <testcase name="testBufferAppendDelete" time="0,000" classname="cviceni.StringBuilderAndBufferTest"/>
  <testcase name="testBufferAppendDelete" time="0,000" classname="cviceni.StringBuilderAndBufferTest"/>
  <testcase name="testBufferAppendDelete" time="0,255" classname="cviceni.StringBuilderAndBufferTest"/>
  <testcase name="testBuilderAppendDelete" time="0,000" classname="cviceni.StringBuilderAndBufferTest"/>
  <testcase name="testBufferAppendDelete" time="0,000" classname="cviceni.StringBuilderAndBufferTest"/>
  <testcase name="testBufferAppendDelete" time="0,000" classname="cviceni.StringBuilderAndBufferTest"/>
  <testcase name="testBufferAppend" time="0,000" classname="cviceni.StringBuilderAndBufferTest"/>
  <testcase name="testBuilderAppendDelete" time="0,000" classname="cviceni.StringBuilderAndBufferTest"/>
  <testcase name="testBuilderAppendDelete" time="0,000" classname="cviceni.StringBuilderAndBufferTest"/>
  <testcase name="testBuilderAppend" time="0,000" classname="cviceni.StringBuilderAndBufferTest"/>
  <testcase name="testBuilderAppend" time="0,000" classname="cviceni.StringBuilderAndBufferTest"/>
  <testcase name="testBuilderAppendDelete" time="0,000" classname="cviceni.StringBuilderAndBufferTest"/>
  <testcase name="testBufferAppend" time="0,000" classname="cviceni.StringBuilderAndBufferTest"/>
  <testcase name="testBuilderAppend" time="0,008" classname="cviceni.StringBuilderAndBufferTest"/>
  <testcase name="testBuilderAppendDelete" time="0,000" classname="cviceni.StringBuilderAndBufferTest"/>
  <testcase name="testBuilderAppend" time="0,001" classname="cviceni.StringBuilderAndBufferTest"/>
  <testcase name="testBufferAppend" time="0,000" classname="cviceni.StringBuilderAndBufferTest"/>
  <testcase name="testBuilderAppendDelete" time="0,034" classname="cviceni.StringBuilderAndBufferTest"/>
  <testcase name="testBuilderAppendDelete" time="0,001" classname="cviceni.StringBuilderAndBufferTest"/>
  <testcase name="testBuilderAppend" time="0,000" classname="cviceni.StringBuilderAndBufferTest"/>
  <testcase name="testBufferAppendDelete" time="0,000" classname="cviceni.StringBuilderAndBufferTest"/>
  <testcase name="testBuilderAppendDelete" time="0,000" classname="cviceni.StringBuilderAndBufferTest"/>
  <testcase name="testBufferAppendDelete" time="0,000" classname="cviceni.StringBuilderAndBufferTest"/>
  <testcase name="testBuilderAppendDelete" time="0,001" classname="cviceni.StringBuilderAndBufferTest"/>
  <testcase name="testBuilderAppend" time="0,001" classname="cviceni.StringBuilderAndBufferTest"/>
  <testcase name="testBuilderAppend" time="0,001" classname="cviceni.StringBuilderAndBufferTest"/>
  <testcase name="testBuilderAppend" time="0,000" classname="cviceni.StringBuilderAndBufferTest"/>
  <testcase name="testBufferAppendDelete" time="0,000" classname="cviceni.StringBuilderAndBufferTest"/>
  <testcase name="testBuilderAppendDelete" time="0,000" classname="cviceni.StringBuilderAndBufferTest"/>
  <testcase name="testBufferAppend" time="0,000" classname="cviceni.StringBuilderAndBufferTest"/>
  <testcase name="testBufferAppendDelete" time="0,000" classname="cviceni.StringBuilderAndBufferTest"/>
  <testcase name="testBuilderAppendDelete" time="0,000" classname="cviceni.StringBuilderAndBufferTest"/>
  <testcase name="testBufferAppend" time="0,000" classname="cviceni.StringBuilderAndBufferTest"/>
  <testcase name="testBufferAppendDelete" time="0,000" classname="cviceni.StringBuilderAndBufferTest"/>
  <testcase name="testBuilderAppendDelete" time="0,001" classname="cviceni.StringBuilderAndBufferTest"/>
  <testcase name="testBufferAppendDelete" time="0,001" classname="cviceni.StringBuilderAndBufferTest"/>
  <testcase name="testBufferAppend" time="0,000" classname="cviceni.StringBuilderAndBufferTest"/>
  <testcase name="testBufferAppend" time="0,000" classname="cviceni.StringBuilderAndBufferTest"/>
  <testcase name="testBuilderAppend" time="0,000" classname="cviceni.StringBuilderAndBufferTest"/>
  <testcase name="testBuilderAppend" time="0,000" classname="cviceni.StringBuilderAndBufferTest"/>
  <testcase name="testBuilderAppendDelete" time="0,000" classname="cviceni.StringBuilderAndBufferTest"/>
  <testcase name="testBuilderAppendDelete" time="0,000" classname="cviceni.StringBuilderAndBufferTest"/>
  <testcase name="testBuilderAppendDelete" time="0,001" classname="cviceni.StringBuilderAndBufferTest"/>
  <testcase name="testBuilderAppendDelete" time="0,000" classname="cviceni.StringBuilderAndBufferTest"/>
  <testcase name="testBuilderAppendDelete" time="0,000" classname="cviceni.StringBuilderAndBufferTest"/>
  <testcase name="testBufferAppend" time="0,000" classname="cviceni.StringBuilderAndBufferTest"/>
  <testcase name="testBufferAppendDelete" time="0,000" classname="cviceni.StringBuilderAndBufferTest"/>
  <testcase name="testBufferAppendDelete" time="0,001" classname="cviceni.StringBuilderAndBufferTest"/>
  <testcase name="testBuilderAppend" time="0,000" classname="cviceni.StringBuilderAndBufferTest"/>
  <testcase name="testBuilderAppendDelete" time="0,000" classname="cviceni.StringBuilderAndBufferTest"/>
  <testcase name="testBufferAppendDelete" time="0,000" classname="cviceni.StringBuilderAndBufferTest"/>
  <testcase name="testBufferAppendDelete" time="0,000" classname="cviceni.StringBuilderAndBufferTest"/>
  <testcase name="testBuilderAppend" time="0,000" classname="cviceni.StringBuilderAndBufferTest"/>
  <testcase name="testBuilderAppendDelete" time="0,001" classname="cviceni.StringBuilderAndBufferTest"/>
  <testcase name="testBufferAppendDelete" time="0,000" classname="cviceni.StringBuilderAndBufferTest"/>
  <testcase name="testBufferAppendDelete" time="0,000" classname="cviceni.StringBuilderAndBufferTest"/>
  <testcase name="testBuilderAppend" time="0,000" classname="cviceni.StringBuilderAndBufferTest"/>
  <testcase name="testBufferAppend" time="0,000" classname="cviceni.StringBuilderAndBufferTest"/>
  <testcase name="testBufferAppend" time="0,000" classname="cviceni.StringBuilderAndBufferTest"/>
  <testcase name="testBuilderAppend" time="0,001" classname="cviceni.StringBuilderAndBufferTest"/>
  <testcase name="testBufferAppend" time="0,000" classname="cviceni.StringBuilderAndBufferTest"/>
  <testcase name="testBufferAppendDelete" time="0,000" classname="cviceni.StringBuilderAndBufferTest"/>
  <testcase name="testBuilderAppend" time="0,001" classname="cviceni.StringBuilderAndBufferTest"/>
  <testcase name="testBuilderAppend" time="0,000" classname="cviceni.StringBuilderAndBufferTest"/>
  <testcase name="testBufferAppendDelete" time="0,000" classname="cviceni.StringBuilderAndBufferTest"/>
  <testcase name="testBuilderAppend" time="0,000" classname="cviceni.StringBuilderAndBufferTest"/>
  <testcase name="testBuilderAppendDelete" time="0,000" classname="cviceni.StringBuilderAndBufferTest"/>
  <testcase name="testBufferAppend" time="0,000" classname="cviceni.StringBuilderAndBufferTest"/>
  <testcase name="testBuilderAppend" time="0,000" classname="cviceni.StringBuilderAndBufferTest"/>
  <testcase name="testBufferAppendDelete" time="0,001" classname="cviceni.StringBuilderAndBufferTest"/>
  <testcase name="testBufferAppendDelete" time="0,000" classname="cviceni.StringBuilderAndBufferTest"/>
  <testcase name="testBufferAppendDelete" time="0,001" classname="cviceni.StringBuilderAndBufferTest"/>
  <testcase name="testBufferAppend" time="0,000" classname="cviceni.StringBuilderAndBufferTest"/>
  <testcase name="testBuilderAppend" time="0,000" classname="cviceni.StringBuilderAndBufferTest"/>
  <testcase name="testBuilderAppend" time="0,000" classname="cviceni.StringBuilderAndBufferTest"/>
  <testcase name="testBufferAppendDelete" time="0,000" classname="cviceni.StringBuilderAndBufferTest"/>
  <testcase name="testBuilderAppendDelete" time="0,001" classname="cviceni.StringBuilderAndBufferTest"/>
  <testcase name="testBufferAppendDelete" time="0,000" classname="cviceni.StringBuilderAndBufferTest"/>
  <testcase name="testBuilderAppend" time="0,000" classname="cviceni.StringBuilderAndBufferTest"/>
  <testcase name="testBufferAppend" time="0,000" classname="cviceni.StringBuilderAndBufferTest"/>
  <testcase name="testBuilderAppend" time="0,001" classname="cviceni.StringBuilderAndBufferTest"/>
  <testcase name="testBufferAppend" time="0,000" classname="cviceni.StringBuilderAndBufferTest"/>
  <testcase name="testBuilderAppendDelete" time="0,000" classname="cviceni.StringBuilderAndBufferTest"/>
  <testcase name="testBuilderAppendDelete" time="0,001" classname="cviceni.StringBuilderAndBufferTest"/>
  <testcase name="testBufferAppend" time="0,000" classname="cviceni.StringBuilderAndBufferTest"/>
  <testcase name="testBufferAppend" time="0,000" classname="cviceni.StringBuilderAndBufferTest"/>
  <testcase name="testBufferAppend" time="0,001" classname="cviceni.StringBuilderAndBufferTest"/>
  <testcase name="testBufferAppend" time="0,000" classname="cviceni.StringBuilderAndBufferTest"/>
  <testcase name="testBufferAppendDelete" time="0,000" classname="cviceni.StringBuilderAndBufferTest"/>
  <testcase name="testBuilderAppendDelete" time="0,001" classname="cviceni.StringBuilderAndBufferTest"/>
  <testcase name="testBuilderAppend" time="0,000" classname="cviceni.StringBuilderAndBufferTest"/>
  <testcase name="testBufferAppend" time="0,000" classname="cviceni.StringBuilderAndBufferTest"/>
  <testcase name="testBuilderAppendDelete" time="0,009" classname="cviceni.StringBuilderAndBufferTest"/>
  <testcase name="testBuilderAppend" time="0,000" classname="cviceni.StringBuilderAndBufferTest"/>
  <testcase name="testBuilderAppendDelete" time="0,001" classname="cviceni.StringBuilderAndBufferTest"/>
  <testcase name="testBuilderAppendDelete" time="0,001" classname="cviceni.StringBuilderAndBufferTest"/>
  <testcase name="testBuilderAppend" time="0,000" classname="cviceni.StringBuilderAndBufferTest"/>
  <testcase name="testBufferAppend" time="0,000" classname="cviceni.StringBuilderAndBufferTest"/>
  <testcase name="testBufferAppend" time="0,000" classname="cviceni.StringBuilderAndBufferTest"/>
  <testcase name="testBuilderAppend" time="0,000" classname="cviceni.StringBuilderAndBufferTest"/>
  <testcase name="testBuilderAppend" time="0,001" classname="cviceni.StringBuilderAndBufferTest"/>
  <testcase name="testBufferAppendDelete" time="0,001" classname="cviceni.StringBuilderAndBufferTest"/>
  <testcase name="testBuilderAppend" time="0,000" classname="cviceni.StringBuilderAndBufferTest"/>
  <testcase name="testBuilderAppendDelete" time="0,057" classname="cviceni.StringBuilderAndBufferTest"/>
  <testcase name="testBufferAppendDelete" time="0,000" classname="cviceni.StringBuilderAndBufferTest"/>
  <testcase name="testBuilderAppendDelete" time="0,000" classname="cviceni.StringBuilderAndBufferTest"/>
  <testcase name="testBuilderAppend" time="0,001" classname="cviceni.StringBuilderAndBufferTest"/>
  <testcase name="testBufferAppendDelete" time="0,000" classname="cviceni.StringBuilderAndBufferTest"/>
  <testcase name="testBufferAppend" time="0,000" classname="cviceni.StringBuilderAndBufferTest"/>
  <testcase name="testBuilderAppend" time="0,000" classname="cviceni.StringBuilderAndBufferTest"/>
  <testcase name="testBuilderAppend" time="0,000" classname="cviceni.StringBuilderAndBufferTest"/>
  <testcase name="testBuilderAppendDelete" time="0,000" classname="cviceni.StringBuilderAndBufferTest"/>
  <testcase name="testBufferAppend" time="0,000" classname="cviceni.StringBuilderAndBufferTest"/>
  <testcase name="testBuilderAppend" time="0,000" classname="cviceni.StringBuilderAndBufferTest"/>
  <testcase name="testBuilderAppendDelete" time="0,000" classname="cviceni.StringBuilderAndBufferTest"/>
  <testcase name="testBuilderAppendDelete" time="0,000" classname="cviceni.StringBuilderAndBufferTest"/>
  <testcase name="testBufferAppend" time="0,000" classname="cviceni.StringBuilderAndBufferTest"/>
  <testcase name="testBuilderAppendDelete" time="0,001" classname="cviceni.StringBuilderAndBufferTest"/>
  <testcase name="testBufferAppend" time="0,000" classname="cviceni.StringBuilderAndBufferTest"/>
  <testcase name="testBuilderAppend" time="0,000" classname="cviceni.StringBuilderAndBufferTest"/>
  <testcase name="testBufferAppend" time="0,000" classname="cviceni.StringBuilderAndBufferTest"/>
  <testcase name="testBufferAppendDelete" time="0,001" classname="cviceni.StringBuilderAndBufferTest"/>
  <testcase name="testBuilderAppendDelete" time="0,000" classname="cviceni.StringBuilderAndBufferTest"/>
  <testcase name="testBufferAppendDelete" time="0,000" classname="cviceni.StringBuilderAndBufferTest"/>
  <testcase name="testBuilderAppend" time="0,000" classname="cviceni.StringBuilderAndBufferTest"/>
  <testcase name="testBufferAppendDelete" time="0,001" classname="cviceni.StringBuilderAndBufferTest"/>
  <testcase name="testBuilderAppend" time="0,001" classname="cviceni.StringBuilderAndBufferTest"/>
  <testcase name="testBufferAppendDelete" time="0,001" classname="cviceni.StringBuilderAndBufferTest"/>
  <testcase name="testBuilderAppendDelete" time="0,000" classname="cviceni.StringBuilderAndBufferTest"/>
  <testcase name="testBuilderAppendDelete" time="0,001" classname="cviceni.StringBuilderAndBufferTest"/>
  <testcase name="testBufferAppend" time="0,000" classname="cviceni.StringBuilderAndBufferTest"/>
  <testcase name="testBuilderAppend" time="0,000" classname="cviceni.StringBuilderAndBufferTest"/>
  <testcase name="testBufferAppendDelete" time="0,000" classname="cviceni.StringBuilderAndBufferTest"/>
  <testcase name="testBufferAppend" time="0,000" classname="cviceni.StringBuilderAndBufferTest"/>
  <testcase name="testBuilderAppend" time="0,001" classname="cviceni.StringBuilderAndBufferTest"/>
  <testcase name="testBufferAppend" time="0,000" classname="cviceni.StringBuilderAndBufferTest"/>
  <testcase name="testBuilderAppendDelete" time="0,000" classname="cviceni.StringBuilderAndBufferTest"/>
  <testcase name="testBufferAppend" time="0,086" classname="cviceni.StringBuilderAndBufferTest"/>
  <testcase name="testBufferAppendDelete" time="0,000" classname="cviceni.StringBuilderAndBufferTest"/>
  <testcase name="testBuilderAppendDelete" time="0,001" classname="cviceni.StringBuilderAndBufferTest"/>
  <testcase name="testBufferAppend" time="0,000" classname="cviceni.StringBuilderAndBufferTest"/>
  <testcase name="testBufferAppend" time="0,000" classname="cviceni.StringBuilderAndBufferTest"/>
  <testcase name="testBuilderAppendDelete" time="0,000" classname="cviceni.StringBuilderAndBufferTest"/>
  <testcase name="testBufferAppend" time="0,000" classname="cviceni.StringBuilderAndBufferTest"/>
  <testcase name="testBuilderAppend" time="0,001" classname="cviceni.StringBuilderAndBufferTest"/>
  <testcase name="testBufferAppend" time="0,000" classname="cviceni.StringBuilderAndBufferTest"/>
  <testcase name="testBufferAppend" time="0,000" classname="cviceni.StringBuilderAndBufferTest"/>
  <testcase name="testBufferAppendDelete" time="0,000" classname="cviceni.StringBuilderAndBufferTest"/>
  <testcase name="testBufferAppendDelete" time="0,000" classname="cviceni.StringBuilderAndBufferTest"/>
  <testcase name="testBufferAppend" time="0,001" classname="cviceni.StringBuilderAndBufferTest"/>
  <testcase name="testBufferAppend" time="0,001" classname="cviceni.StringBuilderAndBufferTest"/>
  <testcase name="testBuilderAppendDelete" time="0,000" classname="cviceni.StringBuilderAndBufferTest"/>
  <testcase name="testBuilderAppendDelete" time="0,000" classname="cviceni.StringBuilderAndBufferTest"/>
  <testcase name="testBuilderAppendDelete" time="0,000" classname="cviceni.StringBuilderAndBufferTest"/>
  <testcase name="testBufferAppendDelete" time="0,000" classname="cviceni.StringBuilderAndBufferTest"/>
  <testcase name="testBuilderAppend" time="0,001" classname="cviceni.StringBuilderAndBufferTest"/>
  <testcase name="testBuilderAppend" time="0,000" classname="cviceni.StringBuilderAndBufferTest"/>
  <testcase name="testBufferAppendDelete" time="0,000" classname="cviceni.StringBuilderAndBufferTest"/>
  <testcase name="testBufferAppendDelete" time="0,000" classname="cviceni.StringBuilderAndBufferTest"/>
  <testcase name="testBuilderAppend" time="0,169" classname="cviceni.StringBuilderAndBufferTest"/>
  <testcase name="testBuilderAppend" time="0,001" classname="cviceni.StringBuilderAndBufferTest"/>
  <testcase name="testBufferAppendDelete" time="0,000" classname="cviceni.StringBuilderAndBufferTest"/>
  <testcase name="testBuilderAppend" time="0,001" classname="cviceni.StringBuilderAndBufferTest"/>
  <testcase name="testBuilderAppend" time="0,001" classname="cviceni.StringBuilderAndBufferTest"/>
  <testcase name="testBufferAppend" time="0,000" classname="cviceni.StringBuilderAndBufferTest"/>
  <testcase name="testBufferAppendDelete" time="0,000" classname="cviceni.StringBuilderAndBufferTest"/>
  <testcase name="testBufferAppendDelete" time="0,000" classname="cviceni.StringBuilderAndBufferTest"/>
  <testcase name="testBufferAppend" time="0,001" classname="cviceni.StringBuilderAndBufferTest"/>
  <testcase name="testBufferAppend" time="0,001" classname="cviceni.StringBuilderAndBufferTest"/>
  <testcase name="testBufferAppend" time="0,000" classname="cviceni.StringBuilderAndBufferTest"/>
  <testcase name="testBuilderAppend" time="0,001" classname="cviceni.StringBuilderAndBufferTest"/>
  <testcase name="testBufferAppend" time="0,000" classname="cviceni.StringBuilderAndBufferTest"/>
  <testcase name="testBuilderAppendDelete" time="0,000" classname="cviceni.StringBuilderAndBufferTest"/>
  <testcase name="testBufferAppendDelete" time="0,000" classname="cviceni.StringBuilderAndBufferTest"/>
  <testcase name="testBufferAppend" time="0,000" classname="cviceni.StringBuilderAndBufferTest"/>
  <testcase name="testBufferAppendDelete" time="0,000" classname="cviceni.StringBuilderAndBufferTest"/>
  <testcase name="testBuilderAppendDelete" time="0,000" classname="cviceni.StringBuilderAndBufferTest"/>
  <testcase name="testBuilderAppend" time="0,000" classname="cviceni.StringBuilderAndBufferTest"/>
  <testcase name="testBufferAppendDelete" time="0,001" classname="cviceni.StringBuilderAndBufferTest"/>
  <testcase name="testBufferAppend" time="0,000" classname="cviceni.StringBuilderAndBufferTest"/>
  <testcase name="testBuilderAppendDelete" time="0,000" classname="cviceni.StringBuilderAndBufferTest"/>
  <testcase name="testBuilderAppendDelete" time="0,000" classname="cviceni.StringBuilderAndBufferTest"/>
  <testcase name="testBuilderAppend" time="0,001" classname="cviceni.StringBuilderAndBufferTest"/>
  <testcase name="testBuilderAppendDelete" time="0,001" classname="cviceni.StringBuilderAndBufferTest"/>
  <testcase name="testBuilderAppendDelete" time="0,000" classname="cviceni.StringBuilderAndBufferTest"/>
  <testcase name="testBufferAppendDelete" time="0,001" classname="cviceni.StringBuilderAndBufferTest"/>
  <testcase name="testBufferAppendDelete" time="0,001" classname="cviceni.StringBuilderAndBufferTest"/>
  <testcase name="testBuilderAppend" time="0,000" classname="cviceni.StringBuilderAndBufferTest"/>
  <testcase name="testBufferAppend" time="0,001" classname="cviceni.StringBuilderAndBufferTest"/>
  <testcase name="testBufferAppend" time="0,001" classname="cviceni.StringBuilderAndBufferTest"/>
  <testcase name="testBuilderAppend" time="0,000" classname="cviceni.StringBuilderAndBufferTest"/>
  <testcase name="testBuilderAppend" time="0,000" classname="cviceni.StringBuilderAndBufferTest"/>
  <testcase name="testBuilderAppendDelete" time="0,000" classname="cviceni.StringBuilderAndBufferTest"/>
  <testcase name="testBufferAppend" time="0,096" classname="cviceni.StringBuilderAndBufferTest"/>
  <testcase name="testBuilderAppendDelete" time="0,000" classname="cviceni.StringBuilderAndBufferTest"/>
  <testcase name="testBuilderAppend" time="0,000" classname="cviceni.StringBuilderAndBufferTest"/>
  <testcase name="testBufferAppend" time="0,000" classname="cviceni.StringBuilderAndBufferTest"/>
  <testcase name="testBufferAppend" time="0,000" classname="cviceni.StringBuilderAndBufferTest"/>
  <testcase name="testBuilderAppend" time="0,000" classname="cviceni.StringBuilderAndBufferTest"/>
  <testcase name="testBufferAppend" time="0,001" classname="cviceni.StringBuilderAndBufferTest"/>
  <testcase name="testBuilderAppend" time="0,000" classname="cviceni.StringBuilderAndBufferTest"/>
  <testcase name="testBufferAppend" time="0,000" classname="cviceni.StringBuilderAndBufferTest"/>
  <testcase name="testBuilderAppend" time="0,000" classname="cviceni.StringBuilderAndBufferTest"/>
  <testcase name="testBufferAppend" time="0,000" classname="cviceni.StringBuilderAndBufferTest"/>
  <testcase name="testBufferAppend" time="0,000" classname="cviceni.StringBuilderAndBufferTest"/>
  <testcase name="testBufferAppendDelete" time="0,000" classname="cviceni.StringBuilderAndBufferTest"/>
  <testcase name="testBufferAppendDelete" time="0,000" classname="cviceni.StringBuilderAndBufferTest"/>
  <testcase name="testBuilderAppend" time="0,000" classname="cviceni.StringBuilderAndBufferTest"/>
  <testcase name="testBuilderAppend" time="0,000" classname="cviceni.StringBuilderAndBufferTest"/>
  <testcase name="testBuilderAppend" time="0,000" classname="cviceni.StringBuilderAndBufferTest"/>
  <testcase name="testBufferAppend" time="0,001" classname="cviceni.StringBuilderAndBufferTest"/>
  <testcase name="testBuilderAppendDelete" time="0,000" classname="cviceni.StringBuilderAndBufferTest"/>
  <testcase name="testBuilderAppendDelete" time="0,001" classname="cviceni.StringBuilderAndBufferTest"/>
  <testcase name="testBufferAppend" time="0,000" classname="cviceni.StringBuilderAndBufferTest"/>
  <testcase name="testBufferAppendDelete" time="0,000" classname="cviceni.StringBuilderAndBufferTest"/>
  <testcase name="testBufferAppendDelete" time="0,000" classname="cviceni.StringBuilderAndBufferTest"/>
  <testcase name="testBufferAppendDelete" time="0,000" classname="cviceni.StringBuilderAndBufferTest"/>
  <testcase name="testBuilderAppendDelete" time="0,000" classname="cviceni.StringBuilderAndBufferTest"/>
  <testcase name="testBufferAppendDelete" time="0,000" classname="cviceni.StringBuilderAndBufferTest"/>
  <testcase name="testBufferAppendDelete" time="0,000" classname="cviceni.StringBuilderAndBufferTest"/>
  <testcase name="testBuilderAppend" time="0,000" classname="cviceni.StringBuilderAndBufferTest"/>
  <testcase name="testBufferAppendDelete" time="0,000" classname="cviceni.StringBuilderAndBufferTest"/>
  <testcase name="testBuilderAppendDelete" time="0,001" classname="cviceni.StringBuilderAndBufferTest"/>
  <testcase name="testBufferAppendDelete" time="0,001" classname="cviceni.StringBuilderAndBufferTest"/>
  <testcase name="testBuilderAppendDelete" time="0,000" classname="cviceni.StringBuilderAndBufferTest"/>
  <testcase name="testBuilderAppendDelete" time="0,001" classname="cviceni.StringBuilderAndBufferTest"/>
  <testcase name="testBufferAppendDelete" time="0,000" classname="cviceni.StringBuilderAndBufferTest"/>
  <testcase name="testBufferAppendDelete" time="0,000" classname="cviceni.StringBuilderAndBufferTest"/>
  <testcase name="testBuilderAppendDelete" time="0,000" classname="cviceni.StringBuilderAndBufferTest"/>
  <testcase name="testBuilderAppend" time="0,001" classname="cviceni.StringBuilderAndBufferTest"/>
  <testcase name="testBuilderAppend" time="0,000" classname="cviceni.StringBuilderAndBufferTest"/>
  <testcase name="testBufferAppendDelete" time="0,000" classname="cviceni.StringBuilderAndBufferTest"/>
  <testcase name="testBufferAppendDelete" time="0,000" classname="cviceni.StringBuilderAndBufferTest"/>
  <testcase name="testBufferAppendDelete" time="0,000" classname="cviceni.StringBuilderAndBufferTest"/>
  <testcase name="testBuilderAppendDelete" time="0,000" classname="cviceni.StringBuilderAndBufferTest"/>
  <testcase name="testBuilderAppendDelete" time="0,000" classname="cviceni.StringBuilderAndBufferTest"/>
  <testcase name="testBuilderAppend" time="0,005" classname="cviceni.StringBuilderAndBufferTest"/>
  <testcase name="testBufferAppend" time="0,001" classname="cviceni.StringBuilderAndBufferTest"/>
  <testcase name="testBufferAppendDelete" time="0,001" classname="cviceni.StringBuilderAndBufferTest"/>
  <testcase name="testBufferAppendDelete" time="0,000" classname="cviceni.StringBuilderAndBufferTest"/>
  <testcase name="testBuilderAppend" time="0,000" classname="cviceni.StringBuilderAndBufferTest"/>
  <testcase name="testBuilderAppend" time="0,000" classname="cviceni.StringBuilderAndBufferTest"/>
  <testcase name="testBuilderAppend" time="0,000" classname="cviceni.StringBuilderAndBufferTest"/>
  <testcase name="testBufferAppend" time="0,000" classname="cviceni.StringBuilderAndBufferTest"/>
  <testcase name="testBuilderAppendDelete" time="0,000" classname="cviceni.StringBuilderAndBufferTest"/>
  <testcase name="testBufferAppendDelete" time="0,000" classname="cviceni.StringBuilderAndBufferTest"/>
  <testcase name="testBufferAppend" time="0,001" classname="cviceni.StringBuilderAndBufferTest"/>
  <testcase name="testBufferAppendDelete" time="0,000" classname="cviceni.StringBuilderAndBufferTest"/>
  <testcase name="testBuilderAppend" time="0,000" classname="cviceni.StringBuilderAndBufferTest"/>
  <testcase name="testBuilderAppend" time="0,000" classname="cviceni.StringBuilderAndBufferTest"/>
  <testcase name="testBuilderAppend" time="0,000" classname="cviceni.StringBuilderAndBufferTest"/>
  <testcase name="testBufferAppend" time="0,001" classname="cviceni.StringBuilderAndBufferTest"/>
  <testcase name="testBuilderAppend" time="0,000" classname="cviceni.StringBuilderAndBufferTest"/>
  <testcase name="testBufferAppend" time="0,001" classname="cviceni.StringBuilderAndBufferTest"/>
  <testcase name="testBufferAppend" time="0,001" classname="cviceni.StringBuilderAndBufferTest"/>
  <testcase name="testBuilderAppendDelete" time="0,001" classname="cviceni.StringBuilderAndBufferTest"/>
  <testcase name="testBuilderAppend" time="0,000" classname="cviceni.StringBuilderAndBufferTest"/>
  <testcase name="testBuilderAppend" time="0,001" classname="cviceni.StringBuilderAndBufferTest"/>
  <testcase name="testBuilderAppendDelete" time="0,000" classname="cviceni.StringBuilderAndBufferTest"/>
  <testcase name="testBufferAppend" time="0,001" classname="cviceni.StringBuilderAndBufferTest"/>
  <testcase name="testBuilderAppendDelete" time="0,001" classname="cviceni.StringBuilderAndBufferTest"/>
  <testcase name="testBufferAppend" time="0,000" classname="cviceni.StringBuilderAndBufferTest"/>
  <testcase name="testBufferAppend" time="0,000" classname="cviceni.StringBuilderAndBufferTest"/>
  <testcase name="testBuilderAppendDelete" time="0,000" classname="cviceni.StringBuilderAndBufferTest"/>
  <testcase name="testBufferAppendDelete" time="0,001" classname="cviceni.StringBuilderAndBufferTest"/>
  <testcase name="testBuilderAppendDelete" time="0,001" classname="cviceni.StringBuilderAndBufferTest"/>
  <testcase name="testBufferAppend" time="0,001" classname="cviceni.StringBuilderAndBufferTest"/>
  <testcase name="testBuilderAppend" time="0,000" classname="cviceni.StringBuilderAndBufferTest"/>
  <testcase name="testBufferAppendDelete" time="0,001" classname="cviceni.StringBuilderAndBufferTest"/>
  <testcase name="testBufferAppend" time="0,000" classname="cviceni.StringBuilderAndBufferTest"/>
  <testcase name="testBufferAppendDelete" time="0,000" classname="cviceni.StringBuilderAndBufferTest"/>
  <testcase name="testBufferAppend" time="0,000" classname="cviceni.StringBuilderAndBufferTest"/>
  <testcase name="testBufferAppend" time="0,000" classname="cviceni.StringBuilderAndBufferTest"/>
  <testcase name="testBufferAppendDelete" time="0,000" classname="cviceni.StringBuilderAndBufferTest"/>
  <testcase name="testBuilderAppend" time="0,038" classname="cviceni.StringBuilderAndBufferTest"/>
  <testcase name="testBuilderAppend" time="0,000" classname="cviceni.StringBuilderAndBufferTest"/>
  <testcase name="testBufferAppendDelete" time="0,001" classname="cviceni.StringBuilderAndBufferTest"/>
  <testcase name="testBufferAppend" time="0,000" classname="cviceni.StringBuilderAndBufferTest"/>
  <testcase name="testBufferAppendDelete" time="0,000" classname="cviceni.StringBuilderAndBufferTest"/>
  <testcase name="testBuilderAppendDelete" time="0,002" classname="cviceni.StringBuilderAndBufferTest"/>
  <testcase name="testBuilderAppend" time="0,000" classname="cviceni.StringBuilderAndBufferTest"/>
  <testcase name="testBufferAppend" time="0,000" classname="cviceni.StringBuilderAndBufferTest"/>
  <testcase name="testBuilderAppend" time="0,001" classname="cviceni.StringBuilderAndBufferTest"/>
  <testcase name="testBufferAppendDelete" time="0,001" classname="cviceni.StringBuilderAndBufferTest"/>
  <testcase name="testBuilderAppend" time="0,000" classname="cviceni.StringBuilderAndBufferTest"/>
  <testcase name="testBuilderAppend" time="0,001" classname="cviceni.StringBuilderAndBufferTest"/>
  <testcase name="testBuilderAppendDelete" time="0,000" classname="cviceni.StringBuilderAndBufferTest"/>
  <testcase name="testBufferAppend" time="0,000" classname="cviceni.StringBuilderAndBufferTest"/>
  <testcase name="testBuilderAppendDelete" time="0,001" classname="cviceni.StringBuilderAndBufferTest"/>
  <testcase name="testBufferAppend" time="0,000" classname="cviceni.StringBuilderAndBufferTest"/>
  <testcase name="testBuilderAppend" time="0,000" classname="cviceni.StringBuilderAndBufferTest"/>
  <testcase name="testBuilderAppendDelete" time="0,001" classname="cviceni.StringBuilderAndBufferTest"/>
  <testcase name="testBufferAppend" time="0,000" classname="cviceni.StringBuilderAndBufferTest"/>
  <testcase name="testBufferAppend" time="0,001" classname="cviceni.StringBuilderAndBufferTest"/>
  <testcase name="testBuilderAppendDelete" time="0,002" classname="cviceni.StringBuilderAndBufferTest"/>
  <testcase name="testBufferAppend" time="0,000" classname="cviceni.StringBuilderAndBufferTest"/>
  <testcase name="testBuilderAppendDelete" time="0,001" classname="cviceni.StringBuilderAndBufferTest"/>
  <testcase name="testBuilderAppendDelete" time="0,001" classname="cviceni.StringBuilderAndBufferTest"/>
  <testcase name="testBufferAppend" time="0,000" classname="cviceni.StringBuilderAndBufferTest"/>
  <testcase name="testBufferAppend" time="0,000" classname="cviceni.StringBuilderAndBufferTest"/>
  <testcase name="testBuilderAppendDelete" time="0,000" classname="cviceni.StringBuilderAndBufferTest"/>
  <testcase name="testBufferAppend" time="0,001" classname="cviceni.StringBuilderAndBufferTest"/>
  <testcase name="testBuilderAppend" time="0,000" classname="cviceni.StringBuilderAndBufferTest"/>
  <testcase name="testBuilderAppend" time="0,000" classname="cviceni.StringBuilderAndBufferTest"/>
  <testcase name="testBufferAppend" time="0,000" classname="cviceni.StringBuilderAndBufferTest"/>
  <testcase name="testBufferAppend" time="0,000" classname="cviceni.StringBuilderAndBufferTest"/>
  <testcase name="testBufferAppend" time="0,028" classname="cviceni.StringBuilderAndBufferTest"/>
  <testcase name="testBufferAppendDelete" time="0,001" classname="cviceni.StringBuilderAndBufferTest"/>
  <testcase name="testBufferAppend" time="0,000" classname="cviceni.StringBuilderAndBufferTest"/>
  <testcase name="testBufferAppend" time="0,001" classname="cviceni.StringBuilderAndBufferTest"/>
  <testcase name="testBuilderAppend" time="0,000" classname="cviceni.StringBuilderAndBufferTest"/>
  <testcase name="testBuilderAppend" time="0,001" classname="cviceni.StringBuilderAndBufferTest"/>
  <testcase name="testBufferAppendDelete" time="0,000" classname="cviceni.StringBuilderAndBufferTest"/>
  <testcase name="testBuilderAppendDelete" time="0,000" classname="cviceni.StringBuilderAndBufferTest"/>
  <testcase name="testBuilderAppend" time="0,000" classname="cviceni.StringBuilderAndBufferTest"/>
  <testcase name="testBufferAppend" time="0,000" classname="cviceni.StringBuilderAndBufferTest"/>
  <testcase name="testBufferAppend" time="0,001" classname="cviceni.StringBuilderAndBufferTest"/>
  <testcase name="testBuilderAppendDelete" time="0,000" classname="cviceni.StringBuilderAndBufferTest"/>
  <testcase name="testBufferAppend" time="0,000" classname="cviceni.StringBuilderAndBufferTest"/>
  <testcase name="testBuilderAppend" time="0,000" classname="cviceni.StringBuilderAndBufferTest"/>
  <testcase name="testBufferAppend" time="0,000" classname="cviceni.StringBuilderAndBufferTest"/>
  <testcase name="testBuilderAppendDelete" time="0,000" classname="cviceni.StringBuilderAndBufferTest"/>
  <testcase name="testBufferAppend" time="0,000" classname="cviceni.StringBuilderAndBufferTest"/>
  <testcase name="testBufferAppendDelete" time="0,000" classname="cviceni.StringBuilderAndBufferTest"/>
  <testcase name="testBuilderAppendDelete" time="0,000" classname="cviceni.StringBuilderAndBufferTest"/>
  <testcase name="testBufferAppendDelete" time="0,001" classname="cviceni.StringBuilderAndBufferTest"/>
  <testcase name="testBuilderAppendDelete" time="0,000" classname="cviceni.StringBuilderAndBufferTest"/>
  <testcase name="testBuilderAppendDelete" time="0,000" classname="cviceni.StringBuilderAndBufferTest"/>
  <testcase name="testBuilderAppendDelete" time="0,000" classname="cviceni.StringBuilderAndBufferTest"/>
  <testcase name="testBufferAppendDelete" time="0,000" classname="cviceni.StringBuilderAndBufferTest"/>
  <testcase name="testBuilderAppendDelete" time="0,000" classname="cviceni.StringBuilderAndBufferTest"/>
  <testcase name="testBufferAppend" time="0,000" classname="cviceni.StringBuilderAndBufferTest"/>
  <testcase name="testBufferAppendDelete" time="0,000" classname="cviceni.StringBuilderAndBufferTest"/>
  <testcase name="testBuilderAppend" time="0,000" classname="cviceni.StringBuilderAndBufferTest"/>
  <testcase name="testBufferAppendDelete" time="0,001" classname="cviceni.StringBuilderAndBufferTest"/>
  <testcase name="testBuilderAppend" time="0,000" classname="cviceni.StringBuilderAndBufferTest"/>
  <testcase name="testBuilderAppend" time="0,000" classname="cviceni.StringBuilderAndBufferTest"/>
  <testcase name="testBuilderAppend" time="0,001" classname="cviceni.StringBuilderAndBufferTest"/>
  <testcase name="testBuilderAppendDelete" time="0,000" classname="cviceni.StringBuilderAndBufferTest"/>
  <testcase name="testBufferAppendDelete" time="0,000" classname="cviceni.StringBuilderAndBufferTest"/>
  <testcase name="testBufferAppend" time="0,001" classname="cviceni.StringBuilderAndBufferTest"/>
  <testcase name="testBuilderAppendDelete" time="0,001" classname="cviceni.StringBuilderAndBufferTest"/>
  <testcase name="testBufferAppend" time="0,000" classname="cviceni.StringBuilderAndBufferTest"/>
  <testcase name="testBufferAppend" time="0,000" classname="cviceni.StringBuilderAndBufferTest"/>
  <testcase name="testBuilderAppendDelete" time="0,001" classname="cviceni.StringBuilderAndBufferTest"/>
  <testcase name="testBufferAppend" time="0,000" classname="cviceni.StringBuilderAndBufferTest"/>
  <testcase name="testBuilderAppendDelete" time="0,000" classname="cviceni.StringBuilderAndBufferTest"/>
  <testcase name="testBufferAppend" time="0,000" classname="cviceni.StringBuilderAndBufferTest"/>
  <testcase name="testBufferAppendDelete" time="0,000" classname="cviceni.StringBuilderAndBufferTest"/>
  <testcase name="testBufferAppendDelete" time="0,000" classname="cviceni.StringBuilderAndBufferTest"/>
  <testcase name="testBufferAppend" time="0,001" classname="cviceni.StringBuilderAndBufferTest"/>
  <testcase name="testBufferAppendDelete" time="0,000" classname="cviceni.StringBuilderAndBufferTest"/>
  <testcase name="testBuilderAppendDelete" time="0,000" classname="cviceni.StringBuilderAndBufferTest"/>
  <testcase name="testBufferAppend" time="0,000" classname="cviceni.StringBuilderAndBufferTest"/>
  <testcase name="testBuilderAppendDelete" time="0,000" classname="cviceni.StringBuilderAndBufferTest"/>
  <testcase name="testBufferAppendDelete" time="0,000" classname="cviceni.StringBuilderAndBufferTest"/>
  <testcase name="testBufferAppend" time="0,000" classname="cviceni.StringBuilderAndBufferTest"/>
  <testcase name="testBufferAppend" time="0,000" classname="cviceni.StringBuilderAndBufferTest"/>
  <testcase name="testBufferAppendDelete" time="0,000" classname="cviceni.StringBuilderAndBufferTest"/>
  <testcase name="testBuilderAppend" time="0,000" classname="cviceni.StringBuilderAndBufferTest"/>
  <testcase name="testBuilderAppend" time="0,000" classname="cviceni.StringBuilderAndBufferTest"/>
  <testcase name="testBuilderAppend" time="0,000" classname="cviceni.StringBuilderAndBufferTest"/>
  <testcase name="testBufferAppend" time="0,000" classname="cviceni.StringBuilderAndBufferTest"/>
  <testcase name="testBufferAppend" time="0,000" classname="cviceni.StringBuilderAndBufferTest"/>
  <testcase name="testBuilderAppend" time="0,002" classname="cviceni.StringBuilderAndBufferTest"/>
  <testcase name="testBuilderAppendDelete" time="0,001" classname="cviceni.StringBuilderAndBufferTest"/>
  <testcase name="testBufferAppend" time="0,000" classname="cviceni.StringBuilderAndBufferTest"/>
  <testcase name="testBuilderAppend" time="0,000" classname="cviceni.StringBuilderAndBufferTest"/>
  <testcase name="testBuilderAppend" time="0,000" classname="cviceni.StringBuilderAndBufferTest"/>
  <testcase name="testBufferAppend" time="0,000" classname="cviceni.StringBuilderAndBufferTest"/>
  <testcase name="testBuilderAppendDelete" time="0,000" classname="cviceni.StringBuilderAndBufferTest"/>
  <testcase name="testBufferAppend" time="0,001" classname="cviceni.StringBuilderAndBufferTest"/>
  <testcase name="testBuilderAppendDelete" time="0,001" classname="cviceni.StringBuilderAndBufferTest"/>
  <testcase name="testBuilderAppendDelete" time="0,000" classname="cviceni.StringBuilderAndBufferTest"/>
  <testcase name="testBufferAppendDelete" time="0,000" classname="cviceni.StringBuilderAndBufferTest"/>
  <testcase name="testBuilderAppendDelete" time="0,001" classname="cviceni.StringBuilderAndBufferTest"/>
  <testcase name="testBufferAppendDelete" time="0,000" classname="cviceni.StringBuilderAndBufferTest"/>
  <testcase name="testBuilderAppend" time="0,000" classname="cviceni.StringBuilderAndBufferTest"/>
  <testcase name="testBuilderAppend" time="0,000" classname="cviceni.StringBuilderAndBufferTest"/>
  <testcase name="testBufferAppendDelete" time="0,000" classname="cviceni.StringBuilderAndBufferTest"/>
  <testcase name="testBuilderAppendDelete" time="0,000" classname="cviceni.StringBuilderAndBufferTest"/>
  <testcase name="testBufferAppendDelete" time="0,000" classname="cviceni.StringBuilderAndBufferTest"/>
  <testcase name="testBuilderAppend" time="0,000" classname="cviceni.StringBuilderAndBufferTest"/>
  <testcase name="testBuilderAppendDelete" time="0,001" classname="cviceni.StringBuilderAndBufferTest"/>
  <testcase name="testBuilderAppend" time="0,000" classname="cviceni.StringBuilderAndBufferTest"/>
  <testcase name="testBufferAppend" time="0,001" classname="cviceni.StringBuilderAndBufferTest"/>
  <testcase name="testBuilderAppend" time="0,001" classname="cviceni.StringBuilderAndBufferTest"/>
  <testcase name="testBuilderAppend" time="0,000" classname="cviceni.StringBuilderAndBufferTest"/>
  <testcase name="testBufferAppendDelete" time="0,000" classname="cviceni.StringBuilderAndBufferTest"/>
  <testcase name="testBufferAppendDelete" time="0,000" classname="cviceni.StringBuilderAndBufferTest"/>
  <testcase name="testBuilderAppend" time="0,000" classname="cviceni.StringBuilderAndBufferTest"/>
  <testcase name="testBuilderAppend" time="0,011" classname="cviceni.StringBuilderAndBufferTest"/>
  <testcase name="testBuilderAppend" time="0,017" classname="cviceni.StringBuilderAndBufferTest"/>
  <testcase name="testBufferAppend" time="0,000" classname="cviceni.StringBuilderAndBufferTest"/>
  <testcase name="testBuilderAppend" time="0,025" classname="cviceni.StringBuilderAndBufferTest"/>
  <testcase name="testBufferAppend" time="0,001" classname="cviceni.StringBuilderAndBufferTest"/>
  <testcase name="testBufferAppendDelete" time="0,001" classname="cviceni.StringBuilderAndBufferTest"/>
  <testcase name="testBufferAppendDelete" time="0,000" classname="cviceni.StringBuilderAndBufferTest"/>
  <testcase name="testBuilderAppend" time="0,000" classname="cviceni.StringBuilderAndBufferTest"/>
  <testcase name="testBufferAppendDelete" time="0,000" classname="cviceni.StringBuilderAndBufferTest"/>
  <testcase name="testBuilderAppend" time="0,000" classname="cviceni.StringBuilderAndBufferTest"/>
  <testcase name="testBufferAppendDelete" time="0,000" classname="cviceni.StringBuilderAndBufferTest"/>
  <testcase name="testBuilderAppendDelete" time="0,000" classname="cviceni.StringBuilderAndBufferTest"/>
  <testcase name="testBuilderAppendDelete" time="0,000" classname="cviceni.StringBuilderAndBufferTest"/>
  <testcase name="testBuilderAppend" time="0,000" classname="cviceni.StringBuilderAndBufferTest"/>
  <testcase name="testBufferAppend" time="0,000" classname="cviceni.StringBuilderAndBufferTest"/>
  <testcase name="testBuilderAppend" time="0,000" classname="cviceni.StringBuilderAndBufferTest"/>
  <testcase name="testBufferAppendDelete" time="0,000" classname="cviceni.StringBuilderAndBufferTest"/>
  <testcase name="testBufferAppend" time="0,000" classname="cviceni.StringBuilderAndBufferTest"/>
  <testcase name="testBuilderAppendDelete" time="0,001" classname="cviceni.StringBuilderAndBufferTest"/>
  <testcase name="testBufferAppendDelete" time="0,001" classname="cviceni.StringBuilderAndBufferTest"/>
  <testcase name="testBufferAppend" time="0,001" classname="cviceni.StringBuilderAndBufferTest"/>
  <testcase name="testBufferAppend" time="0,000" classname="cviceni.StringBuilderAndBufferTest"/>
  <testcase name="testBuilderAppendDelete" time="0,000" classname="cviceni.StringBuilderAndBufferTest"/>
  <testcase name="testBuilderAppend" time="0,001" classname="cviceni.StringBuilderAndBufferTest"/>
  <testcase name="testBufferAppend" time="0,001" classname="cviceni.StringBuilderAndBufferTest"/>
  <testcase name="testBuilderAppendDelete" time="0,000" classname="cviceni.StringBuilderAndBufferTest"/>
  <testcase name="testBufferAppendDelete" time="0,001" classname="cviceni.StringBuilderAndBufferTest"/>
  <testcase name="testBuilderAppendDelete" time="0,000" classname="cviceni.StringBuilderAndBufferTest"/>
  <testcase name="testBuilderAppend" time="0,000" classname="cviceni.StringBuilderAndBufferTest"/>
  <testcase name="testBuilderAppendDelete" time="0,000" classname="cviceni.StringBuilderAndBufferTest"/>
  <testcase name="testBufferAppend" time="0,001" classname="cviceni.StringBuilderAndBufferTest"/>
  <testcase name="testBufferAppend" time="0,000" classname="cviceni.StringBuilderAndBufferTest"/>
  <testcase name="testBufferAppendDelete" time="0,000" classname="cviceni.StringBuilderAndBufferTest"/>
  <testcase name="testBuilderAppend" time="0,000" classname="cviceni.StringBuilderAndBufferTest"/>
  <testcase name="testBuilderAppend" time="0,000" classname="cviceni.StringBuilderAndBufferTest"/>
  <testcase name="testBufferAppend" time="0,000" classname="cviceni.StringBuilderAndBufferTest"/>
  <testcase name="testBuilderAppendDelete" time="0,000" classname="cviceni.StringBuilderAndBufferTest"/>
  <testcase name="testBuilderAppendDelete" time="0,026" classname="cviceni.StringBuilderAndBufferTest"/>
  <testcase name="testBufferAppendDelete" time="0,000" classname="cviceni.StringBuilderAndBufferTest"/>
  <testcase name="testBuilderAppendDelete" time="0,001" classname="cviceni.StringBuilderAndBufferTest"/>
  <testcase name="testBuilderAppend" time="0,000" classname="cviceni.StringBuilderAndBufferTest"/>
  <testcase name="testBuilderAppend" time="0,000" classname="cviceni.StringBuilderAndBufferTest"/>
  <testcase name="testBuilderAppendDelete" time="0,000" classname="cviceni.StringBuilderAndBufferTest"/>
  <testcase name="testBuilderAppend" time="0,000" classname="cviceni.StringBuilderAndBufferTest"/>
  <testcase name="testBufferAppend" time="0,000" classname="cviceni.StringBuilderAndBufferTest"/>
  <testcase name="testBufferAppend" time="0,000" classname="cviceni.StringBuilderAndBufferTest"/>
  <testcase name="testBufferAppendDelete" time="0,000" classname="cviceni.StringBuilderAndBufferTest"/>
  <testcase name="testBuilderAppendDelete" time="0,000" classname="cviceni.StringBuilderAndBufferTest"/>
  <testcase name="testBufferAppendDelete" time="0,000" classname="cviceni.StringBuilderAndBufferTest"/>
  <testcase name="testBufferAppendDelete" time="0,000" classname="cviceni.StringBuilderAndBufferTest"/>
  <testcase name="testBufferAppendDelete" time="0,000" classname="cviceni.StringBuilderAndBufferTest"/>
  <testcase name="testBuilderAppend" time="0,000" classname="cviceni.StringBuilderAndBufferTest"/>
  <testcase name="testBufferAppendDelete" time="0,001" classname="cviceni.StringBuilderAndBufferTest"/>
  <testcase name="testBuilderAppendDelete" time="0,000" classname="cviceni.StringBuilderAndBufferTest"/>
  <testcase name="testBuilderAppend" time="0,000" classname="cviceni.StringBuilderAndBufferTest"/>
  <testcase name="testBufferAppend" time="0,001" classname="cviceni.StringBuilderAndBufferTest"/>
  <testcase name="testBuilderAppendDelete" time="0,000" classname="cviceni.StringBuilderAndBufferTest"/>
  <testcase name="testBuilderAppendDelete" time="0,000" classname="cviceni.StringBuilderAndBufferTest"/>
  <testcase name="testBufferAppend" time="0,000" classname="cviceni.StringBuilderAndBufferTest"/>
  <testcase name="testBuilderAppendDelete" time="0,000" classname="cviceni.StringBuilderAndBufferTest"/>
  <testcase name="testBuilderAppend" time="0,000" classname="cviceni.StringBuilderAndBufferTest"/>
  <testcase name="testBufferAppendDelete" time="0,001" classname="cviceni.StringBuilderAndBufferTest"/>
  <testcase name="testBufferAppend" time="0,000" classname="cviceni.StringBuilderAndBufferTest"/>
  <testcase name="testBuilderAppend" time="0,000" classname="cviceni.StringBuilderAndBufferTest"/>
  <testcase name="testBufferAppendDelete" time="0,000" classname="cviceni.StringBuilderAndBufferTest"/>
  <testcase name="testBuilderAppend" time="0,000" classname="cviceni.StringBuilderAndBufferTest"/>
  <testcase name="testBufferAppend" time="0,000" classname="cviceni.StringBuilderAndBufferTest"/>
  <testcase name="testBuilderAppendDelete" time="0,001" classname="cviceni.StringBuilderAndBufferTest"/>
  <testcase name="testBufferAppendDelete" time="0,001" classname="cviceni.StringBuilderAndBufferTest"/>
  <testcase name="testBufferAppendDelete" time="0,000" classname="cviceni.StringBuilderAndBufferTest"/>
  <testcase name="testBufferAppend" time="0,001" classname="cviceni.StringBuilderAndBufferTest"/>
  <testcase name="testBufferAppend" time="0,001" classname="cviceni.StringBuilderAndBufferTest"/>
  <testcase name="testBuilderAppend" time="0,000" classname="cviceni.StringBuilderAndBufferTest"/>
  <testcase name="testBuilderAppendDelete" time="0,000" classname="cviceni.StringBuilderAndBufferTest"/>
  <testcase name="testBufferAppend" time="0,000" classname="cviceni.StringBuilderAndBufferTest"/>
  <testcase name="testBufferAppend" time="0,000" classname="cviceni.StringBuilderAndBufferTest"/>
  <testcase name="testBuilderAppend" time="0,000" classname="cviceni.StringBuilderAndBufferTest"/>
  <testcase name="testBuilderAppend" time="0,001" classname="cviceni.StringBuilderAndBufferTest"/>
  <testcase name="testBuilderAppendDelete" time="0,000" classname="cviceni.StringBuilderAndBufferTest"/>
  <testcase name="testBuilderAppend" time="0,000" classname="cviceni.StringBuilderAndBufferTest"/>
  <testcase name="testBufferAppendDelete" time="0,001" classname="cviceni.StringBuilderAndBufferTest"/>
  <testcase name="testBufferAppendDelete" time="0,000" classname="cviceni.StringBuilderAndBufferTest"/>
  <testcase name="testBuilderAppendDelete" time="0,000" classname="cviceni.StringBuilderAndBufferTest"/>
  <testcase name="testBufferAppend" time="0,000" classname="cviceni.StringBuilderAndBufferTest"/>
  <testcase name="testBufferAppendDelete" time="0,000" classname="cviceni.StringBuilderAndBufferTest"/>
  <testcase name="testBuilderAppend" time="0,000" classname="cviceni.StringBuilderAndBufferTest"/>
  <testcase name="testBufferAppend" time="0,000" classname="cviceni.StringBuilderAndBufferTest"/>
  <testcase name="testBuilderAppend" time="0,001" classname="cviceni.StringBuilderAndBufferTest"/>
  <testcase name="testBuilderAppend" time="0,000" classname="cviceni.StringBuilderAndBufferTest"/>
  <testcase name="testBuilderAppendDelete" time="0,000" classname="cviceni.StringBuilderAndBufferTest"/>
  <testcase name="testBufferAppendDelete" time="0,000" classname="cviceni.StringBuilderAndBufferTest"/>
  <testcase name="testBuilderAppendDelete" time="0,000" classname="cviceni.StringBuilderAndBufferTest"/>
  <testcase name="testBufferAppendDelete" time="0,000" classname="cviceni.StringBuilderAndBufferTest"/>
  <testcase name="testBufferAppend" time="0,001" classname="cviceni.StringBuilderAndBufferTest"/>
  <testcase name="testBuilderAppendDelete" time="0,000" classname="cviceni.StringBuilderAndBufferTest"/>
  <testcase name="testBufferAppend" time="0,001" classname="cviceni.StringBuilderAndBufferTest"/>
  <testcase name="testBufferAppendDelete" time="0,000" classname="cviceni.StringBuilderAndBufferTest"/>
  <testcase name="testBufferAppendDelete" time="0,000" classname="cviceni.StringBuilderAndBufferTest"/>
  <testcase name="testBufferAppendDelete" time="0,000" classname="cviceni.StringBuilderAndBufferTest"/>
  <testcase name="testBuilderAppendDelete" time="0,000" classname="cviceni.StringBuilderAndBufferTest"/>
  <testcase name="testBufferAppend" time="0,000" classname="cviceni.StringBuilderAndBufferTest"/>
  <testcase name="testBufferAppend" time="0,000" classname="cviceni.StringBuilderAndBufferTest"/>
  <testcase name="testBufferAppend" time="0,000" classname="cviceni.StringBuilderAndBufferTest"/>
  <testcase name="testBuilderAppend" time="0,001" classname="cviceni.StringBuilderAndBufferTest"/>
  <testcase name="testBuilderAppend" time="0,000" classname="cviceni.StringBuilderAndBufferTest"/>
  <testcase name="testBufferAppendDelete" time="0,001" classname="cviceni.StringBuilderAndBufferTest"/>
  <testcase name="testBuilderAppendDelete" time="0,000" classname="cviceni.StringBuilderAndBufferTest"/>
  <testcase name="testBuilderAppendDelete" time="0,000" classname="cviceni.StringBuilderAndBufferTest"/>
  <testcase name="testBufferAppendDelete" time="0,000" classname="cviceni.StringBuilderAndBufferTest"/>
  <testcase name="testBuilderAppend" time="0,000" classname="cviceni.StringBuilderAndBufferTest"/>
  <testcase name="testBuilderAppend" time="0,001" classname="cviceni.StringBuilderAndBufferTest"/>
  <testcase name="testBuilderAppendDelete" time="0,016" classname="cviceni.StringBuilderAndBufferTest"/>
  <testcase name="testBuilderAppend" time="0,001" classname="cviceni.StringBuilderAndBufferTest"/>
  <testcase name="testBuilderAppendDelete" time="0,000" classname="cviceni.StringBuilderAndBufferTest"/>
  <testcase name="testBuilderAppend" time="0,000" classname="cviceni.StringBuilderAndBufferTest"/>
  <testcase name="testBufferAppend" time="0,000" classname="cviceni.StringBuilderAndBufferTest"/>
  <testcase name="testBufferAppend" time="0,000" classname="cviceni.StringBuilderAndBufferTest"/>
  <testcase name="testBufferAppendDelete" time="0,000" classname="cviceni.StringBuilderAndBufferTest"/>
  <testcase name="testBuilderAppendDelete" time="0,001" classname="cviceni.StringBuilderAndBufferTest"/>
  <testcase name="testBuilderAppendDelete" time="0,001" classname="cviceni.StringBuilderAndBufferTest"/>
  <testcase name="testBuilderAppend" time="0,000" classname="cviceni.StringBuilderAndBufferTest"/>
  <testcase name="testBuilderAppendDelete" time="0,000" classname="cviceni.StringBuilderAndBufferTest"/>
  <testcase name="testBuilderAppend" time="0,000" classname="cviceni.StringBuilderAndBufferTest"/>
  <testcase name="testBufferAppendDelete" time="0,000" classname="cviceni.StringBuilderAndBufferTest"/>
  <testcase name="testBufferAppendDelete" time="0,000" classname="cviceni.StringBuilderAndBufferTest"/>
  <testcase name="testBuilderAppend" time="0,000" classname="cviceni.StringBuilderAndBufferTest"/>
  <testcase name="testBufferAppend" time="0,000" classname="cviceni.StringBuilderAndBufferTest"/>
  <testcase name="testBufferAppendDelete" time="0,000" classname="cviceni.StringBuilderAndBufferTest"/>
  <testcase name="testBufferAppend" time="0,001" classname="cviceni.StringBuilderAndBufferTest"/>
  <testcase name="testBufferAppend" time="0,000" classname="cviceni.StringBuilderAndBufferTest"/>
  <testcase name="testBufferAppend" time="0,001" classname="cviceni.StringBuilderAndBufferTest"/>
  <testcase name="testBuilderAppendDelete" time="0,000" classname="cviceni.StringBuilderAndBufferTest"/>
  <testcase name="testBufferAppend" time="0,000" classname="cviceni.StringBuilderAndBufferTest"/>
  <testcase name="testBufferAppend" time="0,000" classname="cviceni.StringBuilderAndBufferTest"/>
  <testcase name="testBufferAppendDelete" time="0,000" classname="cviceni.StringBuilderAndBufferTest"/>
  <testcase name="testBuilderAppend" time="0,000" classname="cviceni.StringBuilderAndBufferTest"/>
  <testcase name="testBufferAppend" time="0,000" classname="cviceni.StringBuilderAndBufferTest"/>
  <testcase name="testBufferAppendDelete" time="0,001" classname="cviceni.StringBuilderAndBufferTest"/>
  <testcase name="testBufferAppendDelete" time="0,001" classname="cviceni.StringBuilderAndBufferTest"/>
  <testcase name="testBuilderAppendDelete" time="0,000" classname="cviceni.StringBuilderAndBufferTest"/>
  <testcase name="testBufferAppend" time="0,000" classname="cviceni.StringBuilderAndBufferTest"/>
  <testcase name="testBuilderAppend" time="0,022" classname="cviceni.StringBuilderAndBufferTest"/>
  <testcase name="testBufferAppend" time="0,000" classname="cviceni.StringBuilderAndBufferTest"/>
  <testcase name="testBuilderAppendDelete" time="0,001" classname="cviceni.StringBuilderAndBufferTest"/>
  <testcase name="testBufferAppendDelete" time="0,001" classname="cviceni.StringBuilderAndBufferTest"/>
  <testcase name="testBufferAppend" time="0,000" classname="cviceni.StringBuilderAndBufferTest"/>
  <testcase name="testBufferAppend" time="0,000" classname="cviceni.StringBuilderAndBufferTest"/>
  <testcase name="testBuilderAppend" time="0,000" classname="cviceni.StringBuilderAndBufferTest"/>
  <testcase name="testBufferAppend" time="0,000" classname="cviceni.StringBuilderAndBufferTest"/>
  <testcase name="testBufferAppendDelete" time="0,000" classname="cviceni.StringBuilderAndBufferTest"/>
  <testcase name="testBuilderAppend" time="0,001" classname="cviceni.StringBuilderAndBufferTest"/>
  <testcase name="testBuilderAppendDelete" time="0,000" classname="cviceni.StringBuilderAndBufferTest"/>
  <testcase name="testBuilderAppend" time="0,000" classname="cviceni.StringBuilderAndBufferTest"/>
  <testcase name="testBufferAppendDelete" time="0,000" classname="cviceni.StringBuilderAndBufferTest"/>
  <testcase name="testBufferAppendDelete" time="0,000" classname="cviceni.StringBuilderAndBufferTest"/>
  <testcase name="testBufferAppendDelete" time="0,001" classname="cviceni.StringBuilderAndBufferTest"/>
  <testcase name="testBuilderAppend" time="0,000" classname="cviceni.StringBuilderAndBufferTest"/>
  <testcase name="testBufferAppend" time="0,000" classname="cviceni.StringBuilderAndBufferTest"/>
  <testcase name="testBuilderAppendDelete" time="0,000" classname="cviceni.StringBuilderAndBufferTest"/>
  <testcase name="testBufferAppendDelete" time="0,000" classname="cviceni.StringBuilderAndBufferTest"/>
  <testcase name="testBuilderAppendDelete" time="0,000" classname="cviceni.StringBuilderAndBufferTest"/>
  <testcase name="testBuilderAppend" time="0,000" classname="cviceni.StringBuilderAndBufferTest"/>
  <testcase name="testBufferAppendDelete" time="0,000" classname="cviceni.StringBuilderAndBufferTest"/>
  <testcase name="testBuilderAppendDelete" time="0,000" classname="cviceni.StringBuilderAndBufferTest"/>
  <testcase name="testBufferAppendDelete" time="0,000" classname="cviceni.StringBuilderAndBufferTest"/>
  <testcase name="testBuilderAppend" time="0,000" classname="cviceni.StringBuilderAndBufferTest"/>
  <testcase name="testBuilderAppendDelete" time="0,000" classname="cviceni.StringBuilderAndBufferTest"/>
  <testcase name="testBuilderAppendDelete" time="0,000" classname="cviceni.StringBuilderAndBufferTest"/>
  <testcase name="testBufferAppend" time="0,000" classname="cviceni.StringBuilderAndBufferTest"/>
  <testcase name="testBufferAppend" time="0,000" classname="cviceni.StringBuilderAndBufferTest"/>
  <testcase name="testBufferAppendDelete" time="0,000" classname="cviceni.StringBuilderAndBufferTest"/>
  <testcase name="testBufferAppend" time="0,001" classname="cviceni.StringBuilderAndBufferTest"/>
  <testcase name="testBuilderAppend" time="0,001" classname="cviceni.StringBuilderAndBufferTest"/>
  <testcase name="testBuilderAppendDelete" time="0,000" classname="cviceni.StringBuilderAndBufferTest"/>
  <testcase name="testBuilderAppendDelete" time="0,000" classname="cviceni.StringBuilderAndBufferTest"/>
  <testcase name="testBuilderAppend" time="0,000" classname="cviceni.StringBuilderAndBufferTest"/>
  <testcase name="testBufferAppendDelete" time="0,001" classname="cviceni.StringBuilderAndBufferTest"/>
  <testcase name="testBufferAppend" time="0,000" classname="cviceni.StringBuilderAndBufferTest"/>
  <testcase name="testBuilderAppendDelete" time="0,000" classname="cviceni.StringBuilderAndBufferTest"/>
  <testcase name="testBuilderAppend" time="0,000" classname="cviceni.StringBuilderAndBufferTest"/>
  <testcase name="testBufferAppend" time="0,000" classname="cviceni.StringBuilderAndBufferTest"/>
  <testcase name="testBuilderAppend" time="0,000" classname="cviceni.StringBuilderAndBufferTest"/>
  <testcase name="testBuilderAppend" time="0,000" classname="cviceni.StringBuilderAndBufferTest"/>
  <testcase name="testBufferAppend" time="0,000" classname="cviceni.StringBuilderAndBufferTest"/>
  <testcase name="testBuilderAppend" time="0,000" classname="cviceni.StringBuilderAndBufferTest"/>
  <testcase name="testBuilderAppendDelete" time="0,000" classname="cviceni.StringBuilderAndBufferTest"/>
  <testcase name="testBuilderAppend" time="0,000" classname="cviceni.StringBuilderAndBufferTest"/>
  <testcase name="testBuilderAppend" time="0,000" classname="cviceni.StringBuilderAndBufferTest"/>
  <testcase name="testBufferAppend" time="0,000" classname="cviceni.StringBuilderAndBufferTest"/>
  <testcase name="testBuilderAppendDelete" time="0,000" classname="cviceni.StringBuilderAndBufferTest"/>
  <testcase name="testBufferAppend" time="0,001" classname="cviceni.StringBuilderAndBufferTest"/>
  <testcase name="testBuilderAppend" time="0,000" classname="cviceni.StringBuilderAndBufferTest"/>
  <testcase name="testBufferAppend" time="0,001" classname="cviceni.StringBuilderAndBufferTest"/>
  <testcase name="testBuilderAppendDelete" time="0,000" classname="cviceni.StringBuilderAndBufferTest"/>
  <testcase name="testBuilderAppend" time="0,001" classname="cviceni.StringBuilderAndBufferTest"/>
  <testcase name="testBuilderAppend" time="0,000" classname="cviceni.StringBuilderAndBufferTest"/>
  <testcase name="testBuilderAppend" time="0,000" classname="cviceni.StringBuilderAndBufferTest"/>
  <testcase name="testBuilderAppend" time="0,000" classname="cviceni.StringBuilderAndBufferTest"/>
  <testcase name="testBufferAppend" time="0,000" classname="cviceni.StringBuilderAndBufferTest"/>
  <testcase name="testBufferAppend" time="0,000" classname="cviceni.StringBuilderAndBufferTest"/>
  <testcase name="testBufferAppend" time="0,000" classname="cviceni.StringBuilderAndBufferTest"/>
  <testcase name="testBuilderAppendDelete" time="0,000" classname="cviceni.StringBuilderAndBufferTest"/>
  <testcase name="testBuilderAppendDelete" time="0,001" classname="cviceni.StringBuilderAndBufferTest"/>
  <testcase name="testBuilderAppendDelete" time="0,000" classname="cviceni.StringBuilderAndBufferTest"/>
  <testcase name="testBufferAppendDelete" time="0,000" classname="cviceni.StringBuilderAndBufferTest"/>
  <testcase name="testBuilderAppend" time="0,000" classname="cviceni.StringBuilderAndBufferTest"/>
  <testcase name="testBuilderAppend" time="0,000" classname="cviceni.StringBuilderAndBufferTest"/>
  <testcase name="testBuilderAppend" time="0,001" classname="cviceni.StringBuilderAndBufferTest"/>
  <testcase name="testBuilderAppend" time="0,000" classname="cviceni.StringBuilderAndBufferTest"/>
  <testcase name="testBufferAppendDelete" time="0,001" classname="cviceni.StringBuilderAndBufferTest"/>
  <testcase name="testBuilderAppendDelete" time="0,000" classname="cviceni.StringBuilderAndBufferTest"/>
  <testcase name="testBuilderAppend" time="0,000" classname="cviceni.StringBuilderAndBufferTest"/>
  <testcase name="testBuilderAppendDelete" time="0,000" classname="cviceni.StringBuilderAndBufferTest"/>
  <testcase name="testBufferAppend" time="0,000" classname="cviceni.StringBuilderAndBufferTest"/>
  <testcase name="testBuilderAppendDelete" time="0,000" classname="cviceni.StringBuilderAndBufferTest"/>
  <testcase name="testBufferAppend" time="0,000" classname="cviceni.StringBuilderAndBufferTest"/>
  <testcase name="testBufferAppend" time="0,000" classname="cviceni.StringBuilderAndBufferTest"/>
  <testcase name="testBuilderAppend" time="0,001" classname="cviceni.StringBuilderAndBufferTest"/>
  <testcase name="testBuilderAppend" time="0,000" classname="cviceni.StringBuilderAndBufferTest"/>
  <testcase name="testBufferAppendDelete" time="0,001" classname="cviceni.StringBuilderAndBufferTest"/>
  <testcase name="testBufferAppendDelete" time="0,000" classname="cviceni.StringBuilderAndBufferTest"/>
  <testcase name="testBufferAppend" time="0,001" classname="cviceni.StringBuilderAndBufferTest"/>
  <testcase name="testBuilderAppend" time="0,000" classname="cviceni.StringBuilderAndBufferTest"/>
  <testcase name="testBuilderAppend" time="0,000" classname="cviceni.StringBuilderAndBufferTest"/>
  <testcase name="testBuilderAppend" time="0,001" classname="cviceni.StringBuilderAndBufferTest"/>
  <testcase name="testBuilderAppend" time="0,000" classname="cviceni.StringBuilderAndBufferTest"/>
  <testcase name="testBufferAppendDelete" time="0,001" classname="cviceni.StringBuilderAndBufferTest"/>
  <testcase name="testBuilderAppend" time="0,001" classname="cviceni.StringBuilderAndBufferTest"/>
  <testcase name="testBuilderAppendDelete" time="0,000" classname="cviceni.StringBuilderAndBufferTest"/>
  <testcase name="testBuilderAppend" time="0,000" classname="cviceni.StringBuilderAndBufferTest"/>
  <testcase name="testBufferAppend" time="0,000" classname="cviceni.StringBuilderAndBufferTest"/>
  <testcase name="testBuilderAppend" time="0,001" classname="cviceni.StringBuilderAndBufferTest"/>
  <testcase name="testBufferAppendDelete" time="0,000" classname="cviceni.StringBuilderAndBufferTest"/>
  <testcase name="testBuilderAppendDelete" time="0,000" classname="cviceni.StringBuilderAndBufferTest"/>
  <testcase name="testBuilderAppend" time="0,000" classname="cviceni.StringBuilderAndBufferTest"/>
  <testcase name="testBufferAppendDelete" time="0,000" classname="cviceni.StringBuilderAndBufferTest"/>
  <testcase name="testBufferAppend" time="0,001" classname="cviceni.StringBuilderAndBufferTest"/>
  <testcase name="testBufferAppend" time="0,000" classname="cviceni.StringBuilderAndBufferTest"/>
  <testcase name="testBuilderAppend" time="0,000" classname="cviceni.StringBuilderAndBufferTest"/>
  <testcase name="testBufferAppend" time="0,000" classname="cviceni.StringBuilderAndBufferTest"/>
  <testcase name="testBuilderAppendDelete" time="0,000" classname="cviceni.StringBuilderAndBufferTest"/>
  <testcase name="testBufferAppend" time="0,000" classname="cviceni.StringBuilderAndBufferTest"/>
  <testcase name="testBuilderAppendDelete" time="0,000" classname="cviceni.StringBuilderAndBufferTest"/>
  <testcase name="testBuilderAppendDelete" time="0,002" classname="cviceni.StringBuilderAndBufferTest"/>
  <testcase name="testBuilderAppend" time="0,000" classname="cviceni.StringBuilderAndBufferTest"/>
  <testcase name="testBufferAppendDelete" time="0,000" classname="cviceni.StringBuilderAndBufferTest"/>
  <testcase name="testBuilderAppendDelete" time="0,000" classname="cviceni.StringBuilderAndBufferTest"/>
  <testcase name="testBufferAppendDelete" time="0,000" classname="cviceni.StringBuilderAndBufferTest"/>
  <testcase name="testBuilderAppendDelete" time="0,000" classname="cviceni.StringBuilderAndBufferTest"/>
  <testcase name="testBufferAppendDelete" time="0,001" classname="cviceni.StringBuilderAndBufferTest"/>
  <testcase name="testBufferAppendDelete" time="0,000" classname="cviceni.StringBuilderAndBufferTest"/>
  <testcase name="testBuilderAppend" time="0,000" classname="cviceni.StringBuilderAndBufferTest"/>
  <testcase name="testBufferAppend" time="0,000" classname="cviceni.StringBuilderAndBufferTest"/>
  <testcase name="testBuilderAppendDelete" time="0,000" classname="cviceni.StringBuilderAndBufferTest"/>
  <testcase name="testBufferAppendDelete" time="0,000" classname="cviceni.StringBuilderAndBufferTest"/>
  <testcase name="testBuilderAppend" time="0,000" classname="cviceni.StringBuilderAndBufferTest"/>
  <testcase name="testBufferAppend" time="0,000" classname="cviceni.StringBuilderAndBufferTest"/>
  <testcase name="testBufferAppend" time="0,001" classname="cviceni.StringBuilderAndBufferTest"/>
  <testcase name="testBuilderAppend" time="0,000" classname="cviceni.StringBuilderAndBufferTest"/>
  <testcase name="testBuilderAppendDelete" time="0,000" classname="cviceni.StringBuilderAndBufferTest"/>
  <testcase name="testBufferAppendDelete" time="0,000" classname="cviceni.StringBuilderAndBufferTest"/>
  <testcase name="testBufferAppendDelete" time="0,001" classname="cviceni.StringBuilderAndBufferTest"/>
  <testcase name="testBufferAppendDelete" time="0,000" classname="cviceni.StringBuilderAndBufferTest"/>
  <testcase name="testBuilderAppendDelete" time="0,000" classname="cviceni.StringBuilderAndBufferTest"/>
  <testcase name="testBufferAppend" time="0,001" classname="cviceni.StringBuilderAndBufferTest"/>
  <testcase name="testBufferAppend" time="0,000" classname="cviceni.StringBuilderAndBufferTest"/>
  <testcase name="testBuilderAppend" time="0,000" classname="cviceni.StringBuilderAndBufferTest"/>
  <testcase name="testBufferAppend" time="0,000" classname="cviceni.StringBuilderAndBufferTest"/>
  <testcase name="testBuilderAppend" time="0,000" classname="cviceni.StringBuilderAndBufferTest"/>
  <testcase name="testBuilderAppendDelete" time="0,039" classname="cviceni.StringBuilderAndBufferTest"/>
  <testcase name="testBufferAppend" time="0,001" classname="cviceni.StringBuilderAndBufferTest"/>
  <testcase name="testBuilderAppend" time="0,013" classname="cviceni.StringBuilderAndBufferTest"/>
  <testcase name="testBufferAppendDelete" time="0,001" classname="cviceni.StringBuilderAndBufferTest"/>
  <testcase name="testBufferAppendDelete" time="0,000" classname="cviceni.StringBuilderAndBufferTest"/>
  <testcase name="testBufferAppendDelete" time="0,000" classname="cviceni.StringBuilderAndBufferTest"/>
  <testcase name="testBufferAppend" time="0,000" classname="cviceni.StringBuilderAndBufferTest"/>
  <testcase name="testBufferAppend" time="0,001" classname="cviceni.StringBuilderAndBufferTest"/>
  <testcase name="testBuilderAppend" time="0,000" classname="cviceni.StringBuilderAndBufferTest"/>
  <testcase name="testBufferAppendDelete" time="0,001" classname="cviceni.StringBuilderAndBufferTest"/>
  <testcase name="testBufferAppendDelete" time="0,000" classname="cviceni.StringBuilderAndBufferTest"/>
  <testcase name="testBuilderAppendDelete" time="0,001" classname="cviceni.StringBuilderAndBufferTest"/>
  <testcase name="testBufferAppendDelete" time="0,000" classname="cviceni.StringBuilderAndBufferTest"/>
  <testcase name="testBufferAppendDelete" time="0,000" classname="cviceni.StringBuilderAndBufferTest"/>
  <testcase name="testBuilderAppendDelete" time="0,000" classname="cviceni.StringBuilderAndBufferTest"/>
  <testcase name="testBuilderAppend" time="0,000" classname="cviceni.StringBuilderAndBufferTest"/>
  <testcase name="testBuilderAppend" time="0,001" classname="cviceni.StringBuilderAndBufferTest"/>
  <testcase name="testBuilderAppend" time="0,000" classname="cviceni.StringBuilderAndBufferTest"/>
  <testcase name="testBuilderAppendDelete" time="0,000" classname="cviceni.StringBuilderAndBufferTest"/>
  <testcase name="testBuilderAppend" time="0,000" classname="cviceni.StringBuilderAndBufferTest"/>
  <testcase name="testBuilderAppendDelete" time="0,000" classname="cviceni.StringBuilderAndBufferTest"/>
  <testcase name="testBufferAppend" time="0,000" classname="cviceni.StringBuilderAndBufferTest"/>
  <testcase name="testBuilderAppend" time="0,000" classname="cviceni.StringBuilderAndBufferTest"/>
  <testcase name="testBufferAppend" time="0,000" classname="cviceni.StringBuilderAndBufferTest"/>
  <testcase name="testBufferAppend" time="0,000" classname="cviceni.StringBuilderAndBufferTest"/>
  <testcase name="testBufferAppendDelete" time="0,001" classname="cviceni.StringBuilderAndBufferTest"/>
  <testcase name="testBuilderAppend" time="0,000" classname="cviceni.StringBuilderAndBufferTest"/>
  <testcase name="testBuilderAppendDelete" time="0,001" classname="cviceni.StringBuilderAndBufferTest"/>
  <testcase name="testBufferAppend" time="0,000" classname="cviceni.StringBuilderAndBufferTest"/>
  <testcase name="testBufferAppend" time="0,001" classname="cviceni.StringBuilderAndBufferTest"/>
  <testcase name="testBufferAppend" time="0,000" classname="cviceni.StringBuilderAndBufferTest"/>
  <testcase name="testBufferAppend" time="0,000" classname="cviceni.StringBuilderAndBufferTest"/>
  <testcase name="testBuilderAppendDelete" time="0,000" classname="cviceni.StringBuilderAndBufferTest"/>
  <testcase name="testBuilderAppendDelete" time="0,000" classname="cviceni.StringBuilderAndBufferTest"/>
  <testcase name="testBuilderAppendDelete" time="0,000" classname="cviceni.StringBuilderAndBufferTest"/>
  <testcase name="testBufferAppend" time="0,000" classname="cviceni.StringBuilderAndBufferTest"/>
  <testcase name="testBuilderAppend" time="0,001" classname="cviceni.StringBuilderAndBufferTest"/>
  <testcase name="testBuilderAppend" time="0,000" classname="cviceni.StringBuilderAndBufferTest"/>
  <testcase name="testBuilderAppendDelete" time="0,001" classname="cviceni.StringBuilderAndBufferTest"/>
  <testcase name="testBuilderAppend" time="0,000" classname="cviceni.StringBuilderAndBufferTest"/>
  <testcase name="testBuilderAppend" time="0,000" classname="cviceni.StringBuilderAndBufferTest"/>
  <testcase name="testBuilderAppendDelete" time="0,000" classname="cviceni.StringBuilderAndBufferTest"/>
  <testcase name="testBufferAppend" time="0,000" classname="cviceni.StringBuilderAndBufferTest"/>
  <testcase name="testBufferAppendDelete" time="0,000" classname="cviceni.StringBuilderAndBufferTest"/>
  <testcase name="testBufferAppendDelete" time="0,001" classname="cviceni.StringBuilderAndBufferTest"/>
  <testcase name="testBufferAppendDelete" time="0,001" classname="cviceni.StringBuilderAndBufferTest"/>
  <testcase name="testBufferAppend" time="0,000" classname="cviceni.StringBuilderAndBufferTest"/>
  <testcase name="testBuilderAppend" time="0,000" classname="cviceni.StringBuilderAndBufferTest"/>
  <testcase name="testBufferAppendDelete" time="0,001" classname="cviceni.StringBuilderAndBufferTest"/>
  <testcase name="testBuilderAppendDelete" time="0,000" classname="cviceni.StringBuilderAndBufferTest"/>
  <testcase name="testBuilderAppend" time="0,000" classname="cviceni.StringBuilderAndBufferTest"/>
  <testcase name="testBufferAppend" time="0,001" classname="cviceni.StringBuilderAndBufferTest"/>
  <testcase name="testBuilderAppend" time="0,001" classname="cviceni.StringBuilderAndBufferTest"/>
  <testcase name="testBuilderAppendDelete" time="0,000" classname="cviceni.StringBuilderAndBufferTest"/>
  <testcase name="testBuilderAppend" time="0,001" classname="cviceni.StringBuilderAndBufferTest"/>
  <testcase name="testBufferAppendDelete" time="0,000" classname="cviceni.StringBuilderAndBufferTest"/>
  <testcase name="testBuilderAppend" time="0,000" classname="cviceni.StringBuilderAndBufferTest"/>
  <testcase name="testBufferAppend" time="0,000" classname="cviceni.StringBuilderAndBufferTest"/>
  <testcase name="testBuilderAppendDelete" time="0,000" classname="cviceni.StringBuilderAndBufferTest"/>
  <testcase name="testBuilderAppend" time="0,000" classname="cviceni.StringBuilderAndBufferTest"/>
  <testcase name="testBuilderAppendDelete" time="0,000" classname="cviceni.StringBuilderAndBufferTest"/>
  <testcase name="testBuilderAppendDelete" time="0,000" classname="cviceni.StringBuilderAndBufferTest"/>
  <testcase name="testBuilderAppend" time="0,000" classname="cviceni.StringBuilderAndBufferTest"/>
  <testcase name="testBuilderAppendDelete" time="0,000" classname="cviceni.StringBuilderAndBufferTest"/>
  <testcase name="testBuilderAppendDelete" time="0,130" classname="cviceni.StringBuilderAndBufferTest"/>
  <testcase name="testBufferAppendDelete" time="0,000" classname="cviceni.StringBuilderAndBufferTest"/>
  <testcase name="testBuilderAppendDelete" time="0,000" classname="cviceni.StringBuilderAndBufferTest"/>
  <testcase name="testBufferAppendDelete" time="0,001" classname="cviceni.StringBuilderAndBufferTest"/>
  <testcase name="testBufferAppendDelete" time="0,000" classname="cviceni.StringBuilderAndBufferTest"/>
  <testcase name="testBuilderAppend" time="0,001" classname="cviceni.StringBuilderAndBufferTest"/>
  <testcase name="testBufferAppendDelete" time="0,000" classname="cviceni.StringBuilderAndBufferTest"/>
  <testcase name="testBufferAppendDelete" time="0,000" classname="cviceni.StringBuilderAndBufferTest"/>
  <testcase name="testBufferAppendDelete" time="0,000" classname="cviceni.StringBuilderAndBufferTest"/>
  <testcase name="testBufferAppend" time="0,000" classname="cviceni.StringBuilderAndBufferTest"/>
  <testcase name="testBuilderAppendDelete" time="0,001" classname="cviceni.StringBuilderAndBufferTest"/>
  <testcase name="testBufferAppendDelete" time="0,000" classname="cviceni.StringBuilderAndBufferTest"/>
  <testcase name="testBufferAppend" time="0,000" classname="cviceni.StringBuilderAndBufferTest"/>
  <testcase name="testBuilderAppendDelete" time="0,001" classname="cviceni.StringBuilderAndBufferTest"/>
  <testcase name="testBufferAppend" time="0,000" classname="cviceni.StringBuilderAndBufferTest"/>
  <testcase name="testBuilderAppendDelete" time="0,000" classname="cviceni.StringBuilderAndBufferTest"/>
  <testcase name="testBufferAppend" time="0,001" classname="cviceni.StringBuilderAndBufferTest"/>
  <testcase name="testBufferAppend" time="0,000" classname="cviceni.StringBuilderAndBufferTest"/>
  <testcase name="testBuilderAppendDelete" time="0,001" classname="cviceni.StringBuilderAndBufferTest"/>
  <testcase name="testBufferAppendDelete" time="0,001" classname="cviceni.StringBuilderAndBufferTest"/>
  <testcase name="testBuilderAppendDelete" time="0,000" classname="cviceni.StringBuilderAndBufferTest"/>
  <testcase name="testBufferAppend" time="0,000" classname="cviceni.StringBuilderAndBufferTest"/>
  <testcase name="testBufferAppendDelete" time="0,000" classname="cviceni.StringBuilderAndBufferTest"/>
  <testcase name="testBuilderAppendDelete" time="0,000" classname="cviceni.StringBuilderAndBufferTest"/>
  <testcase name="testBufferAppendDelete" time="0,001" classname="cviceni.StringBuilderAndBufferTest"/>
  <testcase name="testBuilderAppend" time="0,000" classname="cviceni.StringBuilderAndBufferTest"/>
  <testcase name="testBufferAppendDelete" time="0,000" classname="cviceni.StringBuilderAndBufferTest"/>
  <testcase name="testBuilderAppend" time="0,001" classname="cviceni.StringBuilderAndBufferTest"/>
  <testcase name="testBuilderAppend" time="0,000" classname="cviceni.StringBuilderAndBufferTest"/>
  <testcase name="testBufferAppend" time="0,001" classname="cviceni.StringBuilderAndBufferTest"/>
  <testcase name="testBufferAppend" time="0,000" classname="cviceni.StringBuilderAndBufferTest"/>
  <testcase name="testBuilderAppendDelete" time="0,000" classname="cviceni.StringBuilderAndBufferTest"/>
  <testcase name="testBufferAppendDelete" time="0,001" classname="cviceni.StringBuilderAndBufferTest"/>
  <testcase name="testBufferAppend" time="0,000" classname="cviceni.StringBuilderAndBufferTest"/>
  <testcase name="testBuilderAppendDelete" time="0,001" classname="cviceni.StringBuilderAndBufferTest"/>
  <testcase name="testBuilderAppendDelete" time="0,000" classname="cviceni.StringBuilderAndBufferTest"/>
  <testcase name="testBuilderAppendDelete" time="0,000" classname="cviceni.StringBuilderAndBufferTest"/>
  <testcase name="testBufferAppend" time="0,000" classname="cviceni.StringBuilderAndBufferTest"/>
  <testcase name="testBufferAppendDelete" time="0,000" classname="cviceni.StringBuilderAndBufferTest"/>
  <testcase name="testBuilderAppend" time="0,001" classname="cviceni.StringBuilderAndBufferTest"/>
  <testcase name="testBuilderAppend" time="0,001" classname="cviceni.StringBuilderAndBufferTest"/>
  <testcase name="testBuilderAppendDelete" time="0,000" classname="cviceni.StringBuilderAndBufferTest"/>
  <testcase name="testBufferAppend" time="0,001" classname="cviceni.StringBuilderAndBufferTest"/>
  <testcase name="testBufferAppend" time="0,001" classname="cviceni.StringBuilderAndBufferTest"/>
  <testcase name="testBuilderAppend" time="0,000" classname="cviceni.StringBuilderAndBufferTest"/>
  <testcase name="testBuilderAppend" time="0,000" classname="cviceni.StringBuilderAndBufferTest"/>
  <testcase name="testBufferAppend" time="0,001" classname="cviceni.StringBuilderAndBufferTest"/>
  <testcase name="testBuilderAppendDelete" time="0,000" classname="cviceni.StringBuilderAndBufferTest"/>
  <testcase name="testBufferAppendDelete" time="0,000" classname="cviceni.StringBuilderAndBufferTest"/>
  <testcase name="testBufferAppend" time="0,000" classname="cviceni.StringBuilderAndBufferTest"/>
  <testcase name="testBuilderAppendDelete" time="0,000" classname="cviceni.StringBuilderAndBufferTest"/>
  <testcase name="testBuilderAppend" time="0,001" classname="cviceni.StringBuilderAndBufferTest"/>
  <testcase name="testBufferAppend" time="0,000" classname="cviceni.StringBuilderAndBufferTest"/>
  <testcase name="testBuilderAppend" time="0,000" classname="cviceni.StringBuilderAndBufferTest"/>
  <testcase name="testBufferAppendDelete" time="0,000" classname="cviceni.StringBuilderAndBufferTest"/>
  <testcase name="testBuilderAppendDelete" time="0,000" classname="cviceni.StringBuilderAndBufferTest"/>
  <testcase name="testBufferAppendDelete" time="0,000" classname="cviceni.StringBuilderAndBufferTest"/>
  <testcase name="testBuilderAppendDelete" time="0,000" classname="cviceni.StringBuilderAndBufferTest"/>
  <testcase name="testBuilderAppend" time="0,001" classname="cviceni.StringBuilderAndBufferTest"/>
  <testcase name="testBufferAppendDelete" time="0,000" classname="cviceni.StringBuilderAndBufferTest"/>
  <testcase name="testBufferAppendDelete" time="0,000" classname="cviceni.StringBuilderAndBufferTest"/>
  <testcase name="testBufferAppend" time="0,001" classname="cviceni.StringBuilderAndBufferTest"/>
  <testcase name="testBufferAppendDelete" time="0,000" classname="cviceni.StringBuilderAndBufferTest"/>
  <testcase name="testBufferAppend" time="0,000" classname="cviceni.StringBuilderAndBufferTest"/>
  <testcase name="testBufferAppendDelete" time="0,000" classname="cviceni.StringBuilderAndBufferTest"/>
  <testcase name="testBufferAppend" time="0,000" classname="cviceni.StringBuilderAndBufferTest"/>
  <testcase name="testBufferAppendDelete" time="0,000" classname="cviceni.StringBuilderAndBufferTest"/>
  <testcase name="testBufferAppend" time="0,000" classname="cviceni.StringBuilderAndBufferTest"/>
  <testcase name="testBufferAppendDelete" time="0,001" classname="cviceni.StringBuilderAndBufferTest"/>
  <testcase name="testBufferAppendDelete" time="0,000" classname="cviceni.StringBuilderAndBufferTest"/>
  <testcase name="testBufferAppend" time="0,000" classname="cviceni.StringBuilderAndBufferTest"/>
  <testcase name="testBufferAppendDelete" time="0,000" classname="cviceni.StringBuilderAndBufferTest"/>
  <testcase name="testBuilderAppend" time="0,000" classname="cviceni.StringBuilderAndBufferTest"/>
  <testcase name="testBuilderAppendDelete" time="0,000" classname="cviceni.StringBuilderAndBufferTest"/>
  <testcase name="testBufferAppendDelete" time="0,000" classname="cviceni.StringBuilderAndBufferTest"/>
  <testcase name="testBuilderAppendDelete" time="0,001" classname="cviceni.StringBuilderAndBufferTest"/>
  <testcase name="testBufferAppend" time="0,188" classname="cviceni.StringBuilderAndBufferTest"/>
  <testcase name="testBuilderAppendDelete" time="0,000" classname="cviceni.StringBuilderAndBufferTest"/>
  <testcase name="testBuilderAppendDelete" time="0,001" classname="cviceni.StringBuilderAndBufferTest"/>
  <testcase name="testBuilderAppendDelete" time="0,000" classname="cviceni.StringBuilderAndBufferTest"/>
  <testcase name="testBuilderAppendDelete" time="0,000" classname="cviceni.StringBuilderAndBufferTest"/>
  <testcase name="testBuilderAppendDelete" time="0,000" classname="cviceni.StringBuilderAndBufferTest"/>
  <testcase name="testBuilderAppend" time="0,001" classname="cviceni.StringBuilderAndBufferTest"/>
  <testcase name="testBufferAppend" time="0,000" classname="cviceni.StringBuilderAndBufferTest"/>
  <testcase name="testBufferAppendDelete" time="0,001" classname="cviceni.StringBuilderAndBufferTest"/>
  <testcase name="testBuilderAppend" time="0,000" classname="cviceni.StringBuilderAndBufferTest"/>
  <testcase name="testBufferAppendDelete" time="0,000" classname="cviceni.StringBuilderAndBufferTest"/>
  <testcase name="testBufferAppend" time="0,000" classname="cviceni.StringBuilderAndBufferTest"/>
  <testcase name="testBuilderAppend" time="0,001" classname="cviceni.StringBuilderAndBufferTest"/>
  <testcase name="testBuilderAppendDelete" time="0,002" classname="cviceni.StringBuilderAndBufferTest"/>
  <testcase name="testBuilderAppend" time="0,000" classname="cviceni.StringBuilderAndBufferTest"/>
  <testcase name="testBufferAppendDelete" time="0,000" classname="cviceni.StringBuilderAndBufferTest"/>
  <testcase name="testBufferAppend" time="0,000" classname="cviceni.StringBuilderAndBufferTest"/>
  <testcase name="testBuilderAppend" time="0,000" classname="cviceni.StringBuilderAndBufferTest"/>
  <testcase name="testBufferAppend" time="0,000" classname="cviceni.StringBuilderAndBufferTest"/>
  <testcase name="testBufferAppendDelete" time="0,000" classname="cviceni.StringBuilderAndBufferTest"/>
  <testcase name="testBuilderAppendDelete" time="0,000" classname="cviceni.StringBuilderAndBufferTest"/>
  <testcase name="testBuilderAppendDelete" time="0,000" classname="cviceni.StringBuilderAndBufferTest"/>
  <testcase name="testBuilderAppend" time="0,000" classname="cviceni.StringBuilderAndBufferTest"/>
  <testcase name="testBuilderAppendDelete" time="0,000" classname="cviceni.StringBuilderAndBufferTest"/>
  <testcase name="testBuilderAppend" time="0,000" classname="cviceni.StringBuilderAndBufferTest"/>
  <testcase name="testBuilderAppendDelete" time="0,000" classname="cviceni.StringBuilderAndBufferTest"/>
  <testcase name="testBufferAppend" time="0,001" classname="cviceni.StringBuilderAndBufferTest"/>
  <testcase name="testBufferAppend" time="0,000" classname="cviceni.StringBuilderAndBufferTest"/>
  <testcase name="testBuilderAppend" time="0,000" classname="cviceni.StringBuilderAndBufferTest"/>
  <testcase name="testBufferAppend" time="0,000" classname="cviceni.StringBuilderAndBufferTest"/>
  <testcase name="testBuilderAppend" time="0,000" classname="cviceni.StringBuilderAndBufferTest"/>
  <testcase name="testBufferAppendDelete" time="0,000" classname="cviceni.StringBuilderAndBufferTest"/>
  <testcase name="testBufferAppend" time="0,000" classname="cviceni.StringBuilderAndBufferTest"/>
  <testcase name="testBufferAppend" time="0,000" classname="cviceni.StringBuilderAndBufferTest"/>
  <testcase name="testBuilderAppend" time="0,000" classname="cviceni.StringBuilderAndBufferTest"/>
  <testcase name="testBuilderAppendDelete" time="0,001" classname="cviceni.StringBuilderAndBufferTest"/>
  <testcase name="testBuilderAppend" time="0,000" classname="cviceni.StringBuilderAndBufferTest"/>
  <testcase name="testBufferAppend" time="0,001" classname="cviceni.StringBuilderAndBufferTest"/>
  <testcase name="testBufferAppendDelete" time="0,000" classname="cviceni.StringBuilderAndBufferTest"/>
  <testcase name="testBuilderAppend" time="0,000" classname="cviceni.StringBuilderAndBufferTest"/>
  <testcase name="testBuilderAppend" time="0,000" classname="cviceni.StringBuilderAndBufferTest"/>
  <testcase name="testBufferAppend" time="0,001" classname="cviceni.StringBuilderAndBufferTest"/>
  <testcase name="testBuilderAppend" time="0,000" classname="cviceni.StringBuilderAndBufferTest"/>
  <testcase name="testBuilderAppend" time="0,000" classname="cviceni.StringBuilderAndBufferTest"/>
  <testcase name="testBuilderAppendDelete" time="0,001" classname="cviceni.StringBuilderAndBufferTest"/>
  <testcase name="testBufferAppend" time="0,054" classname="cviceni.StringBuilderAndBufferTest"/>
  <testcase name="testBufferAppendDelete" time="0,000" classname="cviceni.StringBuilderAndBufferTest"/>
  <testcase name="testBufferAppend" time="0,000" classname="cviceni.StringBuilderAndBufferTest"/>
  <testcase name="testBufferAppendDelete" time="0,000" classname="cviceni.StringBuilderAndBufferTest"/>
  <testcase name="testBufferAppendDelete" time="0,000" classname="cviceni.StringBuilderAndBufferTest"/>
  <testcase name="testBufferAppendDelete" time="0,000" classname="cviceni.StringBuilderAndBufferTest"/>
  <testcase name="testBuilderAppendDelete" time="0,000" classname="cviceni.StringBuilderAndBufferTest"/>
  <testcase name="testBuilderAppend" time="0,000" classname="cviceni.StringBuilderAndBufferTest"/>
  <testcase name="testBuilderAppend" time="0,000" classname="cviceni.StringBuilderAndBufferTest"/>
  <testcase name="testBuilderAppend" time="0,000" classname="cviceni.StringBuilderAndBufferTest"/>
  <testcase name="testBufferAppend" time="0,000" classname="cviceni.StringBuilderAndBufferTest"/>
  <testcase name="testBuilderAppend" time="0,000" classname="cviceni.StringBuilderAndBufferTest"/>
  <testcase name="testBuilderAppendDelete" time="0,000" classname="cviceni.StringBuilderAndBufferTest"/>
  <testcase name="testBuilderAppendDelete" time="0,000" classname="cviceni.StringBuilderAndBufferTest"/>
  <testcase name="testBuilderAppend" time="0,001" classname="cviceni.StringBuilderAndBufferTest"/>
  <testcase name="testBufferAppendDelete" time="0,001" classname="cviceni.StringBuilderAndBufferTest"/>
  <testcase name="testBufferAppend" time="0,000" classname="cviceni.StringBuilderAndBufferTest"/>
  <testcase name="testBuilderAppendDelete" time="0,000" classname="cviceni.StringBuilderAndBufferTest"/>
  <testcase name="testBuilderAppendDelete" time="0,001" classname="cviceni.StringBuilderAndBufferTest"/>
  <testcase name="testBufferAppend" time="0,000" classname="cviceni.StringBuilderAndBufferTest"/>
  <testcase name="testBuilderAppendDelete" time="0,001" classname="cviceni.StringBuilderAndBufferTest"/>
  <testcase name="testBufferAppendDelete" time="0,000" classname="cviceni.StringBuilderAndBufferTest"/>
  <testcase name="testBufferAppendDelete" time="0,000" classname="cviceni.StringBuilderAndBufferTest"/>
  <testcase name="testBufferAppend" time="0,008" classname="cviceni.StringBuilderAndBufferTest"/>
  <testcase name="testBufferAppend" time="0,001" classname="cviceni.StringBuilderAndBufferTest"/>
  <testcase name="testBuilderAppendDelete" time="0,000" classname="cviceni.StringBuilderAndBufferTest"/>
  <testcase name="testBufferAppend" time="0,000" classname="cviceni.StringBuilderAndBufferTest"/>
  <testcase name="testBufferAppend" time="0,000" classname="cviceni.StringBuilderAndBufferTest"/>
  <testcase name="testBufferAppend" time="0,000" classname="cviceni.StringBuilderAndBufferTest"/>
  <testcase name="testBuilderAppend" time="0,001" classname="cviceni.StringBuilderAndBufferTest"/>
  <testcase name="testBufferAppendDelete" time="0,000" classname="cviceni.StringBuilderAndBufferTest"/>
  <testcase name="testBufferAppendDelete" time="0,001" classname="cviceni.StringBuilderAndBufferTest"/>
  <testcase name="testBufferAppendDelete" time="0,001" classname="cviceni.StringBuilderAndBufferTest"/>
  <testcase name="testBufferAppend" time="0,001" classname="cviceni.StringBuilderAndBufferTest"/>
  <testcase name="testBufferAppendDelete" time="0,000" classname="cviceni.StringBuilderAndBufferTest"/>
  <testcase name="testBuilderAppend" time="0,000" classname="cviceni.StringBuilderAndBufferTest"/>
  <testcase name="testBufferAppendDelete" time="0,001" classname="cviceni.StringBuilderAndBufferTest"/>
  <testcase name="testBuilderAppend" time="0,000" classname="cviceni.StringBuilderAndBufferTest"/>
  <testcase name="testBuilderAppendDelete" time="0,000" classname="cviceni.StringBuilderAndBufferTest"/>
  <testcase name="testBufferAppend" time="0,000" classname="cviceni.StringBuilderAndBufferTest"/>
  <testcase name="testBuilderAppend" time="0,000" classname="cviceni.StringBuilderAndBufferTest"/>
  <testcase name="testBufferAppendDelete" time="0,000" classname="cviceni.StringBuilderAndBufferTest"/>
  <testcase name="testBufferAppend" time="0,000" classname="cviceni.StringBuilderAndBufferTest"/>
  <testcase name="testBuilderAppend" time="0,000" classname="cviceni.StringBuilderAndBufferTest"/>
  <testcase name="testBufferAppendDelete" time="0,001" classname="cviceni.StringBuilderAndBufferTest"/>
  <testcase name="testBuilderAppend" time="0,001" classname="cviceni.StringBuilderAndBufferTest"/>
  <testcase name="testBuilderAppendDelete" time="0,000" classname="cviceni.StringBuilderAndBufferTest"/>
  <testcase name="testBuilderAppendDelete" time="0,001" classname="cviceni.StringBuilderAndBufferTest"/>
  <testcase name="testBuilderAppend" time="0,000" classname="cviceni.StringBuilderAndBufferTest"/>
  <testcase name="testBuilderAppend" time="0,001" classname="cviceni.StringBuilderAndBufferTest"/>
  <testcase name="testBufferAppendDelete" time="0,000" classname="cviceni.StringBuilderAndBufferTest"/>
  <testcase name="testBufferAppendDelete" time="0,001" classname="cviceni.StringBuilderAndBufferTest"/>
  <testcase name="testBuilderAppendDelete" time="0,001" classname="cviceni.StringBuilderAndBufferTest"/>
  <testcase name="testBuilderAppendDelete" time="0,000" classname="cviceni.StringBuilderAndBufferTest"/>
  <testcase name="testBufferAppendDelete" time="0,000" classname="cviceni.StringBuilderAndBufferTest"/>
  <testcase name="testBufferAppend" time="0,000" classname="cviceni.StringBuilderAndBufferTest"/>
  <testcase name="testBufferAppendDelete" time="0,000" classname="cviceni.StringBuilderAndBufferTest"/>
  <testcase name="testBufferAppend" time="0,001" classname="cviceni.StringBuilderAndBufferTest"/>
  <testcase name="testBufferAppend" time="0,006" classname="cviceni.StringBuilderAndBufferTest"/>
  <testcase name="testBufferAppendDelete" time="0,000" classname="cviceni.StringBuilderAndBufferTest"/>
  <testcase name="testBufferAppendDelete" time="0,001" classname="cviceni.StringBuilderAndBufferTest"/>
  <testcase name="testBufferAppendDelete" time="0,000" classname="cviceni.StringBuilderAndBufferTest"/>
  <testcase name="testBufferAppendDelete" time="0,000" classname="cviceni.StringBuilderAndBufferTest"/>
  <testcase name="testBuilderAppend" time="0,021" classname="cviceni.StringBuilderAndBufferTest"/>
  <testcase name="testBufferAppendDelete" time="0,000" classname="cviceni.StringBuilderAndBufferTest"/>
  <testcase name="testBufferAppendDelete" time="0,000" classname="cviceni.StringBuilderAndBufferTest"/>
  <testcase name="testBufferAppendDelete" time="0,000" classname="cviceni.StringBuilderAndBufferTest"/>
  <testcase name="testBuilderAppendDelete" time="0,000" classname="cviceni.StringBuilderAndBufferTest"/>
  <testcase name="testBuilderAppendDelete" time="0,000" classname="cviceni.StringBuilderAndBufferTest"/>
  <testcase name="testBuilderAppendDelete" time="0,000" classname="cviceni.StringBuilderAndBufferTest"/>
  <testcase name="testBufferAppend" time="0,001" classname="cviceni.StringBuilderAndBufferTest"/>
  <testcase name="testBuilderAppend" time="0,000" classname="cviceni.StringBuilderAndBufferTest"/>
  <testcase name="testBufferAppendDelete" time="0,000" classname="cviceni.StringBuilderAndBufferTest"/>
  <testcase name="testBuilderAppend" time="0,001" classname="cviceni.StringBuilderAndBufferTest"/>
  <testcase name="testBuilderAppendDelete" time="0,001" classname="cviceni.StringBuilderAndBufferTest"/>
  <testcase name="testBuilderAppend" time="0,001" classname="cviceni.StringBuilderAndBufferTest"/>
  <testcase name="testBufferAppendDelete" time="0,000" classname="cviceni.StringBuilderAndBufferTest"/>
  <testcase name="testBufferAppend" time="0,000" classname="cviceni.StringBuilderAndBufferTest"/>
  <testcase name="testBufferAppend" time="0,000" classname="cviceni.StringBuilderAndBufferTest"/>
  <testcase name="testBufferAppendDelete" time="0,000" classname="cviceni.StringBuilderAndBufferTest"/>
  <testcase name="testBufferAppend" time="0,000" classname="cviceni.StringBuilderAndBufferTest"/>
  <testcase name="testBuilderAppendDelete" time="0,001" classname="cviceni.StringBuilderAndBufferTest"/>
  <testcase name="testBuilderAppendDelete" time="0,001" classname="cviceni.StringBuilderAndBufferTest"/>
  <testcase name="testBufferAppend" time="0,001" classname="cviceni.StringBuilderAndBufferTest"/>
  <testcase name="testBufferAppend" time="0,001" classname="cviceni.StringBuilderAndBufferTest"/>
  <testcase name="testBuilderAppendDelete" time="0,001" classname="cviceni.StringBuilderAndBufferTest"/>
  <testcase name="testBufferAppendDelete" time="0,000" classname="cviceni.StringBuilderAndBufferTest"/>
  <testcase name="testBuilderAppendDelete" time="0,001" classname="cviceni.StringBuilderAndBufferTest"/>
  <testcase name="testBufferAppendDelete" time="0,000" classname="cviceni.StringBuilderAndBufferTest"/>
  <testcase name="testBufferAppendDelete" time="0,000" classname="cviceni.StringBuilderAndBufferTest"/>
  <testcase name="testBuilderAppend" time="0,000" classname="cviceni.StringBuilderAndBufferTest"/>
  <testcase name="testBufferAppendDelete" time="0,000" classname="cviceni.StringBuilderAndBufferTest"/>
  <testcase name="testBuilderAppend" time="0,000" classname="cviceni.StringBuilderAndBufferTest"/>
  <testcase name="testBufferAppendDelete" time="0,000" classname="cviceni.StringBuilderAndBufferTest"/>
  <testcase name="testBuilderAppendDelete" time="0,000" classname="cviceni.StringBuilderAndBufferTest"/>
  <testcase name="testBufferAppendDelete" time="0,000" classname="cviceni.StringBuilderAndBufferTest"/>
  <testcase name="testBuilderAppendDelete" time="0,001" classname="cviceni.StringBuilderAndBufferTest"/>
  <testcase name="testBufferAppend" time="0,000" classname="cviceni.StringBuilderAndBufferTest"/>
  <testcase name="testBufferAppend" time="0,000" classname="cviceni.StringBuilderAndBufferTest"/>
  <testcase name="testBuilderAppend" time="0,000" classname="cviceni.StringBuilderAndBufferTest"/>
  <testcase name="testBuilderAppendDelete" time="0,147" classname="cviceni.StringBuilderAndBufferTest"/>
  <testcase name="testBuilderAppendDelete" time="0,001" classname="cviceni.StringBuilderAndBufferTest"/>
  <testcase name="testBufferAppendDelete" time="0,000" classname="cviceni.StringBuilderAndBufferTest"/>
  <testcase name="testBufferAppend" time="0,000" classname="cviceni.StringBuilderAndBufferTest"/>
  <testcase name="testBufferAppend" time="0,000" classname="cviceni.StringBuilderAndBufferTest"/>
  <testcase name="testBufferAppendDelete" time="0,001" classname="cviceni.StringBuilderAndBufferTest"/>
  <testcase name="testBufferAppendDelete" time="0,000" classname="cviceni.StringBuilderAndBufferTest"/>
  <testcase name="testBuilderAppend" time="0,001" classname="cviceni.StringBuilderAndBufferTest"/>
  <testcase name="testBufferAppend" time="0,000" classname="cviceni.StringBuilderAndBufferTest"/>
  <testcase name="testBufferAppendDelete" time="0,001" classname="cviceni.StringBuilderAndBufferTest"/>
  <testcase name="testBuilderAppendDelete" time="0,000" classname="cviceni.StringBuilderAndBufferTest"/>
  <testcase name="testBufferAppend" time="0,000" classname="cviceni.StringBuilderAndBufferTest"/>
  <testcase name="testBuilderAppendDelete" time="0,000" classname="cviceni.StringBuilderAndBufferTest"/>
  <testcase name="testBuilderAppend" time="0,001" classname="cviceni.StringBuilderAndBufferTest"/>
  <testcase name="testBufferAppend" time="0,000" classname="cviceni.StringBuilderAndBufferTest"/>
  <testcase name="testBuilderAppend" time="0,001" classname="cviceni.StringBuilderAndBufferTest"/>
  <testcase name="testBuilderAppendDelete" time="0,000" classname="cviceni.StringBuilderAndBufferTest"/>
  <testcase name="testBuilderAppend" time="0,001" classname="cviceni.StringBuilderAndBufferTest"/>
  <testcase name="testBuilderAppend" time="0,000" classname="cviceni.StringBuilderAndBufferTest"/>
  <testcase name="testBuilderAppend" time="0,000" classname="cviceni.StringBuilderAndBufferTest"/>
  <testcase name="testBuilderAppendDelete" time="0,000" classname="cviceni.StringBuilderAndBufferTest"/>
  <testcase name="testBufferAppend" time="0,001" classname="cviceni.StringBuilderAndBufferTest"/>
  <testcase name="testBufferAppend" time="0,000" classname="cviceni.StringBuilderAndBufferTest"/>
  <testcase name="testBuilderAppendDelete" time="0,001" classname="cviceni.StringBuilderAndBufferTest"/>
  <testcase name="testBufferAppendDelete" time="0,000" classname="cviceni.StringBuilderAndBufferTest"/>
  <testcase name="testBuilderAppendDelete" time="0,000" classname="cviceni.StringBuilderAndBufferTest"/>
  <testcase name="testBuilderAppend" time="0,000" classname="cviceni.StringBuilderAndBufferTest"/>
  <testcase name="testBuilderAppendDelete" time="0,000" classname="cviceni.StringBuilderAndBufferTest"/>
  <testcase name="testBuilderAppend" time="0,001" classname="cviceni.StringBuilderAndBufferTest"/>
  <testcase name="testBuilderAppendDelete" time="0,000" classname="cviceni.StringBuilderAndBufferTest"/>
  <testcase name="testBufferAppendDelete" time="0,001" classname="cviceni.StringBuilderAndBufferTest"/>
  <testcase name="testBuilderAppend" time="0,001" classname="cviceni.StringBuilderAndBufferTest"/>
  <testcase name="testBuilderAppend" time="0,001" classname="cviceni.StringBuilderAndBufferTest"/>
  <testcase name="testBufferAppend" time="0,000" classname="cviceni.StringBuilderAndBufferTest"/>
  <testcase name="testBufferAppendDelete" time="0,000" classname="cviceni.StringBuilderAndBufferTest"/>
  <testcase name="testBuilderAppend" time="0,000" classname="cviceni.StringBuilderAndBufferTest"/>
  <testcase name="testBuilderAppend" time="0,000" classname="cviceni.StringBuilderAndBufferTest"/>
  <testcase name="testBuilderAppendDelete" time="0,000" classname="cviceni.StringBuilderAndBufferTest"/>
  <testcase name="testBufferAppend" time="0,001" classname="cviceni.StringBuilderAndBufferTest"/>
  <testcase name="testBuilderAppend" time="0,000" classname="cviceni.StringBuilderAndBufferTest"/>
  <testcase name="testBufferAppend" time="0,000" classname="cviceni.StringBuilderAndBufferTest"/>
  <testcase name="testBufferAppendDelete" time="0,000" classname="cviceni.StringBuilderAndBufferTest"/>
  <testcase name="testBuilderAppend" time="0,000" classname="cviceni.StringBuilderAndBufferTest"/>
  <testcase name="testBuilderAppendDelete" time="0,000" classname="cviceni.StringBuilderAndBufferTest"/>
  <testcase name="testBuilderAppend" time="0,000" classname="cviceni.StringBuilderAndBufferTest"/>
  <testcase name="testBufferAppend" time="0,000" classname="cviceni.StringBuilderAndBufferTest"/>
  <testcase name="testBuilderAppendDelete" time="0,000" classname="cviceni.StringBuilderAndBufferTest"/>
  <testcase name="testBufferAppend" time="0,001" classname="cviceni.StringBuilderAndBufferTest"/>
  <testcase name="testBuilderAppendDelete" time="0,001" classname="cviceni.StringBuilderAndBufferTest"/>
  <testcase name="testBufferAppendDelete" time="0,000" classname="cviceni.StringBuilderAndBufferTest"/>
  <testcase name="testBuilderAppend" time="0,000" classname="cviceni.StringBuilderAndBufferTest"/>
  <testcase name="testBuilderAppendDelete" time="0,000" classname="cviceni.StringBuilderAndBufferTest"/>
  <testcase name="testBuilderAppend" time="0,001" classname="cviceni.StringBuilderAndBufferTest"/>
  <testcase name="testBufferAppendDelete" time="0,001" classname="cviceni.StringBuilderAndBufferTest"/>
  <testcase name="testBuilderAppend" time="0,000" classname="cviceni.StringBuilderAndBufferTest"/>
  <testcase name="testBuilderAppend" time="0,001" classname="cviceni.StringBuilderAndBufferTest"/>
  <testcase name="testBuilderAppendDelete" time="0,000" classname="cviceni.StringBuilderAndBufferTest"/>
  <testcase name="testBufferAppend" time="0,000" classname="cviceni.StringBuilderAndBufferTest"/>
  <testcase name="testBuilderAppend" time="0,001" classname="cviceni.StringBuilderAndBufferTest"/>
  <testcase name="testBuilderAppend" time="0,000" classname="cviceni.StringBuilderAndBufferTest"/>
  <testcase name="testBuilderAppend" time="0,001" classname="cviceni.StringBuilderAndBufferTest"/>
  <testcase name="testBufferAppend" time="0,000" classname="cviceni.StringBuilderAndBufferTest"/>
  <testcase name="testBuilderAppend" time="0,000" classname="cviceni.StringBuilderAndBufferTest"/>
  <testcase name="testBufferAppend" time="0,001" classname="cviceni.StringBuilderAndBufferTest"/>
  <testcase name="testBufferAppendDelete" time="0,000" classname="cviceni.StringBuilderAndBufferTest"/>
  <testcase name="testBuilderAppendDelete" time="0,000" classname="cviceni.StringBuilderAndBufferTest"/>
  <testcase name="testBuilderAppend" time="0,000" classname="cviceni.StringBuilderAndBufferTest"/>
  <testcase name="testBufferAppend" time="0,001" classname="cviceni.StringBuilderAndBufferTest"/>
  <testcase name="testBufferAppend" time="0,000" classname="cviceni.StringBuilderAndBufferTest"/>
  <testcase name="testBufferAppend" time="0,000" classname="cviceni.StringBuilderAndBufferTest"/>
  <testcase name="testBuilderAppendDelete" time="0,000" classname="cviceni.StringBuilderAndBufferTest"/>
  <testcase name="testBuilderAppend" time="0,000" classname="cviceni.StringBuilderAndBufferTest"/>
  <testcase name="testBufferAppendDelete" time="0,000" classname="cviceni.StringBuilderAndBufferTest"/>
  <testcase name="testBufferAppend" time="0,000" classname="cviceni.StringBuilderAndBufferTest"/>
  <testcase name="testBufferAppendDelete" time="0,000" classname="cviceni.StringBuilderAndBufferTest"/>
  <testcase name="testBufferAppendDelete" time="0,001" classname="cviceni.StringBuilderAndBufferTest"/>
  <testcase name="testBufferAppend" time="0,000" classname="cviceni.StringBuilderAndBufferTest"/>
  <testcase name="testBuilderAppendDelete" time="0,001" classname="cviceni.StringBuilderAndBufferTest"/>
  <testcase name="testBufferAppendDelete" time="0,000" classname="cviceni.StringBuilderAndBufferTest"/>
  <testcase name="testBufferAppend" time="0,000" classname="cviceni.StringBuilderAndBufferTest"/>
  <testcase name="testBuilderAppendDelete" time="0,000" classname="cviceni.StringBuilderAndBufferTest"/>
  <testcase name="testBufferAppendDelete" time="0,000" classname="cviceni.StringBuilderAndBufferTest"/>
  <testcase name="testBufferAppend" time="0,001" classname="cviceni.StringBuilderAndBufferTest"/>
  <testcase name="testBufferAppendDelete" time="0,001" classname="cviceni.StringBuilderAndBufferTest"/>
  <testcase name="testBufferAppendDelete" time="0,000" classname="cviceni.StringBuilderAndBufferTest"/>
  <testcase name="testBufferAppendDelete" time="0,000" classname="cviceni.StringBuilderAndBufferTest"/>
  <testcase name="testBuilderAppendDelete" time="0,000" classname="cviceni.StringBuilderAndBufferTest"/>
  <testcase name="testBufferAppend" time="0,001" classname="cviceni.StringBuilderAndBufferTest"/>
  <testcase name="testBuilderAppend" time="0,000" classname="cviceni.StringBuilderAndBufferTest"/>
  <testcase name="testBufferAppend" time="0,000" classname="cviceni.StringBuilderAndBufferTest"/>
  <testcase name="testBuilderAppendDelete" time="0,000" classname="cviceni.StringBuilderAndBufferTest"/>
  <testcase name="testBuilderAppend" time="0,001" classname="cviceni.StringBuilderAndBufferTest"/>
  <testcase name="testBuilderAppend" time="0,000" classname="cviceni.StringBuilderAndBufferTest"/>
  <testcase name="testBufferAppendDelete" time="0,000" classname="cviceni.StringBuilderAndBufferTest"/>
  <testcase name="testBufferAppend" time="0,000" classname="cviceni.StringBuilderAndBufferTest"/>
  <testcase name="testBufferAppendDelete" time="0,000" classname="cviceni.StringBuilderAndBufferTest"/>
  <testcase name="testBufferAppend" time="0,000" classname="cviceni.StringBuilderAndBufferTest"/>
  <testcase name="testBuilderAppendDelete" time="0,001" classname="cviceni.StringBuilderAndBufferTest"/>
  <testcase name="testBufferAppend" time="0,000" classname="cviceni.StringBuilderAndBufferTest"/>
  <testcase name="testBuilderAppend" time="0,000" classname="cviceni.StringBuilderAndBufferTest"/>
  <testcase name="testBufferAppend" time="0,000" classname="cviceni.StringBuilderAndBufferTest"/>
  <testcase name="testBufferAppendDelete" time="0,000" classname="cviceni.StringBuilderAndBufferTest"/>
  <testcase name="testBuilderAppendDelete" time="0,003" classname="cviceni.StringBuilderAndBufferTest"/>
  <testcase name="testBufferAppendDelete" time="0,000" classname="cviceni.StringBuilderAndBufferTest"/>
  <testcase name="testBuilderAppendDelete" time="0,000" classname="cviceni.StringBuilderAndBufferTest"/>
  <testcase name="testBufferAppend" time="0,000" classname="cviceni.StringBuilderAndBufferTest"/>
  <testcase name="testBuilderAppend" time="0,000" classname="cviceni.StringBuilderAndBufferTest"/>
  <testcase name="testBufferAppend" time="0,000" classname="cviceni.StringBuilderAndBufferTest"/>
  <testcase name="testBufferAppendDelete" time="0,000" classname="cviceni.StringBuilderAndBufferTest"/>
  <testcase name="testBufferAppendDelete" time="0,000" classname="cviceni.StringBuilderAndBufferTest"/>
  <testcase name="testBufferAppend" time="0,002" classname="cviceni.StringBuilderAndBufferTest"/>
  <testcase name="testBufferAppend" time="0,036" classname="cviceni.StringBuilderAndBufferTest"/>
  <testcase name="testBuilderAppendDelete" time="0,000" classname="cviceni.StringBuilderAndBufferTest"/>
  <testcase name="testBuilderAppendDelete" time="0,000" classname="cviceni.StringBuilderAndBufferTest"/>
  <testcase name="testBufferAppendDelete" time="0,001" classname="cviceni.StringBuilderAndBufferTest"/>
  <testcase name="testBufferAppendDelete" time="0,000" classname="cviceni.StringBuilderAndBufferTest"/>
  <testcase name="testBufferAppendDelete" time="0,000" classname="cviceni.StringBuilderAndBufferTest"/>
  <testcase name="testBuilderAppend" time="0,000" classname="cviceni.StringBuilderAndBufferTest"/>
  <testcase name="testBuilderAppendDelete" time="0,001" classname="cviceni.StringBuilderAndBufferTest"/>
  <testcase name="testBufferAppend" time="0,000" classname="cviceni.StringBuilderAndBufferTest"/>
  <testcase name="testBufferAppendDelete" time="0,000" classname="cviceni.StringBuilderAndBufferTest"/>
  <testcase name="testBuilderAppendDelete" time="0,001" classname="cviceni.StringBuilderAndBufferTest"/>
  <testcase name="testBuilderAppend" time="0,000" classname="cviceni.StringBuilderAndBufferTest"/>
  <testcase name="testBufferAppend" time="0,000" classname="cviceni.StringBuilderAndBufferTest"/>
  <testcase name="testBuilderAppendDelete" time="0,000" classname="cviceni.StringBuilderAndBufferTest"/>
  <testcase name="testBuilderAppend" time="0,000" classname="cviceni.StringBuilderAndBufferTest"/>
  <testcase name="testBuilderAppendDelete" time="0,000" classname="cviceni.StringBuilderAndBufferTest"/>
  <testcase name="testBuilderAppendDelete" time="0,000" classname="cviceni.StringBuilderAndBufferTest"/>
  <testcase name="testBufferAppendDelete" time="0,000" classname="cviceni.StringBuilderAndBufferTest"/>
  <testcase name="testBuilderAppend" time="0,000" classname="cviceni.StringBuilderAndBufferTest"/>
  <testcase name="testBufferAppendDelete" time="0,000" classname="cviceni.StringBuilderAndBufferTest"/>
  <testcase name="testBufferAppend" time="0,000" classname="cviceni.StringBuilderAndBufferTest"/>
  <testcase name="testBufferAppendDelete" time="0,000" classname="cviceni.StringBuilderAndBufferTest"/>
  <testcase name="testBuilderAppend" time="0,001" classname="cviceni.StringBuilderAndBufferTest"/>
  <testcase name="testBufferAppend" time="0,000" classname="cviceni.StringBuilderAndBufferTest"/>
  <testcase name="testBufferAppend" time="0,000" classname="cviceni.StringBuilderAndBufferTest"/>
  <testcase name="testBuilderAppendDelete" time="0,000" classname="cviceni.StringBuilderAndBufferTest"/>
  <testcase name="testBufferAppend" time="0,000" classname="cviceni.StringBuilderAndBufferTest"/>
  <testcase name="testBuilderAppendDelete" time="0,000" classname="cviceni.StringBuilderAndBufferTest"/>
  <testcase name="testBuilderAppend" time="0,000" classname="cviceni.StringBuilderAndBufferTest"/>
  <testcase name="testBuilderAppend" time="0,001" classname="cviceni.StringBuilderAndBufferTest"/>
  <testcase name="testBufferAppend" time="0,000" classname="cviceni.StringBuilderAndBufferTest"/>
  <testcase name="testBuilderAppendDelete" time="0,000" classname="cviceni.StringBuilderAndBufferTest"/>
  <testcase name="testBufferAppend" time="0,000" classname="cviceni.StringBuilderAndBufferTest"/>
  <testcase name="testBufferAppend" time="0,000" classname="cviceni.StringBuilderAndBufferTest"/>
  <testcase name="testBuilderAppendDelete" time="0,001" classname="cviceni.StringBuilderAndBufferTest"/>
  <testcase name="testBufferAppend" time="0,000" classname="cviceni.StringBuilderAndBufferTest"/>
  <testcase name="testBuilderAppendDelete" time="0,000" classname="cviceni.StringBuilderAndBufferTest"/>
  <testcase name="testBuilderAppendDelete" time="0,000" classname="cviceni.StringBuilderAndBufferTest"/>
  <testcase name="testBufferAppend" time="0,001" classname="cviceni.StringBuilderAndBufferTest"/>
  <testcase name="testBuilderAppend" time="0,001" classname="cviceni.StringBuilderAndBufferTest"/>
  <testcase name="testBufferAppendDelete" time="0,001" classname="cviceni.StringBuilderAndBufferTest"/>
  <testcase name="testBuilderAppendDelete" time="0,000" classname="cviceni.StringBuilderAndBufferTest"/>
  <testcase name="testBuilderAppend" time="0,000" classname="cviceni.StringBuilderAndBufferTest"/>
  <testcase name="testBufferAppendDelete" time="0,001" classname="cviceni.StringBuilderAndBufferTest"/>
  <testcase name="testBufferAppendDelete" time="0,001" classname="cviceni.StringBuilderAndBufferTest"/>
  <testcase name="testBufferAppend" time="0,000" classname="cviceni.StringBuilderAndBufferTest"/>
  <testcase name="testBuilderAppendDelete" time="0,000" classname="cviceni.StringBuilderAndBufferTest"/>
  <testcase name="testBufferAppend" time="0,000" classname="cviceni.StringBuilderAndBufferTest"/>
  <testcase name="testBufferAppendDelete" time="0,000" classname="cviceni.StringBuilderAndBufferTest"/>
  <testcase name="testBufferAppendDelete" time="0,001" classname="cviceni.StringBuilderAndBufferTest"/>
  <testcase name="testBuilderAppendDelete" time="0,000" classname="cviceni.StringBuilderAndBufferTest"/>
  <testcase name="testBuilderAppend" time="0,000" classname="cviceni.StringBuilderAndBufferTest"/>
  <testcase name="testBufferAppendDelete" time="0,000" classname="cviceni.StringBuilderAndBufferTest"/>
  <testcase name="testBufferAppendDelete" time="0,000" classname="cviceni.StringBuilderAndBufferTest"/>
  <testcase name="testBufferAppendDelete" time="0,000" classname="cviceni.StringBuilderAndBufferTest"/>
  <testcase name="testBufferAppendDelete" time="0,001" classname="cviceni.StringBuilderAndBufferTest"/>
  <testcase name="testBufferAppend" time="0,000" classname="cviceni.StringBuilderAndBufferTest"/>
  <testcase name="testBufferAppendDelete" time="0,000" classname="cviceni.StringBuilderAndBufferTest"/>
  <testcase name="testBuilderAppendDelete" time="0,000" classname="cviceni.StringBuilderAndBufferTest"/>
  <testcase name="testBufferAppend" time="0,000" classname="cviceni.StringBuilderAndBufferTest"/>
  <testcase name="testBufferAppendDelete" time="0,001" classname="cviceni.StringBuilderAndBufferTest"/>
  <testcase name="testBufferAppendDelete" time="0,000" classname="cviceni.StringBuilderAndBufferTest"/>
  <testcase name="testBuilderAppend" time="0,000" classname="cviceni.StringBuilderAndBufferTest"/>
  <testcase name="testBufferAppend" time="0,000" classname="cviceni.StringBuilderAndBufferTest"/>
  <testcase name="testBufferAppendDelete" time="0,000" classname="cviceni.StringBuilderAndBufferTest"/>
  <testcase name="testBuilderAppendDelete" time="0,000" classname="cviceni.StringBuilderAndBufferTest"/>
  <testcase name="testBuilderAppendDelete" time="0,000" classname="cviceni.StringBuilderAndBufferTest"/>
  <testcase name="testBufferAppendDelete" time="0,001" classname="cviceni.StringBuilderAndBufferTest"/>
  <testcase name="testBufferAppendDelete" time="0,000" classname="cviceni.StringBuilderAndBufferTest"/>
  <testcase name="testBufferAppendDelete" time="0,000" classname="cviceni.StringBuilderAndBufferTest"/>
  <testcase name="testBufferAppend" time="0,000" classname="cviceni.StringBuilderAndBufferTest"/>
  <testcase name="testBuilderAppendDelete" time="0,003" classname="cviceni.StringBuilderAndBufferTest"/>
  <testcase name="testBufferAppendDelete" time="0,000" classname="cviceni.StringBuilderAndBufferTest"/>
  <testcase name="testBuilderAppendDelete" time="0,000" classname="cviceni.StringBuilderAndBufferTest"/>
  <testcase name="testBufferAppendDelete" time="0,000" classname="cviceni.StringBuilderAndBufferTest"/>
  <testcase name="testBufferAppend" time="0,000" classname="cviceni.StringBuilderAndBufferTest"/>
  <testcase name="testBuilderAppendDelete" time="0,000" classname="cviceni.StringBuilderAndBufferTest"/>
  <testcase name="testBufferAppendDelete" time="0,000" classname="cviceni.StringBuilderAndBufferTest"/>
  <testcase name="testBufferAppendDelete" time="0,000" classname="cviceni.StringBuilderAndBufferTest"/>
  <testcase name="testBufferAppend" time="0,000" classname="cviceni.StringBuilderAndBufferTest"/>
  <testcase name="testBuilderAppend" time="0,000" classname="cviceni.StringBuilderAndBufferTest"/>
  <testcase name="testBufferAppend" time="0,000" classname="cviceni.StringBuilderAndBufferTest"/>
  <testcase name="testBufferAppend" time="0,000" classname="cviceni.StringBuilderAndBufferTest"/>
  <testcase name="testBuilderAppend" time="0,000" classname="cviceni.StringBuilderAndBufferTest"/>
  <testcase name="testBuilderAppend" time="0,000" classname="cviceni.StringBuilderAndBufferTest"/>
  <testcase name="testBufferAppendDelete" time="0,000" classname="cviceni.StringBuilderAndBufferTest"/>
  <testcase name="testBufferAppend" time="0,255" classname="cviceni.StringBuilderAndBufferTest"/>
  <testcase name="testBufferAppendDelete" time="0,000" classname="cviceni.StringBuilderAndBufferTest"/>
  <testcase name="testBuilderAppendDelete" time="0,001" classname="cviceni.StringBuilderAndBufferTest"/>
  <testcase name="testBuilderAppendDelete" time="0,000" classname="cviceni.StringBuilderAndBufferTest"/>
  <testcase name="testBuilderAppend" time="0,000" classname="cviceni.StringBuilderAndBufferTest"/>
  <testcase name="testBufferAppend" time="0,001" classname="cviceni.StringBuilderAndBufferTest"/>
  <testcase name="testBufferAppendDelete" time="0,000" classname="cviceni.StringBuilderAndBufferTest"/>
  <testcase name="testBuilderAppendDelete" time="0,000" classname="cviceni.StringBuilderAndBufferTest"/>
  <testcase name="testBuilderAppendDelete" time="0,001" classname="cviceni.StringBuilderAndBufferTest"/>
  <testcase name="testBuilderAppendDelete" time="0,001" classname="cviceni.StringBuilderAndBufferTest"/>
  <testcase name="testBuilderAppend" time="0,000" classname="cviceni.StringBuilderAndBufferTest"/>
  <testcase name="testBuilderAppendDelete" time="0,000" classname="cviceni.StringBuilderAndBufferTest"/>
  <testcase name="testBuilderAppend" time="0,000" classname="cviceni.StringBuilderAndBufferTest"/>
  <testcase name="testBuilderAppend" time="0,000" classname="cviceni.StringBuilderAndBufferTest"/>
  <testcase name="testBufferAppend" time="0,001" classname="cviceni.StringBuilderAndBufferTest"/>
  <testcase name="testBufferAppendDelete" time="0,001" classname="cviceni.StringBuilderAndBufferTest"/>
  <testcase name="testBufferAppend" time="0,001" classname="cviceni.StringBuilderAndBufferTest"/>
  <testcase name="testBufferAppendDelete" time="0,000" classname="cviceni.StringBuilderAndBufferTest"/>
  <testcase name="testBuilderAppend" time="0,000" classname="cviceni.StringBuilderAndBufferTest"/>
  <testcase name="testBuilderAppendDelete" time="0,001" classname="cviceni.StringBuilderAndBufferTest"/>
  <testcase name="testBuilderAppend" time="0,001" classname="cviceni.StringBuilderAndBufferTest"/>
  <testcase name="testBuilderAppendDelete" time="0,000" classname="cviceni.StringBuilderAndBufferTest"/>
  <testcase name="testBuilderAppend" time="0,001" classname="cviceni.StringBuilderAndBufferTest"/>
  <testcase name="testBufferAppend" time="0,000" classname="cviceni.StringBuilderAndBufferTest"/>
  <testcase name="testBuilderAppendDelete" time="0,000" classname="cviceni.StringBuilderAndBufferTest"/>
  <testcase name="testBuilderAppendDelete" time="0,001" classname="cviceni.StringBuilderAndBufferTest"/>
  <testcase name="testBufferAppend" time="0,003" classname="cviceni.StringBuilderAndBufferTest"/>
  <testcase name="testBuilderAppendDelete" time="0,001" classname="cviceni.StringBuilderAndBufferTest"/>
  <testcase name="testBufferAppend" time="0,000" classname="cviceni.StringBuilderAndBufferTest"/>
  <testcase name="testBuilderAppend" time="0,000" classname="cviceni.StringBuilderAndBufferTest"/>
  <testcase name="testBuilderAppend" time="0,000" classname="cviceni.StringBuilderAndBufferTest"/>
  <testcase name="testBufferAppendDelete" time="0,000" classname="cviceni.StringBuilderAndBufferTest"/>
  <testcase name="testBuilderAppendDelete" time="0,000" classname="cviceni.StringBuilderAndBufferTest"/>
  <testcase name="testBufferAppend" time="0,000" classname="cviceni.StringBuilderAndBufferTest"/>
  <testcase name="testBufferAppendDelete" time="0,001" classname="cviceni.StringBuilderAndBufferTest"/>
  <testcase name="testBufferAppend" time="0,000" classname="cviceni.StringBuilderAndBufferTest"/>
  <testcase name="testBuilderAppendDelete" time="0,001" classname="cviceni.StringBuilderAndBufferTest"/>
  <testcase name="testBuilderAppend" time="0,000" classname="cviceni.StringBuilderAndBufferTest"/>
  <testcase name="testBufferAppend" time="0,000" classname="cviceni.StringBuilderAndBufferTest"/>
  <testcase name="testBufferAppendDelete" time="0,000" classname="cviceni.StringBuilderAndBufferTest"/>
  <testcase name="testBufferAppend" time="0,001" classname="cviceni.StringBuilderAndBufferTest"/>
  <testcase name="testBufferAppendDelete" time="0,000" classname="cviceni.StringBuilderAndBufferTest"/>
  <testcase name="testBuilderAppend" time="0,000" classname="cviceni.StringBuilderAndBufferTest"/>
  <testcase name="testBuilderAppend" time="0,000" classname="cviceni.StringBuilderAndBufferTest"/>
  <testcase name="testBufferAppendDelete" time="0,001" classname="cviceni.StringBuilderAndBufferTest"/>
  <testcase name="testBuilderAppendDelete" time="0,000" classname="cviceni.StringBuilderAndBufferTest"/>
  <testcase name="testBuilderAppendDelete" time="0,000" classname="cviceni.StringBuilderAndBufferTest"/>
  <testcase name="testBufferAppendDelete" time="0,000" classname="cviceni.StringBuilderAndBufferTest"/>
  <testcase name="testBufferAppendDelete" time="0,000" classname="cviceni.StringBuilderAndBufferTest"/>
  <testcase name="testBuilderAppend" time="0,000" classname="cviceni.StringBuilderAndBufferTest"/>
  <testcase name="testBuilderAppendDelete" time="0,002" classname="cviceni.StringBuilderAndBufferTest"/>
  <testcase name="testBuilderAppendDelete" time="0,001" classname="cviceni.StringBuilderAndBufferTest"/>
  <testcase name="testBuilderAppendDelete" time="0,000" classname="cviceni.StringBuilderAndBufferTest"/>
  <testcase name="testBuilderAppend" time="0,001" classname="cviceni.StringBuilderAndBufferTest"/>
  <testcase name="testBufferAppendDelete" time="0,000" classname="cviceni.StringBuilderAndBufferTest"/>
  <testcase name="testBuilderAppendDelete" time="0,001" classname="cviceni.StringBuilderAndBufferTest"/>
  <testcase name="testBuilderAppendDelete" time="0,001" classname="cviceni.StringBuilderAndBufferTest"/>
  <testcase name="testBufferAppendDelete" time="0,000" classname="cviceni.StringBuilderAndBufferTest"/>
  <testcase name="testBuilderAppendDelete" time="0,000" classname="cviceni.StringBuilderAndBufferTest"/>
  <testcase name="testBufferAppendDelete" time="0,000" classname="cviceni.StringBuilderAndBufferTest"/>
  <testcase name="testBuilderAppend" time="0,000" classname="cviceni.StringBuilderAndBufferTest"/>
  <testcase name="testBuilderAppend" time="0,000" classname="cviceni.StringBuilderAndBufferTest"/>
  <testcase name="testBuilderAppendDelete" time="0,000" classname="cviceni.StringBuilderAndBufferTest"/>
  <testcase name="testBuilderAppendDelete" time="0,000" classname="cviceni.StringBuilderAndBufferTest"/>
  <testcase name="testBufferAppend" time="0,000" classname="cviceni.StringBuilderAndBufferTest"/>
  <testcase name="testBuilderAppend" time="0,000" classname="cviceni.StringBuilderAndBufferTest"/>
  <testcase name="testBuilderAppendDelete" time="0,000" classname="cviceni.StringBuilderAndBufferTest"/>
  <testcase name="testBuilderAppendDelete" time="0,001" classname="cviceni.StringBuilderAndBufferTest"/>
  <testcase name="testBufferAppend" time="0,001" classname="cviceni.StringBuilderAndBufferTest"/>
  <testcase name="testBufferAppendDelete" time="0,000" classname="cviceni.StringBuilderAndBufferTest"/>
  <testcase name="testBuilderAppend" time="0,000" classname="cviceni.StringBuilderAndBufferTest"/>
  <testcase name="testBufferAppend" time="0,001" classname="cviceni.StringBuilderAndBufferTest"/>
  <testcase name="testBufferAppend" time="0,000" classname="cviceni.StringBuilderAndBufferTest"/>
  <testcase name="testBufferAppendDelete" time="0,000" classname="cviceni.StringBuilderAndBufferTest"/>
  <testcase name="testBufferAppendDelete" time="0,001" classname="cviceni.StringBuilderAndBufferTest"/>
  <testcase name="testBuilderAppend" time="0,000" classname="cviceni.StringBuilderAndBufferTest"/>
  <testcase name="testBufferAppend" time="0,001" classname="cviceni.StringBuilderAndBufferTest"/>
  <testcase name="testBuilderAppend" time="0,000" classname="cviceni.StringBuilderAndBufferTest"/>
  <testcase name="testBuilderAppend" time="0,000" classname="cviceni.StringBuilderAndBufferTest"/>
  <testcase name="testBufferAppend" time="0,000" classname="cviceni.StringBuilderAndBufferTest"/>
  <testcase name="testBuilderAppendDelete" time="0,001" classname="cviceni.StringBuilderAndBufferTest"/>
  <testcase name="testBufferAppend" time="0,001" classname="cviceni.StringBuilderAndBufferTest"/>
  <testcase name="testBufferAppend" time="0,000" classname="cviceni.StringBuilderAndBufferTest"/>
  <testcase name="testBufferAppend" time="0,000" classname="cviceni.StringBuilderAndBufferTest"/>
  <testcase name="testBuilderAppend" time="0,000" classname="cviceni.StringBuilderAndBufferTest"/>
  <testcase name="testBufferAppend" time="0,016" classname="cviceni.StringBuilderAndBufferTest"/>
  <testcase name="testBufferAppend" time="0,000" classname="cviceni.StringBuilderAndBufferTest"/>
  <testcase name="testBufferAppend" time="0,001" classname="cviceni.StringBuilderAndBufferTest"/>
  <testcase name="testBuilderAppend" time="0,000" classname="cviceni.StringBuilderAndBufferTest"/>
  <testcase name="testBufferAppendDelete" time="0,001" classname="cviceni.StringBuilderAndBufferTest"/>
  <testcase name="testBufferAppend" time="0,000" classname="cviceni.StringBuilderAndBufferTest"/>
  <testcase name="testBuilderAppend" time="0,001" classname="cviceni.StringBuilderAndBufferTest"/>
  <testcase name="testBufferAppendDelete" time="0,000" classname="cviceni.StringBuilderAndBufferTest"/>
  <testcase name="testBufferAppend" time="0,000" classname="cviceni.StringBuilderAndBufferTest"/>
  <testcase name="testBufferAppendDelete" time="0,000" classname="cviceni.StringBuilderAndBufferTest"/>
  <testcase name="testBuilderAppendDelete" time="0,000" classname="cviceni.StringBuilderAndBufferTest"/>
  <testcase name="testBuilderAppend" time="0,001" classname="cviceni.StringBuilderAndBufferTest"/>
  <testcase name="testBufferAppendDelete" time="0,000" classname="cviceni.StringBuilderAndBufferTest"/>
  <testcase name="testBufferAppend" time="0,000" classname="cviceni.StringBuilderAndBufferTest"/>
  <testcase name="testBuilderAppendDelete" time="0,000" classname="cviceni.StringBuilderAndBufferTest"/>
  <testcase name="testBufferAppendDelete" time="0,001" classname="cviceni.StringBuilderAndBufferTest"/>
  <testcase name="testBufferAppendDelete" time="0,001" classname="cviceni.StringBuilderAndBufferTest"/>
  <testcase name="testBuilderAppendDelete" time="0,000" classname="cviceni.StringBuilderAndBufferTest"/>
  <testcase name="testBufferAppendDelete" time="0,000" classname="cviceni.StringBuilderAndBufferTest"/>
  <testcase name="testBuilderAppendDelete" time="0,000" classname="cviceni.StringBuilderAndBufferTest"/>
  <testcase name="testBufferAppend" time="0,000" classname="cviceni.StringBuilderAndBufferTest"/>
  <testcase name="testBuilderAppend" time="0,001" classname="cviceni.StringBuilderAndBufferTest"/>
  <testcase name="testBufferAppendDelete" time="0,000" classname="cviceni.StringBuilderAndBufferTest"/>
  <testcase name="testBuilderAppend" time="0,000" classname="cviceni.StringBuilderAndBufferTest"/>
  <testcase name="testBuilderAppend" time="0,000" classname="cviceni.StringBuilderAndBufferTest"/>
  <testcase name="testBuilderAppendDelete" time="0,001" classname="cviceni.StringBuilderAndBufferTest"/>
  <testcase name="testBuilderAppendDelete" time="0,000" classname="cviceni.StringBuilderAndBufferTest"/>
  <testcase name="testBufferAppendDelete" time="0,000" classname="cviceni.StringBuilderAndBufferTest"/>
  <testcase name="testBufferAppendDelete" time="0,001" classname="cviceni.StringBuilderAndBufferTest"/>
  <testcase name="testBuilderAppendDelete" time="0,000" classname="cviceni.StringBuilderAndBufferTest"/>
  <testcase name="testBufferAppend" time="0,001" classname="cviceni.StringBuilderAndBufferTest"/>
  <testcase name="testBuilderAppendDelete" time="0,000" classname="cviceni.StringBuilderAndBufferTest"/>
  <testcase name="testBufferAppendDelete" time="0,000" classname="cviceni.StringBuilderAndBufferTest"/>
  <testcase name="testBufferAppendDelete" time="0,000" classname="cviceni.StringBuilderAndBufferTest"/>
  <testcase name="testBufferAppend" time="0,000" classname="cviceni.StringBuilderAndBufferTest"/>
  <testcase name="testBufferAppend" time="0,000" classname="cviceni.StringBuilderAndBufferTest"/>
  <testcase name="testBufferAppend" time="0,001" classname="cviceni.StringBuilderAndBufferTest"/>
  <testcase name="testBuilderAppend" time="0,000" classname="cviceni.StringBuilderAndBufferTest"/>
  <testcase name="testBufferAppendDelete" time="0,000" classname="cviceni.StringBuilderAndBufferTest"/>
  <testcase name="testBuilderAppendDelete" time="0,000" classname="cviceni.StringBuilderAndBufferTest"/>
  <testcase name="testBuilderAppendDelete" time="0,158" classname="cviceni.StringBuilderAndBufferTest"/>
  <testcase name="testBuilderAppendDelete" time="0,000" classname="cviceni.StringBuilderAndBufferTest"/>
  <testcase name="testBuilderAppendDelete" time="0,001" classname="cviceni.StringBuilderAndBufferTest"/>
  <testcase name="testBuilderAppend" time="0,000" classname="cviceni.StringBuilderAndBufferTest"/>
  <testcase name="testBufferAppendDelete" time="0,001" classname="cviceni.StringBuilderAndBufferTest"/>
  <testcase name="testBuilderAppendDelete" time="0,000" classname="cviceni.StringBuilderAndBufferTest"/>
  <testcase name="testBuilderAppendDelete" time="0,000" classname="cviceni.StringBuilderAndBufferTest"/>
  <testcase name="testBufferAppend" time="0,000" classname="cviceni.StringBuilderAndBufferTest"/>
  <testcase name="testBufferAppend" time="0,001" classname="cviceni.StringBuilderAndBufferTest"/>
  <testcase name="testBuilderAppendDelete" time="0,000" classname="cviceni.StringBuilderAndBufferTest"/>
  <testcase name="testBufferAppendDelete" time="0,000" classname="cviceni.StringBuilderAndBufferTest"/>
  <testcase name="testBuilderAppend" time="0,000" classname="cviceni.StringBuilderAndBufferTest"/>
  <testcase name="testBufferAppendDelete" time="0,001" classname="cviceni.StringBuilderAndBufferTest"/>
  <testcase name="testBufferAppendDelete" time="0,001" classname="cviceni.StringBuilderAndBufferTest"/>
  <testcase name="testBufferAppend" time="0,000" classname="cviceni.StringBuilderAndBufferTest"/>
  <testcase name="testBufferAppendDelete" time="0,001" classname="cviceni.StringBuilderAndBufferTest"/>
  <testcase name="testBuilderAppendDelete" time="0,000" classname="cviceni.StringBuilderAndBufferTest"/>
  <testcase name="testBuilderAppend" time="0,000" classname="cviceni.StringBuilderAndBufferTest"/>
  <testcase name="testBufferAppendDelete" time="0,000" classname="cviceni.StringBuilderAndBufferTest"/>
  <testcase name="testBufferAppendDelete" time="0,000" classname="cviceni.StringBuilderAndBufferTest"/>
  <testcase name="testBuilderAppend" time="0,001" classname="cviceni.StringBuilderAndBufferTest"/>
  <testcase name="testBuilderAppend" time="0,000" classname="cviceni.StringBuilderAndBufferTest"/>
  <testcase name="testBufferAppendDelete" time="0,000" classname="cviceni.StringBuilderAndBufferTest"/>
  <testcase name="testBuilderAppend" time="0,000" classname="cviceni.StringBuilderAndBufferTest"/>
  <testcase name="testBufferAppend" time="0,000" classname="cviceni.StringBuilderAndBufferTest"/>
  <testcase name="testBuilderAppendDelete" time="0,000" classname="cviceni.StringBuilderAndBufferTest"/>
  <testcase name="testBuilderAppendDelete" time="0,001" classname="cviceni.StringBuilderAndBufferTest"/>
  <testcase name="testBuilderAppend" time="0,000" classname="cviceni.StringBuilderAndBufferTest"/>
  <testcase name="testBuilderAppendDelete" time="0,000" classname="cviceni.StringBuilderAndBufferTest"/>
  <testcase name="testBufferAppend" time="0,000" classname="cviceni.StringBuilderAndBufferTest"/>
  <testcase name="testBuilderAppendDelete" time="0,000" classname="cviceni.StringBuilderAndBufferTest"/>
  <testcase name="testBufferAppendDelete" time="0,000" classname="cviceni.StringBuilderAndBufferTest"/>
  <testcase name="testBufferAppendDelete" time="0,000" classname="cviceni.StringBuilderAndBufferTest"/>
  <testcase name="testBufferAppend" time="0,000" classname="cviceni.StringBuilderAndBufferTest"/>
  <testcase name="testBufferAppend" time="0,000" classname="cviceni.StringBuilderAndBufferTest"/>
  <testcase name="testBuilderAppend" time="0,000" classname="cviceni.StringBuilderAndBufferTest"/>
  <testcase name="testBuilderAppend" time="0,014" classname="cviceni.StringBuilderAndBufferTest"/>
  <testcase name="testBufferAppend" time="0,000" classname="cviceni.StringBuilderAndBufferTest"/>
  <testcase name="testBuilderAppend" time="0,000" classname="cviceni.StringBuilderAndBufferTest"/>
  <testcase name="testBufferAppend" time="0,105" classname="cviceni.StringBuilderAndBufferTest"/>
  <testcase name="testBufferAppend" time="0,000" classname="cviceni.StringBuilderAndBufferTest"/>
  <testcase name="testBuilderAppendDelete" time="0,001" classname="cviceni.StringBuilderAndBufferTest"/>
  <testcase name="testBuilderAppend" time="0,001" classname="cviceni.StringBuilderAndBufferTest"/>
  <testcase name="testBuilderAppend" time="0,000" classname="cviceni.StringBuilderAndBufferTest"/>
  <testcase name="testBuilderAppend" time="0,000" classname="cviceni.StringBuilderAndBufferTest"/>
  <testcase name="testBufferAppend" time="0,000" classname="cviceni.StringBuilderAndBufferTest"/>
  <testcase name="testBuilderAppendDelete" time="0,000" classname="cviceni.StringBuilderAndBufferTest"/>
  <testcase name="testBufferAppendDelete" time="0,000" classname="cviceni.StringBuilderAndBufferTest"/>
  <testcase name="testBuilderAppendDelete" time="0,001" classname="cviceni.StringBuilderAndBufferTest"/>
  <testcase name="testBufferAppendDelete" time="0,000" classname="cviceni.StringBuilderAndBufferTest"/>
  <testcase name="testBufferAppendDelete" time="0,000" classname="cviceni.StringBuilderAndBufferTest"/>
  <testcase name="testBufferAppendDelete" time="0,001" classname="cviceni.StringBuilderAndBufferTest"/>
  <testcase name="testBuilderAppend" time="0,000" classname="cviceni.StringBuilderAndBufferTest"/>
  <testcase name="testBuilderAppendDelete" time="0,000" classname="cviceni.StringBuilderAndBufferTest"/>
  <testcase name="testBuilderAppend" time="0,000" classname="cviceni.StringBuilderAndBufferTest"/>
  <testcase name="testBufferAppendDelete" time="0,000" classname="cviceni.StringBuilderAndBufferTest"/>
  <testcase name="testBuilderAppendDelete" time="0,000" classname="cviceni.StringBuilderAndBufferTest"/>
  <testcase name="testBufferAppend" time="0,000" classname="cviceni.StringBuilderAndBufferTest"/>
  <testcase name="testBufferAppend" time="0,000" classname="cviceni.StringBuilderAndBufferTest"/>
  <testcase name="testBuilderAppend" time="0,000" classname="cviceni.StringBuilderAndBufferTest"/>
  <testcase name="testBuilderAppendDelete" time="0,001" classname="cviceni.StringBuilderAndBufferTest"/>
  <testcase name="testBuilderAppend" time="0,000" classname="cviceni.StringBuilderAndBufferTest"/>
  <testcase name="testBufferAppendDelete" time="0,000" classname="cviceni.StringBuilderAndBufferTest"/>
  <testcase name="testBuilderAppend" time="0,000" classname="cviceni.StringBuilderAndBufferTest"/>
  <testcase name="testBuilderAppendDelete" time="0,000" classname="cviceni.StringBuilderAndBufferTest"/>
  <testcase name="testBuilderAppendDelete" time="0,000" classname="cviceni.StringBuilderAndBufferTest"/>
  <testcase name="testBufferAppendDelete" time="0,000" classname="cviceni.StringBuilderAndBufferTest"/>
  <testcase name="testBufferAppend" time="0,000" classname="cviceni.StringBuilderAndBufferTest"/>
  <testcase name="testBuilderAppendDelete" time="0,000" classname="cviceni.StringBuilderAndBufferTest"/>
  <testcase name="testBuilderAppend" time="0,000" classname="cviceni.StringBuilderAndBufferTest"/>
  <testcase name="testBuilderAppend" time="0,000" classname="cviceni.StringBuilderAndBufferTest"/>
  <testcase name="testBuilderAppend" time="0,000" classname="cviceni.StringBuilderAndBufferTest"/>
  <testcase name="testBuilderAppendDelete" time="0,001" classname="cviceni.StringBuilderAndBufferTest"/>
  <testcase name="testBufferAppendDelete" time="0,000" classname="cviceni.StringBuilderAndBufferTest"/>
  <testcase name="testBufferAppendDelete" time="0,000" classname="cviceni.StringBuilderAndBufferTest"/>
  <testcase name="testBuilderAppend" time="0,000" classname="cviceni.StringBuilderAndBufferTest"/>
  <testcase name="testBuilderAppendDelete" time="0,000" classname="cviceni.StringBuilderAndBufferTest"/>
  <testcase name="testBuilderAppend" time="0,001" classname="cviceni.StringBuilderAndBufferTest"/>
  <testcase name="testBuilderAppendDelete" time="0,000" classname="cviceni.StringBuilderAndBufferTest"/>
  <testcase name="testBuilderAppendDelete" time="0,001" classname="cviceni.StringBuilderAndBufferTest"/>
  <testcase name="testBufferAppendDelete" time="0,000" classname="cviceni.StringBuilderAndBufferTest"/>
  <testcase name="testBuilderAppendDelete" time="0,000" classname="cviceni.StringBuilderAndBufferTest"/>
  <testcase name="testBuilderAppendDelete" time="0,000" classname="cviceni.StringBuilderAndBufferTest"/>
  <testcase name="testBufferAppendDelete" time="0,000" classname="cviceni.StringBuilderAndBufferTest"/>
  <testcase name="testBuilderAppend" time="0,000" classname="cviceni.StringBuilderAndBufferTest"/>
  <testcase name="testBuilderAppend" time="0,000" classname="cviceni.StringBuilderAndBufferTest"/>
  <testcase name="testBuilderAppend" time="0,000" classname="cviceni.StringBuilderAndBufferTest"/>
  <testcase name="testBuilderAppend" time="0,000" classname="cviceni.StringBuilderAndBufferTest"/>
  <testcase name="testBufferAppend" time="0,000" classname="cviceni.StringBuilderAndBufferTest"/>
  <testcase name="testBufferAppendDelete" time="0,000" classname="cviceni.StringBuilderAndBufferTest"/>
  <testcase name="testBuilderAppendDelete" time="0,000" classname="cviceni.StringBuilderAndBufferTest"/>
  <testcase name="testBuilderAppend" time="0,023" classname="cviceni.StringBuilderAndBufferTest"/>
  <testcase name="testBuilderAppendDelete" time="0,000" classname="cviceni.StringBuilderAndBufferTest"/>
  <testcase name="testBufferAppend" time="0,001" classname="cviceni.StringBuilderAndBufferTest"/>
  <testcase name="testBufferAppend" time="0,000" classname="cviceni.StringBuilderAndBufferTest"/>
  <testcase name="testBufferAppend" time="0,000" classname="cviceni.StringBuilderAndBufferTest"/>
  <testcase name="testBufferAppendDelete" time="0,000" classname="cviceni.StringBuilderAndBufferTest"/>
  <testcase name="testBufferAppend" time="0,000" classname="cviceni.StringBuilderAndBufferTest"/>
  <testcase name="testBuilderAppend" time="0,001" classname="cviceni.StringBuilderAndBufferTest"/>
  <testcase name="testBuilderAppend" time="0,000" classname="cviceni.StringBuilderAndBufferTest"/>
  <testcase name="testBufferAppendDelete" time="0,001" classname="cviceni.StringBuilderAndBufferTest"/>
  <testcase name="testBufferAppend" time="0,000" classname="cviceni.StringBuilderAndBufferTest"/>
  <testcase name="testBufferAppend" time="0,000" classname="cviceni.StringBuilderAndBufferTest"/>
  <testcase name="testBufferAppendDelete" time="0,000" classname="cviceni.StringBuilderAndBufferTest"/>
  <testcase name="testBuilderAppendDelete" time="0,000" classname="cviceni.StringBuilderAndBufferTest"/>
  <testcase name="testBufferAppend" time="0,001" classname="cviceni.StringBuilderAndBufferTest"/>
  <testcase name="testBuilderAppend" time="0,000" classname="cviceni.StringBuilderAndBufferTest"/>
  <testcase name="testBufferAppendDelete" time="0,000" classname="cviceni.StringBuilderAndBufferTest"/>
  <testcase name="testBufferAppendDelete" time="0,000" classname="cviceni.StringBuilderAndBufferTest"/>
  <testcase name="testBufferAppendDelete" time="0,000" classname="cviceni.StringBuilderAndBufferTest"/>
  <testcase name="testBufferAppend" time="0,000" classname="cviceni.StringBuilderAndBufferTest"/>
  <testcase name="testBuilderAppend" time="0,000" classname="cviceni.StringBuilderAndBufferTest"/>
  <testcase name="testBufferAppendDelete" time="0,000" classname="cviceni.StringBuilderAndBufferTest"/>
  <testcase name="testBufferAppendDelete" time="0,000" classname="cviceni.StringBuilderAndBufferTest"/>
  <testcase name="testBufferAppendDelete" time="0,000" classname="cviceni.StringBuilderAndBufferTest"/>
  <testcase name="testBufferAppendDelete" time="0,001" classname="cviceni.StringBuilderAndBufferTest"/>
  <testcase name="testBuilderAppendDelete" time="0,001" classname="cviceni.StringBuilderAndBufferTest"/>
  <testcase name="testBuilderAppend" time="0,000" classname="cviceni.StringBuilderAndBufferTest"/>
  <testcase name="testBufferAppendDelete" time="0,001" classname="cviceni.StringBuilderAndBufferTest"/>
  <testcase name="testBufferAppend" time="0,001" classname="cviceni.StringBuilderAndBufferTest"/>
  <testcase name="testBuilderAppendDelete" time="0,000" classname="cviceni.StringBuilderAndBufferTest"/>
  <testcase name="testBufferAppend" time="0,000" classname="cviceni.StringBuilderAndBufferTest"/>
  <testcase name="testBuilderAppend" time="0,000" classname="cviceni.StringBuilderAndBufferTest"/>
  <testcase name="testBufferAppend" time="0,001" classname="cviceni.StringBuilderAndBufferTest"/>
  <testcase name="testBufferAppend" time="0,000" classname="cviceni.StringBuilderAndBufferTest"/>
  <testcase name="testBufferAppendDelete" time="0,001" classname="cviceni.StringBuilderAndBufferTest"/>
  <testcase name="testBufferAppend" time="0,000" classname="cviceni.StringBuilderAndBufferTest"/>
  <testcase name="testBufferAppendDelete" time="0,001" classname="cviceni.StringBuilderAndBufferTest"/>
  <testcase name="testBufferAppendDelete" time="0,000" classname="cviceni.StringBuilderAndBufferTest"/>
  <testcase name="testBuilderAppend" time="0,000" classname="cviceni.StringBuilderAndBufferTest"/>
  <testcase name="testBufferAppendDelete" time="0,000" classname="cviceni.StringBuilderAndBufferTest"/>
  <testcase name="testBufferAppend" time="0,000" classname="cviceni.StringBuilderAndBufferTest"/>
  <testcase name="testBuilderAppendDelete" time="0,001" classname="cviceni.StringBuilderAndBufferTest"/>
  <testcase name="testBuilderAppend" time="0,001" classname="cviceni.StringBuilderAndBufferTest"/>
  <testcase name="testBufferAppend" time="0,000" classname="cviceni.StringBuilderAndBufferTest"/>
  <testcase name="testBuilderAppendDelete" time="0,000" classname="cviceni.StringBuilderAndBufferTest"/>
  <testcase name="testBufferAppendDelete" time="0,001" classname="cviceni.StringBuilderAndBufferTest"/>
  <testcase name="testBuilderAppend" time="0,001" classname="cviceni.StringBuilderAndBufferTest"/>
  <testcase name="testBuilderAppendDelete" time="0,000" classname="cviceni.StringBuilderAndBufferTest"/>
  <testcase name="testBuilderAppend" time="0,001" classname="cviceni.StringBuilderAndBufferTest"/>
  <testcase name="testBuilderAppend" time="0,000" classname="cviceni.StringBuilderAndBufferTest"/>
  <testcase name="testBufferAppend" time="0,000" classname="cviceni.StringBuilderAndBufferTest"/>
  <testcase name="testBuilderAppendDelete" time="0,000" classname="cviceni.StringBuilderAndBufferTest"/>
  <testcase name="testBuilderAppendDelete" time="0,000" classname="cviceni.StringBuilderAndBufferTest"/>
  <testcase name="testBufferAppendDelete" time="0,000" classname="cviceni.StringBuilderAndBufferTest"/>
  <testcase name="testBuilderAppendDelete" time="0,000" classname="cviceni.StringBuilderAndBufferTest"/>
  <testcase name="testBuilderAppendDelete" time="0,000" classname="cviceni.StringBuilderAndBufferTest"/>
  <testcase name="testBufferAppend" time="0,113" classname="cviceni.StringBuilderAndBufferTest"/>
  <testcase name="testBufferAppend" time="0,000" classname="cviceni.StringBuilderAndBufferTest"/>
  <testcase name="testBufferAppendDelete" time="0,000" classname="cviceni.StringBuilderAndBufferTest"/>
  <testcase name="testBuilderAppendDelete" time="0,000" classname="cviceni.StringBuilderAndBufferTest"/>
  <testcase name="testBuilderAppendDelete" time="0,000" classname="cviceni.StringBuilderAndBufferTest"/>
  <testcase name="testBuilderAppend" time="0,001" classname="cviceni.StringBuilderAndBufferTest"/>
  <testcase name="testBufferAppendDelete" time="0,000" classname="cviceni.StringBuilderAndBufferTest"/>
  <testcase name="testBufferAppend" time="0,000" classname="cviceni.StringBuilderAndBufferTest"/>
  <testcase name="testBuilderAppend" time="0,000" classname="cviceni.StringBuilderAndBufferTest"/>
  <testcase name="testBuilderAppendDelete" time="0,001" classname="cviceni.StringBuilderAndBufferTest"/>
  <testcase name="testBufferAppendDelete" time="0,000" classname="cviceni.StringBuilderAndBufferTest"/>
  <testcase name="testBufferAppend" time="0,001" classname="cviceni.StringBuilderAndBufferTest"/>
  <testcase name="testBufferAppendDelete" time="0,000" classname="cviceni.StringBuilderAndBufferTest"/>
  <testcase name="testBuilderAppendDelete" time="0,000" classname="cviceni.StringBuilderAndBufferTest"/>
  <testcase name="testBufferAppend" time="0,000" classname="cviceni.StringBuilderAndBufferTest"/>
  <testcase name="testBuilderAppend" time="0,000" classname="cviceni.StringBuilderAndBufferTest"/>
  <testcase name="testBufferAppend" time="0,000" classname="cviceni.StringBuilderAndBufferTest"/>
  <testcase name="testBuilderAppend" time="0,000" classname="cviceni.StringBuilderAndBufferTest"/>
  <testcase name="testBuilderAppendDelete" time="0,000" classname="cviceni.StringBuilderAndBufferTest"/>
  <testcase name="testBufferAppendDelete" time="0,000" classname="cviceni.StringBuilderAndBufferTest"/>
  <testcase name="testBufferAppend" time="0,000" classname="cviceni.StringBuilderAndBufferTest"/>
  <testcase name="testBufferAppend" time="0,000" classname="cviceni.StringBuilderAndBufferTest"/>
  <testcase name="testBuilderAppendDelete" time="0,000" classname="cviceni.StringBuilderAndBufferTest"/>
  <testcase name="testBufferAppend" time="0,000" classname="cviceni.StringBuilderAndBufferTest"/>
  <testcase name="testBufferAppend" time="0,000" classname="cviceni.StringBuilderAndBufferTest"/>
  <testcase name="testBufferAppend" time="0,000" classname="cviceni.StringBuilderAndBufferTest"/>
  <testcase name="testBufferAppendDelete" time="0,000" classname="cviceni.StringBuilderAndBufferTest"/>
  <testcase name="testBuilderAppendDelete" time="0,000" classname="cviceni.StringBuilderAndBufferTest"/>
  <testcase name="testBuilderAppend" time="0,000" classname="cviceni.StringBuilderAndBufferTest"/>
  <testcase name="testBuilderAppend" time="0,000" classname="cviceni.StringBuilderAndBufferTest"/>
  <testcase name="testBuilderAppendDelete" time="0,000" classname="cviceni.StringBuilderAndBufferTest"/>
  <testcase name="testBuilderAppend" time="0,001" classname="cviceni.StringBuilderAndBufferTest"/>
  <testcase name="testBuilderAppend" time="0,001" classname="cviceni.StringBuilderAndBufferTest"/>
  <testcase name="testBufferAppend" time="0,000" classname="cviceni.StringBuilderAndBufferTest"/>
  <testcase name="testBufferAppend" time="0,001" classname="cviceni.StringBuilderAndBufferTest"/>
  <testcase name="testBufferAppendDelete" time="0,000" classname="cviceni.StringBuilderAndBufferTest"/>
  <testcase name="testBuilderAppendDelete" time="0,000" classname="cviceni.StringBuilderAndBufferTest"/>
  <testcase name="testBufferAppend" time="0,000" classname="cviceni.StringBuilderAndBufferTest"/>
  <testcase name="testBuilderAppend" time="0,001" classname="cviceni.StringBuilderAndBufferTest"/>
  <testcase name="testBufferAppend" time="0,000" classname="cviceni.StringBuilderAndBufferTest"/>
  <testcase name="testBufferAppendDelete" time="0,000" classname="cviceni.StringBuilderAndBufferTest"/>
  <testcase name="testBufferAppend" time="0,001" classname="cviceni.StringBuilderAndBufferTest"/>
  <testcase name="testBufferAppendDelete" time="0,000" classname="cviceni.StringBuilderAndBufferTest"/>
  <testcase name="testBuilderAppendDelete" time="0,000" classname="cviceni.StringBuilderAndBufferTest"/>
  <testcase name="testBufferAppendDelete" time="0,000" classname="cviceni.StringBuilderAndBufferTest"/>
  <testcase name="testBufferAppendDelete" time="0,001" classname="cviceni.StringBuilderAndBufferTest"/>
  <testcase name="testBufferAppendDelete" time="0,001" classname="cviceni.StringBuilderAndBufferTest"/>
  <testcase name="testBufferAppendDelete" time="0,000" classname="cviceni.StringBuilderAndBufferTest"/>
  <testcase name="testBuilderAppendDelete" time="0,000" classname="cviceni.StringBuilderAndBufferTest"/>
  <testcase name="testBuilderAppend" time="0,000" classname="cviceni.StringBuilderAndBufferTest"/>
  <testcase name="testBuilderAppendDelete" time="0,001" classname="cviceni.StringBuilderAndBufferTest"/>
  <testcase name="testBufferAppend" time="0,000" classname="cviceni.StringBuilderAndBufferTest"/>
  <testcase name="testBufferAppendDelete" time="0,001" classname="cviceni.StringBuilderAndBufferTest"/>
  <testcase name="testBufferAppendDelete" time="0,000" classname="cviceni.StringBuilderAndBufferTest"/>
  <testcase name="testBufferAppend" time="0,000" classname="cviceni.StringBuilderAndBufferTest"/>
  <testcase name="testBuilderAppend" time="0,000" classname="cviceni.StringBuilderAndBufferTest"/>
  <testcase name="testBufferAppend" time="0,001" classname="cviceni.StringBuilderAndBufferTest"/>
  <testcase name="testBufferAppendDelete" time="0,000" classname="cviceni.StringBuilderAndBufferTest"/>
  <testcase name="testBuilderAppend" time="0,000" classname="cviceni.StringBuilderAndBufferTest"/>
  <testcase name="testBufferAppend" time="0,000" classname="cviceni.StringBuilderAndBufferTest"/>
  <testcase name="testBuilderAppend" time="0,000" classname="cviceni.StringBuilderAndBufferTest"/>
  <testcase name="testBuilderAppendDelete" time="0,000" classname="cviceni.StringBuilderAndBufferTest"/>
  <testcase name="testBufferAppend" time="0,001" classname="cviceni.StringBuilderAndBufferTest"/>
  <testcase name="testBuilderAppendDelete" time="0,000" classname="cviceni.StringBuilderAndBufferTest"/>
  <testcase name="testBuilderAppendDelete" time="0,000" classname="cviceni.StringBuilderAndBufferTest"/>
  <testcase name="testBufferAppend" time="0,001" classname="cviceni.StringBuilderAndBufferTest"/>
  <testcase name="testBufferAppendDelete" time="0,000" classname="cviceni.StringBuilderAndBufferTest"/>
  <testcase name="testBufferAppendDelete" time="0,000" classname="cviceni.StringBuilderAndBufferTest"/>
  <testcase name="testBuilderAppend" time="0,035" classname="cviceni.StringBuilderAndBufferTest"/>
  <testcase name="testBufferAppend" time="0,000" classname="cviceni.StringBuilderAndBufferTest"/>
  <testcase name="testBufferAppend" time="0,000" classname="cviceni.StringBuilderAndBufferTest"/>
  <testcase name="testBuilderAppend" time="0,000" classname="cviceni.StringBuilderAndBufferTest"/>
  <testcase name="testBuilderAppendDelete" time="0,001" classname="cviceni.StringBuilderAndBufferTest"/>
  <testcase name="testBufferAppend" time="0,000" classname="cviceni.StringBuilderAndBufferTest"/>
  <testcase name="testBuilderAppend" time="0,000" classname="cviceni.StringBuilderAndBufferTest"/>
  <testcase name="testBuilderAppendDelete" time="0,000" classname="cviceni.StringBuilderAndBufferTest"/>
  <testcase name="testBufferAppend" time="0,000" classname="cviceni.StringBuilderAndBufferTest"/>
  <testcase name="testBuilderAppend" time="0,000" classname="cviceni.StringBuilderAndBufferTest"/>
  <testcase name="testBuilderAppend" time="0,000" classname="cviceni.StringBuilderAndBufferTest"/>
  <testcase name="testBuilderAppendDelete" time="0,089" classname="cviceni.StringBuilderAndBufferTest"/>
  <testcase name="testBuilderAppend" time="0,000" classname="cviceni.StringBuilderAndBufferTest"/>
  <testcase name="testBufferAppendDelete" time="0,000" classname="cviceni.StringBuilderAndBufferTest"/>
  <testcase name="testBufferAppend" time="0,000" classname="cviceni.StringBuilderAndBufferTest"/>
  <testcase name="testBufferAppend" time="0,000" classname="cviceni.StringBuilderAndBufferTest"/>
  <testcase name="testBuilderAppend" time="0,001" classname="cviceni.StringBuilderAndBufferTest"/>
  <testcase name="testBuilderAppend" time="0,001" classname="cviceni.StringBuilderAndBufferTest"/>
  <testcase name="testBuilderAppendDelete" time="0,000" classname="cviceni.StringBuilderAndBufferTest"/>
  <testcase name="testBufferAppend" time="0,001" classname="cviceni.StringBuilderAndBufferTest"/>
  <testcase name="testBuilderAppend" time="0,000" classname="cviceni.StringBuilderAndBufferTest"/>
  <testcase name="testBuilderAppend" time="0,050" classname="cviceni.StringBuilderAndBufferTest"/>
  <testcase name="testBufferAppendDelete" time="0,000" classname="cviceni.StringBuilderAndBufferTest"/>
  <testcase name="testBufferAppendDelete" time="0,000" classname="cviceni.StringBuilderAndBufferTest"/>
  <testcase name="testBufferAppendDelete" time="0,001" classname="cviceni.StringBuilderAndBufferTest"/>
  <testcase name="testBufferAppendDelete" time="0,000" classname="cviceni.StringBuilderAndBufferTest"/>
  <testcase name="testBuilderAppend" time="0,000" classname="cviceni.StringBuilderAndBufferTest"/>
  <testcase name="testBufferAppendDelete" time="0,001" classname="cviceni.StringBuilderAndBufferTest"/>
  <testcase name="testBuilderAppend" time="0,000" classname="cviceni.StringBuilderAndBufferTest"/>
  <testcase name="testBufferAppend" time="0,001" classname="cviceni.StringBuilderAndBufferTest"/>
  <testcase name="testBufferAppendDelete" time="0,000" classname="cviceni.StringBuilderAndBufferTest"/>
  <testcase name="testBuilderAppend" time="0,000" classname="cviceni.StringBuilderAndBufferTest"/>
  <testcase name="testBuilderAppend" time="0,145" classname="cviceni.StringBuilderAndBufferTest"/>
  <testcase name="testBufferAppendDelete" time="0,000" classname="cviceni.StringBuilderAndBufferTest"/>
  <testcase name="testBuilderAppendDelete" time="0,000" classname="cviceni.StringBuilderAndBufferTest"/>
  <testcase name="testBuilderAppendDelete" time="0,000" classname="cviceni.StringBuilderAndBufferTest"/>
  <testcase name="testBufferAppend" time="0,000" classname="cviceni.StringBuilderAndBufferTest"/>
  <testcase name="testBufferAppend" time="0,000" classname="cviceni.StringBuilderAndBufferTest"/>
  <testcase name="testBuilderAppend" time="0,001" classname="cviceni.StringBuilderAndBufferTest"/>
  <testcase name="testBuilderAppendDelete" time="0,000" classname="cviceni.StringBuilderAndBufferTest"/>
  <testcase name="testBuilderAppendDelete" time="0,000" classname="cviceni.StringBuilderAndBufferTest"/>
  <testcase name="testBufferAppend" time="0,000" classname="cviceni.StringBuilderAndBufferTest"/>
  <testcase name="testBufferAppend" time="0,000" classname="cviceni.StringBuilderAndBufferTest"/>
  <testcase name="testBuilderAppendDelete" time="0,001" classname="cviceni.StringBuilderAndBufferTest"/>
  <testcase name="testBuilderAppendDelete" time="0,000" classname="cviceni.StringBuilderAndBufferTest"/>
  <testcase name="testBufferAppend" time="0,001" classname="cviceni.StringBuilderAndBufferTest"/>
  <testcase name="testBufferAppendDelete" time="0,001" classname="cviceni.StringBuilderAndBufferTest"/>
  <testcase name="testBufferAppendDelete" time="0,000" classname="cviceni.StringBuilderAndBufferTest"/>
  <testcase name="testBufferAppend" time="0,000" classname="cviceni.StringBuilderAndBufferTest"/>
  <testcase name="testBuilderAppend" time="0,000" classname="cviceni.StringBuilderAndBufferTest"/>
  <testcase name="testBuilderAppendDelete" time="0,000" classname="cviceni.StringBuilderAndBufferTest"/>
  <testcase name="testBuilderAppendDelete" time="0,000" classname="cviceni.StringBuilderAndBufferTest"/>
  <testcase name="testBufferAppendDelete" time="0,000" classname="cviceni.StringBuilderAndBufferTest"/>
  <testcase name="testBuilderAppend" time="0,000" classname="cviceni.StringBuilderAndBufferTest"/>
  <testcase name="testBufferAppend" time="0,000" classname="cviceni.StringBuilderAndBufferTest"/>
  <testcase name="testBuilderAppend" time="0,000" classname="cviceni.StringBuilderAndBufferTest"/>
  <testcase name="testBuilderAppend" time="0,001" classname="cviceni.StringBuilderAndBufferTest"/>
  <testcase name="testBufferAppendDelete" time="0,000" classname="cviceni.StringBuilderAndBufferTest"/>
  <testcase name="testBufferAppendDelete" time="0,000" classname="cviceni.StringBuilderAndBufferTest"/>
  <testcase name="testBuilderAppend" time="0,001" classname="cviceni.StringBuilderAndBufferTest"/>
  <testcase name="testBuilderAppend" time="0,001" classname="cviceni.StringBuilderAndBufferTest"/>
  <testcase name="testBufferAppendDelete" time="0,002" classname="cviceni.StringBuilderAndBufferTest"/>
  <testcase name="testBufferAppendDelete" time="0,000" classname="cviceni.StringBuilderAndBufferTest"/>
  <testcase name="testBuilderAppend" time="0,000" classname="cviceni.StringBuilderAndBufferTest"/>
  <testcase name="testBufferAppend" time="0,000" classname="cviceni.StringBuilderAndBufferTest"/>
  <testcase name="testBufferAppend" time="0,001" classname="cviceni.StringBuilderAndBufferTest"/>
  <testcase name="testBuilderAppendDelete" time="0,000" classname="cviceni.StringBuilderAndBufferTest"/>
  <testcase name="testBufferAppendDelete" time="0,000" classname="cviceni.StringBuilderAndBufferTest"/>
  <testcase name="testBufferAppendDelete" time="0,000" classname="cviceni.StringBuilderAndBufferTest"/>
  <testcase name="testBuilderAppendDelete" time="0,000" classname="cviceni.StringBuilderAndBufferTest"/>
  <testcase name="testBuilderAppendDelete" time="0,000" classname="cviceni.StringBuilderAndBufferTest"/>
  <testcase name="testBuilderAppendDelete" time="0,000" classname="cviceni.StringBuilderAndBufferTest"/>
  <testcase name="testBufferAppendDelete" time="0,000" classname="cviceni.StringBuilderAndBufferTest"/>
  <testcase name="testBufferAppendDelete" time="0,000" classname="cviceni.StringBuilderAndBufferTest"/>
  <testcase name="testBufferAppendDelete" time="0,001" classname="cviceni.StringBuilderAndBufferTest"/>
  <testcase name="testBuilderAppendDelete" time="0,000" classname="cviceni.StringBuilderAndBufferTest"/>
  <testcase name="testBufferAppendDelete" time="0,001" classname="cviceni.StringBuilderAndBufferTest"/>
  <testcase name="testBufferAppend" time="0,001" classname="cviceni.StringBuilderAndBufferTest"/>
  <testcase name="testBuilderAppendDelete" time="0,000" classname="cviceni.StringBuilderAndBufferTest"/>
  <testcase name="testBuilderAppendDelete" time="0,000" classname="cviceni.StringBuilderAndBufferTest"/>
  <testcase name="testBuilderAppendDelete" time="0,000" classname="cviceni.StringBuilderAndBufferTest"/>
  <testcase name="testBufferAppendDelete" time="0,001" classname="cviceni.StringBuilderAndBufferTest"/>
  <testcase name="testBufferAppend" time="0,001" classname="cviceni.StringBuilderAndBufferTest"/>
  <testcase name="testBuilderAppend" time="0,000" classname="cviceni.StringBuilderAndBufferTest"/>
  <testcase name="testBuilderAppendDelete" time="0,001" classname="cviceni.StringBuilderAndBufferTest"/>
  <testcase name="testBufferAppendDelete" time="0,000" classname="cviceni.StringBuilderAndBufferTest"/>
  <testcase name="testBufferAppendDelete" time="0,000" classname="cviceni.StringBuilderAndBufferTest"/>
  <testcase name="testBufferAppendDelete" time="0,000" classname="cviceni.StringBuilderAndBufferTest"/>
  <testcase name="testBuilderAppendDelete" time="0,000" classname="cviceni.StringBuilderAndBufferTest"/>
  <testcase name="testBuilderAppendDelete" time="0,000" classname="cviceni.StringBuilderAndBufferTest"/>
  <testcase name="testBufferAppend" time="0,000" classname="cviceni.StringBuilderAndBufferTest"/>
  <testcase name="testBufferAppend" time="0,000" classname="cviceni.StringBuilderAndBufferTest"/>
  <testcase name="testBufferAppendDelete" time="0,000" classname="cviceni.StringBuilderAndBufferTest"/>
  <testcase name="testBuilderAppend" time="0,000" classname="cviceni.StringBuilderAndBufferTest"/>
  <testcase name="testBufferAppendDelete" time="0,001" classname="cviceni.StringBuilderAndBufferTest"/>
  <testcase name="testBuilderAppendDelete" time="0,000" classname="cviceni.StringBuilderAndBufferTest"/>
  <testcase name="testBufferAppend" time="0,000" classname="cviceni.StringBuilderAndBufferTest"/>
  <testcase name="testBufferAppendDelete" time="0,000" classname="cviceni.StringBuilderAndBufferTest"/>
  <testcase name="testBuilderAppend" time="0,000" classname="cviceni.StringBuilderAndBufferTest"/>
  <testcase name="testBufferAppend" time="0,000" classname="cviceni.StringBuilderAndBufferTest"/>
  <testcase name="testBufferAppendDelete" time="0,001" classname="cviceni.StringBuilderAndBufferTest"/>
  <testcase name="testBuilderAppend" time="0,000" classname="cviceni.StringBuilderAndBufferTest"/>
  <testcase name="testBuilderAppend" time="0,000" classname="cviceni.StringBuilderAndBufferTest"/>
  <testcase name="testBuilderAppend" time="0,001" classname="cviceni.StringBuilderAndBufferTest"/>
  <testcase name="testBuilderAppend" time="0,001" classname="cviceni.StringBuilderAndBufferTest"/>
  <testcase name="testBufferAppend" time="0,001" classname="cviceni.StringBuilderAndBufferTest"/>
  <testcase name="testBuilderAppendDelete" time="0,000" classname="cviceni.StringBuilderAndBufferTest"/>
  <testcase name="testBuilderAppendDelete" time="0,000" classname="cviceni.StringBuilderAndBufferTest"/>
  <testcase name="testBuilderAppend" time="0,000" classname="cviceni.StringBuilderAndBufferTest"/>
  <testcase name="testBufferAppendDelete" time="0,000" classname="cviceni.StringBuilderAndBufferTest"/>
  <testcase name="testBufferAppendDelete" time="0,000" classname="cviceni.StringBuilderAndBufferTest"/>
  <testcase name="testBuilderAppend" time="0,001" classname="cviceni.StringBuilderAndBufferTest"/>
  <testcase name="testBufferAppendDelete" time="0,000" classname="cviceni.StringBuilderAndBufferTest"/>
  <testcase name="testBuilderAppend" time="0,000" classname="cviceni.StringBuilderAndBufferTest"/>
  <testcase name="testBuilderAppendDelete" time="0,000" classname="cviceni.StringBuilderAndBufferTest"/>
  <testcase name="testBuilderAppend" time="0,033" classname="cviceni.StringBuilderAndBufferTest"/>
  <testcase name="testBuilderAppendDelete" time="0,000" classname="cviceni.StringBuilderAndBufferTest"/>
  <testcase name="testBufferAppend" time="0,000" classname="cviceni.StringBuilderAndBufferTest"/>
  <testcase name="testBuilderAppend" time="0,001" classname="cviceni.StringBuilderAndBufferTest"/>
  <testcase name="testBuilderAppendDelete" time="0,002" classname="cviceni.StringBuilderAndBufferTest"/>
  <testcase name="testBufferAppendDelete" time="0,001" classname="cviceni.StringBuilderAndBufferTest"/>
  <testcase name="testBufferAppendDelete" time="0,000" classname="cviceni.StringBuilderAndBufferTest"/>
  <testcase name="testBuilderAppend" time="0,000" classname="cviceni.StringBuilderAndBufferTest"/>
  <testcase name="testBuilderAppend" time="0,000" classname="cviceni.StringBuilderAndBufferTest"/>
  <testcase name="testBuilderAppend" time="0,000" classname="cviceni.StringBuilderAndBufferTest"/>
  <testcase name="testBufferAppend" time="0,000" classname="cviceni.StringBuilderAndBufferTest"/>
  <testcase name="testBuilderAppendDelete" time="0,000" classname="cviceni.StringBuilderAndBufferTest"/>
  <testcase name="testBuilderAppend" time="0,000" classname="cviceni.StringBuilderAndBufferTest"/>
  <testcase name="testBuilderAppendDelete" time="0,000" classname="cviceni.StringBuilderAndBufferTest"/>
  <testcase name="testBufferAppendDelete" time="0,001" classname="cviceni.StringBuilderAndBufferTest"/>
  <testcase name="testBuilderAppendDelete" time="0,001" classname="cviceni.StringBuilderAndBufferTest"/>
  <testcase name="testBuilderAppend" time="0,001" classname="cviceni.StringBuilderAndBufferTest"/>
  <testcase name="testBuilderAppendDelete" time="0,000" classname="cviceni.StringBuilderAndBufferTest"/>
  <testcase name="testBufferAppendDelete" time="0,001" classname="cviceni.StringBuilderAndBufferTest"/>
  <testcase name="testBuilderAppend" time="0,000" classname="cviceni.StringBuilderAndBufferTest"/>
  <testcase name="testBufferAppend" time="0,000" classname="cviceni.StringBuilderAndBufferTest"/>
  <testcase name="testBufferAppendDelete" time="0,000" classname="cviceni.StringBuilderAndBufferTest"/>
  <testcase name="testBufferAppend" time="0,000" classname="cviceni.StringBuilderAndBufferTest"/>
  <testcase name="testBuilderAppendDelete" time="0,000" classname="cviceni.StringBuilderAndBufferTest"/>
  <testcase name="testBufferAppend" time="0,001" classname="cviceni.StringBuilderAndBufferTest"/>
  <testcase name="testBufferAppendDelete" time="0,000" classname="cviceni.StringBuilderAndBufferTest"/>
  <testcase name="testBuilderAppend" time="0,001" classname="cviceni.StringBuilderAndBufferTest"/>
  <testcase name="testBuilderAppend" time="0,000" classname="cviceni.StringBuilderAndBufferTest"/>
  <testcase name="testBufferAppend" time="0,000" classname="cviceni.StringBuilderAndBufferTest"/>
  <testcase name="testBufferAppendDelete" time="0,000" classname="cviceni.StringBuilderAndBufferTest"/>
  <testcase name="testBuilderAppend" time="0,000" classname="cviceni.StringBuilderAndBufferTest"/>
  <testcase name="testBufferAppend" time="0,000" classname="cviceni.StringBuilderAndBufferTest"/>
  <testcase name="testBuilderAppend" time="0,000" classname="cviceni.StringBuilderAndBufferTest"/>
  <testcase name="testBufferAppend" time="0,000" classname="cviceni.StringBuilderAndBufferTest"/>
  <testcase name="testBufferAppendDelete" time="0,000" classname="cviceni.StringBuilderAndBufferTest"/>
  <testcase name="testBufferAppendDelete" time="0,000" classname="cviceni.StringBuilderAndBufferTest"/>
  <testcase name="testBuilderAppend" time="0,000" classname="cviceni.StringBuilderAndBufferTest"/>
  <testcase name="testBufferAppendDelete" time="0,000" classname="cviceni.StringBuilderAndBufferTest"/>
  <testcase name="testBufferAppendDelete" time="0,000" classname="cviceni.StringBuilderAndBufferTest"/>
  <testcase name="testBuilderAppend" time="0,000" classname="cviceni.StringBuilderAndBufferTest"/>
  <testcase name="testBufferAppendDelete" time="0,001" classname="cviceni.StringBuilderAndBufferTest"/>
  <testcase name="testBufferAppend" time="0,001" classname="cviceni.StringBuilderAndBufferTest"/>
  <testcase name="testBufferAppendDelete" time="0,000" classname="cviceni.StringBuilderAndBufferTest"/>
  <testcase name="testBufferAppend" time="0,000" classname="cviceni.StringBuilderAndBufferTest"/>
  <testcase name="testBufferAppendDelete" time="0,001" classname="cviceni.StringBuilderAndBufferTest"/>
  <testcase name="testBuilderAppend" time="0,001" classname="cviceni.StringBuilderAndBufferTest"/>
  <testcase name="testBuilderAppendDelete" time="0,000" classname="cviceni.StringBuilderAndBufferTest"/>
  <testcase name="testBuilderAppend" time="0,000" classname="cviceni.StringBuilderAndBufferTest"/>
  <testcase name="testBuilderAppendDelete" time="0,001" classname="cviceni.StringBuilderAndBufferTest"/>
  <testcase name="testBufferAppend" time="0,000" classname="cviceni.StringBuilderAndBufferTest"/>
  <testcase name="testBufferAppend" time="0,001" classname="cviceni.StringBuilderAndBufferTest"/>
  <testcase name="testBuilderAppendDelete" time="0,000" classname="cviceni.StringBuilderAndBufferTest"/>
  <testcase name="testBufferAppendDelete" time="0,001" classname="cviceni.StringBuilderAndBufferTest"/>
  <testcase name="testBuilderAppend" time="0,000" classname="cviceni.StringBuilderAndBufferTest"/>
  <testcase name="testBufferAppendDelete" time="0,000" classname="cviceni.StringBuilderAndBufferTest"/>
  <testcase name="testBuilderAppend" time="0,000" classname="cviceni.StringBuilderAndBufferTest"/>
  <testcase name="testBufferAppendDelete" time="0,000" classname="cviceni.StringBuilderAndBufferTest"/>
  <testcase name="testBuilderAppendDelete" time="0,000" classname="cviceni.StringBuilderAndBufferTest"/>
  <testcase name="testBuilderAppend" time="0,000" classname="cviceni.StringBuilderAndBufferTest"/>
  <testcase name="testBuilderAppend" time="0,000" classname="cviceni.StringBuilderAndBufferTest"/>
  <testcase name="testBufferAppendDelete" time="0,000" classname="cviceni.StringBuilderAndBufferTest"/>
  <testcase name="testBuilderAppend" time="0,000" classname="cviceni.StringBuilderAndBufferTest"/>
  <testcase name="testBuilderAppend" time="0,000" classname="cviceni.StringBuilderAndBufferTest"/>
  <testcase name="testBufferAppendDelete" time="0,000" classname="cviceni.StringBuilderAndBufferTest"/>
  <testcase name="testBufferAppend" time="0,000" classname="cviceni.StringBuilderAndBufferTest"/>
  <testcase name="testBuilderAppend" time="0,001" classname="cviceni.StringBuilderAndBufferTest"/>
  <testcase name="testBuilderAppend" time="0,000" classname="cviceni.StringBuilderAndBufferTest"/>
  <testcase name="testBuilderAppend" time="0,000" classname="cviceni.StringBuilderAndBufferTest"/>
  <testcase name="testBufferAppendDelete" time="0,000" classname="cviceni.StringBuilderAndBufferTest"/>
  <testcase name="testBuilderAppendDelete" time="0,000" classname="cviceni.StringBuilderAndBufferTest"/>
  <testcase name="testBufferAppendDelete" time="0,000" classname="cviceni.StringBuilderAndBufferTest"/>
  <testcase name="testBufferAppend" time="0,000" classname="cviceni.StringBuilderAndBufferTest"/>
  <testcase name="testBuilderAppendDelete" time="0,000" classname="cviceni.StringBuilderAndBufferTest"/>
  <testcase name="testBuilderAppend" time="0,000" classname="cviceni.StringBuilderAndBufferTest"/>
  <testcase name="testBufferAppend" time="0,000" classname="cviceni.StringBuilderAndBufferTest"/>
  <testcase name="testBuilderAppend" time="0,000" classname="cviceni.StringBuilderAndBufferTest"/>
  <testcase name="testBufferAppendDelete" time="0,000" classname="cviceni.StringBuilderAndBufferTest"/>
  <testcase name="testBuilderAppend" time="0,001" classname="cviceni.StringBuilderAndBufferTest"/>
  <testcase name="testBuilderAppend" time="0,000" classname="cviceni.StringBuilderAndBufferTest"/>
  <testcase name="testBuilderAppend" time="0,000" classname="cviceni.StringBuilderAndBufferTest"/>
  <testcase name="testBufferAppendDelete" time="0,001" classname="cviceni.StringBuilderAndBufferTest"/>
  <testcase name="testBufferAppendDelete" time="0,000" classname="cviceni.StringBuilderAndBufferTest"/>
  <testcase name="testBuilderAppendDelete" time="0,000" classname="cviceni.StringBuilderAndBufferTest"/>
  <testcase name="testBuilderAppend" time="0,000" classname="cviceni.StringBuilderAndBufferTest"/>
  <testcase name="testBuilderAppendDelete" time="0,001" classname="cviceni.StringBuilderAndBufferTest"/>
  <testcase name="testBufferAppend" time="0,000" classname="cviceni.StringBuilderAndBufferTest"/>
  <testcase name="testBuilderAppendDelete" time="0,000" classname="cviceni.StringBuilderAndBufferTest"/>
  <testcase name="testBufferAppend" time="0,001" classname="cviceni.StringBuilderAndBufferTest"/>
  <testcase name="testBuilderAppendDelete" time="0,001" classname="cviceni.StringBuilderAndBufferTest"/>
  <testcase name="testBufferAppend" time="0,000" classname="cviceni.StringBuilderAndBufferTest"/>
  <testcase name="testBufferAppend" time="0,001" classname="cviceni.StringBuilderAndBufferTest"/>
  <testcase name="testBuilderAppendDelete" time="0,001" classname="cviceni.StringBuilderAndBufferTest"/>
  <testcase name="testBufferAppendDelete" time="0,034" classname="cviceni.StringBuilderAndBufferTest"/>
  <testcase name="testBuilderAppendDelete" time="0,000" classname="cviceni.StringBuilderAndBufferTest"/>
  <testcase name="testBuilderAppendDelete" time="0,000" classname="cviceni.StringBuilderAndBufferTest"/>
  <testcase name="testBuilderAppend" time="0,000" classname="cviceni.StringBuilderAndBufferTest"/>
  <testcase name="testBuilderAppend" time="0,000" classname="cviceni.StringBuilderAndBufferTest"/>
  <testcase name="testBufferAppend" time="0,000" classname="cviceni.StringBuilderAndBufferTest"/>
  <testcase name="testBuilderAppend" time="0,001" classname="cviceni.StringBuilderAndBufferTest"/>
  <testcase name="testBuilderAppend" time="0,000" classname="cviceni.StringBuilderAndBufferTest"/>
  <testcase name="testBufferAppendDelete" time="0,000" classname="cviceni.StringBuilderAndBufferTest"/>
  <testcase name="testBuilderAppendDelete" time="0,000" classname="cviceni.StringBuilderAndBufferTest"/>
  <testcase name="testBufferAppend" time="0,000" classname="cviceni.StringBuilderAndBufferTest"/>
  <testcase name="testBufferAppend" time="0,000" classname="cviceni.StringBuilderAndBufferTest"/>
  <testcase name="testBufferAppendDelete" time="0,000" classname="cviceni.StringBuilderAndBufferTest"/>
  <testcase name="testBufferAppendDelete" time="0,000" classname="cviceni.StringBuilderAndBufferTest"/>
  <testcase name="testBuilderAppend" time="0,000" classname="cviceni.StringBuilderAndBufferTest"/>
  <testcase name="testBuilderAppendDelete" time="0,000" classname="cviceni.StringBuilderAndBufferTest"/>
  <testcase name="testBuilderAppendDelete" time="0,001" classname="cviceni.StringBuilderAndBufferTest"/>
  <testcase name="testBufferAppendDelete" time="0,000" classname="cviceni.StringBuilderAndBufferTest"/>
  <testcase name="testBufferAppend" time="0,001" classname="cviceni.StringBuilderAndBufferTest"/>
  <testcase name="testBuilderAppendDelete" time="0,000" classname="cviceni.StringBuilderAndBufferTest"/>
  <testcase name="testBuilderAppend" time="0,000" classname="cviceni.StringBuilderAndBufferTest"/>
  <testcase name="testBufferAppend" time="0,000" classname="cviceni.StringBuilderAndBufferTest"/>
  <testcase name="testBufferAppend" time="0,000" classname="cviceni.StringBuilderAndBufferTest"/>
  <testcase name="testBuilderAppend" time="0,000" classname="cviceni.StringBuilderAndBufferTest"/>
  <testcase name="testBufferAppend" time="0,000" classname="cviceni.StringBuilderAndBufferTest"/>
  <testcase name="testBuilderAppendDelete" time="0,001" classname="cviceni.StringBuilderAndBufferTest"/>
  <testcase name="testBuilderAppend" time="0,001" classname="cviceni.StringBuilderAndBufferTest"/>
  <testcase name="testBufferAppendDelete" time="0,000" classname="cviceni.StringBuilderAndBufferTest"/>
  <testcase name="testBuilderAppend" time="0,000" classname="cviceni.StringBuilderAndBufferTest"/>
  <testcase name="testBuilderAppend" time="0,000" classname="cviceni.StringBuilderAndBufferTest"/>
  <testcase name="testBuilderAppend" time="0,086" classname="cviceni.StringBuilderAndBufferTest"/>
  <testcase name="testBufferAppend" time="0,001" classname="cviceni.StringBuilderAndBufferTest"/>
  <testcase name="testBuilderAppend" time="0,000" classname="cviceni.StringBuilderAndBufferTest"/>
  <testcase name="testBuilderAppendDelete" time="0,000" classname="cviceni.StringBuilderAndBufferTest"/>
  <testcase name="testBufferAppendDelete" time="0,000" classname="cviceni.StringBuilderAndBufferTest"/>
  <testcase name="testBuilderAppend" time="0,001" classname="cviceni.StringBuilderAndBufferTest"/>
  <testcase name="testBuilderAppendDelete" time="0,001" classname="cviceni.StringBuilderAndBufferTest"/>
  <testcase name="testBuilderAppendDelete" time="0,000" classname="cviceni.StringBuilderAndBufferTest"/>
  <testcase name="testBufferAppend" time="0,000" classname="cviceni.StringBuilderAndBufferTest"/>
  <testcase name="testBufferAppendDelete" time="0,000" classname="cviceni.StringBuilderAndBufferTest"/>
  <testcase name="testBuilderAppend" time="0,000" classname="cviceni.StringBuilderAndBufferTest"/>
  <testcase name="testBufferAppend" time="0,000" classname="cviceni.StringBuilderAndBufferTest"/>
  <testcase name="testBuilderAppendDelete" time="0,000" classname="cviceni.StringBuilderAndBufferTest"/>
  <testcase name="testBufferAppendDelete" time="0,001" classname="cviceni.StringBuilderAndBufferTest"/>
  <testcase name="testBuilderAppendDelete" time="0,001" classname="cviceni.StringBuilderAndBufferTest"/>
  <testcase name="testBuilderAppend" time="0,000" classname="cviceni.StringBuilderAndBufferTest"/>
  <testcase name="testBuilderAppend" time="0,001" classname="cviceni.StringBuilderAndBufferTest"/>
  <testcase name="testBufferAppend" time="0,001" classname="cviceni.StringBuilderAndBufferTest"/>
  <testcase name="testBufferAppendDelete" time="0,000" classname="cviceni.StringBuilderAndBufferTest"/>
  <testcase name="testBufferAppend" time="0,000" classname="cviceni.StringBuilderAndBufferTest"/>
  <testcase name="testBuilderAppend" time="0,000" classname="cviceni.StringBuilderAndBufferTest"/>
  <testcase name="testBufferAppend" time="0,000" classname="cviceni.StringBuilderAndBufferTest"/>
  <testcase name="testBufferAppend" time="0,000" classname="cviceni.StringBuilderAndBufferTest"/>
  <testcase name="testBuilderAppendDelete" time="0,000" classname="cviceni.StringBuilderAndBufferTest"/>
  <testcase name="testBufferAppend" time="0,001" classname="cviceni.StringBuilderAndBufferTest"/>
  <testcase name="testBuilderAppendDelete" time="0,000" classname="cviceni.StringBuilderAndBufferTest"/>
  <testcase name="testBufferAppend" time="0,000" classname="cviceni.StringBuilderAndBufferTest"/>
  <testcase name="testBuilderAppend" time="0,000" classname="cviceni.StringBuilderAndBufferTest"/>
  <testcase name="testBufferAppend" time="0,000" classname="cviceni.StringBuilderAndBufferTest"/>
  <testcase name="testBuilderAppend" time="0,000" classname="cviceni.StringBuilderAndBufferTest"/>
  <testcase name="testBufferAppendDelete" time="0,000" classname="cviceni.StringBuilderAndBufferTest"/>
  <testcase name="testBufferAppendDelete" time="0,000" classname="cviceni.StringBuilderAndBufferTest"/>
  <testcase name="testBuilderAppend" time="0,000" classname="cviceni.StringBuilderAndBufferTest"/>
  <testcase name="testBuilderAppendDelete" time="0,001" classname="cviceni.StringBuilderAndBufferTest"/>
  <testcase name="testBuilderAppend" time="0,024" classname="cviceni.StringBuilderAndBufferTest"/>
  <testcase name="testBuilderAppendDelete" time="0,000" classname="cviceni.StringBuilderAndBufferTest"/>
  <testcase name="testBuilderAppendDelete" time="0,000" classname="cviceni.StringBuilderAndBufferTest"/>
  <testcase name="testBuilderAppendDelete" time="0,000" classname="cviceni.StringBuilderAndBufferTest"/>
  <testcase name="testBuilderAppend" time="0,000" classname="cviceni.StringBuilderAndBufferTest"/>
  <testcase name="testBuilderAppendDelete" time="0,000" classname="cviceni.StringBuilderAndBufferTest"/>
  <testcase name="testBufferAppendDelete" time="0,000" classname="cviceni.StringBuilderAndBufferTest"/>
  <testcase name="testBuilderAppendDelete" time="0,000" classname="cviceni.StringBuilderAndBufferTest"/>
  <testcase name="testBufferAppend" time="0,000" classname="cviceni.StringBuilderAndBufferTest"/>
  <testcase name="testBuilderAppendDelete" time="0,000" classname="cviceni.StringBuilderAndBufferTest"/>
  <testcase name="testBuilderAppendDelete" time="0,000" classname="cviceni.StringBuilderAndBufferTest"/>
  <testcase name="testBuilderAppend" time="0,000" classname="cviceni.StringBuilderAndBufferTest"/>
  <testcase name="testBufferAppendDelete" time="0,001" classname="cviceni.StringBuilderAndBufferTest"/>
  <testcase name="testBufferAppendDelete" time="0,001" classname="cviceni.StringBuilderAndBufferTest"/>
  <testcase name="testBuilderAppend" time="0,018" classname="cviceni.StringBuilderAndBufferTest"/>
  <testcase name="testBuilderAppendDelete" time="0,001" classname="cviceni.StringBuilderAndBufferTest"/>
  <testcase name="testBuilderAppendDelete" time="0,000" classname="cviceni.StringBuilderAndBufferTest"/>
  <testcase name="testBufferAppend" time="0,001" classname="cviceni.StringBuilderAndBufferTest"/>
  <testcase name="testBufferAppendDelete" time="0,001" classname="cviceni.StringBuilderAndBufferTest"/>
  <testcase name="testBufferAppendDelete" time="0,000" classname="cviceni.StringBuilderAndBufferTest"/>
  <testcase name="testBuilderAppendDelete" time="0,000" classname="cviceni.StringBuilderAndBufferTest"/>
  <testcase name="testBufferAppendDelete" time="0,000" classname="cviceni.StringBuilderAndBufferTest"/>
  <testcase name="testBuilderAppendDelete" time="0,000" classname="cviceni.StringBuilderAndBufferTest"/>
  <testcase name="testBufferAppend" time="0,000" classname="cviceni.StringBuilderAndBufferTest"/>
  <testcase name="testBuilderAppendDelete" time="0,000" classname="cviceni.StringBuilderAndBufferTest"/>
  <testcase name="testBufferAppendDelete" time="0,000" classname="cviceni.StringBuilderAndBufferTest"/>
  <testcase name="testBuilderAppend" time="0,000" classname="cviceni.StringBuilderAndBufferTest"/>
  <testcase name="testBuilderAppend" time="0,001" classname="cviceni.StringBuilderAndBufferTest"/>
  <testcase name="testBuilderAppendDelete" time="0,000" classname="cviceni.StringBuilderAndBufferTest"/>
  <testcase name="testBufferAppendDelete" time="0,000" classname="cviceni.StringBuilderAndBufferTest"/>
  <testcase name="testBufferAppendDelete" time="0,001" classname="cviceni.StringBuilderAndBufferTest"/>
  <testcase name="testBufferAppendDelete" time="0,000" classname="cviceni.StringBuilderAndBufferTest"/>
  <testcase name="testBufferAppendDelete" time="0,000" classname="cviceni.StringBuilderAndBufferTest"/>
  <testcase name="testBuilderAppendDelete" time="0,000" classname="cviceni.StringBuilderAndBufferTest"/>
  <testcase name="testBufferAppend" time="0,000" classname="cviceni.StringBuilderAndBufferTest"/>
  <testcase name="testBufferAppend" time="0,000" classname="cviceni.StringBuilderAndBufferTest"/>
  <testcase name="testBufferAppend" time="0,000" classname="cviceni.StringBuilderAndBufferTest"/>
  <testcase name="testBufferAppendDelete" time="0,001" classname="cviceni.StringBuilderAndBufferTest"/>
  <testcase name="testBuilderAppendDelete" time="0,000" classname="cviceni.StringBuilderAndBufferTest"/>
  <testcase name="testBuilderAppendDelete" time="0,000" classname="cviceni.StringBuilderAndBufferTest"/>
  <testcase name="testBufferAppendDelete" time="0,001" classname="cviceni.StringBuilderAndBufferTest"/>
  <testcase name="testBuilderAppend" time="0,001" classname="cviceni.StringBuilderAndBufferTest"/>
  <testcase name="testBufferAppendDelete" time="0,001" classname="cviceni.StringBuilderAndBufferTest"/>
  <testcase name="testBufferAppend" time="0,000" classname="cviceni.StringBuilderAndBufferTest"/>
  <testcase name="testBuilderAppendDelete" time="0,001" classname="cviceni.StringBuilderAndBufferTest"/>
  <testcase name="testBuilderAppend" time="0,001" classname="cviceni.StringBuilderAndBufferTest"/>
  <testcase name="testBufferAppend" time="0,000" classname="cviceni.StringBuilderAndBufferTest"/>
  <testcase name="testBufferAppend" time="0,000" classname="cviceni.StringBuilderAndBufferTest"/>
  <testcase name="testBuilderAppend" time="0,000" classname="cviceni.StringBuilderAndBufferTest"/>
  <testcase name="testBufferAppend" time="0,000" classname="cviceni.StringBuilderAndBufferTest"/>
  <testcase name="testBuilderAppend" time="0,000" classname="cviceni.StringBuilderAndBufferTest"/>
  <testcase name="testBufferAppend" time="0,000" classname="cviceni.StringBuilderAndBufferTest"/>
  <testcase name="testBufferAppend" time="0,001" classname="cviceni.StringBuilderAndBufferTest"/>
  <testcase name="testBuilderAppend" time="0,000" classname="cviceni.StringBuilderAndBufferTest"/>
  <testcase name="testBufferAppend" time="0,000" classname="cviceni.StringBuilderAndBufferTest"/>
  <testcase name="testBufferAppendDelete" time="0,046" classname="cviceni.StringBuilderAndBufferTest"/>
  <testcase name="testBufferAppend" time="0,000" classname="cviceni.StringBuilderAndBufferTest"/>
  <testcase name="testBufferAppend" time="0,001" classname="cviceni.StringBuilderAndBufferTest"/>
  <testcase name="testBufferAppendDelete" time="0,000" classname="cviceni.StringBuilderAndBufferTest"/>
  <testcase name="testBuilderAppendDelete" time="0,001" classname="cviceni.StringBuilderAndBufferTest"/>
  <testcase name="testBuilderAppendDelete" time="0,000" classname="cviceni.StringBuilderAndBufferTest"/>
  <testcase name="testBufferAppend" time="0,000" classname="cviceni.StringBuilderAndBufferTest"/>
  <testcase name="testBufferAppendDelete" time="0,000" classname="cviceni.StringBuilderAndBufferTest"/>
  <testcase name="testBuilderAppendDelete" time="0,000" classname="cviceni.StringBuilderAndBufferTest"/>
  <testcase name="testBuilderAppend" time="0,001" classname="cviceni.StringBuilderAndBufferTest"/>
  <testcase name="testBuilderAppend" time="0,114" classname="cviceni.StringBuilderAndBufferTest"/>
  <testcase name="testBuilderAppendDelete" time="0,001" classname="cviceni.StringBuilderAndBufferTest"/>
  <testcase name="testBuilderAppend" time="0,000" classname="cviceni.StringBuilderAndBufferTest"/>
  <testcase name="testBufferAppend" time="0,000" classname="cviceni.StringBuilderAndBufferTest"/>
  <testcase name="testBuilderAppend" time="0,000" classname="cviceni.StringBuilderAndBufferTest"/>
  <testcase name="testBuilderAppend" time="0,001" classname="cviceni.StringBuilderAndBufferTest"/>
  <testcase name="testBufferAppendDelete" time="0,000" classname="cviceni.StringBuilderAndBufferTest"/>
  <testcase name="testBufferAppendDelete" time="0,000" classname="cviceni.StringBuilderAndBufferTest"/>
  <testcase name="testBuilderAppend" time="0,000" classname="cviceni.StringBuilderAndBufferTest"/>
  <testcase name="testBuilderAppendDelete" time="0,001" classname="cviceni.StringBuilderAndBufferTest"/>
  <testcase name="testBuilderAppendDelete" time="0,001" classname="cviceni.StringBuilderAndBufferTest"/>
  <testcase name="testBuilderAppend" time="0,000" classname="cviceni.StringBuilderAndBufferTest"/>
  <testcase name="testBuilderAppend" time="0,000" classname="cviceni.StringBuilderAndBufferTest"/>
  <testcase name="testBuilderAppend" time="0,000" classname="cviceni.StringBuilderAndBufferTest"/>
  <testcase name="testBuilderAppendDelete" time="0,000" classname="cviceni.StringBuilderAndBufferTest"/>
  <testcase name="testBuilderAppendDelete" time="0,000" classname="cviceni.StringBuilderAndBufferTest"/>
  <testcase name="testBufferAppendDelete" time="0,000" classname="cviceni.StringBuilderAndBufferTest"/>
  <testcase name="testBufferAppendDelete" time="0,000" classname="cviceni.StringBuilderAndBufferTest"/>
  <testcase name="testBuilderAppend" time="0,000" classname="cviceni.StringBuilderAndBufferTest"/>
  <testcase name="testBufferAppendDelete" time="0,000" classname="cviceni.StringBuilderAndBufferTest"/>
  <testcase name="testBuilderAppendDelete" time="0,000" classname="cviceni.StringBuilderAndBufferTest"/>
  <testcase name="testBuilderAppend" time="0,000" classname="cviceni.StringBuilderAndBufferTest"/>
  <testcase name="testBufferAppend" time="0,000" classname="cviceni.StringBuilderAndBufferTest"/>
  <testcase name="testBuilderAppend" time="0,000" classname="cviceni.StringBuilderAndBufferTest"/>
  <testcase name="testBuilderAppendDelete" time="0,000" classname="cviceni.StringBuilderAndBufferTest"/>
  <testcase name="testBufferAppend" time="0,000" classname="cviceni.StringBuilderAndBufferTest"/>
  <testcase name="testBufferAppendDelete" time="0,000" classname="cviceni.StringBuilderAndBufferTest"/>
  <testcase name="testBuilderAppendDelete" time="0,000" classname="cviceni.StringBuilderAndBufferTest"/>
  <testcase name="testBufferAppend" time="0,000" classname="cviceni.StringBuilderAndBufferTest"/>
  <testcase name="testBuilderAppend" time="0,001" classname="cviceni.StringBuilderAndBufferTest"/>
  <testcase name="testBufferAppend" time="0,000" classname="cviceni.StringBuilderAndBufferTest"/>
  <testcase name="testBuilderAppend" time="0,001" classname="cviceni.StringBuilderAndBufferTest"/>
  <testcase name="testBuilderAppend" time="0,000" classname="cviceni.StringBuilderAndBufferTest"/>
  <testcase name="testBuilderAppendDelete" time="0,001" classname="cviceni.StringBuilderAndBufferTest"/>
  <testcase name="testBufferAppend" time="0,000" classname="cviceni.StringBuilderAndBufferTest"/>
  <testcase name="testBuilderAppendDelete" time="0,003" classname="cviceni.StringBuilderAndBufferTest"/>
  <testcase name="testBufferAppend" time="0,000" classname="cviceni.StringBuilderAndBufferTest"/>
  <testcase name="testBufferAppendDelete" time="0,000" classname="cviceni.StringBuilderAndBufferTest"/>
  <testcase name="testBufferAppendDelete" time="0,000" classname="cviceni.StringBuilderAndBufferTest"/>
  <testcase name="testBufferAppend" time="0,000" classname="cviceni.StringBuilderAndBufferTest"/>
  <testcase name="testBuilderAppendDelete" time="0,001" classname="cviceni.StringBuilderAndBufferTest"/>
  <testcase name="testBuilderAppend" time="0,000" classname="cviceni.StringBuilderAndBufferTest"/>
  <testcase name="testBuilderAppendDelete" time="0,000" classname="cviceni.StringBuilderAndBufferTest"/>
  <testcase name="testBufferAppend" time="0,001" classname="cviceni.StringBuilderAndBufferTest"/>
  <testcase name="testBufferAppendDelete" time="0,000" classname="cviceni.StringBuilderAndBufferTest"/>
  <testcase name="testBuilderAppendDelete" time="0,000" classname="cviceni.StringBuilderAndBufferTest"/>
  <testcase name="testBufferAppendDelete" time="0,000" classname="cviceni.StringBuilderAndBufferTest"/>
  <testcase name="testBuilderAppendDelete" time="0,001" classname="cviceni.StringBuilderAndBufferTest"/>
  <testcase name="testBuilderAppend" time="0,000" classname="cviceni.StringBuilderAndBufferTest"/>
  <testcase name="testBufferAppend" time="0,000" classname="cviceni.StringBuilderAndBufferTest"/>
  <testcase name="testBuilderAppendDelete" time="0,000" classname="cviceni.StringBuilderAndBufferTest"/>
  <testcase name="testBuilderAppendDelete" time="0,001" classname="cviceni.StringBuilderAndBufferTest"/>
  <testcase name="testBuilderAppend" time="0,000" classname="cviceni.StringBuilderAndBufferTest"/>
  <testcase name="testBuilderAppend" time="0,001" classname="cviceni.StringBuilderAndBufferTest"/>
  <testcase name="testBufferAppend" time="0,000" classname="cviceni.StringBuilderAndBufferTest"/>
  <testcase name="testBuilderAppendDelete" time="0,000" classname="cviceni.StringBuilderAndBufferTest"/>
  <testcase name="testBuilderAppendDelete" time="0,000" classname="cviceni.StringBuilderAndBufferTest"/>
  <testcase name="testBuilderAppend" time="0,001" classname="cviceni.StringBuilderAndBufferTest"/>
  <testcase name="testBufferAppendDelete" time="0,000" classname="cviceni.StringBuilderAndBufferTest"/>
  <testcase name="testBufferAppend" time="0,001" classname="cviceni.StringBuilderAndBufferTest"/>
  <testcase name="testBufferAppendDelete" time="0,000" classname="cviceni.StringBuilderAndBufferTest"/>
  <testcase name="testBuilderAppendDelete" time="0,000" classname="cviceni.StringBuilderAndBufferTest"/>
  <testcase name="testBufferAppendDelete" time="0,000" classname="cviceni.StringBuilderAndBufferTest"/>
  <testcase name="testBuilderAppendDelete" time="0,000" classname="cviceni.StringBuilderAndBufferTest"/>
  <testcase name="testBuilderAppendDelete" time="0,001" classname="cviceni.StringBuilderAndBufferTest"/>
  <testcase name="testBuilderAppend" time="0,001" classname="cviceni.StringBuilderAndBufferTest"/>
  <testcase name="testBufferAppendDelete" time="0,000" classname="cviceni.StringBuilderAndBufferTest"/>
  <testcase name="testBuilderAppendDelete" time="0,001" classname="cviceni.StringBuilderAndBufferTest"/>
  <testcase name="testBuilderAppendDelete" time="0,000" classname="cviceni.StringBuilderAndBufferTest"/>
  <testcase name="testBufferAppendDelete" time="0,000" classname="cviceni.StringBuilderAndBufferTest"/>
  <testcase name="testBuilderAppendDelete" time="0,001" classname="cviceni.StringBuilderAndBufferTest"/>
  <testcase name="testBuilderAppend" time="0,001" classname="cviceni.StringBuilderAndBufferTest"/>
  <testcase name="testBufferAppend" time="0,000" classname="cviceni.StringBuilderAndBufferTest"/>
  <testcase name="testBuilderAppendDelete" time="0,000" classname="cviceni.StringBuilderAndBufferTest"/>
  <testcase name="testBuilderAppend" time="0,001" classname="cviceni.StringBuilderAndBufferTest"/>
  <testcase name="testBufferAppend" time="0,000" classname="cviceni.StringBuilderAndBufferTest"/>
  <testcase name="testBuilderAppend" time="0,000" classname="cviceni.StringBuilderAndBufferTest"/>
  <testcase name="testBufferAppend" time="0,000" classname="cviceni.StringBuilderAndBufferTest"/>
  <testcase name="testBufferAppendDelete" time="0,000" classname="cviceni.StringBuilderAndBufferTest"/>
  <testcase name="testBuilderAppendDelete" time="0,001" classname="cviceni.StringBuilderAndBufferTest"/>
  <testcase name="testBuilderAppendDelete" time="0,000" classname="cviceni.StringBuilderAndBufferTest"/>
  <testcase name="testBufferAppendDelete" time="0,000" classname="cviceni.StringBuilderAndBufferTest"/>
  <testcase name="testBuilderAppend" time="0,000" classname="cviceni.StringBuilderAndBufferTest"/>
  <testcase name="testBufferAppendDelete" time="0,000" classname="cviceni.StringBuilderAndBufferTest"/>
  <testcase name="testBuilderAppend" time="0,001" classname="cviceni.StringBuilderAndBufferTest"/>
  <testcase name="testBuilderAppend" time="0,000" classname="cviceni.StringBuilderAndBufferTest"/>
  <testcase name="testBufferAppendDelete" time="0,000" classname="cviceni.StringBuilderAndBufferTest"/>
  <testcase name="testBuilderAppendDelete" time="0,000" classname="cviceni.StringBuilderAndBufferTest"/>
  <testcase name="testBufferAppendDelete" time="0,000" classname="cviceni.StringBuilderAndBufferTest"/>
  <testcase name="testBufferAppendDelete" time="0,000" classname="cviceni.StringBuilderAndBufferTest"/>
  <testcase name="testBuilderAppendDelete" time="0,001" classname="cviceni.StringBuilderAndBufferTest"/>
  <testcase name="testBufferAppendDelete" time="0,001" classname="cviceni.StringBuilderAndBufferTest"/>
  <testcase name="testBuilderAppendDelete" time="0,001" classname="cviceni.StringBuilderAndBufferTest"/>
  <testcase name="testBufferAppendDelete" time="0,000" classname="cviceni.StringBuilderAndBufferTest"/>
  <testcase name="testBuilderAppendDelete" time="0,001" classname="cviceni.StringBuilderAndBufferTest"/>
  <testcase name="testBufferAppend" time="0,000" classname="cviceni.StringBuilderAndBufferTest"/>
  <testcase name="testBufferAppend" time="0,000" classname="cviceni.StringBuilderAndBufferTest"/>
  <testcase name="testBuilderAppend" time="0,000" classname="cviceni.StringBuilderAndBufferTest"/>
  <testcase name="testBufferAppendDelete" time="0,000" classname="cviceni.StringBuilderAndBufferTest"/>
  <testcase name="testBuilderAppend" time="0,000" classname="cviceni.StringBuilderAndBufferTest"/>
  <testcase name="testBufferAppendDelete" time="0,000" classname="cviceni.StringBuilderAndBufferTest"/>
  <testcase name="testBuilderAppend" time="0,000" classname="cviceni.StringBuilderAndBufferTest"/>
  <testcase name="testBufferAppendDelete" time="0,000" classname="cviceni.StringBuilderAndBufferTest"/>
  <testcase name="testBufferAppendDelete" time="0,001" classname="cviceni.StringBuilderAndBufferTest"/>
  <testcase name="testBuilderAppendDelete" time="0,000" classname="cviceni.StringBuilderAndBufferTest"/>
  <testcase name="testBufferAppendDelete" time="0,001" classname="cviceni.StringBuilderAndBufferTest"/>
  <testcase name="testBuilderAppend" time="0,001" classname="cviceni.StringBuilderAndBufferTest"/>
  <testcase name="testBufferAppendDelete" time="0,000" classname="cviceni.StringBuilderAndBufferTest"/>
  <testcase name="testBufferAppend" time="0,000" classname="cviceni.StringBuilderAndBufferTest"/>
  <testcase name="testBuilderAppend" time="0,000" classname="cviceni.StringBuilderAndBufferTest"/>
  <testcase name="testBufferAppend" time="0,000" classname="cviceni.StringBuilderAndBufferTest"/>
  <testcase name="testBuilderAppendDelete" time="0,000" classname="cviceni.StringBuilderAndBufferTest"/>
  <testcase name="testBuilderAppend" time="0,001" classname="cviceni.StringBuilderAndBufferTest"/>
  <testcase name="testBuilderAppend" time="0,001" classname="cviceni.StringBuilderAndBufferTest"/>
  <testcase name="testBufferAppendDelete" time="0,000" classname="cviceni.StringBuilderAndBufferTest"/>
  <testcase name="testBuilderAppend" time="0,001" classname="cviceni.StringBuilderAndBufferTest"/>
  <testcase name="testBuilderAppendDelete" time="0,001" classname="cviceni.StringBuilderAndBufferTest"/>
  <testcase name="testBufferAppend" time="0,000" classname="cviceni.StringBuilderAndBufferTest"/>
  <testcase name="testBufferAppendDelete" time="0,000" classname="cviceni.StringBuilderAndBufferTest"/>
  <testcase name="testBuilderAppend" time="0,000" classname="cviceni.StringBuilderAndBufferTest"/>
  <testcase name="testBufferAppendDelete" time="0,000" classname="cviceni.StringBuilderAndBufferTest"/>
  <testcase name="testBufferAppendDelete" time="0,000" classname="cviceni.StringBuilderAndBufferTest"/>
  <testcase name="testBufferAppendDelete" time="0,001" classname="cviceni.StringBuilderAndBufferTest"/>
  <testcase name="testBuilderAppend" time="0,001" classname="cviceni.StringBuilderAndBufferTest"/>
  <testcase name="testBufferAppendDelete" time="0,001" classname="cviceni.StringBuilderAndBufferTest"/>
  <testcase name="testBuilderAppend" time="0,001" classname="cviceni.StringBuilderAndBufferTest"/>
  <testcase name="testBuilderAppendDelete" time="0,000" classname="cviceni.StringBuilderAndBufferTest"/>
  <testcase name="testBuilderAppendDelete" time="0,013" classname="cviceni.StringBuilderAndBufferTest"/>
  <testcase name="testBuilderAppend" time="0,000" classname="cviceni.StringBuilderAndBufferTest"/>
  <testcase name="testBuilderAppend" time="0,001" classname="cviceni.StringBuilderAndBufferTest"/>
  <testcase name="testBuilderAppend" time="0,000" classname="cviceni.StringBuilderAndBufferTest"/>
  <testcase name="testBufferAppendDelete" time="0,000" classname="cviceni.StringBuilderAndBufferTest"/>
  <testcase name="testBufferAppendDelete" time="0,001" classname="cviceni.StringBuilderAndBufferTest"/>
  <testcase name="testBuilderAppendDelete" time="0,000" classname="cviceni.StringBuilderAndBufferTest"/>
  <testcase name="testBufferAppend" time="0,000" classname="cviceni.StringBuilderAndBufferTest"/>
  <testcase name="testBuilderAppendDelete" time="0,000" classname="cviceni.StringBuilderAndBufferTest"/>
  <testcase name="testBuilderAppend" time="0,000" classname="cviceni.StringBuilderAndBufferTest"/>
  <testcase name="testBufferAppend" time="0,000" classname="cviceni.StringBuilderAndBufferTest"/>
  <testcase name="testBufferAppendDelete" time="0,000" classname="cviceni.StringBuilderAndBufferTest"/>
  <testcase name="testBufferAppend" time="0,000" classname="cviceni.StringBuilderAndBufferTest"/>
  <testcase name="testBufferAppendDelete" time="0,000" classname="cviceni.StringBuilderAndBufferTest"/>
  <testcase name="testBuilderAppend" time="0,001" classname="cviceni.StringBuilderAndBufferTest"/>
  <testcase name="testBuilderAppendDelete" time="0,000" classname="cviceni.StringBuilderAndBufferTest"/>
  <testcase name="testBuilderAppendDelete" time="0,001" classname="cviceni.StringBuilderAndBufferTest"/>
  <testcase name="testBuilderAppend" time="0,000" classname="cviceni.StringBuilderAndBufferTest"/>
  <testcase name="testBufferAppend" time="0,001" classname="cviceni.StringBuilderAndBufferTest"/>
  <testcase name="testBufferAppendDelete" time="0,000" classname="cviceni.StringBuilderAndBufferTest"/>
  <testcase name="testBufferAppend" time="0,000" classname="cviceni.StringBuilderAndBufferTest"/>
  <testcase name="testBufferAppendDelete" time="0,001" classname="cviceni.StringBuilderAndBufferTest"/>
  <testcase name="testBuilderAppend" time="0,000" classname="cviceni.StringBuilderAndBufferTest"/>
  <testcase name="testBufferAppendDelete" time="0,000" classname="cviceni.StringBuilderAndBufferTest"/>
  <testcase name="testBufferAppend" time="0,000" classname="cviceni.StringBuilderAndBufferTest"/>
  <testcase name="testBuilderAppendDelete" time="0,000" classname="cviceni.StringBuilderAndBufferTest"/>
  <testcase name="testBuilderAppend" time="0,001" classname="cviceni.StringBuilderAndBufferTest"/>
  <testcase name="testBuilderAppendDelete" time="0,001" classname="cviceni.StringBuilderAndBufferTest"/>
  <testcase name="testBuilderAppend" time="0,000" classname="cviceni.StringBuilderAndBufferTest"/>
  <testcase name="testBufferAppendDelete" time="0,000" classname="cviceni.StringBuilderAndBufferTest"/>
  <testcase name="testBuilderAppendDelete" time="0,000" classname="cviceni.StringBuilderAndBufferTest"/>
  <testcase name="testBuilderAppend" time="0,000" classname="cviceni.StringBuilderAndBufferTest"/>
  <testcase name="testBuilderAppendDelete" time="0,001" classname="cviceni.StringBuilderAndBufferTest"/>
  <testcase name="testBuilderAppendDelete" time="0,000" classname="cviceni.StringBuilderAndBufferTest"/>
  <testcase name="testBufferAppendDelete" time="0,000" classname="cviceni.StringBuilderAndBufferTest"/>
  <testcase name="testBufferAppend" time="0,001" classname="cviceni.StringBuilderAndBufferTest"/>
  <testcase name="testBuilderAppend" time="0,001" classname="cviceni.StringBuilderAndBufferTest"/>
  <testcase name="testBufferAppendDelete" time="0,000" classname="cviceni.StringBuilderAndBufferTest"/>
  <testcase name="testBuilderAppend" time="0,000" classname="cviceni.StringBuilderAndBufferTest"/>
  <testcase name="testBuilderAppend" time="0,000" classname="cviceni.StringBuilderAndBufferTest"/>
  <testcase name="testBuilderAppend" time="0,000" classname="cviceni.StringBuilderAndBufferTest"/>
  <testcase name="testBuilderAppend" time="0,001" classname="cviceni.StringBuilderAndBufferTest"/>
  <testcase name="testBuilderAppend" time="0,000" classname="cviceni.StringBuilderAndBufferTest"/>
  <testcase name="testBufferAppend" time="0,001" classname="cviceni.StringBuilderAndBufferTest"/>
  <testcase name="testBufferAppendDelete" time="0,000" classname="cviceni.StringBuilderAndBufferTest"/>
  <testcase name="testBuilderAppend" time="0,000" classname="cviceni.StringBuilderAndBufferTest"/>
  <testcase name="testBufferAppend" time="0,000" classname="cviceni.StringBuilderAndBufferTest"/>
  <testcase name="testBufferAppendDelete" time="0,000" classname="cviceni.StringBuilderAndBufferTest"/>
  <testcase name="testBufferAppend" time="0,000" classname="cviceni.StringBuilderAndBufferTest"/>
  <testcase name="testBuilderAppendDelete" time="0,000" classname="cviceni.StringBuilderAndBufferTest"/>
  <testcase name="testBufferAppend" time="0,000" classname="cviceni.StringBuilderAndBufferTest"/>
  <testcase name="testBuilderAppendDelete" time="0,000" classname="cviceni.StringBuilderAndBufferTest"/>
  <testcase name="testBuilderAppendDelete" time="0,001" classname="cviceni.StringBuilderAndBufferTest"/>
  <testcase name="testBufferAppend" time="0,001" classname="cviceni.StringBuilderAndBufferTest"/>
  <testcase name="testBufferAppend" time="0,000" classname="cviceni.StringBuilderAndBufferTest"/>
  <testcase name="testBufferAppend" time="0,000" classname="cviceni.StringBuilderAndBufferTest"/>
  <testcase name="testBuilderAppendDelete" time="0,000" classname="cviceni.StringBuilderAndBufferTest"/>
  <testcase name="testBuilderAppendDelete" time="0,000" classname="cviceni.StringBuilderAndBufferTest"/>
  <testcase name="testBufferAppendDelete" time="0,000" classname="cviceni.StringBuilderAndBufferTest"/>
  <testcase name="testBuilderAppend" time="0,084" classname="cviceni.StringBuilderAndBufferTest"/>
  <testcase name="testBuilderAppendDelete" time="0,001" classname="cviceni.StringBuilderAndBufferTest"/>
  <testcase name="testBuilderAppend" time="0,000" classname="cviceni.StringBuilderAndBufferTest"/>
  <testcase name="testBufferAppendDelete" time="0,000" classname="cviceni.StringBuilderAndBufferTest"/>
  <testcase name="testBuilderAppendDelete" time="0,000" classname="cviceni.StringBuilderAndBufferTest"/>
  <testcase name="testBufferAppend" time="0,000" classname="cviceni.StringBuilderAndBufferTest"/>
  <testcase name="testBuilderAppendDelete" time="0,057" classname="cviceni.StringBuilderAndBufferTest"/>
  <testcase name="testBuilderAppend" time="0,001" classname="cviceni.StringBuilderAndBufferTest"/>
  <testcase name="testBuilderAppend" time="0,000" classname="cviceni.StringBuilderAndBufferTest"/>
  <testcase name="testBufferAppendDelete" time="0,001" classname="cviceni.StringBuilderAndBufferTest"/>
  <testcase name="testBufferAppendDelete" time="0,000" classname="cviceni.StringBuilderAndBufferTest"/>
  <testcase name="testBuilderAppendDelete" time="0,000" classname="cviceni.StringBuilderAndBufferTest"/>
  <testcase name="testBufferAppendDelete" time="0,000" classname="cviceni.StringBuilderAndBufferTest"/>
  <testcase name="testBuilderAppendDelete" time="0,001" classname="cviceni.StringBuilderAndBufferTest"/>
  <testcase name="testBufferAppendDelete" time="0,000" classname="cviceni.StringBuilderAndBufferTest"/>
  <testcase name="testBufferAppendDelete" time="0,044" classname="cviceni.StringBuilderAndBufferTest"/>
  <testcase name="testBuilderAppend" time="0,000" classname="cviceni.StringBuilderAndBufferTest"/>
  <testcase name="testBuilderAppend" time="0,017" classname="cviceni.StringBuilderAndBufferTest"/>
  <testcase name="testBufferAppendDelete" time="0,000" classname="cviceni.StringBuilderAndBufferTest"/>
  <testcase name="testBufferAppend" time="0,001" classname="cviceni.StringBuilderAndBufferTest"/>
  <testcase name="testBufferAppend" time="0,000" classname="cviceni.StringBuilderAndBufferTest"/>
  <testcase name="testBuilderAppendDelete" time="0,001" classname="cviceni.StringBuilderAndBufferTest"/>
  <testcase name="testBuilderAppendDelete" time="0,000" classname="cviceni.StringBuilderAndBufferTest"/>
  <testcase name="testBufferAppendDelete" time="0,001" classname="cviceni.StringBuilderAndBufferTest"/>
  <testcase name="testBuilderAppend" time="0,000" classname="cviceni.StringBuilderAndBufferTest"/>
  <testcase name="testBufferAppend" time="0,000" classname="cviceni.StringBuilderAndBufferTest"/>
  <testcase name="testBuilderAppend" time="0,000" classname="cviceni.StringBuilderAndBufferTest"/>
  <testcase name="testBufferAppendDelete" time="0,000" classname="cviceni.StringBuilderAndBufferTest"/>
  <testcase name="testBuilderAppendDelete" time="0,001" classname="cviceni.StringBuilderAndBufferTest"/>
  <testcase name="testBuilderAppend" time="0,000" classname="cviceni.StringBuilderAndBufferTest"/>
  <testcase name="testBufferAppend" time="0,000" classname="cviceni.StringBuilderAndBufferTest"/>
  <testcase name="testBufferAppend" time="0,001" classname="cviceni.StringBuilderAndBufferTest"/>
  <testcase name="testBufferAppendDelete" time="0,001" classname="cviceni.StringBuilderAndBufferTest"/>
  <testcase name="testBuilderAppend" time="0,001" classname="cviceni.StringBuilderAndBufferTest"/>
  <testcase name="testBuilderAppend" time="0,000" classname="cviceni.StringBuilderAndBufferTest"/>
  <testcase name="testBufferAppend" time="0,000" classname="cviceni.StringBuilderAndBufferTest"/>
  <testcase name="testBufferAppend" time="0,000" classname="cviceni.StringBuilderAndBufferTest"/>
  <testcase name="testBuilderAppend" time="0,000" classname="cviceni.StringBuilderAndBufferTest"/>
  <testcase name="testBuilderAppend" time="0,001" classname="cviceni.StringBuilderAndBufferTest"/>
  <testcase name="testBufferAppend" time="0,001" classname="cviceni.StringBuilderAndBufferTest"/>
  <testcase name="testBuilderAppendDelete" time="0,000" classname="cviceni.StringBuilderAndBufferTest"/>
  <testcase name="testBuilderAppend" time="0,000" classname="cviceni.StringBuilderAndBufferTest"/>
  <testcase name="testBuilderAppendDelete" time="0,000" classname="cviceni.StringBuilderAndBufferTest"/>
  <testcase name="testBufferAppendDelete" time="0,001" classname="cviceni.StringBuilderAndBufferTest"/>
  <testcase name="testBufferAppendDelete" time="0,000" classname="cviceni.StringBuilderAndBufferTest"/>
  <testcase name="testBuilderAppend" time="0,000" classname="cviceni.StringBuilderAndBufferTest"/>
  <testcase name="testBuilderAppendDelete" time="0,002" classname="cviceni.StringBuilderAndBufferTest"/>
  <testcase name="testBufferAppend" time="0,000" classname="cviceni.StringBuilderAndBufferTest"/>
  <testcase name="testBuilderAppendDelete" time="0,000" classname="cviceni.StringBuilderAndBufferTest"/>
  <testcase name="testBufferAppendDelete" time="0,001" classname="cviceni.StringBuilderAndBufferTest"/>
  <testcase name="testBufferAppendDelete" time="0,000" classname="cviceni.StringBuilderAndBufferTest"/>
  <testcase name="testBufferAppendDelete" time="0,000" classname="cviceni.StringBuilderAndBufferTest"/>
  <testcase name="testBufferAppendDelete" time="0,000" classname="cviceni.StringBuilderAndBufferTest"/>
  <testcase name="testBuilderAppend" time="0,000" classname="cviceni.StringBuilderAndBufferTest"/>
  <testcase name="testBuilderAppendDelete" time="0,001" classname="cviceni.StringBuilderAndBufferTest"/>
  <testcase name="testBuilderAppendDelete" time="0,000" classname="cviceni.StringBuilderAndBufferTest"/>
  <testcase name="testBuilderAppend" time="0,000" classname="cviceni.StringBuilderAndBufferTest"/>
  <testcase name="testBufferAppend" time="0,001" classname="cviceni.StringBuilderAndBufferTest"/>
  <testcase name="testBuilderAppendDelete" time="0,001" classname="cviceni.StringBuilderAndBufferTest"/>
  <testcase name="testBuilderAppendDelete" time="0,001" classname="cviceni.StringBuilderAndBufferTest"/>
  <testcase name="testBuilderAppend" time="0,000" classname="cviceni.StringBuilderAndBufferTest"/>
  <testcase name="testBuilderAppend" time="0,000" classname="cviceni.StringBuilderAndBufferTest"/>
  <testcase name="testBufferAppendDelete" time="0,000" classname="cviceni.StringBuilderAndBufferTest"/>
  <testcase name="testBufferAppendDelete" time="0,000" classname="cviceni.StringBuilderAndBufferTest"/>
  <testcase name="testBufferAppendDelete" time="0,001" classname="cviceni.StringBuilderAndBufferTest"/>
  <testcase name="testBufferAppendDelete" time="0,000" classname="cviceni.StringBuilderAndBufferTest"/>
  <testcase name="testBufferAppend" time="0,000" classname="cviceni.StringBuilderAndBufferTest"/>
  <testcase name="testBufferAppendDelete" time="0,000" classname="cviceni.StringBuilderAndBufferTest"/>
  <testcase name="testBuilderAppend" time="0,001" classname="cviceni.StringBuilderAndBufferTest"/>
  <testcase name="testBuilderAppend" time="0,000" classname="cviceni.StringBuilderAndBufferTest"/>
  <testcase name="testBufferAppend" time="0,000" classname="cviceni.StringBuilderAndBufferTest"/>
  <testcase name="testBuilderAppend" time="0,000" classname="cviceni.StringBuilderAndBufferTest"/>
  <testcase name="testBuilderAppendDelete" time="0,000" classname="cviceni.StringBuilderAndBufferTest"/>
  <testcase name="testBuilderAppendDelete" time="0,000" classname="cviceni.StringBuilderAndBufferTest"/>
  <testcase name="testBuilderAppendDelete" time="0,000" classname="cviceni.StringBuilderAndBufferTest"/>
  <testcase name="testBuilderAppend" time="0,000" classname="cviceni.StringBuilderAndBufferTest"/>
  <testcase name="testBuilderAppend" time="0,001" classname="cviceni.StringBuilderAndBufferTest"/>
  <testcase name="testBufferAppendDelete" time="0,001" classname="cviceni.StringBuilderAndBufferTest"/>
  <testcase name="testBuilderAppend" time="0,000" classname="cviceni.StringBuilderAndBufferTest"/>
  <testcase name="testBuilderAppendDelete" time="0,000" classname="cviceni.StringBuilderAndBufferTest"/>
  <testcase name="testBufferAppendDelete" time="0,001" classname="cviceni.StringBuilderAndBufferTest"/>
  <testcase name="testBuilderAppend" time="0,000" classname="cviceni.StringBuilderAndBufferTest"/>
  <testcase name="testBuilderAppendDelete" time="0,000" classname="cviceni.StringBuilderAndBufferTest"/>
  <testcase name="testBufferAppend" time="0,000" classname="cviceni.StringBuilderAndBufferTest"/>
  <testcase name="testBufferAppendDelete" time="0,001" classname="cviceni.StringBuilderAndBufferTest"/>
  <testcase name="testBufferAppend" time="0,001" classname="cviceni.StringBuilderAndBufferTest"/>
  <testcase name="testBufferAppendDelete" time="0,000" classname="cviceni.StringBuilderAndBufferTest"/>
  <testcase name="testBuilderAppendDelete" time="0,001" classname="cviceni.StringBuilderAndBufferTest"/>
  <testcase name="testBufferAppend" time="0,077" classname="cviceni.StringBuilderAndBufferTest"/>
  <testcase name="testBuilderAppend" time="0,001" classname="cviceni.StringBuilderAndBufferTest"/>
  <testcase name="testBufferAppendDelete" time="0,000" classname="cviceni.StringBuilderAndBufferTest"/>
  <testcase name="testBuilderAppend" time="0,000" classname="cviceni.StringBuilderAndBufferTest"/>
  <testcase name="testBufferAppendDelete" time="0,001" classname="cviceni.StringBuilderAndBufferTest"/>
  <testcase name="testBufferAppend" time="0,000" classname="cviceni.StringBuilderAndBufferTest"/>
  <testcase name="testBufferAppendDelete" time="0,000" classname="cviceni.StringBuilderAndBufferTest"/>
  <testcase name="testBufferAppend" time="0,001" classname="cviceni.StringBuilderAndBufferTest"/>
  <testcase name="testBuilderAppendDelete" time="0,000" classname="cviceni.StringBuilderAndBufferTest"/>
  <testcase name="testBufferAppendDelete" time="0,000" classname="cviceni.StringBuilderAndBufferTest"/>
  <testcase name="testBufferAppend" time="0,000" classname="cviceni.StringBuilderAndBufferTest"/>
  <testcase name="testBuilderAppendDelete" time="0,000" classname="cviceni.StringBuilderAndBufferTest"/>
  <testcase name="testBufferAppend" time="0,000" classname="cviceni.StringBuilderAndBufferTest"/>
  <testcase name="testBufferAppendDelete" time="0,000" classname="cviceni.StringBuilderAndBufferTest"/>
  <testcase name="testBuilderAppend" time="0,000" classname="cviceni.StringBuilderAndBufferTest"/>
  <testcase name="testBuilderAppendDelete" time="0,001" classname="cviceni.StringBuilderAndBufferTest"/>
  <testcase name="testBuilderAppendDelete" time="0,000" classname="cviceni.StringBuilderAndBufferTest"/>
  <testcase name="testBufferAppendDelete" time="0,000" classname="cviceni.StringBuilderAndBufferTest"/>
  <testcase name="testBuilderAppendDelete" time="0,000" classname="cviceni.StringBuilderAndBufferTest"/>
  <testcase name="testBuilderAppend" time="0,000" classname="cviceni.StringBuilderAndBufferTest"/>
  <testcase name="testBufferAppend" time="0,000" classname="cviceni.StringBuilderAndBufferTest"/>
  <testcase name="testBuilderAppend" time="0,000" classname="cviceni.StringBuilderAndBufferTest"/>
  <testcase name="testBuilderAppend" time="0,013" classname="cviceni.StringBuilderAndBufferTest"/>
  <testcase name="testBufferAppendDelete" time="0,000" classname="cviceni.StringBuilderAndBufferTest"/>
  <testcase name="testBuilderAppend" time="0,000" classname="cviceni.StringBuilderAndBufferTest"/>
  <testcase name="testBuilderAppendDelete" time="0,001" classname="cviceni.StringBuilderAndBufferTest"/>
  <testcase name="testBuilderAppend" time="0,001" classname="cviceni.StringBuilderAndBufferTest"/>
  <testcase name="testBufferAppendDelete" time="0,001" classname="cviceni.StringBuilderAndBufferTest"/>
  <testcase name="testBufferAppend" time="0,000" classname="cviceni.StringBuilderAndBufferTest"/>
  <testcase name="testBufferAppendDelete" time="0,000" classname="cviceni.StringBuilderAndBufferTest"/>
  <testcase name="testBufferAppend" time="0,001" classname="cviceni.StringBuilderAndBufferTest"/>
  <testcase name="testBuilderAppend" time="0,001" classname="cviceni.StringBuilderAndBufferTest"/>
  <testcase name="testBufferAppend" time="0,000" classname="cviceni.StringBuilderAndBufferTest"/>
  <testcase name="testBufferAppend" time="0,000" classname="cviceni.StringBuilderAndBufferTest"/>
  <testcase name="testBuilderAppendDelete" time="0,001" classname="cviceni.StringBuilderAndBufferTest"/>
  <testcase name="testBuilderAppend" time="0,000" classname="cviceni.StringBuilderAndBufferTest"/>
  <testcase name="testBufferAppend" time="0,000" classname="cviceni.StringBuilderAndBufferTest"/>
  <testcase name="testBuilderAppendDelete" time="0,000" classname="cviceni.StringBuilderAndBufferTest"/>
  <testcase name="testBufferAppendDelete" time="0,000" classname="cviceni.StringBuilderAndBufferTest"/>
  <testcase name="testBufferAppend" time="0,000" classname="cviceni.StringBuilderAndBufferTest"/>
  <testcase name="testBufferAppendDelete" time="0,000" classname="cviceni.StringBuilderAndBufferTest"/>
  <testcase name="testBuilderAppend" time="0,000" classname="cviceni.StringBuilderAndBufferTest"/>
  <testcase name="testBufferAppend" time="0,000" classname="cviceni.StringBuilderAndBufferTest"/>
  <testcase name="testBuilderAppendDelete" time="0,000" classname="cviceni.StringBuilderAndBufferTest"/>
  <testcase name="testBufferAppendDelete" time="0,000" classname="cviceni.StringBuilderAndBufferTest"/>
  <testcase name="testBuilderAppendDelete" time="0,000" classname="cviceni.StringBuilderAndBufferTest"/>
  <testcase name="testBufferAppend" time="0,001" classname="cviceni.StringBuilderAndBufferTest"/>
  <testcase name="testBufferAppend" time="0,000" classname="cviceni.StringBuilderAndBufferTest"/>
  <testcase name="testBuilderAppend" time="0,000" classname="cviceni.StringBuilderAndBufferTest"/>
  <testcase name="testBuilderAppend" time="0,000" classname="cviceni.StringBuilderAndBufferTest"/>
  <testcase name="testBuilderAppendDelete" time="0,001" classname="cviceni.StringBuilderAndBufferTest"/>
  <testcase name="testBuilderAppend" time="0,000" classname="cviceni.StringBuilderAndBufferTest"/>
  <testcase name="testBufferAppendDelete" time="0,000" classname="cviceni.StringBuilderAndBufferTest"/>
  <testcase name="testBuilderAppendDelete" time="0,000" classname="cviceni.StringBuilderAndBufferTest"/>
  <testcase name="testBuilderAppendDelete" time="0,000" classname="cviceni.StringBuilderAndBufferTest"/>
  <testcase name="testBufferAppend" time="0,149" classname="cviceni.StringBuilderAndBufferTest"/>
  <testcase name="testBufferAppend" time="0,001" classname="cviceni.StringBuilderAndBufferTest"/>
  <testcase name="testBuilderAppend" time="0,000" classname="cviceni.StringBuilderAndBufferTest"/>
  <testcase name="testBufferAppend" time="0,000" classname="cviceni.StringBuilderAndBufferTest"/>
  <testcase name="testBuilderAppend" time="0,001" classname="cviceni.StringBuilderAndBufferTest"/>
  <testcase name="testBufferAppendDelete" time="0,001" classname="cviceni.StringBuilderAndBufferTest"/>
  <testcase name="testBuilderAppend" time="0,001" classname="cviceni.StringBuilderAndBufferTest"/>
  <testcase name="testBufferAppendDelete" time="0,001" classname="cviceni.StringBuilderAndBufferTest"/>
  <testcase name="testBufferAppend" time="0,000" classname="cviceni.StringBuilderAndBufferTest"/>
  <testcase name="testBufferAppendDelete" time="0,000" classname="cviceni.StringBuilderAndBufferTest"/>
  <testcase name="testBuilderAppend" time="0,001" classname="cviceni.StringBuilderAndBufferTest"/>
  <testcase name="testBuilderAppend" time="0,000" classname="cviceni.StringBuilderAndBufferTest"/>
  <testcase name="testBuilderAppendDelete" time="0,000" classname="cviceni.StringBuilderAndBufferTest"/>
  <testcase name="testBuilderAppend" time="0,001" classname="cviceni.StringBuilderAndBufferTest"/>
  <testcase name="testBuilderAppendDelete" time="0,000" classname="cviceni.StringBuilderAndBufferTest"/>
  <testcase name="testBufferAppend" time="0,001" classname="cviceni.StringBuilderAndBufferTest"/>
  <testcase name="testBufferAppendDelete" time="0,000" classname="cviceni.StringBuilderAndBufferTest"/>
  <testcase name="testBufferAppendDelete" time="0,000" classname="cviceni.StringBuilderAndBufferTest"/>
  <testcase name="testBufferAppend" time="0,001" classname="cviceni.StringBuilderAndBufferTest"/>
  <testcase name="testBufferAppend" time="0,101" classname="cviceni.StringBuilderAndBufferTest"/>
  <testcase name="testBufferAppendDelete" time="0,001" classname="cviceni.StringBuilderAndBufferTest"/>
  <testcase name="testBuilderAppend" time="0,000" classname="cviceni.StringBuilderAndBufferTest"/>
  <testcase name="testBufferAppendDelete" time="0,000" classname="cviceni.StringBuilderAndBufferTest"/>
  <testcase name="testBuilderAppend" time="0,000" classname="cviceni.StringBuilderAndBufferTest"/>
  <testcase name="testBufferAppend" time="0,000" classname="cviceni.StringBuilderAndBufferTest"/>
  <testcase name="testBufferAppendDelete" time="0,000" classname="cviceni.StringBuilderAndBufferTest"/>
  <testcase name="testBuilderAppendDelete" time="0,000" classname="cviceni.StringBuilderAndBufferTest"/>
  <testcase name="testBufferAppend" time="0,000" classname="cviceni.StringBuilderAndBufferTest"/>
  <testcase name="testBufferAppend" time="0,001" classname="cviceni.StringBuilderAndBufferTest"/>
  <testcase name="testBuilderAppendDelete" time="0,000" classname="cviceni.StringBuilderAndBufferTest"/>
  <testcase name="testBuilderAppend" time="0,000" classname="cviceni.StringBuilderAndBufferTest"/>
  <testcase name="testBufferAppendDelete" time="0,000" classname="cviceni.StringBuilderAndBufferTest"/>
  <testcase name="testBufferAppend" time="0,000" classname="cviceni.StringBuilderAndBufferTest"/>
  <testcase name="testBuilderAppend" time="0,011" classname="cviceni.StringBuilderAndBufferTest"/>
  <testcase name="testBuilderAppendDelete" time="0,001" classname="cviceni.StringBuilderAndBufferTest"/>
  <testcase name="testBufferAppendDelete" time="0,000" classname="cviceni.StringBuilderAndBufferTest"/>
  <testcase name="testBufferAppendDelete" time="0,001" classname="cviceni.StringBuilderAndBufferTest"/>
  <testcase name="testBufferAppend" time="0,000" classname="cviceni.StringBuilderAndBufferTest"/>
  <testcase name="testBufferAppendDelete" time="0,000" classname="cviceni.StringBuilderAndBufferTest"/>
  <testcase name="testBufferAppend" time="0,000" classname="cviceni.StringBuilderAndBufferTest"/>
  <testcase name="testBuilderAppend" time="0,001" classname="cviceni.StringBuilderAndBufferTest"/>
  <testcase name="testBuilderAppendDelete" time="0,000" classname="cviceni.StringBuilderAndBufferTest"/>
  <testcase name="testBufferAppendDelete" time="0,000" classname="cviceni.StringBuilderAndBufferTest"/>
  <testcase name="testBuilderAppend" time="0,000" classname="cviceni.StringBuilderAndBufferTest"/>
  <testcase name="testBuilderAppendDelete" time="0,001" classname="cviceni.StringBuilderAndBufferTest"/>
  <testcase name="testBuilderAppend" time="0,000" classname="cviceni.StringBuilderAndBufferTest"/>
  <testcase name="testBuilderAppend" time="0,000" classname="cviceni.StringBuilderAndBufferTest"/>
  <testcase name="testBuilderAppendDelete" time="0,000" classname="cviceni.StringBuilderAndBufferTest"/>
  <testcase name="testBuilderAppendDelete" time="0,000" classname="cviceni.StringBuilderAndBufferTest"/>
  <testcase name="testBuilderAppend" time="0,000" classname="cviceni.StringBuilderAndBufferTest"/>
  <testcase name="testBufferAppendDelete" time="0,000" classname="cviceni.StringBuilderAndBufferTest"/>
  <testcase name="testBuilderAppendDelete" time="0,001" classname="cviceni.StringBuilderAndBufferTest"/>
  <testcase name="testBuilderAppend" time="0,000" classname="cviceni.StringBuilderAndBufferTest"/>
  <testcase name="testBuilderAppend" time="0,010" classname="cviceni.StringBuilderAndBufferTest"/>
  <testcase name="testBufferAppendDelete" time="0,000" classname="cviceni.StringBuilderAndBufferTest"/>
  <testcase name="testBufferAppend" time="0,001" classname="cviceni.StringBuilderAndBufferTest"/>
  <testcase name="testBufferAppendDelete" time="0,000" classname="cviceni.StringBuilderAndBufferTest"/>
  <testcase name="testBufferAppend" time="0,000" classname="cviceni.StringBuilderAndBufferTest"/>
  <testcase name="testBufferAppend" time="0,000" classname="cviceni.StringBuilderAndBufferTest"/>
  <testcase name="testBufferAppendDelete" time="0,001" classname="cviceni.StringBuilderAndBufferTest"/>
  <testcase name="testBuilderAppend" time="0,000" classname="cviceni.StringBuilderAndBufferTest"/>
  <testcase name="testBufferAppendDelete" time="0,000" classname="cviceni.StringBuilderAndBufferTest"/>
  <testcase name="testBuilderAppendDelete" time="0,001" classname="cviceni.StringBuilderAndBufferTest"/>
  <testcase name="testBufferAppend" time="0,000" classname="cviceni.StringBuilderAndBufferTest"/>
  <testcase name="testBufferAppend" time="0,000" classname="cviceni.StringBuilderAndBufferTest"/>
  <testcase name="testBuilderAppend" time="0,000" classname="cviceni.StringBuilderAndBufferTest"/>
  <testcase name="testBufferAppendDelete" time="0,000" classname="cviceni.StringBuilderAndBufferTest"/>
  <testcase name="testBufferAppendDelete" time="0,000" classname="cviceni.StringBuilderAndBufferTest"/>
  <testcase name="testBufferAppend" time="0,000" classname="cviceni.StringBuilderAndBufferTest"/>
  <testcase name="testBuilderAppend" time="0,001" classname="cviceni.StringBuilderAndBufferTest"/>
  <testcase name="testBufferAppendDelete" time="0,001" classname="cviceni.StringBuilderAndBufferTest"/>
  <testcase name="testBufferAppend" time="0,000" classname="cviceni.StringBuilderAndBufferTest"/>
  <testcase name="testBuilderAppendDelete" time="0,000" classname="cviceni.StringBuilderAndBufferTest"/>
  <testcase name="testBuilderAppendDelete" time="0,000" classname="cviceni.StringBuilderAndBufferTest"/>
  <testcase name="testBuilderAppendDelete" time="0,000" classname="cviceni.StringBuilderAndBufferTest"/>
  <testcase name="testBuilderAppend" time="0,001" classname="cviceni.StringBuilderAndBufferTest"/>
  <testcase name="testBuilderAppend" time="0,001" classname="cviceni.StringBuilderAndBufferTest"/>
  <testcase name="testBuilderAppend" time="0,001" classname="cviceni.StringBuilderAndBufferTest"/>
  <testcase name="testBufferAppend" time="0,000" classname="cviceni.StringBuilderAndBufferTest"/>
  <testcase name="testBufferAppend" time="0,000" classname="cviceni.StringBuilderAndBufferTest"/>
  <testcase name="testBufferAppendDelete" time="0,000" classname="cviceni.StringBuilderAndBufferTest"/>
  <testcase name="testBuilderAppendDelete" time="0,000" classname="cviceni.StringBuilderAndBufferTest"/>
  <testcase name="testBuilderAppend" time="0,001" classname="cviceni.StringBuilderAndBufferTest"/>
  <testcase name="testBufferAppend" time="0,000" classname="cviceni.StringBuilderAndBufferTest"/>
  <testcase name="testBuilderAppend" time="0,001" classname="cviceni.StringBuilderAndBufferTest"/>
  <testcase name="testBuilderAppendDelete" time="0,000" classname="cviceni.StringBuilderAndBufferTest"/>
  <testcase name="testBuilderAppend" time="0,000" classname="cviceni.StringBuilderAndBufferTest"/>
  <testcase name="testBuilderAppendDelete" time="0,000" classname="cviceni.StringBuilderAndBufferTest"/>
  <testcase name="testBufferAppendDelete" time="0,001" classname="cviceni.StringBuilderAndBufferTest"/>
  <testcase name="testBuilderAppendDelete" time="0,001" classname="cviceni.StringBuilderAndBufferTest"/>
  <testcase name="testBuilderAppend" time="0,000" classname="cviceni.StringBuilderAndBufferTest"/>
  <testcase name="testBufferAppendDelete" time="0,000" classname="cviceni.StringBuilderAndBufferTest"/>
  <testcase name="testBufferAppend" time="0,000" classname="cviceni.StringBuilderAndBufferTest"/>
  <testcase name="testBufferAppendDelete" time="0,000" classname="cviceni.StringBuilderAndBufferTest"/>
  <testcase name="testBuilderAppendDelete" time="0,001" classname="cviceni.StringBuilderAndBufferTest"/>
  <testcase name="testBufferAppendDelete" time="0,000" classname="cviceni.StringBuilderAndBufferTest"/>
  <testcase name="testBuilderAppend" time="0,000" classname="cviceni.StringBuilderAndBufferTest"/>
  <testcase name="testBufferAppendDelete" time="0,000" classname="cviceni.StringBuilderAndBufferTest"/>
  <testcase name="testBufferAppend" time="0,000" classname="cviceni.StringBuilderAndBufferTest"/>
  <testcase name="testBufferAppendDelete" time="0,000" classname="cviceni.StringBuilderAndBufferTest"/>
  <testcase name="testBuilderAppendDelete" time="0,001" classname="cviceni.StringBuilderAndBufferTest"/>
  <testcase name="testBuilderAppendDelete" time="0,000" classname="cviceni.StringBuilderAndBufferTest"/>
  <testcase name="testBufferAppend" time="0,001" classname="cviceni.StringBuilderAndBufferTest"/>
  <testcase name="testBuilderAppend" time="0,000" classname="cviceni.StringBuilderAndBufferTest"/>
  <testcase name="testBuilderAppendDelete" time="0,000" classname="cviceni.StringBuilderAndBufferTest"/>
  <testcase name="testBufferAppendDelete" time="0,001" classname="cviceni.StringBuilderAndBufferTest"/>
  <testcase name="testBufferAppend" time="0,000" classname="cviceni.StringBuilderAndBufferTest"/>
  <testcase name="testBufferAppendDelete" time="0,000" classname="cviceni.StringBuilderAndBufferTest"/>
  <testcase name="testBuilderAppend" time="0,001" classname="cviceni.StringBuilderAndBufferTest"/>
  <testcase name="testBufferAppendDelete" time="0,000" classname="cviceni.StringBuilderAndBufferTest"/>
  <testcase name="testBufferAppendDelete" time="0,000" classname="cviceni.StringBuilderAndBufferTest"/>
  <testcase name="testBufferAppendDelete" time="0,000" classname="cviceni.StringBuilderAndBufferTest"/>
  <testcase name="testBuilderAppend" time="0,000" classname="cviceni.StringBuilderAndBufferTest"/>
  <testcase name="testBufferAppend" time="0,000" classname="cviceni.StringBuilderAndBufferTest"/>
  <testcase name="testBuilderAppendDelete" time="0,000" classname="cviceni.StringBuilderAndBufferTest"/>
  <testcase name="testBufferAppendDelete" time="0,001" classname="cviceni.StringBuilderAndBufferTest"/>
  <testcase name="testBufferAppendDelete" time="0,000" classname="cviceni.StringBuilderAndBufferTest"/>
  <testcase name="testBufferAppend" time="0,000" classname="cviceni.StringBuilderAndBufferTest"/>
  <testcase name="testBuilderAppend" time="0,001" classname="cviceni.StringBuilderAndBufferTest"/>
  <testcase name="testBuilderAppend" time="0,000" classname="cviceni.StringBuilderAndBufferTest"/>
  <testcase name="testBuilderAppendDelete" time="0,000" classname="cviceni.StringBuilderAndBufferTest"/>
  <testcase name="testBuilderAppend" time="0,001" classname="cviceni.StringBuilderAndBufferTest"/>
  <testcase name="testBufferAppend" time="0,000" classname="cviceni.StringBuilderAndBufferTest"/>
  <testcase name="testBuilderAppendDelete" time="0,000" classname="cviceni.StringBuilderAndBufferTest"/>
  <testcase name="testBufferAppend" time="0,000" classname="cviceni.StringBuilderAndBufferTest"/>
  <testcase name="testBufferAppend" time="0,000" classname="cviceni.StringBuilderAndBufferTest"/>
  <testcase name="testBuilderAppendDelete" time="0,000" classname="cviceni.StringBuilderAndBufferTest"/>
  <testcase name="testBufferAppendDelete" time="0,000" classname="cviceni.StringBuilderAndBufferTest"/>
  <testcase name="testBufferAppendDelete" time="0,000" classname="cviceni.StringBuilderAndBufferTest"/>
  <testcase name="testBuilderAppendDelete" time="0,000" classname="cviceni.StringBuilderAndBufferTest"/>
  <testcase name="testBuilderAppend" time="0,000" classname="cviceni.StringBuilderAndBufferTest"/>
  <testcase name="testBuilderAppend" time="0,000" classname="cviceni.StringBuilderAndBufferTest"/>
  <testcase name="testBufferAppend" time="0,000" classname="cviceni.StringBuilderAndBufferTest"/>
  <testcase name="testBuilderAppend" time="0,127" classname="cviceni.StringBuilderAndBufferTest"/>
  <testcase name="testBufferAppend" time="0,000" classname="cviceni.StringBuilderAndBufferTest"/>
  <testcase name="testBufferAppendDelete" time="0,001" classname="cviceni.StringBuilderAndBufferTest"/>
  <testcase name="testBuilderAppendDelete" time="0,000" classname="cviceni.StringBuilderAndBufferTest"/>
  <testcase name="testBufferAppendDelete" time="0,000" classname="cviceni.StringBuilderAndBufferTest"/>
  <testcase name="testBufferAppendDelete" time="0,000" classname="cviceni.StringBuilderAndBufferTest"/>
  <testcase name="testBufferAppendDelete" time="0,001" classname="cviceni.StringBuilderAndBufferTest"/>
  <testcase name="testBuilderAppend" time="0,000" classname="cviceni.StringBuilderAndBufferTest"/>
  <testcase name="testBuilderAppend" time="0,001" classname="cviceni.StringBuilderAndBufferTest"/>
  <testcase name="testBufferAppend" time="0,000" classname="cviceni.StringBuilderAndBufferTest"/>
  <testcase name="testBuilderAppendDelete" time="0,000" classname="cviceni.StringBuilderAndBufferTest"/>
  <testcase name="testBufferAppendDelete" time="0,001" classname="cviceni.StringBuilderAndBufferTest"/>
  <testcase name="testBuilderAppendDelete" time="0,001" classname="cviceni.StringBuilderAndBufferTest"/>
  <testcase name="testBufferAppend" time="0,000" classname="cviceni.StringBuilderAndBufferTest"/>
  <testcase name="testBuilderAppend" time="0,000" classname="cviceni.StringBuilderAndBufferTest"/>
  <testcase name="testBuilderAppend" time="0,000" classname="cviceni.StringBuilderAndBufferTest"/>
  <testcase name="testBufferAppend" time="0,000" classname="cviceni.StringBuilderAndBufferTest"/>
  <testcase name="testBufferAppend" time="0,001" classname="cviceni.StringBuilderAndBufferTest"/>
  <testcase name="testBuilderAppend" time="0,000" classname="cviceni.StringBuilderAndBufferTest"/>
  <testcase name="testBufferAppendDelete" time="0,001" classname="cviceni.StringBuilderAndBufferTest"/>
  <testcase name="testBufferAppend" time="0,001" classname="cviceni.StringBuilderAndBufferTest"/>
  <testcase name="testBufferAppend" time="0,000" classname="cviceni.StringBuilderAndBufferTest"/>
  <testcase name="testBuilderAppendDelete" time="0,000" classname="cviceni.StringBuilderAndBufferTest"/>
  <testcase name="testBufferAppendDelete" time="0,000" classname="cviceni.StringBuilderAndBufferTest"/>
  <testcase name="testBufferAppend" time="0,005" classname="cviceni.StringBuilderAndBufferTest"/>
  <testcase name="testBuilderAppend" time="0,000" classname="cviceni.StringBuilderAndBufferTest"/>
  <testcase name="testBufferAppendDelete" time="0,000" classname="cviceni.StringBuilderAndBufferTest"/>
  <testcase name="testBuilderAppend" time="0,001" classname="cviceni.StringBuilderAndBufferTest"/>
  <testcase name="testBufferAppendDelete" time="0,000" classname="cviceni.StringBuilderAndBufferTest"/>
  <testcase name="testBufferAppend" time="0,000" classname="cviceni.StringBuilderAndBufferTest"/>
  <testcase name="testBuilderAppendDelete" time="0,000" classname="cviceni.StringBuilderAndBufferTest"/>
  <testcase name="testBuilderAppendDelete" time="0,001" classname="cviceni.StringBuilderAndBufferTest"/>
  <testcase name="testBuilderAppend" time="0,001" classname="cviceni.StringBuilderAndBufferTest"/>
  <testcase name="testBuilderAppendDelete" time="0,001" classname="cviceni.StringBuilderAndBufferTest"/>
  <testcase name="testBufferAppend" time="0,000" classname="cviceni.StringBuilderAndBufferTest"/>
  <testcase name="testBufferAppendDelete" time="0,000" classname="cviceni.StringBuilderAndBufferTest"/>
  <testcase name="testBuilderAppendDelete" time="0,000" classname="cviceni.StringBuilderAndBufferTest"/>
  <testcase name="testBuilderAppend" time="0,000" classname="cviceni.StringBuilderAndBufferTest"/>
  <testcase name="testBufferAppend" time="0,000" classname="cviceni.StringBuilderAndBufferTest"/>
  <testcase name="testBuilderAppend" time="0,000" classname="cviceni.StringBuilderAndBufferTest"/>
  <testcase name="testBufferAppendDelete" time="0,000" classname="cviceni.StringBuilderAndBufferTest"/>
  <testcase name="testBuilderAppend" time="0,000" classname="cviceni.StringBuilderAndBufferTest"/>
  <testcase name="testBuilderAppend" time="0,000" classname="cviceni.StringBuilderAndBufferTest"/>
  <testcase name="testBufferAppend" time="0,000" classname="cviceni.StringBuilderAndBufferTest"/>
  <testcase name="testBufferAppend" time="0,000" classname="cviceni.StringBuilderAndBufferTest"/>
  <testcase name="testBuilderAppend" time="0,000" classname="cviceni.StringBuilderAndBufferTest"/>
  <testcase name="testBufferAppendDelete" time="0,001" classname="cviceni.StringBuilderAndBufferTest"/>
  <testcase name="testBufferAppendDelete" time="0,000" classname="cviceni.StringBuilderAndBufferTest"/>
  <testcase name="testBufferAppendDelete" time="0,000" classname="cviceni.StringBuilderAndBufferTest"/>
  <testcase name="testBufferAppendDelete" time="0,000" classname="cviceni.StringBuilderAndBufferTest"/>
  <testcase name="testBuilderAppend" time="0,000" classname="cviceni.StringBuilderAndBufferTest"/>
  <testcase name="testBufferAppend" time="0,001" classname="cviceni.StringBuilderAndBufferTest"/>
  <testcase name="testBufferAppendDelete" time="0,000" classname="cviceni.StringBuilderAndBufferTest"/>
  <testcase name="testBufferAppend" time="0,000" classname="cviceni.StringBuilderAndBufferTest"/>
  <testcase name="testBufferAppendDelete" time="0,001" classname="cviceni.StringBuilderAndBufferTest"/>
  <testcase name="testBufferAppend" time="0,000" classname="cviceni.StringBuilderAndBufferTest"/>
  <testcase name="testBuilderAppend" time="0,001" classname="cviceni.StringBuilderAndBufferTest"/>
  <testcase name="testBuilderAppendDelete" time="0,000" classname="cviceni.StringBuilderAndBufferTest"/>
  <testcase name="testBufferAppendDelete" time="0,001" classname="cviceni.StringBuilderAndBufferTest"/>
  <testcase name="testBufferAppendDelete" time="0,000" classname="cviceni.StringBuilderAndBufferTest"/>
  <testcase name="testBufferAppend" time="0,000" classname="cviceni.StringBuilderAndBufferTest"/>
  <testcase name="testBufferAppend" time="0,001" classname="cviceni.StringBuilderAndBufferTest"/>
  <testcase name="testBuilderAppendDelete" time="0,000" classname="cviceni.StringBuilderAndBufferTest"/>
  <testcase name="testBufferAppendDelete" time="0,000" classname="cviceni.StringBuilderAndBufferTest"/>
  <testcase name="testBufferAppendDelete" time="0,009" classname="cviceni.StringBuilderAndBufferTest"/>
  <testcase name="testBuilderAppend" time="0,001" classname="cviceni.StringBuilderAndBufferTest"/>
  <testcase name="testBuilderAppendDelete" time="0,001" classname="cviceni.StringBuilderAndBufferTest"/>
  <testcase name="testBuilderAppend" time="0,000" classname="cviceni.StringBuilderAndBufferTest"/>
  <testcase name="testBuilderAppend" time="0,000" classname="cviceni.StringBuilderAndBufferTest"/>
  <testcase name="testBufferAppendDelete" time="0,000" classname="cviceni.StringBuilderAndBufferTest"/>
  <testcase name="testBufferAppend" time="0,000" classname="cviceni.StringBuilderAndBufferTest"/>
  <testcase name="testBuilderAppendDelete" time="0,000" classname="cviceni.StringBuilderAndBufferTest"/>
  <testcase name="testBufferAppend" time="0,001" classname="cviceni.StringBuilderAndBufferTest"/>
  <testcase name="testBufferAppendDelete" time="0,001" classname="cviceni.StringBuilderAndBufferTest"/>
  <testcase name="testBufferAppendDelete" time="0,000" classname="cviceni.StringBuilderAndBufferTest"/>
  <testcase name="testBufferAppend" time="0,000" classname="cviceni.StringBuilderAndBufferTest"/>
  <testcase name="testBuilderAppendDelete" time="0,000" classname="cviceni.StringBuilderAndBufferTest"/>
  <testcase name="testBuilderAppendDelete" time="0,000" classname="cviceni.StringBuilderAndBufferTest"/>
  <testcase name="testBufferAppend" time="0,000" classname="cviceni.StringBuilderAndBufferTest"/>
  <testcase name="testBuilderAppendDelete" time="0,001" classname="cviceni.StringBuilderAndBufferTest"/>
  <testcase name="testBufferAppend" time="0,000" classname="cviceni.StringBuilderAndBufferTest"/>
  <testcase name="testBuilderAppend" time="0,000" classname="cviceni.StringBuilderAndBufferTest"/>
  <testcase name="testBufferAppend" time="0,000" classname="cviceni.StringBuilderAndBufferTest"/>
  <testcase name="testBuilderAppend" time="0,000" classname="cviceni.StringBuilderAndBufferTest"/>
  <testcase name="testBufferAppendDelete" time="0,000" classname="cviceni.StringBuilderAndBufferTest"/>
  <testcase name="testBuilderAppend" time="0,000" classname="cviceni.StringBuilderAndBufferTest"/>
  <testcase name="testBufferAppendDelete" time="0,001" classname="cviceni.StringBuilderAndBufferTest"/>
  <testcase name="testBufferAppend" time="0,000" classname="cviceni.StringBuilderAndBufferTest"/>
  <testcase name="testBuilderAppend" time="0,000" classname="cviceni.StringBuilderAndBufferTest"/>
  <testcase name="testBufferAppend" time="0,000" classname="cviceni.StringBuilderAndBufferTest"/>
  <testcase name="testBufferAppend" time="0,000" classname="cviceni.StringBuilderAndBufferTest"/>
  <testcase name="testBuilderAppend" time="0,000" classname="cviceni.StringBuilderAndBufferTest"/>
  <testcase name="testBufferAppend" time="0,000" classname="cviceni.StringBuilderAndBufferTest"/>
  <testcase name="testBufferAppendDelete" time="0,000" classname="cviceni.StringBuilderAndBufferTest"/>
  <testcase name="testBuilderAppendDelete" time="0,001" classname="cviceni.StringBuilderAndBufferTest"/>
  <testcase name="testBuilderAppendDelete" time="0,000" classname="cviceni.StringBuilderAndBufferTest"/>
  <testcase name="testBufferAppendDelete" time="0,000" classname="cviceni.StringBuilderAndBufferTest"/>
  <testcase name="testBuilderAppend" time="0,001" classname="cviceni.StringBuilderAndBufferTest"/>
  <testcase name="testBuilderAppend" time="0,000" classname="cviceni.StringBuilderAndBufferTest"/>
  <testcase name="testBufferAppendDelete" time="0,000" classname="cviceni.StringBuilderAndBufferTest"/>
  <testcase name="testBuilderAppend" time="0,001" classname="cviceni.StringBuilderAndBufferTest"/>
  <testcase name="testBufferAppend" time="0,000" classname="cviceni.StringBuilderAndBufferTest"/>
  <testcase name="testBufferAppendDelete" time="0,001" classname="cviceni.StringBuilderAndBufferTest"/>
  <testcase name="testBufferAppendDelete" time="0,000" classname="cviceni.StringBuilderAndBufferTest"/>
  <testcase name="testBuilderAppendDelete" time="0,000" classname="cviceni.StringBuilderAndBufferTest"/>
  <testcase name="testBufferAppendDelete" time="0,000" classname="cviceni.StringBuilderAndBufferTest"/>
  <testcase name="testBufferAppend" time="0,000" classname="cviceni.StringBuilderAndBufferTest"/>
  <testcase name="testBuilderAppendDelete" time="0,000" classname="cviceni.StringBuilderAndBufferTest"/>
  <testcase name="testBufferAppendDelete" time="0,000" classname="cviceni.StringBuilderAndBufferTest"/>
  <testcase name="testBuilderAppend" time="0,000" classname="cviceni.StringBuilderAndBufferTest"/>
  <testcase name="testBufferAppendDelete" time="0,000" classname="cviceni.StringBuilderAndBufferTest"/>
  <testcase name="testBuilderAppendDelete" time="0,001" classname="cviceni.StringBuilderAndBufferTest"/>
  <testcase name="testBufferAppend" time="0,000" classname="cviceni.StringBuilderAndBufferTest"/>
  <testcase name="testBufferAppendDelete" time="0,001" classname="cviceni.StringBuilderAndBufferTest"/>
  <testcase name="testBuilderAppendDelete" time="0,000" classname="cviceni.StringBuilderAndBufferTest"/>
  <testcase name="testBuilderAppend" time="0,001" classname="cviceni.StringBuilderAndBufferTest"/>
  <testcase name="testBuilderAppendDelete" time="0,000" classname="cviceni.StringBuilderAndBufferTest"/>
  <testcase name="testBufferAppendDelete" time="0,001" classname="cviceni.StringBuilderAndBufferTest"/>
  <testcase name="testBufferAppendDelete" time="0,000" classname="cviceni.StringBuilderAndBufferTest"/>
  <testcase name="testBufferAppend" time="0,000" classname="cviceni.StringBuilderAndBufferTest"/>
  <testcase name="testBufferAppend" time="0,001" classname="cviceni.StringBuilderAndBufferTest"/>
  <testcase name="testBuilderAppendDelete" time="0,002" classname="cviceni.StringBuilderAndBufferTest"/>
  <testcase name="testBufferAppend" time="0,001" classname="cviceni.StringBuilderAndBufferTest"/>
  <testcase name="testBuilderAppendDelete" time="0,000" classname="cviceni.StringBuilderAndBufferTest"/>
  <testcase name="testBuilderAppend" time="0,001" classname="cviceni.StringBuilderAndBufferTest"/>
  <testcase name="testBuilderAppend" time="0,000" classname="cviceni.StringBuilderAndBufferTest"/>
  <testcase name="testBuilderAppendDelete" time="0,000" classname="cviceni.StringBuilderAndBufferTest"/>
  <testcase name="testBuilderAppendDelete" time="0,001" classname="cviceni.StringBuilderAndBufferTest"/>
  <testcase name="testBufferAppend" time="0,001" classname="cviceni.StringBuilderAndBufferTest"/>
  <testcase name="testBufferAppendDelete" time="0,101" classname="cviceni.StringBuilderAndBufferTest"/>
  <testcase name="testBufferAppend" time="0,001" classname="cviceni.StringBuilderAndBufferTest"/>
  <testcase name="testBufferAppendDelete" time="0,000" classname="cviceni.StringBuilderAndBufferTest"/>
  <testcase name="testBuilderAppendDelete" time="0,000" classname="cviceni.StringBuilderAndBufferTest"/>
  <testcase name="testBuilderAppend" time="0,000" classname="cviceni.StringBuilderAndBufferTest"/>
  <testcase name="testBuilderAppendDelete" time="0,000" classname="cviceni.StringBuilderAndBufferTest"/>
  <testcase name="testBufferAppendDelete" time="0,000" classname="cviceni.StringBuilderAndBufferTest"/>
  <testcase name="testBuilderAppendDelete" time="0,000" classname="cviceni.StringBuilderAndBufferTest"/>
  <testcase name="testBuilderAppend" time="0,000" classname="cviceni.StringBuilderAndBufferTest"/>
  <testcase name="testBufferAppendDelete" time="0,001" classname="cviceni.StringBuilderAndBufferTest"/>
  <testcase name="testBufferAppendDelete" time="0,000" classname="cviceni.StringBuilderAndBufferTest"/>
  <testcase name="testBuilderAppend" time="0,000" classname="cviceni.StringBuilderAndBufferTest"/>
  <testcase name="testBuilderAppend" time="0,000" classname="cviceni.StringBuilderAndBufferTest"/>
  <testcase name="testBufferAppendDelete" time="0,000" classname="cviceni.StringBuilderAndBufferTest"/>
  <testcase name="testBufferAppendDelete" time="0,000" classname="cviceni.StringBuilderAndBufferTest"/>
  <testcase name="testBufferAppend" time="0,001" classname="cviceni.StringBuilderAndBufferTest"/>
  <testcase name="testBuilderAppendDelete" time="0,001" classname="cviceni.StringBuilderAndBufferTest"/>
  <testcase name="testBufferAppendDelete" time="0,001" classname="cviceni.StringBuilderAndBufferTest"/>
  <testcase name="testBuilderAppendDelete" time="0,000" classname="cviceni.StringBuilderAndBufferTest"/>
  <testcase name="testBufferAppend" time="0,045" classname="cviceni.StringBuilderAndBufferTest"/>
  <testcase name="testBufferAppend" time="0,001" classname="cviceni.StringBuilderAndBufferTest"/>
  <testcase name="testBufferAppendDelete" time="0,000" classname="cviceni.StringBuilderAndBufferTest"/>
  <testcase name="testBufferAppendDelete" time="0,000" classname="cviceni.StringBuilderAndBufferTest"/>
  <testcase name="testBuilderAppendDelete" time="0,000" classname="cviceni.StringBuilderAndBufferTest"/>
  <testcase name="testBufferAppendDelete" time="0,000" classname="cviceni.StringBuilderAndBufferTest"/>
  <testcase name="testBuilderAppend" time="0,000" classname="cviceni.StringBuilderAndBufferTest"/>
  <testcase name="testBuilderAppendDelete" time="0,000" classname="cviceni.StringBuilderAndBufferTest"/>
  <testcase name="testBufferAppend" time="0,001" classname="cviceni.StringBuilderAndBufferTest"/>
  <testcase name="testBufferAppendDelete" time="0,000" classname="cviceni.StringBuilderAndBufferTest"/>
  <testcase name="testBuilderAppendDelete" time="0,000" classname="cviceni.StringBuilderAndBufferTest"/>
  <testcase name="testBufferAppendDelete" time="0,000" classname="cviceni.StringBuilderAndBufferTest"/>
  <testcase name="testBuilderAppend" time="0,000" classname="cviceni.StringBuilderAndBufferTest"/>
  <testcase name="testBuilderAppendDelete" time="0,001" classname="cviceni.StringBuilderAndBufferTest"/>
  <testcase name="testBuilderAppend" time="0,001" classname="cviceni.StringBuilderAndBufferTest"/>
  <testcase name="testBuilderAppend" time="0,000" classname="cviceni.StringBuilderAndBufferTest"/>
  <testcase name="testBuilderAppend" time="0,000" classname="cviceni.StringBuilderAndBufferTest"/>
  <testcase name="testBufferAppendDelete" time="0,000" classname="cviceni.StringBuilderAndBufferTest"/>
  <testcase name="testBufferAppend" time="0,000" classname="cviceni.StringBuilderAndBufferTest"/>
  <testcase name="testBufferAppendDelete" time="0,000" classname="cviceni.StringBuilderAndBufferTest"/>
  <testcase name="testBuilderAppend" time="0,001" classname="cviceni.StringBuilderAndBufferTest"/>
  <testcase name="testBuilderAppendDelete" time="0,001" classname="cviceni.StringBuilderAndBufferTest"/>
  <testcase name="testBufferAppendDelete" time="0,000" classname="cviceni.StringBuilderAndBufferTest"/>
  <testcase name="testBuilderAppend" time="0,000" classname="cviceni.StringBuilderAndBufferTest"/>
  <testcase name="testBuilderAppend" time="0,000" classname="cviceni.StringBuilderAndBufferTest"/>
  <testcase name="testBufferAppend" time="0,000" classname="cviceni.StringBuilderAndBufferTest"/>
  <testcase name="testBuilderAppendDelete" time="0,000" classname="cviceni.StringBuilderAndBufferTest"/>
  <testcase name="testBuilderAppendDelete" time="0,024" classname="cviceni.StringBuilderAndBufferTest"/>
  <testcase name="testBufferAppend" time="0,001" classname="cviceni.StringBuilderAndBufferTest"/>
  <testcase name="testBufferAppendDelete" time="0,000" classname="cviceni.StringBuilderAndBufferTest"/>
  <testcase name="testBuilderAppendDelete" time="0,001" classname="cviceni.StringBuilderAndBufferTest"/>
  <testcase name="testBuilderAppendDelete" time="0,000" classname="cviceni.StringBuilderAndBufferTest"/>
  <testcase name="testBufferAppendDelete" time="0,000" classname="cviceni.StringBuilderAndBufferTest"/>
  <testcase name="testBuilderAppendDelete" time="0,000" classname="cviceni.StringBuilderAndBufferTest"/>
  <testcase name="testBuilderAppendDelete" time="0,000" classname="cviceni.StringBuilderAndBufferTest"/>
  <testcase name="testBuilderAppendDelete" time="0,000" classname="cviceni.StringBuilderAndBufferTest"/>
  <testcase name="testBuilderAppend" time="0,000" classname="cviceni.StringBuilderAndBufferTest"/>
  <testcase name="testBuilderAppendDelete" time="0,000" classname="cviceni.StringBuilderAndBufferTest"/>
  <testcase name="testBuilderAppend" time="0,000" classname="cviceni.StringBuilderAndBufferTest"/>
  <testcase name="testBufferAppendDelete" time="0,001" classname="cviceni.StringBuilderAndBufferTest"/>
  <testcase name="testBufferAppendDelete" time="0,000" classname="cviceni.StringBuilderAndBufferTest"/>
  <testcase name="testBuilderAppendDelete" time="0,001" classname="cviceni.StringBuilderAndBufferTest"/>
  <testcase name="testBufferAppendDelete" time="0,000" classname="cviceni.StringBuilderAndBufferTest"/>
  <testcase name="testBufferAppend" time="0,001" classname="cviceni.StringBuilderAndBufferTest"/>
  <testcase name="testBufferAppendDelete" time="0,000" classname="cviceni.StringBuilderAndBufferTest"/>
  <testcase name="testBufferAppendDelete" time="0,000" classname="cviceni.StringBuilderAndBufferTest"/>
  <testcase name="testBufferAppendDelete" time="0,001" classname="cviceni.StringBuilderAndBufferTest"/>
  <testcase name="testBufferAppend" time="0,000" classname="cviceni.StringBuilderAndBufferTest"/>
  <testcase name="testBufferAppend" time="0,000" classname="cviceni.StringBuilderAndBufferTest"/>
  <testcase name="testBufferAppend" time="0,000" classname="cviceni.StringBuilderAndBufferTest"/>
  <testcase name="testBuilderAppend" time="0,000" classname="cviceni.StringBuilderAndBufferTest"/>
  <testcase name="testBuilderAppend" time="0,000" classname="cviceni.StringBuilderAndBufferTest"/>
  <testcase name="testBuilderAppend" time="0,000" classname="cviceni.StringBuilderAndBufferTest"/>
  <testcase name="testBuilderAppendDelete" time="0,000" classname="cviceni.StringBuilderAndBufferTest"/>
  <testcase name="testBufferAppend" time="0,000" classname="cviceni.StringBuilderAndBufferTest"/>
  <testcase name="testBuilderAppend" time="0,000" classname="cviceni.StringBuilderAndBufferTest"/>
  <testcase name="testBufferAppend" time="0,000" classname="cviceni.StringBuilderAndBufferTest"/>
  <testcase name="testBufferAppend" time="0,001" classname="cviceni.StringBuilderAndBufferTest"/>
  <testcase name="testBuilderAppend" time="0,001" classname="cviceni.StringBuilderAndBufferTest"/>
  <testcase name="testBuilderAppendDelete" time="0,001" classname="cviceni.StringBuilderAndBufferTest"/>
  <testcase name="testBufferAppendDelete" time="0,001" classname="cviceni.StringBuilderAndBufferTest"/>
  <testcase name="testBufferAppend" time="0,000" classname="cviceni.StringBuilderAndBufferTest"/>
  <testcase name="testBufferAppend" time="0,001" classname="cviceni.StringBuilderAndBufferTest"/>
  <testcase name="testBuilderAppend" time="0,000" classname="cviceni.StringBuilderAndBufferTest"/>
  <testcase name="testBufferAppendDelete" time="0,001" classname="cviceni.StringBuilderAndBufferTest"/>
  <testcase name="testBuilderAppendDelete" time="0,001" classname="cviceni.StringBuilderAndBufferTest"/>
  <testcase name="testBufferAppend" time="0,001" classname="cviceni.StringBuilderAndBufferTest"/>
  <testcase name="testBuilderAppendDelete" time="0,000" classname="cviceni.StringBuilderAndBufferTest"/>
  <testcase name="testBuilderAppend" time="0,000" classname="cviceni.StringBuilderAndBufferTest"/>
  <testcase name="testBufferAppend" time="0,001" classname="cviceni.StringBuilderAndBufferTest"/>
  <testcase name="testBufferAppendDelete" time="0,000" classname="cviceni.StringBuilderAndBufferTest"/>
  <testcase name="testBufferAppend" time="0,000" classname="cviceni.StringBuilderAndBufferTest"/>
  <testcase name="testBufferAppend" time="0,001" classname="cviceni.StringBuilderAndBufferTest"/>
  <testcase name="testBufferAppend" time="0,000" classname="cviceni.StringBuilderAndBufferTest"/>
  <testcase name="testBuilderAppend" time="0,000" classname="cviceni.StringBuilderAndBufferTest"/>
  <testcase name="testBufferAppend" time="0,001" classname="cviceni.StringBuilderAndBufferTest"/>
  <testcase name="testBufferAppend" time="0,000" classname="cviceni.StringBuilderAndBufferTest"/>
  <testcase name="testBuilderAppendDelete" time="0,000" classname="cviceni.StringBuilderAndBufferTest"/>
  <testcase name="testBufferAppendDelete" time="0,000" classname="cviceni.StringBuilderAndBufferTest"/>
  <testcase name="testBuilderAppendDelete" time="0,000" classname="cviceni.StringBuilderAndBufferTest"/>
  <testcase name="testBufferAppend" time="0,000" classname="cviceni.StringBuilderAndBufferTest"/>
  <testcase name="testBuilderAppendDelete" time="0,001" classname="cviceni.StringBuilderAndBufferTest"/>
  <testcase name="testBuilderAppendDelete" time="0,000" classname="cviceni.StringBuilderAndBufferTest"/>
  <testcase name="testBufferAppend" time="0,002" classname="cviceni.StringBuilderAndBufferTest"/>
  <testcase name="testBufferAppend" time="0,000" classname="cviceni.StringBuilderAndBufferTest"/>
  <testcase name="testBuilderAppend" time="0,000" classname="cviceni.StringBuilderAndBufferTest"/>
  <testcase name="testBuilderAppendDelete" time="0,000" classname="cviceni.StringBuilderAndBufferTest"/>
  <testcase name="testBuilderAppend" time="0,000" classname="cviceni.StringBuilderAndBufferTest"/>
  <testcase name="testBuilderAppend" time="0,000" classname="cviceni.StringBuilderAndBufferTest"/>
  <testcase name="testBuilderAppendDelete" time="0,000" classname="cviceni.StringBuilderAndBufferTest"/>
  <testcase name="testBuilderAppend" time="0,000" classname="cviceni.StringBuilderAndBufferTest"/>
  <testcase name="testBufferAppendDelete" time="0,001" classname="cviceni.StringBuilderAndBufferTest"/>
  <testcase name="testBufferAppendDelete" time="0,000" classname="cviceni.StringBuilderAndBufferTest"/>
  <testcase name="testBufferAppendDelete" time="0,000" classname="cviceni.StringBuilderAndBufferTest"/>
  <testcase name="testBuilderAppendDelete" time="0,000" classname="cviceni.StringBuilderAndBufferTest"/>
  <testcase name="testBufferAppend" time="0,000" classname="cviceni.StringBuilderAndBufferTest"/>
  <testcase name="testBufferAppendDelete" time="0,000" classname="cviceni.StringBuilderAndBufferTest"/>
  <testcase name="testBufferAppend" time="0,001" classname="cviceni.StringBuilderAndBufferTest"/>
  <testcase name="testBuilderAppend" time="0,000" classname="cviceni.StringBuilderAndBufferTest"/>
  <testcase name="testBufferAppend" time="0,001" classname="cviceni.StringBuilderAndBufferTest"/>
  <testcase name="testBufferAppendDelete" time="0,001" classname="cviceni.StringBuilderAndBufferTest"/>
  <testcase name="testBufferAppendDelete" time="0,001" classname="cviceni.StringBuilderAndBufferTest"/>
  <testcase name="testBuilderAppend" time="0,000" classname="cviceni.StringBuilderAndBufferTest"/>
  <testcase name="testBuilderAppendDelete" time="0,000" classname="cviceni.StringBuilderAndBufferTest"/>
  <testcase name="testBuilderAppendDelete" time="0,000" classname="cviceni.StringBuilderAndBufferTest"/>
  <testcase name="testBuilderAppend" time="0,000" classname="cviceni.StringBuilderAndBufferTest"/>
  <testcase name="testBuilderAppendDelete" time="0,000" classname="cviceni.StringBuilderAndBufferTest"/>
  <testcase name="testBufferAppendDelete" time="0,000" classname="cviceni.StringBuilderAndBufferTest"/>
  <testcase name="testBuilderAppend" time="0,000" classname="cviceni.StringBuilderAndBufferTest"/>
  <testcase name="testBufferAppend" time="0,000" classname="cviceni.StringBuilderAndBufferTest"/>
  <testcase name="testBuilderAppend" time="0,000" classname="cviceni.StringBuilderAndBufferTest"/>
  <testcase name="testBuilderAppend" time="0,000" classname="cviceni.StringBuilderAndBufferTest"/>
  <testcase name="testBufferAppendDelete" time="0,000" classname="cviceni.StringBuilderAndBufferTest"/>
  <testcase name="testBuilderAppendDelete" time="0,001" classname="cviceni.StringBuilderAndBufferTest"/>
  <testcase name="testBuilderAppendDelete" time="0,001" classname="cviceni.StringBuilderAndBufferTest"/>
  <testcase name="testBufferAppendDelete" time="0,000" classname="cviceni.StringBuilderAndBufferTest"/>
  <testcase name="testBufferAppend" time="0,001" classname="cviceni.StringBuilderAndBufferTest"/>
  <testcase name="testBufferAppendDelete" time="0,001" classname="cviceni.StringBuilderAndBufferTest"/>
  <testcase name="testBufferAppend" time="0,000" classname="cviceni.StringBuilderAndBufferTest"/>
  <testcase name="testBuilderAppendDelete" time="0,001" classname="cviceni.StringBuilderAndBufferTest"/>
  <testcase name="testBuilderAppendDelete" time="0,000" classname="cviceni.StringBuilderAndBufferTest"/>
  <testcase name="testBuilderAppendDelete" time="0,000" classname="cviceni.StringBuilderAndBufferTest"/>
  <testcase name="testBufferAppend" time="0,001" classname="cviceni.StringBuilderAndBufferTest"/>
  <testcase name="testBuilderAppend" time="0,000" classname="cviceni.StringBuilderAndBufferTest"/>
  <testcase name="testBufferAppend" time="0,000" classname="cviceni.StringBuilderAndBufferTest"/>
  <testcase name="testBufferAppendDelete" time="0,000" classname="cviceni.StringBuilderAndBufferTest"/>
  <testcase name="testBufferAppendDelete" time="0,001" classname="cviceni.StringBuilderAndBufferTest"/>
  <testcase name="testBuilderAppend" time="0,000" classname="cviceni.StringBuilderAndBufferTest"/>
  <testcase name="testBuilderAppendDelete" time="0,002" classname="cviceni.StringBuilderAndBufferTest"/>
  <testcase name="testBufferAppendDelete" time="0,000" classname="cviceni.StringBuilderAndBufferTest"/>
  <testcase name="testBufferAppendDelete" time="0,000" classname="cviceni.StringBuilderAndBufferTest"/>
  <testcase name="testBufferAppend" time="0,000" classname="cviceni.StringBuilderAndBufferTest"/>
  <testcase name="testBuilderAppendDelete" time="0,000" classname="cviceni.StringBuilderAndBufferTest"/>
  <testcase name="testBufferAppendDelete" time="0,000" classname="cviceni.StringBuilderAndBufferTest"/>
  <testcase name="testBuilderAppend" time="0,000" classname="cviceni.StringBuilderAndBufferTest"/>
  <testcase name="testBuilderAppendDelete" time="0,000" classname="cviceni.StringBuilderAndBufferTest"/>
  <testcase name="testBufferAppendDelete" time="0,000" classname="cviceni.StringBuilderAndBufferTest"/>
  <testcase name="testBufferAppend" time="0,000" classname="cviceni.StringBuilderAndBufferTest"/>
  <testcase name="testBuilderAppend" time="0,001" classname="cviceni.StringBuilderAndBufferTest"/>
  <testcase name="testBuilderAppend" time="0,000" classname="cviceni.StringBuilderAndBufferTest"/>
  <testcase name="testBufferAppendDelete" time="0,000" classname="cviceni.StringBuilderAndBufferTest"/>
  <testcase name="testBuilderAppendDelete" time="0,001" classname="cviceni.StringBuilderAndBufferTest"/>
  <testcase name="testBufferAppendDelete" time="0,000" classname="cviceni.StringBuilderAndBufferTest"/>
  <testcase name="testBufferAppendDelete" time="0,000" classname="cviceni.StringBuilderAndBufferTest"/>
  <testcase name="testBuilderAppend" time="0,000" classname="cviceni.StringBuilderAndBufferTest"/>
  <testcase name="testBuilderAppend" time="0,000" classname="cviceni.StringBuilderAndBufferTest"/>
  <testcase name="testBuilderAppend" time="0,000" classname="cviceni.StringBuilderAndBufferTest"/>
  <testcase name="testBuilderAppend" time="0,000" classname="cviceni.StringBuilderAndBufferTest"/>
  <testcase name="testBufferAppend" time="0,001" classname="cviceni.StringBuilderAndBufferTest"/>
  <testcase name="testBufferAppend" time="0,000" classname="cviceni.StringBuilderAndBufferTest"/>
  <testcase name="testBuilderAppendDelete" time="0,001" classname="cviceni.StringBuilderAndBufferTest"/>
  <testcase name="testBufferAppendDelete" time="0,001" classname="cviceni.StringBuilderAndBufferTest"/>
  <testcase name="testBuilderAppend" time="0,000" classname="cviceni.StringBuilderAndBufferTest"/>
  <testcase name="testBufferAppendDelete" time="0,000" classname="cviceni.StringBuilderAndBufferTest"/>
  <testcase name="testBufferAppendDelete" time="0,000" classname="cviceni.StringBuilderAndBufferTest"/>
  <testcase name="testBuilderAppendDelete" time="0,000" classname="cviceni.StringBuilderAndBufferTest"/>
  <testcase name="testBufferAppend" time="0,000" classname="cviceni.StringBuilderAndBufferTest"/>
  <testcase name="testBufferAppend" time="0,001" classname="cviceni.StringBuilderAndBufferTest"/>
  <testcase name="testBufferAppendDelete" time="0,000" classname="cviceni.StringBuilderAndBufferTest"/>
  <testcase name="testBufferAppend" time="0,000" classname="cviceni.StringBuilderAndBufferTest"/>
  <testcase name="testBuilderAppendDelete" time="0,001" classname="cviceni.StringBuilderAndBufferTest"/>
  <testcase name="testBuilderAppend" time="0,000" classname="cviceni.StringBuilderAndBufferTest"/>
  <testcase name="testBuilderAppend" time="0,000" classname="cviceni.StringBuilderAndBufferTest"/>
  <testcase name="testBufferAppend" time="0,000" classname="cviceni.StringBuilderAndBufferTest"/>
  <testcase name="testBufferAppendDelete" time="0,001" classname="cviceni.StringBuilderAndBufferTest"/>
  <testcase name="testBuilderAppendDelete" time="0,000" classname="cviceni.StringBuilderAndBufferTest"/>
  <testcase name="testBufferAppend" time="0,000" classname="cviceni.StringBuilderAndBufferTest"/>
  <testcase name="testBufferAppendDelete" time="0,000" classname="cviceni.StringBuilderAndBufferTest"/>
  <testcase name="testBuilderAppend" time="0,000" classname="cviceni.StringBuilderAndBufferTest"/>
  <testcase name="testBuilderAppend" time="0,000" classname="cviceni.StringBuilderAndBufferTest"/>
  <testcase name="testBuilderAppend" time="0,001" classname="cviceni.StringBuilderAndBufferTest"/>
  <testcase name="testBuilderAppend" time="0,000" classname="cviceni.StringBuilderAndBufferTest"/>
  <testcase name="testBufferAppendDelete" time="0,000" classname="cviceni.StringBuilderAndBufferTest"/>
  <testcase name="testBuilderAppend" time="0,001" classname="cviceni.StringBuilderAndBufferTest"/>
  <testcase name="testBufferAppend" time="0,000" classname="cviceni.StringBuilderAndBufferTest"/>
  <testcase name="testBufferAppend" time="0,000" classname="cviceni.StringBuilderAndBufferTest"/>
  <testcase name="testBuilderAppendDelete" time="0,000" classname="cviceni.StringBuilderAndBufferTest"/>
  <testcase name="testBufferAppendDelete" time="0,000" classname="cviceni.StringBuilderAndBufferTest"/>
  <testcase name="testBufferAppend" time="0,000" classname="cviceni.StringBuilderAndBufferTest"/>
  <testcase name="testBuilderAppendDelete" time="0,001" classname="cviceni.StringBuilderAndBufferTest"/>
  <testcase name="testBuilderAppend" time="0,000" classname="cviceni.StringBuilderAndBufferTest"/>
  <testcase name="testBuilderAppendDelete" time="0,000" classname="cviceni.StringBuilderAndBufferTest"/>
  <testcase name="testBufferAppendDelete" time="0,000" classname="cviceni.StringBuilderAndBufferTest"/>
  <testcase name="testBufferAppendDelete" time="0,000" classname="cviceni.StringBuilderAndBufferTest"/>
  <testcase name="testBuilderAppend" time="0,000" classname="cviceni.StringBuilderAndBufferTest"/>
  <testcase name="testBuilderAppendDelete" time="0,020" classname="cviceni.StringBuilderAndBufferTest"/>
  <testcase name="testBufferAppend" time="0,000" classname="cviceni.StringBuilderAndBufferTest"/>
  <testcase name="testBufferAppendDelete" time="0,001" classname="cviceni.StringBuilderAndBufferTest"/>
  <testcase name="testBufferAppend" time="0,001" classname="cviceni.StringBuilderAndBufferTest"/>
  <testcase name="testBuilderAppendDelete" time="0,000" classname="cviceni.StringBuilderAndBufferTest"/>
  <testcase name="testBuilderAppendDelete" time="0,001" classname="cviceni.StringBuilderAndBufferTest"/>
  <testcase name="testBufferAppend" time="0,000" classname="cviceni.StringBuilderAndBufferTest"/>
  <testcase name="testBufferAppendDelete" time="0,000" classname="cviceni.StringBuilderAndBufferTest"/>
  <testcase name="testBuilderAppendDelete" time="0,000" classname="cviceni.StringBuilderAndBufferTest"/>
  <testcase name="testBuilderAppend" time="0,000" classname="cviceni.StringBuilderAndBufferTest"/>
  <testcase name="testBufferAppendDelete" time="0,000" classname="cviceni.StringBuilderAndBufferTest"/>
  <testcase name="testBufferAppend" time="0,001" classname="cviceni.StringBuilderAndBufferTest"/>
  <testcase name="testBufferAppend" time="0,000" classname="cviceni.StringBuilderAndBufferTest"/>
  <testcase name="testBufferAppendDelete" time="0,001" classname="cviceni.StringBuilderAndBufferTest"/>
  <testcase name="testBuilderAppendDelete" time="0,000" classname="cviceni.StringBuilderAndBufferTest"/>
  <testcase name="testBuilderAppendDelete" time="0,000" classname="cviceni.StringBuilderAndBufferTest"/>
  <testcase name="testBuilderAppendDelete" time="0,000" classname="cviceni.StringBuilderAndBufferTest"/>
  <testcase name="testBuilderAppendDelete" time="0,000" classname="cviceni.StringBuilderAndBufferTest"/>
  <testcase name="testBuilderAppendDelete" time="0,000" classname="cviceni.StringBuilderAndBufferTest"/>
  <testcase name="testBufferAppendDelete" time="0,000" classname="cviceni.StringBuilderAndBufferTest"/>
  <testcase name="testBufferAppendDelete" time="0,000" classname="cviceni.StringBuilderAndBufferTest"/>
  <testcase name="testBuilderAppendDelete" time="0,001" classname="cviceni.StringBuilderAndBufferTest"/>
  <testcase name="testBuilderAppendDelete" time="0,000" classname="cviceni.StringBuilderAndBufferTest"/>
  <testcase name="testBuilderAppendDelete" time="0,000" classname="cviceni.StringBuilderAndBufferTest"/>
  <testcase name="testBuilderAppend" time="0,000" classname="cviceni.StringBuilderAndBufferTest"/>
  <testcase name="testBufferAppendDelete" time="0,000" classname="cviceni.StringBuilderAndBufferTest"/>
  <testcase name="testBufferAppendDelete" time="0,001" classname="cviceni.StringBuilderAndBufferTest"/>
  <testcase name="testBufferAppend" time="0,000" classname="cviceni.StringBuilderAndBufferTest"/>
  <testcase name="testBuilderAppend" time="0,000" classname="cviceni.StringBuilderAndBufferTest"/>
  <testcase name="testBufferAppend" time="0,012" classname="cviceni.StringBuilderAndBufferTest"/>
  <testcase name="testBufferAppend" time="0,000" classname="cviceni.StringBuilderAndBufferTest"/>
  <testcase name="testBufferAppendDelete" time="0,013" classname="cviceni.StringBuilderAndBufferTest"/>
  <testcase name="testBufferAppend" time="0,000" classname="cviceni.StringBuilderAndBufferTest"/>
  <testcase name="testBuilderAppendDelete" time="0,000" classname="cviceni.StringBuilderAndBufferTest"/>
  <testcase name="testBufferAppendDelete" time="0,000" classname="cviceni.StringBuilderAndBufferTest"/>
  <testcase name="testBufferAppend" time="0,000" classname="cviceni.StringBuilderAndBufferTest"/>
  <testcase name="testBuilderAppendDelete" time="0,001" classname="cviceni.StringBuilderAndBufferTest"/>
  <testcase name="testBufferAppendDelete" time="0,001" classname="cviceni.StringBuilderAndBufferTest"/>
  <testcase name="testBufferAppend" time="0,000" classname="cviceni.StringBuilderAndBufferTest"/>
  <testcase name="testBufferAppendDelete" time="0,001" classname="cviceni.StringBuilderAndBufferTest"/>
  <testcase name="testBuilderAppendDelete" time="0,000" classname="cviceni.StringBuilderAndBufferTest"/>
  <testcase name="testBuilderAppendDelete" time="0,000" classname="cviceni.StringBuilderAndBufferTest"/>
  <testcase name="testBuilderAppend" time="0,001" classname="cviceni.StringBuilderAndBufferTest"/>
  <testcase name="testBuilderAppend" time="0,001" classname="cviceni.StringBuilderAndBufferTest"/>
  <testcase name="testBufferAppendDelete" time="0,000" classname="cviceni.StringBuilderAndBufferTest"/>
  <testcase name="testBufferAppend" time="0,000" classname="cviceni.StringBuilderAndBufferTest"/>
  <testcase name="testBufferAppendDelete" time="0,000" classname="cviceni.StringBuilderAndBufferTest"/>
  <testcase name="testBufferAppend" time="0,001" classname="cviceni.StringBuilderAndBufferTest"/>
  <testcase name="testBuilderAppendDelete" time="0,001" classname="cviceni.StringBuilderAndBufferTest"/>
  <testcase name="testBuilderAppendDelete" time="0,000" classname="cviceni.StringBuilderAndBufferTest"/>
  <testcase name="testBuilderAppend" time="0,001" classname="cviceni.StringBuilderAndBufferTest"/>
  <testcase name="testBufferAppendDelete" time="0,000" classname="cviceni.StringBuilderAndBufferTest"/>
  <testcase name="testBuilderAppend" time="0,001" classname="cviceni.StringBuilderAndBufferTest"/>
  <testcase name="testBufferAppendDelete" time="0,000" classname="cviceni.StringBuilderAndBufferTest"/>
  <testcase name="testBufferAppendDelete" time="0,001" classname="cviceni.StringBuilderAndBufferTest"/>
  <testcase name="testBufferAppendDelete" time="0,000" classname="cviceni.StringBuilderAndBufferTest"/>
  <testcase name="testBufferAppendDelete" time="0,000" classname="cviceni.StringBuilderAndBufferTest"/>
  <testcase name="testBufferAppend" time="0,000" classname="cviceni.StringBuilderAndBufferTest"/>
  <testcase name="testBufferAppend" time="0,001" classname="cviceni.StringBuilderAndBufferTest"/>
  <testcase name="testBufferAppendDelete" time="0,001" classname="cviceni.StringBuilderAndBufferTest"/>
  <testcase name="testBuilderAppendDelete" time="0,000" classname="cviceni.StringBuilderAndBufferTest"/>
  <testcase name="testBuilderAppend" time="0,000" classname="cviceni.StringBuilderAndBufferTest"/>
  <testcase name="testBuilderAppend" time="0,001" classname="cviceni.StringBuilderAndBufferTest"/>
  <testcase name="testBuilderAppendDelete" time="0,000" classname="cviceni.StringBuilderAndBufferTest"/>
  <testcase name="testBufferAppend" time="0,000" classname="cviceni.StringBuilderAndBufferTest"/>
  <testcase name="testBufferAppend" time="0,000" classname="cviceni.StringBuilderAndBufferTest"/>
  <testcase name="testBufferAppendDelete" time="0,000" classname="cviceni.StringBuilderAndBufferTest"/>
  <testcase name="testBuilderAppendDelete" time="0,000" classname="cviceni.StringBuilderAndBufferTest"/>
  <testcase name="testBuilderAppendDelete" time="0,001" classname="cviceni.StringBuilderAndBufferTest"/>
  <testcase name="testBuilderAppendDelete" time="0,001" classname="cviceni.StringBuilderAndBufferTest"/>
  <testcase name="testBufferAppendDelete" time="0,001" classname="cviceni.StringBuilderAndBufferTest"/>
  <testcase name="testBuilderAppend" time="0,000" classname="cviceni.StringBuilderAndBufferTest"/>
  <testcase name="testBuilderAppend" time="0,000" classname="cviceni.StringBuilderAndBufferTest"/>
  <testcase name="testBufferAppendDelete" time="0,000" classname="cviceni.StringBuilderAndBufferTest"/>
  <testcase name="testBufferAppend" time="0,000" classname="cviceni.StringBuilderAndBufferTest"/>
  <testcase name="testBuilderAppend" time="0,000" classname="cviceni.StringBuilderAndBufferTest"/>
  <testcase name="testBuilderAppend" time="0,000" classname="cviceni.StringBuilderAndBufferTest"/>
  <testcase name="testBufferAppendDelete" time="0,001" classname="cviceni.StringBuilderAndBufferTest"/>
  <testcase name="testBufferAppendDelete" time="0,000" classname="cviceni.StringBuilderAndBufferTest"/>
  <testcase name="testBufferAppend" time="0,001" classname="cviceni.StringBuilderAndBufferTest"/>
  <testcase name="testBuilderAppend" time="0,036" classname="cviceni.StringBuilderAndBufferTest"/>
  <testcase name="testBufferAppend" time="0,001" classname="cviceni.StringBuilderAndBufferTest"/>
  <testcase name="testBuilderAppendDelete" time="0,001" classname="cviceni.StringBuilderAndBufferTest"/>
  <testcase name="testBufferAppend" time="0,000" classname="cviceni.StringBuilderAndBufferTest"/>
  <testcase name="testBufferAppendDelete" time="0,001" classname="cviceni.StringBuilderAndBufferTest"/>
  <testcase name="testBuilderAppendDelete" time="0,000" classname="cviceni.StringBuilderAndBufferTest"/>
  <testcase name="testBuilderAppendDelete" time="0,000" classname="cviceni.StringBuilderAndBufferTest"/>
  <testcase name="testBuilderAppendDelete" time="0,000" classname="cviceni.StringBuilderAndBufferTest"/>
  <testcase name="testBufferAppendDelete" time="0,000" classname="cviceni.StringBuilderAndBufferTest"/>
  <testcase name="testBuilderAppend" time="0,000" classname="cviceni.StringBuilderAndBufferTest"/>
  <testcase name="testBufferAppendDelete" time="0,000" classname="cviceni.StringBuilderAndBufferTest"/>
  <testcase name="testBuilderAppend" time="0,000" classname="cviceni.StringBuilderAndBufferTest"/>
  <testcase name="testBufferAppend" time="0,001" classname="cviceni.StringBuilderAndBufferTest"/>
  <testcase name="testBuilderAppendDelete" time="0,000" classname="cviceni.StringBuilderAndBufferTest"/>
  <testcase name="testBufferAppend" time="0,001" classname="cviceni.StringBuilderAndBufferTest"/>
  <testcase name="testBufferAppend" time="0,000" classname="cviceni.StringBuilderAndBufferTest"/>
  <testcase name="testBufferAppendDelete" time="0,000" classname="cviceni.StringBuilderAndBufferTest"/>
  <testcase name="testBufferAppendDelete" time="0,000" classname="cviceni.StringBuilderAndBufferTest"/>
  <testcase name="testBufferAppendDelete" time="0,000" classname="cviceni.StringBuilderAndBufferTest"/>
  <testcase name="testBufferAppend" time="0,000" classname="cviceni.StringBuilderAndBufferTest"/>
  <testcase name="testBuilderAppendDelete" time="0,000" classname="cviceni.StringBuilderAndBufferTest"/>
  <testcase name="testBufferAppend" time="0,000" classname="cviceni.StringBuilderAndBufferTest"/>
  <testcase name="testBuilderAppendDelete" time="0,001" classname="cviceni.StringBuilderAndBufferTest"/>
  <testcase name="testBufferAppend" time="0,001" classname="cviceni.StringBuilderAndBufferTest"/>
  <testcase name="testBuilderAppendDelete" time="0,000" classname="cviceni.StringBuilderAndBufferTest"/>
  <testcase name="testBufferAppendDelete" time="0,000" classname="cviceni.StringBuilderAndBufferTest"/>
  <testcase name="testBuilderAppend" time="0,000" classname="cviceni.StringBuilderAndBufferTest"/>
  <testcase name="testBufferAppendDelete" time="0,000" classname="cviceni.StringBuilderAndBufferTest"/>
  <testcase name="testBuilderAppend" time="0,000" classname="cviceni.StringBuilderAndBufferTest"/>
  <testcase name="testBuilderAppendDelete" time="0,000" classname="cviceni.StringBuilderAndBufferTest"/>
  <testcase name="testBufferAppendDelete" time="0,000" classname="cviceni.StringBuilderAndBufferTest"/>
  <testcase name="testBuilderAppendDelete" time="0,001" classname="cviceni.StringBuilderAndBufferTest"/>
  <testcase name="testBuilderAppend" time="0,000" classname="cviceni.StringBuilderAndBufferTest"/>
  <testcase name="testBufferAppendDelete" time="0,001" classname="cviceni.StringBuilderAndBufferTest"/>
  <testcase name="testBuilderAppend" time="0,001" classname="cviceni.StringBuilderAndBufferTest"/>
  <testcase name="testBufferAppendDelete" time="0,001" classname="cviceni.StringBuilderAndBufferTest"/>
  <testcase name="testBufferAppendDelete" time="0,000" classname="cviceni.StringBuilderAndBufferTest"/>
  <testcase name="testBufferAppendDelete" time="0,000" classname="cviceni.StringBuilderAndBufferTest"/>
  <testcase name="testBufferAppend" time="0,001" classname="cviceni.StringBuilderAndBufferTest"/>
  <testcase name="testBufferAppend" time="0,000" classname="cviceni.StringBuilderAndBufferTest"/>
  <testcase name="testBufferAppend" time="0,001" classname="cviceni.StringBuilderAndBufferTest"/>
  <testcase name="testBuilderAppendDelete" time="0,000" classname="cviceni.StringBuilderAndBufferTest"/>
  <testcase name="testBuilderAppendDelete" time="0,000" classname="cviceni.StringBuilderAndBufferTest"/>
  <testcase name="testBufferAppend" time="0,001" classname="cviceni.StringBuilderAndBufferTest"/>
  <testcase name="testBuilderAppendDelete" time="0,000" classname="cviceni.StringBuilderAndBufferTest"/>
  <testcase name="testBuilderAppend" time="0,000" classname="cviceni.StringBuilderAndBufferTest"/>
  <testcase name="testBuilderAppendDelete" time="0,000" classname="cviceni.StringBuilderAndBufferTest"/>
  <testcase name="testBuilderAppend" time="0,000" classname="cviceni.StringBuilderAndBufferTest"/>
  <testcase name="testBuilderAppend" time="0,001" classname="cviceni.StringBuilderAndBufferTest"/>
  <testcase name="testBuilderAppendDelete" time="0,001" classname="cviceni.StringBuilderAndBufferTest"/>
  <testcase name="testBuilderAppend" time="0,000" classname="cviceni.StringBuilderAndBufferTest"/>
  <testcase name="testBufferAppendDelete" time="0,000" classname="cviceni.StringBuilderAndBufferTest"/>
  <testcase name="testBufferAppend" time="0,001" classname="cviceni.StringBuilderAndBufferTest"/>
  <testcase name="testBuilderAppendDelete" time="0,000" classname="cviceni.StringBuilderAndBufferTest"/>
  <testcase name="testBufferAppendDelete" time="0,000" classname="cviceni.StringBuilderAndBufferTest"/>
  <testcase name="testBuilderAppend" time="0,000" classname="cviceni.StringBuilderAndBufferTest"/>
  <testcase name="testBuilderAppend" time="0,000" classname="cviceni.StringBuilderAndBufferTest"/>
  <testcase name="testBuilderAppend" time="0,001" classname="cviceni.StringBuilderAndBufferTest"/>
  <testcase name="testBuilderAppendDelete" time="0,000" classname="cviceni.StringBuilderAndBufferTest"/>
  <testcase name="testBufferAppendDelete" time="0,001" classname="cviceni.StringBuilderAndBufferTest"/>
  <testcase name="testBufferAppend" time="0,000" classname="cviceni.StringBuilderAndBufferTest"/>
  <testcase name="testBufferAppendDelete" time="0,000" classname="cviceni.StringBuilderAndBufferTest"/>
  <testcase name="testBufferAppend" time="0,000" classname="cviceni.StringBuilderAndBufferTest"/>
  <testcase name="testBuilderAppendDelete" time="0,001" classname="cviceni.StringBuilderAndBufferTest"/>
  <testcase name="testBufferAppendDelete" time="0,000" classname="cviceni.StringBuilderAndBufferTest"/>
  <testcase name="testBuilderAppendDelete" time="0,000" classname="cviceni.StringBuilderAndBufferTest"/>
  <testcase name="testBufferAppend" time="0,000" classname="cviceni.StringBuilderAndBufferTest"/>
  <testcase name="testBufferAppend" time="0,000" classname="cviceni.StringBuilderAndBufferTest"/>
  <testcase name="testBufferAppend" time="0,001" classname="cviceni.StringBuilderAndBufferTest"/>
  <testcase name="testBuilderAppendDelete" time="0,000" classname="cviceni.StringBuilderAndBufferTest"/>
  <testcase name="testBuilderAppend" time="0,000" classname="cviceni.StringBuilderAndBufferTest"/>
  <testcase name="testBufferAppendDelete" time="0,000" classname="cviceni.StringBuilderAndBufferTest"/>
  <testcase name="testBuilderAppend" time="0,000" classname="cviceni.StringBuilderAndBufferTest"/>
  <testcase name="testBuilderAppend" time="0,000" classname="cviceni.StringBuilderAndBufferTest"/>
  <testcase name="testBufferAppend" time="0,001" classname="cviceni.StringBuilderAndBufferTest"/>
  <testcase name="testBufferAppend" time="0,000" classname="cviceni.StringBuilderAndBufferTest"/>
  <testcase name="testBufferAppendDelete" time="0,000" classname="cviceni.StringBuilderAndBufferTest"/>
  <testcase name="testBufferAppendDelete" time="0,000" classname="cviceni.StringBuilderAndBufferTest"/>
  <testcase name="testBufferAppend" time="0,000" classname="cviceni.StringBuilderAndBufferTest"/>
  <testcase name="testBufferAppendDelete" time="0,000" classname="cviceni.StringBuilderAndBufferTest"/>
  <testcase name="testBufferAppendDelete" time="0,000" classname="cviceni.StringBuilderAndBufferTest"/>
  <testcase name="testBuilderAppend" time="0,000" classname="cviceni.StringBuilderAndBufferTest"/>
  <testcase name="testBufferAppendDelete" time="0,000" classname="cviceni.StringBuilderAndBufferTest"/>
  <testcase name="testBuilderAppend" time="0,001" classname="cviceni.StringBuilderAndBufferTest"/>
  <testcase name="testBufferAppend" time="0,000" classname="cviceni.StringBuilderAndBufferTest"/>
  <testcase name="testBufferAppendDelete" time="0,000" classname="cviceni.StringBuilderAndBufferTest"/>
  <testcase name="testBuilderAppendDelete" time="0,000" classname="cviceni.StringBuilderAndBufferTest"/>
  <testcase name="testBuilderAppend" time="0,000" classname="cviceni.StringBuilderAndBufferTest"/>
  <testcase name="testBuilderAppend" time="0,000" classname="cviceni.StringBuilderAndBufferTest"/>
  <testcase name="testBufferAppendDelete" time="0,001" classname="cviceni.StringBuilderAndBufferTest"/>
  <testcase name="testBuilderAppend" time="0,000" classname="cviceni.StringBuilderAndBufferTest"/>
  <testcase name="testBufferAppend" time="0,001" classname="cviceni.StringBuilderAndBufferTest"/>
  <testcase name="testBufferAppendDelete" time="0,000" classname="cviceni.StringBuilderAndBufferTest"/>
  <testcase name="testBuilderAppendDelete" time="0,000" classname="cviceni.StringBuilderAndBufferTest"/>
  <testcase name="testBuilderAppendDelete" time="0,000" classname="cviceni.StringBuilderAndBufferTest"/>
  <testcase name="testBuilderAppendDelete" time="0,000" classname="cviceni.StringBuilderAndBufferTest"/>
  <testcase name="testBuilderAppend" time="0,001" classname="cviceni.StringBuilderAndBufferTest"/>
  <testcase name="testBufferAppendDelete" time="0,000" classname="cviceni.StringBuilderAndBufferTest"/>
  <testcase name="testBuilderAppendDelete" time="0,000" classname="cviceni.StringBuilderAndBufferTest"/>
  <testcase name="testBuilderAppend" time="0,001" classname="cviceni.StringBuilderAndBufferTest"/>
  <testcase name="testBufferAppend" time="0,001" classname="cviceni.StringBuilderAndBufferTest"/>
  <testcase name="testBuilderAppend" time="0,000" classname="cviceni.StringBuilderAndBufferTest"/>
  <testcase name="testBufferAppend" time="0,000" classname="cviceni.StringBuilderAndBufferTest"/>
  <testcase name="testBuilderAppend" time="0,000" classname="cviceni.StringBuilderAndBufferTest"/>
  <testcase name="testBufferAppendDelete" time="0,000" classname="cviceni.StringBuilderAndBufferTest"/>
  <testcase name="testBuilderAppendDelete" time="0,001" classname="cviceni.StringBuilderAndBufferTest"/>
  <testcase name="testBufferAppend" time="0,000" classname="cviceni.StringBuilderAndBufferTest"/>
  <testcase name="testBufferAppend" time="0,001" classname="cviceni.StringBuilderAndBufferTest"/>
  <testcase name="testBuilderAppend" time="0,000" classname="cviceni.StringBuilderAndBufferTest"/>
  <testcase name="testBufferAppend" time="0,001" classname="cviceni.StringBuilderAndBufferTest"/>
  <testcase name="testBufferAppend" time="0,000" classname="cviceni.StringBuilderAndBufferTest"/>
  <testcase name="testBuilderAppend" time="0,000" classname="cviceni.StringBuilderAndBufferTest"/>
  <testcase name="testBuilderAppend" time="0,001" classname="cviceni.StringBuilderAndBufferTest"/>
  <testcase name="testBufferAppend" time="0,000" classname="cviceni.StringBuilderAndBufferTest"/>
  <testcase name="testBufferAppendDelete" time="0,001" classname="cviceni.StringBuilderAndBufferTest"/>
  <testcase name="testBuilderAppend" time="0,000" classname="cviceni.StringBuilderAndBufferTest"/>
  <testcase name="testBufferAppendDelete" time="0,000" classname="cviceni.StringBuilderAndBufferTest"/>
  <testcase name="testBufferAppend" time="0,000" classname="cviceni.StringBuilderAndBufferTest"/>
  <testcase name="testBufferAppendDelete" time="0,000" classname="cviceni.StringBuilderAndBufferTest"/>
  <testcase name="testBufferAppendDelete" time="0,000" classname="cviceni.StringBuilderAndBufferTest"/>
  <testcase name="testBuilderAppend" time="0,000" classname="cviceni.StringBuilderAndBufferTest"/>
  <testcase name="testBuilderAppend" time="0,001" classname="cviceni.StringBuilderAndBufferTest"/>
  <testcase name="testBufferAppendDelete" time="0,000" classname="cviceni.StringBuilderAndBufferTest"/>
  <testcase name="testBufferAppend" time="0,001" classname="cviceni.StringBuilderAndBufferTest"/>
  <testcase name="testBufferAppend" time="0,000" classname="cviceni.StringBuilderAndBufferTest"/>
  <testcase name="testBuilderAppendDelete" time="0,000" classname="cviceni.StringBuilderAndBufferTest"/>
  <testcase name="testBufferAppend" time="0,000" classname="cviceni.StringBuilderAndBufferTest"/>
  <testcase name="testBuilderAppend" time="0,001" classname="cviceni.StringBuilderAndBufferTest"/>
  <testcase name="testBufferAppendDelete" time="0,001" classname="cviceni.StringBuilderAndBufferTest"/>
  <testcase name="testBufferAppend" time="0,000" classname="cviceni.StringBuilderAndBufferTest"/>
  <testcase name="testBufferAppendDelete" time="0,000" classname="cviceni.StringBuilderAndBufferTest"/>
  <testcase name="testBufferAppend" time="0,000" classname="cviceni.StringBuilderAndBufferTest"/>
  <testcase name="testBufferAppendDelete" time="0,001" classname="cviceni.StringBuilderAndBufferTest"/>
  <testcase name="testBufferAppend" time="0,000" classname="cviceni.StringBuilderAndBufferTest"/>
  <testcase name="testBuilderAppend" time="0,000" classname="cviceni.StringBuilderAndBufferTest"/>
  <testcase name="testBufferAppendDelete" time="0,000" classname="cviceni.StringBuilderAndBufferTest"/>
  <testcase name="testBuilderAppend" time="0,001" classname="cviceni.StringBuilderAndBufferTest"/>
  <testcase name="testBufferAppend" time="0,000" classname="cviceni.StringBuilderAndBufferTest"/>
  <testcase name="testBuilderAppendDelete" time="0,001" classname="cviceni.StringBuilderAndBufferTest"/>
  <testcase name="testBuilderAppendDelete" time="0,000" classname="cviceni.StringBuilderAndBufferTest"/>
  <testcase name="testBuilderAppendDelete" time="0,000" classname="cviceni.StringBuilderAndBufferTest"/>
  <testcase name="testBuilderAppend" time="0,000" classname="cviceni.StringBuilderAndBufferTest"/>
  <testcase name="testBufferAppend" time="0,000" classname="cviceni.StringBuilderAndBufferTest"/>
  <testcase name="testBuilderAppend" time="0,000" classname="cviceni.StringBuilderAndBufferTest"/>
  <testcase name="testBuilderAppendDelete" time="0,000" classname="cviceni.StringBuilderAndBufferTest"/>
  <testcase name="testBuilderAppendDelete" time="0,000" classname="cviceni.StringBuilderAndBufferTest"/>
  <testcase name="testBufferAppendDelete" time="0,000" classname="cviceni.StringBuilderAndBufferTest"/>
  <testcase name="testBuilderAppend" time="0,001" classname="cviceni.StringBuilderAndBufferTest"/>
  <testcase name="testBuilderAppend" time="0,000" classname="cviceni.StringBuilderAndBufferTest"/>
  <testcase name="testBuilderAppend" time="0,001" classname="cviceni.StringBuilderAndBufferTest"/>
  <testcase name="testBufferAppend" time="0,000" classname="cviceni.StringBuilderAndBufferTest"/>
  <testcase name="testBufferAppend" time="0,000" classname="cviceni.StringBuilderAndBufferTest"/>
  <testcase name="testBufferAppendDelete" time="0,000" classname="cviceni.StringBuilderAndBufferTest"/>
  <testcase name="testBuilderAppendDelete" time="0,000" classname="cviceni.StringBuilderAndBufferTest"/>
  <testcase name="testBufferAppend" time="0,001" classname="cviceni.StringBuilderAndBufferTest"/>
  <testcase name="testBuilderAppend" time="0,000" classname="cviceni.StringBuilderAndBufferTest"/>
  <testcase name="testBufferAppendDelete" time="0,000" classname="cviceni.StringBuilderAndBufferTest"/>
  <testcase name="testBuilderAppend" time="0,000" classname="cviceni.StringBuilderAndBufferTest"/>
  <testcase name="testBuilderAppend" time="0,000" classname="cviceni.StringBuilderAndBufferTest"/>
  <testcase name="testBufferAppendDelete" time="0,000" classname="cviceni.StringBuilderAndBufferTest"/>
  <testcase name="testBuilderAppend" time="0,001" classname="cviceni.StringBuilderAndBufferTest"/>
  <testcase name="testBuilderAppendDelete" time="0,000" classname="cviceni.StringBuilderAndBufferTest"/>
  <testcase name="testBuilderAppend" time="0,001" classname="cviceni.StringBuilderAndBufferTest"/>
  <testcase name="testBufferAppend" time="0,000" classname="cviceni.StringBuilderAndBufferTest"/>
  <testcase name="testBuilderAppendDelete" time="0,000" classname="cviceni.StringBuilderAndBufferTest"/>
  <testcase name="testBufferAppend" time="0,000" classname="cviceni.StringBuilderAndBufferTest"/>
  <testcase name="testBuilderAppend" time="0,001" classname="cviceni.StringBuilderAndBufferTest"/>
  <testcase name="testBufferAppendDelete" time="0,001" classname="cviceni.StringBuilderAndBufferTest"/>
  <testcase name="testBuilderAppendDelete" time="0,000" classname="cviceni.StringBuilderAndBufferTest"/>
  <testcase name="testBufferAppendDelete" time="0,000" classname="cviceni.StringBuilderAndBufferTest"/>
  <testcase name="testBufferAppendDelete" time="0,000" classname="cviceni.StringBuilderAndBufferTest"/>
  <testcase name="testBuilderAppend" time="0,000" classname="cviceni.StringBuilderAndBufferTest"/>
  <testcase name="testBuilderAppend" time="0,000" classname="cviceni.StringBuilderAndBufferTest"/>
  <testcase name="testBuilderAppend" time="0,000" classname="cviceni.StringBuilderAndBufferTest"/>
  <testcase name="testBuilderAppend" time="0,000" classname="cviceni.StringBuilderAndBufferTest"/>
  <testcase name="testBufferAppend" time="0,000" classname="cviceni.StringBuilderAndBufferTest"/>
  <testcase name="testBuilderAppendDelete" time="0,000" classname="cviceni.StringBuilderAndBufferTest"/>
  <testcase name="testBuilderAppendDelete" time="0,000" classname="cviceni.StringBuilderAndBufferTest"/>
  <testcase name="testBufferAppend" time="0,050" classname="cviceni.StringBuilderAndBufferTest"/>
  <testcase name="testBufferAppendDelete" time="0,001" classname="cviceni.StringBuilderAndBufferTest"/>
  <testcase name="testBuilderAppend" time="0,000" classname="cviceni.StringBuilderAndBufferTest"/>
  <testcase name="testBufferAppend" time="0,001" classname="cviceni.StringBuilderAndBufferTest"/>
  <testcase name="testBuilderAppendDelete" time="0,000" classname="cviceni.StringBuilderAndBufferTest"/>
  <testcase name="testBuilderAppendDelete" time="0,001" classname="cviceni.StringBuilderAndBufferTest"/>
  <testcase name="testBuilderAppend" time="0,000" classname="cviceni.StringBuilderAndBufferTest"/>
  <testcase name="testBufferAppendDelete" time="0,000" classname="cviceni.StringBuilderAndBufferTest"/>
  <testcase name="testBufferAppendDelete" time="0,000" classname="cviceni.StringBuilderAndBufferTest"/>
  <testcase name="testBufferAppendDelete" time="0,000" classname="cviceni.StringBuilderAndBufferTest"/>
  <testcase name="testBuilderAppend" time="0,000" classname="cviceni.StringBuilderAndBufferTest"/>
  <testcase name="testBufferAppendDelete" time="0,001" classname="cviceni.StringBuilderAndBufferTest"/>
  <testcase name="testBufferAppendDelete" time="0,001" classname="cviceni.StringBuilderAndBufferTest"/>
  <testcase name="testBuilderAppend" time="0,000" classname="cviceni.StringBuilderAndBufferTest"/>
  <testcase name="testBuilderAppend" time="0,000" classname="cviceni.StringBuilderAndBufferTest"/>
  <testcase name="testBufferAppendDelete" time="0,000" classname="cviceni.StringBuilderAndBufferTest"/>
  <testcase name="testBufferAppend" time="0,000" classname="cviceni.StringBuilderAndBufferTest"/>
  <testcase name="testBuilderAppendDelete" time="0,000" classname="cviceni.StringBuilderAndBufferTest"/>
  <testcase name="testBuilderAppend" time="0,000" classname="cviceni.StringBuilderAndBufferTest"/>
  <testcase name="testBuilderAppend" time="0,000" classname="cviceni.StringBuilderAndBufferTest"/>
  <testcase name="testBufferAppend" time="0,001" classname="cviceni.StringBuilderAndBufferTest"/>
  <testcase name="testBufferAppend" time="0,001" classname="cviceni.StringBuilderAndBufferTest"/>
  <testcase name="testBufferAppend" time="0,000" classname="cviceni.StringBuilderAndBufferTest"/>
  <testcase name="testBufferAppendDelete" time="0,001" classname="cviceni.StringBuilderAndBufferTest"/>
  <testcase name="testBufferAppend" time="0,000" classname="cviceni.StringBuilderAndBufferTest"/>
  <testcase name="testBufferAppendDelete" time="0,000" classname="cviceni.StringBuilderAndBufferTest"/>
  <testcase name="testBuilderAppend" time="0,001" classname="cviceni.StringBuilderAndBufferTest"/>
  <testcase name="testBuilderAppend" time="0,000" classname="cviceni.StringBuilderAndBufferTest"/>
  <testcase name="testBufferAppend" time="0,000" classname="cviceni.StringBuilderAndBufferTest"/>
  <testcase name="testBufferAppendDelete" time="0,001" classname="cviceni.StringBuilderAndBufferTest"/>
  <testcase name="testBuilderAppendDelete" time="0,000" classname="cviceni.StringBuilderAndBufferTest"/>
  <testcase name="testBufferAppend" time="0,000" classname="cviceni.StringBuilderAndBufferTest"/>
  <testcase name="testBuilderAppendDelete" time="0,000" classname="cviceni.StringBuilderAndBufferTest"/>
  <testcase name="testBufferAppendDelete" time="0,003" classname="cviceni.StringBuilderAndBufferTest"/>
  <testcase name="testBufferAppendDelete" time="0,000" classname="cviceni.StringBuilderAndBufferTest"/>
  <testcase name="testBuilderAppendDelete" time="0,001" classname="cviceni.StringBuilderAndBufferTest"/>
  <testcase name="testBuilderAppend" time="0,000" classname="cviceni.StringBuilderAndBufferTest"/>
  <testcase name="testBufferAppend" time="0,001" classname="cviceni.StringBuilderAndBufferTest"/>
  <testcase name="testBufferAppend" time="0,000" classname="cviceni.StringBuilderAndBufferTest"/>
  <testcase name="testBuilderAppend" time="0,000" classname="cviceni.StringBuilderAndBufferTest"/>
  <testcase name="testBufferAppend" time="0,000" classname="cviceni.StringBuilderAndBufferTest"/>
  <testcase name="testBuilderAppend" time="0,000" classname="cviceni.StringBuilderAndBufferTest"/>
  <testcase name="testBuilderAppendDelete" time="0,000" classname="cviceni.StringBuilderAndBufferTest"/>
  <testcase name="testBuilderAppendDelete" time="0,000" classname="cviceni.StringBuilderAndBufferTest"/>
  <testcase name="testBufferAppendDelete" time="0,000" classname="cviceni.StringBuilderAndBufferTest"/>
  <testcase name="testBuilderAppendDelete" time="0,001" classname="cviceni.StringBuilderAndBufferTest"/>
  <testcase name="testBufferAppendDelete" time="0,000" classname="cviceni.StringBuilderAndBufferTest"/>
  <testcase name="testBufferAppendDelete" time="0,000" classname="cviceni.StringBuilderAndBufferTest"/>
  <testcase name="testBufferAppend" time="0,001" classname="cviceni.StringBuilderAndBufferTest"/>
  <testcase name="testBuilderAppend" time="0,000" classname="cviceni.StringBuilderAndBufferTest"/>
  <testcase name="testBufferAppendDelete" time="0,000" classname="cviceni.StringBuilderAndBufferTest"/>
  <testcase name="testBuilderAppendDelete" time="0,000" classname="cviceni.StringBuilderAndBufferTest"/>
  <testcase name="testBuilderAppend" time="0,001" classname="cviceni.StringBuilderAndBufferTest"/>
  <testcase name="testBufferAppendDelete" time="0,000" classname="cviceni.StringBuilderAndBufferTest"/>
  <testcase name="testBuilderAppend" time="0,023" classname="cviceni.StringBuilderAndBufferTest"/>
  <testcase name="testBufferAppend" time="0,000" classname="cviceni.StringBuilderAndBufferTest"/>
  <testcase name="testBufferAppend" time="0,000" classname="cviceni.StringBuilderAndBufferTest"/>
  <testcase name="testBuilderAppendDelete" time="0,000" classname="cviceni.StringBuilderAndBufferTest"/>
  <testcase name="testBufferAppendDelete" time="0,001" classname="cviceni.StringBuilderAndBufferTest"/>
  <testcase name="testBuilderAppendDelete" time="0,000" classname="cviceni.StringBuilderAndBufferTest"/>
  <testcase name="testBuilderAppendDelete" time="0,000" classname="cviceni.StringBuilderAndBufferTest"/>
  <testcase name="testBuilderAppendDelete" time="0,000" classname="cviceni.StringBuilderAndBufferTest"/>
  <testcase name="testBufferAppendDelete" time="0,001" classname="cviceni.StringBuilderAndBufferTest"/>
  <testcase name="testBuilderAppendDelete" time="0,001" classname="cviceni.StringBuilderAndBufferTest"/>
  <testcase name="testBufferAppend" time="0,000" classname="cviceni.StringBuilderAndBufferTest"/>
  <testcase name="testBuilderAppendDelete" time="0,000" classname="cviceni.StringBuilderAndBufferTest"/>
  <testcase name="testBuilderAppend" time="0,000" classname="cviceni.StringBuilderAndBufferTest"/>
  <testcase name="testBufferAppendDelete" time="0,000" classname="cviceni.StringBuilderAndBufferTest"/>
  <testcase name="testBuilderAppend" time="0,030" classname="cviceni.StringBuilderAndBufferTest"/>
  <testcase name="testBufferAppend" time="0,000" classname="cviceni.StringBuilderAndBufferTest"/>
  <testcase name="testBufferAppend" time="0,003" classname="cviceni.StringBuilderAndBufferTest"/>
  <testcase name="testBuilderAppend" time="0,000" classname="cviceni.StringBuilderAndBufferTest"/>
  <testcase name="testBufferAppendDelete" time="0,000" classname="cviceni.StringBuilderAndBufferTest"/>
  <testcase name="testBufferAppendDelete" time="0,000" classname="cviceni.StringBuilderAndBufferTest"/>
  <testcase name="testBuilderAppendDelete" time="0,000" classname="cviceni.StringBuilderAndBufferTest"/>
  <testcase name="testBufferAppend" time="0,000" classname="cviceni.StringBuilderAndBufferTest"/>
  <testcase name="testBuilderAppend" time="0,000" classname="cviceni.StringBuilderAndBufferTest"/>
  <testcase name="testBufferAppendDelete" time="0,000" classname="cviceni.StringBuilderAndBufferTest"/>
  <testcase name="testBuilderAppendDelete" time="0,000" classname="cviceni.StringBuilderAndBufferTest"/>
  <testcase name="testBufferAppendDelete" time="0,000" classname="cviceni.StringBuilderAndBufferTest"/>
  <testcase name="testBufferAppend" time="0,001" classname="cviceni.StringBuilderAndBufferTest"/>
  <testcase name="testBufferAppend" time="0,000" classname="cviceni.StringBuilderAndBufferTest"/>
  <testcase name="testBuilderAppendDelete" time="0,000" classname="cviceni.StringBuilderAndBufferTest"/>
  <testcase name="testBufferAppend" time="0,000" classname="cviceni.StringBuilderAndBufferTest"/>
  <testcase name="testBufferAppend" time="0,000" classname="cviceni.StringBuilderAndBufferTest"/>
  <testcase name="testBufferAppendDelete" time="0,001" classname="cviceni.StringBuilderAndBufferTest"/>
  <testcase name="testBuilderAppend" time="0,000" classname="cviceni.StringBuilderAndBufferTest"/>
  <testcase name="testBufferAppend" time="0,000" classname="cviceni.StringBuilderAndBufferTest"/>
  <testcase name="testBufferAppend" time="0,000" classname="cviceni.StringBuilderAndBufferTest"/>
  <testcase name="testBuilderAppend" time="0,001" classname="cviceni.StringBuilderAndBufferTest"/>
  <testcase name="testBuilderAppend" time="0,000" classname="cviceni.StringBuilderAndBufferTest"/>
  <testcase name="testBufferAppendDelete" time="0,000" classname="cviceni.StringBuilderAndBufferTest"/>
  <testcase name="testBufferAppend" time="0,001" classname="cviceni.StringBuilderAndBufferTest"/>
  <testcase name="testBufferAppendDelete" time="0,001" classname="cviceni.StringBuilderAndBufferTest"/>
  <testcase name="testBuilderAppend" time="0,000" classname="cviceni.StringBuilderAndBufferTest"/>
  <testcase name="testBuilderAppendDelete" time="0,000" classname="cviceni.StringBuilderAndBufferTest"/>
  <testcase name="testBuilderAppendDelete" time="0,001" classname="cviceni.StringBuilderAndBufferTest"/>
  <testcase name="testBuilderAppendDelete" time="0,000" classname="cviceni.StringBuilderAndBufferTest"/>
  <testcase name="testBuilderAppend" time="0,000" classname="cviceni.StringBuilderAndBufferTest"/>
  <testcase name="testBufferAppendDelete" time="0,001" classname="cviceni.StringBuilderAndBufferTest"/>
  <testcase name="testBufferAppend" time="0,001" classname="cviceni.StringBuilderAndBufferTest"/>
  <testcase name="testBufferAppendDelete" time="0,000" classname="cviceni.StringBuilderAndBufferTest"/>
  <testcase name="testBuilderAppend" time="0,000" classname="cviceni.StringBuilderAndBufferTest"/>
  <testcase name="testBuilderAppend" time="0,001" classname="cviceni.StringBuilderAndBufferTest"/>
  <testcase name="testBufferAppendDelete" time="0,000" classname="cviceni.StringBuilderAndBufferTest"/>
  <testcase name="testBufferAppendDelete" time="0,000" classname="cviceni.StringBuilderAndBufferTest"/>
  <testcase name="testBufferAppendDelete" time="0,000" classname="cviceni.StringBuilderAndBufferTest"/>
  <testcase name="testBufferAppendDelete" time="0,000" classname="cviceni.StringBuilderAndBufferTest"/>
  <testcase name="testBuilderAppend" time="0,000" classname="cviceni.StringBuilderAndBufferTest"/>
  <testcase name="testBuilderAppend" time="0,001" classname="cviceni.StringBuilderAndBufferTest"/>
  <testcase name="testBufferAppendDelete" time="0,001" classname="cviceni.StringBuilderAndBufferTest"/>
  <testcase name="testBufferAppend" time="0,000" classname="cviceni.StringBuilderAndBufferTest"/>
  <testcase name="testBufferAppendDelete" time="0,000" classname="cviceni.StringBuilderAndBufferTest"/>
  <testcase name="testBuilderAppendDelete" time="0,000" classname="cviceni.StringBuilderAndBufferTest"/>
  <testcase name="testBufferAppend" time="0,000" classname="cviceni.StringBuilderAndBufferTest"/>
  <testcase name="testBufferAppendDelete" time="0,000" classname="cviceni.StringBuilderAndBufferTest"/>
  <testcase name="testBuilderAppend" time="0,000" classname="cviceni.StringBuilderAndBufferTest"/>
  <testcase name="testBufferAppendDelete" time="0,000" classname="cviceni.StringBuilderAndBufferTest"/>
  <testcase name="testBuilderAppend" time="0,000" classname="cviceni.StringBuilderAndBufferTest"/>
  <testcase name="testBufferAppend" time="0,000" classname="cviceni.StringBuilderAndBufferTest"/>
  <testcase name="testBuilderAppend" time="0,001" classname="cviceni.StringBuilderAndBufferTest"/>
  <testcase name="testBufferAppend" time="0,000" classname="cviceni.StringBuilderAndBufferTest"/>
  <testcase name="testBufferAppend" time="0,001" classname="cviceni.StringBuilderAndBufferTest"/>
  <testcase name="testBuilderAppendDelete" time="0,001" classname="cviceni.StringBuilderAndBufferTest"/>
  <testcase name="testBufferAppend" time="0,000" classname="cviceni.StringBuilderAndBufferTest"/>
  <testcase name="testBufferAppendDelete" time="0,000" classname="cviceni.StringBuilderAndBufferTest"/>
  <testcase name="testBuilderAppend" time="0,001" classname="cviceni.StringBuilderAndBufferTest"/>
  <testcase name="testBufferAppend" time="0,000" classname="cviceni.StringBuilderAndBufferTest"/>
  <testcase name="testBuilderAppend" time="0,001" classname="cviceni.StringBuilderAndBufferTest"/>
  <testcase name="testBufferAppendDelete" time="0,000" classname="cviceni.StringBuilderAndBufferTest"/>
  <testcase name="testBufferAppendDelete" time="0,000" classname="cviceni.StringBuilderAndBufferTest"/>
  <testcase name="testBuilderAppendDelete" time="0,000" classname="cviceni.StringBuilderAndBufferTest"/>
  <testcase name="testBufferAppend" time="0,000" classname="cviceni.StringBuilderAndBufferTest"/>
  <testcase name="testBuilderAppendDelete" time="0,000" classname="cviceni.StringBuilderAndBufferTest"/>
  <testcase name="testBuilderAppendDelete" time="0,000" classname="cviceni.StringBuilderAndBufferTest"/>
  <testcase name="testBuilderAppendDelete" time="0,000" classname="cviceni.StringBuilderAndBufferTest"/>
  <testcase name="testBuilderAppendDelete" time="0,000" classname="cviceni.StringBuilderAndBufferTest"/>
  <testcase name="testBuilderAppend" time="0,000" classname="cviceni.StringBuilderAndBufferTest"/>
  <testcase name="testBufferAppendDelete" time="0,000" classname="cviceni.StringBuilderAndBufferTest"/>
  <testcase name="testBufferAppend" time="0,000" classname="cviceni.StringBuilderAndBufferTest"/>
  <testcase name="testBuilderAppend" time="0,000" classname="cviceni.StringBuilderAndBufferTest"/>
  <testcase name="testBufferAppend" time="0,001" classname="cviceni.StringBuilderAndBufferTest"/>
  <testcase name="testBufferAppendDelete" time="0,001" classname="cviceni.StringBuilderAndBufferTest"/>
  <testcase name="testBufferAppendDelete" time="0,000" classname="cviceni.StringBuilderAndBufferTest"/>
  <testcase name="testBufferAppend" time="0,000" classname="cviceni.StringBuilderAndBufferTest"/>
  <testcase name="testBufferAppendDelete" time="0,000" classname="cviceni.StringBuilderAndBufferTest"/>
  <testcase name="testBufferAppend" time="0,000" classname="cviceni.StringBuilderAndBufferTest"/>
  <testcase name="testBufferAppend" time="0,000" classname="cviceni.StringBuilderAndBufferTest"/>
  <testcase name="testBuilderAppend" time="0,001" classname="cviceni.StringBuilderAndBufferTest"/>
  <testcase name="testBuilderAppend" time="0,001" classname="cviceni.StringBuilderAndBufferTest"/>
  <testcase name="testBuilderAppendDelete" time="0,000" classname="cviceni.StringBuilderAndBufferTest"/>
  <testcase name="testBufferAppend" time="0,000" classname="cviceni.StringBuilderAndBufferTest"/>
  <testcase name="testBuilderAppendDelete" time="0,000" classname="cviceni.StringBuilderAndBufferTest"/>
  <testcase name="testBufferAppend" time="0,000" classname="cviceni.StringBuilderAndBufferTest"/>
  <testcase name="testBuilderAppendDelete" time="0,000" classname="cviceni.StringBuilderAndBufferTest"/>
  <testcase name="testBufferAppend" time="0,000" classname="cviceni.StringBuilderAndBufferTest"/>
  <testcase name="testBuilderAppend" time="0,000" classname="cviceni.StringBuilderAndBufferTest"/>
  <testcase name="testBufferAppend" time="0,001" classname="cviceni.StringBuilderAndBufferTest"/>
  <testcase name="testBufferAppendDelete" time="0,000" classname="cviceni.StringBuilderAndBufferTest"/>
  <testcase name="testBuilderAppendDelete" time="0,000" classname="cviceni.StringBuilderAndBufferTest"/>
  <testcase name="testBufferAppend" time="0,000" classname="cviceni.StringBuilderAndBufferTest"/>
  <testcase name="testBuilderAppend" time="0,001" classname="cviceni.StringBuilderAndBufferTest"/>
  <testcase name="testBuilderAppend" time="0,017" classname="cviceni.StringBuilderAndBufferTest"/>
  <testcase name="testBufferAppend" time="0,001" classname="cviceni.StringBuilderAndBufferTest"/>
  <testcase name="testBufferAppend" time="0,000" classname="cviceni.StringBuilderAndBufferTest"/>
  <testcase name="testBufferAppendDelete" time="0,000" classname="cviceni.StringBuilderAndBufferTest"/>
  <testcase name="testBufferAppendDelete" time="0,001" classname="cviceni.StringBuilderAndBufferTest"/>
  <testcase name="testBufferAppend" time="0,001" classname="cviceni.StringBuilderAndBufferTest"/>
  <testcase name="testBufferAppend" time="0,000" classname="cviceni.StringBuilderAndBufferTest"/>
  <testcase name="testBufferAppend" time="0,000" classname="cviceni.StringBuilderAndBufferTest"/>
  <testcase name="testBuilderAppend" time="0,000" classname="cviceni.StringBuilderAndBufferTest"/>
  <testcase name="testBufferAppend" time="0,000" classname="cviceni.StringBuilderAndBufferTest"/>
  <testcase name="testBufferAppendDelete" time="0,000" classname="cviceni.StringBuilderAndBufferTest"/>
  <testcase name="testBufferAppend" time="0,001" classname="cviceni.StringBuilderAndBufferTest"/>
  <testcase name="testBuilderAppend" time="0,001" classname="cviceni.StringBuilderAndBufferTest"/>
  <testcase name="testBuilderAppendDelete" time="0,000" classname="cviceni.StringBuilderAndBufferTest"/>
  <testcase name="testBufferAppendDelete" time="0,001" classname="cviceni.StringBuilderAndBufferTest"/>
  <testcase name="testBufferAppendDelete" time="0,000" classname="cviceni.StringBuilderAndBufferTest"/>
  <testcase name="testBuilderAppendDelete" time="0,000" classname="cviceni.StringBuilderAndBufferTest"/>
  <testcase name="testBuilderAppendDelete" time="0,000" classname="cviceni.StringBuilderAndBufferTest"/>
  <testcase name="testBufferAppendDelete" time="0,000" classname="cviceni.StringBuilderAndBufferTest"/>
  <testcase name="testBuilderAppend" time="0,000" classname="cviceni.StringBuilderAndBufferTest"/>
  <testcase name="testBuilderAppendDelete" time="0,001" classname="cviceni.StringBuilderAndBufferTest"/>
  <testcase name="testBufferAppendDelete" time="0,000" classname="cviceni.StringBuilderAndBufferTest"/>
  <testcase name="testBufferAppend" time="0,061" classname="cviceni.StringBuilderAndBufferTest"/>
  <testcase name="testBufferAppend" time="0,001" classname="cviceni.StringBuilderAndBufferTest"/>
  <testcase name="testBuilderAppend" time="0,000" classname="cviceni.StringBuilderAndBufferTest"/>
  <testcase name="testBufferAppendDelete" time="0,000" classname="cviceni.StringBuilderAndBufferTest"/>
  <testcase name="testBuilderAppend" time="0,000" classname="cviceni.StringBuilderAndBufferTest"/>
  <testcase name="testBuilderAppend" time="0,000" classname="cviceni.StringBuilderAndBufferTest"/>
  <testcase name="testBuilderAppend" time="0,001" classname="cviceni.StringBuilderAndBufferTest"/>
  <testcase name="testBufferAppendDelete" time="0,000" classname="cviceni.StringBuilderAndBufferTest"/>
  <testcase name="testBuilderAppendDelete" time="0,000" classname="cviceni.StringBuilderAndBufferTest"/>
  <testcase name="testBufferAppendDelete" time="0,000" classname="cviceni.StringBuilderAndBufferTest"/>
  <testcase name="testBuilderAppendDelete" time="0,000" classname="cviceni.StringBuilderAndBufferTest"/>
  <testcase name="testBufferAppend" time="0,000" classname="cviceni.StringBuilderAndBufferTest"/>
  <testcase name="testBufferAppend" time="0,001" classname="cviceni.StringBuilderAndBufferTest"/>
  <testcase name="testBufferAppend" time="0,001" classname="cviceni.StringBuilderAndBufferTest"/>
  <testcase name="testBufferAppendDelete" time="0,000" classname="cviceni.StringBuilderAndBufferTest"/>
  <testcase name="testBuilderAppend" time="0,000" classname="cviceni.StringBuilderAndBufferTest"/>
  <testcase name="testBufferAppend" time="0,000" classname="cviceni.StringBuilderAndBufferTest"/>
  <testcase name="testBufferAppendDelete" time="0,000" classname="cviceni.StringBuilderAndBufferTest"/>
  <testcase name="testBuilderAppend" time="0,000" classname="cviceni.StringBuilderAndBufferTest"/>
  <testcase name="testBufferAppend" time="0,000" classname="cviceni.StringBuilderAndBufferTest"/>
  <testcase name="testBuilderAppend" time="0,001" classname="cviceni.StringBuilderAndBufferTest"/>
  <testcase name="testBuilderAppend" time="0,000" classname="cviceni.StringBuilderAndBufferTest"/>
  <testcase name="testBufferAppendDelete" time="0,000" classname="cviceni.StringBuilderAndBufferTest"/>
  <testcase name="testBuilderAppend" time="0,001" classname="cviceni.StringBuilderAndBufferTest"/>
  <testcase name="testBuilderAppend" time="0,030" classname="cviceni.StringBuilderAndBufferTest"/>
  <testcase name="testBuilderAppend" time="0,001" classname="cviceni.StringBuilderAndBufferTest"/>
  <testcase name="testBuilderAppend" time="0,000" classname="cviceni.StringBuilderAndBufferTest"/>
  <testcase name="testBufferAppend" time="0,001" classname="cviceni.StringBuilderAndBufferTest"/>
  <testcase name="testBuilderAppend" time="0,001" classname="cviceni.StringBuilderAndBufferTest"/>
  <testcase name="testBuilderAppend" time="0,000" classname="cviceni.StringBuilderAndBufferTest"/>
  <testcase name="testBufferAppendDelete" time="0,000" classname="cviceni.StringBuilderAndBufferTest"/>
  <testcase name="testBufferAppend" time="0,000" classname="cviceni.StringBuilderAndBufferTest"/>
  <testcase name="testBuilderAppend" time="0,000" classname="cviceni.StringBuilderAndBufferTest"/>
  <testcase name="testBuilderAppendDelete" time="0,000" classname="cviceni.StringBuilderAndBufferTest"/>
  <testcase name="testBuilderAppendDelete" time="0,000" classname="cviceni.StringBuilderAndBufferTest"/>
  <testcase name="testBufferAppendDelete" time="0,001" classname="cviceni.StringBuilderAndBufferTest"/>
  <testcase name="testBuilderAppendDelete" time="0,001" classname="cviceni.StringBuilderAndBufferTest"/>
  <testcase name="testBuilderAppend" time="0,000" classname="cviceni.StringBuilderAndBufferTest"/>
  <testcase name="testBuilderAppend" time="0,000" classname="cviceni.StringBuilderAndBufferTest"/>
  <testcase name="testBufferAppend" time="0,000" classname="cviceni.StringBuilderAndBufferTest"/>
  <testcase name="testBuilderAppend" time="0,000" classname="cviceni.StringBuilderAndBufferTest"/>
  <testcase name="testBuilderAppendDelete" time="0,000" classname="cviceni.StringBuilderAndBufferTest"/>
  <testcase name="testBuilderAppendDelete" time="0,000" classname="cviceni.StringBuilderAndBufferTest"/>
  <testcase name="testBuilderAppend" time="0,000" classname="cviceni.StringBuilderAndBufferTest"/>
  <testcase name="testBuilderAppend" time="0,001" classname="cviceni.StringBuilderAndBufferTest"/>
  <testcase name="testBuilderAppend" time="0,000" classname="cviceni.StringBuilderAndBufferTest"/>
  <testcase name="testBufferAppendDelete" time="0,000" classname="cviceni.StringBuilderAndBufferTest"/>
  <testcase name="testBufferAppendDelete" time="0,000" classname="cviceni.StringBuilderAndBufferTest"/>
  <testcase name="testBufferAppend" time="0,001" classname="cviceni.StringBuilderAndBufferTest"/>
  <testcase name="testBuilderAppend" time="0,001" classname="cviceni.StringBuilderAndBufferTest"/>
  <testcase name="testBufferAppend" time="0,000" classname="cviceni.StringBuilderAndBufferTest"/>
  <testcase name="testBufferAppend" time="0,000" classname="cviceni.StringBuilderAndBufferTest"/>
  <testcase name="testBuilderAppend" time="0,000" classname="cviceni.StringBuilderAndBufferTest"/>
  <testcase name="testBuilderAppendDelete" time="0,000" classname="cviceni.StringBuilderAndBufferTest"/>
  <testcase name="testBufferAppendDelete" time="0,000" classname="cviceni.StringBuilderAndBufferTest"/>
  <testcase name="testBufferAppend" time="0,001" classname="cviceni.StringBuilderAndBufferTest"/>
  <testcase name="testBufferAppend" time="0,000" classname="cviceni.StringBuilderAndBufferTest"/>
  <testcase name="testBufferAppendDelete" time="0,000" classname="cviceni.StringBuilderAndBufferTest"/>
  <testcase name="testBuilderAppendDelete" time="0,000" classname="cviceni.StringBuilderAndBufferTest"/>
  <testcase name="testBufferAppendDelete" time="0,000" classname="cviceni.StringBuilderAndBufferTest"/>
  <testcase name="testBufferAppend" time="0,000" classname="cviceni.StringBuilderAndBufferTest"/>
  <testcase name="testBufferAppend" time="0,000" classname="cviceni.StringBuilderAndBufferTest"/>
  <testcase name="testBuilderAppend" time="0,000" classname="cviceni.StringBuilderAndBufferTest"/>
  <testcase name="testBufferAppend" time="0,000" classname="cviceni.StringBuilderAndBufferTest"/>
  <testcase name="testBuilderAppend" time="0,000" classname="cviceni.StringBuilderAndBufferTest"/>
  <testcase name="testBuilderAppend" time="0,000" classname="cviceni.StringBuilderAndBufferTest"/>
  <testcase name="testBufferAppendDelete" time="0,000" classname="cviceni.StringBuilderAndBufferTest"/>
  <testcase name="testBuilderAppendDelete" time="0,001" classname="cviceni.StringBuilderAndBufferTest"/>
  <testcase name="testBufferAppendDelete" time="0,000" classname="cviceni.StringBuilderAndBufferTest"/>
  <testcase name="testBuilderAppendDelete" time="0,000" classname="cviceni.StringBuilderAndBufferTest"/>
  <testcase name="testBufferAppendDelete" time="0,000" classname="cviceni.StringBuilderAndBufferTest"/>
  <testcase name="testBuilderAppend" time="0,000" classname="cviceni.StringBuilderAndBufferTest"/>
  <testcase name="testBuilderAppendDelete" time="0,001" classname="cviceni.StringBuilderAndBufferTest"/>
  <testcase name="testBuilderAppend" time="0,000" classname="cviceni.StringBuilderAndBufferTest"/>
  <testcase name="testBuilderAppend" time="0,000" classname="cviceni.StringBuilderAndBufferTest"/>
  <testcase name="testBuilderAppend" time="0,000" classname="cviceni.StringBuilderAndBufferTest"/>
  <testcase name="testBuilderAppend" time="0,000" classname="cviceni.StringBuilderAndBufferTest"/>
  <testcase name="testBufferAppend" time="0,000" classname="cviceni.StringBuilderAndBufferTest"/>
  <testcase name="testBuilderAppendDelete" time="0,000" classname="cviceni.StringBuilderAndBufferTest"/>
  <testcase name="testBuilderAppendDelete" time="0,001" classname="cviceni.StringBuilderAndBufferTest"/>
  <testcase name="testBuilderAppend" time="0,000" classname="cviceni.StringBuilderAndBufferTest"/>
  <testcase name="testBuilderAppendDelete" time="0,000" classname="cviceni.StringBuilderAndBufferTest"/>
  <testcase name="testBuilderAppend" time="0,000" classname="cviceni.StringBuilderAndBufferTest"/>
  <testcase name="testBufferAppendDelete" time="0,001" classname="cviceni.StringBuilderAndBufferTest"/>
  <testcase name="testBufferAppend" time="0,000" classname="cviceni.StringBuilderAndBufferTest"/>
  <testcase name="testBufferAppendDelete" time="0,000" classname="cviceni.StringBuilderAndBufferTest"/>
  <testcase name="testBufferAppend" time="0,000" classname="cviceni.StringBuilderAndBufferTest"/>
  <testcase name="testBuilderAppendDelete" time="0,000" classname="cviceni.StringBuilderAndBufferTest"/>
  <testcase name="testBufferAppendDelete" time="0,000" classname="cviceni.StringBuilderAndBufferTest"/>
  <testcase name="testBuilderAppendDelete" time="0,000" classname="cviceni.StringBuilderAndBufferTest"/>
  <testcase name="testBuilderAppend" time="0,000" classname="cviceni.StringBuilderAndBufferTest"/>
  <testcase name="testBufferAppend" time="0,001" classname="cviceni.StringBuilderAndBufferTest"/>
  <testcase name="testBuilderAppend" time="0,001" classname="cviceni.StringBuilderAndBufferTest"/>
  <testcase name="testBuilderAppendDelete" time="0,000" classname="cviceni.StringBuilderAndBufferTest"/>
  <testcase name="testBuilderAppend" time="0,000" classname="cviceni.StringBuilderAndBufferTest"/>
  <testcase name="testBufferAppendDelete" time="0,001" classname="cviceni.StringBuilderAndBufferTest"/>
  <testcase name="testBufferAppend" time="0,000" classname="cviceni.StringBuilderAndBufferTest"/>
  <testcase name="testBuilderAppend" time="0,001" classname="cviceni.StringBuilderAndBufferTest"/>
  <testcase name="testBufferAppendDelete" time="0,000" classname="cviceni.StringBuilderAndBufferTest"/>
  <testcase name="testBuilderAppendDelete" time="0,000" classname="cviceni.StringBuilderAndBufferTest"/>
  <testcase name="testBufferAppendDelete" time="0,001" classname="cviceni.StringBuilderAndBufferTest"/>
  <testcase name="testBuilderAppend" time="0,000" classname="cviceni.StringBuilderAndBufferTest"/>
  <testcase name="testBuilderAppendDelete" time="0,000" classname="cviceni.StringBuilderAndBufferTest"/>
  <testcase name="testBuilderAppendDelete" time="0,000" classname="cviceni.StringBuilderAndBufferTest"/>
  <testcase name="testBuilderAppendDelete" time="0,000" classname="cviceni.StringBuilderAndBufferTest"/>
  <testcase name="testBuilderAppend" time="0,000" classname="cviceni.StringBuilderAndBufferTest"/>
  <testcase name="testBufferAppendDelete" time="0,000" classname="cviceni.StringBuilderAndBufferTest"/>
  <testcase name="testBuilderAppend" time="0,001" classname="cviceni.StringBuilderAndBufferTest"/>
  <testcase name="testBufferAppendDelete" time="0,000" classname="cviceni.StringBuilderAndBufferTest"/>
  <testcase name="testBuilderAppendDelete" time="0,000" classname="cviceni.StringBuilderAndBufferTest"/>
  <testcase name="testBufferAppendDelete" time="0,001" classname="cviceni.StringBuilderAndBufferTest"/>
  <testcase name="testBuilderAppendDelete" time="0,001" classname="cviceni.StringBuilderAndBufferTest"/>
  <testcase name="testBuilderAppendDelete" time="0,001" classname="cviceni.StringBuilderAndBufferTest"/>
  <testcase name="testBuilderAppend" time="0,000" classname="cviceni.StringBuilderAndBufferTest"/>
  <testcase name="testBufferAppend" time="0,001" classname="cviceni.StringBuilderAndBufferTest"/>
  <testcase name="testBufferAppendDelete" time="0,001" classname="cviceni.StringBuilderAndBufferTest"/>
  <testcase name="testBufferAppend" time="0,001" classname="cviceni.StringBuilderAndBufferTest"/>
  <testcase name="testBufferAppend" time="0,000" classname="cviceni.StringBuilderAndBufferTest"/>
  <testcase name="testBufferAppend" time="0,000" classname="cviceni.StringBuilderAndBufferTest"/>
  <testcase name="testBufferAppendDelete" time="0,000" classname="cviceni.StringBuilderAndBufferTest"/>
  <testcase name="testBufferAppend" time="0,001" classname="cviceni.StringBuilderAndBufferTest"/>
  <testcase name="testBufferAppendDelete" time="0,000" classname="cviceni.StringBuilderAndBufferTest"/>
  <testcase name="testBufferAppend" time="0,000" classname="cviceni.StringBuilderAndBufferTest"/>
  <testcase name="testBufferAppendDelete" time="0,000" classname="cviceni.StringBuilderAndBufferTest"/>
  <testcase name="testBufferAppendDelete" time="0,000" classname="cviceni.StringBuilderAndBufferTest"/>
  <testcase name="testBuilderAppend" time="0,000" classname="cviceni.StringBuilderAndBufferTest"/>
  <testcase name="testBufferAppendDelete" time="0,000" classname="cviceni.StringBuilderAndBufferTest"/>
  <testcase name="testBufferAppend" time="0,000" classname="cviceni.StringBuilderAndBufferTest"/>
  <testcase name="testBufferAppendDelete" time="0,000" classname="cviceni.StringBuilderAndBufferTest"/>
  <testcase name="testBuilderAppendDelete" time="0,000" classname="cviceni.StringBuilderAndBufferTest"/>
  <testcase name="testBuilderAppendDelete" time="0,000" classname="cviceni.StringBuilderAndBufferTest"/>
  <testcase name="testBufferAppend" time="0,000" classname="cviceni.StringBuilderAndBufferTest"/>
  <testcase name="testBufferAppendDelete" time="0,000" classname="cviceni.StringBuilderAndBufferTest"/>
  <testcase name="testBuilderAppendDelete" time="0,000" classname="cviceni.StringBuilderAndBufferTest"/>
  <testcase name="testBufferAppendDelete" time="0,000" classname="cviceni.StringBuilderAndBufferTest"/>
  <testcase name="testBuilderAppend" time="0,001" classname="cviceni.StringBuilderAndBufferTest"/>
  <testcase name="testBuilderAppendDelete" time="0,000" classname="cviceni.StringBuilderAndBufferTest"/>
  <testcase name="testBufferAppend" time="0,000" classname="cviceni.StringBuilderAndBufferTest"/>
  <testcase name="testBufferAppendDelete" time="0,001" classname="cviceni.StringBuilderAndBufferTest"/>
  <testcase name="testBuilderAppend" time="0,001" classname="cviceni.StringBuilderAndBufferTest"/>
  <testcase name="testBuilderAppend" time="0,000" classname="cviceni.StringBuilderAndBufferTest"/>
  <testcase name="testBuilderAppendDelete" time="0,000" classname="cviceni.StringBuilderAndBufferTest"/>
  <testcase name="testBuilderAppendDelete" time="0,000" classname="cviceni.StringBuilderAndBufferTest"/>
  <testcase name="testBuilderAppend" time="0,007" classname="cviceni.StringBuilderAndBufferTest"/>
  <testcase name="testBufferAppendDelete" time="0,000" classname="cviceni.StringBuilderAndBufferTest"/>
  <testcase name="testBufferAppendDelete" time="0,001" classname="cviceni.StringBuilderAndBufferTest"/>
  <testcase name="testBuilderAppend" time="0,006" classname="cviceni.StringBuilderAndBufferTest"/>
  <testcase name="testBufferAppendDelete" time="0,000" classname="cviceni.StringBuilderAndBufferTest"/>
  <testcase name="testBufferAppend" time="0,000" classname="cviceni.StringBuilderAndBufferTest"/>
  <testcase name="testBuilderAppendDelete" time="0,000" classname="cviceni.StringBuilderAndBufferTest"/>
  <testcase name="testBuilderAppendDelete" time="0,002" classname="cviceni.StringBuilderAndBufferTest"/>
  <testcase name="testBufferAppend" time="0,000" classname="cviceni.StringBuilderAndBufferTest"/>
  <testcase name="testBufferAppend" time="0,000" classname="cviceni.StringBuilderAndBufferTest"/>
  <testcase name="testBufferAppendDelete" time="0,000" classname="cviceni.StringBuilderAndBufferTest"/>
  <testcase name="testBuilderAppend" time="0,001" classname="cviceni.StringBuilderAndBufferTest"/>
  <testcase name="testBufferAppend" time="0,000" classname="cviceni.StringBuilderAndBufferTest"/>
  <testcase name="testBuilderAppend" time="0,000" classname="cviceni.StringBuilderAndBufferTest"/>
  <testcase name="testBuilderAppend" time="0,000" classname="cviceni.StringBuilderAndBufferTest"/>
  <testcase name="testBufferAppend" time="0,000" classname="cviceni.StringBuilderAndBufferTest"/>
  <testcase name="testBuilderAppend" time="0,000" classname="cviceni.StringBuilderAndBufferTest"/>
  <testcase name="testBuilderAppend" time="0,000" classname="cviceni.StringBuilderAndBufferTest"/>
  <testcase name="testBuilderAppendDelete" time="0,000" classname="cviceni.StringBuilderAndBufferTest"/>
  <testcase name="testBufferAppend" time="0,001" classname="cviceni.StringBuilderAndBufferTest"/>
  <testcase name="testBufferAppendDelete" time="0,000" classname="cviceni.StringBuilderAndBufferTest"/>
  <testcase name="testBufferAppend" time="0,000" classname="cviceni.StringBuilderAndBufferTest"/>
  <testcase name="testBuilderAppend" time="0,000" classname="cviceni.StringBuilderAndBufferTest"/>
  <testcase name="testBuilderAppendDelete" time="0,001" classname="cviceni.StringBuilderAndBufferTest"/>
  <testcase name="testBuilderAppendDelete" time="0,000" classname="cviceni.StringBuilderAndBufferTest"/>
  <testcase name="testBufferAppendDelete" time="0,000" classname="cviceni.StringBuilderAndBufferTest"/>
  <testcase name="testBufferAppendDelete" time="0,001" classname="cviceni.StringBuilderAndBufferTest"/>
  <testcase name="testBuilderAppendDelete" time="0,000" classname="cviceni.StringBuilderAndBufferTest"/>
  <testcase name="testBuilderAppend" time="0,000" classname="cviceni.StringBuilderAndBufferTest"/>
  <testcase name="testBuilderAppend" time="0,001" classname="cviceni.StringBuilderAndBufferTest"/>
  <testcase name="testBufferAppend" time="0,000" classname="cviceni.StringBuilderAndBufferTest"/>
  <testcase name="testBuilderAppendDelete" time="0,000" classname="cviceni.StringBuilderAndBufferTest"/>
  <testcase name="testBuilderAppend" time="0,000" classname="cviceni.StringBuilderAndBufferTest"/>
  <testcase name="testBuilderAppend" time="0,000" classname="cviceni.StringBuilderAndBufferTest"/>
  <testcase name="testBufferAppendDelete" time="0,000" classname="cviceni.StringBuilderAndBufferTest"/>
  <testcase name="testBufferAppendDelete" time="0,000" classname="cviceni.StringBuilderAndBufferTest"/>
  <testcase name="testBuilderAppend" time="0,001" classname="cviceni.StringBuilderAndBufferTest"/>
  <testcase name="testBufferAppend" time="0,000" classname="cviceni.StringBuilderAndBufferTest"/>
  <testcase name="testBuilderAppend" time="0,000" classname="cviceni.StringBuilderAndBufferTest"/>
  <testcase name="testBufferAppendDelete" time="0,000" classname="cviceni.StringBuilderAndBufferTest"/>
  <testcase name="testBuilderAppend" time="0,000" classname="cviceni.StringBuilderAndBufferTest"/>
  <testcase name="testBufferAppend" time="0,000" classname="cviceni.StringBuilderAndBufferTest"/>
  <testcase name="testBufferAppend" time="0,000" classname="cviceni.StringBuilderAndBufferTest"/>
  <testcase name="testBufferAppendDelete" time="0,001" classname="cviceni.StringBuilderAndBufferTest"/>
  <testcase name="testBuilderAppendDelete" time="0,000" classname="cviceni.StringBuilderAndBufferTest"/>
  <testcase name="testBuilderAppendDelete" time="0,000" classname="cviceni.StringBuilderAndBufferTest"/>
  <testcase name="testBufferAppend" time="0,000" classname="cviceni.StringBuilderAndBufferTest"/>
  <testcase name="testBufferAppend" time="0,001" classname="cviceni.StringBuilderAndBufferTest"/>
  <testcase name="testBufferAppendDelete" time="0,001" classname="cviceni.StringBuilderAndBufferTest"/>
  <testcase name="testBuilderAppendDelete" time="0,000" classname="cviceni.StringBuilderAndBufferTest"/>
  <testcase name="testBufferAppend" time="0,000" classname="cviceni.StringBuilderAndBufferTest"/>
  <testcase name="testBuilderAppendDelete" time="0,000" classname="cviceni.StringBuilderAndBufferTest"/>
  <testcase name="testBufferAppend" time="0,000" classname="cviceni.StringBuilderAndBufferTest"/>
  <testcase name="testBufferAppend" time="0,000" classname="cviceni.StringBuilderAndBufferTest"/>
  <testcase name="testBuilderAppendDelete" time="0,000" classname="cviceni.StringBuilderAndBufferTest"/>
  <testcase name="testBuilderAppendDelete" time="0,000" classname="cviceni.StringBuilderAndBufferTest"/>
  <testcase name="testBufferAppendDelete" time="0,000" classname="cviceni.StringBuilderAndBufferTest"/>
  <testcase name="testBufferAppend" time="0,000" classname="cviceni.StringBuilderAndBufferTest"/>
  <testcase name="testBufferAppendDelete" time="0,000" classname="cviceni.StringBuilderAndBufferTest"/>
  <testcase name="testBuilderAppend" time="0,001" classname="cviceni.StringBuilderAndBufferTest"/>
  <testcase name="testBufferAppend" time="0,001" classname="cviceni.StringBuilderAndBufferTest"/>
  <testcase name="testBufferAppendDelete" time="0,000" classname="cviceni.StringBuilderAndBufferTest"/>
  <testcase name="testBufferAppendDelete" time="0,000" classname="cviceni.StringBuilderAndBufferTest"/>
  <testcase name="testBuilderAppendDelete" time="0,001" classname="cviceni.StringBuilderAndBufferTest"/>
  <testcase name="testBufferAppendDelete" time="0,000" classname="cviceni.StringBuilderAndBufferTest"/>
  <testcase name="testBuilderAppend" time="0,001" classname="cviceni.StringBuilderAndBufferTest"/>
  <testcase name="testBuilderAppendDelete" time="0,000" classname="cviceni.StringBuilderAndBufferTest"/>
  <testcase name="testBuilderAppendDelete" time="0,000" classname="cviceni.StringBuilderAndBufferTest"/>
  <testcase name="testBuilderAppendDelete" time="0,000" classname="cviceni.StringBuilderAndBufferTest"/>
  <testcase name="testBuilderAppendDelete" time="0,000" classname="cviceni.StringBuilderAndBufferTest"/>
  <testcase name="testBufferAppendDelete" time="0,000" classname="cviceni.StringBuilderAndBufferTest"/>
  <testcase name="testBufferAppend" time="0,000" classname="cviceni.StringBuilderAndBufferTest"/>
  <testcase name="testBufferAppend" time="0,000" classname="cviceni.StringBuilderAndBufferTest"/>
  <testcase name="testBuilderAppend" time="0,000" classname="cviceni.StringBuilderAndBufferTest"/>
  <testcase name="testBuilderAppend" time="0,000" classname="cviceni.StringBuilderAndBufferTest"/>
  <testcase name="testBufferAppend" time="0,000" classname="cviceni.StringBuilderAndBufferTest"/>
  <testcase name="testBuilderAppend" time="0,000" classname="cviceni.StringBuilderAndBufferTest"/>
  <testcase name="testBufferAppendDelete" time="0,000" classname="cviceni.StringBuilderAndBufferTest"/>
  <testcase name="testBuilderAppend" time="0,000" classname="cviceni.StringBuilderAndBufferTest"/>
  <testcase name="testBuilderAppend" time="0,000" classname="cviceni.StringBuilderAndBufferTest"/>
  <testcase name="testBuilderAppendDelete" time="0,000" classname="cviceni.StringBuilderAndBufferTest"/>
  <testcase name="testBufferAppendDelete" time="0,000" classname="cviceni.StringBuilderAndBufferTest"/>
  <testcase name="testBufferAppend" time="0,000" classname="cviceni.StringBuilderAndBufferTest"/>
  <testcase name="testBuilderAppend" time="0,001" classname="cviceni.StringBuilderAndBufferTest"/>
  <testcase name="testBufferAppend" time="0,000" classname="cviceni.StringBuilderAndBufferTest"/>
  <testcase name="testBuilderAppendDelete" time="0,000" classname="cviceni.StringBuilderAndBufferTest"/>
  <testcase name="testBufferAppend" time="0,000" classname="cviceni.StringBuilderAndBufferTest"/>
  <testcase name="testBufferAppend" time="0,000" classname="cviceni.StringBuilderAndBufferTest"/>
  <testcase name="testBuilderAppend" time="0,000" classname="cviceni.StringBuilderAndBufferTest"/>
  <testcase name="testBufferAppendDelete" time="0,000" classname="cviceni.StringBuilderAndBufferTest"/>
  <testcase name="testBufferAppend" time="0,001" classname="cviceni.StringBuilderAndBufferTest"/>
  <testcase name="testBuilderAppendDelete" time="0,001" classname="cviceni.StringBuilderAndBufferTest"/>
  <testcase name="testBuilderAppend" time="0,000" classname="cviceni.StringBuilderAndBufferTest"/>
  <testcase name="testBufferAppendDelete" time="0,001" classname="cviceni.StringBuilderAndBufferTest"/>
  <testcase name="testBuilderAppend" time="0,000" classname="cviceni.StringBuilderAndBufferTest"/>
  <testcase name="testBuilderAppend" time="0,001" classname="cviceni.StringBuilderAndBufferTest"/>
  <testcase name="testBuilderAppend" time="0,000" classname="cviceni.StringBuilderAndBufferTest"/>
  <testcase name="testBuilderAppend" time="0,001" classname="cviceni.StringBuilderAndBufferTest"/>
  <testcase name="testBuilderAppendDelete" time="0,001" classname="cviceni.StringBuilderAndBufferTest"/>
  <testcase name="testBuilderAppendDelete" time="0,000" classname="cviceni.StringBuilderAndBufferTest"/>
  <testcase name="testBuilderAppend" time="0,000" classname="cviceni.StringBuilderAndBufferTest"/>
  <testcase name="testBuilderAppendDelete" time="0,001" classname="cviceni.StringBuilderAndBufferTest"/>
  <testcase name="testBufferAppendDelete" time="0,001" classname="cviceni.StringBuilderAndBufferTest"/>
  <testcase name="testBufferAppendDelete" time="0,000" classname="cviceni.StringBuilderAndBufferTest"/>
  <testcase name="testBuilderAppendDelete" time="0,000" classname="cviceni.StringBuilderAndBufferTest"/>
  <testcase name="testBufferAppendDelete" time="0,000" classname="cviceni.StringBuilderAndBufferTest"/>
  <testcase name="testBufferAppendDelete" time="0,001" classname="cviceni.StringBuilderAndBufferTest"/>
  <testcase name="testBuilderAppendDelete" time="0,001" classname="cviceni.StringBuilderAndBufferTest"/>
  <testcase name="testBuilderAppendDelete" time="0,001" classname="cviceni.StringBuilderAndBufferTest"/>
  <testcase name="testBuilderAppendDelete" time="0,000" classname="cviceni.StringBuilderAndBufferTest"/>
  <testcase name="testBufferAppendDelete" time="0,001" classname="cviceni.StringBuilderAndBufferTest"/>
  <testcase name="testBufferAppend" time="0,000" classname="cviceni.StringBuilderAndBufferTest"/>
  <testcase name="testBuilderAppendDelete" time="0,001" classname="cviceni.StringBuilderAndBufferTest"/>
  <testcase name="testBuilderAppendDelete" time="0,001" classname="cviceni.StringBuilderAndBufferTest"/>
  <testcase name="testBuilderAppendDelete" time="0,160" classname="cviceni.StringBuilderAndBufferTest"/>
  <testcase name="testBuilderAppendDelete" time="0,064" classname="cviceni.StringBuilderAndBufferTest"/>
  <testcase name="testBufferAppendDelete" time="0,000" classname="cviceni.StringBuilderAndBufferTest"/>
  <testcase name="testBuilderAppendDelete" time="0,000" classname="cviceni.StringBuilderAndBufferTest"/>
  <testcase name="testBuilderAppendDelete" time="0,030" classname="cviceni.StringBuilderAndBufferTest"/>
  <testcase name="testBuilderAppend" time="0,000" classname="cviceni.StringBuilderAndBufferTest"/>
  <testcase name="testBuilderAppend" time="0,001" classname="cviceni.StringBuilderAndBufferTest"/>
  <testcase name="testBuilderAppendDelete" time="0,000" classname="cviceni.StringBuilderAndBufferTest"/>
  <testcase name="testBuilderAppendDelete" time="0,001" classname="cviceni.StringBuilderAndBufferTest"/>
  <testcase name="testBufferAppend" time="0,001" classname="cviceni.StringBuilderAndBufferTest"/>
  <testcase name="testBufferAppendDelete" time="0,001" classname="cviceni.StringBuilderAndBufferTest"/>
  <testcase name="testBufferAppend" time="0,001" classname="cviceni.StringBuilderAndBufferTest"/>
  <testcase name="testBufferAppend" time="0,000" classname="cviceni.StringBuilderAndBufferTest"/>
  <testcase name="testBufferAppend" time="0,000" classname="cviceni.StringBuilderAndBufferTest"/>
  <testcase name="testBufferAppend" time="0,000" classname="cviceni.StringBuilderAndBufferTest"/>
  <testcase name="testBufferAppendDelete" time="0,000" classname="cviceni.StringBuilderAndBufferTest"/>
  <testcase name="testBuilderAppend" time="0,001" classname="cviceni.StringBuilderAndBufferTest"/>
  <testcase name="testBufferAppend" time="0,000" classname="cviceni.StringBuilderAndBufferTest"/>
  <testcase name="testBufferAppend" time="0,000" classname="cviceni.StringBuilderAndBufferTest"/>
  <testcase name="testBuilderAppend" time="0,000" classname="cviceni.StringBuilderAndBufferTest"/>
  <testcase name="testBuilderAppendDelete" time="0,000" classname="cviceni.StringBuilderAndBufferTest"/>
  <testcase name="testBufferAppendDelete" time="0,000" classname="cviceni.StringBuilderAndBufferTest"/>
  <testcase name="testBufferAppendDelete" time="0,000" classname="cviceni.StringBuilderAndBufferTest"/>
  <testcase name="testBuilderAppend" time="0,001" classname="cviceni.StringBuilderAndBufferTest"/>
  <testcase name="testBufferAppend" time="0,000" classname="cviceni.StringBuilderAndBufferTest"/>
  <testcase name="testBuilderAppendDelete" time="0,000" classname="cviceni.StringBuilderAndBufferTest"/>
  <testcase name="testBuilderAppendDelete" time="0,001" classname="cviceni.StringBuilderAndBufferTest"/>
  <testcase name="testBuilderAppend" time="0,000" classname="cviceni.StringBuilderAndBufferTest"/>
  <testcase name="testBufferAppend" time="0,000" classname="cviceni.StringBuilderAndBufferTest"/>
  <testcase name="testBuilderAppendDelete" time="0,001" classname="cviceni.StringBuilderAndBufferTest"/>
  <testcase name="testBufferAppend" time="0,000" classname="cviceni.StringBuilderAndBufferTest"/>
  <testcase name="testBufferAppendDelete" time="0,001" classname="cviceni.StringBuilderAndBufferTest"/>
  <testcase name="testBufferAppend" time="0,000" classname="cviceni.StringBuilderAndBufferTest"/>
  <testcase name="testBufferAppendDelete" time="0,000" classname="cviceni.StringBuilderAndBufferTest"/>
  <testcase name="testBuilderAppend" time="0,000" classname="cviceni.StringBuilderAndBufferTest"/>
  <testcase name="testBufferAppend" time="0,000" classname="cviceni.StringBuilderAndBufferTest"/>
  <testcase name="testBuilderAppend" time="0,001" classname="cviceni.StringBuilderAndBufferTest"/>
  <testcase name="testBuilderAppendDelete" time="0,000" classname="cviceni.StringBuilderAndBufferTest"/>
  <testcase name="testBufferAppend" time="0,000" classname="cviceni.StringBuilderAndBufferTest"/>
  <testcase name="testBufferAppendDelete" time="0,000" classname="cviceni.StringBuilderAndBufferTest"/>
  <testcase name="testBufferAppend" time="0,000" classname="cviceni.StringBuilderAndBufferTest"/>
  <testcase name="testBuilderAppendDelete" time="0,000" classname="cviceni.StringBuilderAndBufferTest"/>
  <testcase name="testBuilderAppendDelete" time="0,000" classname="cviceni.StringBuilderAndBufferTest"/>
  <testcase name="testBuilderAppend" time="0,000" classname="cviceni.StringBuilderAndBufferTest"/>
  <testcase name="testBuilderAppend" time="0,001" classname="cviceni.StringBuilderAndBufferTest"/>
  <testcase name="testBuilderAppendDelete" time="0,000" classname="cviceni.StringBuilderAndBufferTest"/>
  <testcase name="testBuilderAppend" time="0,001" classname="cviceni.StringBuilderAndBufferTest"/>
  <testcase name="testBuilderAppend" time="0,001" classname="cviceni.StringBuilderAndBufferTest"/>
  <testcase name="testBuilderAppend" time="0,000" classname="cviceni.StringBuilderAndBufferTest"/>
  <testcase name="testBuilderAppendDelete" time="0,000" classname="cviceni.StringBuilderAndBufferTest"/>
  <testcase name="testBufferAppend" time="0,001" classname="cviceni.StringBuilderAndBufferTest"/>
  <testcase name="testBuilderAppendDelete" time="0,001" classname="cviceni.StringBuilderAndBufferTest"/>
  <testcase name="testBuilderAppend" time="0,001" classname="cviceni.StringBuilderAndBufferTest"/>
  <testcase name="testBuilderAppendDelete" time="0,001" classname="cviceni.StringBuilderAndBufferTest"/>
  <testcase name="testBuilderAppendDelete" time="0,000" classname="cviceni.StringBuilderAndBufferTest"/>
  <testcase name="testBuilderAppend" time="0,001" classname="cviceni.StringBuilderAndBufferTest"/>
  <testcase name="testBufferAppend" time="0,000" classname="cviceni.StringBuilderAndBufferTest"/>
  <testcase name="testBufferAppend" time="0,000" classname="cviceni.StringBuilderAndBufferTest"/>
  <testcase name="testBuilderAppend" time="0,011" classname="cviceni.StringBuilderAndBufferTest"/>
  <testcase name="testBufferAppendDelete" time="0,000" classname="cviceni.StringBuilderAndBufferTest"/>
  <testcase name="testBuilderAppendDelete" time="0,001" classname="cviceni.StringBuilderAndBufferTest"/>
  <testcase name="testBuilderAppend" time="0,000" classname="cviceni.StringBuilderAndBufferTest"/>
  <testcase name="testBufferAppend" time="0,000" classname="cviceni.StringBuilderAndBufferTest"/>
  <testcase name="testBuilderAppendDelete" time="0,000" classname="cviceni.StringBuilderAndBufferTest"/>
  <testcase name="testBuilderAppend" time="0,000" classname="cviceni.StringBuilderAndBufferTest"/>
  <testcase name="testBufferAppendDelete" time="0,001" classname="cviceni.StringBuilderAndBufferTest"/>
  <testcase name="testBufferAppend" time="0,000" classname="cviceni.StringBuilderAndBufferTest"/>
  <testcase name="testBufferAppend" time="0,001" classname="cviceni.StringBuilderAndBufferTest"/>
  <testcase name="testBuilderAppendDelete" time="0,000" classname="cviceni.StringBuilderAndBufferTest"/>
  <testcase name="testBufferAppend" time="0,000" classname="cviceni.StringBuilderAndBufferTest"/>
  <testcase name="testBufferAppend" time="0,000" classname="cviceni.StringBuilderAndBufferTest"/>
  <testcase name="testBufferAppend" time="0,000" classname="cviceni.StringBuilderAndBufferTest"/>
  <testcase name="testBufferAppend" time="0,000" classname="cviceni.StringBuilderAndBufferTest"/>
  <testcase name="testBufferAppendDelete" time="0,001" classname="cviceni.StringBuilderAndBufferTest"/>
  <testcase name="testBuilderAppend" time="0,000" classname="cviceni.StringBuilderAndBufferTest"/>
  <testcase name="testBuilderAppendDelete" time="0,000" classname="cviceni.StringBuilderAndBufferTest"/>
  <testcase name="testBuilderAppendDelete" time="0,000" classname="cviceni.StringBuilderAndBufferTest"/>
  <testcase name="testBuilderAppend" time="0,000" classname="cviceni.StringBuilderAndBufferTest"/>
  <testcase name="testBuilderAppendDelete" time="0,000" classname="cviceni.StringBuilderAndBufferTest"/>
  <testcase name="testBuilderAppendDelete" time="0,000" classname="cviceni.StringBuilderAndBufferTest"/>
  <testcase name="testBuilderAppendDelete" time="0,000" classname="cviceni.StringBuilderAndBufferTest"/>
  <testcase name="testBufferAppend" time="0,000" classname="cviceni.StringBuilderAndBufferTest"/>
  <testcase name="testBuilderAppendDelete" time="0,000" classname="cviceni.StringBuilderAndBufferTest"/>
  <testcase name="testBufferAppendDelete" time="0,000" classname="cviceni.StringBuilderAndBufferTest"/>
  <testcase name="testBufferAppendDelete" time="0,003" classname="cviceni.StringBuilderAndBufferTest"/>
  <testcase name="testBufferAppendDelete" time="0,000" classname="cviceni.StringBuilderAndBufferTest"/>
  <testcase name="testBufferAppend" time="0,001" classname="cviceni.StringBuilderAndBufferTest"/>
  <testcase name="testBufferAppend" time="0,000" classname="cviceni.StringBuilderAndBufferTest"/>
  <testcase name="testBuilderAppendDelete" time="0,000" classname="cviceni.StringBuilderAndBufferTest"/>
  <testcase name="testBufferAppendDelete" time="0,000" classname="cviceni.StringBuilderAndBufferTest"/>
  <testcase name="testBuilderAppendDelete" time="0,000" classname="cviceni.StringBuilderAndBufferTest"/>
  <testcase name="testBufferAppendDelete" time="0,001" classname="cviceni.StringBuilderAndBufferTest"/>
  <testcase name="testBuilderAppend" time="0,000" classname="cviceni.StringBuilderAndBufferTest"/>
  <testcase name="testBufferAppend" time="0,000" classname="cviceni.StringBuilderAndBufferTest"/>
  <testcase name="testBufferAppendDelete" time="0,000" classname="cviceni.StringBuilderAndBufferTest"/>
  <testcase name="testBufferAppend" time="0,000" classname="cviceni.StringBuilderAndBufferTest"/>
  <testcase name="testBuilderAppendDelete" time="0,000" classname="cviceni.StringBuilderAndBufferTest"/>
  <testcase name="testBufferAppendDelete" time="0,001" classname="cviceni.StringBuilderAndBufferTest"/>
  <testcase name="testBuilderAppend" time="0,000" classname="cviceni.StringBuilderAndBufferTest"/>
  <testcase name="testBuilderAppendDelete" time="0,000" classname="cviceni.StringBuilderAndBufferTest"/>
  <testcase name="testBufferAppend" time="0,000" classname="cviceni.StringBuilderAndBufferTest"/>
  <testcase name="testBufferAppend" time="0,001" classname="cviceni.StringBuilderAndBufferTest"/>
  <testcase name="testBuilderAppendDelete" time="0,000" classname="cviceni.StringBuilderAndBufferTest"/>
  <testcase name="testBufferAppend" time="0,000" classname="cviceni.StringBuilderAndBufferTest"/>
  <testcase name="testBufferAppendDelete" time="0,000" classname="cviceni.StringBuilderAndBufferTest"/>
  <testcase name="testBuilderAppend" time="0,000" classname="cviceni.StringBuilderAndBufferTest"/>
  <testcase name="testBuilderAppendDelete" time="0,000" classname="cviceni.StringBuilderAndBufferTest"/>
  <testcase name="testBufferAppend" time="0,000" classname="cviceni.StringBuilderAndBufferTest"/>
  <testcase name="testBufferAppendDelete" time="0,001" classname="cviceni.StringBuilderAndBufferTest"/>
  <testcase name="testBuilderAppendDelete" time="0,002" classname="cviceni.StringBuilderAndBufferTest"/>
  <testcase name="testBufferAppendDelete" time="0,000" classname="cviceni.StringBuilderAndBufferTest"/>
  <testcase name="testBufferAppendDelete" time="0,000" classname="cviceni.StringBuilderAndBufferTest"/>
  <testcase name="testBuilderAppend" time="0,000" classname="cviceni.StringBuilderAndBufferTest"/>
  <testcase name="testBuilderAppend" time="0,000" classname="cviceni.StringBuilderAndBufferTest"/>
  <testcase name="testBuilderAppend" time="0,000" classname="cviceni.StringBuilderAndBufferTest"/>
  <testcase name="testBufferAppendDelete" time="0,000" classname="cviceni.StringBuilderAndBufferTest"/>
  <testcase name="testBuilderAppendDelete" time="0,001" classname="cviceni.StringBuilderAndBufferTest"/>
  <testcase name="testBuilderAppendDelete" time="0,001" classname="cviceni.StringBuilderAndBufferTest"/>
  <testcase name="testBuilderAppendDelete" time="0,001" classname="cviceni.StringBuilderAndBufferTest"/>
  <testcase name="testBufferAppendDelete" time="0,001" classname="cviceni.StringBuilderAndBufferTest"/>
  <testcase name="testBufferAppendDelete" time="0,000" classname="cviceni.StringBuilderAndBufferTest"/>
  <testcase name="testBufferAppend" time="0,001" classname="cviceni.StringBuilderAndBufferTest"/>
  <testcase name="testBufferAppendDelete" time="0,000" classname="cviceni.StringBuilderAndBufferTest"/>
  <testcase name="testBuilderAppend" time="0,001" classname="cviceni.StringBuilderAndBufferTest"/>
  <testcase name="testBufferAppend" time="0,001" classname="cviceni.StringBuilderAndBufferTest"/>
  <testcase name="testBufferAppendDelete" time="0,001" classname="cviceni.StringBuilderAndBufferTest"/>
  <testcase name="testBuilderAppendDelete" time="0,000" classname="cviceni.StringBuilderAndBufferTest"/>
  <testcase name="testBuilderAppend" time="0,000" classname="cviceni.StringBuilderAndBufferTest"/>
  <testcase name="testBufferAppend" time="0,000" classname="cviceni.StringBuilderAndBufferTest"/>
  <testcase name="testBufferAppendDelete" time="0,001" classname="cviceni.StringBuilderAndBufferTest"/>
  <testcase name="testBuilderAppendDelete" time="0,000" classname="cviceni.StringBuilderAndBufferTest"/>
  <testcase name="testBuilderAppendDelete" time="0,000" classname="cviceni.StringBuilderAndBufferTest"/>
  <testcase name="testBuilderAppendDelete" time="0,000" classname="cviceni.StringBuilderAndBufferTest"/>
  <testcase name="testBufferAppend" time="0,000" classname="cviceni.StringBuilderAndBufferTest"/>
  <testcase name="testBuilderAppend" time="0,000" classname="cviceni.StringBuilderAndBufferTest"/>
  <testcase name="testBufferAppend" time="0,000" classname="cviceni.StringBuilderAndBufferTest"/>
  <testcase name="testBuilderAppendDelete" time="0,000" classname="cviceni.StringBuilderAndBufferTest"/>
  <testcase name="testBufferAppend" time="0,000" classname="cviceni.StringBuilderAndBufferTest"/>
  <testcase name="testBuilderAppend" time="0,003" classname="cviceni.StringBuilderAndBufferTest"/>
  <testcase name="testBuilderAppendDelete" time="0,001" classname="cviceni.StringBuilderAndBufferTest"/>
  <testcase name="testBufferAppend" time="0,000" classname="cviceni.StringBuilderAndBufferTest"/>
  <testcase name="testBuilderAppend" time="0,000" classname="cviceni.StringBuilderAndBufferTest"/>
  <testcase name="testBuilderAppendDelete" time="0,001" classname="cviceni.StringBuilderAndBufferTest"/>
  <testcase name="testBuilderAppendDelete" time="0,000" classname="cviceni.StringBuilderAndBufferTest"/>
  <testcase name="testBufferAppendDelete" time="0,000" classname="cviceni.StringBuilderAndBufferTest"/>
  <testcase name="testBufferAppendDelete" time="0,000" classname="cviceni.StringBuilderAndBufferTest"/>
  <testcase name="testBuilderAppend" time="0,000" classname="cviceni.StringBuilderAndBufferTest"/>
  <testcase name="testBufferAppendDelete" time="0,000" classname="cviceni.StringBuilderAndBufferTest"/>
  <testcase name="testBuilderAppendDelete" time="0,000" classname="cviceni.StringBuilderAndBufferTest"/>
  <testcase name="testBuilderAppendDelete" time="0,000" classname="cviceni.StringBuilderAndBufferTest"/>
  <testcase name="testBufferAppend" time="0,000" classname="cviceni.StringBuilderAndBufferTest"/>
  <testcase name="testBuilderAppendDelete" time="0,001" classname="cviceni.StringBuilderAndBufferTest"/>
  <testcase name="testBufferAppendDelete" time="0,001" classname="cviceni.StringBuilderAndBufferTest"/>
  <testcase name="testBufferAppend" time="0,000" classname="cviceni.StringBuilderAndBufferTest"/>
  <testcase name="testBufferAppendDelete" time="0,000" classname="cviceni.StringBuilderAndBufferTest"/>
  <testcase name="testBuilderAppendDelete" time="0,001" classname="cviceni.StringBuilderAndBufferTest"/>
  <testcase name="testBuilderAppend" time="0,000" classname="cviceni.StringBuilderAndBufferTest"/>
  <testcase name="testBuilderAppend" time="0,000" classname="cviceni.StringBuilderAndBufferTest"/>
  <testcase name="testBufferAppend" time="0,000" classname="cviceni.StringBuilderAndBufferTest"/>
  <testcase name="testBufferAppend" time="0,001" classname="cviceni.StringBuilderAndBufferTest"/>
  <testcase name="testBufferAppendDelete" time="0,001" classname="cviceni.StringBuilderAndBufferTest"/>
  <testcase name="testBuilderAppend" time="0,000" classname="cviceni.StringBuilderAndBufferTest"/>
  <testcase name="testBuilderAppendDelete" time="0,000" classname="cviceni.StringBuilderAndBufferTest"/>
  <testcase name="testBuilderAppend" time="0,000" classname="cviceni.StringBuilderAndBufferTest"/>
  <testcase name="testBufferAppend" time="0,001" classname="cviceni.StringBuilderAndBufferTest"/>
  <testcase name="testBuilderAppend" time="0,001" classname="cviceni.StringBuilderAndBufferTest"/>
  <testcase name="testBufferAppend" time="0,001" classname="cviceni.StringBuilderAndBufferTest"/>
  <testcase name="testBufferAppendDelete" time="0,000" classname="cviceni.StringBuilderAndBufferTest"/>
  <testcase name="testBuilderAppendDelete" time="0,001" classname="cviceni.StringBuilderAndBufferTest"/>
  <testcase name="testBufferAppendDelete" time="0,001" classname="cviceni.StringBuilderAndBufferTest"/>
  <testcase name="testBufferAppendDelete" time="0,000" classname="cviceni.StringBuilderAndBufferTest"/>
  <testcase name="testBuilderAppend" time="0,005" classname="cviceni.StringBuilderAndBufferTest"/>
  <testcase name="testBufferAppendDelete" time="0,000" classname="cviceni.StringBuilderAndBufferTest"/>
  <testcase name="testBuilderAppendDelete" time="0,000" classname="cviceni.StringBuilderAndBufferTest"/>
  <testcase name="testBuilderAppendDelete" time="0,000" classname="cviceni.StringBuilderAndBufferTest"/>
  <testcase name="testBuilderAppend" time="0,000" classname="cviceni.StringBuilderAndBufferTest"/>
  <testcase name="testBuilderAppendDelete" time="0,001" classname="cviceni.StringBuilderAndBufferTest"/>
  <testcase name="testBufferAppend" time="0,000" classname="cviceni.StringBuilderAndBufferTest"/>
  <testcase name="testBuilderAppendDelete" time="0,000" classname="cviceni.StringBuilderAndBufferTest"/>
  <testcase name="testBufferAppendDelete" time="0,000" classname="cviceni.StringBuilderAndBufferTest"/>
  <testcase name="testBuilderAppend" time="0,000" classname="cviceni.StringBuilderAndBufferTest"/>
  <testcase name="testBuilderAppendDelete" time="0,000" classname="cviceni.StringBuilderAndBufferTest"/>
  <testcase name="testBuilderAppendDelete" time="0,001" classname="cviceni.StringBuilderAndBufferTest"/>
  <testcase name="testBuilderAppendDelete" time="0,000" classname="cviceni.StringBuilderAndBufferTest"/>
  <testcase name="testBufferAppendDelete" time="0,000" classname="cviceni.StringBuilderAndBufferTest"/>
  <testcase name="testBuilderAppendDelete" time="0,000" classname="cviceni.StringBuilderAndBufferTest"/>
  <testcase name="testBufferAppendDelete" time="0,000" classname="cviceni.StringBuilderAndBufferTest"/>
  <testcase name="testBufferAppend" time="0,001" classname="cviceni.StringBuilderAndBufferTest"/>
  <testcase name="testBuilderAppendDelete" time="0,000" classname="cviceni.StringBuilderAndBufferTest"/>
  <testcase name="testBuilderAppend" time="0,000" classname="cviceni.StringBuilderAndBufferTest"/>
  <testcase name="testBufferAppend" time="0,000" classname="cviceni.StringBuilderAndBufferTest"/>
  <testcase name="testBufferAppendDelete" time="0,000" classname="cviceni.StringBuilderAndBufferTest"/>
  <testcase name="testBuilderAppendDelete" time="0,000" classname="cviceni.StringBuilderAndBufferTest"/>
  <testcase name="testBufferAppendDelete" time="0,001" classname="cviceni.StringBuilderAndBufferTest"/>
  <testcase name="testBuilderAppend" time="0,000" classname="cviceni.StringBuilderAndBufferTest"/>
  <testcase name="testBufferAppend" time="0,001" classname="cviceni.StringBuilderAndBufferTest"/>
  <testcase name="testBufferAppend" time="0,000" classname="cviceni.StringBuilderAndBufferTest"/>
  <testcase name="testBufferAppend" time="0,000" classname="cviceni.StringBuilderAndBufferTest"/>
  <testcase name="testBuilderAppendDelete" time="0,000" classname="cviceni.StringBuilderAndBufferTest"/>
  <testcase name="testBufferAppend" time="0,000" classname="cviceni.StringBuilderAndBufferTest"/>
  <testcase name="testBuilderAppendDelete" time="0,000" classname="cviceni.StringBuilderAndBufferTest"/>
  <testcase name="testBuilderAppendDelete" time="0,001" classname="cviceni.StringBuilderAndBufferTest"/>
  <testcase name="testBufferAppendDelete" time="0,001" classname="cviceni.StringBuilderAndBufferTest"/>
  <testcase name="testBufferAppend" time="0,000" classname="cviceni.StringBuilderAndBufferTest"/>
  <testcase name="testBufferAppend" time="0,001" classname="cviceni.StringBuilderAndBufferTest"/>
  <testcase name="testBufferAppendDelete" time="0,000" classname="cviceni.StringBuilderAndBufferTest"/>
  <testcase name="testBufferAppendDelete" time="0,001" classname="cviceni.StringBuilderAndBufferTest"/>
  <testcase name="testBufferAppend" time="0,000" classname="cviceni.StringBuilderAndBufferTest"/>
  <testcase name="testBufferAppendDelete" time="0,000" classname="cviceni.StringBuilderAndBufferTest"/>
  <testcase name="testBufferAppend" time="0,000" classname="cviceni.StringBuilderAndBufferTest"/>
  <testcase name="testBufferAppendDelete" time="0,000" classname="cviceni.StringBuilderAndBufferTest"/>
  <testcase name="testBufferAppendDelete" time="0,000" classname="cviceni.StringBuilderAndBufferTest"/>
  <testcase name="testBuilderAppend" time="0,000" classname="cviceni.StringBuilderAndBufferTest"/>
  <testcase name="testBuilderAppend" time="0,001" classname="cviceni.StringBuilderAndBufferTest"/>
  <testcase name="testBuilderAppend" time="0,000" classname="cviceni.StringBuilderAndBufferTest"/>
  <testcase name="testBuilderAppendDelete" time="0,000" classname="cviceni.StringBuilderAndBufferTest"/>
  <testcase name="testBufferAppend" time="0,001" classname="cviceni.StringBuilderAndBufferTest"/>
  <testcase name="testBuilderAppendDelete" time="0,002" classname="cviceni.StringBuilderAndBufferTest"/>
  <testcase name="testBufferAppend" time="0,000" classname="cviceni.StringBuilderAndBufferTest"/>
  <testcase name="testBuilderAppendDelete" time="0,000" classname="cviceni.StringBuilderAndBufferTest"/>
  <testcase name="testBufferAppendDelete" time="0,000" classname="cviceni.StringBuilderAndBufferTest"/>
  <testcase name="testBufferAppendDelete" time="0,000" classname="cviceni.StringBuilderAndBufferTest"/>
  <testcase name="testBufferAppend" time="0,000" classname="cviceni.StringBuilderAndBufferTest"/>
  <testcase name="testBufferAppend" time="0,000" classname="cviceni.StringBuilderAndBufferTest"/>
  <testcase name="testBufferAppendDelete" time="0,000" classname="cviceni.StringBuilderAndBufferTest"/>
  <testcase name="testBufferAppend" time="0,033" classname="cviceni.StringBuilderAndBufferTest"/>
  <testcase name="testBuilderAppend" time="0,000" classname="cviceni.StringBuilderAndBufferTest"/>
  <testcase name="testBufferAppendDelete" time="0,001" classname="cviceni.StringBuilderAndBufferTest"/>
  <testcase name="testBuilderAppendDelete" time="0,000" classname="cviceni.StringBuilderAndBufferTest"/>
  <testcase name="testBufferAppend" time="0,000" classname="cviceni.StringBuilderAndBufferTest"/>
  <testcase name="testBufferAppendDelete" time="0,001" classname="cviceni.StringBuilderAndBufferTest"/>
  <testcase name="testBuilderAppendDelete" time="0,000" classname="cviceni.StringBuilderAndBufferTest"/>
  <testcase name="testBufferAppend" time="0,000" classname="cviceni.StringBuilderAndBufferTest"/>
  <testcase name="testBufferAppendDelete" time="0,001" classname="cviceni.StringBuilderAndBufferTest"/>
  <testcase name="testBuilderAppendDelete" time="0,001" classname="cviceni.StringBuilderAndBufferTest"/>
  <testcase name="testBufferAppendDelete" time="0,000" classname="cviceni.StringBuilderAndBufferTest"/>
  <testcase name="testBufferAppend" time="0,000" classname="cviceni.StringBuilderAndBufferTest"/>
  <testcase name="testBuilderAppend" time="0,000" classname="cviceni.StringBuilderAndBufferTest"/>
  <testcase name="testBufferAppend" time="0,000" classname="cviceni.StringBuilderAndBufferTest"/>
  <testcase name="testBuilderAppend" time="0,000" classname="cviceni.StringBuilderAndBufferTest"/>
  <testcase name="testBuilderAppendDelete" time="0,000" classname="cviceni.StringBuilderAndBufferTest"/>
  <testcase name="testBufferAppend" time="0,000" classname="cviceni.StringBuilderAndBufferTest"/>
  <testcase name="testBuilderAppend" time="0,000" classname="cviceni.StringBuilderAndBufferTest"/>
  <testcase name="testBufferAppendDelete" time="0,001" classname="cviceni.StringBuilderAndBufferTest"/>
  <testcase name="testBuilderAppendDelete" time="0,000" classname="cviceni.StringBuilderAndBufferTest"/>
  <testcase name="testBufferAppend" time="0,000" classname="cviceni.StringBuilderAndBufferTest"/>
  <testcase name="testBuilderAppendDelete" time="0,000" classname="cviceni.StringBuilderAndBufferTest"/>
  <testcase name="testBufferAppendDelete" time="0,000" classname="cviceni.StringBuilderAndBufferTest"/>
  <testcase name="testBufferAppendDelete" time="0,000" classname="cviceni.StringBuilderAndBufferTest"/>
  <testcase name="testBufferAppendDelete" time="0,000" classname="cviceni.StringBuilderAndBufferTest"/>
  <testcase name="testBuilderAppendDelete" time="0,000" classname="cviceni.StringBuilderAndBufferTest"/>
  <testcase name="testBuilderAppend" time="0,001" classname="cviceni.StringBuilderAndBufferTest"/>
  <testcase name="testBufferAppend" time="0,001" classname="cviceni.StringBuilderAndBufferTest"/>
  <testcase name="testBuilderAppend" time="0,000" classname="cviceni.StringBuilderAndBufferTest"/>
  <testcase name="testBuilderAppend" time="0,000" classname="cviceni.StringBuilderAndBufferTest"/>
  <testcase name="testBufferAppend" time="0,001" classname="cviceni.StringBuilderAndBufferTest"/>
  <testcase name="testBufferAppend" time="0,000" classname="cviceni.StringBuilderAndBufferTest"/>
  <testcase name="testBufferAppend" time="0,000" classname="cviceni.StringBuilderAndBufferTest"/>
  <testcase name="testBuilderAppendDelete" time="0,000" classname="cviceni.StringBuilderAndBufferTest"/>
  <testcase name="testBuilderAppendDelete" time="0,000" classname="cviceni.StringBuilderAndBufferTest"/>
  <testcase name="testBufferAppendDelete" time="0,001" classname="cviceni.StringBuilderAndBufferTest"/>
  <testcase name="testBufferAppend" time="0,000" classname="cviceni.StringBuilderAndBufferTest"/>
  <testcase name="testBuilderAppend" time="0,000" classname="cviceni.StringBuilderAndBufferTest"/>
  <testcase name="testBuilderAppend" time="0,000" classname="cviceni.StringBuilderAndBufferTest"/>
  <testcase name="testBufferAppend" time="0,000" classname="cviceni.StringBuilderAndBufferTest"/>
  <testcase name="testBuilderAppend" time="0,000" classname="cviceni.StringBuilderAndBufferTest"/>
  <testcase name="testBuilderAppend" time="0,000" classname="cviceni.StringBuilderAndBufferTest"/>
  <testcase name="testBufferAppendDelete" time="0,000" classname="cviceni.StringBuilderAndBufferTest"/>
  <testcase name="testBuilderAppend" time="0,000" classname="cviceni.StringBuilderAndBufferTest"/>
  <testcase name="testBufferAppend" time="0,000" classname="cviceni.StringBuilderAndBufferTest"/>
  <testcase name="testBuilderAppendDelete" time="0,000" classname="cviceni.StringBuilderAndBufferTest"/>
  <testcase name="testBufferAppendDelete" time="0,000" classname="cviceni.StringBuilderAndBufferTest"/>
  <testcase name="testBufferAppend" time="0,001" classname="cviceni.StringBuilderAndBufferTest"/>
  <testcase name="testBufferAppendDelete" time="0,000" classname="cviceni.StringBuilderAndBufferTest"/>
  <testcase name="testBuilderAppend" time="0,000" classname="cviceni.StringBuilderAndBufferTest"/>
  <testcase name="testBuilderAppend" time="0,000" classname="cviceni.StringBuilderAndBufferTest"/>
  <testcase name="testBuilderAppendDelete" time="0,001" classname="cviceni.StringBuilderAndBufferTest"/>
  <testcase name="testBufferAppend" time="0,000" classname="cviceni.StringBuilderAndBufferTest"/>
  <testcase name="testBuilderAppend" time="0,001" classname="cviceni.StringBuilderAndBufferTest"/>
  <testcase name="testBuilderAppendDelete" time="0,000" classname="cviceni.StringBuilderAndBufferTest"/>
  <testcase name="testBufferAppend" time="0,000" classname="cviceni.StringBuilderAndBufferTest"/>
  <testcase name="testBufferAppendDelete" time="0,001" classname="cviceni.StringBuilderAndBufferTest"/>
  <testcase name="testBufferAppend" time="0,000" classname="cviceni.StringBuilderAndBufferTest"/>
  <testcase name="testBufferAppendDelete" time="0,000" classname="cviceni.StringBuilderAndBufferTest"/>
  <testcase name="testBuilderAppend" time="0,000" classname="cviceni.StringBuilderAndBufferTest"/>
  <testcase name="testBufferAppendDelete" time="0,000" classname="cviceni.StringBuilderAndBufferTest"/>
  <testcase name="testBufferAppend" time="0,000" classname="cviceni.StringBuilderAndBufferTest"/>
  <testcase name="testBufferAppendDelete" time="0,000" classname="cviceni.StringBuilderAndBufferTest"/>
  <testcase name="testBufferAppendDelete" time="0,000" classname="cviceni.StringBuilderAndBufferTest"/>
  <testcase name="testBuilderAppendDelete" time="0,001" classname="cviceni.StringBuilderAndBufferTest"/>
  <testcase name="testBufferAppendDelete" time="0,001" classname="cviceni.StringBuilderAndBufferTest"/>
  <testcase name="testBuilderAppendDelete" time="0,001" classname="cviceni.StringBuilderAndBufferTest"/>
  <testcase name="testBuilderAppendDelete" time="0,000" classname="cviceni.StringBuilderAndBufferTest"/>
  <testcase name="testBufferAppend" time="0,000" classname="cviceni.StringBuilderAndBufferTest"/>
  <testcase name="testBufferAppend" time="0,000" classname="cviceni.StringBuilderAndBufferTest"/>
  <testcase name="testBuilderAppendDelete" time="0,000" classname="cviceni.StringBuilderAndBufferTest"/>
  <testcase name="testBufferAppend" time="0,000" classname="cviceni.StringBuilderAndBufferTest"/>
  <testcase name="testBufferAppendDelete" time="0,000" classname="cviceni.StringBuilderAndBufferTest"/>
  <testcase name="testBuilderAppendDelete" time="0,000" classname="cviceni.StringBuilderAndBufferTest"/>
  <testcase name="testBufferAppend" time="0,001" classname="cviceni.StringBuilderAndBufferTest"/>
  <testcase name="testBufferAppend" time="0,053" classname="cviceni.StringBuilderAndBufferTest"/>
  <testcase name="testBufferAppend" time="0,000" classname="cviceni.StringBuilderAndBufferTest"/>
  <testcase name="testBuilderAppend" time="0,000" classname="cviceni.StringBuilderAndBufferTest"/>
  <testcase name="testBuilderAppend" time="0,000" classname="cviceni.StringBuilderAndBufferTest"/>
  <testcase name="testBufferAppendDelete" time="0,001" classname="cviceni.StringBuilderAndBufferTest"/>
  <testcase name="testBufferAppend" time="0,000" classname="cviceni.StringBuilderAndBufferTest"/>
  <testcase name="testBufferAppendDelete" time="0,000" classname="cviceni.StringBuilderAndBufferTest"/>
  <testcase name="testBuilderAppend" time="0,000" classname="cviceni.StringBuilderAndBufferTest"/>
  <testcase name="testBufferAppend" time="0,001" classname="cviceni.StringBuilderAndBufferTest"/>
  <testcase name="testBufferAppendDelete" time="0,000" classname="cviceni.StringBuilderAndBufferTest"/>
  <testcase name="testBufferAppendDelete" time="0,000" classname="cviceni.StringBuilderAndBufferTest"/>
  <testcase name="testBuilderAppendDelete" time="0,000" classname="cviceni.StringBuilderAndBufferTest"/>
  <testcase name="testBuilderAppendDelete" time="0,000" classname="cviceni.StringBuilderAndBufferTest"/>
  <testcase name="testBufferAppend" time="0,001" classname="cviceni.StringBuilderAndBufferTest"/>
  <testcase name="testBufferAppendDelete" time="0,001" classname="cviceni.StringBuilderAndBufferTest"/>
  <testcase name="testBufferAppendDelete" time="0,000" classname="cviceni.StringBuilderAndBufferTest"/>
  <testcase name="testBuilderAppend" time="0,000" classname="cviceni.StringBuilderAndBufferTest"/>
  <testcase name="testBuilderAppend" time="0,000" classname="cviceni.StringBuilderAndBufferTest"/>
  <testcase name="testBufferAppendDelete" time="0,001" classname="cviceni.StringBuilderAndBufferTest"/>
  <testcase name="testBuilderAppend" time="0,001" classname="cviceni.StringBuilderAndBufferTest"/>
  <testcase name="testBuilderAppendDelete" time="0,000" classname="cviceni.StringBuilderAndBufferTest"/>
  <testcase name="testBuilderAppendDelete" time="0,000" classname="cviceni.StringBuilderAndBufferTest"/>
  <testcase name="testBufferAppend" time="0,000" classname="cviceni.StringBuilderAndBufferTest"/>
  <testcase name="testBuilderAppend" time="0,001" classname="cviceni.StringBuilderAndBufferTest"/>
  <testcase name="testBufferAppendDelete" time="0,000" classname="cviceni.StringBuilderAndBufferTest"/>
  <testcase name="testBuilderAppend" time="0,000" classname="cviceni.StringBuilderAndBufferTest"/>
  <testcase name="testBufferAppendDelete" time="0,001" classname="cviceni.StringBuilderAndBufferTest"/>
  <testcase name="testBufferAppendDelete" time="0,000" classname="cviceni.StringBuilderAndBufferTest"/>
  <testcase name="testBufferAppendDelete" time="0,001" classname="cviceni.StringBuilderAndBufferTest"/>
  <testcase name="testBuilderAppendDelete" time="0,000" classname="cviceni.StringBuilderAndBufferTest"/>
  <testcase name="testBuilderAppendDelete" time="0,001" classname="cviceni.StringBuilderAndBufferTest"/>
  <testcase name="testBuilderAppendDelete" time="0,000" classname="cviceni.StringBuilderAndBufferTest"/>
  <testcase name="testBuilderAppend" time="0,000" classname="cviceni.StringBuilderAndBufferTest"/>
  <testcase name="testBufferAppendDelete" time="0,000" classname="cviceni.StringBuilderAndBufferTest"/>
  <testcase name="testBuilderAppendDelete" time="0,000" classname="cviceni.StringBuilderAndBufferTest"/>
  <testcase name="testBuilderAppendDelete" time="0,000" classname="cviceni.StringBuilderAndBufferTest"/>
  <testcase name="testBuilderAppend" time="0,000" classname="cviceni.StringBuilderAndBufferTest"/>
  <testcase name="testBufferAppend" time="0,000" classname="cviceni.StringBuilderAndBufferTest"/>
  <testcase name="testBuilderAppendDelete" time="0,001" classname="cviceni.StringBuilderAndBufferTest"/>
  <testcase name="testBufferAppendDelete" time="0,001" classname="cviceni.StringBuilderAndBufferTest"/>
  <testcase name="testBuilderAppend" time="0,000" classname="cviceni.StringBuilderAndBufferTest"/>
  <testcase name="testBufferAppendDelete" time="0,010" classname="cviceni.StringBuilderAndBufferTest"/>
  <testcase name="testBuilderAppendDelete" time="0,000" classname="cviceni.StringBuilderAndBufferTest"/>
  <testcase name="testBufferAppend" time="0,001" classname="cviceni.StringBuilderAndBufferTest"/>
  <testcase name="testBuilderAppend" time="0,000" classname="cviceni.StringBuilderAndBufferTest"/>
  <testcase name="testBuilderAppendDelete" time="0,000" classname="cviceni.StringBuilderAndBufferTest"/>
  <testcase name="testBuilderAppend" time="0,001" classname="cviceni.StringBuilderAndBufferTest"/>
  <testcase name="testBufferAppendDelete" time="0,000" classname="cviceni.StringBuilderAndBufferTest"/>
  <testcase name="testBuilderAppendDelete" time="0,000" classname="cviceni.StringBuilderAndBufferTest"/>
  <testcase name="testBufferAppendDelete" time="0,001" classname="cviceni.StringBuilderAndBufferTest"/>
  <testcase name="testBuilderAppend" time="0,000" classname="cviceni.StringBuilderAndBufferTest"/>
  <testcase name="testBuilderAppend" time="0,000" classname="cviceni.StringBuilderAndBufferTest"/>
  <testcase name="testBufferAppend" time="0,000" classname="cviceni.StringBuilderAndBufferTest"/>
  <testcase name="testBuilderAppendDelete" time="0,001" classname="cviceni.StringBuilderAndBufferTest"/>
  <testcase name="testBufferAppendDelete" time="0,000" classname="cviceni.StringBuilderAndBufferTest"/>
  <testcase name="testBufferAppendDelete" time="0,001" classname="cviceni.StringBuilderAndBufferTest"/>
  <testcase name="testBufferAppendDelete" time="0,001" classname="cviceni.StringBuilderAndBufferTest"/>
  <testcase name="testBufferAppendDelete" time="0,000" classname="cviceni.StringBuilderAndBufferTest"/>
  <testcase name="testBuilderAppend" time="0,000" classname="cviceni.StringBuilderAndBufferTest"/>
  <testcase name="testBuilderAppend" time="0,001" classname="cviceni.StringBuilderAndBufferTest"/>
  <testcase name="testBufferAppendDelete" time="0,000" classname="cviceni.StringBuilderAndBufferTest"/>
  <testcase name="testBuilderAppend" time="0,000" classname="cviceni.StringBuilderAndBufferTest"/>
  <testcase name="testBuilderAppendDelete" time="0,000" classname="cviceni.StringBuilderAndBufferTest"/>
  <testcase name="testBufferAppend" time="0,000" classname="cviceni.StringBuilderAndBufferTest"/>
  <testcase name="testBuilderAppend" time="0,001" classname="cviceni.StringBuilderAndBufferTest"/>
  <testcase name="testBufferAppendDelete" time="0,000" classname="cviceni.StringBuilderAndBufferTest"/>
  <testcase name="testBuilderAppend" time="0,000" classname="cviceni.StringBuilderAndBufferTest"/>
  <testcase name="testBuilderAppend" time="0,000" classname="cviceni.StringBuilderAndBufferTest"/>
  <testcase name="testBuilderAppendDelete" time="0,000" classname="cviceni.StringBuilderAndBufferTest"/>
  <testcase name="testBufferAppend" time="0,001" classname="cviceni.StringBuilderAndBufferTest"/>
  <testcase name="testBufferAppend" time="0,001" classname="cviceni.StringBuilderAndBufferTest"/>
  <testcase name="testBuilderAppendDelete" time="0,000" classname="cviceni.StringBuilderAndBufferTest"/>
  <testcase name="testBufferAppend" time="0,000" classname="cviceni.StringBuilderAndBufferTest"/>
  <testcase name="testBufferAppend" time="0,000" classname="cviceni.StringBuilderAndBufferTest"/>
  <testcase name="testBuilderAppendDelete" time="0,000" classname="cviceni.StringBuilderAndBufferTest"/>
  <testcase name="testBufferAppendDelete" time="0,000" classname="cviceni.StringBuilderAndBufferTest"/>
  <testcase name="testBufferAppend" time="0,000" classname="cviceni.StringBuilderAndBufferTest"/>
  <testcase name="testBufferAppend" time="0,000" classname="cviceni.StringBuilderAndBufferTest"/>
  <testcase name="testBuilderAppend" time="0,000" classname="cviceni.StringBuilderAndBufferTest"/>
  <testcase name="testBuilderAppendDelete" time="0,000" classname="cviceni.StringBuilderAndBufferTest"/>
  <testcase name="testBufferAppendDelete" time="0,000" classname="cviceni.StringBuilderAndBufferTest"/>
  <testcase name="testBuilderAppendDelete" time="0,000" classname="cviceni.StringBuilderAndBufferTest"/>
  <testcase name="testBufferAppend" time="0,000" classname="cviceni.StringBuilderAndBufferTest"/>
  <testcase name="testBuilderAppend" time="0,001" classname="cviceni.StringBuilderAndBufferTest"/>
  <testcase name="testBufferAppend" time="0,000" classname="cviceni.StringBuilderAndBufferTest"/>
  <testcase name="testBuilderAppendDelete" time="0,000" classname="cviceni.StringBuilderAndBufferTest"/>
  <testcase name="testBuilderAppendDelete" time="0,000" classname="cviceni.StringBuilderAndBufferTest"/>
  <testcase name="testBuilderAppend" time="0,000" classname="cviceni.StringBuilderAndBufferTest"/>
  <testcase name="testBuilderAppendDelete" time="0,000" classname="cviceni.StringBuilderAndBufferTest"/>
  <testcase name="testBufferAppendDelete" time="0,000" classname="cviceni.StringBuilderAndBufferTest"/>
  <testcase name="testBufferAppend" time="0,000" classname="cviceni.StringBuilderAndBufferTest"/>
  <testcase name="testBufferAppendDelete" time="0,000" classname="cviceni.StringBuilderAndBufferTest"/>
  <testcase name="testBufferAppendDelete" time="0,000" classname="cviceni.StringBuilderAndBufferTest"/>
  <testcase name="testBuilderAppend" time="0,000" classname="cviceni.StringBuilderAndBufferTest"/>
  <testcase name="testBuilderAppendDelete" time="0,000" classname="cviceni.StringBuilderAndBufferTest"/>
  <testcase name="testBufferAppendDelete" time="0,000" classname="cviceni.StringBuilderAndBufferTest"/>
  <testcase name="testBuilderAppend" time="0,000" classname="cviceni.StringBuilderAndBufferTest"/>
  <testcase name="testBufferAppend" time="0,001" classname="cviceni.StringBuilderAndBufferTest"/>
  <testcase name="testBuilderAppend" time="0,000" classname="cviceni.StringBuilderAndBufferTest"/>
  <testcase name="testBuilderAppend" time="0,107" classname="cviceni.StringBuilderAndBufferTest"/>
  <testcase name="testBufferAppendDelete" time="0,000" classname="cviceni.StringBuilderAndBufferTest"/>
  <testcase name="testBufferAppend" time="0,000" classname="cviceni.StringBuilderAndBufferTest"/>
  <testcase name="testBuilderAppendDelete" time="0,001" classname="cviceni.StringBuilderAndBufferTest"/>
  <testcase name="testBufferAppendDelete" time="0,000" classname="cviceni.StringBuilderAndBufferTest"/>
  <testcase name="testBufferAppendDelete" time="0,000" classname="cviceni.StringBuilderAndBufferTest"/>
  <testcase name="testBuilderAppendDelete" time="0,000" classname="cviceni.StringBuilderAndBufferTest"/>
  <testcase name="testBuilderAppend" time="0,000" classname="cviceni.StringBuilderAndBufferTest"/>
  <testcase name="testBuilderAppendDelete" time="0,000" classname="cviceni.StringBuilderAndBufferTest"/>
  <testcase name="testBuilderAppendDelete" time="0,002" classname="cviceni.StringBuilderAndBufferTest"/>
  <testcase name="testBuilderAppend" time="0,000" classname="cviceni.StringBuilderAndBufferTest"/>
  <testcase name="testBufferAppendDelete" time="0,001" classname="cviceni.StringBuilderAndBufferTest"/>
  <testcase name="testBuilderAppendDelete" time="0,000" classname="cviceni.StringBuilderAndBufferTest"/>
  <testcase name="testBuilderAppend" time="0,000" classname="cviceni.StringBuilderAndBufferTest"/>
  <testcase name="testBufferAppendDelete" time="0,001" classname="cviceni.StringBuilderAndBufferTest"/>
  <testcase name="testBuilderAppendDelete" time="0,000" classname="cviceni.StringBuilderAndBufferTest"/>
  <testcase name="testBufferAppendDelete" time="0,001" classname="cviceni.StringBuilderAndBufferTest"/>
  <testcase name="testBuilderAppend" time="0,000" classname="cviceni.StringBuilderAndBufferTest"/>
  <testcase name="testBufferAppendDelete" time="0,000" classname="cviceni.StringBuilderAndBufferTest"/>
  <testcase name="testBuilderAppendDelete" time="0,001" classname="cviceni.StringBuilderAndBufferTest"/>
  <testcase name="testBufferAppend" time="0,000" classname="cviceni.StringBuilderAndBufferTest"/>
  <testcase name="testBufferAppend" time="0,001" classname="cviceni.StringBuilderAndBufferTest"/>
  <testcase name="testBuilderAppend" time="0,015" classname="cviceni.StringBuilderAndBufferTest"/>
  <testcase name="testBufferAppendDelete" time="0,000" classname="cviceni.StringBuilderAndBufferTest"/>
  <testcase name="testBuilderAppendDelete" time="0,000" classname="cviceni.StringBuilderAndBufferTest"/>
  <testcase name="testBufferAppendDelete" time="0,001" classname="cviceni.StringBuilderAndBufferTest"/>
  <testcase name="testBuilderAppendDelete" time="0,001" classname="cviceni.StringBuilderAndBufferTest"/>
  <testcase name="testBuilderAppendDelete" time="0,000" classname="cviceni.StringBuilderAndBufferTest"/>
  <testcase name="testBuilderAppend" time="0,000" classname="cviceni.StringBuilderAndBufferTest"/>
  <testcase name="testBuilderAppendDelete" time="0,000" classname="cviceni.StringBuilderAndBufferTest"/>
  <testcase name="testBuilderAppendDelete" time="0,000" classname="cviceni.StringBuilderAndBufferTest"/>
  <testcase name="testBuilderAppendDelete" time="0,000" classname="cviceni.StringBuilderAndBufferTest"/>
  <testcase name="testBufferAppend" time="0,000" classname="cviceni.StringBuilderAndBufferTest"/>
  <testcase name="testBufferAppend" time="0,000" classname="cviceni.StringBuilderAndBufferTest"/>
  <testcase name="testBuilderAppendDelete" time="0,001" classname="cviceni.StringBuilderAndBufferTest"/>
  <testcase name="testBufferAppend" time="0,001" classname="cviceni.StringBuilderAndBufferTest"/>
  <testcase name="testBuilderAppend" time="0,000" classname="cviceni.StringBuilderAndBufferTest"/>
  <testcase name="testBufferAppend" time="0,000" classname="cviceni.StringBuilderAndBufferTest"/>
  <testcase name="testBuilderAppend" time="0,000" classname="cviceni.StringBuilderAndBufferTest"/>
  <testcase name="testBuilderAppend" time="0,001" classname="cviceni.StringBuilderAndBufferTest"/>
  <testcase name="testBuilderAppendDelete" time="0,000" classname="cviceni.StringBuilderAndBufferTest"/>
  <testcase name="testBuilderAppend" time="0,000" classname="cviceni.StringBuilderAndBufferTest"/>
  <testcase name="testBuilderAppend" time="0,000" classname="cviceni.StringBuilderAndBufferTest"/>
  <testcase name="testBufferAppendDelete" time="0,000" classname="cviceni.StringBuilderAndBufferTest"/>
  <testcase name="testBufferAppendDelete" time="0,000" classname="cviceni.StringBuilderAndBufferTest"/>
  <testcase name="testBuilderAppend" time="0,000" classname="cviceni.StringBuilderAndBufferTest"/>
  <testcase name="testBufferAppend" time="0,000" classname="cviceni.StringBuilderAndBufferTest"/>
  <testcase name="testBufferAppendDelete" time="0,000" classname="cviceni.StringBuilderAndBufferTest"/>
  <testcase name="testBufferAppendDelete" time="0,000" classname="cviceni.StringBuilderAndBufferTest"/>
  <testcase name="testBufferAppendDelete" time="0,000" classname="cviceni.StringBuilderAndBufferTest"/>
  <testcase name="testBufferAppend" time="0,000" classname="cviceni.StringBuilderAndBufferTest"/>
  <testcase name="testBuilderAppendDelete" time="0,000" classname="cviceni.StringBuilderAndBufferTest"/>
  <testcase name="testBuilderAppend" time="0,001" classname="cviceni.StringBuilderAndBufferTest"/>
  <testcase name="testBufferAppend" time="0,000" classname="cviceni.StringBuilderAndBufferTest"/>
  <testcase name="testBufferAppendDelete" time="0,000" classname="cviceni.StringBuilderAndBufferTest"/>
  <testcase name="testBuilderAppendDelete" time="0,000" classname="cviceni.StringBuilderAndBufferTest"/>
  <testcase name="testBuilderAppend" time="0,001" classname="cviceni.StringBuilderAndBufferTest"/>
  <testcase name="testBufferAppend" time="0,000" classname="cviceni.StringBuilderAndBufferTest"/>
  <testcase name="testBuilderAppend" time="0,000" classname="cviceni.StringBuilderAndBufferTest"/>
  <testcase name="testBufferAppendDelete" time="0,000" classname="cviceni.StringBuilderAndBufferTest"/>
  <testcase name="testBuilderAppend" time="0,000" classname="cviceni.StringBuilderAndBufferTest"/>
  <testcase name="testBufferAppendDelete" time="0,002" classname="cviceni.StringBuilderAndBufferTest"/>
  <testcase name="testBufferAppend" time="0,000" classname="cviceni.StringBuilderAndBufferTest"/>
  <testcase name="testBuilderAppendDelete" time="0,000" classname="cviceni.StringBuilderAndBufferTest"/>
  <testcase name="testBufferAppend" time="0,000" classname="cviceni.StringBuilderAndBufferTest"/>
  <testcase name="testBufferAppendDelete" time="0,000" classname="cviceni.StringBuilderAndBufferTest"/>
  <testcase name="testBufferAppend" time="0,000" classname="cviceni.StringBuilderAndBufferTest"/>
  <testcase name="testBufferAppendDelete" time="0,000" classname="cviceni.StringBuilderAndBufferTest"/>
  <testcase name="testBufferAppend" time="0,001" classname="cviceni.StringBuilderAndBufferTest"/>
  <testcase name="testBuilderAppend" time="0,000" classname="cviceni.StringBuilderAndBufferTest"/>
  <testcase name="testBuilderAppend" time="0,000" classname="cviceni.StringBuilderAndBufferTest"/>
  <testcase name="testBufferAppendDelete" time="0,000" classname="cviceni.StringBuilderAndBufferTest"/>
  <testcase name="testBuilderAppend" time="0,000" classname="cviceni.StringBuilderAndBufferTest"/>
  <testcase name="testBufferAppend" time="0,000" classname="cviceni.StringBuilderAndBufferTest"/>
  <testcase name="testBufferAppend" time="0,000" classname="cviceni.StringBuilderAndBufferTest"/>
  <testcase name="testBufferAppendDelete" time="0,000" classname="cviceni.StringBuilderAndBufferTest"/>
  <testcase name="testBufferAppend" time="0,001" classname="cviceni.StringBuilderAndBufferTest"/>
  <testcase name="testBuilderAppend" time="0,001" classname="cviceni.StringBuilderAndBufferTest"/>
  <testcase name="testBuilderAppendDelete" time="0,000" classname="cviceni.StringBuilderAndBufferTest"/>
  <testcase name="testBufferAppend" time="0,000" classname="cviceni.StringBuilderAndBufferTest"/>
  <testcase name="testBufferAppend" time="0,000" classname="cviceni.StringBuilderAndBufferTest"/>
  <testcase name="testBufferAppend" time="0,000" classname="cviceni.StringBuilderAndBufferTest"/>
  <testcase name="testBufferAppendDelete" time="0,001" classname="cviceni.StringBuilderAndBufferTest"/>
  <testcase name="testBuilderAppendDelete" time="0,000" classname="cviceni.StringBuilderAndBufferTest"/>
  <testcase name="testBuilderAppend" time="0,001" classname="cviceni.StringBuilderAndBufferTest"/>
  <testcase name="testBufferAppendDelete" time="0,145" classname="cviceni.StringBuilderAndBufferTest"/>
  <testcase name="testBuilderAppend" time="0,000" classname="cviceni.StringBuilderAndBufferTest"/>
  <testcase name="testBuilderAppendDelete" time="0,000" classname="cviceni.StringBuilderAndBufferTest"/>
  <testcase name="testBuilderAppend" time="0,001" classname="cviceni.StringBuilderAndBufferTest"/>
  <testcase name="testBuilderAppend" time="0,001" classname="cviceni.StringBuilderAndBufferTest"/>
  <testcase name="testBuilderAppend" time="0,000" classname="cviceni.StringBuilderAndBufferTest"/>
  <testcase name="testBufferAppendDelete" time="0,001" classname="cviceni.StringBuilderAndBufferTest"/>
  <testcase name="testBuilderAppendDelete" time="0,000" classname="cviceni.StringBuilderAndBufferTest"/>
  <testcase name="testBufferAppendDelete" time="0,001" classname="cviceni.StringBuilderAndBufferTest"/>
  <testcase name="testBuilderAppend" time="0,000" classname="cviceni.StringBuilderAndBufferTest"/>
  <testcase name="testBuilderAppendDelete" time="0,000" classname="cviceni.StringBuilderAndBufferTest"/>
  <testcase name="testBufferAppend" time="0,001" classname="cviceni.StringBuilderAndBufferTest"/>
  <testcase name="testBuilderAppendDelete" time="0,000" classname="cviceni.StringBuilderAndBufferTest"/>
  <testcase name="testBufferAppendDelete" time="0,000" classname="cviceni.StringBuilderAndBufferTest"/>
  <testcase name="testBufferAppendDelete" time="0,001" classname="cviceni.StringBuilderAndBufferTest"/>
  <testcase name="testBufferAppend" time="0,001" classname="cviceni.StringBuilderAndBufferTest"/>
  <testcase name="testBuilderAppend" time="0,001" classname="cviceni.StringBuilderAndBufferTest"/>
  <testcase name="testBufferAppend" time="0,001" classname="cviceni.StringBuilderAndBufferTest"/>
  <testcase name="testBufferAppend" time="0,000" classname="cviceni.StringBuilderAndBufferTest"/>
  <testcase name="testBuilderAppendDelete" time="0,001" classname="cviceni.StringBuilderAndBufferTest"/>
  <testcase name="testBuilderAppendDelete" time="0,000" classname="cviceni.StringBuilderAndBufferTest"/>
  <testcase name="testBuilderAppend" time="0,000" classname="cviceni.StringBuilderAndBufferTest"/>
  <testcase name="testBuilderAppend" time="0,001" classname="cviceni.StringBuilderAndBufferTest"/>
  <testcase name="testBufferAppendDelete" time="0,000" classname="cviceni.StringBuilderAndBufferTest"/>
  <testcase name="testBuilderAppendDelete" time="0,001" classname="cviceni.StringBuilderAndBufferTest"/>
  <testcase name="testBuilderAppendDelete" time="0,001" classname="cviceni.StringBuilderAndBufferTest"/>
  <testcase name="testBufferAppend" time="0,001" classname="cviceni.StringBuilderAndBufferTest"/>
  <testcase name="testBufferAppendDelete" time="0,000" classname="cviceni.StringBuilderAndBufferTest"/>
  <testcase name="testBuilderAppendDelete" time="0,001" classname="cviceni.StringBuilderAndBufferTest"/>
  <testcase name="testBufferAppend" time="0,001" classname="cviceni.StringBuilderAndBufferTest"/>
  <testcase name="testBuilderAppend" time="0,000" classname="cviceni.StringBuilderAndBufferTest"/>
  <testcase name="testBufferAppendDelete" time="0,001" classname="cviceni.StringBuilderAndBufferTest"/>
  <testcase name="testBuilderAppend" time="0,001" classname="cviceni.StringBuilderAndBufferTest"/>
  <testcase name="testBufferAppendDelete" time="0,000" classname="cviceni.StringBuilderAndBufferTest"/>
  <testcase name="testBufferAppendDelete" time="0,099" classname="cviceni.StringBuilderAndBufferTest"/>
  <testcase name="testBufferAppend" time="0,001" classname="cviceni.StringBuilderAndBufferTest"/>
  <testcase name="testBuilderAppendDelete" time="0,001" classname="cviceni.StringBuilderAndBufferTest"/>
  <testcase name="testBufferAppendDelete" time="0,000" classname="cviceni.StringBuilderAndBufferTest"/>
  <testcase name="testBuilderAppendDelete" time="0,000" classname="cviceni.StringBuilderAndBufferTest"/>
  <testcase name="testBuilderAppend" time="0,000" classname="cviceni.StringBuilderAndBufferTest"/>
  <testcase name="testBufferAppendDelete" time="0,001" classname="cviceni.StringBuilderAndBufferTest"/>
  <testcase name="testBufferAppend" time="0,000" classname="cviceni.StringBuilderAndBufferTest"/>
  <testcase name="testBufferAppendDelete" time="0,000" classname="cviceni.StringBuilderAndBufferTest"/>
  <testcase name="testBufferAppendDelete" time="0,000" classname="cviceni.StringBuilderAndBufferTest"/>
  <testcase name="testBuilderAppendDelete" time="0,000" classname="cviceni.StringBuilderAndBufferTest"/>
  <testcase name="testBuilderAppendDelete" time="0,001" classname="cviceni.StringBuilderAndBufferTest"/>
  <testcase name="testBufferAppendDelete" time="0,001" classname="cviceni.StringBuilderAndBufferTest"/>
  <testcase name="testBufferAppend" time="0,000" classname="cviceni.StringBuilderAndBufferTest"/>
  <testcase name="testBufferAppend" time="0,001" classname="cviceni.StringBuilderAndBufferTest"/>
  <testcase name="testBufferAppendDelete" time="0,001" classname="cviceni.StringBuilderAndBufferTest"/>
  <testcase name="testBuilderAppendDelete" time="0,000" classname="cviceni.StringBuilderAndBufferTest"/>
  <testcase name="testBufferAppend" time="0,000" classname="cviceni.StringBuilderAndBufferTest"/>
  <testcase name="testBuilderAppend" time="0,001" classname="cviceni.StringBuilderAndBufferTest"/>
  <testcase name="testBufferAppendDelete" time="0,000" classname="cviceni.StringBuilderAndBufferTest"/>
  <testcase name="testBuilderAppendDelete" time="0,000" classname="cviceni.StringBuilderAndBufferTest"/>
  <testcase name="testBufferAppend" time="0,000" classname="cviceni.StringBuilderAndBufferTest"/>
  <testcase name="testBufferAppend" time="0,000" classname="cviceni.StringBuilderAndBufferTest"/>
  <testcase name="testBufferAppend" time="0,001" classname="cviceni.StringBuilderAndBufferTest"/>
  <testcase name="testBuilderAppend" time="0,000" classname="cviceni.StringBuilderAndBufferTest"/>
  <testcase name="testBuilderAppendDelete" time="0,000" classname="cviceni.StringBuilderAndBufferTest"/>
  <testcase name="testBuilderAppendDelete" time="0,000" classname="cviceni.StringBuilderAndBufferTest"/>
  <testcase name="testBuilderAppend" time="0,000" classname="cviceni.StringBuilderAndBufferTest"/>
  <testcase name="testBufferAppendDelete" time="0,000" classname="cviceni.StringBuilderAndBufferTest"/>
  <testcase name="testBuilderAppend" time="0,081" classname="cviceni.StringBuilderAndBufferTest"/>
  <testcase name="testBuilderAppend" time="0,000" classname="cviceni.StringBuilderAndBufferTest"/>
  <testcase name="testBufferAppendDelete" time="0,000" classname="cviceni.StringBuilderAndBufferTest"/>
  <testcase name="testBufferAppend" time="0,000" classname="cviceni.StringBuilderAndBufferTest"/>
  <testcase name="testBuilderAppend" time="0,000" classname="cviceni.StringBuilderAndBufferTest"/>
  <testcase name="testBufferAppend" time="0,001" classname="cviceni.StringBuilderAndBufferTest"/>
  <testcase name="testBufferAppend" time="0,000" classname="cviceni.StringBuilderAndBufferTest"/>
  <testcase name="testBuilderAppendDelete" time="0,001" classname="cviceni.StringBuilderAndBufferTest"/>
  <testcase name="testBufferAppend" time="0,000" classname="cviceni.StringBuilderAndBufferTest"/>
  <testcase name="testBuilderAppendDelete" time="0,000" classname="cviceni.StringBuilderAndBufferTest"/>
  <testcase name="testBuilderAppend" time="0,000" classname="cviceni.StringBuilderAndBufferTest"/>
  <testcase name="testBufferAppendDelete" time="0,001" classname="cviceni.StringBuilderAndBufferTest"/>
  <testcase name="testBuilderAppendDelete" time="0,000" classname="cviceni.StringBuilderAndBufferTest"/>
  <testcase name="testBuilderAppendDelete" time="0,000" classname="cviceni.StringBuilderAndBufferTest"/>
  <testcase name="testBuilderAppendDelete" time="0,000" classname="cviceni.StringBuilderAndBufferTest"/>
  <testcase name="testBufferAppend" time="0,001" classname="cviceni.StringBuilderAndBufferTest"/>
  <testcase name="testBufferAppendDelete" time="0,001" classname="cviceni.StringBuilderAndBufferTest"/>
  <testcase name="testBuilderAppendDelete" time="0,000" classname="cviceni.StringBuilderAndBufferTest"/>
  <testcase name="testBuilderAppend" time="0,001" classname="cviceni.StringBuilderAndBufferTest"/>
  <testcase name="testBufferAppend" time="0,000" classname="cviceni.StringBuilderAndBufferTest"/>
  <testcase name="testBuilderAppend" time="0,002" classname="cviceni.StringBuilderAndBufferTest"/>
  <testcase name="testBufferAppend" time="0,000" classname="cviceni.StringBuilderAndBufferTest"/>
  <testcase name="testBufferAppend" time="0,000" classname="cviceni.StringBuilderAndBufferTest"/>
  <testcase name="testBuilderAppend" time="0,001" classname="cviceni.StringBuilderAndBufferTest"/>
  <testcase name="testBufferAppendDelete" time="0,000" classname="cviceni.StringBuilderAndBufferTest"/>
  <testcase name="testBufferAppend" time="0,000" classname="cviceni.StringBuilderAndBufferTest"/>
  <testcase name="testBufferAppendDelete" time="0,000" classname="cviceni.StringBuilderAndBufferTest"/>
  <testcase name="testBufferAppend" time="0,000" classname="cviceni.StringBuilderAndBufferTest"/>
  <testcase name="testBufferAppend" time="0,000" classname="cviceni.StringBuilderAndBufferTest"/>
  <testcase name="testBufferAppendDelete" time="0,000" classname="cviceni.StringBuilderAndBufferTest"/>
  <testcase name="testBufferAppend" time="0,000" classname="cviceni.StringBuilderAndBufferTest"/>
  <testcase name="testBuilderAppendDelete" time="0,001" classname="cviceni.StringBuilderAndBufferTest"/>
  <testcase name="testBufferAppendDelete" time="0,000" classname="cviceni.StringBuilderAndBufferTest"/>
  <testcase name="testBuilderAppend" time="0,001" classname="cviceni.StringBuilderAndBufferTest"/>
  <testcase name="testBuilderAppend" time="0,000" classname="cviceni.StringBuilderAndBufferTest"/>
  <testcase name="testBufferAppend" time="0,001" classname="cviceni.StringBuilderAndBufferTest"/>
  <testcase name="testBuilderAppend" time="0,000" classname="cviceni.StringBuilderAndBufferTest"/>
  <testcase name="testBufferAppend" time="0,001" classname="cviceni.StringBuilderAndBufferTest"/>
  <testcase name="testBufferAppend" time="0,001" classname="cviceni.StringBuilderAndBufferTest"/>
  <testcase name="testBufferAppendDelete" time="0,001" classname="cviceni.StringBuilderAndBufferTest"/>
  <testcase name="testBufferAppendDelete" time="0,000" classname="cviceni.StringBuilderAndBufferTest"/>
  <testcase name="testBuilderAppendDelete" time="0,000" classname="cviceni.StringBuilderAndBufferTest"/>
  <testcase name="testBufferAppend" time="0,000" classname="cviceni.StringBuilderAndBufferTest"/>
  <testcase name="testBuilderAppendDelete" time="0,000" classname="cviceni.StringBuilderAndBufferTest"/>
  <testcase name="testBufferAppend" time="0,000" classname="cviceni.StringBuilderAndBufferTest"/>
  <testcase name="testBufferAppend" time="0,000" classname="cviceni.StringBuilderAndBufferTest"/>
  <testcase name="testBufferAppend" time="0,000" classname="cviceni.StringBuilderAndBufferTest"/>
  <testcase name="testBuilderAppendDelete" time="0,000" classname="cviceni.StringBuilderAndBufferTest"/>
  <testcase name="testBufferAppendDelete" time="0,001" classname="cviceni.StringBuilderAndBufferTest"/>
  <testcase name="testBuilderAppend" time="0,001" classname="cviceni.StringBuilderAndBufferTest"/>
  <testcase name="testBuilderAppend" time="0,000" classname="cviceni.StringBuilderAndBufferTest"/>
  <testcase name="testBuilderAppend" time="0,000" classname="cviceni.StringBuilderAndBufferTest"/>
  <testcase name="testBufferAppend" time="0,001" classname="cviceni.StringBuilderAndBufferTest"/>
  <testcase name="testBuilderAppend" time="0,001" classname="cviceni.StringBuilderAndBufferTest"/>
  <testcase name="testBufferAppendDelete" time="0,000" classname="cviceni.StringBuilderAndBufferTest"/>
  <testcase name="testBuilderAppend" time="0,001" classname="cviceni.StringBuilderAndBufferTest"/>
  <testcase name="testBufferAppend" time="0,001" classname="cviceni.StringBuilderAndBufferTest"/>
  <testcase name="testBuilderAppend" time="0,001" classname="cviceni.StringBuilderAndBufferTest"/>
  <testcase name="testBuilderAppendDelete" time="0,001" classname="cviceni.StringBuilderAndBufferTest"/>
  <testcase name="testBufferAppendDelete" time="0,000" classname="cviceni.StringBuilderAndBufferTest"/>
  <testcase name="testBufferAppendDelete" time="0,000" classname="cviceni.StringBuilderAndBufferTest"/>
  <testcase name="testBufferAppendDelete" time="0,000" classname="cviceni.StringBuilderAndBufferTest"/>
  <testcase name="testBuilderAppend" time="0,001" classname="cviceni.StringBuilderAndBufferTest"/>
  <testcase name="testBuilderAppendDelete" time="0,000" classname="cviceni.StringBuilderAndBufferTest"/>
  <testcase name="testBufferAppendDelete" time="0,000" classname="cviceni.StringBuilderAndBufferTest"/>
  <testcase name="testBuilderAppend" time="0,001" classname="cviceni.StringBuilderAndBufferTest"/>
  <testcase name="testBuilderAppendDelete" time="0,000" classname="cviceni.StringBuilderAndBufferTest"/>
  <testcase name="testBufferAppend" time="0,001" classname="cviceni.StringBuilderAndBufferTest"/>
  <testcase name="testBufferAppend" time="0,000" classname="cviceni.StringBuilderAndBufferTest"/>
  <testcase name="testBufferAppendDelete" time="0,000" classname="cviceni.StringBuilderAndBufferTest"/>
  <testcase name="testBufferAppend" time="0,000" classname="cviceni.StringBuilderAndBufferTest"/>
  <testcase name="testBuilderAppend" time="0,000" classname="cviceni.StringBuilderAndBufferTest"/>
  <testcase name="testBuilderAppendDelete" time="0,000" classname="cviceni.StringBuilderAndBufferTest"/>
  <testcase name="testBufferAppendDelete" time="0,000" classname="cviceni.StringBuilderAndBufferTest"/>
  <testcase name="testBufferAppend" time="0,000" classname="cviceni.StringBuilderAndBufferTest"/>
  <testcase name="testBuilderAppend" time="0,000" classname="cviceni.StringBuilderAndBufferTest"/>
  <testcase name="testBufferAppend" time="0,000" classname="cviceni.StringBuilderAndBufferTest"/>
  <testcase name="testBuilderAppend" time="0,001" classname="cviceni.StringBuilderAndBufferTest"/>
  <testcase name="testBuilderAppend" time="0,000" classname="cviceni.StringBuilderAndBufferTest"/>
  <testcase name="testBuilderAppend" time="0,000" classname="cviceni.StringBuilderAndBufferTest"/>
  <testcase name="testBufferAppend" time="0,000" classname="cviceni.StringBuilderAndBufferTest"/>
  <testcase name="testBufferAppendDelete" time="0,001" classname="cviceni.StringBuilderAndBufferTest"/>
  <testcase name="testBuilderAppend" time="0,014" classname="cviceni.StringBuilderAndBufferTest"/>
  <testcase name="testBufferAppendDelete" time="0,001" classname="cviceni.StringBuilderAndBufferTest"/>
  <testcase name="testBufferAppend" time="0,000" classname="cviceni.StringBuilderAndBufferTest"/>
  <testcase name="testBufferAppendDelete" time="0,000" classname="cviceni.StringBuilderAndBufferTest"/>
  <testcase name="testBufferAppendDelete" time="0,001" classname="cviceni.StringBuilderAndBufferTest"/>
  <testcase name="testBuilderAppend" time="0,001" classname="cviceni.StringBuilderAndBufferTest"/>
  <testcase name="testBuilderAppend" time="0,000" classname="cviceni.StringBuilderAndBufferTest"/>
  <testcase name="testBuilderAppend" time="0,000" classname="cviceni.StringBuilderAndBufferTest"/>
  <testcase name="testBuilderAppend" time="0,001" classname="cviceni.StringBuilderAndBufferTest"/>
  <testcase name="testBufferAppend" time="0,001" classname="cviceni.StringBuilderAndBufferTest"/>
  <testcase name="testBufferAppendDelete" time="0,000" classname="cviceni.StringBuilderAndBufferTest"/>
  <testcase name="testBufferAppendDelete" time="0,000" classname="cviceni.StringBuilderAndBufferTest"/>
  <testcase name="testBuilderAppend" time="0,055" classname="cviceni.StringBuilderAndBufferTest"/>
  <testcase name="testBuilderAppendDelete" time="0,000" classname="cviceni.StringBuilderAndBufferTest"/>
  <testcase name="testBuilderAppend" time="0,001" classname="cviceni.StringBuilderAndBufferTest"/>
  <testcase name="testBufferAppend" time="0,001" classname="cviceni.StringBuilderAndBufferTest"/>
  <testcase name="testBuilderAppend" time="0,000" classname="cviceni.StringBuilderAndBufferTest"/>
  <testcase name="testBufferAppend" time="0,001" classname="cviceni.StringBuilderAndBufferTest"/>
  <testcase name="testBuilderAppendDelete" time="0,000" classname="cviceni.StringBuilderAndBufferTest"/>
  <testcase name="testBufferAppendDelete" time="0,000" classname="cviceni.StringBuilderAndBufferTest"/>
  <testcase name="testBufferAppendDelete" time="0,000" classname="cviceni.StringBuilderAndBufferTest"/>
  <testcase name="testBuilderAppendDelete" time="0,000" classname="cviceni.StringBuilderAndBufferTest"/>
  <testcase name="testBufferAppendDelete" time="0,000" classname="cviceni.StringBuilderAndBufferTest"/>
  <testcase name="testBuilderAppendDelete" time="0,000" classname="cviceni.StringBuilderAndBufferTest"/>
  <testcase name="testBufferAppendDelete" time="0,001" classname="cviceni.StringBuilderAndBufferTest"/>
  <testcase name="testBuilderAppendDelete" time="0,000" classname="cviceni.StringBuilderAndBufferTest"/>
  <testcase name="testBuilderAppendDelete" time="0,000" classname="cviceni.StringBuilderAndBufferTest"/>
  <testcase name="testBufferAppendDelete" time="0,000" classname="cviceni.StringBuilderAndBufferTest"/>
  <testcase name="testBufferAppendDelete" time="0,000" classname="cviceni.StringBuilderAndBufferTest"/>
  <testcase name="testBuilderAppend" time="0,000" classname="cviceni.StringBuilderAndBufferTest"/>
  <testcase name="testBuilderAppendDelete" time="0,000" classname="cviceni.StringBuilderAndBufferTest"/>
  <testcase name="testBufferAppendDelete" time="0,001" classname="cviceni.StringBuilderAndBufferTest"/>
  <testcase name="testBuilderAppend" time="0,000" classname="cviceni.StringBuilderAndBufferTest"/>
  <testcase name="testBufferAppendDelete" time="0,003" classname="cviceni.StringBuilderAndBufferTest"/>
  <testcase name="testBufferAppend" time="0,000" classname="cviceni.StringBuilderAndBufferTest"/>
  <testcase name="testBuilderAppend" time="0,000" classname="cviceni.StringBuilderAndBufferTest"/>
  <testcase name="testBufferAppendDelete" time="0,000" classname="cviceni.StringBuilderAndBufferTest"/>
  <testcase name="testBufferAppend" time="0,000" classname="cviceni.StringBuilderAndBufferTest"/>
  <testcase name="testBuilderAppend" time="0,001" classname="cviceni.StringBuilderAndBufferTest"/>
  <testcase name="testBuilderAppendDelete" time="0,001" classname="cviceni.StringBuilderAndBufferTest"/>
  <testcase name="testBuilderAppend" time="0,000" classname="cviceni.StringBuilderAndBufferTest"/>
  <testcase name="testBufferAppend" time="0,000" classname="cviceni.StringBuilderAndBufferTest"/>
  <testcase name="testBuilderAppendDelete" time="0,001" classname="cviceni.StringBuilderAndBufferTest"/>
  <testcase name="testBuilderAppendDelete" time="0,000" classname="cviceni.StringBuilderAndBufferTest"/>
  <testcase name="testBuilderAppend" time="0,000" classname="cviceni.StringBuilderAndBufferTest"/>
  <testcase name="testBuilderAppendDelete" time="0,000" classname="cviceni.StringBuilderAndBufferTest"/>
  <testcase name="testBufferAppendDelete" time="0,001" classname="cviceni.StringBuilderAndBufferTest"/>
  <testcase name="testBuilderAppendDelete" time="0,001" classname="cviceni.StringBuilderAndBufferTest"/>
  <testcase name="testBufferAppendDelete" time="0,000" classname="cviceni.StringBuilderAndBufferTest"/>
  <testcase name="testBufferAppend" time="0,001" classname="cviceni.StringBuilderAndBufferTest"/>
  <testcase name="testBufferAppend" time="0,000" classname="cviceni.StringBuilderAndBufferTest"/>
  <testcase name="testBufferAppend" time="0,000" classname="cviceni.StringBuilderAndBufferTest"/>
  <testcase name="testBuilderAppend" time="0,001" classname="cviceni.StringBuilderAndBufferTest"/>
  <testcase name="testBufferAppendDelete" time="0,001" classname="cviceni.StringBuilderAndBufferTest"/>
  <testcase name="testBuilderAppend" time="0,000" classname="cviceni.StringBuilderAndBufferTest"/>
  <testcase name="testBufferAppend" time="0,000" classname="cviceni.StringBuilderAndBufferTest"/>
  <testcase name="testBufferAppend" time="0,001" classname="cviceni.StringBuilderAndBufferTest"/>
  <testcase name="testBuilderAppend" time="0,000" classname="cviceni.StringBuilderAndBufferTest"/>
  <testcase name="testBuilderAppendDelete" time="0,001" classname="cviceni.StringBuilderAndBufferTest"/>
  <testcase name="testBuilderAppendDelete" time="0,001" classname="cviceni.StringBuilderAndBufferTest"/>
  <testcase name="testBuilderAppend" time="0,000" classname="cviceni.StringBuilderAndBufferTest"/>
  <testcase name="testBufferAppend" time="0,001" classname="cviceni.StringBuilderAndBufferTest"/>
  <testcase name="testBuilderAppend" time="0,000" classname="cviceni.StringBuilderAndBufferTest"/>
  <testcase name="testBuilderAppendDelete" time="0,000" classname="cviceni.StringBuilderAndBufferTest"/>
  <testcase name="testBuilderAppend" time="0,000" classname="cviceni.StringBuilderAndBufferTest"/>
  <testcase name="testBuilderAppend" time="0,001" classname="cviceni.StringBuilderAndBufferTest"/>
  <testcase name="testBufferAppendDelete" time="0,000" classname="cviceni.StringBuilderAndBufferTest"/>
  <testcase name="testBuilderAppendDelete" time="0,000" classname="cviceni.StringBuilderAndBufferTest"/>
  <testcase name="testBuilderAppend" time="0,000" classname="cviceni.StringBuilderAndBufferTest"/>
  <testcase name="testBuilderAppend" time="0,000" classname="cviceni.StringBuilderAndBufferTest"/>
  <testcase name="testBufferAppend" time="0,001" classname="cviceni.StringBuilderAndBufferTest"/>
  <testcase name="testBuilderAppend" time="0,000" classname="cviceni.StringBuilderAndBufferTest"/>
  <testcase name="testBuilderAppend" time="0,000" classname="cviceni.StringBuilderAndBufferTest"/>
  <testcase name="testBufferAppendDelete" time="0,001" classname="cviceni.StringBuilderAndBufferTest"/>
  <testcase name="testBuilderAppend" time="0,000" classname="cviceni.StringBuilderAndBufferTest"/>
  <testcase name="testBuilderAppendDelete" time="0,000" classname="cviceni.StringBuilderAndBufferTest"/>
  <testcase name="testBuilderAppendDelete" time="0,001" classname="cviceni.StringBuilderAndBufferTest"/>
  <testcase name="testBufferAppend" time="0,000" classname="cviceni.StringBuilderAndBufferTest"/>
  <testcase name="testBufferAppend" time="0,000" classname="cviceni.StringBuilderAndBufferTest"/>
  <testcase name="testBuilderAppend" time="0,001" classname="cviceni.StringBuilderAndBufferTest"/>
  <testcase name="testBufferAppendDelete" time="0,001" classname="cviceni.StringBuilderAndBufferTest"/>
  <testcase name="testBufferAppend" time="0,001" classname="cviceni.StringBuilderAndBufferTest"/>
  <testcase name="testBuilderAppendDelete" time="0,000" classname="cviceni.StringBuilderAndBufferTest"/>
  <testcase name="testBuilderAppendDelete" time="0,000" classname="cviceni.StringBuilderAndBufferTest"/>
  <testcase name="testBufferAppendDelete" time="0,000" classname="cviceni.StringBuilderAndBufferTest"/>
  <testcase name="testBufferAppend" time="0,000" classname="cviceni.StringBuilderAndBufferTest"/>
  <testcase name="testBuilderAppendDelete" time="0,000" classname="cviceni.StringBuilderAndBufferTest"/>
  <testcase name="testBufferAppend" time="0,000" classname="cviceni.StringBuilderAndBufferTest"/>
  <testcase name="testBuilderAppendDelete" time="0,000" classname="cviceni.StringBuilderAndBufferTest"/>
  <testcase name="testBufferAppend" time="0,001" classname="cviceni.StringBuilderAndBufferTest"/>
  <testcase name="testBuilderAppendDelete" time="0,001" classname="cviceni.StringBuilderAndBufferTest"/>
  <testcase name="testBuilderAppend" time="0,000" classname="cviceni.StringBuilderAndBufferTest"/>
  <testcase name="testBuilderAppend" time="0,001" classname="cviceni.StringBuilderAndBufferTest"/>
  <testcase name="testBufferAppend" time="0,001" classname="cviceni.StringBuilderAndBufferTest"/>
  <testcase name="testBuilderAppendDelete" time="0,000" classname="cviceni.StringBuilderAndBufferTest"/>
  <testcase name="testBufferAppendDelete" time="0,001" classname="cviceni.StringBuilderAndBufferTest"/>
  <testcase name="testBufferAppendDelete" time="0,000" classname="cviceni.StringBuilderAndBufferTest"/>
  <testcase name="testBufferAppendDelete" time="0,001" classname="cviceni.StringBuilderAndBufferTest"/>
  <testcase name="testBuilderAppend" time="0,000" classname="cviceni.StringBuilderAndBufferTest"/>
  <testcase name="testBuilderAppend" time="0,001" classname="cviceni.StringBuilderAndBufferTest"/>
  <testcase name="testBufferAppend" time="0,001" classname="cviceni.StringBuilderAndBufferTest"/>
  <testcase name="testBuilderAppendDelete" time="0,001" classname="cviceni.StringBuilderAndBufferTest"/>
  <testcase name="testBuilderAppendDelete" time="0,001" classname="cviceni.StringBuilderAndBufferTest"/>
  <testcase name="testBuilderAppend" time="0,000" classname="cviceni.StringBuilderAndBufferTest"/>
  <testcase name="testBuilderAppend" time="0,001" classname="cviceni.StringBuilderAndBufferTest"/>
  <testcase name="testBuilderAppend" time="0,092" classname="cviceni.StringBuilderAndBufferTest"/>
  <testcase name="testBufferAppend" time="0,000" classname="cviceni.StringBuilderAndBufferTest"/>
  <testcase name="testBuilderAppendDelete" time="0,000" classname="cviceni.StringBuilderAndBufferTest"/>
  <testcase name="testBuilderAppendDelete" time="0,000" classname="cviceni.StringBuilderAndBufferTest"/>
  <testcase name="testBufferAppend" time="0,000" classname="cviceni.StringBuilderAndBufferTest"/>
  <testcase name="testBuilderAppendDelete" time="0,000" classname="cviceni.StringBuilderAndBufferTest"/>
  <testcase name="testBuilderAppend" time="0,000" classname="cviceni.StringBuilderAndBufferTest"/>
  <testcase name="testBufferAppend" time="0,000" classname="cviceni.StringBuilderAndBufferTest"/>
  <testcase name="testBuilderAppendDelete" time="0,000" classname="cviceni.StringBuilderAndBufferTest"/>
  <testcase name="testBuilderAppendDelete" time="0,000" classname="cviceni.StringBuilderAndBufferTest"/>
  <testcase name="testBuilderAppendDelete" time="0,001" classname="cviceni.StringBuilderAndBufferTest"/>
  <testcase name="testBuilderAppendDelete" time="0,001" classname="cviceni.StringBuilderAndBufferTest"/>
  <testcase name="testBufferAppend" time="0,000" classname="cviceni.StringBuilderAndBufferTest"/>
  <testcase name="testBuilderAppendDelete" time="0,000" classname="cviceni.StringBuilderAndBufferTest"/>
  <testcase name="testBufferAppendDelete" time="0,000" classname="cviceni.StringBuilderAndBufferTest"/>
  <testcase name="testBufferAppendDelete" time="0,000" classname="cviceni.StringBuilderAndBufferTest"/>
  <testcase name="testBuilderAppendDelete" time="0,043" classname="cviceni.StringBuilderAndBufferTest"/>
  <testcase name="testBuilderAppendDelete" time="0,000" classname="cviceni.StringBuilderAndBufferTest"/>
  <testcase name="testBuilderAppend" time="0,000" classname="cviceni.StringBuilderAndBufferTest"/>
  <testcase name="testBufferAppendDelete" time="0,001" classname="cviceni.StringBuilderAndBufferTest"/>
  <testcase name="testBufferAppend" time="0,001" classname="cviceni.StringBuilderAndBufferTest"/>
  <testcase name="testBuilderAppendDelete" time="0,000" classname="cviceni.StringBuilderAndBufferTest"/>
  <testcase name="testBufferAppend" time="0,001" classname="cviceni.StringBuilderAndBufferTest"/>
  <testcase name="testBufferAppend" time="0,001" classname="cviceni.StringBuilderAndBufferTest"/>
  <testcase name="testBufferAppend" time="0,001" classname="cviceni.StringBuilderAndBufferTest"/>
  <testcase name="testBufferAppendDelete" time="0,001" classname="cviceni.StringBuilderAndBufferTest"/>
  <testcase name="testBufferAppendDelete" time="0,000" classname="cviceni.StringBuilderAndBufferTest"/>
  <testcase name="testBuilderAppendDelete" time="0,001" classname="cviceni.StringBuilderAndBufferTest"/>
  <testcase name="testBufferAppendDelete" time="0,000" classname="cviceni.StringBuilderAndBufferTest"/>
  <testcase name="testBufferAppend" time="0,000" classname="cviceni.StringBuilderAndBufferTest"/>
  <testcase name="testBufferAppend" time="0,000" classname="cviceni.StringBuilderAndBufferTest"/>
  <testcase name="testBufferAppendDelete" time="0,000" classname="cviceni.StringBuilderAndBufferTest"/>
  <testcase name="testBuilderAppend" time="0,000" classname="cviceni.StringBuilderAndBufferTest"/>
  <testcase name="testBuilderAppendDelete" time="0,001" classname="cviceni.StringBuilderAndBufferTest"/>
  <testcase name="testBuilderAppend" time="0,001" classname="cviceni.StringBuilderAndBufferTest"/>
  <testcase name="testBuilderAppend" time="0,000" classname="cviceni.StringBuilderAndBufferTest"/>
  <testcase name="testBuilderAppendDelete" time="0,000" classname="cviceni.StringBuilderAndBufferTest"/>
  <testcase name="testBufferAppend" time="0,001" classname="cviceni.StringBuilderAndBufferTest"/>
  <testcase name="testBuilderAppend" time="0,000" classname="cviceni.StringBuilderAndBufferTest"/>
  <testcase name="testBufferAppendDelete" time="0,000" classname="cviceni.StringBuilderAndBufferTest"/>
  <testcase name="testBufferAppendDelete" time="0,000" classname="cviceni.StringBuilderAndBufferTest"/>
  <testcase name="testBuilderAppendDelete" time="0,000" classname="cviceni.StringBuilderAndBufferTest"/>
  <testcase name="testBuilderAppendDelete" time="0,000" classname="cviceni.StringBuilderAndBufferTest"/>
  <testcase name="testBuilderAppend" time="0,000" classname="cviceni.StringBuilderAndBufferTest"/>
  <testcase name="testBufferAppendDelete" time="0,000" classname="cviceni.StringBuilderAndBufferTest"/>
  <testcase name="testBuilderAppend" time="0,000" classname="cviceni.StringBuilderAndBufferTest"/>
  <testcase name="testBufferAppendDelete" time="0,001" classname="cviceni.StringBuilderAndBufferTest"/>
  <testcase name="testBufferAppendDelete" time="0,000" classname="cviceni.StringBuilderAndBufferTest"/>
  <testcase name="testBufferAppendDelete" time="0,000" classname="cviceni.StringBuilderAndBufferTest"/>
  <testcase name="testBufferAppend" time="0,000" classname="cviceni.StringBuilderAndBufferTest"/>
  <testcase name="testBufferAppendDelete" time="0,000" classname="cviceni.StringBuilderAndBufferTest"/>
  <testcase name="testBufferAppend" time="0,000" classname="cviceni.StringBuilderAndBufferTest"/>
  <testcase name="testBuilderAppendDelete" time="0,001" classname="cviceni.StringBuilderAndBufferTest"/>
  <testcase name="testBuilderAppend" time="0,000" classname="cviceni.StringBuilderAndBufferTest"/>
  <testcase name="testBuilderAppend" time="0,000" classname="cviceni.StringBuilderAndBufferTest"/>
  <testcase name="testBuilderAppendDelete" time="0,000" classname="cviceni.StringBuilderAndBufferTest"/>
  <testcase name="testBuilderAppend" time="0,000" classname="cviceni.StringBuilderAndBufferTest"/>
  <testcase name="testBufferAppendDelete" time="0,000" classname="cviceni.StringBuilderAndBufferTest"/>
  <testcase name="testBuilderAppendDelete" time="0,000" classname="cviceni.StringBuilderAndBufferTest"/>
  <testcase name="testBufferAppend" time="0,000" classname="cviceni.StringBuilderAndBufferTest"/>
  <testcase name="testBuilderAppendDelete" time="0,001" classname="cviceni.StringBuilderAndBufferTest"/>
  <testcase name="testBufferAppend" time="0,000" classname="cviceni.StringBuilderAndBufferTest"/>
  <testcase name="testBufferAppendDelete" time="0,000" classname="cviceni.StringBuilderAndBufferTest"/>
  <testcase name="testBufferAppend" time="0,000" classname="cviceni.StringBuilderAndBufferTest"/>
  <testcase name="testBuilderAppend" time="0,001" classname="cviceni.StringBuilderAndBufferTest"/>
  <testcase name="testBufferAppendDelete" time="0,000" classname="cviceni.StringBuilderAndBufferTest"/>
  <testcase name="testBuilderAppend" time="0,000" classname="cviceni.StringBuilderAndBufferTest"/>
  <testcase name="testBufferAppend" time="0,000" classname="cviceni.StringBuilderAndBufferTest"/>
  <testcase name="testBufferAppendDelete" time="0,000" classname="cviceni.StringBuilderAndBufferTest"/>
  <testcase name="testBuilderAppend" time="0,000" classname="cviceni.StringBuilderAndBufferTest"/>
  <testcase name="testBuilderAppendDelete" time="0,001" classname="cviceni.StringBuilderAndBufferTest"/>
  <testcase name="testBufferAppendDelete" time="0,000" classname="cviceni.StringBuilderAndBufferTest"/>
  <testcase name="testBufferAppendDelete" time="0,000" classname="cviceni.StringBuilderAndBufferTest"/>
  <testcase name="testBufferAppend" time="0,001" classname="cviceni.StringBuilderAndBufferTest"/>
  <testcase name="testBufferAppend" time="0,000" classname="cviceni.StringBuilderAndBufferTest"/>
  <testcase name="testBuilderAppend" time="0,000" classname="cviceni.StringBuilderAndBufferTest"/>
  <testcase name="testBufferAppend" time="0,000" classname="cviceni.StringBuilderAndBufferTest"/>
  <testcase name="testBufferAppend" time="0,000" classname="cviceni.StringBuilderAndBufferTest"/>
  <testcase name="testBuilderAppend" time="0,000" classname="cviceni.StringBuilderAndBufferTest"/>
  <testcase name="testBufferAppendDelete" time="0,001" classname="cviceni.StringBuilderAndBufferTest"/>
  <testcase name="testBuilderAppendDelete" time="0,000" classname="cviceni.StringBuilderAndBufferTest"/>
  <testcase name="testBufferAppend" time="0,000" classname="cviceni.StringBuilderAndBufferTest"/>
  <testcase name="testBufferAppendDelete" time="0,001" classname="cviceni.StringBuilderAndBufferTest"/>
  <testcase name="testBuilderAppend" time="0,000" classname="cviceni.StringBuilderAndBufferTest"/>
  <testcase name="testBuilderAppendDelete" time="0,001" classname="cviceni.StringBuilderAndBufferTest"/>
  <testcase name="testBufferAppend" time="0,000" classname="cviceni.StringBuilderAndBufferTest"/>
  <testcase name="testBufferAppendDelete" time="0,001" classname="cviceni.StringBuilderAndBufferTest"/>
  <testcase name="testBufferAppendDelete" time="0,000" classname="cviceni.StringBuilderAndBufferTest"/>
  <testcase name="testBufferAppend" time="0,000" classname="cviceni.StringBuilderAndBufferTest"/>
  <testcase name="testBuilderAppend" time="0,000" classname="cviceni.StringBuilderAndBufferTest"/>
  <testcase name="testBuilderAppendDelete" time="0,001" classname="cviceni.StringBuilderAndBufferTest"/>
  <testcase name="testBuilderAppend" time="0,000" classname="cviceni.StringBuilderAndBufferTest"/>
  <testcase name="testBufferAppend" time="0,000" classname="cviceni.StringBuilderAndBufferTest"/>
  <testcase name="testBufferAppend" time="0,001" classname="cviceni.StringBuilderAndBufferTest"/>
  <testcase name="testBuilderAppendDelete" time="0,000" classname="cviceni.StringBuilderAndBufferTest"/>
  <testcase name="testBuilderAppendDelete" time="0,000" classname="cviceni.StringBuilderAndBufferTest"/>
  <testcase name="testBufferAppend" time="0,000" classname="cviceni.StringBuilderAndBufferTest"/>
  <testcase name="testBufferAppend" time="0,000" classname="cviceni.StringBuilderAndBufferTest"/>
  <testcase name="testBufferAppend" time="0,000" classname="cviceni.StringBuilderAndBufferTest"/>
  <testcase name="testBuilderAppendDelete" time="0,000" classname="cviceni.StringBuilderAndBufferTest"/>
  <testcase name="testBufferAppend" time="0,002" classname="cviceni.StringBuilderAndBufferTest"/>
  <testcase name="testBuilderAppendDelete" time="0,000" classname="cviceni.StringBuilderAndBufferTest"/>
  <testcase name="testBuilderAppend" time="0,020" classname="cviceni.StringBuilderAndBufferTest"/>
  <testcase name="testBuilderAppend" time="0,000" classname="cviceni.StringBuilderAndBufferTest"/>
  <testcase name="testBuilderAppend" time="0,001" classname="cviceni.StringBuilderAndBufferTest"/>
  <testcase name="testBuilderAppend" time="0,000" classname="cviceni.StringBuilderAndBufferTest"/>
  <testcase name="testBuilderAppendDelete" time="0,001" classname="cviceni.StringBuilderAndBufferTest"/>
  <testcase name="testBuilderAppend" time="0,000" classname="cviceni.StringBuilderAndBufferTest"/>
  <testcase name="testBuilderAppend" time="0,000" classname="cviceni.StringBuilderAndBufferTest"/>
  <testcase name="testBufferAppend" time="0,000" classname="cviceni.StringBuilderAndBufferTest"/>
  <testcase name="testBufferAppend" time="0,000" classname="cviceni.StringBuilderAndBufferTest"/>
  <testcase name="testBuilderAppend" time="0,015" classname="cviceni.StringBuilderAndBufferTest"/>
  <testcase name="testBuilderAppendDelete" time="0,000" classname="cviceni.StringBuilderAndBufferTest"/>
  <testcase name="testBuilderAppend" time="0,000" classname="cviceni.StringBuilderAndBufferTest"/>
  <testcase name="testBufferAppend" time="0,097" classname="cviceni.StringBuilderAndBufferTest"/>
  <testcase name="testBuilderAppendDelete" time="0,000" classname="cviceni.StringBuilderAndBufferTest"/>
  <testcase name="testBuilderAppend" time="0,000" classname="cviceni.StringBuilderAndBufferTest"/>
  <testcase name="testBufferAppendDelete" time="0,000" classname="cviceni.StringBuilderAndBufferTest"/>
  <testcase name="testBufferAppend" time="0,000" classname="cviceni.StringBuilderAndBufferTest"/>
  <testcase name="testBuilderAppendDelete" time="0,001" classname="cviceni.StringBuilderAndBufferTest"/>
  <testcase name="testBuilderAppend" time="0,000" classname="cviceni.StringBuilderAndBufferTest"/>
  <testcase name="testBuilderAppend" time="0,000" classname="cviceni.StringBuilderAndBufferTest"/>
  <testcase name="testBuilderAppendDelete" time="0,010" classname="cviceni.StringBuilderAndBufferTest"/>
  <testcase name="testBufferAppendDelete" time="0,000" classname="cviceni.StringBuilderAndBufferTest"/>
  <testcase name="testBufferAppend" time="0,000" classname="cviceni.StringBuilderAndBufferTest"/>
  <testcase name="testBufferAppendDelete" time="0,000" classname="cviceni.StringBuilderAndBufferTest"/>
  <testcase name="testBuilderAppendDelete" time="0,001" classname="cviceni.StringBuilderAndBufferTest"/>
  <testcase name="testBufferAppend" time="0,000" classname="cviceni.StringBuilderAndBufferTest"/>
  <testcase name="testBufferAppendDelete" time="0,001" classname="cviceni.StringBuilderAndBufferTest"/>
  <testcase name="testBuilderAppend" time="0,001" classname="cviceni.StringBuilderAndBufferTest"/>
  <testcase name="testBuilderAppendDelete" time="0,000" classname="cviceni.StringBuilderAndBufferTest"/>
  <testcase name="testBuilderAppendDelete" time="0,001" classname="cviceni.StringBuilderAndBufferTest"/>
  <testcase name="testBuilderAppendDelete" time="0,000" classname="cviceni.StringBuilderAndBufferTest"/>
  <testcase name="testBuilderAppendDelete" time="0,000" classname="cviceni.StringBuilderAndBufferTest"/>
  <testcase name="testBufferAppend" time="0,000" classname="cviceni.StringBuilderAndBufferTest"/>
  <testcase name="testBufferAppendDelete" time="0,000" classname="cviceni.StringBuilderAndBufferTest"/>
  <testcase name="testBufferAppend" time="0,000" classname="cviceni.StringBuilderAndBufferTest"/>
  <testcase name="testBufferAppendDelete" time="0,000" classname="cviceni.StringBuilderAndBufferTest"/>
  <testcase name="testBufferAppend" time="0,000" classname="cviceni.StringBuilderAndBufferTest"/>
  <testcase name="testBuilderAppendDelete" time="0,001" classname="cviceni.StringBuilderAndBufferTest"/>
  <testcase name="testBuilderAppend" time="0,001" classname="cviceni.StringBuilderAndBufferTest"/>
  <testcase name="testBufferAppend" time="0,000" classname="cviceni.StringBuilderAndBufferTest"/>
  <testcase name="testBufferAppend" time="0,000" classname="cviceni.StringBuilderAndBufferTest"/>
  <testcase name="testBufferAppendDelete" time="0,000" classname="cviceni.StringBuilderAndBufferTest"/>
  <testcase name="testBufferAppend" time="0,000" classname="cviceni.StringBuilderAndBufferTest"/>
  <testcase name="testBufferAppend" time="0,000" classname="cviceni.StringBuilderAndBufferTest"/>
  <testcase name="testBufferAppendDelete" time="0,000" classname="cviceni.StringBuilderAndBufferTest"/>
  <testcase name="testBufferAppend" time="0,000" classname="cviceni.StringBuilderAndBufferTest"/>
  <testcase name="testBufferAppend" time="0,000" classname="cviceni.StringBuilderAndBufferTest"/>
  <testcase name="testBufferAppend" time="0,000" classname="cviceni.StringBuilderAndBufferTest"/>
  <testcase name="testBuilderAppendDelete" time="0,000" classname="cviceni.StringBuilderAndBufferTest"/>
  <testcase name="testBufferAppend" time="0,000" classname="cviceni.StringBuilderAndBufferTest"/>
  <testcase name="testBufferAppend" time="0,000" classname="cviceni.StringBuilderAndBufferTest"/>
  <testcase name="testBufferAppendDelete" time="0,001" classname="cviceni.StringBuilderAndBufferTest"/>
  <testcase name="testBufferAppendDelete" time="0,000" classname="cviceni.StringBuilderAndBufferTest"/>
  <testcase name="testBuilderAppend" time="0,000" classname="cviceni.StringBuilderAndBufferTest"/>
  <testcase name="testBufferAppendDelete" time="0,000" classname="cviceni.StringBuilderAndBufferTest"/>
  <testcase name="testBufferAppendDelete" time="0,000" classname="cviceni.StringBuilderAndBufferTest"/>
  <testcase name="testBuilderAppend" time="0,000" classname="cviceni.StringBuilderAndBufferTest"/>
  <testcase name="testBuilderAppendDelete" time="0,000" classname="cviceni.StringBuilderAndBufferTest"/>
  <testcase name="testBuilderAppend" time="0,001" classname="cviceni.StringBuilderAndBufferTest"/>
  <testcase name="testBuilderAppendDelete" time="0,000" classname="cviceni.StringBuilderAndBufferTest"/>
  <testcase name="testBufferAppend" time="0,000" classname="cviceni.StringBuilderAndBufferTest"/>
  <testcase name="testBuilderAppend" time="0,001" classname="cviceni.StringBuilderAndBufferTest"/>
  <testcase name="testBuilderAppend" time="0,001" classname="cviceni.StringBuilderAndBufferTest"/>
  <testcase name="testBufferAppend" time="0,000" classname="cviceni.StringBuilderAndBufferTest"/>
  <testcase name="testBufferAppend" time="0,001" classname="cviceni.StringBuilderAndBufferTest"/>
  <testcase name="testBufferAppendDelete" time="0,001" classname="cviceni.StringBuilderAndBufferTest"/>
  <testcase name="testBuilderAppendDelete" time="0,001" classname="cviceni.StringBuilderAndBufferTest"/>
  <testcase name="testBufferAppendDelete" time="0,001" classname="cviceni.StringBuilderAndBufferTest"/>
  <testcase name="testBuilderAppendDelete" time="0,000" classname="cviceni.StringBuilderAndBufferTest"/>
  <testcase name="testBufferAppend" time="0,000" classname="cviceni.StringBuilderAndBufferTest"/>
  <testcase name="testBufferAppend" time="0,000" classname="cviceni.StringBuilderAndBufferTest"/>
  <testcase name="testBuilderAppend" time="0,001" classname="cviceni.StringBuilderAndBufferTest"/>
  <testcase name="testBufferAppend" time="0,071" classname="cviceni.StringBuilderAndBufferTest"/>
  <testcase name="testBufferAppend" time="0,000" classname="cviceni.StringBuilderAndBufferTest"/>
  <testcase name="testBufferAppend" time="0,001" classname="cviceni.StringBuilderAndBufferTest"/>
  <testcase name="testBufferAppend" time="0,000" classname="cviceni.StringBuilderAndBufferTest"/>
  <testcase name="testBuilderAppendDelete" time="0,000" classname="cviceni.StringBuilderAndBufferTest"/>
  <testcase name="testBufferAppend" time="0,000" classname="cviceni.StringBuilderAndBufferTest"/>
  <testcase name="testBuilderAppend" time="0,000" classname="cviceni.StringBuilderAndBufferTest"/>
  <testcase name="testBufferAppendDelete" time="0,000" classname="cviceni.StringBuilderAndBufferTest"/>
  <testcase name="testBufferAppendDelete" time="0,001" classname="cviceni.StringBuilderAndBufferTest"/>
  <testcase name="testBuilderAppend" time="0,000" classname="cviceni.StringBuilderAndBufferTest"/>
  <testcase name="testBuilderAppend" time="0,001" classname="cviceni.StringBuilderAndBufferTest"/>
  <testcase name="testBufferAppend" time="0,000" classname="cviceni.StringBuilderAndBufferTest"/>
  <testcase name="testBufferAppendDelete" time="0,000" classname="cviceni.StringBuilderAndBufferTest"/>
  <testcase name="testBufferAppend" time="0,000" classname="cviceni.StringBuilderAndBufferTest"/>
  <testcase name="testBuilderAppend" time="0,000" classname="cviceni.StringBuilderAndBufferTest"/>
  <testcase name="testBufferAppendDelete" time="0,000" classname="cviceni.StringBuilderAndBufferTest"/>
  <testcase name="testBufferAppendDelete" time="0,000" classname="cviceni.StringBuilderAndBufferTest"/>
  <testcase name="testBufferAppend" time="0,000" classname="cviceni.StringBuilderAndBufferTest"/>
  <testcase name="testBufferAppend" time="0,000" classname="cviceni.StringBuilderAndBufferTest"/>
  <testcase name="testBuilderAppend" time="0,000" classname="cviceni.StringBuilderAndBufferTest"/>
  <testcase name="testBufferAppendDelete" time="0,050" classname="cviceni.StringBuilderAndBufferTest"/>
  <testcase name="testBufferAppend" time="0,000" classname="cviceni.StringBuilderAndBufferTest"/>
  <testcase name="testBufferAppend" time="0,001" classname="cviceni.StringBuilderAndBufferTest"/>
  <testcase name="testBuilderAppend" time="0,000" classname="cviceni.StringBuilderAndBufferTest"/>
  <testcase name="testBufferAppendDelete" time="0,001" classname="cviceni.StringBuilderAndBufferTest"/>
  <testcase name="testBufferAppend" time="0,000" classname="cviceni.StringBuilderAndBufferTest"/>
  <testcase name="testBuilderAppend" time="0,000" classname="cviceni.StringBuilderAndBufferTest"/>
  <testcase name="testBufferAppendDelete" time="0,001" classname="cviceni.StringBuilderAndBufferTest"/>
  <testcase name="testBuilderAppendDelete" time="0,000" classname="cviceni.StringBuilderAndBufferTest"/>
  <testcase name="testBuilderAppendDelete" time="0,000" classname="cviceni.StringBuilderAndBufferTest"/>
  <testcase name="testBuilderAppend" time="0,000" classname="cviceni.StringBuilderAndBufferTest"/>
  <testcase name="testBufferAppendDelete" time="0,000" classname="cviceni.StringBuilderAndBufferTest"/>
  <testcase name="testBuilderAppendDelete" time="0,000" classname="cviceni.StringBuilderAndBufferTest"/>
  <testcase name="testBufferAppend" time="0,001" classname="cviceni.StringBuilderAndBufferTest"/>
  <testcase name="testBuilderAppend" time="0,000" classname="cviceni.StringBuilderAndBufferTest"/>
  <testcase name="testBufferAppendDelete" time="0,001" classname="cviceni.StringBuilderAndBufferTest"/>
  <testcase name="testBufferAppendDelete" time="0,001" classname="cviceni.StringBuilderAndBufferTest"/>
  <testcase name="testBuilderAppend" time="0,003" classname="cviceni.StringBuilderAndBufferTest"/>
  <testcase name="testBuilderAppend" time="0,000" classname="cviceni.StringBuilderAndBufferTest"/>
  <testcase name="testBufferAppendDelete" time="0,000" classname="cviceni.StringBuilderAndBufferTest"/>
  <testcase name="testBufferAppendDelete" time="0,000" classname="cviceni.StringBuilderAndBufferTest"/>
  <testcase name="testBuilderAppendDelete" time="0,000" classname="cviceni.StringBuilderAndBufferTest"/>
  <testcase name="testBuilderAppend" time="0,000" classname="cviceni.StringBuilderAndBufferTest"/>
  <testcase name="testBuilderAppendDelete" time="0,000" classname="cviceni.StringBuilderAndBufferTest"/>
  <testcase name="testBuilderAppendDelete" time="0,000" classname="cviceni.StringBuilderAndBufferTest"/>
  <testcase name="testBuilderAppendDelete" time="0,003" classname="cviceni.StringBuilderAndBufferTest"/>
  <testcase name="testBuilderAppend" time="0,000" classname="cviceni.StringBuilderAndBufferTest"/>
  <testcase name="testBuilderAppend" time="0,000" classname="cviceni.StringBuilderAndBufferTest"/>
  <testcase name="testBuilderAppend" time="0,000" classname="cviceni.StringBuilderAndBufferTest"/>
  <testcase name="testBufferAppend" time="0,001" classname="cviceni.StringBuilderAndBufferTest"/>
  <testcase name="testBufferAppend" time="0,000" classname="cviceni.StringBuilderAndBufferTest"/>
  <testcase name="testBuilderAppendDelete" time="0,001" classname="cviceni.StringBuilderAndBufferTest"/>
  <testcase name="testBuilderAppendDelete" time="0,000" classname="cviceni.StringBuilderAndBufferTest"/>
  <testcase name="testBuilderAppendDelete" time="0,001" classname="cviceni.StringBuilderAndBufferTest"/>
  <testcase name="testBufferAppend" time="0,000" classname="cviceni.StringBuilderAndBufferTest"/>
  <testcase name="testBuilderAppend" time="0,001" classname="cviceni.StringBuilderAndBufferTest"/>
  <testcase name="testBuilderAppendDelete" time="0,000" classname="cviceni.StringBuilderAndBufferTest"/>
  <testcase name="testBuilderAppendDelete" time="0,001" classname="cviceni.StringBuilderAndBufferTest"/>
  <testcase name="testBuilderAppendDelete" time="0,000" classname="cviceni.StringBuilderAndBufferTest"/>
  <testcase name="testBufferAppend" time="0,000" classname="cviceni.StringBuilderAndBufferTest"/>
  <testcase name="testBufferAppend" time="0,000" classname="cviceni.StringBuilderAndBufferTest"/>
  <testcase name="testBufferAppendDelete" time="0,001" classname="cviceni.StringBuilderAndBufferTest"/>
  <testcase name="testBufferAppendDelete" time="0,000" classname="cviceni.StringBuilderAndBufferTest"/>
  <testcase name="testBuilderAppend" time="0,000" classname="cviceni.StringBuilderAndBufferTest"/>
  <testcase name="testBufferAppendDelete" time="0,000" classname="cviceni.StringBuilderAndBufferTest"/>
  <testcase name="testBuilderAppend" time="0,001" classname="cviceni.StringBuilderAndBufferTest"/>
  <testcase name="testBufferAppend" time="0,001" classname="cviceni.StringBuilderAndBufferTest"/>
  <testcase name="testBufferAppend" time="0,000" classname="cviceni.StringBuilderAndBufferTest"/>
  <testcase name="testBuilderAppend" time="0,001" classname="cviceni.StringBuilderAndBufferTest"/>
  <testcase name="testBuilderAppendDelete" time="0,000" classname="cviceni.StringBuilderAndBufferTest"/>
  <testcase name="testBuilderAppend" time="0,001" classname="cviceni.StringBuilderAndBufferTest"/>
  <testcase name="testBufferAppend" time="0,000" classname="cviceni.StringBuilderAndBufferTest"/>
  <testcase name="testBuilderAppend" time="0,000" classname="cviceni.StringBuilderAndBufferTest"/>
  <testcase name="testBuilderAppend" time="0,000" classname="cviceni.StringBuilderAndBufferTest"/>
  <testcase name="testBuilderAppendDelete" time="0,000" classname="cviceni.StringBuilderAndBufferTest"/>
  <testcase name="testBuilderAppend" time="0,001" classname="cviceni.StringBuilderAndBufferTest"/>
  <testcase name="testBufferAppend" time="0,001" classname="cviceni.StringBuilderAndBufferTest"/>
  <testcase name="testBuilderAppend" time="0,000" classname="cviceni.StringBuilderAndBufferTest"/>
  <testcase name="testBuilderAppendDelete" time="0,000" classname="cviceni.StringBuilderAndBufferTest"/>
  <testcase name="testBuilderAppendDelete" time="0,000" classname="cviceni.StringBuilderAndBufferTest"/>
  <testcase name="testBufferAppend" time="0,000" classname="cviceni.StringBuilderAndBufferTest"/>
  <testcase name="testBufferAppend" time="0,000" classname="cviceni.StringBuilderAndBufferTest"/>
  <testcase name="testBuilderAppend" time="0,001" classname="cviceni.StringBuilderAndBufferTest"/>
  <testcase name="testBufferAppendDelete" time="0,001" classname="cviceni.StringBuilderAndBufferTest"/>
  <testcase name="testBufferAppend" time="0,000" classname="cviceni.StringBuilderAndBufferTest"/>
  <testcase name="testBufferAppend" time="0,000" classname="cviceni.StringBuilderAndBufferTest"/>
  <testcase name="testBufferAppend" time="0,001" classname="cviceni.StringBuilderAndBufferTest"/>
  <testcase name="testBuilderAppend" time="0,001" classname="cviceni.StringBuilderAndBufferTest"/>
  <testcase name="testBufferAppendDelete" time="0,000" classname="cviceni.StringBuilderAndBufferTest"/>
  <testcase name="testBufferAppend" time="0,000" classname="cviceni.StringBuilderAndBufferTest"/>
  <testcase name="testBufferAppendDelete" time="0,000" classname="cviceni.StringBuilderAndBufferTest"/>
  <testcase name="testBufferAppend" time="0,000" classname="cviceni.StringBuilderAndBufferTest"/>
  <testcase name="testBuilderAppendDelete" time="0,001" classname="cviceni.StringBuilderAndBufferTest"/>
  <testcase name="testBufferAppend" time="0,000" classname="cviceni.StringBuilderAndBufferTest"/>
  <testcase name="testBufferAppend" time="0,000" classname="cviceni.StringBuilderAndBufferTest"/>
  <testcase name="testBuilderAppend" time="0,000" classname="cviceni.StringBuilderAndBufferTest"/>
  <testcase name="testBuilderAppendDelete" time="0,000" classname="cviceni.StringBuilderAndBufferTest"/>
  <testcase name="testBufferAppend" time="0,001" classname="cviceni.StringBuilderAndBufferTest"/>
  <testcase name="testBuilderAppendDelete" time="0,000" classname="cviceni.StringBuilderAndBufferTest"/>
  <testcase name="testBufferAppendDelete" time="0,000" classname="cviceni.StringBuilderAndBufferTest"/>
  <testcase name="testBufferAppendDelete" time="0,001" classname="cviceni.StringBuilderAndBufferTest"/>
  <testcase name="testBufferAppendDelete" time="0,000" classname="cviceni.StringBuilderAndBufferTest"/>
  <testcase name="testBuilderAppend" time="0,000" classname="cviceni.StringBuilderAndBufferTest"/>
  <testcase name="testBuilderAppendDelete" time="0,000" classname="cviceni.StringBuilderAndBufferTest"/>
  <testcase name="testBufferAppendDelete" time="0,000" classname="cviceni.StringBuilderAndBufferTest"/>
  <testcase name="testBuilderAppend" time="0,001" classname="cviceni.StringBuilderAndBufferTest"/>
  <testcase name="testBufferAppend" time="0,001" classname="cviceni.StringBuilderAndBufferTest"/>
  <testcase name="testBufferAppend" time="0,000" classname="cviceni.StringBuilderAndBufferTest"/>
  <testcase name="testBufferAppendDelete" time="0,000" classname="cviceni.StringBuilderAndBufferTest"/>
  <testcase name="testBufferAppend" time="0,001" classname="cviceni.StringBuilderAndBufferTest"/>
  <testcase name="testBufferAppendDelete" time="0,000" classname="cviceni.StringBuilderAndBufferTest"/>
  <testcase name="testBufferAppend" time="0,000" classname="cviceni.StringBuilderAndBufferTest"/>
  <testcase name="testBufferAppendDelete" time="0,000" classname="cviceni.StringBuilderAndBufferTest"/>
  <testcase name="testBuilderAppend" time="0,000" classname="cviceni.StringBuilderAndBufferTest"/>
  <testcase name="testBufferAppendDelete" time="0,000" classname="cviceni.StringBuilderAndBufferTest"/>
  <testcase name="testBufferAppend" time="0,001" classname="cviceni.StringBuilderAndBufferTest"/>
  <testcase name="testBuilderAppendDelete" time="0,000" classname="cviceni.StringBuilderAndBufferTest"/>
  <testcase name="testBufferAppend" time="0,001" classname="cviceni.StringBuilderAndBufferTest"/>
  <testcase name="testBufferAppend" time="0,000" classname="cviceni.StringBuilderAndBufferTest"/>
  <testcase name="testBufferAppend" time="0,000" classname="cviceni.StringBuilderAndBufferTest"/>
  <testcase name="testBuilderAppendDelete" time="0,000" classname="cviceni.StringBuilderAndBufferTest"/>
  <testcase name="testBufferAppendDelete" time="0,000" classname="cviceni.StringBuilderAndBufferTest"/>
  <testcase name="testBuilderAppendDelete" time="0,000" classname="cviceni.StringBuilderAndBufferTest"/>
  <testcase name="testBufferAppend" time="0,000" classname="cviceni.StringBuilderAndBufferTest"/>
  <testcase name="testBuilderAppend" time="0,000" classname="cviceni.StringBuilderAndBufferTest"/>
  <testcase name="testBuilderAppend" time="0,000" classname="cviceni.StringBuilderAndBufferTest"/>
  <testcase name="testBufferAppendDelete" time="0,001" classname="cviceni.StringBuilderAndBufferTest"/>
  <testcase name="testBufferAppendDelete" time="0,000" classname="cviceni.StringBuilderAndBufferTest"/>
  <testcase name="testBufferAppend" time="0,000" classname="cviceni.StringBuilderAndBufferTest"/>
  <testcase name="testBuilderAppendDelete" time="0,000" classname="cviceni.StringBuilderAndBufferTest"/>
  <testcase name="testBuilderAppendDelete" time="0,000" classname="cviceni.StringBuilderAndBufferTest"/>
  <testcase name="testBuilderAppend" time="0,000" classname="cviceni.StringBuilderAndBufferTest"/>
  <testcase name="testBuilderAppendDelete" time="0,000" classname="cviceni.StringBuilderAndBufferTest"/>
  <testcase name="testBuilderAppend" time="0,000" classname="cviceni.StringBuilderAndBufferTest"/>
  <testcase name="testBuilderAppendDelete" time="0,001" classname="cviceni.StringBuilderAndBufferTest"/>
  <testcase name="testBuilderAppend" time="0,000" classname="cviceni.StringBuilderAndBufferTest"/>
  <testcase name="testBuilderAppend" time="0,000" classname="cviceni.StringBuilderAndBufferTest"/>
  <testcase name="testBufferAppendDelete" time="0,000" classname="cviceni.StringBuilderAndBufferTest"/>
  <testcase name="testBuilderAppend" time="0,000" classname="cviceni.StringBuilderAndBufferTest"/>
  <testcase name="testBufferAppend" time="0,000" classname="cviceni.StringBuilderAndBufferTest"/>
  <testcase name="testBuilderAppend" time="0,000" classname="cviceni.StringBuilderAndBufferTest"/>
  <testcase name="testBuilderAppendDelete" time="0,000" classname="cviceni.StringBuilderAndBufferTest"/>
  <testcase name="testBufferAppendDelete" time="0,001" classname="cviceni.StringBuilderAndBufferTest"/>
  <testcase name="testBuilderAppend" time="0,001" classname="cviceni.StringBuilderAndBufferTest"/>
  <testcase name="testBufferAppendDelete" time="0,001" classname="cviceni.StringBuilderAndBufferTest"/>
  <testcase name="testBufferAppend" time="0,000" classname="cviceni.StringBuilderAndBufferTest"/>
  <testcase name="testBufferAppendDelete" time="0,000" classname="cviceni.StringBuilderAndBufferTest"/>
  <testcase name="testBufferAppendDelete" time="0,000" classname="cviceni.StringBuilderAndBufferTest"/>
  <testcase name="testBufferAppendDelete" time="0,000" classname="cviceni.StringBuilderAndBufferTest"/>
  <testcase name="testBufferAppend" time="0,000" classname="cviceni.StringBuilderAndBufferTest"/>
  <testcase name="testBuilderAppend" time="0,001" classname="cviceni.StringBuilderAndBufferTest"/>
  <testcase name="testBuilderAppend" time="0,000" classname="cviceni.StringBuilderAndBufferTest"/>
  <testcase name="testBufferAppend" time="0,000" classname="cviceni.StringBuilderAndBufferTest"/>
  <testcase name="testBuilderAppendDelete" time="0,000" classname="cviceni.StringBuilderAndBufferTest"/>
  <testcase name="testBufferAppendDelete" time="0,000" classname="cviceni.StringBuilderAndBufferTest"/>
  <testcase name="testBuilderAppendDelete" time="0,000" classname="cviceni.StringBuilderAndBufferTest"/>
  <testcase name="testBuilderAppend" time="0,000" classname="cviceni.StringBuilderAndBufferTest"/>
  <testcase name="testBuilderAppendDelete" time="0,000" classname="cviceni.StringBuilderAndBufferTest"/>
  <testcase name="testBuilderAppend" time="0,000" classname="cviceni.StringBuilderAndBufferTest"/>
  <testcase name="testBuilderAppendDelete" time="0,000" classname="cviceni.StringBuilderAndBufferTest"/>
  <testcase name="testBufferAppendDelete" time="0,000" classname="cviceni.StringBuilderAndBufferTest"/>
  <testcase name="testBufferAppendDelete" time="0,000" classname="cviceni.StringBuilderAndBufferTest"/>
  <testcase name="testBuilderAppend" time="0,001" classname="cviceni.StringBuilderAndBufferTest"/>
  <testcase name="testBuilderAppend" time="0,000" classname="cviceni.StringBuilderAndBufferTest"/>
  <testcase name="testBuilderAppendDelete" time="0,000" classname="cviceni.StringBuilderAndBufferTest"/>
  <testcase name="testBuilderAppendDelete" time="0,001" classname="cviceni.StringBuilderAndBufferTest"/>
  <testcase name="testBuilderAppendDelete" time="0,000" classname="cviceni.StringBuilderAndBufferTest"/>
  <testcase name="testBuilderAppendDelete" time="0,001" classname="cviceni.StringBuilderAndBufferTest"/>
  <testcase name="testBufferAppendDelete" time="0,000" classname="cviceni.StringBuilderAndBufferTest"/>
  <testcase name="testBufferAppendDelete" time="0,000" classname="cviceni.StringBuilderAndBufferTest"/>
  <testcase name="testBufferAppend" time="0,000" classname="cviceni.StringBuilderAndBufferTest"/>
  <testcase name="testBuilderAppendDelete" time="0,001" classname="cviceni.StringBuilderAndBufferTest"/>
  <testcase name="testBuilderAppend" time="0,001" classname="cviceni.StringBuilderAndBufferTest"/>
  <testcase name="testBuilderAppendDelete" time="0,000" classname="cviceni.StringBuilderAndBufferTest"/>
  <testcase name="testBuilderAppend" time="0,000" classname="cviceni.StringBuilderAndBufferTest"/>
  <testcase name="testBufferAppendDelete" time="0,000" classname="cviceni.StringBuilderAndBufferTest"/>
  <testcase name="testBufferAppend" time="0,001" classname="cviceni.StringBuilderAndBufferTest"/>
  <testcase name="testBuilderAppendDelete" time="0,000" classname="cviceni.StringBuilderAndBufferTest"/>
  <testcase name="testBuilderAppend" time="0,000" classname="cviceni.StringBuilderAndBufferTest"/>
  <testcase name="testBufferAppend" time="0,001" classname="cviceni.StringBuilderAndBufferTest"/>
  <testcase name="testBuilderAppendDelete" time="0,000" classname="cviceni.StringBuilderAndBufferTest"/>
  <testcase name="testBufferAppendDelete" time="0,000" classname="cviceni.StringBuilderAndBufferTest"/>
  <testcase name="testBuilderAppendDelete" time="0,002" classname="cviceni.StringBuilderAndBufferTest"/>
  <testcase name="testBufferAppend" time="0,000" classname="cviceni.StringBuilderAndBufferTest"/>
  <testcase name="testBuilderAppendDelete" time="0,000" classname="cviceni.StringBuilderAndBufferTest"/>
  <testcase name="testBufferAppend" time="0,000" classname="cviceni.StringBuilderAndBufferTest"/>
  <testcase name="testBuilderAppend" time="0,000" classname="cviceni.StringBuilderAndBufferTest"/>
  <testcase name="testBuilderAppend" time="0,000" classname="cviceni.StringBuilderAndBufferTest"/>
  <testcase name="testBufferAppend" time="0,000" classname="cviceni.StringBuilderAndBufferTest"/>
  <testcase name="testBufferAppendDelete" time="0,001" classname="cviceni.StringBuilderAndBufferTest"/>
  <testcase name="testBuilderAppend" time="0,000" classname="cviceni.StringBuilderAndBufferTest"/>
  <testcase name="testBuilderAppendDelete" time="0,001" classname="cviceni.StringBuilderAndBufferTest"/>
  <testcase name="testBufferAppend" time="0,000" classname="cviceni.StringBuilderAndBufferTest"/>
  <testcase name="testBufferAppend" time="0,000" classname="cviceni.StringBuilderAndBufferTest"/>
  <testcase name="testBuilderAppend" time="0,000" classname="cviceni.StringBuilderAndBufferTest"/>
  <testcase name="testBufferAppend" time="0,000" classname="cviceni.StringBuilderAndBufferTest"/>
  <testcase name="testBufferAppendDelete" time="0,000" classname="cviceni.StringBuilderAndBufferTest"/>
  <testcase name="testBufferAppend" time="0,000" classname="cviceni.StringBuilderAndBufferTest"/>
  <testcase name="testBuilderAppendDelete" time="0,000" classname="cviceni.StringBuilderAndBufferTest"/>
  <testcase name="testBufferAppendDelete" time="0,000" classname="cviceni.StringBuilderAndBufferTest"/>
  <testcase name="testBufferAppendDelete" time="0,000" classname="cviceni.StringBuilderAndBufferTest"/>
  <testcase name="testBufferAppend" time="0,000" classname="cviceni.StringBuilderAndBufferTest"/>
  <testcase name="testBuilderAppendDelete" time="0,000" classname="cviceni.StringBuilderAndBufferTest"/>
  <testcase name="testBufferAppend" time="0,000" classname="cviceni.StringBuilderAndBufferTest"/>
  <testcase name="testBufferAppendDelete" time="0,001" classname="cviceni.StringBuilderAndBufferTest"/>
  <testcase name="testBufferAppend" time="0,000" classname="cviceni.StringBuilderAndBufferTest"/>
  <testcase name="testBuilderAppendDelete" time="0,002" classname="cviceni.StringBuilderAndBufferTest"/>
  <testcase name="testBufferAppend" time="0,001" classname="cviceni.StringBuilderAndBufferTest"/>
  <testcase name="testBufferAppend" time="0,000" classname="cviceni.StringBuilderAndBufferTest"/>
  <testcase name="testBufferAppendDelete" time="0,000" classname="cviceni.StringBuilderAndBufferTest"/>
  <testcase name="testBufferAppend" time="0,000" classname="cviceni.StringBuilderAndBufferTest"/>
  <testcase name="testBufferAppend" time="0,000" classname="cviceni.StringBuilderAndBufferTest"/>
  <testcase name="testBuilderAppendDelete" time="0,000" classname="cviceni.StringBuilderAndBufferTest"/>
  <testcase name="testBufferAppendDelete" time="0,000" classname="cviceni.StringBuilderAndBufferTest"/>
  <testcase name="testBufferAppend" time="0,000" classname="cviceni.StringBuilderAndBufferTest"/>
  <testcase name="testBufferAppendDelete" time="0,000" classname="cviceni.StringBuilderAndBufferTest"/>
  <testcase name="testBuilderAppend" time="0,000" classname="cviceni.StringBuilderAndBufferTest"/>
  <testcase name="testBufferAppend" time="0,107" classname="cviceni.StringBuilderAndBufferTest"/>
  <testcase name="testBuilderAppend" time="0,000" classname="cviceni.StringBuilderAndBufferTest"/>
  <testcase name="testBufferAppendDelete" time="0,000" classname="cviceni.StringBuilderAndBufferTest"/>
  <testcase name="testBufferAppend" time="0,000" classname="cviceni.StringBuilderAndBufferTest"/>
  <testcase name="testBuilderAppendDelete" time="0,000" classname="cviceni.StringBuilderAndBufferTest"/>
  <testcase name="testBuilderAppendDelete" time="0,000" classname="cviceni.StringBuilderAndBufferTest"/>
  <testcase name="testBufferAppendDelete" time="0,000" classname="cviceni.StringBuilderAndBufferTest"/>
  <testcase name="testBuilderAppend" time="0,000" classname="cviceni.StringBuilderAndBufferTest"/>
  <testcase name="testBufferAppend" time="0,000" classname="cviceni.StringBuilderAndBufferTest"/>
  <testcase name="testBufferAppendDelete" time="0,000" classname="cviceni.StringBuilderAndBufferTest"/>
  <testcase name="testBufferAppendDelete" time="0,001" classname="cviceni.StringBuilderAndBufferTest"/>
  <testcase name="testBuilderAppend" time="0,000" classname="cviceni.StringBuilderAndBufferTest"/>
  <testcase name="testBuilderAppendDelete" time="0,000" classname="cviceni.StringBuilderAndBufferTest"/>
  <testcase name="testBuilderAppend" time="0,000" classname="cviceni.StringBuilderAndBufferTest"/>
  <testcase name="testBuilderAppend" time="0,000" classname="cviceni.StringBuilderAndBufferTest"/>
  <testcase name="testBufferAppend" time="0,000" classname="cviceni.StringBuilderAndBufferTest"/>
  <testcase name="testBufferAppend" time="0,000" classname="cviceni.StringBuilderAndBufferTest"/>
  <testcase name="testBufferAppendDelete" time="0,001" classname="cviceni.StringBuilderAndBufferTest"/>
  <testcase name="testBufferAppend" time="0,000" classname="cviceni.StringBuilderAndBufferTest"/>
  <testcase name="testBufferAppend" time="0,001" classname="cviceni.StringBuilderAndBufferTest"/>
  <testcase name="testBufferAppendDelete" time="0,000" classname="cviceni.StringBuilderAndBufferTest"/>
  <testcase name="testBufferAppendDelete" time="0,001" classname="cviceni.StringBuilderAndBufferTest"/>
  <testcase name="testBuilderAppendDelete" time="0,000" classname="cviceni.StringBuilderAndBufferTest"/>
  <testcase name="testBufferAppendDelete" time="0,000" classname="cviceni.StringBuilderAndBufferTest"/>
  <testcase name="testBuilderAppend" time="0,000" classname="cviceni.StringBuilderAndBufferTest"/>
  <testcase name="testBuilderAppend" time="0,000" classname="cviceni.StringBuilderAndBufferTest"/>
  <testcase name="testBuilderAppendDelete" time="0,000" classname="cviceni.StringBuilderAndBufferTest"/>
  <testcase name="testBufferAppend" time="0,000" classname="cviceni.StringBuilderAndBufferTest"/>
  <testcase name="testBuilderAppend" time="0,000" classname="cviceni.StringBuilderAndBufferTest"/>
  <testcase name="testBuilderAppendDelete" time="0,000" classname="cviceni.StringBuilderAndBufferTest"/>
  <testcase name="testBuilderAppend" time="0,000" classname="cviceni.StringBuilderAndBufferTest"/>
  <testcase name="testBuilderAppendDelete" time="0,001" classname="cviceni.StringBuilderAndBufferTest"/>
  <testcase name="testBuilderAppend" time="0,000" classname="cviceni.StringBuilderAndBufferTest"/>
  <testcase name="testBufferAppend" time="0,000" classname="cviceni.StringBuilderAndBufferTest"/>
  <testcase name="testBuilderAppendDelete" time="0,000" classname="cviceni.StringBuilderAndBufferTest"/>
  <testcase name="testBufferAppendDelete" time="0,001" classname="cviceni.StringBuilderAndBufferTest"/>
  <testcase name="testBufferAppendDelete" time="0,000" classname="cviceni.StringBuilderAndBufferTest"/>
  <testcase name="testBufferAppendDelete" time="0,000" classname="cviceni.StringBuilderAndBufferTest"/>
  <testcase name="testBufferAppend" time="0,001" classname="cviceni.StringBuilderAndBufferTest"/>
  <testcase name="testBuilderAppendDelete" time="0,000" classname="cviceni.StringBuilderAndBufferTest"/>
  <testcase name="testBufferAppend" time="0,000" classname="cviceni.StringBuilderAndBufferTest"/>
  <testcase name="testBufferAppendDelete" time="0,161" classname="cviceni.StringBuilderAndBufferTest"/>
  <testcase name="testBuilderAppendDelete" time="0,001" classname="cviceni.StringBuilderAndBufferTest"/>
  <testcase name="testBufferAppend" time="0,000" classname="cviceni.StringBuilderAndBufferTest"/>
  <testcase name="testBufferAppendDelete" time="0,000" classname="cviceni.StringBuilderAndBufferTest"/>
  <testcase name="testBufferAppend" time="0,001" classname="cviceni.StringBuilderAndBufferTest"/>
  <testcase name="testBuilderAppendDelete" time="0,001" classname="cviceni.StringBuilderAndBufferTest"/>
  <testcase name="testBufferAppend" time="0,000" classname="cviceni.StringBuilderAndBufferTest"/>
  <testcase name="testBuilderAppendDelete" time="0,000" classname="cviceni.StringBuilderAndBufferTest"/>
  <testcase name="testBufferAppend" time="0,000" classname="cviceni.StringBuilderAndBufferTest"/>
  <testcase name="testBufferAppend" time="0,000" classname="cviceni.StringBuilderAndBufferTest"/>
  <testcase name="testBuilderAppendDelete" time="0,000" classname="cviceni.StringBuilderAndBufferTest"/>
  <testcase name="testBufferAppendDelete" time="0,000" classname="cviceni.StringBuilderAndBufferTest"/>
  <testcase name="testBufferAppend" time="0,000" classname="cviceni.StringBuilderAndBufferTest"/>
  <testcase name="testBufferAppendDelete" time="0,001" classname="cviceni.StringBuilderAndBufferTest"/>
  <testcase name="testBufferAppend" time="0,000" classname="cviceni.StringBuilderAndBufferTest"/>
  <testcase name="testBufferAppend" time="0,000" classname="cviceni.StringBuilderAndBufferTest"/>
  <testcase name="testBuilderAppend" time="0,001" classname="cviceni.StringBuilderAndBufferTest"/>
  <testcase name="testBufferAppendDelete" time="0,000" classname="cviceni.StringBuilderAndBufferTest"/>
  <testcase name="testBuilderAppend" time="0,000" classname="cviceni.StringBuilderAndBufferTest"/>
  <testcase name="testBufferAppendDelete" time="0,000" classname="cviceni.StringBuilderAndBufferTest"/>
  <testcase name="testBuilderAppend" time="0,001" classname="cviceni.StringBuilderAndBufferTest"/>
  <testcase name="testBuilderAppendDelete" time="0,000" classname="cviceni.StringBuilderAndBufferTest"/>
  <testcase name="testBuilderAppendDelete" time="0,000" classname="cviceni.StringBuilderAndBufferTest"/>
  <testcase name="testBufferAppendDelete" time="0,001" classname="cviceni.StringBuilderAndBufferTest"/>
  <testcase name="testBuilderAppendDelete" time="0,000" classname="cviceni.StringBuilderAndBufferTest"/>
  <testcase name="testBuilderAppendDelete" time="0,000" classname="cviceni.StringBuilderAndBufferTest"/>
  <testcase name="testBuilderAppendDelete" time="0,001" classname="cviceni.StringBuilderAndBufferTest"/>
  <testcase name="testBufferAppend" time="0,000" classname="cviceni.StringBuilderAndBufferTest"/>
  <testcase name="testBuilderAppendDelete" time="0,000" classname="cviceni.StringBuilderAndBufferTest"/>
  <testcase name="testBuilderAppendDelete" time="0,000" classname="cviceni.StringBuilderAndBufferTest"/>
  <testcase name="testBuilderAppend" time="0,000" classname="cviceni.StringBuilderAndBufferTest"/>
  <testcase name="testBufferAppend" time="0,001" classname="cviceni.StringBuilderAndBufferTest"/>
  <testcase name="testBuilderAppend" time="0,000" classname="cviceni.StringBuilderAndBufferTest"/>
  <testcase name="testBuilderAppend" time="0,000" classname="cviceni.StringBuilderAndBufferTest"/>
  <testcase name="testBuilderAppendDelete" time="0,000" classname="cviceni.StringBuilderAndBufferTest"/>
  <testcase name="testBuilderAppendDelete" time="0,000" classname="cviceni.StringBuilderAndBufferTest"/>
  <testcase name="testBufferAppendDelete" time="0,000" classname="cviceni.StringBuilderAndBufferTest"/>
  <testcase name="testBufferAppendDelete" time="0,000" classname="cviceni.StringBuilderAndBufferTest"/>
  <testcase name="testBufferAppendDelete" time="0,000" classname="cviceni.StringBuilderAndBufferTest"/>
  <testcase name="testBuilderAppend" time="0,000" classname="cviceni.StringBuilderAndBufferTest"/>
  <testcase name="testBufferAppendDelete" time="0,001" classname="cviceni.StringBuilderAndBufferTest"/>
  <testcase name="testBuilderAppendDelete" time="0,000" classname="cviceni.StringBuilderAndBufferTest"/>
  <testcase name="testBufferAppendDelete" time="0,000" classname="cviceni.StringBuilderAndBufferTest"/>
  <testcase name="testBuilderAppend" time="0,000" classname="cviceni.StringBuilderAndBufferTest"/>
  <testcase name="testBufferAppend" time="0,000" classname="cviceni.StringBuilderAndBufferTest"/>
  <testcase name="testBufferAppendDelete" time="0,000" classname="cviceni.StringBuilderAndBufferTest"/>
  <testcase name="testBuilderAppend" time="0,001" classname="cviceni.StringBuilderAndBufferTest"/>
  <testcase name="testBuilderAppend" time="0,001" classname="cviceni.StringBuilderAndBufferTest"/>
  <testcase name="testBuilderAppend" time="0,000" classname="cviceni.StringBuilderAndBufferTest"/>
  <testcase name="testBufferAppendDelete" time="0,001" classname="cviceni.StringBuilderAndBufferTest"/>
  <testcase name="testBufferAppend" time="0,001" classname="cviceni.StringBuilderAndBufferTest"/>
  <testcase name="testBuilderAppendDelete" time="0,000" classname="cviceni.StringBuilderAndBufferTest"/>
  <testcase name="testBuilderAppend" time="0,000" classname="cviceni.StringBuilderAndBufferTest"/>
  <testcase name="testBufferAppend" time="0,000" classname="cviceni.StringBuilderAndBufferTest"/>
  <testcase name="testBuilderAppend" time="0,000" classname="cviceni.StringBuilderAndBufferTest"/>
  <testcase name="testBufferAppendDelete" time="0,000" classname="cviceni.StringBuilderAndBufferTest"/>
  <testcase name="testBufferAppendDelete" time="0,000" classname="cviceni.StringBuilderAndBufferTest"/>
  <testcase name="testBuilderAppendDelete" time="0,000" classname="cviceni.StringBuilderAndBufferTest"/>
  <testcase name="testBufferAppend" time="0,000" classname="cviceni.StringBuilderAndBufferTest"/>
  <testcase name="testBuilderAppendDelete" time="0,000" classname="cviceni.StringBuilderAndBufferTest"/>
  <testcase name="testBuilderAppend" time="0,000" classname="cviceni.StringBuilderAndBufferTest"/>
  <testcase name="testBuilderAppendDelete" time="0,000" classname="cviceni.StringBuilderAndBufferTest"/>
  <testcase name="testBuilderAppendDelete" time="0,000" classname="cviceni.StringBuilderAndBufferTest"/>
  <testcase name="testBuilderAppendDelete" time="0,001" classname="cviceni.StringBuilderAndBufferTest"/>
  <testcase name="testBuilderAppendDelete" time="0,000" classname="cviceni.StringBuilderAndBufferTest"/>
  <testcase name="testBuilderAppendDelete" time="0,051" classname="cviceni.StringBuilderAndBufferTest"/>
  <testcase name="testBuilderAppendDelete" time="0,000" classname="cviceni.StringBuilderAndBufferTest"/>
  <testcase name="testBufferAppend" time="0,001" classname="cviceni.StringBuilderAndBufferTest"/>
  <testcase name="testBufferAppendDelete" time="0,000" classname="cviceni.StringBuilderAndBufferTest"/>
  <testcase name="testBufferAppendDelete" time="0,001" classname="cviceni.StringBuilderAndBufferTest"/>
  <testcase name="testBuilderAppend" time="0,000" classname="cviceni.StringBuilderAndBufferTest"/>
  <testcase name="testBuilderAppend" time="0,000" classname="cviceni.StringBuilderAndBufferTest"/>
  <testcase name="testBuilderAppendDelete" time="0,003" classname="cviceni.StringBuilderAndBufferTest"/>
  <testcase name="testBuilderAppendDelete" time="0,000" classname="cviceni.StringBuilderAndBufferTest"/>
  <testcase name="testBufferAppendDelete" time="0,001" classname="cviceni.StringBuilderAndBufferTest"/>
  <testcase name="testBufferAppendDelete" time="0,000" classname="cviceni.StringBuilderAndBufferTest"/>
  <testcase name="testBufferAppend" time="0,000" classname="cviceni.StringBuilderAndBufferTest"/>
  <testcase name="testBufferAppend" time="0,001" classname="cviceni.StringBuilderAndBufferTest"/>
  <testcase name="testBufferAppendDelete" time="0,000" classname="cviceni.StringBuilderAndBufferTest"/>
  <testcase name="testBuilderAppendDelete" time="0,000" classname="cviceni.StringBuilderAndBufferTest"/>
  <testcase name="testBufferAppendDelete" time="0,000" classname="cviceni.StringBuilderAndBufferTest"/>
  <testcase name="testBuilderAppendDelete" time="0,000" classname="cviceni.StringBuilderAndBufferTest"/>
  <testcase name="testBufferAppend" time="0,000" classname="cviceni.StringBuilderAndBufferTest"/>
  <testcase name="testBuilderAppend" time="0,000" classname="cviceni.StringBuilderAndBufferTest"/>
  <testcase name="testBufferAppend" time="0,001" classname="cviceni.StringBuilderAndBufferTest"/>
  <testcase name="testBufferAppend" time="0,000" classname="cviceni.StringBuilderAndBufferTest"/>
  <testcase name="testBuilderAppend" time="0,000" classname="cviceni.StringBuilderAndBufferTest"/>
  <testcase name="testBuilderAppendDelete" time="0,000" classname="cviceni.StringBuilderAndBufferTest"/>
  <testcase name="testBuilderAppendDelete" time="0,000" classname="cviceni.StringBuilderAndBufferTest"/>
  <testcase name="testBufferAppend" time="0,000" classname="cviceni.StringBuilderAndBufferTest"/>
  <testcase name="testBuilderAppend" time="0,000" classname="cviceni.StringBuilderAndBufferTest"/>
  <testcase name="testBufferAppendDelete" time="0,000" classname="cviceni.StringBuilderAndBufferTest"/>
  <testcase name="testBufferAppend" time="0,001" classname="cviceni.StringBuilderAndBufferTest"/>
  <testcase name="testBuilderAppendDelete" time="0,000" classname="cviceni.StringBuilderAndBufferTest"/>
  <testcase name="testBufferAppendDelete" time="0,000" classname="cviceni.StringBuilderAndBufferTest"/>
  <testcase name="testBufferAppend" time="0,000" classname="cviceni.StringBuilderAndBufferTest"/>
  <testcase name="testBufferAppendDelete" time="0,000" classname="cviceni.StringBuilderAndBufferTest"/>
  <testcase name="testBufferAppendDelete" time="0,000" classname="cviceni.StringBuilderAndBufferTest"/>
  <testcase name="testBufferAppendDelete" time="0,001" classname="cviceni.StringBuilderAndBufferTest"/>
  <testcase name="testBuilderAppend" time="0,001" classname="cviceni.StringBuilderAndBufferTest"/>
  <testcase name="testBuilderAppendDelete" time="0,000" classname="cviceni.StringBuilderAndBufferTest"/>
  <testcase name="testBuilderAppend" time="0,000" classname="cviceni.StringBuilderAndBufferTest"/>
  <testcase name="testBuilderAppend" time="0,041" classname="cviceni.StringBuilderAndBufferTest"/>
  <testcase name="testBuilderAppend" time="0,000" classname="cviceni.StringBuilderAndBufferTest"/>
  <testcase name="testBufferAppend" time="0,001" classname="cviceni.StringBuilderAndBufferTest"/>
  <testcase name="testBuilderAppendDelete" time="0,000" classname="cviceni.StringBuilderAndBufferTest"/>
  <testcase name="testBufferAppend" time="0,000" classname="cviceni.StringBuilderAndBufferTest"/>
  <testcase name="testBuilderAppendDelete" time="0,000" classname="cviceni.StringBuilderAndBufferTest"/>
  <testcase name="testBufferAppend" time="0,415" classname="cviceni.StringBuilderAndBufferTest"/>
  <testcase name="testBuilderAppendDelete" time="0,001" classname="cviceni.StringBuilderAndBufferTest"/>
  <testcase name="testBufferAppendDelete" time="0,000" classname="cviceni.StringBuilderAndBufferTest"/>
  <testcase name="testBufferAppendDelete" time="0,000" classname="cviceni.StringBuilderAndBufferTest"/>
  <testcase name="testBufferAppend" time="0,001" classname="cviceni.StringBuilderAndBufferTest"/>
  <testcase name="testBuilderAppendDelete" time="0,000" classname="cviceni.StringBuilderAndBufferTest"/>
  <testcase name="testBuilderAppend" time="0,000" classname="cviceni.StringBuilderAndBufferTest"/>
  <testcase name="testBuilderAppendDelete" time="0,000" classname="cviceni.StringBuilderAndBufferTest"/>
  <testcase name="testBuilderAppend" time="0,001" classname="cviceni.StringBuilderAndBufferTest"/>
  <testcase name="testBufferAppend" time="0,000" classname="cviceni.StringBuilderAndBufferTest"/>
  <testcase name="testBufferAppendDelete" time="0,000" classname="cviceni.StringBuilderAndBufferTest"/>
  <testcase name="testBuilderAppend" time="0,000" classname="cviceni.StringBuilderAndBufferTest"/>
  <testcase name="testBufferAppendDelete" time="0,000" classname="cviceni.StringBuilderAndBufferTest"/>
  <testcase name="testBufferAppendDelete" time="0,000" classname="cviceni.StringBuilderAndBufferTest"/>
  <testcase name="testBuilderAppend" time="0,000" classname="cviceni.StringBuilderAndBufferTest"/>
  <testcase name="testBuilderAppendDelete" time="0,001" classname="cviceni.StringBuilderAndBufferTest"/>
  <testcase name="testBuilderAppendDelete" time="0,000" classname="cviceni.StringBuilderAndBufferTest"/>
  <testcase name="testBuilderAppend" time="0,000" classname="cviceni.StringBuilderAndBufferTest"/>
  <testcase name="testBufferAppendDelete" time="0,000" classname="cviceni.StringBuilderAndBufferTest"/>
  <testcase name="testBufferAppendDelete" time="0,001" classname="cviceni.StringBuilderAndBufferTest"/>
  <testcase name="testBuilderAppendDelete" time="0,000" classname="cviceni.StringBuilderAndBufferTest"/>
  <testcase name="testBufferAppendDelete" time="0,001" classname="cviceni.StringBuilderAndBufferTest"/>
  <testcase name="testBuilderAppendDelete" time="0,000" classname="cviceni.StringBuilderAndBufferTest"/>
  <testcase name="testBuilderAppend" time="0,000" classname="cviceni.StringBuilderAndBufferTest"/>
  <testcase name="testBuilderAppendDelete" time="0,000" classname="cviceni.StringBuilderAndBufferTest"/>
  <testcase name="testBuilderAppend" time="0,001" classname="cviceni.StringBuilderAndBufferTest"/>
  <testcase name="testBufferAppend" time="0,000" classname="cviceni.StringBuilderAndBufferTest"/>
  <testcase name="testBuilderAppend" time="0,000" classname="cviceni.StringBuilderAndBufferTest"/>
  <testcase name="testBufferAppendDelete" time="0,000" classname="cviceni.StringBuilderAndBufferTest"/>
  <testcase name="testBuilderAppendDelete" time="0,000" classname="cviceni.StringBuilderAndBufferTest"/>
  <testcase name="testBuilderAppendDelete" time="0,000" classname="cviceni.StringBuilderAndBufferTest"/>
  <testcase name="testBufferAppend" time="0,000" classname="cviceni.StringBuilderAndBufferTest"/>
  <testcase name="testBuilderAppendDelete" time="0,000" classname="cviceni.StringBuilderAndBufferTest"/>
  <testcase name="testBuilderAppend" time="0,000" classname="cviceni.StringBuilderAndBufferTest"/>
  <testcase name="testBuilderAppend" time="0,000" classname="cviceni.StringBuilderAndBufferTest"/>
  <testcase name="testBuilderAppendDelete" time="0,001" classname="cviceni.StringBuilderAndBufferTest"/>
  <testcase name="testBufferAppendDelete" time="0,000" classname="cviceni.StringBuilderAndBufferTest"/>
  <testcase name="testBuilderAppendDelete" time="0,000" classname="cviceni.StringBuilderAndBufferTest"/>
  <testcase name="testBufferAppendDelete" time="0,000" classname="cviceni.StringBuilderAndBufferTest"/>
  <testcase name="testBufferAppend" time="0,000" classname="cviceni.StringBuilderAndBufferTest"/>
  <testcase name="testBuilderAppendDelete" time="0,000" classname="cviceni.StringBuilderAndBufferTest"/>
  <testcase name="testBuilderAppendDelete" time="0,000" classname="cviceni.StringBuilderAndBufferTest"/>
  <testcase name="testBuilderAppend" time="0,000" classname="cviceni.StringBuilderAndBufferTest"/>
  <testcase name="testBuilderAppendDelete" time="0,000" classname="cviceni.StringBuilderAndBufferTest"/>
  <testcase name="testBuilderAppend" time="0,000" classname="cviceni.StringBuilderAndBufferTest"/>
  <testcase name="testBuilderAppendDelete" time="0,000" classname="cviceni.StringBuilderAndBufferTest"/>
  <testcase name="testBufferAppend" time="0,000" classname="cviceni.StringBuilderAndBufferTest"/>
  <testcase name="testBufferAppendDelete" time="0,000" classname="cviceni.StringBuilderAndBufferTest"/>
  <testcase name="testBuilderAppendDelete" time="0,000" classname="cviceni.StringBuilderAndBufferTest"/>
  <testcase name="testBuilderAppendDelete" time="0,000" classname="cviceni.StringBuilderAndBufferTest"/>
  <testcase name="testBufferAppend" time="0,000" classname="cviceni.StringBuilderAndBufferTest"/>
  <testcase name="testBufferAppend" time="0,000" classname="cviceni.StringBuilderAndBufferTest"/>
  <testcase name="testBuilderAppendDelete" time="0,000" classname="cviceni.StringBuilderAndBufferTest"/>
  <testcase name="testBufferAppendDelete" time="0,110" classname="cviceni.StringBuilderAndBufferTest"/>
  <testcase name="testBuilderAppendDelete" time="0,000" classname="cviceni.StringBuilderAndBufferTest"/>
  <testcase name="testBuilderAppendDelete" time="0,000" classname="cviceni.StringBuilderAndBufferTest"/>
  <testcase name="testBufferAppend" time="0,000" classname="cviceni.StringBuilderAndBufferTest"/>
  <testcase name="testBufferAppend" time="0,000" classname="cviceni.StringBuilderAndBufferTest"/>
  <testcase name="testBuilderAppend" time="0,001" classname="cviceni.StringBuilderAndBufferTest"/>
  <testcase name="testBufferAppend" time="0,000" classname="cviceni.StringBuilderAndBufferTest"/>
  <testcase name="testBuilderAppend" time="0,001" classname="cviceni.StringBuilderAndBufferTest"/>
  <testcase name="testBufferAppend" time="0,000" classname="cviceni.StringBuilderAndBufferTest"/>
  <testcase name="testBuilderAppendDelete" time="0,001" classname="cviceni.StringBuilderAndBufferTest"/>
  <testcase name="testBufferAppend" time="0,000" classname="cviceni.StringBuilderAndBufferTest"/>
  <testcase name="testBufferAppendDelete" time="0,001" classname="cviceni.StringBuilderAndBufferTest"/>
  <testcase name="testBuilderAppendDelete" time="0,000" classname="cviceni.StringBuilderAndBufferTest"/>
  <testcase name="testBufferAppend" time="0,000" classname="cviceni.StringBuilderAndBufferTest"/>
  <testcase name="testBuilderAppendDelete" time="0,000" classname="cviceni.StringBuilderAndBufferTest"/>
  <testcase name="testBuilderAppendDelete" time="0,000" classname="cviceni.StringBuilderAndBufferTest"/>
  <testcase name="testBuilderAppendDelete" time="0,000" classname="cviceni.StringBuilderAndBufferTest"/>
  <testcase name="testBuilderAppend" time="0,001" classname="cviceni.StringBuilderAndBufferTest"/>
  <testcase name="testBuilderAppendDelete" time="0,000" classname="cviceni.StringBuilderAndBufferTest"/>
  <testcase name="testBuilderAppend" time="0,000" classname="cviceni.StringBuilderAndBufferTest"/>
  <testcase name="testBufferAppend" time="0,000" classname="cviceni.StringBuilderAndBufferTest"/>
  <testcase name="testBuilderAppendDelete" time="0,001" classname="cviceni.StringBuilderAndBufferTest"/>
  <testcase name="testBuilderAppendDelete" time="0,001" classname="cviceni.StringBuilderAndBufferTest"/>
  <testcase name="testBuilderAppend" time="0,001" classname="cviceni.StringBuilderAndBufferTest"/>
  <testcase name="testBuilderAppend" time="0,000" classname="cviceni.StringBuilderAndBufferTest"/>
  <testcase name="testBuilderAppendDelete" time="0,000" classname="cviceni.StringBuilderAndBufferTest"/>
  <testcase name="testBuilderAppendDelete" time="0,000" classname="cviceni.StringBuilderAndBufferTest"/>
  <testcase name="testBufferAppend" time="0,001" classname="cviceni.StringBuilderAndBufferTest"/>
  <testcase name="testBuilderAppendDelete" time="0,000" classname="cviceni.StringBuilderAndBufferTest"/>
  <testcase name="testBufferAppendDelete" time="0,000" classname="cviceni.StringBuilderAndBufferTest"/>
  <testcase name="testBuilderAppendDelete" time="0,000" classname="cviceni.StringBuilderAndBufferTest"/>
  <testcase name="testBuilderAppendDelete" time="0,000" classname="cviceni.StringBuilderAndBufferTest"/>
  <testcase name="testBufferAppendDelete" time="0,000" classname="cviceni.StringBuilderAndBufferTest"/>
  <testcase name="testBufferAppend" time="0,009" classname="cviceni.StringBuilderAndBufferTest"/>
  <testcase name="testBufferAppend" time="0,001" classname="cviceni.StringBuilderAndBufferTest"/>
  <testcase name="testBuilderAppend" time="0,000" classname="cviceni.StringBuilderAndBufferTest"/>
  <testcase name="testBuilderAppend" time="0,000" classname="cviceni.StringBuilderAndBufferTest"/>
  <testcase name="testBuilderAppendDelete" time="0,000" classname="cviceni.StringBuilderAndBufferTest"/>
  <testcase name="testBuilderAppend" time="0,000" classname="cviceni.StringBuilderAndBufferTest"/>
  <testcase name="testBufferAppendDelete" time="0,000" classname="cviceni.StringBuilderAndBufferTest"/>
  <testcase name="testBufferAppendDelete" time="0,000" classname="cviceni.StringBuilderAndBufferTest"/>
  <testcase name="testBuilderAppend" time="0,000" classname="cviceni.StringBuilderAndBufferTest"/>
  <testcase name="testBufferAppend" time="0,000" classname="cviceni.StringBuilderAndBufferTest"/>
  <testcase name="testBufferAppendDelete" time="0,000" classname="cviceni.StringBuilderAndBufferTest"/>
  <testcase name="testBuilderAppend" time="0,000" classname="cviceni.StringBuilderAndBufferTest"/>
  <testcase name="testBufferAppend" time="0,000" classname="cviceni.StringBuilderAndBufferTest"/>
  <testcase name="testBufferAppendDelete" time="0,001" classname="cviceni.StringBuilderAndBufferTest"/>
  <testcase name="testBufferAppendDelete" time="0,000" classname="cviceni.StringBuilderAndBufferTest"/>
  <testcase name="testBuilderAppendDelete" time="0,000" classname="cviceni.StringBuilderAndBufferTest"/>
  <testcase name="testBuilderAppend" time="0,001" classname="cviceni.StringBuilderAndBufferTest"/>
  <testcase name="testBuilderAppend" time="0,001" classname="cviceni.StringBuilderAndBufferTest"/>
  <testcase name="testBufferAppend" time="0,000" classname="cviceni.StringBuilderAndBufferTest"/>
  <testcase name="testBuilderAppend" time="0,000" classname="cviceni.StringBuilderAndBufferTest"/>
  <testcase name="testBuilderAppendDelete" time="0,000" classname="cviceni.StringBuilderAndBufferTest"/>
  <testcase name="testBufferAppendDelete" time="0,279" classname="cviceni.StringBuilderAndBufferTest"/>
  <testcase name="testBuilderAppend" time="0,000" classname="cviceni.StringBuilderAndBufferTest"/>
  <testcase name="testBuilderAppend" time="0,000" classname="cviceni.StringBuilderAndBufferTest"/>
  <testcase name="testBufferAppendDelete" time="0,001" classname="cviceni.StringBuilderAndBufferTest"/>
  <testcase name="testBuilderAppend" time="0,001" classname="cviceni.StringBuilderAndBufferTest"/>
  <testcase name="testBuilderAppendDelete" time="0,000" classname="cviceni.StringBuilderAndBufferTest"/>
  <testcase name="testBuilderAppendDelete" time="0,000" classname="cviceni.StringBuilderAndBufferTest"/>
  <testcase name="testBuilderAppendDelete" time="0,000" classname="cviceni.StringBuilderAndBufferTest"/>
  <testcase name="testBuilderAppendDelete" time="0,001" classname="cviceni.StringBuilderAndBufferTest"/>
  <testcase name="testBufferAppendDelete" time="0,000" classname="cviceni.StringBuilderAndBufferTest"/>
  <testcase name="testBuilderAppend" time="0,001" classname="cviceni.StringBuilderAndBufferTest"/>
  <testcase name="testBuilderAppend" time="0,000" classname="cviceni.StringBuilderAndBufferTest"/>
  <testcase name="testBuilderAppendDelete" time="0,000" classname="cviceni.StringBuilderAndBufferTest"/>
  <testcase name="testBuilderAppendDelete" time="0,000" classname="cviceni.StringBuilderAndBufferTest"/>
  <testcase name="testBuilderAppend" time="0,001" classname="cviceni.StringBuilderAndBufferTest"/>
  <testcase name="testBufferAppendDelete" time="0,000" classname="cviceni.StringBuilderAndBufferTest"/>
  <testcase name="testBuilderAppend" time="0,000" classname="cviceni.StringBuilderAndBufferTest"/>
  <testcase name="testBufferAppend" time="0,000" classname="cviceni.StringBuilderAndBufferTest"/>
  <testcase name="testBufferAppend" time="0,000" classname="cviceni.StringBuilderAndBufferTest"/>
  <testcase name="testBufferAppend" time="0,000" classname="cviceni.StringBuilderAndBufferTest"/>
  <testcase name="testBufferAppendDelete" time="0,000" classname="cviceni.StringBuilderAndBufferTest"/>
  <testcase name="testBufferAppend" time="0,001" classname="cviceni.StringBuilderAndBufferTest"/>
  <testcase name="testBuilderAppendDelete" time="0,000" classname="cviceni.StringBuilderAndBufferTest"/>
  <testcase name="testBufferAppendDelete" time="0,001" classname="cviceni.StringBuilderAndBufferTest"/>
  <testcase name="testBuilderAppend" time="0,000" classname="cviceni.StringBuilderAndBufferTest"/>
  <testcase name="testBuilderAppend" time="0,034" classname="cviceni.StringBuilderAndBufferTest"/>
  <testcase name="testBufferAppendDelete" time="0,001" classname="cviceni.StringBuilderAndBufferTest"/>
  <testcase name="testBufferAppend" time="0,000" classname="cviceni.StringBuilderAndBufferTest"/>
  <testcase name="testBufferAppend" time="0,000" classname="cviceni.StringBuilderAndBufferTest"/>
  <testcase name="testBufferAppend" time="0,001" classname="cviceni.StringBuilderAndBufferTest"/>
  <testcase name="testBufferAppendDelete" time="0,001" classname="cviceni.StringBuilderAndBufferTest"/>
  <testcase name="testBuilderAppend" time="0,000" classname="cviceni.StringBuilderAndBufferTest"/>
  <testcase name="testBuilderAppendDelete" time="0,000" classname="cviceni.StringBuilderAndBufferTest"/>
  <testcase name="testBufferAppend" time="0,001" classname="cviceni.StringBuilderAndBufferTest"/>
  <testcase name="testBufferAppendDelete" time="0,000" classname="cviceni.StringBuilderAndBufferTest"/>
  <testcase name="testBuilderAppend" time="0,000" classname="cviceni.StringBuilderAndBufferTest"/>
  <testcase name="testBufferAppend" time="0,000" classname="cviceni.StringBuilderAndBufferTest"/>
  <testcase name="testBuilderAppend" time="0,000" classname="cviceni.StringBuilderAndBufferTest"/>
  <testcase name="testBufferAppend" time="0,000" classname="cviceni.StringBuilderAndBufferTest"/>
  <testcase name="testBufferAppendDelete" time="0,001" classname="cviceni.StringBuilderAndBufferTest"/>
  <testcase name="testBufferAppend" time="0,000" classname="cviceni.StringBuilderAndBufferTest"/>
  <testcase name="testBufferAppendDelete" time="0,001" classname="cviceni.StringBuilderAndBufferTest"/>
  <testcase name="testBufferAppendDelete" time="0,000" classname="cviceni.StringBuilderAndBufferTest"/>
  <testcase name="testBuilderAppend" time="0,000" classname="cviceni.StringBuilderAndBufferTest"/>
  <testcase name="testBuilderAppendDelete" time="0,000" classname="cviceni.StringBuilderAndBufferTest"/>
  <testcase name="testBuilderAppend" time="0,000" classname="cviceni.StringBuilderAndBufferTest"/>
  <testcase name="testBuilderAppendDelete" time="0,000" classname="cviceni.StringBuilderAndBufferTest"/>
  <testcase name="testBuilderAppendDelete" time="0,001" classname="cviceni.StringBuilderAndBufferTest"/>
  <testcase name="testBuilderAppend" time="0,000" classname="cviceni.StringBuilderAndBufferTest"/>
  <testcase name="testBufferAppendDelete" time="0,000" classname="cviceni.StringBuilderAndBufferTest"/>
  <testcase name="testBufferAppendDelete" time="0,000" classname="cviceni.StringBuilderAndBufferTest"/>
  <testcase name="testBuilderAppend" time="0,001" classname="cviceni.StringBuilderAndBufferTest"/>
  <testcase name="testBuilderAppendDelete" time="0,001" classname="cviceni.StringBuilderAndBufferTest"/>
  <testcase name="testBufferAppendDelete" time="0,001" classname="cviceni.StringBuilderAndBufferTest"/>
  <testcase name="testBufferAppend" time="0,000" classname="cviceni.StringBuilderAndBufferTest"/>
  <testcase name="testBuilderAppend" time="0,000" classname="cviceni.StringBuilderAndBufferTest"/>
  <testcase name="testBuilderAppend" time="0,000" classname="cviceni.StringBuilderAndBufferTest"/>
  <testcase name="testBuilderAppendDelete" time="0,001" classname="cviceni.StringBuilderAndBufferTest"/>
  <testcase name="testBufferAppendDelete" time="0,001" classname="cviceni.StringBuilderAndBufferTest"/>
  <testcase name="testBuilderAppendDelete" time="0,000" classname="cviceni.StringBuilderAndBufferTest"/>
  <testcase name="testBuilderAppendDelete" time="0,001" classname="cviceni.StringBuilderAndBufferTest"/>
  <testcase name="testBufferAppendDelete" time="0,000" classname="cviceni.StringBuilderAndBufferTest"/>
  <testcase name="testBufferAppend" time="0,000" classname="cviceni.StringBuilderAndBufferTest"/>
  <testcase name="testBufferAppend" time="0,000" classname="cviceni.StringBuilderAndBufferTest"/>
  <testcase name="testBufferAppend" time="0,000" classname="cviceni.StringBuilderAndBufferTest"/>
  <testcase name="testBufferAppend" time="0,001" classname="cviceni.StringBuilderAndBufferTest"/>
  <testcase name="testBuilderAppend" time="0,000" classname="cviceni.StringBuilderAndBufferTest"/>
  <testcase name="testBuilderAppend" time="0,000" classname="cviceni.StringBuilderAndBufferTest"/>
  <testcase name="testBufferAppend" time="0,001" classname="cviceni.StringBuilderAndBufferTest"/>
  <testcase name="testBuilderAppendDelete" time="0,000" classname="cviceni.StringBuilderAndBufferTest"/>
  <testcase name="testBufferAppendDelete" time="0,000" classname="cviceni.StringBuilderAndBufferTest"/>
  <testcase name="testBufferAppend" time="0,000" classname="cviceni.StringBuilderAndBufferTest"/>
  <testcase name="testBuilderAppendDelete" time="0,001" classname="cviceni.StringBuilderAndBufferTest"/>
  <testcase name="testBufferAppendDelete" time="0,000" classname="cviceni.StringBuilderAndBufferTest"/>
  <testcase name="testBuilderAppendDelete" time="0,000" classname="cviceni.StringBuilderAndBufferTest"/>
  <testcase name="testBuilderAppend" time="0,001" classname="cviceni.StringBuilderAndBufferTest"/>
  <testcase name="testBufferAppendDelete" time="0,000" classname="cviceni.StringBuilderAndBufferTest"/>
  <testcase name="testBufferAppend" time="0,000" classname="cviceni.StringBuilderAndBufferTest"/>
  <testcase name="testBuilderAppendDelete" time="0,067" classname="cviceni.StringBuilderAndBufferTest"/>
  <testcase name="testBuilderAppend" time="0,000" classname="cviceni.StringBuilderAndBufferTest"/>
  <testcase name="testBufferAppendDelete" time="0,001" classname="cviceni.StringBuilderAndBufferTest"/>
  <testcase name="testBuilderAppend" time="0,001" classname="cviceni.StringBuilderAndBufferTest"/>
  <testcase name="testBufferAppendDelete" time="0,001" classname="cviceni.StringBuilderAndBufferTest"/>
  <testcase name="testBuilderAppend" time="0,000" classname="cviceni.StringBuilderAndBufferTest"/>
  <testcase name="testBufferAppend" time="0,000" classname="cviceni.StringBuilderAndBufferTest"/>
  <testcase name="testBufferAppend" time="0,001" classname="cviceni.StringBuilderAndBufferTest"/>
  <testcase name="testBuilderAppendDelete" time="0,001" classname="cviceni.StringBuilderAndBufferTest"/>
  <testcase name="testBufferAppend" time="0,000" classname="cviceni.StringBuilderAndBufferTest"/>
  <testcase name="testBuilderAppend" time="0,001" classname="cviceni.StringBuilderAndBufferTest"/>
  <testcase name="testBufferAppendDelete" time="0,001" classname="cviceni.StringBuilderAndBufferTest"/>
  <testcase name="testBufferAppend" time="0,000" classname="cviceni.StringBuilderAndBufferTest"/>
  <testcase name="testBuilderAppendDelete" time="0,001" classname="cviceni.StringBuilderAndBufferTest"/>
  <testcase name="testBufferAppendDelete" time="0,000" classname="cviceni.StringBuilderAndBufferTest"/>
  <testcase name="testBufferAppendDelete" time="0,001" classname="cviceni.StringBuilderAndBufferTest"/>
  <testcase name="testBufferAppend" time="0,000" classname="cviceni.StringBuilderAndBufferTest"/>
  <testcase name="testBuilderAppendDelete" time="0,000" classname="cviceni.StringBuilderAndBufferTest"/>
  <testcase name="testBufferAppendDelete" time="0,000" classname="cviceni.StringBuilderAndBufferTest"/>
  <testcase name="testBuilderAppend" time="0,000" classname="cviceni.StringBuilderAndBufferTest"/>
  <testcase name="testBufferAppend" time="0,000" classname="cviceni.StringBuilderAndBufferTest"/>
  <testcase name="testBufferAppend" time="0,000" classname="cviceni.StringBuilderAndBufferTest"/>
  <testcase name="testBuilderAppend" time="0,001" classname="cviceni.StringBuilderAndBufferTest"/>
  <testcase name="testBuilderAppend" time="0,001" classname="cviceni.StringBuilderAndBufferTest"/>
  <testcase name="testBufferAppend" time="0,000" classname="cviceni.StringBuilderAndBufferTest"/>
  <testcase name="testBufferAppend" time="0,000" classname="cviceni.StringBuilderAndBufferTest"/>
  <testcase name="testBufferAppend" time="0,000" classname="cviceni.StringBuilderAndBufferTest"/>
  <testcase name="testBuilderAppend" time="0,000" classname="cviceni.StringBuilderAndBufferTest"/>
  <testcase name="testBuilderAppend" time="0,001" classname="cviceni.StringBuilderAndBufferTest"/>
  <testcase name="testBuilderAppendDelete" time="0,000" classname="cviceni.StringBuilderAndBufferTest"/>
  <testcase name="testBufferAppend" time="0,001" classname="cviceni.StringBuilderAndBufferTest"/>
  <testcase name="testBuilderAppendDelete" time="0,000" classname="cviceni.StringBuilderAndBufferTest"/>
  <testcase name="testBufferAppend" time="0,001" classname="cviceni.StringBuilderAndBufferTest"/>
  <testcase name="testBufferAppend" time="0,000" classname="cviceni.StringBuilderAndBufferTest"/>
  <testcase name="testBufferAppendDelete" time="0,000" classname="cviceni.StringBuilderAndBufferTest"/>
  <testcase name="testBufferAppend" time="0,000" classname="cviceni.StringBuilderAndBufferTest"/>
  <testcase name="testBuilderAppendDelete" time="0,001" classname="cviceni.StringBuilderAndBufferTest"/>
  <testcase name="testBuilderAppendDelete" time="0,000" classname="cviceni.StringBuilderAndBufferTest"/>
  <testcase name="testBuilderAppendDelete" time="0,001" classname="cviceni.StringBuilderAndBufferTest"/>
  <testcase name="testBuilderAppendDelete" time="0,000" classname="cviceni.StringBuilderAndBufferTest"/>
  <testcase name="testBufferAppendDelete" time="0,000" classname="cviceni.StringBuilderAndBufferTest"/>
  <testcase name="testBufferAppendDelete" time="0,001" classname="cviceni.StringBuilderAndBufferTest"/>
  <testcase name="testBuilderAppendDelete" time="0,000" classname="cviceni.StringBuilderAndBufferTest"/>
  <testcase name="testBufferAppendDelete" time="0,000" classname="cviceni.StringBuilderAndBufferTest"/>
  <testcase name="testBufferAppendDelete" time="0,000" classname="cviceni.StringBuilderAndBufferTest"/>
  <testcase name="testBuilderAppend" time="0,000" classname="cviceni.StringBuilderAndBufferTest"/>
  <testcase name="testBuilderAppendDelete" time="0,000" classname="cviceni.StringBuilderAndBufferTest"/>
  <testcase name="testBuilderAppendDelete" time="0,001" classname="cviceni.StringBuilderAndBufferTest"/>
  <testcase name="testBufferAppendDelete" time="0,001" classname="cviceni.StringBuilderAndBufferTest"/>
  <testcase name="testBuilderAppend" time="0,000" classname="cviceni.StringBuilderAndBufferTest"/>
  <testcase name="testBufferAppendDelete" time="0,001" classname="cviceni.StringBuilderAndBufferTest"/>
  <testcase name="testBuilderAppend" time="0,000" classname="cviceni.StringBuilderAndBufferTest"/>
  <testcase name="testBufferAppend" time="0,000" classname="cviceni.StringBuilderAndBufferTest"/>
  <testcase name="testBufferAppendDelete" time="0,000" classname="cviceni.StringBuilderAndBufferTest"/>
  <testcase name="testBufferAppend" time="0,000" classname="cviceni.StringBuilderAndBufferTest"/>
  <testcase name="testBufferAppend" time="0,000" classname="cviceni.StringBuilderAndBufferTest"/>
  <testcase name="testBufferAppendDelete" time="0,000" classname="cviceni.StringBuilderAndBufferTest"/>
  <testcase name="testBuilderAppendDelete" time="0,000" classname="cviceni.StringBuilderAndBufferTest"/>
  <testcase name="testBuilderAppend" time="0,000" classname="cviceni.StringBuilderAndBufferTest"/>
  <testcase name="testBufferAppend" time="0,001" classname="cviceni.StringBuilderAndBufferTest"/>
  <testcase name="testBuilderAppend" time="0,000" classname="cviceni.StringBuilderAndBufferTest"/>
  <testcase name="testBuilderAppend" time="0,000" classname="cviceni.StringBuilderAndBufferTest"/>
  <testcase name="testBuilderAppend" time="0,000" classname="cviceni.StringBuilderAndBufferTest"/>
  <testcase name="testBufferAppend" time="0,001" classname="cviceni.StringBuilderAndBufferTest"/>
  <testcase name="testBufferAppend" time="0,000" classname="cviceni.StringBuilderAndBufferTest"/>
  <testcase name="testBuilderAppend" time="0,000" classname="cviceni.StringBuilderAndBufferTest"/>
  <testcase name="testBufferAppend" time="0,000" classname="cviceni.StringBuilderAndBufferTest"/>
  <testcase name="testBufferAppend" time="0,000" classname="cviceni.StringBuilderAndBufferTest"/>
  <testcase name="testBuilderAppendDelete" time="0,000" classname="cviceni.StringBuilderAndBufferTest"/>
  <testcase name="testBuilderAppend" time="0,000" classname="cviceni.StringBuilderAndBufferTest"/>
  <testcase name="testBufferAppendDelete" time="0,000" classname="cviceni.StringBuilderAndBufferTest"/>
  <testcase name="testBufferAppendDelete" time="0,000" classname="cviceni.StringBuilderAndBufferTest"/>
  <testcase name="testBufferAppend" time="0,000" classname="cviceni.StringBuilderAndBufferTest"/>
  <testcase name="testBufferAppendDelete" time="0,000" classname="cviceni.StringBuilderAndBufferTest"/>
  <testcase name="testBufferAppend" time="0,000" classname="cviceni.StringBuilderAndBufferTest"/>
  <testcase name="testBuilderAppendDelete" time="0,000" classname="cviceni.StringBuilderAndBufferTest"/>
  <testcase name="testBufferAppendDelete" time="0,000" classname="cviceni.StringBuilderAndBufferTest"/>
  <testcase name="testBuilderAppendDelete" time="0,001" classname="cviceni.StringBuilderAndBufferTest"/>
  <testcase name="testBufferAppend" time="0,001" classname="cviceni.StringBuilderAndBufferTest"/>
  <testcase name="testBufferAppend" time="0,000" classname="cviceni.StringBuilderAndBufferTest"/>
  <testcase name="testBuilderAppend" time="0,001" classname="cviceni.StringBuilderAndBufferTest"/>
  <testcase name="testBuilderAppendDelete" time="0,000" classname="cviceni.StringBuilderAndBufferTest"/>
  <testcase name="testBuilderAppend" time="0,001" classname="cviceni.StringBuilderAndBufferTest"/>
  <testcase name="testBuilderAppend" time="0,000" classname="cviceni.StringBuilderAndBufferTest"/>
  <testcase name="testBufferAppendDelete" time="0,001" classname="cviceni.StringBuilderAndBufferTest"/>
  <testcase name="testBuilderAppendDelete" time="0,001" classname="cviceni.StringBuilderAndBufferTest"/>
  <testcase name="testBufferAppend" time="0,000" classname="cviceni.StringBuilderAndBufferTest"/>
  <testcase name="testBuilderAppendDelete" time="0,001" classname="cviceni.StringBuilderAndBufferTest"/>
  <testcase name="testBufferAppend" time="0,000" classname="cviceni.StringBuilderAndBufferTest"/>
  <testcase name="testBufferAppend" time="0,000" classname="cviceni.StringBuilderAndBufferTest"/>
  <testcase name="testBuilderAppend" time="0,000" classname="cviceni.StringBuilderAndBufferTest"/>
  <testcase name="testBufferAppend" time="0,000" classname="cviceni.StringBuilderAndBufferTest"/>
  <testcase name="testBufferAppend" time="0,000" classname="cviceni.StringBuilderAndBufferTest"/>
  <testcase name="testBuilderAppend" time="0,000" classname="cviceni.StringBuilderAndBufferTest"/>
  <testcase name="testBuilderAppendDelete" time="0,000" classname="cviceni.StringBuilderAndBufferTest"/>
  <testcase name="testBufferAppend" time="0,000" classname="cviceni.StringBuilderAndBufferTest"/>
  <testcase name="testBufferAppend" time="0,000" classname="cviceni.StringBuilderAndBufferTest"/>
  <testcase name="testBuilderAppendDelete" time="0,000" classname="cviceni.StringBuilderAndBufferTest"/>
  <testcase name="testBufferAppend" time="0,001" classname="cviceni.StringBuilderAndBufferTest"/>
  <testcase name="testBufferAppendDelete" time="0,000" classname="cviceni.StringBuilderAndBufferTest"/>
  <testcase name="testBuilderAppendDelete" time="0,011" classname="cviceni.StringBuilderAndBufferTest"/>
  <testcase name="testBuilderAppend" time="0,000" classname="cviceni.StringBuilderAndBufferTest"/>
  <testcase name="testBufferAppend" time="0,000" classname="cviceni.StringBuilderAndBufferTest"/>
  <testcase name="testBufferAppendDelete" time="0,000" classname="cviceni.StringBuilderAndBufferTest"/>
  <testcase name="testBufferAppendDelete" time="0,001" classname="cviceni.StringBuilderAndBufferTest"/>
  <testcase name="testBuilderAppendDelete" time="0,000" classname="cviceni.StringBuilderAndBufferTest"/>
  <testcase name="testBufferAppend" time="0,000" classname="cviceni.StringBuilderAndBufferTest"/>
  <testcase name="testBufferAppend" time="0,000" classname="cviceni.StringBuilderAndBufferTest"/>
  <testcase name="testBuilderAppend" time="0,000" classname="cviceni.StringBuilderAndBufferTest"/>
  <testcase name="testBufferAppend" time="0,000" classname="cviceni.StringBuilderAndBufferTest"/>
  <testcase name="testBuilderAppendDelete" time="0,000" classname="cviceni.StringBuilderAndBufferTest"/>
  <testcase name="testBufferAppend" time="0,000" classname="cviceni.StringBuilderAndBufferTest"/>
  <testcase name="testBufferAppendDelete" time="0,000" classname="cviceni.StringBuilderAndBufferTest"/>
  <testcase name="testBuilderAppendDelete" time="0,000" classname="cviceni.StringBuilderAndBufferTest"/>
  <testcase name="testBufferAppendDelete" time="0,000" classname="cviceni.StringBuilderAndBufferTest"/>
  <testcase name="testBufferAppendDelete" time="0,000" classname="cviceni.StringBuilderAndBufferTest"/>
  <testcase name="testBuilderAppendDelete" time="0,001" classname="cviceni.StringBuilderAndBufferTest"/>
  <testcase name="testBufferAppend" time="0,000" classname="cviceni.StringBuilderAndBufferTest"/>
  <testcase name="testBuilderAppend" time="0,001" classname="cviceni.StringBuilderAndBufferTest"/>
  <testcase name="testBuilderAppend" time="0,000" classname="cviceni.StringBuilderAndBufferTest"/>
  <testcase name="testBufferAppend" time="0,000" classname="cviceni.StringBuilderAndBufferTest"/>
  <testcase name="testBufferAppendDelete" time="0,000" classname="cviceni.StringBuilderAndBufferTest"/>
  <testcase name="testBufferAppend" time="0,001" classname="cviceni.StringBuilderAndBufferTest"/>
  <testcase name="testBuilderAppendDelete" time="0,000" classname="cviceni.StringBuilderAndBufferTest"/>
  <testcase name="testBufferAppend" time="0,001" classname="cviceni.StringBuilderAndBufferTest"/>
  <testcase name="testBuilderAppendDelete" time="0,000" classname="cviceni.StringBuilderAndBufferTest"/>
  <testcase name="testBufferAppendDelete" time="0,000" classname="cviceni.StringBuilderAndBufferTest"/>
  <testcase name="testBuilderAppendDelete" time="0,001" classname="cviceni.StringBuilderAndBufferTest"/>
  <testcase name="testBufferAppend" time="0,000" classname="cviceni.StringBuilderAndBufferTest"/>
  <testcase name="testBufferAppendDelete" time="0,000" classname="cviceni.StringBuilderAndBufferTest"/>
  <testcase name="testBuilderAppend" time="0,001" classname="cviceni.StringBuilderAndBufferTest"/>
  <testcase name="testBuilderAppendDelete" time="0,000" classname="cviceni.StringBuilderAndBufferTest"/>
  <testcase name="testBufferAppendDelete" time="0,000" classname="cviceni.StringBuilderAndBufferTest"/>
  <testcase name="testBufferAppendDelete" time="0,001" classname="cviceni.StringBuilderAndBufferTest"/>
  <testcase name="testBufferAppend" time="0,000" classname="cviceni.StringBuilderAndBufferTest"/>
  <testcase name="testBufferAppend" time="0,000" classname="cviceni.StringBuilderAndBufferTest"/>
  <testcase name="testBufferAppendDelete" time="0,000" classname="cviceni.StringBuilderAndBufferTest"/>
  <testcase name="testBufferAppendDelete" time="0,000" classname="cviceni.StringBuilderAndBufferTest"/>
  <testcase name="testBuilderAppend" time="0,000" classname="cviceni.StringBuilderAndBufferTest"/>
  <testcase name="testBufferAppend" time="0,000" classname="cviceni.StringBuilderAndBufferTest"/>
  <testcase name="testBuilderAppend" time="0,001" classname="cviceni.StringBuilderAndBufferTest"/>
  <testcase name="testBuilderAppendDelete" time="0,000" classname="cviceni.StringBuilderAndBufferTest"/>
  <testcase name="testBuilderAppend" time="0,001" classname="cviceni.StringBuilderAndBufferTest"/>
  <testcase name="testBuilderAppendDelete" time="0,001" classname="cviceni.StringBuilderAndBufferTest"/>
  <testcase name="testBuilderAppend" time="0,000" classname="cviceni.StringBuilderAndBufferTest"/>
  <testcase name="testBufferAppendDelete" time="0,000" classname="cviceni.StringBuilderAndBufferTest"/>
  <testcase name="testBufferAppendDelete" time="0,000" classname="cviceni.StringBuilderAndBufferTest"/>
  <testcase name="testBufferAppendDelete" time="0,000" classname="cviceni.StringBuilderAndBufferTest"/>
  <testcase name="testBufferAppendDelete" time="0,000" classname="cviceni.StringBuilderAndBufferTest"/>
  <testcase name="testBuilderAppend" time="0,081" classname="cviceni.StringBuilderAndBufferTest"/>
  <testcase name="testBufferAppend" time="0,001" classname="cviceni.StringBuilderAndBufferTest"/>
  <testcase name="testBufferAppend" time="0,000" classname="cviceni.StringBuilderAndBufferTest"/>
  <testcase name="testBuilderAppend" time="0,000" classname="cviceni.StringBuilderAndBufferTest"/>
  <testcase name="testBuilderAppendDelete" time="0,001" classname="cviceni.StringBuilderAndBufferTest"/>
  <testcase name="testBufferAppend" time="0,000" classname="cviceni.StringBuilderAndBufferTest"/>
  <testcase name="testBuilderAppendDelete" time="0,000" classname="cviceni.StringBuilderAndBufferTest"/>
  <testcase name="testBufferAppendDelete" time="0,000" classname="cviceni.StringBuilderAndBufferTest"/>
  <testcase name="testBufferAppendDelete" time="0,001" classname="cviceni.StringBuilderAndBufferTest"/>
  <testcase name="testBuilderAppend" time="0,000" classname="cviceni.StringBuilderAndBufferTest"/>
  <testcase name="testBufferAppendDelete" time="0,000" classname="cviceni.StringBuilderAndBufferTest"/>
  <testcase name="testBuilderAppend" time="0,001" classname="cviceni.StringBuilderAndBufferTest"/>
  <testcase name="testBufferAppend" time="0,000" classname="cviceni.StringBuilderAndBufferTest"/>
  <testcase name="testBuilderAppend" time="0,000" classname="cviceni.StringBuilderAndBufferTest"/>
  <testcase name="testBuilderAppend" time="0,000" classname="cviceni.StringBuilderAndBufferTest"/>
  <testcase name="testBufferAppendDelete" time="0,000" classname="cviceni.StringBuilderAndBufferTest"/>
  <testcase name="testBuilderAppendDelete" time="0,000" classname="cviceni.StringBuilderAndBufferTest"/>
  <testcase name="testBuilderAppend" time="0,000" classname="cviceni.StringBuilderAndBufferTest"/>
  <testcase name="testBuilderAppendDelete" time="0,000" classname="cviceni.StringBuilderAndBufferTest"/>
  <testcase name="testBuilderAppend" time="0,000" classname="cviceni.StringBuilderAndBufferTest"/>
  <testcase name="testBufferAppend" time="0,000" classname="cviceni.StringBuilderAndBufferTest"/>
  <testcase name="testBuilderAppend" time="0,001" classname="cviceni.StringBuilderAndBufferTest"/>
  <testcase name="testBuilderAppend" time="0,000" classname="cviceni.StringBuilderAndBufferTest"/>
  <testcase name="testBuilderAppendDelete" time="0,003" classname="cviceni.StringBuilderAndBufferTest"/>
  <testcase name="testBufferAppend" time="0,000" classname="cviceni.StringBuilderAndBufferTest"/>
  <testcase name="testBufferAppendDelete" time="0,001" classname="cviceni.StringBuilderAndBufferTest"/>
  <testcase name="testBuilderAppend" time="0,001" classname="cviceni.StringBuilderAndBufferTest"/>
  <testcase name="testBufferAppend" time="0,001" classname="cviceni.StringBuilderAndBufferTest"/>
  <testcase name="testBufferAppend" time="0,000" classname="cviceni.StringBuilderAndBufferTest"/>
  <testcase name="testBufferAppend" time="0,001" classname="cviceni.StringBuilderAndBufferTest"/>
  <testcase name="testBufferAppend" time="0,000" classname="cviceni.StringBuilderAndBufferTest"/>
  <testcase name="testBuilderAppendDelete" time="0,001" classname="cviceni.StringBuilderAndBufferTest"/>
  <testcase name="testBufferAppend" time="0,000" classname="cviceni.StringBuilderAndBufferTest"/>
  <testcase name="testBuilderAppend" time="0,000" classname="cviceni.StringBuilderAndBufferTest"/>
  <testcase name="testBuilderAppend" time="0,000" classname="cviceni.StringBuilderAndBufferTest"/>
  <testcase name="testBuilderAppend" time="0,001" classname="cviceni.StringBuilderAndBufferTest"/>
  <testcase name="testBuilderAppend" time="0,000" classname="cviceni.StringBuilderAndBufferTest"/>
  <testcase name="testBufferAppend" time="0,000" classname="cviceni.StringBuilderAndBufferTest"/>
  <testcase name="testBuilderAppend" time="0,000" classname="cviceni.StringBuilderAndBufferTest"/>
  <testcase name="testBufferAppend" time="0,001" classname="cviceni.StringBuilderAndBufferTest"/>
  <testcase name="testBuilderAppendDelete" time="0,001" classname="cviceni.StringBuilderAndBufferTest"/>
  <testcase name="testBuilderAppendDelete" time="0,001" classname="cviceni.StringBuilderAndBufferTest"/>
  <testcase name="testBuilderAppendDelete" time="0,000" classname="cviceni.StringBuilderAndBufferTest"/>
  <testcase name="testBuilderAppend" time="0,000" classname="cviceni.StringBuilderAndBufferTest"/>
  <testcase name="testBuilderAppend" time="0,001" classname="cviceni.StringBuilderAndBufferTest"/>
  <testcase name="testBufferAppendDelete" time="0,000" classname="cviceni.StringBuilderAndBufferTest"/>
  <testcase name="testBuilderAppend" time="0,001" classname="cviceni.StringBuilderAndBufferTest"/>
  <testcase name="testBuilderAppendDelete" time="0,001" classname="cviceni.StringBuilderAndBufferTest"/>
  <testcase name="testBufferAppendDelete" time="0,000" classname="cviceni.StringBuilderAndBufferTest"/>
  <testcase name="testBuilderAppend" time="0,001" classname="cviceni.StringBuilderAndBufferTest"/>
  <testcase name="testBufferAppendDelete" time="0,000" classname="cviceni.StringBuilderAndBufferTest"/>
  <testcase name="testBufferAppendDelete" time="0,000" classname="cviceni.StringBuilderAndBufferTest"/>
  <testcase name="testBufferAppendDelete" time="0,000" classname="cviceni.StringBuilderAndBufferTest"/>
  <testcase name="testBufferAppend" time="0,000" classname="cviceni.StringBuilderAndBufferTest"/>
  <testcase name="testBufferAppendDelete" time="0,000" classname="cviceni.StringBuilderAndBufferTest"/>
  <testcase name="testBufferAppendDelete" time="0,000" classname="cviceni.StringBuilderAndBufferTest"/>
  <testcase name="testBuilderAppendDelete" time="0,000" classname="cviceni.StringBuilderAndBufferTest"/>
  <testcase name="testBufferAppend" time="0,000" classname="cviceni.StringBuilderAndBufferTest"/>
  <testcase name="testBufferAppend" time="0,001" classname="cviceni.StringBuilderAndBufferTest"/>
  <testcase name="testBufferAppend" time="0,000" classname="cviceni.StringBuilderAndBufferTest"/>
  <testcase name="testBuilderAppend" time="0,000" classname="cviceni.StringBuilderAndBufferTest"/>
  <testcase name="testBufferAppendDelete" time="0,001" classname="cviceni.StringBuilderAndBufferTest"/>
  <testcase name="testBufferAppendDelete" time="0,001" classname="cviceni.StringBuilderAndBufferTest"/>
  <testcase name="testBufferAppendDelete" time="0,001" classname="cviceni.StringBuilderAndBufferTest"/>
  <testcase name="testBufferAppend" time="0,000" classname="cviceni.StringBuilderAndBufferTest"/>
  <testcase name="testBuilderAppend" time="0,000" classname="cviceni.StringBuilderAndBufferTest"/>
  <testcase name="testBuilderAppendDelete" time="0,000" classname="cviceni.StringBuilderAndBufferTest"/>
  <testcase name="testBuilderAppend" time="0,000" classname="cviceni.StringBuilderAndBufferTest"/>
  <testcase name="testBuilderAppend" time="0,001" classname="cviceni.StringBuilderAndBufferTest"/>
  <testcase name="testBufferAppendDelete" time="0,000" classname="cviceni.StringBuilderAndBufferTest"/>
  <testcase name="testBuilderAppendDelete" time="0,000" classname="cviceni.StringBuilderAndBufferTest"/>
  <testcase name="testBufferAppend" time="0,000" classname="cviceni.StringBuilderAndBufferTest"/>
  <testcase name="testBufferAppend" time="0,000" classname="cviceni.StringBuilderAndBufferTest"/>
  <testcase name="testBuilderAppendDelete" time="0,001" classname="cviceni.StringBuilderAndBufferTest"/>
  <testcase name="testBufferAppendDelete" time="0,000" classname="cviceni.StringBuilderAndBufferTest"/>
  <testcase name="testBuilderAppend" time="0,000" classname="cviceni.StringBuilderAndBufferTest"/>
  <testcase name="testBuilderAppend" time="0,001" classname="cviceni.StringBuilderAndBufferTest"/>
  <testcase name="testBufferAppendDelete" time="0,000" classname="cviceni.StringBuilderAndBufferTest"/>
  <testcase name="testBuilderAppend" time="0,000" classname="cviceni.StringBuilderAndBufferTest"/>
  <testcase name="testBuilderAppendDelete" time="0,000" classname="cviceni.StringBuilderAndBufferTest"/>
  <testcase name="testBufferAppendDelete" time="0,000" classname="cviceni.StringBuilderAndBufferTest"/>
  <testcase name="testBuilderAppend" time="0,001" classname="cviceni.StringBuilderAndBufferTest"/>
  <testcase name="testBuilderAppendDelete" time="0,001" classname="cviceni.StringBuilderAndBufferTest"/>
  <testcase name="testBuilderAppendDelete" time="0,001" classname="cviceni.StringBuilderAndBufferTest"/>
  <testcase name="testBufferAppendDelete" time="0,009" classname="cviceni.StringBuilderAndBufferTest"/>
  <testcase name="testBufferAppendDelete" time="0,000" classname="cviceni.StringBuilderAndBufferTest"/>
  <testcase name="testBufferAppendDelete" time="0,000" classname="cviceni.StringBuilderAndBufferTest"/>
  <testcase name="testBuilderAppend" time="0,000" classname="cviceni.StringBuilderAndBufferTest"/>
  <testcase name="testBuilderAppendDelete" time="0,001" classname="cviceni.StringBuilderAndBufferTest"/>
  <testcase name="testBuilderAppendDelete" time="0,000" classname="cviceni.StringBuilderAndBufferTest"/>
  <testcase name="testBuilderAppendDelete" time="0,000" classname="cviceni.StringBuilderAndBufferTest"/>
  <testcase name="testBuilderAppendDelete" time="0,000" classname="cviceni.StringBuilderAndBufferTest"/>
  <testcase name="testBufferAppend" time="0,000" classname="cviceni.StringBuilderAndBufferTest"/>
  <testcase name="testBuilderAppend" time="0,000" classname="cviceni.StringBuilderAndBufferTest"/>
  <testcase name="testBufferAppend" time="0,001" classname="cviceni.StringBuilderAndBufferTest"/>
  <testcase name="testBuilderAppend" time="0,001" classname="cviceni.StringBuilderAndBufferTest"/>
  <testcase name="testBuilderAppend" time="0,001" classname="cviceni.StringBuilderAndBufferTest"/>
  <testcase name="testBufferAppend" time="0,001" classname="cviceni.StringBuilderAndBufferTest"/>
  <testcase name="testBuilderAppend" time="0,000" classname="cviceni.StringBuilderAndBufferTest"/>
  <testcase name="testBufferAppendDelete" time="0,000" classname="cviceni.StringBuilderAndBufferTest"/>
  <testcase name="testBufferAppendDelete" time="0,001" classname="cviceni.StringBuilderAndBufferTest"/>
  <testcase name="testBufferAppendDelete" time="0,000" classname="cviceni.StringBuilderAndBufferTest"/>
  <testcase name="testBuilderAppend" time="0,000" classname="cviceni.StringBuilderAndBufferTest"/>
  <testcase name="testBufferAppend" time="0,001" classname="cviceni.StringBuilderAndBufferTest"/>
  <testcase name="testBuilderAppendDelete" time="0,000" classname="cviceni.StringBuilderAndBufferTest"/>
  <testcase name="testBuilderAppendDelete" time="0,002" classname="cviceni.StringBuilderAndBufferTest"/>
  <testcase name="testBuilderAppendDelete" time="0,000" classname="cviceni.StringBuilderAndBufferTest"/>
  <testcase name="testBuilderAppend" time="0,000" classname="cviceni.StringBuilderAndBufferTest"/>
  <testcase name="testBuilderAppend" time="0,000" classname="cviceni.StringBuilderAndBufferTest"/>
  <testcase name="testBufferAppend" time="0,000" classname="cviceni.StringBuilderAndBufferTest"/>
  <testcase name="testBuilderAppend" time="0,000" classname="cviceni.StringBuilderAndBufferTest"/>
  <testcase name="testBufferAppendDelete" time="0,000" classname="cviceni.StringBuilderAndBufferTest"/>
  <testcase name="testBuilderAppend" time="0,000" classname="cviceni.StringBuilderAndBufferTest"/>
  <testcase name="testBuilderAppend" time="0,000" classname="cviceni.StringBuilderAndBufferTest"/>
  <testcase name="testBuilderAppendDelete" time="0,000" classname="cviceni.StringBuilderAndBufferTest"/>
  <testcase name="testBufferAppendDelete" time="0,000" classname="cviceni.StringBuilderAndBufferTest"/>
  <testcase name="testBufferAppend" time="0,001" classname="cviceni.StringBuilderAndBufferTest"/>
  <testcase name="testBufferAppend" time="0,000" classname="cviceni.StringBuilderAndBufferTest"/>
  <testcase name="testBufferAppendDelete" time="0,001" classname="cviceni.StringBuilderAndBufferTest"/>
  <testcase name="testBufferAppendDelete" time="0,000" classname="cviceni.StringBuilderAndBufferTest"/>
  <testcase name="testBuilderAppendDelete" time="0,001" classname="cviceni.StringBuilderAndBufferTest"/>
  <testcase name="testBufferAppend" time="0,001" classname="cviceni.StringBuilderAndBufferTest"/>
  <testcase name="testBuilderAppend" time="0,000" classname="cviceni.StringBuilderAndBufferTest"/>
  <testcase name="testBuilderAppend" time="0,000" classname="cviceni.StringBuilderAndBufferTest"/>
  <testcase name="testBuilderAppend" time="0,000" classname="cviceni.StringBuilderAndBufferTest"/>
  <testcase name="testBufferAppend" time="0,001" classname="cviceni.StringBuilderAndBufferTest"/>
  <testcase name="testBufferAppend" time="0,000" classname="cviceni.StringBuilderAndBufferTest"/>
  <testcase name="testBufferAppendDelete" time="0,000" classname="cviceni.StringBuilderAndBufferTest"/>
  <testcase name="testBufferAppendDelete" time="0,000" classname="cviceni.StringBuilderAndBufferTest"/>
  <testcase name="testBuilderAppendDelete" time="0,000" classname="cviceni.StringBuilderAndBufferTest"/>
  <testcase name="testBufferAppend" time="0,001" classname="cviceni.StringBuilderAndBufferTest"/>
  <testcase name="testBufferAppend" time="0,001" classname="cviceni.StringBuilderAndBufferTest"/>
  <testcase name="testBufferAppendDelete" time="0,000" classname="cviceni.StringBuilderAndBufferTest"/>
  <testcase name="testBufferAppendDelete" time="0,000" classname="cviceni.StringBuilderAndBufferTest"/>
  <testcase name="testBufferAppendDelete" time="0,001" classname="cviceni.StringBuilderAndBufferTest"/>
  <testcase name="testBufferAppendDelete" time="0,000" classname="cviceni.StringBuilderAndBufferTest"/>
  <testcase name="testBuilderAppend" time="0,008" classname="cviceni.StringBuilderAndBufferTest"/>
  <testcase name="testBufferAppendDelete" time="0,001" classname="cviceni.StringBuilderAndBufferTest"/>
  <testcase name="testBuilderAppendDelete" time="0,000" classname="cviceni.StringBuilderAndBufferTest"/>
  <testcase name="testBuilderAppendDelete" time="0,000" classname="cviceni.StringBuilderAndBufferTest"/>
  <testcase name="testBuilderAppend" time="0,000" classname="cviceni.StringBuilderAndBufferTest"/>
  <testcase name="testBuilderAppendDelete" time="0,000" classname="cviceni.StringBuilderAndBufferTest"/>
  <testcase name="testBufferAppend" time="0,000" classname="cviceni.StringBuilderAndBufferTest"/>
  <testcase name="testBufferAppendDelete" time="0,000" classname="cviceni.StringBuilderAndBufferTest"/>
  <testcase name="testBufferAppendDelete" time="0,000" classname="cviceni.StringBuilderAndBufferTest"/>
  <testcase name="testBuilderAppendDelete" time="0,000" classname="cviceni.StringBuilderAndBufferTest"/>
  <testcase name="testBufferAppend" time="0,000" classname="cviceni.StringBuilderAndBufferTest"/>
  <testcase name="testBufferAppend" time="0,000" classname="cviceni.StringBuilderAndBufferTest"/>
  <testcase name="testBufferAppendDelete" time="0,000" classname="cviceni.StringBuilderAndBufferTest"/>
  <testcase name="testBuilderAppend" time="0,000" classname="cviceni.StringBuilderAndBufferTest"/>
  <testcase name="testBuilderAppendDelete" time="0,000" classname="cviceni.StringBuilderAndBufferTest"/>
  <testcase name="testBuilderAppend" time="0,000" classname="cviceni.StringBuilderAndBufferTest"/>
  <testcase name="testBuilderAppendDelete" time="0,001" classname="cviceni.StringBuilderAndBufferTest"/>
  <testcase name="testBuilderAppendDelete" time="0,000" classname="cviceni.StringBuilderAndBufferTest"/>
  <testcase name="testBufferAppendDelete" time="0,000" classname="cviceni.StringBuilderAndBufferTest"/>
  <testcase name="testBufferAppend" time="0,001" classname="cviceni.StringBuilderAndBufferTest"/>
  <testcase name="testBuilderAppendDelete" time="0,001" classname="cviceni.StringBuilderAndBufferTest"/>
  <testcase name="testBufferAppend" time="0,000" classname="cviceni.StringBuilderAndBufferTest"/>
  <testcase name="testBuilderAppendDelete" time="0,000" classname="cviceni.StringBuilderAndBufferTest"/>
  <testcase name="testBufferAppendDelete" time="0,000" classname="cviceni.StringBuilderAndBufferTest"/>
  <testcase name="testBufferAppendDelete" time="0,000" classname="cviceni.StringBuilderAndBufferTest"/>
  <testcase name="testBufferAppend" time="0,000" classname="cviceni.StringBuilderAndBufferTest"/>
  <testcase name="testBufferAppend" time="0,000" classname="cviceni.StringBuilderAndBufferTest"/>
  <testcase name="testBufferAppendDelete" time="0,000" classname="cviceni.StringBuilderAndBufferTest"/>
  <testcase name="testBuilderAppend" time="0,000" classname="cviceni.StringBuilderAndBufferTest"/>
  <testcase name="testBufferAppendDelete" time="0,000" classname="cviceni.StringBuilderAndBufferTest"/>
  <testcase name="testBuilderAppendDelete" time="0,001" classname="cviceni.StringBuilderAndBufferTest"/>
  <testcase name="testBufferAppendDelete" time="0,000" classname="cviceni.StringBuilderAndBufferTest"/>
  <testcase name="testBuilderAppend" time="0,001" classname="cviceni.StringBuilderAndBufferTest"/>
  <testcase name="testBuilderAppendDelete" time="0,000" classname="cviceni.StringBuilderAndBufferTest"/>
  <testcase name="testBufferAppend" time="0,000" classname="cviceni.StringBuilderAndBufferTest"/>
  <testcase name="testBufferAppend" time="0,001" classname="cviceni.StringBuilderAndBufferTest"/>
  <testcase name="testBufferAppend" time="0,000" classname="cviceni.StringBuilderAndBufferTest"/>
  <testcase name="testBufferAppend" time="0,000" classname="cviceni.StringBuilderAndBufferTest"/>
  <testcase name="testBufferAppendDelete" time="0,001" classname="cviceni.StringBuilderAndBufferTest"/>
  <testcase name="testBufferAppend" time="0,000" classname="cviceni.StringBuilderAndBufferTest"/>
  <testcase name="testBuilderAppend" time="0,001" classname="cviceni.StringBuilderAndBufferTest"/>
  <testcase name="testBufferAppendDelete" time="0,000" classname="cviceni.StringBuilderAndBufferTest"/>
  <testcase name="testBuilderAppendDelete" time="0,001" classname="cviceni.StringBuilderAndBufferTest"/>
  <testcase name="testBuilderAppendDelete" time="0,000" classname="cviceni.StringBuilderAndBufferTest"/>
  <testcase name="testBuilderAppend" time="0,000" classname="cviceni.StringBuilderAndBufferTest"/>
  <testcase name="testBufferAppendDelete" time="0,001" classname="cviceni.StringBuilderAndBufferTest"/>
  <testcase name="testBuilderAppend" time="0,000" classname="cviceni.StringBuilderAndBufferTest"/>
  <testcase name="testBuilderAppendDelete" time="0,000" classname="cviceni.StringBuilderAndBufferTest"/>
  <testcase name="testBuilderAppendDelete" time="0,001" classname="cviceni.StringBuilderAndBufferTest"/>
  <testcase name="testBuilderAppend" time="0,000" classname="cviceni.StringBuilderAndBufferTest"/>
  <testcase name="testBufferAppend" time="0,000" classname="cviceni.StringBuilderAndBufferTest"/>
  <testcase name="testBuilderAppendDelete" time="0,000" classname="cviceni.StringBuilderAndBufferTest"/>
  <testcase name="testBuilderAppend" time="0,001" classname="cviceni.StringBuilderAndBufferTest"/>
  <testcase name="testBuilderAppend" time="0,000" classname="cviceni.StringBuilderAndBufferTest"/>
  <testcase name="testBufferAppend" time="0,000" classname="cviceni.StringBuilderAndBufferTest"/>
  <testcase name="testBufferAppend" time="0,000" classname="cviceni.StringBuilderAndBufferTest"/>
  <testcase name="testBuilderAppendDelete" time="0,000" classname="cviceni.StringBuilderAndBufferTest"/>
  <testcase name="testBufferAppendDelete" time="0,000" classname="cviceni.StringBuilderAndBufferTest"/>
  <testcase name="testBuilderAppend" time="0,000" classname="cviceni.StringBuilderAndBufferTest"/>
  <testcase name="testBufferAppend" time="0,001" classname="cviceni.StringBuilderAndBufferTest"/>
  <testcase name="testBuilderAppend" time="0,000" classname="cviceni.StringBuilderAndBufferTest"/>
  <testcase name="testBuilderAppendDelete" time="0,000" classname="cviceni.StringBuilderAndBufferTest"/>
  <testcase name="testBufferAppendDelete" time="0,000" classname="cviceni.StringBuilderAndBufferTest"/>
  <testcase name="testBuilderAppend" time="0,000" classname="cviceni.StringBuilderAndBufferTest"/>
  <testcase name="testBufferAppendDelete" time="0,000" classname="cviceni.StringBuilderAndBufferTest"/>
  <testcase name="testBuilderAppend" time="0,000" classname="cviceni.StringBuilderAndBufferTest"/>
  <testcase name="testBuilderAppend" time="0,000" classname="cviceni.StringBuilderAndBufferTest"/>
  <testcase name="testBufferAppend" time="0,000" classname="cviceni.StringBuilderAndBufferTest"/>
  <testcase name="testBuilderAppend" time="0,000" classname="cviceni.StringBuilderAndBufferTest"/>
  <testcase name="testBuilderAppend" time="0,000" classname="cviceni.StringBuilderAndBufferTest"/>
  <testcase name="testBufferAppendDelete" time="0,000" classname="cviceni.StringBuilderAndBufferTest"/>
  <testcase name="testBuilderAppendDelete" time="0,001" classname="cviceni.StringBuilderAndBufferTest"/>
  <testcase name="testBuilderAppendDelete" time="0,000" classname="cviceni.StringBuilderAndBufferTest"/>
  <testcase name="testBufferAppendDelete" time="0,001" classname="cviceni.StringBuilderAndBufferTest"/>
  <testcase name="testBuilderAppend" time="0,000" classname="cviceni.StringBuilderAndBufferTest"/>
  <testcase name="testBuilderAppendDelete" time="0,000" classname="cviceni.StringBuilderAndBufferTest"/>
  <testcase name="testBufferAppendDelete" time="0,000" classname="cviceni.StringBuilderAndBufferTest"/>
  <testcase name="testBuilderAppendDelete" time="0,000" classname="cviceni.StringBuilderAndBufferTest"/>
  <testcase name="testBuilderAppend" time="0,001" classname="cviceni.StringBuilderAndBufferTest"/>
  <testcase name="testBuilderAppend" time="0,001" classname="cviceni.StringBuilderAndBufferTest"/>
  <testcase name="testBuilderAppend" time="0,000" classname="cviceni.StringBuilderAndBufferTest"/>
  <testcase name="testBufferAppend" time="0,001" classname="cviceni.StringBuilderAndBufferTest"/>
  <testcase name="testBuilderAppend" time="0,000" classname="cviceni.StringBuilderAndBufferTest"/>
  <testcase name="testBufferAppend" time="0,001" classname="cviceni.StringBuilderAndBufferTest"/>
  <testcase name="testBufferAppendDelete" time="0,001" classname="cviceni.StringBuilderAndBufferTest"/>
  <testcase name="testBufferAppendDelete" time="0,000" classname="cviceni.StringBuilderAndBufferTest"/>
  <testcase name="testBufferAppendDelete" time="0,001" classname="cviceni.StringBuilderAndBufferTest"/>
  <testcase name="testBuilderAppend" time="0,000" classname="cviceni.StringBuilderAndBufferTest"/>
  <testcase name="testBufferAppend" time="0,000" classname="cviceni.StringBuilderAndBufferTest"/>
  <testcase name="testBuilderAppend" time="0,000" classname="cviceni.StringBuilderAndBufferTest"/>
  <testcase name="testBufferAppendDelete" time="0,000" classname="cviceni.StringBuilderAndBufferTest"/>
  <testcase name="testBufferAppend" time="0,000" classname="cviceni.StringBuilderAndBufferTest"/>
  <testcase name="testBuilderAppendDelete" time="0,000" classname="cviceni.StringBuilderAndBufferTest"/>
  <testcase name="testBuilderAppend" time="0,000" classname="cviceni.StringBuilderAndBufferTest"/>
  <testcase name="testBuilderAppend" time="0,000" classname="cviceni.StringBuilderAndBufferTest"/>
  <testcase name="testBuilderAppendDelete" time="0,000" classname="cviceni.StringBuilderAndBufferTest"/>
  <testcase name="testBuilderAppendDelete" time="0,000" classname="cviceni.StringBuilderAndBufferTest"/>
  <testcase name="testBuilderAppendDelete" time="0,000" classname="cviceni.StringBuilderAndBufferTest"/>
  <testcase name="testBufferAppendDelete" time="0,000" classname="cviceni.StringBuilderAndBufferTest"/>
  <testcase name="testBufferAppendDelete" time="0,000" classname="cviceni.StringBuilderAndBufferTest"/>
  <testcase name="testBufferAppend" time="0,008" classname="cviceni.StringBuilderAndBufferTest"/>
  <testcase name="testBuilderAppendDelete" time="0,000" classname="cviceni.StringBuilderAndBufferTest"/>
  <testcase name="testBuilderAppendDelete" time="0,000" classname="cviceni.StringBuilderAndBufferTest"/>
  <testcase name="testBufferAppend" time="0,000" classname="cviceni.StringBuilderAndBufferTest"/>
  <testcase name="testBuilderAppend" time="0,000" classname="cviceni.StringBuilderAndBufferTest"/>
  <testcase name="testBuilderAppend" time="0,001" classname="cviceni.StringBuilderAndBufferTest"/>
  <testcase name="testBuilderAppendDelete" time="0,000" classname="cviceni.StringBuilderAndBufferTest"/>
  <testcase name="testBuilderAppendDelete" time="0,002" classname="cviceni.StringBuilderAndBufferTest"/>
  <testcase name="testBufferAppendDelete" time="0,000" classname="cviceni.StringBuilderAndBufferTest"/>
  <testcase name="testBufferAppend" time="0,000" classname="cviceni.StringBuilderAndBufferTest"/>
  <testcase name="testBuilderAppendDelete" time="0,000" classname="cviceni.StringBuilderAndBufferTest"/>
  <testcase name="testBuilderAppendDelete" time="0,001" classname="cviceni.StringBuilderAndBufferTest"/>
  <testcase name="testBufferAppend" time="0,001" classname="cviceni.StringBuilderAndBufferTest"/>
  <testcase name="testBufferAppendDelete" time="0,000" classname="cviceni.StringBuilderAndBufferTest"/>
  <testcase name="testBuilderAppend" time="0,115" classname="cviceni.StringBuilderAndBufferTest"/>
  <testcase name="testBuilderAppendDelete" time="0,001" classname="cviceni.StringBuilderAndBufferTest"/>
  <testcase name="testBuilderAppendDelete" time="0,000" classname="cviceni.StringBuilderAndBufferTest"/>
  <testcase name="testBufferAppend" time="0,000" classname="cviceni.StringBuilderAndBufferTest"/>
  <testcase name="testBufferAppendDelete" time="0,001" classname="cviceni.StringBuilderAndBufferTest"/>
  <testcase name="testBufferAppend" time="0,000" classname="cviceni.StringBuilderAndBufferTest"/>
  <testcase name="testBuilderAppend" time="0,000" classname="cviceni.StringBuilderAndBufferTest"/>
  <testcase name="testBuilderAppend" time="0,000" classname="cviceni.StringBuilderAndBufferTest"/>
  <testcase name="testBufferAppend" time="0,000" classname="cviceni.StringBuilderAndBufferTest"/>
  <testcase name="testBuilderAppend" time="0,000" classname="cviceni.StringBuilderAndBufferTest"/>
  <testcase name="testBuilderAppend" time="0,000" classname="cviceni.StringBuilderAndBufferTest"/>
  <testcase name="testBuilderAppendDelete" time="0,000" classname="cviceni.StringBuilderAndBufferTest"/>
  <testcase name="testBuilderAppend" time="0,001" classname="cviceni.StringBuilderAndBufferTest"/>
  <testcase name="testBufferAppend" time="0,000" classname="cviceni.StringBuilderAndBufferTest"/>
  <testcase name="testBufferAppend" time="0,000" classname="cviceni.StringBuilderAndBufferTest"/>
  <testcase name="testBuilderAppendDelete" time="0,000" classname="cviceni.StringBuilderAndBufferTest"/>
  <testcase name="testBufferAppend" time="0,000" classname="cviceni.StringBuilderAndBufferTest"/>
  <testcase name="testBufferAppend" time="0,001" classname="cviceni.StringBuilderAndBufferTest"/>
  <testcase name="testBuilderAppend" time="0,001" classname="cviceni.StringBuilderAndBufferTest"/>
  <testcase name="testBufferAppend" time="0,001" classname="cviceni.StringBuilderAndBufferTest"/>
  <testcase name="testBuilderAppendDelete" time="0,000" classname="cviceni.StringBuilderAndBufferTest"/>
  <testcase name="testBuilderAppendDelete" time="0,000" classname="cviceni.StringBuilderAndBufferTest"/>
  <testcase name="testBuilderAppendDelete" time="0,000" classname="cviceni.StringBuilderAndBufferTest"/>
  <testcase name="testBufferAppendDelete" time="0,000" classname="cviceni.StringBuilderAndBufferTest"/>
  <testcase name="testBufferAppend" time="0,000" classname="cviceni.StringBuilderAndBufferTest"/>
  <testcase name="testBuilderAppendDelete" time="0,001" classname="cviceni.StringBuilderAndBufferTest"/>
  <testcase name="testBufferAppendDelete" time="0,000" classname="cviceni.StringBuilderAndBufferTest"/>
  <testcase name="testBuilderAppendDelete" time="0,000" classname="cviceni.StringBuilderAndBufferTest"/>
  <testcase name="testBuilderAppend" time="0,001" classname="cviceni.StringBuilderAndBufferTest"/>
  <testcase name="testBufferAppendDelete" time="0,000" classname="cviceni.StringBuilderAndBufferTest"/>
  <testcase name="testBuilderAppend" time="0,001" classname="cviceni.StringBuilderAndBufferTest"/>
  <testcase name="testBufferAppendDelete" time="0,000" classname="cviceni.StringBuilderAndBufferTest"/>
  <testcase name="testBufferAppendDelete" time="0,001" classname="cviceni.StringBuilderAndBufferTest"/>
  <testcase name="testBufferAppend" time="0,001" classname="cviceni.StringBuilderAndBufferTest"/>
  <testcase name="testBufferAppendDelete" time="0,000" classname="cviceni.StringBuilderAndBufferTest"/>
  <testcase name="testBuilderAppendDelete" time="0,000" classname="cviceni.StringBuilderAndBufferTest"/>
  <testcase name="testBufferAppend" time="0,000" classname="cviceni.StringBuilderAndBufferTest"/>
  <testcase name="testBufferAppendDelete" time="0,000" classname="cviceni.StringBuilderAndBufferTest"/>
  <testcase name="testBufferAppendDelete" time="0,001" classname="cviceni.StringBuilderAndBufferTest"/>
  <testcase name="testBuilderAppend" time="0,000" classname="cviceni.StringBuilderAndBufferTest"/>
  <testcase name="testBufferAppend" time="0,001" classname="cviceni.StringBuilderAndBufferTest"/>
  <testcase name="testBuilderAppendDelete" time="0,000" classname="cviceni.StringBuilderAndBufferTest"/>
  <testcase name="testBuilderAppend" time="0,000" classname="cviceni.StringBuilderAndBufferTest"/>
  <testcase name="testBuilderAppend" time="0,001" classname="cviceni.StringBuilderAndBufferTest"/>
  <testcase name="testBuilderAppend" time="0,000" classname="cviceni.StringBuilderAndBufferTest"/>
  <testcase name="testBuilderAppend" time="0,000" classname="cviceni.StringBuilderAndBufferTest"/>
  <testcase name="testBuilderAppendDelete" time="0,000" classname="cviceni.StringBuilderAndBufferTest"/>
  <testcase name="testBuilderAppend" time="0,000" classname="cviceni.StringBuilderAndBufferTest"/>
  <testcase name="testBufferAppendDelete" time="0,000" classname="cviceni.StringBuilderAndBufferTest"/>
  <testcase name="testBufferAppendDelete" time="0,000" classname="cviceni.StringBuilderAndBufferTest"/>
  <testcase name="testBufferAppend" time="0,000" classname="cviceni.StringBuilderAndBufferTest"/>
  <testcase name="testBuilderAppend" time="0,001" classname="cviceni.StringBuilderAndBufferTest"/>
  <testcase name="testBufferAppend" time="0,001" classname="cviceni.StringBuilderAndBufferTest"/>
  <testcase name="testBufferAppendDelete" time="0,000" classname="cviceni.StringBuilderAndBufferTest"/>
  <testcase name="testBufferAppendDelete" time="0,000" classname="cviceni.StringBuilderAndBufferTest"/>
  <testcase name="testBuilderAppendDelete" time="0,002" classname="cviceni.StringBuilderAndBufferTest"/>
  <testcase name="testBuilderAppendDelete" time="0,000" classname="cviceni.StringBuilderAndBufferTest"/>
  <testcase name="testBufferAppendDelete" time="0,001" classname="cviceni.StringBuilderAndBufferTest"/>
  <testcase name="testBuilderAppend" time="0,000" classname="cviceni.StringBuilderAndBufferTest"/>
  <testcase name="testBufferAppendDelete" time="0,001" classname="cviceni.StringBuilderAndBufferTest"/>
  <testcase name="testBuilderAppendDelete" time="0,000" classname="cviceni.StringBuilderAndBufferTest"/>
  <testcase name="testBufferAppend" time="0,000" classname="cviceni.StringBuilderAndBufferTest"/>
  <testcase name="testBuilderAppend" time="0,000" classname="cviceni.StringBuilderAndBufferTest"/>
  <testcase name="testBuilderAppend" time="0,001" classname="cviceni.StringBuilderAndBufferTest"/>
  <testcase name="testBuilderAppendDelete" time="0,000" classname="cviceni.StringBuilderAndBufferTest"/>
  <testcase name="testBufferAppendDelete" time="0,001" classname="cviceni.StringBuilderAndBufferTest"/>
  <testcase name="testBufferAppend" time="0,001" classname="cviceni.StringBuilderAndBufferTest"/>
  <testcase name="testBufferAppend" time="0,001" classname="cviceni.StringBuilderAndBufferTest"/>
  <testcase name="testBuilderAppend" time="0,001" classname="cviceni.StringBuilderAndBufferTest"/>
  <testcase name="testBufferAppendDelete" time="0,000" classname="cviceni.StringBuilderAndBufferTest"/>
  <testcase name="testBufferAppend" time="0,000" classname="cviceni.StringBuilderAndBufferTest"/>
  <testcase name="testBuilderAppendDelete" time="0,001" classname="cviceni.StringBuilderAndBufferTest"/>
  <testcase name="testBuilderAppendDelete" time="0,000" classname="cviceni.StringBuilderAndBufferTest"/>
  <testcase name="testBuilderAppendDelete" time="0,000" classname="cviceni.StringBuilderAndBufferTest"/>
  <testcase name="testBufferAppendDelete" time="0,001" classname="cviceni.StringBuilderAndBufferTest"/>
  <testcase name="testBuilderAppendDelete" time="0,001" classname="cviceni.StringBuilderAndBufferTest"/>
  <testcase name="testBufferAppendDelete" time="0,000" classname="cviceni.StringBuilderAndBufferTest"/>
  <testcase name="testBufferAppend" time="0,000" classname="cviceni.StringBuilderAndBufferTest"/>
  <testcase name="testBufferAppend" time="0,000" classname="cviceni.StringBuilderAndBufferTest"/>
  <testcase name="testBufferAppend" time="0,000" classname="cviceni.StringBuilderAndBufferTest"/>
  <testcase name="testBufferAppendDelete" time="0,000" classname="cviceni.StringBuilderAndBufferTest"/>
  <testcase name="testBuilderAppendDelete" time="0,001" classname="cviceni.StringBuilderAndBufferTest"/>
  <testcase name="testBufferAppendDelete" time="0,000" classname="cviceni.StringBuilderAndBufferTest"/>
  <testcase name="testBufferAppend" time="0,001" classname="cviceni.StringBuilderAndBufferTest"/>
  <testcase name="testBufferAppend" time="0,000" classname="cviceni.StringBuilderAndBufferTest"/>
  <testcase name="testBuilderAppend" time="0,001" classname="cviceni.StringBuilderAndBufferTest"/>
  <testcase name="testBuilderAppendDelete" time="0,001" classname="cviceni.StringBuilderAndBufferTest"/>
  <testcase name="testBuilderAppend" time="0,000" classname="cviceni.StringBuilderAndBufferTest"/>
  <testcase name="testBuilderAppend" time="0,000" classname="cviceni.StringBuilderAndBufferTest"/>
  <testcase name="testBuilderAppendDelete" time="0,000" classname="cviceni.StringBuilderAndBufferTest"/>
  <testcase name="testBuilderAppendDelete" time="0,000" classname="cviceni.StringBuilderAndBufferTest"/>
  <testcase name="testBuilderAppend" time="0,000" classname="cviceni.StringBuilderAndBufferTest"/>
  <testcase name="testBuilderAppendDelete" time="0,000" classname="cviceni.StringBuilderAndBufferTest"/>
  <testcase name="testBuilderAppend" time="0,000" classname="cviceni.StringBuilderAndBufferTest"/>
  <testcase name="testBufferAppend" time="0,000" classname="cviceni.StringBuilderAndBufferTest"/>
  <testcase name="testBufferAppendDelete" time="0,000" classname="cviceni.StringBuilderAndBufferTest"/>
  <testcase name="testBufferAppend" time="0,000" classname="cviceni.StringBuilderAndBufferTest"/>
  <testcase name="testBufferAppend" time="0,000" classname="cviceni.StringBuilderAndBufferTest"/>
  <testcase name="testBufferAppendDelete" time="0,000" classname="cviceni.StringBuilderAndBufferTest"/>
  <testcase name="testBufferAppendDelete" time="0,000" classname="cviceni.StringBuilderAndBufferTest"/>
  <testcase name="testBuilderAppendDelete" time="0,000" classname="cviceni.StringBuilderAndBufferTest"/>
  <testcase name="testBuilderAppend" time="0,001" classname="cviceni.StringBuilderAndBufferTest"/>
  <testcase name="testBuilderAppendDelete" time="0,001" classname="cviceni.StringBuilderAndBufferTest"/>
  <testcase name="testBufferAppendDelete" time="0,000" classname="cviceni.StringBuilderAndBufferTest"/>
  <testcase name="testBufferAppendDelete" time="0,000" classname="cviceni.StringBuilderAndBufferTest"/>
  <testcase name="testBufferAppendDelete" time="0,000" classname="cviceni.StringBuilderAndBufferTest"/>
  <testcase name="testBufferAppendDelete" time="0,000" classname="cviceni.StringBuilderAndBufferTest"/>
  <testcase name="testBuilderAppendDelete" time="0,000" classname="cviceni.StringBuilderAndBufferTest"/>
  <testcase name="testBuilderAppend" time="0,000" classname="cviceni.StringBuilderAndBufferTest"/>
  <testcase name="testBufferAppend" time="0,001" classname="cviceni.StringBuilderAndBufferTest"/>
  <testcase name="testBuilderAppend" time="0,000" classname="cviceni.StringBuilderAndBufferTest"/>
  <testcase name="testBuilderAppendDelete" time="0,000" classname="cviceni.StringBuilderAndBufferTest"/>
  <testcase name="testBufferAppend" time="0,001" classname="cviceni.StringBuilderAndBufferTest"/>
  <testcase name="testBufferAppendDelete" time="0,000" classname="cviceni.StringBuilderAndBufferTest"/>
  <testcase name="testBufferAppend" time="0,000" classname="cviceni.StringBuilderAndBufferTest"/>
  <testcase name="testBufferAppendDelete" time="0,000" classname="cviceni.StringBuilderAndBufferTest"/>
  <testcase name="testBufferAppendDelete" time="0,000" classname="cviceni.StringBuilderAndBufferTest"/>
  <testcase name="testBuilderAppendDelete" time="0,001" classname="cviceni.StringBuilderAndBufferTest"/>
  <testcase name="testBuilderAppendDelete" time="0,000" classname="cviceni.StringBuilderAndBufferTest"/>
  <testcase name="testBufferAppend" time="0,000" classname="cviceni.StringBuilderAndBufferTest"/>
  <testcase name="testBufferAppend" time="0,000" classname="cviceni.StringBuilderAndBufferTest"/>
  <testcase name="testBufferAppend" time="0,000" classname="cviceni.StringBuilderAndBufferTest"/>
  <testcase name="testBufferAppend" time="0,000" classname="cviceni.StringBuilderAndBufferTest"/>
  <testcase name="testBuilderAppendDelete" time="0,000" classname="cviceni.StringBuilderAndBufferTest"/>
  <testcase name="testBuilderAppend" time="0,000" classname="cviceni.StringBuilderAndBufferTest"/>
  <testcase name="testBuilderAppend" time="0,000" classname="cviceni.StringBuilderAndBufferTest"/>
  <testcase name="testBuilderAppend" time="0,000" classname="cviceni.StringBuilderAndBufferTest"/>
  <testcase name="testBuilderAppendDelete" time="0,001" classname="cviceni.StringBuilderAndBufferTest"/>
  <testcase name="testBufferAppend" time="0,001" classname="cviceni.StringBuilderAndBufferTest"/>
  <testcase name="testBufferAppendDelete" time="0,000" classname="cviceni.StringBuilderAndBufferTest"/>
  <testcase name="testBufferAppend" time="0,000" classname="cviceni.StringBuilderAndBufferTest"/>
  <testcase name="testBuilderAppendDelete" time="0,000" classname="cviceni.StringBuilderAndBufferTest"/>
  <testcase name="testBufferAppendDelete" time="0,000" classname="cviceni.StringBuilderAndBufferTest"/>
  <testcase name="testBuilderAppendDelete" time="0,001" classname="cviceni.StringBuilderAndBufferTest"/>
  <testcase name="testBufferAppendDelete" time="0,000" classname="cviceni.StringBuilderAndBufferTest"/>
  <testcase name="testBufferAppendDelete" time="0,000" classname="cviceni.StringBuilderAndBufferTest"/>
  <testcase name="testBufferAppend" time="0,000" classname="cviceni.StringBuilderAndBufferTest"/>
  <testcase name="testBufferAppend" time="0,000" classname="cviceni.StringBuilderAndBufferTest"/>
  <testcase name="testBuilderAppend" time="0,000" classname="cviceni.StringBuilderAndBufferTest"/>
  <testcase name="testBufferAppend" time="0,001" classname="cviceni.StringBuilderAndBufferTest"/>
  <testcase name="testBuilderAppend" time="0,083" classname="cviceni.StringBuilderAndBufferTest"/>
  <testcase name="testBufferAppend" time="0,001" classname="cviceni.StringBuilderAndBufferTest"/>
  <testcase name="testBuilderAppendDelete" time="0,000" classname="cviceni.StringBuilderAndBufferTest"/>
  <testcase name="testBufferAppendDelete" time="0,000" classname="cviceni.StringBuilderAndBufferTest"/>
  <testcase name="testBufferAppend" time="0,000" classname="cviceni.StringBuilderAndBufferTest"/>
  <testcase name="testBufferAppend" time="0,001" classname="cviceni.StringBuilderAndBufferTest"/>
  <testcase name="testBuilderAppend" time="0,000" classname="cviceni.StringBuilderAndBufferTest"/>
  <testcase name="testBuilderAppend" time="0,001" classname="cviceni.StringBuilderAndBufferTest"/>
  <testcase name="testBufferAppendDelete" time="0,000" classname="cviceni.StringBuilderAndBufferTest"/>
  <testcase name="testBufferAppend" time="0,001" classname="cviceni.StringBuilderAndBufferTest"/>
  <testcase name="testBuilderAppendDelete" time="0,000" classname="cviceni.StringBuilderAndBufferTest"/>
  <testcase name="testBuilderAppend" time="0,049" classname="cviceni.StringBuilderAndBufferTest"/>
  <testcase name="testBuilderAppend" time="0,001" classname="cviceni.StringBuilderAndBufferTest"/>
  <testcase name="testBuilderAppendDelete" time="0,001" classname="cviceni.StringBuilderAndBufferTest"/>
  <testcase name="testBufferAppend" time="0,001" classname="cviceni.StringBuilderAndBufferTest"/>
  <testcase name="testBuilderAppendDelete" time="0,001" classname="cviceni.StringBuilderAndBufferTest"/>
  <testcase name="testBufferAppendDelete" time="0,000" classname="cviceni.StringBuilderAndBufferTest"/>
  <testcase name="testBuilderAppend" time="0,001" classname="cviceni.StringBuilderAndBufferTest"/>
  <testcase name="testBuilderAppendDelete" time="0,001" classname="cviceni.StringBuilderAndBufferTest"/>
  <testcase name="testBufferAppend" time="0,000" classname="cviceni.StringBuilderAndBufferTest"/>
  <testcase name="testBuilderAppendDelete" time="0,000" classname="cviceni.StringBuilderAndBufferTest"/>
  <testcase name="testBufferAppendDelete" time="0,000" classname="cviceni.StringBuilderAndBufferTest"/>
  <testcase name="testBufferAppend" time="0,000" classname="cviceni.StringBuilderAndBufferTest"/>
  <testcase name="testBufferAppend" time="0,000" classname="cviceni.StringBuilderAndBufferTest"/>
  <testcase name="testBufferAppend" time="0,002" classname="cviceni.StringBuilderAndBufferTest"/>
  <testcase name="testBuilderAppendDelete" time="0,000" classname="cviceni.StringBuilderAndBufferTest"/>
  <testcase name="testBufferAppendDelete" time="0,001" classname="cviceni.StringBuilderAndBufferTest"/>
  <testcase name="testBuilderAppend" time="0,000" classname="cviceni.StringBuilderAndBufferTest"/>
  <testcase name="testBuilderAppend" time="0,000" classname="cviceni.StringBuilderAndBufferTest"/>
  <testcase name="testBuilderAppendDelete" time="0,001" classname="cviceni.StringBuilderAndBufferTest"/>
  <testcase name="testBuilderAppend" time="0,000" classname="cviceni.StringBuilderAndBufferTest"/>
  <testcase name="testBufferAppend" time="0,000" classname="cviceni.StringBuilderAndBufferTest"/>
  <testcase name="testBufferAppend" time="0,001" classname="cviceni.StringBuilderAndBufferTest"/>
  <testcase name="testBufferAppendDelete" time="0,000" classname="cviceni.StringBuilderAndBufferTest"/>
  <testcase name="testBufferAppendDelete" time="0,001" classname="cviceni.StringBuilderAndBufferTest"/>
  <testcase name="testBufferAppend" time="0,000" classname="cviceni.StringBuilderAndBufferTest"/>
  <testcase name="testBuilderAppendDelete" time="0,001" classname="cviceni.StringBuilderAndBufferTest"/>
  <testcase name="testBuilderAppend" time="0,001" classname="cviceni.StringBuilderAndBufferTest"/>
  <testcase name="testBufferAppend" time="0,000" classname="cviceni.StringBuilderAndBufferTest"/>
  <testcase name="testBuilderAppend" time="0,000" classname="cviceni.StringBuilderAndBufferTest"/>
  <testcase name="testBuilderAppend" time="0,000" classname="cviceni.StringBuilderAndBufferTest"/>
  <testcase name="testBuilderAppendDelete" time="0,000" classname="cviceni.StringBuilderAndBufferTest"/>
  <testcase name="testBufferAppend" time="0,000" classname="cviceni.StringBuilderAndBufferTest"/>
  <testcase name="testBuilderAppend" time="0,000" classname="cviceni.StringBuilderAndBufferTest"/>
  <testcase name="testBuilderAppend" time="0,000" classname="cviceni.StringBuilderAndBufferTest"/>
  <testcase name="testBufferAppend" time="0,000" classname="cviceni.StringBuilderAndBufferTest"/>
  <testcase name="testBuilderAppendDelete" time="0,000" classname="cviceni.StringBuilderAndBufferTest"/>
  <testcase name="testBufferAppendDelete" time="0,000" classname="cviceni.StringBuilderAndBufferTest"/>
  <testcase name="testBufferAppend" time="0,001" classname="cviceni.StringBuilderAndBufferTest"/>
  <testcase name="testBuilderAppend" time="0,000" classname="cviceni.StringBuilderAndBufferTest"/>
  <testcase name="testBufferAppendDelete" time="0,000" classname="cviceni.StringBuilderAndBufferTest"/>
  <testcase name="testBufferAppendDelete" time="0,000" classname="cviceni.StringBuilderAndBufferTest"/>
  <testcase name="testBufferAppend" time="0,000" classname="cviceni.StringBuilderAndBufferTest"/>
  <testcase name="testBuilderAppend" time="0,001" classname="cviceni.StringBuilderAndBufferTest"/>
  <testcase name="testBufferAppend" time="0,000" classname="cviceni.StringBuilderAndBufferTest"/>
  <testcase name="testBufferAppendDelete" time="0,000" classname="cviceni.StringBuilderAndBufferTest"/>
  <testcase name="testBuilderAppend" time="0,001" classname="cviceni.StringBuilderAndBufferTest"/>
  <testcase name="testBufferAppend" time="0,002" classname="cviceni.StringBuilderAndBufferTest"/>
  <testcase name="testBuilderAppendDelete" time="0,001" classname="cviceni.StringBuilderAndBufferTest"/>
  <testcase name="testBufferAppend" time="0,001" classname="cviceni.StringBuilderAndBufferTest"/>
  <testcase name="testBuilderAppend" time="0,000" classname="cviceni.StringBuilderAndBufferTest"/>
  <testcase name="testBuilderAppend" time="0,000" classname="cviceni.StringBuilderAndBufferTest"/>
  <testcase name="testBuilderAppend" time="0,001" classname="cviceni.StringBuilderAndBufferTest"/>
  <testcase name="testBufferAppend" time="0,000" classname="cviceni.StringBuilderAndBufferTest"/>
  <testcase name="testBufferAppendDelete" time="0,000" classname="cviceni.StringBuilderAndBufferTest"/>
  <testcase name="testBuilderAppend" time="0,000" classname="cviceni.StringBuilderAndBufferTest"/>
  <testcase name="testBufferAppendDelete" time="0,000" classname="cviceni.StringBuilderAndBufferTest"/>
  <testcase name="testBufferAppendDelete" time="0,000" classname="cviceni.StringBuilderAndBufferTest"/>
  <testcase name="testBufferAppend" time="0,000" classname="cviceni.StringBuilderAndBufferTest"/>
  <testcase name="testBuilderAppend" time="0,000" classname="cviceni.StringBuilderAndBufferTest"/>
  <testcase name="testBufferAppendDelete" time="0,000" classname="cviceni.StringBuilderAndBufferTest"/>
  <testcase name="testBufferAppend" time="0,000" classname="cviceni.StringBuilderAndBufferTest"/>
  <testcase name="testBuilderAppend" time="0,000" classname="cviceni.StringBuilderAndBufferTest"/>
  <testcase name="testBuilderAppend" time="0,001" classname="cviceni.StringBuilderAndBufferTest"/>
  <testcase name="testBufferAppend" time="0,000" classname="cviceni.StringBuilderAndBufferTest"/>
  <testcase name="testBufferAppendDelete" time="0,000" classname="cviceni.StringBuilderAndBufferTest"/>
  <testcase name="testBufferAppend" time="0,001" classname="cviceni.StringBuilderAndBufferTest"/>
  <testcase name="testBufferAppendDelete" time="0,001" classname="cviceni.StringBuilderAndBufferTest"/>
  <testcase name="testBufferAppendDelete" time="0,000" classname="cviceni.StringBuilderAndBufferTest"/>
  <testcase name="testBufferAppendDelete" time="0,000" classname="cviceni.StringBuilderAndBufferTest"/>
  <testcase name="testBufferAppendDelete" time="0,000" classname="cviceni.StringBuilderAndBufferTest"/>
  <testcase name="testBuilderAppendDelete" time="0,000" classname="cviceni.StringBuilderAndBufferTest"/>
  <testcase name="testBuilderAppend" time="0,000" classname="cviceni.StringBuilderAndBufferTest"/>
  <testcase name="testBufferAppendDelete" time="0,001" classname="cviceni.StringBuilderAndBufferTest"/>
  <testcase name="testBufferAppend" time="0,000" classname="cviceni.StringBuilderAndBufferTest"/>
  <testcase name="testBufferAppend" time="0,000" classname="cviceni.StringBuilderAndBufferTest"/>
  <testcase name="testBuilderAppendDelete" time="0,000" classname="cviceni.StringBuilderAndBufferTest"/>
  <testcase name="testBufferAppendDelete" time="0,000" classname="cviceni.StringBuilderAndBufferTest"/>
  <testcase name="testBuilderAppendDelete" time="0,000" classname="cviceni.StringBuilderAndBufferTest"/>
  <testcase name="testBufferAppend" time="0,000" classname="cviceni.StringBuilderAndBufferTest"/>
  <testcase name="testBuilderAppend" time="0,001" classname="cviceni.StringBuilderAndBufferTest"/>
  <testcase name="testBuilderAppend" time="0,021" classname="cviceni.StringBuilderAndBufferTest"/>
  <testcase name="testBuilderAppend" time="0,000" classname="cviceni.StringBuilderAndBufferTest"/>
  <testcase name="testBuilderAppendDelete" time="0,000" classname="cviceni.StringBuilderAndBufferTest"/>
  <testcase name="testBufferAppendDelete" time="0,001" classname="cviceni.StringBuilderAndBufferTest"/>
  <testcase name="testBufferAppend" time="0,000" classname="cviceni.StringBuilderAndBufferTest"/>
  <testcase name="testBufferAppend" time="0,000" classname="cviceni.StringBuilderAndBufferTest"/>
  <testcase name="testBuilderAppend" time="0,000" classname="cviceni.StringBuilderAndBufferTest"/>
  <testcase name="testBufferAppendDelete" time="0,001" classname="cviceni.StringBuilderAndBufferTest"/>
  <testcase name="testBuilderAppend" time="0,000" classname="cviceni.StringBuilderAndBufferTest"/>
  <testcase name="testBufferAppend" time="0,000" classname="cviceni.StringBuilderAndBufferTest"/>
  <testcase name="testBuilderAppend" time="0,000" classname="cviceni.StringBuilderAndBufferTest"/>
  <testcase name="testBuilderAppend" time="0,000" classname="cviceni.StringBuilderAndBufferTest"/>
  <testcase name="testBufferAppend" time="0,000" classname="cviceni.StringBuilderAndBufferTest"/>
  <testcase name="testBufferAppend" time="0,000" classname="cviceni.StringBuilderAndBufferTest"/>
  <testcase name="testBufferAppendDelete" time="0,000" classname="cviceni.StringBuilderAndBufferTest"/>
  <testcase name="testBuilderAppend" time="0,001" classname="cviceni.StringBuilderAndBufferTest"/>
  <testcase name="testBufferAppend" time="0,001" classname="cviceni.StringBuilderAndBufferTest"/>
  <testcase name="testBufferAppendDelete" time="0,000" classname="cviceni.StringBuilderAndBufferTest"/>
  <testcase name="testBuilderAppend" time="0,000" classname="cviceni.StringBuilderAndBufferTest"/>
  <testcase name="testBuilderAppend" time="0,000" classname="cviceni.StringBuilderAndBufferTest"/>
  <testcase name="testBuilderAppendDelete" time="0,000" classname="cviceni.StringBuilderAndBufferTest"/>
  <testcase name="testBufferAppendDelete" time="0,000" classname="cviceni.StringBuilderAndBufferTest"/>
  <testcase name="testBuilderAppend" time="0,000" classname="cviceni.StringBuilderAndBufferTest"/>
  <testcase name="testBufferAppendDelete" time="0,001" classname="cviceni.StringBuilderAndBufferTest"/>
  <testcase name="testBuilderAppendDelete" time="0,000" classname="cviceni.StringBuilderAndBufferTest"/>
  <testcase name="testBufferAppend" time="0,000" classname="cviceni.StringBuilderAndBufferTest"/>
  <testcase name="testBufferAppendDelete" time="0,000" classname="cviceni.StringBuilderAndBufferTest"/>
  <testcase name="testBufferAppendDelete" time="0,000" classname="cviceni.StringBuilderAndBufferTest"/>
  <testcase name="testBuilderAppendDelete" time="0,000" classname="cviceni.StringBuilderAndBufferTest"/>
  <testcase name="testBuilderAppend" time="0,000" classname="cviceni.StringBuilderAndBufferTest"/>
  <testcase name="testBuilderAppend" time="0,001" classname="cviceni.StringBuilderAndBufferTest"/>
  <testcase name="testBufferAppend" time="0,000" classname="cviceni.StringBuilderAndBufferTest"/>
  <testcase name="testBuilderAppend" time="0,000" classname="cviceni.StringBuilderAndBufferTest"/>
  <testcase name="testBuilderAppendDelete" time="0,000" classname="cviceni.StringBuilderAndBufferTest"/>
  <testcase name="testBuilderAppendDelete" time="0,000" classname="cviceni.StringBuilderAndBufferTest"/>
  <testcase name="testBufferAppendDelete" time="0,001" classname="cviceni.StringBuilderAndBufferTest"/>
  <testcase name="testBufferAppendDelete" time="0,001" classname="cviceni.StringBuilderAndBufferTest"/>
  <testcase name="testBuilderAppendDelete" time="0,001" classname="cviceni.StringBuilderAndBufferTest"/>
  <testcase name="testBufferAppend" time="0,000" classname="cviceni.StringBuilderAndBufferTest"/>
  <testcase name="testBuilderAppend" time="0,087" classname="cviceni.StringBuilderAndBufferTest"/>
  <testcase name="testBufferAppend" time="0,000" classname="cviceni.StringBuilderAndBufferTest"/>
  <testcase name="testBufferAppendDelete" time="0,000" classname="cviceni.StringBuilderAndBufferTest"/>
  <testcase name="testBuilderAppendDelete" time="0,000" classname="cviceni.StringBuilderAndBufferTest"/>
  <testcase name="testBuilderAppend" time="0,001" classname="cviceni.StringBuilderAndBufferTest"/>
  <testcase name="testBufferAppend" time="0,000" classname="cviceni.StringBuilderAndBufferTest"/>
  <testcase name="testBufferAppend" time="0,001" classname="cviceni.StringBuilderAndBufferTest"/>
  <testcase name="testBufferAppend" time="0,000" classname="cviceni.StringBuilderAndBufferTest"/>
  <testcase name="testBufferAppend" time="0,000" classname="cviceni.StringBuilderAndBufferTest"/>
  <testcase name="testBuilderAppendDelete" time="0,001" classname="cviceni.StringBuilderAndBufferTest"/>
  <testcase name="testBufferAppendDelete" time="0,000" classname="cviceni.StringBuilderAndBufferTest"/>
  <testcase name="testBufferAppend" time="0,000" classname="cviceni.StringBuilderAndBufferTest"/>
  <testcase name="testBufferAppendDelete" time="0,000" classname="cviceni.StringBuilderAndBufferTest"/>
  <testcase name="testBuilderAppend" time="0,001" classname="cviceni.StringBuilderAndBufferTest"/>
  <testcase name="testBufferAppendDelete" time="0,000" classname="cviceni.StringBuilderAndBufferTest"/>
  <testcase name="testBufferAppend" time="0,000" classname="cviceni.StringBuilderAndBufferTest"/>
  <testcase name="testBuilderAppend" time="0,000" classname="cviceni.StringBuilderAndBufferTest"/>
  <testcase name="testBufferAppendDelete" time="0,000" classname="cviceni.StringBuilderAndBufferTest"/>
  <testcase name="testBuilderAppend" time="0,001" classname="cviceni.StringBuilderAndBufferTest"/>
  <testcase name="testBuilderAppend" time="0,000" classname="cviceni.StringBuilderAndBufferTest"/>
  <testcase name="testBufferAppendDelete" time="0,000" classname="cviceni.StringBuilderAndBufferTest"/>
  <testcase name="testBuilderAppendDelete" time="0,000" classname="cviceni.StringBuilderAndBufferTest"/>
  <testcase name="testBuilderAppend" time="0,000" classname="cviceni.StringBuilderAndBufferTest"/>
  <testcase name="testBuilderAppend" time="0,000" classname="cviceni.StringBuilderAndBufferTest"/>
  <testcase name="testBuilderAppend" time="0,000" classname="cviceni.StringBuilderAndBufferTest"/>
  <testcase name="testBuilderAppend" time="0,001" classname="cviceni.StringBuilderAndBufferTest"/>
  <testcase name="testBuilderAppendDelete" time="0,000" classname="cviceni.StringBuilderAndBufferTest"/>
  <testcase name="testBuilderAppend" time="0,001" classname="cviceni.StringBuilderAndBufferTest"/>
  <testcase name="testBuilderAppendDelete" time="0,000" classname="cviceni.StringBuilderAndBufferTest"/>
  <testcase name="testBufferAppendDelete" time="0,000" classname="cviceni.StringBuilderAndBufferTest"/>
  <testcase name="testBuilderAppendDelete" time="0,000" classname="cviceni.StringBuilderAndBufferTest"/>
  <testcase name="testBuilderAppend" time="0,000" classname="cviceni.StringBuilderAndBufferTest"/>
  <testcase name="testBuilderAppendDelete" time="0,001" classname="cviceni.StringBuilderAndBufferTest"/>
  <testcase name="testBufferAppendDelete" time="0,000" classname="cviceni.StringBuilderAndBufferTest"/>
  <testcase name="testBufferAppend" time="0,000" classname="cviceni.StringBuilderAndBufferTest"/>
  <testcase name="testBuilderAppend" time="0,000" classname="cviceni.StringBuilderAndBufferTest"/>
  <testcase name="testBufferAppendDelete" time="0,000" classname="cviceni.StringBuilderAndBufferTest"/>
  <testcase name="testBuilderAppendDelete" time="0,000" classname="cviceni.StringBuilderAndBufferTest"/>
  <testcase name="testBuilderAppend" time="0,000" classname="cviceni.StringBuilderAndBufferTest"/>
  <testcase name="testBuilderAppend" time="0,000" classname="cviceni.StringBuilderAndBufferTest"/>
  <testcase name="testBufferAppendDelete" time="0,000" classname="cviceni.StringBuilderAndBufferTest"/>
  <testcase name="testBuilderAppendDelete" time="0,049" classname="cviceni.StringBuilderAndBufferTest"/>
  <testcase name="testBufferAppendDelete" time="0,001" classname="cviceni.StringBuilderAndBufferTest"/>
  <testcase name="testBuilderAppend" time="0,000" classname="cviceni.StringBuilderAndBufferTest"/>
  <testcase name="testBuilderAppendDelete" time="0,000" classname="cviceni.StringBuilderAndBufferTest"/>
  <testcase name="testBuilderAppendDelete" time="0,000" classname="cviceni.StringBuilderAndBufferTest"/>
  <testcase name="testBufferAppend" time="0,000" classname="cviceni.StringBuilderAndBufferTest"/>
  <testcase name="testBuilderAppendDelete" time="0,000" classname="cviceni.StringBuilderAndBufferTest"/>
  <testcase name="testBuilderAppend" time="0,021" classname="cviceni.StringBuilderAndBufferTest"/>
  <testcase name="testBuilderAppend" time="0,000" classname="cviceni.StringBuilderAndBufferTest"/>
  <testcase name="testBufferAppendDelete" time="0,001" classname="cviceni.StringBuilderAndBufferTest"/>
  <testcase name="testBuilderAppendDelete" time="0,001" classname="cviceni.StringBuilderAndBufferTest"/>
  <testcase name="testBufferAppend" time="0,000" classname="cviceni.StringBuilderAndBufferTest"/>
  <testcase name="testBufferAppend" time="0,001" classname="cviceni.StringBuilderAndBufferTest"/>
  <testcase name="testBufferAppend" time="0,000" classname="cviceni.StringBuilderAndBufferTest"/>
  <testcase name="testBufferAppend" time="0,000" classname="cviceni.StringBuilderAndBufferTest"/>
  <testcase name="testBuilderAppend" time="0,000" classname="cviceni.StringBuilderAndBufferTest"/>
  <testcase name="testBufferAppendDelete" time="0,000" classname="cviceni.StringBuilderAndBufferTest"/>
  <testcase name="testBuilderAppendDelete" time="0,001" classname="cviceni.StringBuilderAndBufferTest"/>
  <testcase name="testBuilderAppendDelete" time="0,001" classname="cviceni.StringBuilderAndBufferTest"/>
  <testcase name="testBufferAppend" time="0,000" classname="cviceni.StringBuilderAndBufferTest"/>
  <testcase name="testBuilderAppendDelete" time="0,000" classname="cviceni.StringBuilderAndBufferTest"/>
  <testcase name="testBufferAppend" time="0,000" classname="cviceni.StringBuilderAndBufferTest"/>
  <testcase name="testBuilderAppendDelete" time="0,000" classname="cviceni.StringBuilderAndBufferTest"/>
  <testcase name="testBufferAppendDelete" time="0,001" classname="cviceni.StringBuilderAndBufferTest"/>
  <testcase name="testBuilderAppendDelete" time="0,001" classname="cviceni.StringBuilderAndBufferTest"/>
  <testcase name="testBufferAppendDelete" time="0,001" classname="cviceni.StringBuilderAndBufferTest"/>
  <testcase name="testBufferAppendDelete" time="0,000" classname="cviceni.StringBuilderAndBufferTest"/>
  <testcase name="testBuilderAppend" time="0,000" classname="cviceni.StringBuilderAndBufferTest"/>
  <testcase name="testBufferAppend" time="0,000" classname="cviceni.StringBuilderAndBufferTest"/>
  <testcase name="testBufferAppendDelete" time="0,000" classname="cviceni.StringBuilderAndBufferTest"/>
  <testcase name="testBufferAppend" time="0,001" classname="cviceni.StringBuilderAndBufferTest"/>
  <testcase name="testBuilderAppend" time="0,000" classname="cviceni.StringBuilderAndBufferTest"/>
  <testcase name="testBuilderAppend" time="0,001" classname="cviceni.StringBuilderAndBufferTest"/>
  <testcase name="testBufferAppendDelete" time="0,001" classname="cviceni.StringBuilderAndBufferTest"/>
  <testcase name="testBufferAppend" time="0,000" classname="cviceni.StringBuilderAndBufferTest"/>
  <testcase name="testBufferAppendDelete" time="0,000" classname="cviceni.StringBuilderAndBufferTest"/>
  <testcase name="testBufferAppend" time="0,000" classname="cviceni.StringBuilderAndBufferTest"/>
  <testcase name="testBuilderAppendDelete" time="0,000" classname="cviceni.StringBuilderAndBufferTest"/>
  <testcase name="testBufferAppendDelete" time="0,001" classname="cviceni.StringBuilderAndBufferTest"/>
  <testcase name="testBufferAppendDelete" time="0,000" classname="cviceni.StringBuilderAndBufferTest"/>
  <testcase name="testBufferAppendDelete" time="0,000" classname="cviceni.StringBuilderAndBufferTest"/>
  <testcase name="testBuilderAppend" time="0,000" classname="cviceni.StringBuilderAndBufferTest"/>
  <testcase name="testBuilderAppendDelete" time="0,000" classname="cviceni.StringBuilderAndBufferTest"/>
  <testcase name="testBufferAppendDelete" time="0,000" classname="cviceni.StringBuilderAndBufferTest"/>
  <testcase name="testBufferAppend" time="0,000" classname="cviceni.StringBuilderAndBufferTest"/>
  <testcase name="testBufferAppendDelete" time="0,000" classname="cviceni.StringBuilderAndBufferTest"/>
  <testcase name="testBuilderAppendDelete" time="0,001" classname="cviceni.StringBuilderAndBufferTest"/>
  <testcase name="testBuilderAppendDelete" time="0,000" classname="cviceni.StringBuilderAndBufferTest"/>
  <testcase name="testBuilderAppendDelete" time="0,000" classname="cviceni.StringBuilderAndBufferTest"/>
  <testcase name="testBufferAppendDelete" time="0,000" classname="cviceni.StringBuilderAndBufferTest"/>
  <testcase name="testBuilderAppendDelete" time="0,002" classname="cviceni.StringBuilderAndBufferTest"/>
  <testcase name="testBuilderAppendDelete" time="0,001" classname="cviceni.StringBuilderAndBufferTest"/>
  <testcase name="testBufferAppend" time="0,000" classname="cviceni.StringBuilderAndBufferTest"/>
  <testcase name="testBuilderAppendDelete" time="0,001" classname="cviceni.StringBuilderAndBufferTest"/>
  <testcase name="testBufferAppendDelete" time="0,000" classname="cviceni.StringBuilderAndBufferTest"/>
  <testcase name="testBufferAppendDelete" time="0,001" classname="cviceni.StringBuilderAndBufferTest"/>
  <testcase name="testBuilderAppendDelete" time="0,000" classname="cviceni.StringBuilderAndBufferTest"/>
  <testcase name="testBufferAppendDelete" time="0,000" classname="cviceni.StringBuilderAndBufferTest"/>
  <testcase name="testBuilderAppendDelete" time="0,001" classname="cviceni.StringBuilderAndBufferTest"/>
  <testcase name="testBuilderAppendDelete" time="0,000" classname="cviceni.StringBuilderAndBufferTest"/>
  <testcase name="testBufferAppend" time="0,000" classname="cviceni.StringBuilderAndBufferTest"/>
  <testcase name="testBufferAppendDelete" time="0,000" classname="cviceni.StringBuilderAndBufferTest"/>
  <testcase name="testBufferAppend" time="0,000" classname="cviceni.StringBuilderAndBufferTest"/>
  <testcase name="testBuilderAppendDelete" time="0,000" classname="cviceni.StringBuilderAndBufferTest"/>
  <testcase name="testBuilderAppend" time="0,000" classname="cviceni.StringBuilderAndBufferTest"/>
  <testcase name="testBufferAppend" time="0,000" classname="cviceni.StringBuilderAndBufferTest"/>
  <testcase name="testBuilderAppend" time="0,000" classname="cviceni.StringBuilderAndBufferTest"/>
  <testcase name="testBuilderAppendDelete" time="0,000" classname="cviceni.StringBuilderAndBufferTest"/>
  <testcase name="testBuilderAppend" time="0,000" classname="cviceni.StringBuilderAndBufferTest"/>
  <testcase name="testBuilderAppendDelete" time="0,000" classname="cviceni.StringBuilderAndBufferTest"/>
  <testcase name="testBufferAppendDelete" time="0,000" classname="cviceni.StringBuilderAndBufferTest"/>
  <testcase name="testBufferAppendDelete" time="0,000" classname="cviceni.StringBuilderAndBufferTest"/>
  <testcase name="testBufferAppendDelete" time="0,000" classname="cviceni.StringBuilderAndBufferTest"/>
  <testcase name="testBuilderAppendDelete" time="0,001" classname="cviceni.StringBuilderAndBufferTest"/>
  <testcase name="testBufferAppend" time="0,000" classname="cviceni.StringBuilderAndBufferTest"/>
  <testcase name="testBuilderAppend" time="0,000" classname="cviceni.StringBuilderAndBufferTest"/>
  <testcase name="testBufferAppendDelete" time="0,001" classname="cviceni.StringBuilderAndBufferTest"/>
  <testcase name="testBuilderAppend" time="0,000" classname="cviceni.StringBuilderAndBufferTest"/>
  <testcase name="testBuilderAppend" time="0,000" classname="cviceni.StringBuilderAndBufferTest"/>
  <testcase name="testBufferAppendDelete" time="0,000" classname="cviceni.StringBuilderAndBufferTest"/>
  <testcase name="testBufferAppend" time="0,000" classname="cviceni.StringBuilderAndBufferTest"/>
  <testcase name="testBufferAppendDelete" time="0,001" classname="cviceni.StringBuilderAndBufferTest"/>
  <testcase name="testBufferAppendDelete" time="0,000" classname="cviceni.StringBuilderAndBufferTest"/>
  <testcase name="testBufferAppend" time="0,001" classname="cviceni.StringBuilderAndBufferTest"/>
  <testcase name="testBufferAppendDelete" time="0,001" classname="cviceni.StringBuilderAndBufferTest"/>
  <testcase name="testBufferAppend" time="0,001" classname="cviceni.StringBuilderAndBufferTest"/>
  <testcase name="testBufferAppendDelete" time="0,000" classname="cviceni.StringBuilderAndBufferTest"/>
  <testcase name="testBuilderAppendDelete" time="0,001" classname="cviceni.StringBuilderAndBufferTest"/>
  <testcase name="testBufferAppendDelete" time="0,001" classname="cviceni.StringBuilderAndBufferTest"/>
  <testcase name="testBufferAppendDelete" time="0,001" classname="cviceni.StringBuilderAndBufferTest"/>
  <testcase name="testBuilderAppendDelete" time="0,000" classname="cviceni.StringBuilderAndBufferTest"/>
  <testcase name="testBufferAppendDelete" time="0,000" classname="cviceni.StringBuilderAndBufferTest"/>
  <testcase name="testBufferAppend" time="0,000" classname="cviceni.StringBuilderAndBufferTest"/>
  <testcase name="testBuilderAppendDelete" time="0,000" classname="cviceni.StringBuilderAndBufferTest"/>
  <testcase name="testBufferAppendDelete" time="0,000" classname="cviceni.StringBuilderAndBufferTest"/>
  <testcase name="testBufferAppend" time="0,000" classname="cviceni.StringBuilderAndBufferTest"/>
  <testcase name="testBufferAppendDelete" time="0,000" classname="cviceni.StringBuilderAndBufferTest"/>
  <testcase name="testBuilderAppend" time="0,001" classname="cviceni.StringBuilderAndBufferTest"/>
  <testcase name="testBuilderAppendDelete" time="0,001" classname="cviceni.StringBuilderAndBufferTest"/>
  <testcase name="testBuilderAppend" time="0,000" classname="cviceni.StringBuilderAndBufferTest"/>
  <testcase name="testBuilderAppend" time="0,001" classname="cviceni.StringBuilderAndBufferTest"/>
  <testcase name="testBufferAppend" time="0,000" classname="cviceni.StringBuilderAndBufferTest"/>
  <testcase name="testBufferAppend" time="0,000" classname="cviceni.StringBuilderAndBufferTest"/>
  <testcase name="testBuilderAppend" time="0,000" classname="cviceni.StringBuilderAndBufferTest"/>
  <testcase name="testBuilderAppendDelete" time="0,000" classname="cviceni.StringBuilderAndBufferTest"/>
  <testcase name="testBuilderAppendDelete" time="0,001" classname="cviceni.StringBuilderAndBufferTest"/>
  <testcase name="testBufferAppend" time="0,000" classname="cviceni.StringBuilderAndBufferTest"/>
  <testcase name="testBuilderAppend" time="0,000" classname="cviceni.StringBuilderAndBufferTest"/>
  <testcase name="testBufferAppendDelete" time="0,001" classname="cviceni.StringBuilderAndBufferTest"/>
  <testcase name="testBuilderAppend" time="0,000" classname="cviceni.StringBuilderAndBufferTest"/>
  <testcase name="testBufferAppend" time="0,014" classname="cviceni.StringBuilderAndBufferTest"/>
  <testcase name="testBufferAppendDelete" time="0,001" classname="cviceni.StringBuilderAndBufferTest"/>
  <testcase name="testBufferAppend" time="0,001" classname="cviceni.StringBuilderAndBufferTest"/>
  <testcase name="testBufferAppend" time="0,000" classname="cviceni.StringBuilderAndBufferTest"/>
  <testcase name="testBufferAppendDelete" time="0,001" classname="cviceni.StringBuilderAndBufferTest"/>
  <testcase name="testBufferAppendDelete" time="0,000" classname="cviceni.StringBuilderAndBufferTest"/>
  <testcase name="testBuilderAppend" time="0,001" classname="cviceni.StringBuilderAndBufferTest"/>
  <testcase name="testBufferAppendDelete" time="0,000" classname="cviceni.StringBuilderAndBufferTest"/>
  <testcase name="testBuilderAppend" time="0,001" classname="cviceni.StringBuilderAndBufferTest"/>
  <testcase name="testBufferAppend" time="0,000" classname="cviceni.StringBuilderAndBufferTest"/>
  <testcase name="testBuilderAppendDelete" time="0,002" classname="cviceni.StringBuilderAndBufferTest"/>
  <testcase name="testBufferAppendDelete" time="0,000" classname="cviceni.StringBuilderAndBufferTest"/>
  <testcase name="testBufferAppend" time="0,000" classname="cviceni.StringBuilderAndBufferTest"/>
  <testcase name="testBuilderAppendDelete" time="0,001" classname="cviceni.StringBuilderAndBufferTest"/>
  <testcase name="testBuilderAppend" time="0,000" classname="cviceni.StringBuilderAndBufferTest"/>
  <testcase name="testBuilderAppend" time="0,001" classname="cviceni.StringBuilderAndBufferTest"/>
  <testcase name="testBuilderAppendDelete" time="0,000" classname="cviceni.StringBuilderAndBufferTest"/>
  <testcase name="testBuilderAppend" time="0,000" classname="cviceni.StringBuilderAndBufferTest"/>
  <testcase name="testBuilderAppend" time="0,001" classname="cviceni.StringBuilderAndBufferTest"/>
  <testcase name="testBuilderAppendDelete" time="0,000" classname="cviceni.StringBuilderAndBufferTest"/>
  <testcase name="testBufferAppend" time="0,000" classname="cviceni.StringBuilderAndBufferTest"/>
  <testcase name="testBuilderAppend" time="0,000" classname="cviceni.StringBuilderAndBufferTest"/>
  <testcase name="testBuilderAppend" time="0,058" classname="cviceni.StringBuilderAndBufferTest"/>
  <testcase name="testBufferAppendDelete" time="0,000" classname="cviceni.StringBuilderAndBufferTest"/>
  <testcase name="testBufferAppend" time="0,000" classname="cviceni.StringBuilderAndBufferTest"/>
  <testcase name="testBuilderAppendDelete" time="0,001" classname="cviceni.StringBuilderAndBufferTest"/>
  <testcase name="testBufferAppend" time="0,000" classname="cviceni.StringBuilderAndBufferTest"/>
  <testcase name="testBuilderAppend" time="0,000" classname="cviceni.StringBuilderAndBufferTest"/>
  <testcase name="testBuilderAppend" time="0,001" classname="cviceni.StringBuilderAndBufferTest"/>
  <testcase name="testBuilderAppend" time="0,000" classname="cviceni.StringBuilderAndBufferTest"/>
  <testcase name="testBufferAppend" time="0,000" classname="cviceni.StringBuilderAndBufferTest"/>
  <testcase name="testBuilderAppendDelete" time="0,000" classname="cviceni.StringBuilderAndBufferTest"/>
  <testcase name="testBuilderAppendDelete" time="0,001" classname="cviceni.StringBuilderAndBufferTest"/>
  <testcase name="testBuilderAppendDelete" time="0,000" classname="cviceni.StringBuilderAndBufferTest"/>
  <testcase name="testBuilderAppendDelete" time="0,000" classname="cviceni.StringBuilderAndBufferTest"/>
  <testcase name="testBuilderAppend" time="0,001" classname="cviceni.StringBuilderAndBufferTest"/>
  <testcase name="testBuilderAppend" time="0,000" classname="cviceni.StringBuilderAndBufferTest"/>
  <testcase name="testBuilderAppendDelete" time="0,000" classname="cviceni.StringBuilderAndBufferTest"/>
  <testcase name="testBuilderAppend" time="0,001" classname="cviceni.StringBuilderAndBufferTest"/>
  <testcase name="testBuilderAppendDelete" time="0,000" classname="cviceni.StringBuilderAndBufferTest"/>
  <testcase name="testBuilderAppendDelete" time="0,000" classname="cviceni.StringBuilderAndBufferTest"/>
  <testcase name="testBuilderAppendDelete" time="0,000" classname="cviceni.StringBuilderAndBufferTest"/>
  <testcase name="testBufferAppend" time="0,000" classname="cviceni.StringBuilderAndBufferTest"/>
  <testcase name="testBuilderAppend" time="0,000" classname="cviceni.StringBuilderAndBufferTest"/>
  <testcase name="testBuilderAppendDelete" time="0,003" classname="cviceni.StringBuilderAndBufferTest"/>
  <testcase name="testBufferAppendDelete" time="0,002" classname="cviceni.StringBuilderAndBufferTest"/>
  <testcase name="testBuilderAppendDelete" time="0,000" classname="cviceni.StringBuilderAndBufferTest"/>
  <testcase name="testBuilderAppendDelete" time="0,000" classname="cviceni.StringBuilderAndBufferTest"/>
  <testcase name="testBuilderAppendDelete" time="0,000" classname="cviceni.StringBuilderAndBufferTest"/>
  <testcase name="testBuilderAppendDelete" time="0,000" classname="cviceni.StringBuilderAndBufferTest"/>
  <testcase name="testBuilderAppend" time="0,000" classname="cviceni.StringBuilderAndBufferTest"/>
  <testcase name="testBufferAppendDelete" time="0,000" classname="cviceni.StringBuilderAndBufferTest"/>
  <testcase name="testBuilderAppend" time="0,000" classname="cviceni.StringBuilderAndBufferTest"/>
  <testcase name="testBufferAppend" time="0,000" classname="cviceni.StringBuilderAndBufferTest"/>
  <testcase name="testBufferAppend" time="0,000" classname="cviceni.StringBuilderAndBufferTest"/>
  <testcase name="testBufferAppend" time="0,000" classname="cviceni.StringBuilderAndBufferTest"/>
  <testcase name="testBuilderAppendDelete" time="0,000" classname="cviceni.StringBuilderAndBufferTest"/>
  <testcase name="testBuilderAppendDelete" time="0,001" classname="cviceni.StringBuilderAndBufferTest"/>
  <testcase name="testBufferAppend" time="0,000" classname="cviceni.StringBuilderAndBufferTest"/>
  <testcase name="testBufferAppendDelete" time="0,000" classname="cviceni.StringBuilderAndBufferTest"/>
  <testcase name="testBufferAppendDelete" time="0,000" classname="cviceni.StringBuilderAndBufferTest"/>
  <testcase name="testBuilderAppendDelete" time="0,000" classname="cviceni.StringBuilderAndBufferTest"/>
  <testcase name="testBuilderAppendDelete" time="0,000" classname="cviceni.StringBuilderAndBufferTest"/>
  <testcase name="testBufferAppendDelete" time="0,000" classname="cviceni.StringBuilderAndBufferTest"/>
  <testcase name="testBufferAppendDelete" time="0,001" classname="cviceni.StringBuilderAndBufferTest"/>
  <testcase name="testBuilderAppend" time="0,000" classname="cviceni.StringBuilderAndBufferTest"/>
  <testcase name="testBufferAppendDelete" time="0,000" classname="cviceni.StringBuilderAndBufferTest"/>
  <testcase name="testBuilderAppendDelete" time="0,000" classname="cviceni.StringBuilderAndBufferTest"/>
  <testcase name="testBuilderAppend" time="0,001" classname="cviceni.StringBuilderAndBufferTest"/>
  <testcase name="testBufferAppend" time="0,000" classname="cviceni.StringBuilderAndBufferTest"/>
  <testcase name="testBufferAppendDelete" time="0,000" classname="cviceni.StringBuilderAndBufferTest"/>
  <testcase name="testBuilderAppend" time="0,000" classname="cviceni.StringBuilderAndBufferTest"/>
  <testcase name="testBuilderAppendDelete" time="0,000" classname="cviceni.StringBuilderAndBufferTest"/>
  <testcase name="testBuilderAppend" time="0,000" classname="cviceni.StringBuilderAndBufferTest"/>
  <testcase name="testBuilderAppendDelete" time="0,000" classname="cviceni.StringBuilderAndBufferTest"/>
  <testcase name="testBuilderAppend" time="0,001" classname="cviceni.StringBuilderAndBufferTest"/>
  <testcase name="testBuilderAppend" time="0,001" classname="cviceni.StringBuilderAndBufferTest"/>
  <testcase name="testBufferAppendDelete" time="0,001" classname="cviceni.StringBuilderAndBufferTest"/>
  <testcase name="testBuilderAppend" time="0,000" classname="cviceni.StringBuilderAndBufferTest"/>
  <testcase name="testBuilderAppend" time="0,000" classname="cviceni.StringBuilderAndBufferTest"/>
  <testcase name="testBuilderAppendDelete" time="0,000" classname="cviceni.StringBuilderAndBufferTest"/>
  <testcase name="testBufferAppend" time="0,001" classname="cviceni.StringBuilderAndBufferTest"/>
  <testcase name="testBufferAppend" time="0,001" classname="cviceni.StringBuilderAndBufferTest"/>
  <testcase name="testBufferAppendDelete" time="0,000" classname="cviceni.StringBuilderAndBufferTest"/>
  <testcase name="testBuilderAppendDelete" time="0,000" classname="cviceni.StringBuilderAndBufferTest"/>
  <testcase name="testBufferAppend" time="0,000" classname="cviceni.StringBuilderAndBufferTest"/>
  <testcase name="testBufferAppendDelete" time="0,000" classname="cviceni.StringBuilderAndBufferTest"/>
  <testcase name="testBufferAppendDelete" time="0,000" classname="cviceni.StringBuilderAndBufferTest"/>
  <testcase name="testBuilderAppend" time="0,001" classname="cviceni.StringBuilderAndBufferTest"/>
  <testcase name="testBuilderAppend" time="0,001" classname="cviceni.StringBuilderAndBufferTest"/>
  <testcase name="testBuilderAppend" time="0,000" classname="cviceni.StringBuilderAndBufferTest"/>
  <testcase name="testBufferAppendDelete" time="0,001" classname="cviceni.StringBuilderAndBufferTest"/>
  <testcase name="testBuilderAppend" time="0,000" classname="cviceni.StringBuilderAndBufferTest"/>
  <testcase name="testBufferAppend" time="0,000" classname="cviceni.StringBuilderAndBufferTest"/>
  <testcase name="testBufferAppend" time="0,000" classname="cviceni.StringBuilderAndBufferTest"/>
  <testcase name="testBufferAppendDelete" time="0,000" classname="cviceni.StringBuilderAndBufferTest"/>
  <testcase name="testBufferAppendDelete" time="0,001" classname="cviceni.StringBuilderAndBufferTest"/>
  <testcase name="testBufferAppend" time="0,001" classname="cviceni.StringBuilderAndBufferTest"/>
  <testcase name="testBuilderAppend" time="0,000" classname="cviceni.StringBuilderAndBufferTest"/>
  <testcase name="testBufferAppend" time="0,001" classname="cviceni.StringBuilderAndBufferTest"/>
  <testcase name="testBuilderAppendDelete" time="0,001" classname="cviceni.StringBuilderAndBufferTest"/>
  <testcase name="testBufferAppend" time="0,143" classname="cviceni.StringBuilderAndBufferTest"/>
  <testcase name="testBufferAppend" time="0,001" classname="cviceni.StringBuilderAndBufferTest"/>
  <testcase name="testBufferAppendDelete" time="0,000" classname="cviceni.StringBuilderAndBufferTest"/>
  <testcase name="testBuilderAppend" time="0,000" classname="cviceni.StringBuilderAndBufferTest"/>
  <testcase name="testBufferAppend" time="0,001" classname="cviceni.StringBuilderAndBufferTest"/>
  <testcase name="testBuilderAppendDelete" time="0,000" classname="cviceni.StringBuilderAndBufferTest"/>
  <testcase name="testBufferAppend" time="0,001" classname="cviceni.StringBuilderAndBufferTest"/>
  <testcase name="testBufferAppend" time="0,000" classname="cviceni.StringBuilderAndBufferTest"/>
  <testcase name="testBufferAppend" time="0,001" classname="cviceni.StringBuilderAndBufferTest"/>
  <testcase name="testBuilderAppendDelete" time="0,000" classname="cviceni.StringBuilderAndBufferTest"/>
  <testcase name="testBuilderAppend" time="0,000" classname="cviceni.StringBuilderAndBufferTest"/>
  <testcase name="testBuilderAppendDelete" time="0,000" classname="cviceni.StringBuilderAndBufferTest"/>
  <testcase name="testBufferAppendDelete" time="0,000" classname="cviceni.StringBuilderAndBufferTest"/>
  <testcase name="testBuilderAppend" time="0,001" classname="cviceni.StringBuilderAndBufferTest"/>
  <testcase name="testBufferAppend" time="0,000" classname="cviceni.StringBuilderAndBufferTest"/>
  <testcase name="testBufferAppend" time="0,000" classname="cviceni.StringBuilderAndBufferTest"/>
  <testcase name="testBufferAppendDelete" time="0,000" classname="cviceni.StringBuilderAndBufferTest"/>
  <testcase name="testBuilderAppendDelete" time="0,000" classname="cviceni.StringBuilderAndBufferTest"/>
  <testcase name="testBufferAppend" time="0,000" classname="cviceni.StringBuilderAndBufferTest"/>
  <testcase name="testBufferAppendDelete" time="0,001" classname="cviceni.StringBuilderAndBufferTest"/>
  <testcase name="testBuilderAppendDelete" time="0,000" classname="cviceni.StringBuilderAndBufferTest"/>
  <testcase name="testBuilderAppendDelete" time="0,001" classname="cviceni.StringBuilderAndBufferTest"/>
  <testcase name="testBuilderAppend" time="0,001" classname="cviceni.StringBuilderAndBufferTest"/>
  <testcase name="testBufferAppendDelete" time="0,000" classname="cviceni.StringBuilderAndBufferTest"/>
  <testcase name="testBufferAppendDelete" time="0,000" classname="cviceni.StringBuilderAndBufferTest"/>
  <testcase name="testBuilderAppend" time="0,000" classname="cviceni.StringBuilderAndBufferTest"/>
  <testcase name="testBufferAppendDelete" time="0,000" classname="cviceni.StringBuilderAndBufferTest"/>
  <testcase name="testBuilderAppend" time="0,001" classname="cviceni.StringBuilderAndBufferTest"/>
  <testcase name="testBufferAppend" time="0,000" classname="cviceni.StringBuilderAndBufferTest"/>
  <testcase name="testBuilderAppend" time="0,000" classname="cviceni.StringBuilderAndBufferTest"/>
  <testcase name="testBuilderAppend" time="0,000" classname="cviceni.StringBuilderAndBufferTest"/>
  <testcase name="testBufferAppendDelete" time="0,000" classname="cviceni.StringBuilderAndBufferTest"/>
  <testcase name="testBufferAppendDelete" time="0,001" classname="cviceni.StringBuilderAndBufferTest"/>
  <testcase name="testBuilderAppend" time="0,000" classname="cviceni.StringBuilderAndBufferTest"/>
  <testcase name="testBufferAppendDelete" time="0,000" classname="cviceni.StringBuilderAndBufferTest"/>
  <testcase name="testBuilderAppend" time="0,001" classname="cviceni.StringBuilderAndBufferTest"/>
  <testcase name="testBufferAppendDelete" time="0,000" classname="cviceni.StringBuilderAndBufferTest"/>
  <testcase name="testBuilderAppend" time="0,000" classname="cviceni.StringBuilderAndBufferTest"/>
  <testcase name="testBufferAppend" time="0,000" classname="cviceni.StringBuilderAndBufferTest"/>
  <testcase name="testBufferAppend" time="0,001" classname="cviceni.StringBuilderAndBufferTest"/>
  <testcase name="testBufferAppend" time="0,001" classname="cviceni.StringBuilderAndBufferTest"/>
  <testcase name="testBuilderAppend" time="0,001" classname="cviceni.StringBuilderAndBufferTest"/>
  <testcase name="testBufferAppendDelete" time="0,000" classname="cviceni.StringBuilderAndBufferTest"/>
  <testcase name="testBuilderAppend" time="0,000" classname="cviceni.StringBuilderAndBufferTest"/>
  <testcase name="testBuilderAppend" time="0,000" classname="cviceni.StringBuilderAndBufferTest"/>
  <testcase name="testBufferAppend" time="0,000" classname="cviceni.StringBuilderAndBufferTest"/>
  <testcase name="testBuilderAppend" time="0,000" classname="cviceni.StringBuilderAndBufferTest"/>
  <testcase name="testBufferAppend" time="0,000" classname="cviceni.StringBuilderAndBufferTest"/>
  <testcase name="testBufferAppend" time="0,001" classname="cviceni.StringBuilderAndBufferTest"/>
  <testcase name="testBufferAppendDelete" time="0,001" classname="cviceni.StringBuilderAndBufferTest"/>
  <testcase name="testBufferAppend" time="0,000" classname="cviceni.StringBuilderAndBufferTest"/>
  <testcase name="testBufferAppend" time="0,000" classname="cviceni.StringBuilderAndBufferTest"/>
  <testcase name="testBuilderAppendDelete" time="0,000" classname="cviceni.StringBuilderAndBufferTest"/>
  <testcase name="testBufferAppendDelete" time="0,000" classname="cviceni.StringBuilderAndBufferTest"/>
  <testcase name="testBuilderAppendDelete" time="0,000" classname="cviceni.StringBuilderAndBufferTest"/>
  <testcase name="testBufferAppendDelete" time="0,000" classname="cviceni.StringBuilderAndBufferTest"/>
  <testcase name="testBuilderAppendDelete" time="0,000" classname="cviceni.StringBuilderAndBufferTest"/>
  <testcase name="testBufferAppendDelete" time="0,001" classname="cviceni.StringBuilderAndBufferTest"/>
  <testcase name="testBufferAppend" time="0,000" classname="cviceni.StringBuilderAndBufferTest"/>
  <testcase name="testBufferAppendDelete" time="0,000" classname="cviceni.StringBuilderAndBufferTest"/>
  <testcase name="testBuilderAppend" time="0,000" classname="cviceni.StringBuilderAndBufferTest"/>
  <testcase name="testBufferAppend" time="0,001" classname="cviceni.StringBuilderAndBufferTest"/>
  <testcase name="testBuilderAppendDelete" time="0,000" classname="cviceni.StringBuilderAndBufferTest"/>
  <testcase name="testBuilderAppend" time="0,001" classname="cviceni.StringBuilderAndBufferTest"/>
  <testcase name="testBufferAppendDelete" time="0,000" classname="cviceni.StringBuilderAndBufferTest"/>
  <testcase name="testBufferAppendDelete" time="0,001" classname="cviceni.StringBuilderAndBufferTest"/>
  <testcase name="testBufferAppendDelete" time="0,000" classname="cviceni.StringBuilderAndBufferTest"/>
  <testcase name="testBuilderAppend" time="0,001" classname="cviceni.StringBuilderAndBufferTest"/>
  <testcase name="testBuilderAppend" time="0,001" classname="cviceni.StringBuilderAndBufferTest"/>
  <testcase name="testBufferAppendDelete" time="0,000" classname="cviceni.StringBuilderAndBufferTest"/>
  <testcase name="testBufferAppendDelete" time="0,000" classname="cviceni.StringBuilderAndBufferTest"/>
  <testcase name="testBufferAppendDelete" time="0,001" classname="cviceni.StringBuilderAndBufferTest"/>
  <testcase name="testBuilderAppend" time="0,000" classname="cviceni.StringBuilderAndBufferTest"/>
  <testcase name="testBufferAppend" time="0,074" classname="cviceni.StringBuilderAndBufferTest"/>
  <testcase name="testBufferAppendDelete" time="0,001" classname="cviceni.StringBuilderAndBufferTest"/>
  <testcase name="testBuilderAppend" time="0,000" classname="cviceni.StringBuilderAndBufferTest"/>
  <testcase name="testBufferAppend" time="0,000" classname="cviceni.StringBuilderAndBufferTest"/>
  <testcase name="testBufferAppendDelete" time="0,001" classname="cviceni.StringBuilderAndBufferTest"/>
  <testcase name="testBuilderAppend" time="0,000" classname="cviceni.StringBuilderAndBufferTest"/>
  <testcase name="testBufferAppend" time="0,001" classname="cviceni.StringBuilderAndBufferTest"/>
  <testcase name="testBufferAppend" time="0,000" classname="cviceni.StringBuilderAndBufferTest"/>
  <testcase name="testBuilderAppendDelete" time="0,000" classname="cviceni.StringBuilderAndBufferTest"/>
  <testcase name="testBuilderAppend" time="0,001" classname="cviceni.StringBuilderAndBufferTest"/>
  <testcase name="testBuilderAppendDelete" time="0,000" classname="cviceni.StringBuilderAndBufferTest"/>
  <testcase name="testBufferAppendDelete" time="0,000" classname="cviceni.StringBuilderAndBufferTest"/>
  <testcase name="testBuilderAppendDelete" time="0,000" classname="cviceni.StringBuilderAndBufferTest"/>
  <testcase name="testBufferAppendDelete" time="0,000" classname="cviceni.StringBuilderAndBufferTest"/>
  <testcase name="testBufferAppendDelete" time="0,000" classname="cviceni.StringBuilderAndBufferTest"/>
  <testcase name="testBuilderAppendDelete" time="0,000" classname="cviceni.StringBuilderAndBufferTest"/>
  <testcase name="testBufferAppendDelete" time="0,000" classname="cviceni.StringBuilderAndBufferTest"/>
  <testcase name="testBufferAppend" time="0,000" classname="cviceni.StringBuilderAndBufferTest"/>
  <testcase name="testBufferAppend" time="0,001" classname="cviceni.StringBuilderAndBufferTest"/>
  <testcase name="testBuilderAppendDelete" time="0,000" classname="cviceni.StringBuilderAndBufferTest"/>
  <testcase name="testBufferAppendDelete" time="0,000" classname="cviceni.StringBuilderAndBufferTest"/>
  <testcase name="testBufferAppendDelete" time="0,000" classname="cviceni.StringBuilderAndBufferTest"/>
  <testcase name="testBuilderAppendDelete" time="0,000" classname="cviceni.StringBuilderAndBufferTest"/>
  <testcase name="testBuilderAppend" time="0,001" classname="cviceni.StringBuilderAndBufferTest"/>
  <testcase name="testBuilderAppendDelete" time="0,000" classname="cviceni.StringBuilderAndBufferTest"/>
  <testcase name="testBuilderAppend" time="0,000" classname="cviceni.StringBuilderAndBufferTest"/>
  <testcase name="testBufferAppend" time="0,001" classname="cviceni.StringBuilderAndBufferTest"/>
  <testcase name="testBuilderAppendDelete" time="0,000" classname="cviceni.StringBuilderAndBufferTest"/>
  <testcase name="testBufferAppend" time="0,001" classname="cviceni.StringBuilderAndBufferTest"/>
  <testcase name="testBuilderAppend" time="0,000" classname="cviceni.StringBuilderAndBufferTest"/>
  <testcase name="testBuilderAppend" time="0,001" classname="cviceni.StringBuilderAndBufferTest"/>
  <testcase name="testBufferAppend" time="0,000" classname="cviceni.StringBuilderAndBufferTest"/>
  <testcase name="testBuilderAppend" time="0,000" classname="cviceni.StringBuilderAndBufferTest"/>
  <testcase name="testBuilderAppend" time="0,000" classname="cviceni.StringBuilderAndBufferTest"/>
  <testcase name="testBuilderAppend" time="0,000" classname="cviceni.StringBuilderAndBufferTest"/>
  <testcase name="testBufferAppendDelete" time="0,001" classname="cviceni.StringBuilderAndBufferTest"/>
  <testcase name="testBuilderAppend" time="0,000" classname="cviceni.StringBuilderAndBufferTest"/>
  <testcase name="testBufferAppendDelete" time="0,000" classname="cviceni.StringBuilderAndBufferTest"/>
  <testcase name="testBufferAppendDelete" time="0,000" classname="cviceni.StringBuilderAndBufferTest"/>
  <testcase name="testBufferAppendDelete" time="0,000" classname="cviceni.StringBuilderAndBufferTest"/>
  <testcase name="testBuilderAppend" time="0,000" classname="cviceni.StringBuilderAndBufferTest"/>
  <testcase name="testBuilderAppend" time="0,000" classname="cviceni.StringBuilderAndBufferTest"/>
  <testcase name="testBufferAppend" time="0,001" classname="cviceni.StringBuilderAndBufferTest"/>
  <testcase name="testBufferAppendDelete" time="0,000" classname="cviceni.StringBuilderAndBufferTest"/>
  <testcase name="testBuilderAppend" time="0,000" classname="cviceni.StringBuilderAndBufferTest"/>
  <testcase name="testBuilderAppend" time="0,000" classname="cviceni.StringBuilderAndBufferTest"/>
  <testcase name="testBuilderAppend" time="0,000" classname="cviceni.StringBuilderAndBufferTest"/>
  <testcase name="testBuilderAppendDelete" time="0,000" classname="cviceni.StringBuilderAndBufferTest"/>
  <testcase name="testBufferAppendDelete" time="0,000" classname="cviceni.StringBuilderAndBufferTest"/>
  <testcase name="testBufferAppend" time="0,000" classname="cviceni.StringBuilderAndBufferTest"/>
  <testcase name="testBufferAppend" time="0,000" classname="cviceni.StringBuilderAndBufferTest"/>
  <testcase name="testBufferAppend" time="0,001" classname="cviceni.StringBuilderAndBufferTest"/>
  <testcase name="testBufferAppend" time="0,000" classname="cviceni.StringBuilderAndBufferTest"/>
  <testcase name="testBufferAppend" time="0,000" classname="cviceni.StringBuilderAndBufferTest"/>
  <testcase name="testBuilderAppendDelete" time="0,001" classname="cviceni.StringBuilderAndBufferTest"/>
  <testcase name="testBufferAppendDelete" time="0,000" classname="cviceni.StringBuilderAndBufferTest"/>
  <testcase name="testBuilderAppend" time="0,000" classname="cviceni.StringBuilderAndBufferTest"/>
  <testcase name="testBuilderAppend" time="0,000" classname="cviceni.StringBuilderAndBufferTest"/>
  <testcase name="testBufferAppend" time="0,001" classname="cviceni.StringBuilderAndBufferTest"/>
  <testcase name="testBufferAppendDelete" time="0,000" classname="cviceni.StringBuilderAndBufferTest"/>
  <testcase name="testBuilderAppend" time="0,000" classname="cviceni.StringBuilderAndBufferTest"/>
  <testcase name="testBufferAppend" time="0,000" classname="cviceni.StringBuilderAndBufferTest"/>
  <testcase name="testBuilderAppend" time="0,000" classname="cviceni.StringBuilderAndBufferTest"/>
  <testcase name="testBufferAppend" time="0,000" classname="cviceni.StringBuilderAndBufferTest"/>
  <testcase name="testBufferAppend" time="0,000" classname="cviceni.StringBuilderAndBufferTest"/>
  <testcase name="testBuilderAppendDelete" time="0,001" classname="cviceni.StringBuilderAndBufferTest"/>
  <testcase name="testBuilderAppendDelete" time="0,000" classname="cviceni.StringBuilderAndBufferTest"/>
  <testcase name="testBuilderAppendDelete" time="0,000" classname="cviceni.StringBuilderAndBufferTest"/>
  <testcase name="testBufferAppendDelete" time="0,001" classname="cviceni.StringBuilderAndBufferTest"/>
  <testcase name="testBuilderAppend" time="0,000" classname="cviceni.StringBuilderAndBufferTest"/>
  <testcase name="testBufferAppendDelete" time="0,000" classname="cviceni.StringBuilderAndBufferTest"/>
  <testcase name="testBuilderAppend" time="0,001" classname="cviceni.StringBuilderAndBufferTest"/>
  <testcase name="testBuilderAppend" time="0,000" classname="cviceni.StringBuilderAndBufferTest"/>
  <testcase name="testBuilderAppend" time="0,000" classname="cviceni.StringBuilderAndBufferTest"/>
  <testcase name="testBuilderAppendDelete" time="0,001" classname="cviceni.StringBuilderAndBufferTest"/>
  <testcase name="testBufferAppend" time="0,000" classname="cviceni.StringBuilderAndBufferTest"/>
  <testcase name="testBuilderAppendDelete" time="0,000" classname="cviceni.StringBuilderAndBufferTest"/>
  <testcase name="testBufferAppend" time="0,000" classname="cviceni.StringBuilderAndBufferTest"/>
  <testcase name="testBuilderAppendDelete" time="0,001" classname="cviceni.StringBuilderAndBufferTest"/>
  <testcase name="testBuilderAppendDelete" time="0,000" classname="cviceni.StringBuilderAndBufferTest"/>
  <testcase name="testBuilderAppend" time="0,000" classname="cviceni.StringBuilderAndBufferTest"/>
  <testcase name="testBufferAppend" time="0,000" classname="cviceni.StringBuilderAndBufferTest"/>
  <testcase name="testBufferAppend" time="0,000" classname="cviceni.StringBuilderAndBufferTest"/>
  <testcase name="testBufferAppend" time="0,000" classname="cviceni.StringBuilderAndBufferTest"/>
  <testcase name="testBufferAppendDelete" time="0,000" classname="cviceni.StringBuilderAndBufferTest"/>
  <testcase name="testBuilderAppendDelete" time="0,001" classname="cviceni.StringBuilderAndBufferTest"/>
  <testcase name="testBufferAppendDelete" time="0,000" classname="cviceni.StringBuilderAndBufferTest"/>
  <testcase name="testBuilderAppendDelete" time="0,013" classname="cviceni.StringBuilderAndBufferTest"/>
  <testcase name="testBuilderAppendDelete" time="0,000" classname="cviceni.StringBuilderAndBufferTest"/>
  <testcase name="testBuilderAppend" time="0,000" classname="cviceni.StringBuilderAndBufferTest"/>
  <testcase name="testBuilderAppend" time="0,001" classname="cviceni.StringBuilderAndBufferTest"/>
  <testcase name="testBuilderAppendDelete" time="0,000" classname="cviceni.StringBuilderAndBufferTest"/>
  <testcase name="testBuilderAppendDelete" time="0,000" classname="cviceni.StringBuilderAndBufferTest"/>
  <testcase name="testBufferAppend" time="0,000" classname="cviceni.StringBuilderAndBufferTest"/>
  <testcase name="testBufferAppendDelete" time="0,000" classname="cviceni.StringBuilderAndBufferTest"/>
  <testcase name="testBuilderAppendDelete" time="0,000" classname="cviceni.StringBuilderAndBufferTest"/>
  <testcase name="testBufferAppend" time="0,000" classname="cviceni.StringBuilderAndBufferTest"/>
  <testcase name="testBufferAppend" time="0,000" classname="cviceni.StringBuilderAndBufferTest"/>
  <testcase name="testBuilderAppend" time="0,000" classname="cviceni.StringBuilderAndBufferTest"/>
  <testcase name="testBuilderAppendDelete" time="0,000" classname="cviceni.StringBuilderAndBufferTest"/>
  <testcase name="testBuilderAppendDelete" time="0,001" classname="cviceni.StringBuilderAndBufferTest"/>
  <testcase name="testBufferAppendDelete" time="0,000" classname="cviceni.StringBuilderAndBufferTest"/>
  <testcase name="testBuilderAppendDelete" time="0,011" classname="cviceni.StringBuilderAndBufferTest"/>
  <testcase name="testBuilderAppendDelete" time="0,000" classname="cviceni.StringBuilderAndBufferTest"/>
  <testcase name="testBuilderAppendDelete" time="0,000" classname="cviceni.StringBuilderAndBufferTest"/>
  <testcase name="testBufferAppendDelete" time="0,000" classname="cviceni.StringBuilderAndBufferTest"/>
  <testcase name="testBufferAppendDelete" time="0,001" classname="cviceni.StringBuilderAndBufferTest"/>
  <testcase name="testBuilderAppendDelete" time="0,000" classname="cviceni.StringBuilderAndBufferTest"/>
  <testcase name="testBufferAppendDelete" time="0,000" classname="cviceni.StringBuilderAndBufferTest"/>
  <testcase name="testBufferAppend" time="0,000" classname="cviceni.StringBuilderAndBufferTest"/>
  <testcase name="testBuilderAppend" time="0,000" classname="cviceni.StringBuilderAndBufferTest"/>
  <testcase name="testBuilderAppend" time="0,000" classname="cviceni.StringBuilderAndBufferTest"/>
  <testcase name="testBufferAppendDelete" time="0,001" classname="cviceni.StringBuilderAndBufferTest"/>
  <testcase name="testBufferAppend" time="0,001" classname="cviceni.StringBuilderAndBufferTest"/>
  <testcase name="testBufferAppend" time="0,000" classname="cviceni.StringBuilderAndBufferTest"/>
  <testcase name="testBufferAppend" time="0,000" classname="cviceni.StringBuilderAndBufferTest"/>
  <testcase name="testBufferAppend" time="0,000" classname="cviceni.StringBuilderAndBufferTest"/>
  <testcase name="testBuilderAppendDelete" time="0,000" classname="cviceni.StringBuilderAndBufferTest"/>
  <testcase name="testBuilderAppend" time="0,001" classname="cviceni.StringBuilderAndBufferTest"/>
  <testcase name="testBufferAppend" time="0,000" classname="cviceni.StringBuilderAndBufferTest"/>
  <testcase name="testBufferAppend" time="0,001" classname="cviceni.StringBuilderAndBufferTest"/>
  <testcase name="testBuilderAppend" time="0,000" classname="cviceni.StringBuilderAndBufferTest"/>
  <testcase name="testBufferAppendDelete" time="0,000" classname="cviceni.StringBuilderAndBufferTest"/>
  <testcase name="testBufferAppendDelete" time="0,000" classname="cviceni.StringBuilderAndBufferTest"/>
  <testcase name="testBufferAppend" time="0,001" classname="cviceni.StringBuilderAndBufferTest"/>
  <testcase name="testBufferAppendDelete" time="0,000" classname="cviceni.StringBuilderAndBufferTest"/>
  <testcase name="testBufferAppend" time="0,135" classname="cviceni.StringBuilderAndBufferTest"/>
  <testcase name="testBuilderAppendDelete" time="0,001" classname="cviceni.StringBuilderAndBufferTest"/>
  <testcase name="testBuilderAppend" time="0,000" classname="cviceni.StringBuilderAndBufferTest"/>
  <testcase name="testBuilderAppendDelete" time="0,000" classname="cviceni.StringBuilderAndBufferTest"/>
  <testcase name="testBufferAppendDelete" time="0,001" classname="cviceni.StringBuilderAndBufferTest"/>
  <testcase name="testBufferAppend" time="0,000" classname="cviceni.StringBuilderAndBufferTest"/>
  <testcase name="testBuilderAppend" time="0,000" classname="cviceni.StringBuilderAndBufferTest"/>
  <testcase name="testBufferAppend" time="0,000" classname="cviceni.StringBuilderAndBufferTest"/>
  <testcase name="testBuilderAppend" time="0,001" classname="cviceni.StringBuilderAndBufferTest"/>
  <testcase name="testBufferAppend" time="0,001" classname="cviceni.StringBuilderAndBufferTest"/>
  <testcase name="testBuilderAppend" time="0,000" classname="cviceni.StringBuilderAndBufferTest"/>
  <testcase name="testBuilderAppend" time="0,000" classname="cviceni.StringBuilderAndBufferTest"/>
  <testcase name="testBufferAppendDelete" time="0,000" classname="cviceni.StringBuilderAndBufferTest"/>
  <testcase name="testBufferAppend" time="0,000" classname="cviceni.StringBuilderAndBufferTest"/>
  <testcase name="testBufferAppendDelete" time="0,000" classname="cviceni.StringBuilderAndBufferTest"/>
  <testcase name="testBufferAppendDelete" time="0,000" classname="cviceni.StringBuilderAndBufferTest"/>
  <testcase name="testBufferAppend" time="0,000" classname="cviceni.StringBuilderAndBufferTest"/>
  <testcase name="testBufferAppend" time="0,001" classname="cviceni.StringBuilderAndBufferTest"/>
  <testcase name="testBufferAppendDelete" time="0,000" classname="cviceni.StringBuilderAndBufferTest"/>
  <testcase name="testBufferAppend" time="0,000" classname="cviceni.StringBuilderAndBufferTest"/>
  <testcase name="testBuilderAppendDelete" time="0,000" classname="cviceni.StringBuilderAndBufferTest"/>
  <testcase name="testBufferAppendDelete" time="0,000" classname="cviceni.StringBuilderAndBufferTest"/>
  <testcase name="testBuilderAppendDelete" time="0,001" classname="cviceni.StringBuilderAndBufferTest"/>
  <testcase name="testBufferAppendDelete" time="0,000" classname="cviceni.StringBuilderAndBufferTest"/>
  <testcase name="testBufferAppend" time="0,001" classname="cviceni.StringBuilderAndBufferTest"/>
  <testcase name="testBuilderAppend" time="0,000" classname="cviceni.StringBuilderAndBufferTest"/>
  <testcase name="testBufferAppend" time="0,000" classname="cviceni.StringBuilderAndBufferTest"/>
  <testcase name="testBufferAppendDelete" time="0,000" classname="cviceni.StringBuilderAndBufferTest"/>
  <testcase name="testBuilderAppend" time="0,000" classname="cviceni.StringBuilderAndBufferTest"/>
  <testcase name="testBuilderAppend" time="0,001" classname="cviceni.StringBuilderAndBufferTest"/>
  <testcase name="testBuilderAppendDelete" time="0,001" classname="cviceni.StringBuilderAndBufferTest"/>
  <testcase name="testBufferAppendDelete" time="0,000" classname="cviceni.StringBuilderAndBufferTest"/>
  <testcase name="testBufferAppendDelete" time="0,001" classname="cviceni.StringBuilderAndBufferTest"/>
  <testcase name="testBufferAppend" time="0,000" classname="cviceni.StringBuilderAndBufferTest"/>
  <testcase name="testBufferAppendDelete" time="0,000" classname="cviceni.StringBuilderAndBufferTest"/>
  <testcase name="testBuilderAppendDelete" time="0,000" classname="cviceni.StringBuilderAndBufferTest"/>
  <testcase name="testBuilderAppend" time="0,000" classname="cviceni.StringBuilderAndBufferTest"/>
  <testcase name="testBufferAppend" time="0,001" classname="cviceni.StringBuilderAndBufferTest"/>
  <testcase name="testBufferAppend" time="0,001" classname="cviceni.StringBuilderAndBufferTest"/>
  <testcase name="testBufferAppendDelete" time="0,000" classname="cviceni.StringBuilderAndBufferTest"/>
  <testcase name="testBufferAppendDelete" time="0,000" classname="cviceni.StringBuilderAndBufferTest"/>
  <testcase name="testBufferAppend" time="0,000" classname="cviceni.StringBuilderAndBufferTest"/>
  <testcase name="testBuilderAppend" time="0,000" classname="cviceni.StringBuilderAndBufferTest"/>
  <testcase name="testBuilderAppendDelete" time="0,000" classname="cviceni.StringBuilderAndBufferTest"/>
  <testcase name="testBufferAppend" time="0,000" classname="cviceni.StringBuilderAndBufferTest"/>
  <testcase name="testBuilderAppend" time="0,000" classname="cviceni.StringBuilderAndBufferTest"/>
  <testcase name="testBufferAppend" time="0,000" classname="cviceni.StringBuilderAndBufferTest"/>
  <testcase name="testBufferAppend" time="0,000" classname="cviceni.StringBuilderAndBufferTest"/>
  <testcase name="testBufferAppend" time="0,000" classname="cviceni.StringBuilderAndBufferTest"/>
  <testcase name="testBufferAppendDelete" time="0,000" classname="cviceni.StringBuilderAndBufferTest"/>
  <testcase name="testBufferAppend" time="0,000" classname="cviceni.StringBuilderAndBufferTest"/>
  <testcase name="testBufferAppend" time="0,000" classname="cviceni.StringBuilderAndBufferTest"/>
  <testcase name="testBufferAppendDelete" time="0,000" classname="cviceni.StringBuilderAndBufferTest"/>
  <testcase name="testBuilderAppendDelete" time="0,000" classname="cviceni.StringBuilderAndBufferTest"/>
  <testcase name="testBuilderAppend" time="0,001" classname="cviceni.StringBuilderAndBufferTest"/>
  <testcase name="testBuilderAppendDelete" time="0,000" classname="cviceni.StringBuilderAndBufferTest"/>
  <testcase name="testBufferAppend" time="0,000" classname="cviceni.StringBuilderAndBufferTest"/>
  <testcase name="testBuilderAppend" time="0,001" classname="cviceni.StringBuilderAndBufferTest"/>
  <testcase name="testBufferAppendDelete" time="0,001" classname="cviceni.StringBuilderAndBufferTest"/>
  <testcase name="testBuilderAppend" time="0,000" classname="cviceni.StringBuilderAndBufferTest"/>
  <testcase name="testBuilderAppend" time="0,000" classname="cviceni.StringBuilderAndBufferTest"/>
  <testcase name="testBufferAppend" time="0,000" classname="cviceni.StringBuilderAndBufferTest"/>
  <testcase name="testBufferAppend" time="0,000" classname="cviceni.StringBuilderAndBufferTest"/>
  <testcase name="testBufferAppend" time="0,000" classname="cviceni.StringBuilderAndBufferTest"/>
  <testcase name="testBuilderAppendDelete" time="0,000" classname="cviceni.StringBuilderAndBufferTest"/>
  <testcase name="testBufferAppend" time="0,000" classname="cviceni.StringBuilderAndBufferTest"/>
  <testcase name="testBufferAppendDelete" time="0,000" classname="cviceni.StringBuilderAndBufferTest"/>
  <testcase name="testBuilderAppend" time="0,000" classname="cviceni.StringBuilderAndBufferTest"/>
  <testcase name="testBuilderAppend" time="0,000" classname="cviceni.StringBuilderAndBufferTest"/>
  <testcase name="testBufferAppend" time="0,001" classname="cviceni.StringBuilderAndBufferTest"/>
  <testcase name="testBufferAppendDelete" time="0,000" classname="cviceni.StringBuilderAndBufferTest"/>
  <testcase name="testBuilderAppend" time="0,000" classname="cviceni.StringBuilderAndBufferTest"/>
  <testcase name="testBufferAppendDelete" time="0,000" classname="cviceni.StringBuilderAndBufferTest"/>
  <testcase name="testBuilderAppend" time="0,000" classname="cviceni.StringBuilderAndBufferTest"/>
  <testcase name="testBuilderAppendDelete" time="0,000" classname="cviceni.StringBuilderAndBufferTest"/>
  <testcase name="testBuilderAppendDelete" time="0,000" classname="cviceni.StringBuilderAndBufferTest"/>
  <testcase name="testBuilderAppendDelete" time="0,001" classname="cviceni.StringBuilderAndBufferTest"/>
  <testcase name="testBuilderAppendDelete" time="0,000" classname="cviceni.StringBuilderAndBufferTest"/>
  <testcase name="testBufferAppend" time="0,000" classname="cviceni.StringBuilderAndBufferTest"/>
  <testcase name="testBufferAppend" time="0,000" classname="cviceni.StringBuilderAndBufferTest"/>
  <testcase name="testBufferAppendDelete" time="0,001" classname="cviceni.StringBuilderAndBufferTest"/>
  <testcase name="testBuilderAppend" time="0,000" classname="cviceni.StringBuilderAndBufferTest"/>
  <testcase name="testBuilderAppendDelete" time="0,001" classname="cviceni.StringBuilderAndBufferTest"/>
  <testcase name="testBuilderAppendDelete" time="0,000" classname="cviceni.StringBuilderAndBufferTest"/>
  <testcase name="testBufferAppendDelete" time="0,000" classname="cviceni.StringBuilderAndBufferTest"/>
  <testcase name="testBuilderAppendDelete" time="0,000" classname="cviceni.StringBuilderAndBufferTest"/>
  <testcase name="testBufferAppendDelete" time="0,000" classname="cviceni.StringBuilderAndBufferTest"/>
  <testcase name="testBuilderAppend" time="0,000" classname="cviceni.StringBuilderAndBufferTest"/>
  <testcase name="testBufferAppend" time="0,000" classname="cviceni.StringBuilderAndBufferTest"/>
  <testcase name="testBufferAppend" time="0,000" classname="cviceni.StringBuilderAndBufferTest"/>
  <testcase name="testBufferAppend" time="0,001" classname="cviceni.StringBuilderAndBufferTest"/>
  <testcase name="testBufferAppend" time="0,000" classname="cviceni.StringBuilderAndBufferTest"/>
  <testcase name="testBufferAppend" time="0,000" classname="cviceni.StringBuilderAndBufferTest"/>
  <testcase name="testBuilderAppendDelete" time="0,000" classname="cviceni.StringBuilderAndBufferTest"/>
  <testcase name="testBufferAppend" time="0,000" classname="cviceni.StringBuilderAndBufferTest"/>
  <testcase name="testBuilderAppend" time="0,000" classname="cviceni.StringBuilderAndBufferTest"/>
  <testcase name="testBuilderAppend" time="0,000" classname="cviceni.StringBuilderAndBufferTest"/>
  <testcase name="testBufferAppend" time="0,001" classname="cviceni.StringBuilderAndBufferTest"/>
  <testcase name="testBuilderAppendDelete" time="0,000" classname="cviceni.StringBuilderAndBufferTest"/>
  <testcase name="testBuilderAppend" time="0,001" classname="cviceni.StringBuilderAndBufferTest"/>
  <testcase name="testBuilderAppendDelete" time="0,000" classname="cviceni.StringBuilderAndBufferTest"/>
  <testcase name="testBuilderAppendDelete" time="0,000" classname="cviceni.StringBuilderAndBufferTest"/>
  <testcase name="testBuilderAppendDelete" time="0,001" classname="cviceni.StringBuilderAndBufferTest"/>
  <testcase name="testBuilderAppendDelete" time="0,000" classname="cviceni.StringBuilderAndBufferTest"/>
  <testcase name="testBufferAppendDelete" time="0,000" classname="cviceni.StringBuilderAndBufferTest"/>
  <testcase name="testBufferAppend" time="0,000" classname="cviceni.StringBuilderAndBufferTest"/>
  <testcase name="testBuilderAppend" time="0,000" classname="cviceni.StringBuilderAndBufferTest"/>
  <testcase name="testBufferAppendDelete" time="0,000" classname="cviceni.StringBuilderAndBufferTest"/>
  <testcase name="testBufferAppendDelete" time="0,000" classname="cviceni.StringBuilderAndBufferTest"/>
  <testcase name="testBufferAppend" time="0,000" classname="cviceni.StringBuilderAndBufferTest"/>
  <testcase name="testBuilderAppend" time="0,000" classname="cviceni.StringBuilderAndBufferTest"/>
  <testcase name="testBufferAppend" time="0,001" classname="cviceni.StringBuilderAndBufferTest"/>
  <testcase name="testBufferAppendDelete" time="0,000" classname="cviceni.StringBuilderAndBufferTest"/>
  <testcase name="testBufferAppendDelete" time="0,001" classname="cviceni.StringBuilderAndBufferTest"/>
  <testcase name="testBuilderAppendDelete" time="0,000" classname="cviceni.StringBuilderAndBufferTest"/>
  <testcase name="testBufferAppend" time="0,000" classname="cviceni.StringBuilderAndBufferTest"/>
  <testcase name="testBufferAppend" time="0,000" classname="cviceni.StringBuilderAndBufferTest"/>
  <testcase name="testBuilderAppend" time="0,001" classname="cviceni.StringBuilderAndBufferTest"/>
  <testcase name="testBufferAppendDelete" time="0,000" classname="cviceni.StringBuilderAndBufferTest"/>
  <testcase name="testBuilderAppend" time="0,001" classname="cviceni.StringBuilderAndBufferTest"/>
  <testcase name="testBufferAppend" time="0,000" classname="cviceni.StringBuilderAndBufferTest"/>
  <testcase name="testBuilderAppendDelete" time="0,000" classname="cviceni.StringBuilderAndBufferTest"/>
  <testcase name="testBuilderAppend" time="0,000" classname="cviceni.StringBuilderAndBufferTest"/>
  <testcase name="testBufferAppendDelete" time="0,000" classname="cviceni.StringBuilderAndBufferTest"/>
  <testcase name="testBufferAppendDelete" time="0,000" classname="cviceni.StringBuilderAndBufferTest"/>
  <testcase name="testBuilderAppendDelete" time="0,000" classname="cviceni.StringBuilderAndBufferTest"/>
  <testcase name="testBuilderAppendDelete" time="0,000" classname="cviceni.StringBuilderAndBufferTest"/>
  <testcase name="testBuilderAppendDelete" time="0,000" classname="cviceni.StringBuilderAndBufferTest"/>
  <testcase name="testBufferAppendDelete" time="0,001" classname="cviceni.StringBuilderAndBufferTest"/>
  <testcase name="testBuilderAppend" time="0,001" classname="cviceni.StringBuilderAndBufferTest"/>
  <testcase name="testBuilderAppendDelete" time="0,000" classname="cviceni.StringBuilderAndBufferTest"/>
  <testcase name="testBufferAppend" time="0,000" classname="cviceni.StringBuilderAndBufferTest"/>
  <testcase name="testBuilderAppend" time="0,000" classname="cviceni.StringBuilderAndBufferTest"/>
  <testcase name="testBufferAppend" time="0,000" classname="cviceni.StringBuilderAndBufferTest"/>
  <testcase name="testBuilderAppendDelete" time="0,000" classname="cviceni.StringBuilderAndBufferTest"/>
  <testcase name="testBufferAppend" time="0,000" classname="cviceni.StringBuilderAndBufferTest"/>
  <testcase name="testBuilderAppend" time="0,001" classname="cviceni.StringBuilderAndBufferTest"/>
  <testcase name="testBuilderAppendDelete" time="0,000" classname="cviceni.StringBuilderAndBufferTest"/>
  <testcase name="testBufferAppendDelete" time="0,000" classname="cviceni.StringBuilderAndBufferTest"/>
  <testcase name="testBuilderAppendDelete" time="0,000" classname="cviceni.StringBuilderAndBufferTest"/>
  <testcase name="testBuilderAppendDelete" time="0,001" classname="cviceni.StringBuilderAndBufferTest"/>
  <testcase name="testBufferAppend" time="0,000" classname="cviceni.StringBuilderAndBufferTest"/>
  <testcase name="testBuilderAppendDelete" time="0,001" classname="cviceni.StringBuilderAndBufferTest"/>
  <testcase name="testBuilderAppend" time="0,000" classname="cviceni.StringBuilderAndBufferTest"/>
  <testcase name="testBuilderAppend" time="0,000" classname="cviceni.StringBuilderAndBufferTest"/>
  <testcase name="testBuilderAppend" time="0,001" classname="cviceni.StringBuilderAndBufferTest"/>
  <testcase name="testBufferAppend" time="0,000" classname="cviceni.StringBuilderAndBufferTest"/>
  <testcase name="testBuilderAppendDelete" time="0,000" classname="cviceni.StringBuilderAndBufferTest"/>
  <testcase name="testBuilderAppend" time="0,001" classname="cviceni.StringBuilderAndBufferTest"/>
  <testcase name="testBuilderAppend" time="0,000" classname="cviceni.StringBuilderAndBufferTest"/>
  <testcase name="testBufferAppendDelete" time="0,000" classname="cviceni.StringBuilderAndBufferTest"/>
  <testcase name="testBufferAppend" time="0,000" classname="cviceni.StringBuilderAndBufferTest"/>
  <testcase name="testBuilderAppendDelete" time="0,000" classname="cviceni.StringBuilderAndBufferTest"/>
  <testcase name="testBufferAppend" time="0,000" classname="cviceni.StringBuilderAndBufferTest"/>
  <testcase name="testBuilderAppend" time="0,000" classname="cviceni.StringBuilderAndBufferTest"/>
  <testcase name="testBuilderAppendDelete" time="0,000" classname="cviceni.StringBuilderAndBufferTest"/>
  <testcase name="testBufferAppendDelete" time="0,000" classname="cviceni.StringBuilderAndBufferTest"/>
  <testcase name="testBufferAppend" time="0,001" classname="cviceni.StringBuilderAndBufferTest"/>
  <testcase name="testBufferAppend" time="0,000" classname="cviceni.StringBuilderAndBufferTest"/>
  <testcase name="testBufferAppendDelete" time="0,000" classname="cviceni.StringBuilderAndBufferTest"/>
  <testcase name="testBufferAppend" time="0,000" classname="cviceni.StringBuilderAndBufferTest"/>
  <testcase name="testBuilderAppendDelete" time="0,000" classname="cviceni.StringBuilderAndBufferTest"/>
  <testcase name="testBuilderAppendDelete" time="0,000" classname="cviceni.StringBuilderAndBufferTest"/>
  <testcase name="testBuilderAppend" time="0,001" classname="cviceni.StringBuilderAndBufferTest"/>
  <testcase name="testBufferAppend" time="0,002" classname="cviceni.StringBuilderAndBufferTest"/>
  <testcase name="testBufferAppend" time="0,001" classname="cviceni.StringBuilderAndBufferTest"/>
  <testcase name="testBuilderAppendDelete" time="0,000" classname="cviceni.StringBuilderAndBufferTest"/>
  <testcase name="testBufferAppendDelete" time="0,000" classname="cviceni.StringBuilderAndBufferTest"/>
  <testcase name="testBuilderAppendDelete" time="0,001" classname="cviceni.StringBuilderAndBufferTest"/>
  <testcase name="testBufferAppendDelete" time="0,000" classname="cviceni.StringBuilderAndBufferTest"/>
  <testcase name="testBufferAppendDelete" time="0,001" classname="cviceni.StringBuilderAndBufferTest"/>
  <testcase name="testBuilderAppendDelete" time="0,001" classname="cviceni.StringBuilderAndBufferTest"/>
  <testcase name="testBufferAppendDelete" time="0,000" classname="cviceni.StringBuilderAndBufferTest"/>
  <testcase name="testBuilderAppendDelete" time="0,001" classname="cviceni.StringBuilderAndBufferTest"/>
  <testcase name="testBuilderAppendDelete" time="0,000" classname="cviceni.StringBuilderAndBufferTest"/>
  <testcase name="testBufferAppendDelete" time="0,000" classname="cviceni.StringBuilderAndBufferTest"/>
  <testcase name="testBufferAppendDelete" time="0,000" classname="cviceni.StringBuilderAndBufferTest"/>
  <testcase name="testBuilderAppend" time="0,000" classname="cviceni.StringBuilderAndBufferTest"/>
  <testcase name="testBuilderAppendDelete" time="0,001" classname="cviceni.StringBuilderAndBufferTest"/>
  <testcase name="testBuilderAppend" time="0,001" classname="cviceni.StringBuilderAndBufferTest"/>
  <testcase name="testBuilderAppend" time="0,000" classname="cviceni.StringBuilderAndBufferTest"/>
  <testcase name="testBufferAppendDelete" time="0,001" classname="cviceni.StringBuilderAndBufferTest"/>
  <testcase name="testBuilderAppend" time="0,000" classname="cviceni.StringBuilderAndBufferTest"/>
  <testcase name="testBufferAppendDelete" time="0,000" classname="cviceni.StringBuilderAndBufferTest"/>
  <testcase name="testBufferAppend" time="0,000" classname="cviceni.StringBuilderAndBufferTest"/>
  <testcase name="testBufferAppendDelete" time="0,000" classname="cviceni.StringBuilderAndBufferTest"/>
  <testcase name="testBuilderAppend" time="0,000" classname="cviceni.StringBuilderAndBufferTest"/>
  <testcase name="testBufferAppendDelete" time="0,000" classname="cviceni.StringBuilderAndBufferTest"/>
  <testcase name="testBuilderAppend" time="0,000" classname="cviceni.StringBuilderAndBufferTest"/>
  <testcase name="testBuilderAppendDelete" time="0,000" classname="cviceni.StringBuilderAndBufferTest"/>
  <testcase name="testBufferAppendDelete" time="0,001" classname="cviceni.StringBuilderAndBufferTest"/>
  <testcase name="testBufferAppendDelete" time="0,001" classname="cviceni.StringBuilderAndBufferTest"/>
  <testcase name="testBufferAppend" time="0,000" classname="cviceni.StringBuilderAndBufferTest"/>
  <testcase name="testBufferAppend" time="0,000" classname="cviceni.StringBuilderAndBufferTest"/>
  <testcase name="testBuilderAppend" time="0,001" classname="cviceni.StringBuilderAndBufferTest"/>
  <testcase name="testBufferAppend" time="0,000" classname="cviceni.StringBuilderAndBufferTest"/>
  <testcase name="testBuilderAppendDelete" time="0,001" classname="cviceni.StringBuilderAndBufferTest"/>
  <testcase name="testBuilderAppend" time="0,000" classname="cviceni.StringBuilderAndBufferTest"/>
  <testcase name="testBufferAppend" time="0,001" classname="cviceni.StringBuilderAndBufferTest"/>
  <testcase name="testBufferAppend" time="0,000" classname="cviceni.StringBuilderAndBufferTest"/>
  <testcase name="testBufferAppendDelete" time="0,001" classname="cviceni.StringBuilderAndBufferTest"/>
  <testcase name="testBuilderAppendDelete" time="0,001" classname="cviceni.StringBuilderAndBufferTest"/>
  <testcase name="testBuilderAppend" time="0,001" classname="cviceni.StringBuilderAndBufferTest"/>
  <testcase name="testBufferAppend" time="0,000" classname="cviceni.StringBuilderAndBufferTest"/>
  <testcase name="testBufferAppend" time="0,000" classname="cviceni.StringBuilderAndBufferTest"/>
  <testcase name="testBufferAppendDelete" time="0,001" classname="cviceni.StringBuilderAndBufferTest"/>
  <testcase name="testBufferAppendDelete" time="0,000" classname="cviceni.StringBuilderAndBufferTest"/>
  <testcase name="testBufferAppend" time="0,000" classname="cviceni.StringBuilderAndBufferTest"/>
  <testcase name="testBuilderAppendDelete" time="0,000" classname="cviceni.StringBuilderAndBufferTest"/>
  <testcase name="testBuilderAppend" time="0,000" classname="cviceni.StringBuilderAndBufferTest"/>
  <testcase name="testBuilderAppend" time="0,090" classname="cviceni.StringBuilderAndBufferTest"/>
  <testcase name="testBuilderAppend" time="0,000" classname="cviceni.StringBuilderAndBufferTest"/>
  <testcase name="testBufferAppendDelete" time="0,000" classname="cviceni.StringBuilderAndBufferTest"/>
  <testcase name="testBufferAppend" time="0,000" classname="cviceni.StringBuilderAndBufferTest"/>
  <testcase name="testBufferAppendDelete" time="0,000" classname="cviceni.StringBuilderAndBufferTest"/>
  <testcase name="testBuilderAppend" time="0,001" classname="cviceni.StringBuilderAndBufferTest"/>
  <testcase name="testBufferAppend" time="0,001" classname="cviceni.StringBuilderAndBufferTest"/>
  <testcase name="testBufferAppend" time="0,000" classname="cviceni.StringBuilderAndBufferTest"/>
  <testcase name="testBufferAppendDelete" time="0,000" classname="cviceni.StringBuilderAndBufferTest"/>
  <testcase name="testBufferAppendDelete" time="0,000" classname="cviceni.StringBuilderAndBufferTest"/>
  <testcase name="testBuilderAppendDelete" time="0,001" classname="cviceni.StringBuilderAndBufferTest"/>
  <testcase name="testBuilderAppend" time="0,000" classname="cviceni.StringBuilderAndBufferTest"/>
  <testcase name="testBuilderAppend" time="0,000" classname="cviceni.StringBuilderAndBufferTest"/>
  <testcase name="testBufferAppendDelete" time="0,000" classname="cviceni.StringBuilderAndBufferTest"/>
  <testcase name="testBuilderAppend" time="0,000" classname="cviceni.StringBuilderAndBufferTest"/>
  <testcase name="testBuilderAppendDelete" time="0,000" classname="cviceni.StringBuilderAndBufferTest"/>
  <testcase name="testBufferAppendDelete" time="0,000" classname="cviceni.StringBuilderAndBufferTest"/>
  <testcase name="testBufferAppend" time="0,000" classname="cviceni.StringBuilderAndBufferTest"/>
  <testcase name="testBufferAppendDelete" time="0,000" classname="cviceni.StringBuilderAndBufferTest"/>
  <testcase name="testBuilderAppendDelete" time="0,000" classname="cviceni.StringBuilderAndBufferTest"/>
  <testcase name="testBufferAppendDelete" time="0,000" classname="cviceni.StringBuilderAndBufferTest"/>
  <testcase name="testBufferAppend" time="0,000" classname="cviceni.StringBuilderAndBufferTest"/>
  <testcase name="testBuilderAppend" time="0,000" classname="cviceni.StringBuilderAndBufferTest"/>
  <testcase name="testBuilderAppendDelete" time="0,001" classname="cviceni.StringBuilderAndBufferTest"/>
  <testcase name="testBuilderAppend" time="0,000" classname="cviceni.StringBuilderAndBufferTest"/>
  <testcase name="testBuilderAppend" time="0,000" classname="cviceni.StringBuilderAndBufferTest"/>
  <testcase name="testBufferAppend" time="0,000" classname="cviceni.StringBuilderAndBufferTest"/>
  <testcase name="testBufferAppendDelete" time="0,000" classname="cviceni.StringBuilderAndBufferTest"/>
  <testcase name="testBufferAppend" time="0,000" classname="cviceni.StringBuilderAndBufferTest"/>
  <testcase name="testBufferAppend" time="0,000" classname="cviceni.StringBuilderAndBufferTest"/>
  <testcase name="testBuilderAppendDelete" time="0,000" classname="cviceni.StringBuilderAndBufferTest"/>
  <testcase name="testBufferAppend" time="0,001" classname="cviceni.StringBuilderAndBufferTest"/>
  <testcase name="testBuilderAppendDelete" time="0,001" classname="cviceni.StringBuilderAndBufferTest"/>
  <testcase name="testBuilderAppend" time="0,000" classname="cviceni.StringBuilderAndBufferTest"/>
  <testcase name="testBuilderAppendDelete" time="0,000" classname="cviceni.StringBuilderAndBufferTest"/>
  <testcase name="testBuilderAppend" time="0,001" classname="cviceni.StringBuilderAndBufferTest"/>
  <testcase name="testBuilderAppend" time="0,000" classname="cviceni.StringBuilderAndBufferTest"/>
  <testcase name="testBufferAppend" time="0,000" classname="cviceni.StringBuilderAndBufferTest"/>
  <testcase name="testBufferAppend" time="0,000" classname="cviceni.StringBuilderAndBufferTest"/>
  <testcase name="testBufferAppendDelete" time="0,000" classname="cviceni.StringBuilderAndBufferTest"/>
  <testcase name="testBuilderAppend" time="0,000" classname="cviceni.StringBuilderAndBufferTest"/>
  <testcase name="testBuilderAppend" time="0,000" classname="cviceni.StringBuilderAndBufferTest"/>
  <testcase name="testBufferAppend" time="0,001" classname="cviceni.StringBuilderAndBufferTest"/>
  <testcase name="testBufferAppend" time="0,000" classname="cviceni.StringBuilderAndBufferTest"/>
  <testcase name="testBuilderAppend" time="0,000" classname="cviceni.StringBuilderAndBufferTest"/>
  <testcase name="testBufferAppendDelete" time="0,000" classname="cviceni.StringBuilderAndBufferTest"/>
  <testcase name="testBufferAppendDelete" time="0,000" classname="cviceni.StringBuilderAndBufferTest"/>
  <testcase name="testBuilderAppendDelete" time="0,001" classname="cviceni.StringBuilderAndBufferTest"/>
  <testcase name="testBuilderAppend" time="0,001" classname="cviceni.StringBuilderAndBufferTest"/>
  <testcase name="testBufferAppend" time="0,000" classname="cviceni.StringBuilderAndBufferTest"/>
  <testcase name="testBufferAppend" time="0,000" classname="cviceni.StringBuilderAndBufferTest"/>
  <testcase name="testBufferAppend" time="0,000" classname="cviceni.StringBuilderAndBufferTest"/>
  <testcase name="testBufferAppendDelete" time="0,000" classname="cviceni.StringBuilderAndBufferTest"/>
  <testcase name="testBuilderAppendDelete" time="0,000" classname="cviceni.StringBuilderAndBufferTest"/>
  <testcase name="testBufferAppend" time="0,000" classname="cviceni.StringBuilderAndBufferTest"/>
  <testcase name="testBuilderAppendDelete" time="0,000" classname="cviceni.StringBuilderAndBufferTest"/>
  <testcase name="testBuilderAppend" time="0,000" classname="cviceni.StringBuilderAndBufferTest"/>
  <testcase name="testBufferAppend" time="0,000" classname="cviceni.StringBuilderAndBufferTest"/>
  <testcase name="testBufferAppend" time="0,000" classname="cviceni.StringBuilderAndBufferTest"/>
  <testcase name="testBuilderAppend" time="0,000" classname="cviceni.StringBuilderAndBufferTest"/>
  <testcase name="testBuilderAppendDelete" time="0,026" classname="cviceni.StringBuilderAndBufferTest"/>
  <testcase name="testBuilderAppendDelete" time="0,000" classname="cviceni.StringBuilderAndBufferTest"/>
  <testcase name="testBuilderAppendDelete" time="0,001" classname="cviceni.StringBuilderAndBufferTest"/>
  <testcase name="testBufferAppend" time="0,001" classname="cviceni.StringBuilderAndBufferTest"/>
  <testcase name="testBuilderAppendDelete" time="0,000" classname="cviceni.StringBuilderAndBufferTest"/>
  <testcase name="testBuilderAppend" time="0,000" classname="cviceni.StringBuilderAndBufferTest"/>
  <testcase name="testBuilderAppend" time="0,001" classname="cviceni.StringBuilderAndBufferTest"/>
  <testcase name="testBuilderAppendDelete" time="0,001" classname="cviceni.StringBuilderAndBufferTest"/>
  <testcase name="testBufferAppendDelete" time="0,000" classname="cviceni.StringBuilderAndBufferTest"/>
  <testcase name="testBuilderAppendDelete" time="0,000" classname="cviceni.StringBuilderAndBufferTest"/>
  <testcase name="testBuilderAppend" time="0,001" classname="cviceni.StringBuilderAndBufferTest"/>
  <testcase name="testBuilderAppend" time="0,000" classname="cviceni.StringBuilderAndBufferTest"/>
  <testcase name="testBuilderAppendDelete" time="0,001" classname="cviceni.StringBuilderAndBufferTest"/>
  <testcase name="testBufferAppendDelete" time="0,000" classname="cviceni.StringBuilderAndBufferTest"/>
  <testcase name="testBufferAppend" time="0,001" classname="cviceni.StringBuilderAndBufferTest"/>
  <testcase name="testBuilderAppendDelete" time="0,000" classname="cviceni.StringBuilderAndBufferTest"/>
  <testcase name="testBufferAppend" time="0,001" classname="cviceni.StringBuilderAndBufferTest"/>
  <testcase name="testBufferAppendDelete" time="0,000" classname="cviceni.StringBuilderAndBufferTest"/>
  <testcase name="testBuilderAppend" time="0,001" classname="cviceni.StringBuilderAndBufferTest"/>
  <testcase name="testBufferAppend" time="0,000" classname="cviceni.StringBuilderAndBufferTest"/>
  <testcase name="testBufferAppend" time="0,000" classname="cviceni.StringBuilderAndBufferTest"/>
  <testcase name="testBuilderAppend" time="0,000" classname="cviceni.StringBuilderAndBufferTest"/>
  <testcase name="testBufferAppend" time="0,001" classname="cviceni.StringBuilderAndBufferTest"/>
  <testcase name="testBufferAppendDelete" time="0,000" classname="cviceni.StringBuilderAndBufferTest"/>
  <testcase name="testBufferAppendDelete" time="0,000" classname="cviceni.StringBuilderAndBufferTest"/>
  <testcase name="testBuilderAppendDelete" time="0,001" classname="cviceni.StringBuilderAndBufferTest"/>
  <testcase name="testBufferAppendDelete" time="0,000" classname="cviceni.StringBuilderAndBufferTest"/>
  <testcase name="testBufferAppendDelete" time="0,001" classname="cviceni.StringBuilderAndBufferTest"/>
  <testcase name="testBufferAppendDelete" time="0,000" classname="cviceni.StringBuilderAndBufferTest"/>
  <testcase name="testBufferAppend" time="0,000" classname="cviceni.StringBuilderAndBufferTest"/>
  <testcase name="testBufferAppendDelete" time="0,000" classname="cviceni.StringBuilderAndBufferTest"/>
  <testcase name="testBufferAppend" time="0,000" classname="cviceni.StringBuilderAndBufferTest"/>
  <testcase name="testBuilderAppend" time="0,001" classname="cviceni.StringBuilderAndBufferTest"/>
  <testcase name="testBufferAppend" time="0,000" classname="cviceni.StringBuilderAndBufferTest"/>
  <testcase name="testBuilderAppendDelete" time="0,000" classname="cviceni.StringBuilderAndBufferTest"/>
  <testcase name="testBuilderAppendDelete" time="0,001" classname="cviceni.StringBuilderAndBufferTest"/>
  <testcase name="testBufferAppendDelete" time="0,000" classname="cviceni.StringBuilderAndBufferTest"/>
  <testcase name="testBuilderAppend" time="0,000" classname="cviceni.StringBuilderAndBufferTest"/>
  <testcase name="testBufferAppend" time="0,001" classname="cviceni.StringBuilderAndBufferTest"/>
  <testcase name="testBufferAppendDelete" time="0,000" classname="cviceni.StringBuilderAndBufferTest"/>
  <testcase name="testBufferAppendDelete" time="0,028" classname="cviceni.StringBuilderAndBufferTest"/>
  <testcase name="testBufferAppend" time="0,000" classname="cviceni.StringBuilderAndBufferTest"/>
  <testcase name="testBufferAppendDelete" time="0,000" classname="cviceni.StringBuilderAndBufferTest"/>
  <testcase name="testBufferAppendDelete" time="0,000" classname="cviceni.StringBuilderAndBufferTest"/>
  <testcase name="testBufferAppendDelete" time="0,000" classname="cviceni.StringBuilderAndBufferTest"/>
  <testcase name="testBufferAppendDelete" time="0,000" classname="cviceni.StringBuilderAndBufferTest"/>
  <testcase name="testBuilderAppend" time="0,001" classname="cviceni.StringBuilderAndBufferTest"/>
  <testcase name="testBufferAppendDelete" time="0,000" classname="cviceni.StringBuilderAndBufferTest"/>
  <testcase name="testBufferAppend" time="0,001" classname="cviceni.StringBuilderAndBufferTest"/>
  <testcase name="testBufferAppendDelete" time="0,000" classname="cviceni.StringBuilderAndBufferTest"/>
  <testcase name="testBufferAppend" time="0,000" classname="cviceni.StringBuilderAndBufferTest"/>
  <testcase name="testBuilderAppend" time="0,000" classname="cviceni.StringBuilderAndBufferTest"/>
  <testcase name="testBufferAppend" time="0,000" classname="cviceni.StringBuilderAndBufferTest"/>
  <testcase name="testBuilderAppend" time="0,000" classname="cviceni.StringBuilderAndBufferTest"/>
  <testcase name="testBufferAppend" time="0,001" classname="cviceni.StringBuilderAndBufferTest"/>
  <testcase name="testBufferAppendDelete" time="0,000" classname="cviceni.StringBuilderAndBufferTest"/>
  <testcase name="testBuilderAppendDelete" time="0,000" classname="cviceni.StringBuilderAndBufferTest"/>
  <testcase name="testBuilderAppendDelete" time="0,000" classname="cviceni.StringBuilderAndBufferTest"/>
  <testcase name="testBufferAppend" time="0,000" classname="cviceni.StringBuilderAndBufferTest"/>
  <testcase name="testBuilderAppend" time="0,000" classname="cviceni.StringBuilderAndBufferTest"/>
  <testcase name="testBuilderAppend" time="0,000" classname="cviceni.StringBuilderAndBufferTest"/>
  <testcase name="testBufferAppend" time="0,001" classname="cviceni.StringBuilderAndBufferTest"/>
  <testcase name="testBuilderAppendDelete" time="0,001" classname="cviceni.StringBuilderAndBufferTest"/>
  <testcase name="testBufferAppend" time="0,001" classname="cviceni.StringBuilderAndBufferTest"/>
  <testcase name="testBuilderAppend" time="0,000" classname="cviceni.StringBuilderAndBufferTest"/>
  <testcase name="testBuilderAppend" time="0,001" classname="cviceni.StringBuilderAndBufferTest"/>
  <testcase name="testBuilderAppend" time="0,001" classname="cviceni.StringBuilderAndBufferTest"/>
  <testcase name="testBufferAppend" time="0,020" classname="cviceni.StringBuilderAndBufferTest"/>
  <testcase name="testBuilderAppendDelete" time="0,000" classname="cviceni.StringBuilderAndBufferTest"/>
  <testcase name="testBuilderAppendDelete" time="0,000" classname="cviceni.StringBuilderAndBufferTest"/>
  <testcase name="testBuilderAppendDelete" time="0,000" classname="cviceni.StringBuilderAndBufferTest"/>
  <testcase name="testBufferAppend" time="0,001" classname="cviceni.StringBuilderAndBufferTest"/>
  <testcase name="testBufferAppend" time="0,001" classname="cviceni.StringBuilderAndBufferTest"/>
  <testcase name="testBufferAppend" time="0,001" classname="cviceni.StringBuilderAndBufferTest"/>
  <testcase name="testBuilderAppendDelete" time="0,000" classname="cviceni.StringBuilderAndBufferTest"/>
  <testcase name="testBuilderAppendDelete" time="0,000" classname="cviceni.StringBuilderAndBufferTest"/>
  <testcase name="testBuilderAppendDelete" time="0,002" classname="cviceni.StringBuilderAndBufferTest"/>
  <testcase name="testBufferAppendDelete" time="0,001" classname="cviceni.StringBuilderAndBufferTest"/>
  <testcase name="testBuilderAppendDelete" time="0,000" classname="cviceni.StringBuilderAndBufferTest"/>
  <testcase name="testBuilderAppend" time="0,000" classname="cviceni.StringBuilderAndBufferTest"/>
  <testcase name="testBufferAppendDelete" time="0,000" classname="cviceni.StringBuilderAndBufferTest"/>
  <testcase name="testBufferAppend" time="0,001" classname="cviceni.StringBuilderAndBufferTest"/>
  <testcase name="testBuilderAppend" time="0,001" classname="cviceni.StringBuilderAndBufferTest"/>
  <testcase name="testBufferAppendDelete" time="0,000" classname="cviceni.StringBuilderAndBufferTest"/>
  <testcase name="testBufferAppend" time="0,001" classname="cviceni.StringBuilderAndBufferTest"/>
  <testcase name="testBufferAppend" time="0,000" classname="cviceni.StringBuilderAndBufferTest"/>
  <testcase name="testBufferAppendDelete" time="0,000" classname="cviceni.StringBuilderAndBufferTest"/>
  <testcase name="testBuilderAppend" time="0,001" classname="cviceni.StringBuilderAndBufferTest"/>
  <testcase name="testBufferAppendDelete" time="0,000" classname="cviceni.StringBuilderAndBufferTest"/>
  <testcase name="testBufferAppendDelete" time="0,000" classname="cviceni.StringBuilderAndBufferTest"/>
  <testcase name="testBuilderAppend" time="0,000" classname="cviceni.StringBuilderAndBufferTest"/>
  <testcase name="testBuilderAppend" time="0,000" classname="cviceni.StringBuilderAndBufferTest"/>
  <testcase name="testBufferAppendDelete" time="0,000" classname="cviceni.StringBuilderAndBufferTest"/>
  <testcase name="testBuilderAppend" time="0,000" classname="cviceni.StringBuilderAndBufferTest"/>
  <testcase name="testBufferAppendDelete" time="0,000" classname="cviceni.StringBuilderAndBufferTest"/>
  <testcase name="testBuilderAppendDelete" time="0,000" classname="cviceni.StringBuilderAndBufferTest"/>
  <testcase name="testBuilderAppendDelete" time="0,000" classname="cviceni.StringBuilderAndBufferTest"/>
  <testcase name="testBufferAppend" time="0,000" classname="cviceni.StringBuilderAndBufferTest"/>
  <testcase name="testBuilderAppendDelete" time="0,000" classname="cviceni.StringBuilderAndBufferTest"/>
  <testcase name="testBufferAppendDelete" time="0,000" classname="cviceni.StringBuilderAndBufferTest"/>
  <testcase name="testBufferAppend" time="0,000" classname="cviceni.StringBuilderAndBufferTest"/>
  <testcase name="testBufferAppendDelete" time="0,000" classname="cviceni.StringBuilderAndBufferTest"/>
  <testcase name="testBufferAppendDelete" time="0,000" classname="cviceni.StringBuilderAndBufferTest"/>
  <testcase name="testBufferAppend" time="0,001" classname="cviceni.StringBuilderAndBufferTest"/>
  <testcase name="testBuilderAppendDelete" time="0,000" classname="cviceni.StringBuilderAndBufferTest"/>
  <testcase name="testBuilderAppend" time="0,000" classname="cviceni.StringBuilderAndBufferTest"/>
  <testcase name="testBuilderAppend" time="0,000" classname="cviceni.StringBuilderAndBufferTest"/>
  <testcase name="testBuilderAppend" time="0,000" classname="cviceni.StringBuilderAndBufferTest"/>
  <testcase name="testBufferAppend" time="0,000" classname="cviceni.StringBuilderAndBufferTest"/>
  <testcase name="testBuilderAppend" time="0,000" classname="cviceni.StringBuilderAndBufferTest"/>
  <testcase name="testBuilderAppend" time="0,000" classname="cviceni.StringBuilderAndBufferTest"/>
  <testcase name="testBuilderAppendDelete" time="0,000" classname="cviceni.StringBuilderAndBufferTest"/>
  <testcase name="testBuilderAppend" time="0,000" classname="cviceni.StringBuilderAndBufferTest"/>
  <testcase name="testBufferAppendDelete" time="0,000" classname="cviceni.StringBuilderAndBufferTest"/>
  <testcase name="testBuilderAppendDelete" time="0,000" classname="cviceni.StringBuilderAndBufferTest"/>
  <testcase name="testBufferAppendDelete" time="0,000" classname="cviceni.StringBuilderAndBufferTest"/>
  <testcase name="testBuilderAppendDelete" time="0,000" classname="cviceni.StringBuilderAndBufferTest"/>
  <testcase name="testBuilderAppend" time="0,000" classname="cviceni.StringBuilderAndBufferTest"/>
  <testcase name="testBuilderAppend" time="0,001" classname="cviceni.StringBuilderAndBufferTest"/>
  <testcase name="testBufferAppend" time="0,000" classname="cviceni.StringBuilderAndBufferTest"/>
  <testcase name="testBuilderAppendDelete" time="0,001" classname="cviceni.StringBuilderAndBufferTest"/>
  <testcase name="testBuilderAppendDelete" time="0,001" classname="cviceni.StringBuilderAndBufferTest"/>
  <testcase name="testBuilderAppend" time="0,000" classname="cviceni.StringBuilderAndBufferTest"/>
  <testcase name="testBufferAppend" time="0,000" classname="cviceni.StringBuilderAndBufferTest"/>
  <testcase name="testBufferAppend" time="0,000" classname="cviceni.StringBuilderAndBufferTest"/>
  <testcase name="testBufferAppend" time="0,001" classname="cviceni.StringBuilderAndBufferTest"/>
  <testcase name="testBufferAppendDelete" time="0,000" classname="cviceni.StringBuilderAndBufferTest"/>
  <testcase name="testBufferAppend" time="0,003" classname="cviceni.StringBuilderAndBufferTest"/>
  <testcase name="testBuilderAppendDelete" time="0,001" classname="cviceni.StringBuilderAndBufferTest"/>
  <testcase name="testBufferAppendDelete" time="0,000" classname="cviceni.StringBuilderAndBufferTest"/>
  <testcase name="testBuilderAppend" time="0,000" classname="cviceni.StringBuilderAndBufferTest"/>
  <testcase name="testBuilderAppend" time="0,035" classname="cviceni.StringBuilderAndBufferTest"/>
  <testcase name="testBufferAppendDelete" time="0,001" classname="cviceni.StringBuilderAndBufferTest"/>
  <testcase name="testBuilderAppend" time="0,000" classname="cviceni.StringBuilderAndBufferTest"/>
  <testcase name="testBuilderAppendDelete" time="0,001" classname="cviceni.StringBuilderAndBufferTest"/>
  <testcase name="testBufferAppend" time="0,001" classname="cviceni.StringBuilderAndBufferTest"/>
  <testcase name="testBuilderAppendDelete" time="0,000" classname="cviceni.StringBuilderAndBufferTest"/>
  <testcase name="testBuilderAppend" time="0,000" classname="cviceni.StringBuilderAndBufferTest"/>
  <testcase name="testBuilderAppend" time="0,000" classname="cviceni.StringBuilderAndBufferTest"/>
  <testcase name="testBufferAppendDelete" time="0,001" classname="cviceni.StringBuilderAndBufferTest"/>
  <testcase name="testBufferAppendDelete" time="0,000" classname="cviceni.StringBuilderAndBufferTest"/>
  <testcase name="testBufferAppend" time="0,000" classname="cviceni.StringBuilderAndBufferTest"/>
  <testcase name="testBufferAppend" time="0,001" classname="cviceni.StringBuilderAndBufferTest"/>
  <testcase name="testBuilderAppendDelete" time="0,000" classname="cviceni.StringBuilderAndBufferTest"/>
  <testcase name="testBufferAppendDelete" time="0,001" classname="cviceni.StringBuilderAndBufferTest"/>
  <testcase name="testBufferAppendDelete" time="0,000" classname="cviceni.StringBuilderAndBufferTest"/>
  <testcase name="testBuilderAppend" time="0,000" classname="cviceni.StringBuilderAndBufferTest"/>
  <testcase name="testBuilderAppendDelete" time="0,000" classname="cviceni.StringBuilderAndBufferTest"/>
  <testcase name="testBufferAppendDelete" time="0,000" classname="cviceni.StringBuilderAndBufferTest"/>
  <testcase name="testBufferAppend" time="0,000" classname="cviceni.StringBuilderAndBufferTest"/>
  <testcase name="testBufferAppendDelete" time="0,001" classname="cviceni.StringBuilderAndBufferTest"/>
  <testcase name="testBuilderAppendDelete" time="0,001" classname="cviceni.StringBuilderAndBufferTest"/>
  <testcase name="testBufferAppend" time="0,000" classname="cviceni.StringBuilderAndBufferTest"/>
  <testcase name="testBuilderAppendDelete" time="0,002" classname="cviceni.StringBuilderAndBufferTest"/>
  <testcase name="testBufferAppend" time="0,000" classname="cviceni.StringBuilderAndBufferTest"/>
  <testcase name="testBufferAppend" time="0,000" classname="cviceni.StringBuilderAndBufferTest"/>
  <testcase name="testBufferAppendDelete" time="0,000" classname="cviceni.StringBuilderAndBufferTest"/>
  <testcase name="testBufferAppendDelete" time="0,000" classname="cviceni.StringBuilderAndBufferTest"/>
  <testcase name="testBuilderAppend" time="0,000" classname="cviceni.StringBuilderAndBufferTest"/>
  <testcase name="testBufferAppend" time="0,001" classname="cviceni.StringBuilderAndBufferTest"/>
  <testcase name="testBufferAppendDelete" time="0,000" classname="cviceni.StringBuilderAndBufferTest"/>
  <testcase name="testBufferAppend" time="0,000" classname="cviceni.StringBuilderAndBufferTest"/>
  <testcase name="testBuilderAppendDelete" time="0,000" classname="cviceni.StringBuilderAndBufferTest"/>
  <testcase name="testBufferAppend" time="0,000" classname="cviceni.StringBuilderAndBufferTest"/>
  <testcase name="testBuilderAppendDelete" time="0,000" classname="cviceni.StringBuilderAndBufferTest"/>
  <testcase name="testBuilderAppendDelete" time="0,000" classname="cviceni.StringBuilderAndBufferTest"/>
  <testcase name="testBuilderAppend" time="0,000" classname="cviceni.StringBuilderAndBufferTest"/>
  <testcase name="testBufferAppend" time="0,000" classname="cviceni.StringBuilderAndBufferTest"/>
  <testcase name="testBufferAppendDelete" time="0,000" classname="cviceni.StringBuilderAndBufferTest"/>
  <testcase name="testBufferAppendDelete" time="0,001" classname="cviceni.StringBuilderAndBufferTest"/>
  <testcase name="testBuilderAppend" time="0,001" classname="cviceni.StringBuilderAndBufferTest"/>
  <testcase name="testBuilderAppendDelete" time="0,000" classname="cviceni.StringBuilderAndBufferTest"/>
  <testcase name="testBufferAppendDelete" time="0,001" classname="cviceni.StringBuilderAndBufferTest"/>
  <testcase name="testBuilderAppendDelete" time="0,001" classname="cviceni.StringBuilderAndBufferTest"/>
  <testcase name="testBufferAppendDelete" time="0,001" classname="cviceni.StringBuilderAndBufferTest"/>
  <testcase name="testBufferAppendDelete" time="0,000" classname="cviceni.StringBuilderAndBufferTest"/>
  <testcase name="testBufferAppend" time="0,000" classname="cviceni.StringBuilderAndBufferTest"/>
  <testcase name="testBuilderAppend" time="0,001" classname="cviceni.StringBuilderAndBufferTest"/>
  <testcase name="testBufferAppend" time="0,001" classname="cviceni.StringBuilderAndBufferTest"/>
  <testcase name="testBufferAppend" time="0,000" classname="cviceni.StringBuilderAndBufferTest"/>
  <testcase name="testBufferAppend" time="0,001" classname="cviceni.StringBuilderAndBufferTest"/>
  <testcase name="testBuilderAppendDelete" time="0,000" classname="cviceni.StringBuilderAndBufferTest"/>
  <testcase name="testBufferAppendDelete" time="0,001" classname="cviceni.StringBuilderAndBufferTest"/>
  <testcase name="testBufferAppend" time="0,000" classname="cviceni.StringBuilderAndBufferTest"/>
  <testcase name="testBufferAppend" time="0,001" classname="cviceni.StringBuilderAndBufferTest"/>
  <testcase name="testBuilderAppendDelete" time="0,000" classname="cviceni.StringBuilderAndBufferTest"/>
  <testcase name="testBuilderAppend" time="0,000" classname="cviceni.StringBuilderAndBufferTest"/>
  <testcase name="testBuilderAppend" time="0,000" classname="cviceni.StringBuilderAndBufferTest"/>
  <testcase name="testBufferAppend" time="0,000" classname="cviceni.StringBuilderAndBufferTest"/>
  <testcase name="testBuilderAppend" time="0,001" classname="cviceni.StringBuilderAndBufferTest"/>
  <testcase name="testBufferAppendDelete" time="0,001" classname="cviceni.StringBuilderAndBufferTest"/>
  <testcase name="testBuilderAppend" time="0,001" classname="cviceni.StringBuilderAndBufferTest"/>
  <testcase name="testBuilderAppend" time="0,000" classname="cviceni.StringBuilderAndBufferTest"/>
  <testcase name="testBuilderAppendDelete" time="0,000" classname="cviceni.StringBuilderAndBufferTest"/>
  <testcase name="testBuilderAppend" time="0,000" classname="cviceni.StringBuilderAndBufferTest"/>
  <testcase name="testBuilderAppendDelete" time="0,000" classname="cviceni.StringBuilderAndBufferTest"/>
  <testcase name="testBufferAppend" time="0,000" classname="cviceni.StringBuilderAndBufferTest"/>
  <testcase name="testBuilderAppendDelete" time="0,000" classname="cviceni.StringBuilderAndBufferTest"/>
  <testcase name="testBufferAppend" time="0,000" classname="cviceni.StringBuilderAndBufferTest"/>
  <testcase name="testBuilderAppend" time="0,001" classname="cviceni.StringBuilderAndBufferTest"/>
  <testcase name="testBuilderAppend" time="0,000" classname="cviceni.StringBuilderAndBufferTest"/>
  <testcase name="testBufferAppend" time="0,000" classname="cviceni.StringBuilderAndBufferTest"/>
  <testcase name="testBuilderAppendDelete" time="0,000" classname="cviceni.StringBuilderAndBufferTest"/>
  <testcase name="testBuilderAppend" time="0,000" classname="cviceni.StringBuilderAndBufferTest"/>
  <testcase name="testBufferAppend" time="0,000" classname="cviceni.StringBuilderAndBufferTest"/>
  <testcase name="testBufferAppend" time="0,000" classname="cviceni.StringBuilderAndBufferTest"/>
  <testcase name="testBuilderAppendDelete" time="0,000" classname="cviceni.StringBuilderAndBufferTest"/>
  <testcase name="testBuilderAppendDelete" time="0,000" classname="cviceni.StringBuilderAndBufferTest"/>
  <testcase name="testBufferAppendDelete" time="0,000" classname="cviceni.StringBuilderAndBufferTest"/>
  <testcase name="testBufferAppendDelete" time="0,000" classname="cviceni.StringBuilderAndBufferTest"/>
  <testcase name="testBufferAppendDelete" time="0,000" classname="cviceni.StringBuilderAndBufferTest"/>
  <testcase name="testBufferAppend" time="0,000" classname="cviceni.StringBuilderAndBufferTest"/>
  <testcase name="testBuilderAppendDelete" time="0,000" classname="cviceni.StringBuilderAndBufferTest"/>
  <testcase name="testBuilderAppendDelete" time="0,001" classname="cviceni.StringBuilderAndBufferTest"/>
  <testcase name="testBufferAppend" time="0,000" classname="cviceni.StringBuilderAndBufferTest"/>
  <testcase name="testBufferAppendDelete" time="0,000" classname="cviceni.StringBuilderAndBufferTest"/>
  <testcase name="testBufferAppend" time="0,000" classname="cviceni.StringBuilderAndBufferTest"/>
  <testcase name="testBuilderAppend" time="0,000" classname="cviceni.StringBuilderAndBufferTest"/>
  <testcase name="testBuilderAppendDelete" time="0,000" classname="cviceni.StringBuilderAndBufferTest"/>
  <testcase name="testBufferAppendDelete" time="0,001" classname="cviceni.StringBuilderAndBufferTest"/>
  <testcase name="testBuilderAppendDelete" time="0,000" classname="cviceni.StringBuilderAndBufferTest"/>
  <testcase name="testBuilderAppendDelete" time="0,001" classname="cviceni.StringBuilderAndBufferTest"/>
  <testcase name="testBuilderAppendDelete" time="0,000" classname="cviceni.StringBuilderAndBufferTest"/>
  <testcase name="testBufferAppendDelete" time="0,001" classname="cviceni.StringBuilderAndBufferTest"/>
  <testcase name="testBufferAppendDelete" time="0,000" classname="cviceni.StringBuilderAndBufferTest"/>
  <testcase name="testBufferAppendDelete" time="0,000" classname="cviceni.StringBuilderAndBufferTest"/>
  <testcase name="testBufferAppend" time="0,000" classname="cviceni.StringBuilderAndBufferTest"/>
  <testcase name="testBufferAppendDelete" time="0,001" classname="cviceni.StringBuilderAndBufferTest"/>
  <testcase name="testBufferAppend" time="0,000" classname="cviceni.StringBuilderAndBufferTest"/>
  <testcase name="testBuilderAppendDelete" time="0,000" classname="cviceni.StringBuilderAndBufferTest"/>
  <testcase name="testBuilderAppendDelete" time="0,000" classname="cviceni.StringBuilderAndBufferTest"/>
  <testcase name="testBuilderAppend" time="0,000" classname="cviceni.StringBuilderAndBufferTest"/>
  <testcase name="testBuilderAppend" time="0,001" classname="cviceni.StringBuilderAndBufferTest"/>
  <testcase name="testBufferAppend" time="0,000" classname="cviceni.StringBuilderAndBufferTest"/>
  <testcase name="testBufferAppend" time="0,000" classname="cviceni.StringBuilderAndBufferTest"/>
  <testcase name="testBuilderAppendDelete" time="0,000" classname="cviceni.StringBuilderAndBufferTest"/>
  <testcase name="testBufferAppendDelete" time="0,000" classname="cviceni.StringBuilderAndBufferTest"/>
  <testcase name="testBuilderAppend" time="0,000" classname="cviceni.StringBuilderAndBufferTest"/>
  <testcase name="testBuilderAppend" time="0,000" classname="cviceni.StringBuilderAndBufferTest"/>
  <testcase name="testBuilderAppendDelete" time="0,000" classname="cviceni.StringBuilderAndBufferTest"/>
  <testcase name="testBuilderAppendDelete" time="0,001" classname="cviceni.StringBuilderAndBufferTest"/>
  <testcase name="testBufferAppendDelete" time="0,000" classname="cviceni.StringBuilderAndBufferTest"/>
  <testcase name="testBuilderAppend" time="0,000" classname="cviceni.StringBuilderAndBufferTest"/>
  <testcase name="testBufferAppendDelete" time="0,001" classname="cviceni.StringBuilderAndBufferTest"/>
  <testcase name="testBuilderAppendDelete" time="0,000" classname="cviceni.StringBuilderAndBufferTest"/>
  <testcase name="testBufferAppendDelete" time="0,001" classname="cviceni.StringBuilderAndBufferTest"/>
  <testcase name="testBuilderAppendDelete" time="0,000" classname="cviceni.StringBuilderAndBufferTest"/>
  <testcase name="testBuilderAppendDelete" time="0,000" classname="cviceni.StringBuilderAndBufferTest"/>
  <testcase name="testBuilderAppend" time="0,000" classname="cviceni.StringBuilderAndBufferTest"/>
  <testcase name="testBuilderAppendDelete" time="0,000" classname="cviceni.StringBuilderAndBufferTest"/>
  <testcase name="testBufferAppendDelete" time="0,000" classname="cviceni.StringBuilderAndBufferTest"/>
  <testcase name="testBuilderAppendDelete" time="0,001" classname="cviceni.StringBuilderAndBufferTest"/>
  <testcase name="testBufferAppend" time="0,000" classname="cviceni.StringBuilderAndBufferTest"/>
  <testcase name="testBuilderAppend" time="0,000" classname="cviceni.StringBuilderAndBufferTest"/>
  <testcase name="testBuilderAppendDelete" time="0,000" classname="cviceni.StringBuilderAndBufferTest"/>
  <testcase name="testBufferAppend" time="0,000" classname="cviceni.StringBuilderAndBufferTest"/>
  <testcase name="testBufferAppendDelete" time="0,000" classname="cviceni.StringBuilderAndBufferTest"/>
  <testcase name="testBuilderAppendDelete" time="0,000" classname="cviceni.StringBuilderAndBufferTest"/>
  <testcase name="testBufferAppend" time="0,000" classname="cviceni.StringBuilderAndBufferTest"/>
  <testcase name="testBufferAppend" time="0,001" classname="cviceni.StringBuilderAndBufferTest"/>
  <testcase name="testBuilderAppendDelete" time="0,000" classname="cviceni.StringBuilderAndBufferTest"/>
  <testcase name="testBufferAppendDelete" time="0,000" classname="cviceni.StringBuilderAndBufferTest"/>
  <testcase name="testBuilderAppendDelete" time="0,000" classname="cviceni.StringBuilderAndBufferTest"/>
  <testcase name="testBufferAppend" time="0,000" classname="cviceni.StringBuilderAndBufferTest"/>
  <testcase name="testBuilderAppendDelete" time="0,000" classname="cviceni.StringBuilderAndBufferTest"/>
  <testcase name="testBuilderAppendDelete" time="0,000" classname="cviceni.StringBuilderAndBufferTest"/>
  <testcase name="testBufferAppend" time="0,001" classname="cviceni.StringBuilderAndBufferTest"/>
  <testcase name="testBuilderAppendDelete" time="0,000" classname="cviceni.StringBuilderAndBufferTest"/>
  <testcase name="testBufferAppendDelete" time="0,000" classname="cviceni.StringBuilderAndBufferTest"/>
  <testcase name="testBuilderAppend" time="0,001" classname="cviceni.StringBuilderAndBufferTest"/>
  <testcase name="testBuilderAppendDelete" time="0,000" classname="cviceni.StringBuilderAndBufferTest"/>
  <testcase name="testBufferAppendDelete" time="0,000" classname="cviceni.StringBuilderAndBufferTest"/>
  <testcase name="testBuilderAppendDelete" time="0,000" classname="cviceni.StringBuilderAndBufferTest"/>
  <testcase name="testBuilderAppendDelete" time="0,000" classname="cviceni.StringBuilderAndBufferTest"/>
  <testcase name="testBufferAppend" time="0,001" classname="cviceni.StringBuilderAndBufferTest"/>
  <testcase name="testBufferAppendDelete" time="0,000" classname="cviceni.StringBuilderAndBufferTest"/>
  <testcase name="testBufferAppend" time="0,001" classname="cviceni.StringBuilderAndBufferTest"/>
  <testcase name="testBufferAppend" time="0,000" classname="cviceni.StringBuilderAndBufferTest"/>
  <testcase name="testBufferAppendDelete" time="0,000" classname="cviceni.StringBuilderAndBufferTest"/>
  <testcase name="testBuilderAppendDelete" time="0,000" classname="cviceni.StringBuilderAndBufferTest"/>
  <testcase name="testBuilderAppendDelete" time="0,000" classname="cviceni.StringBuilderAndBufferTest"/>
  <testcase name="testBufferAppendDelete" time="0,000" classname="cviceni.StringBuilderAndBufferTest"/>
  <testcase name="testBuilderAppendDelete" time="0,000" classname="cviceni.StringBuilderAndBufferTest"/>
  <testcase name="testBuilderAppend" time="0,000" classname="cviceni.StringBuilderAndBufferTest"/>
  <testcase name="testBuilderAppendDelete" time="0,000" classname="cviceni.StringBuilderAndBufferTest"/>
  <testcase name="testBuilderAppend" time="0,000" classname="cviceni.StringBuilderAndBufferTest"/>
  <testcase name="testBufferAppendDelete" time="0,000" classname="cviceni.StringBuilderAndBufferTest"/>
  <testcase name="testBufferAppend" time="0,009" classname="cviceni.StringBuilderAndBufferTest"/>
  <testcase name="testBuilderAppend" time="0,000" classname="cviceni.StringBuilderAndBufferTest"/>
  <testcase name="testBuilderAppendDelete" time="0,000" classname="cviceni.StringBuilderAndBufferTest"/>
  <testcase name="testBufferAppend" time="0,000" classname="cviceni.StringBuilderAndBufferTest"/>
  <testcase name="testBuilderAppendDelete" time="0,000" classname="cviceni.StringBuilderAndBufferTest"/>
  <testcase name="testBufferAppendDelete" time="0,001" classname="cviceni.StringBuilderAndBufferTest"/>
  <testcase name="testBufferAppend" time="0,000" classname="cviceni.StringBuilderAndBufferTest"/>
  <testcase name="testBufferAppendDelete" time="0,000" classname="cviceni.StringBuilderAndBufferTest"/>
  <testcase name="testBuilderAppendDelete" time="0,000" classname="cviceni.StringBuilderAndBufferTest"/>
  <testcase name="testBufferAppend" time="0,001" classname="cviceni.StringBuilderAndBufferTest"/>
  <testcase name="testBuilderAppend" time="0,000" classname="cviceni.StringBuilderAndBufferTest"/>
  <testcase name="testBufferAppend" time="0,001" classname="cviceni.StringBuilderAndBufferTest"/>
  <testcase name="testBufferAppend" time="0,000" classname="cviceni.StringBuilderAndBufferTest"/>
  <testcase name="testBuilderAppendDelete" time="0,000" classname="cviceni.StringBuilderAndBufferTest"/>
  <testcase name="testBuilderAppend" time="0,001" classname="cviceni.StringBuilderAndBufferTest"/>
  <testcase name="testBuilderAppendDelete" time="0,001" classname="cviceni.StringBuilderAndBufferTest"/>
  <testcase name="testBuilderAppendDelete" time="0,000" classname="cviceni.StringBuilderAndBufferTest"/>
  <testcase name="testBuilderAppendDelete" time="0,000" classname="cviceni.StringBuilderAndBufferTest"/>
  <testcase name="testBufferAppend" time="0,000" classname="cviceni.StringBuilderAndBufferTest"/>
  <testcase name="testBuilderAppendDelete" time="0,000" classname="cviceni.StringBuilderAndBufferTest"/>
  <testcase name="testBufferAppend" time="0,000" classname="cviceni.StringBuilderAndBufferTest"/>
  <testcase name="testBufferAppendDelete" time="0,000" classname="cviceni.StringBuilderAndBufferTest"/>
  <testcase name="testBuilderAppend" time="0,001" classname="cviceni.StringBuilderAndBufferTest"/>
  <testcase name="testBuilderAppend" time="0,000" classname="cviceni.StringBuilderAndBufferTest"/>
  <testcase name="testBuilderAppendDelete" time="0,001" classname="cviceni.StringBuilderAndBufferTest"/>
  <testcase name="testBuilderAppend" time="0,000" classname="cviceni.StringBuilderAndBufferTest"/>
  <testcase name="testBuilderAppendDelete" time="0,000" classname="cviceni.StringBuilderAndBufferTest"/>
  <testcase name="testBuilderAppendDelete" time="0,000" classname="cviceni.StringBuilderAndBufferTest"/>
  <testcase name="testBuilderAppendDelete" time="0,001" classname="cviceni.StringBuilderAndBufferTest"/>
  <testcase name="testBuilderAppend" time="0,000" classname="cviceni.StringBuilderAndBufferTest"/>
  <testcase name="testBufferAppend" time="0,000" classname="cviceni.StringBuilderAndBufferTest"/>
  <testcase name="testBufferAppendDelete" time="0,001" classname="cviceni.StringBuilderAndBufferTest"/>
  <testcase name="testBufferAppend" time="0,000" classname="cviceni.StringBuilderAndBufferTest"/>
  <testcase name="testBuilderAppendDelete" time="0,001" classname="cviceni.StringBuilderAndBufferTest"/>
  <testcase name="testBufferAppend" time="0,001" classname="cviceni.StringBuilderAndBufferTest"/>
  <testcase name="testBufferAppendDelete" time="0,001" classname="cviceni.StringBuilderAndBufferTest"/>
  <testcase name="testBuilderAppend" time="0,000" classname="cviceni.StringBuilderAndBufferTest"/>
  <testcase name="testBuilderAppendDelete" time="0,000" classname="cviceni.StringBuilderAndBufferTest"/>
  <testcase name="testBufferAppend" time="0,000" classname="cviceni.StringBuilderAndBufferTest"/>
  <testcase name="testBufferAppend" time="0,007" classname="cviceni.StringBuilderAndBufferTest"/>
  <testcase name="testBufferAppend" time="0,000" classname="cviceni.StringBuilderAndBufferTest"/>
  <testcase name="testBufferAppendDelete" time="0,001" classname="cviceni.StringBuilderAndBufferTest"/>
  <testcase name="testBuilderAppendDelete" time="0,000" classname="cviceni.StringBuilderAndBufferTest"/>
  <testcase name="testBufferAppendDelete" time="0,000" classname="cviceni.StringBuilderAndBufferTest"/>
  <testcase name="testBufferAppend" time="0,001" classname="cviceni.StringBuilderAndBufferTest"/>
  <testcase name="testBuilderAppend" time="0,000" classname="cviceni.StringBuilderAndBufferTest"/>
  <testcase name="testBuilderAppendDelete" time="0,000" classname="cviceni.StringBuilderAndBufferTest"/>
  <testcase name="testBufferAppendDelete" time="0,000" classname="cviceni.StringBuilderAndBufferTest"/>
  <testcase name="testBuilderAppend" time="0,000" classname="cviceni.StringBuilderAndBufferTest"/>
  <testcase name="testBuilderAppendDelete" time="0,000" classname="cviceni.StringBuilderAndBufferTest"/>
  <testcase name="testBuilderAppendDelete" time="0,000" classname="cviceni.StringBuilderAndBufferTest"/>
  <testcase name="testBuilderAppend" time="0,000" classname="cviceni.StringBuilderAndBufferTest"/>
  <testcase name="testBufferAppend" time="0,000" classname="cviceni.StringBuilderAndBufferTest"/>
  <testcase name="testBufferAppendDelete" time="0,000" classname="cviceni.StringBuilderAndBufferTest"/>
  <testcase name="testBufferAppendDelete" time="0,001" classname="cviceni.StringBuilderAndBufferTest"/>
  <testcase name="testBuilderAppendDelete" time="0,001" classname="cviceni.StringBuilderAndBufferTest"/>
  <testcase name="testBufferAppend" time="0,000" classname="cviceni.StringBuilderAndBufferTest"/>
  <testcase name="testBuilderAppend" time="0,000" classname="cviceni.StringBuilderAndBufferTest"/>
  <testcase name="testBuilderAppendDelete" time="0,000" classname="cviceni.StringBuilderAndBufferTest"/>
  <testcase name="testBuilderAppend" time="0,000" classname="cviceni.StringBuilderAndBufferTest"/>
  <testcase name="testBuilderAppend" time="0,000" classname="cviceni.StringBuilderAndBufferTest"/>
  <testcase name="testBufferAppendDelete" time="0,001" classname="cviceni.StringBuilderAndBufferTest"/>
  <testcase name="testBufferAppendDelete" time="0,001" classname="cviceni.StringBuilderAndBufferTest"/>
  <testcase name="testBuilderAppend" time="0,495" classname="cviceni.StringBuilderAndBufferTest"/>
  <testcase name="testBufferAppend" time="0,000" classname="cviceni.StringBuilderAndBufferTest"/>
  <testcase name="testBufferAppend" time="0,000" classname="cviceni.StringBuilderAndBufferTest"/>
  <testcase name="testBuilderAppend" time="0,000" classname="cviceni.StringBuilderAndBufferTest"/>
  <testcase name="testBufferAppendDelete" time="0,000" classname="cviceni.StringBuilderAndBufferTest"/>
  <testcase name="testBufferAppendDelete" time="0,000" classname="cviceni.StringBuilderAndBufferTest"/>
  <testcase name="testBufferAppendDelete" time="0,000" classname="cviceni.StringBuilderAndBufferTest"/>
  <testcase name="testBuilderAppend" time="0,000" classname="cviceni.StringBuilderAndBufferTest"/>
  <testcase name="testBuilderAppendDelete" time="0,000" classname="cviceni.StringBuilderAndBufferTest"/>
  <testcase name="testBufferAppendDelete" time="0,000" classname="cviceni.StringBuilderAndBufferTest"/>
  <testcase name="testBufferAppend" time="0,000" classname="cviceni.StringBuilderAndBufferTest"/>
  <testcase name="testBufferAppend" time="0,000" classname="cviceni.StringBuilderAndBufferTest"/>
  <testcase name="testBufferAppendDelete" time="0,000" classname="cviceni.StringBuilderAndBufferTest"/>
  <testcase name="testBufferAppend" time="0,000" classname="cviceni.StringBuilderAndBufferTest"/>
  <testcase name="testBufferAppend" time="0,000" classname="cviceni.StringBuilderAndBufferTest"/>
  <testcase name="testBuilderAppendDelete" time="0,000" classname="cviceni.StringBuilderAndBufferTest"/>
  <testcase name="testBufferAppendDelete" time="0,001" classname="cviceni.StringBuilderAndBufferTest"/>
  <testcase name="testBufferAppend" time="0,001" classname="cviceni.StringBuilderAndBufferTest"/>
  <testcase name="testBufferAppend" time="0,000" classname="cviceni.StringBuilderAndBufferTest"/>
  <testcase name="testBufferAppendDelete" time="0,000" classname="cviceni.StringBuilderAndBufferTest"/>
  <testcase name="testBufferAppendDelete" time="0,000" classname="cviceni.StringBuilderAndBufferTest"/>
  <testcase name="testBuilderAppendDelete" time="0,001" classname="cviceni.StringBuilderAndBufferTest"/>
  <testcase name="testBuilderAppendDelete" time="0,000" classname="cviceni.StringBuilderAndBufferTest"/>
  <testcase name="testBuilderAppend" time="0,000" classname="cviceni.StringBuilderAndBufferTest"/>
  <testcase name="testBuilderAppend" time="0,000" classname="cviceni.StringBuilderAndBufferTest"/>
  <testcase name="testBufferAppend" time="0,001" classname="cviceni.StringBuilderAndBufferTest"/>
  <testcase name="testBufferAppend" time="0,027" classname="cviceni.StringBuilderAndBufferTest"/>
  <testcase name="testBuilderAppendDelete" time="0,000" classname="cviceni.StringBuilderAndBufferTest"/>
  <testcase name="testBuilderAppendDelete" time="0,000" classname="cviceni.StringBuilderAndBufferTest"/>
  <testcase name="testBufferAppendDelete" time="0,001" classname="cviceni.StringBuilderAndBufferTest"/>
  <testcase name="testBuilderAppendDelete" time="0,001" classname="cviceni.StringBuilderAndBufferTest"/>
  <testcase name="testBuilderAppend" time="0,000" classname="cviceni.StringBuilderAndBufferTest"/>
  <testcase name="testBufferAppendDelete" time="0,000" classname="cviceni.StringBuilderAndBufferTest"/>
  <testcase name="testBufferAppend" time="0,000" classname="cviceni.StringBuilderAndBufferTest"/>
  <testcase name="testBufferAppend" time="0,000" classname="cviceni.StringBuilderAndBufferTest"/>
  <testcase name="testBufferAppendDelete" time="0,000" classname="cviceni.StringBuilderAndBufferTest"/>
  <testcase name="testBuilderAppend" time="0,001" classname="cviceni.StringBuilderAndBufferTest"/>
  <testcase name="testBuilderAppendDelete" time="0,000" classname="cviceni.StringBuilderAndBufferTest"/>
  <testcase name="testBuilderAppend" time="0,000" classname="cviceni.StringBuilderAndBufferTest"/>
  <testcase name="testBuilderAppend" time="0,000" classname="cviceni.StringBuilderAndBufferTest"/>
  <testcase name="testBufferAppend" time="0,001" classname="cviceni.StringBuilderAndBufferTest"/>
  <testcase name="testBuilderAppend" time="0,020" classname="cviceni.StringBuilderAndBufferTest"/>
  <testcase name="testBufferAppend" time="0,000" classname="cviceni.StringBuilderAndBufferTest"/>
  <testcase name="testBufferAppend" time="0,000" classname="cviceni.StringBuilderAndBufferTest"/>
  <testcase name="testBuilderAppend" time="0,001" classname="cviceni.StringBuilderAndBufferTest"/>
  <testcase name="testBuilderAppendDelete" time="0,001" classname="cviceni.StringBuilderAndBufferTest"/>
  <testcase name="testBuilderAppendDelete" time="0,000" classname="cviceni.StringBuilderAndBufferTest"/>
  <testcase name="testBufferAppend" time="0,000" classname="cviceni.StringBuilderAndBufferTest"/>
  <testcase name="testBuilderAppendDelete" time="0,000" classname="cviceni.StringBuilderAndBufferTest"/>
  <testcase name="testBufferAppendDelete" time="0,000" classname="cviceni.StringBuilderAndBufferTest"/>
  <testcase name="testBufferAppendDelete" time="0,000" classname="cviceni.StringBuilderAndBufferTest"/>
  <testcase name="testBuilderAppend" time="0,000" classname="cviceni.StringBuilderAndBufferTest"/>
  <testcase name="testBuilderAppendDelete" time="0,001" classname="cviceni.StringBuilderAndBufferTest"/>
  <testcase name="testBuilderAppendDelete" time="0,000" classname="cviceni.StringBuilderAndBufferTest"/>
  <testcase name="testBuilderAppendDelete" time="0,001" classname="cviceni.StringBuilderAndBufferTest"/>
  <testcase name="testBuilderAppendDelete" time="0,001" classname="cviceni.StringBuilderAndBufferTest"/>
  <testcase name="testBufferAppend" time="0,001" classname="cviceni.StringBuilderAndBufferTest"/>
  <testcase name="testBufferAppend" time="0,000" classname="cviceni.StringBuilderAndBufferTest"/>
  <testcase name="testBuilderAppendDelete" time="0,000" classname="cviceni.StringBuilderAndBufferTest"/>
  <testcase name="testBuilderAppendDelete" time="0,001" classname="cviceni.StringBuilderAndBufferTest"/>
  <testcase name="testBuilderAppendDelete" time="0,001" classname="cviceni.StringBuilderAndBufferTest"/>
  <testcase name="testBufferAppend" time="0,000" classname="cviceni.StringBuilderAndBufferTest"/>
  <testcase name="testBuilderAppend" time="0,000" classname="cviceni.StringBuilderAndBufferTest"/>
  <testcase name="testBuilderAppend" time="0,001" classname="cviceni.StringBuilderAndBufferTest"/>
  <testcase name="testBuilderAppend" time="0,001" classname="cviceni.StringBuilderAndBufferTest"/>
  <testcase name="testBufferAppend" time="0,001" classname="cviceni.StringBuilderAndBufferTest"/>
  <testcase name="testBuilderAppendDelete" time="0,000" classname="cviceni.StringBuilderAndBufferTest"/>
  <testcase name="testBuilderAppendDelete" time="0,000" classname="cviceni.StringBuilderAndBufferTest"/>
  <testcase name="testBufferAppendDelete" time="0,001" classname="cviceni.StringBuilderAndBufferTest"/>
  <testcase name="testBuilderAppend" time="0,000" classname="cviceni.StringBuilderAndBufferTest"/>
  <testcase name="testBuilderAppendDelete" time="0,001" classname="cviceni.StringBuilderAndBufferTest"/>
  <testcase name="testBuilderAppendDelete" time="0,000" classname="cviceni.StringBuilderAndBufferTest"/>
  <testcase name="testBufferAppendDelete" time="0,000" classname="cviceni.StringBuilderAndBufferTest"/>
  <testcase name="testBuilderAppend" time="0,000" classname="cviceni.StringBuilderAndBufferTest"/>
  <testcase name="testBuilderAppendDelete" time="0,000" classname="cviceni.StringBuilderAndBufferTest"/>
  <testcase name="testBuilderAppend" time="0,000" classname="cviceni.StringBuilderAndBufferTest"/>
  <testcase name="testBufferAppend" time="0,000" classname="cviceni.StringBuilderAndBufferTest"/>
  <testcase name="testBuilderAppendDelete" time="0,001" classname="cviceni.StringBuilderAndBufferTest"/>
  <testcase name="testBuilderAppendDelete" time="0,000" classname="cviceni.StringBuilderAndBufferTest"/>
  <testcase name="testBuilderAppend" time="0,000" classname="cviceni.StringBuilderAndBufferTest"/>
  <testcase name="testBufferAppend" time="0,000" classname="cviceni.StringBuilderAndBufferTest"/>
  <testcase name="testBuilderAppendDelete" time="0,000" classname="cviceni.StringBuilderAndBufferTest"/>
  <testcase name="testBufferAppendDelete" time="0,000" classname="cviceni.StringBuilderAndBufferTest"/>
  <testcase name="testBufferAppend" time="0,000" classname="cviceni.StringBuilderAndBufferTest"/>
  <testcase name="testBufferAppend" time="0,000" classname="cviceni.StringBuilderAndBufferTest"/>
  <testcase name="testBuilderAppendDelete" time="0,001" classname="cviceni.StringBuilderAndBufferTest"/>
  <testcase name="testBuilderAppendDelete" time="0,000" classname="cviceni.StringBuilderAndBufferTest"/>
  <testcase name="testBuilderAppendDelete" time="0,000" classname="cviceni.StringBuilderAndBufferTest"/>
  <testcase name="testBufferAppendDelete" time="0,000" classname="cviceni.StringBuilderAndBufferTest"/>
  <testcase name="testBufferAppend" time="0,000" classname="cviceni.StringBuilderAndBufferTest"/>
  <testcase name="testBuilderAppendDelete" time="0,021" classname="cviceni.StringBuilderAndBufferTest"/>
  <testcase name="testBufferAppend" time="0,000" classname="cviceni.StringBuilderAndBufferTest"/>
  <testcase name="testBuilderAppendDelete" time="0,000" classname="cviceni.StringBuilderAndBufferTest"/>
  <testcase name="testBufferAppend" time="0,002" classname="cviceni.StringBuilderAndBufferTest"/>
  <testcase name="testBuilderAppend" time="0,000" classname="cviceni.StringBuilderAndBufferTest"/>
  <testcase name="testBuilderAppendDelete" time="0,000" classname="cviceni.StringBuilderAndBufferTest"/>
  <testcase name="testBuilderAppend" time="0,000" classname="cviceni.StringBuilderAndBufferTest"/>
  <testcase name="testBuilderAppendDelete" time="0,001" classname="cviceni.StringBuilderAndBufferTest"/>
  <testcase name="testBuilderAppendDelete" time="0,000" classname="cviceni.StringBuilderAndBufferTest"/>
  <testcase name="testBuilderAppendDelete" time="0,001" classname="cviceni.StringBuilderAndBufferTest"/>
  <testcase name="testBuilderAppend" time="0,000" classname="cviceni.StringBuilderAndBufferTest"/>
  <testcase name="testBuilderAppend" time="0,000" classname="cviceni.StringBuilderAndBufferTest"/>
  <testcase name="testBuilderAppendDelete" time="0,000" classname="cviceni.StringBuilderAndBufferTest"/>
  <testcase name="testBuilderAppend" time="0,000" classname="cviceni.StringBuilderAndBufferTest"/>
  <testcase name="testBufferAppend" time="0,000" classname="cviceni.StringBuilderAndBufferTest"/>
  <testcase name="testBufferAppend" time="0,001" classname="cviceni.StringBuilderAndBufferTest"/>
  <testcase name="testBuilderAppendDelete" time="0,000" classname="cviceni.StringBuilderAndBufferTest"/>
  <testcase name="testBuilderAppend" time="0,000" classname="cviceni.StringBuilderAndBufferTest"/>
  <testcase name="testBuilderAppend" time="0,000" classname="cviceni.StringBuilderAndBufferTest"/>
  <testcase name="testBufferAppend" time="0,000" classname="cviceni.StringBuilderAndBufferTest"/>
  <testcase name="testBufferAppendDelete" time="0,001" classname="cviceni.StringBuilderAndBufferTest"/>
  <testcase name="testBuilderAppendDelete" time="0,000" classname="cviceni.StringBuilderAndBufferTest"/>
  <testcase name="testBufferAppend" time="0,000" classname="cviceni.StringBuilderAndBufferTest"/>
  <testcase name="testBuilderAppend" time="0,000" classname="cviceni.StringBuilderAndBufferTest"/>
  <testcase name="testBufferAppend" time="0,000" classname="cviceni.StringBuilderAndBufferTest"/>
  <testcase name="testBufferAppendDelete" time="0,001" classname="cviceni.StringBuilderAndBufferTest"/>
  <testcase name="testBufferAppendDelete" time="0,000" classname="cviceni.StringBuilderAndBufferTest"/>
  <testcase name="testBufferAppend" time="0,001" classname="cviceni.StringBuilderAndBufferTest"/>
  <testcase name="testBufferAppend" time="0,000" classname="cviceni.StringBuilderAndBufferTest"/>
  <testcase name="testBufferAppend" time="0,001" classname="cviceni.StringBuilderAndBufferTest"/>
  <testcase name="testBuilderAppend" time="0,001" classname="cviceni.StringBuilderAndBufferTest"/>
  <testcase name="testBufferAppend" time="0,000" classname="cviceni.StringBuilderAndBufferTest"/>
  <testcase name="testBuilderAppendDelete" time="0,000" classname="cviceni.StringBuilderAndBufferTest"/>
  <testcase name="testBufferAppend" time="0,000" classname="cviceni.StringBuilderAndBufferTest"/>
  <testcase name="testBufferAppend" time="0,000" classname="cviceni.StringBuilderAndBufferTest"/>
  <testcase name="testBufferAppendDelete" time="0,000" classname="cviceni.StringBuilderAndBufferTest"/>
  <testcase name="testBufferAppend" time="0,000" classname="cviceni.StringBuilderAndBufferTest"/>
  <testcase name="testBufferAppendDelete" time="0,001" classname="cviceni.StringBuilderAndBufferTest"/>
  <testcase name="testBuilderAppend" time="0,000" classname="cviceni.StringBuilderAndBufferTest"/>
  <testcase name="testBufferAppend" time="0,000" classname="cviceni.StringBuilderAndBufferTest"/>
  <testcase name="testBuilderAppend" time="0,000" classname="cviceni.StringBuilderAndBufferTest"/>
  <testcase name="testBufferAppend" time="0,000" classname="cviceni.StringBuilderAndBufferTest"/>
  <testcase name="testBufferAppendDelete" time="0,000" classname="cviceni.StringBuilderAndBufferTest"/>
  <testcase name="testBuilderAppendDelete" time="0,000" classname="cviceni.StringBuilderAndBufferTest"/>
  <testcase name="testBuilderAppend" time="0,000" classname="cviceni.StringBuilderAndBufferTest"/>
  <testcase name="testBufferAppendDelete" time="0,000" classname="cviceni.StringBuilderAndBufferTest"/>
  <testcase name="testBuilderAppendDelete" time="0,000" classname="cviceni.StringBuilderAndBufferTest"/>
  <testcase name="testBuilderAppendDelete" time="0,000" classname="cviceni.StringBuilderAndBufferTest"/>
  <testcase name="testBuilderAppend" time="0,000" classname="cviceni.StringBuilderAndBufferTest"/>
  <testcase name="testBuilderAppend" time="0,084" classname="cviceni.StringBuilderAndBufferTest"/>
  <testcase name="testBufferAppend" time="0,001" classname="cviceni.StringBuilderAndBufferTest"/>
  <testcase name="testBufferAppend" time="0,001" classname="cviceni.StringBuilderAndBufferTest"/>
  <testcase name="testBufferAppendDelete" time="0,000" classname="cviceni.StringBuilderAndBufferTest"/>
  <testcase name="testBuilderAppendDelete" time="0,000" classname="cviceni.StringBuilderAndBufferTest"/>
  <testcase name="testBuilderAppendDelete" time="0,000" classname="cviceni.StringBuilderAndBufferTest"/>
  <testcase name="testBuilderAppendDelete" time="0,003" classname="cviceni.StringBuilderAndBufferTest"/>
  <testcase name="testBufferAppend" time="0,000" classname="cviceni.StringBuilderAndBufferTest"/>
  <testcase name="testBuilderAppendDelete" time="0,001" classname="cviceni.StringBuilderAndBufferTest"/>
  <testcase name="testBuilderAppend" time="0,000" classname="cviceni.StringBuilderAndBufferTest"/>
  <testcase name="testBufferAppend" time="0,001" classname="cviceni.StringBuilderAndBufferTest"/>
  <testcase name="testBufferAppendDelete" time="0,000" classname="cviceni.StringBuilderAndBufferTest"/>
  <testcase name="testBufferAppendDelete" time="0,000" classname="cviceni.StringBuilderAndBufferTest"/>
  <testcase name="testBufferAppendDelete" time="0,000" classname="cviceni.StringBuilderAndBufferTest"/>
  <testcase name="testBufferAppend" time="0,000" classname="cviceni.StringBuilderAndBufferTest"/>
  <testcase name="testBufferAppend" time="0,000" classname="cviceni.StringBuilderAndBufferTest"/>
  <testcase name="testBuilderAppendDelete" time="0,000" classname="cviceni.StringBuilderAndBufferTest"/>
  <testcase name="testBuilderAppend" time="0,000" classname="cviceni.StringBuilderAndBufferTest"/>
  <testcase name="testBuilderAppend" time="0,000" classname="cviceni.StringBuilderAndBufferTest"/>
  <testcase name="testBuilderAppend" time="0,000" classname="cviceni.StringBuilderAndBufferTest"/>
  <testcase name="testBuilderAppend" time="0,000" classname="cviceni.StringBuilderAndBufferTest"/>
  <testcase name="testBufferAppend" time="0,000" classname="cviceni.StringBuilderAndBufferTest"/>
  <testcase name="testBuilderAppend" time="0,012" classname="cviceni.StringBuilderAndBufferTest"/>
  <testcase name="testBuilderAppendDelete" time="0,001" classname="cviceni.StringBuilderAndBufferTest"/>
  <testcase name="testBufferAppend" time="0,000" classname="cviceni.StringBuilderAndBufferTest"/>
  <testcase name="testBuilderAppendDelete" time="0,000" classname="cviceni.StringBuilderAndBufferTest"/>
  <testcase name="testBufferAppend" time="0,001" classname="cviceni.StringBuilderAndBufferTest"/>
  <testcase name="testBuilderAppendDelete" time="0,048" classname="cviceni.StringBuilderAndBufferTest"/>
  <testcase name="testBuilderAppendDelete" time="0,000" classname="cviceni.StringBuilderAndBufferTest"/>
  <testcase name="testBuilderAppend" time="0,000" classname="cviceni.StringBuilderAndBufferTest"/>
  <testcase name="testBufferAppend" time="0,000" classname="cviceni.StringBuilderAndBufferTest"/>
  <testcase name="testBuilderAppendDelete" time="0,000" classname="cviceni.StringBuilderAndBufferTest"/>
  <testcase name="testBufferAppendDelete" time="0,000" classname="cviceni.StringBuilderAndBufferTest"/>
  <testcase name="testBufferAppend" time="0,000" classname="cviceni.StringBuilderAndBufferTest"/>
  <testcase name="testBuilderAppendDelete" time="0,000" classname="cviceni.StringBuilderAndBufferTest"/>
  <testcase name="testBufferAppend" time="0,000" classname="cviceni.StringBuilderAndBufferTest"/>
  <testcase name="testBufferAppend" time="0,000" classname="cviceni.StringBuilderAndBufferTest"/>
  <testcase name="testBuilderAppend" time="0,000" classname="cviceni.StringBuilderAndBufferTest"/>
  <testcase name="testBufferAppendDelete" time="0,000" classname="cviceni.StringBuilderAndBufferTest"/>
  <testcase name="testBufferAppend" time="0,000" classname="cviceni.StringBuilderAndBufferTest"/>
  <testcase name="testBufferAppendDelete" time="0,001" classname="cviceni.StringBuilderAndBufferTest"/>
  <testcase name="testBuilderAppend" time="0,000" classname="cviceni.StringBuilderAndBufferTest"/>
  <testcase name="testBuilderAppendDelete" time="0,000" classname="cviceni.StringBuilderAndBufferTest"/>
  <testcase name="testBufferAppendDelete" time="0,001" classname="cviceni.StringBuilderAndBufferTest"/>
  <testcase name="testBufferAppendDelete" time="0,000" classname="cviceni.StringBuilderAndBufferTest"/>
  <testcase name="testBuilderAppend" time="0,000" classname="cviceni.StringBuilderAndBufferTest"/>
  <testcase name="testBufferAppendDelete" time="0,000" classname="cviceni.StringBuilderAndBufferTest"/>
  <testcase name="testBuilderAppendDelete" time="0,001" classname="cviceni.StringBuilderAndBufferTest"/>
  <testcase name="testBufferAppend" time="0,000" classname="cviceni.StringBuilderAndBufferTest"/>
  <testcase name="testBuilderAppendDelete" time="0,000" classname="cviceni.StringBuilderAndBufferTest"/>
  <testcase name="testBufferAppendDelete" time="0,000" classname="cviceni.StringBuilderAndBufferTest"/>
  <testcase name="testBuilderAppend" time="0,000" classname="cviceni.StringBuilderAndBufferTest"/>
  <testcase name="testBufferAppend" time="0,000" classname="cviceni.StringBuilderAndBufferTest"/>
  <testcase name="testBuilderAppend" time="0,000" classname="cviceni.StringBuilderAndBufferTest"/>
  <testcase name="testBuilderAppend" time="0,000" classname="cviceni.StringBuilderAndBufferTest"/>
  <testcase name="testBufferAppend" time="0,001" classname="cviceni.StringBuilderAndBufferTest"/>
  <testcase name="testBuilderAppendDelete" time="0,000" classname="cviceni.StringBuilderAndBufferTest"/>
  <testcase name="testBuilderAppend" time="0,000" classname="cviceni.StringBuilderAndBufferTest"/>
  <testcase name="testBufferAppend" time="0,001" classname="cviceni.StringBuilderAndBufferTest"/>
  <testcase name="testBuilderAppendDelete" time="0,000" classname="cviceni.StringBuilderAndBufferTest"/>
  <testcase name="testBuilderAppend" time="0,000" classname="cviceni.StringBuilderAndBufferTest"/>
  <testcase name="testBuilderAppendDelete" time="0,000" classname="cviceni.StringBuilderAndBufferTest"/>
  <testcase name="testBufferAppend" time="0,000" classname="cviceni.StringBuilderAndBufferTest"/>
  <testcase name="testBuilderAppendDelete" time="0,000" classname="cviceni.StringBuilderAndBufferTest"/>
  <testcase name="testBufferAppend" time="0,000" classname="cviceni.StringBuilderAndBufferTest"/>
  <testcase name="testBufferAppend" time="0,000" classname="cviceni.StringBuilderAndBufferTest"/>
  <testcase name="testBufferAppend" time="0,000" classname="cviceni.StringBuilderAndBufferTest"/>
  <testcase name="testBuilderAppend" time="0,000" classname="cviceni.StringBuilderAndBufferTest"/>
  <testcase name="testBuilderAppend" time="0,000" classname="cviceni.StringBuilderAndBufferTest"/>
  <testcase name="testBufferAppendDelete" time="0,000" classname="cviceni.StringBuilderAndBufferTest"/>
  <testcase name="testBufferAppend" time="0,000" classname="cviceni.StringBuilderAndBufferTest"/>
  <testcase name="testBuilderAppendDelete" time="0,001" classname="cviceni.StringBuilderAndBufferTest"/>
  <testcase name="testBufferAppend" time="0,001" classname="cviceni.StringBuilderAndBufferTest"/>
  <testcase name="testBufferAppendDelete" time="0,001" classname="cviceni.StringBuilderAndBufferTest"/>
  <testcase name="testBufferAppend" time="0,001" classname="cviceni.StringBuilderAndBufferTest"/>
  <testcase name="testBufferAppend" time="0,000" classname="cviceni.StringBuilderAndBufferTest"/>
  <testcase name="testBuilderAppend" time="0,000" classname="cviceni.StringBuilderAndBufferTest"/>
  <testcase name="testBuilderAppendDelete" time="0,000" classname="cviceni.StringBuilderAndBufferTest"/>
  <testcase name="testBuilderAppendDelete" time="0,001" classname="cviceni.StringBuilderAndBufferTest"/>
  <testcase name="testBufferAppendDelete" time="0,000" classname="cviceni.StringBuilderAndBufferTest"/>
  <testcase name="testBuilderAppendDelete" time="0,000" classname="cviceni.StringBuilderAndBufferTest"/>
  <testcase name="testBuilderAppend" time="0,000" classname="cviceni.StringBuilderAndBufferTest"/>
  <testcase name="testBuilderAppend" time="0,000" classname="cviceni.StringBuilderAndBufferTest"/>
  <testcase name="testBuilderAppend" time="0,000" classname="cviceni.StringBuilderAndBufferTest"/>
  <testcase name="testBuilderAppend" time="0,001" classname="cviceni.StringBuilderAndBufferTest"/>
  <testcase name="testBuilderAppend" time="0,013" classname="cviceni.StringBuilderAndBufferTest"/>
  <testcase name="testBufferAppend" time="0,000" classname="cviceni.StringBuilderAndBufferTest"/>
  <testcase name="testBufferAppendDelete" time="0,000" classname="cviceni.StringBuilderAndBufferTest"/>
  <testcase name="testBufferAppendDelete" time="0,000" classname="cviceni.StringBuilderAndBufferTest"/>
  <testcase name="testBufferAppendDelete" time="0,000" classname="cviceni.StringBuilderAndBufferTest"/>
  <testcase name="testBufferAppendDelete" time="0,001" classname="cviceni.StringBuilderAndBufferTest"/>
  <testcase name="testBufferAppend" time="0,000" classname="cviceni.StringBuilderAndBufferTest"/>
  <testcase name="testBuilderAppendDelete" time="0,000" classname="cviceni.StringBuilderAndBufferTest"/>
  <testcase name="testBuilderAppendDelete" time="0,000" classname="cviceni.StringBuilderAndBufferTest"/>
  <testcase name="testBufferAppend" time="0,001" classname="cviceni.StringBuilderAndBufferTest"/>
  <testcase name="testBufferAppendDelete" time="0,000" classname="cviceni.StringBuilderAndBufferTest"/>
  <testcase name="testBuilderAppend" time="0,039" classname="cviceni.StringBuilderAndBufferTest"/>
  <testcase name="testBufferAppendDelete" time="0,000" classname="cviceni.StringBuilderAndBufferTest"/>
  <testcase name="testBuilderAppend" time="0,000" classname="cviceni.StringBuilderAndBufferTest"/>
  <testcase name="testBuilderAppend" time="0,000" classname="cviceni.StringBuilderAndBufferTest"/>
  <testcase name="testBufferAppend" time="0,000" classname="cviceni.StringBuilderAndBufferTest"/>
  <testcase name="testBufferAppend" time="0,001" classname="cviceni.StringBuilderAndBufferTest"/>
  <testcase name="testBuilderAppendDelete" time="0,000" classname="cviceni.StringBuilderAndBufferTest"/>
  <testcase name="testBufferAppendDelete" time="0,000" classname="cviceni.StringBuilderAndBufferTest"/>
  <testcase name="testBufferAppend" time="0,000" classname="cviceni.StringBuilderAndBufferTest"/>
  <testcase name="testBufferAppendDelete" time="0,000" classname="cviceni.StringBuilderAndBufferTest"/>
  <testcase name="testBuilderAppendDelete" time="0,000" classname="cviceni.StringBuilderAndBufferTest"/>
  <testcase name="testBuilderAppend" time="0,039" classname="cviceni.StringBuilderAndBufferTest"/>
  <testcase name="testBuilderAppend" time="0,001" classname="cviceni.StringBuilderAndBufferTest"/>
  <testcase name="testBuilderAppendDelete" time="0,112" classname="cviceni.StringBuilderAndBufferTest"/>
  <testcase name="testBuilderAppendDelete" time="0,000" classname="cviceni.StringBuilderAndBufferTest"/>
  <testcase name="testBufferAppendDelete" time="0,000" classname="cviceni.StringBuilderAndBufferTest"/>
  <testcase name="testBufferAppendDelete" time="0,000" classname="cviceni.StringBuilderAndBufferTest"/>
  <testcase name="testBuilderAppendDelete" time="0,000" classname="cviceni.StringBuilderAndBufferTest"/>
  <testcase name="testBufferAppend" time="0,000" classname="cviceni.StringBuilderAndBufferTest"/>
  <testcase name="testBufferAppend" time="0,000" classname="cviceni.StringBuilderAndBufferTest"/>
  <testcase name="testBuilderAppendDelete" time="0,000" classname="cviceni.StringBuilderAndBufferTest"/>
  <testcase name="testBuilderAppendDelete" time="0,000" classname="cviceni.StringBuilderAndBufferTest"/>
  <testcase name="testBuilderAppend" time="0,000" classname="cviceni.StringBuilderAndBufferTest"/>
  <testcase name="testBufferAppendDelete" time="0,001" classname="cviceni.StringBuilderAndBufferTest"/>
  <testcase name="testBuilderAppendDelete" time="0,001" classname="cviceni.StringBuilderAndBufferTest"/>
  <testcase name="testBufferAppendDelete" time="0,000" classname="cviceni.StringBuilderAndBufferTest"/>
  <testcase name="testBuilderAppend" time="0,000" classname="cviceni.StringBuilderAndBufferTest"/>
  <testcase name="testBufferAppendDelete" time="0,000" classname="cviceni.StringBuilderAndBufferTest"/>
  <testcase name="testBuilderAppendDelete" time="0,001" classname="cviceni.StringBuilderAndBufferTest"/>
  <testcase name="testBuilderAppendDelete" time="0,000" classname="cviceni.StringBuilderAndBufferTest"/>
  <testcase name="testBuilderAppend" time="0,001" classname="cviceni.StringBuilderAndBufferTest"/>
  <testcase name="testBuilderAppend" time="0,000" classname="cviceni.StringBuilderAndBufferTest"/>
  <testcase name="testBufferAppendDelete" time="0,000" classname="cviceni.StringBuilderAndBufferTest"/>
  <testcase name="testBufferAppendDelete" time="0,000" classname="cviceni.StringBuilderAndBufferTest"/>
  <testcase name="testBufferAppend" time="0,000" classname="cviceni.StringBuilderAndBufferTest"/>
  <testcase name="testBufferAppendDelete" time="0,001" classname="cviceni.StringBuilderAndBufferTest"/>
  <testcase name="testBuilderAppend" time="0,000" classname="cviceni.StringBuilderAndBufferTest"/>
  <testcase name="testBufferAppendDelete" time="0,000" classname="cviceni.StringBuilderAndBufferTest"/>
  <testcase name="testBufferAppend" time="0,001" classname="cviceni.StringBuilderAndBufferTest"/>
  <testcase name="testBuilderAppend" time="0,001" classname="cviceni.StringBuilderAndBufferTest"/>
  <testcase name="testBuilderAppend" time="0,000" classname="cviceni.StringBuilderAndBufferTest"/>
  <testcase name="testBuilderAppendDelete" time="0,001" classname="cviceni.StringBuilderAndBufferTest"/>
  <testcase name="testBufferAppend" time="0,001" classname="cviceni.StringBuilderAndBufferTest"/>
  <testcase name="testBuilderAppendDelete" time="0,000" classname="cviceni.StringBuilderAndBufferTest"/>
  <testcase name="testBufferAppend" time="0,000" classname="cviceni.StringBuilderAndBufferTest"/>
  <testcase name="testBufferAppendDelete" time="0,001" classname="cviceni.StringBuilderAndBufferTest"/>
  <testcase name="testBufferAppend" time="0,000" classname="cviceni.StringBuilderAndBufferTest"/>
  <testcase name="testBuilderAppend" time="0,000" classname="cviceni.StringBuilderAndBufferTest"/>
  <testcase name="testBufferAppend" time="0,000" classname="cviceni.StringBuilderAndBufferTest"/>
  <testcase name="testBufferAppend" time="0,000" classname="cviceni.StringBuilderAndBufferTest"/>
  <testcase name="testBuilderAppend" time="0,044" classname="cviceni.StringBuilderAndBufferTest"/>
  <testcase name="testBufferAppendDelete" time="0,000" classname="cviceni.StringBuilderAndBufferTest"/>
  <testcase name="testBufferAppendDelete" time="0,001" classname="cviceni.StringBuilderAndBufferTest"/>
  <testcase name="testBuilderAppendDelete" time="0,000" classname="cviceni.StringBuilderAndBufferTest"/>
  <testcase name="testBufferAppendDelete" time="0,000" classname="cviceni.StringBuilderAndBufferTest"/>
  <testcase name="testBufferAppendDelete" time="0,001" classname="cviceni.StringBuilderAndBufferTest"/>
  <testcase name="testBuilderAppend" time="0,008" classname="cviceni.StringBuilderAndBufferTest"/>
  <testcase name="testBufferAppendDelete" time="0,000" classname="cviceni.StringBuilderAndBufferTest"/>
  <testcase name="testBufferAppend" time="0,000" classname="cviceni.StringBuilderAndBufferTest"/>
  <testcase name="testBufferAppendDelete" time="0,001" classname="cviceni.StringBuilderAndBufferTest"/>
  <testcase name="testBuilderAppend" time="0,001" classname="cviceni.StringBuilderAndBufferTest"/>
  <testcase name="testBuilderAppend" time="0,000" classname="cviceni.StringBuilderAndBufferTest"/>
  <testcase name="testBuilderAppendDelete" time="0,000" classname="cviceni.StringBuilderAndBufferTest"/>
  <testcase name="testBufferAppendDelete" time="0,000" classname="cviceni.StringBuilderAndBufferTest"/>
  <testcase name="testBuilderAppendDelete" time="0,000" classname="cviceni.StringBuilderAndBufferTest"/>
  <testcase name="testBufferAppend" time="0,001" classname="cviceni.StringBuilderAndBufferTest"/>
  <testcase name="testBufferAppend" time="0,001" classname="cviceni.StringBuilderAndBufferTest"/>
  <testcase name="testBuilderAppend" time="0,000" classname="cviceni.StringBuilderAndBufferTest"/>
  <testcase name="testBufferAppendDelete" time="0,000" classname="cviceni.StringBuilderAndBufferTest"/>
  <testcase name="testBuilderAppend" time="0,000" classname="cviceni.StringBuilderAndBufferTest"/>
  <testcase name="testBuilderAppendDelete" time="0,000" classname="cviceni.StringBuilderAndBufferTest"/>
  <testcase name="testBuilderAppend" time="0,008" classname="cviceni.StringBuilderAndBufferTest"/>
  <testcase name="testBufferAppendDelete" time="0,000" classname="cviceni.StringBuilderAndBufferTest"/>
  <testcase name="testBufferAppend" time="0,000" classname="cviceni.StringBuilderAndBufferTest"/>
  <testcase name="testBuilderAppend" time="0,000" classname="cviceni.StringBuilderAndBufferTest"/>
  <testcase name="testBuilderAppendDelete" time="0,001" classname="cviceni.StringBuilderAndBufferTest"/>
  <testcase name="testBufferAppend" time="0,000" classname="cviceni.StringBuilderAndBufferTest"/>
  <testcase name="testBuilderAppendDelete" time="0,000" classname="cviceni.StringBuilderAndBufferTest"/>
  <testcase name="testBuilderAppend" time="0,001" classname="cviceni.StringBuilderAndBufferTest"/>
  <testcase name="testBuilderAppendDelete" time="0,000" classname="cviceni.StringBuilderAndBufferTest"/>
  <testcase name="testBuilderAppendDelete" time="0,001" classname="cviceni.StringBuilderAndBufferTest"/>
  <testcase name="testBuilderAppend" time="0,000" classname="cviceni.StringBuilderAndBufferTest"/>
  <testcase name="testBuilderAppend" time="0,000" classname="cviceni.StringBuilderAndBufferTest"/>
  <testcase name="testBuilderAppendDelete" time="0,000" classname="cviceni.StringBuilderAndBufferTest"/>
  <testcase name="testBuilderAppend" time="0,000" classname="cviceni.StringBuilderAndBufferTest"/>
  <testcase name="testBuilderAppend" time="0,001" classname="cviceni.StringBuilderAndBufferTest"/>
  <testcase name="testBufferAppendDelete" time="0,000" classname="cviceni.StringBuilderAndBufferTest"/>
  <testcase name="testBufferAppend" time="0,001" classname="cviceni.StringBuilderAndBufferTest"/>
  <testcase name="testBuilderAppendDelete" time="0,001" classname="cviceni.StringBuilderAndBufferTest"/>
  <testcase name="testBuilderAppend" time="0,000" classname="cviceni.StringBuilderAndBufferTest"/>
  <testcase name="testBuilderAppend" time="0,000" classname="cviceni.StringBuilderAndBufferTest"/>
  <testcase name="testBuilderAppendDelete" time="0,001" classname="cviceni.StringBuilderAndBufferTest"/>
  <testcase name="testBufferAppendDelete" time="0,000" classname="cviceni.StringBuilderAndBufferTest"/>
  <testcase name="testBufferAppendDelete" time="0,001" classname="cviceni.StringBuilderAndBufferTest"/>
  <testcase name="testBufferAppend" time="0,000" classname="cviceni.StringBuilderAndBufferTest"/>
  <testcase name="testBufferAppendDelete" time="0,000" classname="cviceni.StringBuilderAndBufferTest"/>
  <testcase name="testBufferAppend" time="0,000" classname="cviceni.StringBuilderAndBufferTest"/>
  <testcase name="testBufferAppendDelete" time="0,001" classname="cviceni.StringBuilderAndBufferTest"/>
  <testcase name="testBufferAppend" time="0,000" classname="cviceni.StringBuilderAndBufferTest"/>
  <testcase name="testBufferAppendDelete" time="0,000" classname="cviceni.StringBuilderAndBufferTest"/>
  <testcase name="testBufferAppendDelete" time="0,000" classname="cviceni.StringBuilderAndBufferTest"/>
  <testcase name="testBufferAppend" time="0,000" classname="cviceni.StringBuilderAndBufferTest"/>
  <testcase name="testBuilderAppendDelete" time="0,000" classname="cviceni.StringBuilderAndBufferTest"/>
  <testcase name="testBufferAppend" time="0,000" classname="cviceni.StringBuilderAndBufferTest"/>
  <testcase name="testBufferAppendDelete" time="0,000" classname="cviceni.StringBuilderAndBufferTest"/>
  <testcase name="testBufferAppend" time="0,001" classname="cviceni.StringBuilderAndBufferTest"/>
  <testcase name="testBuilderAppendDelete" time="0,000" classname="cviceni.StringBuilderAndBufferTest"/>
  <testcase name="testBufferAppend" time="0,001" classname="cviceni.StringBuilderAndBufferTest"/>
  <testcase name="testBufferAppend" time="0,000" classname="cviceni.StringBuilderAndBufferTest"/>
  <testcase name="testBuilderAppendDelete" time="0,000" classname="cviceni.StringBuilderAndBufferTest"/>
  <testcase name="testBufferAppendDelete" time="0,000" classname="cviceni.StringBuilderAndBufferTest"/>
  <testcase name="testBuilderAppend" time="0,000" classname="cviceni.StringBuilderAndBufferTest"/>
  <testcase name="testBuilderAppend" time="0,000" classname="cviceni.StringBuilderAndBufferTest"/>
  <testcase name="testBufferAppendDelete" time="0,000" classname="cviceni.StringBuilderAndBufferTest"/>
  <testcase name="testBuilderAppendDelete" time="0,000" classname="cviceni.StringBuilderAndBufferTest"/>
  <testcase name="testBufferAppendDelete" time="0,004" classname="cviceni.StringBuilderAndBufferTest"/>
  <testcase name="testBufferAppend" time="0,000" classname="cviceni.StringBuilderAndBufferTest"/>
  <testcase name="testBufferAppendDelete" time="0,000" classname="cviceni.StringBuilderAndBufferTest"/>
  <testcase name="testBuilderAppendDelete" time="0,000" classname="cviceni.StringBuilderAndBufferTest"/>
  <testcase name="testBuilderAppend" time="0,000" classname="cviceni.StringBuilderAndBufferTest"/>
  <testcase name="testBuilderAppend" time="0,001" classname="cviceni.StringBuilderAndBufferTest"/>
  <testcase name="testBufferAppend" time="0,000" classname="cviceni.StringBuilderAndBufferTest"/>
  <testcase name="testBuilderAppendDelete" time="0,000" classname="cviceni.StringBuilderAndBufferTest"/>
  <testcase name="testBuilderAppend" time="0,000" classname="cviceni.StringBuilderAndBufferTest"/>
  <testcase name="testBufferAppend" time="0,000" classname="cviceni.StringBuilderAndBufferTest"/>
  <testcase name="testBufferAppend" time="0,000" classname="cviceni.StringBuilderAndBufferTest"/>
  <testcase name="testBuilderAppend" time="0,000" classname="cviceni.StringBuilderAndBufferTest"/>
  <testcase name="testBufferAppend" time="0,000" classname="cviceni.StringBuilderAndBufferTest"/>
  <testcase name="testBuilderAppendDelete" time="0,000" classname="cviceni.StringBuilderAndBufferTest"/>
  <testcase name="testBuilderAppend" time="0,001" classname="cviceni.StringBuilderAndBufferTest"/>
  <testcase name="testBufferAppendDelete" time="0,000" classname="cviceni.StringBuilderAndBufferTest"/>
  <testcase name="testBuilderAppend" time="0,002" classname="cviceni.StringBuilderAndBufferTest"/>
  <testcase name="testBuilderAppendDelete" time="0,001" classname="cviceni.StringBuilderAndBufferTest"/>
  <testcase name="testBuilderAppendDelete" time="0,000" classname="cviceni.StringBuilderAndBufferTest"/>
  <testcase name="testBufferAppend" time="0,000" classname="cviceni.StringBuilderAndBufferTest"/>
  <testcase name="testBuilderAppendDelete" time="0,035" classname="cviceni.StringBuilderAndBufferTest"/>
  <testcase name="testBuilderAppendDelete" time="0,022" classname="cviceni.StringBuilderAndBufferTest"/>
  <testcase name="testBuilderAppend" time="0,001" classname="cviceni.StringBuilderAndBufferTest"/>
  <testcase name="testBuilderAppend" time="0,000" classname="cviceni.StringBuilderAndBufferTest"/>
  <testcase name="testBufferAppend" time="0,000" classname="cviceni.StringBuilderAndBufferTest"/>
  <testcase name="testBufferAppendDelete" time="0,000" classname="cviceni.StringBuilderAndBufferTest"/>
  <testcase name="testBufferAppendDelete" time="0,000" classname="cviceni.StringBuilderAndBufferTest"/>
  <testcase name="testBufferAppend" time="0,000" classname="cviceni.StringBuilderAndBufferTest"/>
  <testcase name="testBufferAppendDelete" time="0,000" classname="cviceni.StringBuilderAndBufferTest"/>
  <testcase name="testBuilderAppend" time="0,014" classname="cviceni.StringBuilderAndBufferTest"/>
  <testcase name="testBufferAppendDelete" time="0,000" classname="cviceni.StringBuilderAndBufferTest"/>
  <testcase name="testBuilderAppendDelete" time="0,000" classname="cviceni.StringBuilderAndBufferTest"/>
  <testcase name="testBufferAppend" time="0,000" classname="cviceni.StringBuilderAndBufferTest"/>
  <testcase name="testBuilderAppend" time="0,001" classname="cviceni.StringBuilderAndBufferTest"/>
  <testcase name="testBuilderAppendDelete" time="0,000" classname="cviceni.StringBuilderAndBufferTest"/>
  <testcase name="testBuilderAppend" time="0,000" classname="cviceni.StringBuilderAndBufferTest"/>
  <testcase name="testBuilderAppendDelete" time="0,000" classname="cviceni.StringBuilderAndBufferTest"/>
  <testcase name="testBufferAppendDelete" time="0,001" classname="cviceni.StringBuilderAndBufferTest"/>
  <testcase name="testBufferAppend" time="0,001" classname="cviceni.StringBuilderAndBufferTest"/>
  <testcase name="testBufferAppend" time="0,001" classname="cviceni.StringBuilderAndBufferTest"/>
  <testcase name="testBufferAppend" time="0,000" classname="cviceni.StringBuilderAndBufferTest"/>
  <testcase name="testBuilderAppend" time="0,000" classname="cviceni.StringBuilderAndBufferTest"/>
  <testcase name="testBuilderAppendDelete" time="0,001" classname="cviceni.StringBuilderAndBufferTest"/>
  <testcase name="testBuilderAppend" time="0,001" classname="cviceni.StringBuilderAndBufferTest"/>
  <testcase name="testBuilderAppendDelete" time="0,000" classname="cviceni.StringBuilderAndBufferTest"/>
  <testcase name="testBufferAppend" time="0,000" classname="cviceni.StringBuilderAndBufferTest"/>
  <testcase name="testBufferAppendDelete" time="0,000" classname="cviceni.StringBuilderAndBufferTest"/>
  <testcase name="testBufferAppend" time="0,000" classname="cviceni.StringBuilderAndBufferTest"/>
  <testcase name="testBuilderAppend" time="0,000" classname="cviceni.StringBuilderAndBufferTest"/>
  <testcase name="testBuilderAppend" time="0,001" classname="cviceni.StringBuilderAndBufferTest"/>
  <testcase name="testBuilderAppendDelete" time="0,001" classname="cviceni.StringBuilderAndBufferTest"/>
  <testcase name="testBuilderAppend" time="0,001" classname="cviceni.StringBuilderAndBufferTest"/>
  <testcase name="testBufferAppendDelete" time="0,000" classname="cviceni.StringBuilderAndBufferTest"/>
  <testcase name="testBufferAppend" time="0,085" classname="cviceni.StringBuilderAndBufferTest"/>
  <testcase name="testBuilderAppendDelete" time="0,001" classname="cviceni.StringBuilderAndBufferTest"/>
  <testcase name="testBuilderAppendDelete" time="0,000" classname="cviceni.StringBuilderAndBufferTest"/>
  <testcase name="testBuilderAppendDelete" time="0,000" classname="cviceni.StringBuilderAndBufferTest"/>
  <testcase name="testBuilderAppend" time="0,001" classname="cviceni.StringBuilderAndBufferTest"/>
  <testcase name="testBufferAppend" time="0,000" classname="cviceni.StringBuilderAndBufferTest"/>
  <testcase name="testBufferAppendDelete" time="0,000" classname="cviceni.StringBuilderAndBufferTest"/>
  <testcase name="testBufferAppend" time="0,000" classname="cviceni.StringBuilderAndBufferTest"/>
  <testcase name="testBuilderAppendDelete" time="0,000" classname="cviceni.StringBuilderAndBufferTest"/>
  <testcase name="testBuilderAppend" time="0,035" classname="cviceni.StringBuilderAndBufferTest"/>
  <testcase name="testBufferAppend" time="0,000" classname="cviceni.StringBuilderAndBufferTest"/>
  <testcase name="testBuilderAppendDelete" time="0,006" classname="cviceni.StringBuilderAndBufferTest"/>
  <testcase name="testBuilderAppendDelete" time="0,000" classname="cviceni.StringBuilderAndBufferTest"/>
  <testcase name="testBuilderAppend" time="0,000" classname="cviceni.StringBuilderAndBufferTest"/>
  <testcase name="testBuilderAppendDelete" time="0,000" classname="cviceni.StringBuilderAndBufferTest"/>
  <testcase name="testBuilderAppend" time="0,000" classname="cviceni.StringBuilderAndBufferTest"/>
  <testcase name="testBuilderAppendDelete" time="0,000" classname="cviceni.StringBuilderAndBufferTest"/>
  <testcase name="testBuilderAppend" time="0,028" classname="cviceni.StringBuilderAndBufferTest"/>
  <testcase name="testBuilderAppendDelete" time="0,000" classname="cviceni.StringBuilderAndBufferTest"/>
  <testcase name="testBuilderAppendDelete" time="0,000" classname="cviceni.StringBuilderAndBufferTest"/>
  <testcase name="testBuilderAppendDelete" time="0,000" classname="cviceni.StringBuilderAndBufferTest"/>
  <testcase name="testBufferAppend" time="0,000" classname="cviceni.StringBuilderAndBufferTest"/>
  <testcase name="testBufferAppend" time="0,000" classname="cviceni.StringBuilderAndBufferTest"/>
  <testcase name="testBufferAppend" time="0,000" classname="cviceni.StringBuilderAndBufferTest"/>
  <testcase name="testBuilderAppend" time="0,001" classname="cviceni.StringBuilderAndBufferTest"/>
  <testcase name="testBuilderAppendDelete" time="0,000" classname="cviceni.StringBuilderAndBufferTest"/>
  <testcase name="testBuilderAppend" time="0,000" classname="cviceni.StringBuilderAndBufferTest"/>
  <testcase name="testBufferAppendDelete" time="0,000" classname="cviceni.StringBuilderAndBufferTest"/>
  <testcase name="testBufferAppendDelete" time="0,000" classname="cviceni.StringBuilderAndBufferTest"/>
  <testcase name="testBufferAppend" time="0,000" classname="cviceni.StringBuilderAndBufferTest"/>
  <testcase name="testBuilderAppendDelete" time="0,000" classname="cviceni.StringBuilderAndBufferTest"/>
  <testcase name="testBuilderAppend" time="0,001" classname="cviceni.StringBuilderAndBufferTest"/>
  <testcase name="testBufferAppend" time="0,000" classname="cviceni.StringBuilderAndBufferTest"/>
  <testcase name="testBuilderAppendDelete" time="0,000" classname="cviceni.StringBuilderAndBufferTest"/>
  <testcase name="testBufferAppend" time="0,000" classname="cviceni.StringBuilderAndBufferTest"/>
  <testcase name="testBufferAppend" time="0,000" classname="cviceni.StringBuilderAndBufferTest"/>
  <testcase name="testBufferAppendDelete" time="0,000" classname="cviceni.StringBuilderAndBufferTest"/>
  <testcase name="testBuilderAppend" time="0,001" classname="cviceni.StringBuilderAndBufferTest"/>
  <testcase name="testBuilderAppend" time="0,000" classname="cviceni.StringBuilderAndBufferTest"/>
  <testcase name="testBuilderAppend" time="0,000" classname="cviceni.StringBuilderAndBufferTest"/>
  <testcase name="testBufferAppend" time="0,000" classname="cviceni.StringBuilderAndBufferTest"/>
  <testcase name="testBufferAppend" time="0,001" classname="cviceni.StringBuilderAndBufferTest"/>
  <testcase name="testBufferAppendDelete" time="0,000" classname="cviceni.StringBuilderAndBufferTest"/>
  <testcase name="testBuilderAppend" time="0,000" classname="cviceni.StringBuilderAndBufferTest"/>
  <testcase name="testBufferAppend" time="0,000" classname="cviceni.StringBuilderAndBufferTest"/>
  <testcase name="testBufferAppend" time="0,000" classname="cviceni.StringBuilderAndBufferTest"/>
  <testcase name="testBuilderAppendDelete" time="0,000" classname="cviceni.StringBuilderAndBufferTest"/>
  <testcase name="testBuilderAppend" time="0,000" classname="cviceni.StringBuilderAndBufferTest"/>
  <testcase name="testBuilderAppendDelete" time="0,000" classname="cviceni.StringBuilderAndBufferTest"/>
  <testcase name="testBuilderAppendDelete" time="0,000" classname="cviceni.StringBuilderAndBufferTest"/>
  <testcase name="testBufferAppendDelete" time="0,000" classname="cviceni.StringBuilderAndBufferTest"/>
  <testcase name="testBufferAppendDelete" time="0,001" classname="cviceni.StringBuilderAndBufferTest"/>
  <testcase name="testBuilderAppend" time="0,000" classname="cviceni.StringBuilderAndBufferTest"/>
  <testcase name="testBuilderAppendDelete" time="0,000" classname="cviceni.StringBuilderAndBufferTest"/>
  <testcase name="testBuilderAppendDelete" time="0,000" classname="cviceni.StringBuilderAndBufferTest"/>
  <testcase name="testBuilderAppendDelete" time="0,000" classname="cviceni.StringBuilderAndBufferTest"/>
  <testcase name="testBufferAppend" time="0,000" classname="cviceni.StringBuilderAndBufferTest"/>
  <testcase name="testBufferAppendDelete" time="0,001" classname="cviceni.StringBuilderAndBufferTest"/>
  <testcase name="testBufferAppendDelete" time="0,001" classname="cviceni.StringBuilderAndBufferTest"/>
  <testcase name="testBuilderAppendDelete" time="0,000" classname="cviceni.StringBuilderAndBufferTest"/>
  <testcase name="testBuilderAppendDelete" time="0,001" classname="cviceni.StringBuilderAndBufferTest"/>
  <testcase name="testBufferAppendDelete" time="0,000" classname="cviceni.StringBuilderAndBufferTest"/>
  <testcase name="testBuilderAppendDelete" time="0,000" classname="cviceni.StringBuilderAndBufferTest"/>
  <testcase name="testBufferAppendDelete" time="0,000" classname="cviceni.StringBuilderAndBufferTest"/>
  <testcase name="testBufferAppend" time="0,000" classname="cviceni.StringBuilderAndBufferTest"/>
  <testcase name="testBufferAppend" time="0,000" classname="cviceni.StringBuilderAndBufferTest"/>
  <testcase name="testBufferAppend" time="0,000" classname="cviceni.StringBuilderAndBufferTest"/>
  <testcase name="testBuilderAppend" time="0,000" classname="cviceni.StringBuilderAndBufferTest"/>
  <testcase name="testBuilderAppend" time="0,000" classname="cviceni.StringBuilderAndBufferTest"/>
  <testcase name="testBufferAppend" time="0,001" classname="cviceni.StringBuilderAndBufferTest"/>
  <testcase name="testBufferAppend" time="0,000" classname="cviceni.StringBuilderAndBufferTest"/>
  <testcase name="testBuilderAppend" time="0,000" classname="cviceni.StringBuilderAndBufferTest"/>
  <testcase name="testBuilderAppendDelete" time="0,000" classname="cviceni.StringBuilderAndBufferTest"/>
  <testcase name="testBufferAppendDelete" time="0,000" classname="cviceni.StringBuilderAndBufferTest"/>
  <testcase name="testBuilderAppendDelete" time="0,000" classname="cviceni.StringBuilderAndBufferTest"/>
  <testcase name="testBufferAppend" time="0,000" classname="cviceni.StringBuilderAndBufferTest"/>
  <testcase name="testBufferAppendDelete" time="0,000" classname="cviceni.StringBuilderAndBufferTest"/>
  <testcase name="testBuilderAppendDelete" time="0,000" classname="cviceni.StringBuilderAndBufferTest"/>
  <testcase name="testBufferAppendDelete" time="0,000" classname="cviceni.StringBuilderAndBufferTest"/>
  <testcase name="testBuilderAppendDelete" time="0,000" classname="cviceni.StringBuilderAndBufferTest"/>
  <testcase name="testBuilderAppendDelete" time="0,000" classname="cviceni.StringBuilderAndBufferTest"/>
  <testcase name="testBuilderAppend" time="0,000" classname="cviceni.StringBuilderAndBufferTest"/>
  <testcase name="testBuilderAppendDelete" time="0,001" classname="cviceni.StringBuilderAndBufferTest"/>
  <testcase name="testBuilderAppend" time="0,000" classname="cviceni.StringBuilderAndBufferTest"/>
  <testcase name="testBufferAppend" time="0,000" classname="cviceni.StringBuilderAndBufferTest"/>
  <testcase name="testBuilderAppend" time="0,000" classname="cviceni.StringBuilderAndBufferTest"/>
  <testcase name="testBuilderAppendDelete" time="0,001" classname="cviceni.StringBuilderAndBufferTest"/>
  <testcase name="testBuilderAppend" time="0,001" classname="cviceni.StringBuilderAndBufferTest"/>
  <testcase name="testBufferAppendDelete" time="0,000" classname="cviceni.StringBuilderAndBufferTest"/>
  <testcase name="testBufferAppendDelete" time="0,000" classname="cviceni.StringBuilderAndBufferTest"/>
  <testcase name="testBufferAppend" time="0,000" classname="cviceni.StringBuilderAndBufferTest"/>
  <testcase name="testBufferAppendDelete" time="0,000" classname="cviceni.StringBuilderAndBufferTest"/>
  <testcase name="testBuilderAppendDelete" time="0,000" classname="cviceni.StringBuilderAndBufferTest"/>
  <testcase name="testBufferAppendDelete" time="0,000" classname="cviceni.StringBuilderAndBufferTest"/>
  <testcase name="testBufferAppendDelete" time="0,000" classname="cviceni.StringBuilderAndBufferTest"/>
  <testcase name="testBuilderAppend" time="0,001" classname="cviceni.StringBuilderAndBufferTest"/>
  <testcase name="testBuilderAppendDelete" time="0,000" classname="cviceni.StringBuilderAndBufferTest"/>
  <testcase name="testBufferAppendDelete" time="0,000" classname="cviceni.StringBuilderAndBufferTest"/>
  <testcase name="testBuilderAppendDelete" time="0,000" classname="cviceni.StringBuilderAndBufferTest"/>
  <testcase name="testBuilderAppend" time="0,000" classname="cviceni.StringBuilderAndBufferTest"/>
  <testcase name="testBuilderAppend" time="0,000" classname="cviceni.StringBuilderAndBufferTest"/>
  <testcase name="testBufferAppend" time="0,000" classname="cviceni.StringBuilderAndBufferTest"/>
  <testcase name="testBuilderAppendDelete" time="0,000" classname="cviceni.StringBuilderAndBufferTest"/>
  <testcase name="testBufferAppendDelete" time="0,000" classname="cviceni.StringBuilderAndBufferTest"/>
  <testcase name="testBufferAppend" time="0,000" classname="cviceni.StringBuilderAndBufferTest"/>
  <testcase name="testBufferAppendDelete" time="0,000" classname="cviceni.StringBuilderAndBufferTest"/>
  <testcase name="testBuilderAppend" time="0,001" classname="cviceni.StringBuilderAndBufferTest"/>
  <testcase name="testBuilderAppendDelete" time="0,001" classname="cviceni.StringBuilderAndBufferTest"/>
  <testcase name="testBufferAppend" time="0,000" classname="cviceni.StringBuilderAndBufferTest"/>
  <testcase name="testBuilderAppend" time="0,000" classname="cviceni.StringBuilderAndBufferTest"/>
  <testcase name="testBufferAppend" time="0,000" classname="cviceni.StringBuilderAndBufferTest"/>
  <testcase name="testBuilderAppendDelete" time="0,001" classname="cviceni.StringBuilderAndBufferTest"/>
  <testcase name="testBuilderAppendDelete" time="0,001" classname="cviceni.StringBuilderAndBufferTest"/>
  <testcase name="testBufferAppendDelete" time="0,000" classname="cviceni.StringBuilderAndBufferTest"/>
  <testcase name="testBufferAppend" time="0,000" classname="cviceni.StringBuilderAndBufferTest"/>
  <testcase name="testBufferAppend" time="0,001" classname="cviceni.StringBuilderAndBufferTest"/>
  <testcase name="testBufferAppend" time="0,001" classname="cviceni.StringBuilderAndBufferTest"/>
  <testcase name="testBuilderAppend" time="0,000" classname="cviceni.StringBuilderAndBufferTest"/>
  <testcase name="testBufferAppend" time="0,001" classname="cviceni.StringBuilderAndBufferTest"/>
  <testcase name="testBuilderAppendDelete" time="0,001" classname="cviceni.StringBuilderAndBufferTest"/>
  <testcase name="testBufferAppendDelete" time="0,000" classname="cviceni.StringBuilderAndBufferTest"/>
  <testcase name="testBuilderAppend" time="0,000" classname="cviceni.StringBuilderAndBufferTest"/>
  <testcase name="testBuilderAppendDelete" time="0,000" classname="cviceni.StringBuilderAndBufferTest"/>
  <testcase name="testBufferAppendDelete" time="0,000" classname="cviceni.StringBuilderAndBufferTest"/>
  <testcase name="testBuilderAppend" time="0,001" classname="cviceni.StringBuilderAndBufferTest"/>
  <testcase name="testBufferAppend" time="0,000" classname="cviceni.StringBuilderAndBufferTest"/>
  <testcase name="testBuilderAppend" time="0,000" classname="cviceni.StringBuilderAndBufferTest"/>
  <testcase name="testBuilderAppend" time="0,000" classname="cviceni.StringBuilderAndBufferTest"/>
  <testcase name="testBuilderAppendDelete" time="0,000" classname="cviceni.StringBuilderAndBufferTest"/>
  <testcase name="testBufferAppend" time="0,001" classname="cviceni.StringBuilderAndBufferTest"/>
  <testcase name="testBufferAppendDelete" time="0,114" classname="cviceni.StringBuilderAndBufferTest"/>
  <testcase name="testBuilderAppend" time="0,000" classname="cviceni.StringBuilderAndBufferTest"/>
  <testcase name="testBuilderAppend" time="0,000" classname="cviceni.StringBuilderAndBufferTest"/>
  <testcase name="testBuilderAppendDelete" time="0,000" classname="cviceni.StringBuilderAndBufferTest"/>
  <testcase name="testBufferAppend" time="0,000" classname="cviceni.StringBuilderAndBufferTest"/>
  <testcase name="testBufferAppend" time="0,000" classname="cviceni.StringBuilderAndBufferTest"/>
  <testcase name="testBuilderAppend" time="0,001" classname="cviceni.StringBuilderAndBufferTest"/>
  <testcase name="testBuilderAppendDelete" time="0,000" classname="cviceni.StringBuilderAndBufferTest"/>
  <testcase name="testBufferAppendDelete" time="0,000" classname="cviceni.StringBuilderAndBufferTest"/>
  <testcase name="testBuilderAppendDelete" time="0,000" classname="cviceni.StringBuilderAndBufferTest"/>
  <testcase name="testBuilderAppendDelete" time="0,001" classname="cviceni.StringBuilderAndBufferTest"/>
  <testcase name="testBuilderAppendDelete" time="0,000" classname="cviceni.StringBuilderAndBufferTest"/>
  <testcase name="testBuilderAppend" time="0,001" classname="cviceni.StringBuilderAndBufferTest"/>
  <testcase name="testBuilderAppend" time="0,000" classname="cviceni.StringBuilderAndBufferTest"/>
  <testcase name="testBufferAppendDelete" time="0,001" classname="cviceni.StringBuilderAndBufferTest"/>
  <testcase name="testBufferAppend" time="0,000" classname="cviceni.StringBuilderAndBufferTest"/>
  <testcase name="testBuilderAppendDelete" time="0,000" classname="cviceni.StringBuilderAndBufferTest"/>
  <testcase name="testBufferAppendDelete" time="0,000" classname="cviceni.StringBuilderAndBufferTest"/>
  <testcase name="testBuilderAppendDelete" time="0,000" classname="cviceni.StringBuilderAndBufferTest"/>
  <testcase name="testBuilderAppend" time="0,000" classname="cviceni.StringBuilderAndBufferTest"/>
  <testcase name="testBuilderAppendDelete" time="0,000" classname="cviceni.StringBuilderAndBufferTest"/>
  <testcase name="testBufferAppend" time="0,000" classname="cviceni.StringBuilderAndBufferTest"/>
  <testcase name="testBuilderAppend" time="0,000" classname="cviceni.StringBuilderAndBufferTest"/>
  <testcase name="testBufferAppend" time="0,000" classname="cviceni.StringBuilderAndBufferTest"/>
  <testcase name="testBuilderAppend" time="0,000" classname="cviceni.StringBuilderAndBufferTest"/>
  <testcase name="testBufferAppend" time="0,001" classname="cviceni.StringBuilderAndBufferTest"/>
  <testcase name="testBufferAppendDelete" time="0,000" classname="cviceni.StringBuilderAndBufferTest"/>
  <testcase name="testBufferAppendDelete" time="0,000" classname="cviceni.StringBuilderAndBufferTest"/>
  <testcase name="testBufferAppendDelete" time="0,000" classname="cviceni.StringBuilderAndBufferTest"/>
  <testcase name="testBufferAppendDelete" time="0,000" classname="cviceni.StringBuilderAndBufferTest"/>
  <testcase name="testBufferAppend" time="0,000" classname="cviceni.StringBuilderAndBufferTest"/>
  <testcase name="testBufferAppendDelete" time="0,000" classname="cviceni.StringBuilderAndBufferTest"/>
  <testcase name="testBuilderAppend" time="0,000" classname="cviceni.StringBuilderAndBufferTest"/>
  <testcase name="testBufferAppendDelete" time="0,000" classname="cviceni.StringBuilderAndBufferTest"/>
  <testcase name="testBufferAppendDelete" time="0,001" classname="cviceni.StringBuilderAndBufferTest"/>
  <testcase name="testBufferAppend" time="0,000" classname="cviceni.StringBuilderAndBufferTest"/>
  <testcase name="testBufferAppendDelete" time="0,000" classname="cviceni.StringBuilderAndBufferTest"/>
  <testcase name="testBufferAppendDelete" time="0,004" classname="cviceni.StringBuilderAndBufferTest"/>
  <testcase name="testBufferAppendDelete" time="0,000" classname="cviceni.StringBuilderAndBufferTest"/>
  <testcase name="testBufferAppend" time="0,022" classname="cviceni.StringBuilderAndBufferTest"/>
  <testcase name="testBuilderAppend" time="0,000" classname="cviceni.StringBuilderAndBufferTest"/>
  <testcase name="testBufferAppendDelete" time="0,000" classname="cviceni.StringBuilderAndBufferTest"/>
  <testcase name="testBufferAppend" time="0,001" classname="cviceni.StringBuilderAndBufferTest"/>
  <testcase name="testBuilderAppend" time="0,000" classname="cviceni.StringBuilderAndBufferTest"/>
  <testcase name="testBufferAppendDelete" time="0,000" classname="cviceni.StringBuilderAndBufferTest"/>
  <testcase name="testBuilderAppendDelete" time="0,036" classname="cviceni.StringBuilderAndBufferTest"/>
  <testcase name="testBuilderAppend" time="0,001" classname="cviceni.StringBuilderAndBufferTest"/>
  <testcase name="testBufferAppendDelete" time="0,000" classname="cviceni.StringBuilderAndBufferTest"/>
  <testcase name="testBufferAppendDelete" time="0,001" classname="cviceni.StringBuilderAndBufferTest"/>
  <testcase name="testBuilderAppend" time="0,001" classname="cviceni.StringBuilderAndBufferTest"/>
  <testcase name="testBuilderAppend" time="0,001" classname="cviceni.StringBuilderAndBufferTest"/>
  <testcase name="testBufferAppendDelete" time="0,000" classname="cviceni.StringBuilderAndBufferTest"/>
  <testcase name="testBuilderAppend" time="0,000" classname="cviceni.StringBuilderAndBufferTest"/>
  <testcase name="testBufferAppendDelete" time="0,000" classname="cviceni.StringBuilderAndBufferTest"/>
  <testcase name="testBufferAppendDelete" time="0,000" classname="cviceni.StringBuilderAndBufferTest"/>
  <testcase name="testBufferAppendDelete" time="0,000" classname="cviceni.StringBuilderAndBufferTest"/>
  <testcase name="testBuilderAppendDelete" time="0,000" classname="cviceni.StringBuilderAndBufferTest"/>
  <testcase name="testBufferAppendDelete" time="0,000" classname="cviceni.StringBuilderAndBufferTest"/>
  <testcase name="testBuilderAppendDelete" time="0,000" classname="cviceni.StringBuilderAndBufferTest"/>
  <testcase name="testBufferAppend" time="0,000" classname="cviceni.StringBuilderAndBufferTest"/>
  <testcase name="testBuilderAppendDelete" time="0,000" classname="cviceni.StringBuilderAndBufferTest"/>
  <testcase name="testBufferAppend" time="0,001" classname="cviceni.StringBuilderAndBufferTest"/>
  <testcase name="testBufferAppend" time="0,000" classname="cviceni.StringBuilderAndBufferTest"/>
  <testcase name="testBufferAppendDelete" time="0,000" classname="cviceni.StringBuilderAndBufferTest"/>
  <testcase name="testBuilderAppend" time="0,000" classname="cviceni.StringBuilderAndBufferTest"/>
  <testcase name="testBuilderAppend" time="0,000" classname="cviceni.StringBuilderAndBufferTest"/>
  <testcase name="testBuilderAppendDelete" time="0,001" classname="cviceni.StringBuilderAndBufferTest"/>
  <testcase name="testBuilderAppendDelete" time="0,000" classname="cviceni.StringBuilderAndBufferTest"/>
  <testcase name="testBufferAppendDelete" time="0,001" classname="cviceni.StringBuilderAndBufferTest"/>
  <testcase name="testBuilderAppendDelete" time="0,000" classname="cviceni.StringBuilderAndBufferTest"/>
  <testcase name="testBuilderAppend" time="0,000" classname="cviceni.StringBuilderAndBufferTest"/>
  <testcase name="testBufferAppend" time="0,003" classname="cviceni.StringBuilderAndBufferTest"/>
  <testcase name="testBufferAppend" time="0,000" classname="cviceni.StringBuilderAndBufferTest"/>
  <testcase name="testBufferAppend" time="0,000" classname="cviceni.StringBuilderAndBufferTest"/>
  <testcase name="testBuilderAppend" time="0,000" classname="cviceni.StringBuilderAndBufferTest"/>
  <testcase name="testBufferAppend" time="0,000" classname="cviceni.StringBuilderAndBufferTest"/>
  <testcase name="testBuilderAppend" time="0,001" classname="cviceni.StringBuilderAndBufferTest"/>
  <testcase name="testBuilderAppend" time="0,001" classname="cviceni.StringBuilderAndBufferTest"/>
  <testcase name="testBufferAppend" time="0,001" classname="cviceni.StringBuilderAndBufferTest"/>
  <testcase name="testBufferAppend" time="0,000" classname="cviceni.StringBuilderAndBufferTest"/>
  <testcase name="testBufferAppend" time="0,000" classname="cviceni.StringBuilderAndBufferTest"/>
  <testcase name="testBufferAppendDelete" time="0,000" classname="cviceni.StringBuilderAndBufferTest"/>
  <testcase name="testBufferAppendDelete" time="0,001" classname="cviceni.StringBuilderAndBufferTest"/>
  <testcase name="testBuilderAppend" time="0,000" classname="cviceni.StringBuilderAndBufferTest"/>
  <testcase name="testBufferAppendDelete" time="0,001" classname="cviceni.StringBuilderAndBufferTest"/>
  <testcase name="testBuilderAppendDelete" time="0,001" classname="cviceni.StringBuilderAndBufferTest"/>
  <testcase name="testBuilderAppendDelete" time="0,000" classname="cviceni.StringBuilderAndBufferTest"/>
  <testcase name="testBufferAppendDelete" time="0,000" classname="cviceni.StringBuilderAndBufferTest"/>
  <testcase name="testBuilderAppendDelete" time="0,000" classname="cviceni.StringBuilderAndBufferTest"/>
  <testcase name="testBufferAppend" time="0,001" classname="cviceni.StringBuilderAndBufferTest"/>
  <testcase name="testBuilderAppendDelete" time="0,000" classname="cviceni.StringBuilderAndBufferTest"/>
  <testcase name="testBuilderAppendDelete" time="0,000" classname="cviceni.StringBuilderAndBufferTest"/>
  <testcase name="testBuilderAppend" time="0,000" classname="cviceni.StringBuilderAndBufferTest"/>
  <testcase name="testBufferAppendDelete" time="0,000" classname="cviceni.StringBuilderAndBufferTest"/>
  <testcase name="testBufferAppendDelete" time="0,000" classname="cviceni.StringBuilderAndBufferTest"/>
  <testcase name="testBuilderAppend" time="0,001" classname="cviceni.StringBuilderAndBufferTest"/>
  <testcase name="testBuilderAppend" time="0,001" classname="cviceni.StringBuilderAndBufferTest"/>
  <testcase name="testBuilderAppendDelete" time="0,000" classname="cviceni.StringBuilderAndBufferTest"/>
  <testcase name="testBufferAppendDelete" time="0,001" classname="cviceni.StringBuilderAndBufferTest"/>
  <testcase name="testBufferAppend" time="0,001" classname="cviceni.StringBuilderAndBufferTest"/>
  <testcase name="testBuilderAppend" time="0,000" classname="cviceni.StringBuilderAndBufferTest"/>
  <testcase name="testBufferAppendDelete" time="0,000" classname="cviceni.StringBuilderAndBufferTest"/>
  <testcase name="testBuilderAppend" time="0,001" classname="cviceni.StringBuilderAndBufferTest"/>
  <testcase name="testBufferAppend" time="0,000" classname="cviceni.StringBuilderAndBufferTest"/>
  <testcase name="testBufferAppendDelete" time="0,000" classname="cviceni.StringBuilderAndBufferTest"/>
  <testcase name="testBufferAppendDelete" time="0,000" classname="cviceni.StringBuilderAndBufferTest"/>
  <testcase name="testBuilderAppend" time="0,000" classname="cviceni.StringBuilderAndBufferTest"/>
  <testcase name="testBufferAppend" time="0,000" classname="cviceni.StringBuilderAndBufferTest"/>
  <testcase name="testBuilderAppendDelete" time="0,000" classname="cviceni.StringBuilderAndBufferTest"/>
  <testcase name="testBufferAppendDelete" time="0,001" classname="cviceni.StringBuilderAndBufferTest"/>
  <testcase name="testBuilderAppend" time="0,000" classname="cviceni.StringBuilderAndBufferTest"/>
  <testcase name="testBufferAppend" time="0,036" classname="cviceni.StringBuilderAndBufferTest"/>
  <testcase name="testBuilderAppendDelete" time="0,000" classname="cviceni.StringBuilderAndBufferTest"/>
  <testcase name="testBuilderAppendDelete" time="0,004" classname="cviceni.StringBuilderAndBufferTest"/>
  <testcase name="testBuilderAppend" time="0,001" classname="cviceni.StringBuilderAndBufferTest"/>
  <testcase name="testBuilderAppend" time="0,000" classname="cviceni.StringBuilderAndBufferTest"/>
  <testcase name="testBuilderAppendDelete" time="0,000" classname="cviceni.StringBuilderAndBufferTest"/>
  <testcase name="testBufferAppend" time="0,000" classname="cviceni.StringBuilderAndBufferTest"/>
  <testcase name="testBufferAppendDelete" time="0,001" classname="cviceni.StringBuilderAndBufferTest"/>
  <testcase name="testBuilderAppendDelete" time="0,000" classname="cviceni.StringBuilderAndBufferTest"/>
  <testcase name="testBufferAppend" time="0,000" classname="cviceni.StringBuilderAndBufferTest"/>
  <testcase name="testBufferAppend" time="0,000" classname="cviceni.StringBuilderAndBufferTest"/>
  <testcase name="testBuilderAppendDelete" time="0,000" classname="cviceni.StringBuilderAndBufferTest"/>
  <testcase name="testBufferAppendDelete" time="0,000" classname="cviceni.StringBuilderAndBufferTest"/>
  <testcase name="testBuilderAppend" time="0,000" classname="cviceni.StringBuilderAndBufferTest"/>
  <testcase name="testBuilderAppendDelete" time="0,000" classname="cviceni.StringBuilderAndBufferTest"/>
  <testcase name="testBufferAppend" time="0,049" classname="cviceni.StringBuilderAndBufferTest"/>
  <testcase name="testBuilderAppendDelete" time="0,028" classname="cviceni.StringBuilderAndBufferTest"/>
  <testcase name="testBuilderAppendDelete" time="0,000" classname="cviceni.StringBuilderAndBufferTest"/>
  <testcase name="testBuilderAppendDelete" time="0,000" classname="cviceni.StringBuilderAndBufferTest"/>
  <testcase name="testBuilderAppend" time="0,001" classname="cviceni.StringBuilderAndBufferTest"/>
  <testcase name="testBuilderAppendDelete" time="0,000" classname="cviceni.StringBuilderAndBufferTest"/>
  <testcase name="testBufferAppend" time="0,000" classname="cviceni.StringBuilderAndBufferTest"/>
  <testcase name="testBuilderAppend" time="0,000" classname="cviceni.StringBuilderAndBufferTest"/>
  <testcase name="testBufferAppend" time="0,001" classname="cviceni.StringBuilderAndBufferTest"/>
  <testcase name="testBufferAppend" time="0,001" classname="cviceni.StringBuilderAndBufferTest"/>
  <testcase name="testBufferAppend" time="0,001" classname="cviceni.StringBuilderAndBufferTest"/>
  <testcase name="testBufferAppendDelete" time="0,000" classname="cviceni.StringBuilderAndBufferTest"/>
  <testcase name="testBuilderAppendDelete" time="0,000" classname="cviceni.StringBuilderAndBufferTest"/>
  <testcase name="testBuilderAppendDelete" time="0,000" classname="cviceni.StringBuilderAndBufferTest"/>
  <testcase name="testBuilderAppendDelete" time="0,000" classname="cviceni.StringBuilderAndBufferTest"/>
  <testcase name="testBuilderAppendDelete" time="0,000" classname="cviceni.StringBuilderAndBufferTest"/>
  <testcase name="testBufferAppendDelete" time="0,000" classname="cviceni.StringBuilderAndBufferTest"/>
  <testcase name="testBufferAppendDelete" time="0,000" classname="cviceni.StringBuilderAndBufferTest"/>
  <testcase name="testBufferAppend" time="0,000" classname="cviceni.StringBuilderAndBufferTest"/>
  <testcase name="testBufferAppend" time="0,000" classname="cviceni.StringBuilderAndBufferTest"/>
  <testcase name="testBufferAppend" time="0,001" classname="cviceni.StringBuilderAndBufferTest"/>
  <testcase name="testBufferAppendDelete" time="0,000" classname="cviceni.StringBuilderAndBufferTest"/>
  <testcase name="testBuilderAppendDelete" time="0,000" classname="cviceni.StringBuilderAndBufferTest"/>
  <testcase name="testBuilderAppendDelete" time="0,000" classname="cviceni.StringBuilderAndBufferTest"/>
  <testcase name="testBuilderAppendDelete" time="0,001" classname="cviceni.StringBuilderAndBufferTest"/>
  <testcase name="testBufferAppendDelete" time="0,000" classname="cviceni.StringBuilderAndBufferTest"/>
  <testcase name="testBufferAppendDelete" time="0,000" classname="cviceni.StringBuilderAndBufferTest"/>
  <testcase name="testBufferAppendDelete" time="0,000" classname="cviceni.StringBuilderAndBufferTest"/>
  <testcase name="testBuilderAppendDelete" time="0,000" classname="cviceni.StringBuilderAndBufferTest"/>
  <testcase name="testBuilderAppend" time="0,000" classname="cviceni.StringBuilderAndBufferTest"/>
  <testcase name="testBuilderAppend" time="0,000" classname="cviceni.StringBuilderAndBufferTest"/>
  <testcase name="testBuilderAppend" time="0,000" classname="cviceni.StringBuilderAndBufferTest"/>
  <testcase name="testBuilderAppend" time="0,001" classname="cviceni.StringBuilderAndBufferTest"/>
  <testcase name="testBuilderAppend" time="0,001" classname="cviceni.StringBuilderAndBufferTest"/>
  <testcase name="testBuilderAppend" time="0,001" classname="cviceni.StringBuilderAndBufferTest"/>
  <testcase name="testBufferAppend" time="0,000" classname="cviceni.StringBuilderAndBufferTest"/>
  <testcase name="testBufferAppend" time="0,000" classname="cviceni.StringBuilderAndBufferTest"/>
  <testcase name="testBufferAppend" time="0,000" classname="cviceni.StringBuilderAndBufferTest"/>
  <testcase name="testBuilderAppend" time="0,001" classname="cviceni.StringBuilderAndBufferTest"/>
  <testcase name="testBufferAppend" time="0,000" classname="cviceni.StringBuilderAndBufferTest"/>
  <testcase name="testBuilderAppendDelete" time="0,000" classname="cviceni.StringBuilderAndBufferTest"/>
  <testcase name="testBuilderAppendDelete" time="0,000" classname="cviceni.StringBuilderAndBufferTest"/>
  <testcase name="testBuilderAppendDelete" time="0,001" classname="cviceni.StringBuilderAndBufferTest"/>
  <testcase name="testBufferAppendDelete" time="0,000" classname="cviceni.StringBuilderAndBufferTest"/>
  <testcase name="testBufferAppend" time="0,000" classname="cviceni.StringBuilderAndBufferTest"/>
  <testcase name="testBufferAppend" time="0,000" classname="cviceni.StringBuilderAndBufferTest"/>
  <testcase name="testBufferAppendDelete" time="0,000" classname="cviceni.StringBuilderAndBufferTest"/>
  <testcase name="testBuilderAppend" time="0,000" classname="cviceni.StringBuilderAndBufferTest"/>
  <testcase name="testBuilderAppendDelete" time="0,369" classname="cviceni.StringBuilderAndBufferTest"/>
  <testcase name="testBuilderAppend" time="0,000" classname="cviceni.StringBuilderAndBufferTest"/>
  <testcase name="testBufferAppendDelete" time="0,001" classname="cviceni.StringBuilderAndBufferTest"/>
  <testcase name="testBufferAppendDelete" time="0,001" classname="cviceni.StringBuilderAndBufferTest"/>
  <testcase name="testBuilderAppend" time="0,001" classname="cviceni.StringBuilderAndBufferTest"/>
  <testcase name="testBuilderAppendDelete" time="0,001" classname="cviceni.StringBuilderAndBufferTest"/>
  <testcase name="testBuilderAppendDelete" time="0,000" classname="cviceni.StringBuilderAndBufferTest"/>
  <testcase name="testBuilderAppendDelete" time="0,000" classname="cviceni.StringBuilderAndBufferTest"/>
  <testcase name="testBuilderAppend" time="0,001" classname="cviceni.StringBuilderAndBufferTest"/>
  <testcase name="testBuilderAppend" time="0,000" classname="cviceni.StringBuilderAndBufferTest"/>
  <testcase name="testBuilderAppend" time="0,000" classname="cviceni.StringBuilderAndBufferTest"/>
  <testcase name="testBufferAppend" time="0,000" classname="cviceni.StringBuilderAndBufferTest"/>
  <testcase name="testBuilderAppend" time="0,000" classname="cviceni.StringBuilderAndBufferTest"/>
  <testcase name="testBufferAppend" time="0,000" classname="cviceni.StringBuilderAndBufferTest"/>
  <testcase name="testBufferAppend" time="0,002" classname="cviceni.StringBuilderAndBufferTest"/>
  <testcase name="testBuilderAppend" time="0,001" classname="cviceni.StringBuilderAndBufferTest"/>
  <testcase name="testBuilderAppendDelete" time="0,003" classname="cviceni.StringBuilderAndBufferTest"/>
  <testcase name="testBuilderAppend" time="0,000" classname="cviceni.StringBuilderAndBufferTest"/>
  <testcase name="testBuilderAppendDelete" time="0,000" classname="cviceni.StringBuilderAndBufferTest"/>
  <testcase name="testBuilderAppend" time="0,000" classname="cviceni.StringBuilderAndBufferTest"/>
  <testcase name="testBuilderAppend" time="0,001" classname="cviceni.StringBuilderAndBufferTest"/>
  <testcase name="testBufferAppendDelete" time="0,000" classname="cviceni.StringBuilderAndBufferTest"/>
  <testcase name="testBufferAppendDelete" time="0,001" classname="cviceni.StringBuilderAndBufferTest"/>
  <testcase name="testBuilderAppend" time="0,001" classname="cviceni.StringBuilderAndBufferTest"/>
  <testcase name="testBufferAppend" time="0,000" classname="cviceni.StringBuilderAndBufferTest"/>
  <testcase name="testBufferAppendDelete" time="0,000" classname="cviceni.StringBuilderAndBufferTest"/>
  <testcase name="testBufferAppendDelete" time="0,000" classname="cviceni.StringBuilderAndBufferTest"/>
  <testcase name="testBuilderAppendDelete" time="0,001" classname="cviceni.StringBuilderAndBufferTest"/>
  <testcase name="testBufferAppendDelete" time="0,001" classname="cviceni.StringBuilderAndBufferTest"/>
  <testcase name="testBuilderAppend" time="0,001" classname="cviceni.StringBuilderAndBufferTest"/>
  <testcase name="testBufferAppendDelete" time="0,000" classname="cviceni.StringBuilderAndBufferTest"/>
  <testcase name="testBuilderAppendDelete" time="0,000" classname="cviceni.StringBuilderAndBufferTest"/>
  <testcase name="testBuilderAppend" time="0,000" classname="cviceni.StringBuilderAndBufferTest"/>
  <testcase name="testBuilderAppend" time="0,000" classname="cviceni.StringBuilderAndBufferTest"/>
  <testcase name="testBuilderAppend" time="0,000" classname="cviceni.StringBuilderAndBufferTest"/>
  <testcase name="testBufferAppendDelete" time="0,000" classname="cviceni.StringBuilderAndBufferTest"/>
  <testcase name="testBuilderAppendDelete" time="0,000" classname="cviceni.StringBuilderAndBufferTest"/>
  <testcase name="testBuilderAppend" time="0,001" classname="cviceni.StringBuilderAndBufferTest"/>
  <testcase name="testBufferAppend" time="0,000" classname="cviceni.StringBuilderAndBufferTest"/>
  <testcase name="testBufferAppendDelete" time="0,001" classname="cviceni.StringBuilderAndBufferTest"/>
  <testcase name="testBufferAppend" time="0,001" classname="cviceni.StringBuilderAndBufferTest"/>
  <testcase name="testBufferAppend" time="0,001" classname="cviceni.StringBuilderAndBufferTest"/>
  <testcase name="testBuilderAppendDelete" time="0,000" classname="cviceni.StringBuilderAndBufferTest"/>
  <testcase name="testBufferAppend" time="0,000" classname="cviceni.StringBuilderAndBufferTest"/>
  <testcase name="testBuilderAppend" time="0,001" classname="cviceni.StringBuilderAndBufferTest"/>
  <testcase name="testBuilderAppend" time="0,000" classname="cviceni.StringBuilderAndBufferTest"/>
  <testcase name="testBufferAppendDelete" time="0,000" classname="cviceni.StringBuilderAndBufferTest"/>
  <testcase name="testBuilderAppendDelete" time="0,000" classname="cviceni.StringBuilderAndBufferTest"/>
  <testcase name="testBuilderAppend" time="0,000" classname="cviceni.StringBuilderAndBufferTest"/>
  <testcase name="testBuilderAppend" time="0,001" classname="cviceni.StringBuilderAndBufferTest"/>
  <testcase name="testBufferAppend" time="0,001" classname="cviceni.StringBuilderAndBufferTest"/>
  <testcase name="testBufferAppend" time="0,001" classname="cviceni.StringBuilderAndBufferTest"/>
  <testcase name="testBufferAppendDelete" time="0,002" classname="cviceni.StringBuilderAndBufferTest"/>
  <testcase name="testBuilderAppend" time="0,000" classname="cviceni.StringBuilderAndBufferTest"/>
  <testcase name="testBuilderAppend" time="0,000" classname="cviceni.StringBuilderAndBufferTest"/>
  <testcase name="testBuilderAppend" time="0,001" classname="cviceni.StringBuilderAndBufferTest"/>
  <testcase name="testBufferAppend" time="0,000" classname="cviceni.StringBuilderAndBufferTest"/>
  <testcase name="testBufferAppend" time="0,001" classname="cviceni.StringBuilderAndBufferTest"/>
  <testcase name="testBuilderAppend" time="0,000" classname="cviceni.StringBuilderAndBufferTest"/>
  <testcase name="testBuilderAppend" time="0,000" classname="cviceni.StringBuilderAndBufferTest"/>
  <testcase name="testBufferAppend" time="0,000" classname="cviceni.StringBuilderAndBufferTest"/>
  <testcase name="testBufferAppendDelete" time="0,000" classname="cviceni.StringBuilderAndBufferTest"/>
  <testcase name="testBufferAppendDelete" time="0,001" classname="cviceni.StringBuilderAndBufferTest"/>
  <testcase name="testBuilderAppendDelete" time="0,001" classname="cviceni.StringBuilderAndBufferTest"/>
  <testcase name="testBufferAppend" time="0,000" classname="cviceni.StringBuilderAndBufferTest"/>
  <testcase name="testBuilderAppend" time="0,001" classname="cviceni.StringBuilderAndBufferTest"/>
  <testcase name="testBuilderAppendDelete" time="0,001" classname="cviceni.StringBuilderAndBufferTest"/>
  <testcase name="testBuilderAppendDelete" time="0,000" classname="cviceni.StringBuilderAndBufferTest"/>
  <testcase name="testBuilderAppendDelete" time="0,000" classname="cviceni.StringBuilderAndBufferTest"/>
  <testcase name="testBuilderAppendDelete" time="0,000" classname="cviceni.StringBuilderAndBufferTest"/>
  <testcase name="testBuilderAppendDelete" time="0,000" classname="cviceni.StringBuilderAndBufferTest"/>
  <testcase name="testBuilderAppend" time="0,000" classname="cviceni.StringBuilderAndBufferTest"/>
  <testcase name="testBufferAppend" time="0,000" classname="cviceni.StringBuilderAndBufferTest"/>
  <testcase name="testBuilderAppendDelete" time="0,000" classname="cviceni.StringBuilderAndBufferTest"/>
  <testcase name="testBuilderAppendDelete" time="0,000" classname="cviceni.StringBuilderAndBufferTest"/>
  <testcase name="testBufferAppendDelete" time="0,001" classname="cviceni.StringBuilderAndBufferTest"/>
  <testcase name="testBuilderAppend" time="0,000" classname="cviceni.StringBuilderAndBufferTest"/>
  <testcase name="testBuilderAppendDelete" time="0,001" classname="cviceni.StringBuilderAndBufferTest"/>
  <testcase name="testBufferAppend" time="0,020" classname="cviceni.StringBuilderAndBufferTest"/>
  <testcase name="testBufferAppend" time="0,000" classname="cviceni.StringBuilderAndBufferTest"/>
  <testcase name="testBuilderAppendDelete" time="0,000" classname="cviceni.StringBuilderAndBufferTest"/>
  <testcase name="testBufferAppendDelete" time="0,000" classname="cviceni.StringBuilderAndBufferTest"/>
  <testcase name="testBuilderAppend" time="0,000" classname="cviceni.StringBuilderAndBufferTest"/>
  <testcase name="testBuilderAppend" time="0,000" classname="cviceni.StringBuilderAndBufferTest"/>
  <testcase name="testBuilderAppendDelete" time="0,001" classname="cviceni.StringBuilderAndBufferTest"/>
  <testcase name="testBufferAppend" time="0,000" classname="cviceni.StringBuilderAndBufferTest"/>
  <testcase name="testBufferAppendDelete" time="0,000" classname="cviceni.StringBuilderAndBufferTest"/>
  <testcase name="testBufferAppend" time="0,000" classname="cviceni.StringBuilderAndBufferTest"/>
  <testcase name="testBufferAppend" time="0,000" classname="cviceni.StringBuilderAndBufferTest"/>
  <testcase name="testBufferAppendDelete" time="0,375" classname="cviceni.StringBuilderAndBufferTest"/>
  <testcase name="testBufferAppend" time="0,001" classname="cviceni.StringBuilderAndBufferTest"/>
  <testcase name="testBuilderAppend" time="0,001" classname="cviceni.StringBuilderAndBufferTest"/>
  <testcase name="testBufferAppend" time="0,001" classname="cviceni.StringBuilderAndBufferTest"/>
  <testcase name="testBufferAppend" time="0,000" classname="cviceni.StringBuilderAndBufferTest"/>
  <testcase name="testBufferAppend" time="0,000" classname="cviceni.StringBuilderAndBufferTest"/>
  <testcase name="testBufferAppendDelete" time="0,001" classname="cviceni.StringBuilderAndBufferTest"/>
  <testcase name="testBufferAppendDelete" time="0,001" classname="cviceni.StringBuilderAndBufferTest"/>
  <testcase name="testBuilderAppend" time="0,000" classname="cviceni.StringBuilderAndBufferTest"/>
  <testcase name="testBufferAppend" time="0,000" classname="cviceni.StringBuilderAndBufferTest"/>
  <testcase name="testBuilderAppendDelete" time="0,000" classname="cviceni.StringBuilderAndBufferTest"/>
  <testcase name="testBuilderAppend" time="0,001" classname="cviceni.StringBuilderAndBufferTest"/>
  <testcase name="testBufferAppend" time="0,001" classname="cviceni.StringBuilderAndBufferTest"/>
  <testcase name="testBufferAppendDelete" time="0,000" classname="cviceni.StringBuilderAndBufferTest"/>
  <testcase name="testBuilderAppendDelete" time="0,002" classname="cviceni.StringBuilderAndBufferTest"/>
  <testcase name="testBufferAppendDelete" time="0,000" classname="cviceni.StringBuilderAndBufferTest"/>
  <testcase name="testBuilderAppendDelete" time="0,000" classname="cviceni.StringBuilderAndBufferTest"/>
  <testcase name="testBufferAppend" time="0,000" classname="cviceni.StringBuilderAndBufferTest"/>
  <testcase name="testBuilderAppend" time="0,000" classname="cviceni.StringBuilderAndBufferTest"/>
  <testcase name="testBufferAppend" time="0,000" classname="cviceni.StringBuilderAndBufferTest"/>
  <testcase name="testBuilderAppend" time="0,000" classname="cviceni.StringBuilderAndBufferTest"/>
  <testcase name="testBufferAppend" time="0,000" classname="cviceni.StringBuilderAndBufferTest"/>
  <testcase name="testBuilderAppend" time="0,000" classname="cviceni.StringBuilderAndBufferTest"/>
  <testcase name="testBuilderAppend" time="0,000" classname="cviceni.StringBuilderAndBufferTest"/>
  <testcase name="testBuilderAppendDelete" time="0,001" classname="cviceni.StringBuilderAndBufferTest"/>
  <testcase name="testBufferAppend" time="0,001" classname="cviceni.StringBuilderAndBufferTest"/>
  <testcase name="testBuilderAppend" time="0,000" classname="cviceni.StringBuilderAndBufferTest"/>
  <testcase name="testBuilderAppend" time="0,001" classname="cviceni.StringBuilderAndBufferTest"/>
  <testcase name="testBufferAppendDelete" time="0,000" classname="cviceni.StringBuilderAndBufferTest"/>
  <testcase name="testBuilderAppendDelete" time="0,000" classname="cviceni.StringBuilderAndBufferTest"/>
  <testcase name="testBuilderAppend" time="0,000" classname="cviceni.StringBuilderAndBufferTest"/>
  <testcase name="testBufferAppendDelete" time="0,000" classname="cviceni.StringBuilderAndBufferTest"/>
  <testcase name="testBufferAppendDelete" time="0,000" classname="cviceni.StringBuilderAndBufferTest"/>
  <testcase name="testBuilderAppendDelete" time="0,002" classname="cviceni.StringBuilderAndBufferTest"/>
  <testcase name="testBufferAppend" time="0,001" classname="cviceni.StringBuilderAndBufferTest"/>
  <testcase name="testBuilderAppendDelete" time="0,000" classname="cviceni.StringBuilderAndBufferTest"/>
  <testcase name="testBufferAppendDelete" time="0,001" classname="cviceni.StringBuilderAndBufferTest"/>
  <testcase name="testBuilderAppendDelete" time="0,001" classname="cviceni.StringBuilderAndBufferTest"/>
  <testcase name="testBuilderAppend" time="0,001" classname="cviceni.StringBuilderAndBufferTest"/>
  <testcase name="testBuilderAppendDelete" time="0,003" classname="cviceni.StringBuilderAndBufferTest"/>
  <testcase name="testBufferAppend" time="0,000" classname="cviceni.StringBuilderAndBufferTest"/>
  <testcase name="testBuilderAppendDelete" time="0,044" classname="cviceni.StringBuilderAndBufferTest"/>
  <testcase name="testBuilderAppend" time="0,000" classname="cviceni.StringBuilderAndBufferTest"/>
  <testcase name="testBuilderAppendDelete" time="0,001" classname="cviceni.StringBuilderAndBufferTest"/>
  <testcase name="testBufferAppend" time="0,000" classname="cviceni.StringBuilderAndBufferTest"/>
  <testcase name="testBuilderAppendDelete" time="0,000" classname="cviceni.StringBuilderAndBufferTest"/>
  <testcase name="testBufferAppend" time="0,001" classname="cviceni.StringBuilderAndBufferTest"/>
  <testcase name="testBufferAppend" time="0,000" classname="cviceni.StringBuilderAndBufferTest"/>
  <testcase name="testBuilderAppend" time="0,000" classname="cviceni.StringBuilderAndBufferTest"/>
  <testcase name="testBuilderAppendDelete" time="0,000" classname="cviceni.StringBuilderAndBufferTest"/>
  <testcase name="testBufferAppend" time="0,000" classname="cviceni.StringBuilderAndBufferTest"/>
  <testcase name="testBuilderAppendDelete" time="0,000" classname="cviceni.StringBuilderAndBufferTest"/>
  <testcase name="testBufferAppendDelete" time="0,001" classname="cviceni.StringBuilderAndBufferTest"/>
  <testcase name="testBufferAppend" time="0,000" classname="cviceni.StringBuilderAndBufferTest"/>
  <testcase name="testBuilderAppendDelete" time="0,000" classname="cviceni.StringBuilderAndBufferTest"/>
  <testcase name="testBuilderAppend" time="0,000" classname="cviceni.StringBuilderAndBufferTest"/>
  <testcase name="testBuilderAppend" time="0,027" classname="cviceni.StringBuilderAndBufferTest"/>
  <testcase name="testBufferAppendDelete" time="0,000" classname="cviceni.StringBuilderAndBufferTest"/>
  <testcase name="testBufferAppendDelete" time="0,000" classname="cviceni.StringBuilderAndBufferTest"/>
  <testcase name="testBuilderAppend" time="0,000" classname="cviceni.StringBuilderAndBufferTest"/>
  <testcase name="testBufferAppendDelete" time="0,000" classname="cviceni.StringBuilderAndBufferTest"/>
  <testcase name="testBuilderAppendDelete" time="0,000" classname="cviceni.StringBuilderAndBufferTest"/>
  <testcase name="testBufferAppend" time="0,000" classname="cviceni.StringBuilderAndBufferTest"/>
  <testcase name="testBuilderAppendDelete" time="0,000" classname="cviceni.StringBuilderAndBufferTest"/>
  <testcase name="testBufferAppend" time="0,001" classname="cviceni.StringBuilderAndBufferTest"/>
  <testcase name="testBufferAppendDelete" time="0,000" classname="cviceni.StringBuilderAndBufferTest"/>
  <testcase name="testBuilderAppendDelete" time="0,000" classname="cviceni.StringBuilderAndBufferTest"/>
  <testcase name="testBufferAppendDelete" time="0,001" classname="cviceni.StringBuilderAndBufferTest"/>
  <testcase name="testBufferAppendDelete" time="0,000" classname="cviceni.StringBuilderAndBufferTest"/>
  <testcase name="testBuilderAppend" time="0,092" classname="cviceni.StringBuilderAndBufferTest"/>
  <testcase name="testBuilderAppend" time="0,000" classname="cviceni.StringBuilderAndBufferTest"/>
  <testcase name="testBuilderAppendDelete" time="0,000" classname="cviceni.StringBuilderAndBufferTest"/>
  <testcase name="testBuilderAppend" time="0,001" classname="cviceni.StringBuilderAndBufferTest"/>
  <testcase name="testBuilderAppend" time="0,000" classname="cviceni.StringBuilderAndBufferTest"/>
  <testcase name="testBufferAppend" time="0,000" classname="cviceni.StringBuilderAndBufferTest"/>
  <testcase name="testBufferAppendDelete" time="0,000" classname="cviceni.StringBuilderAndBufferTest"/>
  <testcase name="testBuilderAppendDelete" time="0,000" classname="cviceni.StringBuilderAndBufferTest"/>
  <testcase name="testBufferAppendDelete" time="0,000" classname="cviceni.StringBuilderAndBufferTest"/>
  <testcase name="testBufferAppendDelete" time="0,000" classname="cviceni.StringBuilderAndBufferTest"/>
  <testcase name="testBufferAppend" time="0,000" classname="cviceni.StringBuilderAndBufferTest"/>
  <testcase name="testBuilderAppend" time="0,000" classname="cviceni.StringBuilderAndBufferTest"/>
  <testcase name="testBuilderAppendDelete" time="0,000" classname="cviceni.StringBuilderAndBufferTest"/>
  <testcase name="testBuilderAppend" time="0,001" classname="cviceni.StringBuilderAndBufferTest"/>
  <testcase name="testBuilderAppend" time="0,000" classname="cviceni.StringBuilderAndBufferTest"/>
  <testcase name="testBuilderAppendDelete" time="0,000" classname="cviceni.StringBuilderAndBufferTest"/>
  <testcase name="testBuilderAppend" time="0,001" classname="cviceni.StringBuilderAndBufferTest"/>
  <testcase name="testBuilderAppendDelete" time="0,000" classname="cviceni.StringBuilderAndBufferTest"/>
  <testcase name="testBufferAppend" time="0,000" classname="cviceni.StringBuilderAndBufferTest"/>
  <testcase name="testBufferAppend" time="0,000" classname="cviceni.StringBuilderAndBufferTest"/>
  <testcase name="testBufferAppend" time="0,000" classname="cviceni.StringBuilderAndBufferTest"/>
  <testcase name="testBuilderAppend" time="0,019" classname="cviceni.StringBuilderAndBufferTest"/>
  <testcase name="testBufferAppendDelete" time="0,000" classname="cviceni.StringBuilderAndBufferTest"/>
  <testcase name="testBuilderAppend" time="0,001" classname="cviceni.StringBuilderAndBufferTest"/>
  <testcase name="testBufferAppend" time="0,001" classname="cviceni.StringBuilderAndBufferTest"/>
  <testcase name="testBufferAppendDelete" time="0,000" classname="cviceni.StringBuilderAndBufferTest"/>
  <testcase name="testBufferAppend" time="0,000" classname="cviceni.StringBuilderAndBufferTest"/>
  <testcase name="testBuilderAppendDelete" time="0,000" classname="cviceni.StringBuilderAndBufferTest"/>
  <testcase name="testBufferAppend" time="0,000" classname="cviceni.StringBuilderAndBufferTest"/>
  <testcase name="testBufferAppend" time="0,001" classname="cviceni.StringBuilderAndBufferTest"/>
  <testcase name="testBuilderAppendDelete" time="0,001" classname="cviceni.StringBuilderAndBufferTest"/>
  <testcase name="testBuilderAppend" time="0,000" classname="cviceni.StringBuilderAndBufferTest"/>
  <testcase name="testBuilderAppend" time="0,000" classname="cviceni.StringBuilderAndBufferTest"/>
  <testcase name="testBuilderAppendDelete" time="0,000" classname="cviceni.StringBuilderAndBufferTest"/>
  <testcase name="testBuilderAppend" time="0,000" classname="cviceni.StringBuilderAndBufferTest"/>
  <testcase name="testBufferAppend" time="0,000" classname="cviceni.StringBuilderAndBufferTest"/>
  <testcase name="testBufferAppend" time="0,001" classname="cviceni.StringBuilderAndBufferTest"/>
  <testcase name="testBuilderAppendDelete" time="0,000" classname="cviceni.StringBuilderAndBufferTest"/>
  <testcase name="testBuilderAppend" time="0,000" classname="cviceni.StringBuilderAndBufferTest"/>
  <testcase name="testBufferAppendDelete" time="0,000" classname="cviceni.StringBuilderAndBufferTest"/>
  <testcase name="testBufferAppend" time="0,000" classname="cviceni.StringBuilderAndBufferTest"/>
  <testcase name="testBuilderAppendDelete" time="0,001" classname="cviceni.StringBuilderAndBufferTest"/>
  <testcase name="testBufferAppendDelete" time="0,001" classname="cviceni.StringBuilderAndBufferTest"/>
  <testcase name="testBuilderAppend" time="0,001" classname="cviceni.StringBuilderAndBufferTest"/>
  <testcase name="testBuilderAppendDelete" time="0,000" classname="cviceni.StringBuilderAndBufferTest"/>
  <testcase name="testBuilderAppendDelete" time="0,000" classname="cviceni.StringBuilderAndBufferTest"/>
  <testcase name="testBufferAppendDelete" time="0,000" classname="cviceni.StringBuilderAndBufferTest"/>
  <testcase name="testBuilderAppendDelete" time="0,000" classname="cviceni.StringBuilderAndBufferTest"/>
  <testcase name="testBufferAppendDelete" time="0,000" classname="cviceni.StringBuilderAndBufferTest"/>
  <testcase name="testBuilderAppendDelete" time="0,002" classname="cviceni.StringBuilderAndBufferTest"/>
  <testcase name="testBuilderAppend" time="0,001" classname="cviceni.StringBuilderAndBufferTest"/>
  <testcase name="testBufferAppend" time="0,000" classname="cviceni.StringBuilderAndBufferTest"/>
  <testcase name="testBufferAppendDelete" time="0,000" classname="cviceni.StringBuilderAndBufferTest"/>
  <testcase name="testBufferAppend" time="0,000" classname="cviceni.StringBuilderAndBufferTest"/>
  <testcase name="testBuilderAppendDelete" time="0,000" classname="cviceni.StringBuilderAndBufferTest"/>
  <testcase name="testBufferAppendDelete" time="0,001" classname="cviceni.StringBuilderAndBufferTest"/>
  <testcase name="testBuilderAppendDelete" time="0,020" classname="cviceni.StringBuilderAndBufferTest"/>
  <testcase name="testBuilderAppend" time="0,000" classname="cviceni.StringBuilderAndBufferTest"/>
  <testcase name="testBuilderAppend" time="0,000" classname="cviceni.StringBuilderAndBufferTest"/>
  <testcase name="testBuilderAppendDelete" time="0,001" classname="cviceni.StringBuilderAndBufferTest"/>
  <testcase name="testBufferAppend" time="0,001" classname="cviceni.StringBuilderAndBufferTest"/>
  <testcase name="testBuilderAppend" time="0,000" classname="cviceni.StringBuilderAndBufferTest"/>
  <testcase name="testBufferAppendDelete" time="0,001" classname="cviceni.StringBuilderAndBufferTest"/>
  <testcase name="testBufferAppend" time="0,000" classname="cviceni.StringBuilderAndBufferTest"/>
  <testcase name="testBufferAppendDelete" time="0,001" classname="cviceni.StringBuilderAndBufferTest"/>
  <testcase name="testBuilderAppend" time="0,000" classname="cviceni.StringBuilderAndBufferTest"/>
  <testcase name="testBuilderAppendDelete" time="0,001" classname="cviceni.StringBuilderAndBufferTest"/>
  <testcase name="testBufferAppend" time="0,000" classname="cviceni.StringBuilderAndBufferTest"/>
  <testcase name="testBufferAppendDelete" time="0,000" classname="cviceni.StringBuilderAndBufferTest"/>
  <testcase name="testBuilderAppendDelete" time="0,001" classname="cviceni.StringBuilderAndBufferTest"/>
  <testcase name="testBufferAppend" time="0,001" classname="cviceni.StringBuilderAndBufferTest"/>
  <testcase name="testBufferAppendDelete" time="0,001" classname="cviceni.StringBuilderAndBufferTest"/>
  <testcase name="testBufferAppend" time="0,000" classname="cviceni.StringBuilderAndBufferTest"/>
  <testcase name="testBuilderAppendDelete" time="0,000" classname="cviceni.StringBuilderAndBufferTest"/>
  <testcase name="testBuilderAppend" time="0,000" classname="cviceni.StringBuilderAndBufferTest"/>
  <testcase name="testBufferAppendDelete" time="0,000" classname="cviceni.StringBuilderAndBufferTest"/>
  <testcase name="testBuilderAppend" time="0,001" classname="cviceni.StringBuilderAndBufferTest"/>
  <testcase name="testBuilderAppendDelete" time="0,000" classname="cviceni.StringBuilderAndBufferTest"/>
  <testcase name="testBuilderAppendDelete" time="0,000" classname="cviceni.StringBuilderAndBufferTest"/>
  <testcase name="testBufferAppend" time="0,000" classname="cviceni.StringBuilderAndBufferTest"/>
  <testcase name="testBuilderAppend" time="0,001" classname="cviceni.StringBuilderAndBufferTest"/>
  <testcase name="testBuilderAppend" time="0,000" classname="cviceni.StringBuilderAndBufferTest"/>
  <testcase name="testBufferAppend" time="0,000" classname="cviceni.StringBuilderAndBufferTest"/>
  <testcase name="testBufferAppendDelete" time="0,001" classname="cviceni.StringBuilderAndBufferTest"/>
  <testcase name="testBuilderAppendDelete" time="0,000" classname="cviceni.StringBuilderAndBufferTest"/>
  <testcase name="testBuilderAppend" time="0,000" classname="cviceni.StringBuilderAndBufferTest"/>
  <testcase name="testBufferAppendDelete" time="0,000" classname="cviceni.StringBuilderAndBufferTest"/>
  <testcase name="testBuilderAppend" time="0,001" classname="cviceni.StringBuilderAndBufferTest"/>
  <testcase name="testBufferAppend" time="0,000" classname="cviceni.StringBuilderAndBufferTest"/>
  <testcase name="testBufferAppend" time="0,000" classname="cviceni.StringBuilderAndBufferTest"/>
  <testcase name="testBuilderAppendDelete" time="0,000" classname="cviceni.StringBuilderAndBufferTest"/>
  <testcase name="testBufferAppend" time="0,000" classname="cviceni.StringBuilderAndBufferTest"/>
  <testcase name="testBufferAppendDelete" time="0,000" classname="cviceni.StringBuilderAndBufferTest"/>
  <testcase name="testBuilderAppend" time="0,000" classname="cviceni.StringBuilderAndBufferTest"/>
  <testcase name="testBufferAppendDelete" time="0,000" classname="cviceni.StringBuilderAndBufferTest"/>
  <testcase name="testBuilderAppendDelete" time="0,001" classname="cviceni.StringBuilderAndBufferTest"/>
  <testcase name="testBufferAppendDelete" time="0,001" classname="cviceni.StringBuilderAndBufferTest"/>
  <testcase name="testBuilderAppendDelete" time="0,000" classname="cviceni.StringBuilderAndBufferTest"/>
  <testcase name="testBufferAppendDelete" time="0,000" classname="cviceni.StringBuilderAndBufferTest"/>
  <testcase name="testBufferAppendDelete" time="0,000" classname="cviceni.StringBuilderAndBufferTest"/>
  <testcase name="testBuilderAppendDelete" time="0,001" classname="cviceni.StringBuilderAndBufferTest"/>
  <testcase name="testBuilderAppend" time="0,001" classname="cviceni.StringBuilderAndBufferTest"/>
  <testcase name="testBufferAppend" time="0,000" classname="cviceni.StringBuilderAndBufferTest"/>
  <testcase name="testBuilderAppend" time="0,000" classname="cviceni.StringBuilderAndBufferTest"/>
  <testcase name="testBuilderAppendDelete" time="0,000" classname="cviceni.StringBuilderAndBufferTest"/>
  <testcase name="testBufferAppendDelete" time="0,001" classname="cviceni.StringBuilderAndBufferTest"/>
  <testcase name="testBufferAppend" time="0,000" classname="cviceni.StringBuilderAndBufferTest"/>
  <testcase name="testBuilderAppendDelete" time="0,001" classname="cviceni.StringBuilderAndBufferTest"/>
  <testcase name="testBuilderAppendDelete" time="0,000" classname="cviceni.StringBuilderAndBufferTest"/>
  <testcase name="testBufferAppend" time="0,000" classname="cviceni.StringBuilderAndBufferTest"/>
  <testcase name="testBuilderAppendDelete" time="0,000" classname="cviceni.StringBuilderAndBufferTest"/>
  <testcase name="testBufferAppendDelete" time="0,000" classname="cviceni.StringBuilderAndBufferTest"/>
  <testcase name="testBufferAppendDelete" time="0,000" classname="cviceni.StringBuilderAndBufferTest"/>
  <testcase name="testBufferAppendDelete" time="0,001" classname="cviceni.StringBuilderAndBufferTest"/>
  <testcase name="testBuilderAppend" time="0,000" classname="cviceni.StringBuilderAndBufferTest"/>
  <testcase name="testBuilderAppend" time="0,000" classname="cviceni.StringBuilderAndBufferTest"/>
  <testcase name="testBuilderAppend" time="0,000" classname="cviceni.StringBuilderAndBufferTest"/>
  <testcase name="testBufferAppendDelete" time="0,000" classname="cviceni.StringBuilderAndBufferTest"/>
  <testcase name="testBufferAppend" time="0,000" classname="cviceni.StringBuilderAndBufferTest"/>
  <testcase name="testBuilderAppend" time="0,042" classname="cviceni.StringBuilderAndBufferTest"/>
  <testcase name="testBuilderAppend" time="0,000" classname="cviceni.StringBuilderAndBufferTest"/>
  <testcase name="testBuilderAppendDelete" time="0,000" classname="cviceni.StringBuilderAndBufferTest"/>
  <testcase name="testBufferAppendDelete" time="0,001" classname="cviceni.StringBuilderAndBufferTest"/>
  <testcase name="testBufferAppendDelete" time="0,000" classname="cviceni.StringBuilderAndBufferTest"/>
  <testcase name="testBuilderAppendDelete" time="0,001" classname="cviceni.StringBuilderAndBufferTest"/>
  <testcase name="testBuilderAppendDelete" time="0,000" classname="cviceni.StringBuilderAndBufferTest"/>
  <testcase name="testBuilderAppendDelete" time="0,000" classname="cviceni.StringBuilderAndBufferTest"/>
  <testcase name="testBufferAppend" time="0,001" classname="cviceni.StringBuilderAndBufferTest"/>
  <testcase name="testBuilderAppendDelete" time="0,001" classname="cviceni.StringBuilderAndBufferTest"/>
  <testcase name="testBufferAppend" time="0,000" classname="cviceni.StringBuilderAndBufferTest"/>
  <testcase name="testBuilderAppendDelete" time="0,000" classname="cviceni.StringBuilderAndBufferTest"/>
  <testcase name="testBuilderAppendDelete" time="0,001" classname="cviceni.StringBuilderAndBufferTest"/>
  <testcase name="testBuilderAppend" time="0,000" classname="cviceni.StringBuilderAndBufferTest"/>
  <testcase name="testBuilderAppendDelete" time="0,000" classname="cviceni.StringBuilderAndBufferTest"/>
  <testcase name="testBufferAppend" time="0,000" classname="cviceni.StringBuilderAndBufferTest"/>
  <testcase name="testBufferAppend" time="0,000" classname="cviceni.StringBuilderAndBufferTest"/>
  <testcase name="testBuilderAppendDelete" time="0,000" classname="cviceni.StringBuilderAndBufferTest"/>
  <testcase name="testBuilderAppendDelete" time="0,001" classname="cviceni.StringBuilderAndBufferTest"/>
  <testcase name="testBuilderAppendDelete" time="0,000" classname="cviceni.StringBuilderAndBufferTest"/>
  <testcase name="testBuilderAppendDelete" time="0,000" classname="cviceni.StringBuilderAndBufferTest"/>
  <testcase name="testBuilderAppend" time="0,000" classname="cviceni.StringBuilderAndBufferTest"/>
  <testcase name="testBufferAppendDelete" time="0,000" classname="cviceni.StringBuilderAndBufferTest"/>
  <testcase name="testBuilderAppendDelete" time="0,000" classname="cviceni.StringBuilderAndBufferTest"/>
  <testcase name="testBuilderAppend" time="0,000" classname="cviceni.StringBuilderAndBufferTest"/>
  <testcase name="testBuilderAppendDelete" time="0,001" classname="cviceni.StringBuilderAndBufferTest"/>
  <testcase name="testBuilderAppendDelete" time="0,000" classname="cviceni.StringBuilderAndBufferTest"/>
  <testcase name="testBuilderAppendDelete" time="0,001" classname="cviceni.StringBuilderAndBufferTest"/>
  <testcase name="testBufferAppend" time="0,000" classname="cviceni.StringBuilderAndBufferTest"/>
  <testcase name="testBuilderAppendDelete" time="0,000" classname="cviceni.StringBuilderAndBufferTest"/>
  <testcase name="testBufferAppendDelete" time="0,000" classname="cviceni.StringBuilderAndBufferTest"/>
  <testcase name="testBuilderAppend" time="0,000" classname="cviceni.StringBuilderAndBufferTest"/>
  <testcase name="testBufferAppendDelete" time="0,000" classname="cviceni.StringBuilderAndBufferTest"/>
  <testcase name="testBufferAppendDelete" time="0,000" classname="cviceni.StringBuilderAndBufferTest"/>
  <testcase name="testBufferAppendDelete" time="0,000" classname="cviceni.StringBuilderAndBufferTest"/>
  <testcase name="testBufferAppendDelete" time="0,000" classname="cviceni.StringBuilderAndBufferTest"/>
  <testcase name="testBufferAppend" time="0,001" classname="cviceni.StringBuilderAndBufferTest"/>
  <testcase name="testBufferAppend" time="0,000" classname="cviceni.StringBuilderAndBufferTest"/>
  <testcase name="testBufferAppend" time="0,001" classname="cviceni.StringBuilderAndBufferTest"/>
  <testcase name="testBufferAppendDelete" time="0,000" classname="cviceni.StringBuilderAndBufferTest"/>
  <testcase name="testBuilderAppendDelete" time="0,000" classname="cviceni.StringBuilderAndBufferTest"/>
  <testcase name="testBufferAppendDelete" time="0,000" classname="cviceni.StringBuilderAndBufferTest"/>
  <testcase name="testBufferAppendDelete" time="0,000" classname="cviceni.StringBuilderAndBufferTest"/>
  <testcase name="testBuilderAppendDelete" time="0,000" classname="cviceni.StringBuilderAndBufferTest"/>
  <testcase name="testBuilderAppend" time="0,001" classname="cviceni.StringBuilderAndBufferTest"/>
  <testcase name="testBufferAppend" time="0,001" classname="cviceni.StringBuilderAndBufferTest"/>
  <testcase name="testBuilderAppend" time="0,001" classname="cviceni.StringBuilderAndBufferTest"/>
  <testcase name="testBufferAppend" time="0,000" classname="cviceni.StringBuilderAndBufferTest"/>
  <testcase name="testBuilderAppendDelete" time="0,000" classname="cviceni.StringBuilderAndBufferTest"/>
  <testcase name="testBufferAppendDelete" time="0,000" classname="cviceni.StringBuilderAndBufferTest"/>
  <testcase name="testBufferAppendDelete" time="0,000" classname="cviceni.StringBuilderAndBufferTest"/>
  <testcase name="testBuilderAppend" time="0,000" classname="cviceni.StringBuilderAndBufferTest"/>
  <testcase name="testBufferAppendDelete" time="0,000" classname="cviceni.StringBuilderAndBufferTest"/>
  <testcase name="testBufferAppend" time="0,000" classname="cviceni.StringBuilderAndBufferTest"/>
  <testcase name="testBuilderAppend" time="0,001" classname="cviceni.StringBuilderAndBufferTest"/>
  <testcase name="testBufferAppend" time="0,000" classname="cviceni.StringBuilderAndBufferTest"/>
  <testcase name="testBufferAppendDelete" time="0,000" classname="cviceni.StringBuilderAndBufferTest"/>
  <testcase name="testBufferAppendDelete" time="0,000" classname="cviceni.StringBuilderAndBufferTest"/>
  <testcase name="testBuilderAppendDelete" time="0,000" classname="cviceni.StringBuilderAndBufferTest"/>
  <testcase name="testBuilderAppend" time="0,000" classname="cviceni.StringBuilderAndBufferTest"/>
  <testcase name="testBuilderAppendDelete" time="0,000" classname="cviceni.StringBuilderAndBufferTest"/>
  <testcase name="testBuilderAppendDelete" time="0,000" classname="cviceni.StringBuilderAndBufferTest"/>
  <testcase name="testBuilderAppendDelete" time="0,001" classname="cviceni.StringBuilderAndBufferTest"/>
  <testcase name="testBufferAppend" time="0,000" classname="cviceni.StringBuilderAndBufferTest"/>
  <testcase name="testBufferAppendDelete" time="0,000" classname="cviceni.StringBuilderAndBufferTest"/>
  <testcase name="testBufferAppend" time="0,000" classname="cviceni.StringBuilderAndBufferTest"/>
  <testcase name="testBuilderAppendDelete" time="0,001" classname="cviceni.StringBuilderAndBufferTest"/>
  <testcase name="testBufferAppend" time="0,000" classname="cviceni.StringBuilderAndBufferTest"/>
  <testcase name="testBufferAppendDelete" time="0,000" classname="cviceni.StringBuilderAndBufferTest"/>
  <testcase name="testBufferAppendDelete" time="0,000" classname="cviceni.StringBuilderAndBufferTest"/>
  <testcase name="testBuilderAppendDelete" time="0,001" classname="cviceni.StringBuilderAndBufferTest"/>
  <testcase name="testBufferAppendDelete" time="0,000" classname="cviceni.StringBuilderAndBufferTest"/>
  <testcase name="testBuilderAppend" time="0,083" classname="cviceni.StringBuilderAndBufferTest"/>
  <testcase name="testBuilderAppendDelete" time="0,000" classname="cviceni.StringBuilderAndBufferTest"/>
  <testcase name="testBufferAppend" time="0,001" classname="cviceni.StringBuilderAndBufferTest"/>
  <testcase name="testBufferAppendDelete" time="0,001" classname="cviceni.StringBuilderAndBufferTest"/>
  <testcase name="testBufferAppend" time="0,000" classname="cviceni.StringBuilderAndBufferTest"/>
  <testcase name="testBufferAppendDelete" time="0,001" classname="cviceni.StringBuilderAndBufferTest"/>
  <testcase name="testBufferAppend" time="0,001" classname="cviceni.StringBuilderAndBufferTest"/>
  <testcase name="testBuilderAppendDelete" time="0,001" classname="cviceni.StringBuilderAndBufferTest"/>
  <testcase name="testBuilderAppendDelete" time="0,001" classname="cviceni.StringBuilderAndBufferTest"/>
  <testcase name="testBuilderAppend" time="0,000" classname="cviceni.StringBuilderAndBufferTest"/>
  <testcase name="testBuilderAppendDelete" time="0,001" classname="cviceni.StringBuilderAndBufferTest"/>
  <testcase name="testBuilderAppend" time="0,000" classname="cviceni.StringBuilderAndBufferTest"/>
  <testcase name="testBuilderAppend" time="0,000" classname="cviceni.StringBuilderAndBufferTest"/>
  <testcase name="testBuilderAppendDelete" time="0,001" classname="cviceni.StringBuilderAndBufferTest"/>
  <testcase name="testBufferAppendDelete" time="0,000" classname="cviceni.StringBuilderAndBufferTest"/>
  <testcase name="testBuilderAppendDelete" time="0,000" classname="cviceni.StringBuilderAndBufferTest"/>
  <testcase name="testBuilderAppend" time="0,000" classname="cviceni.StringBuilderAndBufferTest"/>
  <testcase name="testBuilderAppend" time="0,000" classname="cviceni.StringBuilderAndBufferTest"/>
  <testcase name="testBuilderAppendDelete" time="0,000" classname="cviceni.StringBuilderAndBufferTest"/>
  <testcase name="testBuilderAppendDelete" time="0,000" classname="cviceni.StringBuilderAndBufferTest"/>
  <testcase name="testBufferAppendDelete" time="0,000" classname="cviceni.StringBuilderAndBufferTest"/>
  <testcase name="testBufferAppendDelete" time="0,000" classname="cviceni.StringBuilderAndBufferTest"/>
  <testcase name="testBufferAppendDelete" time="0,000" classname="cviceni.StringBuilderAndBufferTest"/>
  <testcase name="testBuilderAppend" time="0,000" classname="cviceni.StringBuilderAndBufferTest"/>
  <testcase name="testBuilderAppend" time="0,000" classname="cviceni.StringBuilderAndBufferTest"/>
  <testcase name="testBuilderAppendDelete" time="0,000" classname="cviceni.StringBuilderAndBufferTest"/>
  <testcase name="testBuilderAppend" time="0,000" classname="cviceni.StringBuilderAndBufferTest"/>
  <testcase name="testBufferAppendDelete" time="0,000" classname="cviceni.StringBuilderAndBufferTest"/>
  <testcase name="testBufferAppendDelete" time="0,001" classname="cviceni.StringBuilderAndBufferTest"/>
  <testcase name="testBuilderAppend" time="0,000" classname="cviceni.StringBuilderAndBufferTest"/>
  <testcase name="testBuilderAppend" time="0,001" classname="cviceni.StringBuilderAndBufferTest"/>
  <testcase name="testBufferAppend" time="0,000" classname="cviceni.StringBuilderAndBufferTest"/>
  <testcase name="testBuilderAppendDelete" time="0,000" classname="cviceni.StringBuilderAndBufferTest"/>
  <testcase name="testBufferAppendDelete" time="0,000" classname="cviceni.StringBuilderAndBufferTest"/>
  <testcase name="testBufferAppend" time="0,000" classname="cviceni.StringBuilderAndBufferTest"/>
  <testcase name="testBufferAppend" time="0,000" classname="cviceni.StringBuilderAndBufferTest"/>
  <testcase name="testBuilderAppend" time="0,001" classname="cviceni.StringBuilderAndBufferTest"/>
  <testcase name="testBuilderAppendDelete" time="0,000" classname="cviceni.StringBuilderAndBufferTest"/>
  <testcase name="testBuilderAppend" time="0,000" classname="cviceni.StringBuilderAndBufferTest"/>
  <testcase name="testBuilderAppendDelete" time="0,001" classname="cviceni.StringBuilderAndBufferTest"/>
  <testcase name="testBuilderAppend" time="0,001" classname="cviceni.StringBuilderAndBufferTest"/>
  <testcase name="testBuilderAppend" time="0,000" classname="cviceni.StringBuilderAndBufferTest"/>
  <testcase name="testBufferAppend" time="0,000" classname="cviceni.StringBuilderAndBufferTest"/>
  <testcase name="testBuilderAppend" time="0,000" classname="cviceni.StringBuilderAndBufferTest"/>
  <testcase name="testBufferAppend" time="0,001" classname="cviceni.StringBuilderAndBufferTest"/>
  <testcase name="testBufferAppend" time="0,001" classname="cviceni.StringBuilderAndBufferTest"/>
  <testcase name="testBufferAppendDelete" time="0,001" classname="cviceni.StringBuilderAndBufferTest"/>
  <testcase name="testBufferAppend" time="0,000" classname="cviceni.StringBuilderAndBufferTest"/>
  <testcase name="testBuilderAppendDelete" time="0,001" classname="cviceni.StringBuilderAndBufferTest"/>
  <testcase name="testBuilderAppendDelete" time="0,376" classname="cviceni.StringBuilderAndBufferTest"/>
  <testcase name="testBufferAppend" time="0,000" classname="cviceni.StringBuilderAndBufferTest"/>
  <testcase name="testBuilderAppendDelete" time="0,000" classname="cviceni.StringBuilderAndBufferTest"/>
  <testcase name="testBufferAppend" time="0,000" classname="cviceni.StringBuilderAndBufferTest"/>
  <testcase name="testBufferAppend" time="0,000" classname="cviceni.StringBuilderAndBufferTest"/>
  <testcase name="testBufferAppend" time="0,000" classname="cviceni.StringBuilderAndBufferTest"/>
  <testcase name="testBufferAppend" time="0,001" classname="cviceni.StringBuilderAndBufferTest"/>
  <testcase name="testBuilderAppend" time="0,000" classname="cviceni.StringBuilderAndBufferTest"/>
  <testcase name="testBufferAppend" time="0,000" classname="cviceni.StringBuilderAndBufferTest"/>
  <testcase name="testBuilderAppendDelete" time="0,000" classname="cviceni.StringBuilderAndBufferTest"/>
  <testcase name="testBufferAppendDelete" time="0,000" classname="cviceni.StringBuilderAndBufferTest"/>
  <testcase name="testBufferAppend" time="0,000" classname="cviceni.StringBuilderAndBufferTest"/>
  <testcase name="testBufferAppend" time="0,001" classname="cviceni.StringBuilderAndBufferTest"/>
  <testcase name="testBufferAppend" time="0,000" classname="cviceni.StringBuilderAndBufferTest"/>
  <testcase name="testBuilderAppend" time="0,000" classname="cviceni.StringBuilderAndBufferTest"/>
  <testcase name="testBuilderAppendDelete" time="0,000" classname="cviceni.StringBuilderAndBufferTest"/>
  <testcase name="testBufferAppend" time="0,000" classname="cviceni.StringBuilderAndBufferTest"/>
  <testcase name="testBuilderAppendDelete" time="0,000" classname="cviceni.StringBuilderAndBufferTest"/>
  <testcase name="testBufferAppend" time="0,000" classname="cviceni.StringBuilderAndBufferTest"/>
  <testcase name="testBufferAppendDelete" time="0,000" classname="cviceni.StringBuilderAndBufferTest"/>
  <testcase name="testBufferAppend" time="0,000" classname="cviceni.StringBuilderAndBufferTest"/>
  <testcase name="testBufferAppendDelete" time="0,000" classname="cviceni.StringBuilderAndBufferTest"/>
  <testcase name="testBufferAppend" time="0,001" classname="cviceni.StringBuilderAndBufferTest"/>
  <testcase name="testBufferAppendDelete" time="0,001" classname="cviceni.StringBuilderAndBufferTest"/>
  <testcase name="testBufferAppend" time="0,001" classname="cviceni.StringBuilderAndBufferTest"/>
  <testcase name="testBuilderAppend" time="0,000" classname="cviceni.StringBuilderAndBufferTest"/>
  <testcase name="testBufferAppendDelete" time="0,000" classname="cviceni.StringBuilderAndBufferTest"/>
  <testcase name="testBufferAppendDelete" time="0,000" classname="cviceni.StringBuilderAndBufferTest"/>
  <testcase name="testBufferAppendDelete" time="0,000" classname="cviceni.StringBuilderAndBufferTest"/>
  <testcase name="testBuilderAppend" time="0,000" classname="cviceni.StringBuilderAndBufferTest"/>
  <testcase name="testBufferAppend" time="0,001" classname="cviceni.StringBuilderAndBufferTest"/>
  <testcase name="testBuilderAppend" time="0,001" classname="cviceni.StringBuilderAndBufferTest"/>
  <testcase name="testBuilderAppendDelete" time="0,000" classname="cviceni.StringBuilderAndBufferTest"/>
  <testcase name="testBuilderAppend" time="0,000" classname="cviceni.StringBuilderAndBufferTest"/>
  <testcase name="testBuilderAppendDelete" time="0,000" classname="cviceni.StringBuilderAndBufferTest"/>
  <testcase name="testBuilderAppendDelete" time="0,000" classname="cviceni.StringBuilderAndBufferTest"/>
  <testcase name="testBuilderAppendDelete" time="0,000" classname="cviceni.StringBuilderAndBufferTest"/>
  <testcase name="testBufferAppendDelete" time="0,000" classname="cviceni.StringBuilderAndBufferTest"/>
  <testcase name="testBufferAppend" time="0,000" classname="cviceni.StringBuilderAndBufferTest"/>
  <testcase name="testBufferAppend" time="0,000" classname="cviceni.StringBuilderAndBufferTest"/>
  <testcase name="testBuilderAppendDelete" time="0,000" classname="cviceni.StringBuilderAndBufferTest"/>
  <testcase name="testBufferAppendDelete" time="0,000" classname="cviceni.StringBuilderAndBufferTest"/>
  <testcase name="testBuilderAppend" time="0,000" classname="cviceni.StringBuilderAndBufferTest"/>
  <testcase name="testBuilderAppendDelete" time="0,002" classname="cviceni.StringBuilderAndBufferTest"/>
  <testcase name="testBufferAppend" time="0,000" classname="cviceni.StringBuilderAndBufferTest"/>
  <testcase name="testBuilderAppendDelete" time="0,000" classname="cviceni.StringBuilderAndBufferTest"/>
  <testcase name="testBuilderAppendDelete" time="0,001" classname="cviceni.StringBuilderAndBufferTest"/>
  <testcase name="testBuilderAppend" time="0,001" classname="cviceni.StringBuilderAndBufferTest"/>
  <testcase name="testBuilderAppend" time="0,000" classname="cviceni.StringBuilderAndBufferTest"/>
  <testcase name="testBuilderAppend" time="0,000" classname="cviceni.StringBuilderAndBufferTest"/>
  <testcase name="testBuilderAppend" time="0,000" classname="cviceni.StringBuilderAndBufferTest"/>
  <testcase name="testBufferAppendDelete" time="0,001" classname="cviceni.StringBuilderAndBufferTest"/>
  <testcase name="testBuilderAppend" time="0,000" classname="cviceni.StringBuilderAndBufferTest"/>
  <testcase name="testBufferAppend" time="0,000" classname="cviceni.StringBuilderAndBufferTest"/>
  <testcase name="testBufferAppend" time="0,000" classname="cviceni.StringBuilderAndBufferTest"/>
  <testcase name="testBuilderAppend" time="0,000" classname="cviceni.StringBuilderAndBufferTest"/>
  <testcase name="testBuilderAppendDelete" time="0,000" classname="cviceni.StringBuilderAndBufferTest"/>
  <testcase name="testBuilderAppendDelete" time="0,000" classname="cviceni.StringBuilderAndBufferTest"/>
  <testcase name="testBuilderAppendDelete" time="0,000" classname="cviceni.StringBuilderAndBufferTest"/>
  <testcase name="testBuilderAppendDelete" time="0,000" classname="cviceni.StringBuilderAndBufferTest"/>
  <testcase name="testBuilderAppendDelete" time="0,000" classname="cviceni.StringBuilderAndBufferTest"/>
  <testcase name="testBuilderAppendDelete" time="0,001" classname="cviceni.StringBuilderAndBufferTest"/>
  <testcase name="testBufferAppend" time="0,000" classname="cviceni.StringBuilderAndBufferTest"/>
  <testcase name="testBuilderAppend" time="0,000" classname="cviceni.StringBuilderAndBufferTest"/>
  <testcase name="testBuilderAppend" time="0,000" classname="cviceni.StringBuilderAndBufferTest"/>
  <testcase name="testBufferAppendDelete" time="0,000" classname="cviceni.StringBuilderAndBufferTest"/>
  <testcase name="testBufferAppend" time="0,000" classname="cviceni.StringBuilderAndBufferTest"/>
  <testcase name="testBuilderAppendDelete" time="0,000" classname="cviceni.StringBuilderAndBufferTest"/>
  <testcase name="testBufferAppendDelete" time="0,000" classname="cviceni.StringBuilderAndBufferTest"/>
  <testcase name="testBufferAppend" time="0,000" classname="cviceni.StringBuilderAndBufferTest"/>
  <testcase name="testBufferAppendDelete" time="0,000" classname="cviceni.StringBuilderAndBufferTest"/>
  <testcase name="testBuilderAppend" time="0,000" classname="cviceni.StringBuilderAndBufferTest"/>
  <testcase name="testBufferAppendDelete" time="0,001" classname="cviceni.StringBuilderAndBufferTest"/>
  <testcase name="testBufferAppend" time="0,000" classname="cviceni.StringBuilderAndBufferTest"/>
  <testcase name="testBuilderAppendDelete" time="0,000" classname="cviceni.StringBuilderAndBufferTest"/>
  <testcase name="testBufferAppendDelete" time="0,001" classname="cviceni.StringBuilderAndBufferTest"/>
  <testcase name="testBufferAppend" time="0,000" classname="cviceni.StringBuilderAndBufferTest"/>
  <testcase name="testBuilderAppend" time="0,000" classname="cviceni.StringBuilderAndBufferTest"/>
  <testcase name="testBufferAppendDelete" time="0,001" classname="cviceni.StringBuilderAndBufferTest"/>
  <testcase name="testBufferAppendDelete" time="0,000" classname="cviceni.StringBuilderAndBufferTest"/>
  <testcase name="testBuilderAppend" time="0,000" classname="cviceni.StringBuilderAndBufferTest"/>
  <testcase name="testBufferAppend" time="0,000" classname="cviceni.StringBuilderAndBufferTest"/>
  <testcase name="testBufferAppend" time="0,000" classname="cviceni.StringBuilderAndBufferTest"/>
  <testcase name="testBufferAppend" time="0,001" classname="cviceni.StringBuilderAndBufferTest"/>
  <testcase name="testBuilderAppendDelete" time="0,043" classname="cviceni.StringBuilderAndBufferTest"/>
  <testcase name="testBufferAppend" time="0,000" classname="cviceni.StringBuilderAndBufferTest"/>
  <testcase name="testBufferAppendDelete" time="0,000" classname="cviceni.StringBuilderAndBufferTest"/>
  <testcase name="testBuilderAppendDelete" time="0,000" classname="cviceni.StringBuilderAndBufferTest"/>
  <testcase name="testBuilderAppend" time="0,000" classname="cviceni.StringBuilderAndBufferTest"/>
  <testcase name="testBufferAppend" time="0,000" classname="cviceni.StringBuilderAndBufferTest"/>
  <testcase name="testBuilderAppend" time="0,000" classname="cviceni.StringBuilderAndBufferTest"/>
  <testcase name="testBufferAppendDelete" time="0,000" classname="cviceni.StringBuilderAndBufferTest"/>
  <testcase name="testBuilderAppendDelete" time="0,000" classname="cviceni.StringBuilderAndBufferTest"/>
  <testcase name="testBufferAppendDelete" time="0,000" classname="cviceni.StringBuilderAndBufferTest"/>
  <testcase name="testBuilderAppend" time="0,000" classname="cviceni.StringBuilderAndBufferTest"/>
  <testcase name="testBufferAppend" time="0,000" classname="cviceni.StringBuilderAndBufferTest"/>
  <testcase name="testBuilderAppend" time="0,001" classname="cviceni.StringBuilderAndBufferTest"/>
  <testcase name="testBuilderAppend" time="0,037" classname="cviceni.StringBuilderAndBufferTest"/>
  <testcase name="testBuilderAppend" time="0,056" classname="cviceni.StringBuilderAndBufferTest"/>
  <testcase name="testBuilderAppend" time="0,000" classname="cviceni.StringBuilderAndBufferTest"/>
  <testcase name="testBuilderAppend" time="0,000" classname="cviceni.StringBuilderAndBufferTest"/>
  <testcase name="testBufferAppendDelete" time="0,000" classname="cviceni.StringBuilderAndBufferTest"/>
  <testcase name="testBufferAppend" time="0,000" classname="cviceni.StringBuilderAndBufferTest"/>
  <testcase name="testBufferAppend" time="0,000" classname="cviceni.StringBuilderAndBufferTest"/>
  <testcase name="testBuilderAppend" time="0,000" classname="cviceni.StringBuilderAndBufferTest"/>
  <testcase name="testBuilderAppendDelete" time="0,000" classname="cviceni.StringBuilderAndBufferTest"/>
  <testcase name="testBuilderAppend" time="0,001" classname="cviceni.StringBuilderAndBufferTest"/>
  <testcase name="testBufferAppendDelete" time="0,001" classname="cviceni.StringBuilderAndBufferTest"/>
  <testcase name="testBufferAppendDelete" time="0,000" classname="cviceni.StringBuilderAndBufferTest"/>
  <testcase name="testBuilderAppendDelete" time="0,000" classname="cviceni.StringBuilderAndBufferTest"/>
  <testcase name="testBuilderAppendDelete" time="0,022" classname="cviceni.StringBuilderAndBufferTest"/>
  <testcase name="testBufferAppend" time="0,000" classname="cviceni.StringBuilderAndBufferTest"/>
  <testcase name="testBuilderAppendDelete" time="0,000" classname="cviceni.StringBuilderAndBufferTest"/>
  <testcase name="testBuilderAppend" time="0,000" classname="cviceni.StringBuilderAndBufferTest"/>
  <testcase name="testBufferAppendDelete" time="0,002" classname="cviceni.StringBuilderAndBufferTest"/>
  <testcase name="testBufferAppend" time="0,000" classname="cviceni.StringBuilderAndBufferTest"/>
  <testcase name="testBuilderAppendDelete" time="0,000" classname="cviceni.StringBuilderAndBufferTest"/>
  <testcase name="testBuilderAppend" time="0,000" classname="cviceni.StringBuilderAndBufferTest"/>
  <testcase name="testBuilderAppend" time="0,000" classname="cviceni.StringBuilderAndBufferTest"/>
  <testcase name="testBuilderAppendDelete" time="0,000" classname="cviceni.StringBuilderAndBufferTest"/>
  <testcase name="testBufferAppend" time="0,000" classname="cviceni.StringBuilderAndBufferTest"/>
  <testcase name="testBuilderAppendDelete" time="0,000" classname="cviceni.StringBuilderAndBufferTest"/>
  <testcase name="testBufferAppendDelete" time="0,000" classname="cviceni.StringBuilderAndBufferTest"/>
  <testcase name="testBuilderAppendDelete" time="0,001" classname="cviceni.StringBuilderAndBufferTest"/>
  <testcase name="testBufferAppendDelete" time="0,000" classname="cviceni.StringBuilderAndBufferTest"/>
  <testcase name="testBuilderAppend" time="0,000" classname="cviceni.StringBuilderAndBufferTest"/>
  <testcase name="testBufferAppend" time="0,001" classname="cviceni.StringBuilderAndBufferTest"/>
  <testcase name="testBufferAppend" time="0,000" classname="cviceni.StringBuilderAndBufferTest"/>
  <testcase name="testBuilderAppend" time="0,000" classname="cviceni.StringBuilderAndBufferTest"/>
  <testcase name="testBufferAppendDelete" time="0,000" classname="cviceni.StringBuilderAndBufferTest"/>
  <testcase name="testBuilderAppendDelete" time="0,000" classname="cviceni.StringBuilderAndBufferTest"/>
  <testcase name="testBufferAppend" time="0,000" classname="cviceni.StringBuilderAndBufferTest"/>
  <testcase name="testBuilderAppendDelete" time="0,000" classname="cviceni.StringBuilderAndBufferTest"/>
  <testcase name="testBuilderAppendDelete" time="0,000" classname="cviceni.StringBuilderAndBufferTest"/>
  <testcase name="testBufferAppend" time="0,000" classname="cviceni.StringBuilderAndBufferTest"/>
  <testcase name="testBuilderAppend" time="0,000" classname="cviceni.StringBuilderAndBufferTest"/>
  <testcase name="testBufferAppendDelete" time="0,000" classname="cviceni.StringBuilderAndBufferTest"/>
  <testcase name="testBufferAppendDelete" time="0,000" classname="cviceni.StringBuilderAndBufferTest"/>
  <testcase name="testBufferAppend" time="0,000" classname="cviceni.StringBuilderAndBufferTest"/>
  <testcase name="testBufferAppend" time="0,000" classname="cviceni.StringBuilderAndBufferTest"/>
  <testcase name="testBuilderAppendDelete" time="0,000" classname="cviceni.StringBuilderAndBufferTest"/>
  <testcase name="testBufferAppend" time="0,000" classname="cviceni.StringBuilderAndBufferTest"/>
  <testcase name="testBufferAppend" time="0,000" classname="cviceni.StringBuilderAndBufferTest"/>
  <testcase name="testBufferAppendDelete" time="0,001" classname="cviceni.StringBuilderAndBufferTest"/>
  <testcase name="testBufferAppend" time="0,000" classname="cviceni.StringBuilderAndBufferTest"/>
  <testcase name="testBufferAppendDelete" time="0,000" classname="cviceni.StringBuilderAndBufferTest"/>
  <testcase name="testBuilderAppendDelete" time="0,001" classname="cviceni.StringBuilderAndBufferTest"/>
  <testcase name="testBufferAppend" time="0,000" classname="cviceni.StringBuilderAndBufferTest"/>
  <testcase name="testBufferAppend" time="0,000" classname="cviceni.StringBuilderAndBufferTest"/>
  <testcase name="testBuilderAppendDelete" time="0,000" classname="cviceni.StringBuilderAndBufferTest"/>
  <testcase name="testBufferAppendDelete" time="0,001" classname="cviceni.StringBuilderAndBufferTest"/>
  <testcase name="testBufferAppendDelete" time="0,000" classname="cviceni.StringBuilderAndBufferTest"/>
  <testcase name="testBufferAppend" time="0,000" classname="cviceni.StringBuilderAndBufferTest"/>
  <testcase name="testBufferAppend" time="0,000" classname="cviceni.StringBuilderAndBufferTest"/>
  <testcase name="testBufferAppendDelete" time="0,000" classname="cviceni.StringBuilderAndBufferTest"/>
  <testcase name="testBufferAppend" time="0,001" classname="cviceni.StringBuilderAndBufferTest"/>
  <testcase name="testBufferAppendDelete" time="0,001" classname="cviceni.StringBuilderAndBufferTest"/>
  <testcase name="testBuilderAppend" time="0,000" classname="cviceni.StringBuilderAndBufferTest"/>
  <testcase name="testBufferAppend" time="0,000" classname="cviceni.StringBuilderAndBufferTest"/>
  <testcase name="testBuilderAppend" time="0,000" classname="cviceni.StringBuilderAndBufferTest"/>
  <testcase name="testBuilderAppend" time="0,000" classname="cviceni.StringBuilderAndBufferTest"/>
  <testcase name="testBuilderAppendDelete" time="0,001" classname="cviceni.StringBuilderAndBufferTest"/>
  <testcase name="testBuilderAppend" time="0,000" classname="cviceni.StringBuilderAndBufferTest"/>
  <testcase name="testBuilderAppendDelete" time="0,001" classname="cviceni.StringBuilderAndBufferTest"/>
  <testcase name="testBufferAppend" time="0,000" classname="cviceni.StringBuilderAndBufferTest"/>
  <testcase name="testBufferAppendDelete" time="0,000" classname="cviceni.StringBuilderAndBufferTest"/>
  <testcase name="testBuilderAppendDelete" time="0,000" classname="cviceni.StringBuilderAndBufferTest"/>
  <testcase name="testBufferAppend" time="0,001" classname="cviceni.StringBuilderAndBufferTest"/>
  <testcase name="testBufferAppend" time="0,000" classname="cviceni.StringBuilderAndBufferTest"/>
  <testcase name="testBuilderAppendDelete" time="0,001" classname="cviceni.StringBuilderAndBufferTest"/>
  <testcase name="testBuilderAppendDelete" time="0,001" classname="cviceni.StringBuilderAndBufferTest"/>
  <testcase name="testBufferAppendDelete" time="0,001" classname="cviceni.StringBuilderAndBufferTest"/>
  <testcase name="testBuilderAppend" time="0,000" classname="cviceni.StringBuilderAndBufferTest"/>
  <testcase name="testBuilderAppend" time="0,000" classname="cviceni.StringBuilderAndBufferTest"/>
  <testcase name="testBufferAppend" time="0,001" classname="cviceni.StringBuilderAndBufferTest"/>
  <testcase name="testBufferAppendDelete" time="0,001" classname="cviceni.StringBuilderAndBufferTest"/>
  <testcase name="testBuilderAppendDelete" time="0,000" classname="cviceni.StringBuilderAndBufferTest"/>
  <testcase name="testBufferAppend" time="0,001" classname="cviceni.StringBuilderAndBufferTest"/>
  <testcase name="testBufferAppend" time="0,000" classname="cviceni.StringBuilderAndBufferTest"/>
  <testcase name="testBuilderAppendDelete" time="0,000" classname="cviceni.StringBuilderAndBufferTest"/>
  <testcase name="testBufferAppend" time="0,000" classname="cviceni.StringBuilderAndBufferTest"/>
  <testcase name="testBufferAppendDelete" time="0,000" classname="cviceni.StringBuilderAndBufferTest"/>
  <testcase name="testBufferAppend" time="0,000" classname="cviceni.StringBuilderAndBufferTest"/>
  <testcase name="testBuilderAppend" time="0,000" classname="cviceni.StringBuilderAndBufferTest"/>
  <testcase name="testBuilderAppend" time="0,000" classname="cviceni.StringBuilderAndBufferTest"/>
  <testcase name="testBuilderAppendDelete" time="0,000" classname="cviceni.StringBuilderAndBufferTest"/>
  <testcase name="testBuilderAppend" time="0,001" classname="cviceni.StringBuilderAndBufferTest"/>
  <testcase name="testBuilderAppend" time="0,001" classname="cviceni.StringBuilderAndBufferTest"/>
  <testcase name="testBufferAppend" time="0,000" classname="cviceni.StringBuilderAndBufferTest"/>
  <testcase name="testBufferAppend" time="0,000" classname="cviceni.StringBuilderAndBufferTest"/>
  <testcase name="testBufferAppendDelete" time="0,000" classname="cviceni.StringBuilderAndBufferTest"/>
  <testcase name="testBufferAppendDelete" time="0,000" classname="cviceni.StringBuilderAndBufferTest"/>
  <testcase name="testBuilderAppendDelete" time="0,000" classname="cviceni.StringBuilderAndBufferTest"/>
  <testcase name="testBuilderAppend" time="0,001" classname="cviceni.StringBuilderAndBufferTest"/>
  <testcase name="testBufferAppend" time="0,001" classname="cviceni.StringBuilderAndBufferTest"/>
  <testcase name="testBufferAppendDelete" time="0,000" classname="cviceni.StringBuilderAndBufferTest"/>
  <testcase name="testBufferAppend" time="0,000" classname="cviceni.StringBuilderAndBufferTest"/>
  <testcase name="testBuilderAppendDelete" time="0,000" classname="cviceni.StringBuilderAndBufferTest"/>
  <testcase name="testBuilderAppendDelete" time="0,000" classname="cviceni.StringBuilderAndBufferTest"/>
  <testcase name="testBufferAppendDelete" time="0,000" classname="cviceni.StringBuilderAndBufferTest"/>
  <testcase name="testBufferAppendDelete" time="0,001" classname="cviceni.StringBuilderAndBufferTest"/>
  <testcase name="testBufferAppendDelete" time="0,000" classname="cviceni.StringBuilderAndBufferTest"/>
  <testcase name="testBuilderAppendDelete" time="0,001" classname="cviceni.StringBuilderAndBufferTest"/>
  <testcase name="testBuilderAppend" time="0,000" classname="cviceni.StringBuilderAndBufferTest"/>
  <testcase name="testBufferAppend" time="0,000" classname="cviceni.StringBuilderAndBufferTest"/>
  <testcase name="testBuilderAppend" time="0,000" classname="cviceni.StringBuilderAndBufferTest"/>
  <testcase name="testBuilderAppend" time="0,000" classname="cviceni.StringBuilderAndBufferTest"/>
  <testcase name="testBuilderAppend" time="0,000" classname="cviceni.StringBuilderAndBufferTest"/>
  <testcase name="testBufferAppend" time="0,001" classname="cviceni.StringBuilderAndBufferTest"/>
  <testcase name="testBufferAppend" time="0,001" classname="cviceni.StringBuilderAndBufferTest"/>
  <testcase name="testBufferAppendDelete" time="0,000" classname="cviceni.StringBuilderAndBufferTest"/>
  <testcase name="testBuilderAppend" time="0,000" classname="cviceni.StringBuilderAndBufferTest"/>
  <testcase name="testBuilderAppend" time="0,000" classname="cviceni.StringBuilderAndBufferTest"/>
  <testcase name="testBufferAppendDelete" time="0,000" classname="cviceni.StringBuilderAndBufferTest"/>
  <testcase name="testBufferAppend" time="0,000" classname="cviceni.StringBuilderAndBufferTest"/>
  <testcase name="testBufferAppendDelete" time="0,000" classname="cviceni.StringBuilderAndBufferTest"/>
  <testcase name="testBufferAppendDelete" time="0,000" classname="cviceni.StringBuilderAndBufferTest"/>
  <testcase name="testBufferAppendDelete" time="0,000" classname="cviceni.StringBuilderAndBufferTest"/>
  <testcase name="testBufferAppend" time="0,000" classname="cviceni.StringBuilderAndBufferTest"/>
  <testcase name="testBufferAppendDelete" time="0,000" classname="cviceni.StringBuilderAndBufferTest"/>
  <testcase name="testBuilderAppend" time="0,000" classname="cviceni.StringBuilderAndBufferTest"/>
  <testcase name="testBuilderAppend" time="0,000" classname="cviceni.StringBuilderAndBufferTest"/>
  <testcase name="testBuilderAppendDelete" time="0,032" classname="cviceni.StringBuilderAndBufferTest"/>
  <testcase name="testBuilderAppend" time="0,000" classname="cviceni.StringBuilderAndBufferTest"/>
  <testcase name="testBuilderAppend" time="0,000" classname="cviceni.StringBuilderAndBufferTest"/>
  <testcase name="testBufferAppendDelete" time="0,000" classname="cviceni.StringBuilderAndBufferTest"/>
  <testcase name="testBuilderAppendDelete" time="0,001" classname="cviceni.StringBuilderAndBufferTest"/>
  <testcase name="testBuilderAppendDelete" time="0,001" classname="cviceni.StringBuilderAndBufferTest"/>
  <testcase name="testBuilderAppend" time="0,000" classname="cviceni.StringBuilderAndBufferTest"/>
  <testcase name="testBuilderAppendDelete" time="0,000" classname="cviceni.StringBuilderAndBufferTest"/>
  <testcase name="testBufferAppend" time="0,001" classname="cviceni.StringBuilderAndBufferTest"/>
  <testcase name="testBuilderAppendDelete" time="0,000" classname="cviceni.StringBuilderAndBufferTest"/>
  <testcase name="testBufferAppend" time="0,000" classname="cviceni.StringBuilderAndBufferTest"/>
  <testcase name="testBufferAppend" time="0,000" classname="cviceni.StringBuilderAndBufferTest"/>
  <testcase name="testBuilderAppend" time="0,000" classname="cviceni.StringBuilderAndBufferTest"/>
  <testcase name="testBufferAppend" time="0,000" classname="cviceni.StringBuilderAndBufferTest"/>
  <testcase name="testBufferAppendDelete" time="0,001" classname="cviceni.StringBuilderAndBufferTest"/>
  <testcase name="testBufferAppendDelete" time="0,000" classname="cviceni.StringBuilderAndBufferTest"/>
  <testcase name="testBuilderAppend" time="0,000" classname="cviceni.StringBuilderAndBufferTest"/>
  <testcase name="testBuilderAppendDelete" time="0,001" classname="cviceni.StringBuilderAndBufferTest"/>
  <testcase name="testBuilderAppend" time="0,000" classname="cviceni.StringBuilderAndBufferTest"/>
  <testcase name="testBuilderAppend" time="0,001" classname="cviceni.StringBuilderAndBufferTest"/>
  <testcase name="testBufferAppend" time="0,001" classname="cviceni.StringBuilderAndBufferTest"/>
  <testcase name="testBuilderAppend" time="0,000" classname="cviceni.StringBuilderAndBufferTest"/>
  <testcase name="testBufferAppend" time="0,000" classname="cviceni.StringBuilderAndBufferTest"/>
  <testcase name="testBufferAppend" time="0,000" classname="cviceni.StringBuilderAndBufferTest"/>
  <testcase name="testBufferAppend" time="0,000" classname="cviceni.StringBuilderAndBufferTest"/>
  <testcase name="testBuilderAppendDelete" time="0,000" classname="cviceni.StringBuilderAndBufferTest"/>
  <testcase name="testBufferAppend" time="0,000" classname="cviceni.StringBuilderAndBufferTest"/>
  <testcase name="testBuilderAppendDelete" time="0,000" classname="cviceni.StringBuilderAndBufferTest"/>
  <testcase name="testBuilderAppendDelete" time="0,000" classname="cviceni.StringBuilderAndBufferTest"/>
  <testcase name="testBuilderAppend" time="0,001" classname="cviceni.StringBuilderAndBufferTest"/>
  <testcase name="testBuilderAppendDelete" time="0,000" classname="cviceni.StringBuilderAndBufferTest"/>
  <testcase name="testBufferAppend" time="0,000" classname="cviceni.StringBuilderAndBufferTest"/>
  <testcase name="testBufferAppendDelete" time="0,001" classname="cviceni.StringBuilderAndBufferTest"/>
  <testcase name="testBufferAppendDelete" time="0,000" classname="cviceni.StringBuilderAndBufferTest"/>
  <testcase name="testBuilderAppend" time="0,000" classname="cviceni.StringBuilderAndBufferTest"/>
  <testcase name="testBufferAppendDelete" time="0,000" classname="cviceni.StringBuilderAndBufferTest"/>
  <testcase name="testBufferAppend" time="0,000" classname="cviceni.StringBuilderAndBufferTest"/>
  <testcase name="testBuilderAppendDelete" time="0,000" classname="cviceni.StringBuilderAndBufferTest"/>
  <testcase name="testBuilderAppendDelete" time="0,000" classname="cviceni.StringBuilderAndBufferTest"/>
  <testcase name="testBuilderAppendDelete" time="0,001" classname="cviceni.StringBuilderAndBufferTest"/>
  <testcase name="testBuilderAppend" time="0,000" classname="cviceni.StringBuilderAndBufferTest"/>
  <testcase name="testBufferAppendDelete" time="0,000" classname="cviceni.StringBuilderAndBufferTest"/>
  <testcase name="testBuilderAppendDelete" time="0,000" classname="cviceni.StringBuilderAndBufferTest"/>
  <testcase name="testBufferAppendDelete" time="0,000" classname="cviceni.StringBuilderAndBufferTest"/>
  <testcase name="testBuilderAppendDelete" time="0,001" classname="cviceni.StringBuilderAndBufferTest"/>
  <testcase name="testBuilderAppend" time="0,000" classname="cviceni.StringBuilderAndBufferTest"/>
  <testcase name="testBuilderAppend" time="0,000" classname="cviceni.StringBuilderAndBufferTest"/>
  <testcase name="testBufferAppendDelete" time="0,000" classname="cviceni.StringBuilderAndBufferTest"/>
  <testcase name="testBufferAppendDelete" time="0,000" classname="cviceni.StringBuilderAndBufferTest"/>
  <testcase name="testBufferAppendDelete" time="0,000" classname="cviceni.StringBuilderAndBufferTest"/>
  <testcase name="testBufferAppend" time="0,000" classname="cviceni.StringBuilderAndBufferTest"/>
  <testcase name="testBuilderAppend" time="0,000" classname="cviceni.StringBuilderAndBufferTest"/>
  <testcase name="testBuilderAppend" time="0,000" classname="cviceni.StringBuilderAndBufferTest"/>
  <testcase name="testBufferAppend" time="0,001" classname="cviceni.StringBuilderAndBufferTest"/>
  <testcase name="testBufferAppendDelete" time="0,000" classname="cviceni.StringBuilderAndBufferTest"/>
  <testcase name="testBuilderAppend" time="0,001" classname="cviceni.StringBuilderAndBufferTest"/>
  <testcase name="testBufferAppendDelete" time="0,000" classname="cviceni.StringBuilderAndBufferTest"/>
  <testcase name="testBufferAppend" time="0,000" classname="cviceni.StringBuilderAndBufferTest"/>
  <testcase name="testBuilderAppend" time="0,000" classname="cviceni.StringBuilderAndBufferTest"/>
  <testcase name="testBuilderAppend" time="0,000" classname="cviceni.StringBuilderAndBufferTest"/>
  <testcase name="testBufferAppend" time="0,000" classname="cviceni.StringBuilderAndBufferTest"/>
  <testcase name="testBuilderAppend" time="0,001" classname="cviceni.StringBuilderAndBufferTest"/>
  <testcase name="testBufferAppend" time="0,000" classname="cviceni.StringBuilderAndBufferTest"/>
  <testcase name="testBufferAppendDelete" time="0,000" classname="cviceni.StringBuilderAndBufferTest"/>
  <testcase name="testBufferAppend" time="0,000" classname="cviceni.StringBuilderAndBufferTest"/>
  <testcase name="testBufferAppendDelete" time="0,000" classname="cviceni.StringBuilderAndBufferTest"/>
  <testcase name="testBufferAppend" time="0,001" classname="cviceni.StringBuilderAndBufferTest"/>
  <testcase name="testBuilderAppendDelete" time="0,001" classname="cviceni.StringBuilderAndBufferTest"/>
  <testcase name="testBuilderAppend" time="0,000" classname="cviceni.StringBuilderAndBufferTest"/>
  <testcase name="testBufferAppend" time="0,000" classname="cviceni.StringBuilderAndBufferTest"/>
  <testcase name="testBuilderAppend" time="0,000" classname="cviceni.StringBuilderAndBufferTest"/>
  <testcase name="testBuilderAppend" time="0,001" classname="cviceni.StringBuilderAndBufferTest"/>
  <testcase name="testBuilderAppendDelete" time="0,000" classname="cviceni.StringBuilderAndBufferTest"/>
  <testcase name="testBuilderAppendDelete" time="0,000" classname="cviceni.StringBuilderAndBufferTest"/>
  <testcase name="testBuilderAppend" time="0,000" classname="cviceni.StringBuilderAndBufferTest"/>
  <testcase name="testBufferAppend" time="0,000" classname="cviceni.StringBuilderAndBufferTest"/>
  <testcase name="testBuilderAppendDelete" time="0,000" classname="cviceni.StringBuilderAndBufferTest"/>
  <testcase name="testBufferAppend" time="0,000" classname="cviceni.StringBuilderAndBufferTest"/>
  <testcase name="testBufferAppend" time="0,000" classname="cviceni.StringBuilderAndBufferTest"/>
  <testcase name="testBufferAppend" time="0,000" classname="cviceni.StringBuilderAndBufferTest"/>
  <testcase name="testBufferAppend" time="0,000" classname="cviceni.StringBuilderAndBufferTest"/>
  <testcase name="testBuilderAppendDelete" time="0,001" classname="cviceni.StringBuilderAndBufferTest"/>
  <testcase name="testBufferAppendDelete" time="0,000" classname="cviceni.StringBuilderAndBufferTest"/>
  <testcase name="testBufferAppend" time="0,001" classname="cviceni.StringBuilderAndBufferTest"/>
  <testcase name="testBuilderAppendDelete" time="0,000" classname="cviceni.StringBuilderAndBufferTest"/>
  <testcase name="testBuilderAppendDelete" time="0,000" classname="cviceni.StringBuilderAndBufferTest"/>
  <testcase name="testBuilderAppend" time="0,001" classname="cviceni.StringBuilderAndBufferTest"/>
  <testcase name="testBufferAppend" time="0,001" classname="cviceni.StringBuilderAndBufferTest"/>
  <testcase name="testBuilderAppend" time="0,000" classname="cviceni.StringBuilderAndBufferTest"/>
  <testcase name="testBufferAppend" time="0,000" classname="cviceni.StringBuilderAndBufferTest"/>
  <testcase name="testBufferAppend" time="0,000" classname="cviceni.StringBuilderAndBufferTest"/>
  <testcase name="testBuilderAppend" time="0,000" classname="cviceni.StringBuilderAndBufferTest"/>
  <testcase name="testBuilderAppend" time="0,000" classname="cviceni.StringBuilderAndBufferTest"/>
  <testcase name="testBuilderAppendDelete" time="0,000" classname="cviceni.StringBuilderAndBufferTest"/>
  <testcase name="testBufferAppend" time="0,001" classname="cviceni.StringBuilderAndBufferTest"/>
  <testcase name="testBuilderAppend" time="0,000" classname="cviceni.StringBuilderAndBufferTest"/>
  <testcase name="testBufferAppend" time="0,000" classname="cviceni.StringBuilderAndBufferTest"/>
  <testcase name="testBuilderAppend" time="0,001" classname="cviceni.StringBuilderAndBufferTest"/>
  <testcase name="testBuilderAppendDelete" time="0,000" classname="cviceni.StringBuilderAndBufferTest"/>
  <testcase name="testBuilderAppendDelete" time="0,000" classname="cviceni.StringBuilderAndBufferTest"/>
  <testcase name="testBufferAppend" time="0,000" classname="cviceni.StringBuilderAndBufferTest"/>
  <testcase name="testBuilderAppendDelete" time="0,000" classname="cviceni.StringBuilderAndBufferTest"/>
  <testcase name="testBuilderAppend" time="0,000" classname="cviceni.StringBuilderAndBufferTest"/>
  <testcase name="testBuilderAppend" time="0,001" classname="cviceni.StringBuilderAndBufferTest"/>
  <testcase name="testBufferAppendDelete" time="0,000" classname="cviceni.StringBuilderAndBufferTest"/>
  <testcase name="testBuilderAppendDelete" time="0,000" classname="cviceni.StringBuilderAndBufferTest"/>
  <testcase name="testBuilderAppend" time="0,001" classname="cviceni.StringBuilderAndBufferTest"/>
  <testcase name="testBufferAppendDelete" time="0,000" classname="cviceni.StringBuilderAndBufferTest"/>
  <testcase name="testBufferAppend" time="0,000" classname="cviceni.StringBuilderAndBufferTest"/>
  <testcase name="testBufferAppendDelete" time="0,000" classname="cviceni.StringBuilderAndBufferTest"/>
  <testcase name="testBuilderAppend" time="0,000" classname="cviceni.StringBuilderAndBufferTest"/>
  <testcase name="testBufferAppendDelete" time="0,000" classname="cviceni.StringBuilderAndBufferTest"/>
  <testcase name="testBufferAppendDelete" time="0,001" classname="cviceni.StringBuilderAndBufferTest"/>
  <testcase name="testBufferAppend" time="0,000" classname="cviceni.StringBuilderAndBufferTest"/>
  <testcase name="testBuilderAppend" time="0,000" classname="cviceni.StringBuilderAndBufferTest"/>
  <testcase name="testBuilderAppendDelete" time="0,000" classname="cviceni.StringBuilderAndBufferTest"/>
  <testcase name="testBuilderAppendDelete" time="0,000" classname="cviceni.StringBuilderAndBufferTest"/>
  <testcase name="testBuilderAppend" time="0,001" classname="cviceni.StringBuilderAndBufferTest"/>
  <testcase name="testBufferAppendDelete" time="0,000" classname="cviceni.StringBuilderAndBufferTest"/>
  <testcase name="testBuilderAppendDelete" time="0,000" classname="cviceni.StringBuilderAndBufferTest"/>
  <testcase name="testBuilderAppend" time="0,001" classname="cviceni.StringBuilderAndBufferTest"/>
  <testcase name="testBuilderAppendDelete" time="0,001" classname="cviceni.StringBuilderAndBufferTest"/>
  <testcase name="testBuilderAppend" time="0,017" classname="cviceni.StringBuilderAndBufferTest"/>
  <testcase name="testBufferAppend" time="0,000" classname="cviceni.StringBuilderAndBufferTest"/>
  <testcase name="testBuilderAppendDelete" time="0,000" classname="cviceni.StringBuilderAndBufferTest"/>
  <testcase name="testBufferAppendDelete" time="0,000" classname="cviceni.StringBuilderAndBufferTest"/>
  <testcase name="testBuilderAppend" time="0,001" classname="cviceni.StringBuilderAndBufferTest"/>
  <testcase name="testBufferAppend" time="0,000" classname="cviceni.StringBuilderAndBufferTest"/>
  <testcase name="testBufferAppendDelete" time="0,000" classname="cviceni.StringBuilderAndBufferTest"/>
  <testcase name="testBuilderAppendDelete" time="0,000" classname="cviceni.StringBuilderAndBufferTest"/>
  <testcase name="testBufferAppendDelete" time="0,000" classname="cviceni.StringBuilderAndBufferTest"/>
  <testcase name="testBuilderAppend" time="0,000" classname="cviceni.StringBuilderAndBufferTest"/>
  <testcase name="testBufferAppend" time="0,000" classname="cviceni.StringBuilderAndBufferTest"/>
  <testcase name="testBuilderAppendDelete" time="0,000" classname="cviceni.StringBuilderAndBufferTest"/>
  <testcase name="testBufferAppend" time="0,000" classname="cviceni.StringBuilderAndBufferTest"/>
  <testcase name="testBufferAppend" time="0,000" classname="cviceni.StringBuilderAndBufferTest"/>
  <testcase name="testBufferAppend" time="0,001" classname="cviceni.StringBuilderAndBufferTest"/>
  <testcase name="testBufferAppendDelete" time="0,000" classname="cviceni.StringBuilderAndBufferTest"/>
  <testcase name="testBuilderAppend" time="0,000" classname="cviceni.StringBuilderAndBufferTest"/>
  <testcase name="testBuilderAppend" time="0,084" classname="cviceni.StringBuilderAndBufferTest"/>
  <testcase name="testBufferAppendDelete" time="0,000" classname="cviceni.StringBuilderAndBufferTest"/>
  <testcase name="testBuilderAppendDelete" time="0,000" classname="cviceni.StringBuilderAndBufferTest"/>
  <testcase name="testBuilderAppendDelete" time="0,000" classname="cviceni.StringBuilderAndBufferTest"/>
  <testcase name="testBuilderAppendDelete" time="0,000" classname="cviceni.StringBuilderAndBufferTest"/>
  <testcase name="testBufferAppend" time="0,000" classname="cviceni.StringBuilderAndBufferTest"/>
  <testcase name="testBuilderAppendDelete" time="0,001" classname="cviceni.StringBuilderAndBufferTest"/>
  <testcase name="testBuilderAppend" time="0,001" classname="cviceni.StringBuilderAndBufferTest"/>
  <testcase name="testBuilderAppend" time="0,001" classname="cviceni.StringBuilderAndBufferTest"/>
  <testcase name="testBuilderAppend" time="0,000" classname="cviceni.StringBuilderAndBufferTest"/>
  <testcase name="testBufferAppendDelete" time="0,000" classname="cviceni.StringBuilderAndBufferTest"/>
  <testcase name="testBuilderAppendDelete" time="0,001" classname="cviceni.StringBuilderAndBufferTest"/>
  <testcase name="testBufferAppendDelete" time="0,001" classname="cviceni.StringBuilderAndBufferTest"/>
  <testcase name="testBufferAppendDelete" time="0,000" classname="cviceni.StringBuilderAndBufferTest"/>
  <testcase name="testBuilderAppend" time="0,001" classname="cviceni.StringBuilderAndBufferTest"/>
  <testcase name="testBuilderAppendDelete" time="0,000" classname="cviceni.StringBuilderAndBufferTest"/>
  <testcase name="testBufferAppendDelete" time="0,000" classname="cviceni.StringBuilderAndBufferTest"/>
  <testcase name="testBuilderAppendDelete" time="0,000" classname="cviceni.StringBuilderAndBufferTest"/>
  <testcase name="testBufferAppend" time="0,000" classname="cviceni.StringBuilderAndBufferTest"/>
  <testcase name="testBufferAppend" time="0,083" classname="cviceni.StringBuilderAndBufferTest"/>
  <testcase name="testBuilderAppendDelete" time="0,000" classname="cviceni.StringBuilderAndBufferTest"/>
  <testcase name="testBufferAppend" time="0,000" classname="cviceni.StringBuilderAndBufferTest"/>
  <testcase name="testBufferAppend" time="0,000" classname="cviceni.StringBuilderAndBufferTest"/>
  <testcase name="testBufferAppend" time="0,001" classname="cviceni.StringBuilderAndBufferTest"/>
  <testcase name="testBuilderAppendDelete" time="0,000" classname="cviceni.StringBuilderAndBufferTest"/>
  <testcase name="testBufferAppendDelete" time="0,000" classname="cviceni.StringBuilderAndBufferTest"/>
  <testcase name="testBuilderAppend" time="0,000" classname="cviceni.StringBuilderAndBufferTest"/>
  <testcase name="testBuilderAppendDelete" time="0,001" classname="cviceni.StringBuilderAndBufferTest"/>
  <testcase name="testBufferAppend" time="0,000" classname="cviceni.StringBuilderAndBufferTest"/>
  <testcase name="testBufferAppendDelete" time="0,076" classname="cviceni.StringBuilderAndBufferTest"/>
  <testcase name="testBuilderAppendDelete" time="0,001" classname="cviceni.StringBuilderAndBufferTest"/>
  <testcase name="testBuilderAppend" time="0,000" classname="cviceni.StringBuilderAndBufferTest"/>
  <testcase name="testBuilderAppendDelete" time="0,001" classname="cviceni.StringBuilderAndBufferTest"/>
  <testcase name="testBufferAppend" time="0,000" classname="cviceni.StringBuilderAndBufferTest"/>
  <testcase name="testBufferAppendDelete" time="0,000" classname="cviceni.StringBuilderAndBufferTest"/>
  <testcase name="testBufferAppend" time="0,001" classname="cviceni.StringBuilderAndBufferTest"/>
  <testcase name="testBuilderAppend" time="0,001" classname="cviceni.StringBuilderAndBufferTest"/>
  <testcase name="testBuilderAppend" time="0,001" classname="cviceni.StringBuilderAndBufferTest"/>
  <testcase name="testBufferAppendDelete" time="0,000" classname="cviceni.StringBuilderAndBufferTest"/>
  <testcase name="testBufferAppendDelete" time="0,000" classname="cviceni.StringBuilderAndBufferTest"/>
  <testcase name="testBufferAppend" time="0,001" classname="cviceni.StringBuilderAndBufferTest"/>
  <testcase name="testBufferAppendDelete" time="0,000" classname="cviceni.StringBuilderAndBufferTest"/>
  <testcase name="testBufferAppendDelete" time="0,001" classname="cviceni.StringBuilderAndBufferTest"/>
  <testcase name="testBufferAppend" time="0,001" classname="cviceni.StringBuilderAndBufferTest"/>
  <testcase name="testBufferAppendDelete" time="0,000" classname="cviceni.StringBuilderAndBufferTest"/>
  <testcase name="testBuilderAppend" time="0,000" classname="cviceni.StringBuilderAndBufferTest"/>
  <testcase name="testBuilderAppend" time="0,000" classname="cviceni.StringBuilderAndBufferTest"/>
  <testcase name="testBufferAppendDelete" time="0,000" classname="cviceni.StringBuilderAndBufferTest"/>
  <testcase name="testBufferAppendDelete" time="0,001" classname="cviceni.StringBuilderAndBufferTest"/>
  <testcase name="testBuilderAppend" time="0,001" classname="cviceni.StringBuilderAndBufferTest"/>
  <testcase name="testBuilderAppendDelete" time="0,000" classname="cviceni.StringBuilderAndBufferTest"/>
  <testcase name="testBuilderAppendDelete" time="0,000" classname="cviceni.StringBuilderAndBufferTest"/>
  <testcase name="testBufferAppend" time="0,001" classname="cviceni.StringBuilderAndBufferTest"/>
  <testcase name="testBufferAppendDelete" time="0,000" classname="cviceni.StringBuilderAndBufferTest"/>
  <testcase name="testBufferAppendDelete" time="0,000" classname="cviceni.StringBuilderAndBufferTest"/>
  <testcase name="testBufferAppendDelete" time="0,001" classname="cviceni.StringBuilderAndBufferTest"/>
  <testcase name="testBufferAppend" time="0,000" classname="cviceni.StringBuilderAndBufferTest"/>
  <testcase name="testBuilderAppend" time="0,000" classname="cviceni.StringBuilderAndBufferTest"/>
  <testcase name="testBuilderAppendDelete" time="0,000" classname="cviceni.StringBuilderAndBufferTest"/>
  <testcase name="testBuilderAppendDelete" time="0,000" classname="cviceni.StringBuilderAndBufferTest"/>
  <testcase name="testBuilderAppend" time="0,000" classname="cviceni.StringBuilderAndBufferTest"/>
  <testcase name="testBufferAppend" time="0,001" classname="cviceni.StringBuilderAndBufferTest"/>
  <testcase name="testBufferAppendDelete" time="0,001" classname="cviceni.StringBuilderAndBufferTest"/>
  <testcase name="testBufferAppendDelete" time="0,000" classname="cviceni.StringBuilderAndBufferTest"/>
  <testcase name="testBuilderAppend" time="0,000" classname="cviceni.StringBuilderAndBufferTest"/>
  <testcase name="testBufferAppend" time="0,000" classname="cviceni.StringBuilderAndBufferTest"/>
  <testcase name="testBufferAppend" time="0,000" classname="cviceni.StringBuilderAndBufferTest"/>
  <testcase name="testBuilderAppendDelete" time="0,000" classname="cviceni.StringBuilderAndBufferTest"/>
  <testcase name="testBuilderAppendDelete" time="0,000" classname="cviceni.StringBuilderAndBufferTest"/>
  <testcase name="testBuilderAppend" time="0,000" classname="cviceni.StringBuilderAndBufferTest"/>
  <testcase name="testBufferAppendDelete" time="0,001" classname="cviceni.StringBuilderAndBufferTest"/>
  <testcase name="testBufferAppendDelete" time="0,000" classname="cviceni.StringBuilderAndBufferTest"/>
  <testcase name="testBufferAppend" time="0,001" classname="cviceni.StringBuilderAndBufferTest"/>
  <testcase name="testBufferAppend" time="0,000" classname="cviceni.StringBuilderAndBufferTest"/>
  <testcase name="testBuilderAppendDelete" time="0,000" classname="cviceni.StringBuilderAndBufferTest"/>
  <testcase name="testBuilderAppend" time="0,000" classname="cviceni.StringBuilderAndBufferTest"/>
  <testcase name="testBuilderAppendDelete" time="0,000" classname="cviceni.StringBuilderAndBufferTest"/>
  <testcase name="testBufferAppendDelete" time="0,001" classname="cviceni.StringBuilderAndBufferTest"/>
  <testcase name="testBufferAppendDelete" time="0,000" classname="cviceni.StringBuilderAndBufferTest"/>
  <testcase name="testBuilderAppendDelete" time="0,000" classname="cviceni.StringBuilderAndBufferTest"/>
  <testcase name="testBuilderAppend" time="0,000" classname="cviceni.StringBuilderAndBufferTest"/>
  <testcase name="testBuilderAppendDelete" time="0,000" classname="cviceni.StringBuilderAndBufferTest"/>
  <testcase name="testBufferAppendDelete" time="0,001" classname="cviceni.StringBuilderAndBufferTest"/>
  <testcase name="testBufferAppendDelete" time="0,000" classname="cviceni.StringBuilderAndBufferTest"/>
  <testcase name="testBufferAppend" time="0,000" classname="cviceni.StringBuilderAndBufferTest"/>
  <testcase name="testBuilderAppend" time="0,001" classname="cviceni.StringBuilderAndBufferTest"/>
  <testcase name="testBufferAppend" time="0,001" classname="cviceni.StringBuilderAndBufferTest"/>
  <testcase name="testBuilderAppend" time="0,000" classname="cviceni.StringBuilderAndBufferTest"/>
  <testcase name="testBufferAppendDelete" time="0,000" classname="cviceni.StringBuilderAndBufferTest"/>
  <testcase name="testBuilderAppend" time="0,000" classname="cviceni.StringBuilderAndBufferTest"/>
  <testcase name="testBufferAppendDelete" time="0,000" classname="cviceni.StringBuilderAndBufferTest"/>
  <testcase name="testBuilderAppend" time="0,000" classname="cviceni.StringBuilderAndBufferTest"/>
  <testcase name="testBuilderAppendDelete" time="0,000" classname="cviceni.StringBuilderAndBufferTest"/>
  <testcase name="testBuilderAppendDelete" time="0,000" classname="cviceni.StringBuilderAndBufferTest"/>
  <testcase name="testBuilderAppend" time="0,000" classname="cviceni.StringBuilderAndBufferTest"/>
  <testcase name="testBufferAppend" time="0,001" classname="cviceni.StringBuilderAndBufferTest"/>
  <testcase name="testBuilderAppendDelete" time="0,000" classname="cviceni.StringBuilderAndBufferTest"/>
  <testcase name="testBuilderAppendDelete" time="0,001" classname="cviceni.StringBuilderAndBufferTest"/>
  <testcase name="testBufferAppend" time="0,000" classname="cviceni.StringBuilderAndBufferTest"/>
  <testcase name="testBufferAppend" time="0,000" classname="cviceni.StringBuilderAndBufferTest"/>
  <testcase name="testBuilderAppendDelete" time="0,000" classname="cviceni.StringBuilderAndBufferTest"/>
  <testcase name="testBuilderAppendDelete" time="0,000" classname="cviceni.StringBuilderAndBufferTest"/>
  <testcase name="testBufferAppendDelete" time="0,000" classname="cviceni.StringBuilderAndBufferTest"/>
  <testcase name="testBufferAppendDelete" time="0,001" classname="cviceni.StringBuilderAndBufferTest"/>
  <testcase name="testBuilderAppendDelete" time="0,000" classname="cviceni.StringBuilderAndBufferTest"/>
  <testcase name="testBuilderAppend" time="0,000" classname="cviceni.StringBuilderAndBufferTest"/>
  <testcase name="testBuilderAppendDelete" time="0,000" classname="cviceni.StringBuilderAndBufferTest"/>
  <testcase name="testBufferAppend" time="0,001" classname="cviceni.StringBuilderAndBufferTest"/>
  <testcase name="testBuilderAppendDelete" time="0,000" classname="cviceni.StringBuilderAndBufferTest"/>
  <testcase name="testBufferAppendDelete" time="0,001" classname="cviceni.StringBuilderAndBufferTest"/>
  <testcase name="testBufferAppend" time="0,000" classname="cviceni.StringBuilderAndBufferTest"/>
  <testcase name="testBuilderAppendDelete" time="0,001" classname="cviceni.StringBuilderAndBufferTest"/>
  <testcase name="testBufferAppend" time="0,000" classname="cviceni.StringBuilderAndBufferTest"/>
  <testcase name="testBufferAppend" time="0,000" classname="cviceni.StringBuilderAndBufferTest"/>
  <testcase name="testBufferAppend" time="0,001" classname="cviceni.StringBuilderAndBufferTest"/>
  <testcase name="testBufferAppend" time="0,001" classname="cviceni.StringBuilderAndBufferTest"/>
  <testcase name="testBuilderAppendDelete" time="0,000" classname="cviceni.StringBuilderAndBufferTest"/>
  <testcase name="testBufferAppendDelete" time="0,000" classname="cviceni.StringBuilderAndBufferTest"/>
  <testcase name="testBufferAppendDelete" time="0,000" classname="cviceni.StringBuilderAndBufferTest"/>
  <testcase name="testBufferAppendDelete" time="0,000" classname="cviceni.StringBuilderAndBufferTest"/>
  <testcase name="testBuilderAppendDelete" time="0,000" classname="cviceni.StringBuilderAndBufferTest"/>
  <testcase name="testBufferAppend" time="0,000" classname="cviceni.StringBuilderAndBufferTest"/>
  <testcase name="testBufferAppend" time="0,000" classname="cviceni.StringBuilderAndBufferTest"/>
  <testcase name="testBufferAppendDelete" time="0,000" classname="cviceni.StringBuilderAndBufferTest"/>
  <testcase name="testBufferAppendDelete" time="0,000" classname="cviceni.StringBuilderAndBufferTest"/>
  <testcase name="testBuilderAppend" time="0,000" classname="cviceni.StringBuilderAndBufferTest"/>
  <testcase name="testBuilderAppendDelete" time="0,000" classname="cviceni.StringBuilderAndBufferTest"/>
  <testcase name="testBufferAppend" time="0,000" classname="cviceni.StringBuilderAndBufferTest"/>
  <testcase name="testBufferAppendDelete" time="0,001" classname="cviceni.StringBuilderAndBufferTest"/>
  <testcase name="testBuilderAppend" time="0,000" classname="cviceni.StringBuilderAndBufferTest"/>
  <testcase name="testBufferAppend" time="0,000" classname="cviceni.StringBuilderAndBufferTest"/>
  <testcase name="testBufferAppend" time="0,000" classname="cviceni.StringBuilderAndBufferTest"/>
  <testcase name="testBuilderAppend" time="0,000" classname="cviceni.StringBuilderAndBufferTest"/>
  <testcase name="testBuilderAppendDelete" time="0,000" classname="cviceni.StringBuilderAndBufferTest"/>
  <testcase name="testBuilderAppend" time="0,000" classname="cviceni.StringBuilderAndBufferTest"/>
  <testcase name="testBufferAppend" time="0,000" classname="cviceni.StringBuilderAndBufferTest"/>
  <testcase name="testBuilderAppendDelete" time="0,000" classname="cviceni.StringBuilderAndBufferTest"/>
  <testcase name="testBuilderAppendDelete" time="0,000" classname="cviceni.StringBuilderAndBufferTest"/>
  <testcase name="testBufferAppend" time="0,001" classname="cviceni.StringBuilderAndBufferTest"/>
  <testcase name="testBufferAppend" time="0,000" classname="cviceni.StringBuilderAndBufferTest"/>
  <testcase name="testBuilderAppendDelete" time="0,000" classname="cviceni.StringBuilderAndBufferTest"/>
  <testcase name="testBufferAppend" time="0,000" classname="cviceni.StringBuilderAndBufferTest"/>
  <testcase name="testBuilderAppend" time="0,000" classname="cviceni.StringBuilderAndBufferTest"/>
  <testcase name="testBufferAppend" time="0,000" classname="cviceni.StringBuilderAndBufferTest"/>
  <testcase name="testBuilderAppendDelete" time="0,000" classname="cviceni.StringBuilderAndBufferTest"/>
  <testcase name="testBufferAppend" time="0,001" classname="cviceni.StringBuilderAndBufferTest"/>
  <testcase name="testBufferAppend" time="0,000" classname="cviceni.StringBuilderAndBufferTest"/>
  <testcase name="testBuilderAppendDelete" time="0,000" classname="cviceni.StringBuilderAndBufferTest"/>
  <testcase name="testBuilderAppendDelete" time="0,001" classname="cviceni.StringBuilderAndBufferTest"/>
  <testcase name="testBuilderAppend" time="0,000" classname="cviceni.StringBuilderAndBufferTest"/>
  <testcase name="testBuilderAppendDelete" time="0,001" classname="cviceni.StringBuilderAndBufferTest"/>
  <testcase name="testBufferAppendDelete" time="0,001" classname="cviceni.StringBuilderAndBufferTest"/>
  <testcase name="testBuilderAppend" time="0,001" classname="cviceni.StringBuilderAndBufferTest"/>
  <testcase name="testBuilderAppend" time="0,034" classname="cviceni.StringBuilderAndBufferTest"/>
  <testcase name="testBuilderAppendDelete" time="0,000" classname="cviceni.StringBuilderAndBufferTest"/>
  <testcase name="testBufferAppend" time="0,001" classname="cviceni.StringBuilderAndBufferTest"/>
  <testcase name="testBufferAppend" time="0,001" classname="cviceni.StringBuilderAndBufferTest"/>
  <testcase name="testBuilderAppend" time="0,000" classname="cviceni.StringBuilderAndBufferTest"/>
  <testcase name="testBuilderAppend" time="0,000" classname="cviceni.StringBuilderAndBufferTest"/>
  <testcase name="testBufferAppend" time="0,000" classname="cviceni.StringBuilderAndBufferTest"/>
  <testcase name="testBuilderAppend" time="0,000" classname="cviceni.StringBuilderAndBufferTest"/>
  <testcase name="testBufferAppend" time="0,001" classname="cviceni.StringBuilderAndBufferTest"/>
  <testcase name="testBuilderAppendDelete" time="0,000" classname="cviceni.StringBuilderAndBufferTest"/>
  <testcase name="testBuilderAppendDelete" time="0,001" classname="cviceni.StringBuilderAndBufferTest"/>
  <testcase name="testBufferAppendDelete" time="0,000" classname="cviceni.StringBuilderAndBufferTest"/>
  <testcase name="testBufferAppend" time="0,000" classname="cviceni.StringBuilderAndBufferTest"/>
  <testcase name="testBufferAppendDelete" time="0,000" classname="cviceni.StringBuilderAndBufferTest"/>
  <testcase name="testBuilderAppend" time="0,001" classname="cviceni.StringBuilderAndBufferTest"/>
  <testcase name="testBufferAppend" time="0,000" classname="cviceni.StringBuilderAndBufferTest"/>
  <testcase name="testBuilderAppendDelete" time="0,000" classname="cviceni.StringBuilderAndBufferTest"/>
  <testcase name="testBufferAppend" time="0,001" classname="cviceni.StringBuilderAndBufferTest"/>
  <testcase name="testBufferAppendDelete" time="0,001" classname="cviceni.StringBuilderAndBufferTest"/>
  <testcase name="testBufferAppend" time="0,000" classname="cviceni.StringBuilderAndBufferTest"/>
  <testcase name="testBuilderAppend" time="0,000" classname="cviceni.StringBuilderAndBufferTest"/>
  <testcase name="testBuilderAppend" time="0,001" classname="cviceni.StringBuilderAndBufferTest"/>
  <testcase name="testBufferAppendDelete" time="0,000" classname="cviceni.StringBuilderAndBufferTest"/>
  <testcase name="testBufferAppendDelete" time="0,000" classname="cviceni.StringBuilderAndBufferTest"/>
  <testcase name="testBufferAppend" time="0,001" classname="cviceni.StringBuilderAndBufferTest"/>
  <testcase name="testBuilderAppendDelete" time="0,000" classname="cviceni.StringBuilderAndBufferTest"/>
  <testcase name="testBuilderAppend" time="0,000" classname="cviceni.StringBuilderAndBufferTest"/>
  <testcase name="testBuilderAppend" time="0,001" classname="cviceni.StringBuilderAndBufferTest"/>
  <testcase name="testBuilderAppendDelete" time="0,000" classname="cviceni.StringBuilderAndBufferTest"/>
  <testcase name="testBufferAppend" time="0,001" classname="cviceni.StringBuilderAndBufferTest"/>
  <testcase name="testBuilderAppendDelete" time="0,000" classname="cviceni.StringBuilderAndBufferTest"/>
  <testcase name="testBuilderAppendDelete" time="0,000" classname="cviceni.StringBuilderAndBufferTest"/>
  <testcase name="testBufferAppendDelete" time="0,000" classname="cviceni.StringBuilderAndBufferTest"/>
  <testcase name="testBufferAppendDelete" time="0,000" classname="cviceni.StringBuilderAndBufferTest"/>
  <testcase name="testBuilderAppend" time="0,000" classname="cviceni.StringBuilderAndBufferTest"/>
  <testcase name="testBufferAppend" time="0,000" classname="cviceni.StringBuilderAndBufferTest"/>
  <testcase name="testBufferAppendDelete" time="0,001" classname="cviceni.StringBuilderAndBufferTest"/>
  <testcase name="testBuilderAppend" time="0,000" classname="cviceni.StringBuilderAndBufferTest"/>
  <testcase name="testBufferAppendDelete" time="0,000" classname="cviceni.StringBuilderAndBufferTest"/>
  <testcase name="testBufferAppendDelete" time="0,000" classname="cviceni.StringBuilderAndBufferTest"/>
  <testcase name="testBuilderAppend" time="0,001" classname="cviceni.StringBuilderAndBufferTest"/>
  <testcase name="testBuilderAppendDelete" time="0,000" classname="cviceni.StringBuilderAndBufferTest"/>
  <testcase name="testBufferAppend" time="0,000" classname="cviceni.StringBuilderAndBufferTest"/>
  <testcase name="testBuilderAppend" time="0,001" classname="cviceni.StringBuilderAndBufferTest"/>
  <testcase name="testBuilderAppendDelete" time="0,000" classname="cviceni.StringBuilderAndBufferTest"/>
  <testcase name="testBufferAppendDelete" time="0,001" classname="cviceni.StringBuilderAndBufferTest"/>
  <testcase name="testBuilderAppend" time="0,000" classname="cviceni.StringBuilderAndBufferTest"/>
  <testcase name="testBuilderAppendDelete" time="0,001" classname="cviceni.StringBuilderAndBufferTest"/>
  <testcase name="testBufferAppend" time="0,000" classname="cviceni.StringBuilderAndBufferTest"/>
  <testcase name="testBuilderAppend" time="0,000" classname="cviceni.StringBuilderAndBufferTest"/>
  <testcase name="testBuilderAppend" time="0,066" classname="cviceni.StringBuilderAndBufferTest"/>
  <testcase name="testBuilderAppendDelete" time="0,000" classname="cviceni.StringBuilderAndBufferTest"/>
  <testcase name="testBufferAppendDelete" time="0,001" classname="cviceni.StringBuilderAndBufferTest"/>
  <testcase name="testBuilderAppend" time="0,001" classname="cviceni.StringBuilderAndBufferTest"/>
  <testcase name="testBufferAppendDelete" time="0,000" classname="cviceni.StringBuilderAndBufferTest"/>
  <testcase name="testBuilderAppend" time="0,001" classname="cviceni.StringBuilderAndBufferTest"/>
  <testcase name="testBufferAppend" time="0,000" classname="cviceni.StringBuilderAndBufferTest"/>
  <testcase name="testBuilderAppendDelete" time="0,001" classname="cviceni.StringBuilderAndBufferTest"/>
  <testcase name="testBuilderAppendDelete" time="0,001" classname="cviceni.StringBuilderAndBufferTest"/>
  <testcase name="testBuilderAppendDelete" time="0,001" classname="cviceni.StringBuilderAndBufferTest"/>
  <testcase name="testBuilderAppend" time="0,000" classname="cviceni.StringBuilderAndBufferTest"/>
  <testcase name="testBuilderAppendDelete" time="0,001" classname="cviceni.StringBuilderAndBufferTest"/>
  <testcase name="testBuilderAppendDelete" time="0,000" classname="cviceni.StringBuilderAndBufferTest"/>
  <testcase name="testBuilderAppend" time="0,000" classname="cviceni.StringBuilderAndBufferTest"/>
  <testcase name="testBuilderAppendDelete" time="0,001" classname="cviceni.StringBuilderAndBufferTest"/>
  <testcase name="testBuilderAppend" time="0,000" classname="cviceni.StringBuilderAndBufferTest"/>
  <testcase name="testBuilderAppendDelete" time="0,001" classname="cviceni.StringBuilderAndBufferTest"/>
  <testcase name="testBuilderAppendDelete" time="0,000" classname="cviceni.StringBuilderAndBufferTest"/>
  <testcase name="testBuilderAppendDelete" time="0,001" classname="cviceni.StringBuilderAndBufferTest"/>
  <testcase name="testBuilderAppend" time="0,001" classname="cviceni.StringBuilderAndBufferTest"/>
  <testcase name="testBuilderAppend" time="0,001" classname="cviceni.StringBuilderAndBufferTest"/>
  <testcase name="testBufferAppend" time="0,000" classname="cviceni.StringBuilderAndBufferTest"/>
  <testcase name="testBufferAppendDelete" time="0,000" classname="cviceni.StringBuilderAndBufferTest"/>
  <testcase name="testBufferAppend" time="0,000" classname="cviceni.StringBuilderAndBufferTest"/>
  <testcase name="testBufferAppend" time="0,000" classname="cviceni.StringBuilderAndBufferTest"/>
  <testcase name="testBuilderAppendDelete" time="0,001" classname="cviceni.StringBuilderAndBufferTest"/>
  <testcase name="testBufferAppend" time="0,001" classname="cviceni.StringBuilderAndBufferTest"/>
  <testcase name="testBuilderAppend" time="0,001" classname="cviceni.StringBuilderAndBufferTest"/>
  <testcase name="testBufferAppendDelete" time="0,000" classname="cviceni.StringBuilderAndBufferTest"/>
  <testcase name="testBuilderAppendDelete" time="0,000" classname="cviceni.StringBuilderAndBufferTest"/>
  <testcase name="testBuilderAppendDelete" time="0,001" classname="cviceni.StringBuilderAndBufferTest"/>
  <testcase name="testBufferAppend" time="0,000" classname="cviceni.StringBuilderAndBufferTest"/>
  <testcase name="testBufferAppend" time="0,000" classname="cviceni.StringBuilderAndBufferTest"/>
  <testcase name="testBuilderAppend" time="0,000" classname="cviceni.StringBuilderAndBufferTest"/>
  <testcase name="testBufferAppendDelete" time="0,000" classname="cviceni.StringBuilderAndBufferTest"/>
  <testcase name="testBufferAppend" time="0,000" classname="cviceni.StringBuilderAndBufferTest"/>
  <testcase name="testBuilderAppend" time="0,001" classname="cviceni.StringBuilderAndBufferTest"/>
  <testcase name="testBuilderAppend" time="0,000" classname="cviceni.StringBuilderAndBufferTest"/>
  <testcase name="testBuilderAppend" time="0,001" classname="cviceni.StringBuilderAndBufferTest"/>
  <testcase name="testBuilderAppendDelete" time="0,001" classname="cviceni.StringBuilderAndBufferTest"/>
  <testcase name="testBuilderAppendDelete" time="0,000" classname="cviceni.StringBuilderAndBufferTest"/>
  <testcase name="testBufferAppend" time="0,000" classname="cviceni.StringBuilderAndBufferTest"/>
  <testcase name="testBuilderAppendDelete" time="0,001" classname="cviceni.StringBuilderAndBufferTest"/>
  <testcase name="testBufferAppendDelete" time="0,000" classname="cviceni.StringBuilderAndBufferTest"/>
  <testcase name="testBufferAppend" time="0,000" classname="cviceni.StringBuilderAndBufferTest"/>
  <testcase name="testBuilderAppendDelete" time="0,000" classname="cviceni.StringBuilderAndBufferTest"/>
  <testcase name="testBuilderAppend" time="0,000" classname="cviceni.StringBuilderAndBufferTest"/>
  <testcase name="testBufferAppend" time="0,000" classname="cviceni.StringBuilderAndBufferTest"/>
  <testcase name="testBufferAppend" time="0,000" classname="cviceni.StringBuilderAndBufferTest"/>
  <testcase name="testBuilderAppendDelete" time="0,000" classname="cviceni.StringBuilderAndBufferTest"/>
  <testcase name="testBufferAppendDelete" time="0,000" classname="cviceni.StringBuilderAndBufferTest"/>
  <testcase name="testBuilderAppendDelete" time="0,000" classname="cviceni.StringBuilderAndBufferTest"/>
  <testcase name="testBufferAppendDelete" time="0,000" classname="cviceni.StringBuilderAndBufferTest"/>
  <testcase name="testBuilderAppend" time="0,000" classname="cviceni.StringBuilderAndBufferTest"/>
  <testcase name="testBufferAppend" time="0,001" classname="cviceni.StringBuilderAndBufferTest"/>
  <testcase name="testBuilderAppendDelete" time="0,000" classname="cviceni.StringBuilderAndBufferTest"/>
  <testcase name="testBufferAppend" time="0,000" classname="cviceni.StringBuilderAndBufferTest"/>
  <testcase name="testBuilderAppend" time="0,000" classname="cviceni.StringBuilderAndBufferTest"/>
  <testcase name="testBufferAppendDelete" time="0,000" classname="cviceni.StringBuilderAndBufferTest"/>
  <testcase name="testBuilderAppendDelete" time="0,001" classname="cviceni.StringBuilderAndBufferTest"/>
  <testcase name="testBuilderAppend" time="0,000" classname="cviceni.StringBuilderAndBufferTest"/>
  <testcase name="testBufferAppend" time="0,000" classname="cviceni.StringBuilderAndBufferTest"/>
  <testcase name="testBufferAppendDelete" time="0,001" classname="cviceni.StringBuilderAndBufferTest"/>
  <testcase name="testBuilderAppendDelete" time="0,001" classname="cviceni.StringBuilderAndBufferTest"/>
  <testcase name="testBufferAppendDelete" time="0,000" classname="cviceni.StringBuilderAndBufferTest"/>
  <testcase name="testBufferAppend" time="0,000" classname="cviceni.StringBuilderAndBufferTest"/>
  <testcase name="testBuilderAppendDelete" time="0,001" classname="cviceni.StringBuilderAndBufferTest"/>
  <testcase name="testBuilderAppendDelete" time="0,000" classname="cviceni.StringBuilderAndBufferTest"/>
  <testcase name="testBuilderAppendDelete" time="0,000" classname="cviceni.StringBuilderAndBufferTest"/>
  <testcase name="testBuilderAppendDelete" time="0,000" classname="cviceni.StringBuilderAndBufferTest"/>
  <testcase name="testBufferAppend" time="0,000" classname="cviceni.StringBuilderAndBufferTest"/>
  <testcase name="testBufferAppendDelete" time="0,001" classname="cviceni.StringBuilderAndBufferTest"/>
  <testcase name="testBuilderAppendDelete" time="0,001" classname="cviceni.StringBuilderAndBufferTest"/>
  <testcase name="testBuilderAppendDelete" time="0,000" classname="cviceni.StringBuilderAndBufferTest"/>
  <testcase name="testBufferAppend" time="0,001" classname="cviceni.StringBuilderAndBufferTest"/>
  <testcase name="testBuilderAppendDelete" time="0,000" classname="cviceni.StringBuilderAndBufferTest"/>
  <testcase name="testBuilderAppendDelete" time="0,000" classname="cviceni.StringBuilderAndBufferTest"/>
  <testcase name="testBufferAppend" time="0,000" classname="cviceni.StringBuilderAndBufferTest"/>
  <testcase name="testBufferAppendDelete" time="0,001" classname="cviceni.StringBuilderAndBufferTest"/>
  <testcase name="testBuilderAppend" time="0,000" classname="cviceni.StringBuilderAndBufferTest"/>
  <testcase name="testBuilderAppend" time="0,000" classname="cviceni.StringBuilderAndBufferTest"/>
  <testcase name="testBufferAppend" time="0,000" classname="cviceni.StringBuilderAndBufferTest"/>
  <testcase name="testBufferAppend" time="0,000" classname="cviceni.StringBuilderAndBufferTest"/>
  <testcase name="testBuilderAppendDelete" time="0,000" classname="cviceni.StringBuilderAndBufferTest"/>
  <testcase name="testBuilderAppendDelete" time="0,000" classname="cviceni.StringBuilderAndBufferTest"/>
  <testcase name="testBufferAppendDelete" time="0,000" classname="cviceni.StringBuilderAndBufferTest"/>
  <testcase name="testBufferAppendDelete" time="0,000" classname="cviceni.StringBuilderAndBufferTest"/>
  <testcase name="testBuilderAppend" time="0,000" classname="cviceni.StringBuilderAndBufferTest"/>
  <testcase name="testBuilderAppend" time="0,001" classname="cviceni.StringBuilderAndBufferTest"/>
  <testcase name="testBuilderAppend" time="0,000" classname="cviceni.StringBuilderAndBufferTest"/>
  <testcase name="testBufferAppend" time="0,001" classname="cviceni.StringBuilderAndBufferTest"/>
  <testcase name="testBufferAppendDelete" time="0,000" classname="cviceni.StringBuilderAndBufferTest"/>
  <testcase name="testBufferAppendDelete" time="0,000" classname="cviceni.StringBuilderAndBufferTest"/>
  <testcase name="testBuilderAppend" time="0,000" classname="cviceni.StringBuilderAndBufferTest"/>
  <testcase name="testBuilderAppendDelete" time="0,001" classname="cviceni.StringBuilderAndBufferTest"/>
  <testcase name="testBufferAppendDelete" time="0,000" classname="cviceni.StringBuilderAndBufferTest"/>
  <testcase name="testBuilderAppendDelete" time="0,000" classname="cviceni.StringBuilderAndBufferTest"/>
  <testcase name="testBufferAppendDelete" time="0,000" classname="cviceni.StringBuilderAndBufferTest"/>
  <testcase name="testBuilderAppendDelete" time="0,000" classname="cviceni.StringBuilderAndBufferTest"/>
  <testcase name="testBufferAppend" time="0,000" classname="cviceni.StringBuilderAndBufferTest"/>
  <testcase name="testBuilderAppendDelete" time="0,000" classname="cviceni.StringBuilderAndBufferTest"/>
  <testcase name="testBufferAppend" time="0,001" classname="cviceni.StringBuilderAndBufferTest"/>
  <testcase name="testBufferAppendDelete" time="0,000" classname="cviceni.StringBuilderAndBufferTest"/>
  <testcase name="testBuilderAppend" time="0,001" classname="cviceni.StringBuilderAndBufferTest"/>
  <testcase name="testBufferAppend" time="0,000" classname="cviceni.StringBuilderAndBufferTest"/>
  <testcase name="testBuilderAppendDelete" time="0,000" classname="cviceni.StringBuilderAndBufferTest"/>
  <testcase name="testBufferAppendDelete" time="0,000" classname="cviceni.StringBuilderAndBufferTest"/>
  <testcase name="testBufferAppendDelete" time="0,000" classname="cviceni.StringBuilderAndBufferTest"/>
  <testcase name="testBufferAppend" time="0,000" classname="cviceni.StringBuilderAndBufferTest"/>
  <testcase name="testBufferAppend" time="0,025" classname="cviceni.StringBuilderAndBufferTest"/>
  <testcase name="testBufferAppend" time="0,000" classname="cviceni.StringBuilderAndBufferTest"/>
  <testcase name="testBuilderAppend" time="0,000" classname="cviceni.StringBuilderAndBufferTest"/>
  <testcase name="testBuilderAppendDelete" time="0,000" classname="cviceni.StringBuilderAndBufferTest"/>
  <testcase name="testBuilderAppendDelete" time="0,000" classname="cviceni.StringBuilderAndBufferTest"/>
  <testcase name="testBuilderAppendDelete" time="0,000" classname="cviceni.StringBuilderAndBufferTest"/>
  <testcase name="testBufferAppendDelete" time="0,001" classname="cviceni.StringBuilderAndBufferTest"/>
  <testcase name="testBufferAppendDelete" time="0,001" classname="cviceni.StringBuilderAndBufferTest"/>
  <testcase name="testBuilderAppend" time="0,001" classname="cviceni.StringBuilderAndBufferTest"/>
  <testcase name="testBuilderAppendDelete" time="0,000" classname="cviceni.StringBuilderAndBufferTest"/>
  <testcase name="testBufferAppend" time="0,000" classname="cviceni.StringBuilderAndBufferTest"/>
  <testcase name="testBuilderAppend" time="0,000" classname="cviceni.StringBuilderAndBufferTest"/>
  <testcase name="testBufferAppend" time="0,000" classname="cviceni.StringBuilderAndBufferTest"/>
  <testcase name="testBufferAppendDelete" time="0,000" classname="cviceni.StringBuilderAndBufferTest"/>
  <testcase name="testBufferAppendDelete" time="0,000" classname="cviceni.StringBuilderAndBufferTest"/>
  <testcase name="testBuilderAppend" time="0,001" classname="cviceni.StringBuilderAndBufferTest"/>
  <testcase name="testBufferAppendDelete" time="0,001" classname="cviceni.StringBuilderAndBufferTest"/>
  <testcase name="testBuilderAppendDelete" time="0,001" classname="cviceni.StringBuilderAndBufferTest"/>
  <testcase name="testBufferAppend" time="0,000" classname="cviceni.StringBuilderAndBufferTest"/>
  <testcase name="testBuilderAppendDelete" time="0,000" classname="cviceni.StringBuilderAndBufferTest"/>
  <testcase name="testBufferAppendDelete" time="0,000" classname="cviceni.StringBuilderAndBufferTest"/>
  <testcase name="testBuilderAppend" time="0,001" classname="cviceni.StringBuilderAndBufferTest"/>
  <testcase name="testBufferAppend" time="0,001" classname="cviceni.StringBuilderAndBufferTest"/>
  <testcase name="testBuilderAppendDelete" time="0,000" classname="cviceni.StringBuilderAndBufferTest"/>
  <testcase name="testBuilderAppendDelete" time="0,013" classname="cviceni.StringBuilderAndBufferTest"/>
  <testcase name="testBufferAppend" time="0,001" classname="cviceni.StringBuilderAndBufferTest"/>
  <testcase name="testBuilderAppendDelete" time="0,000" classname="cviceni.StringBuilderAndBufferTest"/>
  <testcase name="testBufferAppendDelete" time="0,001" classname="cviceni.StringBuilderAndBufferTest"/>
  <testcase name="testBuilderAppendDelete" time="0,000" classname="cviceni.StringBuilderAndBufferTest"/>
  <testcase name="testBuilderAppend" time="0,000" classname="cviceni.StringBuilderAndBufferTest"/>
  <testcase name="testBufferAppend" time="0,001" classname="cviceni.StringBuilderAndBufferTest"/>
  <testcase name="testBuilderAppendDelete" time="0,000" classname="cviceni.StringBuilderAndBufferTest"/>
  <testcase name="testBuilderAppend" time="0,000" classname="cviceni.StringBuilderAndBufferTest"/>
  <testcase name="testBufferAppendDelete" time="0,000" classname="cviceni.StringBuilderAndBufferTest"/>
  <testcase name="testBuilderAppendDelete" time="0,001" classname="cviceni.StringBuilderAndBufferTest"/>
  <testcase name="testBuilderAppendDelete" time="0,001" classname="cviceni.StringBuilderAndBufferTest"/>
  <testcase name="testBuilderAppend" time="0,001" classname="cviceni.StringBuilderAndBufferTest"/>
  <testcase name="testBufferAppendDelete" time="0,000" classname="cviceni.StringBuilderAndBufferTest"/>
  <testcase name="testBuilderAppendDelete" time="0,001" classname="cviceni.StringBuilderAndBufferTest"/>
  <testcase name="testBuilderAppend" time="0,001" classname="cviceni.StringBuilderAndBufferTest"/>
  <testcase name="testBuilderAppend" time="0,000" classname="cviceni.StringBuilderAndBufferTest"/>
  <testcase name="testBuilderAppend" time="0,000" classname="cviceni.StringBuilderAndBufferTest"/>
  <testcase name="testBufferAppendDelete" time="0,000" classname="cviceni.StringBuilderAndBufferTest"/>
  <testcase name="testBuilderAppend" time="0,000" classname="cviceni.StringBuilderAndBufferTest"/>
  <testcase name="testBufferAppend" time="0,000" classname="cviceni.StringBuilderAndBufferTest"/>
  <testcase name="testBufferAppendDelete" time="0,000" classname="cviceni.StringBuilderAndBufferTest"/>
  <testcase name="testBufferAppendDelete" time="0,001" classname="cviceni.StringBuilderAndBufferTest"/>
  <testcase name="testBufferAppend" time="0,000" classname="cviceni.StringBuilderAndBufferTest"/>
  <testcase name="testBuilderAppend" time="0,000" classname="cviceni.StringBuilderAndBufferTest"/>
  <testcase name="testBuilderAppendDelete" time="0,001" classname="cviceni.StringBuilderAndBufferTest"/>
  <testcase name="testBufferAppend" time="0,000" classname="cviceni.StringBuilderAndBufferTest"/>
  <testcase name="testBuilderAppend" time="0,000" classname="cviceni.StringBuilderAndBufferTest"/>
  <testcase name="testBufferAppend" time="0,000" classname="cviceni.StringBuilderAndBufferTest"/>
  <testcase name="testBufferAppendDelete" time="0,000" classname="cviceni.StringBuilderAndBufferTest"/>
  <testcase name="testBuilderAppend" time="0,000" classname="cviceni.StringBuilderAndBufferTest"/>
  <testcase name="testBuilderAppendDelete" time="0,000" classname="cviceni.StringBuilderAndBufferTest"/>
  <testcase name="testBuilderAppend" time="0,000" classname="cviceni.StringBuilderAndBufferTest"/>
  <testcase name="testBufferAppend" time="0,000" classname="cviceni.StringBuilderAndBufferTest"/>
  <testcase name="testBufferAppendDelete" time="0,000" classname="cviceni.StringBuilderAndBufferTest"/>
  <testcase name="testBuilderAppendDelete" time="0,000" classname="cviceni.StringBuilderAndBufferTest"/>
  <testcase name="testBuilderAppendDelete" time="0,000" classname="cviceni.StringBuilderAndBufferTest"/>
  <testcase name="testBufferAppend" time="0,000" classname="cviceni.StringBuilderAndBufferTest"/>
  <testcase name="testBuilderAppend" time="0,001" classname="cviceni.StringBuilderAndBufferTest"/>
  <testcase name="testBuilderAppendDelete" time="0,000" classname="cviceni.StringBuilderAndBufferTest"/>
  <testcase name="testBuilderAppendDelete" time="0,000" classname="cviceni.StringBuilderAndBufferTest"/>
  <testcase name="testBufferAppend" time="0,000" classname="cviceni.StringBuilderAndBufferTest"/>
  <testcase name="testBufferAppendDelete" time="0,000" classname="cviceni.StringBuilderAndBufferTest"/>
  <testcase name="testBuilderAppendDelete" time="0,001" classname="cviceni.StringBuilderAndBufferTest"/>
  <testcase name="testBuilderAppendDelete" time="0,000" classname="cviceni.StringBuilderAndBufferTest"/>
  <testcase name="testBuilderAppend" time="0,000" classname="cviceni.StringBuilderAndBufferTest"/>
  <testcase name="testBufferAppendDelete" time="0,000" classname="cviceni.StringBuilderAndBufferTest"/>
  <testcase name="testBufferAppend" time="0,000" classname="cviceni.StringBuilderAndBufferTest"/>
  <testcase name="testBuilderAppendDelete" time="0,007" classname="cviceni.StringBuilderAndBufferTest"/>
  <testcase name="testBufferAppendDelete" time="0,000" classname="cviceni.StringBuilderAndBufferTest"/>
  <testcase name="testBuilderAppend" time="0,000" classname="cviceni.StringBuilderAndBufferTest"/>
  <testcase name="testBuilderAppend" time="0,000" classname="cviceni.StringBuilderAndBufferTest"/>
  <testcase name="testBuilderAppend" time="0,000" classname="cviceni.StringBuilderAndBufferTest"/>
  <testcase name="testBufferAppend" time="0,000" classname="cviceni.StringBuilderAndBufferTest"/>
  <testcase name="testBufferAppendDelete" time="0,000" classname="cviceni.StringBuilderAndBufferTest"/>
  <testcase name="testBufferAppendDelete" time="0,000" classname="cviceni.StringBuilderAndBufferTest"/>
  <testcase name="testBuilderAppend" time="0,000" classname="cviceni.StringBuilderAndBufferTest"/>
  <testcase name="testBufferAppend" time="0,001" classname="cviceni.StringBuilderAndBufferTest"/>
  <testcase name="testBuilderAppendDelete" time="0,000" classname="cviceni.StringBuilderAndBufferTest"/>
  <testcase name="testBufferAppend" time="0,000" classname="cviceni.StringBuilderAndBufferTest"/>
  <testcase name="testBuilderAppend" time="0,001" classname="cviceni.StringBuilderAndBufferTest"/>
  <testcase name="testBufferAppend" time="0,000" classname="cviceni.StringBuilderAndBufferTest"/>
  <testcase name="testBuilderAppendDelete" time="0,000" classname="cviceni.StringBuilderAndBufferTest"/>
  <testcase name="testBuilderAppendDelete" time="0,001" classname="cviceni.StringBuilderAndBufferTest"/>
  <testcase name="testBufferAppend" time="0,000" classname="cviceni.StringBuilderAndBufferTest"/>
  <testcase name="testBufferAppendDelete" time="0,000" classname="cviceni.StringBuilderAndBufferTest"/>
  <testcase name="testBufferAppend" time="0,001" classname="cviceni.StringBuilderAndBufferTest"/>
  <testcase name="testBufferAppendDelete" time="0,000" classname="cviceni.StringBuilderAndBufferTest"/>
  <testcase name="testBufferAppendDelete" time="0,001" classname="cviceni.StringBuilderAndBufferTest"/>
  <testcase name="testBuilderAppend" time="0,000" classname="cviceni.StringBuilderAndBufferTest"/>
  <testcase name="testBufferAppendDelete" time="0,000" classname="cviceni.StringBuilderAndBufferTest"/>
  <testcase name="testBufferAppend" time="0,000" classname="cviceni.StringBuilderAndBufferTest"/>
  <testcase name="testBufferAppendDelete" time="0,000" classname="cviceni.StringBuilderAndBufferTest"/>
  <testcase name="testBuilderAppend" time="0,000" classname="cviceni.StringBuilderAndBufferTest"/>
  <testcase name="testBufferAppend" time="0,000" classname="cviceni.StringBuilderAndBufferTest"/>
  <testcase name="testBufferAppend" time="0,000" classname="cviceni.StringBuilderAndBufferTest"/>
  <testcase name="testBufferAppendDelete" time="0,000" classname="cviceni.StringBuilderAndBufferTest"/>
  <testcase name="testBufferAppend" time="0,000" classname="cviceni.StringBuilderAndBufferTest"/>
  <testcase name="testBuilderAppend" time="0,000" classname="cviceni.StringBuilderAndBufferTest"/>
  <testcase name="testBuilderAppend" time="0,001" classname="cviceni.StringBuilderAndBufferTest"/>
  <testcase name="testBufferAppend" time="0,000" classname="cviceni.StringBuilderAndBufferTest"/>
  <testcase name="testBufferAppend" time="0,000" classname="cviceni.StringBuilderAndBufferTest"/>
  <testcase name="testBuilderAppend" time="0,000" classname="cviceni.StringBuilderAndBufferTest"/>
  <testcase name="testBuilderAppendDelete" time="0,000" classname="cviceni.StringBuilderAndBufferTest"/>
  <testcase name="testBufferAppendDelete" time="0,000" classname="cviceni.StringBuilderAndBufferTest"/>
  <testcase name="testBuilderAppend" time="0,000" classname="cviceni.StringBuilderAndBufferTest"/>
  <testcase name="testBufferAppend" time="0,001" classname="cviceni.StringBuilderAndBufferTest"/>
  <testcase name="testBufferAppend" time="0,001" classname="cviceni.StringBuilderAndBufferTest"/>
  <testcase name="testBuilderAppendDelete" time="0,000" classname="cviceni.StringBuilderAndBufferTest"/>
  <testcase name="testBufferAppendDelete" time="0,000" classname="cviceni.StringBuilderAndBufferTest"/>
  <testcase name="testBufferAppendDelete" time="0,001" classname="cviceni.StringBuilderAndBufferTest"/>
  <testcase name="testBufferAppend" time="0,000" classname="cviceni.StringBuilderAndBufferTest"/>
  <testcase name="testBuilderAppendDelete" time="0,000" classname="cviceni.StringBuilderAndBufferTest"/>
  <testcase name="testBufferAppendDelete" time="0,000" classname="cviceni.StringBuilderAndBufferTest"/>
  <testcase name="testBuilderAppendDelete" time="0,001" classname="cviceni.StringBuilderAndBufferTest"/>
  <testcase name="testBufferAppendDelete" time="0,001" classname="cviceni.StringBuilderAndBufferTest"/>
  <testcase name="testBufferAppendDelete" time="0,000" classname="cviceni.StringBuilderAndBufferTest"/>
  <testcase name="testBufferAppendDelete" time="0,000" classname="cviceni.StringBuilderAndBufferTest"/>
  <testcase name="testBuilderAppendDelete" time="0,000" classname="cviceni.StringBuilderAndBufferTest"/>
  <testcase name="testBufferAppend" time="0,001" classname="cviceni.StringBuilderAndBufferTest"/>
  <testcase name="testBuilderAppendDelete" time="0,000" classname="cviceni.StringBuilderAndBufferTest"/>
  <testcase name="testBuilderAppend" time="0,001" classname="cviceni.StringBuilderAndBufferTest"/>
  <testcase name="testBufferAppendDelete" time="0,000" classname="cviceni.StringBuilderAndBufferTest"/>
  <testcase name="testBuilderAppend" time="0,027" classname="cviceni.StringBuilderAndBufferTest"/>
  <testcase name="testBuilderAppendDelete" time="0,000" classname="cviceni.StringBuilderAndBufferTest"/>
  <testcase name="testBufferAppend" time="0,000" classname="cviceni.StringBuilderAndBufferTest"/>
  <testcase name="testBufferAppendDelete" time="0,000" classname="cviceni.StringBuilderAndBufferTest"/>
  <testcase name="testBufferAppendDelete" time="0,000" classname="cviceni.StringBuilderAndBufferTest"/>
  <testcase name="testBuilderAppend" time="0,001" classname="cviceni.StringBuilderAndBufferTest"/>
  <testcase name="testBufferAppend" time="0,001" classname="cviceni.StringBuilderAndBufferTest"/>
  <testcase name="testBuilderAppend" time="0,000" classname="cviceni.StringBuilderAndBufferTest"/>
  <testcase name="testBufferAppendDelete" time="0,000" classname="cviceni.StringBuilderAndBufferTest"/>
  <testcase name="testBuilderAppend" time="0,000" classname="cviceni.StringBuilderAndBufferTest"/>
  <testcase name="testBuilderAppendDelete" time="0,000" classname="cviceni.StringBuilderAndBufferTest"/>
  <testcase name="testBufferAppendDelete" time="0,001" classname="cviceni.StringBuilderAndBufferTest"/>
  <testcase name="testBufferAppendDelete" time="0,000" classname="cviceni.StringBuilderAndBufferTest"/>
  <testcase name="testBuilderAppendDelete" time="0,000" classname="cviceni.StringBuilderAndBufferTest"/>
  <testcase name="testBufferAppendDelete" time="0,000" classname="cviceni.StringBuilderAndBufferTest"/>
  <testcase name="testBuilderAppend" time="0,001" classname="cviceni.StringBuilderAndBufferTest"/>
  <testcase name="testBufferAppendDelete" time="0,001" classname="cviceni.StringBuilderAndBufferTest"/>
  <testcase name="testBufferAppend" time="0,000" classname="cviceni.StringBuilderAndBufferTest"/>
  <testcase name="testBufferAppend" time="0,000" classname="cviceni.StringBuilderAndBufferTest"/>
  <testcase name="testBuilderAppendDelete" time="0,000" classname="cviceni.StringBuilderAndBufferTest"/>
  <testcase name="testBufferAppend" time="0,000" classname="cviceni.StringBuilderAndBufferTest"/>
  <testcase name="testBufferAppendDelete" time="0,000" classname="cviceni.StringBuilderAndBufferTest"/>
  <testcase name="testBufferAppend" time="0,000" classname="cviceni.StringBuilderAndBufferTest"/>
  <testcase name="testBuilderAppendDelete" time="0,010" classname="cviceni.StringBuilderAndBufferTest"/>
  <testcase name="testBufferAppend" time="0,001" classname="cviceni.StringBuilderAndBufferTest"/>
  <testcase name="testBufferAppendDelete" time="0,000" classname="cviceni.StringBuilderAndBufferTest"/>
  <testcase name="testBuilderAppendDelete" time="0,020" classname="cviceni.StringBuilderAndBufferTest"/>
  <testcase name="testBuilderAppend" time="0,000" classname="cviceni.StringBuilderAndBufferTest"/>
  <testcase name="testBufferAppendDelete" time="0,000" classname="cviceni.StringBuilderAndBufferTest"/>
  <testcase name="testBufferAppend" time="0,001" classname="cviceni.StringBuilderAndBufferTest"/>
  <testcase name="testBufferAppend" time="0,000" classname="cviceni.StringBuilderAndBufferTest"/>
  <testcase name="testBuilderAppend" time="0,000" classname="cviceni.StringBuilderAndBufferTest"/>
  <testcase name="testBufferAppendDelete" time="0,000" classname="cviceni.StringBuilderAndBufferTest"/>
  <testcase name="testBufferAppend" time="0,001" classname="cviceni.StringBuilderAndBufferTest"/>
  <testcase name="testBufferAppend" time="0,000" classname="cviceni.StringBuilderAndBufferTest"/>
  <testcase name="testBufferAppendDelete" time="0,000" classname="cviceni.StringBuilderAndBufferTest"/>
  <testcase name="testBufferAppend" time="0,000" classname="cviceni.StringBuilderAndBufferTest"/>
  <testcase name="testBuilderAppendDelete" time="0,001" classname="cviceni.StringBuilderAndBufferTest"/>
  <testcase name="testBufferAppend" time="0,000" classname="cviceni.StringBuilderAndBufferTest"/>
  <testcase name="testBufferAppend" time="0,001" classname="cviceni.StringBuilderAndBufferTest"/>
  <testcase name="testBuilderAppend" time="0,000" classname="cviceni.StringBuilderAndBufferTest"/>
  <testcase name="testBuilderAppend" time="0,000" classname="cviceni.StringBuilderAndBufferTest"/>
  <testcase name="testBufferAppend" time="0,001" classname="cviceni.StringBuilderAndBufferTest"/>
  <testcase name="testBufferAppendDelete" time="0,000" classname="cviceni.StringBuilderAndBufferTest"/>
  <testcase name="testBuilderAppendDelete" time="0,001" classname="cviceni.StringBuilderAndBufferTest"/>
  <testcase name="testBufferAppendDelete" time="0,000" classname="cviceni.StringBuilderAndBufferTest"/>
  <testcase name="testBufferAppend" time="0,000" classname="cviceni.StringBuilderAndBufferTest"/>
  <testcase name="testBufferAppendDelete" time="0,001" classname="cviceni.StringBuilderAndBufferTest"/>
  <testcase name="testBuilderAppend" time="0,000" classname="cviceni.StringBuilderAndBufferTest"/>
  <testcase name="testBuilderAppendDelete" time="0,003" classname="cviceni.StringBuilderAndBufferTest"/>
  <testcase name="testBufferAppendDelete" time="0,000" classname="cviceni.StringBuilderAndBufferTest"/>
  <testcase name="testBufferAppendDelete" time="0,000" classname="cviceni.StringBuilderAndBufferTest"/>
  <testcase name="testBufferAppendDelete" time="0,000" classname="cviceni.StringBuilderAndBufferTest"/>
  <testcase name="testBuilderAppendDelete" time="0,000" classname="cviceni.StringBuilderAndBufferTest"/>
  <testcase name="testBuilderAppend" time="0,000" classname="cviceni.StringBuilderAndBufferTest"/>
  <testcase name="testBufferAppend" time="0,000" classname="cviceni.StringBuilderAndBufferTest"/>
  <testcase name="testBufferAppend" time="0,000" classname="cviceni.StringBuilderAndBufferTest"/>
  <testcase name="testBufferAppendDelete" time="0,000" classname="cviceni.StringBuilderAndBufferTest"/>
  <testcase name="testBufferAppend" time="0,000" classname="cviceni.StringBuilderAndBufferTest"/>
  <testcase name="testBufferAppendDelete" time="0,001" classname="cviceni.StringBuilderAndBufferTest"/>
  <testcase name="testBufferAppend" time="0,000" classname="cviceni.StringBuilderAndBufferTest"/>
  <testcase name="testBufferAppend" time="0,001" classname="cviceni.StringBuilderAndBufferTest"/>
  <testcase name="testBuilderAppend" time="0,000" classname="cviceni.StringBuilderAndBufferTest"/>
  <testcase name="testBuilderAppend" time="0,000" classname="cviceni.StringBuilderAndBufferTest"/>
  <testcase name="testBufferAppendDelete" time="0,000" classname="cviceni.StringBuilderAndBufferTest"/>
  <testcase name="testBufferAppendDelete" time="0,000" classname="cviceni.StringBuilderAndBufferTest"/>
  <testcase name="testBufferAppend" time="0,131" classname="cviceni.StringBuilderAndBufferTest"/>
  <testcase name="testBuilderAppendDelete" time="0,000" classname="cviceni.StringBuilderAndBufferTest"/>
  <testcase name="testBufferAppend" time="0,000" classname="cviceni.StringBuilderAndBufferTest"/>
  <testcase name="testBuilderAppendDelete" time="0,000" classname="cviceni.StringBuilderAndBufferTest"/>
  <testcase name="testBuilderAppend" time="0,001" classname="cviceni.StringBuilderAndBufferTest"/>
  <testcase name="testBufferAppendDelete" time="0,000" classname="cviceni.StringBuilderAndBufferTest"/>
  <testcase name="testBufferAppendDelete" time="0,000" classname="cviceni.StringBuilderAndBufferTest"/>
  <testcase name="testBuilderAppendDelete" time="0,001" classname="cviceni.StringBuilderAndBufferTest"/>
  <testcase name="testBufferAppend" time="0,000" classname="cviceni.StringBuilderAndBufferTest"/>
  <testcase name="testBufferAppend" time="0,000" classname="cviceni.StringBuilderAndBufferTest"/>
  <testcase name="testBuilderAppendDelete" time="0,001" classname="cviceni.StringBuilderAndBufferTest"/>
  <testcase name="testBuilderAppend" time="0,001" classname="cviceni.StringBuilderAndBufferTest"/>
  <testcase name="testBuilderAppendDelete" time="0,000" classname="cviceni.StringBuilderAndBufferTest"/>
  <testcase name="testBuilderAppendDelete" time="0,000" classname="cviceni.StringBuilderAndBufferTest"/>
  <testcase name="testBufferAppend" time="0,001" classname="cviceni.StringBuilderAndBufferTest"/>
  <testcase name="testBuilderAppend" time="0,000" classname="cviceni.StringBuilderAndBufferTest"/>
  <testcase name="testBuilderAppend" time="0,001" classname="cviceni.StringBuilderAndBufferTest"/>
  <testcase name="testBuilderAppend" time="0,000" classname="cviceni.StringBuilderAndBufferTest"/>
  <testcase name="testBuilderAppend" time="0,000" classname="cviceni.StringBuilderAndBufferTest"/>
  <testcase name="testBufferAppendDelete" time="0,000" classname="cviceni.StringBuilderAndBufferTest"/>
  <testcase name="testBufferAppend" time="0,001" classname="cviceni.StringBuilderAndBufferTest"/>
  <testcase name="testBufferAppend" time="0,000" classname="cviceni.StringBuilderAndBufferTest"/>
  <testcase name="testBufferAppend" time="0,000" classname="cviceni.StringBuilderAndBufferTest"/>
  <testcase name="testBuilderAppend" time="0,000" classname="cviceni.StringBuilderAndBufferTest"/>
  <testcase name="testBufferAppendDelete" time="0,000" classname="cviceni.StringBuilderAndBufferTest"/>
  <testcase name="testBufferAppend" time="0,000" classname="cviceni.StringBuilderAndBufferTest"/>
  <testcase name="testBuilderAppend" time="0,000" classname="cviceni.StringBuilderAndBufferTest"/>
  <testcase name="testBufferAppendDelete" time="0,000" classname="cviceni.StringBuilderAndBufferTest"/>
  <testcase name="testBuilderAppend" time="0,000" classname="cviceni.StringBuilderAndBufferTest"/>
  <testcase name="testBuilderAppendDelete" time="0,000" classname="cviceni.StringBuilderAndBufferTest"/>
  <testcase name="testBuilderAppendDelete" time="0,000" classname="cviceni.StringBuilderAndBufferTest"/>
  <testcase name="testBufferAppendDelete" time="0,000" classname="cviceni.StringBuilderAndBufferTest"/>
  <testcase name="testBuilderAppend" time="0,000" classname="cviceni.StringBuilderAndBufferTest"/>
  <testcase name="testBuilderAppend" time="0,000" classname="cviceni.StringBuilderAndBufferTest"/>
  <testcase name="testBufferAppend" time="0,000" classname="cviceni.StringBuilderAndBufferTest"/>
  <testcase name="testBufferAppendDelete" time="0,001" classname="cviceni.StringBuilderAndBufferTest"/>
  <testcase name="testBuilderAppend" time="0,000" classname="cviceni.StringBuilderAndBufferTest"/>
  <testcase name="testBuilderAppendDelete" time="0,000" classname="cviceni.StringBuilderAndBufferTest"/>
  <testcase name="testBuilderAppend" time="0,000" classname="cviceni.StringBuilderAndBufferTest"/>
  <testcase name="testBufferAppend" time="0,000" classname="cviceni.StringBuilderAndBufferTest"/>
  <testcase name="testBuilderAppend" time="0,000" classname="cviceni.StringBuilderAndBufferTest"/>
  <testcase name="testBuilderAppendDelete" time="0,000" classname="cviceni.StringBuilderAndBufferTest"/>
  <testcase name="testBuilderAppend" time="0,000" classname="cviceni.StringBuilderAndBufferTest"/>
  <testcase name="testBufferAppendDelete" time="0,000" classname="cviceni.StringBuilderAndBufferTest"/>
  <testcase name="testBufferAppend" time="0,001" classname="cviceni.StringBuilderAndBufferTest"/>
  <testcase name="testBufferAppend" time="0,000" classname="cviceni.StringBuilderAndBufferTest"/>
  <testcase name="testBufferAppendDelete" time="0,000" classname="cviceni.StringBuilderAndBufferTest"/>
  <testcase name="testBuilderAppendDelete" time="0,000" classname="cviceni.StringBuilderAndBufferTest"/>
  <testcase name="testBufferAppendDelete" time="0,000" classname="cviceni.StringBuilderAndBufferTest"/>
  <testcase name="testBuilderAppend" time="0,001" classname="cviceni.StringBuilderAndBufferTest"/>
  <testcase name="testBuilderAppendDelete" time="0,000" classname="cviceni.StringBuilderAndBufferTest"/>
  <testcase name="testBufferAppend" time="0,000" classname="cviceni.StringBuilderAndBufferTest"/>
  <testcase name="testBuilderAppendDelete" time="0,001" classname="cviceni.StringBuilderAndBufferTest"/>
  <testcase name="testBuilderAppendDelete" time="0,000" classname="cviceni.StringBuilderAndBufferTest"/>
  <testcase name="testBuilderAppend" time="0,001" classname="cviceni.StringBuilderAndBufferTest"/>
  <testcase name="testBufferAppendDelete" time="0,000" classname="cviceni.StringBuilderAndBufferTest"/>
  <testcase name="testBuilderAppendDelete" time="0,000" classname="cviceni.StringBuilderAndBufferTest"/>
  <testcase name="testBufferAppend" time="0,001" classname="cviceni.StringBuilderAndBufferTest"/>
  <testcase name="testBuilderAppend" time="0,000" classname="cviceni.StringBuilderAndBufferTest"/>
  <testcase name="testBuilderAppend" time="0,000" classname="cviceni.StringBuilderAndBufferTest"/>
  <testcase name="testBufferAppend" time="0,000" classname="cviceni.StringBuilderAndBufferTest"/>
  <testcase name="testBufferAppend" time="0,001" classname="cviceni.StringBuilderAndBufferTest"/>
  <testcase name="testBuilderAppend" time="0,000" classname="cviceni.StringBuilderAndBufferTest"/>
  <testcase name="testBufferAppendDelete" time="0,000" classname="cviceni.StringBuilderAndBufferTest"/>
  <testcase name="testBufferAppend" time="0,000" classname="cviceni.StringBuilderAndBufferTest"/>
  <testcase name="testBufferAppendDelete" time="0,000" classname="cviceni.StringBuilderAndBufferTest"/>
  <testcase name="testBufferAppend" time="0,001" classname="cviceni.StringBuilderAndBufferTest"/>
  <testcase name="testBufferAppend" time="0,001" classname="cviceni.StringBuilderAndBufferTest"/>
  <testcase name="testBuilderAppendDelete" time="0,000" classname="cviceni.StringBuilderAndBufferTest"/>
  <testcase name="testBuilderAppend" time="0,000" classname="cviceni.StringBuilderAndBufferTest"/>
  <testcase name="testBuilderAppend" time="0,000" classname="cviceni.StringBuilderAndBufferTest"/>
  <testcase name="testBuilderAppend" time="0,001" classname="cviceni.StringBuilderAndBufferTest"/>
  <testcase name="testBuilderAppend" time="0,001" classname="cviceni.StringBuilderAndBufferTest"/>
  <testcase name="testBuilderAppend" time="0,000" classname="cviceni.StringBuilderAndBufferTest"/>
  <testcase name="testBufferAppendDelete" time="0,000" classname="cviceni.StringBuilderAndBufferTest"/>
  <testcase name="testBuilderAppendDelete" time="0,000" classname="cviceni.StringBuilderAndBufferTest"/>
  <testcase name="testBufferAppendDelete" time="0,001" classname="cviceni.StringBuilderAndBufferTest"/>
  <testcase name="testBuilderAppend" time="0,000" classname="cviceni.StringBuilderAndBufferTest"/>
  <testcase name="testBufferAppendDelete" time="0,000" classname="cviceni.StringBuilderAndBufferTest"/>
  <testcase name="testBufferAppend" time="0,001" classname="cviceni.StringBuilderAndBufferTest"/>
  <testcase name="testBufferAppendDelete" time="0,000" classname="cviceni.StringBuilderAndBufferTest"/>
  <testcase name="testBuilderAppend" time="0,001" classname="cviceni.StringBuilderAndBufferTest"/>
  <testcase name="testBufferAppend" time="0,000" classname="cviceni.StringBuilderAndBufferTest"/>
  <testcase name="testBufferAppendDelete" time="0,001" classname="cviceni.StringBuilderAndBufferTest"/>
  <testcase name="testBuilderAppendDelete" time="0,000" classname="cviceni.StringBuilderAndBufferTest"/>
  <testcase name="testBuilderAppend" time="0,001" classname="cviceni.StringBuilderAndBufferTest"/>
  <testcase name="testBuilderAppend" time="0,000" classname="cviceni.StringBuilderAndBufferTest"/>
  <testcase name="testBufferAppend" time="0,000" classname="cviceni.StringBuilderAndBufferTest"/>
  <testcase name="testBufferAppend" time="0,042" classname="cviceni.StringBuilderAndBufferTest"/>
  <testcase name="testBufferAppend" time="0,000" classname="cviceni.StringBuilderAndBufferTest"/>
  <testcase name="testBufferAppendDelete" time="0,000" classname="cviceni.StringBuilderAndBufferTest"/>
  <testcase name="testBufferAppend" time="0,147" classname="cviceni.StringBuilderAndBufferTest"/>
  <testcase name="testBufferAppendDelete" time="0,000" classname="cviceni.StringBuilderAndBufferTest"/>
  <testcase name="testBufferAppendDelete" time="0,000" classname="cviceni.StringBuilderAndBufferTest"/>
  <testcase name="testBuilderAppend" time="0,000" classname="cviceni.StringBuilderAndBufferTest"/>
  <testcase name="testBuilderAppendDelete" time="0,000" classname="cviceni.StringBuilderAndBufferTest"/>
  <testcase name="testBuilderAppendDelete" time="0,000" classname="cviceni.StringBuilderAndBufferTest"/>
  <testcase name="testBufferAppendDelete" time="0,000" classname="cviceni.StringBuilderAndBufferTest"/>
  <testcase name="testBufferAppendDelete" time="0,001" classname="cviceni.StringBuilderAndBufferTest"/>
  <testcase name="testBufferAppend" time="0,000" classname="cviceni.StringBuilderAndBufferTest"/>
  <testcase name="testBufferAppendDelete" time="0,000" classname="cviceni.StringBuilderAndBufferTest"/>
  <testcase name="testBufferAppend" time="0,000" classname="cviceni.StringBuilderAndBufferTest"/>
  <testcase name="testBufferAppendDelete" time="0,000" classname="cviceni.StringBuilderAndBufferTest"/>
  <testcase name="testBufferAppend" time="0,000" classname="cviceni.StringBuilderAndBufferTest"/>
  <testcase name="testBuilderAppend" time="0,001" classname="cviceni.StringBuilderAndBufferTest"/>
  <testcase name="testBufferAppend" time="0,000" classname="cviceni.StringBuilderAndBufferTest"/>
  <testcase name="testBuilderAppend" time="0,000" classname="cviceni.StringBuilderAndBufferTest"/>
  <testcase name="testBuilderAppendDelete" time="0,000" classname="cviceni.StringBuilderAndBufferTest"/>
  <testcase name="testBuilderAppendDelete" time="0,012" classname="cviceni.StringBuilderAndBufferTest"/>
  <testcase name="testBufferAppend" time="0,000" classname="cviceni.StringBuilderAndBufferTest"/>
  <testcase name="testBufferAppendDelete" time="0,000" classname="cviceni.StringBuilderAndBufferTest"/>
  <testcase name="testBufferAppendDelete" time="0,001" classname="cviceni.StringBuilderAndBufferTest"/>
  <testcase name="testBuilderAppend" time="0,000" classname="cviceni.StringBuilderAndBufferTest"/>
  <testcase name="testBufferAppendDelete" time="0,000" classname="cviceni.StringBuilderAndBufferTest"/>
  <testcase name="testBuilderAppendDelete" time="0,001" classname="cviceni.StringBuilderAndBufferTest"/>
  <testcase name="testBuilderAppend" time="0,000" classname="cviceni.StringBuilderAndBufferTest"/>
  <testcase name="testBuilderAppend" time="0,000" classname="cviceni.StringBuilderAndBufferTest"/>
  <testcase name="testBuilderAppendDelete" time="0,001" classname="cviceni.StringBuilderAndBufferTest"/>
  <testcase name="testBufferAppend" time="0,000" classname="cviceni.StringBuilderAndBufferTest"/>
  <testcase name="testBuilderAppendDelete" time="0,001" classname="cviceni.StringBuilderAndBufferTest"/>
  <testcase name="testBuilderAppend" time="0,000" classname="cviceni.StringBuilderAndBufferTest"/>
  <testcase name="testBuilderAppendDelete" time="0,000" classname="cviceni.StringBuilderAndBufferTest"/>
  <testcase name="testBuilderAppendDelete" time="0,000" classname="cviceni.StringBuilderAndBufferTest"/>
  <testcase name="testBufferAppend" time="0,001" classname="cviceni.StringBuilderAndBufferTest"/>
  <testcase name="testBufferAppendDelete" time="0,000" classname="cviceni.StringBuilderAndBufferTest"/>
  <testcase name="testBufferAppend" time="0,000" classname="cviceni.StringBuilderAndBufferTest"/>
  <testcase name="testBuilderAppendDelete" time="0,000" classname="cviceni.StringBuilderAndBufferTest"/>
  <testcase name="testBuilderAppendDelete" time="0,001" classname="cviceni.StringBuilderAndBufferTest"/>
  <testcase name="testBufferAppendDelete" time="0,001" classname="cviceni.StringBuilderAndBufferTest"/>
  <testcase name="testBufferAppend" time="0,001" classname="cviceni.StringBuilderAndBufferTest"/>
  <testcase name="testBufferAppendDelete" time="0,000" classname="cviceni.StringBuilderAndBufferTest"/>
  <testcase name="testBufferAppendDelete" time="0,000" classname="cviceni.StringBuilderAndBufferTest"/>
  <testcase name="testBuilderAppend" time="0,000" classname="cviceni.StringBuilderAndBufferTest"/>
  <testcase name="testBuilderAppend" time="0,000" classname="cviceni.StringBuilderAndBufferTest"/>
  <testcase name="testBufferAppendDelete" time="0,000" classname="cviceni.StringBuilderAndBufferTest"/>
  <testcase name="testBuilderAppendDelete" time="0,000" classname="cviceni.StringBuilderAndBufferTest"/>
  <testcase name="testBufferAppendDelete" time="0,000" classname="cviceni.StringBuilderAndBufferTest"/>
  <testcase name="testBuilderAppendDelete" time="0,000" classname="cviceni.StringBuilderAndBufferTest"/>
  <testcase name="testBuilderAppend" time="0,000" classname="cviceni.StringBuilderAndBufferTest"/>
  <testcase name="testBuilderAppendDelete" time="0,001" classname="cviceni.StringBuilderAndBufferTest"/>
  <testcase name="testBufferAppend" time="0,001" classname="cviceni.StringBuilderAndBufferTest"/>
  <testcase name="testBufferAppend" time="0,001" classname="cviceni.StringBuilderAndBufferTest"/>
  <testcase name="testBuilderAppendDelete" time="0,000" classname="cviceni.StringBuilderAndBufferTest"/>
  <testcase name="testBuilderAppendDelete" time="0,000" classname="cviceni.StringBuilderAndBufferTest"/>
  <testcase name="testBuilderAppendDelete" time="0,001" classname="cviceni.StringBuilderAndBufferTest"/>
  <testcase name="testBufferAppend" time="0,001" classname="cviceni.StringBuilderAndBufferTest"/>
  <testcase name="testBufferAppend" time="0,000" classname="cviceni.StringBuilderAndBufferTest"/>
  <testcase name="testBufferAppend" time="0,000" classname="cviceni.StringBuilderAndBufferTest"/>
  <testcase name="testBufferAppendDelete" time="0,000" classname="cviceni.StringBuilderAndBufferTest"/>
  <testcase name="testBuilderAppendDelete" time="0,000" classname="cviceni.StringBuilderAndBufferTest"/>
  <testcase name="testBufferAppend" time="0,000" classname="cviceni.StringBuilderAndBufferTest"/>
  <testcase name="testBuilderAppend" time="0,000" classname="cviceni.StringBuilderAndBufferTest"/>
  <testcase name="testBuilderAppend" time="0,000" classname="cviceni.StringBuilderAndBufferTest"/>
  <testcase name="testBuilderAppendDelete" time="0,001" classname="cviceni.StringBuilderAndBufferTest"/>
  <testcase name="testBufferAppendDelete" time="0,000" classname="cviceni.StringBuilderAndBufferTest"/>
  <testcase name="testBufferAppend" time="0,000" classname="cviceni.StringBuilderAndBufferTest"/>
  <testcase name="testBufferAppend" time="0,000" classname="cviceni.StringBuilderAndBufferTest"/>
  <testcase name="testBufferAppendDelete" time="0,000" classname="cviceni.StringBuilderAndBufferTest"/>
  <testcase name="testBuilderAppend" time="0,000" classname="cviceni.StringBuilderAndBufferTest"/>
  <testcase name="testBufferAppendDelete" time="0,000" classname="cviceni.StringBuilderAndBufferTest"/>
  <testcase name="testBufferAppendDelete" time="0,043" classname="cviceni.StringBuilderAndBufferTest"/>
  <testcase name="testBufferAppendDelete" time="0,001" classname="cviceni.StringBuilderAndBufferTest"/>
  <testcase name="testBufferAppend" time="0,001" classname="cviceni.StringBuilderAndBufferTest"/>
  <testcase name="testBuilderAppendDelete" time="0,000" classname="cviceni.StringBuilderAndBufferTest"/>
  <testcase name="testBuilderAppend" time="0,001" classname="cviceni.StringBuilderAndBufferTest"/>
  <testcase name="testBufferAppend" time="0,001" classname="cviceni.StringBuilderAndBufferTest"/>
  <testcase name="testBuilderAppend" time="0,000" classname="cviceni.StringBuilderAndBufferTest"/>
  <testcase name="testBuilderAppend" time="0,001" classname="cviceni.StringBuilderAndBufferTest"/>
  <testcase name="testBuilderAppend" time="0,000" classname="cviceni.StringBuilderAndBufferTest"/>
  <testcase name="testBufferAppendDelete" time="0,000" classname="cviceni.StringBuilderAndBufferTest"/>
  <testcase name="testBufferAppendDelete" time="0,000" classname="cviceni.StringBuilderAndBufferTest"/>
  <testcase name="testBufferAppendDelete" time="0,001" classname="cviceni.StringBuilderAndBufferTest"/>
  <testcase name="testBufferAppend" time="0,001" classname="cviceni.StringBuilderAndBufferTest"/>
  <testcase name="testBufferAppend" time="0,001" classname="cviceni.StringBuilderAndBufferTest"/>
  <testcase name="testBufferAppendDelete" time="0,000" classname="cviceni.StringBuilderAndBufferTest"/>
  <testcase name="testBuilderAppendDelete" time="0,000" classname="cviceni.StringBuilderAndBufferTest"/>
  <testcase name="testBuilderAppend" time="0,000" classname="cviceni.StringBuilderAndBufferTest"/>
  <testcase name="testBufferAppendDelete" time="0,000" classname="cviceni.StringBuilderAndBufferTest"/>
  <testcase name="testBuilderAppend" time="0,001" classname="cviceni.StringBuilderAndBufferTest"/>
  <testcase name="testBuilderAppend" time="0,005" classname="cviceni.StringBuilderAndBufferTest"/>
  <testcase name="testBufferAppendDelete" time="0,001" classname="cviceni.StringBuilderAndBufferTest"/>
  <testcase name="testBufferAppendDelete" time="0,000" classname="cviceni.StringBuilderAndBufferTest"/>
  <testcase name="testBuilderAppend" time="0,001" classname="cviceni.StringBuilderAndBufferTest"/>
  <testcase name="testBuilderAppendDelete" time="0,000" classname="cviceni.StringBuilderAndBufferTest"/>
  <testcase name="testBuilderAppendDelete" time="0,001" classname="cviceni.StringBuilderAndBufferTest"/>
  <testcase name="testBufferAppend" time="0,000" classname="cviceni.StringBuilderAndBufferTest"/>
  <testcase name="testBufferAppend" time="0,000" classname="cviceni.StringBuilderAndBufferTest"/>
  <testcase name="testBufferAppend" time="0,000" classname="cviceni.StringBuilderAndBufferTest"/>
  <testcase name="testBuilderAppendDelete" time="0,000" classname="cviceni.StringBuilderAndBufferTest"/>
  <testcase name="testBufferAppendDelete" time="0,000" classname="cviceni.StringBuilderAndBufferTest"/>
  <testcase name="testBufferAppendDelete" time="0,000" classname="cviceni.StringBuilderAndBufferTest"/>
  <testcase name="testBuilderAppendDelete" time="0,000" classname="cviceni.StringBuilderAndBufferTest"/>
  <testcase name="testBufferAppendDelete" time="0,001" classname="cviceni.StringBuilderAndBufferTest"/>
  <testcase name="testBuilderAppend" time="0,000" classname="cviceni.StringBuilderAndBufferTest"/>
  <testcase name="testBuilderAppendDelete" time="0,000" classname="cviceni.StringBuilderAndBufferTest"/>
  <testcase name="testBufferAppendDelete" time="0,000" classname="cviceni.StringBuilderAndBufferTest"/>
  <testcase name="testBufferAppendDelete" time="0,000" classname="cviceni.StringBuilderAndBufferTest"/>
  <testcase name="testBuilderAppend" time="0,000" classname="cviceni.StringBuilderAndBufferTest"/>
  <testcase name="testBufferAppend" time="0,000" classname="cviceni.StringBuilderAndBufferTest"/>
  <testcase name="testBufferAppendDelete" time="0,000" classname="cviceni.StringBuilderAndBufferTest"/>
  <testcase name="testBufferAppendDelete" time="0,001" classname="cviceni.StringBuilderAndBufferTest"/>
  <testcase name="testBufferAppend" time="0,000" classname="cviceni.StringBuilderAndBufferTest"/>
  <testcase name="testBufferAppendDelete" time="0,000" classname="cviceni.StringBuilderAndBufferTest"/>
  <testcase name="testBufferAppend" time="0,000" classname="cviceni.StringBuilderAndBufferTest"/>
  <testcase name="testBuilderAppend" time="0,000" classname="cviceni.StringBuilderAndBufferTest"/>
  <testcase name="testBufferAppendDelete" time="0,206" classname="cviceni.StringBuilderAndBufferTest"/>
  <testcase name="testBufferAppend" time="0,000" classname="cviceni.StringBuilderAndBufferTest"/>
  <testcase name="testBuilderAppend" time="0,001" classname="cviceni.StringBuilderAndBufferTest"/>
  <testcase name="testBufferAppend" time="0,000" classname="cviceni.StringBuilderAndBufferTest"/>
  <testcase name="testBuilderAppend" time="0,000" classname="cviceni.StringBuilderAndBufferTest"/>
  <testcase name="testBuilderAppendDelete" time="0,001" classname="cviceni.StringBuilderAndBufferTest"/>
  <testcase name="testBuilderAppend" time="0,000" classname="cviceni.StringBuilderAndBufferTest"/>
  <testcase name="testBufferAppend" time="0,000" classname="cviceni.StringBuilderAndBufferTest"/>
  <testcase name="testBuilderAppend" time="0,000" classname="cviceni.StringBuilderAndBufferTest"/>
  <testcase name="testBuilderAppend" time="0,001" classname="cviceni.StringBuilderAndBufferTest"/>
  <testcase name="testBuilderAppendDelete" time="0,000" classname="cviceni.StringBuilderAndBufferTest"/>
  <testcase name="testBuilderAppend" time="0,001" classname="cviceni.StringBuilderAndBufferTest"/>
  <testcase name="testBuilderAppendDelete" time="0,000" classname="cviceni.StringBuilderAndBufferTest"/>
  <testcase name="testBuilderAppend" time="0,000" classname="cviceni.StringBuilderAndBufferTest"/>
  <testcase name="testBuilderAppendDelete" time="0,000" classname="cviceni.StringBuilderAndBufferTest"/>
  <testcase name="testBuilderAppend" time="0,000" classname="cviceni.StringBuilderAndBufferTest"/>
  <testcase name="testBufferAppend" time="0,000" classname="cviceni.StringBuilderAndBufferTest"/>
  <testcase name="testBufferAppendDelete" time="0,000" classname="cviceni.StringBuilderAndBufferTest"/>
  <testcase name="testBuilderAppendDelete" time="0,000" classname="cviceni.StringBuilderAndBufferTest"/>
  <testcase name="testBuilderAppendDelete" time="0,000" classname="cviceni.StringBuilderAndBufferTest"/>
  <testcase name="testBuilderAppend" time="0,000" classname="cviceni.StringBuilderAndBufferTest"/>
  <testcase name="testBufferAppendDelete" time="0,000" classname="cviceni.StringBuilderAndBufferTest"/>
  <testcase name="testBuilderAppend" time="0,000" classname="cviceni.StringBuilderAndBufferTest"/>
  <testcase name="testBufferAppendDelete" time="0,000" classname="cviceni.StringBuilderAndBufferTest"/>
  <testcase name="testBuilderAppendDelete" time="0,000" classname="cviceni.StringBuilderAndBufferTest"/>
  <testcase name="testBufferAppendDelete" time="0,000" classname="cviceni.StringBuilderAndBufferTest"/>
  <testcase name="testBuilderAppend" time="0,000" classname="cviceni.StringBuilderAndBufferTest"/>
  <testcase name="testBuilderAppend" time="0,000" classname="cviceni.StringBuilderAndBufferTest"/>
  <testcase name="testBuilderAppendDelete" time="0,000" classname="cviceni.StringBuilderAndBufferTest"/>
  <testcase name="testBufferAppend" time="0,000" classname="cviceni.StringBuilderAndBufferTest"/>
  <testcase name="testBuilderAppend" time="0,000" classname="cviceni.StringBuilderAndBufferTest"/>
  <testcase name="testBuilderAppendDelete" time="0,001" classname="cviceni.StringBuilderAndBufferTest"/>
  <testcase name="testBufferAppendDelete" time="0,000" classname="cviceni.StringBuilderAndBufferTest"/>
  <testcase name="testBuilderAppend" time="0,001" classname="cviceni.StringBuilderAndBufferTest"/>
  <testcase name="testBuilderAppend" time="0,000" classname="cviceni.StringBuilderAndBufferTest"/>
  <testcase name="testBufferAppendDelete" time="0,000" classname="cviceni.StringBuilderAndBufferTest"/>
  <testcase name="testBuilderAppendDelete" time="0,000" classname="cviceni.StringBuilderAndBufferTest"/>
  <testcase name="testBuilderAppend" time="0,000" classname="cviceni.StringBuilderAndBufferTest"/>
  <testcase name="testBufferAppendDelete" time="0,002" classname="cviceni.StringBuilderAndBufferTest"/>
  <testcase name="testBuilderAppend" time="0,000" classname="cviceni.StringBuilderAndBufferTest"/>
  <testcase name="testBuilderAppend" time="0,088" classname="cviceni.StringBuilderAndBufferTest"/>
  <testcase name="testBufferAppendDelete" time="0,000" classname="cviceni.StringBuilderAndBufferTest"/>
  <testcase name="testBuilderAppendDelete" time="0,000" classname="cviceni.StringBuilderAndBufferTest"/>
  <testcase name="testBuilderAppend" time="0,001" classname="cviceni.StringBuilderAndBufferTest"/>
  <testcase name="testBufferAppendDelete" time="0,001" classname="cviceni.StringBuilderAndBufferTest"/>
  <testcase name="testBufferAppend" time="0,001" classname="cviceni.StringBuilderAndBufferTest"/>
  <testcase name="testBufferAppend" time="0,000" classname="cviceni.StringBuilderAndBufferTest"/>
  <testcase name="testBufferAppendDelete" time="0,000" classname="cviceni.StringBuilderAndBufferTest"/>
  <testcase name="testBufferAppendDelete" time="0,000" classname="cviceni.StringBuilderAndBufferTest"/>
  <testcase name="testBufferAppend" time="0,000" classname="cviceni.StringBuilderAndBufferTest"/>
  <testcase name="testBuilderAppendDelete" time="0,000" classname="cviceni.StringBuilderAndBufferTest"/>
  <testcase name="testBufferAppendDelete" time="0,000" classname="cviceni.StringBuilderAndBufferTest"/>
  <testcase name="testBuilderAppend" time="0,088" classname="cviceni.StringBuilderAndBufferTest"/>
  <testcase name="testBufferAppendDelete" time="0,001" classname="cviceni.StringBuilderAndBufferTest"/>
  <testcase name="testBuilderAppendDelete" time="0,000" classname="cviceni.StringBuilderAndBufferTest"/>
  <testcase name="testBuilderAppendDelete" time="0,000" classname="cviceni.StringBuilderAndBufferTest"/>
  <testcase name="testBufferAppendDelete" time="0,001" classname="cviceni.StringBuilderAndBufferTest"/>
  <testcase name="testBufferAppend" time="0,000" classname="cviceni.StringBuilderAndBufferTest"/>
  <testcase name="testBuilderAppendDelete" time="0,001" classname="cviceni.StringBuilderAndBufferTest"/>
  <testcase name="testBuilderAppendDelete" time="0,000" classname="cviceni.StringBuilderAndBufferTest"/>
  <testcase name="testBufferAppend" time="0,000" classname="cviceni.StringBuilderAndBufferTest"/>
  <testcase name="testBufferAppendDelete" time="0,000" classname="cviceni.StringBuilderAndBufferTest"/>
  <testcase name="testBufferAppendDelete" time="0,000" classname="cviceni.StringBuilderAndBufferTest"/>
  <testcase name="testBuilderAppend" time="0,001" classname="cviceni.StringBuilderAndBufferTest"/>
  <testcase name="testBuilderAppend" time="0,001" classname="cviceni.StringBuilderAndBufferTest"/>
  <testcase name="testBuilderAppendDelete" time="0,000" classname="cviceni.StringBuilderAndBufferTest"/>
  <testcase name="testBuilderAppend" time="0,001" classname="cviceni.StringBuilderAndBufferTest"/>
  <testcase name="testBufferAppendDelete" time="0,000" classname="cviceni.StringBuilderAndBufferTest"/>
  <testcase name="testBuilderAppendDelete" time="0,000" classname="cviceni.StringBuilderAndBufferTest"/>
  <testcase name="testBuilderAppend" time="0,001" classname="cviceni.StringBuilderAndBufferTest"/>
  <testcase name="testBuilderAppend" time="0,000" classname="cviceni.StringBuilderAndBufferTest"/>
  <testcase name="testBufferAppendDelete" time="0,000" classname="cviceni.StringBuilderAndBufferTest"/>
  <testcase name="testBufferAppend" time="0,000" classname="cviceni.StringBuilderAndBufferTest"/>
  <testcase name="testBuilderAppend" time="0,000" classname="cviceni.StringBuilderAndBufferTest"/>
  <testcase name="testBuilderAppendDelete" time="0,000" classname="cviceni.StringBuilderAndBufferTest"/>
  <testcase name="testBuilderAppendDelete" time="0,001" classname="cviceni.StringBuilderAndBufferTest"/>
  <testcase name="testBuilderAppend" time="0,000" classname="cviceni.StringBuilderAndBufferTest"/>
  <testcase name="testBuilderAppendDelete" time="0,001" classname="cviceni.StringBuilderAndBufferTest"/>
  <testcase name="testBuilderAppend" time="0,000" classname="cviceni.StringBuilderAndBufferTest"/>
  <testcase name="testBuilderAppend" time="0,017" classname="cviceni.StringBuilderAndBufferTest"/>
  <testcase name="testBuilderAppendDelete" time="0,001" classname="cviceni.StringBuilderAndBufferTest"/>
  <testcase name="testBufferAppend" time="0,000" classname="cviceni.StringBuilderAndBufferTest"/>
  <testcase name="testBuilderAppend" time="0,001" classname="cviceni.StringBuilderAndBufferTest"/>
  <testcase name="testBufferAppendDelete" time="0,000" classname="cviceni.StringBuilderAndBufferTest"/>
  <testcase name="testBufferAppend" time="0,000" classname="cviceni.StringBuilderAndBufferTest"/>
  <testcase name="testBuilderAppendDelete" time="0,000" classname="cviceni.StringBuilderAndBufferTest"/>
  <testcase name="testBufferAppendDelete" time="0,000" classname="cviceni.StringBuilderAndBufferTest"/>
  <testcase name="testBufferAppendDelete" time="0,001" classname="cviceni.StringBuilderAndBufferTest"/>
  <testcase name="testBuilderAppendDelete" time="0,000" classname="cviceni.StringBuilderAndBufferTest"/>
  <testcase name="testBuilderAppendDelete" time="0,000" classname="cviceni.StringBuilderAndBufferTest"/>
  <testcase name="testBuilderAppend" time="0,000" classname="cviceni.StringBuilderAndBufferTest"/>
  <testcase name="testBufferAppendDelete" time="0,000" classname="cviceni.StringBuilderAndBufferTest"/>
  <testcase name="testBufferAppendDelete" time="0,000" classname="cviceni.StringBuilderAndBufferTest"/>
  <testcase name="testBuilderAppendDelete" time="0,001" classname="cviceni.StringBuilderAndBufferTest"/>
  <testcase name="testBufferAppend" time="0,000" classname="cviceni.StringBuilderAndBufferTest"/>
  <testcase name="testBufferAppend" time="0,001" classname="cviceni.StringBuilderAndBufferTest"/>
  <testcase name="testBuilderAppendDelete" time="0,000" classname="cviceni.StringBuilderAndBufferTest"/>
  <testcase name="testBufferAppend" time="0,001" classname="cviceni.StringBuilderAndBufferTest"/>
  <testcase name="testBuilderAppendDelete" time="0,000" classname="cviceni.StringBuilderAndBufferTest"/>
  <testcase name="testBufferAppendDelete" time="0,001" classname="cviceni.StringBuilderAndBufferTest"/>
  <testcase name="testBuilderAppendDelete" time="0,000" classname="cviceni.StringBuilderAndBufferTest"/>
  <testcase name="testBufferAppendDelete" time="0,000" classname="cviceni.StringBuilderAndBufferTest"/>
  <testcase name="testBufferAppendDelete" time="0,000" classname="cviceni.StringBuilderAndBufferTest"/>
  <testcase name="testBufferAppendDelete" time="0,001" classname="cviceni.StringBuilderAndBufferTest"/>
  <testcase name="testBufferAppend" time="0,000" classname="cviceni.StringBuilderAndBufferTest"/>
  <testcase name="testBuilderAppend" time="0,000" classname="cviceni.StringBuilderAndBufferTest"/>
  <testcase name="testBuilderAppend" time="0,001" classname="cviceni.StringBuilderAndBufferTest"/>
  <testcase name="testBuilderAppend" time="0,000" classname="cviceni.StringBuilderAndBufferTest"/>
  <testcase name="testBuilderAppendDelete" time="0,001" classname="cviceni.StringBuilderAndBufferTest"/>
  <testcase name="testBuilderAppendDelete" time="0,000" classname="cviceni.StringBuilderAndBufferTest"/>
  <testcase name="testBufferAppend" time="0,001" classname="cviceni.StringBuilderAndBufferTest"/>
  <testcase name="testBufferAppendDelete" time="0,000" classname="cviceni.StringBuilderAndBufferTest"/>
  <testcase name="testBufferAppend" time="0,001" classname="cviceni.StringBuilderAndBufferTest"/>
  <testcase name="testBufferAppendDelete" time="0,001" classname="cviceni.StringBuilderAndBufferTest"/>
  <testcase name="testBuilderAppendDelete" time="0,000" classname="cviceni.StringBuilderAndBufferTest"/>
  <testcase name="testBufferAppendDelete" time="0,000" classname="cviceni.StringBuilderAndBufferTest"/>
  <testcase name="testBufferAppend" time="0,000" classname="cviceni.StringBuilderAndBufferTest"/>
  <testcase name="testBuilderAppend" time="0,000" classname="cviceni.StringBuilderAndBufferTest"/>
  <testcase name="testBuilderAppend" time="0,001" classname="cviceni.StringBuilderAndBufferTest"/>
  <testcase name="testBuilderAppendDelete" time="0,000" classname="cviceni.StringBuilderAndBufferTest"/>
  <testcase name="testBufferAppendDelete" time="0,000" classname="cviceni.StringBuilderAndBufferTest"/>
  <testcase name="testBuilderAppendDelete" time="0,001" classname="cviceni.StringBuilderAndBufferTest"/>
  <testcase name="testBuilderAppend" time="0,000" classname="cviceni.StringBuilderAndBufferTest"/>
  <testcase name="testBufferAppendDelete" time="0,000" classname="cviceni.StringBuilderAndBufferTest"/>
  <testcase name="testBuilderAppendDelete" time="0,000" classname="cviceni.StringBuilderAndBufferTest"/>
  <testcase name="testBufferAppend" time="0,000" classname="cviceni.StringBuilderAndBufferTest"/>
  <testcase name="testBufferAppend" time="0,000" classname="cviceni.StringBuilderAndBufferTest"/>
  <testcase name="testBuilderAppend" time="0,000" classname="cviceni.StringBuilderAndBufferTest"/>
  <testcase name="testBuilderAppendDelete" time="0,000" classname="cviceni.StringBuilderAndBufferTest"/>
  <testcase name="testBuilderAppend" time="0,000" classname="cviceni.StringBuilderAndBufferTest"/>
  <testcase name="testBufferAppend" time="0,000" classname="cviceni.StringBuilderAndBufferTest"/>
  <testcase name="testBuilderAppendDelete" time="0,000" classname="cviceni.StringBuilderAndBufferTest"/>
  <testcase name="testBuilderAppendDelete" time="0,000" classname="cviceni.StringBuilderAndBufferTest"/>
  <testcase name="testBufferAppendDelete" time="0,000" classname="cviceni.StringBuilderAndBufferTest"/>
  <testcase name="testBuilderAppend" time="0,000" classname="cviceni.StringBuilderAndBufferTest"/>
  <testcase name="testBuilderAppendDelete" time="0,000" classname="cviceni.StringBuilderAndBufferTest"/>
  <testcase name="testBufferAppend" time="0,000" classname="cviceni.StringBuilderAndBufferTest"/>
  <testcase name="testBuilderAppendDelete" time="0,000" classname="cviceni.StringBuilderAndBufferTest"/>
  <testcase name="testBufferAppendDelete" time="0,001" classname="cviceni.StringBuilderAndBufferTest"/>
  <testcase name="testBuilderAppendDelete" time="0,001" classname="cviceni.StringBuilderAndBufferTest"/>
  <testcase name="testBuilderAppendDelete" time="0,000" classname="cviceni.StringBuilderAndBufferTest"/>
  <testcase name="testBufferAppend" time="0,083" classname="cviceni.StringBuilderAndBufferTest"/>
  <testcase name="testBufferAppendDelete" time="0,000" classname="cviceni.StringBuilderAndBufferTest"/>
  <testcase name="testBuilderAppendDelete" time="0,017" classname="cviceni.StringBuilderAndBufferTest"/>
  <testcase name="testBuilderAppendDelete" time="0,000" classname="cviceni.StringBuilderAndBufferTest"/>
  <testcase name="testBufferAppend" time="0,000" classname="cviceni.StringBuilderAndBufferTest"/>
  <testcase name="testBufferAppend" time="0,000" classname="cviceni.StringBuilderAndBufferTest"/>
  <testcase name="testBufferAppendDelete" time="0,001" classname="cviceni.StringBuilderAndBufferTest"/>
  <testcase name="testBuilderAppendDelete" time="0,000" classname="cviceni.StringBuilderAndBufferTest"/>
  <testcase name="testBuilderAppendDelete" time="0,001" classname="cviceni.StringBuilderAndBufferTest"/>
  <testcase name="testBufferAppend" time="0,001" classname="cviceni.StringBuilderAndBufferTest"/>
  <testcase name="testBuilderAppendDelete" time="0,000" classname="cviceni.StringBuilderAndBufferTest"/>
  <testcase name="testBuilderAppendDelete" time="0,011" classname="cviceni.StringBuilderAndBufferTest"/>
  <testcase name="testBuilderAppendDelete" time="0,000" classname="cviceni.StringBuilderAndBufferTest"/>
  <testcase name="testBufferAppendDelete" time="0,000" classname="cviceni.StringBuilderAndBufferTest"/>
  <testcase name="testBuilderAppendDelete" time="0,001" classname="cviceni.StringBuilderAndBufferTest"/>
  <testcase name="testBuilderAppend" time="0,001" classname="cviceni.StringBuilderAndBufferTest"/>
  <testcase name="testBufferAppendDelete" time="0,001" classname="cviceni.StringBuilderAndBufferTest"/>
  <testcase name="testBufferAppend" time="0,001" classname="cviceni.StringBuilderAndBufferTest"/>
  <testcase name="testBufferAppend" time="0,000" classname="cviceni.StringBuilderAndBufferTest"/>
  <testcase name="testBuilderAppendDelete" time="0,000" classname="cviceni.StringBuilderAndBufferTest"/>
  <testcase name="testBuilderAppend" time="0,000" classname="cviceni.StringBuilderAndBufferTest"/>
  <testcase name="testBuilderAppendDelete" time="0,001" classname="cviceni.StringBuilderAndBufferTest"/>
  <testcase name="testBuilderAppendDelete" time="0,000" classname="cviceni.StringBuilderAndBufferTest"/>
  <testcase name="testBuilderAppend" time="0,016" classname="cviceni.StringBuilderAndBufferTest"/>
  <testcase name="testBuilderAppendDelete" time="0,001" classname="cviceni.StringBuilderAndBufferTest"/>
  <testcase name="testBufferAppendDelete" time="0,000" classname="cviceni.StringBuilderAndBufferTest"/>
  <testcase name="testBufferAppendDelete" time="0,000" classname="cviceni.StringBuilderAndBufferTest"/>
  <testcase name="testBuilderAppendDelete" time="0,000" classname="cviceni.StringBuilderAndBufferTest"/>
  <testcase name="testBuilderAppendDelete" time="0,001" classname="cviceni.StringBuilderAndBufferTest"/>
  <testcase name="testBufferAppend" time="0,001" classname="cviceni.StringBuilderAndBufferTest"/>
  <testcase name="testBuilderAppendDelete" time="0,000" classname="cviceni.StringBuilderAndBufferTest"/>
  <testcase name="testBuilderAppend" time="0,056" classname="cviceni.StringBuilderAndBufferTest"/>
  <testcase name="testBuilderAppendDelete" time="0,000" classname="cviceni.StringBuilderAndBufferTest"/>
  <testcase name="testBuilderAppend" time="0,000" classname="cviceni.StringBuilderAndBufferTest"/>
  <testcase name="testBufferAppendDelete" time="0,000" classname="cviceni.StringBuilderAndBufferTest"/>
  <testcase name="testBufferAppend" time="0,000" classname="cviceni.StringBuilderAndBufferTest"/>
  <testcase name="testBufferAppend" time="0,000" classname="cviceni.StringBuilderAndBufferTest"/>
  <testcase name="testBuilderAppendDelete" time="0,000" classname="cviceni.StringBuilderAndBufferTest"/>
  <testcase name="testBuilderAppendDelete" time="0,001" classname="cviceni.StringBuilderAndBufferTest"/>
  <testcase name="testBuilderAppend" time="0,000" classname="cviceni.StringBuilderAndBufferTest"/>
  <testcase name="testBufferAppend" time="0,001" classname="cviceni.StringBuilderAndBufferTest"/>
  <testcase name="testBuilderAppendDelete" time="0,000" classname="cviceni.StringBuilderAndBufferTest"/>
  <testcase name="testBufferAppendDelete" time="0,000" classname="cviceni.StringBuilderAndBufferTest"/>
  <testcase name="testBuilderAppend" time="0,000" classname="cviceni.StringBuilderAndBufferTest"/>
  <testcase name="testBuilderAppendDelete" time="0,000" classname="cviceni.StringBuilderAndBufferTest"/>
  <testcase name="testBuilderAppendDelete" time="0,000" classname="cviceni.StringBuilderAndBufferTest"/>
  <testcase name="testBuilderAppendDelete" time="0,000" classname="cviceni.StringBuilderAndBufferTest"/>
  <testcase name="testBufferAppend" time="0,000" classname="cviceni.StringBuilderAndBufferTest"/>
  <testcase name="testBuilderAppend" time="0,001" classname="cviceni.StringBuilderAndBufferTest"/>
  <testcase name="testBufferAppendDelete" time="0,001" classname="cviceni.StringBuilderAndBufferTest"/>
  <testcase name="testBufferAppend" time="0,000" classname="cviceni.StringBuilderAndBufferTest"/>
  <testcase name="testBuilderAppend" time="0,000" classname="cviceni.StringBuilderAndBufferTest"/>
  <testcase name="testBufferAppend" time="0,000" classname="cviceni.StringBuilderAndBufferTest"/>
  <testcase name="testBufferAppendDelete" time="0,000" classname="cviceni.StringBuilderAndBufferTest"/>
  <testcase name="testBufferAppendDelete" time="0,001" classname="cviceni.StringBuilderAndBufferTest"/>
  <testcase name="testBufferAppend" time="0,001" classname="cviceni.StringBuilderAndBufferTest"/>
  <testcase name="testBufferAppend" time="0,000" classname="cviceni.StringBuilderAndBufferTest"/>
  <testcase name="testBuilderAppend" time="0,000" classname="cviceni.StringBuilderAndBufferTest"/>
  <testcase name="testBuilderAppendDelete" time="0,000" classname="cviceni.StringBuilderAndBufferTest"/>
  <testcase name="testBuilderAppend" time="0,000" classname="cviceni.StringBuilderAndBufferTest"/>
  <testcase name="testBuilderAppendDelete" time="0,001" classname="cviceni.StringBuilderAndBufferTest"/>
  <testcase name="testBuilderAppendDelete" time="0,000" classname="cviceni.StringBuilderAndBufferTest"/>
  <testcase name="testBufferAppend" time="0,002" classname="cviceni.StringBuilderAndBufferTest"/>
  <testcase name="testBufferAppendDelete" time="0,000" classname="cviceni.StringBuilderAndBufferTest"/>
  <testcase name="testBuilderAppend" time="0,001" classname="cviceni.StringBuilderAndBufferTest"/>
  <testcase name="testBuilderAppendDelete" time="0,001" classname="cviceni.StringBuilderAndBufferTest"/>
  <testcase name="testBufferAppend" time="0,000" classname="cviceni.StringBuilderAndBufferTest"/>
  <testcase name="testBufferAppend" time="0,000" classname="cviceni.StringBuilderAndBufferTest"/>
  <testcase name="testBuilderAppend" time="0,000" classname="cviceni.StringBuilderAndBufferTest"/>
  <testcase name="testBuilderAppendDelete" time="0,000" classname="cviceni.StringBuilderAndBufferTest"/>
  <testcase name="testBuilderAppendDelete" time="0,000" classname="cviceni.StringBuilderAndBufferTest"/>
  <testcase name="testBuilderAppend" time="0,000" classname="cviceni.StringBuilderAndBufferTest"/>
  <testcase name="testBuilderAppendDelete" time="0,001" classname="cviceni.StringBuilderAndBufferTest"/>
  <testcase name="testBuilderAppendDelete" time="0,001" classname="cviceni.StringBuilderAndBufferTest"/>
  <testcase name="testBuilderAppend" time="0,000" classname="cviceni.StringBuilderAndBufferTest"/>
  <testcase name="testBuilderAppend" time="0,000" classname="cviceni.StringBuilderAndBufferTest"/>
  <testcase name="testBufferAppend" time="0,000" classname="cviceni.StringBuilderAndBufferTest"/>
  <testcase name="testBuilderAppendDelete" time="0,000" classname="cviceni.StringBuilderAndBufferTest"/>
  <testcase name="testBufferAppend" time="0,000" classname="cviceni.StringBuilderAndBufferTest"/>
  <testcase name="testBufferAppend" time="0,000" classname="cviceni.StringBuilderAndBufferTest"/>
  <testcase name="testBuilderAppend" time="0,000" classname="cviceni.StringBuilderAndBufferTest"/>
  <testcase name="testBuilderAppend" time="0,001" classname="cviceni.StringBuilderAndBufferTest"/>
  <testcase name="testBuilderAppend" time="0,000" classname="cviceni.StringBuilderAndBufferTest"/>
  <testcase name="testBufferAppend" time="0,000" classname="cviceni.StringBuilderAndBufferTest"/>
  <testcase name="testBufferAppend" time="0,001" classname="cviceni.StringBuilderAndBufferTest"/>
  <testcase name="testBufferAppendDelete" time="0,000" classname="cviceni.StringBuilderAndBufferTest"/>
  <testcase name="testBuilderAppendDelete" time="0,000" classname="cviceni.StringBuilderAndBufferTest"/>
  <testcase name="testBuilderAppend" time="0,000" classname="cviceni.StringBuilderAndBufferTest"/>
  <testcase name="testBuilderAppendDelete" time="0,000" classname="cviceni.StringBuilderAndBufferTest"/>
  <testcase name="testBuilderAppendDelete" time="0,000" classname="cviceni.StringBuilderAndBufferTest"/>
  <testcase name="testBufferAppend" time="0,000" classname="cviceni.StringBuilderAndBufferTest"/>
  <testcase name="testBufferAppendDelete" time="0,000" classname="cviceni.StringBuilderAndBufferTest"/>
  <testcase name="testBufferAppend" time="0,000" classname="cviceni.StringBuilderAndBufferTest"/>
  <testcase name="testBufferAppend" time="0,000" classname="cviceni.StringBuilderAndBufferTest"/>
  <testcase name="testBufferAppend" time="0,000" classname="cviceni.StringBuilderAndBufferTest"/>
  <testcase name="testBuilderAppendDelete" time="0,000" classname="cviceni.StringBuilderAndBufferTest"/>
  <testcase name="testBufferAppendDelete" time="0,000" classname="cviceni.StringBuilderAndBufferTest"/>
  <testcase name="testBufferAppend" time="0,001" classname="cviceni.StringBuilderAndBufferTest"/>
  <testcase name="testBuilderAppend" time="0,000" classname="cviceni.StringBuilderAndBufferTest"/>
  <testcase name="testBufferAppend" time="0,000" classname="cviceni.StringBuilderAndBufferTest"/>
  <testcase name="testBufferAppendDelete" time="0,000" classname="cviceni.StringBuilderAndBufferTest"/>
  <testcase name="testBuilderAppend" time="0,000" classname="cviceni.StringBuilderAndBufferTest"/>
  <testcase name="testBufferAppend" time="0,017" classname="cviceni.StringBuilderAndBufferTest"/>
  <testcase name="testBufferAppend" time="0,000" classname="cviceni.StringBuilderAndBufferTest"/>
  <testcase name="testBuilderAppendDelete" time="0,000" classname="cviceni.StringBuilderAndBufferTest"/>
  <testcase name="testBuilderAppend" time="0,001" classname="cviceni.StringBuilderAndBufferTest"/>
  <testcase name="testBuilderAppend" time="0,001" classname="cviceni.StringBuilderAndBufferTest"/>
  <testcase name="testBuilderAppendDelete" time="0,000" classname="cviceni.StringBuilderAndBufferTest"/>
  <testcase name="testBuilderAppendDelete" time="0,001" classname="cviceni.StringBuilderAndBufferTest"/>
  <testcase name="testBuilderAppendDelete" time="0,000" classname="cviceni.StringBuilderAndBufferTest"/>
  <testcase name="testBuilderAppend" time="0,000" classname="cviceni.StringBuilderAndBufferTest"/>
  <testcase name="testBufferAppendDelete" time="0,000" classname="cviceni.StringBuilderAndBufferTest"/>
  <testcase name="testBufferAppend" time="0,000" classname="cviceni.StringBuilderAndBufferTest"/>
  <testcase name="testBufferAppendDelete" time="0,000" classname="cviceni.StringBuilderAndBufferTest"/>
  <testcase name="testBufferAppend" time="0,001" classname="cviceni.StringBuilderAndBufferTest"/>
  <testcase name="testBuilderAppendDelete" time="0,000" classname="cviceni.StringBuilderAndBufferTest"/>
  <testcase name="testBufferAppendDelete" time="0,001" classname="cviceni.StringBuilderAndBufferTest"/>
  <testcase name="testBuilderAppend" time="0,000" classname="cviceni.StringBuilderAndBufferTest"/>
  <testcase name="testBuilderAppend" time="0,000" classname="cviceni.StringBuilderAndBufferTest"/>
  <testcase name="testBufferAppend" time="0,000" classname="cviceni.StringBuilderAndBufferTest"/>
  <testcase name="testBufferAppendDelete" time="0,000" classname="cviceni.StringBuilderAndBufferTest"/>
  <testcase name="testBuilderAppendDelete" time="0,000" classname="cviceni.StringBuilderAndBufferTest"/>
  <testcase name="testBufferAppend" time="0,001" classname="cviceni.StringBuilderAndBufferTest"/>
  <testcase name="testBuilderAppend" time="0,000" classname="cviceni.StringBuilderAndBufferTest"/>
  <testcase name="testBuilderAppend" time="0,000" classname="cviceni.StringBuilderAndBufferTest"/>
  <testcase name="testBufferAppendDelete" time="0,000" classname="cviceni.StringBuilderAndBufferTest"/>
  <testcase name="testBufferAppend" time="0,001" classname="cviceni.StringBuilderAndBufferTest"/>
  <testcase name="testBufferAppendDelete" time="0,000" classname="cviceni.StringBuilderAndBufferTest"/>
  <testcase name="testBuilderAppend" time="0,000" classname="cviceni.StringBuilderAndBufferTest"/>
  <testcase name="testBuilderAppend" time="0,000" classname="cviceni.StringBuilderAndBufferTest"/>
  <testcase name="testBufferAppend" time="0,000" classname="cviceni.StringBuilderAndBufferTest"/>
  <testcase name="testBuilderAppendDelete" time="0,000" classname="cviceni.StringBuilderAndBufferTest"/>
  <testcase name="testBufferAppendDelete" time="0,000" classname="cviceni.StringBuilderAndBufferTest"/>
  <testcase name="testBufferAppend" time="0,000" classname="cviceni.StringBuilderAndBufferTest"/>
  <testcase name="testBufferAppend" time="0,000" classname="cviceni.StringBuilderAndBufferTest"/>
  <testcase name="testBuilderAppendDelete" time="0,000" classname="cviceni.StringBuilderAndBufferTest"/>
  <testcase name="testBufferAppend" time="0,000" classname="cviceni.StringBuilderAndBufferTest"/>
  <testcase name="testBufferAppend" time="0,000" classname="cviceni.StringBuilderAndBufferTest"/>
  <testcase name="testBufferAppendDelete" time="0,000" classname="cviceni.StringBuilderAndBufferTest"/>
  <testcase name="testBufferAppend" time="0,000" classname="cviceni.StringBuilderAndBufferTest"/>
  <testcase name="testBufferAppend" time="0,000" classname="cviceni.StringBuilderAndBufferTest"/>
  <testcase name="testBufferAppendDelete" time="0,001" classname="cviceni.StringBuilderAndBufferTest"/>
  <testcase name="testBuilderAppend" time="0,001" classname="cviceni.StringBuilderAndBufferTest"/>
  <testcase name="testBuilderAppendDelete" time="0,001" classname="cviceni.StringBuilderAndBufferTest"/>
  <testcase name="testBuilderAppendDelete" time="0,000" classname="cviceni.StringBuilderAndBufferTest"/>
  <testcase name="testBufferAppendDelete" time="0,023" classname="cviceni.StringBuilderAndBufferTest"/>
  <testcase name="testBufferAppend" time="0,000" classname="cviceni.StringBuilderAndBufferTest"/>
  <testcase name="testBufferAppend" time="0,000" classname="cviceni.StringBuilderAndBufferTest"/>
  <testcase name="testBufferAppendDelete" time="0,001" classname="cviceni.StringBuilderAndBufferTest"/>
  <testcase name="testBufferAppendDelete" time="0,000" classname="cviceni.StringBuilderAndBufferTest"/>
  <testcase name="testBuilderAppend" time="0,001" classname="cviceni.StringBuilderAndBufferTest"/>
  <testcase name="testBuilderAppend" time="0,001" classname="cviceni.StringBuilderAndBufferTest"/>
  <testcase name="testBuilderAppendDelete" time="0,000" classname="cviceni.StringBuilderAndBufferTest"/>
  <testcase name="testBufferAppend" time="0,000" classname="cviceni.StringBuilderAndBufferTest"/>
  <testcase name="testBufferAppend" time="0,001" classname="cviceni.StringBuilderAndBufferTest"/>
  <testcase name="testBuilderAppendDelete" time="0,000" classname="cviceni.StringBuilderAndBufferTest"/>
  <testcase name="testBuilderAppendDelete" time="0,000" classname="cviceni.StringBuilderAndBufferTest"/>
  <testcase name="testBuilderAppend" time="0,001" classname="cviceni.StringBuilderAndBufferTest"/>
  <testcase name="testBuilderAppend" time="0,001" classname="cviceni.StringBuilderAndBufferTest"/>
  <testcase name="testBufferAppend" time="0,000" classname="cviceni.StringBuilderAndBufferTest"/>
  <testcase name="testBufferAppend" time="0,001" classname="cviceni.StringBuilderAndBufferTest"/>
  <testcase name="testBufferAppendDelete" time="0,000" classname="cviceni.StringBuilderAndBufferTest"/>
  <testcase name="testBuilderAppend" time="0,000" classname="cviceni.StringBuilderAndBufferTest"/>
  <testcase name="testBufferAppend" time="0,000" classname="cviceni.StringBuilderAndBufferTest"/>
  <testcase name="testBuilderAppendDelete" time="0,000" classname="cviceni.StringBuilderAndBufferTest"/>
  <testcase name="testBufferAppend" time="0,001" classname="cviceni.StringBuilderAndBufferTest"/>
  <testcase name="testBuilderAppendDelete" time="0,001" classname="cviceni.StringBuilderAndBufferTest"/>
  <testcase name="testBuilderAppend" time="0,000" classname="cviceni.StringBuilderAndBufferTest"/>
  <testcase name="testBuilderAppendDelete" time="0,000" classname="cviceni.StringBuilderAndBufferTest"/>
  <testcase name="testBufferAppend" time="0,000" classname="cviceni.StringBuilderAndBufferTest"/>
  <testcase name="testBufferAppend" time="0,046" classname="cviceni.StringBuilderAndBufferTest"/>
  <testcase name="testBuilderAppendDelete" time="0,000" classname="cviceni.StringBuilderAndBufferTest"/>
  <testcase name="testBufferAppendDelete" time="0,000" classname="cviceni.StringBuilderAndBufferTest"/>
  <testcase name="testBuilderAppend" time="0,000" classname="cviceni.StringBuilderAndBufferTest"/>
  <testcase name="testBuilderAppendDelete" time="0,001" classname="cviceni.StringBuilderAndBufferTest"/>
  <testcase name="testBufferAppend" time="0,000" classname="cviceni.StringBuilderAndBufferTest"/>
  <testcase name="testBuilderAppendDelete" time="0,000" classname="cviceni.StringBuilderAndBufferTest"/>
  <testcase name="testBuilderAppendDelete" time="0,000" classname="cviceni.StringBuilderAndBufferTest"/>
  <testcase name="testBufferAppendDelete" time="0,001" classname="cviceni.StringBuilderAndBufferTest"/>
  <testcase name="testBufferAppend" time="0,001" classname="cviceni.StringBuilderAndBufferTest"/>
  <testcase name="testBuilderAppendDelete" time="0,020" classname="cviceni.StringBuilderAndBufferTest"/>
  <testcase name="testBufferAppend" time="0,001" classname="cviceni.StringBuilderAndBufferTest"/>
  <testcase name="testBufferAppendDelete" time="0,000" classname="cviceni.StringBuilderAndBufferTest"/>
  <testcase name="testBuilderAppendDelete" time="0,000" classname="cviceni.StringBuilderAndBufferTest"/>
  <testcase name="testBufferAppend" time="0,000" classname="cviceni.StringBuilderAndBufferTest"/>
  <testcase name="testBuilderAppend" time="0,000" classname="cviceni.StringBuilderAndBufferTest"/>
  <testcase name="testBufferAppendDelete" time="0,000" classname="cviceni.StringBuilderAndBufferTest"/>
  <testcase name="testBuilderAppendDelete" time="0,001" classname="cviceni.StringBuilderAndBufferTest"/>
  <testcase name="testBufferAppendDelete" time="0,000" classname="cviceni.StringBuilderAndBufferTest"/>
  <testcase name="testBuilderAppendDelete" time="0,000" classname="cviceni.StringBuilderAndBufferTest"/>
  <testcase name="testBufferAppendDelete" time="0,000" classname="cviceni.StringBuilderAndBufferTest"/>
  <testcase name="testBuilderAppend" time="0,001" classname="cviceni.StringBuilderAndBufferTest"/>
  <testcase name="testBufferAppend" time="0,001" classname="cviceni.StringBuilderAndBufferTest"/>
  <testcase name="testBuilderAppend" time="0,000" classname="cviceni.StringBuilderAndBufferTest"/>
  <testcase name="testBufferAppend" time="0,000" classname="cviceni.StringBuilderAndBufferTest"/>
  <testcase name="testBuilderAppendDelete" time="0,000" classname="cviceni.StringBuilderAndBufferTest"/>
  <testcase name="testBuilderAppend" time="0,001" classname="cviceni.StringBuilderAndBufferTest"/>
  <testcase name="testBufferAppendDelete" time="0,001" classname="cviceni.StringBuilderAndBufferTest"/>
  <testcase name="testBuilderAppendDelete" time="0,001" classname="cviceni.StringBuilderAndBufferTest"/>
  <testcase name="testBufferAppend" time="0,000" classname="cviceni.StringBuilderAndBufferTest"/>
  <testcase name="testBuilderAppend" time="0,000" classname="cviceni.StringBuilderAndBufferTest"/>
  <testcase name="testBuilderAppendDelete" time="0,001" classname="cviceni.StringBuilderAndBufferTest"/>
  <testcase name="testBuilderAppendDelete" time="0,046" classname="cviceni.StringBuilderAndBufferTest"/>
  <testcase name="testBuilderAppendDelete" time="0,000" classname="cviceni.StringBuilderAndBufferTest"/>
  <testcase name="testBufferAppend" time="0,001" classname="cviceni.StringBuilderAndBufferTest"/>
  <testcase name="testBuilderAppend" time="0,000" classname="cviceni.StringBuilderAndBufferTest"/>
  <testcase name="testBuilderAppendDelete" time="0,000" classname="cviceni.StringBuilderAndBufferTest"/>
  <testcase name="testBufferAppend" time="0,000" classname="cviceni.StringBuilderAndBufferTest"/>
  <testcase name="testBufferAppend" time="0,000" classname="cviceni.StringBuilderAndBufferTest"/>
  <testcase name="testBufferAppendDelete" time="0,000" classname="cviceni.StringBuilderAndBufferTest"/>
  <testcase name="testBuilderAppendDelete" time="0,000" classname="cviceni.StringBuilderAndBufferTest"/>
  <testcase name="testBuilderAppendDelete" time="0,000" classname="cviceni.StringBuilderAndBufferTest"/>
  <testcase name="testBuilderAppend" time="0,000" classname="cviceni.StringBuilderAndBufferTest"/>
  <testcase name="testBuilderAppendDelete" time="0,000" classname="cviceni.StringBuilderAndBufferTest"/>
  <testcase name="testBufferAppend" time="0,000" classname="cviceni.StringBuilderAndBufferTest"/>
  <testcase name="testBuilderAppendDelete" time="0,000" classname="cviceni.StringBuilderAndBufferTest"/>
  <testcase name="testBufferAppend" time="0,001" classname="cviceni.StringBuilderAndBufferTest"/>
  <testcase name="testBuilderAppend" time="0,001" classname="cviceni.StringBuilderAndBufferTest"/>
  <testcase name="testBuilderAppend" time="0,001" classname="cviceni.StringBuilderAndBufferTest"/>
  <testcase name="testBuilderAppendDelete" time="0,000" classname="cviceni.StringBuilderAndBufferTest"/>
  <testcase name="testBufferAppend" time="0,000" classname="cviceni.StringBuilderAndBufferTest"/>
  <testcase name="testBufferAppend" time="0,000" classname="cviceni.StringBuilderAndBufferTest"/>
  <testcase name="testBuilderAppend" time="0,000" classname="cviceni.StringBuilderAndBufferTest"/>
  <testcase name="testBufferAppend" time="0,000" classname="cviceni.StringBuilderAndBufferTest"/>
  <testcase name="testBuilderAppendDelete" time="0,000" classname="cviceni.StringBuilderAndBufferTest"/>
  <testcase name="testBuilderAppend" time="0,001" classname="cviceni.StringBuilderAndBufferTest"/>
  <testcase name="testBufferAppendDelete" time="0,000" classname="cviceni.StringBuilderAndBufferTest"/>
  <testcase name="testBuilderAppendDelete" time="0,000" classname="cviceni.StringBuilderAndBufferTest"/>
  <testcase name="testBuilderAppendDelete" time="0,000" classname="cviceni.StringBuilderAndBufferTest"/>
  <testcase name="testBuilderAppendDelete" time="0,000" classname="cviceni.StringBuilderAndBufferTest"/>
  <testcase name="testBuilderAppend" time="0,000" classname="cviceni.StringBuilderAndBufferTest"/>
  <testcase name="testBufferAppend" time="0,000" classname="cviceni.StringBuilderAndBufferTest"/>
  <testcase name="testBuilderAppendDelete" time="0,000" classname="cviceni.StringBuilderAndBufferTest"/>
  <testcase name="testBufferAppendDelete" time="0,001" classname="cviceni.StringBuilderAndBufferTest"/>
  <testcase name="testBufferAppend" time="0,000" classname="cviceni.StringBuilderAndBufferTest"/>
  <testcase name="testBufferAppend" time="0,000" classname="cviceni.StringBuilderAndBufferTest"/>
  <testcase name="testBuilderAppendDelete" time="0,000" classname="cviceni.StringBuilderAndBufferTest"/>
  <testcase name="testBuilderAppendDelete" time="0,001" classname="cviceni.StringBuilderAndBufferTest"/>
  <testcase name="testBufferAppend" time="0,001" classname="cviceni.StringBuilderAndBufferTest"/>
  <testcase name="testBufferAppend" time="0,001" classname="cviceni.StringBuilderAndBufferTest"/>
  <testcase name="testBuilderAppendDelete" time="0,000" classname="cviceni.StringBuilderAndBufferTest"/>
  <testcase name="testBuilderAppendDelete" time="0,000" classname="cviceni.StringBuilderAndBufferTest"/>
  <testcase name="testBufferAppend" time="0,000" classname="cviceni.StringBuilderAndBufferTest"/>
  <testcase name="testBufferAppendDelete" time="0,000" classname="cviceni.StringBuilderAndBufferTest"/>
  <testcase name="testBufferAppend" time="0,000" classname="cviceni.StringBuilderAndBufferTest"/>
  <testcase name="testBufferAppendDelete" time="0,000" classname="cviceni.StringBuilderAndBufferTest"/>
  <testcase name="testBufferAppend" time="0,000" classname="cviceni.StringBuilderAndBufferTest"/>
  <testcase name="testBufferAppend" time="0,000" classname="cviceni.StringBuilderAndBufferTest"/>
  <testcase name="testBufferAppend" time="0,000" classname="cviceni.StringBuilderAndBufferTest"/>
  <testcase name="testBuilderAppend" time="0,000" classname="cviceni.StringBuilderAndBufferTest"/>
  <testcase name="testBuilderAppend" time="0,000" classname="cviceni.StringBuilderAndBufferTest"/>
  <testcase name="testBufferAppendDelete" time="0,000" classname="cviceni.StringBuilderAndBufferTest"/>
  <testcase name="testBufferAppend" time="0,001" classname="cviceni.StringBuilderAndBufferTest"/>
  <testcase name="testBufferAppendDelete" time="0,000" classname="cviceni.StringBuilderAndBufferTest"/>
  <testcase name="testBufferAppendDelete" time="0,000" classname="cviceni.StringBuilderAndBufferTest"/>
  <testcase name="testBufferAppendDelete" time="0,001" classname="cviceni.StringBuilderAndBufferTest"/>
  <testcase name="testBufferAppendDelete" time="0,000" classname="cviceni.StringBuilderAndBufferTest"/>
  <testcase name="testBufferAppend" time="0,001" classname="cviceni.StringBuilderAndBufferTest"/>
  <testcase name="testBufferAppend" time="0,000" classname="cviceni.StringBuilderAndBufferTest"/>
  <testcase name="testBuilderAppend" time="0,000" classname="cviceni.StringBuilderAndBufferTest"/>
  <testcase name="testBuilderAppendDelete" time="0,000" classname="cviceni.StringBuilderAndBufferTest"/>
  <testcase name="testBufferAppend" time="0,000" classname="cviceni.StringBuilderAndBufferTest"/>
  <testcase name="testBufferAppendDelete" time="0,000" classname="cviceni.StringBuilderAndBufferTest"/>
  <testcase name="testBuilderAppendDelete" time="0,000" classname="cviceni.StringBuilderAndBufferTest"/>
  <testcase name="testBufferAppend" time="0,000" classname="cviceni.StringBuilderAndBufferTest"/>
  <testcase name="testBufferAppendDelete" time="0,000" classname="cviceni.StringBuilderAndBufferTest"/>
  <testcase name="testBufferAppendDelete" time="0,000" classname="cviceni.StringBuilderAndBufferTest"/>
  <testcase name="testBufferAppend" time="0,000" classname="cviceni.StringBuilderAndBufferTest"/>
  <testcase name="testBufferAppend" time="0,000" classname="cviceni.StringBuilderAndBufferTest"/>
  <testcase name="testBuilderAppendDelete" time="0,000" classname="cviceni.StringBuilderAndBufferTest"/>
  <testcase name="testBuilderAppendDelete" time="0,000" classname="cviceni.StringBuilderAndBufferTest"/>
  <testcase name="testBufferAppendDelete" time="0,001" classname="cviceni.StringBuilderAndBufferTest"/>
  <testcase name="testBuilderAppendDelete" time="0,000" classname="cviceni.StringBuilderAndBufferTest"/>
  <testcase name="testBufferAppendDelete" time="0,000" classname="cviceni.StringBuilderAndBufferTest"/>
  <testcase name="testBuilderAppendDelete" time="0,001" classname="cviceni.StringBuilderAndBufferTest"/>
  <testcase name="testBufferAppendDelete" time="0,000" classname="cviceni.StringBuilderAndBufferTest"/>
  <testcase name="testBuilderAppend" time="0,000" classname="cviceni.StringBuilderAndBufferTest"/>
  <testcase name="testBufferAppendDelete" time="0,000" classname="cviceni.StringBuilderAndBufferTest"/>
  <testcase name="testBuilderAppend" time="0,001" classname="cviceni.StringBuilderAndBufferTest"/>
  <testcase name="testBufferAppendDelete" time="0,000" classname="cviceni.StringBuilderAndBufferTest"/>
  <testcase name="testBuilderAppend" time="0,000" classname="cviceni.StringBuilderAndBufferTest"/>
  <testcase name="testBuilderAppendDelete" time="0,000" classname="cviceni.StringBuilderAndBufferTest"/>
  <testcase name="testBuilderAppendDelete" time="0,001" classname="cviceni.StringBuilderAndBufferTest"/>
  <testcase name="testBuilderAppendDelete" time="0,000" classname="cviceni.StringBuilderAndBufferTest"/>
  <testcase name="testBuilderAppendDelete" time="0,000" classname="cviceni.StringBuilderAndBufferTest"/>
  <testcase name="testBufferAppendDelete" time="0,000" classname="cviceni.StringBuilderAndBufferTest"/>
  <testcase name="testBuilderAppendDelete" time="0,001" classname="cviceni.StringBuilderAndBufferTest"/>
  <testcase name="testBufferAppendDelete" time="0,000" classname="cviceni.StringBuilderAndBufferTest"/>
  <testcase name="testBufferAppend" time="0,001" classname="cviceni.StringBuilderAndBufferTest"/>
  <testcase name="testBufferAppendDelete" time="0,000" classname="cviceni.StringBuilderAndBufferTest"/>
  <testcase name="testBuilderAppend" time="0,000" classname="cviceni.StringBuilderAndBufferTest"/>
  <testcase name="testBuilderAppend" time="0,001" classname="cviceni.StringBuilderAndBufferTest"/>
  <testcase name="testBufferAppend" time="0,034" classname="cviceni.StringBuilderAndBufferTest"/>
  <testcase name="testBuilderAppendDelete" time="0,001" classname="cviceni.StringBuilderAndBufferTest"/>
  <testcase name="testBufferAppendDelete" time="0,000" classname="cviceni.StringBuilderAndBufferTest"/>
  <testcase name="testBuilderAppendDelete" time="0,000" classname="cviceni.StringBuilderAndBufferTest"/>
  <testcase name="testBufferAppend" time="0,000" classname="cviceni.StringBuilderAndBufferTest"/>
  <testcase name="testBufferAppendDelete" time="0,000" classname="cviceni.StringBuilderAndBufferTest"/>
  <testcase name="testBuilderAppend" time="0,001" classname="cviceni.StringBuilderAndBufferTest"/>
  <testcase name="testBuilderAppendDelete" time="0,000" classname="cviceni.StringBuilderAndBufferTest"/>
  <testcase name="testBufferAppend" time="0,000" classname="cviceni.StringBuilderAndBufferTest"/>
  <testcase name="testBufferAppendDelete" time="0,001" classname="cviceni.StringBuilderAndBufferTest"/>
  <testcase name="testBuilderAppendDelete" time="0,000" classname="cviceni.StringBuilderAndBufferTest"/>
  <testcase name="testBufferAppendDelete" time="0,000" classname="cviceni.StringBuilderAndBufferTest"/>
  <testcase name="testBuilderAppendDelete" time="0,000" classname="cviceni.StringBuilderAndBufferTest"/>
  <testcase name="testBufferAppendDelete" time="0,001" classname="cviceni.StringBuilderAndBufferTest"/>
  <testcase name="testBuilderAppend" time="0,019" classname="cviceni.StringBuilderAndBufferTest"/>
  <testcase name="testBufferAppendDelete" time="0,000" classname="cviceni.StringBuilderAndBufferTest"/>
  <testcase name="testBuilderAppend" time="0,000" classname="cviceni.StringBuilderAndBufferTest"/>
  <testcase name="testBufferAppend" time="0,000" classname="cviceni.StringBuilderAndBufferTest"/>
  <testcase name="testBuilderAppend" time="0,001" classname="cviceni.StringBuilderAndBufferTest"/>
  <testcase name="testBuilderAppend" time="0,000" classname="cviceni.StringBuilderAndBufferTest"/>
  <testcase name="testBuilderAppendDelete" time="0,000" classname="cviceni.StringBuilderAndBufferTest"/>
  <testcase name="testBuilderAppendDelete" time="0,000" classname="cviceni.StringBuilderAndBufferTest"/>
  <testcase name="testBuilderAppendDelete" time="0,001" classname="cviceni.StringBuilderAndBufferTest"/>
  <testcase name="testBufferAppend" time="0,000" classname="cviceni.StringBuilderAndBufferTest"/>
  <testcase name="testBuilderAppend" time="0,000" classname="cviceni.StringBuilderAndBufferTest"/>
  <testcase name="testBuilderAppend" time="0,000" classname="cviceni.StringBuilderAndBufferTest"/>
  <testcase name="testBuilderAppend" time="0,000" classname="cviceni.StringBuilderAndBufferTest"/>
  <testcase name="testBuilderAppendDelete" time="0,000" classname="cviceni.StringBuilderAndBufferTest"/>
  <testcase name="testBufferAppendDelete" time="0,000" classname="cviceni.StringBuilderAndBufferTest"/>
  <testcase name="testBufferAppendDelete" time="0,000" classname="cviceni.StringBuilderAndBufferTest"/>
  <testcase name="testBuilderAppendDelete" time="0,000" classname="cviceni.StringBuilderAndBufferTest"/>
  <testcase name="testBufferAppend" time="0,003" classname="cviceni.StringBuilderAndBufferTest"/>
  <testcase name="testBufferAppend" time="0,000" classname="cviceni.StringBuilderAndBufferTest"/>
  <testcase name="testBufferAppendDelete" time="0,001" classname="cviceni.StringBuilderAndBufferTest"/>
  <testcase name="testBuilderAppend" time="0,000" classname="cviceni.StringBuilderAndBufferTest"/>
  <testcase name="testBuilderAppendDelete" time="0,000" classname="cviceni.StringBuilderAndBufferTest"/>
  <testcase name="testBufferAppend" time="0,000" classname="cviceni.StringBuilderAndBufferTest"/>
  <testcase name="testBufferAppendDelete" time="0,000" classname="cviceni.StringBuilderAndBufferTest"/>
  <testcase name="testBufferAppend" time="0,000" classname="cviceni.StringBuilderAndBufferTest"/>
  <testcase name="testBufferAppendDelete" time="0,000" classname="cviceni.StringBuilderAndBufferTest"/>
  <testcase name="testBuilderAppendDelete" time="0,000" classname="cviceni.StringBuilderAndBufferTest"/>
  <testcase name="testBuilderAppendDelete" time="0,000" classname="cviceni.StringBuilderAndBufferTest"/>
  <testcase name="testBufferAppendDelete" time="0,000" classname="cviceni.StringBuilderAndBufferTest"/>
  <testcase name="testBuilderAppendDelete" time="0,000" classname="cviceni.StringBuilderAndBufferTest"/>
  <testcase name="testBufferAppendDelete" time="0,000" classname="cviceni.StringBuilderAndBufferTest"/>
  <testcase name="testBuilderAppendDelete" time="0,000" classname="cviceni.StringBuilderAndBufferTest"/>
  <testcase name="testBuilderAppendDelete" time="0,000" classname="cviceni.StringBuilderAndBufferTest"/>
  <testcase name="testBufferAppend" time="0,001" classname="cviceni.StringBuilderAndBufferTest"/>
  <testcase name="testBuilderAppend" time="0,000" classname="cviceni.StringBuilderAndBufferTest"/>
  <testcase name="testBuilderAppend" time="0,000" classname="cviceni.StringBuilderAndBufferTest"/>
  <testcase name="testBufferAppend" time="0,001" classname="cviceni.StringBuilderAndBufferTest"/>
  <testcase name="testBuilderAppendDelete" time="0,000" classname="cviceni.StringBuilderAndBufferTest"/>
  <testcase name="testBuilderAppend" time="0,000" classname="cviceni.StringBuilderAndBufferTest"/>
  <testcase name="testBufferAppendDelete" time="0,001" classname="cviceni.StringBuilderAndBufferTest"/>
  <testcase name="testBufferAppendDelete" time="0,000" classname="cviceni.StringBuilderAndBufferTest"/>
  <testcase name="testBufferAppendDelete" time="0,000" classname="cviceni.StringBuilderAndBufferTest"/>
  <testcase name="testBuilderAppend" time="0,000" classname="cviceni.StringBuilderAndBufferTest"/>
  <testcase name="testBufferAppendDelete" time="0,000" classname="cviceni.StringBuilderAndBufferTest"/>
  <testcase name="testBufferAppendDelete" time="0,001" classname="cviceni.StringBuilderAndBufferTest"/>
  <testcase name="testBuilderAppendDelete" time="0,001" classname="cviceni.StringBuilderAndBufferTest"/>
  <testcase name="testBufferAppend" time="0,000" classname="cviceni.StringBuilderAndBufferTest"/>
  <testcase name="testBufferAppend" time="0,001" classname="cviceni.StringBuilderAndBufferTest"/>
  <testcase name="testBufferAppend" time="0,001" classname="cviceni.StringBuilderAndBufferTest"/>
  <testcase name="testBufferAppendDelete" time="0,000" classname="cviceni.StringBuilderAndBufferTest"/>
  <testcase name="testBuilderAppendDelete" time="0,000" classname="cviceni.StringBuilderAndBufferTest"/>
  <testcase name="testBufferAppendDelete" time="0,000" classname="cviceni.StringBuilderAndBufferTest"/>
  <testcase name="testBufferAppend" time="0,000" classname="cviceni.StringBuilderAndBufferTest"/>
  <testcase name="testBufferAppend" time="0,001" classname="cviceni.StringBuilderAndBufferTest"/>
  <testcase name="testBuilderAppend" time="0,000" classname="cviceni.StringBuilderAndBufferTest"/>
  <testcase name="testBuilderAppend" time="0,000" classname="cviceni.StringBuilderAndBufferTest"/>
  <testcase name="testBufferAppendDelete" time="0,000" classname="cviceni.StringBuilderAndBufferTest"/>
  <testcase name="testBuilderAppend" time="0,000" classname="cviceni.StringBuilderAndBufferTest"/>
  <testcase name="testBufferAppendDelete" time="0,000" classname="cviceni.StringBuilderAndBufferTest"/>
  <testcase name="testBufferAppend" time="0,000" classname="cviceni.StringBuilderAndBufferTest"/>
  <testcase name="testBufferAppendDelete" time="0,000" classname="cviceni.StringBuilderAndBufferTest"/>
  <testcase name="testBufferAppendDelete" time="0,000" classname="cviceni.StringBuilderAndBufferTest"/>
  <testcase name="testBufferAppend" time="0,001" classname="cviceni.StringBuilderAndBufferTest"/>
  <testcase name="testBufferAppend" time="0,000" classname="cviceni.StringBuilderAndBufferTest"/>
  <testcase name="testBuilderAppendDelete" time="0,000" classname="cviceni.StringBuilderAndBufferTest"/>
  <testcase name="testBuilderAppendDelete" time="0,001" classname="cviceni.StringBuilderAndBufferTest"/>
  <testcase name="testBufferAppend" time="0,001" classname="cviceni.StringBuilderAndBufferTest"/>
  <testcase name="testBufferAppend" time="0,000" classname="cviceni.StringBuilderAndBufferTest"/>
  <testcase name="testBuilderAppendDelete" time="0,001" classname="cviceni.StringBuilderAndBufferTest"/>
  <testcase name="testBuilderAppendDelete" time="0,000" classname="cviceni.StringBuilderAndBufferTest"/>
  <testcase name="testBuilderAppend" time="0,000" classname="cviceni.StringBuilderAndBufferTest"/>
  <testcase name="testBuilderAppend" time="0,000" classname="cviceni.StringBuilderAndBufferTest"/>
  <testcase name="testBufferAppend" time="0,000" classname="cviceni.StringBuilderAndBufferTest"/>
  <testcase name="testBufferAppend" time="0,000" classname="cviceni.StringBuilderAndBufferTest"/>
  <testcase name="testBuilderAppendDelete" time="0,001" classname="cviceni.StringBuilderAndBufferTest"/>
  <testcase name="testBufferAppend" time="0,000" classname="cviceni.StringBuilderAndBufferTest"/>
  <testcase name="testBufferAppendDelete" time="0,000" classname="cviceni.StringBuilderAndBufferTest"/>
  <testcase name="testBufferAppend" time="0,000" classname="cviceni.StringBuilderAndBufferTest"/>
  <testcase name="testBuilderAppendDelete" time="0,001" classname="cviceni.StringBuilderAndBufferTest"/>
  <testcase name="testBuilderAppendDelete" time="0,000" classname="cviceni.StringBuilderAndBufferTest"/>
  <testcase name="testBuilderAppendDelete" time="0,001" classname="cviceni.StringBuilderAndBufferTest"/>
  <testcase name="testBuilderAppendDelete" time="0,000" classname="cviceni.StringBuilderAndBufferTest"/>
  <testcase name="testBufferAppendDelete" time="0,000" classname="cviceni.StringBuilderAndBufferTest"/>
  <testcase name="testBuilderAppend" time="0,000" classname="cviceni.StringBuilderAndBufferTest"/>
  <testcase name="testBuilderAppendDelete" time="0,000" classname="cviceni.StringBuilderAndBufferTest"/>
  <testcase name="testBuilderAppendDelete" time="0,002" classname="cviceni.StringBuilderAndBufferTest"/>
  <testcase name="testBuilderAppendDelete" time="0,001" classname="cviceni.StringBuilderAndBufferTest"/>
  <testcase name="testBuilderAppend" time="0,001" classname="cviceni.StringBuilderAndBufferTest"/>
  <testcase name="testBufferAppendDelete" time="0,000" classname="cviceni.StringBuilderAndBufferTest"/>
  <testcase name="testBufferAppendDelete" time="0,001" classname="cviceni.StringBuilderAndBufferTest"/>
  <testcase name="testBufferAppend" time="0,000" classname="cviceni.StringBuilderAndBufferTest"/>
  <testcase name="testBufferAppend" time="0,000" classname="cviceni.StringBuilderAndBufferTest"/>
  <testcase name="testBufferAppend" time="0,000" classname="cviceni.StringBuilderAndBufferTest"/>
  <testcase name="testBuilderAppendDelete" time="0,001" classname="cviceni.StringBuilderAndBufferTest"/>
  <testcase name="testBufferAppendDelete" time="0,000" classname="cviceni.StringBuilderAndBufferTest"/>
  <testcase name="testBuilderAppendDelete" time="0,000" classname="cviceni.StringBuilderAndBufferTest"/>
  <testcase name="testBufferAppend" time="0,000" classname="cviceni.StringBuilderAndBufferTest"/>
  <testcase name="testBuilderAppend" time="0,000" classname="cviceni.StringBuilderAndBufferTest"/>
  <testcase name="testBufferAppendDelete" time="0,000" classname="cviceni.StringBuilderAndBufferTest"/>
  <testcase name="testBuilderAppend" time="0,000" classname="cviceni.StringBuilderAndBufferTest"/>
  <testcase name="testBufferAppendDelete" time="0,000" classname="cviceni.StringBuilderAndBufferTest"/>
  <testcase name="testBuilderAppendDelete" time="0,000" classname="cviceni.StringBuilderAndBufferTest"/>
  <testcase name="testBuilderAppendDelete" time="0,000" classname="cviceni.StringBuilderAndBufferTest"/>
  <testcase name="testBuilderAppend" time="0,000" classname="cviceni.StringBuilderAndBufferTest"/>
  <testcase name="testBuilderAppendDelete" time="0,000" classname="cviceni.StringBuilderAndBufferTest"/>
  <testcase name="testBufferAppend" time="0,001" classname="cviceni.StringBuilderAndBufferTest"/>
  <testcase name="testBuilderAppendDelete" time="0,000" classname="cviceni.StringBuilderAndBufferTest"/>
  <testcase name="testBuilderAppendDelete" time="0,000" classname="cviceni.StringBuilderAndBufferTest"/>
  <testcase name="testBuilderAppendDelete" time="0,000" classname="cviceni.StringBuilderAndBufferTest"/>
  <testcase name="testBuilderAppend" time="0,000" classname="cviceni.StringBuilderAndBufferTest"/>
  <testcase name="testBufferAppendDelete" time="0,000" classname="cviceni.StringBuilderAndBufferTest"/>
  <testcase name="testBuilderAppendDelete" time="0,000" classname="cviceni.StringBuilderAndBufferTest"/>
  <testcase name="testBufferAppend" time="0,000" classname="cviceni.StringBuilderAndBufferTest"/>
  <testcase name="testBufferAppendDelete" time="0,000" classname="cviceni.StringBuilderAndBufferTest"/>
  <testcase name="testBufferAppendDelete" time="0,000" classname="cviceni.StringBuilderAndBufferTest"/>
  <testcase name="testBuilderAppend" time="0,001" classname="cviceni.StringBuilderAndBufferTest"/>
  <testcase name="testBufferAppend" time="0,000" classname="cviceni.StringBuilderAndBufferTest"/>
  <testcase name="testBufferAppend" time="0,000" classname="cviceni.StringBuilderAndBufferTest"/>
  <testcase name="testBuilderAppend" time="0,000" classname="cviceni.StringBuilderAndBufferTest"/>
  <testcase name="testBuilderAppend" time="0,000" classname="cviceni.StringBuilderAndBufferTest"/>
  <testcase name="testBuilderAppendDelete" time="0,000" classname="cviceni.StringBuilderAndBufferTest"/>
  <testcase name="testBufferAppend" time="0,000" classname="cviceni.StringBuilderAndBufferTest"/>
  <testcase name="testBuilderAppendDelete" time="0,000" classname="cviceni.StringBuilderAndBufferTest"/>
  <testcase name="testBuilderAppend" time="0,000" classname="cviceni.StringBuilderAndBufferTest"/>
  <testcase name="testBuilderAppend" time="0,001" classname="cviceni.StringBuilderAndBufferTest"/>
  <testcase name="testBuilderAppendDelete" time="0,000" classname="cviceni.StringBuilderAndBufferTest"/>
  <testcase name="testBufferAppend" time="0,000" classname="cviceni.StringBuilderAndBufferTest"/>
  <testcase name="testBuilderAppend" time="0,066" classname="cviceni.StringBuilderAndBufferTest"/>
  <testcase name="testBuilderAppendDelete" time="0,000" classname="cviceni.StringBuilderAndBufferTest"/>
  <testcase name="testBufferAppendDelete" time="0,000" classname="cviceni.StringBuilderAndBufferTest"/>
  <testcase name="testBufferAppend" time="0,000" classname="cviceni.StringBuilderAndBufferTest"/>
  <testcase name="testBufferAppendDelete" time="0,000" classname="cviceni.StringBuilderAndBufferTest"/>
  <testcase name="testBufferAppend" time="0,001" classname="cviceni.StringBuilderAndBufferTest"/>
  <testcase name="testBufferAppend" time="0,001" classname="cviceni.StringBuilderAndBufferTest"/>
  <testcase name="testBufferAppendDelete" time="0,000" classname="cviceni.StringBuilderAndBufferTest"/>
  <testcase name="testBuilderAppendDelete" time="0,000" classname="cviceni.StringBuilderAndBufferTest"/>
  <testcase name="testBufferAppendDelete" time="0,000" classname="cviceni.StringBuilderAndBufferTest"/>
  <testcase name="testBuilderAppendDelete" time="0,000" classname="cviceni.StringBuilderAndBufferTest"/>
  <testcase name="testBuilderAppend" time="0,001" classname="cviceni.StringBuilderAndBufferTest"/>
  <testcase name="testBufferAppend" time="0,000" classname="cviceni.StringBuilderAndBufferTest"/>
  <testcase name="testBuilderAppend" time="0,000" classname="cviceni.StringBuilderAndBufferTest"/>
  <testcase name="testBuilderAppend" time="0,001" classname="cviceni.StringBuilderAndBufferTest"/>
  <testcase name="testBuilderAppend" time="0,000" classname="cviceni.StringBuilderAndBufferTest"/>
  <testcase name="testBuilderAppend" time="0,000" classname="cviceni.StringBuilderAndBufferTest"/>
  <testcase name="testBufferAppendDelete" time="0,001" classname="cviceni.StringBuilderAndBufferTest"/>
  <testcase name="testBufferAppend" time="0,000" classname="cviceni.StringBuilderAndBufferTest"/>
  <testcase name="testBufferAppendDelete" time="0,000" classname="cviceni.StringBuilderAndBufferTest"/>
  <testcase name="testBufferAppendDelete" time="0,001" classname="cviceni.StringBuilderAndBufferTest"/>
  <testcase name="testBuilderAppend" time="0,001" classname="cviceni.StringBuilderAndBufferTest"/>
  <testcase name="testBufferAppendDelete" time="0,000" classname="cviceni.StringBuilderAndBufferTest"/>
  <testcase name="testBufferAppendDelete" time="0,000" classname="cviceni.StringBuilderAndBufferTest"/>
  <testcase name="testBuilderAppend" time="0,000" classname="cviceni.StringBuilderAndBufferTest"/>
  <testcase name="testBuilderAppend" time="0,001" classname="cviceni.StringBuilderAndBufferTest"/>
  <testcase name="testBuilderAppendDelete" time="0,000" classname="cviceni.StringBuilderAndBufferTest"/>
  <testcase name="testBufferAppendDelete" time="0,000" classname="cviceni.StringBuilderAndBufferTest"/>
  <testcase name="testBuilderAppend" time="0,001" classname="cviceni.StringBuilderAndBufferTest"/>
  <testcase name="testBufferAppend" time="0,001" classname="cviceni.StringBuilderAndBufferTest"/>
  <testcase name="testBuilderAppend" time="0,000" classname="cviceni.StringBuilderAndBufferTest"/>
  <testcase name="testBuilderAppend" time="0,001" classname="cviceni.StringBuilderAndBufferTest"/>
  <testcase name="testBufferAppend" time="0,000" classname="cviceni.StringBuilderAndBufferTest"/>
  <testcase name="testBuilderAppend" time="0,001" classname="cviceni.StringBuilderAndBufferTest"/>
  <testcase name="testBufferAppend" time="0,000" classname="cviceni.StringBuilderAndBufferTest"/>
  <testcase name="testBufferAppend" time="0,000" classname="cviceni.StringBuilderAndBufferTest"/>
  <testcase name="testBufferAppendDelete" time="0,000" classname="cviceni.StringBuilderAndBufferTest"/>
  <testcase name="testBuilderAppend" time="0,000" classname="cviceni.StringBuilderAndBufferTest"/>
  <testcase name="testBufferAppendDelete" time="0,000" classname="cviceni.StringBuilderAndBufferTest"/>
  <testcase name="testBuilderAppendDelete" time="0,001" classname="cviceni.StringBuilderAndBufferTest"/>
  <testcase name="testBufferAppend" time="0,001" classname="cviceni.StringBuilderAndBufferTest"/>
  <testcase name="testBuilderAppendDelete" time="0,000" classname="cviceni.StringBuilderAndBufferTest"/>
  <testcase name="testBufferAppendDelete" time="0,000" classname="cviceni.StringBuilderAndBufferTest"/>
  <testcase name="testBufferAppend" time="0,000" classname="cviceni.StringBuilderAndBufferTest"/>
  <testcase name="testBuilderAppend" time="0,000" classname="cviceni.StringBuilderAndBufferTest"/>
  <testcase name="testBuilderAppend" time="0,000" classname="cviceni.StringBuilderAndBufferTest"/>
  <testcase name="testBuilderAppendDelete" time="0,001" classname="cviceni.StringBuilderAndBufferTest"/>
  <testcase name="testBufferAppend" time="0,000" classname="cviceni.StringBuilderAndBufferTest"/>
  <testcase name="testBufferAppend" time="0,000" classname="cviceni.StringBuilderAndBufferTest"/>
  <testcase name="testBufferAppend" time="0,001" classname="cviceni.StringBuilderAndBufferTest"/>
  <testcase name="testBuilderAppendDelete" time="0,000" classname="cviceni.StringBuilderAndBufferTest"/>
  <testcase name="testBuilderAppendDelete" time="0,000" classname="cviceni.StringBuilderAndBufferTest"/>
  <testcase name="testBufferAppend" time="0,000" classname="cviceni.StringBuilderAndBufferTest"/>
  <testcase name="testBuilderAppendDelete" time="0,000" classname="cviceni.StringBuilderAndBufferTest"/>
  <testcase name="testBuilderAppend" time="0,000" classname="cviceni.StringBuilderAndBufferTest"/>
  <testcase name="testBuilderAppendDelete" time="0,000" classname="cviceni.StringBuilderAndBufferTest"/>
  <testcase name="testBufferAppend" time="0,001" classname="cviceni.StringBuilderAndBufferTest"/>
  <testcase name="testBuilderAppend" time="0,000" classname="cviceni.StringBuilderAndBufferTest"/>
  <testcase name="testBuilderAppendDelete" time="0,000" classname="cviceni.StringBuilderAndBufferTest"/>
  <testcase name="testBuilderAppend" time="0,000" classname="cviceni.StringBuilderAndBufferTest"/>
  <testcase name="testBufferAppend" time="0,000" classname="cviceni.StringBuilderAndBufferTest"/>
  <testcase name="testBufferAppendDelete" time="0,000" classname="cviceni.StringBuilderAndBufferTest"/>
  <testcase name="testBufferAppend" time="0,001" classname="cviceni.StringBuilderAndBufferTest"/>
  <testcase name="testBuilderAppend" time="0,000" classname="cviceni.StringBuilderAndBufferTest"/>
  <testcase name="testBuilderAppendDelete" time="0,000" classname="cviceni.StringBuilderAndBufferTest"/>
  <testcase name="testBuilderAppend" time="0,001" classname="cviceni.StringBuilderAndBufferTest"/>
  <testcase name="testBuilderAppend" time="0,000" classname="cviceni.StringBuilderAndBufferTest"/>
  <testcase name="testBufferAppendDelete" time="0,000" classname="cviceni.StringBuilderAndBufferTest"/>
  <testcase name="testBuilderAppendDelete" time="0,000" classname="cviceni.StringBuilderAndBufferTest"/>
  <testcase name="testBufferAppendDelete" time="0,000" classname="cviceni.StringBuilderAndBufferTest"/>
  <testcase name="testBufferAppend" time="0,000" classname="cviceni.StringBuilderAndBufferTest"/>
  <testcase name="testBuilderAppendDelete" time="0,001" classname="cviceni.StringBuilderAndBufferTest"/>
  <testcase name="testBufferAppend" time="0,000" classname="cviceni.StringBuilderAndBufferTest"/>
  <testcase name="testBuilderAppendDelete" time="0,001" classname="cviceni.StringBuilderAndBufferTest"/>
  <testcase name="testBuilderAppend" time="0,001" classname="cviceni.StringBuilderAndBufferTest"/>
  <testcase name="testBuilderAppend" time="0,001" classname="cviceni.StringBuilderAndBufferTest"/>
  <testcase name="testBuilderAppendDelete" time="0,001" classname="cviceni.StringBuilderAndBufferTest"/>
  <testcase name="testBuilderAppend" time="0,000" classname="cviceni.StringBuilderAndBufferTest"/>
  <testcase name="testBufferAppendDelete" time="0,000" classname="cviceni.StringBuilderAndBufferTest"/>
  <testcase name="testBufferAppendDelete" time="0,000" classname="cviceni.StringBuilderAndBufferTest"/>
  <testcase name="testBuilderAppend" time="0,000" classname="cviceni.StringBuilderAndBufferTest"/>
  <testcase name="testBuilderAppend" time="0,001" classname="cviceni.StringBuilderAndBufferTest"/>
  <testcase name="testBuilderAppendDelete" time="0,001" classname="cviceni.StringBuilderAndBufferTest"/>
  <testcase name="testBuilderAppendDelete" time="0,000" classname="cviceni.StringBuilderAndBufferTest"/>
  <testcase name="testBufferAppendDelete" time="0,000" classname="cviceni.StringBuilderAndBufferTest"/>
  <testcase name="testBufferAppend" time="0,001" classname="cviceni.StringBuilderAndBufferTest"/>
  <testcase name="testBuilderAppendDelete" time="0,000" classname="cviceni.StringBuilderAndBufferTest"/>
  <testcase name="testBuilderAppendDelete" time="0,000" classname="cviceni.StringBuilderAndBufferTest"/>
  <testcase name="testBuilderAppendDelete" time="0,000" classname="cviceni.StringBuilderAndBufferTest"/>
  <testcase name="testBuilderAppend" time="0,000" classname="cviceni.StringBuilderAndBufferTest"/>
  <testcase name="testBuilderAppend" time="0,000" classname="cviceni.StringBuilderAndBufferTest"/>
  <testcase name="testBuilderAppend" time="0,001" classname="cviceni.StringBuilderAndBufferTest"/>
  <testcase name="testBufferAppendDelete" time="0,000" classname="cviceni.StringBuilderAndBufferTest"/>
  <testcase name="testBuilderAppend" time="0,001" classname="cviceni.StringBuilderAndBufferTest"/>
  <testcase name="testBuilderAppend" time="0,001" classname="cviceni.StringBuilderAndBufferTest"/>
  <testcase name="testBuilderAppendDelete" time="0,000" classname="cviceni.StringBuilderAndBufferTest"/>
  <testcase name="testBufferAppend" time="0,001" classname="cviceni.StringBuilderAndBufferTest"/>
  <testcase name="testBufferAppend" time="0,001" classname="cviceni.StringBuilderAndBufferTest"/>
  <testcase name="testBuilderAppend" time="0,001" classname="cviceni.StringBuilderAndBufferTest"/>
  <testcase name="testBufferAppend" time="0,000" classname="cviceni.StringBuilderAndBufferTest"/>
  <testcase name="testBufferAppend" time="0,000" classname="cviceni.StringBuilderAndBufferTest"/>
  <testcase name="testBuilderAppend" time="0,000" classname="cviceni.StringBuilderAndBufferTest"/>
  <testcase name="testBuilderAppendDelete" time="0,001" classname="cviceni.StringBuilderAndBufferTest"/>
  <testcase name="testBufferAppend" time="0,001" classname="cviceni.StringBuilderAndBufferTest"/>
  <testcase name="testBufferAppend" time="0,000" classname="cviceni.StringBuilderAndBufferTest"/>
  <testcase name="testBufferAppendDelete" time="0,000" classname="cviceni.StringBuilderAndBufferTest"/>
  <testcase name="testBufferAppendDelete" time="0,000" classname="cviceni.StringBuilderAndBufferTest"/>
  <testcase name="testBufferAppendDelete" time="0,000" classname="cviceni.StringBuilderAndBufferTest"/>
  <testcase name="testBufferAppend" time="0,018" classname="cviceni.StringBuilderAndBufferTest"/>
  <testcase name="testBufferAppendDelete" time="0,001" classname="cviceni.StringBuilderAndBufferTest"/>
  <testcase name="testBufferAppend" time="0,001" classname="cviceni.StringBuilderAndBufferTest"/>
  <testcase name="testBuilderAppend" time="0,000" classname="cviceni.StringBuilderAndBufferTest"/>
  <testcase name="testBufferAppend" time="0,001" classname="cviceni.StringBuilderAndBufferTest"/>
  <testcase name="testBufferAppendDelete" time="0,000" classname="cviceni.StringBuilderAndBufferTest"/>
  <testcase name="testBuilderAppend" time="0,001" classname="cviceni.StringBuilderAndBufferTest"/>
  <testcase name="testBufferAppend" time="0,000" classname="cviceni.StringBuilderAndBufferTest"/>
  <testcase name="testBuilderAppendDelete" time="0,000" classname="cviceni.StringBuilderAndBufferTest"/>
  <testcase name="testBufferAppendDelete" time="0,000" classname="cviceni.StringBuilderAndBufferTest"/>
  <testcase name="testBuilderAppend" time="0,000" classname="cviceni.StringBuilderAndBufferTest"/>
  <testcase name="testBufferAppend" time="0,000" classname="cviceni.StringBuilderAndBufferTest"/>
  <testcase name="testBuilderAppend" time="0,000" classname="cviceni.StringBuilderAndBufferTest"/>
  <testcase name="testBuilderAppendDelete" time="0,000" classname="cviceni.StringBuilderAndBufferTest"/>
  <testcase name="testBufferAppendDelete" time="0,001" classname="cviceni.StringBuilderAndBufferTest"/>
  <testcase name="testBuilderAppendDelete" time="0,000" classname="cviceni.StringBuilderAndBufferTest"/>
  <testcase name="testBufferAppendDelete" time="0,000" classname="cviceni.StringBuilderAndBufferTest"/>
  <testcase name="testBuilderAppend" time="0,001" classname="cviceni.StringBuilderAndBufferTest"/>
  <testcase name="testBuilderAppendDelete" time="0,000" classname="cviceni.StringBuilderAndBufferTest"/>
  <testcase name="testBufferAppendDelete" time="0,001" classname="cviceni.StringBuilderAndBufferTest"/>
  <testcase name="testBufferAppend" time="0,001" classname="cviceni.StringBuilderAndBufferTest"/>
  <testcase name="testBufferAppend" time="0,000" classname="cviceni.StringBuilderAndBufferTest"/>
  <testcase name="testBufferAppendDelete" time="0,000" classname="cviceni.StringBuilderAndBufferTest"/>
  <testcase name="testBuilderAppendDelete" time="0,000" classname="cviceni.StringBuilderAndBufferTest"/>
  <testcase name="testBuilderAppendDelete" time="0,000" classname="cviceni.StringBuilderAndBufferTest"/>
  <testcase name="testBufferAppendDelete" time="0,000" classname="cviceni.StringBuilderAndBufferTest"/>
  <testcase name="testBuilderAppend" time="0,000" classname="cviceni.StringBuilderAndBufferTest"/>
  <testcase name="testBuilderAppend" time="0,000" classname="cviceni.StringBuilderAndBufferTest"/>
  <testcase name="testBuilderAppendDelete" time="0,000" classname="cviceni.StringBuilderAndBufferTest"/>
  <testcase name="testBufferAppendDelete" time="0,000" classname="cviceni.StringBuilderAndBufferTest"/>
  <testcase name="testBuilderAppend" time="0,000" classname="cviceni.StringBuilderAndBufferTest"/>
  <testcase name="testBufferAppend" time="0,001" classname="cviceni.StringBuilderAndBufferTest"/>
  <testcase name="testBuilderAppendDelete" time="0,000" classname="cviceni.StringBuilderAndBufferTest"/>
  <testcase name="testBufferAppendDelete" time="0,000" classname="cviceni.StringBuilderAndBufferTest"/>
  <testcase name="testBufferAppendDelete" time="0,001" classname="cviceni.StringBuilderAndBufferTest"/>
  <testcase name="testBuilderAppendDelete" time="0,000" classname="cviceni.StringBuilderAndBufferTest"/>
  <testcase name="testBufferAppend" time="0,001" classname="cviceni.StringBuilderAndBufferTest"/>
  <testcase name="testBuilderAppend" time="0,000" classname="cviceni.StringBuilderAndBufferTest"/>
  <testcase name="testBufferAppendDelete" time="0,000" classname="cviceni.StringBuilderAndBufferTest"/>
  <testcase name="testBufferAppendDelete" time="0,000" classname="cviceni.StringBuilderAndBufferTest"/>
  <testcase name="testBufferAppend" time="0,001" classname="cviceni.StringBuilderAndBufferTest"/>
  <testcase name="testBuilderAppendDelete" time="0,000" classname="cviceni.StringBuilderAndBufferTest"/>
  <testcase name="testBufferAppendDelete" time="0,000" classname="cviceni.StringBuilderAndBufferTest"/>
  <testcase name="testBufferAppendDelete" time="0,001" classname="cviceni.StringBuilderAndBufferTest"/>
  <testcase name="testBufferAppendDelete" time="0,000" classname="cviceni.StringBuilderAndBufferTest"/>
  <testcase name="testBuilderAppendDelete" time="0,001" classname="cviceni.StringBuilderAndBufferTest"/>
  <testcase name="testBuilderAppendDelete" time="0,000" classname="cviceni.StringBuilderAndBufferTest"/>
  <testcase name="testBufferAppend" time="0,000" classname="cviceni.StringBuilderAndBufferTest"/>
  <testcase name="testBuilderAppend" time="0,001" classname="cviceni.StringBuilderAndBufferTest"/>
  <testcase name="testBufferAppend" time="0,000" classname="cviceni.StringBuilderAndBufferTest"/>
  <testcase name="testBufferAppend" time="0,001" classname="cviceni.StringBuilderAndBufferTest"/>
  <testcase name="testBuilderAppendDelete" time="0,000" classname="cviceni.StringBuilderAndBufferTest"/>
  <testcase name="testBuilderAppend" time="0,000" classname="cviceni.StringBuilderAndBufferTest"/>
  <testcase name="testBuilderAppend" time="0,000" classname="cviceni.StringBuilderAndBufferTest"/>
  <testcase name="testBufferAppendDelete" time="0,001" classname="cviceni.StringBuilderAndBufferTest"/>
  <testcase name="testBufferAppend" time="0,000" classname="cviceni.StringBuilderAndBufferTest"/>
  <testcase name="testBufferAppend" time="0,000" classname="cviceni.StringBuilderAndBufferTest"/>
  <testcase name="testBufferAppend" time="0,000" classname="cviceni.StringBuilderAndBufferTest"/>
  <testcase name="testBuilderAppend" time="0,001" classname="cviceni.StringBuilderAndBufferTest"/>
  <testcase name="testBufferAppendDelete" time="0,000" classname="cviceni.StringBuilderAndBufferTest"/>
  <testcase name="testBufferAppend" time="0,001" classname="cviceni.StringBuilderAndBufferTest"/>
  <testcase name="testBufferAppendDelete" time="0,001" classname="cviceni.StringBuilderAndBufferTest"/>
  <testcase name="testBuilderAppend" time="0,001" classname="cviceni.StringBuilderAndBufferTest"/>
  <testcase name="testBufferAppendDelete" time="0,000" classname="cviceni.StringBuilderAndBufferTest"/>
  <testcase name="testBuilderAppend" time="0,000" classname="cviceni.StringBuilderAndBufferTest"/>
  <testcase name="testBuilderAppend" time="0,000" classname="cviceni.StringBuilderAndBufferTest"/>
  <testcase name="testBufferAppend" time="0,000" classname="cviceni.StringBuilderAndBufferTest"/>
  <testcase name="testBufferAppendDelete" time="0,000" classname="cviceni.StringBuilderAndBufferTest"/>
  <testcase name="testBufferAppendDelete" time="0,000" classname="cviceni.StringBuilderAndBufferTest"/>
  <testcase name="testBuilderAppend" time="0,000" classname="cviceni.StringBuilderAndBufferTest"/>
  <testcase name="testBuilderAppendDelete" time="0,000" classname="cviceni.StringBuilderAndBufferTest"/>
  <testcase name="testBufferAppendDelete" time="0,001" classname="cviceni.StringBuilderAndBufferTest"/>
  <testcase name="testBuilderAppendDelete" time="0,000" classname="cviceni.StringBuilderAndBufferTest"/>
  <testcase name="testBuilderAppendDelete" time="0,001" classname="cviceni.StringBuilderAndBufferTest"/>
  <testcase name="testBufferAppendDelete" time="0,000" classname="cviceni.StringBuilderAndBufferTest"/>
  <testcase name="testBuilderAppendDelete" time="0,000" classname="cviceni.StringBuilderAndBufferTest"/>
  <testcase name="testBufferAppend" time="0,004" classname="cviceni.StringBuilderAndBufferTest"/>
  <testcase name="testBufferAppendDelete" time="0,006" classname="cviceni.StringBuilderAndBufferTest"/>
  <testcase name="testBuilderAppend" time="0,000" classname="cviceni.StringBuilderAndBufferTest"/>
  <testcase name="testBufferAppend" time="0,001" classname="cviceni.StringBuilderAndBufferTest"/>
  <testcase name="testBufferAppend" time="0,001" classname="cviceni.StringBuilderAndBufferTest"/>
  <testcase name="testBufferAppend" time="0,000" classname="cviceni.StringBuilderAndBufferTest"/>
  <testcase name="testBuilderAppendDelete" time="0,000" classname="cviceni.StringBuilderAndBufferTest"/>
  <testcase name="testBuilderAppendDelete" time="0,000" classname="cviceni.StringBuilderAndBufferTest"/>
  <testcase name="testBuilderAppend" time="0,000" classname="cviceni.StringBuilderAndBufferTest"/>
  <testcase name="testBuilderAppendDelete" time="0,000" classname="cviceni.StringBuilderAndBufferTest"/>
  <testcase name="testBuilderAppend" time="0,001" classname="cviceni.StringBuilderAndBufferTest"/>
  <testcase name="testBuilderAppend" time="0,050" classname="cviceni.StringBuilderAndBufferTest"/>
  <testcase name="testBuilderAppendDelete" time="0,000" classname="cviceni.StringBuilderAndBufferTest"/>
  <testcase name="testBuilderAppendDelete" time="0,000" classname="cviceni.StringBuilderAndBufferTest"/>
  <testcase name="testBufferAppendDelete" time="0,000" classname="cviceni.StringBuilderAndBufferTest"/>
  <testcase name="testBuilderAppendDelete" time="0,000" classname="cviceni.StringBuilderAndBufferTest"/>
  <testcase name="testBufferAppend" time="0,000" classname="cviceni.StringBuilderAndBufferTest"/>
  <testcase name="testBuilderAppendDelete" time="0,001" classname="cviceni.StringBuilderAndBufferTest"/>
  <testcase name="testBuilderAppend" time="0,000" classname="cviceni.StringBuilderAndBufferTest"/>
  <testcase name="testBuilderAppend" time="0,000" classname="cviceni.StringBuilderAndBufferTest"/>
  <testcase name="testBuilderAppendDelete" time="0,001" classname="cviceni.StringBuilderAndBufferTest"/>
  <testcase name="testBufferAppendDelete" time="0,001" classname="cviceni.StringBuilderAndBufferTest"/>
  <testcase name="testBuilderAppend" time="0,001" classname="cviceni.StringBuilderAndBufferTest"/>
  <testcase name="testBufferAppendDelete" time="0,001" classname="cviceni.StringBuilderAndBufferTest"/>
  <testcase name="testBuilderAppend" time="0,000" classname="cviceni.StringBuilderAndBufferTest"/>
  <testcase name="testBufferAppendDelete" time="0,000" classname="cviceni.StringBuilderAndBufferTest"/>
  <testcase name="testBufferAppend" time="0,000" classname="cviceni.StringBuilderAndBufferTest"/>
  <testcase name="testBuilderAppendDelete" time="0,001" classname="cviceni.StringBuilderAndBufferTest"/>
  <testcase name="testBuilderAppend" time="0,000" classname="cviceni.StringBuilderAndBufferTest"/>
  <testcase name="testBuilderAppend" time="0,000" classname="cviceni.StringBuilderAndBufferTest"/>
  <testcase name="testBufferAppendDelete" time="0,001" classname="cviceni.StringBuilderAndBufferTest"/>
  <testcase name="testBuilderAppend" time="0,000" classname="cviceni.StringBuilderAndBufferTest"/>
  <testcase name="testBufferAppendDelete" time="0,000" classname="cviceni.StringBuilderAndBufferTest"/>
  <testcase name="testBuilderAppendDelete" time="0,000" classname="cviceni.StringBuilderAndBufferTest"/>
  <testcase name="testBufferAppendDelete" time="0,001" classname="cviceni.StringBuilderAndBufferTest"/>
  <testcase name="testBufferAppendDelete" time="0,000" classname="cviceni.StringBuilderAndBufferTest"/>
  <testcase name="testBuilderAppend" time="0,000" classname="cviceni.StringBuilderAndBufferTest"/>
  <testcase name="testBuilderAppendDelete" time="0,001" classname="cviceni.StringBuilderAndBufferTest"/>
  <testcase name="testBufferAppend" time="0,001" classname="cviceni.StringBuilderAndBufferTest"/>
  <testcase name="testBuilderAppendDelete" time="0,000" classname="cviceni.StringBuilderAndBufferTest"/>
  <testcase name="testBufferAppend" time="0,040" classname="cviceni.StringBuilderAndBufferTest"/>
  <testcase name="testBuilderAppend" time="0,000" classname="cviceni.StringBuilderAndBufferTest"/>
  <testcase name="testBufferAppend" time="0,000" classname="cviceni.StringBuilderAndBufferTest"/>
  <testcase name="testBuilderAppendDelete" time="0,017" classname="cviceni.StringBuilderAndBufferTest"/>
  <testcase name="testBuilderAppendDelete" time="0,000" classname="cviceni.StringBuilderAndBufferTest"/>
  <testcase name="testBuilderAppend" time="0,001" classname="cviceni.StringBuilderAndBufferTest"/>
  <testcase name="testBuilderAppendDelete" time="0,001" classname="cviceni.StringBuilderAndBufferTest"/>
  <testcase name="testBufferAppendDelete" time="0,000" classname="cviceni.StringBuilderAndBufferTest"/>
  <testcase name="testBuilderAppendDelete" time="0,001" classname="cviceni.StringBuilderAndBufferTest"/>
  <testcase name="testBufferAppendDelete" time="0,000" classname="cviceni.StringBuilderAndBufferTest"/>
  <testcase name="testBufferAppendDelete" time="0,000" classname="cviceni.StringBuilderAndBufferTest"/>
  <testcase name="testBuilderAppend" time="0,000" classname="cviceni.StringBuilderAndBufferTest"/>
  <testcase name="testBufferAppendDelete" time="0,001" classname="cviceni.StringBuilderAndBufferTest"/>
  <testcase name="testBuilderAppendDelete" time="0,000" classname="cviceni.StringBuilderAndBufferTest"/>
  <testcase name="testBuilderAppend" time="0,000" classname="cviceni.StringBuilderAndBufferTest"/>
  <testcase name="testBuilderAppend" time="0,000" classname="cviceni.StringBuilderAndBufferTest"/>
  <testcase name="testBufferAppendDelete" time="0,000" classname="cviceni.StringBuilderAndBufferTest"/>
  <testcase name="testBuilderAppend" time="0,000" classname="cviceni.StringBuilderAndBufferTest"/>
  <testcase name="testBufferAppend" time="0,001" classname="cviceni.StringBuilderAndBufferTest"/>
  <testcase name="testBuilderAppend" time="0,000" classname="cviceni.StringBuilderAndBufferTest"/>
  <testcase name="testBuilderAppend" time="0,001" classname="cviceni.StringBuilderAndBufferTest"/>
  <testcase name="testBuilderAppend" time="0,000" classname="cviceni.StringBuilderAndBufferTest"/>
  <testcase name="testBufferAppend" time="0,000" classname="cviceni.StringBuilderAndBufferTest"/>
  <testcase name="testBufferAppendDelete" time="0,000" classname="cviceni.StringBuilderAndBufferTest"/>
  <testcase name="testBuilderAppendDelete" time="0,000" classname="cviceni.StringBuilderAndBufferTest"/>
  <testcase name="testBuilderAppendDelete" time="0,000" classname="cviceni.StringBuilderAndBufferTest"/>
  <testcase name="testBufferAppend" time="0,000" classname="cviceni.StringBuilderAndBufferTest"/>
  <testcase name="testBuilderAppendDelete" time="0,000" classname="cviceni.StringBuilderAndBufferTest"/>
  <testcase name="testBuilderAppend" time="0,001" classname="cviceni.StringBuilderAndBufferTest"/>
  <testcase name="testBufferAppendDelete" time="0,000" classname="cviceni.StringBuilderAndBufferTest"/>
  <testcase name="testBuilderAppendDelete" time="0,001" classname="cviceni.StringBuilderAndBufferTest"/>
  <testcase name="testBufferAppendDelete" time="0,001" classname="cviceni.StringBuilderAndBufferTest"/>
  <testcase name="testBuilderAppendDelete" time="0,001" classname="cviceni.StringBuilderAndBufferTest"/>
  <testcase name="testBufferAppend" time="0,223" classname="cviceni.StringBuilderAndBufferTest"/>
  <testcase name="testBuilderAppendDelete" time="0,001" classname="cviceni.StringBuilderAndBufferTest"/>
  <testcase name="testBufferAppendDelete" time="0,000" classname="cviceni.StringBuilderAndBufferTest"/>
  <testcase name="testBufferAppendDelete" time="0,000" classname="cviceni.StringBuilderAndBufferTest"/>
  <testcase name="testBufferAppendDelete" time="0,008" classname="cviceni.StringBuilderAndBufferTest"/>
  <testcase name="testBufferAppend" time="0,000" classname="cviceni.StringBuilderAndBufferTest"/>
  <testcase name="testBufferAppendDelete" time="0,000" classname="cviceni.StringBuilderAndBufferTest"/>
  <testcase name="testBuilderAppendDelete" time="0,023" classname="cviceni.StringBuilderAndBufferTest"/>
  <testcase name="testBufferAppend" time="0,000" classname="cviceni.StringBuilderAndBufferTest"/>
  <testcase name="testBufferAppendDelete" time="0,001" classname="cviceni.StringBuilderAndBufferTest"/>
  <testcase name="testBufferAppend" time="0,000" classname="cviceni.StringBuilderAndBufferTest"/>
  <testcase name="testBufferAppend" time="0,000" classname="cviceni.StringBuilderAndBufferTest"/>
  <testcase name="testBufferAppendDelete" time="0,000" classname="cviceni.StringBuilderAndBufferTest"/>
  <testcase name="testBuilderAppendDelete" time="0,001" classname="cviceni.StringBuilderAndBufferTest"/>
  <testcase name="testBuilderAppend" time="0,000" classname="cviceni.StringBuilderAndBufferTest"/>
  <testcase name="testBufferAppend" time="0,000" classname="cviceni.StringBuilderAndBufferTest"/>
  <testcase name="testBuilderAppendDelete" time="0,000" classname="cviceni.StringBuilderAndBufferTest"/>
  <testcase name="testBufferAppendDelete" time="0,000" classname="cviceni.StringBuilderAndBufferTest"/>
  <testcase name="testBuilderAppendDelete" time="0,001" classname="cviceni.StringBuilderAndBufferTest"/>
  <testcase name="testBuilderAppend" time="0,000" classname="cviceni.StringBuilderAndBufferTest"/>
  <testcase name="testBufferAppendDelete" time="0,000" classname="cviceni.StringBuilderAndBufferTest"/>
  <testcase name="testBuilderAppendDelete" time="0,000" classname="cviceni.StringBuilderAndBufferTest"/>
  <testcase name="testBuilderAppend" time="0,000" classname="cviceni.StringBuilderAndBufferTest"/>
  <testcase name="testBufferAppend" time="0,000" classname="cviceni.StringBuilderAndBufferTest"/>
  <testcase name="testBuilderAppendDelete" time="0,001" classname="cviceni.StringBuilderAndBufferTest"/>
  <testcase name="testBufferAppendDelete" time="0,000" classname="cviceni.StringBuilderAndBufferTest"/>
  <testcase name="testBufferAppendDelete" time="0,000" classname="cviceni.StringBuilderAndBufferTest"/>
  <testcase name="testBuilderAppendDelete" time="0,000" classname="cviceni.StringBuilderAndBufferTest"/>
  <testcase name="testBufferAppend" time="0,000" classname="cviceni.StringBuilderAndBufferTest"/>
  <testcase name="testBuilderAppend" time="0,001" classname="cviceni.StringBuilderAndBufferTest"/>
  <testcase name="testBuilderAppendDelete" time="0,000" classname="cviceni.StringBuilderAndBufferTest"/>
  <testcase name="testBuilderAppend" time="0,000" classname="cviceni.StringBuilderAndBufferTest"/>
  <testcase name="testBufferAppendDelete" time="0,000" classname="cviceni.StringBuilderAndBufferTest"/>
  <testcase name="testBuilderAppend" time="0,000" classname="cviceni.StringBuilderAndBufferTest"/>
  <testcase name="testBufferAppend" time="0,000" classname="cviceni.StringBuilderAndBufferTest"/>
  <testcase name="testBuilderAppendDelete" time="0,000" classname="cviceni.StringBuilderAndBufferTest"/>
  <testcase name="testBuilderAppendDelete" time="0,000" classname="cviceni.StringBuilderAndBufferTest"/>
  <testcase name="testBufferAppendDelete" time="0,000" classname="cviceni.StringBuilderAndBufferTest"/>
  <testcase name="testBuilderAppend" time="0,000" classname="cviceni.StringBuilderAndBufferTest"/>
  <testcase name="testBuilderAppendDelete" time="0,000" classname="cviceni.StringBuilderAndBufferTest"/>
  <testcase name="testBuilderAppendDelete" time="0,000" classname="cviceni.StringBuilderAndBufferTest"/>
  <testcase name="testBufferAppend" time="0,000" classname="cviceni.StringBuilderAndBufferTest"/>
  <testcase name="testBuilderAppend" time="0,000" classname="cviceni.StringBuilderAndBufferTest"/>
  <testcase name="testBufferAppendDelete" time="0,000" classname="cviceni.StringBuilderAndBufferTest"/>
  <testcase name="testBufferAppend" time="0,000" classname="cviceni.StringBuilderAndBufferTest"/>
  <testcase name="testBufferAppend" time="0,000" classname="cviceni.StringBuilderAndBufferTest"/>
  <testcase name="testBufferAppend" time="0,000" classname="cviceni.StringBuilderAndBufferTest"/>
  <testcase name="testBuilderAppendDelete" time="0,000" classname="cviceni.StringBuilderAndBufferTest"/>
  <testcase name="testBufferAppend" time="0,001" classname="cviceni.StringBuilderAndBufferTest"/>
  <testcase name="testBuilderAppendDelete" time="0,001" classname="cviceni.StringBuilderAndBufferTest"/>
  <testcase name="testBuilderAppendDelete" time="0,001" classname="cviceni.StringBuilderAndBufferTest"/>
  <testcase name="testBuilderAppend" time="0,001" classname="cviceni.StringBuilderAndBufferTest"/>
  <testcase name="testBuilderAppend" time="0,000" classname="cviceni.StringBuilderAndBufferTest"/>
  <testcase name="testBuilderAppendDelete" time="0,000" classname="cviceni.StringBuilderAndBufferTest"/>
  <testcase name="testBuilderAppend" time="0,001" classname="cviceni.StringBuilderAndBufferTest"/>
  <testcase name="testBuilderAppend" time="0,000" classname="cviceni.StringBuilderAndBufferTest"/>
  <testcase name="testBuilderAppend" time="0,001" classname="cviceni.StringBuilderAndBufferTest"/>
  <testcase name="testBufferAppendDelete" time="0,000" classname="cviceni.StringBuilderAndBufferTest"/>
  <testcase name="testBuilderAppend" time="0,000" classname="cviceni.StringBuilderAndBufferTest"/>
  <testcase name="testBuilderAppend" time="0,000" classname="cviceni.StringBuilderAndBufferTest"/>
  <testcase name="testBuilderAppendDelete" time="0,000" classname="cviceni.StringBuilderAndBufferTest"/>
  <testcase name="testBuilderAppendDelete" time="0,000" classname="cviceni.StringBuilderAndBufferTest"/>
  <testcase name="testBuilderAppend" time="0,271" classname="cviceni.StringBuilderAndBufferTest"/>
  <testcase name="testBufferAppendDelete" time="0,000" classname="cviceni.StringBuilderAndBufferTest"/>
  <testcase name="testBuilderAppend" time="0,000" classname="cviceni.StringBuilderAndBufferTest"/>
  <testcase name="testBuilderAppend" time="0,000" classname="cviceni.StringBuilderAndBufferTest"/>
  <testcase name="testBuilderAppend" time="0,000" classname="cviceni.StringBuilderAndBufferTest"/>
  <testcase name="testBuilderAppend" time="0,000" classname="cviceni.StringBuilderAndBufferTest"/>
  <testcase name="testBuilderAppend" time="0,000" classname="cviceni.StringBuilderAndBufferTest"/>
  <testcase name="testBufferAppendDelete" time="0,000" classname="cviceni.StringBuilderAndBufferTest"/>
  <testcase name="testBufferAppendDelete" time="0,000" classname="cviceni.StringBuilderAndBufferTest"/>
  <testcase name="testBufferAppendDelete" time="0,000" classname="cviceni.StringBuilderAndBufferTest"/>
  <testcase name="testBuilderAppend" time="0,000" classname="cviceni.StringBuilderAndBufferTest"/>
  <testcase name="testBuilderAppendDelete" time="0,000" classname="cviceni.StringBuilderAndBufferTest"/>
  <testcase name="testBuilderAppend" time="0,000" classname="cviceni.StringBuilderAndBufferTest"/>
  <testcase name="testBufferAppendDelete" time="0,001" classname="cviceni.StringBuilderAndBufferTest"/>
  <testcase name="testBufferAppendDelete" time="0,000" classname="cviceni.StringBuilderAndBufferTest"/>
  <testcase name="testBuilderAppendDelete" time="0,000" classname="cviceni.StringBuilderAndBufferTest"/>
  <testcase name="testBufferAppend" time="0,001" classname="cviceni.StringBuilderAndBufferTest"/>
  <testcase name="testBufferAppend" time="0,000" classname="cviceni.StringBuilderAndBufferTest"/>
  <testcase name="testBuilderAppend" time="0,001" classname="cviceni.StringBuilderAndBufferTest"/>
  <testcase name="testBuilderAppendDelete" time="0,001" classname="cviceni.StringBuilderAndBufferTest"/>
  <testcase name="testBuilderAppendDelete" time="0,000" classname="cviceni.StringBuilderAndBufferTest"/>
  <testcase name="testBuilderAppendDelete" time="0,000" classname="cviceni.StringBuilderAndBufferTest"/>
  <testcase name="testBufferAppendDelete" time="0,000" classname="cviceni.StringBuilderAndBufferTest"/>
  <testcase name="testBufferAppend" time="0,001" classname="cviceni.StringBuilderAndBufferTest"/>
  <testcase name="testBufferAppend" time="0,000" classname="cviceni.StringBuilderAndBufferTest"/>
  <testcase name="testBufferAppendDelete" time="0,000" classname="cviceni.StringBuilderAndBufferTest"/>
  <testcase name="testBufferAppend" time="0,000" classname="cviceni.StringBuilderAndBufferTest"/>
  <testcase name="testBuilderAppend" time="0,000" classname="cviceni.StringBuilderAndBufferTest"/>
  <testcase name="testBufferAppendDelete" time="0,001" classname="cviceni.StringBuilderAndBufferTest"/>
  <testcase name="testBuilderAppend" time="0,000" classname="cviceni.StringBuilderAndBufferTest"/>
  <testcase name="testBufferAppend" time="0,000" classname="cviceni.StringBuilderAndBufferTest"/>
  <testcase name="testBufferAppendDelete" time="0,000" classname="cviceni.StringBuilderAndBufferTest"/>
  <testcase name="testBuilderAppend" time="0,001" classname="cviceni.StringBuilderAndBufferTest"/>
  <testcase name="testBufferAppend" time="0,000" classname="cviceni.StringBuilderAndBufferTest"/>
  <testcase name="testBufferAppendDelete" time="0,001" classname="cviceni.StringBuilderAndBufferTest"/>
  <testcase name="testBufferAppendDelete" time="0,000" classname="cviceni.StringBuilderAndBufferTest"/>
  <testcase name="testBufferAppend" time="0,001" classname="cviceni.StringBuilderAndBufferTest"/>
  <testcase name="testBufferAppendDelete" time="0,000" classname="cviceni.StringBuilderAndBufferTest"/>
  <testcase name="testBuilderAppend" time="0,000" classname="cviceni.StringBuilderAndBufferTest"/>
  <testcase name="testBufferAppendDelete" time="0,000" classname="cviceni.StringBuilderAndBufferTest"/>
  <testcase name="testBufferAppend" time="0,000" classname="cviceni.StringBuilderAndBufferTest"/>
  <testcase name="testBufferAppendDelete" time="0,002" classname="cviceni.StringBuilderAndBufferTest"/>
  <testcase name="testBuilderAppend" time="0,000" classname="cviceni.StringBuilderAndBufferTest"/>
  <testcase name="testBuilderAppend" time="0,001" classname="cviceni.StringBuilderAndBufferTest"/>
  <testcase name="testBuilderAppendDelete" time="0,000" classname="cviceni.StringBuilderAndBufferTest"/>
  <testcase name="testBufferAppendDelete" time="0,000" classname="cviceni.StringBuilderAndBufferTest"/>
  <testcase name="testBufferAppend" time="0,000" classname="cviceni.StringBuilderAndBufferTest"/>
  <testcase name="testBuilderAppend" time="0,000" classname="cviceni.StringBuilderAndBufferTest"/>
  <testcase name="testBuilderAppend" time="0,000" classname="cviceni.StringBuilderAndBufferTest"/>
  <testcase name="testBufferAppend" time="0,000" classname="cviceni.StringBuilderAndBufferTest"/>
  <testcase name="testBufferAppendDelete" time="0,000" classname="cviceni.StringBuilderAndBufferTest"/>
  <testcase name="testBuilderAppendDelete" time="0,000" classname="cviceni.StringBuilderAndBufferTest"/>
  <testcase name="testBuilderAppendDelete" time="0,000" classname="cviceni.StringBuilderAndBufferTest"/>
  <testcase name="testBuilderAppend" time="0,001" classname="cviceni.StringBuilderAndBufferTest"/>
  <testcase name="testBuilderAppendDelete" time="0,000" classname="cviceni.StringBuilderAndBufferTest"/>
  <testcase name="testBufferAppend" time="0,000" classname="cviceni.StringBuilderAndBufferTest"/>
  <testcase name="testBufferAppend" time="0,000" classname="cviceni.StringBuilderAndBufferTest"/>
  <testcase name="testBufferAppend" time="0,000" classname="cviceni.StringBuilderAndBufferTest"/>
  <testcase name="testBufferAppend" time="0,000" classname="cviceni.StringBuilderAndBufferTest"/>
  <testcase name="testBuilderAppend" time="0,000" classname="cviceni.StringBuilderAndBufferTest"/>
  <testcase name="testBufferAppendDelete" time="0,001" classname="cviceni.StringBuilderAndBufferTest"/>
  <testcase name="testBuilderAppend" time="0,000" classname="cviceni.StringBuilderAndBufferTest"/>
  <testcase name="testBuilderAppendDelete" time="0,001" classname="cviceni.StringBuilderAndBufferTest"/>
  <testcase name="testBuilderAppendDelete" time="0,000" classname="cviceni.StringBuilderAndBufferTest"/>
  <testcase name="testBuilderAppendDelete" time="0,000" classname="cviceni.StringBuilderAndBufferTest"/>
  <testcase name="testBuilderAppend" time="0,001" classname="cviceni.StringBuilderAndBufferTest"/>
  <testcase name="testBuilderAppend" time="0,001" classname="cviceni.StringBuilderAndBufferTest"/>
  <testcase name="testBufferAppendDelete" time="0,000" classname="cviceni.StringBuilderAndBufferTest"/>
  <testcase name="testBufferAppendDelete" time="0,001" classname="cviceni.StringBuilderAndBufferTest"/>
  <testcase name="testBuilderAppendDelete" time="0,000" classname="cviceni.StringBuilderAndBufferTest"/>
  <testcase name="testBuilderAppendDelete" time="0,001" classname="cviceni.StringBuilderAndBufferTest"/>
  <testcase name="testBufferAppend" time="0,000" classname="cviceni.StringBuilderAndBufferTest"/>
  <testcase name="testBufferAppend" time="0,001" classname="cviceni.StringBuilderAndBufferTest"/>
  <testcase name="testBuilderAppend" time="0,000" classname="cviceni.StringBuilderAndBufferTest"/>
  <testcase name="testBufferAppend" time="0,001" classname="cviceni.StringBuilderAndBufferTest"/>
  <testcase name="testBuilderAppendDelete" time="0,000" classname="cviceni.StringBuilderAndBufferTest"/>
  <testcase name="testBuilderAppendDelete" time="0,001" classname="cviceni.StringBuilderAndBufferTest"/>
  <testcase name="testBufferAppendDelete" time="0,000" classname="cviceni.StringBuilderAndBufferTest"/>
  <testcase name="testBuilderAppendDelete" time="0,000" classname="cviceni.StringBuilderAndBufferTest"/>
  <testcase name="testBuilderAppendDelete" time="0,001" classname="cviceni.StringBuilderAndBufferTest"/>
  <testcase name="testBuilderAppendDelete" time="0,000" classname="cviceni.StringBuilderAndBufferTest"/>
  <testcase name="testBuilderAppendDelete" time="0,000" classname="cviceni.StringBuilderAndBufferTest"/>
  <testcase name="testBufferAppend" time="0,001" classname="cviceni.StringBuilderAndBufferTest"/>
  <testcase name="testBuilderAppendDelete" time="0,001" classname="cviceni.StringBuilderAndBufferTest"/>
  <testcase name="testBuilderAppend" time="0,000" classname="cviceni.StringBuilderAndBufferTest"/>
  <testcase name="testBufferAppend" time="0,000" classname="cviceni.StringBuilderAndBufferTest"/>
  <testcase name="testBufferAppendDelete" time="0,000" classname="cviceni.StringBuilderAndBufferTest"/>
  <testcase name="testBufferAppend" time="0,001" classname="cviceni.StringBuilderAndBufferTest"/>
  <testcase name="testBuilderAppend" time="0,000" classname="cviceni.StringBuilderAndBufferTest"/>
  <testcase name="testBufferAppend" time="0,000" classname="cviceni.StringBuilderAndBufferTest"/>
  <testcase name="testBufferAppendDelete" time="0,000" classname="cviceni.StringBuilderAndBufferTest"/>
  <testcase name="testBufferAppend" time="0,000" classname="cviceni.StringBuilderAndBufferTest"/>
  <testcase name="testBufferAppendDelete" time="0,001" classname="cviceni.StringBuilderAndBufferTest"/>
  <testcase name="testBufferAppendDelete" time="0,000" classname="cviceni.StringBuilderAndBufferTest"/>
  <testcase name="testBufferAppend" time="0,000" classname="cviceni.StringBuilderAndBufferTest"/>
  <testcase name="testBuilderAppendDelete" time="0,001" classname="cviceni.StringBuilderAndBufferTest"/>
  <testcase name="testBuilderAppendDelete" time="0,000" classname="cviceni.StringBuilderAndBufferTest"/>
  <testcase name="testBufferAppendDelete" time="0,001" classname="cviceni.StringBuilderAndBufferTest"/>
  <testcase name="testBufferAppendDelete" time="0,000" classname="cviceni.StringBuilderAndBufferTest"/>
  <testcase name="testBuilderAppend" time="0,000" classname="cviceni.StringBuilderAndBufferTest"/>
  <testcase name="testBuilderAppendDelete" time="0,000" classname="cviceni.StringBuilderAndBufferTest"/>
  <testcase name="testBufferAppend" time="0,001" classname="cviceni.StringBuilderAndBufferTest"/>
  <testcase name="testBufferAppend" time="0,001" classname="cviceni.StringBuilderAndBufferTest"/>
  <testcase name="testBuilderAppendDelete" time="0,000" classname="cviceni.StringBuilderAndBufferTest"/>
  <testcase name="testBufferAppendDelete" time="0,000" classname="cviceni.StringBuilderAndBufferTest"/>
  <testcase name="testBuilderAppend" time="0,000" classname="cviceni.StringBuilderAndBufferTest"/>
  <testcase name="testBufferAppend" time="0,001" classname="cviceni.StringBuilderAndBufferTest"/>
  <testcase name="testBufferAppendDelete" time="0,000" classname="cviceni.StringBuilderAndBufferTest"/>
  <testcase name="testBufferAppend" time="0,001" classname="cviceni.StringBuilderAndBufferTest"/>
  <testcase name="testBuilderAppendDelete" time="0,003" classname="cviceni.StringBuilderAndBufferTest"/>
  <testcase name="testBuilderAppendDelete" time="0,000" classname="cviceni.StringBuilderAndBufferTest"/>
  <testcase name="testBuilderAppendDelete" time="0,000" classname="cviceni.StringBuilderAndBufferTest"/>
  <testcase name="testBuilderAppendDelete" time="0,000" classname="cviceni.StringBuilderAndBufferTest"/>
  <testcase name="testBufferAppendDelete" time="0,001" classname="cviceni.StringBuilderAndBufferTest"/>
  <testcase name="testBuilderAppend" time="0,000" classname="cviceni.StringBuilderAndBufferTest"/>
  <testcase name="testBufferAppendDelete" time="0,000" classname="cviceni.StringBuilderAndBufferTest"/>
  <testcase name="testBufferAppendDelete" time="0,001" classname="cviceni.StringBuilderAndBufferTest"/>
  <testcase name="testBuilderAppend" time="0,000" classname="cviceni.StringBuilderAndBufferTest"/>
  <testcase name="testBufferAppend" time="0,001" classname="cviceni.StringBuilderAndBufferTest"/>
  <testcase name="testBufferAppendDelete" time="0,000" classname="cviceni.StringBuilderAndBufferTest"/>
  <testcase name="testBufferAppend" time="0,001" classname="cviceni.StringBuilderAndBufferTest"/>
  <testcase name="testBuilderAppendDelete" time="0,000" classname="cviceni.StringBuilderAndBufferTest"/>
  <testcase name="testBuilderAppendDelete" time="0,000" classname="cviceni.StringBuilderAndBufferTest"/>
  <testcase name="testBufferAppend" time="0,000" classname="cviceni.StringBuilderAndBufferTest"/>
  <testcase name="testBuilderAppend" time="0,000" classname="cviceni.StringBuilderAndBufferTest"/>
  <testcase name="testBufferAppendDelete" time="0,000" classname="cviceni.StringBuilderAndBufferTest"/>
  <testcase name="testBuilderAppendDelete" time="0,000" classname="cviceni.StringBuilderAndBufferTest"/>
  <testcase name="testBuilderAppend" time="0,000" classname="cviceni.StringBuilderAndBufferTest"/>
  <testcase name="testBuilderAppendDelete" time="0,000" classname="cviceni.StringBuilderAndBufferTest"/>
  <testcase name="testBuilderAppend" time="0,000" classname="cviceni.StringBuilderAndBufferTest"/>
  <testcase name="testBuilderAppendDelete" time="0,001" classname="cviceni.StringBuilderAndBufferTest"/>
  <testcase name="testBuilderAppend" time="0,000" classname="cviceni.StringBuilderAndBufferTest"/>
  <testcase name="testBufferAppendDelete" time="0,000" classname="cviceni.StringBuilderAndBufferTest"/>
  <testcase name="testBufferAppend" time="0,001" classname="cviceni.StringBuilderAndBufferTest"/>
  <testcase name="testBuilderAppendDelete" time="0,000" classname="cviceni.StringBuilderAndBufferTest"/>
  <testcase name="testBuilderAppendDelete" time="0,000" classname="cviceni.StringBuilderAndBufferTest"/>
  <testcase name="testBufferAppendDelete" time="0,000" classname="cviceni.StringBuilderAndBufferTest"/>
  <testcase name="testBufferAppendDelete" time="0,000" classname="cviceni.StringBuilderAndBufferTest"/>
  <testcase name="testBuilderAppendDelete" time="0,000" classname="cviceni.StringBuilderAndBufferTest"/>
  <testcase name="testBuilderAppend" time="0,000" classname="cviceni.StringBuilderAndBufferTest"/>
  <testcase name="testBuilderAppendDelete" time="0,000" classname="cviceni.StringBuilderAndBufferTest"/>
  <testcase name="testBuilderAppend" time="0,000" classname="cviceni.StringBuilderAndBufferTest"/>
  <testcase name="testBuilderAppendDelete" time="0,000" classname="cviceni.StringBuilderAndBufferTest"/>
  <testcase name="testBuilderAppendDelete" time="0,000" classname="cviceni.StringBuilderAndBufferTest"/>
  <testcase name="testBuilderAppendDelete" time="0,001" classname="cviceni.StringBuilderAndBufferTest"/>
  <testcase name="testBuilderAppend" time="0,000" classname="cviceni.StringBuilderAndBufferTest"/>
  <testcase name="testBufferAppend" time="0,001" classname="cviceni.StringBuilderAndBufferTest"/>
  <testcase name="testBufferAppend" time="0,000" classname="cviceni.StringBuilderAndBufferTest"/>
  <testcase name="testBuilderAppendDelete" time="0,000" classname="cviceni.StringBuilderAndBufferTest"/>
  <testcase name="testBufferAppendDelete" time="0,001" classname="cviceni.StringBuilderAndBufferTest"/>
  <testcase name="testBufferAppendDelete" time="0,001" classname="cviceni.StringBuilderAndBufferTest"/>
  <testcase name="testBufferAppendDelete" time="0,000" classname="cviceni.StringBuilderAndBufferTest"/>
  <testcase name="testBuilderAppend" time="0,000" classname="cviceni.StringBuilderAndBufferTest"/>
  <testcase name="testBufferAppend" time="0,000" classname="cviceni.StringBuilderAndBufferTest"/>
  <testcase name="testBuilderAppend" time="0,000" classname="cviceni.StringBuilderAndBufferTest"/>
  <testcase name="testBufferAppendDelete" time="0,000" classname="cviceni.StringBuilderAndBufferTest"/>
  <testcase name="testBufferAppend" time="0,000" classname="cviceni.StringBuilderAndBufferTest"/>
  <testcase name="testBufferAppend" time="0,000" classname="cviceni.StringBuilderAndBufferTest"/>
  <testcase name="testBufferAppend" time="0,001" classname="cviceni.StringBuilderAndBufferTest"/>
  <testcase name="testBufferAppend" time="0,000" classname="cviceni.StringBuilderAndBufferTest"/>
  <testcase name="testBuilderAppend" time="0,000" classname="cviceni.StringBuilderAndBufferTest"/>
  <testcase name="testBufferAppendDelete" time="0,000" classname="cviceni.StringBuilderAndBufferTest"/>
  <testcase name="testBuilderAppend" time="0,000" classname="cviceni.StringBuilderAndBufferTest"/>
  <testcase name="testBufferAppendDelete" time="0,001" classname="cviceni.StringBuilderAndBufferTest"/>
  <testcase name="testBuilderAppend" time="0,000" classname="cviceni.StringBuilderAndBufferTest"/>
  <testcase name="testBuilderAppendDelete" time="0,000" classname="cviceni.StringBuilderAndBufferTest"/>
  <testcase name="testBuilderAppend" time="0,000" classname="cviceni.StringBuilderAndBufferTest"/>
  <testcase name="testBufferAppendDelete" time="0,000" classname="cviceni.StringBuilderAndBufferTest"/>
  <testcase name="testBuilderAppendDelete" time="0,000" classname="cviceni.StringBuilderAndBufferTest"/>
  <testcase name="testBufferAppendDelete" time="0,001" classname="cviceni.StringBuilderAndBufferTest"/>
  <testcase name="testBuilderAppendDelete" time="0,000" classname="cviceni.StringBuilderAndBufferTest"/>
  <testcase name="testBufferAppend" time="0,001" classname="cviceni.StringBuilderAndBufferTest"/>
  <testcase name="testBufferAppendDelete" time="0,000" classname="cviceni.StringBuilderAndBufferTest"/>
  <testcase name="testBufferAppend" time="0,001" classname="cviceni.StringBuilderAndBufferTest"/>
  <testcase name="testBufferAppendDelete" time="0,000" classname="cviceni.StringBuilderAndBufferTest"/>
  <testcase name="testBuilderAppend" time="0,001" classname="cviceni.StringBuilderAndBufferTest"/>
  <testcase name="testBuilderAppend" time="0,000" classname="cviceni.StringBuilderAndBufferTest"/>
  <testcase name="testBufferAppendDelete" time="0,000" classname="cviceni.StringBuilderAndBufferTest"/>
  <testcase name="testBufferAppend" time="0,000" classname="cviceni.StringBuilderAndBufferTest"/>
  <testcase name="testBufferAppendDelete" time="0,001" classname="cviceni.StringBuilderAndBufferTest"/>
  <testcase name="testBuilderAppend" time="0,000" classname="cviceni.StringBuilderAndBufferTest"/>
  <testcase name="testBuilderAppend" time="0,000" classname="cviceni.StringBuilderAndBufferTest"/>
  <testcase name="testBufferAppendDelete" time="0,000" classname="cviceni.StringBuilderAndBufferTest"/>
  <testcase name="testBuilderAppendDelete" time="0,000" classname="cviceni.StringBuilderAndBufferTest"/>
  <testcase name="testBuilderAppendDelete" time="0,000" classname="cviceni.StringBuilderAndBufferTest"/>
  <testcase name="testBufferAppend" time="0,000" classname="cviceni.StringBuilderAndBufferTest"/>
  <testcase name="testBuilderAppendDelete" time="0,000" classname="cviceni.StringBuilderAndBufferTest"/>
  <testcase name="testBufferAppendDelete" time="0,000" classname="cviceni.StringBuilderAndBufferTest"/>
  <testcase name="testBuilderAppendDelete" time="0,001" classname="cviceni.StringBuilderAndBufferTest"/>
  <testcase name="testBufferAppendDelete" time="0,000" classname="cviceni.StringBuilderAndBufferTest"/>
  <testcase name="testBuilderAppend" time="0,000" classname="cviceni.StringBuilderAndBufferTest"/>
  <testcase name="testBuilderAppendDelete" time="0,001" classname="cviceni.StringBuilderAndBufferTest"/>
  <testcase name="testBuilderAppend" time="0,000" classname="cviceni.StringBuilderAndBufferTest"/>
  <testcase name="testBufferAppendDelete" time="0,000" classname="cviceni.StringBuilderAndBufferTest"/>
  <testcase name="testBuilderAppend" time="0,001" classname="cviceni.StringBuilderAndBufferTest"/>
  <testcase name="testBuilderAppendDelete" time="0,000" classname="cviceni.StringBuilderAndBufferTest"/>
  <testcase name="testBufferAppendDelete" time="0,000" classname="cviceni.StringBuilderAndBufferTest"/>
  <testcase name="testBufferAppendDelete" time="0,000" classname="cviceni.StringBuilderAndBufferTest"/>
  <testcase name="testBuilderAppendDelete" time="0,000" classname="cviceni.StringBuilderAndBufferTest"/>
  <testcase name="testBufferAppendDelete" time="0,000" classname="cviceni.StringBuilderAndBufferTest"/>
  <testcase name="testBufferAppend" time="0,000" classname="cviceni.StringBuilderAndBufferTest"/>
  <testcase name="testBufferAppend" time="0,000" classname="cviceni.StringBuilderAndBufferTest"/>
  <testcase name="testBufferAppendDelete" time="0,000" classname="cviceni.StringBuilderAndBufferTest"/>
  <testcase name="testBuilderAppend" time="0,000" classname="cviceni.StringBuilderAndBufferTest"/>
  <testcase name="testBufferAppend" time="0,001" classname="cviceni.StringBuilderAndBufferTest"/>
  <testcase name="testBufferAppendDelete" time="0,000" classname="cviceni.StringBuilderAndBufferTest"/>
  <testcase name="testBuilderAppendDelete" time="0,000" classname="cviceni.StringBuilderAndBufferTest"/>
  <testcase name="testBufferAppend" time="0,001" classname="cviceni.StringBuilderAndBufferTest"/>
  <testcase name="testBufferAppend" time="0,025" classname="cviceni.StringBuilderAndBufferTest"/>
  <testcase name="testBufferAppend" time="0,000" classname="cviceni.StringBuilderAndBufferTest"/>
  <testcase name="testBufferAppend" time="0,000" classname="cviceni.StringBuilderAndBufferTest"/>
  <testcase name="testBuilderAppendDelete" time="0,001" classname="cviceni.StringBuilderAndBufferTest"/>
  <testcase name="testBuilderAppend" time="0,000" classname="cviceni.StringBuilderAndBufferTest"/>
  <testcase name="testBuilderAppendDelete" time="0,000" classname="cviceni.StringBuilderAndBufferTest"/>
  <testcase name="testBuilderAppend" time="0,001" classname="cviceni.StringBuilderAndBufferTest"/>
  <testcase name="testBuilderAppend" time="0,000" classname="cviceni.StringBuilderAndBufferTest"/>
  <testcase name="testBuilderAppendDelete" time="0,000" classname="cviceni.StringBuilderAndBufferTest"/>
  <testcase name="testBufferAppendDelete" time="0,000" classname="cviceni.StringBuilderAndBufferTest"/>
  <testcase name="testBuilderAppendDelete" time="0,000" classname="cviceni.StringBuilderAndBufferTest"/>
  <testcase name="testBufferAppend" time="0,000" classname="cviceni.StringBuilderAndBufferTest"/>
  <testcase name="testBuilderAppend" time="0,001" classname="cviceni.StringBuilderAndBufferTest"/>
  <testcase name="testBufferAppend" time="0,000" classname="cviceni.StringBuilderAndBufferTest"/>
  <testcase name="testBufferAppend" time="0,000" classname="cviceni.StringBuilderAndBufferTest"/>
  <testcase name="testBufferAppendDelete" time="0,000" classname="cviceni.StringBuilderAndBufferTest"/>
  <testcase name="testBufferAppend" time="0,000" classname="cviceni.StringBuilderAndBufferTest"/>
  <testcase name="testBufferAppendDelete" time="0,001" classname="cviceni.StringBuilderAndBufferTest"/>
  <testcase name="testBufferAppendDelete" time="0,001" classname="cviceni.StringBuilderAndBufferTest"/>
  <testcase name="testBufferAppendDelete" time="0,000" classname="cviceni.StringBuilderAndBufferTest"/>
  <testcase name="testBuilderAppendDelete" time="0,000" classname="cviceni.StringBuilderAndBufferTest"/>
  <testcase name="testBuilderAppendDelete" time="0,000" classname="cviceni.StringBuilderAndBufferTest"/>
  <testcase name="testBufferAppendDelete" time="0,001" classname="cviceni.StringBuilderAndBufferTest"/>
  <testcase name="testBuilderAppend" time="0,000" classname="cviceni.StringBuilderAndBufferTest"/>
  <testcase name="testBufferAppendDelete" time="0,000" classname="cviceni.StringBuilderAndBufferTest"/>
  <testcase name="testBuilderAppend" time="0,001" classname="cviceni.StringBuilderAndBufferTest"/>
  <testcase name="testBufferAppend" time="0,001" classname="cviceni.StringBuilderAndBufferTest"/>
  <testcase name="testBuilderAppendDelete" time="0,026" classname="cviceni.StringBuilderAndBufferTest"/>
  <testcase name="testBufferAppendDelete" time="0,000" classname="cviceni.StringBuilderAndBufferTest"/>
  <testcase name="testBuilderAppendDelete" time="0,000" classname="cviceni.StringBuilderAndBufferTest"/>
  <testcase name="testBuilderAppendDelete" time="0,000" classname="cviceni.StringBuilderAndBufferTest"/>
  <testcase name="testBufferAppendDelete" time="0,000" classname="cviceni.StringBuilderAndBufferTest"/>
  <testcase name="testBuilderAppend" time="0,000" classname="cviceni.StringBuilderAndBufferTest"/>
  <testcase name="testBuilderAppendDelete" time="0,000" classname="cviceni.StringBuilderAndBufferTest"/>
  <testcase name="testBufferAppend" time="0,000" classname="cviceni.StringBuilderAndBufferTest"/>
  <testcase name="testBufferAppend" time="0,000" classname="cviceni.StringBuilderAndBufferTest"/>
  <testcase name="testBufferAppend" time="0,000" classname="cviceni.StringBuilderAndBufferTest"/>
  <testcase name="testBuilderAppendDelete" time="0,000" classname="cviceni.StringBuilderAndBufferTest"/>
  <testcase name="testBufferAppendDelete" time="0,001" classname="cviceni.StringBuilderAndBufferTest"/>
  <testcase name="testBuilderAppend" time="0,000" classname="cviceni.StringBuilderAndBufferTest"/>
  <testcase name="testBuilderAppend" time="0,001" classname="cviceni.StringBuilderAndBufferTest"/>
  <testcase name="testBuilderAppendDelete" time="0,000" classname="cviceni.StringBuilderAndBufferTest"/>
  <testcase name="testBuilderAppend" time="0,001" classname="cviceni.StringBuilderAndBufferTest"/>
  <testcase name="testBuilderAppend" time="0,001" classname="cviceni.StringBuilderAndBufferTest"/>
  <testcase name="testBuilderAppend" time="0,001" classname="cviceni.StringBuilderAndBufferTest"/>
  <testcase name="testBuilderAppendDelete" time="0,000" classname="cviceni.StringBuilderAndBufferTest"/>
  <testcase name="testBuilderAppend" time="0,001" classname="cviceni.StringBuilderAndBufferTest"/>
  <testcase name="testBuilderAppendDelete" time="0,001" classname="cviceni.StringBuilderAndBufferTest"/>
  <testcase name="testBufferAppend" time="0,000" classname="cviceni.StringBuilderAndBufferTest"/>
  <testcase name="testBuilderAppendDelete" time="0,000" classname="cviceni.StringBuilderAndBufferTest"/>
  <testcase name="testBuilderAppend" time="0,000" classname="cviceni.StringBuilderAndBufferTest"/>
  <testcase name="testBufferAppend" time="0,000" classname="cviceni.StringBuilderAndBufferTest"/>
  <testcase name="testBuilderAppend" time="0,000" classname="cviceni.StringBuilderAndBufferTest"/>
  <testcase name="testBufferAppendDelete" time="0,001" classname="cviceni.StringBuilderAndBufferTest"/>
  <testcase name="testBuilderAppendDelete" time="0,132" classname="cviceni.StringBuilderAndBufferTest"/>
  <testcase name="testBufferAppendDelete" time="0,000" classname="cviceni.StringBuilderAndBufferTest"/>
  <testcase name="testBuilderAppend" time="0,001" classname="cviceni.StringBuilderAndBufferTest"/>
  <testcase name="testBuilderAppendDelete" time="0,000" classname="cviceni.StringBuilderAndBufferTest"/>
  <testcase name="testBufferAppendDelete" time="0,001" classname="cviceni.StringBuilderAndBufferTest"/>
  <testcase name="testBuilderAppendDelete" time="0,001" classname="cviceni.StringBuilderAndBufferTest"/>
  <testcase name="testBufferAppend" time="0,000" classname="cviceni.StringBuilderAndBufferTest"/>
  <testcase name="testBuilderAppendDelete" time="0,000" classname="cviceni.StringBuilderAndBufferTest"/>
  <testcase name="testBufferAppend" time="0,000" classname="cviceni.StringBuilderAndBufferTest"/>
  <testcase name="testBufferAppend" time="0,000" classname="cviceni.StringBuilderAndBufferTest"/>
  <testcase name="testBufferAppend" time="0,000" classname="cviceni.StringBuilderAndBufferTest"/>
  <testcase name="testBuilderAppend" time="0,000" classname="cviceni.StringBuilderAndBufferTest"/>
  <testcase name="testBuilderAppendDelete" time="0,001" classname="cviceni.StringBuilderAndBufferTest"/>
  <testcase name="testBuilderAppend" time="0,000" classname="cviceni.StringBuilderAndBufferTest"/>
  <testcase name="testBufferAppend" time="0,000" classname="cviceni.StringBuilderAndBufferTest"/>
  <testcase name="testBuilderAppend" time="0,000" classname="cviceni.StringBuilderAndBufferTest"/>
  <testcase name="testBuilderAppend" time="0,000" classname="cviceni.StringBuilderAndBufferTest"/>
  <testcase name="testBufferAppendDelete" time="0,000" classname="cviceni.StringBuilderAndBufferTest"/>
  <testcase name="testBuilderAppendDelete" time="0,000" classname="cviceni.StringBuilderAndBufferTest"/>
  <testcase name="testBufferAppend" time="0,000" classname="cviceni.StringBuilderAndBufferTest"/>
  <testcase name="testBuilderAppend" time="0,000" classname="cviceni.StringBuilderAndBufferTest"/>
  <testcase name="testBuilderAppend" time="0,000" classname="cviceni.StringBuilderAndBufferTest"/>
  <testcase name="testBufferAppendDelete" time="0,000" classname="cviceni.StringBuilderAndBufferTest"/>
  <testcase name="testBuilderAppend" time="0,000" classname="cviceni.StringBuilderAndBufferTest"/>
  <testcase name="testBuilderAppend" time="0,000" classname="cviceni.StringBuilderAndBufferTest"/>
  <testcase name="testBufferAppend" time="0,000" classname="cviceni.StringBuilderAndBufferTest"/>
  <testcase name="testBufferAppend" time="0,000" classname="cviceni.StringBuilderAndBufferTest"/>
  <testcase name="testBuilderAppend" time="0,000" classname="cviceni.StringBuilderAndBufferTest"/>
  <testcase name="testBuilderAppend" time="0,000" classname="cviceni.StringBuilderAndBufferTest"/>
  <testcase name="testBufferAppendDelete" time="0,000" classname="cviceni.StringBuilderAndBufferTest"/>
  <testcase name="testBufferAppendDelete" time="0,000" classname="cviceni.StringBuilderAndBufferTest"/>
  <testcase name="testBuilderAppendDelete" time="0,000" classname="cviceni.StringBuilderAndBufferTest"/>
  <testcase name="testBuilderAppend" time="0,001" classname="cviceni.StringBuilderAndBufferTest"/>
  <testcase name="testBufferAppend" time="0,000" classname="cviceni.StringBuilderAndBufferTest"/>
  <testcase name="testBuilderAppendDelete" time="0,001" classname="cviceni.StringBuilderAndBufferTest"/>
  <testcase name="testBuilderAppend" time="0,000" classname="cviceni.StringBuilderAndBufferTest"/>
  <testcase name="testBuilderAppendDelete" time="0,000" classname="cviceni.StringBuilderAndBufferTest"/>
  <testcase name="testBuilderAppendDelete" time="0,000" classname="cviceni.StringBuilderAndBufferTest"/>
  <testcase name="testBuilderAppend" time="0,000" classname="cviceni.StringBuilderAndBufferTest"/>
  <testcase name="testBufferAppend" time="0,001" classname="cviceni.StringBuilderAndBufferTest"/>
  <testcase name="testBuilderAppendDelete" time="0,000" classname="cviceni.StringBuilderAndBufferTest"/>
  <testcase name="testBufferAppend" time="0,000" classname="cviceni.StringBuilderAndBufferTest"/>
  <testcase name="testBufferAppend" time="0,000" classname="cviceni.StringBuilderAndBufferTest"/>
  <testcase name="testBuilderAppendDelete" time="0,000" classname="cviceni.StringBuilderAndBufferTest"/>
  <testcase name="testBuilderAppendDelete" time="0,000" classname="cviceni.StringBuilderAndBufferTest"/>
  <testcase name="testBufferAppend" time="0,001" classname="cviceni.StringBuilderAndBufferTest"/>
  <testcase name="testBuilderAppendDelete" time="0,000" classname="cviceni.StringBuilderAndBufferTest"/>
  <testcase name="testBufferAppendDelete" time="0,000" classname="cviceni.StringBuilderAndBufferTest"/>
  <testcase name="testBuilderAppendDelete" time="0,000" classname="cviceni.StringBuilderAndBufferTest"/>
  <testcase name="testBuilderAppendDelete" time="0,000" classname="cviceni.StringBuilderAndBufferTest"/>
  <testcase name="testBuilderAppend" time="0,001" classname="cviceni.StringBuilderAndBufferTest"/>
  <testcase name="testBuilderAppend" time="0,000" classname="cviceni.StringBuilderAndBufferTest"/>
  <testcase name="testBuilderAppendDelete" time="0,000" classname="cviceni.StringBuilderAndBufferTest"/>
  <testcase name="testBuilderAppend" time="0,000" classname="cviceni.StringBuilderAndBufferTest"/>
  <testcase name="testBuilderAppend" time="0,001" classname="cviceni.StringBuilderAndBufferTest"/>
  <testcase name="testBuilderAppendDelete" time="0,000" classname="cviceni.StringBuilderAndBufferTest"/>
  <testcase name="testBuilderAppend" time="0,000" classname="cviceni.StringBuilderAndBufferTest"/>
  <testcase name="testBuilderAppend" time="0,000" classname="cviceni.StringBuilderAndBufferTest"/>
  <testcase name="testBuilderAppend" time="0,000" classname="cviceni.StringBuilderAndBufferTest"/>
  <testcase name="testBuilderAppend" time="0,000" classname="cviceni.StringBuilderAndBufferTest"/>
  <testcase name="testBuilderAppend" time="0,000" classname="cviceni.StringBuilderAndBufferTest"/>
  <testcase name="testBufferAppendDelete" time="0,001" classname="cviceni.StringBuilderAndBufferTest"/>
  <testcase name="testBuilderAppendDelete" time="0,000" classname="cviceni.StringBuilderAndBufferTest"/>
  <testcase name="testBuilderAppendDelete" time="0,000" classname="cviceni.StringBuilderAndBufferTest"/>
  <testcase name="testBuilderAppend" time="0,000" classname="cviceni.StringBuilderAndBufferTest"/>
  <testcase name="testBuilderAppendDelete" time="0,000" classname="cviceni.StringBuilderAndBufferTest"/>
  <testcase name="testBufferAppend" time="0,000" classname="cviceni.StringBuilderAndBufferTest"/>
  <testcase name="testBuilderAppendDelete" time="0,000" classname="cviceni.StringBuilderAndBufferTest"/>
  <testcase name="testBufferAppendDelete" time="0,000" classname="cviceni.StringBuilderAndBufferTest"/>
  <testcase name="testBufferAppendDelete" time="0,001" classname="cviceni.StringBuilderAndBufferTest"/>
  <testcase name="testBufferAppend" time="0,000" classname="cviceni.StringBuilderAndBufferTest"/>
  <testcase name="testBuilderAppendDelete" time="0,000" classname="cviceni.StringBuilderAndBufferTest"/>
  <testcase name="testBufferAppendDelete" time="0,000" classname="cviceni.StringBuilderAndBufferTest"/>
  <testcase name="testBuilderAppend" time="0,000" classname="cviceni.StringBuilderAndBufferTest"/>
  <testcase name="testBuilderAppendDelete" time="0,000" classname="cviceni.StringBuilderAndBufferTest"/>
  <testcase name="testBuilderAppend" time="0,000" classname="cviceni.StringBuilderAndBufferTest"/>
  <testcase name="testBuilderAppendDelete" time="0,000" classname="cviceni.StringBuilderAndBufferTest"/>
  <testcase name="testBufferAppend" time="0,000" classname="cviceni.StringBuilderAndBufferTest"/>
  <testcase name="testBuilderAppendDelete" time="0,000" classname="cviceni.StringBuilderAndBufferTest"/>
  <testcase name="testBufferAppendDelete" time="0,001" classname="cviceni.StringBuilderAndBufferTest"/>
  <testcase name="testBuilderAppendDelete" time="0,000" classname="cviceni.StringBuilderAndBufferTest"/>
  <testcase name="testBufferAppendDelete" time="0,000" classname="cviceni.StringBuilderAndBufferTest"/>
  <testcase name="testBuilderAppendDelete" time="0,001" classname="cviceni.StringBuilderAndBufferTest"/>
  <testcase name="testBuilderAppend" time="0,000" classname="cviceni.StringBuilderAndBufferTest"/>
  <testcase name="testBufferAppendDelete" time="0,000" classname="cviceni.StringBuilderAndBufferTest"/>
  <testcase name="testBufferAppend" time="0,000" classname="cviceni.StringBuilderAndBufferTest"/>
  <testcase name="testBufferAppendDelete" time="0,000" classname="cviceni.StringBuilderAndBufferTest"/>
  <testcase name="testBuilderAppendDelete" time="0,000" classname="cviceni.StringBuilderAndBufferTest"/>
  <testcase name="testBufferAppendDelete" time="0,000" classname="cviceni.StringBuilderAndBufferTest"/>
  <testcase name="testBuilderAppend" time="0,000" classname="cviceni.StringBuilderAndBufferTest"/>
  <testcase name="testBuilderAppendDelete" time="0,000" classname="cviceni.StringBuilderAndBufferTest"/>
  <testcase name="testBufferAppend" time="0,000" classname="cviceni.StringBuilderAndBufferTest"/>
  <testcase name="testBufferAppend" time="0,000" classname="cviceni.StringBuilderAndBufferTest"/>
  <testcase name="testBufferAppend" time="0,000" classname="cviceni.StringBuilderAndBufferTest"/>
  <testcase name="testBuilderAppend" time="0,000" classname="cviceni.StringBuilderAndBufferTest"/>
  <testcase name="testBufferAppendDelete" time="0,001" classname="cviceni.StringBuilderAndBufferTest"/>
  <testcase name="testBuilderAppend" time="0,000" classname="cviceni.StringBuilderAndBufferTest"/>
  <testcase name="testBufferAppend" time="0,000" classname="cviceni.StringBuilderAndBufferTest"/>
  <testcase name="testBuilderAppend" time="0,000" classname="cviceni.StringBuilderAndBufferTest"/>
  <testcase name="testBuilderAppend" time="0,001" classname="cviceni.StringBuilderAndBufferTest"/>
  <testcase name="testBuilderAppend" time="0,000" classname="cviceni.StringBuilderAndBufferTest"/>
  <testcase name="testBufferAppendDelete" time="0,000" classname="cviceni.StringBuilderAndBufferTest"/>
  <testcase name="testBufferAppend" time="0,000" classname="cviceni.StringBuilderAndBufferTest"/>
  <testcase name="testBuilderAppend" time="0,001" classname="cviceni.StringBuilderAndBufferTest"/>
  <testcase name="testBuilderAppendDelete" time="0,000" classname="cviceni.StringBuilderAndBufferTest"/>
  <testcase name="testBufferAppendDelete" time="0,000" classname="cviceni.StringBuilderAndBufferTest"/>
  <testcase name="testBuilderAppendDelete" time="0,000" classname="cviceni.StringBuilderAndBufferTest"/>
  <testcase name="testBufferAppendDelete" time="0,000" classname="cviceni.StringBuilderAndBufferTest"/>
  <testcase name="testBufferAppendDelete" time="0,000" classname="cviceni.StringBuilderAndBufferTest"/>
  <testcase name="testBufferAppendDelete" time="0,001" classname="cviceni.StringBuilderAndBufferTest"/>
  <testcase name="testBufferAppendDelete" time="0,000" classname="cviceni.StringBuilderAndBufferTest"/>
  <testcase name="testBufferAppendDelete" time="0,000" classname="cviceni.StringBuilderAndBufferTest"/>
  <testcase name="testBuilderAppendDelete" time="0,000" classname="cviceni.StringBuilderAndBufferTest"/>
  <testcase name="testBufferAppendDelete" time="0,000" classname="cviceni.StringBuilderAndBufferTest"/>
  <testcase name="testBufferAppend" time="0,001" classname="cviceni.StringBuilderAndBufferTest"/>
  <testcase name="testBuilderAppend" time="0,000" classname="cviceni.StringBuilderAndBufferTest"/>
  <testcase name="testBuilderAppendDelete" time="0,000" classname="cviceni.StringBuilderAndBufferTest"/>
  <testcase name="testBufferAppend" time="0,000" classname="cviceni.StringBuilderAndBufferTest"/>
  <testcase name="testBufferAppend" time="0,001" classname="cviceni.StringBuilderAndBufferTest"/>
  <testcase name="testBufferAppendDelete" time="0,000" classname="cviceni.StringBuilderAndBufferTest"/>
  <testcase name="testBufferAppend" time="0,000" classname="cviceni.StringBuilderAndBufferTest"/>
  <testcase name="testBuilderAppend" time="0,000" classname="cviceni.StringBuilderAndBufferTest"/>
  <testcase name="testBufferAppendDelete" time="0,000" classname="cviceni.StringBuilderAndBufferTest"/>
  <testcase name="testBuilderAppend" time="0,000" classname="cviceni.StringBuilderAndBufferTest"/>
  <testcase name="testBufferAppend" time="0,000" classname="cviceni.StringBuilderAndBufferTest"/>
  <testcase name="testBuilderAppend" time="0,000" classname="cviceni.StringBuilderAndBufferTest"/>
  <testcase name="testBuilderAppendDelete" time="0,000" classname="cviceni.StringBuilderAndBufferTest"/>
  <testcase name="testBufferAppend" time="0,000" classname="cviceni.StringBuilderAndBufferTest"/>
  <testcase name="testBufferAppend" time="0,000" classname="cviceni.StringBuilderAndBufferTest"/>
  <testcase name="testBuilderAppendDelete" time="0,000" classname="cviceni.StringBuilderAndBufferTest"/>
  <testcase name="testBufferAppend" time="0,000" classname="cviceni.StringBuilderAndBufferTest"/>
  <testcase name="testBuilderAppendDelete" time="0,000" classname="cviceni.StringBuilderAndBufferTest"/>
  <testcase name="testBuilderAppend" time="0,000" classname="cviceni.StringBuilderAndBufferTest"/>
  <testcase name="testBufferAppendDelete" time="0,001" classname="cviceni.StringBuilderAndBufferTest"/>
  <testcase name="testBuilderAppend" time="0,000" classname="cviceni.StringBuilderAndBufferTest"/>
  <testcase name="testBufferAppendDelete" time="0,000" classname="cviceni.StringBuilderAndBufferTest"/>
  <testcase name="testBufferAppendDelete" time="0,000" classname="cviceni.StringBuilderAndBufferTest"/>
  <testcase name="testBuilderAppend" time="0,001" classname="cviceni.StringBuilderAndBufferTest"/>
  <testcase name="testBufferAppend" time="0,001" classname="cviceni.StringBuilderAndBufferTest"/>
  <testcase name="testBufferAppend" time="0,000" classname="cviceni.StringBuilderAndBufferTest"/>
  <testcase name="testBufferAppend" time="0,000" classname="cviceni.StringBuilderAndBufferTest"/>
  <testcase name="testBufferAppendDelete" time="0,000" classname="cviceni.StringBuilderAndBufferTest"/>
  <testcase name="testBufferAppend" time="0,000" classname="cviceni.StringBuilderAndBufferTest"/>
  <testcase name="testBuilderAppend" time="0,000" classname="cviceni.StringBuilderAndBufferTest"/>
  <testcase name="testBuilderAppend" time="0,000" classname="cviceni.StringBuilderAndBufferTest"/>
  <testcase name="testBufferAppendDelete" time="0,000" classname="cviceni.StringBuilderAndBufferTest"/>
  <testcase name="testBufferAppendDelete" time="0,000" classname="cviceni.StringBuilderAndBufferTest"/>
  <testcase name="testBufferAppend" time="0,000" classname="cviceni.StringBuilderAndBufferTest"/>
  <testcase name="testBufferAppendDelete" time="0,000" classname="cviceni.StringBuilderAndBufferTest"/>
  <testcase name="testBufferAppendDelete" time="0,000" classname="cviceni.StringBuilderAndBufferTest"/>
  <testcase name="testBufferAppendDelete" time="0,000" classname="cviceni.StringBuilderAndBufferTest"/>
  <testcase name="testBufferAppend" time="0,000" classname="cviceni.StringBuilderAndBufferTest"/>
  <testcase name="testBufferAppendDelete" time="0,000" classname="cviceni.StringBuilderAndBufferTest"/>
  <testcase name="testBuilderAppend" time="0,001" classname="cviceni.StringBuilderAndBufferTest"/>
  <testcase name="testBufferAppend" time="0,000" classname="cviceni.StringBuilderAndBufferTest"/>
  <testcase name="testBufferAppend" time="0,000" classname="cviceni.StringBuilderAndBufferTest"/>
  <testcase name="testBufferAppendDelete" time="0,000" classname="cviceni.StringBuilderAndBufferTest"/>
  <testcase name="testBuilderAppendDelete" time="0,000" classname="cviceni.StringBuilderAndBufferTest"/>
  <testcase name="testBufferAppend" time="0,000" classname="cviceni.StringBuilderAndBufferTest"/>
  <testcase name="testBufferAppendDelete" time="0,000" classname="cviceni.StringBuilderAndBufferTest"/>
  <testcase name="testBufferAppendDelete" time="0,000" classname="cviceni.StringBuilderAndBufferTest"/>
  <testcase name="testBufferAppendDelete" time="0,001" classname="cviceni.StringBuilderAndBufferTest"/>
  <testcase name="testBufferAppendDelete" time="0,000" classname="cviceni.StringBuilderAndBufferTest"/>
  <testcase name="testBuilderAppend" time="0,000" classname="cviceni.StringBuilderAndBufferTest"/>
  <testcase name="testBufferAppendDelete" time="0,000" classname="cviceni.StringBuilderAndBufferTest"/>
  <testcase name="testBuilderAppend" time="0,001" classname="cviceni.StringBuilderAndBufferTest"/>
  <testcase name="testBufferAppendDelete" time="0,000" classname="cviceni.StringBuilderAndBufferTest"/>
  <testcase name="testBufferAppend" time="0,001" classname="cviceni.StringBuilderAndBufferTest"/>
  <testcase name="testBufferAppend" time="0,000" classname="cviceni.StringBuilderAndBufferTest"/>
  <testcase name="testBufferAppend" time="0,000" classname="cviceni.StringBuilderAndBufferTest"/>
  <testcase name="testBuilderAppendDelete" time="0,001" classname="cviceni.StringBuilderAndBufferTest"/>
  <testcase name="testBuilderAppendDelete" time="0,000" classname="cviceni.StringBuilderAndBufferTest"/>
  <testcase name="testBuilderAppend" time="0,000" classname="cviceni.StringBuilderAndBufferTest"/>
  <testcase name="testBufferAppendDelete" time="0,000" classname="cviceni.StringBuilderAndBufferTest"/>
  <testcase name="testBuilderAppend" time="0,000" classname="cviceni.StringBuilderAndBufferTest"/>
  <testcase name="testBuilderAppendDelete" time="0,000" classname="cviceni.StringBuilderAndBufferTest"/>
  <testcase name="testBufferAppendDelete" time="0,000" classname="cviceni.StringBuilderAndBufferTest"/>
  <testcase name="testBufferAppendDelete" time="0,000" classname="cviceni.StringBuilderAndBufferTest"/>
  <testcase name="testBufferAppendDelete" time="0,001" classname="cviceni.StringBuilderAndBufferTest"/>
  <testcase name="testBuilderAppendDelete" time="0,000" classname="cviceni.StringBuilderAndBufferTest"/>
  <testcase name="testBufferAppend" time="0,000" classname="cviceni.StringBuilderAndBufferTest"/>
  <testcase name="testBufferAppendDelete" time="0,000" classname="cviceni.StringBuilderAndBufferTest"/>
  <testcase name="testBufferAppendDelete" time="0,001" classname="cviceni.StringBuilderAndBufferTest"/>
  <testcase name="testBufferAppend" time="0,000" classname="cviceni.StringBuilderAndBufferTest"/>
  <testcase name="testBuilderAppend" time="0,000" classname="cviceni.StringBuilderAndBufferTest"/>
  <testcase name="testBuilderAppendDelete" time="0,000" classname="cviceni.StringBuilderAndBufferTest"/>
  <testcase name="testBufferAppendDelete" time="0,000" classname="cviceni.StringBuilderAndBufferTest"/>
  <testcase name="testBuilderAppend" time="0,001" classname="cviceni.StringBuilderAndBufferTest"/>
  <testcase name="testBufferAppend" time="0,000" classname="cviceni.StringBuilderAndBufferTest"/>
  <testcase name="testBufferAppendDelete" time="0,001" classname="cviceni.StringBuilderAndBufferTest"/>
  <testcase name="testBuilderAppend" time="0,000" classname="cviceni.StringBuilderAndBufferTest"/>
  <testcase name="testBuilderAppend" time="0,000" classname="cviceni.StringBuilderAndBufferTest"/>
  <testcase name="testBufferAppend" time="0,001" classname="cviceni.StringBuilderAndBufferTest"/>
  <testcase name="testBufferAppend" time="0,000" classname="cviceni.StringBuilderAndBufferTest"/>
  <testcase name="testBuilderAppend" time="0,001" classname="cviceni.StringBuilderAndBufferTest"/>
  <testcase name="testBufferAppendDelete" time="0,001" classname="cviceni.StringBuilderAndBufferTest"/>
  <testcase name="testBufferAppend" time="0,000" classname="cviceni.StringBuilderAndBufferTest"/>
  <testcase name="testBufferAppendDelete" time="0,001" classname="cviceni.StringBuilderAndBufferTest"/>
  <testcase name="testBufferAppend" time="0,000" classname="cviceni.StringBuilderAndBufferTest"/>
  <testcase name="testBufferAppend" time="0,001" classname="cviceni.StringBuilderAndBufferTest"/>
  <testcase name="testBufferAppendDelete" time="0,000" classname="cviceni.StringBuilderAndBufferTest"/>
  <testcase name="testBuilderAppend" time="0,000" classname="cviceni.StringBuilderAndBufferTest"/>
  <testcase name="testBuilderAppendDelete" time="0,000" classname="cviceni.StringBuilderAndBufferTest"/>
  <testcase name="testBuilderAppend" time="0,000" classname="cviceni.StringBuilderAndBufferTest"/>
  <testcase name="testBuilderAppend" time="0,000" classname="cviceni.StringBuilderAndBufferTest"/>
  <testcase name="testBufferAppend" time="0,001" classname="cviceni.StringBuilderAndBufferTest"/>
  <testcase name="testBufferAppend" time="0,000" classname="cviceni.StringBuilderAndBufferTest"/>
  <testcase name="testBufferAppendDelete" time="0,000" classname="cviceni.StringBuilderAndBufferTest"/>
  <testcase name="testBuilderAppend" time="0,001" classname="cviceni.StringBuilderAndBufferTest"/>
  <testcase name="testBufferAppend" time="0,000" classname="cviceni.StringBuilderAndBufferTest"/>
  <testcase name="testBuilderAppend" time="0,001" classname="cviceni.StringBuilderAndBufferTest"/>
  <testcase name="testBufferAppendDelete" time="0,000" classname="cviceni.StringBuilderAndBufferTest"/>
  <testcase name="testBuilderAppendDelete" time="0,000" classname="cviceni.StringBuilderAndBufferTest"/>
  <testcase name="testBufferAppend" time="0,000" classname="cviceni.StringBuilderAndBufferTest"/>
  <testcase name="testBufferAppend" time="0,000" classname="cviceni.StringBuilderAndBufferTest"/>
  <testcase name="testBufferAppendDelete" time="0,001" classname="cviceni.StringBuilderAndBufferTest"/>
  <testcase name="testBufferAppendDelete" time="0,001" classname="cviceni.StringBuilderAndBufferTest"/>
  <testcase name="testBufferAppendDelete" time="0,000" classname="cviceni.StringBuilderAndBufferTest"/>
  <testcase name="testBufferAppendDelete" time="0,000" classname="cviceni.StringBuilderAndBufferTest"/>
  <testcase name="testBufferAppendDelete" time="0,001" classname="cviceni.StringBuilderAndBufferTest"/>
  <testcase name="testBufferAppendDelete" time="0,000" classname="cviceni.StringBuilderAndBufferTest"/>
  <testcase name="testBufferAppend" time="0,000" classname="cviceni.StringBuilderAndBufferTest"/>
  <testcase name="testBufferAppend" time="0,001" classname="cviceni.StringBuilderAndBufferTest"/>
  <testcase name="testBufferAppend" time="0,000" classname="cviceni.StringBuilderAndBufferTest"/>
  <testcase name="testBuilderAppendDelete" time="0,001" classname="cviceni.StringBuilderAndBufferTest"/>
  <testcase name="testBuilderAppendDelete" time="0,000" classname="cviceni.StringBuilderAndBufferTest"/>
  <testcase name="testBufferAppend" time="0,000" classname="cviceni.StringBuilderAndBufferTest"/>
  <testcase name="testBuilderAppendDelete" time="0,000" classname="cviceni.StringBuilderAndBufferTest"/>
  <testcase name="testBuilderAppendDelete" time="0,001" classname="cviceni.StringBuilderAndBufferTest"/>
  <testcase name="testBufferAppendDelete" time="0,000" classname="cviceni.StringBuilderAndBufferTest"/>
  <testcase name="testBuilderAppend" time="0,001" classname="cviceni.StringBuilderAndBufferTest"/>
  <testcase name="testBufferAppendDelete" time="0,001" classname="cviceni.StringBuilderAndBufferTest"/>
  <testcase name="testBufferAppendDelete" time="0,000" classname="cviceni.StringBuilderAndBufferTest"/>
  <testcase name="testBuilderAppendDelete" time="0,000" classname="cviceni.StringBuilderAndBufferTest"/>
  <testcase name="testBuilderAppend" time="0,001" classname="cviceni.StringBuilderAndBufferTest"/>
  <testcase name="testBufferAppend" time="0,000" classname="cviceni.StringBuilderAndBufferTest"/>
  <testcase name="testBufferAppend" time="0,000" classname="cviceni.StringBuilderAndBufferTest"/>
  <testcase name="testBuilderAppendDelete" time="0,000" classname="cviceni.StringBuilderAndBufferTest"/>
  <testcase name="testBuilderAppendDelete" time="0,000" classname="cviceni.StringBuilderAndBufferTest"/>
  <testcase name="testBuilderAppend" time="0,000" classname="cviceni.StringBuilderAndBufferTest"/>
  <testcase name="testBufferAppendDelete" time="0,000" classname="cviceni.StringBuilderAndBufferTest"/>
  <testcase name="testBufferAppendDelete" time="0,001" classname="cviceni.StringBuilderAndBufferTest"/>
  <testcase name="testBufferAppend" time="0,000" classname="cviceni.StringBuilderAndBufferTest"/>
  <testcase name="testBuilderAppendDelete" time="0,000" classname="cviceni.StringBuilderAndBufferTest"/>
  <testcase name="testBuilderAppend" time="0,001" classname="cviceni.StringBuilderAndBufferTest"/>
  <testcase name="testBuilderAppendDelete" time="0,000" classname="cviceni.StringBuilderAndBufferTest"/>
  <testcase name="testBuilderAppendDelete" time="0,000" classname="cviceni.StringBuilderAndBufferTest"/>
  <testcase name="testBufferAppendDelete" time="0,000" classname="cviceni.StringBuilderAndBufferTest"/>
  <testcase name="testBuilderAppend" time="0,000" classname="cviceni.StringBuilderAndBufferTest"/>
  <testcase name="testBufferAppendDelete" time="0,000" classname="cviceni.StringBuilderAndBufferTest"/>
  <testcase name="testBufferAppend" time="0,001" classname="cviceni.StringBuilderAndBufferTest"/>
  <testcase name="testBufferAppendDelete" time="0,000" classname="cviceni.StringBuilderAndBufferTest"/>
  <testcase name="testBuilderAppend" time="0,001" classname="cviceni.StringBuilderAndBufferTest"/>
  <testcase name="testBuilderAppend" time="0,000" classname="cviceni.StringBuilderAndBufferTest"/>
  <testcase name="testBufferAppend" time="0,000" classname="cviceni.StringBuilderAndBufferTest"/>
  <testcase name="testBufferAppend" time="0,001" classname="cviceni.StringBuilderAndBufferTest"/>
  <testcase name="testBufferAppendDelete" time="0,000" classname="cviceni.StringBuilderAndBufferTest"/>
  <testcase name="testBufferAppend" time="0,000" classname="cviceni.StringBuilderAndBufferTest"/>
  <testcase name="testBuilderAppendDelete" time="0,000" classname="cviceni.StringBuilderAndBufferTest"/>
  <testcase name="testBuilderAppendDelete" time="0,000" classname="cviceni.StringBuilderAndBufferTest"/>
  <testcase name="testBuilderAppend" time="0,000" classname="cviceni.StringBuilderAndBufferTest"/>
  <testcase name="testBufferAppend" time="0,000" classname="cviceni.StringBuilderAndBufferTest"/>
  <testcase name="testBufferAppend" time="0,000" classname="cviceni.StringBuilderAndBufferTest"/>
  <testcase name="testBuilderAppendDelete" time="0,000" classname="cviceni.StringBuilderAndBufferTest"/>
  <testcase name="testBuilderAppendDelete" time="0,000" classname="cviceni.StringBuilderAndBufferTest"/>
  <testcase name="testBuilderAppend" time="0,001" classname="cviceni.StringBuilderAndBufferTest"/>
  <testcase name="testBufferAppend" time="0,000" classname="cviceni.StringBuilderAndBufferTest"/>
  <testcase name="testBuilderAppend" time="0,000" classname="cviceni.StringBuilderAndBufferTest"/>
  <testcase name="testBufferAppend" time="0,000" classname="cviceni.StringBuilderAndBufferTest"/>
  <testcase name="testBufferAppendDelete" time="0,000" classname="cviceni.StringBuilderAndBufferTest"/>
  <testcase name="testBufferAppend" time="0,000" classname="cviceni.StringBuilderAndBufferTest"/>
  <testcase name="testBufferAppendDelete" time="0,001" classname="cviceni.StringBuilderAndBufferTest"/>
  <testcase name="testBufferAppendDelete" time="0,000" classname="cviceni.StringBuilderAndBufferTest"/>
  <testcase name="testBuilderAppendDelete" time="0,000" classname="cviceni.StringBuilderAndBufferTest"/>
  <testcase name="testBufferAppend" time="0,000" classname="cviceni.StringBuilderAndBufferTest"/>
  <testcase name="testBuilderAppend" time="0,001" classname="cviceni.StringBuilderAndBufferTest"/>
  <testcase name="testBuilderAppendDelete" time="0,000" classname="cviceni.StringBuilderAndBufferTest"/>
  <testcase name="testBuilderAppendDelete" time="0,000" classname="cviceni.StringBuilderAndBufferTest"/>
  <testcase name="testBufferAppendDelete" time="0,000" classname="cviceni.StringBuilderAndBufferTest"/>
  <testcase name="testBufferAppend" time="0,000" classname="cviceni.StringBuilderAndBufferTest"/>
  <testcase name="testBufferAppendDelete" time="0,000" classname="cviceni.StringBuilderAndBufferTest"/>
  <testcase name="testBuilderAppend" time="0,001" classname="cviceni.StringBuilderAndBufferTest"/>
  <testcase name="testBufferAppendDelete" time="0,001" classname="cviceni.StringBuilderAndBufferTest"/>
  <testcase name="testBuilderAppendDelete" time="0,000" classname="cviceni.StringBuilderAndBufferTest"/>
  <testcase name="testBuilderAppend" time="0,001" classname="cviceni.StringBuilderAndBufferTest"/>
  <testcase name="testBuilderAppend" time="0,000" classname="cviceni.StringBuilderAndBufferTest"/>
  <testcase name="testBuilderAppendDelete" time="0,000" classname="cviceni.StringBuilderAndBufferTest"/>
  <testcase name="testBuilderAppendDelete" time="0,000" classname="cviceni.StringBuilderAndBufferTest"/>
  <testcase name="testBufferAppendDelete" time="0,001" classname="cviceni.StringBuilderAndBufferTest"/>
  <testcase name="testBufferAppendDelete" time="0,000" classname="cviceni.StringBuilderAndBufferTest"/>
  <testcase name="testBuilderAppend" time="0,000" classname="cviceni.StringBuilderAndBufferTest"/>
  <testcase name="testBufferAppend" time="0,000" classname="cviceni.StringBuilderAndBufferTest"/>
  <testcase name="testBuilderAppendDelete" time="0,000" classname="cviceni.StringBuilderAndBufferTest"/>
  <testcase name="testBufferAppend" time="0,000" classname="cviceni.StringBuilderAndBufferTest"/>
  <testcase name="testBufferAppendDelete" time="0,000" classname="cviceni.StringBuilderAndBufferTest"/>
  <testcase name="testBufferAppend" time="0,000" classname="cviceni.StringBuilderAndBufferTest"/>
  <testcase name="testBufferAppend" time="0,000" classname="cviceni.StringBuilderAndBufferTest"/>
  <testcase name="testBufferAppend" time="0,001" classname="cviceni.StringBuilderAndBufferTest"/>
  <testcase name="testBufferAppend" time="0,000" classname="cviceni.StringBuilderAndBufferTest"/>
  <testcase name="testBuilderAppend" time="0,000" classname="cviceni.StringBuilderAndBufferTest"/>
  <testcase name="testBuilderAppendDelete" time="0,000" classname="cviceni.StringBuilderAndBufferTest"/>
  <testcase name="testBufferAppendDelete" time="0,001" classname="cviceni.StringBuilderAndBufferTest"/>
  <testcase name="testBuilderAppend" time="0,000" classname="cviceni.StringBuilderAndBufferTest"/>
  <testcase name="testBufferAppendDelete" time="0,000" classname="cviceni.StringBuilderAndBufferTest"/>
  <testcase name="testBuilderAppend" time="0,000" classname="cviceni.StringBuilderAndBufferTest"/>
  <testcase name="testBufferAppend" time="0,000" classname="cviceni.StringBuilderAndBufferTest"/>
  <testcase name="testBuilderAppend" time="0,001" classname="cviceni.StringBuilderAndBufferTest"/>
  <testcase name="testBufferAppendDelete" time="0,000" classname="cviceni.StringBuilderAndBufferTest"/>
  <testcase name="testBuilderAppend" time="0,000" classname="cviceni.StringBuilderAndBufferTest"/>
  <testcase name="testBuilderAppend" time="0,000" classname="cviceni.StringBuilderAndBufferTest"/>
  <testcase name="testBuilderAppend" time="0,000" classname="cviceni.StringBuilderAndBufferTest"/>
  <testcase name="testBufferAppendDelete" time="0,000" classname="cviceni.StringBuilderAndBufferTest"/>
  <testcase name="testBufferAppendDelete" time="0,001" classname="cviceni.StringBuilderAndBufferTest"/>
  <testcase name="testBuilderAppendDelete" time="0,000" classname="cviceni.StringBuilderAndBufferTest"/>
  <testcase name="testBuilderAppend" time="0,001" classname="cviceni.StringBuilderAndBufferTest"/>
  <testcase name="testBufferAppend" time="0,000" classname="cviceni.StringBuilderAndBufferTest"/>
  <testcase name="testBuilderAppendDelete" time="0,001" classname="cviceni.StringBuilderAndBufferTest"/>
  <testcase name="testBuilderAppendDelete" time="0,001" classname="cviceni.StringBuilderAndBufferTest"/>
  <testcase name="testBuilderAppend" time="0,000" classname="cviceni.StringBuilderAndBufferTest"/>
  <testcase name="testBufferAppend" time="0,000" classname="cviceni.StringBuilderAndBufferTest"/>
  <testcase name="testBuilderAppendDelete" time="0,000" classname="cviceni.StringBuilderAndBufferTest"/>
  <testcase name="testBuilderAppendDelete" time="0,000" classname="cviceni.StringBuilderAndBufferTest"/>
  <testcase name="testBufferAppendDelete" time="0,000" classname="cviceni.StringBuilderAndBufferTest"/>
  <testcase name="testBufferAppend" time="0,001" classname="cviceni.StringBuilderAndBufferTest"/>
  <testcase name="testBufferAppendDelete" time="0,000" classname="cviceni.StringBuilderAndBufferTest"/>
  <testcase name="testBufferAppendDelete" time="0,001" classname="cviceni.StringBuilderAndBufferTest"/>
  <testcase name="testBuilderAppend" time="0,001" classname="cviceni.StringBuilderAndBufferTest"/>
  <testcase name="testBuilderAppendDelete" time="0,000" classname="cviceni.StringBuilderAndBufferTest"/>
  <testcase name="testBufferAppend" time="0,000" classname="cviceni.StringBuilderAndBufferTest"/>
  <testcase name="testBufferAppend" time="0,000" classname="cviceni.StringBuilderAndBufferTest"/>
  <testcase name="testBuilderAppendDelete" time="0,000" classname="cviceni.StringBuilderAndBufferTest"/>
  <testcase name="testBuilderAppendDelete" time="0,000" classname="cviceni.StringBuilderAndBufferTest"/>
  <testcase name="testBufferAppend" time="0,000" classname="cviceni.StringBuilderAndBufferTest"/>
  <testcase name="testBuilderAppend" time="0,000" classname="cviceni.StringBuilderAndBufferTest"/>
  <testcase name="testBufferAppendDelete" time="0,001" classname="cviceni.StringBuilderAndBufferTest"/>
  <testcase name="testBuilderAppendDelete" time="0,000" classname="cviceni.StringBuilderAndBufferTest"/>
  <testcase name="testBuilderAppendDelete" time="0,000" classname="cviceni.StringBuilderAndBufferTest"/>
  <testcase name="testBufferAppend" time="0,001" classname="cviceni.StringBuilderAndBufferTest"/>
  <testcase name="testBufferAppendDelete" time="0,000" classname="cviceni.StringBuilderAndBufferTest"/>
  <testcase name="testBufferAppend" time="0,000" classname="cviceni.StringBuilderAndBufferTest"/>
  <testcase name="testBufferAppendDelete" time="0,000" classname="cviceni.StringBuilderAndBufferTest"/>
  <testcase name="testBufferAppendDelete" time="0,000" classname="cviceni.StringBuilderAndBufferTest"/>
  <testcase name="testBufferAppend" time="0,000" classname="cviceni.StringBuilderAndBufferTest"/>
  <testcase name="testBufferAppendDelete" time="0,000" classname="cviceni.StringBuilderAndBufferTest"/>
  <testcase name="testBuilderAppendDelete" time="0,000" classname="cviceni.StringBuilderAndBufferTest"/>
  <testcase name="testBufferAppendDelete" time="0,000" classname="cviceni.StringBuilderAndBufferTest"/>
  <testcase name="testBuilderAppend" time="0,000" classname="cviceni.StringBuilderAndBufferTest"/>
  <testcase name="testBuilderAppendDelete" time="0,000" classname="cviceni.StringBuilderAndBufferTest"/>
  <testcase name="testBufferAppendDelete" time="0,000" classname="cviceni.StringBuilderAndBufferTest"/>
  <testcase name="testBuilderAppend" time="0,001" classname="cviceni.StringBuilderAndBufferTest"/>
  <testcase name="testBufferAppend" time="0,000" classname="cviceni.StringBuilderAndBufferTest"/>
  <testcase name="testBuilderAppendDelete" time="0,000" classname="cviceni.StringBuilderAndBufferTest"/>
  <testcase name="testBuilderAppend" time="0,000" classname="cviceni.StringBuilderAndBufferTest"/>
  <testcase name="testBuilderAppendDelete" time="0,000" classname="cviceni.StringBuilderAndBufferTest"/>
  <testcase name="testBuilderAppendDelete" time="0,000" classname="cviceni.StringBuilderAndBufferTest"/>
  <testcase name="testBuilderAppendDelete" time="0,000" classname="cviceni.StringBuilderAndBufferTest"/>
  <testcase name="testBuilderAppendDelete" time="0,148" classname="cviceni.StringBuilderAndBufferTest"/>
  <testcase name="testBuilderAppend" time="0,000" classname="cviceni.StringBuilderAndBufferTest"/>
  <testcase name="testBuilderAppend" time="0,001" classname="cviceni.StringBuilderAndBufferTest"/>
  <testcase name="testBufferAppendDelete" time="0,001" classname="cviceni.StringBuilderAndBufferTest"/>
  <testcase name="testBufferAppend" time="0,000" classname="cviceni.StringBuilderAndBufferTest"/>
  <testcase name="testBufferAppendDelete" time="0,000" classname="cviceni.StringBuilderAndBufferTest"/>
  <testcase name="testBufferAppendDelete" time="0,000" classname="cviceni.StringBuilderAndBufferTest"/>
  <testcase name="testBuilderAppendDelete" time="0,000" classname="cviceni.StringBuilderAndBufferTest"/>
  <testcase name="testBuilderAppend" time="0,000" classname="cviceni.StringBuilderAndBufferTest"/>
  <testcase name="testBuilderAppendDelete" time="0,000" classname="cviceni.StringBuilderAndBufferTest"/>
  <testcase name="testBuilderAppend" time="0,001" classname="cviceni.StringBuilderAndBufferTest"/>
  <testcase name="testBufferAppend" time="0,000" classname="cviceni.StringBuilderAndBufferTest"/>
  <testcase name="testBufferAppend" time="0,000" classname="cviceni.StringBuilderAndBufferTest"/>
  <testcase name="testBuilderAppend" time="0,000" classname="cviceni.StringBuilderAndBufferTest"/>
  <testcase name="testBufferAppendDelete" time="0,001" classname="cviceni.StringBuilderAndBufferTest"/>
  <testcase name="testBufferAppendDelete" time="0,001" classname="cviceni.StringBuilderAndBufferTest"/>
  <testcase name="testBuilderAppendDelete" time="0,001" classname="cviceni.StringBuilderAndBufferTest"/>
  <testcase name="testBufferAppend" time="0,000" classname="cviceni.StringBuilderAndBufferTest"/>
  <testcase name="testBufferAppendDelete" time="0,001" classname="cviceni.StringBuilderAndBufferTest"/>
  <testcase name="testBuilderAppendDelete" time="0,000" classname="cviceni.StringBuilderAndBufferTest"/>
  <testcase name="testBufferAppendDelete" time="0,000" classname="cviceni.StringBuilderAndBufferTest"/>
  <testcase name="testBuilderAppend" time="0,000" classname="cviceni.StringBuilderAndBufferTest"/>
  <testcase name="testBuilderAppendDelete" time="0,001" classname="cviceni.StringBuilderAndBufferTest"/>
  <testcase name="testBuilderAppendDelete" time="0,000" classname="cviceni.StringBuilderAndBufferTest"/>
  <testcase name="testBufferAppendDelete" time="0,000" classname="cviceni.StringBuilderAndBufferTest"/>
  <testcase name="testBufferAppend" time="0,001" classname="cviceni.StringBuilderAndBufferTest"/>
  <testcase name="testBuilderAppend" time="0,001" classname="cviceni.StringBuilderAndBufferTest"/>
  <testcase name="testBuilderAppend" time="0,000" classname="cviceni.StringBuilderAndBufferTest"/>
  <testcase name="testBufferAppend" time="0,000" classname="cviceni.StringBuilderAndBufferTest"/>
  <testcase name="testBuilderAppendDelete" time="0,000" classname="cviceni.StringBuilderAndBufferTest"/>
  <testcase name="testBufferAppendDelete" time="0,000" classname="cviceni.StringBuilderAndBufferTest"/>
  <testcase name="testBuilderAppend" time="0,000" classname="cviceni.StringBuilderAndBufferTest"/>
  <testcase name="testBuilderAppendDelete" time="0,000" classname="cviceni.StringBuilderAndBufferTest"/>
  <testcase name="testBuilderAppendDelete" time="0,000" classname="cviceni.StringBuilderAndBufferTest"/>
  <testcase name="testBuilderAppend" time="0,000" classname="cviceni.StringBuilderAndBufferTest"/>
  <testcase name="testBuilderAppendDelete" time="0,001" classname="cviceni.StringBuilderAndBufferTest"/>
  <testcase name="testBuilderAppendDelete" time="0,001" classname="cviceni.StringBuilderAndBufferTest"/>
  <testcase name="testBuilderAppendDelete" time="0,000" classname="cviceni.StringBuilderAndBufferTest"/>
  <testcase name="testBuilderAppendDelete" time="0,000" classname="cviceni.StringBuilderAndBufferTest"/>
  <testcase name="testBufferAppendDelete" time="0,001" classname="cviceni.StringBuilderAndBufferTest"/>
  <testcase name="testBuilderAppend" time="0,000" classname="cviceni.StringBuilderAndBufferTest"/>
  <testcase name="testBufferAppendDelete" time="0,000" classname="cviceni.StringBuilderAndBufferTest"/>
  <testcase name="testBuilderAppend" time="0,001" classname="cviceni.StringBuilderAndBufferTest"/>
  <testcase name="testBuilderAppend" time="0,000" classname="cviceni.StringBuilderAndBufferTest"/>
  <testcase name="testBuilderAppend" time="0,002" classname="cviceni.StringBuilderAndBufferTest"/>
  <testcase name="testBuilderAppend" time="0,001" classname="cviceni.StringBuilderAndBufferTest"/>
  <testcase name="testBufferAppend" time="0,000" classname="cviceni.StringBuilderAndBufferTest"/>
  <testcase name="testBuilderAppend" time="0,001" classname="cviceni.StringBuilderAndBufferTest"/>
  <testcase name="testBufferAppendDelete" time="0,000" classname="cviceni.StringBuilderAndBufferTest"/>
  <testcase name="testBufferAppend" time="0,000" classname="cviceni.StringBuilderAndBufferTest"/>
  <testcase name="testBuilderAppendDelete" time="0,000" classname="cviceni.StringBuilderAndBufferTest"/>
  <testcase name="testBufferAppend" time="0,001" classname="cviceni.StringBuilderAndBufferTest"/>
  <testcase name="testBuilderAppend" time="0,001" classname="cviceni.StringBuilderAndBufferTest"/>
  <testcase name="testBufferAppend" time="0,000" classname="cviceni.StringBuilderAndBufferTest"/>
  <testcase name="testBuilderAppend" time="0,000" classname="cviceni.StringBuilderAndBufferTest"/>
  <testcase name="testBuilderAppendDelete" time="0,012" classname="cviceni.StringBuilderAndBufferTest"/>
  <testcase name="testBufferAppend" time="0,001" classname="cviceni.StringBuilderAndBufferTest"/>
  <testcase name="testBuilderAppend" time="0,000" classname="cviceni.StringBuilderAndBufferTest"/>
  <testcase name="testBufferAppendDelete" time="0,000" classname="cviceni.StringBuilderAndBufferTest"/>
  <testcase name="testBuilderAppend" time="0,001" classname="cviceni.StringBuilderAndBufferTest"/>
  <testcase name="testBufferAppend" time="0,000" classname="cviceni.StringBuilderAndBufferTest"/>
  <testcase name="testBufferAppendDelete" time="0,000" classname="cviceni.StringBuilderAndBufferTest"/>
  <testcase name="testBufferAppendDelete" time="0,000" classname="cviceni.StringBuilderAndBufferTest"/>
  <testcase name="testBufferAppendDelete" time="0,000" classname="cviceni.StringBuilderAndBufferTest"/>
  <testcase name="testBufferAppendDelete" time="0,000" classname="cviceni.StringBuilderAndBufferTest"/>
  <testcase name="testBuilderAppendDelete" time="0,000" classname="cviceni.StringBuilderAndBufferTest"/>
  <testcase name="testBuilderAppend" time="0,001" classname="cviceni.StringBuilderAndBufferTest"/>
  <testcase name="testBufferAppendDelete" time="0,000" classname="cviceni.StringBuilderAndBufferTest"/>
  <testcase name="testBuilderAppendDelete" time="0,000" classname="cviceni.StringBuilderAndBufferTest"/>
  <testcase name="testBuilderAppend" time="0,000" classname="cviceni.StringBuilderAndBufferTest"/>
  <testcase name="testBufferAppendDelete" time="0,001" classname="cviceni.StringBuilderAndBufferTest"/>
  <testcase name="testBuilderAppendDelete" time="0,000" classname="cviceni.StringBuilderAndBufferTest"/>
  <testcase name="testBufferAppend" time="0,000" classname="cviceni.StringBuilderAndBufferTest"/>
  <testcase name="testBufferAppendDelete" time="0,001" classname="cviceni.StringBuilderAndBufferTest"/>
  <testcase name="testBuilderAppend" time="0,000" classname="cviceni.StringBuilderAndBufferTest"/>
  <testcase name="testBuilderAppend" time="0,158" classname="cviceni.StringBuilderAndBufferTest"/>
  <testcase name="testBuilderAppend" time="0,001" classname="cviceni.StringBuilderAndBufferTest"/>
  <testcase name="testBuilderAppend" time="0,000" classname="cviceni.StringBuilderAndBufferTest"/>
  <testcase name="testBuilderAppendDelete" time="0,000" classname="cviceni.StringBuilderAndBufferTest"/>
  <testcase name="testBuilderAppendDelete" time="0,000" classname="cviceni.StringBuilderAndBufferTest"/>
  <testcase name="testBuilderAppend" time="0,001" classname="cviceni.StringBuilderAndBufferTest"/>
  <testcase name="testBuilderAppendDelete" time="0,001" classname="cviceni.StringBuilderAndBufferTest"/>
  <testcase name="testBuilderAppend" time="0,001" classname="cviceni.StringBuilderAndBufferTest"/>
  <testcase name="testBuilderAppend" time="0,000" classname="cviceni.StringBuilderAndBufferTest"/>
  <testcase name="testBuilderAppendDelete" time="0,001" classname="cviceni.StringBuilderAndBufferTest"/>
  <testcase name="testBuilderAppend" time="0,001" classname="cviceni.StringBuilderAndBufferTest"/>
  <testcase name="testBufferAppend" time="0,000" classname="cviceni.StringBuilderAndBufferTest"/>
  <testcase name="testBufferAppend" time="0,000" classname="cviceni.StringBuilderAndBufferTest"/>
  <testcase name="testBufferAppend" time="0,001" classname="cviceni.StringBuilderAndBufferTest"/>
  <testcase name="testBufferAppend" time="0,000" classname="cviceni.StringBuilderAndBufferTest"/>
  <testcase name="testBuilderAppend" time="0,000" classname="cviceni.StringBuilderAndBufferTest"/>
  <testcase name="testBuilderAppend" time="0,001" classname="cviceni.StringBuilderAndBufferTest"/>
  <testcase name="testBufferAppendDelete" time="0,000" classname="cviceni.StringBuilderAndBufferTest"/>
  <testcase name="testBuilderAppendDelete" time="0,000" classname="cviceni.StringBuilderAndBufferTest"/>
  <testcase name="testBuilderAppendDelete" time="0,000" classname="cviceni.StringBuilderAndBufferTest"/>
  <testcase name="testBuilderAppend" time="0,000" classname="cviceni.StringBuilderAndBufferTest"/>
  <testcase name="testBufferAppend" time="0,000" classname="cviceni.StringBuilderAndBufferTest"/>
  <testcase name="testBufferAppendDelete" time="0,001" classname="cviceni.StringBuilderAndBufferTest"/>
  <testcase name="testBuilderAppend" time="0,033" classname="cviceni.StringBuilderAndBufferTest"/>
  <testcase name="testBuilderAppendDelete" time="0,001" classname="cviceni.StringBuilderAndBufferTest"/>
  <testcase name="testBuilderAppendDelete" time="0,000" classname="cviceni.StringBuilderAndBufferTest"/>
  <testcase name="testBufferAppendDelete" time="0,001" classname="cviceni.StringBuilderAndBufferTest"/>
  <testcase name="testBuilderAppendDelete" time="0,000" classname="cviceni.StringBuilderAndBufferTest"/>
  <testcase name="testBuilderAppend" time="0,001" classname="cviceni.StringBuilderAndBufferTest"/>
  <testcase name="testBuilderAppend" time="0,000" classname="cviceni.StringBuilderAndBufferTest"/>
  <testcase name="testBufferAppend" time="0,000" classname="cviceni.StringBuilderAndBufferTest"/>
  <testcase name="testBufferAppendDelete" time="0,001" classname="cviceni.StringBuilderAndBufferTest"/>
  <testcase name="testBufferAppendDelete" time="0,000" classname="cviceni.StringBuilderAndBufferTest"/>
  <testcase name="testBuilderAppend" time="0,000" classname="cviceni.StringBuilderAndBufferTest"/>
  <testcase name="testBufferAppend" time="0,001" classname="cviceni.StringBuilderAndBufferTest"/>
  <testcase name="testBufferAppendDelete" time="0,001" classname="cviceni.StringBuilderAndBufferTest"/>
  <testcase name="testBuilderAppend" time="0,000" classname="cviceni.StringBuilderAndBufferTest"/>
  <testcase name="testBuilderAppend" time="0,000" classname="cviceni.StringBuilderAndBufferTest"/>
  <testcase name="testBuilderAppend" time="0,000" classname="cviceni.StringBuilderAndBufferTest"/>
  <testcase name="testBufferAppendDelete" time="0,000" classname="cviceni.StringBuilderAndBufferTest"/>
  <testcase name="testBuilderAppend" time="0,001" classname="cviceni.StringBuilderAndBufferTest"/>
  <testcase name="testBufferAppend" time="0,000" classname="cviceni.StringBuilderAndBufferTest"/>
  <testcase name="testBufferAppend" time="0,001" classname="cviceni.StringBuilderAndBufferTest"/>
  <testcase name="testBufferAppendDelete" time="0,000" classname="cviceni.StringBuilderAndBufferTest"/>
  <testcase name="testBuilderAppendDelete" time="0,001" classname="cviceni.StringBuilderAndBufferTest"/>
  <testcase name="testBuilderAppendDelete" time="0,000" classname="cviceni.StringBuilderAndBufferTest"/>
  <testcase name="testBuilderAppend" time="0,001" classname="cviceni.StringBuilderAndBufferTest"/>
  <testcase name="testBufferAppend" time="0,001" classname="cviceni.StringBuilderAndBufferTest"/>
  <testcase name="testBuilderAppendDelete" time="0,000" classname="cviceni.StringBuilderAndBufferTest"/>
  <testcase name="testBufferAppendDelete" time="0,000" classname="cviceni.StringBuilderAndBufferTest"/>
  <testcase name="testBuilderAppendDelete" time="0,000" classname="cviceni.StringBuilderAndBufferTest"/>
  <testcase name="testBuilderAppendDelete" time="0,000" classname="cviceni.StringBuilderAndBufferTest"/>
  <testcase name="testBufferAppendDelete" time="0,000" classname="cviceni.StringBuilderAndBufferTest"/>
  <testcase name="testBufferAppendDelete" time="0,000" classname="cviceni.StringBuilderAndBufferTest"/>
  <testcase name="testBuilderAppendDelete" time="0,000" classname="cviceni.StringBuilderAndBufferTest"/>
  <testcase name="testBufferAppendDelete" time="0,000" classname="cviceni.StringBuilderAndBufferTest"/>
  <testcase name="testBufferAppend" time="0,000" classname="cviceni.StringBuilderAndBufferTest"/>
  <testcase name="testBufferAppend" time="0,000" classname="cviceni.StringBuilderAndBufferTest"/>
  <testcase name="testBuilderAppend" time="0,000" classname="cviceni.StringBuilderAndBufferTest"/>
  <testcase name="testBuilderAppendDelete" time="0,000" classname="cviceni.StringBuilderAndBufferTest"/>
  <testcase name="testBufferAppend" time="0,000" classname="cviceni.StringBuilderAndBufferTest"/>
  <testcase name="testBufferAppendDelete" time="0,000" classname="cviceni.StringBuilderAndBufferTest"/>
  <testcase name="testBufferAppendDelete" time="0,000" classname="cviceni.StringBuilderAndBufferTest"/>
  <testcase name="testBuilderAppendDelete" time="0,000" classname="cviceni.StringBuilderAndBufferTest"/>
  <testcase name="testBuilderAppendDelete" time="0,000" classname="cviceni.StringBuilderAndBufferTest"/>
  <testcase name="testBufferAppend" time="0,000" classname="cviceni.StringBuilderAndBufferTest"/>
  <testcase name="testBufferAppend" time="0,000" classname="cviceni.StringBuilderAndBufferTest"/>
  <testcase name="testBufferAppendDelete" time="0,001" classname="cviceni.StringBuilderAndBufferTest"/>
  <testcase name="testBuilderAppend" time="0,000" classname="cviceni.StringBuilderAndBufferTest"/>
  <testcase name="testBuilderAppendDelete" time="0,000" classname="cviceni.StringBuilderAndBufferTest"/>
  <testcase name="testBuilderAppendDelete" time="0,000" classname="cviceni.StringBuilderAndBufferTest"/>
  <testcase name="testBuilderAppendDelete" time="0,000" classname="cviceni.StringBuilderAndBufferTest"/>
  <testcase name="testBufferAppendDelete" time="0,001" classname="cviceni.StringBuilderAndBufferTest"/>
  <testcase name="testBuilderAppend" time="0,000" classname="cviceni.StringBuilderAndBufferTest"/>
  <testcase name="testBuilderAppend" time="0,001" classname="cviceni.StringBuilderAndBufferTest"/>
  <testcase name="testBufferAppend" time="0,000" classname="cviceni.StringBuilderAndBufferTest"/>
  <testcase name="testBuilderAppendDelete" time="0,000" classname="cviceni.StringBuilderAndBufferTest"/>
  <testcase name="testBufferAppend" time="0,000" classname="cviceni.StringBuilderAndBufferTest"/>
  <testcase name="testBuilderAppend" time="0,000" classname="cviceni.StringBuilderAndBufferTest"/>
  <testcase name="testBufferAppend" time="0,001" classname="cviceni.StringBuilderAndBufferTest"/>
  <testcase name="testBuilderAppendDelete" time="0,000" classname="cviceni.StringBuilderAndBufferTest"/>
  <testcase name="testBuilderAppendDelete" time="0,000" classname="cviceni.StringBuilderAndBufferTest"/>
  <testcase name="testBuilderAppendDelete" time="0,000" classname="cviceni.StringBuilderAndBufferTest"/>
  <testcase name="testBuilderAppendDelete" time="0,000" classname="cviceni.StringBuilderAndBufferTest"/>
  <testcase name="testBufferAppend" time="0,000" classname="cviceni.StringBuilderAndBufferTest"/>
  <testcase name="testBuilderAppendDelete" time="0,000" classname="cviceni.StringBuilderAndBufferTest"/>
  <testcase name="testBufferAppend" time="0,001" classname="cviceni.StringBuilderAndBufferTest"/>
  <testcase name="testBuilderAppend" time="0,001" classname="cviceni.StringBuilderAndBufferTest"/>
  <testcase name="testBuilderAppend" time="0,000" classname="cviceni.StringBuilderAndBufferTest"/>
  <testcase name="testBuilderAppendDelete" time="0,001" classname="cviceni.StringBuilderAndBufferTest"/>
  <testcase name="testBuilderAppend" time="0,000" classname="cviceni.StringBuilderAndBufferTest"/>
  <testcase name="testBufferAppend" time="0,000" classname="cviceni.StringBuilderAndBufferTest"/>
  <testcase name="testBufferAppendDelete" time="0,000" classname="cviceni.StringBuilderAndBufferTest"/>
  <testcase name="testBuilderAppend" time="0,000" classname="cviceni.StringBuilderAndBufferTest"/>
  <testcase name="testBufferAppendDelete" time="0,000" classname="cviceni.StringBuilderAndBufferTest"/>
  <testcase name="testBufferAppend" time="0,000" classname="cviceni.StringBuilderAndBufferTest"/>
  <testcase name="testBufferAppend" time="0,000" classname="cviceni.StringBuilderAndBufferTest"/>
  <testcase name="testBufferAppend" time="0,000" classname="cviceni.StringBuilderAndBufferTest"/>
  <testcase name="testBufferAppend" time="0,000" classname="cviceni.StringBuilderAndBufferTest"/>
  <testcase name="testBuilderAppendDelete" time="0,000" classname="cviceni.StringBuilderAndBufferTest"/>
  <testcase name="testBufferAppend" time="0,000" classname="cviceni.StringBuilderAndBufferTest"/>
  <testcase name="testBufferAppend" time="0,000" classname="cviceni.StringBuilderAndBufferTest"/>
  <testcase name="testBufferAppend" time="0,000" classname="cviceni.StringBuilderAndBufferTest"/>
  <testcase name="testBufferAppendDelete" time="0,001" classname="cviceni.StringBuilderAndBufferTest"/>
  <testcase name="testBufferAppend" time="0,000" classname="cviceni.StringBuilderAndBufferTest"/>
  <testcase name="testBufferAppend" time="0,000" classname="cviceni.StringBuilderAndBufferTest"/>
  <testcase name="testBuilderAppendDelete" time="0,000" classname="cviceni.StringBuilderAndBufferTest"/>
  <testcase name="testBuilderAppendDelete" time="0,001" classname="cviceni.StringBuilderAndBufferTest"/>
  <testcase name="testBuilderAppend" time="0,000" classname="cviceni.StringBuilderAndBufferTest"/>
  <testcase name="testBuilderAppend" time="0,001" classname="cviceni.StringBuilderAndBufferTest"/>
  <testcase name="testBuilderAppendDelete" time="0,000" classname="cviceni.StringBuilderAndBufferTest"/>
  <testcase name="testBufferAppend" time="0,000" classname="cviceni.StringBuilderAndBufferTest"/>
  <testcase name="testBufferAppend" time="0,000" classname="cviceni.StringBuilderAndBufferTest"/>
  <testcase name="testBufferAppend" time="0,001" classname="cviceni.StringBuilderAndBufferTest"/>
  <testcase name="testBufferAppend" time="0,001" classname="cviceni.StringBuilderAndBufferTest"/>
  <testcase name="testBuilderAppend" time="0,001" classname="cviceni.StringBuilderAndBufferTest"/>
  <testcase name="testBuilderAppendDelete" time="0,001" classname="cviceni.StringBuilderAndBufferTest"/>
  <testcase name="testBuilderAppendDelete" time="0,000" classname="cviceni.StringBuilderAndBufferTest"/>
  <testcase name="testBuilderAppendDelete" time="0,000" classname="cviceni.StringBuilderAndBufferTest"/>
  <testcase name="testBufferAppendDelete" time="0,000" classname="cviceni.StringBuilderAndBufferTest"/>
  <testcase name="testBuilderAppend" time="0,001" classname="cviceni.StringBuilderAndBufferTest"/>
  <testcase name="testBuilderAppend" time="0,000" classname="cviceni.StringBuilderAndBufferTest"/>
  <testcase name="testBufferAppend" time="0,000" classname="cviceni.StringBuilderAndBufferTest"/>
  <testcase name="testBufferAppend" time="0,000" classname="cviceni.StringBuilderAndBufferTest"/>
  <testcase name="testBuilderAppend" time="0,000" classname="cviceni.StringBuilderAndBufferTest"/>
  <testcase name="testBufferAppend" time="0,000" classname="cviceni.StringBuilderAndBufferTest"/>
  <testcase name="testBufferAppend" time="0,000" classname="cviceni.StringBuilderAndBufferTest"/>
  <testcase name="testBuilderAppend" time="0,000" classname="cviceni.StringBuilderAndBufferTest"/>
  <testcase name="testBufferAppendDelete" time="0,000" classname="cviceni.StringBuilderAndBufferTest"/>
  <testcase name="testBufferAppendDelete" time="0,001" classname="cviceni.StringBuilderAndBufferTest"/>
  <testcase name="testBufferAppendDelete" time="0,000" classname="cviceni.StringBuilderAndBufferTest"/>
  <testcase name="testBuilderAppendDelete" time="0,001" classname="cviceni.StringBuilderAndBufferTest"/>
  <testcase name="testBuilderAppendDelete" time="0,142" classname="cviceni.StringBuilderAndBufferTest"/>
  <testcase name="testBufferAppend" time="0,000" classname="cviceni.StringBuilderAndBufferTest"/>
  <testcase name="testBufferAppend" time="0,001" classname="cviceni.StringBuilderAndBufferTest"/>
  <testcase name="testBuilderAppendDelete" time="0,000" classname="cviceni.StringBuilderAndBufferTest"/>
  <testcase name="testBufferAppendDelete" time="0,000" classname="cviceni.StringBuilderAndBufferTest"/>
  <testcase name="testBufferAppend" time="0,001" classname="cviceni.StringBuilderAndBufferTest"/>
  <testcase name="testBuilderAppendDelete" time="0,000" classname="cviceni.StringBuilderAndBufferTest"/>
  <testcase name="testBuilderAppend" time="0,001" classname="cviceni.StringBuilderAndBufferTest"/>
  <testcase name="testBufferAppend" time="0,001" classname="cviceni.StringBuilderAndBufferTest"/>
  <testcase name="testBuilderAppend" time="0,000" classname="cviceni.StringBuilderAndBufferTest"/>
  <testcase name="testBuilderAppend" time="0,000" classname="cviceni.StringBuilderAndBufferTest"/>
  <testcase name="testBufferAppendDelete" time="0,000" classname="cviceni.StringBuilderAndBufferTest"/>
  <testcase name="testBuilderAppendDelete" time="0,000" classname="cviceni.StringBuilderAndBufferTest"/>
  <testcase name="testBufferAppend" time="0,001" classname="cviceni.StringBuilderAndBufferTest"/>
  <testcase name="testBufferAppend" time="0,000" classname="cviceni.StringBuilderAndBufferTest"/>
  <testcase name="testBuilderAppend" time="0,000" classname="cviceni.StringBuilderAndBufferTest"/>
  <testcase name="testBuilderAppend" time="0,001" classname="cviceni.StringBuilderAndBufferTest"/>
  <testcase name="testBuilderAppend" time="0,000" classname="cviceni.StringBuilderAndBufferTest"/>
  <testcase name="testBufferAppend" time="0,000" classname="cviceni.StringBuilderAndBufferTest"/>
  <testcase name="testBuilderAppendDelete" time="0,000" classname="cviceni.StringBuilderAndBufferTest"/>
  <testcase name="testBufferAppend" time="0,000" classname="cviceni.StringBuilderAndBufferTest"/>
  <testcase name="testBuilderAppend" time="0,000" classname="cviceni.StringBuilderAndBufferTest"/>
  <testcase name="testBufferAppend" time="0,001" classname="cviceni.StringBuilderAndBufferTest"/>
  <testcase name="testBuilderAppendDelete" time="0,000" classname="cviceni.StringBuilderAndBufferTest"/>
  <testcase name="testBuilderAppendDelete" time="0,001" classname="cviceni.StringBuilderAndBufferTest"/>
  <testcase name="testBufferAppend" time="0,000" classname="cviceni.StringBuilderAndBufferTest"/>
  <testcase name="testBuilderAppendDelete" time="0,000" classname="cviceni.StringBuilderAndBufferTest"/>
  <testcase name="testBuilderAppend" time="0,000" classname="cviceni.StringBuilderAndBufferTest"/>
  <testcase name="testBuilderAppend" time="0,000" classname="cviceni.StringBuilderAndBufferTest"/>
  <testcase name="testBufferAppendDelete" time="0,001" classname="cviceni.StringBuilderAndBufferTest"/>
  <testcase name="testBufferAppend" time="0,000" classname="cviceni.StringBuilderAndBufferTest"/>
  <testcase name="testBuilderAppend" time="0,000" classname="cviceni.StringBuilderAndBufferTest"/>
  <testcase name="testBuilderAppend" time="0,000" classname="cviceni.StringBuilderAndBufferTest"/>
  <testcase name="testBufferAppend" time="0,001" classname="cviceni.StringBuilderAndBufferTest"/>
  <testcase name="testBuilderAppend" time="0,000" classname="cviceni.StringBuilderAndBufferTest"/>
  <testcase name="testBufferAppend" time="0,000" classname="cviceni.StringBuilderAndBufferTest"/>
  <testcase name="testBufferAppendDelete" time="0,000" classname="cviceni.StringBuilderAndBufferTest"/>
  <testcase name="testBuilderAppendDelete" time="0,000" classname="cviceni.StringBuilderAndBufferTest"/>
  <testcase name="testBuilderAppend" time="0,001" classname="cviceni.StringBuilderAndBufferTest"/>
  <testcase name="testBuilderAppend" time="0,001" classname="cviceni.StringBuilderAndBufferTest"/>
  <testcase name="testBufferAppendDelete" time="0,001" classname="cviceni.StringBuilderAndBufferTest"/>
  <testcase name="testBuilderAppendDelete" time="0,000" classname="cviceni.StringBuilderAndBufferTest"/>
  <testcase name="testBufferAppendDelete" time="0,000" classname="cviceni.StringBuilderAndBufferTest"/>
  <testcase name="testBuilderAppendDelete" time="0,001" classname="cviceni.StringBuilderAndBufferTest"/>
  <testcase name="testBuilderAppend" time="0,000" classname="cviceni.StringBuilderAndBufferTest"/>
  <testcase name="testBuilderAppend" time="0,000" classname="cviceni.StringBuilderAndBufferTest"/>
  <testcase name="testBuilderAppendDelete" time="0,001" classname="cviceni.StringBuilderAndBufferTest"/>
  <testcase name="testBufferAppendDelete" time="0,000" classname="cviceni.StringBuilderAndBufferTest"/>
  <testcase name="testBufferAppend" time="0,000" classname="cviceni.StringBuilderAndBufferTest"/>
  <testcase name="testBufferAppend" time="0,000" classname="cviceni.StringBuilderAndBufferTest"/>
  <testcase name="testBuilderAppendDelete" time="0,000" classname="cviceni.StringBuilderAndBufferTest"/>
  <testcase name="testBuilderAppend" time="0,000" classname="cviceni.StringBuilderAndBufferTest"/>
  <testcase name="testBuilderAppend" time="0,000" classname="cviceni.StringBuilderAndBufferTest"/>
  <testcase name="testBufferAppend" time="0,001" classname="cviceni.StringBuilderAndBufferTest"/>
  <testcase name="testBuilderAppendDelete" time="0,000" classname="cviceni.StringBuilderAndBufferTest"/>
  <testcase name="testBuilderAppend" time="0,001" classname="cviceni.StringBuilderAndBufferTest"/>
  <testcase name="testBufferAppend" time="0,000" classname="cviceni.StringBuilderAndBufferTest"/>
  <testcase name="testBuilderAppend" time="0,001" classname="cviceni.StringBuilderAndBufferTest"/>
  <testcase name="testBuilderAppend" time="0,000" classname="cviceni.StringBuilderAndBufferTest"/>
  <testcase name="testBufferAppendDelete" time="0,000" classname="cviceni.StringBuilderAndBufferTest"/>
  <testcase name="testBuilderAppendDelete" time="0,000" classname="cviceni.StringBuilderAndBufferTest"/>
  <testcase name="testBufferAppend" time="0,002" classname="cviceni.StringBuilderAndBufferTest"/>
  <testcase name="testBuilderAppendDelete" time="0,000" classname="cviceni.StringBuilderAndBufferTest"/>
  <testcase name="testBufferAppend" time="0,000" classname="cviceni.StringBuilderAndBufferTest"/>
  <testcase name="testBuilderAppend" time="0,000" classname="cviceni.StringBuilderAndBufferTest"/>
  <testcase name="testBuilderAppendDelete" time="0,000" classname="cviceni.StringBuilderAndBufferTest"/>
  <testcase name="testBufferAppendDelete" time="0,001" classname="cviceni.StringBuilderAndBufferTest"/>
  <testcase name="testBufferAppendDelete" time="0,000" classname="cviceni.StringBuilderAndBufferTest"/>
  <testcase name="testBufferAppendDelete" time="0,001" classname="cviceni.StringBuilderAndBufferTest"/>
  <testcase name="testBufferAppend" time="0,000" classname="cviceni.StringBuilderAndBufferTest"/>
  <testcase name="testBufferAppendDelete" time="0,000" classname="cviceni.StringBuilderAndBufferTest"/>
  <testcase name="testBufferAppendDelete" time="0,001" classname="cviceni.StringBuilderAndBufferTest"/>
  <testcase name="testBuilderAppend" time="0,000" classname="cviceni.StringBuilderAndBufferTest"/>
  <testcase name="testBufferAppend" time="0,001" classname="cviceni.StringBuilderAndBufferTest"/>
  <testcase name="testBufferAppendDelete" time="0,000" classname="cviceni.StringBuilderAndBufferTest"/>
  <testcase name="testBuilderAppend" time="0,000" classname="cviceni.StringBuilderAndBufferTest"/>
  <testcase name="testBufferAppendDelete" time="0,000" classname="cviceni.StringBuilderAndBufferTest"/>
  <testcase name="testBufferAppendDelete" time="0,000" classname="cviceni.StringBuilderAndBufferTest"/>
  <testcase name="testBuilderAppendDelete" time="0,000" classname="cviceni.StringBuilderAndBufferTest"/>
  <testcase name="testBuilderAppend" time="0,000" classname="cviceni.StringBuilderAndBufferTest"/>
  <testcase name="testBuilderAppendDelete" time="0,004" classname="cviceni.StringBuilderAndBufferTest"/>
  <testcase name="testBufferAppendDelete" time="0,000" classname="cviceni.StringBuilderAndBufferTest"/>
  <testcase name="testBuilderAppend" time="0,000" classname="cviceni.StringBuilderAndBufferTest"/>
  <testcase name="testBuilderAppend" time="0,000" classname="cviceni.StringBuilderAndBufferTest"/>
  <testcase name="testBuilderAppendDelete" time="0,000" classname="cviceni.StringBuilderAndBufferTest"/>
  <testcase name="testBufferAppend" time="0,000" classname="cviceni.StringBuilderAndBufferTest"/>
  <testcase name="testBufferAppend" time="0,000" classname="cviceni.StringBuilderAndBufferTest"/>
  <testcase name="testBufferAppend" time="0,001" classname="cviceni.StringBuilderAndBufferTest"/>
  <testcase name="testBufferAppendDelete" time="0,000" classname="cviceni.StringBuilderAndBufferTest"/>
  <testcase name="testBufferAppendDelete" time="0,001" classname="cviceni.StringBuilderAndBufferTest"/>
  <testcase name="testBuilderAppend" time="0,000" classname="cviceni.StringBuilderAndBufferTest"/>
  <testcase name="testBuilderAppendDelete" time="0,001" classname="cviceni.StringBuilderAndBufferTest"/>
  <testcase name="testBuilderAppend" time="0,001" classname="cviceni.StringBuilderAndBufferTest"/>
  <testcase name="testBufferAppendDelete" time="0,000" classname="cviceni.StringBuilderAndBufferTest"/>
  <testcase name="testBufferAppend" time="0,001" classname="cviceni.StringBuilderAndBufferTest"/>
  <testcase name="testBuilderAppend" time="0,001" classname="cviceni.StringBuilderAndBufferTest"/>
  <testcase name="testBufferAppendDelete" time="0,001" classname="cviceni.StringBuilderAndBufferTest"/>
  <testcase name="testBufferAppendDelete" time="0,000" classname="cviceni.StringBuilderAndBufferTest"/>
  <testcase name="testBuilderAppendDelete" time="0,000" classname="cviceni.StringBuilderAndBufferTest"/>
  <testcase name="testBuilderAppend" time="0,001" classname="cviceni.StringBuilderAndBufferTest"/>
  <testcase name="testBufferAppendDelete" time="0,000" classname="cviceni.StringBuilderAndBufferTest"/>
  <testcase name="testBuilderAppend" time="0,001" classname="cviceni.StringBuilderAndBufferTest"/>
  <testcase name="testBufferAppendDelete" time="0,001" classname="cviceni.StringBuilderAndBufferTest"/>
  <testcase name="testBufferAppendDelete" time="0,001" classname="cviceni.StringBuilderAndBufferTest"/>
  <testcase name="testBuilderAppendDelete" time="0,001" classname="cviceni.StringBuilderAndBufferTest"/>
  <testcase name="testBuilderAppendDelete" time="0,001" classname="cviceni.StringBuilderAndBufferTest"/>
  <testcase name="testBufferAppendDelete" time="0,000" classname="cviceni.StringBuilderAndBufferTest"/>
  <testcase name="testBufferAppendDelete" time="0,000" classname="cviceni.StringBuilderAndBufferTest"/>
  <testcase name="testBufferAppend" time="0,000" classname="cviceni.StringBuilderAndBufferTest"/>
  <testcase name="testBuilderAppendDelete" time="0,000" classname="cviceni.StringBuilderAndBufferTest"/>
  <testcase name="testBufferAppendDelete" time="0,001" classname="cviceni.StringBuilderAndBufferTest"/>
  <testcase name="testBuilderAppend" time="0,000" classname="cviceni.StringBuilderAndBufferTest"/>
  <testcase name="testBuilderAppend" time="0,000" classname="cviceni.StringBuilderAndBufferTest"/>
  <testcase name="testBufferAppend" time="0,000" classname="cviceni.StringBuilderAndBufferTest"/>
  <testcase name="testBuilderAppendDelete" time="0,000" classname="cviceni.StringBuilderAndBufferTest"/>
  <testcase name="testBufferAppendDelete" time="0,000" classname="cviceni.StringBuilderAndBufferTest"/>
  <testcase name="testBufferAppend" time="0,001" classname="cviceni.StringBuilderAndBufferTest"/>
  <testcase name="testBuilderAppendDelete" time="0,000" classname="cviceni.StringBuilderAndBufferTest"/>
  <testcase name="testBufferAppendDelete" time="0,000" classname="cviceni.StringBuilderAndBufferTest"/>
  <testcase name="testBuilderAppend" time="0,000" classname="cviceni.StringBuilderAndBufferTest"/>
  <testcase name="testBuilderAppend" time="0,000" classname="cviceni.StringBuilderAndBufferTest"/>
  <testcase name="testBuilderAppend" time="0,000" classname="cviceni.StringBuilderAndBufferTest"/>
  <testcase name="testBuilderAppendDelete" time="0,000" classname="cviceni.StringBuilderAndBufferTest"/>
  <testcase name="testBuilderAppend" time="0,000" classname="cviceni.StringBuilderAndBufferTest"/>
  <testcase name="testBuilderAppend" time="0,001" classname="cviceni.StringBuilderAndBufferTest"/>
  <testcase name="testBuilderAppend" time="0,000" classname="cviceni.StringBuilderAndBufferTest"/>
  <testcase name="testBufferAppendDelete" time="0,000" classname="cviceni.StringBuilderAndBufferTest"/>
  <testcase name="testBufferAppend" time="0,000" classname="cviceni.StringBuilderAndBufferTest"/>
  <testcase name="testBufferAppendDelete" time="0,000" classname="cviceni.StringBuilderAndBufferTest"/>
  <testcase name="testBufferAppend" time="0,000" classname="cviceni.StringBuilderAndBufferTest"/>
  <testcase name="testBufferAppendDelete" time="0,000" classname="cviceni.StringBuilderAndBufferTest"/>
  <testcase name="testBufferAppend" time="0,001" classname="cviceni.StringBuilderAndBufferTest"/>
  <testcase name="testBufferAppendDelete" time="0,000" classname="cviceni.StringBuilderAndBufferTest"/>
  <testcase name="testBufferAppendDelete" time="0,000" classname="cviceni.StringBuilderAndBufferTest"/>
  <testcase name="testBuilderAppendDelete" time="0,000" classname="cviceni.StringBuilderAndBufferTest"/>
  <testcase name="testBuilderAppendDelete" time="0,000" classname="cviceni.StringBuilderAndBufferTest"/>
  <testcase name="testBuilderAppend" time="0,000" classname="cviceni.StringBuilderAndBufferTest"/>
  <testcase name="testBuilderAppend" time="0,000" classname="cviceni.StringBuilderAndBufferTest"/>
  <testcase name="testBuilderAppendDelete" time="0,001" classname="cviceni.StringBuilderAndBufferTest"/>
  <testcase name="testBufferAppendDelete" time="0,000" classname="cviceni.StringBuilderAndBufferTest"/>
  <testcase name="testBuilderAppendDelete" time="0,000" classname="cviceni.StringBuilderAndBufferTest"/>
  <testcase name="testBuilderAppend" time="0,000" classname="cviceni.StringBuilderAndBufferTest"/>
  <testcase name="testBuilderAppendDelete" time="0,000" classname="cviceni.StringBuilderAndBufferTest"/>
  <testcase name="testBuilderAppendDelete" time="0,001" classname="cviceni.StringBuilderAndBufferTest"/>
  <testcase name="testBuilderAppendDelete" time="0,001" classname="cviceni.StringBuilderAndBufferTest"/>
  <testcase name="testBufferAppend" time="0,000" classname="cviceni.StringBuilderAndBufferTest"/>
  <testcase name="testBuilderAppend" time="0,001" classname="cviceni.StringBuilderAndBufferTest"/>
  <testcase name="testBufferAppend" time="0,000" classname="cviceni.StringBuilderAndBufferTest"/>
  <testcase name="testBufferAppendDelete" time="0,001" classname="cviceni.StringBuilderAndBufferTest"/>
  <testcase name="testBuilderAppendDelete" time="0,000" classname="cviceni.StringBuilderAndBufferTest"/>
  <testcase name="testBufferAppend" time="0,000" classname="cviceni.StringBuilderAndBufferTest"/>
  <testcase name="testBufferAppend" time="0,000" classname="cviceni.StringBuilderAndBufferTest"/>
  <testcase name="testBufferAppendDelete" time="0,000" classname="cviceni.StringBuilderAndBufferTest"/>
  <testcase name="testBufferAppendDelete" time="0,000" classname="cviceni.StringBuilderAndBufferTest"/>
  <testcase name="testBufferAppendDelete" time="0,000" classname="cviceni.StringBuilderAndBufferTest"/>
  <testcase name="testBuilderAppendDelete" time="0,000" classname="cviceni.StringBuilderAndBufferTest"/>
  <testcase name="testBuilderAppendDelete" time="0,000" classname="cviceni.StringBuilderAndBufferTest"/>
  <testcase name="testBuilderAppend" time="0,000" classname="cviceni.StringBuilderAndBufferTest"/>
  <testcase name="testBufferAppend" time="0,000" classname="cviceni.StringBuilderAndBufferTest"/>
  <testcase name="testBuilderAppend" time="0,000" classname="cviceni.StringBuilderAndBufferTest"/>
  <testcase name="testBuilderAppend" time="0,000" classname="cviceni.StringBuilderAndBufferTest"/>
  <testcase name="testBuilderAppendDelete" time="0,001" classname="cviceni.StringBuilderAndBufferTest"/>
  <testcase name="testBuilderAppendDelete" time="0,000" classname="cviceni.StringBuilderAndBufferTest"/>
  <testcase name="testBuilderAppend" time="0,000" classname="cviceni.StringBuilderAndBufferTest"/>
  <testcase name="testBuilderAppend" time="0,000" classname="cviceni.StringBuilderAndBufferTest"/>
  <testcase name="testBuilderAppend" time="0,000" classname="cviceni.StringBuilderAndBufferTest"/>
  <testcase name="testBufferAppendDelete" time="0,001" classname="cviceni.StringBuilderAndBufferTest"/>
  <testcase name="testBuilderAppendDelete" time="0,000" classname="cviceni.StringBuilderAndBufferTest"/>
  <testcase name="testBufferAppend" time="0,000" classname="cviceni.StringBuilderAndBufferTest"/>
  <testcase name="testBuilderAppendDelete" time="0,001" classname="cviceni.StringBuilderAndBufferTest"/>
  <testcase name="testBufferAppendDelete" time="0,000" classname="cviceni.StringBuilderAndBufferTest"/>
  <testcase name="testBuilderAppend" time="0,000" classname="cviceni.StringBuilderAndBufferTest"/>
  <testcase name="testBuilderAppendDelete" time="0,000" classname="cviceni.StringBuilderAndBufferTest"/>
  <testcase name="testBuilderAppend" time="0,000" classname="cviceni.StringBuilderAndBufferTest"/>
  <testcase name="testBufferAppendDelete" time="0,000" classname="cviceni.StringBuilderAndBufferTest"/>
  <testcase name="testBuilderAppendDelete" time="0,001" classname="cviceni.StringBuilderAndBufferTest"/>
  <testcase name="testBufferAppendDelete" time="0,000" classname="cviceni.StringBuilderAndBufferTest"/>
  <testcase name="testBufferAppendDelete" time="0,000" classname="cviceni.StringBuilderAndBufferTest"/>
  <testcase name="testBufferAppend" time="0,000" classname="cviceni.StringBuilderAndBufferTest"/>
  <testcase name="testBufferAppend" time="0,000" classname="cviceni.StringBuilderAndBufferTest"/>
  <testcase name="testBufferAppendDelete" time="0,000" classname="cviceni.StringBuilderAndBufferTest"/>
  <testcase name="testBufferAppend" time="0,000" classname="cviceni.StringBuilderAndBufferTest"/>
  <testcase name="testBufferAppend" time="0,001" classname="cviceni.StringBuilderAndBufferTest"/>
  <testcase name="testBufferAppendDelete" time="0,000" classname="cviceni.StringBuilderAndBufferTest"/>
  <testcase name="testBufferAppendDelete" time="0,000" classname="cviceni.StringBuilderAndBufferTest"/>
  <testcase name="testBuilderAppendDelete" time="0,000" classname="cviceni.StringBuilderAndBufferTest"/>
  <testcase name="testBufferAppendDelete" time="0,000" classname="cviceni.StringBuilderAndBufferTest"/>
  <testcase name="testBuilderAppendDelete" time="0,000" classname="cviceni.StringBuilderAndBufferTest"/>
  <testcase name="testBufferAppendDelete" time="0,000" classname="cviceni.StringBuilderAndBufferTest"/>
  <testcase name="testBufferAppendDelete" time="0,000" classname="cviceni.StringBuilderAndBufferTest"/>
  <testcase name="testBuilderAppendDelete" time="0,001" classname="cviceni.StringBuilderAndBufferTest"/>
  <testcase name="testBuilderAppendDelete" time="0,001" classname="cviceni.StringBuilderAndBufferTest"/>
  <testcase name="testBufferAppend" time="0,000" classname="cviceni.StringBuilderAndBufferTest"/>
  <testcase name="testBufferAppend" time="0,000" classname="cviceni.StringBuilderAndBufferTest"/>
  <testcase name="testBuilderAppendDelete" time="0,001" classname="cviceni.StringBuilderAndBufferTest"/>
  <testcase name="testBufferAppend" time="0,000" classname="cviceni.StringBuilderAndBufferTest"/>
  <testcase name="testBuilderAppend" time="0,000" classname="cviceni.StringBuilderAndBufferTest"/>
  <testcase name="testBufferAppend" time="0,000" classname="cviceni.StringBuilderAndBufferTest"/>
  <testcase name="testBufferAppend" time="0,000" classname="cviceni.StringBuilderAndBufferTest"/>
  <testcase name="testBuilderAppend" time="0,001" classname="cviceni.StringBuilderAndBufferTest"/>
  <testcase name="testBuilderAppendDelete" time="0,000" classname="cviceni.StringBuilderAndBufferTest"/>
  <testcase name="testBuilderAppend" time="0,000" classname="cviceni.StringBuilderAndBufferTest"/>
  <testcase name="testBuilderAppend" time="0,000" classname="cviceni.StringBuilderAndBufferTest"/>
  <testcase name="testBufferAppendDelete" time="0,002" classname="cviceni.StringBuilderAndBufferTest"/>
  <testcase name="testBuilderAppendDelete" time="0,000" classname="cviceni.StringBuilderAndBufferTest"/>
  <testcase name="testBuilderAppend" time="0,000" classname="cviceni.StringBuilderAndBufferTest"/>
  <testcase name="testBufferAppendDelete" time="0,000" classname="cviceni.StringBuilderAndBufferTest"/>
  <testcase name="testBufferAppendDelete" time="0,000" classname="cviceni.StringBuilderAndBufferTest"/>
  <testcase name="testBufferAppend" time="0,001" classname="cviceni.StringBuilderAndBufferTest"/>
  <testcase name="testBufferAppendDelete" time="0,000" classname="cviceni.StringBuilderAndBufferTest"/>
  <testcase name="testBufferAppend" time="0,000" classname="cviceni.StringBuilderAndBufferTest"/>
  <testcase name="testBuilderAppend" time="0,000" classname="cviceni.StringBuilderAndBufferTest"/>
  <testcase name="testBuilderAppend" time="0,000" classname="cviceni.StringBuilderAndBufferTest"/>
  <testcase name="testBufferAppendDelete" time="0,000" classname="cviceni.StringBuilderAndBufferTest"/>
  <testcase name="testBufferAppendDelete" time="0,000" classname="cviceni.StringBuilderAndBufferTest"/>
  <testcase name="testBufferAppend" time="0,000" classname="cviceni.StringBuilderAndBufferTest"/>
  <testcase name="testBufferAppendDelete" time="0,000" classname="cviceni.StringBuilderAndBufferTest"/>
  <testcase name="testBufferAppend" time="0,000" classname="cviceni.StringBuilderAndBufferTest"/>
  <testcase name="testBufferAppendDelete" time="0,000" classname="cviceni.StringBuilderAndBufferTest"/>
  <testcase name="testBuilderAppendDelete" time="0,000" classname="cviceni.StringBuilderAndBufferTest"/>
  <testcase name="testBuilderAppend" time="0,000" classname="cviceni.StringBuilderAndBufferTest"/>
  <testcase name="testBufferAppend" time="0,000" classname="cviceni.StringBuilderAndBufferTest"/>
  <testcase name="testBufferAppend" time="0,000" classname="cviceni.StringBuilderAndBufferTest"/>
  <testcase name="testBufferAppendDelete" time="0,000" classname="cviceni.StringBuilderAndBufferTest"/>
  <testcase name="testBufferAppendDelete" time="0,001" classname="cviceni.StringBuilderAndBufferTest"/>
  <testcase name="testBuilderAppendDelete" time="0,000" classname="cviceni.StringBuilderAndBufferTest"/>
  <testcase name="testBuilderAppend" time="0,000" classname="cviceni.StringBuilderAndBufferTest"/>
  <testcase name="testBuilderAppendDelete" time="0,000" classname="cviceni.StringBuilderAndBufferTest"/>
  <testcase name="testBuilderAppendDelete" time="0,001" classname="cviceni.StringBuilderAndBufferTest"/>
  <testcase name="testBufferAppend" time="0,050" classname="cviceni.StringBuilderAndBufferTest"/>
  <testcase name="testBufferAppendDelete" time="0,000" classname="cviceni.StringBuilderAndBufferTest"/>
  <testcase name="testBufferAppend" time="0,000" classname="cviceni.StringBuilderAndBufferTest"/>
  <testcase name="testBuilderAppend" time="0,000" classname="cviceni.StringBuilderAndBufferTest"/>
  <testcase name="testBufferAppendDelete" time="0,000" classname="cviceni.StringBuilderAndBufferTest"/>
  <testcase name="testBufferAppendDelete" time="0,000" classname="cviceni.StringBuilderAndBufferTest"/>
  <testcase name="testBufferAppend" time="0,000" classname="cviceni.StringBuilderAndBufferTest"/>
  <testcase name="testBuilderAppend" time="0,001" classname="cviceni.StringBuilderAndBufferTest"/>
  <testcase name="testBufferAppend" time="0,000" classname="cviceni.StringBuilderAndBufferTest"/>
  <testcase name="testBufferAppend" time="0,000" classname="cviceni.StringBuilderAndBufferTest"/>
  <testcase name="testBufferAppend" time="0,000" classname="cviceni.StringBuilderAndBufferTest"/>
  <testcase name="testBuilderAppend" time="0,000" classname="cviceni.StringBuilderAndBufferTest"/>
  <testcase name="testBuilderAppendDelete" time="0,000" classname="cviceni.StringBuilderAndBufferTest"/>
  <testcase name="testBuilderAppendDelete" time="0,001" classname="cviceni.StringBuilderAndBufferTest"/>
  <testcase name="testBuilderAppendDelete" time="0,000" classname="cviceni.StringBuilderAndBufferTest"/>
  <testcase name="testBufferAppendDelete" time="0,001" classname="cviceni.StringBuilderAndBufferTest"/>
  <testcase name="testBuilderAppend" time="0,000" classname="cviceni.StringBuilderAndBufferTest"/>
  <testcase name="testBuilderAppendDelete" time="0,002" classname="cviceni.StringBuilderAndBufferTest"/>
  <testcase name="testBuilderAppendDelete" time="0,000" classname="cviceni.StringBuilderAndBufferTest"/>
  <testcase name="testBufferAppendDelete" time="0,000" classname="cviceni.StringBuilderAndBufferTest"/>
  <testcase name="testBufferAppendDelete" time="0,000" classname="cviceni.StringBuilderAndBufferTest"/>
  <testcase name="testBuilderAppendDelete" time="0,000" classname="cviceni.StringBuilderAndBufferTest"/>
  <testcase name="testBufferAppend" time="0,001" classname="cviceni.StringBuilderAndBufferTest"/>
  <testcase name="testBuilderAppendDelete" time="0,000" classname="cviceni.StringBuilderAndBufferTest"/>
  <testcase name="testBuilderAppendDelete" time="0,001" classname="cviceni.StringBuilderAndBufferTest"/>
  <testcase name="testBuilderAppend" time="0,000" classname="cviceni.StringBuilderAndBufferTest"/>
  <testcase name="testBuilderAppend" time="0,000" classname="cviceni.StringBuilderAndBufferTest"/>
  <testcase name="testBufferAppendDelete" time="0,000" classname="cviceni.StringBuilderAndBufferTest"/>
  <testcase name="testBuilderAppendDelete" time="0,000" classname="cviceni.StringBuilderAndBufferTest"/>
  <testcase name="testBuilderAppend" time="0,000" classname="cviceni.StringBuilderAndBufferTest"/>
  <testcase name="testBuilderAppendDelete" time="0,000" classname="cviceni.StringBuilderAndBufferTest"/>
  <testcase name="testBufferAppend" time="0,000" classname="cviceni.StringBuilderAndBufferTest"/>
  <testcase name="testBuilderAppendDelete" time="0,000" classname="cviceni.StringBuilderAndBufferTest"/>
  <testcase name="testBuilderAppendDelete" time="0,000" classname="cviceni.StringBuilderAndBufferTest"/>
  <testcase name="testBuilderAppendDelete" time="0,000" classname="cviceni.StringBuilderAndBufferTest"/>
  <testcase name="testBuilderAppend" time="0,001" classname="cviceni.StringBuilderAndBufferTest"/>
  <testcase name="testBufferAppendDelete" time="0,001" classname="cviceni.StringBuilderAndBufferTest"/>
  <testcase name="testBufferAppendDelete" time="0,000" classname="cviceni.StringBuilderAndBufferTest"/>
  <testcase name="testBuilderAppendDelete" time="0,000" classname="cviceni.StringBuilderAndBufferTest"/>
  <testcase name="testBuilderAppendDelete" time="0,000" classname="cviceni.StringBuilderAndBufferTest"/>
  <testcase name="testBufferAppendDelete" time="0,000" classname="cviceni.StringBuilderAndBufferTest"/>
  <testcase name="testBufferAppendDelete" time="0,000" classname="cviceni.StringBuilderAndBufferTest"/>
  <testcase name="testBufferAppend" time="0,000" classname="cviceni.StringBuilderAndBufferTest"/>
  <testcase name="testBufferAppendDelete" time="0,001" classname="cviceni.StringBuilderAndBufferTest"/>
  <testcase name="testBufferAppend" time="0,001" classname="cviceni.StringBuilderAndBufferTest"/>
  <testcase name="testBuilderAppend" time="0,001" classname="cviceni.StringBuilderAndBufferTest"/>
  <testcase name="testBufferAppendDelete" time="0,001" classname="cviceni.StringBuilderAndBufferTest"/>
  <testcase name="testBuilderAppendDelete" time="0,000" classname="cviceni.StringBuilderAndBufferTest"/>
  <testcase name="testBuilderAppendDelete" time="0,000" classname="cviceni.StringBuilderAndBufferTest"/>
  <testcase name="testBuilderAppendDelete" time="0,001" classname="cviceni.StringBuilderAndBufferTest"/>
  <testcase name="testBufferAppendDelete" time="0,000" classname="cviceni.StringBuilderAndBufferTest"/>
  <testcase name="testBufferAppend" time="0,000" classname="cviceni.StringBuilderAndBufferTest"/>
  <testcase name="testBufferAppendDelete" time="0,000" classname="cviceni.StringBuilderAndBufferTest"/>
  <testcase name="testBuilderAppend" time="0,000" classname="cviceni.StringBuilderAndBufferTest"/>
  <testcase name="testBuilderAppendDelete" time="0,001" classname="cviceni.StringBuilderAndBufferTest"/>
  <testcase name="testBufferAppend" time="0,001" classname="cviceni.StringBuilderAndBufferTest"/>
  <testcase name="testBufferAppendDelete" time="0,001" classname="cviceni.StringBuilderAndBufferTest"/>
  <testcase name="testBufferAppendDelete" time="0,000" classname="cviceni.StringBuilderAndBufferTest"/>
  <testcase name="testBuilderAppend" time="0,000" classname="cviceni.StringBuilderAndBufferTest"/>
  <testcase name="testBuilderAppendDelete" time="0,000" classname="cviceni.StringBuilderAndBufferTest"/>
  <testcase name="testBuilderAppendDelete" time="0,000" classname="cviceni.StringBuilderAndBufferTest"/>
  <testcase name="testBuilderAppend" time="0,001" classname="cviceni.StringBuilderAndBufferTest"/>
  <testcase name="testBufferAppend" time="0,000" classname="cviceni.StringBuilderAndBufferTest"/>
  <testcase name="testBuilderAppendDelete" time="0,000" classname="cviceni.StringBuilderAndBufferTest"/>
  <testcase name="testBuilderAppend" time="0,000" classname="cviceni.StringBuilderAndBufferTest"/>
  <testcase name="testBufferAppend" time="0,000" classname="cviceni.StringBuilderAndBufferTest"/>
  <testcase name="testBufferAppend" time="0,000" classname="cviceni.StringBuilderAndBufferTest"/>
  <testcase name="testBufferAppend" time="0,001" classname="cviceni.StringBuilderAndBufferTest"/>
  <testcase name="testBuilderAppend" time="0,000" classname="cviceni.StringBuilderAndBufferTest"/>
  <testcase name="testBuilderAppendDelete" time="0,000" classname="cviceni.StringBuilderAndBufferTest"/>
  <testcase name="testBuilderAppend" time="0,001" classname="cviceni.StringBuilderAndBufferTest"/>
  <testcase name="testBufferAppend" time="0,000" classname="cviceni.StringBuilderAndBufferTest"/>
  <testcase name="testBuilderAppendDelete" time="0,000" classname="cviceni.StringBuilderAndBufferTest"/>
  <testcase name="testBufferAppend" time="0,001" classname="cviceni.StringBuilderAndBufferTest"/>
  <testcase name="testBuilderAppendDelete" time="0,001" classname="cviceni.StringBuilderAndBufferTest"/>
  <testcase name="testBuilderAppend" time="0,001" classname="cviceni.StringBuilderAndBufferTest"/>
  <testcase name="testBuilderAppendDelete" time="0,000" classname="cviceni.StringBuilderAndBufferTest"/>
  <testcase name="testBuilderAppendDelete" time="0,000" classname="cviceni.StringBuilderAndBufferTest"/>
  <testcase name="testBuilderAppendDelete" time="0,000" classname="cviceni.StringBuilderAndBufferTest"/>
  <testcase name="testBufferAppendDelete" time="0,000" classname="cviceni.StringBuilderAndBufferTest"/>
  <testcase name="testBufferAppendDelete" time="0,000" classname="cviceni.StringBuilderAndBufferTest"/>
  <testcase name="testBuilderAppendDelete" time="0,001" classname="cviceni.StringBuilderAndBufferTest"/>
  <testcase name="testBuilderAppend" time="0,000" classname="cviceni.StringBuilderAndBufferTest"/>
  <testcase name="testBuilderAppendDelete" time="0,001" classname="cviceni.StringBuilderAndBufferTest"/>
  <testcase name="testBuilderAppendDelete" time="0,000" classname="cviceni.StringBuilderAndBufferTest"/>
  <testcase name="testBufferAppend" time="0,000" classname="cviceni.StringBuilderAndBufferTest"/>
  <testcase name="testBufferAppend" time="0,000" classname="cviceni.StringBuilderAndBufferTest"/>
  <testcase name="testBufferAppendDelete" time="0,000" classname="cviceni.StringBuilderAndBufferTest"/>
  <testcase name="testBuilderAppendDelete" time="0,000" classname="cviceni.StringBuilderAndBufferTest"/>
  <testcase name="testBuilderAppendDelete" time="0,000" classname="cviceni.StringBuilderAndBufferTest"/>
  <testcase name="testBuilderAppendDelete" time="0,001" classname="cviceni.StringBuilderAndBufferTest"/>
  <testcase name="testBufferAppend" time="0,001" classname="cviceni.StringBuilderAndBufferTest"/>
  <testcase name="testBufferAppend" time="0,001" classname="cviceni.StringBuilderAndBufferTest"/>
  <testcase name="testBufferAppendDelete" time="0,000" classname="cviceni.StringBuilderAndBufferTest"/>
  <testcase name="testBuilderAppendDelete" time="0,001" classname="cviceni.StringBuilderAndBufferTest"/>
  <testcase name="testBuilderAppend" time="0,000" classname="cviceni.StringBuilderAndBufferTest"/>
  <testcase name="testBuilderAppendDelete" time="0,000" classname="cviceni.StringBuilderAndBufferTest"/>
  <testcase name="testBuilderAppend" time="0,001" classname="cviceni.StringBuilderAndBufferTest"/>
  <testcase name="testBuilderAppend" time="0,000" classname="cviceni.StringBuilderAndBufferTest"/>
  <testcase name="testBuilderAppendDelete" time="0,000" classname="cviceni.StringBuilderAndBufferTest"/>
  <testcase name="testBuilderAppendDelete" time="0,000" classname="cviceni.StringBuilderAndBufferTest"/>
  <testcase name="testBufferAppendDelete" time="0,000" classname="cviceni.StringBuilderAndBufferTest"/>
  <testcase name="testBufferAppendDelete" time="0,001" classname="cviceni.StringBuilderAndBufferTest"/>
  <testcase name="testBuilderAppendDelete" time="0,001" classname="cviceni.StringBuilderAndBufferTest"/>
  <testcase name="testBuilderAppend" time="0,011" classname="cviceni.StringBuilderAndBufferTest"/>
  <testcase name="testBuilderAppend" time="0,000" classname="cviceni.StringBuilderAndBufferTest"/>
  <testcase name="testBuilderAppendDelete" time="0,000" classname="cviceni.StringBuilderAndBufferTest"/>
  <testcase name="testBufferAppendDelete" time="0,001" classname="cviceni.StringBuilderAndBufferTest"/>
  <testcase name="testBufferAppendDelete" time="0,000" classname="cviceni.StringBuilderAndBufferTest"/>
  <testcase name="testBuilderAppendDelete" time="0,000" classname="cviceni.StringBuilderAndBufferTest"/>
  <testcase name="testBufferAppendDelete" time="0,000" classname="cviceni.StringBuilderAndBufferTest"/>
  <testcase name="testBuilderAppend" time="0,000" classname="cviceni.StringBuilderAndBufferTest"/>
  <testcase name="testBuilderAppend" time="0,000" classname="cviceni.StringBuilderAndBufferTest"/>
  <testcase name="testBufferAppendDelete" time="0,001" classname="cviceni.StringBuilderAndBufferTest"/>
  <testcase name="testBufferAppend" time="0,000" classname="cviceni.StringBuilderAndBufferTest"/>
  <testcase name="testBufferAppendDelete" time="0,000" classname="cviceni.StringBuilderAndBufferTest"/>
  <testcase name="testBufferAppendDelete" time="0,000" classname="cviceni.StringBuilderAndBufferTest"/>
  <testcase name="testBufferAppendDelete" time="0,000" classname="cviceni.StringBuilderAndBufferTest"/>
  <testcase name="testBuilderAppendDelete" time="0,001" classname="cviceni.StringBuilderAndBufferTest"/>
  <testcase name="testBufferAppend" time="0,001" classname="cviceni.StringBuilderAndBufferTest"/>
  <testcase name="testBufferAppendDelete" time="0,000" classname="cviceni.StringBuilderAndBufferTest"/>
  <testcase name="testBuilderAppend" time="0,000" classname="cviceni.StringBuilderAndBufferTest"/>
  <testcase name="testBuilderAppendDelete" time="0,000" classname="cviceni.StringBuilderAndBufferTest"/>
  <testcase name="testBuilderAppendDelete" time="0,000" classname="cviceni.StringBuilderAndBufferTest"/>
  <testcase name="testBufferAppend" time="0,000" classname="cviceni.StringBuilderAndBufferTest"/>
  <testcase name="testBufferAppendDelete" time="0,000" classname="cviceni.StringBuilderAndBufferTest"/>
  <testcase name="testBufferAppendDelete" time="0,000" classname="cviceni.StringBuilderAndBufferTest"/>
  <testcase name="testBuilderAppend" time="0,000" classname="cviceni.StringBuilderAndBufferTest"/>
  <testcase name="testBuilderAppend" time="0,001" classname="cviceni.StringBuilderAndBufferTest"/>
  <testcase name="testBuilderAppendDelete" time="0,000" classname="cviceni.StringBuilderAndBufferTest"/>
  <testcase name="testBuilderAppend" time="0,001" classname="cviceni.StringBuilderAndBufferTest"/>
  <testcase name="testBuilderAppend" time="0,000" classname="cviceni.StringBuilderAndBufferTest"/>
  <testcase name="testBuilderAppend" time="0,031" classname="cviceni.StringBuilderAndBufferTest"/>
  <testcase name="testBufferAppendDelete" time="0,000" classname="cviceni.StringBuilderAndBufferTest"/>
  <testcase name="testBuilderAppendDelete" time="0,000" classname="cviceni.StringBuilderAndBufferTest"/>
  <testcase name="testBufferAppendDelete" time="0,001" classname="cviceni.StringBuilderAndBufferTest"/>
  <testcase name="testBuilderAppend" time="0,000" classname="cviceni.StringBuilderAndBufferTest"/>
  <testcase name="testBuilderAppendDelete" time="0,000" classname="cviceni.StringBuilderAndBufferTest"/>
  <testcase name="testBufferAppend" time="0,000" classname="cviceni.StringBuilderAndBufferTest"/>
  <testcase name="testBufferAppend" time="0,000" classname="cviceni.StringBuilderAndBufferTest"/>
  <testcase name="testBufferAppend" time="0,000" classname="cviceni.StringBuilderAndBufferTest"/>
  <testcase name="testBuilderAppendDelete" time="0,001" classname="cviceni.StringBuilderAndBufferTest"/>
  <testcase name="testBufferAppendDelete" time="0,000" classname="cviceni.StringBuilderAndBufferTest"/>
  <testcase name="testBufferAppendDelete" time="0,000" classname="cviceni.StringBuilderAndBufferTest"/>
  <testcase name="testBuilderAppend" time="0,000" classname="cviceni.StringBuilderAndBufferTest"/>
  <testcase name="testBuilderAppend" time="0,000" classname="cviceni.StringBuilderAndBufferTest"/>
  <testcase name="testBufferAppendDelete" time="0,001" classname="cviceni.StringBuilderAndBufferTest"/>
  <testcase name="testBufferAppendDelete" time="0,001" classname="cviceni.StringBuilderAndBufferTest"/>
  <testcase name="testBufferAppendDelete" time="0,000" classname="cviceni.StringBuilderAndBufferTest"/>
  <testcase name="testBufferAppendDelete" time="0,000" classname="cviceni.StringBuilderAndBufferTest"/>
  <testcase name="testBuilderAppend" time="0,000" classname="cviceni.StringBuilderAndBufferTest"/>
  <testcase name="testBuilderAppendDelete" time="0,001" classname="cviceni.StringBuilderAndBufferTest"/>
  <testcase name="testBufferAppend" time="0,000" classname="cviceni.StringBuilderAndBufferTest"/>
  <testcase name="testBufferAppend" time="0,000" classname="cviceni.StringBuilderAndBufferTest"/>
  <testcase name="testBuilderAppend" time="0,001" classname="cviceni.StringBuilderAndBufferTest"/>
  <testcase name="testBufferAppendDelete" time="0,000" classname="cviceni.StringBuilderAndBufferTest"/>
  <testcase name="testBufferAppendDelete" time="0,000" classname="cviceni.StringBuilderAndBufferTest"/>
  <testcase name="testBufferAppend" time="0,000" classname="cviceni.StringBuilderAndBufferTest"/>
  <testcase name="testBuilderAppend" time="0,000" classname="cviceni.StringBuilderAndBufferTest"/>
  <testcase name="testBufferAppend" time="0,000" classname="cviceni.StringBuilderAndBufferTest"/>
  <testcase name="testBufferAppendDelete" time="0,000" classname="cviceni.StringBuilderAndBufferTest"/>
  <testcase name="testBuilderAppend" time="0,000" classname="cviceni.StringBuilderAndBufferTest"/>
  <testcase name="testBufferAppend" time="0,000" classname="cviceni.StringBuilderAndBufferTest"/>
  <testcase name="testBufferAppend" time="0,000" classname="cviceni.StringBuilderAndBufferTest"/>
  <testcase name="testBuilderAppend" time="0,000" classname="cviceni.StringBuilderAndBufferTest"/>
  <testcase name="testBuilderAppendDelete" time="0,044" classname="cviceni.StringBuilderAndBufferTest"/>
  <testcase name="testBuilderAppendDelete" time="0,000" classname="cviceni.StringBuilderAndBufferTest"/>
  <testcase name="testBufferAppend" time="0,000" classname="cviceni.StringBuilderAndBufferTest"/>
  <testcase name="testBufferAppend" time="0,000" classname="cviceni.StringBuilderAndBufferTest"/>
  <testcase name="testBuilderAppend" time="0,000" classname="cviceni.StringBuilderAndBufferTest"/>
  <testcase name="testBuilderAppend" time="0,000" classname="cviceni.StringBuilderAndBufferTest"/>
  <testcase name="testBuilderAppend" time="0,001" classname="cviceni.StringBuilderAndBufferTest"/>
  <testcase name="testBuilderAppendDelete" time="0,000" classname="cviceni.StringBuilderAndBufferTest"/>
  <testcase name="testBuilderAppendDelete" time="0,001" classname="cviceni.StringBuilderAndBufferTest"/>
  <testcase name="testBuilderAppend" time="0,000" classname="cviceni.StringBuilderAndBufferTest"/>
  <testcase name="testBufferAppend" time="0,001" classname="cviceni.StringBuilderAndBufferTest"/>
  <testcase name="testBufferAppend" time="0,001" classname="cviceni.StringBuilderAndBufferTest"/>
  <testcase name="testBuilderAppendDelete" time="0,001" classname="cviceni.StringBuilderAndBufferTest"/>
  <testcase name="testBufferAppend" time="0,001" classname="cviceni.StringBuilderAndBufferTest"/>
  <testcase name="testBuilderAppendDelete" time="0,001" classname="cviceni.StringBuilderAndBufferTest"/>
  <testcase name="testBuilderAppendDelete" time="0,000" classname="cviceni.StringBuilderAndBufferTest"/>
  <testcase name="testBuilderAppend" time="0,000" classname="cviceni.StringBuilderAndBufferTest"/>
  <testcase name="testBuilderAppend" time="0,000" classname="cviceni.StringBuilderAndBufferTest"/>
  <testcase name="testBuilderAppend" time="0,001" classname="cviceni.StringBuilderAndBufferTest"/>
  <testcase name="testBufferAppend" time="0,000" classname="cviceni.StringBuilderAndBufferTest"/>
  <testcase name="testBuilderAppend" time="0,000" classname="cviceni.StringBuilderAndBufferTest"/>
  <testcase name="testBufferAppend" time="0,000" classname="cviceni.StringBuilderAndBufferTest"/>
  <testcase name="testBufferAppendDelete" time="0,001" classname="cviceni.StringBuilderAndBufferTest"/>
  <testcase name="testBufferAppend" time="0,000" classname="cviceni.StringBuilderAndBufferTest"/>
  <testcase name="testBufferAppendDelete" time="0,000" classname="cviceni.StringBuilderAndBufferTest"/>
  <testcase name="testBufferAppend" time="0,000" classname="cviceni.StringBuilderAndBufferTest"/>
  <testcase name="testBufferAppendDelete" time="0,000" classname="cviceni.StringBuilderAndBufferTest"/>
  <testcase name="testBufferAppend" time="0,000" classname="cviceni.StringBuilderAndBufferTest"/>
  <testcase name="testBuilderAppend" time="0,000" classname="cviceni.StringBuilderAndBufferTest"/>
  <testcase name="testBuilderAppend" time="0,000" classname="cviceni.StringBuilderAndBufferTest"/>
  <testcase name="testBuilderAppendDelete" time="0,000" classname="cviceni.StringBuilderAndBufferTest"/>
  <testcase name="testBufferAppend" time="0,000" classname="cviceni.StringBuilderAndBufferTest"/>
  <testcase name="testBuilderAppendDelete" time="0,000" classname="cviceni.StringBuilderAndBufferTest"/>
  <testcase name="testBufferAppend" time="0,001" classname="cviceni.StringBuilderAndBufferTest"/>
  <testcase name="testBufferAppendDelete" time="0,000" classname="cviceni.StringBuilderAndBufferTest"/>
  <testcase name="testBuilderAppend" time="0,001" classname="cviceni.StringBuilderAndBufferTest"/>
  <testcase name="testBuilderAppend" time="0,000" classname="cviceni.StringBuilderAndBufferTest"/>
  <testcase name="testBuilderAppend" time="0,000" classname="cviceni.StringBuilderAndBufferTest"/>
  <testcase name="testBuilderAppend" time="0,001" classname="cviceni.StringBuilderAndBufferTest"/>
  <testcase name="testBufferAppendDelete" time="0,000" classname="cviceni.StringBuilderAndBufferTest"/>
  <testcase name="testBufferAppend" time="0,000" classname="cviceni.StringBuilderAndBufferTest"/>
  <testcase name="testBufferAppendDelete" time="0,000" classname="cviceni.StringBuilderAndBufferTest"/>
  <testcase name="testBuilderAppend" time="0,000" classname="cviceni.StringBuilderAndBufferTest"/>
  <testcase name="testBuilderAppendDelete" time="0,000" classname="cviceni.StringBuilderAndBufferTest"/>
  <testcase name="testBuilderAppend" time="0,000" classname="cviceni.StringBuilderAndBufferTest"/>
  <testcase name="testBuilderAppend" time="0,000" classname="cviceni.StringBuilderAndBufferTest"/>
  <testcase name="testBufferAppendDelete" time="0,001" classname="cviceni.StringBuilderAndBufferTest"/>
  <testcase name="testBuilderAppendDelete" time="0,001" classname="cviceni.StringBuilderAndBufferTest"/>
  <testcase name="testBuilderAppend" time="0,000" classname="cviceni.StringBuilderAndBufferTest"/>
  <testcase name="testBufferAppend" time="0,001" classname="cviceni.StringBuilderAndBufferTest"/>
  <testcase name="testBuilderAppendDelete" time="0,000" classname="cviceni.StringBuilderAndBufferTest"/>
  <testcase name="testBuilderAppend" time="0,000" classname="cviceni.StringBuilderAndBufferTest"/>
  <testcase name="testBuilderAppend" time="0,001" classname="cviceni.StringBuilderAndBufferTest"/>
  <testcase name="testBufferAppendDelete" time="0,000" classname="cviceni.StringBuilderAndBufferTest"/>
  <testcase name="testBuilderAppendDelete" time="0,000" classname="cviceni.StringBuilderAndBufferTest"/>
  <testcase name="testBufferAppend" time="0,000" classname="cviceni.StringBuilderAndBufferTest"/>
  <testcase name="testBufferAppend" time="0,000" classname="cviceni.StringBuilderAndBufferTest"/>
  <testcase name="testBuilderAppendDelete" time="0,000" classname="cviceni.StringBuilderAndBufferTest"/>
  <testcase name="testBuilderAppend" time="0,001" classname="cviceni.StringBuilderAndBufferTest"/>
  <testcase name="testBuilderAppend" time="0,000" classname="cviceni.StringBuilderAndBufferTest"/>
  <testcase name="testBufferAppend" time="0,001" classname="cviceni.StringBuilderAndBufferTest"/>
  <testcase name="testBuilderAppendDelete" time="0,000" classname="cviceni.StringBuilderAndBufferTest"/>
  <testcase name="testBufferAppendDelete" time="0,000" classname="cviceni.StringBuilderAndBufferTest"/>
  <testcase name="testBuilderAppendDelete" time="0,000" classname="cviceni.StringBuilderAndBufferTest"/>
  <testcase name="testBuilderAppend" time="0,001" classname="cviceni.StringBuilderAndBufferTest"/>
  <testcase name="testBufferAppendDelete" time="0,000" classname="cviceni.StringBuilderAndBufferTest"/>
  <testcase name="testBufferAppendDelete" time="0,001" classname="cviceni.StringBuilderAndBufferTest"/>
  <testcase name="testBufferAppendDelete" time="0,000" classname="cviceni.StringBuilderAndBufferTest"/>
  <testcase name="testBuilderAppendDelete" time="0,001" classname="cviceni.StringBuilderAndBufferTest"/>
  <testcase name="testBufferAppendDelete" time="0,000" classname="cviceni.StringBuilderAndBufferTest"/>
  <testcase name="testBufferAppend" time="0,000" classname="cviceni.StringBuilderAndBufferTest"/>
  <testcase name="testBufferAppendDelete" time="0,000" classname="cviceni.StringBuilderAndBufferTest"/>
  <testcase name="testBufferAppend" time="0,000" classname="cviceni.StringBuilderAndBufferTest"/>
  <testcase name="testBufferAppendDelete" time="0,000" classname="cviceni.StringBuilderAndBufferTest"/>
  <testcase name="testBufferAppend" time="0,001" classname="cviceni.StringBuilderAndBufferTest"/>
  <testcase name="testBuilderAppend" time="0,000" classname="cviceni.StringBuilderAndBufferTest"/>
  <testcase name="testBufferAppend" time="0,000" classname="cviceni.StringBuilderAndBufferTest"/>
  <testcase name="testBufferAppendDelete" time="0,000" classname="cviceni.StringBuilderAndBufferTest"/>
  <testcase name="testBuilderAppendDelete" time="0,000" classname="cviceni.StringBuilderAndBufferTest"/>
  <testcase name="testBuilderAppendDelete" time="0,000" classname="cviceni.StringBuilderAndBufferTest"/>
  <testcase name="testBuilderAppend" time="0,001" classname="cviceni.StringBuilderAndBufferTest"/>
  <testcase name="testBufferAppend" time="0,000" classname="cviceni.StringBuilderAndBufferTest"/>
  <testcase name="testBuilderAppend" time="0,001" classname="cviceni.StringBuilderAndBufferTest"/>
  <testcase name="testBuilderAppend" time="0,000" classname="cviceni.StringBuilderAndBufferTest"/>
  <testcase name="testBufferAppendDelete" time="0,000" classname="cviceni.StringBuilderAndBufferTest"/>
  <testcase name="testBufferAppend" time="0,000" classname="cviceni.StringBuilderAndBufferTest"/>
  <testcase name="testBufferAppendDelete" time="0,000" classname="cviceni.StringBuilderAndBufferTest"/>
  <testcase name="testBuilderAppendDelete" time="0,000" classname="cviceni.StringBuilderAndBufferTest"/>
  <testcase name="testBufferAppendDelete" time="0,001" classname="cviceni.StringBuilderAndBufferTest"/>
  <testcase name="testBufferAppendDelete" time="0,000" classname="cviceni.StringBuilderAndBufferTest"/>
  <testcase name="testBuilderAppend" time="0,000" classname="cviceni.StringBuilderAndBufferTest"/>
  <testcase name="testBufferAppend" time="0,001" classname="cviceni.StringBuilderAndBufferTest"/>
  <testcase name="testBuilderAppendDelete" time="0,000" classname="cviceni.StringBuilderAndBufferTest"/>
  <testcase name="testBufferAppend" time="0,000" classname="cviceni.StringBuilderAndBufferTest"/>
  <testcase name="testBuilderAppendDelete" time="0,001" classname="cviceni.StringBuilderAndBufferTest"/>
  <testcase name="testBuilderAppend" time="0,000" classname="cviceni.StringBuilderAndBufferTest"/>
  <testcase name="testBuilderAppend" time="0,030" classname="cviceni.StringBuilderAndBufferTest"/>
  <testcase name="testBufferAppend" time="0,000" classname="cviceni.StringBuilderAndBufferTest"/>
  <testcase name="testBufferAppendDelete" time="0,001" classname="cviceni.StringBuilderAndBufferTest"/>
  <testcase name="testBufferAppend" time="0,001" classname="cviceni.StringBuilderAndBufferTest"/>
  <testcase name="testBuilderAppendDelete" time="0,000" classname="cviceni.StringBuilderAndBufferTest"/>
  <testcase name="testBufferAppendDelete" time="0,001" classname="cviceni.StringBuilderAndBufferTest"/>
  <testcase name="testBuilderAppendDelete" time="0,000" classname="cviceni.StringBuilderAndBufferTest"/>
  <testcase name="testBuilderAppendDelete" time="0,000" classname="cviceni.StringBuilderAndBufferTest"/>
  <testcase name="testBuilderAppendDelete" time="0,000" classname="cviceni.StringBuilderAndBufferTest"/>
  <testcase name="testBufferAppendDelete" time="0,000" classname="cviceni.StringBuilderAndBufferTest"/>
  <testcase name="testBufferAppend" time="0,001" classname="cviceni.StringBuilderAndBufferTest"/>
  <testcase name="testBufferAppend" time="0,000" classname="cviceni.StringBuilderAndBufferTest"/>
  <testcase name="testBuilderAppendDelete" time="0,001" classname="cviceni.StringBuilderAndBufferTest"/>
  <testcase name="testBufferAppendDelete" time="0,000" classname="cviceni.StringBuilderAndBufferTest"/>
  <testcase name="testBuilderAppend" time="0,000" classname="cviceni.StringBuilderAndBufferTest"/>
  <testcase name="testBufferAppend" time="0,000" classname="cviceni.StringBuilderAndBufferTest"/>
  <testcase name="testBuilderAppendDelete" time="0,001" classname="cviceni.StringBuilderAndBufferTest"/>
  <testcase name="testBuilderAppendDelete" time="0,000" classname="cviceni.StringBuilderAndBufferTest"/>
  <testcase name="testBufferAppendDelete" time="0,000" classname="cviceni.StringBuilderAndBufferTest"/>
  <testcase name="testBuilderAppendDelete" time="0,001" classname="cviceni.StringBuilderAndBufferTest"/>
  <testcase name="testBufferAppendDelete" time="0,000" classname="cviceni.StringBuilderAndBufferTest"/>
  <testcase name="testBufferAppendDelete" time="0,001" classname="cviceni.StringBuilderAndBufferTest"/>
  <testcase name="testBufferAppend" time="0,000" classname="cviceni.StringBuilderAndBufferTest"/>
  <testcase name="testBufferAppendDelete" time="0,000" classname="cviceni.StringBuilderAndBufferTest"/>
  <testcase name="testBuilderAppendDelete" time="0,001" classname="cviceni.StringBuilderAndBufferTest"/>
  <testcase name="testBuilderAppendDelete" time="0,000" classname="cviceni.StringBuilderAndBufferTest"/>
  <testcase name="testBuilderAppendDelete" time="0,001" classname="cviceni.StringBuilderAndBufferTest"/>
  <testcase name="testBufferAppendDelete" time="0,000" classname="cviceni.StringBuilderAndBufferTest"/>
  <testcase name="testBuilderAppend" time="0,000" classname="cviceni.StringBuilderAndBufferTest"/>
  <testcase name="testBufferAppendDelete" time="0,001" classname="cviceni.StringBuilderAndBufferTest"/>
  <testcase name="testBufferAppend" time="0,001" classname="cviceni.StringBuilderAndBufferTest"/>
  <testcase name="testBufferAppend" time="0,000" classname="cviceni.StringBuilderAndBufferTest"/>
  <testcase name="testBufferAppendDelete" time="0,001" classname="cviceni.StringBuilderAndBufferTest"/>
  <testcase name="testBufferAppendDelete" time="0,000" classname="cviceni.StringBuilderAndBufferTest"/>
  <testcase name="testBuilderAppendDelete" time="0,018" classname="cviceni.StringBuilderAndBufferTest"/>
  <testcase name="testBuilderAppend" time="0,001" classname="cviceni.StringBuilderAndBufferTest"/>
  <testcase name="testBufferAppendDelete" time="0,000" classname="cviceni.StringBuilderAndBufferTest"/>
  <testcase name="testBuilderAppend" time="0,000" classname="cviceni.StringBuilderAndBufferTest"/>
  <testcase name="testBufferAppendDelete" time="0,000" classname="cviceni.StringBuilderAndBufferTest"/>
  <testcase name="testBufferAppend" time="0,000" classname="cviceni.StringBuilderAndBufferTest"/>
  <testcase name="testBufferAppendDelete" time="0,001" classname="cviceni.StringBuilderAndBufferTest"/>
  <testcase name="testBuilderAppend" time="0,000" classname="cviceni.StringBuilderAndBufferTest"/>
  <testcase name="testBufferAppendDelete" time="0,000" classname="cviceni.StringBuilderAndBufferTest"/>
  <testcase name="testBufferAppend" time="0,000" classname="cviceni.StringBuilderAndBufferTest"/>
  <testcase name="testBufferAppendDelete" time="0,000" classname="cviceni.StringBuilderAndBufferTest"/>
  <testcase name="testBufferAppend" time="0,000" classname="cviceni.StringBuilderAndBufferTest"/>
  <testcase name="testBufferAppendDelete" time="0,000" classname="cviceni.StringBuilderAndBufferTest"/>
  <testcase name="testBuilderAppendDelete" time="0,001" classname="cviceni.StringBuilderAndBufferTest"/>
  <testcase name="testBuilderAppendDelete" time="0,001" classname="cviceni.StringBuilderAndBufferTest"/>
  <testcase name="testBufferAppendDelete" time="0,001" classname="cviceni.StringBuilderAndBufferTest"/>
  <testcase name="testBuilderAppendDelete" time="0,000" classname="cviceni.StringBuilderAndBufferTest"/>
  <testcase name="testBufferAppendDelete" time="0,000" classname="cviceni.StringBuilderAndBufferTest"/>
  <testcase name="testBuilderAppendDelete" time="0,005" classname="cviceni.StringBuilderAndBufferTest"/>
  <testcase name="testBuilderAppend" time="0,000" classname="cviceni.StringBuilderAndBufferTest"/>
  <testcase name="testBuilderAppend" time="0,001" classname="cviceni.StringBuilderAndBufferTest"/>
  <testcase name="testBufferAppend" time="0,000" classname="cviceni.StringBuilderAndBufferTest"/>
  <testcase name="testBufferAppendDelete" time="0,000" classname="cviceni.StringBuilderAndBufferTest"/>
  <testcase name="testBuilderAppendDelete" time="0,000" classname="cviceni.StringBuilderAndBufferTest"/>
  <testcase name="testBufferAppend" time="0,001" classname="cviceni.StringBuilderAndBufferTest"/>
  <testcase name="testBuilderAppendDelete" time="0,000" classname="cviceni.StringBuilderAndBufferTest"/>
  <testcase name="testBufferAppend" time="0,000" classname="cviceni.StringBuilderAndBufferTest"/>
  <testcase name="testBufferAppend" time="0,000" classname="cviceni.StringBuilderAndBufferTest"/>
  <testcase name="testBuilderAppend" time="0,000" classname="cviceni.StringBuilderAndBufferTest"/>
  <testcase name="testBufferAppend" time="0,001" classname="cviceni.StringBuilderAndBufferTest"/>
  <testcase name="testBuilderAppendDelete" time="0,007" classname="cviceni.StringBuilderAndBufferTest"/>
  <testcase name="testBufferAppend" time="0,000" classname="cviceni.StringBuilderAndBufferTest"/>
  <testcase name="testBufferAppendDelete" time="0,000" classname="cviceni.StringBuilderAndBufferTest"/>
  <testcase name="testBufferAppend" time="0,000" classname="cviceni.StringBuilderAndBufferTest"/>
  <testcase name="testBuilderAppendDelete" time="0,001" classname="cviceni.StringBuilderAndBufferTest"/>
  <testcase name="testBufferAppend" time="0,001" classname="cviceni.StringBuilderAndBufferTest"/>
  <testcase name="testBufferAppendDelete" time="0,068" classname="cviceni.StringBuilderAndBufferTest"/>
  <testcase name="testBuilderAppend" time="0,000" classname="cviceni.StringBuilderAndBufferTest"/>
  <testcase name="testBuilderAppend" time="0,000" classname="cviceni.StringBuilderAndBufferTest"/>
  <testcase name="testBufferAppend" time="0,000" classname="cviceni.StringBuilderAndBufferTest"/>
  <testcase name="testBuilderAppendDelete" time="0,000" classname="cviceni.StringBuilderAndBufferTest"/>
  <testcase name="testBuilderAppendDelete" time="0,000" classname="cviceni.StringBuilderAndBufferTest"/>
  <testcase name="testBufferAppendDelete" time="0,000" classname="cviceni.StringBuilderAndBufferTest"/>
  <testcase name="testBuilderAppend" time="0,000" classname="cviceni.StringBuilderAndBufferTest"/>
  <testcase name="testBufferAppend" time="0,001" classname="cviceni.StringBuilderAndBufferTest"/>
  <testcase name="testBuilderAppendDelete" time="0,000" classname="cviceni.StringBuilderAndBufferTest"/>
  <testcase name="testBufferAppendDelete" time="0,000" classname="cviceni.StringBuilderAndBufferTest"/>
  <testcase name="testBuilderAppend" time="0,000" classname="cviceni.StringBuilderAndBufferTest"/>
  <testcase name="testBufferAppendDelete" time="0,000" classname="cviceni.StringBuilderAndBufferTest"/>
  <testcase name="testBuilderAppendDelete" time="0,000" classname="cviceni.StringBuilderAndBufferTest"/>
  <testcase name="testBuilderAppendDelete" time="0,000" classname="cviceni.StringBuilderAndBufferTest"/>
  <testcase name="testBufferAppend" time="0,001" classname="cviceni.StringBuilderAndBufferTest"/>
  <testcase name="testBuilderAppendDelete" time="0,000" classname="cviceni.StringBuilderAndBufferTest"/>
  <testcase name="testBuilderAppend" time="0,000" classname="cviceni.StringBuilderAndBufferTest"/>
  <testcase name="testBufferAppendDelete" time="0,000" classname="cviceni.StringBuilderAndBufferTest"/>
  <testcase name="testBuilderAppendDelete" time="0,000" classname="cviceni.StringBuilderAndBufferTest"/>
  <testcase name="testBuilderAppendDelete" time="0,000" classname="cviceni.StringBuilderAndBufferTest"/>
  <testcase name="testBuilderAppend" time="0,001" classname="cviceni.StringBuilderAndBufferTest"/>
  <testcase name="testBuilderAppendDelete" time="0,001" classname="cviceni.StringBuilderAndBufferTest"/>
  <testcase name="testBuilderAppend" time="0,000" classname="cviceni.StringBuilderAndBufferTest"/>
  <testcase name="testBuilderAppend" time="0,000" classname="cviceni.StringBuilderAndBufferTest"/>
  <testcase name="testBufferAppend" time="0,000" classname="cviceni.StringBuilderAndBufferTest"/>
  <testcase name="testBufferAppendDelete" time="0,000" classname="cviceni.StringBuilderAndBufferTest"/>
  <testcase name="testBufferAppend" time="0,001" classname="cviceni.StringBuilderAndBufferTest"/>
  <testcase name="testBuilderAppend" time="0,095" classname="cviceni.StringBuilderAndBufferTest"/>
  <testcase name="testBufferAppendDelete" time="0,000" classname="cviceni.StringBuilderAndBufferTest"/>
  <testcase name="testBuilderAppendDelete" time="0,000" classname="cviceni.StringBuilderAndBufferTest"/>
  <testcase name="testBufferAppendDelete" time="0,000" classname="cviceni.StringBuilderAndBufferTest"/>
  <testcase name="testBuilderAppend" time="0,000" classname="cviceni.StringBuilderAndBufferTest"/>
  <testcase name="testBuilderAppend" time="0,000" classname="cviceni.StringBuilderAndBufferTest"/>
  <testcase name="testBufferAppend" time="0,000" classname="cviceni.StringBuilderAndBufferTest"/>
  <testcase name="testBuilderAppend" time="0,001" classname="cviceni.StringBuilderAndBufferTest"/>
  <testcase name="testBuilderAppendDelete" time="0,000" classname="cviceni.StringBuilderAndBufferTest"/>
  <testcase name="testBuilderAppendDelete" time="0,001" classname="cviceni.StringBuilderAndBufferTest"/>
  <testcase name="testBufferAppendDelete" time="0,000" classname="cviceni.StringBuilderAndBufferTest"/>
  <testcase name="testBuilderAppend" time="0,001" classname="cviceni.StringBuilderAndBufferTest"/>
  <testcase name="testBufferAppend" time="0,001" classname="cviceni.StringBuilderAndBufferTest"/>
  <testcase name="testBuilderAppend" time="0,000" classname="cviceni.StringBuilderAndBufferTest"/>
  <testcase name="testBuilderAppendDelete" time="0,000" classname="cviceni.StringBuilderAndBufferTest"/>
  <testcase name="testBuilderAppend" time="0,000" classname="cviceni.StringBuilderAndBufferTest"/>
  <testcase name="testBuilderAppendDelete" time="0,000" classname="cviceni.StringBuilderAndBufferTest"/>
  <testcase name="testBuilderAppend" time="0,001" classname="cviceni.StringBuilderAndBufferTest"/>
  <testcase name="testBufferAppend" time="0,000" classname="cviceni.StringBuilderAndBufferTest"/>
  <testcase name="testBuilderAppend" time="0,000" classname="cviceni.StringBuilderAndBufferTest"/>
  <testcase name="testBuilderAppend" time="0,000" classname="cviceni.StringBuilderAndBufferTest"/>
  <testcase name="testBuilderAppendDelete" time="0,000" classname="cviceni.StringBuilderAndBufferTest"/>
  <testcase name="testBuilderAppendDelete" time="0,000" classname="cviceni.StringBuilderAndBufferTest"/>
  <testcase name="testBufferAppend" time="0,000" classname="cviceni.StringBuilderAndBufferTest"/>
  <testcase name="testBuilderAppendDelete" time="0,000" classname="cviceni.StringBuilderAndBufferTest"/>
  <testcase name="testBufferAppend" time="0,000" classname="cviceni.StringBuilderAndBufferTest"/>
  <testcase name="testBufferAppend" time="0,000" classname="cviceni.StringBuilderAndBufferTest"/>
  <testcase name="testBufferAppendDelete" time="0,001" classname="cviceni.StringBuilderAndBufferTest"/>
  <testcase name="testBufferAppendDelete" time="0,000" classname="cviceni.StringBuilderAndBufferTest"/>
  <testcase name="testBufferAppend" time="0,000" classname="cviceni.StringBuilderAndBufferTest"/>
  <testcase name="testBuilderAppend" time="0,027" classname="cviceni.StringBuilderAndBufferTest"/>
  <testcase name="testBuilderAppend" time="0,001" classname="cviceni.StringBuilderAndBufferTest"/>
  <testcase name="testBufferAppendDelete" time="0,000" classname="cviceni.StringBuilderAndBufferTest"/>
  <testcase name="testBuilderAppend" time="0,001" classname="cviceni.StringBuilderAndBufferTest"/>
  <testcase name="testBufferAppendDelete" time="0,000" classname="cviceni.StringBuilderAndBufferTest"/>
  <testcase name="testBuilderAppend" time="0,001" classname="cviceni.StringBuilderAndBufferTest"/>
  <testcase name="testBuilderAppend" time="0,000" classname="cviceni.StringBuilderAndBufferTest"/>
  <testcase name="testBuilderAppend" time="0,000" classname="cviceni.StringBuilderAndBufferTest"/>
  <testcase name="testBufferAppend" time="0,000" classname="cviceni.StringBuilderAndBufferTest"/>
  <testcase name="testBuilderAppendDelete" time="0,001" classname="cviceni.StringBuilderAndBufferTest"/>
  <testcase name="testBuilderAppend" time="0,001" classname="cviceni.StringBuilderAndBufferTest"/>
  <testcase name="testBuilderAppendDelete" time="0,001" classname="cviceni.StringBuilderAndBufferTest"/>
  <testcase name="testBufferAppendDelete" time="0,001" classname="cviceni.StringBuilderAndBufferTest"/>
  <testcase name="testBufferAppendDelete" time="0,000" classname="cviceni.StringBuilderAndBufferTest"/>
  <testcase name="testBuilderAppendDelete" time="0,001" classname="cviceni.StringBuilderAndBufferTest"/>
  <testcase name="testBufferAppend" time="0,001" classname="cviceni.StringBuilderAndBufferTest"/>
  <testcase name="testBufferAppend" time="0,001" classname="cviceni.StringBuilderAndBufferTest"/>
  <testcase name="testBufferAppend" time="0,000" classname="cviceni.StringBuilderAndBufferTest"/>
  <testcase name="testBufferAppendDelete" time="0,000" classname="cviceni.StringBuilderAndBufferTest"/>
  <testcase name="testBufferAppend" time="0,001" classname="cviceni.StringBuilderAndBufferTest"/>
  <testcase name="testBufferAppendDelete" time="0,001" classname="cviceni.StringBuilderAndBufferTest"/>
  <testcase name="testBufferAppendDelete" time="0,001" classname="cviceni.StringBuilderAndBufferTest"/>
  <testcase name="testBufferAppend" time="0,000" classname="cviceni.StringBuilderAndBufferTest"/>
  <testcase name="testBuilderAppendDelete" time="0,001" classname="cviceni.StringBuilderAndBufferTest"/>
  <testcase name="testBufferAppend" time="0,000" classname="cviceni.StringBuilderAndBufferTest"/>
  <testcase name="testBuilderAppend" time="0,000" classname="cviceni.StringBuilderAndBufferTest"/>
  <testcase name="testBufferAppendDelete" time="0,000" classname="cviceni.StringBuilderAndBufferTest"/>
  <testcase name="testBuilderAppend" time="0,000" classname="cviceni.StringBuilderAndBufferTest"/>
  <testcase name="testBuilderAppendDelete" time="0,000" classname="cviceni.StringBuilderAndBufferTest"/>
  <testcase name="testBuilderAppendDelete" time="0,000" classname="cviceni.StringBuilderAndBufferTest"/>
  <testcase name="testBufferAppendDelete" time="0,001" classname="cviceni.StringBuilderAndBufferTest"/>
  <testcase name="testBuilderAppendDelete" time="0,000" classname="cviceni.StringBuilderAndBufferTest"/>
  <testcase name="testBufferAppendDelete" time="0,001" classname="cviceni.StringBuilderAndBufferTest"/>
  <testcase name="testBufferAppend" time="0,000" classname="cviceni.StringBuilderAndBufferTest"/>
  <testcase name="testBuilderAppend" time="0,001" classname="cviceni.StringBuilderAndBufferTest"/>
  <testcase name="testBuilderAppend" time="0,000" classname="cviceni.StringBuilderAndBufferTest"/>
  <testcase name="testBuilderAppendDelete" time="0,000" classname="cviceni.StringBuilderAndBufferTest"/>
  <testcase name="testBufferAppend" time="0,000" classname="cviceni.StringBuilderAndBufferTest"/>
  <testcase name="testBuilderAppend" time="0,000" classname="cviceni.StringBuilderAndBufferTest"/>
  <testcase name="testBuilderAppendDelete" time="0,001" classname="cviceni.StringBuilderAndBufferTest"/>
  <testcase name="testBuilderAppendDelete" time="0,001" classname="cviceni.StringBuilderAndBufferTest"/>
  <testcase name="testBufferAppendDelete" time="0,001" classname="cviceni.StringBuilderAndBufferTest"/>
  <testcase name="testBufferAppendDelete" time="0,001" classname="cviceni.StringBuilderAndBufferTest"/>
  <testcase name="testBufferAppend" time="0,000" classname="cviceni.StringBuilderAndBufferTest"/>
  <testcase name="testBufferAppend" time="0,001" classname="cviceni.StringBuilderAndBufferTest"/>
  <testcase name="testBuilderAppend" time="0,000" classname="cviceni.StringBuilderAndBufferTest"/>
  <testcase name="testBuilderAppend" time="0,001" classname="cviceni.StringBuilderAndBufferTest"/>
  <testcase name="testBufferAppendDelete" time="0,000" classname="cviceni.StringBuilderAndBufferTest"/>
  <testcase name="testBufferAppendDelete" time="0,000" classname="cviceni.StringBuilderAndBufferTest"/>
  <testcase name="testBufferAppendDelete" time="0,000" classname="cviceni.StringBuilderAndBufferTest"/>
  <testcase name="testBuilderAppend" time="0,000" classname="cviceni.StringBuilderAndBufferTest"/>
  <testcase name="testBuilderAppend" time="0,000" classname="cviceni.StringBuilderAndBufferTest"/>
  <testcase name="testBuilderAppend" time="0,001" classname="cviceni.StringBuilderAndBufferTest"/>
  <testcase name="testBuilderAppendDelete" time="0,000" classname="cviceni.StringBuilderAndBufferTest"/>
  <testcase name="testBuilderAppend" time="0,000" classname="cviceni.StringBuilderAndBufferTest"/>
  <testcase name="testBuilderAppend" time="0,000" classname="cviceni.StringBuilderAndBufferTest"/>
  <testcase name="testBufferAppend" time="0,001" classname="cviceni.StringBuilderAndBufferTest"/>
  <testcase name="testBufferAppend" time="0,000" classname="cviceni.StringBuilderAndBufferTest"/>
  <testcase name="testBuilderAppendDelete" time="0,000" classname="cviceni.StringBuilderAndBufferTest"/>
  <testcase name="testBufferAppend" time="0,000" classname="cviceni.StringBuilderAndBufferTest"/>
  <testcase name="testBuilderAppendDelete" time="0,000" classname="cviceni.StringBuilderAndBufferTest"/>
  <testcase name="testBufferAppend" time="0,000" classname="cviceni.StringBuilderAndBufferTest"/>
  <testcase name="testBufferAppend" time="0,000" classname="cviceni.StringBuilderAndBufferTest"/>
  <testcase name="testBuilderAppendDelete" time="0,000" classname="cviceni.StringBuilderAndBufferTest"/>
  <testcase name="testBuilderAppendDelete" time="0,000" classname="cviceni.StringBuilderAndBufferTest"/>
  <testcase name="testBuilderAppend" time="0,000" classname="cviceni.StringBuilderAndBufferTest"/>
  <testcase name="testBufferAppendDelete" time="0,001" classname="cviceni.StringBuilderAndBufferTest"/>
  <testcase name="testBufferAppendDelete" time="0,000" classname="cviceni.StringBuilderAndBufferTest"/>
  <testcase name="testBuilderAppend" time="0,000" classname="cviceni.StringBuilderAndBufferTest"/>
  <testcase name="testBuilderAppend" time="0,001" classname="cviceni.StringBuilderAndBufferTest"/>
  <testcase name="testBufferAppend" time="0,001" classname="cviceni.StringBuilderAndBufferTest"/>
  <testcase name="testBuilderAppend" time="0,000" classname="cviceni.StringBuilderAndBufferTest"/>
  <testcase name="testBuilderAppend" time="0,000" classname="cviceni.StringBuilderAndBufferTest"/>
  <testcase name="testBufferAppend" time="0,001" classname="cviceni.StringBuilderAndBufferTest"/>
  <testcase name="testBuilderAppendDelete" time="0,000" classname="cviceni.StringBuilderAndBufferTest"/>
  <testcase name="testBufferAppend" time="0,000" classname="cviceni.StringBuilderAndBufferTest"/>
  <testcase name="testBuilderAppendDelete" time="0,000" classname="cviceni.StringBuilderAndBufferTest"/>
  <testcase name="testBuilderAppendDelete" time="0,000" classname="cviceni.StringBuilderAndBufferTest"/>
  <testcase name="testBufferAppendDelete" time="0,000" classname="cviceni.StringBuilderAndBufferTest"/>
  <testcase name="testBuilderAppendDelete" time="0,000" classname="cviceni.StringBuilderAndBufferTest"/>
  <testcase name="testBuilderAppend" time="0,000" classname="cviceni.StringBuilderAndBufferTest"/>
  <testcase name="testBuilderAppend" time="0,000" classname="cviceni.StringBuilderAndBufferTest"/>
  <testcase name="testBufferAppendDelete" time="0,000" classname="cviceni.StringBuilderAndBufferTest"/>
  <testcase name="testBuilderAppendDelete" time="0,000" classname="cviceni.StringBuilderAndBufferTest"/>
  <testcase name="testBuilderAppendDelete" time="0,000" classname="cviceni.StringBuilderAndBufferTest"/>
  <testcase name="testBuilderAppend" time="0,001" classname="cviceni.StringBuilderAndBufferTest"/>
  <testcase name="testBufferAppend" time="0,000" classname="cviceni.StringBuilderAndBufferTest"/>
  <testcase name="testBufferAppend" time="0,000" classname="cviceni.StringBuilderAndBufferTest"/>
  <testcase name="testBuilderAppend" time="0,001" classname="cviceni.StringBuilderAndBufferTest"/>
  <testcase name="testBufferAppendDelete" time="0,000" classname="cviceni.StringBuilderAndBufferTest"/>
  <testcase name="testBufferAppendDelete" time="0,000" classname="cviceni.StringBuilderAndBufferTest"/>
  <testcase name="testBuilderAppendDelete" time="0,000" classname="cviceni.StringBuilderAndBufferTest"/>
  <testcase name="testBufferAppend" time="0,000" classname="cviceni.StringBuilderAndBufferTest"/>
  <testcase name="testBuilderAppend" time="0,000" classname="cviceni.StringBuilderAndBufferTest"/>
  <testcase name="testBufferAppendDelete" time="0,000" classname="cviceni.StringBuilderAndBufferTest"/>
  <testcase name="testBuilderAppendDelete" time="0,000" classname="cviceni.StringBuilderAndBufferTest"/>
  <testcase name="testBuilderAppend" time="0,000" classname="cviceni.StringBuilderAndBufferTest"/>
  <testcase name="testBuilderAppend" time="0,000" classname="cviceni.StringBuilderAndBufferTest"/>
  <testcase name="testBuilderAppend" time="0,001" classname="cviceni.StringBuilderAndBufferTest"/>
  <testcase name="testBufferAppend" time="0,001" classname="cviceni.StringBuilderAndBufferTest"/>
  <testcase name="testBufferAppendDelete" time="0,000" classname="cviceni.StringBuilderAndBufferTest"/>
  <testcase name="testBufferAppend" time="0,000" classname="cviceni.StringBuilderAndBufferTest"/>
  <testcase name="testBuilderAppendDelete" time="0,000" classname="cviceni.StringBuilderAndBufferTest"/>
  <testcase name="testBufferAppendDelete" time="0,001" classname="cviceni.StringBuilderAndBufferTest"/>
  <testcase name="testBuilderAppendDelete" time="0,001" classname="cviceni.StringBuilderAndBufferTest"/>
  <testcase name="testBufferAppendDelete" time="0,000" classname="cviceni.StringBuilderAndBufferTest"/>
  <testcase name="testBufferAppend" time="0,000" classname="cviceni.StringBuilderAndBufferTest"/>
  <testcase name="testBuilderAppendDelete" time="0,000" classname="cviceni.StringBuilderAndBufferTest"/>
  <testcase name="testBuilderAppendDelete" time="0,000" classname="cviceni.StringBuilderAndBufferTest"/>
  <testcase name="testBuilderAppendDelete" time="0,000" classname="cviceni.StringBuilderAndBufferTest"/>
  <testcase name="testBufferAppend" time="0,000" classname="cviceni.StringBuilderAndBufferTest"/>
  <testcase name="testBufferAppend" time="0,001" classname="cviceni.StringBuilderAndBufferTest"/>
  <testcase name="testBufferAppend" time="0,001" classname="cviceni.StringBuilderAndBufferTest"/>
  <testcase name="testBuilderAppend" time="0,000" classname="cviceni.StringBuilderAndBufferTest"/>
  <testcase name="testBufferAppendDelete" time="0,000" classname="cviceni.StringBuilderAndBufferTest"/>
  <testcase name="testBufferAppendDelete" time="0,000" classname="cviceni.StringBuilderAndBufferTest"/>
  <testcase name="testBufferAppendDelete" time="0,000" classname="cviceni.StringBuilderAndBufferTest"/>
  <testcase name="testBufferAppendDelete" time="0,001" classname="cviceni.StringBuilderAndBufferTest"/>
  <testcase name="testBufferAppend" time="0,000" classname="cviceni.StringBuilderAndBufferTest"/>
  <testcase name="testBufferAppendDelete" time="0,000" classname="cviceni.StringBuilderAndBufferTest"/>
  <testcase name="testBuilderAppendDelete" time="0,000" classname="cviceni.StringBuilderAndBufferTest"/>
  <testcase name="testBufferAppend" time="0,000" classname="cviceni.StringBuilderAndBufferTest"/>
  <testcase name="testBuilderAppendDelete" time="0,001" classname="cviceni.StringBuilderAndBufferTest"/>
  <testcase name="testBuilderAppendDelete" time="0,000" classname="cviceni.StringBuilderAndBufferTest"/>
  <testcase name="testBufferAppend" time="0,000" classname="cviceni.StringBuilderAndBufferTest"/>
  <testcase name="testBufferAppendDelete" time="0,001" classname="cviceni.StringBuilderAndBufferTest"/>
  <testcase name="testBuilderAppendDelete" time="0,000" classname="cviceni.StringBuilderAndBufferTest"/>
  <testcase name="testBufferAppendDelete" time="0,000" classname="cviceni.StringBuilderAndBufferTest"/>
  <testcase name="testBuilderAppend" time="0,000" classname="cviceni.StringBuilderAndBufferTest"/>
  <testcase name="testBuilderAppendDelete" time="0,000" classname="cviceni.StringBuilderAndBufferTest"/>
  <testcase name="testBufferAppendDelete" time="0,000" classname="cviceni.StringBuilderAndBufferTest"/>
  <testcase name="testBuilderAppendDelete" time="0,000" classname="cviceni.StringBuilderAndBufferTest"/>
  <testcase name="testBufferAppend" time="0,000" classname="cviceni.StringBuilderAndBufferTest"/>
  <testcase name="testBuilderAppend" time="0,000" classname="cviceni.StringBuilderAndBufferTest"/>
  <testcase name="testBuilderAppendDelete" time="0,000" classname="cviceni.StringBuilderAndBufferTest"/>
  <testcase name="testBuilderAppendDelete" time="0,000" classname="cviceni.StringBuilderAndBufferTest"/>
  <testcase name="testBuilderAppend" time="0,001" classname="cviceni.StringBuilderAndBufferTest"/>
  <testcase name="testBufferAppendDelete" time="0,000" classname="cviceni.StringBuilderAndBufferTest"/>
  <testcase name="testBuilderAppend" time="0,000" classname="cviceni.StringBuilderAndBufferTest"/>
  <testcase name="testBuilderAppendDelete" time="0,000" classname="cviceni.StringBuilderAndBufferTest"/>
  <testcase name="testBufferAppend" time="0,001" classname="cviceni.StringBuilderAndBufferTest"/>
  <testcase name="testBuilderAppendDelete" time="0,000" classname="cviceni.StringBuilderAndBufferTest"/>
  <testcase name="testBuilderAppendDelete" time="0,000" classname="cviceni.StringBuilderAndBufferTest"/>
  <testcase name="testBufferAppendDelete" time="0,000" classname="cviceni.StringBuilderAndBufferTest"/>
  <testcase name="testBuilderAppend" time="0,001" classname="cviceni.StringBuilderAndBufferTest"/>
  <testcase name="testBuilderAppend" time="0,000" classname="cviceni.StringBuilderAndBufferTest"/>
  <testcase name="testBuilderAppend" time="0,000" classname="cviceni.StringBuilderAndBufferTest"/>
  <testcase name="testBuilderAppend" time="0,000" classname="cviceni.StringBuilderAndBufferTest"/>
  <testcase name="testBufferAppend" time="0,000" classname="cviceni.StringBuilderAndBufferTest"/>
  <testcase name="testBuilderAppend" time="0,000" classname="cviceni.StringBuilderAndBufferTest"/>
  <testcase name="testBufferAppend" time="0,000" classname="cviceni.StringBuilderAndBufferTest"/>
  <testcase name="testBuilderAppendDelete" time="0,000" classname="cviceni.StringBuilderAndBufferTest"/>
  <testcase name="testBufferAppendDelete" time="0,001" classname="cviceni.StringBuilderAndBufferTest"/>
  <testcase name="testBuilderAppendDelete" time="0,000" classname="cviceni.StringBuilderAndBufferTest"/>
  <testcase name="testBufferAppendDelete" time="0,001" classname="cviceni.StringBuilderAndBufferTest"/>
  <testcase name="testBufferAppend" time="0,000" classname="cviceni.StringBuilderAndBufferTest"/>
  <testcase name="testBuilderAppendDelete" time="0,000" classname="cviceni.StringBuilderAndBufferTest"/>
  <testcase name="testBufferAppend" time="0,000" classname="cviceni.StringBuilderAndBufferTest"/>
  <testcase name="testBuilderAppend" time="0,000" classname="cviceni.StringBuilderAndBufferTest"/>
  <testcase name="testBuilderAppend" time="0,000" classname="cviceni.StringBuilderAndBufferTest"/>
  <testcase name="testBufferAppend" time="0,000" classname="cviceni.StringBuilderAndBufferTest"/>
  <testcase name="testBuilderAppend" time="0,000" classname="cviceni.StringBuilderAndBufferTest"/>
  <testcase name="testBuilderAppendDelete" time="0,000" classname="cviceni.StringBuilderAndBufferTest"/>
  <testcase name="testBufferAppend" time="0,000" classname="cviceni.StringBuilderAndBufferTest"/>
  <testcase name="testBuilderAppendDelete" time="0,001" classname="cviceni.StringBuilderAndBufferTest"/>
  <testcase name="testBuilderAppend" time="0,000" classname="cviceni.StringBuilderAndBufferTest"/>
  <testcase name="testBuilderAppendDelete" time="0,000" classname="cviceni.StringBuilderAndBufferTest"/>
  <testcase name="testBufferAppendDelete" time="0,001" classname="cviceni.StringBuilderAndBufferTest"/>
  <testcase name="testBuilderAppendDelete" time="0,000" classname="cviceni.StringBuilderAndBufferTest"/>
  <testcase name="testBuilderAppendDelete" time="0,000" classname="cviceni.StringBuilderAndBufferTest"/>
  <testcase name="testBuilderAppendDelete" time="0,000" classname="cviceni.StringBuilderAndBufferTest"/>
  <testcase name="testBufferAppendDelete" time="0,000" classname="cviceni.StringBuilderAndBufferTest"/>
  <testcase name="testBuilderAppendDelete" time="0,000" classname="cviceni.StringBuilderAndBufferTest"/>
  <testcase name="testBufferAppendDelete" time="0,000" classname="cviceni.StringBuilderAndBufferTest"/>
  <testcase name="testBuilderAppendDelete" time="0,000" classname="cviceni.StringBuilderAndBufferTest"/>
  <testcase name="testBuilderAppendDelete" time="0,000" classname="cviceni.StringBuilderAndBufferTest"/>
  <testcase name="testBufferAppendDelete" time="0,000" classname="cviceni.StringBuilderAndBufferTest"/>
  <testcase name="testBuilderAppend" time="0,000" classname="cviceni.StringBuilderAndBufferTest"/>
  <testcase name="testBufferAppendDelete" time="0,000" classname="cviceni.StringBuilderAndBufferTest"/>
  <testcase name="testBufferAppend" time="0,000" classname="cviceni.StringBuilderAndBufferTest"/>
  <testcase name="testBuilderAppendDelete" time="0,000" classname="cviceni.StringBuilderAndBufferTest"/>
  <testcase name="testBuilderAppend" time="0,001" classname="cviceni.StringBuilderAndBufferTest"/>
  <testcase name="testBufferAppend" time="0,000" classname="cviceni.StringBuilderAndBufferTest"/>
  <testcase name="testBufferAppendDelete" time="0,000" classname="cviceni.StringBuilderAndBufferTest"/>
  <testcase name="testBuilderAppendDelete" time="0,000" classname="cviceni.StringBuilderAndBufferTest"/>
  <testcase name="testBufferAppendDelete" time="0,000" classname="cviceni.StringBuilderAndBufferTest"/>
  <testcase name="testBufferAppend" time="0,001" classname="cviceni.StringBuilderAndBufferTest"/>
  <testcase name="testBuilderAppend" time="0,000" classname="cviceni.StringBuilderAndBufferTest"/>
  <testcase name="testBufferAppend" time="0,001" classname="cviceni.StringBuilderAndBufferTest"/>
  <testcase name="testBufferAppendDelete" time="0,001" classname="cviceni.StringBuilderAndBufferTest"/>
  <testcase name="testBuilderAppendDelete" time="0,001" classname="cviceni.StringBuilderAndBufferTest"/>
  <testcase name="testBuilderAppendDelete" time="0,001" classname="cviceni.StringBuilderAndBufferTest"/>
  <testcase name="testBufferAppendDelete" time="0,000" classname="cviceni.StringBuilderAndBufferTest"/>
  <testcase name="testBufferAppend" time="0,000" classname="cviceni.StringBuilderAndBufferTest"/>
  <testcase name="testBuilderAppendDelete" time="0,000" classname="cviceni.StringBuilderAndBufferTest"/>
  <testcase name="testBufferAppendDelete" time="0,000" classname="cviceni.StringBuilderAndBufferTest"/>
  <testcase name="testBufferAppendDelete" time="0,000" classname="cviceni.StringBuilderAndBufferTest"/>
  <testcase name="testBufferAppend" time="0,000" classname="cviceni.StringBuilderAndBufferTest"/>
  <testcase name="testBufferAppend" time="0,000" classname="cviceni.StringBuilderAndBufferTest"/>
  <testcase name="testBuilderAppend" time="0,001" classname="cviceni.StringBuilderAndBufferTest"/>
  <testcase name="testBufferAppendDelete" time="0,000" classname="cviceni.StringBuilderAndBufferTest"/>
  <testcase name="testBuilderAppendDelete" time="0,000" classname="cviceni.StringBuilderAndBufferTest"/>
  <testcase name="testBufferAppendDelete" time="0,001" classname="cviceni.StringBuilderAndBufferTest"/>
  <testcase name="testBufferAppendDelete" time="0,000" classname="cviceni.StringBuilderAndBufferTest"/>
  <testcase name="testBuilderAppend" time="0,000" classname="cviceni.StringBuilderAndBufferTest"/>
  <testcase name="testBuilderAppendDelete" time="0,001" classname="cviceni.StringBuilderAndBufferTest"/>
  <testcase name="testBufferAppendDelete" time="0,000" classname="cviceni.StringBuilderAndBufferTest"/>
  <testcase name="testBuilderAppendDelete" time="0,001" classname="cviceni.StringBuilderAndBufferTest"/>
  <testcase name="testBuilderAppend" time="0,000" classname="cviceni.StringBuilderAndBufferTest"/>
  <testcase name="testBufferAppendDelete" time="0,000" classname="cviceni.StringBuilderAndBufferTest"/>
  <testcase name="testBufferAppend" time="0,000" classname="cviceni.StringBuilderAndBufferTest"/>
  <testcase name="testBuilderAppendDelete" time="0,000" classname="cviceni.StringBuilderAndBufferTest"/>
  <testcase name="testBufferAppendDelete" time="0,000" classname="cviceni.StringBuilderAndBufferTest"/>
  <testcase name="testBufferAppend" time="0,000" classname="cviceni.StringBuilderAndBufferTest"/>
  <testcase name="testBufferAppend" time="0,000" classname="cviceni.StringBuilderAndBufferTest"/>
  <testcase name="testBufferAppend" time="0,000" classname="cviceni.StringBuilderAndBufferTest"/>
  <testcase name="testBuilderAppendDelete" time="0,049" classname="cviceni.StringBuilderAndBufferTest"/>
  <testcase name="testBuilderAppend" time="0,093" classname="cviceni.StringBuilderAndBufferTest"/>
  <testcase name="testBufferAppendDelete" time="0,000" classname="cviceni.StringBuilderAndBufferTest"/>
  <testcase name="testBuilderAppend" time="0,001" classname="cviceni.StringBuilderAndBufferTest"/>
  <testcase name="testBufferAppendDelete" time="0,001" classname="cviceni.StringBuilderAndBufferTest"/>
  <testcase name="testBufferAppend" time="0,001" classname="cviceni.StringBuilderAndBufferTest"/>
  <testcase name="testBufferAppendDelete" time="0,000" classname="cviceni.StringBuilderAndBufferTest"/>
  <testcase name="testBuilderAppendDelete" time="0,000" classname="cviceni.StringBuilderAndBufferTest"/>
  <testcase name="testBufferAppendDelete" time="0,001" classname="cviceni.StringBuilderAndBufferTest"/>
  <testcase name="testBufferAppend" time="0,000" classname="cviceni.StringBuilderAndBufferTest"/>
  <testcase name="testBufferAppendDelete" time="0,000" classname="cviceni.StringBuilderAndBufferTest"/>
  <testcase name="testBuilderAppend" time="0,000" classname="cviceni.StringBuilderAndBufferTest"/>
  <testcase name="testBufferAppendDelete" time="0,000" classname="cviceni.StringBuilderAndBufferTest"/>
  <testcase name="testBufferAppend" time="0,000" classname="cviceni.StringBuilderAndBufferTest"/>
  <testcase name="testBufferAppendDelete" time="0,000" classname="cviceni.StringBuilderAndBufferTest"/>
  <testcase name="testBuilderAppend" time="0,000" classname="cviceni.StringBuilderAndBufferTest"/>
  <testcase name="testBufferAppendDelete" time="0,000" classname="cviceni.StringBuilderAndBufferTest"/>
  <testcase name="testBuilderAppend" time="0,074" classname="cviceni.StringBuilderAndBufferTest"/>
  <testcase name="testBufferAppend" time="0,000" classname="cviceni.StringBuilderAndBufferTest"/>
  <testcase name="testBufferAppend" time="0,000" classname="cviceni.StringBuilderAndBufferTest"/>
  <testcase name="testBufferAppendDelete" time="0,000" classname="cviceni.StringBuilderAndBufferTest"/>
  <testcase name="testBufferAppend" time="0,001" classname="cviceni.StringBuilderAndBufferTest"/>
  <testcase name="testBufferAppend" time="0,001" classname="cviceni.StringBuilderAndBufferTest"/>
  <testcase name="testBufferAppendDelete" time="0,000" classname="cviceni.StringBuilderAndBufferTest"/>
  <testcase name="testBufferAppend" time="0,000" classname="cviceni.StringBuilderAndBufferTest"/>
  <testcase name="testBuilderAppendDelete" time="0,000" classname="cviceni.StringBuilderAndBufferTest"/>
  <testcase name="testBuilderAppendDelete" time="0,000" classname="cviceni.StringBuilderAndBufferTest"/>
  <testcase name="testBuilderAppendDelete" time="0,001" classname="cviceni.StringBuilderAndBufferTest"/>
  <testcase name="testBufferAppendDelete" time="0,000" classname="cviceni.StringBuilderAndBufferTest"/>
  <testcase name="testBufferAppendDelete" time="0,001" classname="cviceni.StringBuilderAndBufferTest"/>
  <testcase name="testBuilderAppendDelete" time="0,000" classname="cviceni.StringBuilderAndBufferTest"/>
  <testcase name="testBuilderAppendDelete" time="0,000" classname="cviceni.StringBuilderAndBufferTest"/>
  <testcase name="testBufferAppendDelete" time="0,000" classname="cviceni.StringBuilderAndBufferTest"/>
  <testcase name="testBufferAppendDelete" time="0,000" classname="cviceni.StringBuilderAndBufferTest"/>
  <testcase name="testBufferAppendDelete" time="0,001" classname="cviceni.StringBuilderAndBufferTest"/>
  <testcase name="testBuilderAppendDelete" time="0,000" classname="cviceni.StringBuilderAndBufferTest"/>
  <testcase name="testBuilderAppend" time="0,000" classname="cviceni.StringBuilderAndBufferTest"/>
  <testcase name="testBufferAppendDelete" time="0,000" classname="cviceni.StringBuilderAndBufferTest"/>
  <testcase name="testBuilderAppendDelete" time="0,000" classname="cviceni.StringBuilderAndBufferTest"/>
  <testcase name="testBufferAppendDelete" time="0,000" classname="cviceni.StringBuilderAndBufferTest"/>
  <testcase name="testBufferAppend" time="0,000" classname="cviceni.StringBuilderAndBufferTest"/>
  <testcase name="testBufferAppendDelete" time="0,000" classname="cviceni.StringBuilderAndBufferTest"/>
  <testcase name="testBuilderAppend" time="0,000" classname="cviceni.StringBuilderAndBufferTest"/>
  <testcase name="testBuilderAppendDelete" time="0,001" classname="cviceni.StringBuilderAndBufferTest"/>
  <testcase name="testBufferAppendDelete" time="0,000" classname="cviceni.StringBuilderAndBufferTest"/>
  <testcase name="testBufferAppend" time="0,000" classname="cviceni.StringBuilderAndBufferTest"/>
  <testcase name="testBufferAppendDelete" time="0,000" classname="cviceni.StringBuilderAndBufferTest"/>
  <testcase name="testBufferAppendDelete" time="0,000" classname="cviceni.StringBuilderAndBufferTest"/>
  <testcase name="testBuilderAppendDelete" time="0,000" classname="cviceni.StringBuilderAndBufferTest"/>
  <testcase name="testBuilderAppend" time="0,000" classname="cviceni.StringBuilderAndBufferTest"/>
  <testcase name="testBufferAppendDelete" time="0,001" classname="cviceni.StringBuilderAndBufferTest"/>
  <testcase name="testBuilderAppend" time="0,000" classname="cviceni.StringBuilderAndBufferTest"/>
  <testcase name="testBufferAppendDelete" time="0,000" classname="cviceni.StringBuilderAndBufferTest"/>
  <testcase name="testBufferAppendDelete" time="0,001" classname="cviceni.StringBuilderAndBufferTest"/>
  <testcase name="testBufferAppendDelete" time="0,002" classname="cviceni.StringBuilderAndBufferTest"/>
  <testcase name="testBufferAppend" time="0,000" classname="cviceni.StringBuilderAndBufferTest"/>
  <testcase name="testBufferAppend" time="0,000" classname="cviceni.StringBuilderAndBufferTest"/>
  <testcase name="testBufferAppendDelete" time="0,000" classname="cviceni.StringBuilderAndBufferTest"/>
  <testcase name="testBuilderAppend" time="0,000" classname="cviceni.StringBuilderAndBufferTest"/>
  <testcase name="testBufferAppend" time="0,000" classname="cviceni.StringBuilderAndBufferTest"/>
  <testcase name="testBuilderAppendDelete" time="0,000" classname="cviceni.StringBuilderAndBufferTest"/>
  <testcase name="testBufferAppend" time="0,000" classname="cviceni.StringBuilderAndBufferTest"/>
  <testcase name="testBufferAppend" time="0,000" classname="cviceni.StringBuilderAndBufferTest"/>
  <testcase name="testBufferAppendDelete" time="0,000" classname="cviceni.StringBuilderAndBufferTest"/>
  <testcase name="testBufferAppendDelete" time="0,000" classname="cviceni.StringBuilderAndBufferTest"/>
  <testcase name="testBufferAppendDelete" time="0,000" classname="cviceni.StringBuilderAndBufferTest"/>
  <testcase name="testBuilderAppendDelete" time="0,001" classname="cviceni.StringBuilderAndBufferTest"/>
  <testcase name="testBuilderAppendDelete" time="0,000" classname="cviceni.StringBuilderAndBufferTest"/>
  <testcase name="testBuilderAppendDelete" time="0,000" classname="cviceni.StringBuilderAndBufferTest"/>
  <testcase name="testBufferAppendDelete" time="0,001" classname="cviceni.StringBuilderAndBufferTest"/>
  <testcase name="testBuilderAppend" time="0,001" classname="cviceni.StringBuilderAndBufferTest"/>
  <testcase name="testBuilderAppendDelete" time="0,000" classname="cviceni.StringBuilderAndBufferTest"/>
  <testcase name="testBufferAppendDelete" time="0,000" classname="cviceni.StringBuilderAndBufferTest"/>
  <testcase name="testBuilderAppend" time="0,000" classname="cviceni.StringBuilderAndBufferTest"/>
  <testcase name="testBufferAppendDelete" time="0,000" classname="cviceni.StringBuilderAndBufferTest"/>
  <testcase name="testBuilderAppendDelete" time="0,000" classname="cviceni.StringBuilderAndBufferTest"/>
  <testcase name="testBuilderAppendDelete" time="0,000" classname="cviceni.StringBuilderAndBufferTest"/>
  <testcase name="testBufferAppend" time="0,001" classname="cviceni.StringBuilderAndBufferTest"/>
  <testcase name="testBuilderAppend" time="0,001" classname="cviceni.StringBuilderAndBufferTest"/>
  <testcase name="testBuilderAppend" time="0,001" classname="cviceni.StringBuilderAndBufferTest"/>
  <testcase name="testBufferAppendDelete" time="0,000" classname="cviceni.StringBuilderAndBufferTest"/>
  <testcase name="testBuilderAppend" time="0,000" classname="cviceni.StringBuilderAndBufferTest"/>
  <testcase name="testBuilderAppendDelete" time="0,001" classname="cviceni.StringBuilderAndBufferTest"/>
  <testcase name="testBufferAppendDelete" time="0,001" classname="cviceni.StringBuilderAndBufferTest"/>
  <testcase name="testBufferAppend" time="0,000" classname="cviceni.StringBuilderAndBufferTest"/>
  <testcase name="testBuilderAppend" time="0,000" classname="cviceni.StringBuilderAndBufferTest"/>
  <testcase name="testBuilderAppendDelete" time="0,000" classname="cviceni.StringBuilderAndBufferTest"/>
  <testcase name="testBufferAppendDelete" time="0,001" classname="cviceni.StringBuilderAndBufferTest"/>
  <testcase name="testBufferAppendDelete" time="0,000" classname="cviceni.StringBuilderAndBufferTest"/>
  <testcase name="testBuilderAppendDelete" time="0,001" classname="cviceni.StringBuilderAndBufferTest"/>
  <testcase name="testBufferAppend" time="0,000" classname="cviceni.StringBuilderAndBufferTest"/>
  <testcase name="testBuilderAppend" time="0,000" classname="cviceni.StringBuilderAndBufferTest"/>
  <testcase name="testBufferAppendDelete" time="0,000" classname="cviceni.StringBuilderAndBufferTest"/>
  <testcase name="testBufferAppendDelete" time="0,000" classname="cviceni.StringBuilderAndBufferTest"/>
  <testcase name="testBufferAppend" time="0,000" classname="cviceni.StringBuilderAndBufferTest"/>
  <testcase name="testBufferAppendDelete" time="0,001" classname="cviceni.StringBuilderAndBufferTest"/>
  <testcase name="testBuilderAppend" time="0,000" classname="cviceni.StringBuilderAndBufferTest"/>
  <testcase name="testBufferAppendDelete" time="0,000" classname="cviceni.StringBuilderAndBufferTest"/>
  <testcase name="testBuilderAppendDelete" time="0,000" classname="cviceni.StringBuilderAndBufferTest"/>
  <testcase name="testBufferAppendDelete" time="0,000" classname="cviceni.StringBuilderAndBufferTest"/>
  <testcase name="testBufferAppendDelete" time="0,000" classname="cviceni.StringBuilderAndBufferTest"/>
  <testcase name="testBuilderAppend" time="0,000" classname="cviceni.StringBuilderAndBufferTest"/>
  <testcase name="testBufferAppendDelete" time="0,000" classname="cviceni.StringBuilderAndBufferTest"/>
  <testcase name="testBufferAppend" time="0,000" classname="cviceni.StringBuilderAndBufferTest"/>
  <testcase name="testBufferAppend" time="0,001" classname="cviceni.StringBuilderAndBufferTest"/>
  <testcase name="testBufferAppendDelete" time="0,000" classname="cviceni.StringBuilderAndBufferTest"/>
  <testcase name="testBufferAppendDelete" time="0,000" classname="cviceni.StringBuilderAndBufferTest"/>
  <testcase name="testBufferAppendDelete" time="0,000" classname="cviceni.StringBuilderAndBufferTest"/>
  <testcase name="testBuilderAppend" time="0,001" classname="cviceni.StringBuilderAndBufferTest"/>
  <testcase name="testBufferAppend" time="0,001" classname="cviceni.StringBuilderAndBufferTest"/>
  <testcase name="testBuilderAppendDelete" time="0,000" classname="cviceni.StringBuilderAndBufferTest"/>
  <testcase name="testBufferAppendDelete" time="0,000" classname="cviceni.StringBuilderAndBufferTest"/>
  <testcase name="testBufferAppend" time="0,000" classname="cviceni.StringBuilderAndBufferTest"/>
  <testcase name="testBuilderAppendDelete" time="0,000" classname="cviceni.StringBuilderAndBufferTest"/>
  <testcase name="testBufferAppendDelete" time="0,000" classname="cviceni.StringBuilderAndBufferTest"/>
  <testcase name="testBuilderAppend" time="0,000" classname="cviceni.StringBuilderAndBufferTest"/>
  <testcase name="testBufferAppend" time="0,000" classname="cviceni.StringBuilderAndBufferTest"/>
  <testcase name="testBufferAppend" time="0,000" classname="cviceni.StringBuilderAndBufferTest"/>
  <testcase name="testBuilderAppendDelete" time="0,000" classname="cviceni.StringBuilderAndBufferTest"/>
  <testcase name="testBuilderAppend" time="0,000" classname="cviceni.StringBuilderAndBufferTest"/>
  <testcase name="testBufferAppend" time="0,000" classname="cviceni.StringBuilderAndBufferTest"/>
  <testcase name="testBuilderAppendDelete" time="0,000" classname="cviceni.StringBuilderAndBufferTest"/>
  <testcase name="testBuilderAppendDelete" time="0,000" classname="cviceni.StringBuilderAndBufferTest"/>
  <testcase name="testBufferAppendDelete" time="0,000" classname="cviceni.StringBuilderAndBufferTest"/>
  <testcase name="testBuilderAppendDelete" time="0,001" classname="cviceni.StringBuilderAndBufferTest"/>
  <testcase name="testBufferAppend" time="0,001" classname="cviceni.StringBuilderAndBufferTest"/>
  <testcase name="testBuilderAppendDelete" time="0,000" classname="cviceni.StringBuilderAndBufferTest"/>
  <testcase name="testBufferAppendDelete" time="0,000" classname="cviceni.StringBuilderAndBufferTest"/>
  <testcase name="testBufferAppendDelete" time="0,000" classname="cviceni.StringBuilderAndBufferTest"/>
  <testcase name="testBuilderAppendDelete" time="0,090" classname="cviceni.StringBuilderAndBufferTest"/>
  <testcase name="testBufferAppend" time="0,000" classname="cviceni.StringBuilderAndBufferTest"/>
  <testcase name="testBuilderAppendDelete" time="0,000" classname="cviceni.StringBuilderAndBufferTest"/>
  <testcase name="testBuilderAppendDelete" time="0,000" classname="cviceni.StringBuilderAndBufferTest"/>
  <testcase name="testBufferAppendDelete" time="0,000" classname="cviceni.StringBuilderAndBufferTest"/>
  <testcase name="testBuilderAppend" time="0,001" classname="cviceni.StringBuilderAndBufferTest"/>
  <testcase name="testBufferAppend" time="0,000" classname="cviceni.StringBuilderAndBufferTest"/>
  <testcase name="testBuilderAppendDelete" time="0,000" classname="cviceni.StringBuilderAndBufferTest"/>
  <testcase name="testBuilderAppend" time="0,000" classname="cviceni.StringBuilderAndBufferTest"/>
  <testcase name="testBuilderAppend" time="0,000" classname="cviceni.StringBuilderAndBufferTest"/>
  <testcase name="testBuilderAppendDelete" time="0,000" classname="cviceni.StringBuilderAndBufferTest"/>
  <testcase name="testBufferAppendDelete" time="0,000" classname="cviceni.StringBuilderAndBufferTest"/>
  <testcase name="testBuilderAppendDelete" time="0,001" classname="cviceni.StringBuilderAndBufferTest"/>
  <testcase name="testBuilderAppend" time="0,000" classname="cviceni.StringBuilderAndBufferTest"/>
  <testcase name="testBufferAppendDelete" time="0,000" classname="cviceni.StringBuilderAndBufferTest"/>
  <testcase name="testBuilderAppend" time="0,000" classname="cviceni.StringBuilderAndBufferTest"/>
  <testcase name="testBuilderAppendDelete" time="0,000" classname="cviceni.StringBuilderAndBufferTest"/>
  <testcase name="testBufferAppendDelete" time="0,000" classname="cviceni.StringBuilderAndBufferTest"/>
  <testcase name="testBuilderAppend" time="0,000" classname="cviceni.StringBuilderAndBufferTest"/>
  <testcase name="testBuilderAppend" time="0,000" classname="cviceni.StringBuilderAndBufferTest"/>
  <testcase name="testBufferAppendDelete" time="0,001" classname="cviceni.StringBuilderAndBufferTest"/>
  <testcase name="testBufferAppendDelete" time="0,000" classname="cviceni.StringBuilderAndBufferTest"/>
  <testcase name="testBuilderAppendDelete" time="0,000" classname="cviceni.StringBuilderAndBufferTest"/>
  <testcase name="testBufferAppendDelete" time="0,159" classname="cviceni.StringBuilderAndBufferTest"/>
  <testcase name="testBufferAppend" time="0,000" classname="cviceni.StringBuilderAndBufferTest"/>
  <testcase name="testBufferAppend" time="0,001" classname="cviceni.StringBuilderAndBufferTest"/>
  <testcase name="testBufferAppend" time="0,000" classname="cviceni.StringBuilderAndBufferTest"/>
  <testcase name="testBuilderAppend" time="0,000" classname="cviceni.StringBuilderAndBufferTest"/>
  <testcase name="testBuilderAppend" time="0,000" classname="cviceni.StringBuilderAndBufferTest"/>
  <testcase name="testBuilderAppendDelete" time="0,000" classname="cviceni.StringBuilderAndBufferTest"/>
  <testcase name="testBuilderAppend" time="0,000" classname="cviceni.StringBuilderAndBufferTest"/>
  <testcase name="testBuilderAppend" time="0,000" classname="cviceni.StringBuilderAndBufferTest"/>
  <testcase name="testBufferAppend" time="0,001" classname="cviceni.StringBuilderAndBufferTest"/>
  <testcase name="testBuilderAppend" time="0,009" classname="cviceni.StringBuilderAndBufferTest"/>
  <testcase name="testBufferAppendDelete" time="0,000" classname="cviceni.StringBuilderAndBufferTest"/>
  <testcase name="testBufferAppend" time="0,000" classname="cviceni.StringBuilderAndBufferTest"/>
  <testcase name="testBuilderAppendDelete" time="0,001" classname="cviceni.StringBuilderAndBufferTest"/>
  <testcase name="testBuilderAppend" time="0,001" classname="cviceni.StringBuilderAndBufferTest"/>
  <testcase name="testBuilderAppendDelete" time="0,000" classname="cviceni.StringBuilderAndBufferTest"/>
  <testcase name="testBuilderAppendDelete" time="0,000" classname="cviceni.StringBuilderAndBufferTest"/>
  <testcase name="testBuilderAppendDelete" time="0,000" classname="cviceni.StringBuilderAndBufferTest"/>
  <testcase name="testBufferAppendDelete" time="0,000" classname="cviceni.StringBuilderAndBufferTest"/>
  <testcase name="testBuilderAppendDelete" time="0,000" classname="cviceni.StringBuilderAndBufferTest"/>
  <testcase name="testBufferAppend" time="0,001" classname="cviceni.StringBuilderAndBufferTest"/>
  <testcase name="testBufferAppendDelete" time="0,000" classname="cviceni.StringBuilderAndBufferTest"/>
  <testcase name="testBufferAppend" time="0,000" classname="cviceni.StringBuilderAndBufferTest"/>
  <testcase name="testBuilderAppend" time="0,000" classname="cviceni.StringBuilderAndBufferTest"/>
  <testcase name="testBufferAppend" time="0,001" classname="cviceni.StringBuilderAndBufferTest"/>
  <testcase name="testBufferAppend" time="0,001" classname="cviceni.StringBuilderAndBufferTest"/>
  <testcase name="testBufferAppend" time="0,000" classname="cviceni.StringBuilderAndBufferTest"/>
  <testcase name="testBufferAppend" time="0,000" classname="cviceni.StringBuilderAndBufferTest"/>
  <testcase name="testBufferAppend" time="0,000" classname="cviceni.StringBuilderAndBufferTest"/>
  <testcase name="testBufferAppend" time="0,000" classname="cviceni.StringBuilderAndBufferTest"/>
  <testcase name="testBuilderAppend" time="0,000" classname="cviceni.StringBuilderAndBufferTest"/>
  <testcase name="testBufferAppendDelete" time="0,001" classname="cviceni.StringBuilderAndBufferTest"/>
  <testcase name="testBuilderAppendDelete" time="0,000" classname="cviceni.StringBuilderAndBufferTest"/>
  <testcase name="testBufferAppend" time="0,000" classname="cviceni.StringBuilderAndBufferTest"/>
  <testcase name="testBuilderAppend" time="0,000" classname="cviceni.StringBuilderAndBufferTest"/>
  <testcase name="testBufferAppendDelete" time="0,000" classname="cviceni.StringBuilderAndBufferTest"/>
  <testcase name="testBuilderAppendDelete" time="0,001" classname="cviceni.StringBuilderAndBufferTest"/>
  <testcase name="testBufferAppendDelete" time="0,000" classname="cviceni.StringBuilderAndBufferTest"/>
  <testcase name="testBufferAppend" time="0,000" classname="cviceni.StringBuilderAndBufferTest"/>
  <testcase name="testBufferAppendDelete" time="0,000" classname="cviceni.StringBuilderAndBufferTest"/>
  <testcase name="testBuilderAppend" time="0,000" classname="cviceni.StringBuilderAndBufferTest"/>
  <testcase name="testBufferAppend" time="0,000" classname="cviceni.StringBuilderAndBufferTest"/>
  <testcase name="testBuilderAppendDelete" time="0,000" classname="cviceni.StringBuilderAndBufferTest"/>
  <testcase name="testBufferAppendDelete" time="0,000" classname="cviceni.StringBuilderAndBufferTest"/>
  <testcase name="testBuilderAppendDelete" time="0,001" classname="cviceni.StringBuilderAndBufferTest"/>
  <testcase name="testBuilderAppend" time="0,000" classname="cviceni.StringBuilderAndBufferTest"/>
  <testcase name="testBuilderAppend" time="0,000" classname="cviceni.StringBuilderAndBufferTest"/>
  <testcase name="testBufferAppendDelete" time="0,001" classname="cviceni.StringBuilderAndBufferTest"/>
  <testcase name="testBuilderAppend" time="0,000" classname="cviceni.StringBuilderAndBufferTest"/>
  <testcase name="testBufferAppend" time="0,000" classname="cviceni.StringBuilderAndBufferTest"/>
  <testcase name="testBuilderAppendDelete" time="0,001" classname="cviceni.StringBuilderAndBufferTest"/>
  <testcase name="testBufferAppend" time="0,001" classname="cviceni.StringBuilderAndBufferTest"/>
  <testcase name="testBufferAppend" time="0,000" classname="cviceni.StringBuilderAndBufferTest"/>
  <testcase name="testBuilderAppend" time="0,000" classname="cviceni.StringBuilderAndBufferTest"/>
  <testcase name="testBuilderAppend" time="0,000" classname="cviceni.StringBuilderAndBufferTest"/>
  <testcase name="testBuilderAppendDelete" time="0,000" classname="cviceni.StringBuilderAndBufferTest"/>
  <testcase name="testBuilderAppend" time="0,008" classname="cviceni.StringBuilderAndBufferTest"/>
  <testcase name="testBufferAppend" time="0,000" classname="cviceni.StringBuilderAndBufferTest"/>
  <testcase name="testBufferAppendDelete" time="0,000" classname="cviceni.StringBuilderAndBufferTest"/>
  <testcase name="testBuilderAppendDelete" time="0,000" classname="cviceni.StringBuilderAndBufferTest"/>
  <testcase name="testBufferAppend" time="0,000" classname="cviceni.StringBuilderAndBufferTest"/>
  <testcase name="testBufferAppendDelete" time="0,000" classname="cviceni.StringBuilderAndBufferTest"/>
  <testcase name="testBuilderAppendDelete" time="0,000" classname="cviceni.StringBuilderAndBufferTest"/>
  <testcase name="testBuilderAppendDelete" time="0,000" classname="cviceni.StringBuilderAndBufferTest"/>
  <testcase name="testBuilderAppend" time="0,000" classname="cviceni.StringBuilderAndBufferTest"/>
  <testcase name="testBufferAppend" time="0,001" classname="cviceni.StringBuilderAndBufferTest"/>
  <testcase name="testBuilderAppendDelete" time="0,000" classname="cviceni.StringBuilderAndBufferTest"/>
  <testcase name="testBufferAppendDelete" time="0,000" classname="cviceni.StringBuilderAndBufferTest"/>
  <testcase name="testBufferAppendDelete" time="0,001" classname="cviceni.StringBuilderAndBufferTest"/>
  <testcase name="testBuilderAppendDelete" time="0,000" classname="cviceni.StringBuilderAndBufferTest"/>
  <testcase name="testBufferAppend" time="0,000" classname="cviceni.StringBuilderAndBufferTest"/>
  <testcase name="testBufferAppend" time="0,000" classname="cviceni.StringBuilderAndBufferTest"/>
  <testcase name="testBuilderAppend" time="0,001" classname="cviceni.StringBuilderAndBufferTest"/>
  <testcase name="testBuilderAppend" time="0,001" classname="cviceni.StringBuilderAndBufferTest"/>
  <testcase name="testBuilderAppendDelete" time="0,000" classname="cviceni.StringBuilderAndBufferTest"/>
  <testcase name="testBufferAppend" time="0,000" classname="cviceni.StringBuilderAndBufferTest"/>
  <testcase name="testBufferAppendDelete" time="0,000" classname="cviceni.StringBuilderAndBufferTest"/>
  <testcase name="testBufferAppendDelete" time="0,000" classname="cviceni.StringBuilderAndBufferTest"/>
  <testcase name="testBufferAppend" time="0,000" classname="cviceni.StringBuilderAndBufferTest"/>
  <testcase name="testBuilderAppend" time="0,006" classname="cviceni.StringBuilderAndBufferTest"/>
  <testcase name="testBuilderAppend" time="0,000" classname="cviceni.StringBuilderAndBufferTest"/>
  <testcase name="testBufferAppendDelete" time="0,001" classname="cviceni.StringBuilderAndBufferTest"/>
  <testcase name="testBuilderAppendDelete" time="0,000" classname="cviceni.StringBuilderAndBufferTest"/>
  <testcase name="testBuilderAppendDelete" time="0,000" classname="cviceni.StringBuilderAndBufferTest"/>
  <testcase name="testBufferAppend" time="0,000" classname="cviceni.StringBuilderAndBufferTest"/>
  <testcase name="testBuilderAppendDelete" time="0,000" classname="cviceni.StringBuilderAndBufferTest"/>
  <testcase name="testBufferAppendDelete" time="0,000" classname="cviceni.StringBuilderAndBufferTest"/>
  <testcase name="testBuilderAppendDelete" time="0,000" classname="cviceni.StringBuilderAndBufferTest"/>
  <testcase name="testBuilderAppend" time="0,000" classname="cviceni.StringBuilderAndBufferTest"/>
  <testcase name="testBuilderAppendDelete" time="0,000" classname="cviceni.StringBuilderAndBufferTest"/>
  <testcase name="testBuilderAppend" time="0,006" classname="cviceni.StringBuilderAndBufferTest"/>
  <testcase name="testBufferAppendDelete" time="0,000" classname="cviceni.StringBuilderAndBufferTest"/>
  <testcase name="testBuilderAppend" time="0,000" classname="cviceni.StringBuilderAndBufferTest"/>
  <testcase name="testBuilderAppend" time="0,000" classname="cviceni.StringBuilderAndBufferTest"/>
  <testcase name="testBufferAppendDelete" time="0,000" classname="cviceni.StringBuilderAndBufferTest"/>
  <testcase name="testBufferAppendDelete" time="0,000" classname="cviceni.StringBuilderAndBufferTest"/>
  <testcase name="testBuilderAppendDelete" time="0,000" classname="cviceni.StringBuilderAndBufferTest"/>
  <testcase name="testBufferAppendDelete" time="0,000" classname="cviceni.StringBuilderAndBufferTest"/>
  <testcase name="testBuilderAppend" time="0,000" classname="cviceni.StringBuilderAndBufferTest"/>
  <testcase name="testBuilderAppendDelete" time="0,000" classname="cviceni.StringBuilderAndBufferTest"/>
  <testcase name="testBufferAppend" time="0,000" classname="cviceni.StringBuilderAndBufferTest"/>
  <testcase name="testBufferAppendDelete" time="0,000" classname="cviceni.StringBuilderAndBufferTest"/>
  <testcase name="testBuilderAppend" time="0,000" classname="cviceni.StringBuilderAndBufferTest"/>
  <testcase name="testBuilderAppend" time="0,001" classname="cviceni.StringBuilderAndBufferTest"/>
  <testcase name="testBuilderAppend" time="0,000" classname="cviceni.StringBuilderAndBufferTest"/>
  <testcase name="testBufferAppendDelete" time="0,000" classname="cviceni.StringBuilderAndBufferTest"/>
  <testcase name="testBuilderAppend" time="0,001" classname="cviceni.StringBuilderAndBufferTest"/>
  <testcase name="testBufferAppend" time="0,001" classname="cviceni.StringBuilderAndBufferTest"/>
  <testcase name="testBufferAppendDelete" time="0,000" classname="cviceni.StringBuilderAndBufferTest"/>
  <testcase name="testBuilderAppendDelete" time="0,000" classname="cviceni.StringBuilderAndBufferTest"/>
  <testcase name="testBuilderAppend" time="0,000" classname="cviceni.StringBuilderAndBufferTest"/>
  <testcase name="testBuilderAppend" time="0,001" classname="cviceni.StringBuilderAndBufferTest"/>
  <testcase name="testBuilderAppend" time="0,000" classname="cviceni.StringBuilderAndBufferTest"/>
  <testcase name="testBuilderAppendDelete" time="0,001" classname="cviceni.StringBuilderAndBufferTest"/>
  <testcase name="testBuilderAppendDelete" time="0,000" classname="cviceni.StringBuilderAndBufferTest"/>
  <testcase name="testBuilderAppendDelete" time="0,000" classname="cviceni.StringBuilderAndBufferTest"/>
  <testcase name="testBuilderAppendDelete" time="0,001" classname="cviceni.StringBuilderAndBufferTest"/>
  <testcase name="testBuilderAppend" time="0,003" classname="cviceni.StringBuilderAndBufferTest"/>
  <testcase name="testBuilderAppendDelete" time="0,001" classname="cviceni.StringBuilderAndBufferTest"/>
  <testcase name="testBuilderAppend" time="0,102" classname="cviceni.StringBuilderAndBufferTest"/>
  <testcase name="testBufferAppend" time="0,001" classname="cviceni.StringBuilderAndBufferTest"/>
  <testcase name="testBuilderAppendDelete" time="0,000" classname="cviceni.StringBuilderAndBufferTest"/>
  <testcase name="testBuilderAppend" time="0,000" classname="cviceni.StringBuilderAndBufferTest"/>
  <testcase name="testBufferAppend" time="0,001" classname="cviceni.StringBuilderAndBufferTest"/>
  <testcase name="testBuilderAppend" time="0,000" classname="cviceni.StringBuilderAndBufferTest"/>
  <testcase name="testBufferAppend" time="0,000" classname="cviceni.StringBuilderAndBufferTest"/>
  <testcase name="testBuilderAppendDelete" time="0,000" classname="cviceni.StringBuilderAndBufferTest"/>
  <testcase name="testBufferAppendDelete" time="0,000" classname="cviceni.StringBuilderAndBufferTest"/>
  <testcase name="testBufferAppend" time="0,030" classname="cviceni.StringBuilderAndBufferTest"/>
  <testcase name="testBuilderAppendDelete" time="0,001" classname="cviceni.StringBuilderAndBufferTest"/>
  <testcase name="testBufferAppendDelete" time="0,000" classname="cviceni.StringBuilderAndBufferTest"/>
  <testcase name="testBuilderAppend" time="0,000" classname="cviceni.StringBuilderAndBufferTest"/>
  <testcase name="testBuilderAppend" time="0,000" classname="cviceni.StringBuilderAndBufferTest"/>
  <testcase name="testBufferAppendDelete" time="0,000" classname="cviceni.StringBuilderAndBufferTest"/>
  <testcase name="testBuilderAppend" time="0,000" classname="cviceni.StringBuilderAndBufferTest"/>
  <testcase name="testBufferAppendDelete" time="0,000" classname="cviceni.StringBuilderAndBufferTest"/>
  <testcase name="testBuilderAppend" time="0,000" classname="cviceni.StringBuilderAndBufferTest"/>
  <testcase name="testBuilderAppend" time="0,000" classname="cviceni.StringBuilderAndBufferTest"/>
  <testcase name="testBufferAppend" time="0,000" classname="cviceni.StringBuilderAndBufferTest"/>
  <testcase name="testBuilderAppend" time="0,000" classname="cviceni.StringBuilderAndBufferTest"/>
  <testcase name="testBufferAppendDelete" time="0,000" classname="cviceni.StringBuilderAndBufferTest"/>
  <testcase name="testBufferAppend" time="0,000" classname="cviceni.StringBuilderAndBufferTest"/>
  <testcase name="testBuilderAppend" time="0,000" classname="cviceni.StringBuilderAndBufferTest"/>
  <testcase name="testBuilderAppend" time="0,000" classname="cviceni.StringBuilderAndBufferTest"/>
  <testcase name="testBuilderAppendDelete" time="0,001" classname="cviceni.StringBuilderAndBufferTest"/>
  <testcase name="testBufferAppend" time="0,000" classname="cviceni.StringBuilderAndBufferTest"/>
  <testcase name="testBuilderAppendDelete" time="0,001" classname="cviceni.StringBuilderAndBufferTest"/>
  <testcase name="testBufferAppend" time="0,000" classname="cviceni.StringBuilderAndBufferTest"/>
  <testcase name="testBuilderAppend" time="0,000" classname="cviceni.StringBuilderAndBufferTest"/>
  <testcase name="testBuilderAppend" time="0,000" classname="cviceni.StringBuilderAndBufferTest"/>
  <testcase name="testBufferAppendDelete" time="0,000" classname="cviceni.StringBuilderAndBufferTest"/>
  <testcase name="testBuilderAppendDelete" time="0,000" classname="cviceni.StringBuilderAndBufferTest"/>
  <testcase name="testBufferAppend" time="0,000" classname="cviceni.StringBuilderAndBufferTest"/>
  <testcase name="testBufferAppend" time="0,001" classname="cviceni.StringBuilderAndBufferTest"/>
  <testcase name="testBufferAppendDelete" time="0,000" classname="cviceni.StringBuilderAndBufferTest"/>
  <testcase name="testBuilderAppend" time="0,000" classname="cviceni.StringBuilderAndBufferTest"/>
  <testcase name="testBuilderAppendDelete" time="0,000" classname="cviceni.StringBuilderAndBufferTest"/>
  <testcase name="testBuilderAppendDelete" time="0,001" classname="cviceni.StringBuilderAndBufferTest"/>
  <testcase name="testBuilderAppendDelete" time="0,000" classname="cviceni.StringBuilderAndBufferTest"/>
  <testcase name="testBufferAppend" time="0,000" classname="cviceni.StringBuilderAndBufferTest"/>
  <testcase name="testBufferAppend" time="0,000" classname="cviceni.StringBuilderAndBufferTest"/>
  <testcase name="testBuilderAppend" time="0,000" classname="cviceni.StringBuilderAndBufferTest"/>
  <testcase name="testBufferAppend" time="0,001" classname="cviceni.StringBuilderAndBufferTest"/>
  <testcase name="testBuilderAppend" time="0,000" classname="cviceni.StringBuilderAndBufferTest"/>
  <testcase name="testBuilderAppend" time="0,000" classname="cviceni.StringBuilderAndBufferTest"/>
  <testcase name="testBufferAppendDelete" time="0,000" classname="cviceni.StringBuilderAndBufferTest"/>
  <testcase name="testBufferAppendDelete" time="0,000" classname="cviceni.StringBuilderAndBufferTest"/>
  <testcase name="testBuilderAppend" time="0,001" classname="cviceni.StringBuilderAndBufferTest"/>
  <testcase name="testBuilderAppend" time="0,001" classname="cviceni.StringBuilderAndBufferTest"/>
  <testcase name="testBuilderAppendDelete" time="0,000" classname="cviceni.StringBuilderAndBufferTest"/>
  <testcase name="testBuilderAppendDelete" time="0,001" classname="cviceni.StringBuilderAndBufferTest"/>
  <testcase name="testBufferAppend" time="0,000" classname="cviceni.StringBuilderAndBufferTest"/>
  <testcase name="testBufferAppendDelete" time="0,000" classname="cviceni.StringBuilderAndBufferTest"/>
  <testcase name="testBufferAppendDelete" time="0,001" classname="cviceni.StringBuilderAndBufferTest"/>
  <testcase name="testBufferAppend" time="0,000" classname="cviceni.StringBuilderAndBufferTest"/>
  <testcase name="testBufferAppendDelete" time="0,000" classname="cviceni.StringBuilderAndBufferTest"/>
  <testcase name="testBufferAppend" time="0,000" classname="cviceni.StringBuilderAndBufferTest"/>
  <testcase name="testBufferAppendDelete" time="0,001" classname="cviceni.StringBuilderAndBufferTest"/>
  <testcase name="testBuilderAppend" time="0,001" classname="cviceni.StringBuilderAndBufferTest"/>
  <testcase name="testBuilderAppend" time="0,000" classname="cviceni.StringBuilderAndBufferTest"/>
  <testcase name="testBuilderAppend" time="0,000" classname="cviceni.StringBuilderAndBufferTest"/>
  <testcase name="testBufferAppend" time="0,000" classname="cviceni.StringBuilderAndBufferTest"/>
  <testcase name="testBufferAppendDelete" time="0,000" classname="cviceni.StringBuilderAndBufferTest"/>
  <testcase name="testBuilderAppendDelete" time="0,000" classname="cviceni.StringBuilderAndBufferTest"/>
  <testcase name="testBuilderAppend" time="0,000" classname="cviceni.StringBuilderAndBufferTest"/>
  <testcase name="testBufferAppend" time="0,000" classname="cviceni.StringBuilderAndBufferTest"/>
  <testcase name="testBufferAppend" time="0,001" classname="cviceni.StringBuilderAndBufferTest"/>
  <testcase name="testBufferAppendDelete" time="0,000" classname="cviceni.StringBuilderAndBufferTest"/>
  <testcase name="testBufferAppend" time="0,000" classname="cviceni.StringBuilderAndBufferTest"/>
  <testcase name="testBuilderAppend" time="0,001" classname="cviceni.StringBuilderAndBufferTest"/>
  <testcase name="testBuilderAppendDelete" time="0,000" classname="cviceni.StringBuilderAndBufferTest"/>
  <testcase name="testBuilderAppendDelete" time="0,000" classname="cviceni.StringBuilderAndBufferTest"/>
  <testcase name="testBufferAppendDelete" time="0,000" classname="cviceni.StringBuilderAndBufferTest"/>
  <testcase name="testBufferAppend" time="0,000" classname="cviceni.StringBuilderAndBufferTest"/>
  <testcase name="testBuilderAppend" time="0,000" classname="cviceni.StringBuilderAndBufferTest"/>
  <testcase name="testBufferAppend" time="0,001" classname="cviceni.StringBuilderAndBufferTest"/>
  <testcase name="testBuilderAppendDelete" time="0,000" classname="cviceni.StringBuilderAndBufferTest"/>
  <testcase name="testBuilderAppend" time="0,000" classname="cviceni.StringBuilderAndBufferTest"/>
  <testcase name="testBuilderAppend" time="0,001" classname="cviceni.StringBuilderAndBufferTest"/>
  <testcase name="testBuilderAppend" time="0,000" classname="cviceni.StringBuilderAndBufferTest"/>
  <testcase name="testBuilderAppend" time="0,000" classname="cviceni.StringBuilderAndBufferTest"/>
  <testcase name="testBuilderAppendDelete" time="0,000" classname="cviceni.StringBuilderAndBufferTest"/>
  <testcase name="testBufferAppendDelete" time="0,001" classname="cviceni.StringBuilderAndBufferTest"/>
  <testcase name="testBuilderAppendDelete" time="0,000" classname="cviceni.StringBuilderAndBufferTest"/>
  <testcase name="testBuilderAppendDelete" time="0,001" classname="cviceni.StringBuilderAndBufferTest"/>
  <testcase name="testBuilderAppendDelete" time="0,001" classname="cviceni.StringBuilderAndBufferTest"/>
  <testcase name="testBuilderAppendDelete" time="0,000" classname="cviceni.StringBuilderAndBufferTest"/>
  <testcase name="testBuilderAppend" time="0,001" classname="cviceni.StringBuilderAndBufferTest"/>
  <testcase name="testBuilderAppend" time="0,000" classname="cviceni.StringBuilderAndBufferTest"/>
  <testcase name="testBuilderAppendDelete" time="0,000" classname="cviceni.StringBuilderAndBufferTest"/>
  <testcase name="testBuilderAppend" time="0,000" classname="cviceni.StringBuilderAndBufferTest"/>
  <testcase name="testBuilderAppendDelete" time="0,022" classname="cviceni.StringBuilderAndBufferTest"/>
  <testcase name="testBuilderAppendDelete" time="0,001" classname="cviceni.StringBuilderAndBufferTest"/>
  <testcase name="testBuilderAppend" time="0,000" classname="cviceni.StringBuilderAndBufferTest"/>
  <testcase name="testBuilderAppendDelete" time="0,001" classname="cviceni.StringBuilderAndBufferTest"/>
  <testcase name="testBuilderAppendDelete" time="0,001" classname="cviceni.StringBuilderAndBufferTest"/>
  <testcase name="testBuilderAppend" time="0,001" classname="cviceni.StringBuilderAndBufferTest"/>
  <testcase name="testBufferAppend" time="0,000" classname="cviceni.StringBuilderAndBufferTest"/>
  <testcase name="testBuilderAppend" time="0,000" classname="cviceni.StringBuilderAndBufferTest"/>
  <testcase name="testBufferAppend" time="0,000" classname="cviceni.StringBuilderAndBufferTest"/>
  <testcase name="testBuilderAppend" time="0,000" classname="cviceni.StringBuilderAndBufferTest"/>
  <testcase name="testBufferAppend" time="0,001" classname="cviceni.StringBuilderAndBufferTest"/>
  <testcase name="testBufferAppendDelete" time="0,000" classname="cviceni.StringBuilderAndBufferTest"/>
  <testcase name="testBufferAppend" time="0,000" classname="cviceni.StringBuilderAndBufferTest"/>
  <testcase name="testBufferAppendDelete" time="0,000" classname="cviceni.StringBuilderAndBufferTest"/>
  <testcase name="testBuilderAppend" time="0,000" classname="cviceni.StringBuilderAndBufferTest"/>
  <testcase name="testBufferAppend" time="0,001" classname="cviceni.StringBuilderAndBufferTest"/>
  <testcase name="testBuilderAppend" time="0,001" classname="cviceni.StringBuilderAndBufferTest"/>
  <testcase name="testBufferAppendDelete" time="0,000" classname="cviceni.StringBuilderAndBufferTest"/>
  <testcase name="testBuilderAppendDelete" time="0,000" classname="cviceni.StringBuilderAndBufferTest"/>
  <testcase name="testBuilderAppendDelete" time="0,001" classname="cviceni.StringBuilderAndBufferTest"/>
  <testcase name="testBufferAppendDelete" time="0,000" classname="cviceni.StringBuilderAndBufferTest"/>
  <testcase name="testBuilderAppendDelete" time="0,002" classname="cviceni.StringBuilderAndBufferTest"/>
  <testcase name="testBuilderAppend" time="0,001" classname="cviceni.StringBuilderAndBufferTest"/>
  <testcase name="testBufferAppendDelete" time="0,001" classname="cviceni.StringBuilderAndBufferTest"/>
  <testcase name="testBufferAppend" time="0,000" classname="cviceni.StringBuilderAndBufferTest"/>
  <testcase name="testBufferAppendDelete" time="0,000" classname="cviceni.StringBuilderAndBufferTest"/>
  <testcase name="testBufferAppendDelete" time="0,001" classname="cviceni.StringBuilderAndBufferTest"/>
  <testcase name="testBuilderAppend" time="0,000" classname="cviceni.StringBuilderAndBufferTest"/>
  <testcase name="testBuilderAppend" time="0,000" classname="cviceni.StringBuilderAndBufferTest"/>
  <testcase name="testBufferAppendDelete" time="0,000" classname="cviceni.StringBuilderAndBufferTest"/>
  <testcase name="testBufferAppend" time="0,000" classname="cviceni.StringBuilderAndBufferTest"/>
  <testcase name="testBufferAppendDelete" time="0,000" classname="cviceni.StringBuilderAndBufferTest"/>
  <testcase name="testBuilderAppend" time="0,001" classname="cviceni.StringBuilderAndBufferTest"/>
  <testcase name="testBuilderAppendDelete" time="0,000" classname="cviceni.StringBuilderAndBufferTest"/>
  <testcase name="testBuilderAppend" time="0,000" classname="cviceni.StringBuilderAndBufferTest"/>
  <testcase name="testBuilderAppendDelete" time="0,411" classname="cviceni.StringBuilderAndBufferTest"/>
  <testcase name="testBuilderAppend" time="0,001" classname="cviceni.StringBuilderAndBufferTest"/>
  <testcase name="testBufferAppendDelete" time="0,000" classname="cviceni.StringBuilderAndBufferTest"/>
  <testcase name="testBuilderAppendDelete" time="0,000" classname="cviceni.StringBuilderAndBufferTest"/>
  <testcase name="testBufferAppend" time="0,000" classname="cviceni.StringBuilderAndBufferTest"/>
  <testcase name="testBufferAppendDelete" time="0,001" classname="cviceni.StringBuilderAndBufferTest"/>
  <testcase name="testBufferAppend" time="0,000" classname="cviceni.StringBuilderAndBufferTest"/>
  <testcase name="testBufferAppend" time="0,001" classname="cviceni.StringBuilderAndBufferTest"/>
  <testcase name="testBufferAppendDelete" time="0,000" classname="cviceni.StringBuilderAndBufferTest"/>
  <testcase name="testBuilderAppend" time="0,000" classname="cviceni.StringBuilderAndBufferTest"/>
  <testcase name="testBufferAppend" time="0,000" classname="cviceni.StringBuilderAndBufferTest"/>
  <testcase name="testBufferAppend" time="0,000" classname="cviceni.StringBuilderAndBufferTest"/>
  <testcase name="testBufferAppendDelete" time="0,000" classname="cviceni.StringBuilderAndBufferTest"/>
  <testcase name="testBufferAppend" time="0,001" classname="cviceni.StringBuilderAndBufferTest"/>
  <testcase name="testBufferAppendDelete" time="0,000" classname="cviceni.StringBuilderAndBufferTest"/>
  <testcase name="testBufferAppend" time="0,000" classname="cviceni.StringBuilderAndBufferTest"/>
  <testcase name="testBufferAppend" time="0,000" classname="cviceni.StringBuilderAndBufferTest"/>
  <testcase name="testBuilderAppend" time="0,000" classname="cviceni.StringBuilderAndBufferTest"/>
  <testcase name="testBufferAppendDelete" time="0,000" classname="cviceni.StringBuilderAndBufferTest"/>
  <testcase name="testBufferAppendDelete" time="0,002" classname="cviceni.StringBuilderAndBufferTest"/>
  <testcase name="testBuilderAppendDelete" time="0,000" classname="cviceni.StringBuilderAndBufferTest"/>
  <testcase name="testBufferAppendDelete" time="0,001" classname="cviceni.StringBuilderAndBufferTest"/>
  <testcase name="testBufferAppend" time="0,001" classname="cviceni.StringBuilderAndBufferTest"/>
  <testcase name="testBuilderAppend" time="0,000" classname="cviceni.StringBuilderAndBufferTest"/>
  <testcase name="testBuilderAppend" time="0,000" classname="cviceni.StringBuilderAndBufferTest"/>
  <testcase name="testBufferAppendDelete" time="0,001" classname="cviceni.StringBuilderAndBufferTest"/>
  <testcase name="testBufferAppend" time="0,001" classname="cviceni.StringBuilderAndBufferTest"/>
  <testcase name="testBuilderAppendDelete" time="0,000" classname="cviceni.StringBuilderAndBufferTest"/>
  <testcase name="testBuilderAppend" time="0,000" classname="cviceni.StringBuilderAndBufferTest"/>
  <testcase name="testBuilderAppendDelete" time="0,001" classname="cviceni.StringBuilderAndBufferTest"/>
  <testcase name="testBufferAppendDelete" time="0,000" classname="cviceni.StringBuilderAndBufferTest"/>
  <testcase name="testBuilderAppend" time="0,001" classname="cviceni.StringBuilderAndBufferTest"/>
  <testcase name="testBuilderAppendDelete" time="0,000" classname="cviceni.StringBuilderAndBufferTest"/>
  <testcase name="testBuilderAppendDelete" time="0,001" classname="cviceni.StringBuilderAndBufferTest"/>
  <testcase name="testBufferAppendDelete" time="0,000" classname="cviceni.StringBuilderAndBufferTest"/>
  <testcase name="testBufferAppendDelete" time="0,000" classname="cviceni.StringBuilderAndBufferTest"/>
  <testcase name="testBuilderAppendDelete" time="0,196" classname="cviceni.StringBuilderAndBufferTest"/>
  <testcase name="testBufferAppend" time="0,000" classname="cviceni.StringBuilderAndBufferTest"/>
  <testcase name="testBuilderAppendDelete" time="0,000" classname="cviceni.StringBuilderAndBufferTest"/>
  <testcase name="testBufferAppend" time="0,000" classname="cviceni.StringBuilderAndBufferTest"/>
  <testcase name="testBufferAppendDelete" time="0,000" classname="cviceni.StringBuilderAndBufferTest"/>
  <testcase name="testBuilderAppendDelete" time="0,000" classname="cviceni.StringBuilderAndBufferTest"/>
  <testcase name="testBuilderAppend" time="0,000" classname="cviceni.StringBuilderAndBufferTest"/>
  <testcase name="testBufferAppendDelete" time="0,000" classname="cviceni.StringBuilderAndBufferTest"/>
  <testcase name="testBufferAppendDelete" time="0,000" classname="cviceni.StringBuilderAndBufferTest"/>
  <testcase name="testBufferAppendDelete" time="0,001" classname="cviceni.StringBuilderAndBufferTest"/>
  <testcase name="testBuilderAppend" time="0,000" classname="cviceni.StringBuilderAndBufferTest"/>
  <testcase name="testBuilderAppend" time="0,000" classname="cviceni.StringBuilderAndBufferTest"/>
  <testcase name="testBufferAppendDelete" time="0,000" classname="cviceni.StringBuilderAndBufferTest"/>
  <testcase name="testBufferAppend" time="0,000" classname="cviceni.StringBuilderAndBufferTest"/>
  <testcase name="testBuilderAppendDelete" time="0,001" classname="cviceni.StringBuilderAndBufferTest"/>
  <testcase name="testBuilderAppendDelete" time="0,004" classname="cviceni.StringBuilderAndBufferTest"/>
  <testcase name="testBufferAppendDelete" time="0,001" classname="cviceni.StringBuilderAndBufferTest"/>
  <testcase name="testBuilderAppend" time="0,000" classname="cviceni.StringBuilderAndBufferTest"/>
  <testcase name="testBufferAppend" time="0,001" classname="cviceni.StringBuilderAndBufferTest"/>
  <testcase name="testBuilderAppendDelete" time="0,000" classname="cviceni.StringBuilderAndBufferTest"/>
  <testcase name="testBufferAppendDelete" time="0,001" classname="cviceni.StringBuilderAndBufferTest"/>
  <testcase name="testBufferAppend" time="0,000" classname="cviceni.StringBuilderAndBufferTest"/>
  <testcase name="testBufferAppend" time="0,001" classname="cviceni.StringBuilderAndBufferTest"/>
  <testcase name="testBuilderAppend" time="0,000" classname="cviceni.StringBuilderAndBufferTest"/>
  <testcase name="testBufferAppendDelete" time="0,001" classname="cviceni.StringBuilderAndBufferTest"/>
  <testcase name="testBufferAppendDelete" time="0,000" classname="cviceni.StringBuilderAndBufferTest"/>
  <testcase name="testBuilderAppendDelete" time="0,000" classname="cviceni.StringBuilderAndBufferTest"/>
  <testcase name="testBuilderAppendDelete" time="0,000" classname="cviceni.StringBuilderAndBufferTest"/>
  <testcase name="testBufferAppend" time="0,000" classname="cviceni.StringBuilderAndBufferTest"/>
  <testcase name="testBuilderAppendDelete" time="0,001" classname="cviceni.StringBuilderAndBufferTest"/>
  <testcase name="testBufferAppendDelete" time="0,000" classname="cviceni.StringBuilderAndBufferTest"/>
  <testcase name="testBuilderAppend" time="0,000" classname="cviceni.StringBuilderAndBufferTest"/>
  <testcase name="testBuilderAppend" time="0,000" classname="cviceni.StringBuilderAndBufferTest"/>
  <testcase name="testBuilderAppendDelete" time="0,000" classname="cviceni.StringBuilderAndBufferTest"/>
  <testcase name="testBufferAppendDelete" time="0,000" classname="cviceni.StringBuilderAndBufferTest"/>
  <testcase name="testBuilderAppendDelete" time="0,000" classname="cviceni.StringBuilderAndBufferTest"/>
  <testcase name="testBufferAppendDelete" time="0,000" classname="cviceni.StringBuilderAndBufferTest"/>
  <testcase name="testBuilderAppendDelete" time="0,000" classname="cviceni.StringBuilderAndBufferTest"/>
  <testcase name="testBufferAppendDelete" time="0,000" classname="cviceni.StringBuilderAndBufferTest"/>
  <testcase name="testBufferAppend" time="0,000" classname="cviceni.StringBuilderAndBufferTest"/>
  <testcase name="testBufferAppend" time="0,001" classname="cviceni.StringBuilderAndBufferTest"/>
  <testcase name="testBufferAppend" time="0,000" classname="cviceni.StringBuilderAndBufferTest"/>
  <testcase name="testBufferAppend" time="0,000" classname="cviceni.StringBuilderAndBufferTest"/>
  <testcase name="testBuilderAppendDelete" time="0,001" classname="cviceni.StringBuilderAndBufferTest"/>
  <testcase name="testBuilderAppendDelete" time="0,000" classname="cviceni.StringBuilderAndBufferTest"/>
  <testcase name="testBufferAppendDelete" time="0,000" classname="cviceni.StringBuilderAndBufferTest"/>
  <testcase name="testBufferAppendDelete" time="0,001" classname="cviceni.StringBuilderAndBufferTest"/>
  <testcase name="testBufferAppendDelete" time="0,001" classname="cviceni.StringBuilderAndBufferTest"/>
  <testcase name="testBuilderAppendDelete" time="0,000" classname="cviceni.StringBuilderAndBufferTest"/>
  <testcase name="testBufferAppend" time="0,000" classname="cviceni.StringBuilderAndBufferTest"/>
  <testcase name="testBuilderAppend" time="0,000" classname="cviceni.StringBuilderAndBufferTest"/>
  <testcase name="testBufferAppend" time="0,000" classname="cviceni.StringBuilderAndBufferTest"/>
  <testcase name="testBuilderAppend" time="0,000" classname="cviceni.StringBuilderAndBufferTest"/>
  <testcase name="testBuilderAppend" time="0,000" classname="cviceni.StringBuilderAndBufferTest"/>
  <testcase name="testBuilderAppendDelete" time="0,000" classname="cviceni.StringBuilderAndBufferTest"/>
  <testcase name="testBufferAppend" time="0,000" classname="cviceni.StringBuilderAndBufferTest"/>
  <testcase name="testBuilderAppend" time="0,000" classname="cviceni.StringBuilderAndBufferTest"/>
  <testcase name="testBuilderAppend" time="0,000" classname="cviceni.StringBuilderAndBufferTest"/>
  <testcase name="testBuilderAppendDelete" time="0,001" classname="cviceni.StringBuilderAndBufferTest"/>
  <testcase name="testBufferAppend" time="0,000" classname="cviceni.StringBuilderAndBufferTest"/>
  <testcase name="testBufferAppendDelete" time="0,000" classname="cviceni.StringBuilderAndBufferTest"/>
  <testcase name="testBuilderAppend" time="0,001" classname="cviceni.StringBuilderAndBufferTest"/>
  <testcase name="testBuilderAppendDelete" time="0,000" classname="cviceni.StringBuilderAndBufferTest"/>
  <testcase name="testBuilderAppend" time="0,001" classname="cviceni.StringBuilderAndBufferTest"/>
  <testcase name="testBufferAppendDelete" time="0,000" classname="cviceni.StringBuilderAndBufferTest"/>
  <testcase name="testBufferAppend" time="0,000" classname="cviceni.StringBuilderAndBufferTest"/>
  <testcase name="testBuilderAppend" time="0,000" classname="cviceni.StringBuilderAndBufferTest"/>
  <testcase name="testBuilderAppendDelete" time="0,000" classname="cviceni.StringBuilderAndBufferTest"/>
  <testcase name="testBuilderAppend" time="0,000" classname="cviceni.StringBuilderAndBufferTest"/>
  <testcase name="testBufferAppend" time="0,000" classname="cviceni.StringBuilderAndBufferTest"/>
  <testcase name="testBuilderAppendDelete" time="0,000" classname="cviceni.StringBuilderAndBufferTest"/>
  <testcase name="testBuilderAppend" time="0,001" classname="cviceni.StringBuilderAndBufferTest"/>
  <testcase name="testBufferAppendDelete" time="0,000" classname="cviceni.StringBuilderAndBufferTest"/>
  <testcase name="testBufferAppend" time="0,000" classname="cviceni.StringBuilderAndBufferTest"/>
  <testcase name="testBufferAppendDelete" time="0,001" classname="cviceni.StringBuilderAndBufferTest"/>
  <testcase name="testBuilderAppendDelete" time="0,001" classname="cviceni.StringBuilderAndBufferTest"/>
  <testcase name="testBuilderAppend" time="0,001" classname="cviceni.StringBuilderAndBufferTest"/>
  <testcase name="testBuilderAppendDelete" time="0,001" classname="cviceni.StringBuilderAndBufferTest"/>
  <testcase name="testBuilderAppend" time="0,000" classname="cviceni.StringBuilderAndBufferTest"/>
  <testcase name="testBuilderAppendDelete" time="0,000" classname="cviceni.StringBuilderAndBufferTest"/>
  <testcase name="testBufferAppendDelete" time="0,001" classname="cviceni.StringBuilderAndBufferTest"/>
  <testcase name="testBufferAppendDelete" time="0,001" classname="cviceni.StringBuilderAndBufferTest"/>
  <testcase name="testBuilderAppend" time="0,000" classname="cviceni.StringBuilderAndBufferTest"/>
  <testcase name="testBufferAppend" time="0,000" classname="cviceni.StringBuilderAndBufferTest"/>
  <testcase name="testBuilderAppendDelete" time="0,001" classname="cviceni.StringBuilderAndBufferTest"/>
  <testcase name="testBufferAppendDelete" time="0,000" classname="cviceni.StringBuilderAndBufferTest"/>
  <testcase name="testBufferAppendDelete" time="0,000" classname="cviceni.StringBuilderAndBufferTest"/>
  <testcase name="testBuilderAppendDelete" time="0,001" classname="cviceni.StringBuilderAndBufferTest"/>
  <testcase name="testBuilderAppendDelete" time="0,065" classname="cviceni.StringBuilderAndBufferTest"/>
  <testcase name="testBuilderAppend" time="0,000" classname="cviceni.StringBuilderAndBufferTest"/>
  <testcase name="testBufferAppend" time="0,000" classname="cviceni.StringBuilderAndBufferTest"/>
  <testcase name="testBuilderAppend" time="0,000" classname="cviceni.StringBuilderAndBufferTest"/>
  <testcase name="testBufferAppend" time="0,001" classname="cviceni.StringBuilderAndBufferTest"/>
  <testcase name="testBufferAppendDelete" time="0,001" classname="cviceni.StringBuilderAndBufferTest"/>
  <testcase name="testBuilderAppend" time="0,000" classname="cviceni.StringBuilderAndBufferTest"/>
  <testcase name="testBufferAppendDelete" time="0,001" classname="cviceni.StringBuilderAndBufferTest"/>
  <testcase name="testBufferAppendDelete" time="0,000" classname="cviceni.StringBuilderAndBufferTest"/>
  <testcase name="testBuilderAppend" time="0,000" classname="cviceni.StringBuilderAndBufferTest"/>
  <testcase name="testBufferAppend" time="0,001" classname="cviceni.StringBuilderAndBufferTest"/>
  <testcase name="testBufferAppend" time="0,000" classname="cviceni.StringBuilderAndBufferTest"/>
  <testcase name="testBuilderAppendDelete" time="0,001" classname="cviceni.StringBuilderAndBufferTest"/>
  <testcase name="testBuilderAppend" time="0,000" classname="cviceni.StringBuilderAndBufferTest"/>
  <testcase name="testBuilderAppendDelete" time="0,000" classname="cviceni.StringBuilderAndBufferTest"/>
  <testcase name="testBuilderAppend" time="0,000" classname="cviceni.StringBuilderAndBufferTest"/>
  <testcase name="testBuilderAppendDelete" time="0,000" classname="cviceni.StringBuilderAndBufferTest"/>
  <testcase name="testBuilderAppendDelete" time="0,000" classname="cviceni.StringBuilderAndBufferTest"/>
  <testcase name="testBufferAppend" time="0,000" classname="cviceni.StringBuilderAndBufferTest"/>
  <testcase name="testBufferAppendDelete" time="0,001" classname="cviceni.StringBuilderAndBufferTest"/>
  <testcase name="testBufferAppend" time="0,001" classname="cviceni.StringBuilderAndBufferTest"/>
  <testcase name="testBuilderAppend" time="0,000" classname="cviceni.StringBuilderAndBufferTest"/>
  <testcase name="testBufferAppend" time="0,000" classname="cviceni.StringBuilderAndBufferTest"/>
  <testcase name="testBuilderAppendDelete" time="0,000" classname="cviceni.StringBuilderAndBufferTest"/>
  <testcase name="testBufferAppend" time="0,001" classname="cviceni.StringBuilderAndBufferTest"/>
  <testcase name="testBufferAppend" time="0,000" classname="cviceni.StringBuilderAndBufferTest"/>
  <testcase name="testBufferAppend" time="0,000" classname="cviceni.StringBuilderAndBufferTest"/>
  <testcase name="testBufferAppend" time="0,000" classname="cviceni.StringBuilderAndBufferTest"/>
  <testcase name="testBufferAppend" time="0,000" classname="cviceni.StringBuilderAndBufferTest"/>
  <testcase name="testBufferAppendDelete" time="0,001" classname="cviceni.StringBuilderAndBufferTest"/>
  <testcase name="testBufferAppendDelete" time="0,001" classname="cviceni.StringBuilderAndBufferTest"/>
  <testcase name="testBuilderAppend" time="0,001" classname="cviceni.StringBuilderAndBufferTest"/>
  <testcase name="testBufferAppendDelete" time="0,000" classname="cviceni.StringBuilderAndBufferTest"/>
  <testcase name="testBuilderAppend" time="0,000" classname="cviceni.StringBuilderAndBufferTest"/>
  <testcase name="testBuilderAppend" time="0,000" classname="cviceni.StringBuilderAndBufferTest"/>
  <testcase name="testBuilderAppendDelete" time="0,000" classname="cviceni.StringBuilderAndBufferTest"/>
  <testcase name="testBufferAppendDelete" time="0,000" classname="cviceni.StringBuilderAndBufferTest"/>
  <testcase name="testBuilderAppendDelete" time="0,000" classname="cviceni.StringBuilderAndBufferTest"/>
  <testcase name="testBuilderAppendDelete" time="0,000" classname="cviceni.StringBuilderAndBufferTest"/>
  <testcase name="testBuilderAppendDelete" time="0,000" classname="cviceni.StringBuilderAndBufferTest"/>
  <testcase name="testBuilderAppend" time="0,001" classname="cviceni.StringBuilderAndBufferTest"/>
  <testcase name="testBufferAppend" time="0,000" classname="cviceni.StringBuilderAndBufferTest"/>
  <testcase name="testBufferAppend" time="0,001" classname="cviceni.StringBuilderAndBufferTest"/>
  <testcase name="testBufferAppendDelete" time="0,000" classname="cviceni.StringBuilderAndBufferTest"/>
  <testcase name="testBuilderAppend" time="0,001" classname="cviceni.StringBuilderAndBufferTest"/>
  <testcase name="testBuilderAppend" time="0,000" classname="cviceni.StringBuilderAndBufferTest"/>
  <testcase name="testBuilderAppendDelete" time="0,000" classname="cviceni.StringBuilderAndBufferTest"/>
  <testcase name="testBufferAppendDelete" time="0,001" classname="cviceni.StringBuilderAndBufferTest"/>
  <testcase name="testBuilderAppendDelete" time="0,000" classname="cviceni.StringBuilderAndBufferTest"/>
  <testcase name="testBufferAppendDelete" time="0,003" classname="cviceni.StringBuilderAndBufferTest"/>
  <testcase name="testBufferAppend" time="0,000" classname="cviceni.StringBuilderAndBufferTest"/>
  <testcase name="testBuilderAppendDelete" time="0,000" classname="cviceni.StringBuilderAndBufferTest"/>
  <testcase name="testBufferAppend" time="0,000" classname="cviceni.StringBuilderAndBufferTest"/>
  <testcase name="testBuilderAppendDelete" time="0,000" classname="cviceni.StringBuilderAndBufferTest"/>
  <testcase name="testBuilderAppend" time="0,001" classname="cviceni.StringBuilderAndBufferTest"/>
  <testcase name="testBufferAppendDelete" time="0,001" classname="cviceni.StringBuilderAndBufferTest"/>
  <testcase name="testBuilderAppend" time="0,001" classname="cviceni.StringBuilderAndBufferTest"/>
  <testcase name="testBuilderAppend" time="0,000" classname="cviceni.StringBuilderAndBufferTest"/>
  <testcase name="testBuilderAppend" time="0,000" classname="cviceni.StringBuilderAndBufferTest"/>
  <testcase name="testBufferAppendDelete" time="0,000" classname="cviceni.StringBuilderAndBufferTest"/>
  <testcase name="testBufferAppend" time="0,000" classname="cviceni.StringBuilderAndBufferTest"/>
  <testcase name="testBufferAppend" time="0,000" classname="cviceni.StringBuilderAndBufferTest"/>
  <testcase name="testBufferAppendDelete" time="0,001" classname="cviceni.StringBuilderAndBufferTest"/>
  <testcase name="testBuilderAppend" time="0,000" classname="cviceni.StringBuilderAndBufferTest"/>
  <testcase name="testBufferAppend" time="0,000" classname="cviceni.StringBuilderAndBufferTest"/>
  <testcase name="testBuilderAppend" time="0,001" classname="cviceni.StringBuilderAndBufferTest"/>
  <testcase name="testBuilderAppendDelete" time="0,000" classname="cviceni.StringBuilderAndBufferTest"/>
  <testcase name="testBufferAppendDelete" time="0,000" classname="cviceni.StringBuilderAndBufferTest"/>
  <testcase name="testBuilderAppendDelete" time="0,000" classname="cviceni.StringBuilderAndBufferTest"/>
  <testcase name="testBuilderAppend" time="0,001" classname="cviceni.StringBuilderAndBufferTest"/>
  <testcase name="testBufferAppendDelete" time="0,001" classname="cviceni.StringBuilderAndBufferTest"/>
  <testcase name="testBuilderAppend" time="0,001" classname="cviceni.StringBuilderAndBufferTest"/>
  <testcase name="testBufferAppendDelete" time="0,000" classname="cviceni.StringBuilderAndBufferTest"/>
  <testcase name="testBuilderAppend" time="0,000" classname="cviceni.StringBuilderAndBufferTest"/>
  <testcase name="testBufferAppend" time="0,000" classname="cviceni.StringBuilderAndBufferTest"/>
  <testcase name="testBufferAppend" time="0,000" classname="cviceni.StringBuilderAndBufferTest"/>
  <testcase name="testBuilderAppendDelete" time="0,001" classname="cviceni.StringBuilderAndBufferTest"/>
  <testcase name="testBuilderAppend" time="0,000" classname="cviceni.StringBuilderAndBufferTest"/>
  <testcase name="testBufferAppendDelete" time="0,000" classname="cviceni.StringBuilderAndBufferTest"/>
  <testcase name="testBuilderAppend" time="0,001" classname="cviceni.StringBuilderAndBufferTest"/>
  <testcase name="testBufferAppendDelete" time="0,000" classname="cviceni.StringBuilderAndBufferTest"/>
  <testcase name="testBuilderAppendDelete" time="0,001" classname="cviceni.StringBuilderAndBufferTest"/>
  <testcase name="testBuilderAppend" time="0,001" classname="cviceni.StringBuilderAndBufferTest"/>
  <testcase name="testBuilderAppendDelete" time="0,000" classname="cviceni.StringBuilderAndBufferTest"/>
  <testcase name="testBuilderAppend" time="0,000" classname="cviceni.StringBuilderAndBufferTest"/>
  <testcase name="testBufferAppend" time="0,000" classname="cviceni.StringBuilderAndBufferTest"/>
  <testcase name="testBufferAppend" time="0,000" classname="cviceni.StringBuilderAndBufferTest"/>
  <testcase name="testBuilderAppendDelete" time="0,000" classname="cviceni.StringBuilderAndBufferTest"/>
  <testcase name="testBufferAppendDelete" time="0,001" classname="cviceni.StringBuilderAndBufferTest"/>
  <testcase name="testBuilderAppendDelete" time="0,001" classname="cviceni.StringBuilderAndBufferTest"/>
  <testcase name="testBuilderAppend" time="0,001" classname="cviceni.StringBuilderAndBufferTest"/>
  <testcase name="testBuilderAppendDelete" time="0,000" classname="cviceni.StringBuilderAndBufferTest"/>
  <testcase name="testBufferAppend" time="0,000" classname="cviceni.StringBuilderAndBufferTest"/>
  <testcase name="testBufferAppendDelete" time="0,000" classname="cviceni.StringBuilderAndBufferTest"/>
  <testcase name="testBuilderAppendDelete" time="0,000" classname="cviceni.StringBuilderAndBufferTest"/>
  <testcase name="testBufferAppend" time="0,000" classname="cviceni.StringBuilderAndBufferTest"/>
  <testcase name="testBufferAppendDelete" time="0,000" classname="cviceni.StringBuilderAndBufferTest"/>
  <testcase name="testBuilderAppend" time="0,001" classname="cviceni.StringBuilderAndBufferTest"/>
  <testcase name="testBuilderAppend" time="0,000" classname="cviceni.StringBuilderAndBufferTest"/>
  <testcase name="testBuilderAppendDelete" time="0,000" classname="cviceni.StringBuilderAndBufferTest"/>
  <testcase name="testBuilderAppendDelete" time="0,000" classname="cviceni.StringBuilderAndBufferTest"/>
  <testcase name="testBufferAppend" time="0,001" classname="cviceni.StringBuilderAndBufferTest"/>
  <testcase name="testBuilderAppendDelete" time="0,001" classname="cviceni.StringBuilderAndBufferTest"/>
  <testcase name="testBufferAppend" time="0,000" classname="cviceni.StringBuilderAndBufferTest"/>
  <testcase name="testBuilderAppend" time="0,001" classname="cviceni.StringBuilderAndBufferTest"/>
  <testcase name="testBuilderAppendDelete" time="0,000" classname="cviceni.StringBuilderAndBufferTest"/>
  <testcase name="testBuilderAppendDelete" time="0,000" classname="cviceni.StringBuilderAndBufferTest"/>
  <testcase name="testBufferAppendDelete" time="0,000" classname="cviceni.StringBuilderAndBufferTest"/>
  <testcase name="testBufferAppend" time="0,000" classname="cviceni.StringBuilderAndBufferTest"/>
  <testcase name="testBuilderAppendDelete" time="0,000" classname="cviceni.StringBuilderAndBufferTest"/>
  <testcase name="testBufferAppendDelete" time="0,000" classname="cviceni.StringBuilderAndBufferTest"/>
  <testcase name="testBufferAppend" time="0,093" classname="cviceni.StringBuilderAndBufferTest"/>
  <testcase name="testBuilderAppendDelete" time="0,001" classname="cviceni.StringBuilderAndBufferTest"/>
  <testcase name="testBufferAppendDelete" time="0,000" classname="cviceni.StringBuilderAndBufferTest"/>
  <testcase name="testBufferAppend" time="0,001" classname="cviceni.StringBuilderAndBufferTest"/>
  <testcase name="testBufferAppend" time="0,080" classname="cviceni.StringBuilderAndBufferTest"/>
  <testcase name="testBuilderAppendDelete" time="0,000" classname="cviceni.StringBuilderAndBufferTest"/>
  <testcase name="testBuilderAppendDelete" time="0,001" classname="cviceni.StringBuilderAndBufferTest"/>
  <testcase name="testBufferAppend" time="0,000" classname="cviceni.StringBuilderAndBufferTest"/>
  <testcase name="testBufferAppendDelete" time="0,000" classname="cviceni.StringBuilderAndBufferTest"/>
  <testcase name="testBufferAppendDelete" time="0,000" classname="cviceni.StringBuilderAndBufferTest"/>
  <testcase name="testBuilderAppendDelete" time="0,000" classname="cviceni.StringBuilderAndBufferTest"/>
  <testcase name="testBufferAppend" time="0,000" classname="cviceni.StringBuilderAndBufferTest"/>
  <testcase name="testBuilderAppendDelete" time="0,001" classname="cviceni.StringBuilderAndBufferTest"/>
  <testcase name="testBuilderAppendDelete" time="0,000" classname="cviceni.StringBuilderAndBufferTest"/>
  <testcase name="testBuilderAppend" time="0,000" classname="cviceni.StringBuilderAndBufferTest"/>
  <testcase name="testBufferAppendDelete" time="0,000" classname="cviceni.StringBuilderAndBufferTest"/>
  <testcase name="testBufferAppend" time="0,000" classname="cviceni.StringBuilderAndBufferTest"/>
  <testcase name="testBuilderAppendDelete" time="0,001" classname="cviceni.StringBuilderAndBufferTest"/>
  <testcase name="testBufferAppend" time="0,000" classname="cviceni.StringBuilderAndBufferTest"/>
  <testcase name="testBufferAppendDelete" time="0,001" classname="cviceni.StringBuilderAndBufferTest"/>
  <testcase name="testBufferAppendDelete" time="0,001" classname="cviceni.StringBuilderAndBufferTest"/>
  <testcase name="testBuilderAppend" time="0,001" classname="cviceni.StringBuilderAndBufferTest"/>
  <testcase name="testBufferAppend" time="0,000" classname="cviceni.StringBuilderAndBufferTest"/>
  <testcase name="testBufferAppend" time="0,119" classname="cviceni.StringBuilderAndBufferTest"/>
  <testcase name="testBuilderAppend" time="0,000" classname="cviceni.StringBuilderAndBufferTest"/>
  <testcase name="testBuilderAppendDelete" time="0,000" classname="cviceni.StringBuilderAndBufferTest"/>
  <testcase name="testBufferAppend" time="0,000" classname="cviceni.StringBuilderAndBufferTest"/>
  <testcase name="testBuilderAppendDelete" time="0,000" classname="cviceni.StringBuilderAndBufferTest"/>
  <testcase name="testBuilderAppend" time="0,001" classname="cviceni.StringBuilderAndBufferTest"/>
  <testcase name="testBuilderAppendDelete" time="0,022" classname="cviceni.StringBuilderAndBufferTest"/>
  <testcase name="testBuilderAppendDelete" time="0,000" classname="cviceni.StringBuilderAndBufferTest"/>
  <testcase name="testBuilderAppendDelete" time="0,001" classname="cviceni.StringBuilderAndBufferTest"/>
  <testcase name="testBufferAppendDelete" time="0,007" classname="cviceni.StringBuilderAndBufferTest"/>
  <testcase name="testBufferAppendDelete" time="0,001" classname="cviceni.StringBuilderAndBufferTest"/>
  <testcase name="testBufferAppend" time="0,001" classname="cviceni.StringBuilderAndBufferTest"/>
  <testcase name="testBufferAppend" time="0,001" classname="cviceni.StringBuilderAndBufferTest"/>
  <testcase name="testBufferAppendDelete" time="0,000" classname="cviceni.StringBuilderAndBufferTest"/>
  <testcase name="testBufferAppendDelete" time="0,001" classname="cviceni.StringBuilderAndBufferTest"/>
  <testcase name="testBufferAppendDelete" time="0,000" classname="cviceni.StringBuilderAndBufferTest"/>
  <testcase name="testBuilderAppendDelete" time="0,000" classname="cviceni.StringBuilderAndBufferTest"/>
  <testcase name="testBuilderAppend" time="0,000" classname="cviceni.StringBuilderAndBufferTest"/>
  <testcase name="testBuilderAppend" time="0,001" classname="cviceni.StringBuilderAndBufferTest"/>
  <testcase name="testBuilderAppendDelete" time="0,001" classname="cviceni.StringBuilderAndBufferTest"/>
  <testcase name="testBuilderAppend" time="0,001" classname="cviceni.StringBuilderAndBufferTest"/>
  <testcase name="testBufferAppend" time="0,000" classname="cviceni.StringBuilderAndBufferTest"/>
  <testcase name="testBufferAppendDelete" time="0,000" classname="cviceni.StringBuilderAndBufferTest"/>
  <testcase name="testBuilderAppend" time="0,000" classname="cviceni.StringBuilderAndBufferTest"/>
  <testcase name="testBuilderAppend" time="0,000" classname="cviceni.StringBuilderAndBufferTest"/>
  <testcase name="testBuilderAppendDelete" time="0,000" classname="cviceni.StringBuilderAndBufferTest"/>
  <testcase name="testBufferAppendDelete" time="0,169" classname="cviceni.StringBuilderAndBufferTest"/>
  <testcase name="testBufferAppend" time="0,000" classname="cviceni.StringBuilderAndBufferTest"/>
  <testcase name="testBufferAppendDelete" time="0,000" classname="cviceni.StringBuilderAndBufferTest"/>
  <testcase name="testBuilderAppend" time="0,000" classname="cviceni.StringBuilderAndBufferTest"/>
  <testcase name="testBufferAppend" time="0,000" classname="cviceni.StringBuilderAndBufferTest"/>
  <testcase name="testBufferAppendDelete" time="0,000" classname="cviceni.StringBuilderAndBufferTest"/>
  <testcase name="testBuilderAppend" time="0,000" classname="cviceni.StringBuilderAndBufferTest"/>
  <testcase name="testBuilderAppendDelete" time="0,000" classname="cviceni.StringBuilderAndBufferTest"/>
  <testcase name="testBuilderAppendDelete" time="0,000" classname="cviceni.StringBuilderAndBufferTest"/>
  <testcase name="testBufferAppendDelete" time="0,000" classname="cviceni.StringBuilderAndBufferTest"/>
  <testcase name="testBuilderAppendDelete" time="0,000" classname="cviceni.StringBuilderAndBufferTest"/>
  <testcase name="testBufferAppend" time="0,000" classname="cviceni.StringBuilderAndBufferTest"/>
  <testcase name="testBufferAppendDelete" time="0,000" classname="cviceni.StringBuilderAndBufferTest"/>
  <testcase name="testBufferAppend" time="0,000" classname="cviceni.StringBuilderAndBufferTest"/>
  <testcase name="testBufferAppend" time="0,000" classname="cviceni.StringBuilderAndBufferTest"/>
  <testcase name="testBufferAppend" time="0,000" classname="cviceni.StringBuilderAndBufferTest"/>
  <testcase name="testBuilderAppendDelete" time="0,001" classname="cviceni.StringBuilderAndBufferTest"/>
  <testcase name="testBuilderAppendDelete" time="0,000" classname="cviceni.StringBuilderAndBufferTest"/>
  <testcase name="testBufferAppend" time="0,001" classname="cviceni.StringBuilderAndBufferTest"/>
  <testcase name="testBufferAppendDelete" time="0,000" classname="cviceni.StringBuilderAndBufferTest"/>
  <testcase name="testBuilderAppendDelete" time="0,001" classname="cviceni.StringBuilderAndBufferTest"/>
  <testcase name="testBuilderAppendDelete" time="0,000" classname="cviceni.StringBuilderAndBufferTest"/>
  <testcase name="testBuilderAppend" time="0,001" classname="cviceni.StringBuilderAndBufferTest"/>
  <testcase name="testBufferAppendDelete" time="0,001" classname="cviceni.StringBuilderAndBufferTest"/>
  <testcase name="testBufferAppend" time="0,000" classname="cviceni.StringBuilderAndBufferTest"/>
  <testcase name="testBufferAppendDelete" time="0,003" classname="cviceni.StringBuilderAndBufferTest"/>
  <testcase name="testBufferAppendDelete" time="0,000" classname="cviceni.StringBuilderAndBufferTest"/>
  <testcase name="testBufferAppendDelete" time="0,000" classname="cviceni.StringBuilderAndBufferTest"/>
  <testcase name="testBufferAppend" time="0,000" classname="cviceni.StringBuilderAndBufferTest"/>
  <testcase name="testBuilderAppendDelete" time="0,000" classname="cviceni.StringBuilderAndBufferTest"/>
  <testcase name="testBufferAppendDelete" time="0,000" classname="cviceni.StringBuilderAndBufferTest"/>
  <testcase name="testBuilderAppendDelete" time="0,016" classname="cviceni.StringBuilderAndBufferTest"/>
  <testcase name="testBuilderAppendDelete" time="0,000" classname="cviceni.StringBuilderAndBufferTest"/>
  <testcase name="testBuilderAppend" time="0,000" classname="cviceni.StringBuilderAndBufferTest"/>
  <testcase name="testBuilderAppendDelete" time="0,000" classname="cviceni.StringBuilderAndBufferTest"/>
  <testcase name="testBufferAppend" time="0,000" classname="cviceni.StringBuilderAndBufferTest"/>
  <testcase name="testBuilderAppend" time="0,000" classname="cviceni.StringBuilderAndBufferTest"/>
  <testcase name="testBuilderAppendDelete" time="0,000" classname="cviceni.StringBuilderAndBufferTest"/>
  <testcase name="testBufferAppendDelete" time="0,000" classname="cviceni.StringBuilderAndBufferTest"/>
  <testcase name="testBufferAppend" time="0,000" classname="cviceni.StringBuilderAndBufferTest"/>
  <testcase name="testBuilderAppendDelete" time="0,001" classname="cviceni.StringBuilderAndBufferTest"/>
  <testcase name="testBuilderAppendDelete" time="0,000" classname="cviceni.StringBuilderAndBufferTest"/>
  <testcase name="testBufferAppend" time="0,000" classname="cviceni.StringBuilderAndBufferTest"/>
  <testcase name="testBuilderAppendDelete" time="0,013" classname="cviceni.StringBuilderAndBufferTest"/>
  <testcase name="testBufferAppendDelete" time="0,000" classname="cviceni.StringBuilderAndBufferTest"/>
  <testcase name="testBuilderAppendDelete" time="0,000" classname="cviceni.StringBuilderAndBufferTest"/>
  <testcase name="testBufferAppendDelete" time="0,000" classname="cviceni.StringBuilderAndBufferTest"/>
  <testcase name="testBuilderAppendDelete" time="0,001" classname="cviceni.StringBuilderAndBufferTest"/>
  <testcase name="testBuilderAppendDelete" time="0,000" classname="cviceni.StringBuilderAndBufferTest"/>
  <testcase name="testBufferAppendDelete" time="0,001" classname="cviceni.StringBuilderAndBufferTest"/>
  <testcase name="testBuilderAppend" time="0,000" classname="cviceni.StringBuilderAndBufferTest"/>
  <testcase name="testBuilderAppendDelete" time="0,000" classname="cviceni.StringBuilderAndBufferTest"/>
  <testcase name="testBufferAppendDelete" time="0,001" classname="cviceni.StringBuilderAndBufferTest"/>
  <testcase name="testBufferAppendDelete" time="0,001" classname="cviceni.StringBuilderAndBufferTest"/>
  <testcase name="testBuilderAppendDelete" time="0,001" classname="cviceni.StringBuilderAndBufferTest"/>
  <testcase name="testBufferAppendDelete" time="0,000" classname="cviceni.StringBuilderAndBufferTest"/>
  <testcase name="testBufferAppendDelete" time="0,000" classname="cviceni.StringBuilderAndBufferTest"/>
  <testcase name="testBuilderAppend" time="0,000" classname="cviceni.StringBuilderAndBufferTest"/>
  <testcase name="testBuilderAppend" time="0,000" classname="cviceni.StringBuilderAndBufferTest"/>
  <testcase name="testBufferAppend" time="0,001" classname="cviceni.StringBuilderAndBufferTest"/>
  <testcase name="testBuilderAppend" time="0,000" classname="cviceni.StringBuilderAndBufferTest"/>
  <testcase name="testBufferAppendDelete" time="0,001" classname="cviceni.StringBuilderAndBufferTest"/>
  <testcase name="testBuilderAppendDelete" time="0,000" classname="cviceni.StringBuilderAndBufferTest"/>
  <testcase name="testBuilderAppend" time="0,000" classname="cviceni.StringBuilderAndBufferTest"/>
  <testcase name="testBufferAppend" time="0,000" classname="cviceni.StringBuilderAndBufferTest"/>
  <testcase name="testBuilderAppendDelete" time="0,000" classname="cviceni.StringBuilderAndBufferTest"/>
  <testcase name="testBufferAppend" time="0,000" classname="cviceni.StringBuilderAndBufferTest"/>
  <testcase name="testBufferAppend" time="0,001" classname="cviceni.StringBuilderAndBufferTest"/>
  <testcase name="testBuilderAppend" time="0,001" classname="cviceni.StringBuilderAndBufferTest"/>
  <testcase name="testBufferAppend" time="0,000" classname="cviceni.StringBuilderAndBufferTest"/>
  <testcase name="testBufferAppendDelete" time="0,000" classname="cviceni.StringBuilderAndBufferTest"/>
  <testcase name="testBuilderAppend" time="0,000" classname="cviceni.StringBuilderAndBufferTest"/>
  <testcase name="testBuilderAppendDelete" time="0,001" classname="cviceni.StringBuilderAndBufferTest"/>
  <testcase name="testBufferAppendDelete" time="0,000" classname="cviceni.StringBuilderAndBufferTest"/>
  <testcase name="testBufferAppendDelete" time="0,000" classname="cviceni.StringBuilderAndBufferTest"/>
  <testcase name="testBuilderAppend" time="0,000" classname="cviceni.StringBuilderAndBufferTest"/>
  <testcase name="testBuilderAppend" time="0,000" classname="cviceni.StringBuilderAndBufferTest"/>
  <testcase name="testBufferAppend" time="0,001" classname="cviceni.StringBuilderAndBufferTest"/>
  <testcase name="testBuilderAppendDelete" time="0,000" classname="cviceni.StringBuilderAndBufferTest"/>
  <testcase name="testBuilderAppendDelete" time="0,000" classname="cviceni.StringBuilderAndBufferTest"/>
  <testcase name="testBufferAppendDelete" time="0,000" classname="cviceni.StringBuilderAndBufferTest"/>
  <testcase name="testBuilderAppend" time="0,000" classname="cviceni.StringBuilderAndBufferTest"/>
  <testcase name="testBufferAppend" time="0,000" classname="cviceni.StringBuilderAndBufferTest"/>
  <testcase name="testBufferAppend" time="0,000" classname="cviceni.StringBuilderAndBufferTest"/>
  <testcase name="testBuilderAppendDelete" time="0,000" classname="cviceni.StringBuilderAndBufferTest"/>
  <testcase name="testBufferAppend" time="0,000" classname="cviceni.StringBuilderAndBufferTest"/>
  <testcase name="testBuilderAppendDelete" time="0,001" classname="cviceni.StringBuilderAndBufferTest"/>
  <testcase name="testBuilderAppendDelete" time="0,000" classname="cviceni.StringBuilderAndBufferTest"/>
  <testcase name="testBuilderAppendDelete" time="0,001" classname="cviceni.StringBuilderAndBufferTest"/>
  <testcase name="testBufferAppend" time="0,000" classname="cviceni.StringBuilderAndBufferTest"/>
  <testcase name="testBuilderAppendDelete" time="0,003" classname="cviceni.StringBuilderAndBufferTest"/>
  <testcase name="testBuilderAppend" time="0,000" classname="cviceni.StringBuilderAndBufferTest"/>
  <testcase name="testBufferAppend" time="0,001" classname="cviceni.StringBuilderAndBufferTest"/>
  <testcase name="testBufferAppendDelete" time="0,001" classname="cviceni.StringBuilderAndBufferTest"/>
  <testcase name="testBuilderAppend" time="0,000" classname="cviceni.StringBuilderAndBufferTest"/>
  <testcase name="testBuilderAppend" time="0,000" classname="cviceni.StringBuilderAndBufferTest"/>
  <testcase name="testBuilderAppend" time="0,000" classname="cviceni.StringBuilderAndBufferTest"/>
  <testcase name="testBuilderAppendDelete" time="0,000" classname="cviceni.StringBuilderAndBufferTest"/>
  <testcase name="testBufferAppendDelete" time="0,000" classname="cviceni.StringBuilderAndBufferTest"/>
  <testcase name="testBuilderAppend" time="0,000" classname="cviceni.StringBuilderAndBufferTest"/>
  <testcase name="testBufferAppendDelete" time="0,000" classname="cviceni.StringBuilderAndBufferTest"/>
  <testcase name="testBufferAppend" time="0,000" classname="cviceni.StringBuilderAndBufferTest"/>
  <testcase name="testBuilderAppend" time="0,000" classname="cviceni.StringBuilderAndBufferTest"/>
  <testcase name="testBuilderAppendDelete" time="0,001" classname="cviceni.StringBuilderAndBufferTest"/>
  <testcase name="testBufferAppendDelete" time="0,000" classname="cviceni.StringBuilderAndBufferTest"/>
  <testcase name="testBuilderAppendDelete" time="0,000" classname="cviceni.StringBuilderAndBufferTest"/>
  <testcase name="testBufferAppend" time="0,001" classname="cviceni.StringBuilderAndBufferTest"/>
  <testcase name="testBufferAppend" time="0,000" classname="cviceni.StringBuilderAndBufferTest"/>
  <testcase name="testBufferAppendDelete" time="0,000" classname="cviceni.StringBuilderAndBufferTest"/>
  <testcase name="testBuilderAppend" time="0,001" classname="cviceni.StringBuilderAndBufferTest"/>
  <testcase name="testBuilderAppend" time="0,000" classname="cviceni.StringBuilderAndBufferTest"/>
  <testcase name="testBufferAppendDelete" time="0,000" classname="cviceni.StringBuilderAndBufferTest"/>
  <testcase name="testBufferAppend" time="0,000" classname="cviceni.StringBuilderAndBufferTest"/>
  <testcase name="testBuilderAppend" time="0,000" classname="cviceni.StringBuilderAndBufferTest"/>
  <testcase name="testBufferAppend" time="0,000" classname="cviceni.StringBuilderAndBufferTest"/>
  <testcase name="testBufferAppend" time="0,001" classname="cviceni.StringBuilderAndBufferTest"/>
  <testcase name="testBuilderAppend" time="0,000" classname="cviceni.StringBuilderAndBufferTest"/>
  <testcase name="testBuilderAppend" time="0,001" classname="cviceni.StringBuilderAndBufferTest"/>
  <testcase name="testBuilderAppend" time="0,000" classname="cviceni.StringBuilderAndBufferTest"/>
  <testcase name="testBuilderAppend" time="0,000" classname="cviceni.StringBuilderAndBufferTest"/>
  <testcase name="testBufferAppendDelete" time="0,000" classname="cviceni.StringBuilderAndBufferTest"/>
  <testcase name="testBuilderAppend" time="0,001" classname="cviceni.StringBuilderAndBufferTest"/>
  <testcase name="testBufferAppend" time="0,000" classname="cviceni.StringBuilderAndBufferTest"/>
  <testcase name="testBufferAppend" time="0,000" classname="cviceni.StringBuilderAndBufferTest"/>
  <testcase name="testBuilderAppend" time="0,000" classname="cviceni.StringBuilderAndBufferTest"/>
  <testcase name="testBufferAppend" time="0,000" classname="cviceni.StringBuilderAndBufferTest"/>
  <testcase name="testBuilderAppend" time="0,000" classname="cviceni.StringBuilderAndBufferTest"/>
  <testcase name="testBufferAppend" time="0,000" classname="cviceni.StringBuilderAndBufferTest"/>
  <testcase name="testBufferAppendDelete" time="0,001" classname="cviceni.StringBuilderAndBufferTest"/>
  <testcase name="testBuilderAppend" time="0,001" classname="cviceni.StringBuilderAndBufferTest"/>
  <testcase name="testBuilderAppend" time="0,000" classname="cviceni.StringBuilderAndBufferTest"/>
  <testcase name="testBufferAppendDelete" time="0,000" classname="cviceni.StringBuilderAndBufferTest"/>
  <testcase name="testBuilderAppendDelete" time="0,000" classname="cviceni.StringBuilderAndBufferTest"/>
  <testcase name="testBufferAppend" time="0,000" classname="cviceni.StringBuilderAndBufferTest"/>
  <testcase name="testBuilderAppendDelete" time="0,000" classname="cviceni.StringBuilderAndBufferTest"/>
  <testcase name="testBuilderAppendDelete" time="0,001" classname="cviceni.StringBuilderAndBufferTest"/>
  <testcase name="testBufferAppend" time="0,000" classname="cviceni.StringBuilderAndBufferTest"/>
  <testcase name="testBufferAppendDelete" time="0,000" classname="cviceni.StringBuilderAndBufferTest"/>
  <testcase name="testBuilderAppend" time="0,001" classname="cviceni.StringBuilderAndBufferTest"/>
  <testcase name="testBufferAppendDelete" time="0,001" classname="cviceni.StringBuilderAndBufferTest"/>
  <testcase name="testBuilderAppendDelete" time="0,000" classname="cviceni.StringBuilderAndBufferTest"/>
  <testcase name="testBufferAppendDelete" time="0,001" classname="cviceni.StringBuilderAndBufferTest"/>
  <testcase name="testBufferAppendDelete" time="0,000" classname="cviceni.StringBuilderAndBufferTest"/>
  <testcase name="testBuilderAppendDelete" time="0,000" classname="cviceni.StringBuilderAndBufferTest"/>
  <testcase name="testBuilderAppend" time="0,000" classname="cviceni.StringBuilderAndBufferTest"/>
  <testcase name="testBufferAppend" time="0,000" classname="cviceni.StringBuilderAndBufferTest"/>
  <testcase name="testBufferAppendDelete" time="0,000" classname="cviceni.StringBuilderAndBufferTest"/>
  <testcase name="testBufferAppendDelete" time="0,000" classname="cviceni.StringBuilderAndBufferTest"/>
  <testcase name="testBufferAppend" time="0,001" classname="cviceni.StringBuilderAndBufferTest"/>
  <testcase name="testBufferAppend" time="0,001" classname="cviceni.StringBuilderAndBufferTest"/>
  <testcase name="testBufferAppend" time="0,000" classname="cviceni.StringBuilderAndBufferTest"/>
  <testcase name="testBuilderAppend" time="0,000" classname="cviceni.StringBuilderAndBufferTest"/>
  <testcase name="testBuilderAppend" time="0,000" classname="cviceni.StringBuilderAndBufferTest"/>
  <testcase name="testBuilderAppendDelete" time="0,001" classname="cviceni.StringBuilderAndBufferTest"/>
  <testcase name="testBufferAppendDelete" time="0,001" classname="cviceni.StringBuilderAndBufferTest"/>
  <testcase name="testBufferAppendDelete" time="0,001" classname="cviceni.StringBuilderAndBufferTest"/>
  <testcase name="testBufferAppendDelete" time="0,000" classname="cviceni.StringBuilderAndBufferTest"/>
  <testcase name="testBuilderAppend" time="0,000" classname="cviceni.StringBuilderAndBufferTest"/>
  <testcase name="testBufferAppendDelete" time="0,001" classname="cviceni.StringBuilderAndBufferTest"/>
  <testcase name="testBufferAppend" time="0,000" classname="cviceni.StringBuilderAndBufferTest"/>
  <testcase name="testBufferAppend" time="0,000" classname="cviceni.StringBuilderAndBufferTest"/>
  <testcase name="testBuilderAppend" time="0,000" classname="cviceni.StringBuilderAndBufferTest"/>
  <testcase name="testBufferAppend" time="0,001" classname="cviceni.StringBuilderAndBufferTest"/>
  <testcase name="testBuilderAppendDelete" time="0,001" classname="cviceni.StringBuilderAndBufferTest"/>
  <testcase name="testBuilderAppend" time="0,001" classname="cviceni.StringBuilderAndBufferTest"/>
  <testcase name="testBuilderAppend" time="0,001" classname="cviceni.StringBuilderAndBufferTest"/>
  <testcase name="testBuilderAppend" time="0,001" classname="cviceni.StringBuilderAndBufferTest"/>
  <testcase name="testBufferAppendDelete" time="0,000" classname="cviceni.StringBuilderAndBufferTest"/>
  <testcase name="testBufferAppendDelete" time="0,001" classname="cviceni.StringBuilderAndBufferTest"/>
  <testcase name="testBuilderAppend" time="0,000" classname="cviceni.StringBuilderAndBufferTest"/>
  <testcase name="testBufferAppendDelete" time="0,000" classname="cviceni.StringBuilderAndBufferTest"/>
  <testcase name="testBufferAppendDelete" time="0,000" classname="cviceni.StringBuilderAndBufferTest"/>
  <testcase name="testBufferAppendDelete" time="0,001" classname="cviceni.StringBuilderAndBufferTest"/>
  <testcase name="testBufferAppend" time="0,000" classname="cviceni.StringBuilderAndBufferTest"/>
  <testcase name="testBufferAppend" time="0,000" classname="cviceni.StringBuilderAndBufferTest"/>
  <testcase name="testBufferAppendDelete" time="0,000" classname="cviceni.StringBuilderAndBufferTest"/>
  <testcase name="testBuilderAppend" time="0,001" classname="cviceni.StringBuilderAndBufferTest"/>
  <testcase name="testBuilderAppend" time="0,000" classname="cviceni.StringBuilderAndBufferTest"/>
  <testcase name="testBuilderAppend" time="0,000" classname="cviceni.StringBuilderAndBufferTest"/>
  <testcase name="testBuilderAppendDelete" time="0,000" classname="cviceni.StringBuilderAndBufferTest"/>
  <testcase name="testBuilderAppendDelete" time="0,000" classname="cviceni.StringBuilderAndBufferTest"/>
  <testcase name="testBufferAppendDelete" time="0,000" classname="cviceni.StringBuilderAndBufferTest"/>
  <testcase name="testBuilderAppendDelete" time="0,000" classname="cviceni.StringBuilderAndBufferTest"/>
  <testcase name="testBufferAppend" time="0,000" classname="cviceni.StringBuilderAndBufferTest"/>
  <testcase name="testBufferAppend" time="0,000" classname="cviceni.StringBuilderAndBufferTest"/>
  <testcase name="testBufferAppendDelete" time="0,001" classname="cviceni.StringBuilderAndBufferTest"/>
  <testcase name="testBufferAppendDelete" time="0,000" classname="cviceni.StringBuilderAndBufferTest"/>
  <testcase name="testBufferAppendDelete" time="0,000" classname="cviceni.StringBuilderAndBufferTest"/>
  <testcase name="testBuilderAppend" time="0,000" classname="cviceni.StringBuilderAndBufferTest"/>
  <testcase name="testBufferAppend" time="0,001" classname="cviceni.StringBuilderAndBufferTest"/>
  <testcase name="testBufferAppend" time="0,000" classname="cviceni.StringBuilderAndBufferTest"/>
  <testcase name="testBufferAppendDelete" time="0,000" classname="cviceni.StringBuilderAndBufferTest"/>
  <testcase name="testBufferAppendDelete" time="0,000" classname="cviceni.StringBuilderAndBufferTest"/>
  <testcase name="testBufferAppendDelete" time="0,001" classname="cviceni.StringBuilderAndBufferTest"/>
  <testcase name="testBufferAppendDelete" time="0,000" classname="cviceni.StringBuilderAndBufferTest"/>
  <testcase name="testBuilderAppend" time="0,000" classname="cviceni.StringBuilderAndBufferTest"/>
  <testcase name="testBuilderAppendDelete" time="0,001" classname="cviceni.StringBuilderAndBufferTest"/>
  <testcase name="testBufferAppend" time="0,000" classname="cviceni.StringBuilderAndBufferTest"/>
  <testcase name="testBuilderAppendDelete" time="0,000" classname="cviceni.StringBuilderAndBufferTest"/>
  <testcase name="testBuilderAppend" time="0,000" classname="cviceni.StringBuilderAndBufferTest"/>
  <testcase name="testBuilderAppendDelete" time="0,000" classname="cviceni.StringBuilderAndBufferTest"/>
  <testcase name="testBufferAppend" time="0,000" classname="cviceni.StringBuilderAndBufferTest"/>
  <testcase name="testBuilderAppendDelete" time="0,000" classname="cviceni.StringBuilderAndBufferTest"/>
  <testcase name="testBuilderAppend" time="0,000" classname="cviceni.StringBuilderAndBufferTest"/>
  <testcase name="testBuilderAppend" time="0,000" classname="cviceni.StringBuilderAndBufferTest"/>
  <testcase name="testBuilderAppendDelete" time="0,010" classname="cviceni.StringBuilderAndBufferTest"/>
  <testcase name="testBufferAppend" time="0,000" classname="cviceni.StringBuilderAndBufferTest"/>
  <testcase name="testBuilderAppend" time="0,000" classname="cviceni.StringBuilderAndBufferTest"/>
  <testcase name="testBuilderAppendDelete" time="0,001" classname="cviceni.StringBuilderAndBufferTest"/>
  <testcase name="testBuilderAppendDelete" time="0,001" classname="cviceni.StringBuilderAndBufferTest"/>
  <testcase name="testBuilderAppendDelete" time="0,000" classname="cviceni.StringBuilderAndBufferTest"/>
  <testcase name="testBuilderAppendDelete" time="0,000" classname="cviceni.StringBuilderAndBufferTest"/>
  <testcase name="testBuilderAppendDelete" time="0,000" classname="cviceni.StringBuilderAndBufferTest"/>
  <testcase name="testBuilderAppendDelete" time="0,000" classname="cviceni.StringBuilderAndBufferTest"/>
  <testcase name="testBufferAppend" time="0,001" classname="cviceni.StringBuilderAndBufferTest"/>
  <testcase name="testBufferAppendDelete" time="0,000" classname="cviceni.StringBuilderAndBufferTest"/>
  <testcase name="testBufferAppendDelete" time="0,000" classname="cviceni.StringBuilderAndBufferTest"/>
  <testcase name="testBuilderAppend" time="0,000" classname="cviceni.StringBuilderAndBufferTest"/>
  <testcase name="testBufferAppend" time="0,000" classname="cviceni.StringBuilderAndBufferTest"/>
  <testcase name="testBufferAppend" time="0,000" classname="cviceni.StringBuilderAndBufferTest"/>
  <testcase name="testBuilderAppendDelete" time="0,000" classname="cviceni.StringBuilderAndBufferTest"/>
  <testcase name="testBuilderAppendDelete" time="0,000" classname="cviceni.StringBuilderAndBufferTest"/>
  <testcase name="testBufferAppend" time="0,000" classname="cviceni.StringBuilderAndBufferTest"/>
  <testcase name="testBufferAppend" time="0,001" classname="cviceni.StringBuilderAndBufferTest"/>
  <testcase name="testBufferAppend" time="0,000" classname="cviceni.StringBuilderAndBufferTest"/>
  <testcase name="testBuilderAppendDelete" time="0,001" classname="cviceni.StringBuilderAndBufferTest"/>
  <testcase name="testBufferAppendDelete" time="0,000" classname="cviceni.StringBuilderAndBufferTest"/>
  <testcase name="testBuilderAppend" time="0,000" classname="cviceni.StringBuilderAndBufferTest"/>
  <testcase name="testBuilderAppendDelete" time="0,001" classname="cviceni.StringBuilderAndBufferTest"/>
  <testcase name="testBufferAppendDelete" time="0,001" classname="cviceni.StringBuilderAndBufferTest"/>
  <testcase name="testBufferAppendDelete" time="0,000" classname="cviceni.StringBuilderAndBufferTest"/>
  <testcase name="testBuilderAppend" time="0,000" classname="cviceni.StringBuilderAndBufferTest"/>
  <testcase name="testBufferAppend" time="0,000" classname="cviceni.StringBuilderAndBufferTest"/>
  <testcase name="testBuilderAppend" time="0,000" classname="cviceni.StringBuilderAndBufferTest"/>
  <testcase name="testBufferAppend" time="0,000" classname="cviceni.StringBuilderAndBufferTest"/>
  <testcase name="testBuilderAppendDelete" time="0,001" classname="cviceni.StringBuilderAndBufferTest"/>
  <testcase name="testBufferAppendDelete" time="0,001" classname="cviceni.StringBuilderAndBufferTest"/>
  <testcase name="testBuilderAppendDelete" time="0,000" classname="cviceni.StringBuilderAndBufferTest"/>
  <testcase name="testBufferAppend" time="0,001" classname="cviceni.StringBuilderAndBufferTest"/>
  <testcase name="testBuilderAppendDelete" time="0,000" classname="cviceni.StringBuilderAndBufferTest"/>
  <testcase name="testBufferAppend" time="0,000" classname="cviceni.StringBuilderAndBufferTest"/>
  <testcase name="testBuilderAppend" time="0,000" classname="cviceni.StringBuilderAndBufferTest"/>
  <testcase name="testBufferAppendDelete" time="0,000" classname="cviceni.StringBuilderAndBufferTest"/>
  <testcase name="testBuilderAppend" time="0,000" classname="cviceni.StringBuilderAndBufferTest"/>
  <testcase name="testBufferAppendDelete" time="0,001" classname="cviceni.StringBuilderAndBufferTest"/>
  <testcase name="testBuilderAppendDelete" time="0,000" classname="cviceni.StringBuilderAndBufferTest"/>
  <testcase name="testBuilderAppend" time="0,000" classname="cviceni.StringBuilderAndBufferTest"/>
  <testcase name="testBufferAppend" time="0,000" classname="cviceni.StringBuilderAndBufferTest"/>
  <testcase name="testBufferAppendDelete" time="0,001" classname="cviceni.StringBuilderAndBufferTest"/>
  <testcase name="testBufferAppend" time="0,000" classname="cviceni.StringBuilderAndBufferTest"/>
  <testcase name="testBufferAppendDelete" time="0,001" classname="cviceni.StringBuilderAndBufferTest"/>
  <testcase name="testBufferAppend" time="0,001" classname="cviceni.StringBuilderAndBufferTest"/>
  <testcase name="testBufferAppendDelete" time="0,000" classname="cviceni.StringBuilderAndBufferTest"/>
  <testcase name="testBufferAppend" time="0,000" classname="cviceni.StringBuilderAndBufferTest"/>
  <testcase name="testBufferAppend" time="0,000" classname="cviceni.StringBuilderAndBufferTest"/>
  <testcase name="testBuilderAppendDelete" time="0,011" classname="cviceni.StringBuilderAndBufferTest"/>
  <testcase name="testBufferAppendDelete" time="0,000" classname="cviceni.StringBuilderAndBufferTest"/>
  <testcase name="testBuilderAppendDelete" time="0,000" classname="cviceni.StringBuilderAndBufferTest"/>
  <testcase name="testBuilderAppendDelete" time="0,000" classname="cviceni.StringBuilderAndBufferTest"/>
  <testcase name="testBuilderAppend" time="0,000" classname="cviceni.StringBuilderAndBufferTest"/>
  <testcase name="testBuilderAppendDelete" time="0,001" classname="cviceni.StringBuilderAndBufferTest"/>
  <testcase name="testBuilderAppend" time="0,000" classname="cviceni.StringBuilderAndBufferTest"/>
  <testcase name="testBufferAppend" time="0,001" classname="cviceni.StringBuilderAndBufferTest"/>
  <testcase name="testBuilderAppend" time="0,000" classname="cviceni.StringBuilderAndBufferTest"/>
  <testcase name="testBufferAppend" time="0,000" classname="cviceni.StringBuilderAndBufferTest"/>
  <testcase name="testBufferAppendDelete" time="0,000" classname="cviceni.StringBuilderAndBufferTest"/>
  <testcase name="testBuilderAppend" time="0,000" classname="cviceni.StringBuilderAndBufferTest"/>
  <testcase name="testBufferAppend" time="0,000" classname="cviceni.StringBuilderAndBufferTest"/>
  <testcase name="testBufferAppend" time="0,000" classname="cviceni.StringBuilderAndBufferTest"/>
  <testcase name="testBufferAppendDelete" time="0,001" classname="cviceni.StringBuilderAndBufferTest"/>
  <testcase name="testBufferAppendDelete" time="0,000" classname="cviceni.StringBuilderAndBufferTest"/>
  <testcase name="testBuilderAppend" time="0,000" classname="cviceni.StringBuilderAndBufferTest"/>
  <testcase name="testBuilderAppendDelete" time="0,000" classname="cviceni.StringBuilderAndBufferTest"/>
  <testcase name="testBuilderAppend" time="0,000" classname="cviceni.StringBuilderAndBufferTest"/>
  <testcase name="testBufferAppendDelete" time="0,001" classname="cviceni.StringBuilderAndBufferTest"/>
  <testcase name="testBufferAppend" time="0,001" classname="cviceni.StringBuilderAndBufferTest"/>
  <testcase name="testBuilderAppendDelete" time="0,001" classname="cviceni.StringBuilderAndBufferTest"/>
  <testcase name="testBuilderAppend" time="0,001" classname="cviceni.StringBuilderAndBufferTest"/>
  <testcase name="testBuilderAppend" time="0,000" classname="cviceni.StringBuilderAndBufferTest"/>
  <testcase name="testBuilderAppend" time="0,001" classname="cviceni.StringBuilderAndBufferTest"/>
  <testcase name="testBuilderAppend" time="0,000" classname="cviceni.StringBuilderAndBufferTest"/>
  <testcase name="testBuilderAppendDelete" time="0,000" classname="cviceni.StringBuilderAndBufferTest"/>
  <testcase name="testBuilderAppendDelete" time="0,000" classname="cviceni.StringBuilderAndBufferTest"/>
  <testcase name="testBufferAppend" time="0,152" classname="cviceni.StringBuilderAndBufferTest"/>
  <testcase name="testBufferAppend" time="0,000" classname="cviceni.StringBuilderAndBufferTest"/>
  <testcase name="testBufferAppendDelete" time="0,001" classname="cviceni.StringBuilderAndBufferTest"/>
  <testcase name="testBuilderAppend" time="0,000" classname="cviceni.StringBuilderAndBufferTest"/>
  <testcase name="testBufferAppendDelete" time="0,000" classname="cviceni.StringBuilderAndBufferTest"/>
  <testcase name="testBuilderAppend" time="0,001" classname="cviceni.StringBuilderAndBufferTest"/>
  <testcase name="testBufferAppend" time="0,000" classname="cviceni.StringBuilderAndBufferTest"/>
  <testcase name="testBufferAppend" time="0,001" classname="cviceni.StringBuilderAndBufferTest"/>
  <testcase name="testBufferAppend" time="0,000" classname="cviceni.StringBuilderAndBufferTest"/>
  <testcase name="testBufferAppend" time="0,000" classname="cviceni.StringBuilderAndBufferTest"/>
  <testcase name="testBuilderAppendDelete" time="0,001" classname="cviceni.StringBuilderAndBufferTest"/>
  <testcase name="testBuilderAppend" time="0,001" classname="cviceni.StringBuilderAndBufferTest"/>
  <testcase name="testBuilderAppend" time="0,000" classname="cviceni.StringBuilderAndBufferTest"/>
  <testcase name="testBufferAppendDelete" time="0,000" classname="cviceni.StringBuilderAndBufferTest"/>
  <testcase name="testBufferAppend" time="0,000" classname="cviceni.StringBuilderAndBufferTest"/>
  <testcase name="testBuilderAppend" time="0,000" classname="cviceni.StringBuilderAndBufferTest"/>
  <testcase name="testBufferAppendDelete" time="0,001" classname="cviceni.StringBuilderAndBufferTest"/>
  <testcase name="testBuilderAppendDelete" time="0,000" classname="cviceni.StringBuilderAndBufferTest"/>
  <testcase name="testBufferAppendDelete" time="0,001" classname="cviceni.StringBuilderAndBufferTest"/>
  <testcase name="testBuilderAppend" time="0,001" classname="cviceni.StringBuilderAndBufferTest"/>
  <testcase name="testBuilderAppend" time="0,000" classname="cviceni.StringBuilderAndBufferTest"/>
  <testcase name="testBuilderAppend" time="0,001" classname="cviceni.StringBuilderAndBufferTest"/>
  <testcase name="testBuilderAppendDelete" time="0,000" classname="cviceni.StringBuilderAndBufferTest"/>
  <testcase name="testBuilderAppendDelete" time="0,000" classname="cviceni.StringBuilderAndBufferTest"/>
  <testcase name="testBufferAppendDelete" time="0,001" classname="cviceni.StringBuilderAndBufferTest"/>
  <testcase name="testBufferAppend" time="0,000" classname="cviceni.StringBuilderAndBufferTest"/>
  <testcase name="testBuilderAppend" time="0,000" classname="cviceni.StringBuilderAndBufferTest"/>
  <testcase name="testBufferAppendDelete" time="0,001" classname="cviceni.StringBuilderAndBufferTest"/>
  <testcase name="testBuilderAppend" time="0,001" classname="cviceni.StringBuilderAndBufferTest"/>
  <testcase name="testBuilderAppend" time="0,004" classname="cviceni.StringBuilderAndBufferTest"/>
  <testcase name="testBufferAppend" time="0,001" classname="cviceni.StringBuilderAndBufferTest"/>
  <testcase name="testBuilderAppend" time="0,000" classname="cviceni.StringBuilderAndBufferTest"/>
  <testcase name="testBufferAppend" time="0,000" classname="cviceni.StringBuilderAndBufferTest"/>
  <testcase name="testBuilderAppendDelete" time="0,000" classname="cviceni.StringBuilderAndBufferTest"/>
  <testcase name="testBuilderAppend" time="0,000" classname="cviceni.StringBuilderAndBufferTest"/>
  <testcase name="testBufferAppendDelete" time="0,000" classname="cviceni.StringBuilderAndBufferTest"/>
  <testcase name="testBuilderAppend" time="0,001" classname="cviceni.StringBuilderAndBufferTest"/>
  <testcase name="testBuilderAppendDelete" time="0,001" classname="cviceni.StringBuilderAndBufferTest"/>
  <testcase name="testBuilderAppendDelete" time="0,000" classname="cviceni.StringBuilderAndBufferTest"/>
  <testcase name="testBufferAppendDelete" time="0,000" classname="cviceni.StringBuilderAndBufferTest"/>
  <testcase name="testBufferAppend" time="0,000" classname="cviceni.StringBuilderAndBufferTest"/>
  <testcase name="testBufferAppend" time="0,000" classname="cviceni.StringBuilderAndBufferTest"/>
  <testcase name="testBufferAppend" time="0,000" classname="cviceni.StringBuilderAndBufferTest"/>
  <testcase name="testBufferAppendDelete" time="0,000" classname="cviceni.StringBuilderAndBufferTest"/>
  <testcase name="testBufferAppend" time="0,000" classname="cviceni.StringBuilderAndBufferTest"/>
  <testcase name="testBufferAppend" time="0,000" classname="cviceni.StringBuilderAndBufferTest"/>
  <testcase name="testBuilderAppend" time="0,000" classname="cviceni.StringBuilderAndBufferTest"/>
  <testcase name="testBufferAppend" time="0,000" classname="cviceni.StringBuilderAndBufferTest"/>
  <testcase name="testBuilderAppend" time="0,001" classname="cviceni.StringBuilderAndBufferTest"/>
  <testcase name="testBuilderAppend" time="0,000" classname="cviceni.StringBuilderAndBufferTest"/>
  <testcase name="testBuilderAppendDelete" time="0,001" classname="cviceni.StringBuilderAndBufferTest"/>
  <testcase name="testBufferAppendDelete" time="0,000" classname="cviceni.StringBuilderAndBufferTest"/>
  <testcase name="testBufferAppendDelete" time="0,000" classname="cviceni.StringBuilderAndBufferTest"/>
  <testcase name="testBuilderAppend" time="0,000" classname="cviceni.StringBuilderAndBufferTest"/>
  <testcase name="testBuilderAppend" time="0,000" classname="cviceni.StringBuilderAndBufferTest"/>
  <testcase name="testBufferAppendDelete" time="0,000" classname="cviceni.StringBuilderAndBufferTest"/>
  <testcase name="testBufferAppendDelete" time="0,000" classname="cviceni.StringBuilderAndBufferTest"/>
  <testcase name="testBuilderAppendDelete" time="0,001" classname="cviceni.StringBuilderAndBufferTest"/>
  <testcase name="testBufferAppend" time="0,000" classname="cviceni.StringBuilderAndBufferTest"/>
  <testcase name="testBuilderAppend" time="0,000" classname="cviceni.StringBuilderAndBufferTest"/>
  <testcase name="testBuilderAppendDelete" time="0,000" classname="cviceni.StringBuilderAndBufferTest"/>
  <testcase name="testBufferAppendDelete" time="0,000" classname="cviceni.StringBuilderAndBufferTest"/>
  <testcase name="testBuilderAppend" time="0,001" classname="cviceni.StringBuilderAndBufferTest"/>
  <testcase name="testBuilderAppendDelete" time="0,000" classname="cviceni.StringBuilderAndBufferTest"/>
  <testcase name="testBufferAppendDelete" time="0,001" classname="cviceni.StringBuilderAndBufferTest"/>
  <testcase name="testBufferAppend" time="0,000" classname="cviceni.StringBuilderAndBufferTest"/>
  <testcase name="testBuilderAppendDelete" time="0,000" classname="cviceni.StringBuilderAndBufferTest"/>
  <testcase name="testBuilderAppendDelete" time="0,000" classname="cviceni.StringBuilderAndBufferTest"/>
  <testcase name="testBufferAppend" time="0,000" classname="cviceni.StringBuilderAndBufferTest"/>
  <testcase name="testBufferAppend" time="0,001" classname="cviceni.StringBuilderAndBufferTest"/>
  <testcase name="testBufferAppend" time="0,000" classname="cviceni.StringBuilderAndBufferTest"/>
  <testcase name="testBufferAppend" time="0,000" classname="cviceni.StringBuilderAndBufferTest"/>
  <testcase name="testBufferAppend" time="0,000" classname="cviceni.StringBuilderAndBufferTest"/>
  <testcase name="testBufferAppend" time="0,000" classname="cviceni.StringBuilderAndBufferTest"/>
  <testcase name="testBuilderAppendDelete" time="0,000" classname="cviceni.StringBuilderAndBufferTest"/>
  <testcase name="testBufferAppend" time="0,000" classname="cviceni.StringBuilderAndBufferTest"/>
  <testcase name="testBufferAppendDelete" time="0,000" classname="cviceni.StringBuilderAndBufferTest"/>
  <testcase name="testBufferAppend" time="0,000" classname="cviceni.StringBuilderAndBufferTest"/>
  <testcase name="testBuilderAppendDelete" time="0,001" classname="cviceni.StringBuilderAndBufferTest"/>
  <testcase name="testBuilderAppend" time="0,000" classname="cviceni.StringBuilderAndBufferTest"/>
  <testcase name="testBuilderAppendDelete" time="0,000" classname="cviceni.StringBuilderAndBufferTest"/>
  <testcase name="testBufferAppend" time="0,000" classname="cviceni.StringBuilderAndBufferTest"/>
  <testcase name="testBufferAppend" time="0,000" classname="cviceni.StringBuilderAndBufferTest"/>
  <testcase name="testBuilderAppend" time="0,000" classname="cviceni.StringBuilderAndBufferTest"/>
  <testcase name="testBufferAppend" time="0,000" classname="cviceni.StringBuilderAndBufferTest"/>
  <testcase name="testBufferAppendDelete" time="0,000" classname="cviceni.StringBuilderAndBufferTest"/>
  <testcase name="testBuilderAppendDelete" time="0,000" classname="cviceni.StringBuilderAndBufferTest"/>
  <testcase name="testBufferAppend" time="0,000" classname="cviceni.StringBuilderAndBufferTest"/>
  <testcase name="testBufferAppendDelete" time="0,000" classname="cviceni.StringBuilderAndBufferTest"/>
  <testcase name="testBuilderAppend" time="0,000" classname="cviceni.StringBuilderAndBufferTest"/>
  <testcase name="testBuilderAppendDelete" time="0,001" classname="cviceni.StringBuilderAndBufferTest"/>
  <testcase name="testBuilderAppend" time="0,001" classname="cviceni.StringBuilderAndBufferTest"/>
  <testcase name="testBuilderAppend" time="0,000" classname="cviceni.StringBuilderAndBufferTest"/>
  <testcase name="testBuilderAppendDelete" time="0,000" classname="cviceni.StringBuilderAndBufferTest"/>
  <testcase name="testBufferAppend" time="0,000" classname="cviceni.StringBuilderAndBufferTest"/>
  <testcase name="testBufferAppend" time="0,000" classname="cviceni.StringBuilderAndBufferTest"/>
  <testcase name="testBufferAppendDelete" time="0,000" classname="cviceni.StringBuilderAndBufferTest"/>
  <testcase name="testBufferAppend" time="0,000" classname="cviceni.StringBuilderAndBufferTest"/>
  <testcase name="testBuilderAppend" time="0,000" classname="cviceni.StringBuilderAndBufferTest"/>
  <testcase name="testBuilderAppendDelete" time="0,000" classname="cviceni.StringBuilderAndBufferTest"/>
  <testcase name="testBuilderAppend" time="0,000" classname="cviceni.StringBuilderAndBufferTest"/>
  <testcase name="testBufferAppend" time="0,001" classname="cviceni.StringBuilderAndBufferTest"/>
  <testcase name="testBuilderAppend" time="0,001" classname="cviceni.StringBuilderAndBufferTest"/>
  <testcase name="testBuilderAppendDelete" time="0,001" classname="cviceni.StringBuilderAndBufferTest"/>
  <testcase name="testBuilderAppend" time="0,001" classname="cviceni.StringBuilderAndBufferTest"/>
  <testcase name="testBuilderAppendDelete" time="0,000" classname="cviceni.StringBuilderAndBufferTest"/>
  <testcase name="testBufferAppendDelete" time="0,000" classname="cviceni.StringBuilderAndBufferTest"/>
  <testcase name="testBufferAppendDelete" time="0,000" classname="cviceni.StringBuilderAndBufferTest"/>
  <testcase name="testBufferAppend" time="0,000" classname="cviceni.StringBuilderAndBufferTest"/>
  <testcase name="testBuilderAppend" time="0,001" classname="cviceni.StringBuilderAndBufferTest"/>
  <testcase name="testBufferAppendDelete" time="0,001" classname="cviceni.StringBuilderAndBufferTest"/>
  <testcase name="testBuilderAppend" time="0,000" classname="cviceni.StringBuilderAndBufferTest"/>
  <testcase name="testBufferAppendDelete" time="0,001" classname="cviceni.StringBuilderAndBufferTest"/>
  <testcase name="testBufferAppendDelete" time="0,000" classname="cviceni.StringBuilderAndBufferTest"/>
  <testcase name="testBuilderAppend" time="0,000" classname="cviceni.StringBuilderAndBufferTest"/>
  <testcase name="testBuilderAppend" time="0,000" classname="cviceni.StringBuilderAndBufferTest"/>
  <testcase name="testBufferAppendDelete" time="0,001" classname="cviceni.StringBuilderAndBufferTest"/>
  <testcase name="testBufferAppend" time="0,000" classname="cviceni.StringBuilderAndBufferTest"/>
  <testcase name="testBufferAppendDelete" time="0,001" classname="cviceni.StringBuilderAndBufferTest"/>
  <testcase name="testBufferAppendDelete" time="0,000" classname="cviceni.StringBuilderAndBufferTest"/>
  <testcase name="testBuilderAppendDelete" time="0,000" classname="cviceni.StringBuilderAndBufferTest"/>
  <testcase name="testBufferAppend" time="0,000" classname="cviceni.StringBuilderAndBufferTest"/>
  <testcase name="testBuilderAppendDelete" time="0,000" classname="cviceni.StringBuilderAndBufferTest"/>
  <testcase name="testBuilderAppend" time="0,000" classname="cviceni.StringBuilderAndBufferTest"/>
  <testcase name="testBufferAppend" time="0,001" classname="cviceni.StringBuilderAndBufferTest"/>
  <testcase name="testBuilderAppend" time="0,000" classname="cviceni.StringBuilderAndBufferTest"/>
  <testcase name="testBuilderAppendDelete" time="0,000" classname="cviceni.StringBuilderAndBufferTest"/>
  <testcase name="testBuilderAppend" time="0,000" classname="cviceni.StringBuilderAndBufferTest"/>
  <testcase name="testBuilderAppend" time="0,000" classname="cviceni.StringBuilderAndBufferTest"/>
  <testcase name="testBuilderAppend" time="0,000" classname="cviceni.StringBuilderAndBufferTest"/>
  <testcase name="testBuilderAppendDelete" time="0,001" classname="cviceni.StringBuilderAndBufferTest"/>
  <testcase name="testBufferAppendDelete" time="0,000" classname="cviceni.StringBuilderAndBufferTest"/>
  <testcase name="testBuilderAppendDelete" time="0,001" classname="cviceni.StringBuilderAndBufferTest"/>
  <testcase name="testBuilderAppend" time="0,000" classname="cviceni.StringBuilderAndBufferTest"/>
  <testcase name="testBuilderAppend" time="0,001" classname="cviceni.StringBuilderAndBufferTest"/>
  <testcase name="testBufferAppendDelete" time="0,000" classname="cviceni.StringBuilderAndBufferTest"/>
  <testcase name="testBufferAppend" time="0,000" classname="cviceni.StringBuilderAndBufferTest"/>
  <testcase name="testBuilderAppendDelete" time="0,000" classname="cviceni.StringBuilderAndBufferTest"/>
  <testcase name="testBuilderAppend" time="0,000" classname="cviceni.StringBuilderAndBufferTest"/>
  <testcase name="testBufferAppend" time="0,000" classname="cviceni.StringBuilderAndBufferTest"/>
  <testcase name="testBufferAppendDelete" time="0,000" classname="cviceni.StringBuilderAndBufferTest"/>
  <testcase name="testBuilderAppendDelete" time="0,048" classname="cviceni.StringBuilderAndBufferTest"/>
  <testcase name="testBuilderAppendDelete" time="0,000" classname="cviceni.StringBuilderAndBufferTest"/>
  <testcase name="testBufferAppend" time="0,000" classname="cviceni.StringBuilderAndBufferTest"/>
  <testcase name="testBufferAppendDelete" time="0,000" classname="cviceni.StringBuilderAndBufferTest"/>
  <testcase name="testBuilderAppend" time="0,000" classname="cviceni.StringBuilderAndBufferTest"/>
  <testcase name="testBufferAppendDelete" time="0,000" classname="cviceni.StringBuilderAndBufferTest"/>
  <testcase name="testBuilderAppend" time="0,001" classname="cviceni.StringBuilderAndBufferTest"/>
  <testcase name="testBuilderAppend" time="0,000" classname="cviceni.StringBuilderAndBufferTest"/>
  <testcase name="testBufferAppendDelete" time="0,000" classname="cviceni.StringBuilderAndBufferTest"/>
  <testcase name="testBuilderAppend" time="0,000" classname="cviceni.StringBuilderAndBufferTest"/>
  <testcase name="testBufferAppendDelete" time="0,000" classname="cviceni.StringBuilderAndBufferTest"/>
  <testcase name="testBufferAppend" time="0,000" classname="cviceni.StringBuilderAndBufferTest"/>
  <testcase name="testBufferAppendDelete" time="0,000" classname="cviceni.StringBuilderAndBufferTest"/>
  <testcase name="testBufferAppendDelete" time="0,000" classname="cviceni.StringBuilderAndBufferTest"/>
  <testcase name="testBuilderAppendDelete" time="0,001" classname="cviceni.StringBuilderAndBufferTest"/>
  <testcase name="testBuilderAppend" time="0,001" classname="cviceni.StringBuilderAndBufferTest"/>
  <testcase name="testBuilderAppendDelete" time="0,000" classname="cviceni.StringBuilderAndBufferTest"/>
  <testcase name="testBufferAppendDelete" time="0,000" classname="cviceni.StringBuilderAndBufferTest"/>
  <testcase name="testBufferAppend" time="0,000" classname="cviceni.StringBuilderAndBufferTest"/>
  <testcase name="testBufferAppend" time="0,000" classname="cviceni.StringBuilderAndBufferTest"/>
  <testcase name="testBufferAppend" time="0,000" classname="cviceni.StringBuilderAndBufferTest"/>
  <testcase name="testBufferAppend" time="0,000" classname="cviceni.StringBuilderAndBufferTest"/>
  <testcase name="testBuilderAppendDelete" time="0,000" classname="cviceni.StringBuilderAndBufferTest"/>
  <testcase name="testBuilderAppend" time="0,000" classname="cviceni.StringBuilderAndBufferTest"/>
  <testcase name="testBuilderAppendDelete" time="0,001" classname="cviceni.StringBuilderAndBufferTest"/>
  <testcase name="testBuilderAppendDelete" time="0,001" classname="cviceni.StringBuilderAndBufferTest"/>
  <testcase name="testBuilderAppend" time="0,001" classname="cviceni.StringBuilderAndBufferTest"/>
  <testcase name="testBufferAppend" time="0,000" classname="cviceni.StringBuilderAndBufferTest"/>
  <testcase name="testBuilderAppend" time="0,001" classname="cviceni.StringBuilderAndBufferTest"/>
  <testcase name="testBuilderAppendDelete" time="0,000" classname="cviceni.StringBuilderAndBufferTest"/>
  <testcase name="testBufferAppend" time="0,000" classname="cviceni.StringBuilderAndBufferTest"/>
  <testcase name="testBuilderAppendDelete" time="0,001" classname="cviceni.StringBuilderAndBufferTest"/>
  <testcase name="testBuilderAppendDelete" time="0,000" classname="cviceni.StringBuilderAndBufferTest"/>
  <testcase name="testBufferAppend" time="0,000" classname="cviceni.StringBuilderAndBufferTest"/>
  <testcase name="testBufferAppend" time="0,000" classname="cviceni.StringBuilderAndBufferTest"/>
  <testcase name="testBufferAppend" time="0,000" classname="cviceni.StringBuilderAndBufferTest"/>
  <testcase name="testBufferAppendDelete" time="0,000" classname="cviceni.StringBuilderAndBufferTest"/>
  <testcase name="testBufferAppendDelete" time="0,000" classname="cviceni.StringBuilderAndBufferTest"/>
  <testcase name="testBufferAppendDelete" time="0,000" classname="cviceni.StringBuilderAndBufferTest"/>
  <testcase name="testBuilderAppendDelete" time="0,001" classname="cviceni.StringBuilderAndBufferTest"/>
  <testcase name="testBufferAppend" time="0,000" classname="cviceni.StringBuilderAndBufferTest"/>
  <testcase name="testBuilderAppendDelete" time="0,000" classname="cviceni.StringBuilderAndBufferTest"/>
  <testcase name="testBuilderAppend" time="0,001" classname="cviceni.StringBuilderAndBufferTest"/>
  <testcase name="testBuilderAppend" time="0,001" classname="cviceni.StringBuilderAndBufferTest"/>
  <testcase name="testBuilderAppend" time="0,000" classname="cviceni.StringBuilderAndBufferTest"/>
  <testcase name="testBufferAppend" time="0,000" classname="cviceni.StringBuilderAndBufferTest"/>
  <testcase name="testBufferAppendDelete" time="0,001" classname="cviceni.StringBuilderAndBufferTest"/>
  <testcase name="testBuilderAppend" time="0,000" classname="cviceni.StringBuilderAndBufferTest"/>
  <testcase name="testBufferAppend" time="0,000" classname="cviceni.StringBuilderAndBufferTest"/>
  <testcase name="testBufferAppendDelete" time="0,000" classname="cviceni.StringBuilderAndBufferTest"/>
  <testcase name="testBufferAppend" time="0,000" classname="cviceni.StringBuilderAndBufferTest"/>
  <testcase name="testBufferAppend" time="0,000" classname="cviceni.StringBuilderAndBufferTest"/>
  <testcase name="testBuilderAppendDelete" time="0,000" classname="cviceni.StringBuilderAndBufferTest"/>
  <testcase name="testBufferAppendDelete" time="0,000" classname="cviceni.StringBuilderAndBufferTest"/>
  <testcase name="testBufferAppendDelete" time="0,000" classname="cviceni.StringBuilderAndBufferTest"/>
  <testcase name="testBuilderAppend" time="0,000" classname="cviceni.StringBuilderAndBufferTest"/>
  <testcase name="testBufferAppendDelete" time="0,000" classname="cviceni.StringBuilderAndBufferTest"/>
  <testcase name="testBufferAppend" time="0,000" classname="cviceni.StringBuilderAndBufferTest"/>
  <testcase name="testBufferAppendDelete" time="0,000" classname="cviceni.StringBuilderAndBufferTest"/>
  <testcase name="testBuilderAppend" time="0,000" classname="cviceni.StringBuilderAndBufferTest"/>
  <testcase name="testBuilderAppend" time="0,000" classname="cviceni.StringBuilderAndBufferTest"/>
  <testcase name="testBuilderAppendDelete" time="0,000" classname="cviceni.StringBuilderAndBufferTest"/>
  <testcase name="testBufferAppendDelete" time="0,000" classname="cviceni.StringBuilderAndBufferTest"/>
  <testcase name="testBuilderAppend" time="0,001" classname="cviceni.StringBuilderAndBufferTest"/>
  <testcase name="testBufferAppendDelete" time="0,001" classname="cviceni.StringBuilderAndBufferTest"/>
  <testcase name="testBuilderAppendDelete" time="0,000" classname="cviceni.StringBuilderAndBufferTest"/>
  <testcase name="testBufferAppendDelete" time="0,000" classname="cviceni.StringBuilderAndBufferTest"/>
  <testcase name="testBufferAppendDelete" time="0,000" classname="cviceni.StringBuilderAndBufferTest"/>
  <testcase name="testBufferAppend" time="0,000" classname="cviceni.StringBuilderAndBufferTest"/>
  <testcase name="testBufferAppend" time="0,000" classname="cviceni.StringBuilderAndBufferTest"/>
  <testcase name="testBufferAppendDelete" time="0,000" classname="cviceni.StringBuilderAndBufferTest"/>
  <testcase name="testBufferAppend" time="0,000" classname="cviceni.StringBuilderAndBufferTest"/>
  <testcase name="testBufferAppend" time="0,000" classname="cviceni.StringBuilderAndBufferTest"/>
  <testcase name="testBufferAppend" time="0,000" classname="cviceni.StringBuilderAndBufferTest"/>
  <testcase name="testBufferAppend" time="0,001" classname="cviceni.StringBuilderAndBufferTest"/>
  <testcase name="testBuilderAppend" time="0,000" classname="cviceni.StringBuilderAndBufferTest"/>
  <testcase name="testBufferAppendDelete" time="0,000" classname="cviceni.StringBuilderAndBufferTest"/>
  <testcase name="testBufferAppendDelete" time="0,000" classname="cviceni.StringBuilderAndBufferTest"/>
  <testcase name="testBuilderAppend" time="0,000" classname="cviceni.StringBuilderAndBufferTest"/>
  <testcase name="testBufferAppendDelete" time="0,001" classname="cviceni.StringBuilderAndBufferTest"/>
  <testcase name="testBuilderAppend" time="0,000" classname="cviceni.StringBuilderAndBufferTest"/>
  <testcase name="testBuilderAppendDelete" time="0,000" classname="cviceni.StringBuilderAndBufferTest"/>
  <testcase name="testBufferAppendDelete" time="0,001" classname="cviceni.StringBuilderAndBufferTest"/>
  <testcase name="testBufferAppendDelete" time="0,000" classname="cviceni.StringBuilderAndBufferTest"/>
  <testcase name="testBuilderAppend" time="0,001" classname="cviceni.StringBuilderAndBufferTest"/>
  <testcase name="testBufferAppend" time="0,001" classname="cviceni.StringBuilderAndBufferTest"/>
  <testcase name="testBuilderAppend" time="0,000" classname="cviceni.StringBuilderAndBufferTest"/>
  <testcase name="testBufferAppendDelete" time="0,000" classname="cviceni.StringBuilderAndBufferTest"/>
  <testcase name="testBufferAppend" time="0,001" classname="cviceni.StringBuilderAndBufferTest"/>
  <testcase name="testBufferAppendDelete" time="0,001" classname="cviceni.StringBuilderAndBufferTest"/>
  <testcase name="testBufferAppendDelete" time="0,000" classname="cviceni.StringBuilderAndBufferTest"/>
  <testcase name="testBufferAppendDelete" time="0,001" classname="cviceni.StringBuilderAndBufferTest"/>
  <testcase name="testBuilderAppend" time="0,001" classname="cviceni.StringBuilderAndBufferTest"/>
  <testcase name="testBuilderAppend" time="0,000" classname="cviceni.StringBuilderAndBufferTest"/>
  <testcase name="testBuilderAppendDelete" time="0,000" classname="cviceni.StringBuilderAndBufferTest"/>
  <testcase name="testBufferAppendDelete" time="0,000" classname="cviceni.StringBuilderAndBufferTest"/>
  <testcase name="testBufferAppendDelete" time="0,001" classname="cviceni.StringBuilderAndBufferTest"/>
  <testcase name="testBufferAppendDelete" time="0,000" classname="cviceni.StringBuilderAndBufferTest"/>
  <testcase name="testBufferAppend" time="0,000" classname="cviceni.StringBuilderAndBufferTest"/>
  <testcase name="testBuilderAppend" time="0,000" classname="cviceni.StringBuilderAndBufferTest"/>
  <testcase name="testBufferAppendDelete" time="0,000" classname="cviceni.StringBuilderAndBufferTest"/>
  <testcase name="testBuilderAppendDelete" time="0,001" classname="cviceni.StringBuilderAndBufferTest"/>
  <testcase name="testBuilderAppend" time="0,000" classname="cviceni.StringBuilderAndBufferTest"/>
  <testcase name="testBufferAppendDelete" time="0,000" classname="cviceni.StringBuilderAndBufferTest"/>
  <testcase name="testBuilderAppend" time="0,000" classname="cviceni.StringBuilderAndBufferTest"/>
  <testcase name="testBufferAppendDelete" time="0,000" classname="cviceni.StringBuilderAndBufferTest"/>
  <testcase name="testBuilderAppendDelete" time="0,000" classname="cviceni.StringBuilderAndBufferTest"/>
  <testcase name="testBufferAppendDelete" time="0,001" classname="cviceni.StringBuilderAndBufferTest"/>
  <testcase name="testBuilderAppendDelete" time="0,000" classname="cviceni.StringBuilderAndBufferTest"/>
  <testcase name="testBuilderAppend" time="0,000" classname="cviceni.StringBuilderAndBufferTest"/>
  <testcase name="testBufferAppend" time="0,000" classname="cviceni.StringBuilderAndBufferTest"/>
  <testcase name="testBufferAppendDelete" time="0,000" classname="cviceni.StringBuilderAndBufferTest"/>
  <testcase name="testBufferAppendDelete" time="0,000" classname="cviceni.StringBuilderAndBufferTest"/>
  <testcase name="testBufferAppend" time="0,001" classname="cviceni.StringBuilderAndBufferTest"/>
  <testcase name="testBuilderAppend" time="0,000" classname="cviceni.StringBuilderAndBufferTest"/>
  <testcase name="testBuilderAppendDelete" time="0,000" classname="cviceni.StringBuilderAndBufferTest"/>
  <testcase name="testBufferAppendDelete" time="0,000" classname="cviceni.StringBuilderAndBufferTest"/>
  <testcase name="testBuilderAppendDelete" time="0,000" classname="cviceni.StringBuilderAndBufferTest"/>
  <testcase name="testBufferAppendDelete" time="0,001" classname="cviceni.StringBuilderAndBufferTest"/>
  <testcase name="testBufferAppend" time="0,001" classname="cviceni.StringBuilderAndBufferTest"/>
  <testcase name="testBuilderAppendDelete" time="0,000" classname="cviceni.StringBuilderAndBufferTest"/>
  <testcase name="testBuilderAppend" time="0,000" classname="cviceni.StringBuilderAndBufferTest"/>
  <testcase name="testBufferAppend" time="0,000" classname="cviceni.StringBuilderAndBufferTest"/>
  <testcase name="testBufferAppendDelete" time="0,000" classname="cviceni.StringBuilderAndBufferTest"/>
  <testcase name="testBuilderAppend" time="0,001" classname="cviceni.StringBuilderAndBufferTest"/>
  <testcase name="testBuilderAppend" time="0,000" classname="cviceni.StringBuilderAndBufferTest"/>
  <testcase name="testBuilderAppend" time="0,000" classname="cviceni.StringBuilderAndBufferTest"/>
  <testcase name="testBuilderAppend" time="0,001" classname="cviceni.StringBuilderAndBufferTest"/>
  <testcase name="testBuilderAppendDelete" time="0,000" classname="cviceni.StringBuilderAndBufferTest"/>
  <testcase name="testBuilderAppend" time="0,000" classname="cviceni.StringBuilderAndBufferTest"/>
  <testcase name="testBuilderAppendDelete" time="0,000" classname="cviceni.StringBuilderAndBufferTest"/>
  <testcase name="testBuilderAppendDelete" time="0,000" classname="cviceni.StringBuilderAndBufferTest"/>
  <testcase name="testBuilderAppend" time="0,000" classname="cviceni.StringBuilderAndBufferTest"/>
  <testcase name="testBuilderAppend" time="0,000" classname="cviceni.StringBuilderAndBufferTest"/>
  <testcase name="testBufferAppend" time="0,000" classname="cviceni.StringBuilderAndBufferTest"/>
  <testcase name="testBufferAppend" time="0,000" classname="cviceni.StringBuilderAndBufferTest"/>
  <testcase name="testBuilderAppendDelete" time="0,001" classname="cviceni.StringBuilderAndBufferTest"/>
  <testcase name="testBufferAppend" time="0,000" classname="cviceni.StringBuilderAndBufferTest"/>
  <testcase name="testBuilderAppendDelete" time="0,001" classname="cviceni.StringBuilderAndBufferTest"/>
  <testcase name="testBufferAppendDelete" time="0,000" classname="cviceni.StringBuilderAndBufferTest"/>
  <testcase name="testBufferAppendDelete" time="0,000" classname="cviceni.StringBuilderAndBufferTest"/>
  <testcase name="testBuilderAppendDelete" time="0,000" classname="cviceni.StringBuilderAndBufferTest"/>
  <testcase name="testBufferAppend" time="0,000" classname="cviceni.StringBuilderAndBufferTest"/>
  <testcase name="testBufferAppendDelete" time="0,000" classname="cviceni.StringBuilderAndBufferTest"/>
  <testcase name="testBufferAppend" time="0,000" classname="cviceni.StringBuilderAndBufferTest"/>
  <testcase name="testBuilderAppend" time="0,000" classname="cviceni.StringBuilderAndBufferTest"/>
  <testcase name="testBuilderAppend" time="0,001" classname="cviceni.StringBuilderAndBufferTest"/>
  <testcase name="testBuilderAppendDelete" time="0,000" classname="cviceni.StringBuilderAndBufferTest"/>
  <testcase name="testBuilderAppendDelete" time="0,000" classname="cviceni.StringBuilderAndBufferTest"/>
  <testcase name="testBufferAppend" time="0,001" classname="cviceni.StringBuilderAndBufferTest"/>
  <testcase name="testBuilderAppend" time="0,001" classname="cviceni.StringBuilderAndBufferTest"/>
  <testcase name="testBuilderAppend" time="0,001" classname="cviceni.StringBuilderAndBufferTest"/>
  <testcase name="testBufferAppendDelete" time="0,000" classname="cviceni.StringBuilderAndBufferTest"/>
  <testcase name="testBuilderAppendDelete" time="0,000" classname="cviceni.StringBuilderAndBufferTest"/>
  <testcase name="testBufferAppend" time="0,000" classname="cviceni.StringBuilderAndBufferTest"/>
  <testcase name="testBufferAppendDelete" time="0,000" classname="cviceni.StringBuilderAndBufferTest"/>
  <testcase name="testBuilderAppendDelete" time="0,000" classname="cviceni.StringBuilderAndBufferTest"/>
  <testcase name="testBuilderAppendDelete" time="0,000" classname="cviceni.StringBuilderAndBufferTest"/>
  <testcase name="testBuilderAppend" time="0,000" classname="cviceni.StringBuilderAndBufferTest"/>
  <testcase name="testBuilderAppendDelete" time="0,000" classname="cviceni.StringBuilderAndBufferTest"/>
  <testcase name="testBufferAppend" time="0,000" classname="cviceni.StringBuilderAndBufferTest"/>
  <testcase name="testBuilderAppend" time="0,000" classname="cviceni.StringBuilderAndBufferTest"/>
  <testcase name="testBuilderAppend" time="0,000" classname="cviceni.StringBuilderAndBufferTest"/>
  <testcase name="testBufferAppendDelete" time="0,001" classname="cviceni.StringBuilderAndBufferTest"/>
  <testcase name="testBufferAppendDelete" time="0,000" classname="cviceni.StringBuilderAndBufferTest"/>
  <testcase name="testBufferAppendDelete" time="0,000" classname="cviceni.StringBuilderAndBufferTest"/>
  <testcase name="testBufferAppendDelete" time="0,219" classname="cviceni.StringBuilderAndBufferTest"/>
  <testcase name="testBuilderAppendDelete" time="0,000" classname="cviceni.StringBuilderAndBufferTest"/>
  <testcase name="testBufferAppendDelete" time="0,000" classname="cviceni.StringBuilderAndBufferTest"/>
  <testcase name="testBufferAppend" time="0,000" classname="cviceni.StringBuilderAndBufferTest"/>
  <testcase name="testBufferAppend" time="0,000" classname="cviceni.StringBuilderAndBufferTest"/>
  <testcase name="testBuilderAppendDelete" time="0,001" classname="cviceni.StringBuilderAndBufferTest"/>
  <testcase name="testBufferAppendDelete" time="0,000" classname="cviceni.StringBuilderAndBufferTest"/>
  <testcase name="testBuilderAppend" time="0,000" classname="cviceni.StringBuilderAndBufferTest"/>
  <testcase name="testBufferAppend" time="0,000" classname="cviceni.StringBuilderAndBufferTest"/>
  <testcase name="testBufferAppendDelete" time="0,000" classname="cviceni.StringBuilderAndBufferTest"/>
  <testcase name="testBufferAppendDelete" time="0,000" classname="cviceni.StringBuilderAndBufferTest"/>
  <testcase name="testBufferAppend" time="0,000" classname="cviceni.StringBuilderAndBufferTest"/>
  <testcase name="testBufferAppendDelete" time="0,000" classname="cviceni.StringBuilderAndBufferTest"/>
  <testcase name="testBuilderAppend" time="0,000" classname="cviceni.StringBuilderAndBufferTest"/>
  <testcase name="testBufferAppendDelete" time="0,000" classname="cviceni.StringBuilderAndBufferTest"/>
  <testcase name="testBufferAppendDelete" time="0,000" classname="cviceni.StringBuilderAndBufferTest"/>
  <testcase name="testBuilderAppend" time="0,000" classname="cviceni.StringBuilderAndBufferTest"/>
  <testcase name="testBufferAppendDelete" time="0,000" classname="cviceni.StringBuilderAndBufferTest"/>
  <testcase name="testBuilderAppend" time="0,001" classname="cviceni.StringBuilderAndBufferTest"/>
  <testcase name="testBufferAppendDelete" time="0,000" classname="cviceni.StringBuilderAndBufferTest"/>
  <testcase name="testBufferAppendDelete" time="0,000" classname="cviceni.StringBuilderAndBufferTest"/>
  <testcase name="testBufferAppendDelete" time="0,000" classname="cviceni.StringBuilderAndBufferTest"/>
  <testcase name="testBuilderAppendDelete" time="0,001" classname="cviceni.StringBuilderAndBufferTest"/>
  <testcase name="testBuilderAppendDelete" time="0,000" classname="cviceni.StringBuilderAndBufferTest"/>
  <testcase name="testBuilderAppend" time="0,000" classname="cviceni.StringBuilderAndBufferTest"/>
  <testcase name="testBuilderAppend" time="0,001" classname="cviceni.StringBuilderAndBufferTest"/>
  <testcase name="testBufferAppendDelete" time="0,001" classname="cviceni.StringBuilderAndBufferTest"/>
  <testcase name="testBufferAppendDelete" time="0,000" classname="cviceni.StringBuilderAndBufferTest"/>
  <testcase name="testBufferAppendDelete" time="0,000" classname="cviceni.StringBuilderAndBufferTest"/>
  <testcase name="testBuilderAppend" time="0,001" classname="cviceni.StringBuilderAndBufferTest"/>
  <testcase name="testBuilderAppend" time="0,000" classname="cviceni.StringBuilderAndBufferTest"/>
  <testcase name="testBuilderAppendDelete" time="0,000" classname="cviceni.StringBuilderAndBufferTest"/>
  <testcase name="testBuilderAppend" time="0,000" classname="cviceni.StringBuilderAndBufferTest"/>
  <testcase name="testBufferAppendDelete" time="0,001" classname="cviceni.StringBuilderAndBufferTest"/>
  <testcase name="testBuilderAppendDelete" time="0,000" classname="cviceni.StringBuilderAndBufferTest"/>
  <testcase name="testBuilderAppend" time="0,001" classname="cviceni.StringBuilderAndBufferTest"/>
  <testcase name="testBuilderAppendDelete" time="0,001" classname="cviceni.StringBuilderAndBufferTest"/>
  <testcase name="testBufferAppend" time="0,001" classname="cviceni.StringBuilderAndBufferTest"/>
  <testcase name="testBufferAppend" time="0,000" classname="cviceni.StringBuilderAndBufferTest"/>
  <testcase name="testBuilderAppendDelete" time="0,000" classname="cviceni.StringBuilderAndBufferTest"/>
  <testcase name="testBuilderAppendDelete" time="0,000" classname="cviceni.StringBuilderAndBufferTest"/>
  <testcase name="testBuilderAppend" time="0,000" classname="cviceni.StringBuilderAndBufferTest"/>
  <testcase name="testBufferAppendDelete" time="0,001" classname="cviceni.StringBuilderAndBufferTest"/>
  <testcase name="testBufferAppend" time="0,000" classname="cviceni.StringBuilderAndBufferTest"/>
  <testcase name="testBuilderAppend" time="0,000" classname="cviceni.StringBuilderAndBufferTest"/>
  <testcase name="testBufferAppendDelete" time="0,001" classname="cviceni.StringBuilderAndBufferTest"/>
  <testcase name="testBufferAppend" time="0,000" classname="cviceni.StringBuilderAndBufferTest"/>
  <testcase name="testBuilderAppendDelete" time="0,001" classname="cviceni.StringBuilderAndBufferTest"/>
  <testcase name="testBufferAppendDelete" time="0,000" classname="cviceni.StringBuilderAndBufferTest"/>
  <testcase name="testBufferAppendDelete" time="0,000" classname="cviceni.StringBuilderAndBufferTest"/>
  <testcase name="testBufferAppendDelete" time="0,001" classname="cviceni.StringBuilderAndBufferTest"/>
  <testcase name="testBufferAppend" time="0,000" classname="cviceni.StringBuilderAndBufferTest"/>
  <testcase name="testBuilderAppendDelete" time="0,001" classname="cviceni.StringBuilderAndBufferTest"/>
  <testcase name="testBufferAppend" time="0,000" classname="cviceni.StringBuilderAndBufferTest"/>
  <testcase name="testBufferAppend" time="0,000" classname="cviceni.StringBuilderAndBufferTest"/>
  <testcase name="testBufferAppend" time="0,000" classname="cviceni.StringBuilderAndBufferTest"/>
  <testcase name="testBuilderAppendDelete" time="0,000" classname="cviceni.StringBuilderAndBufferTest"/>
  <testcase name="testBufferAppendDelete" time="0,000" classname="cviceni.StringBuilderAndBufferTest"/>
  <testcase name="testBuilderAppendDelete" time="0,001" classname="cviceni.StringBuilderAndBufferTest"/>
  <testcase name="testBuilderAppendDelete" time="0,000" classname="cviceni.StringBuilderAndBufferTest"/>
  <testcase name="testBuilderAppendDelete" time="0,000" classname="cviceni.StringBuilderAndBufferTest"/>
  <testcase name="testBuilderAppend" time="0,001" classname="cviceni.StringBuilderAndBufferTest"/>
  <testcase name="testBuilderAppend" time="0,000" classname="cviceni.StringBuilderAndBufferTest"/>
  <testcase name="testBufferAppend" time="0,001" classname="cviceni.StringBuilderAndBufferTest"/>
  <testcase name="testBufferAppend" time="0,001" classname="cviceni.StringBuilderAndBufferTest"/>
  <testcase name="testBufferAppend" time="0,001" classname="cviceni.StringBuilderAndBufferTest"/>
  <testcase name="testBuilderAppend" time="0,000" classname="cviceni.StringBuilderAndBufferTest"/>
  <testcase name="testBuilderAppendDelete" time="0,000" classname="cviceni.StringBuilderAndBufferTest"/>
  <testcase name="testBuilderAppendDelete" time="0,000" classname="cviceni.StringBuilderAndBufferTest"/>
  <testcase name="testBuilderAppendDelete" time="0,000" classname="cviceni.StringBuilderAndBufferTest"/>
  <testcase name="testBufferAppend" time="0,000" classname="cviceni.StringBuilderAndBufferTest"/>
  <testcase name="testBufferAppend" time="0,000" classname="cviceni.StringBuilderAndBufferTest"/>
  <testcase name="testBufferAppendDelete" time="0,001" classname="cviceni.StringBuilderAndBufferTest"/>
  <testcase name="testBuilderAppendDelete" time="0,001" classname="cviceni.StringBuilderAndBufferTest"/>
  <testcase name="testBufferAppendDelete" time="0,000" classname="cviceni.StringBuilderAndBufferTest"/>
  <testcase name="testBuilderAppendDelete" time="0,000" classname="cviceni.StringBuilderAndBufferTest"/>
  <testcase name="testBufferAppend" time="0,001" classname="cviceni.StringBuilderAndBufferTest"/>
  <testcase name="testBufferAppendDelete" time="0,000" classname="cviceni.StringBuilderAndBufferTest"/>
  <testcase name="testBuilderAppend" time="0,000" classname="cviceni.StringBuilderAndBufferTest"/>
  <testcase name="testBuilderAppend" time="0,001" classname="cviceni.StringBuilderAndBufferTest"/>
  <testcase name="testBufferAppend" time="0,000" classname="cviceni.StringBuilderAndBufferTest"/>
  <testcase name="testBufferAppendDelete" time="0,000" classname="cviceni.StringBuilderAndBufferTest"/>
  <testcase name="testBufferAppendDelete" time="0,000" classname="cviceni.StringBuilderAndBufferTest"/>
  <testcase name="testBufferAppendDelete" time="0,000" classname="cviceni.StringBuilderAndBufferTest"/>
  <testcase name="testBufferAppendDelete" time="0,001" classname="cviceni.StringBuilderAndBufferTest"/>
  <testcase name="testBufferAppendDelete" time="0,000" classname="cviceni.StringBuilderAndBufferTest"/>
  <testcase name="testBuilderAppendDelete" time="0,001" classname="cviceni.StringBuilderAndBufferTest"/>
  <testcase name="testBuilderAppend" time="0,000" classname="cviceni.StringBuilderAndBufferTest"/>
  <testcase name="testBuilderAppend" time="0,000" classname="cviceni.StringBuilderAndBufferTest"/>
  <testcase name="testBufferAppendDelete" time="0,001" classname="cviceni.StringBuilderAndBufferTest"/>
  <testcase name="testBuilderAppendDelete" time="0,000" classname="cviceni.StringBuilderAndBufferTest"/>
  <testcase name="testBuilderAppendDelete" time="0,001" classname="cviceni.StringBuilderAndBufferTest"/>
  <testcase name="testBuilderAppend" time="0,000" classname="cviceni.StringBuilderAndBufferTest"/>
  <testcase name="testBuilderAppend" time="0,000" classname="cviceni.StringBuilderAndBufferTest"/>
  <testcase name="testBuilderAppend" time="0,000" classname="cviceni.StringBuilderAndBufferTest"/>
  <testcase name="testBufferAppend" time="0,000" classname="cviceni.StringBuilderAndBufferTest"/>
  <testcase name="testBufferAppend" time="0,000" classname="cviceni.StringBuilderAndBufferTest"/>
  <testcase name="testBuilderAppend" time="0,000" classname="cviceni.StringBuilderAndBufferTest"/>
  <testcase name="testBuilderAppend" time="0,001" classname="cviceni.StringBuilderAndBufferTest"/>
  <testcase name="testBufferAppend" time="0,001" classname="cviceni.StringBuilderAndBufferTest"/>
  <testcase name="testBufferAppendDelete" time="0,000" classname="cviceni.StringBuilderAndBufferTest"/>
  <testcase name="testBufferAppendDelete" time="0,000" classname="cviceni.StringBuilderAndBufferTest"/>
  <testcase name="testBuilderAppendDelete" time="0,001" classname="cviceni.StringBuilderAndBufferTest"/>
  <testcase name="testBufferAppend" time="0,001" classname="cviceni.StringBuilderAndBufferTest"/>
  <testcase name="testBufferAppend" time="0,000" classname="cviceni.StringBuilderAndBufferTest"/>
  <testcase name="testBufferAppendDelete" time="0,001" classname="cviceni.StringBuilderAndBufferTest"/>
  <testcase name="testBuilderAppendDelete" time="0,000" classname="cviceni.StringBuilderAndBufferTest"/>
  <testcase name="testBuilderAppend" time="0,000" classname="cviceni.StringBuilderAndBufferTest"/>
  <testcase name="testBuilderAppend" time="0,000" classname="cviceni.StringBuilderAndBufferTest"/>
  <testcase name="testBufferAppendDelete" time="0,001" classname="cviceni.StringBuilderAndBufferTest"/>
  <testcase name="testBufferAppendDelete" time="0,000" classname="cviceni.StringBuilderAndBufferTest"/>
  <testcase name="testBuilderAppend" time="0,000" classname="cviceni.StringBuilderAndBufferTest"/>
  <testcase name="testBufferAppend" time="0,001" classname="cviceni.StringBuilderAndBufferTest"/>
  <testcase name="testBufferAppendDelete" time="0,000" classname="cviceni.StringBuilderAndBufferTest"/>
  <testcase name="testBuilderAppendDelete" time="0,000" classname="cviceni.StringBuilderAndBufferTest"/>
  <testcase name="testBuilderAppend" time="0,000" classname="cviceni.StringBuilderAndBufferTest"/>
  <testcase name="testBufferAppend" time="0,001" classname="cviceni.StringBuilderAndBufferTest"/>
  <testcase name="testBuilderAppendDelete" time="0,000" classname="cviceni.StringBuilderAndBufferTest"/>
  <testcase name="testBuilderAppend" time="0,001" classname="cviceni.StringBuilderAndBufferTest"/>
  <testcase name="testBufferAppend" time="0,001" classname="cviceni.StringBuilderAndBufferTest"/>
  <testcase name="testBufferAppendDelete" time="0,000" classname="cviceni.StringBuilderAndBufferTest"/>
  <testcase name="testBufferAppend" time="0,000" classname="cviceni.StringBuilderAndBufferTest"/>
  <testcase name="testBuilderAppend" time="0,001" classname="cviceni.StringBuilderAndBufferTest"/>
  <testcase name="testBufferAppend" time="0,000" classname="cviceni.StringBuilderAndBufferTest"/>
  <testcase name="testBuilderAppendDelete" time="0,000" classname="cviceni.StringBuilderAndBufferTest"/>
  <testcase name="testBufferAppend" time="0,000" classname="cviceni.StringBuilderAndBufferTest"/>
  <testcase name="testBuilderAppendDelete" time="0,002" classname="cviceni.StringBuilderAndBufferTest"/>
  <testcase name="testBuilderAppend" time="0,001" classname="cviceni.StringBuilderAndBufferTest"/>
  <testcase name="testBufferAppendDelete" time="0,000" classname="cviceni.StringBuilderAndBufferTest"/>
  <testcase name="testBuilderAppendDelete" time="0,000" classname="cviceni.StringBuilderAndBufferTest"/>
  <testcase name="testBuilderAppendDelete" time="0,000" classname="cviceni.StringBuilderAndBufferTest"/>
  <testcase name="testBuilderAppend" time="0,000" classname="cviceni.StringBuilderAndBufferTest"/>
  <testcase name="testBuilderAppendDelete" time="0,000" classname="cviceni.StringBuilderAndBufferTest"/>
  <testcase name="testBufferAppend" time="0,000" classname="cviceni.StringBuilderAndBufferTest"/>
  <testcase name="testBufferAppend" time="0,001" classname="cviceni.StringBuilderAndBufferTest"/>
  <testcase name="testBuilderAppend" time="0,000" classname="cviceni.StringBuilderAndBufferTest"/>
  <testcase name="testBuilderAppendDelete" time="0,000" classname="cviceni.StringBuilderAndBufferTest"/>
  <testcase name="testBuilderAppend" time="0,001" classname="cviceni.StringBuilderAndBufferTest"/>
  <testcase name="testBuilderAppend" time="0,000" classname="cviceni.StringBuilderAndBufferTest"/>
  <testcase name="testBufferAppend" time="0,000" classname="cviceni.StringBuilderAndBufferTest"/>
  <testcase name="testBufferAppendDelete" time="0,000" classname="cviceni.StringBuilderAndBufferTest"/>
  <testcase name="testBuilderAppend" time="0,001" classname="cviceni.StringBuilderAndBufferTest"/>
  <testcase name="testBufferAppend" time="0,000" classname="cviceni.StringBuilderAndBufferTest"/>
  <testcase name="testBufferAppend" time="0,000" classname="cviceni.StringBuilderAndBufferTest"/>
  <testcase name="testBuilderAppendDelete" time="0,000" classname="cviceni.StringBuilderAndBufferTest"/>
  <testcase name="testBuilderAppend" time="0,000" classname="cviceni.StringBuilderAndBufferTest"/>
  <testcase name="testBuilderAppendDelete" time="0,000" classname="cviceni.StringBuilderAndBufferTest"/>
  <testcase name="testBufferAppendDelete" time="0,000" classname="cviceni.StringBuilderAndBufferTest"/>
  <testcase name="testBuilderAppend" time="0,000" classname="cviceni.StringBuilderAndBufferTest"/>
  <testcase name="testBufferAppendDelete" time="0,001" classname="cviceni.StringBuilderAndBufferTest"/>
  <testcase name="testBuilderAppendDelete" time="0,001" classname="cviceni.StringBuilderAndBufferTest"/>
  <testcase name="testBufferAppendDelete" time="0,000" classname="cviceni.StringBuilderAndBufferTest"/>
  <testcase name="testBuilderAppendDelete" time="0,001" classname="cviceni.StringBuilderAndBufferTest"/>
  <testcase name="testBuilderAppend" time="0,000" classname="cviceni.StringBuilderAndBufferTest"/>
  <testcase name="testBuilderAppend" time="0,000" classname="cviceni.StringBuilderAndBufferTest"/>
  <testcase name="testBuilderAppendDelete" time="0,000" classname="cviceni.StringBuilderAndBufferTest"/>
  <testcase name="testBuilderAppend" time="0,001" classname="cviceni.StringBuilderAndBufferTest"/>
  <testcase name="testBuilderAppendDelete" time="0,001" classname="cviceni.StringBuilderAndBufferTest"/>
  <testcase name="testBuilderAppend" time="0,000" classname="cviceni.StringBuilderAndBufferTest"/>
  <testcase name="testBuilderAppend" time="0,000" classname="cviceni.StringBuilderAndBufferTest"/>
  <testcase name="testBufferAppendDelete" time="0,000" classname="cviceni.StringBuilderAndBufferTest"/>
  <testcase name="testBuilderAppendDelete" time="0,000" classname="cviceni.StringBuilderAndBufferTest"/>
  <testcase name="testBuilderAppendDelete" time="0,000" classname="cviceni.StringBuilderAndBufferTest"/>
  <testcase name="testBuilderAppend" time="0,001" classname="cviceni.StringBuilderAndBufferTest"/>
  <testcase name="testBufferAppendDelete" time="0,000" classname="cviceni.StringBuilderAndBufferTest"/>
  <testcase name="testBuilderAppend" time="0,001" classname="cviceni.StringBuilderAndBufferTest"/>
  <testcase name="testBufferAppend" time="0,001" classname="cviceni.StringBuilderAndBufferTest"/>
  <testcase name="testBufferAppend" time="0,000" classname="cviceni.StringBuilderAndBufferTest"/>
  <testcase name="testBuilderAppend" time="0,000" classname="cviceni.StringBuilderAndBufferTest"/>
  <testcase name="testBuilderAppend" time="0,000" classname="cviceni.StringBuilderAndBufferTest"/>
  <testcase name="testBuilderAppend" time="0,001" classname="cviceni.StringBuilderAndBufferTest"/>
  <testcase name="testBuilderAppend" time="0,000" classname="cviceni.StringBuilderAndBufferTest"/>
  <testcase name="testBuilderAppendDelete" time="0,000" classname="cviceni.StringBuilderAndBufferTest"/>
  <testcase name="testBuilderAppend" time="0,000" classname="cviceni.StringBuilderAndBufferTest"/>
  <testcase name="testBuilderAppend" time="0,000" classname="cviceni.StringBuilderAndBufferTest"/>
  <testcase name="testBuilderAppend" time="0,000" classname="cviceni.StringBuilderAndBufferTest"/>
  <testcase name="testBuilderAppendDelete" time="0,000" classname="cviceni.StringBuilderAndBufferTest"/>
  <testcase name="testBuilderAppendDelete" time="0,001" classname="cviceni.StringBuilderAndBufferTest"/>
  <testcase name="testBufferAppend" time="0,000" classname="cviceni.StringBuilderAndBufferTest"/>
  <testcase name="testBuilderAppend" time="0,000" classname="cviceni.StringBuilderAndBufferTest"/>
  <testcase name="testBuilderAppend" time="0,000" classname="cviceni.StringBuilderAndBufferTest"/>
  <testcase name="testBufferAppend" time="0,000" classname="cviceni.StringBuilderAndBufferTest"/>
  <testcase name="testBuilderAppend" time="0,000" classname="cviceni.StringBuilderAndBufferTest"/>
  <testcase name="testBufferAppendDelete" time="0,000" classname="cviceni.StringBuilderAndBufferTest"/>
  <testcase name="testBuilderAppendDelete" time="0,000" classname="cviceni.StringBuilderAndBufferTest"/>
  <testcase name="testBufferAppend" time="0,000" classname="cviceni.StringBuilderAndBufferTest"/>
  <testcase name="testBufferAppend" time="0,000" classname="cviceni.StringBuilderAndBufferTest"/>
  <testcase name="testBufferAppend" time="0,001" classname="cviceni.StringBuilderAndBufferTest"/>
  <testcase name="testBuilderAppendDelete" time="0,000" classname="cviceni.StringBuilderAndBufferTest"/>
  <testcase name="testBufferAppendDelete" time="0,001" classname="cviceni.StringBuilderAndBufferTest"/>
  <testcase name="testBuilderAppendDelete" time="0,090" classname="cviceni.StringBuilderAndBufferTest"/>
  <testcase name="testBuilderAppend" time="0,000" classname="cviceni.StringBuilderAndBufferTest"/>
  <testcase name="testBuilderAppendDelete" time="0,000" classname="cviceni.StringBuilderAndBufferTest"/>
  <testcase name="testBuilderAppend" time="0,000" classname="cviceni.StringBuilderAndBufferTest"/>
  <testcase name="testBuilderAppendDelete" time="0,000" classname="cviceni.StringBuilderAndBufferTest"/>
  <testcase name="testBuilderAppend" time="0,000" classname="cviceni.StringBuilderAndBufferTest"/>
  <testcase name="testBuilderAppend" time="0,000" classname="cviceni.StringBuilderAndBufferTest"/>
  <testcase name="testBufferAppendDelete" time="0,000" classname="cviceni.StringBuilderAndBufferTest"/>
  <testcase name="testBufferAppendDelete" time="0,001" classname="cviceni.StringBuilderAndBufferTest"/>
  <testcase name="testBufferAppendDelete" time="0,000" classname="cviceni.StringBuilderAndBufferTest"/>
  <testcase name="testBuilderAppendDelete" time="0,000" classname="cviceni.StringBuilderAndBufferTest"/>
  <testcase name="testBuilderAppendDelete" time="0,000" classname="cviceni.StringBuilderAndBufferTest"/>
  <testcase name="testBufferAppendDelete" time="0,001" classname="cviceni.StringBuilderAndBufferTest"/>
  <testcase name="testBufferAppendDelete" time="0,000" classname="cviceni.StringBuilderAndBufferTest"/>
  <testcase name="testBufferAppend" time="0,000" classname="cviceni.StringBuilderAndBufferTest"/>
  <testcase name="testBuilderAppendDelete" time="0,000" classname="cviceni.StringBuilderAndBufferTest"/>
  <testcase name="testBuilderAppendDelete" time="0,001" classname="cviceni.StringBuilderAndBufferTest"/>
  <testcase name="testBufferAppendDelete" time="0,001" classname="cviceni.StringBuilderAndBufferTest"/>
  <testcase name="testBufferAppendDelete" time="0,000" classname="cviceni.StringBuilderAndBufferTest"/>
  <testcase name="testBuilderAppendDelete" time="0,000" classname="cviceni.StringBuilderAndBufferTest"/>
  <testcase name="testBuilderAppendDelete" time="0,000" classname="cviceni.StringBuilderAndBufferTest"/>
  <testcase name="testBuilderAppend" time="0,000" classname="cviceni.StringBuilderAndBufferTest"/>
  <testcase name="testBuilderAppendDelete" time="0,000" classname="cviceni.StringBuilderAndBufferTest"/>
  <testcase name="testBufferAppend" time="0,000" classname="cviceni.StringBuilderAndBufferTest"/>
  <testcase name="testBufferAppendDelete" time="0,001" classname="cviceni.StringBuilderAndBufferTest"/>
  <testcase name="testBufferAppend" time="0,001" classname="cviceni.StringBuilderAndBufferTest"/>
  <testcase name="testBuilderAppend" time="0,000" classname="cviceni.StringBuilderAndBufferTest"/>
  <testcase name="testBuilderAppendDelete" time="0,001" classname="cviceni.StringBuilderAndBufferTest"/>
  <testcase name="testBuilderAppendDelete" time="0,000" classname="cviceni.StringBuilderAndBufferTest"/>
  <testcase name="testBuilderAppend" time="0,000" classname="cviceni.StringBuilderAndBufferTest"/>
  <testcase name="testBuilderAppendDelete" time="0,000" classname="cviceni.StringBuilderAndBufferTest"/>
  <testcase name="testBufferAppend" time="0,001" classname="cviceni.StringBuilderAndBufferTest"/>
  <testcase name="testBufferAppend" time="0,000" classname="cviceni.StringBuilderAndBufferTest"/>
  <testcase name="testBufferAppend" time="0,000" classname="cviceni.StringBuilderAndBufferTest"/>
  <testcase name="testBuilderAppend" time="0,000" classname="cviceni.StringBuilderAndBufferTest"/>
  <testcase name="testBufferAppendDelete" time="0,000" classname="cviceni.StringBuilderAndBufferTest"/>
  <testcase name="testBufferAppendDelete" time="0,000" classname="cviceni.StringBuilderAndBufferTest"/>
  <testcase name="testBufferAppend" time="0,000" classname="cviceni.StringBuilderAndBufferTest"/>
  <testcase name="testBufferAppendDelete" time="0,001" classname="cviceni.StringBuilderAndBufferTest"/>
  <testcase name="testBufferAppend" time="0,001" classname="cviceni.StringBuilderAndBufferTest"/>
  <testcase name="testBuilderAppendDelete" time="0,000" classname="cviceni.StringBuilderAndBufferTest"/>
  <testcase name="testBufferAppendDelete" time="0,000" classname="cviceni.StringBuilderAndBufferTest"/>
  <testcase name="testBuilderAppend" time="0,079" classname="cviceni.StringBuilderAndBufferTest"/>
  <testcase name="testBuilderAppend" time="0,001" classname="cviceni.StringBuilderAndBufferTest"/>
  <testcase name="testBufferAppendDelete" time="0,022" classname="cviceni.StringBuilderAndBufferTest"/>
  <testcase name="testBufferAppendDelete" time="0,001" classname="cviceni.StringBuilderAndBufferTest"/>
  <testcase name="testBufferAppend" time="0,001" classname="cviceni.StringBuilderAndBufferTest"/>
  <testcase name="testBufferAppend" time="0,000" classname="cviceni.StringBuilderAndBufferTest"/>
  <testcase name="testBufferAppend" time="0,000" classname="cviceni.StringBuilderAndBufferTest"/>
  <testcase name="testBuilderAppend" time="0,001" classname="cviceni.StringBuilderAndBufferTest"/>
  <testcase name="testBufferAppendDelete" time="0,000" classname="cviceni.StringBuilderAndBufferTest"/>
  <testcase name="testBuilderAppend" time="0,000" classname="cviceni.StringBuilderAndBufferTest"/>
  <testcase name="testBuilderAppend" time="0,000" classname="cviceni.StringBuilderAndBufferTest"/>
  <testcase name="testBuilderAppendDelete" time="0,000" classname="cviceni.StringBuilderAndBufferTest"/>
  <testcase name="testBuilderAppendDelete" time="0,000" classname="cviceni.StringBuilderAndBufferTest"/>
  <testcase name="testBufferAppend" time="0,000" classname="cviceni.StringBuilderAndBufferTest"/>
  <testcase name="testBufferAppendDelete" time="0,000" classname="cviceni.StringBuilderAndBufferTest"/>
  <testcase name="testBufferAppend" time="0,000" classname="cviceni.StringBuilderAndBufferTest"/>
  <testcase name="testBuilderAppend" time="0,000" classname="cviceni.StringBuilderAndBufferTest"/>
  <testcase name="testBuilderAppend" time="0,110" classname="cviceni.StringBuilderAndBufferTest"/>
  <testcase name="testBuilderAppendDelete" time="0,000" classname="cviceni.StringBuilderAndBufferTest"/>
  <testcase name="testBuilderAppend" time="0,000" classname="cviceni.StringBuilderAndBufferTest"/>
  <testcase name="testBufferAppendDelete" time="0,000" classname="cviceni.StringBuilderAndBufferTest"/>
  <testcase name="testBufferAppendDelete" time="0,000" classname="cviceni.StringBuilderAndBufferTest"/>
  <testcase name="testBuilderAppendDelete" time="0,000" classname="cviceni.StringBuilderAndBufferTest"/>
  <testcase name="testBufferAppend" time="0,001" classname="cviceni.StringBuilderAndBufferTest"/>
  <testcase name="testBuilderAppend" time="0,006" classname="cviceni.StringBuilderAndBufferTest"/>
  <testcase name="testBuilderAppend" time="0,000" classname="cviceni.StringBuilderAndBufferTest"/>
  <testcase name="testBuilderAppend" time="0,001" classname="cviceni.StringBuilderAndBufferTest"/>
  <testcase name="testBufferAppendDelete" time="0,000" classname="cviceni.StringBuilderAndBufferTest"/>
  <testcase name="testBufferAppendDelete" time="0,000" classname="cviceni.StringBuilderAndBufferTest"/>
  <testcase name="testBufferAppend" time="0,001" classname="cviceni.StringBuilderAndBufferTest"/>
  <testcase name="testBufferAppendDelete" time="0,001" classname="cviceni.StringBuilderAndBufferTest"/>
  <testcase name="testBufferAppend" time="0,000" classname="cviceni.StringBuilderAndBufferTest"/>
  <testcase name="testBufferAppendDelete" time="0,000" classname="cviceni.StringBuilderAndBufferTest"/>
  <testcase name="testBuilderAppend" time="0,001" classname="cviceni.StringBuilderAndBufferTest"/>
  <testcase name="testBufferAppend" time="0,001" classname="cviceni.StringBuilderAndBufferTest"/>
  <testcase name="testBuilderAppendDelete" time="0,001" classname="cviceni.StringBuilderAndBufferTest"/>
  <testcase name="testBuilderAppend" time="0,001" classname="cviceni.StringBuilderAndBufferTest"/>
  <testcase name="testBufferAppendDelete" time="0,000" classname="cviceni.StringBuilderAndBufferTest"/>
  <testcase name="testBuilderAppendDelete" time="0,000" classname="cviceni.StringBuilderAndBufferTest"/>
  <testcase name="testBuilderAppendDelete" time="0,000" classname="cviceni.StringBuilderAndBufferTest"/>
  <testcase name="testBufferAppend" time="0,000" classname="cviceni.StringBuilderAndBufferTest"/>
  <testcase name="testBufferAppend" time="0,001" classname="cviceni.StringBuilderAndBufferTest"/>
  <testcase name="testBufferAppend" time="0,003" classname="cviceni.StringBuilderAndBufferTest"/>
  <testcase name="testBuilderAppend" time="0,001" classname="cviceni.StringBuilderAndBufferTest"/>
  <testcase name="testBuilderAppendDelete" time="0,000" classname="cviceni.StringBuilderAndBufferTest"/>
  <testcase name="testBufferAppendDelete" time="0,000" classname="cviceni.StringBuilderAndBufferTest"/>
  <testcase name="testBufferAppend" time="0,000" classname="cviceni.StringBuilderAndBufferTest"/>
  <testcase name="testBufferAppend" time="0,000" classname="cviceni.StringBuilderAndBufferTest"/>
  <testcase name="testBufferAppend" time="0,010" classname="cviceni.StringBuilderAndBufferTest"/>
  <testcase name="testBuilderAppend" time="0,001" classname="cviceni.StringBuilderAndBufferTest"/>
  <testcase name="testBufferAppendDelete" time="0,000" classname="cviceni.StringBuilderAndBufferTest"/>
  <testcase name="testBufferAppend" time="0,000" classname="cviceni.StringBuilderAndBufferTest"/>
  <testcase name="testBufferAppend" time="0,000" classname="cviceni.StringBuilderAndBufferTest"/>
  <testcase name="testBuilderAppendDelete" time="0,000" classname="cviceni.StringBuilderAndBufferTest"/>
  <testcase name="testBuilderAppendDelete" time="0,000" classname="cviceni.StringBuilderAndBufferTest"/>
  <testcase name="testBuilderAppend" time="0,000" classname="cviceni.StringBuilderAndBufferTest"/>
  <testcase name="testBuilderAppend" time="0,001" classname="cviceni.StringBuilderAndBufferTest"/>
  <testcase name="testBufferAppendDelete" time="0,000" classname="cviceni.StringBuilderAndBufferTest"/>
  <testcase name="testBufferAppend" time="0,001" classname="cviceni.StringBuilderAndBufferTest"/>
  <testcase name="testBufferAppendDelete" time="0,000" classname="cviceni.StringBuilderAndBufferTest"/>
  <testcase name="testBuilderAppend" time="0,000" classname="cviceni.StringBuilderAndBufferTest"/>
  <testcase name="testBuilderAppend" time="0,002" classname="cviceni.StringBuilderAndBufferTest"/>
  <testcase name="testBuilderAppend" time="0,000" classname="cviceni.StringBuilderAndBufferTest"/>
  <testcase name="testBufferAppend" time="0,000" classname="cviceni.StringBuilderAndBufferTest"/>
  <testcase name="testBuilderAppend" time="0,000" classname="cviceni.StringBuilderAndBufferTest"/>
  <testcase name="testBufferAppend" time="0,000" classname="cviceni.StringBuilderAndBufferTest"/>
  <testcase name="testBuilderAppend" time="0,000" classname="cviceni.StringBuilderAndBufferTest"/>
  <testcase name="testBufferAppendDelete" time="0,000" classname="cviceni.StringBuilderAndBufferTest"/>
  <testcase name="testBufferAppendDelete" time="0,000" classname="cviceni.StringBuilderAndBufferTest"/>
  <testcase name="testBuilderAppendDelete" time="0,000" classname="cviceni.StringBuilderAndBufferTest"/>
  <testcase name="testBuilderAppendDelete" time="0,001" classname="cviceni.StringBuilderAndBufferTest"/>
  <testcase name="testBufferAppend" time="0,000" classname="cviceni.StringBuilderAndBufferTest"/>
  <testcase name="testBuilderAppend" time="0,001" classname="cviceni.StringBuilderAndBufferTest"/>
  <testcase name="testBufferAppend" time="0,001" classname="cviceni.StringBuilderAndBufferTest"/>
  <testcase name="testBuilderAppendDelete" time="0,000" classname="cviceni.StringBuilderAndBufferTest"/>
  <testcase name="testBuilderAppendDelete" time="0,001" classname="cviceni.StringBuilderAndBufferTest"/>
  <testcase name="testBuilderAppend" time="0,001" classname="cviceni.StringBuilderAndBufferTest"/>
  <testcase name="testBuilderAppendDelete" time="0,000" classname="cviceni.StringBuilderAndBufferTest"/>
  <testcase name="testBuilderAppendDelete" time="0,000" classname="cviceni.StringBuilderAndBufferTest"/>
  <testcase name="testBufferAppendDelete" time="0,001" classname="cviceni.StringBuilderAndBufferTest"/>
  <testcase name="testBuilderAppend" time="0,001" classname="cviceni.StringBuilderAndBufferTest"/>
  <testcase name="testBufferAppend" time="0,000" classname="cviceni.StringBuilderAndBufferTest"/>
  <testcase name="testBufferAppend" time="0,001" classname="cviceni.StringBuilderAndBufferTest"/>
  <testcase name="testBufferAppendDelete" time="0,000" classname="cviceni.StringBuilderAndBufferTest"/>
  <testcase name="testBufferAppend" time="0,000" classname="cviceni.StringBuilderAndBufferTest"/>
  <testcase name="testBufferAppend" time="0,000" classname="cviceni.StringBuilderAndBufferTest"/>
  <testcase name="testBuilderAppend" time="0,000" classname="cviceni.StringBuilderAndBufferTest"/>
  <testcase name="testBufferAppendDelete" time="0,000" classname="cviceni.StringBuilderAndBufferTest"/>
  <testcase name="testBufferAppendDelete" time="0,001" classname="cviceni.StringBuilderAndBufferTest"/>
  <testcase name="testBufferAppend" time="0,001" classname="cviceni.StringBuilderAndBufferTest"/>
  <testcase name="testBuilderAppend" time="0,000" classname="cviceni.StringBuilderAndBufferTest"/>
  <testcase name="testBuilderAppend" time="0,000" classname="cviceni.StringBuilderAndBufferTest"/>
  <testcase name="testBuilderAppend" time="0,000" classname="cviceni.StringBuilderAndBufferTest"/>
  <testcase name="testBufferAppend" time="0,000" classname="cviceni.StringBuilderAndBufferTest"/>
  <testcase name="testBufferAppendDelete" time="0,000" classname="cviceni.StringBuilderAndBufferTest"/>
  <testcase name="testBuilderAppend" time="0,000" classname="cviceni.StringBuilderAndBufferTest"/>
  <testcase name="testBuilderAppendDelete" time="0,000" classname="cviceni.StringBuilderAndBufferTest"/>
  <testcase name="testBuilderAppend" time="0,000" classname="cviceni.StringBuilderAndBufferTest"/>
  <testcase name="testBuilderAppend" time="0,000" classname="cviceni.StringBuilderAndBufferTest"/>
  <testcase name="testBuilderAppend" time="0,023" classname="cviceni.StringBuilderAndBufferTest"/>
  <testcase name="testBuilderAppendDelete" time="0,001" classname="cviceni.StringBuilderAndBufferTest"/>
  <testcase name="testBuilderAppendDelete" time="0,000" classname="cviceni.StringBuilderAndBufferTest"/>
  <testcase name="testBuilderAppendDelete" time="0,000" classname="cviceni.StringBuilderAndBufferTest"/>
  <testcase name="testBuilderAppend" time="0,000" classname="cviceni.StringBuilderAndBufferTest"/>
  <testcase name="testBuilderAppend" time="0,000" classname="cviceni.StringBuilderAndBufferTest"/>
  <testcase name="testBuilderAppend" time="0,000" classname="cviceni.StringBuilderAndBufferTest"/>
  <testcase name="testBufferAppend" time="0,001" classname="cviceni.StringBuilderAndBufferTest"/>
  <testcase name="testBuilderAppend" time="0,000" classname="cviceni.StringBuilderAndBufferTest"/>
  <testcase name="testBuilderAppendDelete" time="0,001" classname="cviceni.StringBuilderAndBufferTest"/>
  <testcase name="testBuilderAppendDelete" time="0,000" classname="cviceni.StringBuilderAndBufferTest"/>
  <testcase name="testBufferAppendDelete" time="0,000" classname="cviceni.StringBuilderAndBufferTest"/>
  <testcase name="testBufferAppend" time="0,001" classname="cviceni.StringBuilderAndBufferTest"/>
  <testcase name="testBufferAppendDelete" time="0,000" classname="cviceni.StringBuilderAndBufferTest"/>
  <testcase name="testBufferAppendDelete" time="0,001" classname="cviceni.StringBuilderAndBufferTest"/>
  <testcase name="testBufferAppend" time="0,000" classname="cviceni.StringBuilderAndBufferTest"/>
  <testcase name="testBufferAppend" time="0,000" classname="cviceni.StringBuilderAndBufferTest"/>
  <testcase name="testBuilderAppend" time="0,001" classname="cviceni.StringBuilderAndBufferTest"/>
  <testcase name="testBufferAppendDelete" time="0,000" classname="cviceni.StringBuilderAndBufferTest"/>
  <testcase name="testBufferAppendDelete" time="0,001" classname="cviceni.StringBuilderAndBufferTest"/>
  <testcase name="testBufferAppend" time="0,003" classname="cviceni.StringBuilderAndBufferTest"/>
  <testcase name="testBuilderAppendDelete" time="0,000" classname="cviceni.StringBuilderAndBufferTest"/>
  <testcase name="testBufferAppendDelete" time="0,000" classname="cviceni.StringBuilderAndBufferTest"/>
  <testcase name="testBufferAppend" time="0,000" classname="cviceni.StringBuilderAndBufferTest"/>
  <testcase name="testBufferAppend" time="0,000" classname="cviceni.StringBuilderAndBufferTest"/>
  <testcase name="testBufferAppendDelete" time="0,001" classname="cviceni.StringBuilderAndBufferTest"/>
  <testcase name="testBuilderAppendDelete" time="0,001" classname="cviceni.StringBuilderAndBufferTest"/>
  <testcase name="testBufferAppendDelete" time="0,000" classname="cviceni.StringBuilderAndBufferTest"/>
  <testcase name="testBufferAppendDelete" time="0,000" classname="cviceni.StringBuilderAndBufferTest"/>
  <testcase name="testBufferAppend" time="0,000" classname="cviceni.StringBuilderAndBufferTest"/>
  <testcase name="testBuilderAppendDelete" time="0,000" classname="cviceni.StringBuilderAndBufferTest"/>
  <testcase name="testBufferAppend" time="0,000" classname="cviceni.StringBuilderAndBufferTest"/>
  <testcase name="testBufferAppendDelete" time="0,000" classname="cviceni.StringBuilderAndBufferTest"/>
  <testcase name="testBuilderAppendDelete" time="0,000" classname="cviceni.StringBuilderAndBufferTest"/>
  <testcase name="testBufferAppendDelete" time="0,000" classname="cviceni.StringBuilderAndBufferTest"/>
  <testcase name="testBufferAppend" time="0,000" classname="cviceni.StringBuilderAndBufferTest"/>
  <testcase name="testBufferAppendDelete" time="0,001" classname="cviceni.StringBuilderAndBufferTest"/>
  <testcase name="testBufferAppendDelete" time="0,000" classname="cviceni.StringBuilderAndBufferTest"/>
  <testcase name="testBufferAppend" time="0,000" classname="cviceni.StringBuilderAndBufferTest"/>
  <testcase name="testBuilderAppend" time="0,000" classname="cviceni.StringBuilderAndBufferTest"/>
  <testcase name="testBuilderAppend" time="0,000" classname="cviceni.StringBuilderAndBufferTest"/>
  <testcase name="testBuilderAppend" time="0,000" classname="cviceni.StringBuilderAndBufferTest"/>
  <testcase name="testBufferAppendDelete" time="0,001" classname="cviceni.StringBuilderAndBufferTest"/>
  <testcase name="testBufferAppendDelete" time="0,001" classname="cviceni.StringBuilderAndBufferTest"/>
  <testcase name="testBufferAppendDelete" time="0,001" classname="cviceni.StringBuilderAndBufferTest"/>
  <testcase name="testBuilderAppendDelete" time="0,001" classname="cviceni.StringBuilderAndBufferTest"/>
  <testcase name="testBufferAppend" time="0,000" classname="cviceni.StringBuilderAndBufferTest"/>
  <testcase name="testBuilderAppend" time="0,000" classname="cviceni.StringBuilderAndBufferTest"/>
  <testcase name="testBufferAppendDelete" time="0,000" classname="cviceni.StringBuilderAndBufferTest"/>
  <testcase name="testBuilderAppend" time="0,001" classname="cviceni.StringBuilderAndBufferTest"/>
  <testcase name="testBufferAppend" time="0,000" classname="cviceni.StringBuilderAndBufferTest"/>
  <testcase name="testBufferAppend" time="0,000" classname="cviceni.StringBuilderAndBufferTest"/>
  <testcase name="testBuilderAppendDelete" time="0,000" classname="cviceni.StringBuilderAndBufferTest"/>
  <testcase name="testBufferAppendDelete" time="0,000" classname="cviceni.StringBuilderAndBufferTest"/>
  <testcase name="testBufferAppend" time="0,000" classname="cviceni.StringBuilderAndBufferTest"/>
  <testcase name="testBufferAppend" time="0,000" classname="cviceni.StringBuilderAndBufferTest"/>
  <testcase name="testBufferAppendDelete" time="0,539" classname="cviceni.StringBuilderAndBufferTest"/>
  <testcase name="testBuilderAppend" time="0,000" classname="cviceni.StringBuilderAndBufferTest"/>
  <testcase name="testBufferAppend" time="0,000" classname="cviceni.StringBuilderAndBufferTest"/>
  <testcase name="testBufferAppend" time="0,000" classname="cviceni.StringBuilderAndBufferTest"/>
  <testcase name="testBuilderAppend" time="0,000" classname="cviceni.StringBuilderAndBufferTest"/>
  <testcase name="testBuilderAppendDelete" time="0,000" classname="cviceni.StringBuilderAndBufferTest"/>
  <testcase name="testBufferAppend" time="0,001" classname="cviceni.StringBuilderAndBufferTest"/>
  <testcase name="testBufferAppend" time="0,000" classname="cviceni.StringBuilderAndBufferTest"/>
  <testcase name="testBuilderAppend" time="0,001" classname="cviceni.StringBuilderAndBufferTest"/>
  <testcase name="testBufferAppend" time="0,000" classname="cviceni.StringBuilderAndBufferTest"/>
  <testcase name="testBufferAppendDelete" time="0,000" classname="cviceni.StringBuilderAndBufferTest"/>
  <testcase name="testBuilderAppendDelete" time="0,000" classname="cviceni.StringBuilderAndBufferTest"/>
  <testcase name="testBuilderAppendDelete" time="0,001" classname="cviceni.StringBuilderAndBufferTest"/>
  <testcase name="testBuilderAppend" time="0,000" classname="cviceni.StringBuilderAndBufferTest"/>
  <testcase name="testBuilderAppend" time="0,000" classname="cviceni.StringBuilderAndBufferTest"/>
  <testcase name="testBuilderAppend" time="0,000" classname="cviceni.StringBuilderAndBufferTest"/>
  <testcase name="testBufferAppend" time="0,001" classname="cviceni.StringBuilderAndBufferTest"/>
  <testcase name="testBufferAppend" time="0,000" classname="cviceni.StringBuilderAndBufferTest"/>
  <testcase name="testBuilderAppend" time="0,000" classname="cviceni.StringBuilderAndBufferTest"/>
  <testcase name="testBufferAppendDelete" time="0,001" classname="cviceni.StringBuilderAndBufferTest"/>
  <testcase name="testBufferAppend" time="0,000" classname="cviceni.StringBuilderAndBufferTest"/>
  <testcase name="testBuilderAppendDelete" time="0,000" classname="cviceni.StringBuilderAndBufferTest"/>
  <testcase name="testBuilderAppendDelete" time="0,000" classname="cviceni.StringBuilderAndBufferTest"/>
  <testcase name="testBufferAppend" time="0,000" classname="cviceni.StringBuilderAndBufferTest"/>
  <testcase name="testBufferAppend" time="0,000" classname="cviceni.StringBuilderAndBufferTest"/>
  <testcase name="testBufferAppend" time="0,001" classname="cviceni.StringBuilderAndBufferTest"/>
  <testcase name="testBufferAppend" time="0,000" classname="cviceni.StringBuilderAndBufferTest"/>
  <testcase name="testBuilderAppend" time="0,000" classname="cviceni.StringBuilderAndBufferTest"/>
  <testcase name="testBufferAppend" time="0,000" classname="cviceni.StringBuilderAndBufferTest"/>
  <testcase name="testBufferAppendDelete" time="0,000" classname="cviceni.StringBuilderAndBufferTest"/>
  <testcase name="testBuilderAppend" time="0,000" classname="cviceni.StringBuilderAndBufferTest"/>
  <testcase name="testBufferAppend" time="0,000" classname="cviceni.StringBuilderAndBufferTest"/>
  <testcase name="testBufferAppend" time="0,000" classname="cviceni.StringBuilderAndBufferTest"/>
  <testcase name="testBuilderAppendDelete" time="0,001" classname="cviceni.StringBuilderAndBufferTest"/>
  <testcase name="testBufferAppendDelete" time="0,000" classname="cviceni.StringBuilderAndBufferTest"/>
  <testcase name="testBuilderAppend" time="0,000" classname="cviceni.StringBuilderAndBufferTest"/>
  <testcase name="testBufferAppendDelete" time="0,000" classname="cviceni.StringBuilderAndBufferTest"/>
  <testcase name="testBufferAppend" time="0,000" classname="cviceni.StringBuilderAndBufferTest"/>
  <testcase name="testBuilderAppend" time="0,000" classname="cviceni.StringBuilderAndBufferTest"/>
  <testcase name="testBufferAppendDelete" time="0,000" classname="cviceni.StringBuilderAndBufferTest"/>
  <testcase name="testBuilderAppend" time="0,000" classname="cviceni.StringBuilderAndBufferTest"/>
  <testcase name="testBuilderAppend" time="0,000" classname="cviceni.StringBuilderAndBufferTest"/>
  <testcase name="testBuilderAppend" time="0,000" classname="cviceni.StringBuilderAndBufferTest"/>
  <testcase name="testBufferAppendDelete" time="0,000" classname="cviceni.StringBuilderAndBufferTest"/>
  <testcase name="testBufferAppendDelete" time="0,000" classname="cviceni.StringBuilderAndBufferTest"/>
  <testcase name="testBufferAppend" time="0,000" classname="cviceni.StringBuilderAndBufferTest"/>
  <testcase name="testBufferAppendDelete" time="0,024" classname="cviceni.StringBuilderAndBufferTest"/>
  <testcase name="testBufferAppend" time="0,000" classname="cviceni.StringBuilderAndBufferTest"/>
  <testcase name="testBufferAppendDelete" time="0,000" classname="cviceni.StringBuilderAndBufferTest"/>
  <testcase name="testBufferAppend" time="0,000" classname="cviceni.StringBuilderAndBufferTest"/>
  <testcase name="testBufferAppendDelete" time="0,000" classname="cviceni.StringBuilderAndBufferTest"/>
  <testcase name="testBuilderAppend" time="0,000" classname="cviceni.StringBuilderAndBufferTest"/>
  <testcase name="testBufferAppend" time="0,000" classname="cviceni.StringBuilderAndBufferTest"/>
  <testcase name="testBufferAppendDelete" time="0,000" classname="cviceni.StringBuilderAndBufferTest"/>
  <testcase name="testBuilderAppendDelete" time="0,001" classname="cviceni.StringBuilderAndBufferTest"/>
  <testcase name="testBuilderAppendDelete" time="0,000" classname="cviceni.StringBuilderAndBufferTest"/>
  <testcase name="testBuilderAppendDelete" time="0,000" classname="cviceni.StringBuilderAndBufferTest"/>
  <testcase name="testBufferAppendDelete" time="0,000" classname="cviceni.StringBuilderAndBufferTest"/>
  <testcase name="testBuilderAppendDelete" time="0,001" classname="cviceni.StringBuilderAndBufferTest"/>
  <testcase name="testBufferAppend" time="0,000" classname="cviceni.StringBuilderAndBufferTest"/>
  <testcase name="testBuilderAppend" time="0,001" classname="cviceni.StringBuilderAndBufferTest"/>
  <testcase name="testBufferAppend" time="0,001" classname="cviceni.StringBuilderAndBufferTest"/>
  <testcase name="testBufferAppend" time="0,000" classname="cviceni.StringBuilderAndBufferTest"/>
  <testcase name="testBuilderAppend" time="0,000" classname="cviceni.StringBuilderAndBufferTest"/>
  <testcase name="testBuilderAppendDelete" time="0,000" classname="cviceni.StringBuilderAndBufferTest"/>
  <testcase name="testBuilderAppend" time="0,000" classname="cviceni.StringBuilderAndBufferTest"/>
  <testcase name="testBufferAppendDelete" time="0,000" classname="cviceni.StringBuilderAndBufferTest"/>
  <testcase name="testBuilderAppendDelete" time="0,000" classname="cviceni.StringBuilderAndBufferTest"/>
  <testcase name="testBufferAppendDelete" time="0,000" classname="cviceni.StringBuilderAndBufferTest"/>
  <testcase name="testBufferAppendDelete" time="0,000" classname="cviceni.StringBuilderAndBufferTest"/>
  <testcase name="testBufferAppend" time="0,000" classname="cviceni.StringBuilderAndBufferTest"/>
  <testcase name="testBufferAppend" time="0,000" classname="cviceni.StringBuilderAndBufferTest"/>
  <testcase name="testBuilderAppend" time="0,000" classname="cviceni.StringBuilderAndBufferTest"/>
  <testcase name="testBuilderAppend" time="0,001" classname="cviceni.StringBuilderAndBufferTest"/>
  <testcase name="testBufferAppendDelete" time="0,000" classname="cviceni.StringBuilderAndBufferTest"/>
  <testcase name="testBuilderAppendDelete" time="0,000" classname="cviceni.StringBuilderAndBufferTest"/>
  <testcase name="testBuilderAppend" time="0,000" classname="cviceni.StringBuilderAndBufferTest"/>
  <testcase name="testBuilderAppend" time="0,000" classname="cviceni.StringBuilderAndBufferTest"/>
  <testcase name="testBuilderAppend" time="0,000" classname="cviceni.StringBuilderAndBufferTest"/>
  <testcase name="testBuilderAppendDelete" time="0,000" classname="cviceni.StringBuilderAndBufferTest"/>
  <testcase name="testBuilderAppendDelete" time="0,000" classname="cviceni.StringBuilderAndBufferTest"/>
  <testcase name="testBuilderAppendDelete" time="0,000" classname="cviceni.StringBuilderAndBufferTest"/>
  <testcase name="testBufferAppendDelete" time="0,000" classname="cviceni.StringBuilderAndBufferTest"/>
  <testcase name="testBufferAppendDelete" time="0,001" classname="cviceni.StringBuilderAndBufferTest"/>
  <testcase name="testBuilderAppendDelete" time="0,000" classname="cviceni.StringBuilderAndBufferTest"/>
  <testcase name="testBufferAppendDelete" time="0,000" classname="cviceni.StringBuilderAndBufferTest"/>
  <testcase name="testBuilderAppend" time="0,000" classname="cviceni.StringBuilderAndBufferTest"/>
  <testcase name="testBuilderAppend" time="0,084" classname="cviceni.StringBuilderAndBufferTest"/>
  <testcase name="testBufferAppendDelete" time="0,001" classname="cviceni.StringBuilderAndBufferTest"/>
  <testcase name="testBufferAppend" time="0,000" classname="cviceni.StringBuilderAndBufferTest"/>
  <testcase name="testBufferAppend" time="0,000" classname="cviceni.StringBuilderAndBufferTest"/>
  <testcase name="testBufferAppendDelete" time="0,001" classname="cviceni.StringBuilderAndBufferTest"/>
  <testcase name="testBuilderAppend" time="0,001" classname="cviceni.StringBuilderAndBufferTest"/>
  <testcase name="testBuilderAppend" time="0,000" classname="cviceni.StringBuilderAndBufferTest"/>
  <testcase name="testBufferAppend" time="0,000" classname="cviceni.StringBuilderAndBufferTest"/>
  <testcase name="testBufferAppendDelete" time="0,000" classname="cviceni.StringBuilderAndBufferTest"/>
  <testcase name="testBuilderAppendDelete" time="0,000" classname="cviceni.StringBuilderAndBufferTest"/>
  <testcase name="testBufferAppend" time="0,001" classname="cviceni.StringBuilderAndBufferTest"/>
  <testcase name="testBuilderAppend" time="0,000" classname="cviceni.StringBuilderAndBufferTest"/>
  <testcase name="testBuilderAppendDelete" time="0,000" classname="cviceni.StringBuilderAndBufferTest"/>
  <testcase name="testBuilderAppendDelete" time="0,000" classname="cviceni.StringBuilderAndBufferTest"/>
  <testcase name="testBuilderAppendDelete" time="0,000" classname="cviceni.StringBuilderAndBufferTest"/>
  <testcase name="testBuilderAppend" time="0,001" classname="cviceni.StringBuilderAndBufferTest"/>
  <testcase name="testBuilderAppendDelete" time="0,001" classname="cviceni.StringBuilderAndBufferTest"/>
  <testcase name="testBuilderAppendDelete" time="0,000" classname="cviceni.StringBuilderAndBufferTest"/>
  <testcase name="testBufferAppend" time="0,000" classname="cviceni.StringBuilderAndBufferTest"/>
  <testcase name="testBufferAppend" time="0,000" classname="cviceni.StringBuilderAndBufferTest"/>
  <testcase name="testBuilderAppendDelete" time="0,000" classname="cviceni.StringBuilderAndBufferTest"/>
  <testcase name="testBuilderAppendDelete" time="0,000" classname="cviceni.StringBuilderAndBufferTest"/>
  <testcase name="testBufferAppendDelete" time="0,001" classname="cviceni.StringBuilderAndBufferTest"/>
  <testcase name="testBuilderAppendDelete" time="0,058" classname="cviceni.StringBuilderAndBufferTest"/>
  <testcase name="testBufferAppend" time="0,000" classname="cviceni.StringBuilderAndBufferTest"/>
  <testcase name="testBufferAppend" time="0,000" classname="cviceni.StringBuilderAndBufferTest"/>
  <testcase name="testBuilderAppend" time="0,000" classname="cviceni.StringBuilderAndBufferTest"/>
  <testcase name="testBuilderAppendDelete" time="0,001" classname="cviceni.StringBuilderAndBufferTest"/>
  <testcase name="testBuilderAppendDelete" time="0,000" classname="cviceni.StringBuilderAndBufferTest"/>
  <testcase name="testBufferAppendDelete" time="0,000" classname="cviceni.StringBuilderAndBufferTest"/>
  <testcase name="testBufferAppendDelete" time="0,000" classname="cviceni.StringBuilderAndBufferTest"/>
  <testcase name="testBuilderAppend" time="0,000" classname="cviceni.StringBuilderAndBufferTest"/>
  <testcase name="testBufferAppendDelete" time="0,000" classname="cviceni.StringBuilderAndBufferTest"/>
  <testcase name="testBuilderAppendDelete" time="0,000" classname="cviceni.StringBuilderAndBufferTest"/>
  <testcase name="testBufferAppend" time="0,001" classname="cviceni.StringBuilderAndBufferTest"/>
  <testcase name="testBufferAppendDelete" time="0,001" classname="cviceni.StringBuilderAndBufferTest"/>
  <testcase name="testBufferAppendDelete" time="0,001" classname="cviceni.StringBuilderAndBufferTest"/>
  <testcase name="testBufferAppend" time="0,000" classname="cviceni.StringBuilderAndBufferTest"/>
  <testcase name="testBuilderAppendDelete" time="0,003" classname="cviceni.StringBuilderAndBufferTest"/>
  <testcase name="testBufferAppend" time="0,000" classname="cviceni.StringBuilderAndBufferTest"/>
  <testcase name="testBuilderAppend" time="0,000" classname="cviceni.StringBuilderAndBufferTest"/>
  <testcase name="testBufferAppendDelete" time="0,000" classname="cviceni.StringBuilderAndBufferTest"/>
  <testcase name="testBufferAppendDelete" time="0,001" classname="cviceni.StringBuilderAndBufferTest"/>
  <testcase name="testBufferAppendDelete" time="0,000" classname="cviceni.StringBuilderAndBufferTest"/>
  <testcase name="testBufferAppendDelete" time="0,001" classname="cviceni.StringBuilderAndBufferTest"/>
  <testcase name="testBufferAppend" time="0,001" classname="cviceni.StringBuilderAndBufferTest"/>
  <testcase name="testBufferAppendDelete" time="0,001" classname="cviceni.StringBuilderAndBufferTest"/>
  <testcase name="testBuilderAppend" time="0,000" classname="cviceni.StringBuilderAndBufferTest"/>
  <testcase name="testBuilderAppend" time="0,000" classname="cviceni.StringBuilderAndBufferTest"/>
  <testcase name="testBuilderAppend" time="0,001" classname="cviceni.StringBuilderAndBufferTest"/>
  <testcase name="testBufferAppendDelete" time="0,001" classname="cviceni.StringBuilderAndBufferTest"/>
  <testcase name="testBufferAppend" time="0,001" classname="cviceni.StringBuilderAndBufferTest"/>
  <testcase name="testBufferAppend" time="0,001" classname="cviceni.StringBuilderAndBufferTest"/>
  <testcase name="testBuilderAppendDelete" time="0,000" classname="cviceni.StringBuilderAndBufferTest"/>
  <testcase name="testBuilderAppend" time="0,001" classname="cviceni.StringBuilderAndBufferTest"/>
  <testcase name="testBuilderAppendDelete" time="0,000" classname="cviceni.StringBuilderAndBufferTest"/>
  <testcase name="testBuilderAppendDelete" time="0,001" classname="cviceni.StringBuilderAndBufferTest"/>
  <testcase name="testBuilderAppendDelete" time="0,000" classname="cviceni.StringBuilderAndBufferTest"/>
  <testcase name="testBuilderAppend" time="0,000" classname="cviceni.StringBuilderAndBufferTest"/>
  <testcase name="testBuilderAppendDelete" time="0,000" classname="cviceni.StringBuilderAndBufferTest"/>
  <testcase name="testBufferAppendDelete" time="0,000" classname="cviceni.StringBuilderAndBufferTest"/>
  <testcase name="testBufferAppend" time="0,000" classname="cviceni.StringBuilderAndBufferTest"/>
  <testcase name="testBufferAppendDelete" time="0,000" classname="cviceni.StringBuilderAndBufferTest"/>
  <testcase name="testBuilderAppendDelete" time="0,001" classname="cviceni.StringBuilderAndBufferTest"/>
  <testcase name="testBuilderAppendDelete" time="0,001" classname="cviceni.StringBuilderAndBufferTest"/>
  <testcase name="testBuilderAppendDelete" time="0,000" classname="cviceni.StringBuilderAndBufferTest"/>
  <testcase name="testBuilderAppendDelete" time="0,000" classname="cviceni.StringBuilderAndBufferTest"/>
  <testcase name="testBufferAppend" time="0,000" classname="cviceni.StringBuilderAndBufferTest"/>
  <testcase name="testBuilderAppendDelete" time="0,000" classname="cviceni.StringBuilderAndBufferTest"/>
  <testcase name="testBufferAppendDelete" time="0,000" classname="cviceni.StringBuilderAndBufferTest"/>
  <testcase name="testBuilderAppendDelete" time="0,000" classname="cviceni.StringBuilderAndBufferTest"/>
  <testcase name="testBufferAppendDelete" time="0,000" classname="cviceni.StringBuilderAndBufferTest"/>
  <testcase name="testBufferAppend" time="0,000" classname="cviceni.StringBuilderAndBufferTest"/>
  <testcase name="testBufferAppend" time="0,000" classname="cviceni.StringBuilderAndBufferTest"/>
  <testcase name="testBufferAppendDelete" time="0,000" classname="cviceni.StringBuilderAndBufferTest"/>
  <testcase name="testBufferAppend" time="0,034" classname="cviceni.StringBuilderAndBufferTest"/>
  <testcase name="testBufferAppendDelete" time="0,000" classname="cviceni.StringBuilderAndBufferTest"/>
  <testcase name="testBuilderAppendDelete" time="0,000" classname="cviceni.StringBuilderAndBufferTest"/>
  <testcase name="testBuilderAppendDelete" time="0,000" classname="cviceni.StringBuilderAndBufferTest"/>
  <testcase name="testBuilderAppendDelete" time="0,000" classname="cviceni.StringBuilderAndBufferTest"/>
  <testcase name="testBuilderAppend" time="0,000" classname="cviceni.StringBuilderAndBufferTest"/>
  <testcase name="testBuilderAppend" time="0,000" classname="cviceni.StringBuilderAndBufferTest"/>
  <testcase name="testBufferAppendDelete" time="0,000" classname="cviceni.StringBuilderAndBufferTest"/>
  <testcase name="testBuilderAppendDelete" time="0,000" classname="cviceni.StringBuilderAndBufferTest"/>
  <testcase name="testBuilderAppend" time="0,000" classname="cviceni.StringBuilderAndBufferTest"/>
  <testcase name="testBuilderAppend" time="0,001" classname="cviceni.StringBuilderAndBufferTest"/>
  <testcase name="testBufferAppend" time="0,000" classname="cviceni.StringBuilderAndBufferTest"/>
  <testcase name="testBufferAppendDelete" time="0,000" classname="cviceni.StringBuilderAndBufferTest"/>
  <testcase name="testBufferAppendDelete" time="0,001" classname="cviceni.StringBuilderAndBufferTest"/>
  <testcase name="testBuilderAppend" time="0,000" classname="cviceni.StringBuilderAndBufferTest"/>
  <testcase name="testBuilderAppend" time="0,000" classname="cviceni.StringBuilderAndBufferTest"/>
  <testcase name="testBufferAppend" time="0,000" classname="cviceni.StringBuilderAndBufferTest"/>
  <testcase name="testBuilderAppend" time="0,000" classname="cviceni.StringBuilderAndBufferTest"/>
  <testcase name="testBuilderAppendDelete" time="0,001" classname="cviceni.StringBuilderAndBufferTest"/>
  <testcase name="testBuilderAppendDelete" time="0,000" classname="cviceni.StringBuilderAndBufferTest"/>
  <testcase name="testBuilderAppend" time="0,000" classname="cviceni.StringBuilderAndBufferTest"/>
  <testcase name="testBufferAppendDelete" time="0,000" classname="cviceni.StringBuilderAndBufferTest"/>
  <testcase name="testBufferAppendDelete" time="0,000" classname="cviceni.StringBuilderAndBufferTest"/>
  <testcase name="testBuilderAppend" time="0,000" classname="cviceni.StringBuilderAndBufferTest"/>
  <testcase name="testBufferAppend" time="0,000" classname="cviceni.StringBuilderAndBufferTest"/>
  <testcase name="testBuilderAppendDelete" time="0,000" classname="cviceni.StringBuilderAndBufferTest"/>
  <testcase name="testBufferAppend" time="0,000" classname="cviceni.StringBuilderAndBufferTest"/>
  <testcase name="testBufferAppendDelete" time="0,001" classname="cviceni.StringBuilderAndBufferTest"/>
  <testcase name="testBufferAppend" time="0,000" classname="cviceni.StringBuilderAndBufferTest"/>
  <testcase name="testBuilderAppend" time="0,001" classname="cviceni.StringBuilderAndBufferTest"/>
  <testcase name="testBuilderAppend" time="0,000" classname="cviceni.StringBuilderAndBufferTest"/>
  <testcase name="testBuilderAppendDelete" time="0,000" classname="cviceni.StringBuilderAndBufferTest"/>
  <testcase name="testBufferAppendDelete" time="0,000" classname="cviceni.StringBuilderAndBufferTest"/>
  <testcase name="testBuilderAppendDelete" time="0,000" classname="cviceni.StringBuilderAndBufferTest"/>
  <testcase name="testBuilderAppendDelete" time="0,007" classname="cviceni.StringBuilderAndBufferTest"/>
  <testcase name="testBuilderAppendDelete" time="0,000" classname="cviceni.StringBuilderAndBufferTest"/>
  <testcase name="testBuilderAppend" time="0,000" classname="cviceni.StringBuilderAndBufferTest"/>
  <testcase name="testBufferAppend" time="0,000" classname="cviceni.StringBuilderAndBufferTest"/>
  <testcase name="testBufferAppendDelete" time="0,001" classname="cviceni.StringBuilderAndBufferTest"/>
  <testcase name="testBufferAppend" time="0,000" classname="cviceni.StringBuilderAndBufferTest"/>
  <testcase name="testBuilderAppend" time="0,001" classname="cviceni.StringBuilderAndBufferTest"/>
  <testcase name="testBuilderAppendDelete" time="0,001" classname="cviceni.StringBuilderAndBufferTest"/>
  <testcase name="testBuilderAppend" time="0,000" classname="cviceni.StringBuilderAndBufferTest"/>
  <testcase name="testBuilderAppend" time="0,000" classname="cviceni.StringBuilderAndBufferTest"/>
  <testcase name="testBufferAppendDelete" time="0,000" classname="cviceni.StringBuilderAndBufferTest"/>
  <testcase name="testBuilderAppend" time="0,001" classname="cviceni.StringBuilderAndBufferTest"/>
  <testcase name="testBuilderAppendDelete" time="0,000" classname="cviceni.StringBuilderAndBufferTest"/>
  <testcase name="testBuilderAppendDelete" time="0,000" classname="cviceni.StringBuilderAndBufferTest"/>
  <testcase name="testBufferAppend" time="0,000" classname="cviceni.StringBuilderAndBufferTest"/>
  <testcase name="testBufferAppend" time="0,000" classname="cviceni.StringBuilderAndBufferTest"/>
  <testcase name="testBuilderAppendDelete" time="0,000" classname="cviceni.StringBuilderAndBufferTest"/>
  <testcase name="testBufferAppend" time="0,000" classname="cviceni.StringBuilderAndBufferTest"/>
  <testcase name="testBufferAppendDelete" time="0,001" classname="cviceni.StringBuilderAndBufferTest"/>
  <testcase name="testBuilderAppendDelete" time="0,000" classname="cviceni.StringBuilderAndBufferTest"/>
  <testcase name="testBufferAppend" time="0,000" classname="cviceni.StringBuilderAndBufferTest"/>
  <testcase name="testBuilderAppend" time="0,000" classname="cviceni.StringBuilderAndBufferTest"/>
  <testcase name="testBuilderAppendDelete" time="0,001" classname="cviceni.StringBuilderAndBufferTest"/>
  <testcase name="testBufferAppendDelete" time="0,001" classname="cviceni.StringBuilderAndBufferTest"/>
  <testcase name="testBufferAppend" time="0,000" classname="cviceni.StringBuilderAndBufferTest"/>
  <testcase name="testBuilderAppend" time="0,000" classname="cviceni.StringBuilderAndBufferTest"/>
  <testcase name="testBuilderAppend" time="0,000" classname="cviceni.StringBuilderAndBufferTest"/>
  <testcase name="testBufferAppendDelete" time="0,000" classname="cviceni.StringBuilderAndBufferTest"/>
  <testcase name="testBufferAppend" time="0,000" classname="cviceni.StringBuilderAndBufferTest"/>
  <testcase name="testBufferAppend" time="0,000" classname="cviceni.StringBuilderAndBufferTest"/>
  <testcase name="testBuilderAppendDelete" time="0,001" classname="cviceni.StringBuilderAndBufferTest"/>
  <testcase name="testBuilderAppend" time="0,000" classname="cviceni.StringBuilderAndBufferTest"/>
  <testcase name="testBuilderAppendDelete" time="0,001" classname="cviceni.StringBuilderAndBufferTest"/>
  <testcase name="testBuilderAppendDelete" time="0,000" classname="cviceni.StringBuilderAndBufferTest"/>
  <testcase name="testBuilderAppend" time="0,001" classname="cviceni.StringBuilderAndBufferTest"/>
  <testcase name="testBufferAppend" time="0,000" classname="cviceni.StringBuilderAndBufferTest"/>
  <testcase name="testBuilderAppendDelete" time="0,000" classname="cviceni.StringBuilderAndBufferTest"/>
  <testcase name="testBufferAppend" time="0,000" classname="cviceni.StringBuilderAndBufferTest"/>
  <testcase name="testBufferAppend" time="0,001" classname="cviceni.StringBuilderAndBufferTest"/>
  <testcase name="testBufferAppendDelete" time="0,001" classname="cviceni.StringBuilderAndBufferTest"/>
  <testcase name="testBufferAppend" time="0,001" classname="cviceni.StringBuilderAndBufferTest"/>
  <testcase name="testBuilderAppendDelete" time="0,000" classname="cviceni.StringBuilderAndBufferTest"/>
  <testcase name="testBuilderAppendDelete" time="0,000" classname="cviceni.StringBuilderAndBufferTest"/>
  <testcase name="testBuilderAppend" time="0,000" classname="cviceni.StringBuilderAndBufferTest"/>
  <testcase name="testBufferAppendDelete" time="0,001" classname="cviceni.StringBuilderAndBufferTest"/>
  <testcase name="testBufferAppendDelete" time="0,000" classname="cviceni.StringBuilderAndBufferTest"/>
  <testcase name="testBuilderAppend" time="0,001" classname="cviceni.StringBuilderAndBufferTest"/>
  <testcase name="testBuilderAppend" time="0,030" classname="cviceni.StringBuilderAndBufferTest"/>
  <testcase name="testBuilderAppendDelete" time="0,001" classname="cviceni.StringBuilderAndBufferTest"/>
  <testcase name="testBuilderAppend" time="0,001" classname="cviceni.StringBuilderAndBufferTest"/>
  <testcase name="testBufferAppend" time="0,000" classname="cviceni.StringBuilderAndBufferTest"/>
  <testcase name="testBufferAppend" time="0,000" classname="cviceni.StringBuilderAndBufferTest"/>
  <testcase name="testBuilderAppend" time="0,000" classname="cviceni.StringBuilderAndBufferTest"/>
  <testcase name="testBuilderAppend" time="0,000" classname="cviceni.StringBuilderAndBufferTest"/>
  <testcase name="testBufferAppendDelete" time="0,000" classname="cviceni.StringBuilderAndBufferTest"/>
  <testcase name="testBuilderAppend" time="0,001" classname="cviceni.StringBuilderAndBufferTest"/>
  <testcase name="testBuilderAppend" time="0,000" classname="cviceni.StringBuilderAndBufferTest"/>
  <testcase name="testBuilderAppend" time="0,000" classname="cviceni.StringBuilderAndBufferTest"/>
  <testcase name="testBufferAppend" time="0,000" classname="cviceni.StringBuilderAndBufferTest"/>
  <testcase name="testBuilderAppendDelete" time="0,001" classname="cviceni.StringBuilderAndBufferTest"/>
  <testcase name="testBufferAppendDelete" time="0,001" classname="cviceni.StringBuilderAndBufferTest"/>
  <testcase name="testBuilderAppendDelete" time="0,001" classname="cviceni.StringBuilderAndBufferTest"/>
  <testcase name="testBuilderAppend" time="0,000" classname="cviceni.StringBuilderAndBufferTest"/>
  <testcase name="testBuilderAppendDelete" time="0,000" classname="cviceni.StringBuilderAndBufferTest"/>
  <testcase name="testBufferAppendDelete" time="0,000" classname="cviceni.StringBuilderAndBufferTest"/>
  <testcase name="testBuilderAppendDelete" time="0,000" classname="cviceni.StringBuilderAndBufferTest"/>
  <testcase name="testBuilderAppendDelete" time="0,000" classname="cviceni.StringBuilderAndBufferTest"/>
  <testcase name="testBufferAppend" time="0,000" classname="cviceni.StringBuilderAndBufferTest"/>
  <testcase name="testBufferAppend" time="0,000" classname="cviceni.StringBuilderAndBufferTest"/>
  <testcase name="testBuilderAppendDelete" time="0,001" classname="cviceni.StringBuilderAndBufferTest"/>
  <testcase name="testBufferAppend" time="0,000" classname="cviceni.StringBuilderAndBufferTest"/>
  <testcase name="testBufferAppendDelete" time="0,000" classname="cviceni.StringBuilderAndBufferTest"/>
  <testcase name="testBufferAppendDelete" time="0,000" classname="cviceni.StringBuilderAndBufferTest"/>
  <testcase name="testBuilderAppendDelete" time="0,000" classname="cviceni.StringBuilderAndBufferTest"/>
  <testcase name="testBufferAppend" time="0,001" classname="cviceni.StringBuilderAndBufferTest"/>
  <testcase name="testBufferAppendDelete" time="0,001" classname="cviceni.StringBuilderAndBufferTest"/>
  <testcase name="testBufferAppend" time="0,000" classname="cviceni.StringBuilderAndBufferTest"/>
  <testcase name="testBuilderAppendDelete" time="0,000" classname="cviceni.StringBuilderAndBufferTest"/>
  <testcase name="testBuilderAppend" time="0,000" classname="cviceni.StringBuilderAndBufferTest"/>
  <testcase name="testBufferAppendDelete" time="0,000" classname="cviceni.StringBuilderAndBufferTest"/>
  <testcase name="testBufferAppend" time="0,001" classname="cviceni.StringBuilderAndBufferTest"/>
  <testcase name="testBufferAppend" time="0,000" classname="cviceni.StringBuilderAndBufferTest"/>
  <testcase name="testBufferAppend" time="0,000" classname="cviceni.StringBuilderAndBufferTest"/>
  <testcase name="testBufferAppend" time="0,000" classname="cviceni.StringBuilderAndBufferTest"/>
  <testcase name="testBufferAppendDelete" time="0,000" classname="cviceni.StringBuilderAndBufferTest"/>
  <testcase name="testBuilderAppendDelete" time="0,000" classname="cviceni.StringBuilderAndBufferTest"/>
  <testcase name="testBufferAppend" time="0,000" classname="cviceni.StringBuilderAndBufferTest"/>
  <testcase name="testBuilderAppend" time="0,000" classname="cviceni.StringBuilderAndBufferTest"/>
  <testcase name="testBufferAppendDelete" time="0,000" classname="cviceni.StringBuilderAndBufferTest"/>
  <testcase name="testBufferAppendDelete" time="0,000" classname="cviceni.StringBuilderAndBufferTest"/>
  <testcase name="testBuilderAppendDelete" time="0,000" classname="cviceni.StringBuilderAndBufferTest"/>
  <testcase name="testBuilderAppend" time="0,000" classname="cviceni.StringBuilderAndBufferTest"/>
  <testcase name="testBufferAppend" time="0,000" classname="cviceni.StringBuilderAndBufferTest"/>
  <testcase name="testBuilderAppend" time="0,000" classname="cviceni.StringBuilderAndBufferTest"/>
  <testcase name="testBuilderAppendDelete" time="0,000" classname="cviceni.StringBuilderAndBufferTest"/>
  <testcase name="testBuilderAppend" time="0,000" classname="cviceni.StringBuilderAndBufferTest"/>
  <testcase name="testBuilderAppendDelete" time="0,001" classname="cviceni.StringBuilderAndBufferTest"/>
  <testcase name="testBuilderAppendDelete" time="0,000" classname="cviceni.StringBuilderAndBufferTest"/>
  <testcase name="testBufferAppend" time="0,000" classname="cviceni.StringBuilderAndBufferTest"/>
  <testcase name="testBufferAppend" time="0,000" classname="cviceni.StringBuilderAndBufferTest"/>
  <testcase name="testBufferAppend" time="0,001" classname="cviceni.StringBuilderAndBufferTest"/>
  <testcase name="testBuilderAppendDelete" time="0,000" classname="cviceni.StringBuilderAndBufferTest"/>
  <testcase name="testBuilderAppendDelete" time="0,000" classname="cviceni.StringBuilderAndBufferTest"/>
  <testcase name="testBuilderAppend" time="0,000" classname="cviceni.StringBuilderAndBufferTest"/>
  <testcase name="testBufferAppendDelete" time="0,000" classname="cviceni.StringBuilderAndBufferTest"/>
  <testcase name="testBuilderAppend" time="0,000" classname="cviceni.StringBuilderAndBufferTest"/>
  <testcase name="testBufferAppendDelete" time="0,001" classname="cviceni.StringBuilderAndBufferTest"/>
  <testcase name="testBufferAppendDelete" time="0,000" classname="cviceni.StringBuilderAndBufferTest"/>
  <testcase name="testBufferAppendDelete" time="0,001" classname="cviceni.StringBuilderAndBufferTest"/>
  <testcase name="testBufferAppendDelete" time="0,000" classname="cviceni.StringBuilderAndBufferTest"/>
  <testcase name="testBuilderAppendDelete" time="0,000" classname="cviceni.StringBuilderAndBufferTest"/>
  <testcase name="testBuilderAppendDelete" time="0,000" classname="cviceni.StringBuilderAndBufferTest"/>
  <testcase name="testBufferAppendDelete" time="0,001" classname="cviceni.StringBuilderAndBufferTest"/>
  <testcase name="testBufferAppendDelete" time="0,000" classname="cviceni.StringBuilderAndBufferTest"/>
  <testcase name="testBuilderAppend" time="0,000" classname="cviceni.StringBuilderAndBufferTest"/>
  <testcase name="testBufferAppend" time="0,000" classname="cviceni.StringBuilderAndBufferTest"/>
  <testcase name="testBuilderAppend" time="0,000" classname="cviceni.StringBuilderAndBufferTest"/>
  <testcase name="testBuilderAppendDelete" time="0,066" classname="cviceni.StringBuilderAndBufferTest"/>
  <testcase name="testBuilderAppendDelete" time="0,000" classname="cviceni.StringBuilderAndBufferTest"/>
  <testcase name="testBufferAppend" time="0,000" classname="cviceni.StringBuilderAndBufferTest"/>
  <testcase name="testBuilderAppend" time="0,001" classname="cviceni.StringBuilderAndBufferTest"/>
  <testcase name="testBufferAppend" time="0,001" classname="cviceni.StringBuilderAndBufferTest"/>
  <testcase name="testBufferAppend" time="0,006" classname="cviceni.StringBuilderAndBufferTest"/>
  <testcase name="testBufferAppendDelete" time="0,000" classname="cviceni.StringBuilderAndBufferTest"/>
  <testcase name="testBufferAppendDelete" time="0,000" classname="cviceni.StringBuilderAndBufferTest"/>
  <testcase name="testBuilderAppendDelete" time="0,000" classname="cviceni.StringBuilderAndBufferTest"/>
  <testcase name="testBufferAppend" time="0,001" classname="cviceni.StringBuilderAndBufferTest"/>
  <testcase name="testBuilderAppendDelete" time="0,000" classname="cviceni.StringBuilderAndBufferTest"/>
  <testcase name="testBufferAppend" time="0,000" classname="cviceni.StringBuilderAndBufferTest"/>
  <testcase name="testBuilderAppendDelete" time="0,000" classname="cviceni.StringBuilderAndBufferTest"/>
  <testcase name="testBufferAppend" time="0,001" classname="cviceni.StringBuilderAndBufferTest"/>
  <testcase name="testBuilderAppend" time="0,000" classname="cviceni.StringBuilderAndBufferTest"/>
  <testcase name="testBuilderAppendDelete" time="0,000" classname="cviceni.StringBuilderAndBufferTest"/>
  <testcase name="testBuilderAppend" time="0,000" classname="cviceni.StringBuilderAndBufferTest"/>
  <testcase name="testBuilderAppend" time="0,000" classname="cviceni.StringBuilderAndBufferTest"/>
  <testcase name="testBufferAppend" time="0,000" classname="cviceni.StringBuilderAndBufferTest"/>
  <testcase name="testBufferAppendDelete" time="0,000" classname="cviceni.StringBuilderAndBufferTest"/>
  <testcase name="testBuilderAppendDelete" time="0,001" classname="cviceni.StringBuilderAndBufferTest"/>
  <testcase name="testBuilderAppend" time="0,001" classname="cviceni.StringBuilderAndBufferTest"/>
  <testcase name="testBufferAppend" time="0,000" classname="cviceni.StringBuilderAndBufferTest"/>
  <testcase name="testBufferAppend" time="0,000" classname="cviceni.StringBuilderAndBufferTest"/>
  <testcase name="testBufferAppendDelete" time="0,001" classname="cviceni.StringBuilderAndBufferTest"/>
  <testcase name="testBuilderAppend" time="0,001" classname="cviceni.StringBuilderAndBufferTest"/>
  <testcase name="testBufferAppendDelete" time="0,000" classname="cviceni.StringBuilderAndBufferTest"/>
  <testcase name="testBuilderAppend" time="0,000" classname="cviceni.StringBuilderAndBufferTest"/>
  <testcase name="testBuilderAppend" time="0,001" classname="cviceni.StringBuilderAndBufferTest"/>
  <testcase name="testBuilderAppend" time="0,001" classname="cviceni.StringBuilderAndBufferTest"/>
  <testcase name="testBuilderAppendDelete" time="0,000" classname="cviceni.StringBuilderAndBufferTest"/>
  <testcase name="testBuilderAppend" time="0,000" classname="cviceni.StringBuilderAndBufferTest"/>
  <testcase name="testBuilderAppend" time="0,000" classname="cviceni.StringBuilderAndBufferTest"/>
  <testcase name="testBufferAppend" time="0,000" classname="cviceni.StringBuilderAndBufferTest"/>
  <testcase name="testBufferAppend" time="0,000" classname="cviceni.StringBuilderAndBufferTest"/>
  <testcase name="testBufferAppend" time="0,000" classname="cviceni.StringBuilderAndBufferTest"/>
  <testcase name="testBuilderAppend" time="0,000" classname="cviceni.StringBuilderAndBufferTest"/>
  <testcase name="testBufferAppend" time="0,000" classname="cviceni.StringBuilderAndBufferTest"/>
  <testcase name="testBuilderAppendDelete" time="0,000" classname="cviceni.StringBuilderAndBufferTest"/>
  <testcase name="testBuilderAppendDelete" time="0,000" classname="cviceni.StringBuilderAndBufferTest"/>
  <testcase name="testBuilderAppend" time="0,000" classname="cviceni.StringBuilderAndBufferTest"/>
  <testcase name="testBufferAppendDelete" time="0,000" classname="cviceni.StringBuilderAndBufferTest"/>
  <testcase name="testBuilderAppend" time="0,001" classname="cviceni.StringBuilderAndBufferTest"/>
  <testcase name="testBufferAppend" time="0,000" classname="cviceni.StringBuilderAndBufferTest"/>
  <testcase name="testBufferAppend" time="0,000" classname="cviceni.StringBuilderAndBufferTest"/>
  <testcase name="testBufferAppendDelete" time="0,000" classname="cviceni.StringBuilderAndBufferTest"/>
  <testcase name="testBuilderAppendDelete" time="0,000" classname="cviceni.StringBuilderAndBufferTest"/>
  <testcase name="testBufferAppendDelete" time="0,000" classname="cviceni.StringBuilderAndBufferTest"/>
  <testcase name="testBufferAppendDelete" time="0,000" classname="cviceni.StringBuilderAndBufferTest"/>
  <testcase name="testBufferAppend" time="0,000" classname="cviceni.StringBuilderAndBufferTest"/>
  <testcase name="testBufferAppend" time="0,000" classname="cviceni.StringBuilderAndBufferTest"/>
  <testcase name="testBufferAppendDelete" time="0,000" classname="cviceni.StringBuilderAndBufferTest"/>
  <testcase name="testBufferAppend" time="0,000" classname="cviceni.StringBuilderAndBufferTest"/>
  <testcase name="testBufferAppendDelete" time="0,000" classname="cviceni.StringBuilderAndBufferTest"/>
  <testcase name="testBufferAppendDelete" time="0,000" classname="cviceni.StringBuilderAndBufferTest"/>
  <testcase name="testBuilderAppend" time="0,001" classname="cviceni.StringBuilderAndBufferTest"/>
  <testcase name="testBufferAppendDelete" time="0,001" classname="cviceni.StringBuilderAndBufferTest"/>
  <testcase name="testBuilderAppendDelete" time="0,001" classname="cviceni.StringBuilderAndBufferTest"/>
  <testcase name="testBufferAppendDelete" time="0,000" classname="cviceni.StringBuilderAndBufferTest"/>
  <testcase name="testBuilderAppend" time="0,000" classname="cviceni.StringBuilderAndBufferTest"/>
  <testcase name="testBuilderAppend" time="0,000" classname="cviceni.StringBuilderAndBufferTest"/>
  <testcase name="testBufferAppendDelete" time="0,000" classname="cviceni.StringBuilderAndBufferTest"/>
  <testcase name="testBufferAppend" time="0,001" classname="cviceni.StringBuilderAndBufferTest"/>
  <testcase name="testBufferAppendDelete" time="0,001" classname="cviceni.StringBuilderAndBufferTest"/>
  <testcase name="testBufferAppendDelete" time="0,000" classname="cviceni.StringBuilderAndBufferTest"/>
  <testcase name="testBuilderAppend" time="0,001" classname="cviceni.StringBuilderAndBufferTest"/>
  <testcase name="testBufferAppend" time="0,001" classname="cviceni.StringBuilderAndBufferTest"/>
  <testcase name="testBuilderAppend" time="0,000" classname="cviceni.StringBuilderAndBufferTest"/>
  <testcase name="testBufferAppendDelete" time="0,001" classname="cviceni.StringBuilderAndBufferTest"/>
  <testcase name="testBufferAppend" time="0,000" classname="cviceni.StringBuilderAndBufferTest"/>
  <testcase name="testBuilderAppendDelete" time="0,001" classname="cviceni.StringBuilderAndBufferTest"/>
  <testcase name="testBufferAppend" time="0,000" classname="cviceni.StringBuilderAndBufferTest"/>
  <testcase name="testBufferAppendDelete" time="0,000" classname="cviceni.StringBuilderAndBufferTest"/>
  <testcase name="testBuilderAppend" time="0,000" classname="cviceni.StringBuilderAndBufferTest"/>
  <testcase name="testBufferAppend" time="0,000" classname="cviceni.StringBuilderAndBufferTest"/>
  <testcase name="testBuilderAppendDelete" time="0,000" classname="cviceni.StringBuilderAndBufferTest"/>
  <testcase name="testBuilderAppend" time="0,001" classname="cviceni.StringBuilderAndBufferTest"/>
  <testcase name="testBuilderAppendDelete" time="0,001" classname="cviceni.StringBuilderAndBufferTest"/>
  <testcase name="testBufferAppendDelete" time="0,001" classname="cviceni.StringBuilderAndBufferTest"/>
  <testcase name="testBuilderAppendDelete" time="0,000" classname="cviceni.StringBuilderAndBufferTest"/>
  <testcase name="testBuilderAppend" time="0,000" classname="cviceni.StringBuilderAndBufferTest"/>
  <testcase name="testBuilderAppend" time="0,102" classname="cviceni.StringBuilderAndBufferTest"/>
  <testcase name="testBufferAppend" time="0,001" classname="cviceni.StringBuilderAndBufferTest"/>
  <testcase name="testBufferAppendDelete" time="0,000" classname="cviceni.StringBuilderAndBufferTest"/>
  <testcase name="testBufferAppendDelete" time="0,000" classname="cviceni.StringBuilderAndBufferTest"/>
  <testcase name="testBufferAppendDelete" time="0,000" classname="cviceni.StringBuilderAndBufferTest"/>
  <testcase name="testBufferAppend" time="0,001" classname="cviceni.StringBuilderAndBufferTest"/>
  <testcase name="testBuilderAppend" time="0,001" classname="cviceni.StringBuilderAndBufferTest"/>
  <testcase name="testBufferAppendDelete" time="0,000" classname="cviceni.StringBuilderAndBufferTest"/>
  <testcase name="testBufferAppendDelete" time="0,000" classname="cviceni.StringBuilderAndBufferTest"/>
  <testcase name="testBuilderAppendDelete" time="0,000" classname="cviceni.StringBuilderAndBufferTest"/>
  <testcase name="testBufferAppendDelete" time="0,001" classname="cviceni.StringBuilderAndBufferTest"/>
  <testcase name="testBuilderAppendDelete" time="0,001" classname="cviceni.StringBuilderAndBufferTest"/>
  <testcase name="testBuilderAppend" time="0,001" classname="cviceni.StringBuilderAndBufferTest"/>
  <testcase name="testBufferAppend" time="0,001" classname="cviceni.StringBuilderAndBufferTest"/>
  <testcase name="testBuilderAppendDelete" time="0,000" classname="cviceni.StringBuilderAndBufferTest"/>
  <testcase name="testBuilderAppend" time="0,001" classname="cviceni.StringBuilderAndBufferTest"/>
  <testcase name="testBufferAppendDelete" time="0,000" classname="cviceni.StringBuilderAndBufferTest"/>
  <testcase name="testBuilderAppend" time="0,000" classname="cviceni.StringBuilderAndBufferTest"/>
  <testcase name="testBuilderAppend" time="0,000" classname="cviceni.StringBuilderAndBufferTest"/>
  <testcase name="testBufferAppend" time="0,000" classname="cviceni.StringBuilderAndBufferTest"/>
  <testcase name="testBufferAppend" time="0,000" classname="cviceni.StringBuilderAndBufferTest"/>
  <testcase name="testBufferAppend" time="0,000" classname="cviceni.StringBuilderAndBufferTest"/>
  <testcase name="testBufferAppendDelete" time="0,000" classname="cviceni.StringBuilderAndBufferTest"/>
  <testcase name="testBuilderAppend" time="0,000" classname="cviceni.StringBuilderAndBufferTest"/>
  <testcase name="testBufferAppendDelete" time="0,000" classname="cviceni.StringBuilderAndBufferTest"/>
  <testcase name="testBuilderAppend" time="0,000" classname="cviceni.StringBuilderAndBufferTest"/>
  <testcase name="testBufferAppendDelete" time="0,000" classname="cviceni.StringBuilderAndBufferTest"/>
  <testcase name="testBuilderAppend" time="0,000" classname="cviceni.StringBuilderAndBufferTest"/>
  <testcase name="testBuilderAppendDelete" time="0,001" classname="cviceni.StringBuilderAndBufferTest"/>
  <testcase name="testBuilderAppend" time="0,000" classname="cviceni.StringBuilderAndBufferTest"/>
  <testcase name="testBufferAppend" time="0,000" classname="cviceni.StringBuilderAndBufferTest"/>
  <testcase name="testBufferAppendDelete" time="0,000" classname="cviceni.StringBuilderAndBufferTest"/>
  <testcase name="testBufferAppend" time="0,001" classname="cviceni.StringBuilderAndBufferTest"/>
  <testcase name="testBuilderAppendDelete" time="0,002" classname="cviceni.StringBuilderAndBufferTest"/>
  <testcase name="testBufferAppend" time="0,000" classname="cviceni.StringBuilderAndBufferTest"/>
  <testcase name="testBuilderAppendDelete" time="0,000" classname="cviceni.StringBuilderAndBufferTest"/>
  <testcase name="testBuilderAppendDelete" time="0,001" classname="cviceni.StringBuilderAndBufferTest"/>
  <testcase name="testBufferAppend" time="0,000" classname="cviceni.StringBuilderAndBufferTest"/>
  <testcase name="testBuilderAppendDelete" time="0,001" classname="cviceni.StringBuilderAndBufferTest"/>
  <testcase name="testBuilderAppend" time="0,008" classname="cviceni.StringBuilderAndBufferTest"/>
  <testcase name="testBuilderAppendDelete" time="0,000" classname="cviceni.StringBuilderAndBufferTest"/>
  <testcase name="testBufferAppendDelete" time="0,000" classname="cviceni.StringBuilderAndBufferTest"/>
  <testcase name="testBufferAppendDelete" time="0,000" classname="cviceni.StringBuilderAndBufferTest"/>
  <testcase name="testBuilderAppendDelete" time="0,000" classname="cviceni.StringBuilderAndBufferTest"/>
  <testcase name="testBuilderAppend" time="0,000" classname="cviceni.StringBuilderAndBufferTest"/>
  <testcase name="testBuilderAppend" time="0,001" classname="cviceni.StringBuilderAndBufferTest"/>
  <testcase name="testBufferAppend" time="0,001" classname="cviceni.StringBuilderAndBufferTest"/>
  <testcase name="testBuilderAppend" time="0,000" classname="cviceni.StringBuilderAndBufferTest"/>
  <testcase name="testBufferAppend" time="0,001" classname="cviceni.StringBuilderAndBufferTest"/>
  <testcase name="testBufferAppend" time="0,000" classname="cviceni.StringBuilderAndBufferTest"/>
  <testcase name="testBufferAppendDelete" time="0,000" classname="cviceni.StringBuilderAndBufferTest"/>
  <testcase name="testBufferAppendDelete" time="0,000" classname="cviceni.StringBuilderAndBufferTest"/>
  <testcase name="testBuilderAppend" time="0,001" classname="cviceni.StringBuilderAndBufferTest"/>
  <testcase name="testBuilderAppend" time="0,001" classname="cviceni.StringBuilderAndBufferTest"/>
  <testcase name="testBufferAppend" time="0,000" classname="cviceni.StringBuilderAndBufferTest"/>
  <testcase name="testBuilderAppend" time="0,000" classname="cviceni.StringBuilderAndBufferTest"/>
  <testcase name="testBufferAppend" time="0,000" classname="cviceni.StringBuilderAndBufferTest"/>
  <testcase name="testBufferAppend" time="0,001" classname="cviceni.StringBuilderAndBufferTest"/>
  <testcase name="testBufferAppend" time="0,000" classname="cviceni.StringBuilderAndBufferTest"/>
  <testcase name="testBufferAppendDelete" time="0,000" classname="cviceni.StringBuilderAndBufferTest"/>
  <testcase name="testBufferAppendDelete" time="0,000" classname="cviceni.StringBuilderAndBufferTest"/>
  <testcase name="testBufferAppend" time="0,000" classname="cviceni.StringBuilderAndBufferTest"/>
  <testcase name="testBuilderAppendDelete" time="0,000" classname="cviceni.StringBuilderAndBufferTest"/>
  <testcase name="testBufferAppend" time="0,001" classname="cviceni.StringBuilderAndBufferTest"/>
  <testcase name="testBuilderAppendDelete" time="0,029" classname="cviceni.StringBuilderAndBufferTest"/>
  <testcase name="testBuilderAppendDelete" time="0,001" classname="cviceni.StringBuilderAndBufferTest"/>
  <testcase name="testBuilderAppend" time="0,000" classname="cviceni.StringBuilderAndBufferTest"/>
  <testcase name="testBufferAppend" time="0,000" classname="cviceni.StringBuilderAndBufferTest"/>
  <testcase name="testBuilderAppend" time="0,000" classname="cviceni.StringBuilderAndBufferTest"/>
  <testcase name="testBufferAppendDelete" time="0,001" classname="cviceni.StringBuilderAndBufferTest"/>
  <testcase name="testBufferAppend" time="0,001" classname="cviceni.StringBuilderAndBufferTest"/>
  <testcase name="testBufferAppendDelete" time="0,001" classname="cviceni.StringBuilderAndBufferTest"/>
  <testcase name="testBuilderAppend" time="0,000" classname="cviceni.StringBuilderAndBufferTest"/>
  <testcase name="testBufferAppendDelete" time="0,000" classname="cviceni.StringBuilderAndBufferTest"/>
  <testcase name="testBufferAppendDelete" time="0,001" classname="cviceni.StringBuilderAndBufferTest"/>
  <testcase name="testBufferAppendDelete" time="0,000" classname="cviceni.StringBuilderAndBufferTest"/>
  <testcase name="testBuilderAppendDelete" time="0,001" classname="cviceni.StringBuilderAndBufferTest"/>
  <testcase name="testBufferAppendDelete" time="0,000" classname="cviceni.StringBuilderAndBufferTest"/>
  <testcase name="testBuilderAppend" time="0,000" classname="cviceni.StringBuilderAndBufferTest"/>
  <testcase name="testBuilderAppend" time="0,000" classname="cviceni.StringBuilderAndBufferTest"/>
  <testcase name="testBuilderAppendDelete" time="0,001" classname="cviceni.StringBuilderAndBufferTest"/>
  <testcase name="testBufferAppend" time="0,020" classname="cviceni.StringBuilderAndBufferTest"/>
  <testcase name="testBufferAppend" time="0,000" classname="cviceni.StringBuilderAndBufferTest"/>
  <testcase name="testBufferAppendDelete" time="0,000" classname="cviceni.StringBuilderAndBufferTest"/>
  <testcase name="testBuilderAppendDelete" time="0,000" classname="cviceni.StringBuilderAndBufferTest"/>
  <testcase name="testBufferAppend" time="0,000" classname="cviceni.StringBuilderAndBufferTest"/>
  <testcase name="testBufferAppendDelete" time="0,000" classname="cviceni.StringBuilderAndBufferTest"/>
  <testcase name="testBuilderAppend" time="0,000" classname="cviceni.StringBuilderAndBufferTest"/>
  <testcase name="testBufferAppend" time="0,001" classname="cviceni.StringBuilderAndBufferTest"/>
  <testcase name="testBuilderAppendDelete" time="0,000" classname="cviceni.StringBuilderAndBufferTest"/>
  <testcase name="testBuilderAppend" time="0,000" classname="cviceni.StringBuilderAndBufferTest"/>
  <testcase name="testBufferAppendDelete" time="0,001" classname="cviceni.StringBuilderAndBufferTest"/>
  <testcase name="testBuilderAppend" time="0,000" classname="cviceni.StringBuilderAndBufferTest"/>
  <testcase name="testBuilderAppendDelete" time="0,001" classname="cviceni.StringBuilderAndBufferTest"/>
  <testcase name="testBuilderAppendDelete" time="0,000" classname="cviceni.StringBuilderAndBufferTest"/>
  <testcase name="testBuilderAppendDelete" time="0,000" classname="cviceni.StringBuilderAndBufferTest"/>
  <testcase name="testBufferAppend" time="0,000" classname="cviceni.StringBuilderAndBufferTest"/>
  <testcase name="testBufferAppendDelete" time="0,000" classname="cviceni.StringBuilderAndBufferTest"/>
  <testcase name="testBufferAppendDelete" time="0,000" classname="cviceni.StringBuilderAndBufferTest"/>
  <testcase name="testBuilderAppendDelete" time="0,000" classname="cviceni.StringBuilderAndBufferTest"/>
  <testcase name="testBufferAppendDelete" time="0,001" classname="cviceni.StringBuilderAndBufferTest"/>
  <testcase name="testBuilderAppendDelete" time="0,001" classname="cviceni.StringBuilderAndBufferTest"/>
  <testcase name="testBufferAppendDelete" time="0,001" classname="cviceni.StringBuilderAndBufferTest"/>
  <testcase name="testBuilderAppendDelete" time="0,000" classname="cviceni.StringBuilderAndBufferTest"/>
  <testcase name="testBufferAppend" time="0,000" classname="cviceni.StringBuilderAndBufferTest"/>
  <testcase name="testBuilderAppendDelete" time="0,000" classname="cviceni.StringBuilderAndBufferTest"/>
  <testcase name="testBuilderAppend" time="0,000" classname="cviceni.StringBuilderAndBufferTest"/>
  <testcase name="testBuilderAppend" time="0,001" classname="cviceni.StringBuilderAndBufferTest"/>
  <testcase name="testBuilderAppendDelete" time="0,000" classname="cviceni.StringBuilderAndBufferTest"/>
  <testcase name="testBuilderAppend" time="0,000" classname="cviceni.StringBuilderAndBufferTest"/>
  <testcase name="testBufferAppendDelete" time="0,000" classname="cviceni.StringBuilderAndBufferTest"/>
  <testcase name="testBuilderAppendDelete" time="0,012" classname="cviceni.StringBuilderAndBufferTest"/>
  <testcase name="testBuilderAppendDelete" time="0,000" classname="cviceni.StringBuilderAndBufferTest"/>
  <testcase name="testBufferAppend" time="0,000" classname="cviceni.StringBuilderAndBufferTest"/>
  <testcase name="testBuilderAppendDelete" time="0,000" classname="cviceni.StringBuilderAndBufferTest"/>
  <testcase name="testBufferAppendDelete" time="0,000" classname="cviceni.StringBuilderAndBufferTest"/>
  <testcase name="testBufferAppend" time="0,000" classname="cviceni.StringBuilderAndBufferTest"/>
  <testcase name="testBuilderAppendDelete" time="0,000" classname="cviceni.StringBuilderAndBufferTest"/>
  <testcase name="testBufferAppendDelete" time="0,000" classname="cviceni.StringBuilderAndBufferTest"/>
  <testcase name="testBufferAppendDelete" time="0,000" classname="cviceni.StringBuilderAndBufferTest"/>
  <testcase name="testBuilderAppendDelete" time="0,000" classname="cviceni.StringBuilderAndBufferTest"/>
  <testcase name="testBuilderAppendDelete" time="0,000" classname="cviceni.StringBuilderAndBufferTest"/>
  <testcase name="testBufferAppendDelete" time="0,000" classname="cviceni.StringBuilderAndBufferTest"/>
  <testcase name="testBuilderAppend" time="0,001" classname="cviceni.StringBuilderAndBufferTest"/>
  <testcase name="testBuilderAppend" time="0,001" classname="cviceni.StringBuilderAndBufferTest"/>
  <testcase name="testBuilderAppendDelete" time="0,000" classname="cviceni.StringBuilderAndBufferTest"/>
  <testcase name="testBufferAppend" time="0,000" classname="cviceni.StringBuilderAndBufferTest"/>
  <testcase name="testBuilderAppend" time="0,000" classname="cviceni.StringBuilderAndBufferTest"/>
  <testcase name="testBufferAppend" time="0,000" classname="cviceni.StringBuilderAndBufferTest"/>
  <testcase name="testBuilderAppend" time="0,000" classname="cviceni.StringBuilderAndBufferTest"/>
  <testcase name="testBuilderAppend" time="0,001" classname="cviceni.StringBuilderAndBufferTest"/>
  <testcase name="testBufferAppendDelete" time="0,000" classname="cviceni.StringBuilderAndBufferTest"/>
  <testcase name="testBuilderAppendDelete" time="0,001" classname="cviceni.StringBuilderAndBufferTest"/>
  <testcase name="testBuilderAppend" time="0,000" classname="cviceni.StringBuilderAndBufferTest"/>
  <testcase name="testBufferAppendDelete" time="0,000" classname="cviceni.StringBuilderAndBufferTest"/>
  <testcase name="testBufferAppend" time="0,001" classname="cviceni.StringBuilderAndBufferTest"/>
  <testcase name="testBufferAppend" time="0,000" classname="cviceni.StringBuilderAndBufferTest"/>
  <testcase name="testBufferAppend" time="0,032" classname="cviceni.StringBuilderAndBufferTest"/>
  <testcase name="testBufferAppendDelete" time="0,000" classname="cviceni.StringBuilderAndBufferTest"/>
  <testcase name="testBufferAppendDelete" time="0,000" classname="cviceni.StringBuilderAndBufferTest"/>
  <testcase name="testBuilderAppendDelete" time="0,000" classname="cviceni.StringBuilderAndBufferTest"/>
  <testcase name="testBuilderAppend" time="0,000" classname="cviceni.StringBuilderAndBufferTest"/>
  <testcase name="testBufferAppend" time="0,001" classname="cviceni.StringBuilderAndBufferTest"/>
  <testcase name="testBuilderAppend" time="0,000" classname="cviceni.StringBuilderAndBufferTest"/>
  <testcase name="testBufferAppend" time="0,000" classname="cviceni.StringBuilderAndBufferTest"/>
  <testcase name="testBufferAppend" time="0,000" classname="cviceni.StringBuilderAndBufferTest"/>
  <testcase name="testBufferAppendDelete" time="0,000" classname="cviceni.StringBuilderAndBufferTest"/>
  <testcase name="testBuilderAppend" time="0,000" classname="cviceni.StringBuilderAndBufferTest"/>
  <testcase name="testBuilderAppendDelete" time="0,001" classname="cviceni.StringBuilderAndBufferTest"/>
  <testcase name="testBuilderAppend" time="0,001" classname="cviceni.StringBuilderAndBufferTest"/>
  <testcase name="testBufferAppend" time="0,000" classname="cviceni.StringBuilderAndBufferTest"/>
  <testcase name="testBufferAppendDelete" time="0,000" classname="cviceni.StringBuilderAndBufferTest"/>
  <testcase name="testBufferAppendDelete" time="0,001" classname="cviceni.StringBuilderAndBufferTest"/>
  <testcase name="testBuilderAppend" time="0,000" classname="cviceni.StringBuilderAndBufferTest"/>
  <testcase name="testBuilderAppend" time="0,000" classname="cviceni.StringBuilderAndBufferTest"/>
  <testcase name="testBuilderAppend" time="0,000" classname="cviceni.StringBuilderAndBufferTest"/>
  <testcase name="testBuilderAppend" time="0,000" classname="cviceni.StringBuilderAndBufferTest"/>
  <testcase name="testBuilderAppend" time="0,001" classname="cviceni.StringBuilderAndBufferTest"/>
  <testcase name="testBuilderAppendDelete" time="0,000" classname="cviceni.StringBuilderAndBufferTest"/>
  <testcase name="testBufferAppendDelete" time="0,001" classname="cviceni.StringBuilderAndBufferTest"/>
  <testcase name="testBuilderAppendDelete" time="0,000" classname="cviceni.StringBuilderAndBufferTest"/>
  <testcase name="testBufferAppend" time="0,000" classname="cviceni.StringBuilderAndBufferTest"/>
  <testcase name="testBuilderAppendDelete" time="0,000" classname="cviceni.StringBuilderAndBufferTest"/>
  <testcase name="testBuilderAppendDelete" time="0,000" classname="cviceni.StringBuilderAndBufferTest"/>
  <testcase name="testBuilderAppend" time="0,001" classname="cviceni.StringBuilderAndBufferTest"/>
  <testcase name="testBufferAppend" time="0,000" classname="cviceni.StringBuilderAndBufferTest"/>
  <testcase name="testBufferAppendDelete" time="0,000" classname="cviceni.StringBuilderAndBufferTest"/>
  <testcase name="testBufferAppend" time="0,000" classname="cviceni.StringBuilderAndBufferTest"/>
  <testcase name="testBuilderAppend" time="0,000" classname="cviceni.StringBuilderAndBufferTest"/>
  <testcase name="testBufferAppendDelete" time="0,458" classname="cviceni.StringBuilderAndBufferTest"/>
  <testcase name="testBuilderAppend" time="0,000" classname="cviceni.StringBuilderAndBufferTest"/>
  <testcase name="testBufferAppendDelete" time="0,000" classname="cviceni.StringBuilderAndBufferTest"/>
  <testcase name="testBufferAppend" time="0,001" classname="cviceni.StringBuilderAndBufferTest"/>
  <testcase name="testBuilderAppend" time="0,022" classname="cviceni.StringBuilderAndBufferTest"/>
  <testcase name="testBuilderAppend" time="0,000" classname="cviceni.StringBuilderAndBufferTest"/>
  <testcase name="testBufferAppend" time="0,001" classname="cviceni.StringBuilderAndBufferTest"/>
  <testcase name="testBufferAppendDelete" time="0,000" classname="cviceni.StringBuilderAndBufferTest"/>
  <testcase name="testBuilderAppend" time="0,000" classname="cviceni.StringBuilderAndBufferTest"/>
  <testcase name="testBufferAppend" time="0,000" classname="cviceni.StringBuilderAndBufferTest"/>
  <testcase name="testBufferAppend" time="0,000" classname="cviceni.StringBuilderAndBufferTest"/>
  <testcase name="testBufferAppendDelete" time="0,000" classname="cviceni.StringBuilderAndBufferTest"/>
  <testcase name="testBuilderAppend" time="0,000" classname="cviceni.StringBuilderAndBufferTest"/>
  <testcase name="testBufferAppendDelete" time="0,000" classname="cviceni.StringBuilderAndBufferTest"/>
  <testcase name="testBuilderAppend" time="0,001" classname="cviceni.StringBuilderAndBufferTest"/>
  <testcase name="testBufferAppend" time="0,000" classname="cviceni.StringBuilderAndBufferTest"/>
  <testcase name="testBuilderAppend" time="0,000" classname="cviceni.StringBuilderAndBufferTest"/>
  <testcase name="testBufferAppendDelete" time="0,000" classname="cviceni.StringBuilderAndBufferTest"/>
  <testcase name="testBufferAppendDelete" time="0,001" classname="cviceni.StringBuilderAndBufferTest"/>
  <testcase name="testBuilderAppendDelete" time="0,000" classname="cviceni.StringBuilderAndBufferTest"/>
  <testcase name="testBufferAppend" time="0,038" classname="cviceni.StringBuilderAndBufferTest"/>
  <testcase name="testBuilderAppend" time="0,000" classname="cviceni.StringBuilderAndBufferTest"/>
  <testcase name="testBufferAppendDelete" time="0,000" classname="cviceni.StringBuilderAndBufferTest"/>
  <testcase name="testBuilderAppendDelete" time="0,001" classname="cviceni.StringBuilderAndBufferTest"/>
  <testcase name="testBufferAppend" time="0,001" classname="cviceni.StringBuilderAndBufferTest"/>
  <testcase name="testBuilderAppendDelete" time="0,000" classname="cviceni.StringBuilderAndBufferTest"/>
  <testcase name="testBuilderAppend" time="0,000" classname="cviceni.StringBuilderAndBufferTest"/>
  <testcase name="testBufferAppendDelete" time="0,001" classname="cviceni.StringBuilderAndBufferTest"/>
  <testcase name="testBufferAppend" time="0,000" classname="cviceni.StringBuilderAndBufferTest"/>
  <testcase name="testBufferAppend" time="0,001" classname="cviceni.StringBuilderAndBufferTest"/>
  <testcase name="testBuilderAppendDelete" time="0,000" classname="cviceni.StringBuilderAndBufferTest"/>
  <testcase name="testBufferAppendDelete" time="0,000" classname="cviceni.StringBuilderAndBufferTest"/>
  <testcase name="testBuilderAppend" time="0,000" classname="cviceni.StringBuilderAndBufferTest"/>
  <testcase name="testBuilderAppend" time="0,001" classname="cviceni.StringBuilderAndBufferTest"/>
  <testcase name="testBuilderAppendDelete" time="0,000" classname="cviceni.StringBuilderAndBufferTest"/>
  <testcase name="testBuilderAppend" time="0,001" classname="cviceni.StringBuilderAndBufferTest"/>
  <testcase name="testBuilderAppendDelete" time="0,000" classname="cviceni.StringBuilderAndBufferTest"/>
  <testcase name="testBuilderAppend" time="0,000" classname="cviceni.StringBuilderAndBufferTest"/>
  <testcase name="testBuilderAppendDelete" time="0,001" classname="cviceni.StringBuilderAndBufferTest"/>
  <testcase name="testBuilderAppendDelete" time="0,000" classname="cviceni.StringBuilderAndBufferTest"/>
  <testcase name="testBuilderAppend" time="0,001" classname="cviceni.StringBuilderAndBufferTest"/>
  <testcase name="testBufferAppend" time="0,000" classname="cviceni.StringBuilderAndBufferTest"/>
  <testcase name="testBuilderAppendDelete" time="0,001" classname="cviceni.StringBuilderAndBufferTest"/>
  <testcase name="testBuilderAppend" time="0,001" classname="cviceni.StringBuilderAndBufferTest"/>
  <testcase name="testBufferAppend" time="0,001" classname="cviceni.StringBuilderAndBufferTest"/>
  <testcase name="testBufferAppend" time="0,001" classname="cviceni.StringBuilderAndBufferTest"/>
  <testcase name="testBuilderAppendDelete" time="0,000" classname="cviceni.StringBuilderAndBufferTest"/>
  <testcase name="testBufferAppendDelete" time="0,001" classname="cviceni.StringBuilderAndBufferTest"/>
  <testcase name="testBufferAppendDelete" time="0,001" classname="cviceni.StringBuilderAndBufferTest"/>
  <testcase name="testBufferAppendDelete" time="0,000" classname="cviceni.StringBuilderAndBufferTest"/>
  <testcase name="testBuilderAppendDelete" time="0,001" classname="cviceni.StringBuilderAndBufferTest"/>
  <testcase name="testBuilderAppendDelete" time="0,000" classname="cviceni.StringBuilderAndBufferTest"/>
  <testcase name="testBuilderAppend" time="0,000" classname="cviceni.StringBuilderAndBufferTest"/>
  <testcase name="testBufferAppend" time="0,000" classname="cviceni.StringBuilderAndBufferTest"/>
  <testcase name="testBuilderAppendDelete" time="0,000" classname="cviceni.StringBuilderAndBufferTest"/>
  <testcase name="testBufferAppendDelete" time="0,000" classname="cviceni.StringBuilderAndBufferTest"/>
  <testcase name="testBuilderAppend" time="0,000" classname="cviceni.StringBuilderAndBufferTest"/>
  <testcase name="testBufferAppend" time="0,001" classname="cviceni.StringBuilderAndBufferTest"/>
  <testcase name="testBuilderAppendDelete" time="0,001" classname="cviceni.StringBuilderAndBufferTest"/>
  <testcase name="testBuilderAppendDelete" time="0,000" classname="cviceni.StringBuilderAndBufferTest"/>
  <testcase name="testBuilderAppendDelete" time="0,000" classname="cviceni.StringBuilderAndBufferTest"/>
  <testcase name="testBuilderAppendDelete" time="0,000" classname="cviceni.StringBuilderAndBufferTest"/>
  <testcase name="testBufferAppend" time="0,001" classname="cviceni.StringBuilderAndBufferTest"/>
  <testcase name="testBufferAppend" time="0,000" classname="cviceni.StringBuilderAndBufferTest"/>
  <testcase name="testBuilderAppend" time="0,000" classname="cviceni.StringBuilderAndBufferTest"/>
  <testcase name="testBuilderAppendDelete" time="0,000" classname="cviceni.StringBuilderAndBufferTest"/>
  <testcase name="testBufferAppendDelete" time="0,000" classname="cviceni.StringBuilderAndBufferTest"/>
  <testcase name="testBufferAppend" time="0,001" classname="cviceni.StringBuilderAndBufferTest"/>
  <testcase name="testBuilderAppendDelete" time="0,000" classname="cviceni.StringBuilderAndBufferTest"/>
  <testcase name="testBuilderAppend" time="0,000" classname="cviceni.StringBuilderAndBufferTest"/>
  <testcase name="testBuilderAppendDelete" time="0,000" classname="cviceni.StringBuilderAndBufferTest"/>
  <testcase name="testBuilderAppendDelete" time="0,000" classname="cviceni.StringBuilderAndBufferTest"/>
  <testcase name="testBuilderAppendDelete" time="0,000" classname="cviceni.StringBuilderAndBufferTest"/>
  <testcase name="testBufferAppendDelete" time="0,001" classname="cviceni.StringBuilderAndBufferTest"/>
  <testcase name="testBufferAppendDelete" time="0,000" classname="cviceni.StringBuilderAndBufferTest"/>
  <testcase name="testBufferAppendDelete" time="0,000" classname="cviceni.StringBuilderAndBufferTest"/>
  <testcase name="testBufferAppendDelete" time="0,000" classname="cviceni.StringBuilderAndBufferTest"/>
  <testcase name="testBuilderAppendDelete" time="0,001" classname="cviceni.StringBuilderAndBufferTest"/>
  <testcase name="testBuilderAppend" time="0,001" classname="cviceni.StringBuilderAndBufferTest"/>
  <testcase name="testBufferAppendDelete" time="0,000" classname="cviceni.StringBuilderAndBufferTest"/>
  <testcase name="testBufferAppendDelete" time="0,001" classname="cviceni.StringBuilderAndBufferTest"/>
  <testcase name="testBufferAppendDelete" time="0,001" classname="cviceni.StringBuilderAndBufferTest"/>
  <testcase name="testBuilderAppend" time="0,000" classname="cviceni.StringBuilderAndBufferTest"/>
  <testcase name="testBuilderAppend" time="0,000" classname="cviceni.StringBuilderAndBufferTest"/>
  <testcase name="testBuilderAppendDelete" time="0,000" classname="cviceni.StringBuilderAndBufferTest"/>
  <testcase name="testBuilderAppend" time="0,000" classname="cviceni.StringBuilderAndBufferTest"/>
  <testcase name="testBuilderAppend" time="0,001" classname="cviceni.StringBuilderAndBufferTest"/>
  <testcase name="testBuilderAppendDelete" time="0,000" classname="cviceni.StringBuilderAndBufferTest"/>
  <testcase name="testBufferAppend" time="0,000" classname="cviceni.StringBuilderAndBufferTest"/>
  <testcase name="testBufferAppendDelete" time="0,000" classname="cviceni.StringBuilderAndBufferTest"/>
  <testcase name="testBuilderAppendDelete" time="0,001" classname="cviceni.StringBuilderAndBufferTest"/>
  <testcase name="testBufferAppend" time="0,000" classname="cviceni.StringBuilderAndBufferTest"/>
  <testcase name="testBufferAppend" time="0,000" classname="cviceni.StringBuilderAndBufferTest"/>
  <testcase name="testBuilderAppend" time="0,000" classname="cviceni.StringBuilderAndBufferTest"/>
  <testcase name="testBufferAppend" time="0,000" classname="cviceni.StringBuilderAndBufferTest"/>
  <testcase name="testBuilderAppendDelete" time="0,001" classname="cviceni.StringBuilderAndBufferTest"/>
  <testcase name="testBuilderAppendDelete" time="0,001" classname="cviceni.StringBuilderAndBufferTest"/>
  <testcase name="testBufferAppendDelete" time="0,000" classname="cviceni.StringBuilderAndBufferTest"/>
  <testcase name="testBufferAppendDelete" time="0,001" classname="cviceni.StringBuilderAndBufferTest"/>
  <testcase name="testBufferAppendDelete" time="0,000" classname="cviceni.StringBuilderAndBufferTest"/>
  <testcase name="testBuilderAppend" time="0,001" classname="cviceni.StringBuilderAndBufferTest"/>
  <testcase name="testBuilderAppendDelete" time="0,000" classname="cviceni.StringBuilderAndBufferTest"/>
  <testcase name="testBufferAppendDelete" time="0,000" classname="cviceni.StringBuilderAndBufferTest"/>
  <testcase name="testBuilderAppend" time="0,000" classname="cviceni.StringBuilderAndBufferTest"/>
  <testcase name="testBufferAppendDelete" time="0,000" classname="cviceni.StringBuilderAndBufferTest"/>
  <testcase name="testBufferAppendDelete" time="0,000" classname="cviceni.StringBuilderAndBufferTest"/>
  <testcase name="testBufferAppendDelete" time="0,000" classname="cviceni.StringBuilderAndBufferTest"/>
  <testcase name="testBuilderAppendDelete" time="0,000" classname="cviceni.StringBuilderAndBufferTest"/>
  <testcase name="testBuilderAppendDelete" time="0,001" classname="cviceni.StringBuilderAndBufferTest"/>
  <testcase name="testBuilderAppend" time="0,000" classname="cviceni.StringBuilderAndBufferTest"/>
  <testcase name="testBuilderAppendDelete" time="0,001" classname="cviceni.StringBuilderAndBufferTest"/>
  <testcase name="testBufferAppendDelete" time="0,000" classname="cviceni.StringBuilderAndBufferTest"/>
  <testcase name="testBufferAppend" time="0,000" classname="cviceni.StringBuilderAndBufferTest"/>
  <testcase name="testBuilderAppendDelete" time="0,000" classname="cviceni.StringBuilderAndBufferTest"/>
  <testcase name="testBuilderAppend" time="0,000" classname="cviceni.StringBuilderAndBufferTest"/>
  <testcase name="testBufferAppend" time="0,000" classname="cviceni.StringBuilderAndBufferTest"/>
  <testcase name="testBufferAppend" time="0,000" classname="cviceni.StringBuilderAndBufferTest"/>
  <testcase name="testBufferAppend" time="0,000" classname="cviceni.StringBuilderAndBufferTest"/>
  <testcase name="testBufferAppendDelete" time="0,001" classname="cviceni.StringBuilderAndBufferTest"/>
  <testcase name="testBuilderAppendDelete" time="0,000" classname="cviceni.StringBuilderAndBufferTest"/>
  <testcase name="testBuilderAppendDelete" time="0,000" classname="cviceni.StringBuilderAndBufferTest"/>
  <testcase name="testBufferAppend" time="0,000" classname="cviceni.StringBuilderAndBufferTest"/>
  <testcase name="testBuilderAppend" time="0,000" classname="cviceni.StringBuilderAndBufferTest"/>
  <testcase name="testBuilderAppendDelete" time="0,001" classname="cviceni.StringBuilderAndBufferTest"/>
  <testcase name="testBuilderAppendDelete" time="0,001" classname="cviceni.StringBuilderAndBufferTest"/>
  <testcase name="testBuilderAppendDelete" time="0,000" classname="cviceni.StringBuilderAndBufferTest"/>
  <testcase name="testBufferAppend" time="0,000" classname="cviceni.StringBuilderAndBufferTest"/>
  <testcase name="testBuilderAppendDelete" time="0,000" classname="cviceni.StringBuilderAndBufferTest"/>
  <testcase name="testBufferAppend" time="0,001" classname="cviceni.StringBuilderAndBufferTest"/>
  <testcase name="testBufferAppendDelete" time="0,000" classname="cviceni.StringBuilderAndBufferTest"/>
  <testcase name="testBufferAppendDelete" time="0,000" classname="cviceni.StringBuilderAndBufferTest"/>
  <testcase name="testBufferAppendDelete" time="0,001" classname="cviceni.StringBuilderAndBufferTest"/>
  <testcase name="testBuilderAppend" time="0,001" classname="cviceni.StringBuilderAndBufferTest"/>
  <testcase name="testBuilderAppend" time="0,000" classname="cviceni.StringBuilderAndBufferTest"/>
  <testcase name="testBuilderAppend" time="0,001" classname="cviceni.StringBuilderAndBufferTest"/>
  <testcase name="testBuilderAppend" time="0,000" classname="cviceni.StringBuilderAndBufferTest"/>
  <testcase name="testBufferAppendDelete" time="0,000" classname="cviceni.StringBuilderAndBufferTest"/>
  <testcase name="testBufferAppendDelete" time="0,000" classname="cviceni.StringBuilderAndBufferTest"/>
  <testcase name="testBuilderAppend" time="0,001" classname="cviceni.StringBuilderAndBufferTest"/>
  <testcase name="testBufferAppendDelete" time="0,000" classname="cviceni.StringBuilderAndBufferTest"/>
  <testcase name="testBuilderAppendDelete" time="0,000" classname="cviceni.StringBuilderAndBufferTest"/>
  <testcase name="testBuilderAppend" time="0,001" classname="cviceni.StringBuilderAndBufferTest"/>
  <testcase name="testBufferAppend" time="0,001" classname="cviceni.StringBuilderAndBufferTest"/>
  <testcase name="testBufferAppendDelete" time="0,000" classname="cviceni.StringBuilderAndBufferTest"/>
  <testcase name="testBufferAppend" time="0,004" classname="cviceni.StringBuilderAndBufferTest"/>
  <testcase name="testBufferAppend" time="0,000" classname="cviceni.StringBuilderAndBufferTest"/>
  <testcase name="testBuilderAppend" time="0,000" classname="cviceni.StringBuilderAndBufferTest"/>
  <testcase name="testBuilderAppendDelete" time="0,000" classname="cviceni.StringBuilderAndBufferTest"/>
  <testcase name="testBufferAppendDelete" time="0,000" classname="cviceni.StringBuilderAndBufferTest"/>
  <testcase name="testBufferAppend" time="0,001" classname="cviceni.StringBuilderAndBufferTest"/>
  <testcase name="testBufferAppend" time="0,000" classname="cviceni.StringBuilderAndBufferTest"/>
  <testcase name="testBufferAppend" time="0,001" classname="cviceni.StringBuilderAndBufferTest"/>
  <testcase name="testBufferAppendDelete" time="0,001" classname="cviceni.StringBuilderAndBufferTest"/>
  <testcase name="testBufferAppendDelete" time="0,000" classname="cviceni.StringBuilderAndBufferTest"/>
  <testcase name="testBuilderAppendDelete" time="0,001" classname="cviceni.StringBuilderAndBufferTest"/>
  <testcase name="testBufferAppend" time="0,000" classname="cviceni.StringBuilderAndBufferTest"/>
  <testcase name="testBufferAppend" time="0,000" classname="cviceni.StringBuilderAndBufferTest"/>
  <testcase name="testBufferAppend" time="0,071" classname="cviceni.StringBuilderAndBufferTest"/>
  <testcase name="testBufferAppend" time="0,000" classname="cviceni.StringBuilderAndBufferTest"/>
  <testcase name="testBufferAppend" time="0,000" classname="cviceni.StringBuilderAndBufferTest"/>
  <testcase name="testBuilderAppend" time="0,001" classname="cviceni.StringBuilderAndBufferTest"/>
  <testcase name="testBufferAppend" time="0,056" classname="cviceni.StringBuilderAndBufferTest"/>
  <testcase name="testBufferAppend" time="0,000" classname="cviceni.StringBuilderAndBufferTest"/>
  <testcase name="testBufferAppendDelete" time="0,000" classname="cviceni.StringBuilderAndBufferTest"/>
  <testcase name="testBuilderAppend" time="0,000" classname="cviceni.StringBuilderAndBufferTest"/>
  <testcase name="testBufferAppend" time="0,000" classname="cviceni.StringBuilderAndBufferTest"/>
  <testcase name="testBuilderAppend" time="0,000" classname="cviceni.StringBuilderAndBufferTest"/>
  <testcase name="testBuilderAppendDelete" time="0,001" classname="cviceni.StringBuilderAndBufferTest"/>
  <testcase name="testBufferAppend" time="0,000" classname="cviceni.StringBuilderAndBufferTest"/>
  <testcase name="testBuilderAppendDelete" time="0,000" classname="cviceni.StringBuilderAndBufferTest"/>
  <testcase name="testBuilderAppend" time="0,000" classname="cviceni.StringBuilderAndBufferTest"/>
  <testcase name="testBuilderAppendDelete" time="0,000" classname="cviceni.StringBuilderAndBufferTest"/>
  <testcase name="testBuilderAppendDelete" time="0,001" classname="cviceni.StringBuilderAndBufferTest"/>
  <testcase name="testBuilderAppendDelete" time="0,000" classname="cviceni.StringBuilderAndBufferTest"/>
  <testcase name="testBufferAppendDelete" time="0,000" classname="cviceni.StringBuilderAndBufferTest"/>
  <testcase name="testBufferAppend" time="0,000" classname="cviceni.StringBuilderAndBufferTest"/>
  <testcase name="testBuilderAppendDelete" time="0,000" classname="cviceni.StringBuilderAndBufferTest"/>
  <testcase name="testBufferAppendDelete" time="0,000" classname="cviceni.StringBuilderAndBufferTest"/>
  <testcase name="testBufferAppend" time="0,001" classname="cviceni.StringBuilderAndBufferTest"/>
  <testcase name="testBuilderAppendDelete" time="0,000" classname="cviceni.StringBuilderAndBufferTest"/>
  <testcase name="testBufferAppendDelete" time="0,001" classname="cviceni.StringBuilderAndBufferTest"/>
  <testcase name="testBuilderAppendDelete" time="0,000" classname="cviceni.StringBuilderAndBufferTest"/>
  <testcase name="testBuilderAppendDelete" time="0,000" classname="cviceni.StringBuilderAndBufferTest"/>
  <testcase name="testBufferAppendDelete" time="0,000" classname="cviceni.StringBuilderAndBufferTest"/>
  <testcase name="testBufferAppendDelete" time="0,000" classname="cviceni.StringBuilderAndBufferTest"/>
  <testcase name="testBuilderAppendDelete" time="0,000" classname="cviceni.StringBuilderAndBufferTest"/>
  <testcase name="testBufferAppendDelete" time="0,000" classname="cviceni.StringBuilderAndBufferTest"/>
  <testcase name="testBuilderAppendDelete" time="0,000" classname="cviceni.StringBuilderAndBufferTest"/>
  <testcase name="testBuilderAppendDelete" time="0,000" classname="cviceni.StringBuilderAndBufferTest"/>
  <testcase name="testBuilderAppend" time="0,000" classname="cviceni.StringBuilderAndBufferTest"/>
  <testcase name="testBuilderAppendDelete" time="0,001" classname="cviceni.StringBuilderAndBufferTest"/>
  <testcase name="testBufferAppend" time="0,000" classname="cviceni.StringBuilderAndBufferTest"/>
  <testcase name="testBuilderAppendDelete" time="0,000" classname="cviceni.StringBuilderAndBufferTest"/>
  <testcase name="testBufferAppend" time="0,000" classname="cviceni.StringBuilderAndBufferTest"/>
  <testcase name="testBuilderAppendDelete" time="0,000" classname="cviceni.StringBuilderAndBufferTest"/>
  <testcase name="testBufferAppend" time="0,001" classname="cviceni.StringBuilderAndBufferTest"/>
  <testcase name="testBuilderAppend" time="0,001" classname="cviceni.StringBuilderAndBufferTest"/>
  <testcase name="testBufferAppendDelete" time="0,000" classname="cviceni.StringBuilderAndBufferTest"/>
  <testcase name="testBufferAppend" time="0,000" classname="cviceni.StringBuilderAndBufferTest"/>
  <testcase name="testBuilderAppend" time="0,001" classname="cviceni.StringBuilderAndBufferTest"/>
  <testcase name="testBufferAppendDelete" time="0,000" classname="cviceni.StringBuilderAndBufferTest"/>
  <testcase name="testBufferAppend" time="0,000" classname="cviceni.StringBuilderAndBufferTest"/>
  <testcase name="testBufferAppendDelete" time="0,000" classname="cviceni.StringBuilderAndBufferTest"/>
  <testcase name="testBufferAppend" time="0,001" classname="cviceni.StringBuilderAndBufferTest"/>
  <testcase name="testBufferAppendDelete" time="0,000" classname="cviceni.StringBuilderAndBufferTest"/>
  <testcase name="testBuilderAppend" time="0,000" classname="cviceni.StringBuilderAndBufferTest"/>
  <testcase name="testBuilderAppend" time="0,000" classname="cviceni.StringBuilderAndBufferTest"/>
  <testcase name="testBufferAppend" time="0,000" classname="cviceni.StringBuilderAndBufferTest"/>
  <testcase name="testBuilderAppendDelete" time="0,045" classname="cviceni.StringBuilderAndBufferTest"/>
  <testcase name="testBufferAppendDelete" time="0,000" classname="cviceni.StringBuilderAndBufferTest"/>
  <testcase name="testBufferAppend" time="0,000" classname="cviceni.StringBuilderAndBufferTest"/>
  <testcase name="testBuilderAppendDelete" time="0,000" classname="cviceni.StringBuilderAndBufferTest"/>
  <testcase name="testBufferAppendDelete" time="0,000" classname="cviceni.StringBuilderAndBufferTest"/>
  <testcase name="testBufferAppend" time="0,001" classname="cviceni.StringBuilderAndBufferTest"/>
  <testcase name="testBuilderAppendDelete" time="0,000" classname="cviceni.StringBuilderAndBufferTest"/>
  <testcase name="testBuilderAppendDelete" time="0,001" classname="cviceni.StringBuilderAndBufferTest"/>
  <testcase name="testBuilderAppend" time="0,001" classname="cviceni.StringBuilderAndBufferTest"/>
  <testcase name="testBuilderAppend" time="0,000" classname="cviceni.StringBuilderAndBufferTest"/>
  <testcase name="testBuilderAppendDelete" time="0,000" classname="cviceni.StringBuilderAndBufferTest"/>
  <testcase name="testBufferAppend" time="0,000" classname="cviceni.StringBuilderAndBufferTest"/>
  <testcase name="testBuilderAppend" time="0,000" classname="cviceni.StringBuilderAndBufferTest"/>
  <testcase name="testBufferAppend" time="0,000" classname="cviceni.StringBuilderAndBufferTest"/>
  <testcase name="testBuilderAppend" time="0,000" classname="cviceni.StringBuilderAndBufferTest"/>
  <testcase name="testBufferAppendDelete" time="0,000" classname="cviceni.StringBuilderAndBufferTest"/>
  <testcase name="testBufferAppendDelete" time="0,000" classname="cviceni.StringBuilderAndBufferTest"/>
  <testcase name="testBuilderAppendDelete" time="0,000" classname="cviceni.StringBuilderAndBufferTest"/>
  <testcase name="testBuilderAppendDelete" time="0,000" classname="cviceni.StringBuilderAndBufferTest"/>
  <testcase name="testBuilderAppend" time="0,000" classname="cviceni.StringBuilderAndBufferTest"/>
  <testcase name="testBufferAppend" time="0,000" classname="cviceni.StringBuilderAndBufferTest"/>
  <testcase name="testBuilderAppend" time="0,000" classname="cviceni.StringBuilderAndBufferTest"/>
  <testcase name="testBufferAppendDelete" time="0,001" classname="cviceni.StringBuilderAndBufferTest"/>
  <testcase name="testBuilderAppendDelete" time="0,000" classname="cviceni.StringBuilderAndBufferTest"/>
  <testcase name="testBuilderAppend" time="0,001" classname="cviceni.StringBuilderAndBufferTest"/>
  <testcase name="testBuilderAppendDelete" time="0,001" classname="cviceni.StringBuilderAndBufferTest"/>
  <testcase name="testBufferAppend" time="0,000" classname="cviceni.StringBuilderAndBufferTest"/>
  <testcase name="testBuilderAppend" time="0,000" classname="cviceni.StringBuilderAndBufferTest"/>
  <testcase name="testBufferAppendDelete" time="0,000" classname="cviceni.StringBuilderAndBufferTest"/>
  <testcase name="testBuilderAppend" time="0,000" classname="cviceni.StringBuilderAndBufferTest"/>
  <testcase name="testBuilderAppend" time="0,000" classname="cviceni.StringBuilderAndBufferTest"/>
  <testcase name="testBuilderAppend" time="0,000" classname="cviceni.StringBuilderAndBufferTest"/>
  <testcase name="testBuilderAppendDelete" time="0,000" classname="cviceni.StringBuilderAndBufferTest"/>
  <testcase name="testBuilderAppendDelete" time="0,000" classname="cviceni.StringBuilderAndBufferTest"/>
  <testcase name="testBufferAppend" time="0,000" classname="cviceni.StringBuilderAndBufferTest"/>
  <testcase name="testBufferAppend" time="0,000" classname="cviceni.StringBuilderAndBufferTest"/>
  <testcase name="testBuilderAppend" time="0,000" classname="cviceni.StringBuilderAndBufferTest"/>
  <testcase name="testBufferAppend" time="0,001" classname="cviceni.StringBuilderAndBufferTest"/>
  <testcase name="testBufferAppendDelete" time="0,000" classname="cviceni.StringBuilderAndBufferTest"/>
  <testcase name="testBufferAppend" time="0,001" classname="cviceni.StringBuilderAndBufferTest"/>
  <testcase name="testBufferAppend" time="0,001" classname="cviceni.StringBuilderAndBufferTest"/>
  <testcase name="testBuilderAppend" time="0,000" classname="cviceni.StringBuilderAndBufferTest"/>
  <testcase name="testBuilderAppend" time="0,000" classname="cviceni.StringBuilderAndBufferTest"/>
  <testcase name="testBuilderAppendDelete" time="0,000" classname="cviceni.StringBuilderAndBufferTest"/>
  <testcase name="testBufferAppendDelete" time="0,000" classname="cviceni.StringBuilderAndBufferTest"/>
  <testcase name="testBuilderAppend" time="0,017" classname="cviceni.StringBuilderAndBufferTest"/>
  <testcase name="testBufferAppend" time="0,000" classname="cviceni.StringBuilderAndBufferTest"/>
  <testcase name="testBufferAppend" time="0,000" classname="cviceni.StringBuilderAndBufferTest"/>
  <testcase name="testBuilderAppendDelete" time="0,000" classname="cviceni.StringBuilderAndBufferTest"/>
  <testcase name="testBuilderAppendDelete" time="0,000" classname="cviceni.StringBuilderAndBufferTest"/>
  <testcase name="testBuilderAppendDelete" time="0,000" classname="cviceni.StringBuilderAndBufferTest"/>
  <testcase name="testBufferAppend" time="0,000" classname="cviceni.StringBuilderAndBufferTest"/>
  <testcase name="testBufferAppendDelete" time="0,000" classname="cviceni.StringBuilderAndBufferTest"/>
  <testcase name="testBufferAppend" time="0,001" classname="cviceni.StringBuilderAndBufferTest"/>
  <testcase name="testBufferAppend" time="0,000" classname="cviceni.StringBuilderAndBufferTest"/>
  <testcase name="testBufferAppendDelete" time="0,000" classname="cviceni.StringBuilderAndBufferTest"/>
  <testcase name="testBuilderAppendDelete" time="0,005" classname="cviceni.StringBuilderAndBufferTest"/>
  <testcase name="testBufferAppend" time="0,001" classname="cviceni.StringBuilderAndBufferTest"/>
  <testcase name="testBuilderAppendDelete" time="0,001" classname="cviceni.StringBuilderAndBufferTest"/>
  <testcase name="testBufferAppend" time="0,001" classname="cviceni.StringBuilderAndBufferTest"/>
  <testcase name="testBufferAppend" time="0,001" classname="cviceni.StringBuilderAndBufferTest"/>
  <testcase name="testBufferAppend" time="0,000" classname="cviceni.StringBuilderAndBufferTest"/>
  <testcase name="testBufferAppend" time="0,000" classname="cviceni.StringBuilderAndBufferTest"/>
  <testcase name="testBuilderAppendDelete" time="0,000" classname="cviceni.StringBuilderAndBufferTest"/>
  <testcase name="testBufferAppend" time="0,000" classname="cviceni.StringBuilderAndBufferTest"/>
  <testcase name="testBufferAppend" time="0,001" classname="cviceni.StringBuilderAndBufferTest"/>
  <testcase name="testBuilderAppend" time="0,000" classname="cviceni.StringBuilderAndBufferTest"/>
  <testcase name="testBufferAppend" time="0,000" classname="cviceni.StringBuilderAndBufferTest"/>
  <testcase name="testBuilderAppendDelete" time="0,001" classname="cviceni.StringBuilderAndBufferTest"/>
  <testcase name="testBuilderAppendDelete" time="0,001" classname="cviceni.StringBuilderAndBufferTest"/>
  <testcase name="testBuilderAppendDelete" time="0,000" classname="cviceni.StringBuilderAndBufferTest"/>
  <testcase name="testBuilderAppend" time="0,000" classname="cviceni.StringBuilderAndBufferTest"/>
  <testcase name="testBuilderAppendDelete" time="0,000" classname="cviceni.StringBuilderAndBufferTest"/>
  <testcase name="testBuilderAppendDelete" time="0,000" classname="cviceni.StringBuilderAndBufferTest"/>
  <testcase name="testBuilderAppendDelete" time="0,000" classname="cviceni.StringBuilderAndBufferTest"/>
  <testcase name="testBufferAppendDelete" time="0,000" classname="cviceni.StringBuilderAndBufferTest"/>
  <testcase name="testBuilderAppend" time="0,000" classname="cviceni.StringBuilderAndBufferTest"/>
  <testcase name="testBufferAppendDelete" time="0,001" classname="cviceni.StringBuilderAndBufferTest"/>
  <testcase name="testBufferAppend" time="0,000" classname="cviceni.StringBuilderAndBufferTest"/>
  <testcase name="testBuilderAppendDelete" time="0,001" classname="cviceni.StringBuilderAndBufferTest"/>
  <testcase name="testBuilderAppendDelete" time="0,001" classname="cviceni.StringBuilderAndBufferTest"/>
  <testcase name="testBufferAppendDelete" time="0,000" classname="cviceni.StringBuilderAndBufferTest"/>
  <testcase name="testBufferAppendDelete" time="0,000" classname="cviceni.StringBuilderAndBufferTest"/>
  <testcase name="testBufferAppendDelete" time="0,001" classname="cviceni.StringBuilderAndBufferTest"/>
  <testcase name="testBufferAppend" time="0,000" classname="cviceni.StringBuilderAndBufferTest"/>
  <testcase name="testBuilderAppend" time="0,001" classname="cviceni.StringBuilderAndBufferTest"/>
  <testcase name="testBufferAppendDelete" time="0,001" classname="cviceni.StringBuilderAndBufferTest"/>
  <testcase name="testBuilderAppend" time="0,001" classname="cviceni.StringBuilderAndBufferTest"/>
  <testcase name="testBuilderAppend" time="0,001" classname="cviceni.StringBuilderAndBufferTest"/>
  <testcase name="testBuilderAppendDelete" time="0,000" classname="cviceni.StringBuilderAndBufferTest"/>
  <testcase name="testBuilderAppend" time="0,000" classname="cviceni.StringBuilderAndBufferTest"/>
  <testcase name="testBufferAppend" time="0,001" classname="cviceni.StringBuilderAndBufferTest"/>
  <testcase name="testBufferAppendDelete" time="0,001" classname="cviceni.StringBuilderAndBufferTest"/>
  <testcase name="testBufferAppend" time="0,000" classname="cviceni.StringBuilderAndBufferTest"/>
  <testcase name="testBufferAppendDelete" time="0,000" classname="cviceni.StringBuilderAndBufferTest"/>
  <testcase name="testBufferAppendDelete" time="0,000" classname="cviceni.StringBuilderAndBufferTest"/>
  <testcase name="testBufferAppendDelete" time="0,001" classname="cviceni.StringBuilderAndBufferTest"/>
  <testcase name="testBuilderAppendDelete" time="0,000" classname="cviceni.StringBuilderAndBufferTest"/>
  <testcase name="testBuilderAppendDelete" time="0,000" classname="cviceni.StringBuilderAndBufferTest"/>
  <testcase name="testBufferAppend" time="0,001" classname="cviceni.StringBuilderAndBufferTest"/>
  <testcase name="testBuilderAppend" time="0,000" classname="cviceni.StringBuilderAndBufferTest"/>
  <testcase name="testBuilderAppendDelete" time="0,000" classname="cviceni.StringBuilderAndBufferTest"/>
  <testcase name="testBufferAppendDelete" time="0,001" classname="cviceni.StringBuilderAndBufferTest"/>
  <testcase name="testBufferAppendDelete" time="0,000" classname="cviceni.StringBuilderAndBufferTest"/>
  <testcase name="testBufferAppend" time="0,001" classname="cviceni.StringBuilderAndBufferTest"/>
  <testcase name="testBuilderAppendDelete" time="0,000" classname="cviceni.StringBuilderAndBufferTest"/>
  <testcase name="testBuilderAppendDelete" time="0,000" classname="cviceni.StringBuilderAndBufferTest"/>
  <testcase name="testBuilderAppend" time="0,000" classname="cviceni.StringBuilderAndBufferTest"/>
  <testcase name="testBuilderAppendDelete" time="0,001" classname="cviceni.StringBuilderAndBufferTest"/>
  <testcase name="testBufferAppendDelete" time="0,001" classname="cviceni.StringBuilderAndBufferTest"/>
  <testcase name="testBuilderAppendDelete" time="0,001" classname="cviceni.StringBuilderAndBufferTest"/>
  <testcase name="testBuilderAppend" time="0,000" classname="cviceni.StringBuilderAndBufferTest"/>
  <testcase name="testBufferAppendDelete" time="0,000" classname="cviceni.StringBuilderAndBufferTest"/>
  <testcase name="testBufferAppendDelete" time="0,001" classname="cviceni.StringBuilderAndBufferTest"/>
  <testcase name="testBuilderAppendDelete" time="0,000" classname="cviceni.StringBuilderAndBufferTest"/>
  <testcase name="testBufferAppend" time="0,001" classname="cviceni.StringBuilderAndBufferTest"/>
  <testcase name="testBuilderAppendDelete" time="0,001" classname="cviceni.StringBuilderAndBufferTest"/>
  <testcase name="testBuilderAppend" time="0,001" classname="cviceni.StringBuilderAndBufferTest"/>
  <testcase name="testBuilderAppend" time="0,001" classname="cviceni.StringBuilderAndBufferTest"/>
  <testcase name="testBufferAppendDelete" time="0,000" classname="cviceni.StringBuilderAndBufferTest"/>
  <testcase name="testBuilderAppend" time="0,000" classname="cviceni.StringBuilderAndBufferTest"/>
  <testcase name="testBuilderAppendDelete" time="0,000" classname="cviceni.StringBuilderAndBufferTest"/>
  <testcase name="testBuilderAppend" time="0,000" classname="cviceni.StringBuilderAndBufferTest"/>
  <testcase name="testBuilderAppend" time="0,001" classname="cviceni.StringBuilderAndBufferTest"/>
  <testcase name="testBuilderAppend" time="0,000" classname="cviceni.StringBuilderAndBufferTest"/>
  <testcase name="testBufferAppend" time="0,001" classname="cviceni.StringBuilderAndBufferTest"/>
  <testcase name="testBufferAppendDelete" time="0,000" classname="cviceni.StringBuilderAndBufferTest"/>
  <testcase name="testBufferAppendDelete" time="0,000" classname="cviceni.StringBuilderAndBufferTest"/>
  <testcase name="testBuilderAppendDelete" time="0,000" classname="cviceni.StringBuilderAndBufferTest"/>
  <testcase name="testBufferAppendDelete" time="0,000" classname="cviceni.StringBuilderAndBufferTest"/>
  <testcase name="testBufferAppendDelete" time="0,000" classname="cviceni.StringBuilderAndBufferTest"/>
  <testcase name="testBufferAppend" time="0,001" classname="cviceni.StringBuilderAndBufferTest"/>
  <testcase name="testBufferAppend" time="0,000" classname="cviceni.StringBuilderAndBufferTest"/>
  <testcase name="testBuilderAppendDelete" time="0,000" classname="cviceni.StringBuilderAndBufferTest"/>
  <testcase name="testBuilderAppend" time="0,000" classname="cviceni.StringBuilderAndBufferTest"/>
  <testcase name="testBuilderAppendDelete" time="0,000" classname="cviceni.StringBuilderAndBufferTest"/>
  <testcase name="testBuilderAppendDelete" time="0,001" classname="cviceni.StringBuilderAndBufferTest"/>
  <testcase name="testBufferAppend" time="0,000" classname="cviceni.StringBuilderAndBufferTest"/>
  <testcase name="testBuilderAppendDelete" time="0,000" classname="cviceni.StringBuilderAndBufferTest"/>
  <testcase name="testBufferAppendDelete" time="0,000" classname="cviceni.StringBuilderAndBufferTest"/>
  <testcase name="testBufferAppend" time="0,000" classname="cviceni.StringBuilderAndBufferTest"/>
  <testcase name="testBufferAppend" time="0,000" classname="cviceni.StringBuilderAndBufferTest"/>
  <testcase name="testBuilderAppendDelete" time="0,000" classname="cviceni.StringBuilderAndBufferTest"/>
  <testcase name="testBuilderAppendDelete" time="0,000" classname="cviceni.StringBuilderAndBufferTest"/>
  <testcase name="testBufferAppend" time="0,000" classname="cviceni.StringBuilderAndBufferTest"/>
  <testcase name="testBufferAppend" time="0,000" classname="cviceni.StringBuilderAndBufferTest"/>
  <testcase name="testBuilderAppend" time="0,000" classname="cviceni.StringBuilderAndBufferTest"/>
  <testcase name="testBufferAppend" time="0,000" classname="cviceni.StringBuilderAndBufferTest"/>
  <testcase name="testBuilderAppendDelete" time="0,000" classname="cviceni.StringBuilderAndBufferTest"/>
  <testcase name="testBufferAppendDelete" time="0,001" classname="cviceni.StringBuilderAndBufferTest"/>
  <testcase name="testBufferAppend" time="0,000" classname="cviceni.StringBuilderAndBufferTest"/>
  <testcase name="testBuilderAppend" time="0,000" classname="cviceni.StringBuilderAndBufferTest"/>
  <testcase name="testBuilderAppendDelete" time="0,000" classname="cviceni.StringBuilderAndBufferTest"/>
  <testcase name="testBufferAppend" time="0,000" classname="cviceni.StringBuilderAndBufferTest"/>
  <testcase name="testBufferAppend" time="0,000" classname="cviceni.StringBuilderAndBufferTest"/>
  <testcase name="testBufferAppendDelete" time="0,000" classname="cviceni.StringBuilderAndBufferTest"/>
  <testcase name="testBufferAppendDelete" time="0,000" classname="cviceni.StringBuilderAndBufferTest"/>
  <testcase name="testBuilderAppend" time="0,000" classname="cviceni.StringBuilderAndBufferTest"/>
  <testcase name="testBufferAppend" time="0,001" classname="cviceni.StringBuilderAndBufferTest"/>
  <testcase name="testBuilderAppend" time="0,000" classname="cviceni.StringBuilderAndBufferTest"/>
  <testcase name="testBuilderAppendDelete" time="0,000" classname="cviceni.StringBuilderAndBufferTest"/>
  <testcase name="testBufferAppend" time="0,001" classname="cviceni.StringBuilderAndBufferTest"/>
  <testcase name="testBufferAppendDelete" time="0,000" classname="cviceni.StringBuilderAndBufferTest"/>
  <testcase name="testBufferAppend" time="0,000" classname="cviceni.StringBuilderAndBufferTest"/>
  <testcase name="testBufferAppendDelete" time="0,000" classname="cviceni.StringBuilderAndBufferTest"/>
  <testcase name="testBufferAppendDelete" time="0,001" classname="cviceni.StringBuilderAndBufferTest"/>
  <testcase name="testBufferAppendDelete" time="0,000" classname="cviceni.StringBuilderAndBufferTest"/>
  <testcase name="testBuilderAppend" time="0,000" classname="cviceni.StringBuilderAndBufferTest"/>
  <testcase name="testBufferAppend" time="0,001" classname="cviceni.StringBuilderAndBufferTest"/>
  <testcase name="testBuilderAppend" time="0,000" classname="cviceni.StringBuilderAndBufferTest"/>
  <testcase name="testBuilderAppend" time="0,000" classname="cviceni.StringBuilderAndBufferTest"/>
  <testcase name="testBuilderAppend" time="0,000" classname="cviceni.StringBuilderAndBufferTest"/>
  <testcase name="testBuilderAppendDelete" time="0,000" classname="cviceni.StringBuilderAndBufferTest"/>
  <testcase name="testBufferAppend" time="0,000" classname="cviceni.StringBuilderAndBufferTest"/>
  <testcase name="testBuilderAppend" time="0,000" classname="cviceni.StringBuilderAndBufferTest"/>
  <testcase name="testBufferAppend" time="0,000" classname="cviceni.StringBuilderAndBufferTest"/>
  <testcase name="testBuilderAppend" time="0,000" classname="cviceni.StringBuilderAndBufferTest"/>
  <testcase name="testBufferAppendDelete" time="0,001" classname="cviceni.StringBuilderAndBufferTest"/>
  <testcase name="testBuilderAppend" time="0,001" classname="cviceni.StringBuilderAndBufferTest"/>
  <testcase name="testBuilderAppend" time="0,000" classname="cviceni.StringBuilderAndBufferTest"/>
  <testcase name="testBufferAppend" time="0,001" classname="cviceni.StringBuilderAndBufferTest"/>
  <testcase name="testBuilderAppend" time="0,000" classname="cviceni.StringBuilderAndBufferTest"/>
  <testcase name="testBuilderAppendDelete" time="0,001" classname="cviceni.StringBuilderAndBufferTest"/>
  <testcase name="testBuilderAppend" time="0,001" classname="cviceni.StringBuilderAndBufferTest"/>
  <testcase name="testBuilderAppendDelete" time="0,000" classname="cviceni.StringBuilderAndBufferTest"/>
  <testcase name="testBufferAppend" time="0,001" classname="cviceni.StringBuilderAndBufferTest"/>
  <testcase name="testBuilderAppend" time="0,000" classname="cviceni.StringBuilderAndBufferTest"/>
  <testcase name="testBuilderAppend" time="0,000" classname="cviceni.StringBuilderAndBufferTest"/>
  <testcase name="testBuilderAppendDelete" time="0,000" classname="cviceni.StringBuilderAndBufferTest"/>
  <testcase name="testBufferAppendDelete" time="0,000" classname="cviceni.StringBuilderAndBufferTest"/>
  <testcase name="testBufferAppendDelete" time="0,000" classname="cviceni.StringBuilderAndBufferTest"/>
  <testcase name="testBuilderAppendDelete" time="0,001" classname="cviceni.StringBuilderAndBufferTest"/>
  <testcase name="testBuilderAppendDelete" time="0,001" classname="cviceni.StringBuilderAndBufferTest"/>
  <testcase name="testBufferAppendDelete" time="0,000" classname="cviceni.StringBuilderAndBufferTest"/>
  <testcase name="testBufferAppend" time="0,000" classname="cviceni.StringBuilderAndBufferTest"/>
  <testcase name="testBufferAppend" time="0,000" classname="cviceni.StringBuilderAndBufferTest"/>
  <testcase name="testBufferAppend" time="0,000" classname="cviceni.StringBuilderAndBufferTest"/>
  <testcase name="testBuilderAppend" time="0,001" classname="cviceni.StringBuilderAndBufferTest"/>
  <testcase name="testBufferAppend" time="0,000" classname="cviceni.StringBuilderAndBufferTest"/>
  <testcase name="testBuilderAppend" time="0,000" classname="cviceni.StringBuilderAndBufferTest"/>
  <testcase name="testBuilderAppend" time="0,000" classname="cviceni.StringBuilderAndBufferTest"/>
  <testcase name="testBuilderAppend" time="0,000" classname="cviceni.StringBuilderAndBufferTest"/>
  <testcase name="testBufferAppendDelete" time="0,001" classname="cviceni.StringBuilderAndBufferTest"/>
  <testcase name="testBufferAppendDelete" time="0,000" classname="cviceni.StringBuilderAndBufferTest"/>
  <testcase name="testBuilderAppendDelete" time="0,000" classname="cviceni.StringBuilderAndBufferTest"/>
  <testcase name="testBuilderAppendDelete" time="0,000" classname="cviceni.StringBuilderAndBufferTest"/>
  <testcase name="testBufferAppend" time="0,000" classname="cviceni.StringBuilderAndBufferTest"/>
  <testcase name="testBuilderAppend" time="0,000" classname="cviceni.StringBuilderAndBufferTest"/>
  <testcase name="testBuilderAppend" time="0,001" classname="cviceni.StringBuilderAndBufferTest"/>
  <testcase name="testBufferAppend" time="0,001" classname="cviceni.StringBuilderAndBufferTest"/>
  <testcase name="testBufferAppendDelete" time="0,000" classname="cviceni.StringBuilderAndBufferTest"/>
  <testcase name="testBuilderAppend" time="0,000" classname="cviceni.StringBuilderAndBufferTest"/>
  <testcase name="testBufferAppendDelete" time="0,000" classname="cviceni.StringBuilderAndBufferTest"/>
  <testcase name="testBuilderAppendDelete" time="0,000" classname="cviceni.StringBuilderAndBufferTest"/>
  <testcase name="testBuilderAppend" time="0,001" classname="cviceni.StringBuilderAndBufferTest"/>
  <testcase name="testBuilderAppendDelete" time="0,000" classname="cviceni.StringBuilderAndBufferTest"/>
  <testcase name="testBufferAppend" time="0,001" classname="cviceni.StringBuilderAndBufferTest"/>
  <testcase name="testBuilderAppend" time="0,000" classname="cviceni.StringBuilderAndBufferTest"/>
  <testcase name="testBuilderAppend" time="0,000" classname="cviceni.StringBuilderAndBufferTest"/>
  <testcase name="testBuilderAppend" time="0,000" classname="cviceni.StringBuilderAndBufferTest"/>
  <testcase name="testBufferAppendDelete" time="0,000" classname="cviceni.StringBuilderAndBufferTest"/>
  <testcase name="testBuilderAppend" time="0,000" classname="cviceni.StringBuilderAndBufferTest"/>
  <testcase name="testBufferAppendDelete" time="0,001" classname="cviceni.StringBuilderAndBufferTest"/>
  <testcase name="testBufferAppend" time="0,000" classname="cviceni.StringBuilderAndBufferTest"/>
  <testcase name="testBuilderAppend" time="0,000" classname="cviceni.StringBuilderAndBufferTest"/>
  <testcase name="testBuilderAppend" time="0,001" classname="cviceni.StringBuilderAndBufferTest"/>
  <testcase name="testBuilderAppendDelete" time="0,000" classname="cviceni.StringBuilderAndBufferTest"/>
  <testcase name="testBuilderAppend" time="0,000" classname="cviceni.StringBuilderAndBufferTest"/>
  <testcase name="testBuilderAppendDelete" time="0,000" classname="cviceni.StringBuilderAndBufferTest"/>
  <testcase name="testBuilderAppendDelete" time="0,001" classname="cviceni.StringBuilderAndBufferTest"/>
  <testcase name="testBuilderAppendDelete" time="0,001" classname="cviceni.StringBuilderAndBufferTest"/>
  <testcase name="testBuilderAppendDelete" time="0,000" classname="cviceni.StringBuilderAndBufferTest"/>
  <testcase name="testBuilderAppend" time="0,000" classname="cviceni.StringBuilderAndBufferTest"/>
  <testcase name="testBufferAppend" time="0,001" classname="cviceni.StringBuilderAndBufferTest"/>
  <testcase name="testBuilderAppendDelete" time="0,000" classname="cviceni.StringBuilderAndBufferTest"/>
  <testcase name="testBuilderAppendDelete" time="0,000" classname="cviceni.StringBuilderAndBufferTest"/>
  <testcase name="testBufferAppend" time="0,000" classname="cviceni.StringBuilderAndBufferTest"/>
  <testcase name="testBufferAppend" time="0,001" classname="cviceni.StringBuilderAndBufferTest"/>
  <testcase name="testBuilderAppend" time="0,001" classname="cviceni.StringBuilderAndBufferTest"/>
  <testcase name="testBufferAppendDelete" time="0,000" classname="cviceni.StringBuilderAndBufferTest"/>
  <testcase name="testBuilderAppend" time="0,000" classname="cviceni.StringBuilderAndBufferTest"/>
  <testcase name="testBuilderAppendDelete" time="0,014" classname="cviceni.StringBuilderAndBufferTest"/>
  <testcase name="testBuilderAppend" time="0,001" classname="cviceni.StringBuilderAndBufferTest"/>
  <testcase name="testBufferAppendDelete" time="0,000" classname="cviceni.StringBuilderAndBufferTest"/>
  <testcase name="testBufferAppend" time="0,000" classname="cviceni.StringBuilderAndBufferTest"/>
  <testcase name="testBufferAppendDelete" time="0,001" classname="cviceni.StringBuilderAndBufferTest"/>
  <testcase name="testBuilderAppendDelete" time="0,000" classname="cviceni.StringBuilderAndBufferTest"/>
  <testcase name="testBufferAppendDelete" time="0,001" classname="cviceni.StringBuilderAndBufferTest"/>
  <testcase name="testBuilderAppendDelete" time="0,000" classname="cviceni.StringBuilderAndBufferTest"/>
  <testcase name="testBufferAppend" time="0,000" classname="cviceni.StringBuilderAndBufferTest"/>
  <testcase name="testBuilderAppendDelete" time="0,000" classname="cviceni.StringBuilderAndBufferTest"/>
  <testcase name="testBuilderAppendDelete" time="0,000" classname="cviceni.StringBuilderAndBufferTest"/>
  <testcase name="testBufferAppendDelete" time="0,000" classname="cviceni.StringBuilderAndBufferTest"/>
  <testcase name="testBufferAppendDelete" time="0,001" classname="cviceni.StringBuilderAndBufferTest"/>
  <testcase name="testBuilderAppendDelete" time="0,000" classname="cviceni.StringBuilderAndBufferTest"/>
  <testcase name="testBuilderAppendDelete" time="0,000" classname="cviceni.StringBuilderAndBufferTest"/>
  <testcase name="testBuilderAppendDelete" time="0,000" classname="cviceni.StringBuilderAndBufferTest"/>
  <testcase name="testBufferAppendDelete" time="0,000" classname="cviceni.StringBuilderAndBufferTest"/>
  <testcase name="testBufferAppendDelete" time="0,001" classname="cviceni.StringBuilderAndBufferTest"/>
  <testcase name="testBufferAppendDelete" time="0,001" classname="cviceni.StringBuilderAndBufferTest"/>
  <testcase name="testBufferAppendDelete" time="0,000" classname="cviceni.StringBuilderAndBufferTest"/>
  <testcase name="testBufferAppendDelete" time="0,000" classname="cviceni.StringBuilderAndBufferTest"/>
  <testcase name="testBufferAppendDelete" time="0,000" classname="cviceni.StringBuilderAndBufferTest"/>
  <testcase name="testBufferAppendDelete" time="0,000" classname="cviceni.StringBuilderAndBufferTest"/>
  <testcase name="testBuilderAppendDelete" time="0,000" classname="cviceni.StringBuilderAndBufferTest"/>
  <testcase name="testBuilderAppend" time="0,001" classname="cviceni.StringBuilderAndBufferTest"/>
  <testcase name="testBuilderAppendDelete" time="0,001" classname="cviceni.StringBuilderAndBufferTest"/>
  <testcase name="testBuilderAppend" time="0,000" classname="cviceni.StringBuilderAndBufferTest"/>
  <testcase name="testBufferAppend" time="0,001" classname="cviceni.StringBuilderAndBufferTest"/>
  <testcase name="testBufferAppendDelete" time="0,001" classname="cviceni.StringBuilderAndBufferTest"/>
  <testcase name="testBuilderAppendDelete" time="0,000" classname="cviceni.StringBuilderAndBufferTest"/>
  <testcase name="testBufferAppend" time="0,000" classname="cviceni.StringBuilderAndBufferTest"/>
  <testcase name="testBuilderAppendDelete" time="0,000" classname="cviceni.StringBuilderAndBufferTest"/>
  <testcase name="testBufferAppendDelete" time="0,001" classname="cviceni.StringBuilderAndBufferTest"/>
  <testcase name="testBuilderAppendDelete" time="0,000" classname="cviceni.StringBuilderAndBufferTest"/>
  <testcase name="testBufferAppend" time="0,000" classname="cviceni.StringBuilderAndBufferTest"/>
  <testcase name="testBuilderAppend" time="0,000" classname="cviceni.StringBuilderAndBufferTest"/>
  <testcase name="testBuilderAppend" time="0,000" classname="cviceni.StringBuilderAndBufferTest"/>
  <testcase name="testBufferAppendDelete" time="0,000" classname="cviceni.StringBuilderAndBufferTest"/>
  <testcase name="testBuilderAppend" time="0,000" classname="cviceni.StringBuilderAndBufferTest"/>
  <testcase name="testBuilderAppend" time="0,001" classname="cviceni.StringBuilderAndBufferTest"/>
  <testcase name="testBuilderAppendDelete" time="0,000" classname="cviceni.StringBuilderAndBufferTest"/>
  <testcase name="testBufferAppendDelete" time="0,001" classname="cviceni.StringBuilderAndBufferTest"/>
  <testcase name="testBufferAppendDelete" time="0,001" classname="cviceni.StringBuilderAndBufferTest"/>
  <testcase name="testBuilderAppendDelete" time="0,000" classname="cviceni.StringBuilderAndBufferTest"/>
  <testcase name="testBufferAppendDelete" time="0,000" classname="cviceni.StringBuilderAndBufferTest"/>
  <testcase name="testBufferAppendDelete" time="0,001" classname="cviceni.StringBuilderAndBufferTest"/>
  <testcase name="testBufferAppend" time="0,001" classname="cviceni.StringBuilderAndBufferTest"/>
  <testcase name="testBufferAppendDelete" time="0,000" classname="cviceni.StringBuilderAndBufferTest"/>
  <testcase name="testBuilderAppend" time="0,000" classname="cviceni.StringBuilderAndBufferTest"/>
  <testcase name="testBufferAppendDelete" time="0,001" classname="cviceni.StringBuilderAndBufferTest"/>
  <testcase name="testBufferAppendDelete" time="0,000" classname="cviceni.StringBuilderAndBufferTest"/>
  <testcase name="testBufferAppendDelete" time="0,000" classname="cviceni.StringBuilderAndBufferTest"/>
  <testcase name="testBuilderAppend" time="0,000" classname="cviceni.StringBuilderAndBufferTest"/>
  <testcase name="testBufferAppend" time="0,001" classname="cviceni.StringBuilderAndBufferTest"/>
  <testcase name="testBuilderAppendDelete" time="0,000" classname="cviceni.StringBuilderAndBufferTest"/>
  <testcase name="testBufferAppend" time="0,001" classname="cviceni.StringBuilderAndBufferTest"/>
  <testcase name="testBuilderAppendDelete" time="0,000" classname="cviceni.StringBuilderAndBufferTest"/>
  <testcase name="testBuilderAppendDelete" time="0,000" classname="cviceni.StringBuilderAndBufferTest"/>
  <testcase name="testBufferAppend" time="0,000" classname="cviceni.StringBuilderAndBufferTest"/>
  <testcase name="testBufferAppendDelete" time="0,001" classname="cviceni.StringBuilderAndBufferTest"/>
  <testcase name="testBufferAppend" time="0,000" classname="cviceni.StringBuilderAndBufferTest"/>
  <testcase name="testBufferAppend" time="0,001" classname="cviceni.StringBuilderAndBufferTest"/>
  <testcase name="testBuilderAppend" time="0,000" classname="cviceni.StringBuilderAndBufferTest"/>
  <testcase name="testBufferAppendDelete" time="0,001" classname="cviceni.StringBuilderAndBufferTest"/>
  <testcase name="testBufferAppend" time="0,001" classname="cviceni.StringBuilderAndBufferTest"/>
  <testcase name="testBufferAppend" time="0,000" classname="cviceni.StringBuilderAndBufferTest"/>
  <testcase name="testBufferAppend" time="0,001" classname="cviceni.StringBuilderAndBufferTest"/>
  <testcase name="testBufferAppendDelete" time="0,001" classname="cviceni.StringBuilderAndBufferTest"/>
  <testcase name="testBufferAppend" time="0,000" classname="cviceni.StringBuilderAndBufferTest"/>
  <testcase name="testBufferAppend" time="0,000" classname="cviceni.StringBuilderAndBufferTest"/>
  <testcase name="testBuilderAppendDelete" time="0,000" classname="cviceni.StringBuilderAndBufferTest"/>
  <testcase name="testBuilderAppend" time="0,000" classname="cviceni.StringBuilderAndBufferTest"/>
  <testcase name="testBufferAppendDelete" time="0,000" classname="cviceni.StringBuilderAndBufferTest"/>
  <testcase name="testBuilderAppend" time="0,001" classname="cviceni.StringBuilderAndBufferTest"/>
  <testcase name="testBufferAppendDelete" time="0,000" classname="cviceni.StringBuilderAndBufferTest"/>
  <testcase name="testBufferAppend" time="0,001" classname="cviceni.StringBuilderAndBufferTest"/>
  <testcase name="testBufferAppendDelete" time="0,001" classname="cviceni.StringBuilderAndBufferTest"/>
  <testcase name="testBuilderAppend" time="0,000" classname="cviceni.StringBuilderAndBufferTest"/>
  <testcase name="testBufferAppend" time="0,001" classname="cviceni.StringBuilderAndBufferTest"/>
  <testcase name="testBufferAppendDelete" time="0,000" classname="cviceni.StringBuilderAndBufferTest"/>
  <testcase name="testBufferAppend" time="0,000" classname="cviceni.StringBuilderAndBufferTest"/>
  <testcase name="testBufferAppend" time="0,000" classname="cviceni.StringBuilderAndBufferTest"/>
  <testcase name="testBufferAppendDelete" time="0,001" classname="cviceni.StringBuilderAndBufferTest"/>
  <testcase name="testBufferAppendDelete" time="0,001" classname="cviceni.StringBuilderAndBufferTest"/>
  <testcase name="testBufferAppendDelete" time="0,000" classname="cviceni.StringBuilderAndBufferTest"/>
  <testcase name="testBuilderAppend" time="0,001" classname="cviceni.StringBuilderAndBufferTest"/>
  <testcase name="testBufferAppendDelete" time="0,001" classname="cviceni.StringBuilderAndBufferTest"/>
  <testcase name="testBufferAppendDelete" time="0,000" classname="cviceni.StringBuilderAndBufferTest"/>
  <testcase name="testBufferAppendDelete" time="0,000" classname="cviceni.StringBuilderAndBufferTest"/>
  <testcase name="testBuilderAppendDelete" time="0,000" classname="cviceni.StringBuilderAndBufferTest"/>
  <testcase name="testBuilderAppendDelete" time="0,000" classname="cviceni.StringBuilderAndBufferTest"/>
  <testcase name="testBuilderAppendDelete" time="0,000" classname="cviceni.StringBuilderAndBufferTest"/>
  <testcase name="testBuilderAppendDelete" time="0,000" classname="cviceni.StringBuilderAndBufferTest"/>
  <testcase name="testBufferAppendDelete" time="0,000" classname="cviceni.StringBuilderAndBufferTest"/>
  <testcase name="testBufferAppendDelete" time="0,000" classname="cviceni.StringBuilderAndBufferTest"/>
  <testcase name="testBuilderAppend" time="0,000" classname="cviceni.StringBuilderAndBufferTest"/>
  <testcase name="testBufferAppendDelete" time="0,000" classname="cviceni.StringBuilderAndBufferTest"/>
  <testcase name="testBufferAppend" time="0,000" classname="cviceni.StringBuilderAndBufferTest"/>
  <testcase name="testBufferAppend" time="0,001" classname="cviceni.StringBuilderAndBufferTest"/>
  <testcase name="testBuilderAppend" time="0,000" classname="cviceni.StringBuilderAndBufferTest"/>
  <testcase name="testBuilderAppend" time="0,000" classname="cviceni.StringBuilderAndBufferTest"/>
  <testcase name="testBuilderAppend" time="0,001" classname="cviceni.StringBuilderAndBufferTest"/>
  <testcase name="testBufferAppendDelete" time="0,000" classname="cviceni.StringBuilderAndBufferTest"/>
  <testcase name="testBuilderAppendDelete" time="0,001" classname="cviceni.StringBuilderAndBufferTest"/>
  <testcase name="testBuilderAppendDelete" time="0,000" classname="cviceni.StringBuilderAndBufferTest"/>
  <testcase name="testBufferAppendDelete" time="0,000" classname="cviceni.StringBuilderAndBufferTest"/>
  <testcase name="testBuilderAppend" time="0,000" classname="cviceni.StringBuilderAndBufferTest"/>
  <testcase name="testBuilderAppend" time="0,000" classname="cviceni.StringBuilderAndBufferTest"/>
  <testcase name="testBufferAppendDelete" time="0,000" classname="cviceni.StringBuilderAndBufferTest"/>
  <testcase name="testBuilderAppend" time="0,000" classname="cviceni.StringBuilderAndBufferTest"/>
  <testcase name="testBuilderAppendDelete" time="0,000" classname="cviceni.StringBuilderAndBufferTest"/>
  <testcase name="testBufferAppendDelete" time="0,000" classname="cviceni.StringBuilderAndBufferTest"/>
  <testcase name="testBuilderAppendDelete" time="0,000" classname="cviceni.StringBuilderAndBufferTest"/>
  <testcase name="testBufferAppendDelete" time="0,000" classname="cviceni.StringBuilderAndBufferTest"/>
  <testcase name="testBufferAppendDelete" time="0,000" classname="cviceni.StringBuilderAndBufferTest"/>
  <testcase name="testBufferAppendDelete" time="0,000" classname="cviceni.StringBuilderAndBufferTest"/>
  <testcase name="testBufferAppend" time="0,001" classname="cviceni.StringBuilderAndBufferTest"/>
  <testcase name="testBufferAppendDelete" time="0,001" classname="cviceni.StringBuilderAndBufferTest"/>
  <testcase name="testBufferAppendDelete" time="0,000" classname="cviceni.StringBuilderAndBufferTest"/>
  <testcase name="testBuilderAppend" time="0,001" classname="cviceni.StringBuilderAndBufferTest"/>
  <testcase name="testBufferAppend" time="0,000" classname="cviceni.StringBuilderAndBufferTest"/>
  <testcase name="testBuilderAppend" time="0,000" classname="cviceni.StringBuilderAndBufferTest"/>
  <testcase name="testBuilderAppend" time="0,001" classname="cviceni.StringBuilderAndBufferTest"/>
  <testcase name="testBuilderAppendDelete" time="0,001" classname="cviceni.StringBuilderAndBufferTest"/>
  <testcase name="testBufferAppendDelete" time="0,000" classname="cviceni.StringBuilderAndBufferTest"/>
  <testcase name="testBuilderAppendDelete" time="0,000" classname="cviceni.StringBuilderAndBufferTest"/>
  <testcase name="testBufferAppend" time="0,000" classname="cviceni.StringBuilderAndBufferTest"/>
  <testcase name="testBufferAppendDelete" time="0,000" classname="cviceni.StringBuilderAndBufferTest"/>
  <testcase name="testBufferAppend" time="0,000" classname="cviceni.StringBuilderAndBufferTest"/>
  <testcase name="testBufferAppend" time="0,000" classname="cviceni.StringBuilderAndBufferTest"/>
  <testcase name="testBuilderAppendDelete" time="0,000" classname="cviceni.StringBuilderAndBufferTest"/>
  <testcase name="testBuilderAppendDelete" time="0,000" classname="cviceni.StringBuilderAndBufferTest"/>
  <testcase name="testBufferAppendDelete" time="0,000" classname="cviceni.StringBuilderAndBufferTest"/>
  <testcase name="testBuilderAppendDelete" time="0,000" classname="cviceni.StringBuilderAndBufferTest"/>
  <testcase name="testBufferAppendDelete" time="0,000" classname="cviceni.StringBuilderAndBufferTest"/>
  <testcase name="testBufferAppendDelete" time="0,000" classname="cviceni.StringBuilderAndBufferTest"/>
  <testcase name="testBuilderAppendDelete" time="0,001" classname="cviceni.StringBuilderAndBufferTest"/>
  <testcase name="testBuilderAppendDelete" time="0,000" classname="cviceni.StringBuilderAndBufferTest"/>
  <testcase name="testBufferAppendDelete" time="0,000" classname="cviceni.StringBuilderAndBufferTest"/>
  <testcase name="testBuilderAppend" time="0,000" classname="cviceni.StringBuilderAndBufferTest"/>
  <testcase name="testBuilderAppendDelete" time="0,000" classname="cviceni.StringBuilderAndBufferTest"/>
  <testcase name="testBufferAppend" time="0,001" classname="cviceni.StringBuilderAndBufferTest"/>
  <testcase name="testBuilderAppendDelete" time="0,001" classname="cviceni.StringBuilderAndBufferTest"/>
  <testcase name="testBuilderAppendDelete" time="0,001" classname="cviceni.StringBuilderAndBufferTest"/>
  <testcase name="testBuilderAppendDelete" time="0,000" classname="cviceni.StringBuilderAndBufferTest"/>
  <testcase name="testBufferAppendDelete" time="0,001" classname="cviceni.StringBuilderAndBufferTest"/>
  <testcase name="testBufferAppendDelete" time="0,001" classname="cviceni.StringBuilderAndBufferTest"/>
  <testcase name="testBuilderAppend" time="0,000" classname="cviceni.StringBuilderAndBufferTest"/>
  <testcase name="testBuilderAppend" time="0,000" classname="cviceni.StringBuilderAndBufferTest"/>
  <testcase name="testBufferAppendDelete" time="0,001" classname="cviceni.StringBuilderAndBufferTest"/>
  <testcase name="testBuilderAppend" time="0,000" classname="cviceni.StringBuilderAndBufferTest"/>
  <testcase name="testBufferAppend" time="0,000" classname="cviceni.StringBuilderAndBufferTest"/>
  <testcase name="testBuilderAppendDelete" time="0,000" classname="cviceni.StringBuilderAndBufferTest"/>
  <testcase name="testBufferAppend" time="0,000" classname="cviceni.StringBuilderAndBufferTest"/>
  <testcase name="testBuilderAppend" time="0,000" classname="cviceni.StringBuilderAndBufferTest"/>
  <testcase name="testBuilderAppend" time="0,000" classname="cviceni.StringBuilderAndBufferTest"/>
  <testcase name="testBuilderAppend" time="0,000" classname="cviceni.StringBuilderAndBufferTest"/>
  <testcase name="testBufferAppendDelete" time="0,000" classname="cviceni.StringBuilderAndBufferTest"/>
  <testcase name="testBuilderAppendDelete" time="0,001" classname="cviceni.StringBuilderAndBufferTest"/>
  <testcase name="testBufferAppendDelete" time="0,000" classname="cviceni.StringBuilderAndBufferTest"/>
  <testcase name="testBufferAppend" time="0,000" classname="cviceni.StringBuilderAndBufferTest"/>
  <testcase name="testBuilderAppendDelete" time="0,000" classname="cviceni.StringBuilderAndBufferTest"/>
  <testcase name="testBuilderAppend" time="0,000" classname="cviceni.StringBuilderAndBufferTest"/>
  <testcase name="testBufferAppend" time="0,000" classname="cviceni.StringBuilderAndBufferTest"/>
  <testcase name="testBufferAppend" time="0,000" classname="cviceni.StringBuilderAndBufferTest"/>
  <testcase name="testBuilderAppend" time="0,000" classname="cviceni.StringBuilderAndBufferTest"/>
  <testcase name="testBuilderAppendDelete" time="0,000" classname="cviceni.StringBuilderAndBufferTest"/>
  <testcase name="testBufferAppendDelete" time="0,001" classname="cviceni.StringBuilderAndBufferTest"/>
  <testcase name="testBufferAppend" time="0,000" classname="cviceni.StringBuilderAndBufferTest"/>
  <testcase name="testBufferAppend" time="0,000" classname="cviceni.StringBuilderAndBufferTest"/>
  <testcase name="testBufferAppendDelete" time="0,001" classname="cviceni.StringBuilderAndBufferTest"/>
  <testcase name="testBufferAppend" time="0,000" classname="cviceni.StringBuilderAndBufferTest"/>
  <testcase name="testBufferAppend" time="0,000" classname="cviceni.StringBuilderAndBufferTest"/>
  <testcase name="testBuilderAppend" time="0,000" classname="cviceni.StringBuilderAndBufferTest"/>
  <testcase name="testBuilderAppend" time="0,000" classname="cviceni.StringBuilderAndBufferTest"/>
  <testcase name="testBufferAppendDelete" time="0,000" classname="cviceni.StringBuilderAndBufferTest"/>
  <testcase name="testBuilderAppend" time="0,000" classname="cviceni.StringBuilderAndBufferTest"/>
  <testcase name="testBufferAppendDelete" time="0,000" classname="cviceni.StringBuilderAndBufferTest"/>
  <testcase name="testBuilderAppend" time="0,000" classname="cviceni.StringBuilderAndBufferTest"/>
  <testcase name="testBufferAppend" time="0,001" classname="cviceni.StringBuilderAndBufferTest"/>
  <testcase name="testBuilderAppend" time="0,001" classname="cviceni.StringBuilderAndBufferTest"/>
  <testcase name="testBuilderAppend" time="0,000" classname="cviceni.StringBuilderAndBufferTest"/>
  <testcase name="testBuilderAppendDelete" time="0,000" classname="cviceni.StringBuilderAndBufferTest"/>
  <testcase name="testBuilderAppend" time="0,000" classname="cviceni.StringBuilderAndBufferTest"/>
  <testcase name="testBuilderAppend" time="0,000" classname="cviceni.StringBuilderAndBufferTest"/>
  <testcase name="testBuilderAppendDelete" time="0,001" classname="cviceni.StringBuilderAndBufferTest"/>
  <testcase name="testBufferAppend" time="0,001" classname="cviceni.StringBuilderAndBufferTest"/>
  <testcase name="testBufferAppend" time="0,000" classname="cviceni.StringBuilderAndBufferTest"/>
  <testcase name="testBufferAppend" time="0,000" classname="cviceni.StringBuilderAndBufferTest"/>
  <testcase name="testBuilderAppend" time="0,000" classname="cviceni.StringBuilderAndBufferTest"/>
  <testcase name="testBufferAppendDelete" time="0,000" classname="cviceni.StringBuilderAndBufferTest"/>
  <testcase name="testBufferAppend" time="0,000" classname="cviceni.StringBuilderAndBufferTest"/>
  <testcase name="testBuilderAppend" time="0,001" classname="cviceni.StringBuilderAndBufferTest"/>
  <testcase name="testBuilderAppendDelete" time="0,001" classname="cviceni.StringBuilderAndBufferTest"/>
  <testcase name="testBuilderAppend" time="0,000" classname="cviceni.StringBuilderAndBufferTest"/>
  <testcase name="testBuilderAppendDelete" time="0,000" classname="cviceni.StringBuilderAndBufferTest"/>
  <testcase name="testBuilderAppendDelete" time="0,000" classname="cviceni.StringBuilderAndBufferTest"/>
  <testcase name="testBufferAppendDelete" time="0,001" classname="cviceni.StringBuilderAndBufferTest"/>
  <testcase name="testBuilderAppend" time="0,000" classname="cviceni.StringBuilderAndBufferTest"/>
  <testcase name="testBuilderAppendDelete" time="0,001" classname="cviceni.StringBuilderAndBufferTest"/>
  <testcase name="testBufferAppendDelete" time="0,000" classname="cviceni.StringBuilderAndBufferTest"/>
  <testcase name="testBufferAppendDelete" time="0,000" classname="cviceni.StringBuilderAndBufferTest"/>
  <testcase name="testBuilderAppendDelete" time="0,000" classname="cviceni.StringBuilderAndBufferTest"/>
  <testcase name="testBufferAppend" time="0,001" classname="cviceni.StringBuilderAndBufferTest"/>
  <testcase name="testBufferAppendDelete" time="0,001" classname="cviceni.StringBuilderAndBufferTest"/>
  <testcase name="testBuilderAppend" time="0,000" classname="cviceni.StringBuilderAndBufferTest"/>
  <testcase name="testBuilderAppend" time="0,000" classname="cviceni.StringBuilderAndBufferTest"/>
  <testcase name="testBufferAppendDelete" time="0,000" classname="cviceni.StringBuilderAndBufferTest"/>
  <testcase name="testBuilderAppendDelete" time="0,000" classname="cviceni.StringBuilderAndBufferTest"/>
  <testcase name="testBufferAppend" time="0,000" classname="cviceni.StringBuilderAndBufferTest"/>
  <testcase name="testBuilderAppend" time="0,000" classname="cviceni.StringBuilderAndBufferTest"/>
  <testcase name="testBufferAppendDelete" time="0,001" classname="cviceni.StringBuilderAndBufferTest"/>
  <testcase name="testBufferAppendDelete" time="0,000" classname="cviceni.StringBuilderAndBufferTest"/>
  <testcase name="testBuilderAppend" time="0,001" classname="cviceni.StringBuilderAndBufferTest"/>
  <testcase name="testBufferAppend" time="0,000" classname="cviceni.StringBuilderAndBufferTest"/>
  <testcase name="testBufferAppend" time="0,000" classname="cviceni.StringBuilderAndBufferTest"/>
  <testcase name="testBuilderAppendDelete" time="0,000" classname="cviceni.StringBuilderAndBufferTest"/>
  <testcase name="testBuilderAppend" time="0,150" classname="cviceni.StringBuilderAndBufferTest"/>
  <testcase name="testBufferAppendDelete" time="0,000" classname="cviceni.StringBuilderAndBufferTest"/>
  <testcase name="testBuilderAppend" time="0,000" classname="cviceni.StringBuilderAndBufferTest"/>
  <testcase name="testBufferAppend" time="0,000" classname="cviceni.StringBuilderAndBufferTest"/>
  <testcase name="testBufferAppendDelete" time="0,000" classname="cviceni.StringBuilderAndBufferTest"/>
  <testcase name="testBuilderAppendDelete" time="0,000" classname="cviceni.StringBuilderAndBufferTest"/>
  <testcase name="testBufferAppendDelete" time="0,001" classname="cviceni.StringBuilderAndBufferTest"/>
  <testcase name="testBufferAppend" time="0,001" classname="cviceni.StringBuilderAndBufferTest"/>
  <testcase name="testBufferAppend" time="0,000" classname="cviceni.StringBuilderAndBufferTest"/>
  <testcase name="testBuilderAppendDelete" time="0,000" classname="cviceni.StringBuilderAndBufferTest"/>
  <testcase name="testBufferAppendDelete" time="0,000" classname="cviceni.StringBuilderAndBufferTest"/>
  <testcase name="testBufferAppendDelete" time="0,000" classname="cviceni.StringBuilderAndBufferTest"/>
  <testcase name="testBufferAppend" time="0,001" classname="cviceni.StringBuilderAndBufferTest"/>
  <testcase name="testBuilderAppend" time="0,001" classname="cviceni.StringBuilderAndBufferTest"/>
  <testcase name="testBuilderAppendDelete" time="0,001" classname="cviceni.StringBuilderAndBufferTest"/>
  <testcase name="testBufferAppend" time="0,000" classname="cviceni.StringBuilderAndBufferTest"/>
  <testcase name="testBuilderAppend" time="0,001" classname="cviceni.StringBuilderAndBufferTest"/>
  <testcase name="testBufferAppendDelete" time="0,001" classname="cviceni.StringBuilderAndBufferTest"/>
  <testcase name="testBuilderAppend" time="0,001" classname="cviceni.StringBuilderAndBufferTest"/>
  <testcase name="testBuilderAppendDelete" time="0,000" classname="cviceni.StringBuilderAndBufferTest"/>
  <testcase name="testBuilderAppendDelete" time="0,001" classname="cviceni.StringBuilderAndBufferTest"/>
  <testcase name="testBuilderAppendDelete" time="0,000" classname="cviceni.StringBuilderAndBufferTest"/>
  <testcase name="testBufferAppend" time="0,000" classname="cviceni.StringBuilderAndBufferTest"/>
  <testcase name="testBuilderAppend" time="0,000" classname="cviceni.StringBuilderAndBufferTest"/>
  <testcase name="testBuilderAppendDelete" time="0,000" classname="cviceni.StringBuilderAndBufferTest"/>
  <testcase name="testBufferAppendDelete" time="0,000" classname="cviceni.StringBuilderAndBufferTest"/>
  <testcase name="testBufferAppendDelete" time="0,000" classname="cviceni.StringBuilderAndBufferTest"/>
  <testcase name="testBufferAppendDelete" time="0,000" classname="cviceni.StringBuilderAndBufferTest"/>
  <testcase name="testBufferAppend" time="0,000" classname="cviceni.StringBuilderAndBufferTest"/>
  <testcase name="testBuilderAppendDelete" time="0,000" classname="cviceni.StringBuilderAndBufferTest"/>
  <testcase name="testBufferAppend" time="0,001" classname="cviceni.StringBuilderAndBufferTest"/>
  <testcase name="testBuilderAppendDelete" time="0,000" classname="cviceni.StringBuilderAndBufferTest"/>
  <testcase name="testBufferAppend" time="0,009" classname="cviceni.StringBuilderAndBufferTest"/>
  <testcase name="testBufferAppend" time="0,000" classname="cviceni.StringBuilderAndBufferTest"/>
  <testcase name="testBufferAppendDelete" time="0,001" classname="cviceni.StringBuilderAndBufferTest"/>
  <testcase name="testBuilderAppend" time="0,001" classname="cviceni.StringBuilderAndBufferTest"/>
  <testcase name="testBufferAppendDelete" time="0,000" classname="cviceni.StringBuilderAndBufferTest"/>
  <testcase name="testBuilderAppendDelete" time="0,001" classname="cviceni.StringBuilderAndBufferTest"/>
  <testcase name="testBuilderAppend" time="0,000" classname="cviceni.StringBuilderAndBufferTest"/>
  <testcase name="testBuilderAppend" time="0,000" classname="cviceni.StringBuilderAndBufferTest"/>
  <testcase name="testBuilderAppend" time="0,000" classname="cviceni.StringBuilderAndBufferTest"/>
  <testcase name="testBuilderAppend" time="0,005" classname="cviceni.StringBuilderAndBufferTest"/>
  <testcase name="testBufferAppendDelete" time="0,000" classname="cviceni.StringBuilderAndBufferTest"/>
  <testcase name="testBuilderAppend" time="0,000" classname="cviceni.StringBuilderAndBufferTest"/>
  <testcase name="testBuilderAppendDelete" time="0,000" classname="cviceni.StringBuilderAndBufferTest"/>
  <testcase name="testBuilderAppend" time="0,000" classname="cviceni.StringBuilderAndBufferTest"/>
  <testcase name="testBuilderAppendDelete" time="0,000" classname="cviceni.StringBuilderAndBufferTest"/>
  <testcase name="testBuilderAppendDelete" time="0,001" classname="cviceni.StringBuilderAndBufferTest"/>
  <testcase name="testBufferAppendDelete" time="0,000" classname="cviceni.StringBuilderAndBufferTest"/>
  <testcase name="testBufferAppend" time="0,000" classname="cviceni.StringBuilderAndBufferTest"/>
  <testcase name="testBufferAppendDelete" time="0,001" classname="cviceni.StringBuilderAndBufferTest"/>
  <testcase name="testBuilderAppendDelete" time="0,000" classname="cviceni.StringBuilderAndBufferTest"/>
  <testcase name="testBuilderAppend" time="0,000" classname="cviceni.StringBuilderAndBufferTest"/>
  <testcase name="testBufferAppendDelete" time="0,000" classname="cviceni.StringBuilderAndBufferTest"/>
  <testcase name="testBufferAppendDelete" time="0,000" classname="cviceni.StringBuilderAndBufferTest"/>
  <testcase name="testBuilderAppendDelete" time="0,000" classname="cviceni.StringBuilderAndBufferTest"/>
  <testcase name="testBufferAppendDelete" time="0,000" classname="cviceni.StringBuilderAndBufferTest"/>
  <testcase name="testBuilderAppendDelete" time="0,000" classname="cviceni.StringBuilderAndBufferTest"/>
  <testcase name="testBuilderAppendDelete" time="0,000" classname="cviceni.StringBuilderAndBufferTest"/>
  <testcase name="testBuilderAppendDelete" time="0,000" classname="cviceni.StringBuilderAndBufferTest"/>
  <testcase name="testBufferAppendDelete" time="0,000" classname="cviceni.StringBuilderAndBufferTest"/>
  <testcase name="testBufferAppend" time="0,000" classname="cviceni.StringBuilderAndBufferTest"/>
  <testcase name="testBufferAppendDelete" time="0,001" classname="cviceni.StringBuilderAndBufferTest"/>
  <testcase name="testBuilderAppendDelete" time="0,000" classname="cviceni.StringBuilderAndBufferTest"/>
  <testcase name="testBufferAppend" time="0,000" classname="cviceni.StringBuilderAndBufferTest"/>
  <testcase name="testBuilderAppend" time="0,000" classname="cviceni.StringBuilderAndBufferTest"/>
  <testcase name="testBuilderAppendDelete" time="0,000" classname="cviceni.StringBuilderAndBufferTest"/>
  <testcase name="testBuilderAppendDelete" time="0,000" classname="cviceni.StringBuilderAndBufferTest"/>
  <testcase name="testBufferAppendDelete" time="0,000" classname="cviceni.StringBuilderAndBufferTest"/>
  <testcase name="testBufferAppend" time="0,000" classname="cviceni.StringBuilderAndBufferTest"/>
  <testcase name="testBuilderAppend" time="0,000" classname="cviceni.StringBuilderAndBufferTest"/>
  <testcase name="testBufferAppendDelete" time="0,000" classname="cviceni.StringBuilderAndBufferTest"/>
  <testcase name="testBufferAppendDelete" time="0,000" classname="cviceni.StringBuilderAndBufferTest"/>
  <testcase name="testBufferAppendDelete" time="0,001" classname="cviceni.StringBuilderAndBufferTest"/>
  <testcase name="testBufferAppendDelete" time="0,000" classname="cviceni.StringBuilderAndBufferTest"/>
  <testcase name="testBuilderAppendDelete" time="0,000" classname="cviceni.StringBuilderAndBufferTest"/>
  <testcase name="testBuilderAppend" time="0,000" classname="cviceni.StringBuilderAndBufferTest"/>
  <testcase name="testBufferAppendDelete" time="0,001" classname="cviceni.StringBuilderAndBufferTest"/>
  <testcase name="testBufferAppendDelete" time="0,000" classname="cviceni.StringBuilderAndBufferTest"/>
  <testcase name="testBufferAppendDelete" time="0,000" classname="cviceni.StringBuilderAndBufferTest"/>
  <testcase name="testBuilderAppend" time="0,000" classname="cviceni.StringBuilderAndBufferTest"/>
  <testcase name="testBuilderAppendDelete" time="0,000" classname="cviceni.StringBuilderAndBufferTest"/>
  <testcase name="testBufferAppendDelete" time="0,000" classname="cviceni.StringBuilderAndBufferTest"/>
  <testcase name="testBuilderAppendDelete" time="0,000" classname="cviceni.StringBuilderAndBufferTest"/>
  <testcase name="testBufferAppendDelete" time="0,000" classname="cviceni.StringBuilderAndBufferTest"/>
  <testcase name="testBuilderAppendDelete" time="0,001" classname="cviceni.StringBuilderAndBufferTest"/>
  <testcase name="testBufferAppend" time="0,000" classname="cviceni.StringBuilderAndBufferTest"/>
  <testcase name="testBufferAppend" time="0,000" classname="cviceni.StringBuilderAndBufferTest"/>
  <testcase name="testBuilderAppend" time="0,000" classname="cviceni.StringBuilderAndBufferTest"/>
  <testcase name="testBuilderAppendDelete" time="0,000" classname="cviceni.StringBuilderAndBufferTest"/>
  <testcase name="testBufferAppendDelete" time="0,001" classname="cviceni.StringBuilderAndBufferTest"/>
  <testcase name="testBufferAppendDelete" time="0,001" classname="cviceni.StringBuilderAndBufferTest"/>
  <testcase name="testBufferAppend" time="0,001" classname="cviceni.StringBuilderAndBufferTest"/>
  <testcase name="testBufferAppendDelete" time="0,000" classname="cviceni.StringBuilderAndBufferTest"/>
  <testcase name="testBuilderAppendDelete" time="0,001" classname="cviceni.StringBuilderAndBufferTest"/>
  <testcase name="testBuilderAppendDelete" time="0,000" classname="cviceni.StringBuilderAndBufferTest"/>
  <testcase name="testBuilderAppend" time="0,000" classname="cviceni.StringBuilderAndBufferTest"/>
  <testcase name="testBufferAppend" time="0,000" classname="cviceni.StringBuilderAndBufferTest"/>
  <testcase name="testBufferAppend" time="0,001" classname="cviceni.StringBuilderAndBufferTest"/>
  <testcase name="testBuilderAppendDelete" time="0,002" classname="cviceni.StringBuilderAndBufferTest"/>
  <testcase name="testBufferAppendDelete" time="0,000" classname="cviceni.StringBuilderAndBufferTest"/>
  <testcase name="testBufferAppendDelete" time="0,075" classname="cviceni.StringBuilderAndBufferTest"/>
  <testcase name="testBuilderAppendDelete" time="0,000" classname="cviceni.StringBuilderAndBufferTest"/>
  <testcase name="testBuilderAppend" time="0,000" classname="cviceni.StringBuilderAndBufferTest"/>
  <testcase name="testBuilderAppendDelete" time="0,000" classname="cviceni.StringBuilderAndBufferTest"/>
  <testcase name="testBuilderAppendDelete" time="0,000" classname="cviceni.StringBuilderAndBufferTest"/>
  <testcase name="testBuilderAppend" time="0,000" classname="cviceni.StringBuilderAndBufferTest"/>
  <testcase name="testBufferAppend" time="0,000" classname="cviceni.StringBuilderAndBufferTest"/>
  <testcase name="testBuilderAppendDelete" time="0,000" classname="cviceni.StringBuilderAndBufferTest"/>
  <testcase name="testBuilderAppend" time="0,027" classname="cviceni.StringBuilderAndBufferTest"/>
  <testcase name="testBuilderAppend" time="0,000" classname="cviceni.StringBuilderAndBufferTest"/>
  <testcase name="testBufferAppend" time="0,001" classname="cviceni.StringBuilderAndBufferTest"/>
  <testcase name="testBufferAppend" time="0,001" classname="cviceni.StringBuilderAndBufferTest"/>
  <testcase name="testBufferAppendDelete" time="0,000" classname="cviceni.StringBuilderAndBufferTest"/>
  <testcase name="testBuilderAppend" time="0,000" classname="cviceni.StringBuilderAndBufferTest"/>
  <testcase name="testBuilderAppend" time="0,000" classname="cviceni.StringBuilderAndBufferTest"/>
  <testcase name="testBufferAppendDelete" time="0,000" classname="cviceni.StringBuilderAndBufferTest"/>
  <testcase name="testBufferAppend" time="0,000" classname="cviceni.StringBuilderAndBufferTest"/>
  <testcase name="testBuilderAppendDelete" time="0,000" classname="cviceni.StringBuilderAndBufferTest"/>
  <testcase name="testBufferAppend" time="0,000" classname="cviceni.StringBuilderAndBufferTest"/>
  <testcase name="testBufferAppend" time="0,000" classname="cviceni.StringBuilderAndBufferTest"/>
  <testcase name="testBufferAppendDelete" time="0,000" classname="cviceni.StringBuilderAndBufferTest"/>
  <testcase name="testBuilderAppend" time="0,001" classname="cviceni.StringBuilderAndBufferTest"/>
  <testcase name="testBuilderAppendDelete" time="0,000" classname="cviceni.StringBuilderAndBufferTest"/>
  <testcase name="testBufferAppendDelete" time="0,001" classname="cviceni.StringBuilderAndBufferTest"/>
  <testcase name="testBuilderAppend" time="0,001" classname="cviceni.StringBuilderAndBufferTest"/>
  <testcase name="testBuilderAppendDelete" time="0,001" classname="cviceni.StringBuilderAndBufferTest"/>
  <testcase name="testBuilderAppend" time="0,001" classname="cviceni.StringBuilderAndBufferTest"/>
  <testcase name="testBufferAppend" time="0,001" classname="cviceni.StringBuilderAndBufferTest"/>
  <testcase name="testBuilderAppendDelete" time="0,000" classname="cviceni.StringBuilderAndBufferTest"/>
  <testcase name="testBufferAppend" time="0,001" classname="cviceni.StringBuilderAndBufferTest"/>
  <testcase name="testBuilderAppend" time="0,000" classname="cviceni.StringBuilderAndBufferTest"/>
  <testcase name="testBufferAppend" time="0,000" classname="cviceni.StringBuilderAndBufferTest"/>
  <testcase name="testBufferAppendDelete" time="0,000" classname="cviceni.StringBuilderAndBufferTest"/>
  <testcase name="testBuilderAppend" time="0,000" classname="cviceni.StringBuilderAndBufferTest"/>
  <testcase name="testBufferAppendDelete" time="0,000" classname="cviceni.StringBuilderAndBufferTest"/>
  <testcase name="testBuilderAppendDelete" time="0,000" classname="cviceni.StringBuilderAndBufferTest"/>
  <testcase name="testBuilderAppend" time="0,001" classname="cviceni.StringBuilderAndBufferTest"/>
  <testcase name="testBufferAppend" time="0,001" classname="cviceni.StringBuilderAndBufferTest"/>
  <testcase name="testBuilderAppend" time="0,000" classname="cviceni.StringBuilderAndBufferTest"/>
  <testcase name="testBuilderAppendDelete" time="0,000" classname="cviceni.StringBuilderAndBufferTest"/>
  <testcase name="testBufferAppend" time="0,001" classname="cviceni.StringBuilderAndBufferTest"/>
  <testcase name="testBuilderAppend" time="0,000" classname="cviceni.StringBuilderAndBufferTest"/>
  <testcase name="testBuilderAppendDelete" time="0,032" classname="cviceni.StringBuilderAndBufferTest"/>
  <testcase name="testBuilderAppend" time="0,001" classname="cviceni.StringBuilderAndBufferTest"/>
  <testcase name="testBuilderAppendDelete" time="0,001" classname="cviceni.StringBuilderAndBufferTest"/>
  <testcase name="testBuilderAppend" time="0,000" classname="cviceni.StringBuilderAndBufferTest"/>
  <testcase name="testBufferAppendDelete" time="0,001" classname="cviceni.StringBuilderAndBufferTest"/>
  <testcase name="testBufferAppendDelete" time="0,000" classname="cviceni.StringBuilderAndBufferTest"/>
  <testcase name="testBuilderAppendDelete" time="0,000" classname="cviceni.StringBuilderAndBufferTest"/>
  <testcase name="testBuilderAppend" time="0,000" classname="cviceni.StringBuilderAndBufferTest"/>
  <testcase name="testBuilderAppend" time="0,001" classname="cviceni.StringBuilderAndBufferTest"/>
  <testcase name="testBuilderAppendDelete" time="0,000" classname="cviceni.StringBuilderAndBufferTest"/>
  <testcase name="testBufferAppend" time="0,000" classname="cviceni.StringBuilderAndBufferTest"/>
  <testcase name="testBufferAppendDelete" time="0,001" classname="cviceni.StringBuilderAndBufferTest"/>
  <testcase name="testBuilderAppend" time="0,000" classname="cviceni.StringBuilderAndBufferTest"/>
  <testcase name="testBufferAppend" time="0,000" classname="cviceni.StringBuilderAndBufferTest"/>
  <testcase name="testBuilderAppend" time="0,000" classname="cviceni.StringBuilderAndBufferTest"/>
  <testcase name="testBufferAppend" time="0,000" classname="cviceni.StringBuilderAndBufferTest"/>
  <testcase name="testBuilderAppend" time="0,001" classname="cviceni.StringBuilderAndBufferTest"/>
  <testcase name="testBufferAppend" time="0,000" classname="cviceni.StringBuilderAndBufferTest"/>
  <testcase name="testBufferAppendDelete" time="0,000" classname="cviceni.StringBuilderAndBufferTest"/>
  <testcase name="testBufferAppendDelete" time="0,000" classname="cviceni.StringBuilderAndBufferTest"/>
  <testcase name="testBufferAppendDelete" time="0,000" classname="cviceni.StringBuilderAndBufferTest"/>
  <testcase name="testBufferAppendDelete" time="0,000" classname="cviceni.StringBuilderAndBufferTest"/>
  <testcase name="testBufferAppend" time="0,000" classname="cviceni.StringBuilderAndBufferTest"/>
  <testcase name="testBufferAppendDelete" time="0,000" classname="cviceni.StringBuilderAndBufferTest"/>
  <testcase name="testBuilderAppendDelete" time="0,000" classname="cviceni.StringBuilderAndBufferTest"/>
  <testcase name="testBufferAppend" time="0,000" classname="cviceni.StringBuilderAndBufferTest"/>
  <testcase name="testBuilderAppend" time="0,000" classname="cviceni.StringBuilderAndBufferTest"/>
  <testcase name="testBufferAppendDelete" time="0,001" classname="cviceni.StringBuilderAndBufferTest"/>
  <testcase name="testBufferAppend" time="0,000" classname="cviceni.StringBuilderAndBufferTest"/>
  <testcase name="testBufferAppend" time="0,000" classname="cviceni.StringBuilderAndBufferTest"/>
  <testcase name="testBufferAppend" time="0,000" classname="cviceni.StringBuilderAndBufferTest"/>
  <testcase name="testBufferAppend" time="0,001" classname="cviceni.StringBuilderAndBufferTest"/>
  <testcase name="testBuilderAppend" time="0,001" classname="cviceni.StringBuilderAndBufferTest"/>
  <testcase name="testBuilderAppend" time="0,000" classname="cviceni.StringBuilderAndBufferTest"/>
  <testcase name="testBuilderAppendDelete" time="0,000" classname="cviceni.StringBuilderAndBufferTest"/>
  <testcase name="testBuilderAppend" time="0,000" classname="cviceni.StringBuilderAndBufferTest"/>
  <testcase name="testBuilderAppend" time="0,000" classname="cviceni.StringBuilderAndBufferTest"/>
  <testcase name="testBufferAppend" time="0,000" classname="cviceni.StringBuilderAndBufferTest"/>
  <testcase name="testBuilderAppendDelete" time="0,000" classname="cviceni.StringBuilderAndBufferTest"/>
  <testcase name="testBufferAppend" time="0,000" classname="cviceni.StringBuilderAndBufferTest"/>
  <testcase name="testBuilderAppendDelete" time="0,000" classname="cviceni.StringBuilderAndBufferTest"/>
  <testcase name="testBufferAppend" time="0,000" classname="cviceni.StringBuilderAndBufferTest"/>
  <testcase name="testBufferAppend" time="0,001" classname="cviceni.StringBuilderAndBufferTest"/>
  <testcase name="testBuilderAppendDelete" time="0,000" classname="cviceni.StringBuilderAndBufferTest"/>
  <testcase name="testBufferAppendDelete" time="0,039" classname="cviceni.StringBuilderAndBufferTest"/>
  <testcase name="testBuilderAppend" time="0,000" classname="cviceni.StringBuilderAndBufferTest"/>
  <testcase name="testBufferAppend" time="0,001" classname="cviceni.StringBuilderAndBufferTest"/>
  <testcase name="testBuilderAppendDelete" time="0,035" classname="cviceni.StringBuilderAndBufferTest"/>
  <testcase name="testBuilderAppendDelete" time="0,000" classname="cviceni.StringBuilderAndBufferTest"/>
  <testcase name="testBuilderAppend" time="0,001" classname="cviceni.StringBuilderAndBufferTest"/>
  <testcase name="testBufferAppend" time="0,000" classname="cviceni.StringBuilderAndBufferTest"/>
  <testcase name="testBuilderAppendDelete" time="0,001" classname="cviceni.StringBuilderAndBufferTest"/>
  <testcase name="testBufferAppend" time="0,000" classname="cviceni.StringBuilderAndBufferTest"/>
  <testcase name="testBuilderAppendDelete" time="0,000" classname="cviceni.StringBuilderAndBufferTest"/>
  <testcase name="testBuilderAppendDelete" time="0,001" classname="cviceni.StringBuilderAndBufferTest"/>
  <testcase name="testBuilderAppend" time="0,000" classname="cviceni.StringBuilderAndBufferTest"/>
  <testcase name="testBuilderAppend" time="0,000" classname="cviceni.StringBuilderAndBufferTest"/>
  <testcase name="testBuilderAppend" time="0,000" classname="cviceni.StringBuilderAndBufferTest"/>
  <testcase name="testBufferAppend" time="0,000" classname="cviceni.StringBuilderAndBufferTest"/>
  <testcase name="testBuilderAppendDelete" time="0,000" classname="cviceni.StringBuilderAndBufferTest"/>
  <testcase name="testBufferAppendDelete" time="0,001" classname="cviceni.StringBuilderAndBufferTest"/>
  <testcase name="testBuilderAppendDelete" time="0,000" classname="cviceni.StringBuilderAndBufferTest"/>
  <testcase name="testBufferAppendDelete" time="0,000" classname="cviceni.StringBuilderAndBufferTest"/>
  <testcase name="testBuilderAppend" time="0,071" classname="cviceni.StringBuilderAndBufferTest"/>
  <testcase name="testBufferAppend" time="0,000" classname="cviceni.StringBuilderAndBufferTest"/>
  <testcase name="testBufferAppend" time="0,001" classname="cviceni.StringBuilderAndBufferTest"/>
  <testcase name="testBufferAppendDelete" time="0,000" classname="cviceni.StringBuilderAndBufferTest"/>
  <testcase name="testBufferAppend" time="0,000" classname="cviceni.StringBuilderAndBufferTest"/>
  <testcase name="testBuilderAppendDelete" time="0,001" classname="cviceni.StringBuilderAndBufferTest"/>
  <testcase name="testBufferAppendDelete" time="0,000" classname="cviceni.StringBuilderAndBufferTest"/>
  <testcase name="testBufferAppendDelete" time="0,000" classname="cviceni.StringBuilderAndBufferTest"/>
  <testcase name="testBufferAppend" time="0,000" classname="cviceni.StringBuilderAndBufferTest"/>
  <testcase name="testBufferAppendDelete" time="0,000" classname="cviceni.StringBuilderAndBufferTest"/>
  <testcase name="testBufferAppend" time="0,000" classname="cviceni.StringBuilderAndBufferTest"/>
  <testcase name="testBuilderAppendDelete" time="0,000" classname="cviceni.StringBuilderAndBufferTest"/>
  <testcase name="testBufferAppendDelete" time="0,001" classname="cviceni.StringBuilderAndBufferTest"/>
  <testcase name="testBuilderAppend" time="0,001" classname="cviceni.StringBuilderAndBufferTest"/>
  <testcase name="testBuilderAppend" time="0,000" classname="cviceni.StringBuilderAndBufferTest"/>
  <testcase name="testBufferAppendDelete" time="0,000" classname="cviceni.StringBuilderAndBufferTest"/>
  <testcase name="testBuilderAppendDelete" time="0,000" classname="cviceni.StringBuilderAndBufferTest"/>
  <testcase name="testBufferAppend" time="0,001" classname="cviceni.StringBuilderAndBufferTest"/>
  <testcase name="testBuilderAppendDelete" time="0,000" classname="cviceni.StringBuilderAndBufferTest"/>
  <testcase name="testBufferAppend" time="0,000" classname="cviceni.StringBuilderAndBufferTest"/>
  <testcase name="testBuilderAppend" time="0,000" classname="cviceni.StringBuilderAndBufferTest"/>
  <testcase name="testBufferAppendDelete" time="0,000" classname="cviceni.StringBuilderAndBufferTest"/>
  <testcase name="testBuilderAppendDelete" time="0,000" classname="cviceni.StringBuilderAndBufferTest"/>
  <testcase name="testBufferAppend" time="0,000" classname="cviceni.StringBuilderAndBufferTest"/>
  <testcase name="testBufferAppendDelete" time="0,000" classname="cviceni.StringBuilderAndBufferTest"/>
  <testcase name="testBuilderAppend" time="0,000" classname="cviceni.StringBuilderAndBufferTest"/>
  <testcase name="testBuilderAppendDelete" time="0,000" classname="cviceni.StringBuilderAndBufferTest"/>
  <testcase name="testBufferAppend" time="0,000" classname="cviceni.StringBuilderAndBufferTest"/>
  <testcase name="testBuilderAppend" time="0,000" classname="cviceni.StringBuilderAndBufferTest"/>
  <testcase name="testBufferAppend" time="0,000" classname="cviceni.StringBuilderAndBufferTest"/>
  <testcase name="testBuilderAppend" time="0,000" classname="cviceni.StringBuilderAndBufferTest"/>
  <testcase name="testBuilderAppend" time="0,000" classname="cviceni.StringBuilderAndBufferTest"/>
  <testcase name="testBufferAppend" time="0,000" classname="cviceni.StringBuilderAndBufferTest"/>
  <testcase name="testBuilderAppend" time="0,000" classname="cviceni.StringBuilderAndBufferTest"/>
  <testcase name="testBufferAppendDelete" time="0,000" classname="cviceni.StringBuilderAndBufferTest"/>
  <testcase name="testBuilderAppendDelete" time="0,000" classname="cviceni.StringBuilderAndBufferTest"/>
  <testcase name="testBuilderAppendDelete" time="0,001" classname="cviceni.StringBuilderAndBufferTest"/>
  <testcase name="testBufferAppendDelete" time="0,000" classname="cviceni.StringBuilderAndBufferTest"/>
  <testcase name="testBufferAppendDelete" time="0,001" classname="cviceni.StringBuilderAndBufferTest"/>
  <testcase name="testBufferAppend" time="0,001" classname="cviceni.StringBuilderAndBufferTest"/>
  <testcase name="testBufferAppendDelete" time="0,000" classname="cviceni.StringBuilderAndBufferTest"/>
  <testcase name="testBuilderAppend" time="0,000" classname="cviceni.StringBuilderAndBufferTest"/>
  <testcase name="testBufferAppendDelete" time="0,000" classname="cviceni.StringBuilderAndBufferTest"/>
  <testcase name="testBufferAppend" time="0,001" classname="cviceni.StringBuilderAndBufferTest"/>
  <testcase name="testBuilderAppend" time="0,000" classname="cviceni.StringBuilderAndBufferTest"/>
  <testcase name="testBufferAppendDelete" time="0,000" classname="cviceni.StringBuilderAndBufferTest"/>
  <testcase name="testBufferAppendDelete" time="0,001" classname="cviceni.StringBuilderAndBufferTest"/>
  <testcase name="testBuilderAppendDelete" time="0,001" classname="cviceni.StringBuilderAndBufferTest"/>
  <testcase name="testBuilderAppendDelete" time="0,000" classname="cviceni.StringBuilderAndBufferTest"/>
  <testcase name="testBufferAppendDelete" time="0,000" classname="cviceni.StringBuilderAndBufferTest"/>
  <testcase name="testBuilderAppend" time="0,000" classname="cviceni.StringBuilderAndBufferTest"/>
  <testcase name="testBuilderAppendDelete" time="0,000" classname="cviceni.StringBuilderAndBufferTest"/>
  <testcase name="testBuilderAppendDelete" time="0,000" classname="cviceni.StringBuilderAndBufferTest"/>
  <testcase name="testBufferAppend" time="0,001" classname="cviceni.StringBuilderAndBufferTest"/>
  <testcase name="testBufferAppendDelete" time="0,000" classname="cviceni.StringBuilderAndBufferTest"/>
  <testcase name="testBufferAppendDelete" time="0,000" classname="cviceni.StringBuilderAndBufferTest"/>
  <testcase name="testBuilderAppendDelete" time="0,000" classname="cviceni.StringBuilderAndBufferTest"/>
  <testcase name="testBufferAppendDelete" time="0,000" classname="cviceni.StringBuilderAndBufferTest"/>
  <testcase name="testBuilderAppendDelete" time="0,001" classname="cviceni.StringBuilderAndBufferTest"/>
  <testcase name="testBuilderAppend" time="0,000" classname="cviceni.StringBuilderAndBufferTest"/>
  <testcase name="testBuilderAppendDelete" time="0,000" classname="cviceni.StringBuilderAndBufferTest"/>
  <testcase name="testBuilderAppend" time="0,000" classname="cviceni.StringBuilderAndBufferTest"/>
  <testcase name="testBufferAppend" time="0,000" classname="cviceni.StringBuilderAndBufferTest"/>
  <testcase name="testBufferAppend" time="0,000" classname="cviceni.StringBuilderAndBufferTest"/>
  <testcase name="testBuilderAppend" time="0,000" classname="cviceni.StringBuilderAndBufferTest"/>
  <testcase name="testBufferAppend" time="0,000" classname="cviceni.StringBuilderAndBufferTest"/>
  <testcase name="testBufferAppend" time="0,001" classname="cviceni.StringBuilderAndBufferTest"/>
  <testcase name="testBufferAppend" time="0,000" classname="cviceni.StringBuilderAndBufferTest"/>
  <testcase name="testBuilderAppendDelete" time="0,000" classname="cviceni.StringBuilderAndBufferTest"/>
  <testcase name="testBuilderAppend" time="0,000" classname="cviceni.StringBuilderAndBufferTest"/>
  <testcase name="testBuilderAppendDelete" time="0,000" classname="cviceni.StringBuilderAndBufferTest"/>
  <testcase name="testBufferAppend" time="0,001" classname="cviceni.StringBuilderAndBufferTest"/>
  <testcase name="testBuilderAppendDelete" time="0,000" classname="cviceni.StringBuilderAndBufferTest"/>
  <testcase name="testBufferAppend" time="0,000" classname="cviceni.StringBuilderAndBufferTest"/>
  <testcase name="testBufferAppendDelete" time="0,000" classname="cviceni.StringBuilderAndBufferTest"/>
  <testcase name="testBuilderAppend" time="0,000" classname="cviceni.StringBuilderAndBufferTest"/>
  <testcase name="testBuilderAppendDelete" time="0,000" classname="cviceni.StringBuilderAndBufferTest"/>
  <testcase name="testBufferAppendDelete" time="0,000" classname="cviceni.StringBuilderAndBufferTest"/>
  <testcase name="testBufferAppend" time="0,000" classname="cviceni.StringBuilderAndBufferTest"/>
  <testcase name="testBuilderAppend" time="0,000" classname="cviceni.StringBuilderAndBufferTest"/>
  <testcase name="testBuilderAppend" time="0,000" classname="cviceni.StringBuilderAndBufferTest"/>
  <testcase name="testBufferAppendDelete" time="0,000" classname="cviceni.StringBuilderAndBufferTest"/>
  <testcase name="testBuilderAppend" time="0,000" classname="cviceni.StringBuilderAndBufferTest"/>
  <testcase name="testBuilderAppendDelete" time="0,000" classname="cviceni.StringBuilderAndBufferTest"/>
  <testcase name="testBuilderAppendDelete" time="0,000" classname="cviceni.StringBuilderAndBufferTest"/>
  <testcase name="testBuilderAppendDelete" time="0,000" classname="cviceni.StringBuilderAndBufferTest"/>
  <testcase name="testBufferAppendDelete" time="0,000" classname="cviceni.StringBuilderAndBufferTest"/>
  <testcase name="testBuilderAppendDelete" time="0,000" classname="cviceni.StringBuilderAndBufferTest"/>
  <testcase name="testBufferAppendDelete" time="0,000" classname="cviceni.StringBuilderAndBufferTest"/>
  <testcase name="testBuilderAppendDelete" time="0,000" classname="cviceni.StringBuilderAndBufferTest"/>
  <testcase name="testBufferAppendDelete" time="0,000" classname="cviceni.StringBuilderAndBufferTest"/>
  <testcase name="testBufferAppend" time="0,000" classname="cviceni.StringBuilderAndBufferTest"/>
  <testcase name="testBuilderAppend" time="0,000" classname="cviceni.StringBuilderAndBufferTest"/>
  <testcase name="testBufferAppendDelete" time="0,000" classname="cviceni.StringBuilderAndBufferTest"/>
  <testcase name="testBuilderAppend" time="0,000" classname="cviceni.StringBuilderAndBufferTest"/>
  <testcase name="testBuilderAppendDelete" time="0,001" classname="cviceni.StringBuilderAndBufferTest"/>
  <testcase name="testBuilderAppendDelete" time="0,001" classname="cviceni.StringBuilderAndBufferTest"/>
  <testcase name="testBufferAppendDelete" time="0,000" classname="cviceni.StringBuilderAndBufferTest"/>
  <testcase name="testBuilderAppendDelete" time="0,001" classname="cviceni.StringBuilderAndBufferTest"/>
  <testcase name="testBuilderAppend" time="0,000" classname="cviceni.StringBuilderAndBufferTest"/>
  <testcase name="testBuilderAppendDelete" time="0,001" classname="cviceni.StringBuilderAndBufferTest"/>
  <testcase name="testBufferAppend" time="0,000" classname="cviceni.StringBuilderAndBufferTest"/>
  <testcase name="testBuilderAppendDelete" time="0,000" classname="cviceni.StringBuilderAndBufferTest"/>
  <testcase name="testBuilderAppend" time="0,000" classname="cviceni.StringBuilderAndBufferTest"/>
  <testcase name="testBuilderAppendDelete" time="0,001" classname="cviceni.StringBuilderAndBufferTest"/>
  <testcase name="testBuilderAppendDelete" time="0,000" classname="cviceni.StringBuilderAndBufferTest"/>
  <testcase name="testBufferAppend" time="0,000" classname="cviceni.StringBuilderAndBufferTest"/>
  <testcase name="testBufferAppendDelete" time="0,000" classname="cviceni.StringBuilderAndBufferTest"/>
  <testcase name="testBufferAppend" time="0,001" classname="cviceni.StringBuilderAndBufferTest"/>
  <testcase name="testBufferAppendDelete" time="0,000" classname="cviceni.StringBuilderAndBufferTest"/>
  <testcase name="testBuilderAppendDelete" time="0,000" classname="cviceni.StringBuilderAndBufferTest"/>
  <testcase name="testBuilderAppendDelete" time="0,000" classname="cviceni.StringBuilderAndBufferTest"/>
  <testcase name="testBufferAppend" time="0,032" classname="cviceni.StringBuilderAndBufferTest"/>
  <testcase name="testBufferAppendDelete" time="0,000" classname="cviceni.StringBuilderAndBufferTest"/>
  <testcase name="testBufferAppendDelete" time="0,103" classname="cviceni.StringBuilderAndBufferTest"/>
  <testcase name="testBufferAppendDelete" time="0,001" classname="cviceni.StringBuilderAndBufferTest"/>
  <testcase name="testBufferAppend" time="0,000" classname="cviceni.StringBuilderAndBufferTest"/>
  <testcase name="testBuilderAppend" time="0,000" classname="cviceni.StringBuilderAndBufferTest"/>
  <testcase name="testBuilderAppendDelete" time="0,000" classname="cviceni.StringBuilderAndBufferTest"/>
  <testcase name="testBufferAppend" time="0,010" classname="cviceni.StringBuilderAndBufferTest"/>
  <testcase name="testBufferAppend" time="0,000" classname="cviceni.StringBuilderAndBufferTest"/>
  <testcase name="testBuilderAppendDelete" time="0,000" classname="cviceni.StringBuilderAndBufferTest"/>
  <testcase name="testBufferAppendDelete" time="0,000" classname="cviceni.StringBuilderAndBufferTest"/>
  <testcase name="testBuilderAppend" time="0,000" classname="cviceni.StringBuilderAndBufferTest"/>
  <testcase name="testBufferAppend" time="0,000" classname="cviceni.StringBuilderAndBufferTest"/>
  <testcase name="testBufferAppend" time="0,000" classname="cviceni.StringBuilderAndBufferTest"/>
  <testcase name="testBufferAppend" time="0,000" classname="cviceni.StringBuilderAndBufferTest"/>
  <testcase name="testBuilderAppend" time="0,000" classname="cviceni.StringBuilderAndBufferTest"/>
  <testcase name="testBufferAppend" time="0,001" classname="cviceni.StringBuilderAndBufferTest"/>
  <testcase name="testBufferAppendDelete" time="0,001" classname="cviceni.StringBuilderAndBufferTest"/>
  <testcase name="testBuilderAppend" time="0,000" classname="cviceni.StringBuilderAndBufferTest"/>
  <testcase name="testBufferAppend" time="0,001" classname="cviceni.StringBuilderAndBufferTest"/>
  <testcase name="testBufferAppendDelete" time="0,000" classname="cviceni.StringBuilderAndBufferTest"/>
  <testcase name="testBuilderAppend" time="0,033" classname="cviceni.StringBuilderAndBufferTest"/>
  <testcase name="testBufferAppend" time="0,000" classname="cviceni.StringBuilderAndBufferTest"/>
  <testcase name="testBufferAppendDelete" time="0,000" classname="cviceni.StringBuilderAndBufferTest"/>
  <testcase name="testBuilderAppend" time="0,000" classname="cviceni.StringBuilderAndBufferTest"/>
  <testcase name="testBufferAppend" time="0,001" classname="cviceni.StringBuilderAndBufferTest"/>
  <testcase name="testBufferAppend" time="0,001" classname="cviceni.StringBuilderAndBufferTest"/>
  <testcase name="testBufferAppendDelete" time="0,000" classname="cviceni.StringBuilderAndBufferTest"/>
  <testcase name="testBuilderAppend" time="0,000" classname="cviceni.StringBuilderAndBufferTest"/>
  <testcase name="testBufferAppend" time="0,001" classname="cviceni.StringBuilderAndBufferTest"/>
  <testcase name="testBufferAppend" time="0,000" classname="cviceni.StringBuilderAndBufferTest"/>
  <testcase name="testBufferAppend" time="0,001" classname="cviceni.StringBuilderAndBufferTest"/>
  <testcase name="testBuilderAppend" time="0,000" classname="cviceni.StringBuilderAndBufferTest"/>
  <testcase name="testBuilderAppendDelete" time="0,000" classname="cviceni.StringBuilderAndBufferTest"/>
  <testcase name="testBuilderAppend" time="0,000" classname="cviceni.StringBuilderAndBufferTest"/>
  <testcase name="testBuilderAppendDelete" time="0,000" classname="cviceni.StringBuilderAndBufferTest"/>
  <testcase name="testBufferAppend" time="0,000" classname="cviceni.StringBuilderAndBufferTest"/>
  <testcase name="testBufferAppendDelete" time="0,000" classname="cviceni.StringBuilderAndBufferTest"/>
  <testcase name="testBuilderAppendDelete" time="0,000" classname="cviceni.StringBuilderAndBufferTest"/>
  <testcase name="testBuilderAppendDelete" time="0,000" classname="cviceni.StringBuilderAndBufferTest"/>
  <testcase name="testBufferAppend" time="0,000" classname="cviceni.StringBuilderAndBufferTest"/>
  <testcase name="testBuilderAppend" time="0,000" classname="cviceni.StringBuilderAndBufferTest"/>
  <testcase name="testBufferAppend" time="0,150" classname="cviceni.StringBuilderAndBufferTest"/>
  <testcase name="testBufferAppend" time="0,000" classname="cviceni.StringBuilderAndBufferTest"/>
  <testcase name="testBuilderAppendDelete" time="0,000" classname="cviceni.StringBuilderAndBufferTest"/>
  <testcase name="testBuilderAppendDelete" time="0,001" classname="cviceni.StringBuilderAndBufferTest"/>
  <testcase name="testBuilderAppendDelete" time="0,000" classname="cviceni.StringBuilderAndBufferTest"/>
  <testcase name="testBufferAppend" time="0,001" classname="cviceni.StringBuilderAndBufferTest"/>
  <testcase name="testBufferAppend" time="0,000" classname="cviceni.StringBuilderAndBufferTest"/>
  <testcase name="testBuilderAppend" time="0,001" classname="cviceni.StringBuilderAndBufferTest"/>
  <testcase name="testBufferAppendDelete" time="0,000" classname="cviceni.StringBuilderAndBufferTest"/>
  <testcase name="testBufferAppendDelete" time="0,000" classname="cviceni.StringBuilderAndBufferTest"/>
  <testcase name="testBufferAppend" time="0,001" classname="cviceni.StringBuilderAndBufferTest"/>
  <testcase name="testBuilderAppend" time="0,000" classname="cviceni.StringBuilderAndBufferTest"/>
  <testcase name="testBuilderAppendDelete" time="0,000" classname="cviceni.StringBuilderAndBufferTest"/>
  <testcase name="testBuilderAppend" time="0,000" classname="cviceni.StringBuilderAndBufferTest"/>
  <testcase name="testBufferAppendDelete" time="0,001" classname="cviceni.StringBuilderAndBufferTest"/>
  <testcase name="testBuilderAppendDelete" time="0,001" classname="cviceni.StringBuilderAndBufferTest"/>
  <testcase name="testBuilderAppend" time="0,000" classname="cviceni.StringBuilderAndBufferTest"/>
  <testcase name="testBufferAppendDelete" time="0,000" classname="cviceni.StringBuilderAndBufferTest"/>
  <testcase name="testBufferAppend" time="0,000" classname="cviceni.StringBuilderAndBufferTest"/>
  <testcase name="testBuilderAppendDelete" time="0,000" classname="cviceni.StringBuilderAndBufferTest"/>
  <testcase name="testBuilderAppend" time="0,000" classname="cviceni.StringBuilderAndBufferTest"/>
  <testcase name="testBufferAppend" time="0,000" classname="cviceni.StringBuilderAndBufferTest"/>
  <testcase name="testBufferAppendDelete" time="0,001" classname="cviceni.StringBuilderAndBufferTest"/>
  <testcase name="testBufferAppendDelete" time="0,000" classname="cviceni.StringBuilderAndBufferTest"/>
  <testcase name="testBufferAppendDelete" time="0,000" classname="cviceni.StringBuilderAndBufferTest"/>
  <testcase name="testBufferAppend" time="0,001" classname="cviceni.StringBuilderAndBufferTest"/>
  <testcase name="testBuilderAppendDelete" time="0,000" classname="cviceni.StringBuilderAndBufferTest"/>
  <testcase name="testBufferAppend" time="0,001" classname="cviceni.StringBuilderAndBufferTest"/>
  <testcase name="testBufferAppend" time="0,000" classname="cviceni.StringBuilderAndBufferTest"/>
  <testcase name="testBuilderAppend" time="0,000" classname="cviceni.StringBuilderAndBufferTest"/>
  <testcase name="testBufferAppend" time="0,000" classname="cviceni.StringBuilderAndBufferTest"/>
  <testcase name="testBuilderAppend" time="0,000" classname="cviceni.StringBuilderAndBufferTest"/>
  <testcase name="testBufferAppend" time="0,000" classname="cviceni.StringBuilderAndBufferTest"/>
  <testcase name="testBuilderAppendDelete" time="0,000" classname="cviceni.StringBuilderAndBufferTest"/>
  <testcase name="testBuilderAppend" time="0,001" classname="cviceni.StringBuilderAndBufferTest"/>
  <testcase name="testBuilderAppendDelete" time="0,000" classname="cviceni.StringBuilderAndBufferTest"/>
  <testcase name="testBuilderAppend" time="0,000" classname="cviceni.StringBuilderAndBufferTest"/>
  <testcase name="testBufferAppend" time="0,000" classname="cviceni.StringBuilderAndBufferTest"/>
  <testcase name="testBufferAppendDelete" time="0,000" classname="cviceni.StringBuilderAndBufferTest"/>
  <testcase name="testBufferAppend" time="0,001" classname="cviceni.StringBuilderAndBufferTest"/>
  <testcase name="testBufferAppend" time="0,001" classname="cviceni.StringBuilderAndBufferTest"/>
  <testcase name="testBuilderAppendDelete" time="0,001" classname="cviceni.StringBuilderAndBufferTest"/>
  <testcase name="testBuilderAppendDelete" time="0,000" classname="cviceni.StringBuilderAndBufferTest"/>
  <testcase name="testBufferAppend" time="0,000" classname="cviceni.StringBuilderAndBufferTest"/>
  <testcase name="testBufferAppendDelete" time="0,001" classname="cviceni.StringBuilderAndBufferTest"/>
  <testcase name="testBuilderAppend" time="0,001" classname="cviceni.StringBuilderAndBufferTest"/>
  <testcase name="testBuilderAppend" time="0,000" classname="cviceni.StringBuilderAndBufferTest"/>
  <testcase name="testBufferAppend" time="0,000" classname="cviceni.StringBuilderAndBufferTest"/>
  <testcase name="testBufferAppend" time="0,000" classname="cviceni.StringBuilderAndBufferTest"/>
  <testcase name="testBufferAppendDelete" time="0,000" classname="cviceni.StringBuilderAndBufferTest"/>
  <testcase name="testBufferAppendDelete" time="0,000" classname="cviceni.StringBuilderAndBufferTest"/>
  <testcase name="testBuilderAppendDelete" time="0,001" classname="cviceni.StringBuilderAndBufferTest"/>
  <testcase name="testBufferAppendDelete" time="0,000" classname="cviceni.StringBuilderAndBufferTest"/>
  <testcase name="testBufferAppend" time="0,000" classname="cviceni.StringBuilderAndBufferTest"/>
  <testcase name="testBuilderAppendDelete" time="0,000" classname="cviceni.StringBuilderAndBufferTest"/>
  <testcase name="testBufferAppendDelete" time="0,000" classname="cviceni.StringBuilderAndBufferTest"/>
  <testcase name="testBuilderAppendDelete" time="0,001" classname="cviceni.StringBuilderAndBufferTest"/>
  <testcase name="testBufferAppend" time="0,000" classname="cviceni.StringBuilderAndBufferTest"/>
  <testcase name="testBufferAppendDelete" time="0,000" classname="cviceni.StringBuilderAndBufferTest"/>
  <testcase name="testBufferAppend" time="0,000" classname="cviceni.StringBuilderAndBufferTest"/>
  <testcase name="testBufferAppend" time="0,001" classname="cviceni.StringBuilderAndBufferTest"/>
  <testcase name="testBuilderAppend" time="0,000" classname="cviceni.StringBuilderAndBufferTest"/>
  <testcase name="testBuilderAppendDelete" time="0,000" classname="cviceni.StringBuilderAndBufferTest"/>
  <testcase name="testBuilderAppendDelete" time="0,000" classname="cviceni.StringBuilderAndBufferTest"/>
  <testcase name="testBuilderAppendDelete" time="0,001" classname="cviceni.StringBuilderAndBufferTest"/>
  <testcase name="testBufferAppendDelete" time="0,000" classname="cviceni.StringBuilderAndBufferTest"/>
  <testcase name="testBufferAppend" time="0,001" classname="cviceni.StringBuilderAndBufferTest"/>
  <testcase name="testBufferAppend" time="0,000" classname="cviceni.StringBuilderAndBufferTest"/>
  <testcase name="testBufferAppendDelete" time="0,000" classname="cviceni.StringBuilderAndBufferTest"/>
  <testcase name="testBuilderAppend" time="0,000" classname="cviceni.StringBuilderAndBufferTest"/>
  <testcase name="testBuilderAppendDelete" time="0,000" classname="cviceni.StringBuilderAndBufferTest"/>
  <testcase name="testBuilderAppendDelete" time="0,000" classname="cviceni.StringBuilderAndBufferTest"/>
  <testcase name="testBufferAppendDelete" time="0,000" classname="cviceni.StringBuilderAndBufferTest"/>
  <testcase name="testBufferAppendDelete" time="0,000" classname="cviceni.StringBuilderAndBufferTest"/>
  <testcase name="testBuilderAppend" time="0,001" classname="cviceni.StringBuilderAndBufferTest"/>
  <testcase name="testBuilderAppendDelete" time="0,000" classname="cviceni.StringBuilderAndBufferTest"/>
  <testcase name="testBufferAppendDelete" time="0,000" classname="cviceni.StringBuilderAndBufferTest"/>
  <testcase name="testBufferAppend" time="0,000" classname="cviceni.StringBuilderAndBufferTest"/>
  <testcase name="testBufferAppend" time="0,000" classname="cviceni.StringBuilderAndBufferTest"/>
  <testcase name="testBuilderAppend" time="0,001" classname="cviceni.StringBuilderAndBufferTest"/>
  <testcase name="testBuilderAppend" time="0,002" classname="cviceni.StringBuilderAndBufferTest"/>
  <testcase name="testBufferAppend" time="0,000" classname="cviceni.StringBuilderAndBufferTest"/>
  <testcase name="testBuilderAppendDelete" time="0,000" classname="cviceni.StringBuilderAndBufferTest"/>
  <testcase name="testBuilderAppend" time="0,001" classname="cviceni.StringBuilderAndBufferTest"/>
  <testcase name="testBufferAppendDelete" time="0,000" classname="cviceni.StringBuilderAndBufferTest"/>
  <testcase name="testBuilderAppend" time="0,000" classname="cviceni.StringBuilderAndBufferTest"/>
  <testcase name="testBuilderAppendDelete" time="0,000" classname="cviceni.StringBuilderAndBufferTest"/>
  <testcase name="testBufferAppend" time="0,000" classname="cviceni.StringBuilderAndBufferTest"/>
  <testcase name="testBufferAppend" time="0,000" classname="cviceni.StringBuilderAndBufferTest"/>
  <testcase name="testBufferAppendDelete" time="0,000" classname="cviceni.StringBuilderAndBufferTest"/>
  <testcase name="testBufferAppendDelete" time="0,000" classname="cviceni.StringBuilderAndBufferTest"/>
  <testcase name="testBuilderAppend" time="0,000" classname="cviceni.StringBuilderAndBufferTest"/>
  <testcase name="testBuilderAppendDelete" time="0,000" classname="cviceni.StringBuilderAndBufferTest"/>
  <testcase name="testBuilderAppendDelete" time="0,001" classname="cviceni.StringBuilderAndBufferTest"/>
  <testcase name="testBuilderAppend" time="0,001" classname="cviceni.StringBuilderAndBufferTest"/>
  <testcase name="testBuilderAppendDelete" time="0,000" classname="cviceni.StringBuilderAndBufferTest"/>
  <testcase name="testBuilderAppend" time="0,000" classname="cviceni.StringBuilderAndBufferTest"/>
  <testcase name="testBufferAppendDelete" time="0,000" classname="cviceni.StringBuilderAndBufferTest"/>
  <testcase name="testBuilderAppend" time="0,000" classname="cviceni.StringBuilderAndBufferTest"/>
  <testcase name="testBufferAppend" time="0,001" classname="cviceni.StringBuilderAndBufferTest"/>
  <testcase name="testBufferAppendDelete" time="0,001" classname="cviceni.StringBuilderAndBufferTest"/>
  <testcase name="testBuilderAppendDelete" time="0,000" classname="cviceni.StringBuilderAndBufferTest"/>
  <testcase name="testBuilderAppendDelete" time="0,000" classname="cviceni.StringBuilderAndBufferTest"/>
  <testcase name="testBuilderAppendDelete" time="0,000" classname="cviceni.StringBuilderAndBufferTest"/>
  <testcase name="testBufferAppendDelete" time="0,000" classname="cviceni.StringBuilderAndBufferTest"/>
  <testcase name="testBuilderAppend" time="0,000" classname="cviceni.StringBuilderAndBufferTest"/>
  <testcase name="testBuilderAppendDelete" time="0,000" classname="cviceni.StringBuilderAndBufferTest"/>
  <testcase name="testBufferAppendDelete" time="0,000" classname="cviceni.StringBuilderAndBufferTest"/>
  <testcase name="testBuilderAppend" time="0,001" classname="cviceni.StringBuilderAndBufferTest"/>
  <testcase name="testBuilderAppendDelete" time="0,000" classname="cviceni.StringBuilderAndBufferTest"/>
  <testcase name="testBuilderAppendDelete" time="0,001" classname="cviceni.StringBuilderAndBufferTest"/>
  <testcase name="testBuilderAppendDelete" time="0,000" classname="cviceni.StringBuilderAndBufferTest"/>
  <testcase name="testBuilderAppendDelete" time="0,000" classname="cviceni.StringBuilderAndBufferTest"/>
  <testcase name="testBuilderAppend" time="0,001" classname="cviceni.StringBuilderAndBufferTest"/>
  <testcase name="testBufferAppendDelete" time="0,000" classname="cviceni.StringBuilderAndBufferTest"/>
  <testcase name="testBufferAppendDelete" time="0,000" classname="cviceni.StringBuilderAndBufferTest"/>
  <testcase name="testBufferAppend" time="0,000" classname="cviceni.StringBuilderAndBufferTest"/>
  <testcase name="testBufferAppendDelete" time="0,000" classname="cviceni.StringBuilderAndBufferTest"/>
  <testcase name="testBuilderAppend" time="0,000" classname="cviceni.StringBuilderAndBufferTest"/>
  <testcase name="testBuilderAppend" time="0,000" classname="cviceni.StringBuilderAndBufferTest"/>
  <testcase name="testBufferAppendDelete" time="0,000" classname="cviceni.StringBuilderAndBufferTest"/>
  <testcase name="testBuilderAppend" time="0,000" classname="cviceni.StringBuilderAndBufferTest"/>
  <testcase name="testBufferAppendDelete" time="0,000" classname="cviceni.StringBuilderAndBufferTest"/>
  <testcase name="testBufferAppend" time="0,000" classname="cviceni.StringBuilderAndBufferTest"/>
  <testcase name="testBuilderAppendDelete" time="0,005" classname="cviceni.StringBuilderAndBufferTest"/>
  <testcase name="testBuilderAppend" time="0,000" classname="cviceni.StringBuilderAndBufferTest"/>
  <testcase name="testBuilderAppend" time="0,000" classname="cviceni.StringBuilderAndBufferTest"/>
  <testcase name="testBufferAppendDelete" time="0,000" classname="cviceni.StringBuilderAndBufferTest"/>
  <testcase name="testBuilderAppend" time="0,000" classname="cviceni.StringBuilderAndBufferTest"/>
  <testcase name="testBufferAppendDelete" time="0,000" classname="cviceni.StringBuilderAndBufferTest"/>
  <testcase name="testBuilderAppendDelete" time="0,000" classname="cviceni.StringBuilderAndBufferTest"/>
  <testcase name="testBufferAppendDelete" time="0,000" classname="cviceni.StringBuilderAndBufferTest"/>
  <testcase name="testBuilderAppend" time="0,000" classname="cviceni.StringBuilderAndBufferTest"/>
  <testcase name="testBufferAppendDelete" time="0,000" classname="cviceni.StringBuilderAndBufferTest"/>
  <testcase name="testBuilderAppendDelete" time="0,001" classname="cviceni.StringBuilderAndBufferTest"/>
  <testcase name="testBuilderAppend" time="0,000" classname="cviceni.StringBuilderAndBufferTest"/>
  <testcase name="testBuilderAppendDelete" time="0,001" classname="cviceni.StringBuilderAndBufferTest"/>
  <testcase name="testBuilderAppendDelete" time="0,001" classname="cviceni.StringBuilderAndBufferTest"/>
  <testcase name="testBufferAppendDelete" time="0,001" classname="cviceni.StringBuilderAndBufferTest"/>
  <testcase name="testBuilderAppendDelete" time="0,000" classname="cviceni.StringBuilderAndBufferTest"/>
  <testcase name="testBufferAppend" time="0,001" classname="cviceni.StringBuilderAndBufferTest"/>
  <testcase name="testBuilderAppendDelete" time="0,001" classname="cviceni.StringBuilderAndBufferTest"/>
  <testcase name="testBuilderAppend" time="0,000" classname="cviceni.StringBuilderAndBufferTest"/>
  <testcase name="testBuilderAppend" time="0,001" classname="cviceni.StringBuilderAndBufferTest"/>
  <testcase name="testBuilderAppendDelete" time="0,000" classname="cviceni.StringBuilderAndBufferTest"/>
  <testcase name="testBufferAppendDelete" time="0,001" classname="cviceni.StringBuilderAndBufferTest"/>
  <testcase name="testBufferAppendDelete" time="0,001" classname="cviceni.StringBuilderAndBufferTest"/>
  <testcase name="testBufferAppend" time="0,000" classname="cviceni.StringBuilderAndBufferTest"/>
  <testcase name="testBufferAppendDelete" time="0,001" classname="cviceni.StringBuilderAndBufferTest"/>
  <testcase name="testBufferAppend" time="0,001" classname="cviceni.StringBuilderAndBufferTest"/>
  <testcase name="testBufferAppendDelete" time="0,000" classname="cviceni.StringBuilderAndBufferTest"/>
  <testcase name="testBufferAppend" time="0,001" classname="cviceni.StringBuilderAndBufferTest"/>
  <testcase name="testBufferAppendDelete" time="0,000" classname="cviceni.StringBuilderAndBufferTest"/>
  <testcase name="testBufferAppendDelete" time="0,000" classname="cviceni.StringBuilderAndBufferTest"/>
  <testcase name="testBufferAppend" time="0,000" classname="cviceni.StringBuilderAndBufferTest"/>
  <testcase name="testBuilderAppend" time="0,000" classname="cviceni.StringBuilderAndBufferTest"/>
  <testcase name="testBufferAppend" time="0,001" classname="cviceni.StringBuilderAndBufferTest"/>
  <testcase name="testBufferAppend" time="0,001" classname="cviceni.StringBuilderAndBufferTest"/>
  <testcase name="testBufferAppend" time="0,001" classname="cviceni.StringBuilderAndBufferTest"/>
  <testcase name="testBufferAppendDelete" time="0,000" classname="cviceni.StringBuilderAndBufferTest"/>
  <testcase name="testBuilderAppendDelete" time="0,000" classname="cviceni.StringBuilderAndBufferTest"/>
  <testcase name="testBufferAppendDelete" time="0,000" classname="cviceni.StringBuilderAndBufferTest"/>
  <testcase name="testBufferAppend" time="0,000" classname="cviceni.StringBuilderAndBufferTest"/>
  <testcase name="testBufferAppendDelete" time="0,001" classname="cviceni.StringBuilderAndBufferTest"/>
  <testcase name="testBuilderAppendDelete" time="0,000" classname="cviceni.StringBuilderAndBufferTest"/>
  <testcase name="testBuilderAppend" time="0,001" classname="cviceni.StringBuilderAndBufferTest"/>
  <testcase name="testBuilderAppend" time="0,001" classname="cviceni.StringBuilderAndBufferTest"/>
  <testcase name="testBuilderAppendDelete" time="0,000" classname="cviceni.StringBuilderAndBufferTest"/>
  <testcase name="testBufferAppendDelete" time="0,000" classname="cviceni.StringBuilderAndBufferTest"/>
  <testcase name="testBufferAppendDelete" time="0,001" classname="cviceni.StringBuilderAndBufferTest"/>
  <testcase name="testBufferAppendDelete" time="0,001" classname="cviceni.StringBuilderAndBufferTest"/>
  <testcase name="testBuilderAppend" time="0,000" classname="cviceni.StringBuilderAndBufferTest"/>
  <testcase name="testBuilderAppendDelete" time="0,000" classname="cviceni.StringBuilderAndBufferTest"/>
  <testcase name="testBuilderAppend" time="0,000" classname="cviceni.StringBuilderAndBufferTest"/>
  <testcase name="testBuilderAppend" time="0,000" classname="cviceni.StringBuilderAndBufferTest"/>
  <testcase name="testBufferAppendDelete" time="0,000" classname="cviceni.StringBuilderAndBufferTest"/>
  <testcase name="testBufferAppendDelete" time="0,001" classname="cviceni.StringBuilderAndBufferTest"/>
  <testcase name="testBuilderAppend" time="0,000" classname="cviceni.StringBuilderAndBufferTest"/>
  <testcase name="testBufferAppend" time="0,000" classname="cviceni.StringBuilderAndBufferTest"/>
  <testcase name="testBuilderAppend" time="0,000" classname="cviceni.StringBuilderAndBufferTest"/>
  <testcase name="testBuilderAppend" time="0,000" classname="cviceni.StringBuilderAndBufferTest"/>
  <testcase name="testBuilderAppendDelete" time="0,000" classname="cviceni.StringBuilderAndBufferTest"/>
  <testcase name="testBuilderAppendDelete" time="0,001" classname="cviceni.StringBuilderAndBufferTest"/>
  <testcase name="testBufferAppend" time="0,000" classname="cviceni.StringBuilderAndBufferTest"/>
  <testcase name="testBufferAppendDelete" time="0,000" classname="cviceni.StringBuilderAndBufferTest"/>
  <testcase name="testBuilderAppend" time="0,001" classname="cviceni.StringBuilderAndBufferTest"/>
  <testcase name="testBufferAppend" time="0,001" classname="cviceni.StringBuilderAndBufferTest"/>
  <testcase name="testBufferAppend" time="0,000" classname="cviceni.StringBuilderAndBufferTest"/>
  <testcase name="testBufferAppendDelete" time="0,001" classname="cviceni.StringBuilderAndBufferTest"/>
  <testcase name="testBufferAppend" time="0,001" classname="cviceni.StringBuilderAndBufferTest"/>
  <testcase name="testBuilderAppend" time="0,000" classname="cviceni.StringBuilderAndBufferTest"/>
  <testcase name="testBuilderAppend" time="0,000" classname="cviceni.StringBuilderAndBufferTest"/>
  <testcase name="testBufferAppendDelete" time="0,000" classname="cviceni.StringBuilderAndBufferTest"/>
  <testcase name="testBuilderAppendDelete" time="0,000" classname="cviceni.StringBuilderAndBufferTest"/>
  <testcase name="testBuilderAppendDelete" time="0,000" classname="cviceni.StringBuilderAndBufferTest"/>
  <testcase name="testBufferAppend" time="0,001" classname="cviceni.StringBuilderAndBufferTest"/>
  <testcase name="testBufferAppendDelete" time="0,000" classname="cviceni.StringBuilderAndBufferTest"/>
  <testcase name="testBufferAppend" time="0,001" classname="cviceni.StringBuilderAndBufferTest"/>
  <testcase name="testBuilderAppendDelete" time="0,000" classname="cviceni.StringBuilderAndBufferTest"/>
  <testcase name="testBuilderAppendDelete" time="0,017" classname="cviceni.StringBuilderAndBufferTest"/>
  <testcase name="testBufferAppendDelete" time="0,000" classname="cviceni.StringBuilderAndBufferTest"/>
  <testcase name="testBufferAppend" time="0,000" classname="cviceni.StringBuilderAndBufferTest"/>
  <testcase name="testBufferAppend" time="0,000" classname="cviceni.StringBuilderAndBufferTest"/>
  <testcase name="testBufferAppend" time="0,000" classname="cviceni.StringBuilderAndBufferTest"/>
  <testcase name="testBuilderAppend" time="0,000" classname="cviceni.StringBuilderAndBufferTest"/>
  <testcase name="testBuilderAppend" time="0,000" classname="cviceni.StringBuilderAndBufferTest"/>
  <testcase name="testBuilderAppend" time="0,000" classname="cviceni.StringBuilderAndBufferTest"/>
  <testcase name="testBuilderAppend" time="0,001" classname="cviceni.StringBuilderAndBufferTest"/>
  <testcase name="testBufferAppend" time="0,001" classname="cviceni.StringBuilderAndBufferTest"/>
  <testcase name="testBufferAppendDelete" time="0,000" classname="cviceni.StringBuilderAndBufferTest"/>
  <testcase name="testBufferAppendDelete" time="0,000" classname="cviceni.StringBuilderAndBufferTest"/>
  <testcase name="testBufferAppendDelete" time="0,000" classname="cviceni.StringBuilderAndBufferTest"/>
  <testcase name="testBufferAppendDelete" time="0,001" classname="cviceni.StringBuilderAndBufferTest"/>
  <testcase name="testBuilderAppend" time="0,001" classname="cviceni.StringBuilderAndBufferTest"/>
  <testcase name="testBuilderAppend" time="0,000" classname="cviceni.StringBuilderAndBufferTest"/>
  <testcase name="testBuilderAppend" time="0,000" classname="cviceni.StringBuilderAndBufferTest"/>
  <testcase name="testBuilderAppend" time="0,000" classname="cviceni.StringBuilderAndBufferTest"/>
  <testcase name="testBuilderAppend" time="0,000" classname="cviceni.StringBuilderAndBufferTest"/>
  <testcase name="testBuilderAppend" time="0,000" classname="cviceni.StringBuilderAndBufferTest"/>
  <testcase name="testBufferAppend" time="0,000" classname="cviceni.StringBuilderAndBufferTest"/>
  <testcase name="testBufferAppend" time="0,001" classname="cviceni.StringBuilderAndBufferTest"/>
  <testcase name="testBufferAppendDelete" time="0,000" classname="cviceni.StringBuilderAndBufferTest"/>
  <testcase name="testBufferAppendDelete" time="0,001" classname="cviceni.StringBuilderAndBufferTest"/>
  <testcase name="testBufferAppend" time="0,000" classname="cviceni.StringBuilderAndBufferTest"/>
  <testcase name="testBuilderAppendDelete" time="0,000" classname="cviceni.StringBuilderAndBufferTest"/>
  <testcase name="testBuilderAppendDelete" time="0,000" classname="cviceni.StringBuilderAndBufferTest"/>
  <testcase name="testBufferAppend" time="0,000" classname="cviceni.StringBuilderAndBufferTest"/>
  <testcase name="testBuilderAppendDelete" time="0,000" classname="cviceni.StringBuilderAndBufferTest"/>
  <testcase name="testBuilderAppendDelete" time="0,000" classname="cviceni.StringBuilderAndBufferTest"/>
  <testcase name="testBuilderAppend" time="0,000" classname="cviceni.StringBuilderAndBufferTest"/>
  <testcase name="testBuilderAppend" time="0,000" classname="cviceni.StringBuilderAndBufferTest"/>
  <testcase name="testBuilderAppend" time="0,000" classname="cviceni.StringBuilderAndBufferTest"/>
  <testcase name="testBufferAppendDelete" time="0,000" classname="cviceni.StringBuilderAndBufferTest"/>
  <testcase name="testBuilderAppendDelete" time="0,000" classname="cviceni.StringBuilderAndBufferTest"/>
  <testcase name="testBuilderAppendDelete" time="0,001" classname="cviceni.StringBuilderAndBufferTest"/>
  <testcase name="testBufferAppendDelete" time="0,000" classname="cviceni.StringBuilderAndBufferTest"/>
  <testcase name="testBufferAppend" time="0,000" classname="cviceni.StringBuilderAndBufferTest"/>
  <testcase name="testBufferAppend" time="0,000" classname="cviceni.StringBuilderAndBufferTest"/>
  <testcase name="testBufferAppendDelete" time="0,000" classname="cviceni.StringBuilderAndBufferTest"/>
  <testcase name="testBuilderAppend" time="0,000" classname="cviceni.StringBuilderAndBufferTest"/>
  <testcase name="testBuilderAppend" time="0,009" classname="cviceni.StringBuilderAndBufferTest"/>
  <testcase name="testBuilderAppendDelete" time="0,001" classname="cviceni.StringBuilderAndBufferTest"/>
  <testcase name="testBufferAppendDelete" time="0,000" classname="cviceni.StringBuilderAndBufferTest"/>
  <testcase name="testBuilderAppend" time="0,000" classname="cviceni.StringBuilderAndBufferTest"/>
  <testcase name="testBufferAppend" time="0,043" classname="cviceni.StringBuilderAndBufferTest"/>
  <testcase name="testBuilderAppendDelete" time="0,001" classname="cviceni.StringBuilderAndBufferTest"/>
  <testcase name="testBuilderAppend" time="0,001" classname="cviceni.StringBuilderAndBufferTest"/>
  <testcase name="testBuilderAppend" time="0,001" classname="cviceni.StringBuilderAndBufferTest"/>
  <testcase name="testBuilderAppend" time="0,000" classname="cviceni.StringBuilderAndBufferTest"/>
  <testcase name="testBuilderAppendDelete" time="0,000" classname="cviceni.StringBuilderAndBufferTest"/>
  <testcase name="testBuilderAppend" time="0,000" classname="cviceni.StringBuilderAndBufferTest"/>
  <testcase name="testBufferAppendDelete" time="0,001" classname="cviceni.StringBuilderAndBufferTest"/>
  <testcase name="testBufferAppendDelete" time="0,001" classname="cviceni.StringBuilderAndBufferTest"/>
  <testcase name="testBufferAppendDelete" time="0,000" classname="cviceni.StringBuilderAndBufferTest"/>
  <testcase name="testBufferAppendDelete" time="0,000" classname="cviceni.StringBuilderAndBufferTest"/>
  <testcase name="testBuilderAppendDelete" time="0,000" classname="cviceni.StringBuilderAndBufferTest"/>
  <testcase name="testBufferAppendDelete" time="0,001" classname="cviceni.StringBuilderAndBufferTest"/>
  <testcase name="testBufferAppend" time="0,000" classname="cviceni.StringBuilderAndBufferTest"/>
  <testcase name="testBufferAppend" time="0,000" classname="cviceni.StringBuilderAndBufferTest"/>
  <testcase name="testBuilderAppendDelete" time="0,000" classname="cviceni.StringBuilderAndBufferTest"/>
  <testcase name="testBuilderAppendDelete" time="0,001" classname="cviceni.StringBuilderAndBufferTest"/>
  <testcase name="testBufferAppendDelete" time="0,000" classname="cviceni.StringBuilderAndBufferTest"/>
  <testcase name="testBuilderAppend" time="0,000" classname="cviceni.StringBuilderAndBufferTest"/>
  <testcase name="testBuilderAppend" time="0,000" classname="cviceni.StringBuilderAndBufferTest"/>
  <testcase name="testBuilderAppend" time="0,001" classname="cviceni.StringBuilderAndBufferTest"/>
  <testcase name="testBufferAppendDelete" time="0,000" classname="cviceni.StringBuilderAndBufferTest"/>
  <testcase name="testBufferAppendDelete" time="0,000" classname="cviceni.StringBuilderAndBufferTest"/>
  <testcase name="testBufferAppendDelete" time="0,001" classname="cviceni.StringBuilderAndBufferTest"/>
  <testcase name="testBufferAppend" time="0,000" classname="cviceni.StringBuilderAndBufferTest"/>
  <testcase name="testBufferAppend" time="0,001" classname="cviceni.StringBuilderAndBufferTest"/>
  <testcase name="testBufferAppend" time="0,000" classname="cviceni.StringBuilderAndBufferTest"/>
  <testcase name="testBufferAppendDelete" time="0,000" classname="cviceni.StringBuilderAndBufferTest"/>
  <testcase name="testBufferAppend" time="0,000" classname="cviceni.StringBuilderAndBufferTest"/>
  <testcase name="testBufferAppendDelete" time="0,000" classname="cviceni.StringBuilderAndBufferTest"/>
  <testcase name="testBufferAppendDelete" time="0,000" classname="cviceni.StringBuilderAndBufferTest"/>
  <testcase name="testBuilderAppendDelete" time="0,000" classname="cviceni.StringBuilderAndBufferTest"/>
  <testcase name="testBuilderAppendDelete" time="0,000" classname="cviceni.StringBuilderAndBufferTest"/>
  <testcase name="testBufferAppendDelete" time="0,000" classname="cviceni.StringBuilderAndBufferTest"/>
  <testcase name="testBuilderAppendDelete" time="0,001" classname="cviceni.StringBuilderAndBufferTest"/>
  <testcase name="testBuilderAppend" time="0,000" classname="cviceni.StringBuilderAndBufferTest"/>
  <testcase name="testBufferAppendDelete" time="0,001" classname="cviceni.StringBuilderAndBufferTest"/>
  <testcase name="testBufferAppend" time="0,000" classname="cviceni.StringBuilderAndBufferTest"/>
  <testcase name="testBufferAppendDelete" time="0,000" classname="cviceni.StringBuilderAndBufferTest"/>
  <testcase name="testBuilderAppendDelete" time="0,000" classname="cviceni.StringBuilderAndBufferTest"/>
  <testcase name="testBuilderAppend" time="0,001" classname="cviceni.StringBuilderAndBufferTest"/>
  <testcase name="testBufferAppend" time="0,001" classname="cviceni.StringBuilderAndBufferTest"/>
  <testcase name="testBuilderAppendDelete" time="0,000" classname="cviceni.StringBuilderAndBufferTest"/>
  <testcase name="testBufferAppendDelete" time="0,000" classname="cviceni.StringBuilderAndBufferTest"/>
  <testcase name="testBuilderAppendDelete" time="0,000" classname="cviceni.StringBuilderAndBufferTest"/>
  <testcase name="testBufferAppend" time="0,000" classname="cviceni.StringBuilderAndBufferTest"/>
  <testcase name="testBuilderAppend" time="0,000" classname="cviceni.StringBuilderAndBufferTest"/>
  <testcase name="testBufferAppendDelete" time="0,000" classname="cviceni.StringBuilderAndBufferTest"/>
  <testcase name="testBuilderAppendDelete" time="0,000" classname="cviceni.StringBuilderAndBufferTest"/>
  <testcase name="testBufferAppend" time="0,001" classname="cviceni.StringBuilderAndBufferTest"/>
  <testcase name="testBuilderAppend" time="0,000" classname="cviceni.StringBuilderAndBufferTest"/>
  <testcase name="testBufferAppend" time="0,000" classname="cviceni.StringBuilderAndBufferTest"/>
  <testcase name="testBufferAppend" time="0,001" classname="cviceni.StringBuilderAndBufferTest"/>
  <testcase name="testBuilderAppend" time="0,000" classname="cviceni.StringBuilderAndBufferTest"/>
  <testcase name="testBuilderAppend" time="0,000" classname="cviceni.StringBuilderAndBufferTest"/>
  <testcase name="testBufferAppend" time="0,000" classname="cviceni.StringBuilderAndBufferTest"/>
  <testcase name="testBuilderAppend" time="0,001" classname="cviceni.StringBuilderAndBufferTest"/>
  <testcase name="testBuilderAppendDelete" time="0,001" classname="cviceni.StringBuilderAndBufferTest"/>
  <testcase name="testBuilderAppendDelete" time="0,000" classname="cviceni.StringBuilderAndBufferTest"/>
  <testcase name="testBuilderAppendDelete" time="0,000" classname="cviceni.StringBuilderAndBufferTest"/>
  <testcase name="testBuilderAppend" time="0,006" classname="cviceni.StringBuilderAndBufferTest"/>
  <testcase name="testBuilderAppend" time="0,001" classname="cviceni.StringBuilderAndBufferTest"/>
  <testcase name="testBufferAppend" time="0,000" classname="cviceni.StringBuilderAndBufferTest"/>
  <testcase name="testBuilderAppend" time="0,001" classname="cviceni.StringBuilderAndBufferTest"/>
  <testcase name="testBuilderAppend" time="0,000" classname="cviceni.StringBuilderAndBufferTest"/>
  <testcase name="testBuilderAppendDelete" time="0,000" classname="cviceni.StringBuilderAndBufferTest"/>
  <testcase name="testBufferAppend" time="0,000" classname="cviceni.StringBuilderAndBufferTest"/>
  <testcase name="testBuilderAppendDelete" time="0,000" classname="cviceni.StringBuilderAndBufferTest"/>
  <testcase name="testBufferAppendDelete" time="0,000" classname="cviceni.StringBuilderAndBufferTest"/>
  <testcase name="testBufferAppend" time="0,000" classname="cviceni.StringBuilderAndBufferTest"/>
  <testcase name="testBuilderAppendDelete" time="0,000" classname="cviceni.StringBuilderAndBufferTest"/>
  <testcase name="testBufferAppendDelete" time="0,000" classname="cviceni.StringBuilderAndBufferTest"/>
  <testcase name="testBufferAppendDelete" time="0,000" classname="cviceni.StringBuilderAndBufferTest"/>
  <testcase name="testBufferAppend" time="0,000" classname="cviceni.StringBuilderAndBufferTest"/>
  <testcase name="testBuilderAppendDelete" time="0,001" classname="cviceni.StringBuilderAndBufferTest"/>
  <testcase name="testBuilderAppendDelete" time="0,000" classname="cviceni.StringBuilderAndBufferTest"/>
  <testcase name="testBuilderAppendDelete" time="0,000" classname="cviceni.StringBuilderAndBufferTest"/>
  <testcase name="testBufferAppendDelete" time="0,027" classname="cviceni.StringBuilderAndBufferTest"/>
  <testcase name="testBuilderAppend" time="0,000" classname="cviceni.StringBuilderAndBufferTest"/>
  <testcase name="testBufferAppendDelete" time="0,000" classname="cviceni.StringBuilderAndBufferTest"/>
  <testcase name="testBufferAppendDelete" time="0,000" classname="cviceni.StringBuilderAndBufferTest"/>
  <testcase name="testBuilderAppend" time="0,000" classname="cviceni.StringBuilderAndBufferTest"/>
  <testcase name="testBuilderAppendDelete" time="0,000" classname="cviceni.StringBuilderAndBufferTest"/>
  <testcase name="testBuilderAppendDelete" time="0,000" classname="cviceni.StringBuilderAndBufferTest"/>
  <testcase name="testBufferAppendDelete" time="0,001" classname="cviceni.StringBuilderAndBufferTest"/>
  <testcase name="testBuilderAppend" time="0,000" classname="cviceni.StringBuilderAndBufferTest"/>
  <testcase name="testBufferAppend" time="0,000" classname="cviceni.StringBuilderAndBufferTest"/>
  <testcase name="testBufferAppend" time="0,001" classname="cviceni.StringBuilderAndBufferTest"/>
  <testcase name="testBuilderAppend" time="0,000" classname="cviceni.StringBuilderAndBufferTest"/>
  <testcase name="testBuilderAppendDelete" time="0,000" classname="cviceni.StringBuilderAndBufferTest"/>
  <testcase name="testBuilderAppendDelete" time="0,000" classname="cviceni.StringBuilderAndBufferTest"/>
  <testcase name="testBuilderAppend" time="0,001" classname="cviceni.StringBuilderAndBufferTest"/>
  <testcase name="testBuilderAppendDelete" time="0,000" classname="cviceni.StringBuilderAndBufferTest"/>
  <testcase name="testBuilderAppendDelete" time="0,000" classname="cviceni.StringBuilderAndBufferTest"/>
  <testcase name="testBufferAppendDelete" time="0,000" classname="cviceni.StringBuilderAndBufferTest"/>
  <testcase name="testBuilderAppendDelete" time="0,001" classname="cviceni.StringBuilderAndBufferTest"/>
  <testcase name="testBufferAppendDelete" time="0,000" classname="cviceni.StringBuilderAndBufferTest"/>
  <testcase name="testBufferAppend" time="0,000" classname="cviceni.StringBuilderAndBufferTest"/>
  <testcase name="testBufferAppendDelete" time="0,000" classname="cviceni.StringBuilderAndBufferTest"/>
  <testcase name="testBufferAppend" time="0,000" classname="cviceni.StringBuilderAndBufferTest"/>
  <testcase name="testBuilderAppend" time="0,000" classname="cviceni.StringBuilderAndBufferTest"/>
  <testcase name="testBuilderAppend" time="0,000" classname="cviceni.StringBuilderAndBufferTest"/>
  <testcase name="testBufferAppend" time="0,001" classname="cviceni.StringBuilderAndBufferTest"/>
  <testcase name="testBuilderAppendDelete" time="0,000" classname="cviceni.StringBuilderAndBufferTest"/>
  <testcase name="testBufferAppendDelete" time="0,001" classname="cviceni.StringBuilderAndBufferTest"/>
  <testcase name="testBufferAppend" time="0,001" classname="cviceni.StringBuilderAndBufferTest"/>
  <testcase name="testBuilderAppendDelete" time="0,000" classname="cviceni.StringBuilderAndBufferTest"/>
  <testcase name="testBufferAppend" time="0,000" classname="cviceni.StringBuilderAndBufferTest"/>
  <testcase name="testBufferAppendDelete" time="0,000" classname="cviceni.StringBuilderAndBufferTest"/>
  <testcase name="testBufferAppend" time="0,001" classname="cviceni.StringBuilderAndBufferTest"/>
  <testcase name="testBuilderAppendDelete" time="0,000" classname="cviceni.StringBuilderAndBufferTest"/>
  <testcase name="testBufferAppendDelete" time="0,001" classname="cviceni.StringBuilderAndBufferTest"/>
  <testcase name="testBuilderAppendDelete" time="0,001" classname="cviceni.StringBuilderAndBufferTest"/>
  <testcase name="testBuilderAppendDelete" time="0,000" classname="cviceni.StringBuilderAndBufferTest"/>
  <testcase name="testBufferAppend" time="0,000" classname="cviceni.StringBuilderAndBufferTest"/>
  <testcase name="testBuilderAppend" time="0,000" classname="cviceni.StringBuilderAndBufferTest"/>
  <testcase name="testBufferAppendDelete" time="0,000" classname="cviceni.StringBuilderAndBufferTest"/>
  <testcase name="testBuilderAppendDelete" time="0,005" classname="cviceni.StringBuilderAndBufferTest"/>
  <testcase name="testBuilderAppend" time="0,000" classname="cviceni.StringBuilderAndBufferTest"/>
  <testcase name="testBuilderAppendDelete" time="0,000" classname="cviceni.StringBuilderAndBufferTest"/>
  <testcase name="testBufferAppendDelete" time="0,000" classname="cviceni.StringBuilderAndBufferTest"/>
  <testcase name="testBufferAppendDelete" time="0,000" classname="cviceni.StringBuilderAndBufferTest"/>
  <testcase name="testBuilderAppend" time="0,000" classname="cviceni.StringBuilderAndBufferTest"/>
  <testcase name="testBufferAppend" time="0,001" classname="cviceni.StringBuilderAndBufferTest"/>
  <testcase name="testBufferAppend" time="0,000" classname="cviceni.StringBuilderAndBufferTest"/>
  <testcase name="testBufferAppendDelete" time="0,000" classname="cviceni.StringBuilderAndBufferTest"/>
  <testcase name="testBuilderAppend" time="0,001" classname="cviceni.StringBuilderAndBufferTest"/>
  <testcase name="testBuilderAppend" time="0,000" classname="cviceni.StringBuilderAndBufferTest"/>
  <testcase name="testBufferAppend" time="0,001" classname="cviceni.StringBuilderAndBufferTest"/>
  <testcase name="testBuilderAppend" time="0,000" classname="cviceni.StringBuilderAndBufferTest"/>
  <testcase name="testBuilderAppendDelete" time="0,000" classname="cviceni.StringBuilderAndBufferTest"/>
  <testcase name="testBuilderAppend" time="0,000" classname="cviceni.StringBuilderAndBufferTest"/>
  <testcase name="testBufferAppend" time="0,001" classname="cviceni.StringBuilderAndBufferTest"/>
  <testcase name="testBuilderAppendDelete" time="0,000" classname="cviceni.StringBuilderAndBufferTest"/>
  <testcase name="testBufferAppend" time="0,000" classname="cviceni.StringBuilderAndBufferTest"/>
  <testcase name="testBuilderAppendDelete" time="0,000" classname="cviceni.StringBuilderAndBufferTest"/>
  <testcase name="testBuilderAppendDelete" time="0,000" classname="cviceni.StringBuilderAndBufferTest"/>
  <testcase name="testBufferAppendDelete" time="0,000" classname="cviceni.StringBuilderAndBufferTest"/>
  <testcase name="testBufferAppendDelete" time="0,000" classname="cviceni.StringBuilderAndBufferTest"/>
  <testcase name="testBufferAppend" time="0,000" classname="cviceni.StringBuilderAndBufferTest"/>
  <testcase name="testBufferAppendDelete" time="0,000" classname="cviceni.StringBuilderAndBufferTest"/>
  <testcase name="testBuilderAppendDelete" time="0,001" classname="cviceni.StringBuilderAndBufferTest"/>
  <testcase name="testBuilderAppend" time="0,000" classname="cviceni.StringBuilderAndBufferTest"/>
  <testcase name="testBuilderAppendDelete" time="0,000" classname="cviceni.StringBuilderAndBufferTest"/>
  <testcase name="testBufferAppend" time="0,000" classname="cviceni.StringBuilderAndBufferTest"/>
  <testcase name="testBufferAppend" time="0,000" classname="cviceni.StringBuilderAndBufferTest"/>
  <testcase name="testBufferAppendDelete" time="0,000" classname="cviceni.StringBuilderAndBufferTest"/>
  <testcase name="testBuilderAppendDelete" time="0,000" classname="cviceni.StringBuilderAndBufferTest"/>
  <testcase name="testBuilderAppend" time="0,000" classname="cviceni.StringBuilderAndBufferTest"/>
  <testcase name="testBuilderAppend" time="0,119" classname="cviceni.StringBuilderAndBufferTest"/>
  <testcase name="testBufferAppend" time="0,000" classname="cviceni.StringBuilderAndBufferTest"/>
  <testcase name="testBufferAppend" time="0,000" classname="cviceni.StringBuilderAndBufferTest"/>
  <testcase name="testBuilderAppend" time="0,001" classname="cviceni.StringBuilderAndBufferTest"/>
  <testcase name="testBuilderAppendDelete" time="0,001" classname="cviceni.StringBuilderAndBufferTest"/>
  <testcase name="testBufferAppendDelete" time="0,000" classname="cviceni.StringBuilderAndBufferTest"/>
  <testcase name="testBuilderAppend" time="0,000" classname="cviceni.StringBuilderAndBufferTest"/>
  <testcase name="testBufferAppend" time="0,000" classname="cviceni.StringBuilderAndBufferTest"/>
  <testcase name="testBufferAppend" time="0,000" classname="cviceni.StringBuilderAndBufferTest"/>
  <testcase name="testBuilderAppendDelete" time="0,000" classname="cviceni.StringBuilderAndBufferTest"/>
  <testcase name="testBuilderAppend" time="0,001" classname="cviceni.StringBuilderAndBufferTest"/>
  <testcase name="testBuilderAppend" time="0,011" classname="cviceni.StringBuilderAndBufferTest"/>
  <testcase name="testBuilderAppendDelete" time="0,000" classname="cviceni.StringBuilderAndBufferTest"/>
  <testcase name="testBufferAppendDelete" time="0,113" classname="cviceni.StringBuilderAndBufferTest"/>
  <testcase name="testBufferAppendDelete" time="0,000" classname="cviceni.StringBuilderAndBufferTest"/>
  <testcase name="testBuilderAppendDelete" time="0,000" classname="cviceni.StringBuilderAndBufferTest"/>
  <testcase name="testBufferAppend" time="0,000" classname="cviceni.StringBuilderAndBufferTest"/>
  <testcase name="testBuilderAppendDelete" time="0,001" classname="cviceni.StringBuilderAndBufferTest"/>
  <testcase name="testBufferAppendDelete" time="0,000" classname="cviceni.StringBuilderAndBufferTest"/>
  <testcase name="testBuilderAppendDelete" time="0,000" classname="cviceni.StringBuilderAndBufferTest"/>
  <testcase name="testBuilderAppendDelete" time="0,000" classname="cviceni.StringBuilderAndBufferTest"/>
  <testcase name="testBuilderAppend" time="0,000" classname="cviceni.StringBuilderAndBufferTest"/>
  <testcase name="testBufferAppendDelete" time="0,000" classname="cviceni.StringBuilderAndBufferTest"/>
  <testcase name="testBuilderAppendDelete" time="0,000" classname="cviceni.StringBuilderAndBufferTest"/>
  <testcase name="testBufferAppendDelete" time="0,000" classname="cviceni.StringBuilderAndBufferTest"/>
  <testcase name="testBuilderAppend" time="0,000" classname="cviceni.StringBuilderAndBufferTest"/>
  <testcase name="testBuilderAppend" time="0,000" classname="cviceni.StringBuilderAndBufferTest"/>
  <testcase name="testBuilderAppend" time="0,000" classname="cviceni.StringBuilderAndBufferTest"/>
  <testcase name="testBufferAppend" time="0,001" classname="cviceni.StringBuilderAndBufferTest"/>
  <testcase name="testBuilderAppend" time="0,000" classname="cviceni.StringBuilderAndBufferTest"/>
  <testcase name="testBuilderAppendDelete" time="0,001" classname="cviceni.StringBuilderAndBufferTest"/>
  <testcase name="testBufferAppendDelete" time="0,000" classname="cviceni.StringBuilderAndBufferTest"/>
  <testcase name="testBufferAppend" time="0,000" classname="cviceni.StringBuilderAndBufferTest"/>
  <testcase name="testBufferAppendDelete" time="0,000" classname="cviceni.StringBuilderAndBufferTest"/>
  <testcase name="testBuilderAppendDelete" time="0,000" classname="cviceni.StringBuilderAndBufferTest"/>
  <testcase name="testBufferAppendDelete" time="0,000" classname="cviceni.StringBuilderAndBufferTest"/>
  <testcase name="testBuilderAppendDelete" time="0,000" classname="cviceni.StringBuilderAndBufferTest"/>
  <testcase name="testBuilderAppend" time="0,000" classname="cviceni.StringBuilderAndBufferTest"/>
  <testcase name="testBuilderAppendDelete" time="0,000" classname="cviceni.StringBuilderAndBufferTest"/>
  <testcase name="testBufferAppend" time="0,001" classname="cviceni.StringBuilderAndBufferTest"/>
  <testcase name="testBuilderAppendDelete" time="0,001" classname="cviceni.StringBuilderAndBufferTest"/>
  <testcase name="testBuilderAppend" time="0,000" classname="cviceni.StringBuilderAndBufferTest"/>
  <testcase name="testBufferAppend" time="0,000" classname="cviceni.StringBuilderAndBufferTest"/>
  <testcase name="testBufferAppendDelete" time="0,000" classname="cviceni.StringBuilderAndBufferTest"/>
  <testcase name="testBufferAppendDelete" time="0,000" classname="cviceni.StringBuilderAndBufferTest"/>
  <testcase name="testBufferAppendDelete" time="0,000" classname="cviceni.StringBuilderAndBufferTest"/>
  <testcase name="testBuilderAppend" time="0,000" classname="cviceni.StringBuilderAndBufferTest"/>
  <testcase name="testBufferAppend" time="0,000" classname="cviceni.StringBuilderAndBufferTest"/>
  <testcase name="testBufferAppend" time="0,001" classname="cviceni.StringBuilderAndBufferTest"/>
  <testcase name="testBufferAppend" time="0,001" classname="cviceni.StringBuilderAndBufferTest"/>
  <testcase name="testBuilderAppendDelete" time="0,000" classname="cviceni.StringBuilderAndBufferTest"/>
  <testcase name="testBuilderAppend" time="0,001" classname="cviceni.StringBuilderAndBufferTest"/>
  <testcase name="testBuilderAppendDelete" time="0,000" classname="cviceni.StringBuilderAndBufferTest"/>
  <testcase name="testBufferAppend" time="0,000" classname="cviceni.StringBuilderAndBufferTest"/>
  <testcase name="testBuilderAppend" time="0,001" classname="cviceni.StringBuilderAndBufferTest"/>
  <testcase name="testBuilderAppendDelete" time="0,000" classname="cviceni.StringBuilderAndBufferTest"/>
  <testcase name="testBuilderAppend" time="0,001" classname="cviceni.StringBuilderAndBufferTest"/>
  <testcase name="testBufferAppend" time="0,000" classname="cviceni.StringBuilderAndBufferTest"/>
  <testcase name="testBufferAppend" time="0,001" classname="cviceni.StringBuilderAndBufferTest"/>
  <testcase name="testBuilderAppend" time="0,000" classname="cviceni.StringBuilderAndBufferTest"/>
  <testcase name="testBufferAppendDelete" time="0,001" classname="cviceni.StringBuilderAndBufferTest"/>
  <testcase name="testBuilderAppend" time="0,000" classname="cviceni.StringBuilderAndBufferTest"/>
  <testcase name="testBuilderAppendDelete" time="0,000" classname="cviceni.StringBuilderAndBufferTest"/>
  <testcase name="testBufferAppend" time="0,000" classname="cviceni.StringBuilderAndBufferTest"/>
  <testcase name="testBuilderAppend" time="0,000" classname="cviceni.StringBuilderAndBufferTest"/>
  <testcase name="testBufferAppendDelete" time="0,000" classname="cviceni.StringBuilderAndBufferTest"/>
  <testcase name="testBufferAppendDelete" time="0,001" classname="cviceni.StringBuilderAndBufferTest"/>
  <testcase name="testBufferAppendDelete" time="0,000" classname="cviceni.StringBuilderAndBufferTest"/>
  <testcase name="testBuilderAppendDelete" time="0,000" classname="cviceni.StringBuilderAndBufferTest"/>
  <testcase name="testBuilderAppend" time="0,000" classname="cviceni.StringBuilderAndBufferTest"/>
  <testcase name="testBuilderAppendDelete" time="0,000" classname="cviceni.StringBuilderAndBufferTest"/>
  <testcase name="testBufferAppendDelete" time="0,000" classname="cviceni.StringBuilderAndBufferTest"/>
  <testcase name="testBuilderAppendDelete" time="0,000" classname="cviceni.StringBuilderAndBufferTest"/>
  <testcase name="testBufferAppendDelete" time="0,000" classname="cviceni.StringBuilderAndBufferTest"/>
  <testcase name="testBuilderAppend" time="0,000" classname="cviceni.StringBuilderAndBufferTest"/>
  <testcase name="testBufferAppendDelete" time="0,000" classname="cviceni.StringBuilderAndBufferTest"/>
  <testcase name="testBuilderAppend" time="0,000" classname="cviceni.StringBuilderAndBufferTest"/>
  <testcase name="testBufferAppendDelete" time="0,000" classname="cviceni.StringBuilderAndBufferTest"/>
  <testcase name="testBufferAppend" time="0,000" classname="cviceni.StringBuilderAndBufferTest"/>
  <testcase name="testBufferAppendDelete" time="0,000" classname="cviceni.StringBuilderAndBufferTest"/>
  <testcase name="testBuilderAppendDelete" time="0,000" classname="cviceni.StringBuilderAndBufferTest"/>
  <testcase name="testBufferAppendDelete" time="0,000" classname="cviceni.StringBuilderAndBufferTest"/>
  <testcase name="testBuilderAppendDelete" time="0,001" classname="cviceni.StringBuilderAndBufferTest"/>
  <testcase name="testBufferAppendDelete" time="0,003" classname="cviceni.StringBuilderAndBufferTest"/>
  <testcase name="testBuilderAppend" time="0,000" classname="cviceni.StringBuilderAndBufferTest"/>
  <testcase name="testBufferAppend" time="0,000" classname="cviceni.StringBuilderAndBufferTest"/>
  <testcase name="testBuilderAppend" time="0,001" classname="cviceni.StringBuilderAndBufferTest"/>
  <testcase name="testBuilderAppendDelete" time="0,001" classname="cviceni.StringBuilderAndBufferTest"/>
  <testcase name="testBuilderAppendDelete" time="0,000" classname="cviceni.StringBuilderAndBufferTest"/>
  <testcase name="testBufferAppendDelete" time="0,000" classname="cviceni.StringBuilderAndBufferTest"/>
  <testcase name="testBufferAppend" time="0,000" classname="cviceni.StringBuilderAndBufferTest"/>
  <testcase name="testBufferAppendDelete" time="0,000" classname="cviceni.StringBuilderAndBufferTest"/>
  <testcase name="testBuilderAppend" time="0,000" classname="cviceni.StringBuilderAndBufferTest"/>
  <testcase name="testBuilderAppend" time="0,000" classname="cviceni.StringBuilderAndBufferTest"/>
  <testcase name="testBuilderAppendDelete" time="0,000" classname="cviceni.StringBuilderAndBufferTest"/>
  <testcase name="testBufferAppendDelete" time="0,000" classname="cviceni.StringBuilderAndBufferTest"/>
  <testcase name="testBufferAppendDelete" time="0,000" classname="cviceni.StringBuilderAndBufferTest"/>
  <testcase name="testBufferAppendDelete" time="0,000" classname="cviceni.StringBuilderAndBufferTest"/>
  <testcase name="testBufferAppendDelete" time="0,000" classname="cviceni.StringBuilderAndBufferTest"/>
  <testcase name="testBufferAppend" time="0,000" classname="cviceni.StringBuilderAndBufferTest"/>
  <testcase name="testBuilderAppendDelete" time="0,000" classname="cviceni.StringBuilderAndBufferTest"/>
  <testcase name="testBuilderAppendDelete" time="0,000" classname="cviceni.StringBuilderAndBufferTest"/>
  <testcase name="testBuilderAppend" time="0,000" classname="cviceni.StringBuilderAndBufferTest"/>
  <testcase name="testBuilderAppend" time="0,000" classname="cviceni.StringBuilderAndBufferTest"/>
  <testcase name="testBufferAppend" time="0,000" classname="cviceni.StringBuilderAndBufferTest"/>
  <testcase name="testBufferAppend" time="0,000" classname="cviceni.StringBuilderAndBufferTest"/>
  <testcase name="testBuilderAppendDelete" time="0,000" classname="cviceni.StringBuilderAndBufferTest"/>
  <testcase name="testBuilderAppend" time="0,000" classname="cviceni.StringBuilderAndBufferTest"/>
  <testcase name="testBufferAppend" time="0,000" classname="cviceni.StringBuilderAndBufferTest"/>
  <testcase name="testBufferAppend" time="0,001" classname="cviceni.StringBuilderAndBufferTest"/>
  <testcase name="testBufferAppendDelete" time="0,000" classname="cviceni.StringBuilderAndBufferTest"/>
  <testcase name="testBufferAppendDelete" time="0,000" classname="cviceni.StringBuilderAndBufferTest"/>
  <testcase name="testBufferAppendDelete" time="0,000" classname="cviceni.StringBuilderAndBufferTest"/>
  <testcase name="testBuilderAppendDelete" time="0,001" classname="cviceni.StringBuilderAndBufferTest"/>
  <testcase name="testBuilderAppendDelete" time="0,000" classname="cviceni.StringBuilderAndBufferTest"/>
  <testcase name="testBufferAppend" time="0,000" classname="cviceni.StringBuilderAndBufferTest"/>
  <testcase name="testBufferAppendDelete" time="0,000" classname="cviceni.StringBuilderAndBufferTest"/>
  <testcase name="testBuilderAppend" time="0,000" classname="cviceni.StringBuilderAndBufferTest"/>
  <testcase name="testBufferAppendDelete" time="0,000" classname="cviceni.StringBuilderAndBufferTest"/>
  <testcase name="testBufferAppend" time="0,000" classname="cviceni.StringBuilderAndBufferTest"/>
  <testcase name="testBuilderAppendDelete" time="0,001" classname="cviceni.StringBuilderAndBufferTest"/>
  <testcase name="testBufferAppend" time="0,000" classname="cviceni.StringBuilderAndBufferTest"/>
  <testcase name="testBufferAppendDelete" time="0,000" classname="cviceni.StringBuilderAndBufferTest"/>
  <testcase name="testBufferAppend" time="0,000" classname="cviceni.StringBuilderAndBufferTest"/>
  <testcase name="testBuilderAppend" time="0,001" classname="cviceni.StringBuilderAndBufferTest"/>
  <testcase name="testBuilderAppendDelete" time="0,000" classname="cviceni.StringBuilderAndBufferTest"/>
  <testcase name="testBufferAppend" time="0,000" classname="cviceni.StringBuilderAndBufferTest"/>
  <testcase name="testBufferAppendDelete" time="0,001" classname="cviceni.StringBuilderAndBufferTest"/>
  <testcase name="testBuilderAppendDelete" time="0,000" classname="cviceni.StringBuilderAndBufferTest"/>
  <testcase name="testBuilderAppend" time="0,000" classname="cviceni.StringBuilderAndBufferTest"/>
  <testcase name="testBufferAppendDelete" time="0,001" classname="cviceni.StringBuilderAndBufferTest"/>
  <testcase name="testBuilderAppend" time="0,000" classname="cviceni.StringBuilderAndBufferTest"/>
  <testcase name="testBuilderAppend" time="0,000" classname="cviceni.StringBuilderAndBufferTest"/>
  <testcase name="testBufferAppendDelete" time="0,000" classname="cviceni.StringBuilderAndBufferTest"/>
  <testcase name="testBufferAppendDelete" time="0,000" classname="cviceni.StringBuilderAndBufferTest"/>
  <testcase name="testBuilderAppend" time="0,001" classname="cviceni.StringBuilderAndBufferTest"/>
  <testcase name="testBufferAppendDelete" time="0,001" classname="cviceni.StringBuilderAndBufferTest"/>
  <testcase name="testBuilderAppendDelete" time="0,000" classname="cviceni.StringBuilderAndBufferTest"/>
  <testcase name="testBufferAppendDelete" time="0,000" classname="cviceni.StringBuilderAndBufferTest"/>
  <testcase name="testBufferAppend" time="0,001" classname="cviceni.StringBuilderAndBufferTest"/>
  <testcase name="testBuilderAppend" time="0,010" classname="cviceni.StringBuilderAndBufferTest"/>
  <testcase name="testBuilderAppendDelete" time="0,000" classname="cviceni.StringBuilderAndBufferTest"/>
  <testcase name="testBuilderAppend" time="0,001" classname="cviceni.StringBuilderAndBufferTest"/>
  <testcase name="testBufferAppendDelete" time="0,000" classname="cviceni.StringBuilderAndBufferTest"/>
  <testcase name="testBuilderAppend" time="0,000" classname="cviceni.StringBuilderAndBufferTest"/>
  <testcase name="testBufferAppend" time="0,000" classname="cviceni.StringBuilderAndBufferTest"/>
  <testcase name="testBuilderAppendDelete" time="0,000" classname="cviceni.StringBuilderAndBufferTest"/>
  <testcase name="testBuilderAppend" time="0,001" classname="cviceni.StringBuilderAndBufferTest"/>
  <testcase name="testBuilderAppendDelete" time="0,000" classname="cviceni.StringBuilderAndBufferTest"/>
  <testcase name="testBufferAppend" time="0,000" classname="cviceni.StringBuilderAndBufferTest"/>
  <testcase name="testBuilderAppend" time="0,001" classname="cviceni.StringBuilderAndBufferTest"/>
  <testcase name="testBufferAppend" time="0,000" classname="cviceni.StringBuilderAndBufferTest"/>
  <testcase name="testBuilderAppendDelete" time="0,001" classname="cviceni.StringBuilderAndBufferTest"/>
  <testcase name="testBufferAppendDelete" time="0,001" classname="cviceni.StringBuilderAndBufferTest"/>
  <testcase name="testBufferAppend" time="0,000" classname="cviceni.StringBuilderAndBufferTest"/>
  <testcase name="testBuilderAppendDelete" time="0,000" classname="cviceni.StringBuilderAndBufferTest"/>
  <testcase name="testBuilderAppend" time="0,000" classname="cviceni.StringBuilderAndBufferTest"/>
  <testcase name="testBuilderAppend" time="0,001" classname="cviceni.StringBuilderAndBufferTest"/>
  <testcase name="testBufferAppendDelete" time="0,000" classname="cviceni.StringBuilderAndBufferTest"/>
  <testcase name="testBuilderAppendDelete" time="0,001" classname="cviceni.StringBuilderAndBufferTest"/>
  <testcase name="testBufferAppendDelete" time="0,000" classname="cviceni.StringBuilderAndBufferTest"/>
  <testcase name="testBuilderAppendDelete" time="0,001" classname="cviceni.StringBuilderAndBufferTest"/>
  <testcase name="testBufferAppendDelete" time="0,000" classname="cviceni.StringBuilderAndBufferTest"/>
  <testcase name="testBuilderAppendDelete" time="0,000" classname="cviceni.StringBuilderAndBufferTest"/>
  <testcase name="testBuilderAppend" time="0,000" classname="cviceni.StringBuilderAndBufferTest"/>
  <testcase name="testBuilderAppendDelete" time="0,000" classname="cviceni.StringBuilderAndBufferTest"/>
  <testcase name="testBufferAppend" time="0,001" classname="cviceni.StringBuilderAndBufferTest"/>
  <testcase name="testBufferAppendDelete" time="0,001" classname="cviceni.StringBuilderAndBufferTest"/>
  <testcase name="testBuilderAppend" time="0,000" classname="cviceni.StringBuilderAndBufferTest"/>
  <testcase name="testBufferAppendDelete" time="0,000" classname="cviceni.StringBuilderAndBufferTest"/>
  <testcase name="testBufferAppendDelete" time="0,000" classname="cviceni.StringBuilderAndBufferTest"/>
  <testcase name="testBufferAppendDelete" time="0,000" classname="cviceni.StringBuilderAndBufferTest"/>
  <testcase name="testBufferAppend" time="0,000" classname="cviceni.StringBuilderAndBufferTest"/>
  <testcase name="testBufferAppendDelete" time="0,001" classname="cviceni.StringBuilderAndBufferTest"/>
  <testcase name="testBuilderAppend" time="0,005" classname="cviceni.StringBuilderAndBufferTest"/>
  <testcase name="testBuilderAppendDelete" time="0,000" classname="cviceni.StringBuilderAndBufferTest"/>
  <testcase name="testBufferAppendDelete" time="0,001" classname="cviceni.StringBuilderAndBufferTest"/>
  <testcase name="testBuilderAppendDelete" time="0,001" classname="cviceni.StringBuilderAndBufferTest"/>
  <testcase name="testBufferAppend" time="0,001" classname="cviceni.StringBuilderAndBufferTest"/>
  <testcase name="testBuilderAppendDelete" time="0,000" classname="cviceni.StringBuilderAndBufferTest"/>
  <testcase name="testBufferAppendDelete" time="0,000" classname="cviceni.StringBuilderAndBufferTest"/>
  <testcase name="testBufferAppend" time="0,000" classname="cviceni.StringBuilderAndBufferTest"/>
  <testcase name="testBufferAppendDelete" time="0,000" classname="cviceni.StringBuilderAndBufferTest"/>
  <testcase name="testBufferAppendDelete" time="0,001" classname="cviceni.StringBuilderAndBufferTest"/>
  <testcase name="testBuilderAppend" time="0,000" classname="cviceni.StringBuilderAndBufferTest"/>
  <testcase name="testBufferAppendDelete" time="0,001" classname="cviceni.StringBuilderAndBufferTest"/>
  <testcase name="testBufferAppendDelete" time="0,000" classname="cviceni.StringBuilderAndBufferTest"/>
  <testcase name="testBufferAppendDelete" time="0,000" classname="cviceni.StringBuilderAndBufferTest"/>
  <testcase name="testBuilderAppend" time="0,000" classname="cviceni.StringBuilderAndBufferTest"/>
  <testcase name="testBuilderAppendDelete" time="0,001" classname="cviceni.StringBuilderAndBufferTest"/>
  <testcase name="testBufferAppendDelete" time="0,001" classname="cviceni.StringBuilderAndBufferTest"/>
  <testcase name="testBufferAppend" time="0,025" classname="cviceni.StringBuilderAndBufferTest"/>
  <testcase name="testBufferAppend" time="0,001" classname="cviceni.StringBuilderAndBufferTest"/>
  <testcase name="testBuilderAppendDelete" time="0,000" classname="cviceni.StringBuilderAndBufferTest"/>
  <testcase name="testBuilderAppend" time="0,001" classname="cviceni.StringBuilderAndBufferTest"/>
  <testcase name="testBuilderAppendDelete" time="0,001" classname="cviceni.StringBuilderAndBufferTest"/>
  <testcase name="testBuilderAppendDelete" time="0,000" classname="cviceni.StringBuilderAndBufferTest"/>
  <testcase name="testBufferAppendDelete" time="0,000" classname="cviceni.StringBuilderAndBufferTest"/>
  <testcase name="testBufferAppend" time="0,000" classname="cviceni.StringBuilderAndBufferTest"/>
  <testcase name="testBufferAppend" time="0,002" classname="cviceni.StringBuilderAndBufferTest"/>
  <testcase name="testBufferAppendDelete" time="0,000" classname="cviceni.StringBuilderAndBufferTest"/>
  <testcase name="testBuilderAppend" time="0,001" classname="cviceni.StringBuilderAndBufferTest"/>
  <testcase name="testBuilderAppendDelete" time="0,000" classname="cviceni.StringBuilderAndBufferTest"/>
  <testcase name="testBuilderAppend" time="0,000" classname="cviceni.StringBuilderAndBufferTest"/>
  <testcase name="testBuilderAppend" time="0,000" classname="cviceni.StringBuilderAndBufferTest"/>
  <testcase name="testBufferAppendDelete" time="0,001" classname="cviceni.StringBuilderAndBufferTest"/>
  <testcase name="testBuilderAppend" time="0,000" classname="cviceni.StringBuilderAndBufferTest"/>
  <testcase name="testBuilderAppendDelete" time="0,001" classname="cviceni.StringBuilderAndBufferTest"/>
  <testcase name="testBufferAppend" time="0,000" classname="cviceni.StringBuilderAndBufferTest"/>
  <testcase name="testBufferAppendDelete" time="0,000" classname="cviceni.StringBuilderAndBufferTest"/>
  <testcase name="testBuilderAppend" time="0,001" classname="cviceni.StringBuilderAndBufferTest"/>
  <testcase name="testBuilderAppend" time="0,000" classname="cviceni.StringBuilderAndBufferTest"/>
  <testcase name="testBufferAppendDelete" time="0,000" classname="cviceni.StringBuilderAndBufferTest"/>
  <testcase name="testBufferAppend" time="0,034" classname="cviceni.StringBuilderAndBufferTest"/>
  <testcase name="testBufferAppend" time="0,000" classname="cviceni.StringBuilderAndBufferTest"/>
  <testcase name="testBufferAppendDelete" time="0,001" classname="cviceni.StringBuilderAndBufferTest"/>
  <testcase name="testBufferAppend" time="0,000" classname="cviceni.StringBuilderAndBufferTest"/>
  <testcase name="testBuilderAppend" time="0,001" classname="cviceni.StringBuilderAndBufferTest"/>
  <testcase name="testBuilderAppendDelete" time="0,000" classname="cviceni.StringBuilderAndBufferTest"/>
  <testcase name="testBufferAppendDelete" time="0,000" classname="cviceni.StringBuilderAndBufferTest"/>
  <testcase name="testBufferAppend" time="0,000" classname="cviceni.StringBuilderAndBufferTest"/>
  <testcase name="testBufferAppendDelete" time="0,000" classname="cviceni.StringBuilderAndBufferTest"/>
  <testcase name="testBuilderAppendDelete" time="0,000" classname="cviceni.StringBuilderAndBufferTest"/>
  <testcase name="testBufferAppend" time="0,001" classname="cviceni.StringBuilderAndBufferTest"/>
  <testcase name="testBuilderAppend" time="0,000" classname="cviceni.StringBuilderAndBufferTest"/>
  <testcase name="testBufferAppendDelete" time="0,000" classname="cviceni.StringBuilderAndBufferTest"/>
  <testcase name="testBufferAppendDelete" time="0,000" classname="cviceni.StringBuilderAndBufferTest"/>
  <testcase name="testBufferAppendDelete" time="0,000" classname="cviceni.StringBuilderAndBufferTest"/>
  <testcase name="testBufferAppendDelete" time="0,000" classname="cviceni.StringBuilderAndBufferTest"/>
  <testcase name="testBuilderAppendDelete" time="0,000" classname="cviceni.StringBuilderAndBufferTest"/>
  <testcase name="testBuilderAppendDelete" time="0,000" classname="cviceni.StringBuilderAndBufferTest"/>
  <testcase name="testBuilderAppend" time="0,000" classname="cviceni.StringBuilderAndBufferTest"/>
  <testcase name="testBuilderAppendDelete" time="0,001" classname="cviceni.StringBuilderAndBufferTest"/>
  <testcase name="testBufferAppendDelete" time="0,001" classname="cviceni.StringBuilderAndBufferTest"/>
  <testcase name="testBufferAppendDelete" time="0,000" classname="cviceni.StringBuilderAndBufferTest"/>
  <testcase name="testBuilderAppendDelete" time="0,000" classname="cviceni.StringBuilderAndBufferTest"/>
  <testcase name="testBuilderAppendDelete" time="0,000" classname="cviceni.StringBuilderAndBufferTest"/>
  <testcase name="testBuilderAppendDelete" time="0,000" classname="cviceni.StringBuilderAndBufferTest"/>
  <testcase name="testBufferAppendDelete" time="0,001" classname="cviceni.StringBuilderAndBufferTest"/>
  <testcase name="testBuilderAppendDelete" time="0,000" classname="cviceni.StringBuilderAndBufferTest"/>
  <testcase name="testBufferAppend" time="0,000" classname="cviceni.StringBuilderAndBufferTest"/>
  <testcase name="testBuilderAppend" time="0,000" classname="cviceni.StringBuilderAndBufferTest"/>
  <testcase name="testBuilderAppendDelete" time="0,002" classname="cviceni.StringBuilderAndBufferTest"/>
  <testcase name="testBufferAppendDelete" time="0,001" classname="cviceni.StringBuilderAndBufferTest"/>
  <testcase name="testBufferAppend" time="0,000" classname="cviceni.StringBuilderAndBufferTest"/>
  <testcase name="testBufferAppendDelete" time="0,000" classname="cviceni.StringBuilderAndBufferTest"/>
  <testcase name="testBuilderAppend" time="0,001" classname="cviceni.StringBuilderAndBufferTest"/>
  <testcase name="testBuilderAppend" time="0,000" classname="cviceni.StringBuilderAndBufferTest"/>
  <testcase name="testBufferAppendDelete" time="0,000" classname="cviceni.StringBuilderAndBufferTest"/>
  <testcase name="testBufferAppendDelete" time="0,001" classname="cviceni.StringBuilderAndBufferTest"/>
  <testcase name="testBufferAppend" time="0,000" classname="cviceni.StringBuilderAndBufferTest"/>
  <testcase name="testBufferAppend" time="0,001" classname="cviceni.StringBuilderAndBufferTest"/>
  <testcase name="testBufferAppendDelete" time="0,000" classname="cviceni.StringBuilderAndBufferTest"/>
  <testcase name="testBuilderAppend" time="0,000" classname="cviceni.StringBuilderAndBufferTest"/>
  <testcase name="testBuilderAppend" time="0,001" classname="cviceni.StringBuilderAndBufferTest"/>
  <testcase name="testBuilderAppend" time="0,000" classname="cviceni.StringBuilderAndBufferTest"/>
  <testcase name="testBufferAppendDelete" time="0,000" classname="cviceni.StringBuilderAndBufferTest"/>
  <testcase name="testBufferAppend" time="0,001" classname="cviceni.StringBuilderAndBufferTest"/>
  <testcase name="testBufferAppendDelete" time="0,000" classname="cviceni.StringBuilderAndBufferTest"/>
  <testcase name="testBufferAppend" time="0,000" classname="cviceni.StringBuilderAndBufferTest"/>
  <testcase name="testBufferAppend" time="0,000" classname="cviceni.StringBuilderAndBufferTest"/>
  <testcase name="testBuilderAppendDelete" time="0,000" classname="cviceni.StringBuilderAndBufferTest"/>
  <testcase name="testBufferAppend" time="0,000" classname="cviceni.StringBuilderAndBufferTest"/>
  <testcase name="testBufferAppendDelete" time="0,000" classname="cviceni.StringBuilderAndBufferTest"/>
  <testcase name="testBuilderAppend" time="0,000" classname="cviceni.StringBuilderAndBufferTest"/>
  <testcase name="testBufferAppendDelete" time="0,000" classname="cviceni.StringBuilderAndBufferTest"/>
  <testcase name="testBuilderAppend" time="0,000" classname="cviceni.StringBuilderAndBufferTest"/>
  <testcase name="testBufferAppendDelete" time="0,000" classname="cviceni.StringBuilderAndBufferTest"/>
  <testcase name="testBufferAppend" time="0,001" classname="cviceni.StringBuilderAndBufferTest"/>
  <testcase name="testBuilderAppendDelete" time="0,000" classname="cviceni.StringBuilderAndBufferTest"/>
  <testcase name="testBufferAppendDelete" time="0,000" classname="cviceni.StringBuilderAndBufferTest"/>
  <testcase name="testBuilderAppendDelete" time="0,000" classname="cviceni.StringBuilderAndBufferTest"/>
  <testcase name="testBuilderAppend" time="0,000" classname="cviceni.StringBuilderAndBufferTest"/>
  <testcase name="testBufferAppend" time="0,000" classname="cviceni.StringBuilderAndBufferTest"/>
  <testcase name="testBuilderAppend" time="0,000" classname="cviceni.StringBuilderAndBufferTest"/>
  <testcase name="testBuilderAppend" time="0,000" classname="cviceni.StringBuilderAndBufferTest"/>
  <testcase name="testBufferAppend" time="0,000" classname="cviceni.StringBuilderAndBufferTest"/>
  <testcase name="testBuilderAppendDelete" time="0,001" classname="cviceni.StringBuilderAndBufferTest"/>
  <testcase name="testBufferAppend" time="0,000" classname="cviceni.StringBuilderAndBufferTest"/>
  <testcase name="testBuilderAppend" time="0,000" classname="cviceni.StringBuilderAndBufferTest"/>
  <testcase name="testBuilderAppend" time="0,001" classname="cviceni.StringBuilderAndBufferTest"/>
  <testcase name="testBufferAppendDelete" time="0,000" classname="cviceni.StringBuilderAndBufferTest"/>
  <testcase name="testBuilderAppend" time="0,001" classname="cviceni.StringBuilderAndBufferTest"/>
  <testcase name="testBuilderAppendDelete" time="0,000" classname="cviceni.StringBuilderAndBufferTest"/>
  <testcase name="testBuilderAppend" time="0,001" classname="cviceni.StringBuilderAndBufferTest"/>
  <testcase name="testBufferAppend" time="0,001" classname="cviceni.StringBuilderAndBufferTest"/>
  <testcase name="testBuilderAppend" time="0,001" classname="cviceni.StringBuilderAndBufferTest"/>
  <testcase name="testBufferAppendDelete" time="0,001" classname="cviceni.StringBuilderAndBufferTest"/>
  <testcase name="testBufferAppendDelete" time="0,001" classname="cviceni.StringBuilderAndBufferTest"/>
  <testcase name="testBuilderAppend" time="0,000" classname="cviceni.StringBuilderAndBufferTest"/>
  <testcase name="testBufferAppend" time="0,000" classname="cviceni.StringBuilderAndBufferTest"/>
  <testcase name="testBufferAppendDelete" time="0,000" classname="cviceni.StringBuilderAndBufferTest"/>
  <testcase name="testBufferAppend" time="0,000" classname="cviceni.StringBuilderAndBufferTest"/>
  <testcase name="testBuilderAppend" time="0,000" classname="cviceni.StringBuilderAndBufferTest"/>
  <testcase name="testBufferAppend" time="0,001" classname="cviceni.StringBuilderAndBufferTest"/>
  <testcase name="testBuilderAppendDelete" time="0,002" classname="cviceni.StringBuilderAndBufferTest"/>
  <testcase name="testBuilderAppend" time="0,000" classname="cviceni.StringBuilderAndBufferTest"/>
  <testcase name="testBufferAppend" time="0,000" classname="cviceni.StringBuilderAndBufferTest"/>
  <testcase name="testBuilderAppendDelete" time="0,000" classname="cviceni.StringBuilderAndBufferTest"/>
  <testcase name="testBuilderAppend" time="0,000" classname="cviceni.StringBuilderAndBufferTest"/>
  <testcase name="testBuilderAppendDelete" time="0,000" classname="cviceni.StringBuilderAndBufferTest"/>
  <testcase name="testBufferAppend" time="0,000" classname="cviceni.StringBuilderAndBufferTest"/>
  <testcase name="testBufferAppendDelete" time="0,000" classname="cviceni.StringBuilderAndBufferTest"/>
  <testcase name="testBufferAppend" time="0,000" classname="cviceni.StringBuilderAndBufferTest"/>
  <testcase name="testBuilderAppendDelete" time="0,001" classname="cviceni.StringBuilderAndBufferTest"/>
  <testcase name="testBufferAppendDelete" time="0,000" classname="cviceni.StringBuilderAndBufferTest"/>
  <testcase name="testBufferAppendDelete" time="0,000" classname="cviceni.StringBuilderAndBufferTest"/>
  <testcase name="testBufferAppend" time="0,000" classname="cviceni.StringBuilderAndBufferTest"/>
  <testcase name="testBuilderAppend" time="0,001" classname="cviceni.StringBuilderAndBufferTest"/>
  <testcase name="testBufferAppendDelete" time="0,000" classname="cviceni.StringBuilderAndBufferTest"/>
  <testcase name="testBuilderAppend" time="0,001" classname="cviceni.StringBuilderAndBufferTest"/>
  <testcase name="testBufferAppendDelete" time="0,000" classname="cviceni.StringBuilderAndBufferTest"/>
  <testcase name="testBuilderAppendDelete" time="0,000" classname="cviceni.StringBuilderAndBufferTest"/>
  <testcase name="testBufferAppend" time="0,001" classname="cviceni.StringBuilderAndBufferTest"/>
  <testcase name="testBufferAppend" time="0,000" classname="cviceni.StringBuilderAndBufferTest"/>
  <testcase name="testBufferAppend" time="0,001" classname="cviceni.StringBuilderAndBufferTest"/>
  <testcase name="testBuilderAppend" time="0,000" classname="cviceni.StringBuilderAndBufferTest"/>
  <testcase name="testBufferAppendDelete" time="0,000" classname="cviceni.StringBuilderAndBufferTest"/>
  <testcase name="testBufferAppend" time="0,000" classname="cviceni.StringBuilderAndBufferTest"/>
  <testcase name="testBufferAppendDelete" time="0,000" classname="cviceni.StringBuilderAndBufferTest"/>
  <testcase name="testBuilderAppendDelete" time="0,001" classname="cviceni.StringBuilderAndBufferTest"/>
  <testcase name="testBufferAppend" time="0,001" classname="cviceni.StringBuilderAndBufferTest"/>
  <testcase name="testBuilderAppend" time="0,000" classname="cviceni.StringBuilderAndBufferTest"/>
  <testcase name="testBuilderAppend" time="0,000" classname="cviceni.StringBuilderAndBufferTest"/>
  <testcase name="testBufferAppend" time="0,001" classname="cviceni.StringBuilderAndBufferTest"/>
  <testcase name="testBuilderAppendDelete" time="0,000" classname="cviceni.StringBuilderAndBufferTest"/>
  <testcase name="testBuilderAppendDelete" time="0,000" classname="cviceni.StringBuilderAndBufferTest"/>
  <testcase name="testBufferAppend" time="0,000" classname="cviceni.StringBuilderAndBufferTest"/>
  <testcase name="testBuilderAppendDelete" time="0,001" classname="cviceni.StringBuilderAndBufferTest"/>
  <testcase name="testBufferAppend" time="0,001" classname="cviceni.StringBuilderAndBufferTest"/>
  <testcase name="testBufferAppendDelete" time="0,000" classname="cviceni.StringBuilderAndBufferTest"/>
  <testcase name="testBuilderAppendDelete" time="0,001" classname="cviceni.StringBuilderAndBufferTest"/>
  <testcase name="testBuilderAppend" time="0,000" classname="cviceni.StringBuilderAndBufferTest"/>
  <testcase name="testBufferAppend" time="0,000" classname="cviceni.StringBuilderAndBufferTest"/>
  <testcase name="testBufferAppendDelete" time="0,000" classname="cviceni.StringBuilderAndBufferTest"/>
  <testcase name="testBufferAppendDelete" time="0,031" classname="cviceni.StringBuilderAndBufferTest"/>
  <testcase name="testBuilderAppendDelete" time="0,000" classname="cviceni.StringBuilderAndBufferTest"/>
  <testcase name="testBufferAppend" time="0,000" classname="cviceni.StringBuilderAndBufferTest"/>
  <testcase name="testBuilderAppendDelete" time="0,000" classname="cviceni.StringBuilderAndBufferTest"/>
  <testcase name="testBufferAppend" time="0,000" classname="cviceni.StringBuilderAndBufferTest"/>
  <testcase name="testBuilderAppend" time="0,000" classname="cviceni.StringBuilderAndBufferTest"/>
  <testcase name="testBuilderAppend" time="0,001" classname="cviceni.StringBuilderAndBufferTest"/>
  <testcase name="testBufferAppend" time="0,000" classname="cviceni.StringBuilderAndBufferTest"/>
  <testcase name="testBuilderAppend" time="0,000" classname="cviceni.StringBuilderAndBufferTest"/>
  <testcase name="testBufferAppendDelete" time="0,000" classname="cviceni.StringBuilderAndBufferTest"/>
  <testcase name="testBufferAppend" time="0,000" classname="cviceni.StringBuilderAndBufferTest"/>
  <testcase name="testBuilderAppend" time="0,000" classname="cviceni.StringBuilderAndBufferTest"/>
  <testcase name="testBufferAppendDelete" time="0,000" classname="cviceni.StringBuilderAndBufferTest"/>
  <testcase name="testBufferAppend" time="0,000" classname="cviceni.StringBuilderAndBufferTest"/>
  <testcase name="testBufferAppendDelete" time="0,000" classname="cviceni.StringBuilderAndBufferTest"/>
  <testcase name="testBuilderAppend" time="0,001" classname="cviceni.StringBuilderAndBufferTest"/>
  <testcase name="testBufferAppendDelete" time="0,000" classname="cviceni.StringBuilderAndBufferTest"/>
  <testcase name="testBuilderAppendDelete" time="0,000" classname="cviceni.StringBuilderAndBufferTest"/>
  <testcase name="testBufferAppend" time="0,001" classname="cviceni.StringBuilderAndBufferTest"/>
  <testcase name="testBuilderAppendDelete" time="0,000" classname="cviceni.StringBuilderAndBufferTest"/>
  <testcase name="testBuilderAppendDelete" time="0,001" classname="cviceni.StringBuilderAndBufferTest"/>
  <testcase name="testBufferAppend" time="0,000" classname="cviceni.StringBuilderAndBufferTest"/>
  <testcase name="testBufferAppend" time="0,000" classname="cviceni.StringBuilderAndBufferTest"/>
  <testcase name="testBufferAppendDelete" time="0,000" classname="cviceni.StringBuilderAndBufferTest"/>
  <testcase name="testBufferAppend" time="0,000" classname="cviceni.StringBuilderAndBufferTest"/>
  <testcase name="testBufferAppend" time="0,000" classname="cviceni.StringBuilderAndBufferTest"/>
  <testcase name="testBufferAppendDelete" time="0,000" classname="cviceni.StringBuilderAndBufferTest"/>
  <testcase name="testBufferAppendDelete" time="0,000" classname="cviceni.StringBuilderAndBufferTest"/>
  <testcase name="testBufferAppendDelete" time="0,000" classname="cviceni.StringBuilderAndBufferTest"/>
  <testcase name="testBufferAppend" time="0,001" classname="cviceni.StringBuilderAndBufferTest"/>
  <testcase name="testBuilderAppend" time="0,000" classname="cviceni.StringBuilderAndBufferTest"/>
  <testcase name="testBuilderAppendDelete" time="0,001" classname="cviceni.StringBuilderAndBufferTest"/>
  <testcase name="testBufferAppendDelete" time="0,000" classname="cviceni.StringBuilderAndBufferTest"/>
  <testcase name="testBuilderAppend" time="0,001" classname="cviceni.StringBuilderAndBufferTest"/>
  <testcase name="testBuilderAppend" time="0,000" classname="cviceni.StringBuilderAndBufferTest"/>
  <testcase name="testBuilderAppendDelete" time="0,000" classname="cviceni.StringBuilderAndBufferTest"/>
  <testcase name="testBuilderAppend" time="0,000" classname="cviceni.StringBuilderAndBufferTest"/>
  <testcase name="testBufferAppend" time="0,000" classname="cviceni.StringBuilderAndBufferTest"/>
  <testcase name="testBufferAppendDelete" time="0,000" classname="cviceni.StringBuilderAndBufferTest"/>
  <testcase name="testBufferAppend" time="0,001" classname="cviceni.StringBuilderAndBufferTest"/>
  <testcase name="testBuilderAppendDelete" time="0,000" classname="cviceni.StringBuilderAndBufferTest"/>
  <testcase name="testBuilderAppendDelete" time="0,001" classname="cviceni.StringBuilderAndBufferTest"/>
  <testcase name="testBuilderAppend" time="0,000" classname="cviceni.StringBuilderAndBufferTest"/>
  <testcase name="testBufferAppendDelete" time="0,001" classname="cviceni.StringBuilderAndBufferTest"/>
  <testcase name="testBuilderAppendDelete" time="0,000" classname="cviceni.StringBuilderAndBufferTest"/>
  <testcase name="testBufferAppendDelete" time="0,000" classname="cviceni.StringBuilderAndBufferTest"/>
  <testcase name="testBuilderAppend" time="0,000" classname="cviceni.StringBuilderAndBufferTest"/>
  <testcase name="testBufferAppend" time="0,000" classname="cviceni.StringBuilderAndBufferTest"/>
  <testcase name="testBufferAppendDelete" time="0,001" classname="cviceni.StringBuilderAndBufferTest"/>
  <testcase name="testBuilderAppendDelete" time="0,000" classname="cviceni.StringBuilderAndBufferTest"/>
  <testcase name="testBufferAppend" time="0,001" classname="cviceni.StringBuilderAndBufferTest"/>
  <testcase name="testBufferAppendDelete" time="0,000" classname="cviceni.StringBuilderAndBufferTest"/>
  <testcase name="testBufferAppend" time="0,001" classname="cviceni.StringBuilderAndBufferTest"/>
  <testcase name="testBufferAppend" time="0,001" classname="cviceni.StringBuilderAndBufferTest"/>
  <testcase name="testBufferAppendDelete" time="0,001" classname="cviceni.StringBuilderAndBufferTest"/>
  <testcase name="testBufferAppend" time="0,000" classname="cviceni.StringBuilderAndBufferTest"/>
  <testcase name="testBuilderAppendDelete" time="0,000" classname="cviceni.StringBuilderAndBufferTest"/>
  <testcase name="testBufferAppend" time="0,001" classname="cviceni.StringBuilderAndBufferTest"/>
  <testcase name="testBufferAppend" time="0,000" classname="cviceni.StringBuilderAndBufferTest"/>
  <testcase name="testBuilderAppendDelete" time="0,000" classname="cviceni.StringBuilderAndBufferTest"/>
  <testcase name="testBuilderAppendDelete" time="0,000" classname="cviceni.StringBuilderAndBufferTest"/>
  <testcase name="testBufferAppend" time="0,000" classname="cviceni.StringBuilderAndBufferTest"/>
  <testcase name="testBufferAppend" time="0,000" classname="cviceni.StringBuilderAndBufferTest"/>
  <testcase name="testBufferAppendDelete" time="0,000" classname="cviceni.StringBuilderAndBufferTest"/>
  <testcase name="testBuilderAppendDelete" time="0,000" classname="cviceni.StringBuilderAndBufferTest"/>
  <testcase name="testBuilderAppendDelete" time="0,000" classname="cviceni.StringBuilderAndBufferTest"/>
  <testcase name="testBufferAppend" time="0,000" classname="cviceni.StringBuilderAndBufferTest"/>
  <testcase name="testBufferAppendDelete" time="0,000" classname="cviceni.StringBuilderAndBufferTest"/>
  <testcase name="testBufferAppendDelete" time="0,001" classname="cviceni.StringBuilderAndBufferTest"/>
  <testcase name="testBufferAppendDelete" time="0,000" classname="cviceni.StringBuilderAndBufferTest"/>
  <testcase name="testBuilderAppend" time="0,000" classname="cviceni.StringBuilderAndBufferTest"/>
  <testcase name="testBuilderAppendDelete" time="0,000" classname="cviceni.StringBuilderAndBufferTest"/>
  <testcase name="testBuilderAppend" time="0,000" classname="cviceni.StringBuilderAndBufferTest"/>
  <testcase name="testBuilderAppend" time="0,001" classname="cviceni.StringBuilderAndBufferTest"/>
  <testcase name="testBufferAppend" time="0,000" classname="cviceni.StringBuilderAndBufferTest"/>
  <testcase name="testBufferAppend" time="0,000" classname="cviceni.StringBuilderAndBufferTest"/>
  <testcase name="testBufferAppend" time="0,000" classname="cviceni.StringBuilderAndBufferTest"/>
  <testcase name="testBufferAppend" time="0,000" classname="cviceni.StringBuilderAndBufferTest"/>
  <testcase name="testBuilderAppendDelete" time="0,000" classname="cviceni.StringBuilderAndBufferTest"/>
  <testcase name="testBufferAppend" time="0,000" classname="cviceni.StringBuilderAndBufferTest"/>
  <testcase name="testBufferAppend" time="0,001" classname="cviceni.StringBuilderAndBufferTest"/>
  <testcase name="testBuilderAppend" time="0,000" classname="cviceni.StringBuilderAndBufferTest"/>
  <testcase name="testBuilderAppend" time="0,000" classname="cviceni.StringBuilderAndBufferTest"/>
  <testcase name="testBuilderAppendDelete" time="0,001" classname="cviceni.StringBuilderAndBufferTest"/>
  <testcase name="testBuilderAppend" time="0,000" classname="cviceni.StringBuilderAndBufferTest"/>
  <testcase name="testBufferAppend" time="0,001" classname="cviceni.StringBuilderAndBufferTest"/>
  <testcase name="testBufferAppendDelete" time="0,000" classname="cviceni.StringBuilderAndBufferTest"/>
  <testcase name="testBuilderAppendDelete" time="0,000" classname="cviceni.StringBuilderAndBufferTest"/>
  <testcase name="testBuilderAppend" time="0,000" classname="cviceni.StringBuilderAndBufferTest"/>
  <testcase name="testBufferAppendDelete" time="0,000" classname="cviceni.StringBuilderAndBufferTest"/>
  <testcase name="testBuilderAppend" time="0,000" classname="cviceni.StringBuilderAndBufferTest"/>
  <testcase name="testBuilderAppendDelete" time="0,000" classname="cviceni.StringBuilderAndBufferTest"/>
  <testcase name="testBufferAppend" time="0,000" classname="cviceni.StringBuilderAndBufferTest"/>
  <testcase name="testBuilderAppendDelete" time="0,001" classname="cviceni.StringBuilderAndBufferTest"/>
  <testcase name="testBuilderAppend" time="0,000" classname="cviceni.StringBuilderAndBufferTest"/>
  <testcase name="testBufferAppend" time="0,001" classname="cviceni.StringBuilderAndBufferTest"/>
  <testcase name="testBuilderAppend" time="0,000" classname="cviceni.StringBuilderAndBufferTest"/>
  <testcase name="testBufferAppendDelete" time="0,000" classname="cviceni.StringBuilderAndBufferTest"/>
  <testcase name="testBufferAppendDelete" time="0,001" classname="cviceni.StringBuilderAndBufferTest"/>
  <testcase name="testBuilderAppendDelete" time="0,000" classname="cviceni.StringBuilderAndBufferTest"/>
  <testcase name="testBufferAppend" time="0,001" classname="cviceni.StringBuilderAndBufferTest"/>
  <testcase name="testBuilderAppendDelete" time="0,000" classname="cviceni.StringBuilderAndBufferTest"/>
  <testcase name="testBuilderAppend" time="0,000" classname="cviceni.StringBuilderAndBufferTest"/>
  <testcase name="testBuilderAppend" time="0,000" classname="cviceni.StringBuilderAndBufferTest"/>
  <testcase name="testBuilderAppend" time="0,000" classname="cviceni.StringBuilderAndBufferTest"/>
  <testcase name="testBufferAppendDelete" time="0,000" classname="cviceni.StringBuilderAndBufferTest"/>
  <testcase name="testBufferAppendDelete" time="0,001" classname="cviceni.StringBuilderAndBufferTest"/>
  <testcase name="testBuilderAppend" time="0,001" classname="cviceni.StringBuilderAndBufferTest"/>
  <testcase name="testBufferAppend" time="0,000" classname="cviceni.StringBuilderAndBufferTest"/>
  <testcase name="testBuilderAppendDelete" time="0,000" classname="cviceni.StringBuilderAndBufferTest"/>
  <testcase name="testBufferAppend" time="0,001" classname="cviceni.StringBuilderAndBufferTest"/>
  <testcase name="testBufferAppendDelete" time="0,000" classname="cviceni.StringBuilderAndBufferTest"/>
  <testcase name="testBufferAppend" time="0,000" classname="cviceni.StringBuilderAndBufferTest"/>
  <testcase name="testBufferAppend" time="0,000" classname="cviceni.StringBuilderAndBufferTest"/>
  <testcase name="testBufferAppendDelete" time="0,001" classname="cviceni.StringBuilderAndBufferTest"/>
  <testcase name="testBuilderAppend" time="0,000" classname="cviceni.StringBuilderAndBufferTest"/>
  <testcase name="testBufferAppend" time="0,000" classname="cviceni.StringBuilderAndBufferTest"/>
  <testcase name="testBuilderAppendDelete" time="0,000" classname="cviceni.StringBuilderAndBufferTest"/>
  <testcase name="testBuilderAppendDelete" time="0,001" classname="cviceni.StringBuilderAndBufferTest"/>
  <testcase name="testBuilderAppendDelete" time="0,000" classname="cviceni.StringBuilderAndBufferTest"/>
  <testcase name="testBufferAppend" time="0,000" classname="cviceni.StringBuilderAndBufferTest"/>
  <testcase name="testBufferAppendDelete" time="0,001" classname="cviceni.StringBuilderAndBufferTest"/>
  <testcase name="testBuilderAppendDelete" time="0,001" classname="cviceni.StringBuilderAndBufferTest"/>
  <testcase name="testBuilderAppendDelete" time="0,000" classname="cviceni.StringBuilderAndBufferTest"/>
  <testcase name="testBuilderAppend" time="0,000" classname="cviceni.StringBuilderAndBufferTest"/>
  <testcase name="testBuilderAppendDelete" time="0,000" classname="cviceni.StringBuilderAndBufferTest"/>
  <testcase name="testBufferAppendDelete" time="0,001" classname="cviceni.StringBuilderAndBufferTest"/>
  <testcase name="testBuilderAppendDelete" time="0,000" classname="cviceni.StringBuilderAndBufferTest"/>
  <testcase name="testBufferAppendDelete" time="0,000" classname="cviceni.StringBuilderAndBufferTest"/>
  <testcase name="testBuilderAppend" time="0,000" classname="cviceni.StringBuilderAndBufferTest"/>
  <testcase name="testBufferAppend" time="0,000" classname="cviceni.StringBuilderAndBufferTest"/>
  <testcase name="testBufferAppend" time="0,000" classname="cviceni.StringBuilderAndBufferTest"/>
  <testcase name="testBuilderAppendDelete" time="0,000" classname="cviceni.StringBuilderAndBufferTest"/>
  <testcase name="testBufferAppend" time="0,001" classname="cviceni.StringBuilderAndBufferTest"/>
  <testcase name="testBufferAppend" time="0,000" classname="cviceni.StringBuilderAndBufferTest"/>
  <testcase name="testBuilderAppendDelete" time="0,000" classname="cviceni.StringBuilderAndBufferTest"/>
  <testcase name="testBuilderAppendDelete" time="0,000" classname="cviceni.StringBuilderAndBufferTest"/>
  <testcase name="testBuilderAppend" time="0,000" classname="cviceni.StringBuilderAndBufferTest"/>
  <testcase name="testBufferAppend" time="0,000" classname="cviceni.StringBuilderAndBufferTest"/>
  <testcase name="testBufferAppend" time="0,000" classname="cviceni.StringBuilderAndBufferTest"/>
  <testcase name="testBufferAppendDelete" time="0,000" classname="cviceni.StringBuilderAndBufferTest"/>
  <testcase name="testBufferAppendDelete" time="0,000" classname="cviceni.StringBuilderAndBufferTest"/>
  <testcase name="testBufferAppendDelete" time="0,000" classname="cviceni.StringBuilderAndBufferTest"/>
  <testcase name="testBufferAppend" time="0,001" classname="cviceni.StringBuilderAndBufferTest"/>
  <testcase name="testBufferAppend" time="0,001" classname="cviceni.StringBuilderAndBufferTest"/>
  <testcase name="testBufferAppend" time="0,001" classname="cviceni.StringBuilderAndBufferTest"/>
  <testcase name="testBuilderAppend" time="0,000" classname="cviceni.StringBuilderAndBufferTest"/>
  <testcase name="testBuilderAppendDelete" time="0,002" classname="cviceni.StringBuilderAndBufferTest"/>
  <testcase name="testBuilderAppend" time="0,000" classname="cviceni.StringBuilderAndBufferTest"/>
  <testcase name="testBuilderAppend" time="0,000" classname="cviceni.StringBuilderAndBufferTest"/>
  <testcase name="testBufferAppend" time="0,000" classname="cviceni.StringBuilderAndBufferTest"/>
  <testcase name="testBuilderAppendDelete" time="0,000" classname="cviceni.StringBuilderAndBufferTest"/>
  <testcase name="testBuilderAppend" time="0,001" classname="cviceni.StringBuilderAndBufferTest"/>
  <testcase name="testBufferAppend" time="0,000" classname="cviceni.StringBuilderAndBufferTest"/>
  <testcase name="testBufferAppendDelete" time="0,000" classname="cviceni.StringBuilderAndBufferTest"/>
  <testcase name="testBuilderAppend" time="0,000" classname="cviceni.StringBuilderAndBufferTest"/>
  <testcase name="testBufferAppendDelete" time="0,000" classname="cviceni.StringBuilderAndBufferTest"/>
  <testcase name="testBuilderAppend" time="0,001" classname="cviceni.StringBuilderAndBufferTest"/>
  <testcase name="testBuilderAppend" time="0,000" classname="cviceni.StringBuilderAndBufferTest"/>
  <testcase name="testBufferAppend" time="0,001" classname="cviceni.StringBuilderAndBufferTest"/>
  <testcase name="testBuilderAppend" time="0,000" classname="cviceni.StringBuilderAndBufferTest"/>
  <testcase name="testBufferAppend" time="0,000" classname="cviceni.StringBuilderAndBufferTest"/>
  <testcase name="testBufferAppend" time="0,001" classname="cviceni.StringBuilderAndBufferTest"/>
  <testcase name="testBuilderAppendDelete" time="0,000" classname="cviceni.StringBuilderAndBufferTest"/>
  <testcase name="testBufferAppend" time="0,000" classname="cviceni.StringBuilderAndBufferTest"/>
  <testcase name="testBuilderAppendDelete" time="0,000" classname="cviceni.StringBuilderAndBufferTest"/>
  <testcase name="testBufferAppendDelete" time="0,000" classname="cviceni.StringBuilderAndBufferTest"/>
  <testcase name="testBufferAppendDelete" time="0,000" classname="cviceni.StringBuilderAndBufferTest"/>
  <testcase name="testBuilderAppend" time="0,000" classname="cviceni.StringBuilderAndBufferTest"/>
  <testcase name="testBuilderAppend" time="0,000" classname="cviceni.StringBuilderAndBufferTest"/>
  <testcase name="testBuilderAppendDelete" time="0,001" classname="cviceni.StringBuilderAndBufferTest"/>
  <testcase name="testBuilderAppend" time="0,000" classname="cviceni.StringBuilderAndBufferTest"/>
  <testcase name="testBufferAppendDelete" time="0,000" classname="cviceni.StringBuilderAndBufferTest"/>
  <testcase name="testBuilderAppend" time="0,000" classname="cviceni.StringBuilderAndBufferTest"/>
  <testcase name="testBufferAppendDelete" time="0,001" classname="cviceni.StringBuilderAndBufferTest"/>
  <testcase name="testBuilderAppendDelete" time="0,000" classname="cviceni.StringBuilderAndBufferTest"/>
  <testcase name="testBufferAppend" time="0,000" classname="cviceni.StringBuilderAndBufferTest"/>
  <testcase name="testBufferAppendDelete" time="0,000" classname="cviceni.StringBuilderAndBufferTest"/>
  <testcase name="testBuilderAppend" time="0,001" classname="cviceni.StringBuilderAndBufferTest"/>
  <testcase name="testBufferAppend" time="0,000" classname="cviceni.StringBuilderAndBufferTest"/>
  <testcase name="testBufferAppend" time="0,001" classname="cviceni.StringBuilderAndBufferTest"/>
  <testcase name="testBufferAppendDelete" time="0,000" classname="cviceni.StringBuilderAndBufferTest"/>
  <testcase name="testBufferAppendDelete" time="0,001" classname="cviceni.StringBuilderAndBufferTest"/>
  <testcase name="testBufferAppendDelete" time="0,001" classname="cviceni.StringBuilderAndBufferTest"/>
  <testcase name="testBufferAppendDelete" time="0,000" classname="cviceni.StringBuilderAndBufferTest"/>
  <testcase name="testBuilderAppend" time="0,000" classname="cviceni.StringBuilderAndBufferTest"/>
  <testcase name="testBufferAppendDelete" time="0,000" classname="cviceni.StringBuilderAndBufferTest"/>
  <testcase name="testBufferAppendDelete" time="0,000" classname="cviceni.StringBuilderAndBufferTest"/>
  <testcase name="testBufferAppend" time="0,000" classname="cviceni.StringBuilderAndBufferTest"/>
  <testcase name="testBuilderAppendDelete" time="0,000" classname="cviceni.StringBuilderAndBufferTest"/>
  <testcase name="testBufferAppend" time="0,001" classname="cviceni.StringBuilderAndBufferTest"/>
  <testcase name="testBuilderAppendDelete" time="0,001" classname="cviceni.StringBuilderAndBufferTest"/>
  <testcase name="testBufferAppend" time="0,001" classname="cviceni.StringBuilderAndBufferTest"/>
  <testcase name="testBufferAppendDelete" time="0,000" classname="cviceni.StringBuilderAndBufferTest"/>
  <testcase name="testBufferAppend" time="0,001" classname="cviceni.StringBuilderAndBufferTest"/>
  <testcase name="testBuilderAppendDelete" time="0,000" classname="cviceni.StringBuilderAndBufferTest"/>
  <testcase name="testBuilderAppend" time="0,047" classname="cviceni.StringBuilderAndBufferTest"/>
  <testcase name="testBufferAppend" time="0,001" classname="cviceni.StringBuilderAndBufferTest"/>
  <testcase name="testBufferAppendDelete" time="0,000" classname="cviceni.StringBuilderAndBufferTest"/>
  <testcase name="testBuilderAppend" time="0,000" classname="cviceni.StringBuilderAndBufferTest"/>
  <testcase name="testBufferAppendDelete" time="0,000" classname="cviceni.StringBuilderAndBufferTest"/>
  <testcase name="testBufferAppendDelete" time="0,000" classname="cviceni.StringBuilderAndBufferTest"/>
  <testcase name="testBuilderAppendDelete" time="0,000" classname="cviceni.StringBuilderAndBufferTest"/>
  <testcase name="testBuilderAppendDelete" time="0,000" classname="cviceni.StringBuilderAndBufferTest"/>
  <testcase name="testBuilderAppendDelete" time="0,000" classname="cviceni.StringBuilderAndBufferTest"/>
  <testcase name="testBufferAppendDelete" time="0,000" classname="cviceni.StringBuilderAndBufferTest"/>
  <testcase name="testBuilderAppend" time="0,000" classname="cviceni.StringBuilderAndBufferTest"/>
  <testcase name="testBufferAppendDelete" time="0,000" classname="cviceni.StringBuilderAndBufferTest"/>
  <testcase name="testBuilderAppend" time="0,000" classname="cviceni.StringBuilderAndBufferTest"/>
  <testcase name="testBufferAppendDelete" time="0,000" classname="cviceni.StringBuilderAndBufferTest"/>
  <testcase name="testBufferAppendDelete" time="0,000" classname="cviceni.StringBuilderAndBufferTest"/>
  <testcase name="testBuilderAppend" time="0,000" classname="cviceni.StringBuilderAndBufferTest"/>
  <testcase name="testBuilderAppendDelete" time="0,001" classname="cviceni.StringBuilderAndBufferTest"/>
  <testcase name="testBufferAppend" time="0,000" classname="cviceni.StringBuilderAndBufferTest"/>
  <testcase name="testBufferAppendDelete" time="0,000" classname="cviceni.StringBuilderAndBufferTest"/>
  <testcase name="testBufferAppend" time="0,000" classname="cviceni.StringBuilderAndBufferTest"/>
  <testcase name="testBuilderAppend" time="0,000" classname="cviceni.StringBuilderAndBufferTest"/>
  <testcase name="testBufferAppendDelete" time="0,001" classname="cviceni.StringBuilderAndBufferTest"/>
  <testcase name="testBuilderAppend" time="0,000" classname="cviceni.StringBuilderAndBufferTest"/>
  <testcase name="testBuilderAppendDelete" time="0,001" classname="cviceni.StringBuilderAndBufferTest"/>
  <testcase name="testBuilderAppendDelete" time="0,000" classname="cviceni.StringBuilderAndBufferTest"/>
  <testcase name="testBuilderAppendDelete" time="0,000" classname="cviceni.StringBuilderAndBufferTest"/>
  <testcase name="testBufferAppendDelete" time="0,000" classname="cviceni.StringBuilderAndBufferTest"/>
  <testcase name="testBufferAppend" time="0,000" classname="cviceni.StringBuilderAndBufferTest"/>
  <testcase name="testBuilderAppendDelete" time="0,000" classname="cviceni.StringBuilderAndBufferTest"/>
  <testcase name="testBuilderAppendDelete" time="0,000" classname="cviceni.StringBuilderAndBufferTest"/>
  <testcase name="testBuilderAppendDelete" time="0,001" classname="cviceni.StringBuilderAndBufferTest"/>
  <testcase name="testBufferAppendDelete" time="0,000" classname="cviceni.StringBuilderAndBufferTest"/>
  <testcase name="testBuilderAppend" time="0,000" classname="cviceni.StringBuilderAndBufferTest"/>
  <testcase name="testBufferAppendDelete" time="0,000" classname="cviceni.StringBuilderAndBufferTest"/>
  <testcase name="testBuilderAppendDelete" time="0,000" classname="cviceni.StringBuilderAndBufferTest"/>
  <testcase name="testBuilderAppendDelete" time="0,000" classname="cviceni.StringBuilderAndBufferTest"/>
  <testcase name="testBufferAppend" time="0,001" classname="cviceni.StringBuilderAndBufferTest"/>
  <testcase name="testBuilderAppendDelete" time="0,001" classname="cviceni.StringBuilderAndBufferTest"/>
  <testcase name="testBufferAppend" time="0,000" classname="cviceni.StringBuilderAndBufferTest"/>
  <testcase name="testBuilderAppendDelete" time="0,000" classname="cviceni.StringBuilderAndBufferTest"/>
  <testcase name="testBufferAppend" time="0,000" classname="cviceni.StringBuilderAndBufferTest"/>
  <testcase name="testBufferAppendDelete" time="0,000" classname="cviceni.StringBuilderAndBufferTest"/>
  <testcase name="testBuilderAppendDelete" time="0,000" classname="cviceni.StringBuilderAndBufferTest"/>
  <testcase name="testBuilderAppend" time="0,053" classname="cviceni.StringBuilderAndBufferTest"/>
  <testcase name="testBufferAppendDelete" time="0,000" classname="cviceni.StringBuilderAndBufferTest"/>
  <testcase name="testBufferAppendDelete" time="0,000" classname="cviceni.StringBuilderAndBufferTest"/>
  <testcase name="testBufferAppend" time="0,000" classname="cviceni.StringBuilderAndBufferTest"/>
  <testcase name="testBufferAppendDelete" time="0,000" classname="cviceni.StringBuilderAndBufferTest"/>
  <testcase name="testBuilderAppendDelete" time="0,001" classname="cviceni.StringBuilderAndBufferTest"/>
  <testcase name="testBuilderAppend" time="0,000" classname="cviceni.StringBuilderAndBufferTest"/>
  <testcase name="testBuilderAppend" time="0,001" classname="cviceni.StringBuilderAndBufferTest"/>
  <testcase name="testBuilderAppendDelete" time="0,000" classname="cviceni.StringBuilderAndBufferTest"/>
  <testcase name="testBuilderAppend" time="0,000" classname="cviceni.StringBuilderAndBufferTest"/>
  <testcase name="testBuilderAppendDelete" time="0,000" classname="cviceni.StringBuilderAndBufferTest"/>
  <testcase name="testBufferAppendDelete" time="0,000" classname="cviceni.StringBuilderAndBufferTest"/>
  <testcase name="testBufferAppendDelete" time="0,001" classname="cviceni.StringBuilderAndBufferTest"/>
  <testcase name="testBuilderAppend" time="0,000" classname="cviceni.StringBuilderAndBufferTest"/>
  <testcase name="testBuilderAppendDelete" time="0,000" classname="cviceni.StringBuilderAndBufferTest"/>
  <testcase name="testBuilderAppend" time="0,000" classname="cviceni.StringBuilderAndBufferTest"/>
  <testcase name="testBufferAppend" time="0,000" classname="cviceni.StringBuilderAndBufferTest"/>
  <testcase name="testBufferAppend" time="0,006" classname="cviceni.StringBuilderAndBufferTest"/>
  <testcase name="testBufferAppendDelete" time="0,000" classname="cviceni.StringBuilderAndBufferTest"/>
  <testcase name="testBufferAppendDelete" time="0,001" classname="cviceni.StringBuilderAndBufferTest"/>
  <testcase name="testBuilderAppend" time="0,000" classname="cviceni.StringBuilderAndBufferTest"/>
  <testcase name="testBufferAppend" time="0,001" classname="cviceni.StringBuilderAndBufferTest"/>
  <testcase name="testBuilderAppend" time="0,000" classname="cviceni.StringBuilderAndBufferTest"/>
  <testcase name="testBuilderAppendDelete" time="0,000" classname="cviceni.StringBuilderAndBufferTest"/>
  <testcase name="testBuilderAppendDelete" time="0,001" classname="cviceni.StringBuilderAndBufferTest"/>
  <testcase name="testBufferAppendDelete" time="0,001" classname="cviceni.StringBuilderAndBufferTest"/>
  <testcase name="testBufferAppendDelete" time="0,000" classname="cviceni.StringBuilderAndBufferTest"/>
  <testcase name="testBuilderAppend" time="0,000" classname="cviceni.StringBuilderAndBufferTest"/>
  <testcase name="testBuilderAppendDelete" time="0,000" classname="cviceni.StringBuilderAndBufferTest"/>
  <testcase name="testBufferAppendDelete" time="0,000" classname="cviceni.StringBuilderAndBufferTest"/>
  <testcase name="testBufferAppend" time="0,001" classname="cviceni.StringBuilderAndBufferTest"/>
  <testcase name="testBufferAppend" time="0,000" classname="cviceni.StringBuilderAndBufferTest"/>
  <testcase name="testBufferAppend" time="0,001" classname="cviceni.StringBuilderAndBufferTest"/>
  <testcase name="testBufferAppend" time="0,000" classname="cviceni.StringBuilderAndBufferTest"/>
  <testcase name="testBuilderAppend" time="0,001" classname="cviceni.StringBuilderAndBufferTest"/>
  <testcase name="testBuilderAppendDelete" time="0,001" classname="cviceni.StringBuilderAndBufferTest"/>
  <testcase name="testBufferAppendDelete" time="0,000" classname="cviceni.StringBuilderAndBufferTest"/>
  <testcase name="testBufferAppend" time="0,000" classname="cviceni.StringBuilderAndBufferTest"/>
  <testcase name="testBuilderAppendDelete" time="0,003" classname="cviceni.StringBuilderAndBufferTest"/>
  <testcase name="testBufferAppendDelete" time="0,000" classname="cviceni.StringBuilderAndBufferTest"/>
  <testcase name="testBuilderAppend" time="0,001" classname="cviceni.StringBuilderAndBufferTest"/>
  <testcase name="testBufferAppendDelete" time="0,001" classname="cviceni.StringBuilderAndBufferTest"/>
  <testcase name="testBuilderAppend" time="0,000" classname="cviceni.StringBuilderAndBufferTest"/>
  <testcase name="testBufferAppendDelete" time="0,000" classname="cviceni.StringBuilderAndBufferTest"/>
  <testcase name="testBufferAppend" time="0,000" classname="cviceni.StringBuilderAndBufferTest"/>
  <testcase name="testBufferAppendDelete" time="0,000" classname="cviceni.StringBuilderAndBufferTest"/>
  <testcase name="testBufferAppendDelete" time="0,000" classname="cviceni.StringBuilderAndBufferTest"/>
  <testcase name="testBufferAppendDelete" time="0,000" classname="cviceni.StringBuilderAndBufferTest"/>
  <testcase name="testBuilderAppendDelete" time="0,001" classname="cviceni.StringBuilderAndBufferTest"/>
  <testcase name="testBuilderAppendDelete" time="0,000" classname="cviceni.StringBuilderAndBufferTest"/>
  <testcase name="testBufferAppend" time="0,000" classname="cviceni.StringBuilderAndBufferTest"/>
  <testcase name="testBuilderAppendDelete" time="0,000" classname="cviceni.StringBuilderAndBufferTest"/>
  <testcase name="testBufferAppend" time="0,000" classname="cviceni.StringBuilderAndBufferTest"/>
  <testcase name="testBufferAppendDelete" time="0,000" classname="cviceni.StringBuilderAndBufferTest"/>
  <testcase name="testBufferAppendDelete" time="0,000" classname="cviceni.StringBuilderAndBufferTest"/>
  <testcase name="testBufferAppendDelete" time="0,001" classname="cviceni.StringBuilderAndBufferTest"/>
  <testcase name="testBuilderAppend" time="0,000" classname="cviceni.StringBuilderAndBufferTest"/>
  <testcase name="testBuilderAppendDelete" time="0,002" classname="cviceni.StringBuilderAndBufferTest"/>
  <testcase name="testBufferAppendDelete" time="0,000" classname="cviceni.StringBuilderAndBufferTest"/>
  <testcase name="testBufferAppendDelete" time="0,000" classname="cviceni.StringBuilderAndBufferTest"/>
  <testcase name="testBufferAppendDelete" time="0,000" classname="cviceni.StringBuilderAndBufferTest"/>
  <testcase name="testBuilderAppendDelete" time="0,000" classname="cviceni.StringBuilderAndBufferTest"/>
  <testcase name="testBuilderAppendDelete" time="0,000" classname="cviceni.StringBuilderAndBufferTest"/>
  <testcase name="testBufferAppend" time="0,000" classname="cviceni.StringBuilderAndBufferTest"/>
  <testcase name="testBufferAppendDelete" time="0,000" classname="cviceni.StringBuilderAndBufferTest"/>
  <testcase name="testBufferAppendDelete" time="0,000" classname="cviceni.StringBuilderAndBufferTest"/>
  <testcase name="testBufferAppendDelete" time="0,000" classname="cviceni.StringBuilderAndBufferTest"/>
  <testcase name="testBuilderAppendDelete" time="0,001" classname="cviceni.StringBuilderAndBufferTest"/>
  <testcase name="testBufferAppend" time="0,000" classname="cviceni.StringBuilderAndBufferTest"/>
  <testcase name="testBufferAppend" time="0,001" classname="cviceni.StringBuilderAndBufferTest"/>
  <testcase name="testBufferAppend" time="0,001" classname="cviceni.StringBuilderAndBufferTest"/>
  <testcase name="testBuilderAppendDelete" time="0,000" classname="cviceni.StringBuilderAndBufferTest"/>
  <testcase name="testBufferAppend" time="0,001" classname="cviceni.StringBuilderAndBufferTest"/>
  <testcase name="testBufferAppend" time="0,000" classname="cviceni.StringBuilderAndBufferTest"/>
  <testcase name="testBuilderAppendDelete" time="0,000" classname="cviceni.StringBuilderAndBufferTest"/>
  <testcase name="testBufferAppendDelete" time="0,000" classname="cviceni.StringBuilderAndBufferTest"/>
  <testcase name="testBuilderAppend" time="0,000" classname="cviceni.StringBuilderAndBufferTest"/>
  <testcase name="testBufferAppendDelete" time="0,001" classname="cviceni.StringBuilderAndBufferTest"/>
  <testcase name="testBufferAppend" time="0,000" classname="cviceni.StringBuilderAndBufferTest"/>
  <testcase name="testBuilderAppend" time="0,000" classname="cviceni.StringBuilderAndBufferTest"/>
  <testcase name="testBufferAppendDelete" time="0,000" classname="cviceni.StringBuilderAndBufferTest"/>
  <testcase name="testBuilderAppend" time="0,000" classname="cviceni.StringBuilderAndBufferTest"/>
  <testcase name="testBuilderAppend" time="0,003" classname="cviceni.StringBuilderAndBufferTest"/>
  <testcase name="testBuilderAppendDelete" time="0,001" classname="cviceni.StringBuilderAndBufferTest"/>
  <testcase name="testBufferAppend" time="0,001" classname="cviceni.StringBuilderAndBufferTest"/>
  <testcase name="testBuilderAppend" time="0,001" classname="cviceni.StringBuilderAndBufferTest"/>
  <testcase name="testBuilderAppendDelete" time="0,000" classname="cviceni.StringBuilderAndBufferTest"/>
  <testcase name="testBufferAppend" time="0,000" classname="cviceni.StringBuilderAndBufferTest"/>
  <testcase name="testBufferAppendDelete" time="0,000" classname="cviceni.StringBuilderAndBufferTest"/>
  <testcase name="testBufferAppendDelete" time="0,002" classname="cviceni.StringBuilderAndBufferTest"/>
  <testcase name="testBuilderAppendDelete" time="0,000" classname="cviceni.StringBuilderAndBufferTest"/>
  <testcase name="testBufferAppend" time="0,001" classname="cviceni.StringBuilderAndBufferTest"/>
  <testcase name="testBufferAppend" time="0,000" classname="cviceni.StringBuilderAndBufferTest"/>
  <testcase name="testBufferAppendDelete" time="0,000" classname="cviceni.StringBuilderAndBufferTest"/>
  <testcase name="testBuilderAppendDelete" time="0,000" classname="cviceni.StringBuilderAndBufferTest"/>
  <testcase name="testBufferAppend" time="0,000" classname="cviceni.StringBuilderAndBufferTest"/>
  <testcase name="testBuilderAppend" time="0,000" classname="cviceni.StringBuilderAndBufferTest"/>
  <testcase name="testBuilderAppend" time="0,000" classname="cviceni.StringBuilderAndBufferTest"/>
  <testcase name="testBuilderAppend" time="0,000" classname="cviceni.StringBuilderAndBufferTest"/>
  <testcase name="testBufferAppendDelete" time="0,000" classname="cviceni.StringBuilderAndBufferTest"/>
  <testcase name="testBuilderAppendDelete" time="0,000" classname="cviceni.StringBuilderAndBufferTest"/>
  <testcase name="testBuilderAppendDelete" time="0,001" classname="cviceni.StringBuilderAndBufferTest"/>
  <testcase name="testBuilderAppend" time="0,000" classname="cviceni.StringBuilderAndBufferTest"/>
  <testcase name="testBufferAppend" time="0,000" classname="cviceni.StringBuilderAndBufferTest"/>
  <testcase name="testBuilderAppendDelete" time="0,000" classname="cviceni.StringBuilderAndBufferTest"/>
  <testcase name="testBufferAppend" time="0,001" classname="cviceni.StringBuilderAndBufferTest"/>
  <testcase name="testBuilderAppend" time="0,001" classname="cviceni.StringBuilderAndBufferTest"/>
  <testcase name="testBufferAppendDelete" time="0,000" classname="cviceni.StringBuilderAndBufferTest"/>
  <testcase name="testBuilderAppendDelete" time="0,000" classname="cviceni.StringBuilderAndBufferTest"/>
  <testcase name="testBuilderAppendDelete" time="0,000" classname="cviceni.StringBuilderAndBufferTest"/>
  <testcase name="testBufferAppend" time="0,000" classname="cviceni.StringBuilderAndBufferTest"/>
  <testcase name="testBufferAppend" time="0,001" classname="cviceni.StringBuilderAndBufferTest"/>
  <testcase name="testBuilderAppendDelete" time="0,000" classname="cviceni.StringBuilderAndBufferTest"/>
  <testcase name="testBuilderAppendDelete" time="0,001" classname="cviceni.StringBuilderAndBufferTest"/>
  <testcase name="testBufferAppend" time="0,000" classname="cviceni.StringBuilderAndBufferTest"/>
  <testcase name="testBuilderAppend" time="0,000" classname="cviceni.StringBuilderAndBufferTest"/>
  <testcase name="testBufferAppend" time="0,000" classname="cviceni.StringBuilderAndBufferTest"/>
  <testcase name="testBuilderAppend" time="0,001" classname="cviceni.StringBuilderAndBufferTest"/>
  <testcase name="testBufferAppend" time="0,001" classname="cviceni.StringBuilderAndBufferTest"/>
  <testcase name="testBuilderAppend" time="0,017" classname="cviceni.StringBuilderAndBufferTest"/>
  <testcase name="testBufferAppendDelete" time="0,000" classname="cviceni.StringBuilderAndBufferTest"/>
  <testcase name="testBuilderAppend" time="0,001" classname="cviceni.StringBuilderAndBufferTest"/>
  <testcase name="testBuilderAppend" time="0,000" classname="cviceni.StringBuilderAndBufferTest"/>
  <testcase name="testBuilderAppend" time="0,001" classname="cviceni.StringBuilderAndBufferTest"/>
  <testcase name="testBuilderAppendDelete" time="0,000" classname="cviceni.StringBuilderAndBufferTest"/>
  <testcase name="testBufferAppend" time="0,000" classname="cviceni.StringBuilderAndBufferTest"/>
  <testcase name="testBufferAppend" time="0,000" classname="cviceni.StringBuilderAndBufferTest"/>
  <testcase name="testBufferAppendDelete" time="0,001" classname="cviceni.StringBuilderAndBufferTest"/>
  <testcase name="testBufferAppend" time="0,000" classname="cviceni.StringBuilderAndBufferTest"/>
  <testcase name="testBuilderAppend" time="0,000" classname="cviceni.StringBuilderAndBufferTest"/>
  <testcase name="testBufferAppend" time="0,000" classname="cviceni.StringBuilderAndBufferTest"/>
  <testcase name="testBuilderAppend" time="0,001" classname="cviceni.StringBuilderAndBufferTest"/>
  <testcase name="testBuilderAppendDelete" time="0,000" classname="cviceni.StringBuilderAndBufferTest"/>
  <testcase name="testBuilderAppend" time="0,000" classname="cviceni.StringBuilderAndBufferTest"/>
  <testcase name="testBufferAppend" time="0,000" classname="cviceni.StringBuilderAndBufferTest"/>
  <testcase name="testBufferAppend" time="0,000" classname="cviceni.StringBuilderAndBufferTest"/>
  <testcase name="testBuilderAppendDelete" time="0,001" classname="cviceni.StringBuilderAndBufferTest"/>
  <testcase name="testBufferAppendDelete" time="0,001" classname="cviceni.StringBuilderAndBufferTest"/>
  <testcase name="testBuilderAppend" time="0,004" classname="cviceni.StringBuilderAndBufferTest"/>
  <testcase name="testBufferAppend" time="0,001" classname="cviceni.StringBuilderAndBufferTest"/>
  <testcase name="testBufferAppendDelete" time="0,001" classname="cviceni.StringBuilderAndBufferTest"/>
  <testcase name="testBufferAppend" time="0,001" classname="cviceni.StringBuilderAndBufferTest"/>
  <testcase name="testBuilderAppendDelete" time="0,002" classname="cviceni.StringBuilderAndBufferTest"/>
  <testcase name="testBufferAppend" time="0,000" classname="cviceni.StringBuilderAndBufferTest"/>
  <testcase name="testBuilderAppendDelete" time="0,000" classname="cviceni.StringBuilderAndBufferTest"/>
  <testcase name="testBufferAppend" time="0,001" classname="cviceni.StringBuilderAndBufferTest"/>
  <testcase name="testBuilderAppend" time="0,000" classname="cviceni.StringBuilderAndBufferTest"/>
  <testcase name="testBufferAppend" time="0,000" classname="cviceni.StringBuilderAndBufferTest"/>
  <testcase name="testBuilderAppendDelete" time="0,001" classname="cviceni.StringBuilderAndBufferTest"/>
  <testcase name="testBufferAppendDelete" time="0,000" classname="cviceni.StringBuilderAndBufferTest"/>
  <testcase name="testBuilderAppend" time="0,054" classname="cviceni.StringBuilderAndBufferTest"/>
  <testcase name="testBufferAppendDelete" time="0,000" classname="cviceni.StringBuilderAndBufferTest"/>
  <testcase name="testBuilderAppendDelete" time="0,000" classname="cviceni.StringBuilderAndBufferTest"/>
  <testcase name="testBuilderAppend" time="0,000" classname="cviceni.StringBuilderAndBufferTest"/>
  <testcase name="testBuilderAppendDelete" time="0,059" classname="cviceni.StringBuilderAndBufferTest"/>
  <testcase name="testBufferAppendDelete" time="0,000" classname="cviceni.StringBuilderAndBufferTest"/>
  <testcase name="testBuilderAppendDelete" time="0,001" classname="cviceni.StringBuilderAndBufferTest"/>
  <testcase name="testBufferAppendDelete" time="0,000" classname="cviceni.StringBuilderAndBufferTest"/>
  <testcase name="testBuilderAppendDelete" time="0,000" classname="cviceni.StringBuilderAndBufferTest"/>
  <testcase name="testBufferAppendDelete" time="0,000" classname="cviceni.StringBuilderAndBufferTest"/>
  <testcase name="testBuilderAppend" time="0,001" classname="cviceni.StringBuilderAndBufferTest"/>
  <testcase name="testBuilderAppendDelete" time="0,000" classname="cviceni.StringBuilderAndBufferTest"/>
  <testcase name="testBufferAppend" time="0,000" classname="cviceni.StringBuilderAndBufferTest"/>
  <testcase name="testBuilderAppendDelete" time="0,001" classname="cviceni.StringBuilderAndBufferTest"/>
  <testcase name="testBuilderAppend" time="0,000" classname="cviceni.StringBuilderAndBufferTest"/>
  <testcase name="testBufferAppend" time="0,000" classname="cviceni.StringBuilderAndBufferTest"/>
  <testcase name="testBufferAppendDelete" time="0,000" classname="cviceni.StringBuilderAndBufferTest"/>
  <testcase name="testBuilderAppendDelete" time="0,001" classname="cviceni.StringBuilderAndBufferTest"/>
  <testcase name="testBufferAppend" time="0,001" classname="cviceni.StringBuilderAndBufferTest"/>
  <testcase name="testBuilderAppendDelete" time="0,001" classname="cviceni.StringBuilderAndBufferTest"/>
  <testcase name="testBufferAppendDelete" time="0,000" classname="cviceni.StringBuilderAndBufferTest"/>
  <testcase name="testBuilderAppend" time="0,001" classname="cviceni.StringBuilderAndBufferTest"/>
  <testcase name="testBufferAppendDelete" time="0,000" classname="cviceni.StringBuilderAndBufferTest"/>
  <testcase name="testBuilderAppend" time="0,000" classname="cviceni.StringBuilderAndBufferTest"/>
  <testcase name="testBuilderAppend" time="0,000" classname="cviceni.StringBuilderAndBufferTest"/>
  <testcase name="testBuilderAppend" time="0,015" classname="cviceni.StringBuilderAndBufferTest"/>
  <testcase name="testBuilderAppend" time="0,000" classname="cviceni.StringBuilderAndBufferTest"/>
  <testcase name="testBuilderAppendDelete" time="0,000" classname="cviceni.StringBuilderAndBufferTest"/>
  <testcase name="testBufferAppend" time="0,000" classname="cviceni.StringBuilderAndBufferTest"/>
  <testcase name="testBufferAppendDelete" time="0,001" classname="cviceni.StringBuilderAndBufferTest"/>
  <testcase name="testBuilderAppendDelete" time="0,000" classname="cviceni.StringBuilderAndBufferTest"/>
  <testcase name="testBuilderAppend" time="0,000" classname="cviceni.StringBuilderAndBufferTest"/>
  <testcase name="testBuilderAppend" time="0,000" classname="cviceni.StringBuilderAndBufferTest"/>
  <testcase name="testBuilderAppend" time="0,000" classname="cviceni.StringBuilderAndBufferTest"/>
  <testcase name="testBufferAppendDelete" time="0,000" classname="cviceni.StringBuilderAndBufferTest"/>
  <testcase name="testBuilderAppendDelete" time="0,000" classname="cviceni.StringBuilderAndBufferTest"/>
  <testcase name="testBufferAppend" time="0,001" classname="cviceni.StringBuilderAndBufferTest"/>
  <testcase name="testBuilderAppend" time="0,000" classname="cviceni.StringBuilderAndBufferTest"/>
  <testcase name="testBuilderAppendDelete" time="0,000" classname="cviceni.StringBuilderAndBufferTest"/>
  <testcase name="testBuilderAppendDelete" time="0,000" classname="cviceni.StringBuilderAndBufferTest"/>
  <testcase name="testBufferAppend" time="0,000" classname="cviceni.StringBuilderAndBufferTest"/>
  <testcase name="testBuilderAppend" time="0,000" classname="cviceni.StringBuilderAndBufferTest"/>
  <testcase name="testBufferAppend" time="0,000" classname="cviceni.StringBuilderAndBufferTest"/>
  <testcase name="testBuilderAppend" time="0,000" classname="cviceni.StringBuilderAndBufferTest"/>
  <testcase name="testBufferAppend" time="0,185" classname="cviceni.StringBuilderAndBufferTest"/>
  <testcase name="testBufferAppendDelete" time="0,001" classname="cviceni.StringBuilderAndBufferTest"/>
  <testcase name="testBuilderAppend" time="0,001" classname="cviceni.StringBuilderAndBufferTest"/>
  <testcase name="testBuilderAppend" time="0,001" classname="cviceni.StringBuilderAndBufferTest"/>
  <testcase name="testBufferAppend" time="0,000" classname="cviceni.StringBuilderAndBufferTest"/>
  <testcase name="testBufferAppendDelete" time="0,000" classname="cviceni.StringBuilderAndBufferTest"/>
  <testcase name="testBuilderAppend" time="0,001" classname="cviceni.StringBuilderAndBufferTest"/>
  <testcase name="testBuilderAppend" time="0,000" classname="cviceni.StringBuilderAndBufferTest"/>
  <testcase name="testBufferAppend" time="0,000" classname="cviceni.StringBuilderAndBufferTest"/>
  <testcase name="testBufferAppend" time="0,000" classname="cviceni.StringBuilderAndBufferTest"/>
  <testcase name="testBuilderAppend" time="0,001" classname="cviceni.StringBuilderAndBufferTest"/>
  <testcase name="testBufferAppendDelete" time="0,000" classname="cviceni.StringBuilderAndBufferTest"/>
  <testcase name="testBuilderAppendDelete" time="0,000" classname="cviceni.StringBuilderAndBufferTest"/>
  <testcase name="testBufferAppend" time="0,000" classname="cviceni.StringBuilderAndBufferTest"/>
  <testcase name="testBuilderAppendDelete" time="0,000" classname="cviceni.StringBuilderAndBufferTest"/>
  <testcase name="testBufferAppendDelete" time="0,000" classname="cviceni.StringBuilderAndBufferTest"/>
  <testcase name="testBuilderAppend" time="0,000" classname="cviceni.StringBuilderAndBufferTest"/>
  <testcase name="testBuilderAppend" time="0,000" classname="cviceni.StringBuilderAndBufferTest"/>
  <testcase name="testBufferAppend" time="0,000" classname="cviceni.StringBuilderAndBufferTest"/>
  <testcase name="testBuilderAppend" time="0,000" classname="cviceni.StringBuilderAndBufferTest"/>
  <testcase name="testBufferAppendDelete" time="0,000" classname="cviceni.StringBuilderAndBufferTest"/>
  <testcase name="testBuilderAppendDelete" time="0,001" classname="cviceni.StringBuilderAndBufferTest"/>
  <testcase name="testBuilderAppend" time="0,001" classname="cviceni.StringBuilderAndBufferTest"/>
  <testcase name="testBuilderAppendDelete" time="0,000" classname="cviceni.StringBuilderAndBufferTest"/>
  <testcase name="testBufferAppendDelete" time="0,000" classname="cviceni.StringBuilderAndBufferTest"/>
  <testcase name="testBuilderAppend" time="0,000" classname="cviceni.StringBuilderAndBufferTest"/>
  <testcase name="testBufferAppend" time="0,001" classname="cviceni.StringBuilderAndBufferTest"/>
  <testcase name="testBuilderAppend" time="0,001" classname="cviceni.StringBuilderAndBufferTest"/>
  <testcase name="testBuilderAppend" time="0,000" classname="cviceni.StringBuilderAndBufferTest"/>
  <testcase name="testBufferAppendDelete" time="0,001" classname="cviceni.StringBuilderAndBufferTest"/>
  <testcase name="testBufferAppend" time="0,001" classname="cviceni.StringBuilderAndBufferTest"/>
  <testcase name="testBufferAppend" time="0,000" classname="cviceni.StringBuilderAndBufferTest"/>
  <testcase name="testBuilderAppend" time="0,000" classname="cviceni.StringBuilderAndBufferTest"/>
  <testcase name="testBufferAppendDelete" time="0,001" classname="cviceni.StringBuilderAndBufferTest"/>
  <testcase name="testBuilderAppendDelete" time="0,001" classname="cviceni.StringBuilderAndBufferTest"/>
  <testcase name="testBufferAppendDelete" time="0,000" classname="cviceni.StringBuilderAndBufferTest"/>
  <testcase name="testBufferAppendDelete" time="0,000" classname="cviceni.StringBuilderAndBufferTest"/>
  <testcase name="testBufferAppend" time="0,000" classname="cviceni.StringBuilderAndBufferTest"/>
  <testcase name="testBufferAppendDelete" time="0,000" classname="cviceni.StringBuilderAndBufferTest"/>
  <testcase name="testBufferAppend" time="0,000" classname="cviceni.StringBuilderAndBufferTest"/>
  <testcase name="testBufferAppendDelete" time="0,000" classname="cviceni.StringBuilderAndBufferTest"/>
  <testcase name="testBuilderAppend" time="0,003" classname="cviceni.StringBuilderAndBufferTest"/>
  <testcase name="testBuilderAppendDelete" time="0,000" classname="cviceni.StringBuilderAndBufferTest"/>
  <testcase name="testBufferAppend" time="0,000" classname="cviceni.StringBuilderAndBufferTest"/>
  <testcase name="testBuilderAppend" time="0,000" classname="cviceni.StringBuilderAndBufferTest"/>
  <testcase name="testBuilderAppendDelete" time="0,000" classname="cviceni.StringBuilderAndBufferTest"/>
  <testcase name="testBufferAppendDelete" time="0,001" classname="cviceni.StringBuilderAndBufferTest"/>
  <testcase name="testBufferAppend" time="0,000" classname="cviceni.StringBuilderAndBufferTest"/>
  <testcase name="testBuilderAppend" time="0,000" classname="cviceni.StringBuilderAndBufferTest"/>
  <testcase name="testBufferAppendDelete" time="0,001" classname="cviceni.StringBuilderAndBufferTest"/>
  <testcase name="testBuilderAppend" time="0,000" classname="cviceni.StringBuilderAndBufferTest"/>
  <testcase name="testBuilderAppendDelete" time="0,000" classname="cviceni.StringBuilderAndBufferTest"/>
  <testcase name="testBufferAppend" time="0,000" classname="cviceni.StringBuilderAndBufferTest"/>
  <testcase name="testBufferAppend" time="0,000" classname="cviceni.StringBuilderAndBufferTest"/>
  <testcase name="testBuilderAppend" time="0,001" classname="cviceni.StringBuilderAndBufferTest"/>
  <testcase name="testBufferAppendDelete" time="0,000" classname="cviceni.StringBuilderAndBufferTest"/>
  <testcase name="testBuilderAppend" time="0,000" classname="cviceni.StringBuilderAndBufferTest"/>
  <testcase name="testBuilderAppend" time="0,000" classname="cviceni.StringBuilderAndBufferTest"/>
  <testcase name="testBufferAppend" time="0,000" classname="cviceni.StringBuilderAndBufferTest"/>
  <testcase name="testBuilderAppend" time="0,000" classname="cviceni.StringBuilderAndBufferTest"/>
  <testcase name="testBufferAppend" time="0,000" classname="cviceni.StringBuilderAndBufferTest"/>
  <testcase name="testBuilderAppend" time="0,000" classname="cviceni.StringBuilderAndBufferTest"/>
  <testcase name="testBufferAppend" time="0,000" classname="cviceni.StringBuilderAndBufferTest"/>
  <testcase name="testBufferAppendDelete" time="0,000" classname="cviceni.StringBuilderAndBufferTest"/>
  <testcase name="testBufferAppendDelete" time="0,000" classname="cviceni.StringBuilderAndBufferTest"/>
  <testcase name="testBuilderAppendDelete" time="0,000" classname="cviceni.StringBuilderAndBufferTest"/>
  <testcase name="testBufferAppend" time="0,071" classname="cviceni.StringBuilderAndBufferTest"/>
  <testcase name="testBuilderAppendDelete" time="0,000" classname="cviceni.StringBuilderAndBufferTest"/>
  <testcase name="testBufferAppendDelete" time="0,001" classname="cviceni.StringBuilderAndBufferTest"/>
  <testcase name="testBuilderAppend" time="0,000" classname="cviceni.StringBuilderAndBufferTest"/>
  <testcase name="testBufferAppend" time="0,000" classname="cviceni.StringBuilderAndBufferTest"/>
  <testcase name="testBuilderAppendDelete" time="0,000" classname="cviceni.StringBuilderAndBufferTest"/>
  <testcase name="testBufferAppendDelete" time="0,000" classname="cviceni.StringBuilderAndBufferTest"/>
  <testcase name="testBufferAppend" time="0,000" classname="cviceni.StringBuilderAndBufferTest"/>
  <testcase name="testBufferAppend" time="0,000" classname="cviceni.StringBuilderAndBufferTest"/>
  <testcase name="testBuilderAppend" time="0,001" classname="cviceni.StringBuilderAndBufferTest"/>
  <testcase name="testBufferAppendDelete" time="0,000" classname="cviceni.StringBuilderAndBufferTest"/>
  <testcase name="testBuilderAppend" time="0,000" classname="cviceni.StringBuilderAndBufferTest"/>
  <testcase name="testBuilderAppendDelete" time="0,000" classname="cviceni.StringBuilderAndBufferTest"/>
  <testcase name="testBufferAppend" time="0,001" classname="cviceni.StringBuilderAndBufferTest"/>
  <testcase name="testBufferAppendDelete" time="0,000" classname="cviceni.StringBuilderAndBufferTest"/>
  <testcase name="testBuilderAppend" time="0,000" classname="cviceni.StringBuilderAndBufferTest"/>
  <testcase name="testBufferAppendDelete" time="0,000" classname="cviceni.StringBuilderAndBufferTest"/>
  <testcase name="testBufferAppend" time="0,001" classname="cviceni.StringBuilderAndBufferTest"/>
  <testcase name="testBufferAppendDelete" time="0,001" classname="cviceni.StringBuilderAndBufferTest"/>
  <testcase name="testBufferAppendDelete" time="0,000" classname="cviceni.StringBuilderAndBufferTest"/>
  <testcase name="testBuilderAppendDelete" time="0,000" classname="cviceni.StringBuilderAndBufferTest"/>
  <testcase name="testBuilderAppend" time="0,000" classname="cviceni.StringBuilderAndBufferTest"/>
  <testcase name="testBufferAppend" time="0,001" classname="cviceni.StringBuilderAndBufferTest"/>
  <testcase name="testBufferAppendDelete" time="0,001" classname="cviceni.StringBuilderAndBufferTest"/>
  <testcase name="testBufferAppend" time="0,001" classname="cviceni.StringBuilderAndBufferTest"/>
  <testcase name="testBuilderAppendDelete" time="0,000" classname="cviceni.StringBuilderAndBufferTest"/>
  <testcase name="testBuilderAppend" time="0,000" classname="cviceni.StringBuilderAndBufferTest"/>
  <testcase name="testBuilderAppendDelete" time="0,000" classname="cviceni.StringBuilderAndBufferTest"/>
  <testcase name="testBuilderAppendDelete" time="0,001" classname="cviceni.StringBuilderAndBufferTest"/>
  <testcase name="testBuilderAppend" time="0,000" classname="cviceni.StringBuilderAndBufferTest"/>
  <testcase name="testBuilderAppend" time="0,000" classname="cviceni.StringBuilderAndBufferTest"/>
  <testcase name="testBufferAppendDelete" time="0,000" classname="cviceni.StringBuilderAndBufferTest"/>
  <testcase name="testBuilderAppendDelete" time="0,000" classname="cviceni.StringBuilderAndBufferTest"/>
  <testcase name="testBufferAppend" time="0,001" classname="cviceni.StringBuilderAndBufferTest"/>
  <testcase name="testBufferAppend" time="0,067" classname="cviceni.StringBuilderAndBufferTest"/>
  <testcase name="testBufferAppendDelete" time="0,001" classname="cviceni.StringBuilderAndBufferTest"/>
  <testcase name="testBuilderAppend" time="0,001" classname="cviceni.StringBuilderAndBufferTest"/>
  <testcase name="testBufferAppendDelete" time="0,000" classname="cviceni.StringBuilderAndBufferTest"/>
  <testcase name="testBuilderAppendDelete" time="0,000" classname="cviceni.StringBuilderAndBufferTest"/>
  <testcase name="testBufferAppend" time="0,000" classname="cviceni.StringBuilderAndBufferTest"/>
  <testcase name="testBufferAppend" time="0,000" classname="cviceni.StringBuilderAndBufferTest"/>
  <testcase name="testBuilderAppendDelete" time="0,000" classname="cviceni.StringBuilderAndBufferTest"/>
  <testcase name="testBufferAppendDelete" time="0,000" classname="cviceni.StringBuilderAndBufferTest"/>
  <testcase name="testBuilderAppendDelete" time="0,000" classname="cviceni.StringBuilderAndBufferTest"/>
  <testcase name="testBuilderAppendDelete" time="0,001" classname="cviceni.StringBuilderAndBufferTest"/>
  <testcase name="testBuilderAppend" time="0,000" classname="cviceni.StringBuilderAndBufferTest"/>
  <testcase name="testBufferAppendDelete" time="0,001" classname="cviceni.StringBuilderAndBufferTest"/>
  <testcase name="testBufferAppend" time="0,000" classname="cviceni.StringBuilderAndBufferTest"/>
  <testcase name="testBuilderAppend" time="0,025" classname="cviceni.StringBuilderAndBufferTest"/>
  <testcase name="testBuilderAppendDelete" time="0,001" classname="cviceni.StringBuilderAndBufferTest"/>
  <testcase name="testBufferAppendDelete" time="0,000" classname="cviceni.StringBuilderAndBufferTest"/>
  <testcase name="testBuilderAppend" time="0,000" classname="cviceni.StringBuilderAndBufferTest"/>
  <testcase name="testBuilderAppend" time="0,001" classname="cviceni.StringBuilderAndBufferTest"/>
  <testcase name="testBufferAppendDelete" time="0,000" classname="cviceni.StringBuilderAndBufferTest"/>
  <testcase name="testBuilderAppend" time="0,000" classname="cviceni.StringBuilderAndBufferTest"/>
  <testcase name="testBufferAppendDelete" time="0,000" classname="cviceni.StringBuilderAndBufferTest"/>
  <testcase name="testBuilderAppendDelete" time="0,000" classname="cviceni.StringBuilderAndBufferTest"/>
  <testcase name="testBufferAppendDelete" time="0,000" classname="cviceni.StringBuilderAndBufferTest"/>
  <testcase name="testBufferAppend" time="0,000" classname="cviceni.StringBuilderAndBufferTest"/>
  <testcase name="testBuilderAppend" time="0,000" classname="cviceni.StringBuilderAndBufferTest"/>
  <testcase name="testBuilderAppend" time="0,000" classname="cviceni.StringBuilderAndBufferTest"/>
  <testcase name="testBuilderAppend" time="0,001" classname="cviceni.StringBuilderAndBufferTest"/>
  <testcase name="testBufferAppend" time="0,000" classname="cviceni.StringBuilderAndBufferTest"/>
  <testcase name="testBufferAppend" time="0,000" classname="cviceni.StringBuilderAndBufferTest"/>
  <testcase name="testBuilderAppend" time="0,000" classname="cviceni.StringBuilderAndBufferTest"/>
  <testcase name="testBuilderAppend" time="0,000" classname="cviceni.StringBuilderAndBufferTest"/>
  <testcase name="testBufferAppend" time="0,000" classname="cviceni.StringBuilderAndBufferTest"/>
  <testcase name="testBuilderAppendDelete" time="0,001" classname="cviceni.StringBuilderAndBufferTest"/>
  <testcase name="testBufferAppendDelete" time="0,001" classname="cviceni.StringBuilderAndBufferTest"/>
  <testcase name="testBuilderAppend" time="0,001" classname="cviceni.StringBuilderAndBufferTest"/>
  <testcase name="testBufferAppend" time="0,000" classname="cviceni.StringBuilderAndBufferTest"/>
  <testcase name="testBufferAppendDelete" time="0,000" classname="cviceni.StringBuilderAndBufferTest"/>
  <testcase name="testBufferAppend" time="0,000" classname="cviceni.StringBuilderAndBufferTest"/>
  <testcase name="testBufferAppend" time="0,000" classname="cviceni.StringBuilderAndBufferTest"/>
  <testcase name="testBuilderAppend" time="0,000" classname="cviceni.StringBuilderAndBufferTest"/>
  <testcase name="testBufferAppendDelete" time="0,000" classname="cviceni.StringBuilderAndBufferTest"/>
  <testcase name="testBuilderAppend" time="0,001" classname="cviceni.StringBuilderAndBufferTest"/>
  <testcase name="testBufferAppendDelete" time="0,001" classname="cviceni.StringBuilderAndBufferTest"/>
  <testcase name="testBuilderAppendDelete" time="0,000" classname="cviceni.StringBuilderAndBufferTest"/>
  <testcase name="testBuilderAppend" time="0,000" classname="cviceni.StringBuilderAndBufferTest"/>
  <testcase name="testBuilderAppend" time="0,000" classname="cviceni.StringBuilderAndBufferTest"/>
  <testcase name="testBufferAppend" time="0,000" classname="cviceni.StringBuilderAndBufferTest"/>
  <testcase name="testBuilderAppend" time="0,000" classname="cviceni.StringBuilderAndBufferTest"/>
  <testcase name="testBufferAppendDelete" time="0,000" classname="cviceni.StringBuilderAndBufferTest"/>
  <testcase name="testBufferAppendDelete" time="0,000" classname="cviceni.StringBuilderAndBufferTest"/>
  <testcase name="testBufferAppendDelete" time="0,000" classname="cviceni.StringBuilderAndBufferTest"/>
  <testcase name="testBuilderAppend" time="0,001" classname="cviceni.StringBuilderAndBufferTest"/>
  <testcase name="testBufferAppend" time="0,000" classname="cviceni.StringBuilderAndBufferTest"/>
  <testcase name="testBufferAppend" time="0,001" classname="cviceni.StringBuilderAndBufferTest"/>
  <testcase name="testBufferAppendDelete" time="0,001" classname="cviceni.StringBuilderAndBufferTest"/>
  <testcase name="testBuilderAppend" time="0,001" classname="cviceni.StringBuilderAndBufferTest"/>
  <testcase name="testBufferAppend" time="0,000" classname="cviceni.StringBuilderAndBufferTest"/>
  <testcase name="testBufferAppend" time="0,001" classname="cviceni.StringBuilderAndBufferTest"/>
  <testcase name="testBuilderAppend" time="0,000" classname="cviceni.StringBuilderAndBufferTest"/>
  <testcase name="testBuilderAppend" time="0,000" classname="cviceni.StringBuilderAndBufferTest"/>
  <testcase name="testBufferAppendDelete" time="0,000" classname="cviceni.StringBuilderAndBufferTest"/>
  <testcase name="testBufferAppendDelete" time="0,000" classname="cviceni.StringBuilderAndBufferTest"/>
  <testcase name="testBufferAppend" time="0,001" classname="cviceni.StringBuilderAndBufferTest"/>
  <testcase name="testBufferAppendDelete" time="0,000" classname="cviceni.StringBuilderAndBufferTest"/>
  <testcase name="testBufferAppendDelete" time="0,000" classname="cviceni.StringBuilderAndBufferTest"/>
  <testcase name="testBuilderAppendDelete" time="0,000" classname="cviceni.StringBuilderAndBufferTest"/>
  <testcase name="testBufferAppendDelete" time="0,000" classname="cviceni.StringBuilderAndBufferTest"/>
  <testcase name="testBuilderAppend" time="0,000" classname="cviceni.StringBuilderAndBufferTest"/>
  <testcase name="testBuilderAppend" time="0,000" classname="cviceni.StringBuilderAndBufferTest"/>
  <testcase name="testBuilderAppendDelete" time="0,000" classname="cviceni.StringBuilderAndBufferTest"/>
  <testcase name="testBufferAppendDelete" time="0,000" classname="cviceni.StringBuilderAndBufferTest"/>
  <testcase name="testBufferAppendDelete" time="0,000" classname="cviceni.StringBuilderAndBufferTest"/>
  <testcase name="testBufferAppendDelete" time="0,000" classname="cviceni.StringBuilderAndBufferTest"/>
  <testcase name="testBufferAppend" time="0,001" classname="cviceni.StringBuilderAndBufferTest"/>
  <testcase name="testBuilderAppend" time="0,001" classname="cviceni.StringBuilderAndBufferTest"/>
  <testcase name="testBufferAppend" time="0,000" classname="cviceni.StringBuilderAndBufferTest"/>
  <testcase name="testBufferAppend" time="0,000" classname="cviceni.StringBuilderAndBufferTest"/>
  <testcase name="testBuilderAppend" time="0,000" classname="cviceni.StringBuilderAndBufferTest"/>
  <testcase name="testBuilderAppend" time="0,000" classname="cviceni.StringBuilderAndBufferTest"/>
  <testcase name="testBuilderAppend" time="0,000" classname="cviceni.StringBuilderAndBufferTest"/>
  <testcase name="testBuilderAppendDelete" time="0,000" classname="cviceni.StringBuilderAndBufferTest"/>
  <testcase name="testBufferAppend" time="0,000" classname="cviceni.StringBuilderAndBufferTest"/>
  <testcase name="testBuilderAppend" time="0,001" classname="cviceni.StringBuilderAndBufferTest"/>
  <testcase name="testBufferAppendDelete" time="0,000" classname="cviceni.StringBuilderAndBufferTest"/>
  <testcase name="testBuilderAppendDelete" time="0,000" classname="cviceni.StringBuilderAndBufferTest"/>
  <testcase name="testBuilderAppendDelete" time="0,001" classname="cviceni.StringBuilderAndBufferTest"/>
  <testcase name="testBufferAppendDelete" time="0,000" classname="cviceni.StringBuilderAndBufferTest"/>
  <testcase name="testBufferAppendDelete" time="0,000" classname="cviceni.StringBuilderAndBufferTest"/>
  <testcase name="testBuilderAppend" time="0,038" classname="cviceni.StringBuilderAndBufferTest"/>
  <testcase name="testBuilderAppendDelete" time="0,000" classname="cviceni.StringBuilderAndBufferTest"/>
  <testcase name="testBuilderAppendDelete" time="0,000" classname="cviceni.StringBuilderAndBufferTest"/>
  <testcase name="testBuilderAppendDelete" time="0,001" classname="cviceni.StringBuilderAndBufferTest"/>
  <testcase name="testBufferAppendDelete" time="0,000" classname="cviceni.StringBuilderAndBufferTest"/>
  <testcase name="testBuilderAppend" time="0,001" classname="cviceni.StringBuilderAndBufferTest"/>
  <testcase name="testBufferAppendDelete" time="0,001" classname="cviceni.StringBuilderAndBufferTest"/>
  <testcase name="testBufferAppendDelete" time="0,001" classname="cviceni.StringBuilderAndBufferTest"/>
  <testcase name="testBufferAppendDelete" time="0,000" classname="cviceni.StringBuilderAndBufferTest"/>
  <testcase name="testBufferAppend" time="0,000" classname="cviceni.StringBuilderAndBufferTest"/>
  <testcase name="testBuilderAppendDelete" time="0,000" classname="cviceni.StringBuilderAndBufferTest"/>
  <testcase name="testBufferAppend" time="0,000" classname="cviceni.StringBuilderAndBufferTest"/>
  <testcase name="testBufferAppend" time="0,000" classname="cviceni.StringBuilderAndBufferTest"/>
  <testcase name="testBufferAppend" time="0,001" classname="cviceni.StringBuilderAndBufferTest"/>
  <testcase name="testBufferAppend" time="0,001" classname="cviceni.StringBuilderAndBufferTest"/>
  <testcase name="testBufferAppend" time="0,000" classname="cviceni.StringBuilderAndBufferTest"/>
  <testcase name="testBufferAppend" time="0,000" classname="cviceni.StringBuilderAndBufferTest"/>
  <testcase name="testBufferAppend" time="0,000" classname="cviceni.StringBuilderAndBufferTest"/>
  <testcase name="testBuilderAppend" time="0,000" classname="cviceni.StringBuilderAndBufferTest"/>
  <testcase name="testBuilderAppend" time="0,024" classname="cviceni.StringBuilderAndBufferTest"/>
  <testcase name="testBufferAppendDelete" time="0,000" classname="cviceni.StringBuilderAndBufferTest"/>
  <testcase name="testBuilderAppendDelete" time="0,000" classname="cviceni.StringBuilderAndBufferTest"/>
  <testcase name="testBufferAppend" time="0,000" classname="cviceni.StringBuilderAndBufferTest"/>
  <testcase name="testBufferAppendDelete" time="0,001" classname="cviceni.StringBuilderAndBufferTest"/>
  <testcase name="testBufferAppendDelete" time="0,001" classname="cviceni.StringBuilderAndBufferTest"/>
  <testcase name="testBuilderAppend" time="0,000" classname="cviceni.StringBuilderAndBufferTest"/>
  <testcase name="testBufferAppend" time="0,000" classname="cviceni.StringBuilderAndBufferTest"/>
  <testcase name="testBuilderAppendDelete" time="0,001" classname="cviceni.StringBuilderAndBufferTest"/>
  <testcase name="testBuilderAppendDelete" time="0,000" classname="cviceni.StringBuilderAndBufferTest"/>
  <testcase name="testBuilderAppend" time="0,000" classname="cviceni.StringBuilderAndBufferTest"/>
  <testcase name="testBuilderAppend" time="0,001" classname="cviceni.StringBuilderAndBufferTest"/>
  <testcase name="testBufferAppend" time="0,000" classname="cviceni.StringBuilderAndBufferTest"/>
  <testcase name="testBufferAppendDelete" time="0,000" classname="cviceni.StringBuilderAndBufferTest"/>
  <testcase name="testBuilderAppendDelete" time="0,001" classname="cviceni.StringBuilderAndBufferTest"/>
  <testcase name="testBufferAppend" time="0,000" classname="cviceni.StringBuilderAndBufferTest"/>
  <testcase name="testBuilderAppend" time="0,000" classname="cviceni.StringBuilderAndBufferTest"/>
  <testcase name="testBufferAppendDelete" time="0,000" classname="cviceni.StringBuilderAndBufferTest"/>
  <testcase name="testBufferAppend" time="0,000" classname="cviceni.StringBuilderAndBufferTest"/>
  <testcase name="testBufferAppend" time="0,000" classname="cviceni.StringBuilderAndBufferTest"/>
  <testcase name="testBufferAppend" time="0,000" classname="cviceni.StringBuilderAndBufferTest"/>
  <testcase name="testBuilderAppend" time="0,000" classname="cviceni.StringBuilderAndBufferTest"/>
  <testcase name="testBufferAppendDelete" time="0,000" classname="cviceni.StringBuilderAndBufferTest"/>
  <testcase name="testBuilderAppend" time="0,000" classname="cviceni.StringBuilderAndBufferTest"/>
  <testcase name="testBufferAppend" time="0,001" classname="cviceni.StringBuilderAndBufferTest"/>
  <testcase name="testBuilderAppend" time="0,000" classname="cviceni.StringBuilderAndBufferTest"/>
  <testcase name="testBuilderAppend" time="0,001" classname="cviceni.StringBuilderAndBufferTest"/>
  <testcase name="testBuilderAppendDelete" time="0,000" classname="cviceni.StringBuilderAndBufferTest"/>
  <testcase name="testBuilderAppendDelete" time="0,000" classname="cviceni.StringBuilderAndBufferTest"/>
  <testcase name="testBufferAppendDelete" time="0,000" classname="cviceni.StringBuilderAndBufferTest"/>
  <testcase name="testBufferAppendDelete" time="0,000" classname="cviceni.StringBuilderAndBufferTest"/>
  <testcase name="testBufferAppendDelete" time="0,000" classname="cviceni.StringBuilderAndBufferTest"/>
  <testcase name="testBuilderAppend" time="0,000" classname="cviceni.StringBuilderAndBufferTest"/>
  <testcase name="testBufferAppendDelete" time="0,001" classname="cviceni.StringBuilderAndBufferTest"/>
  <testcase name="testBufferAppendDelete" time="0,000" classname="cviceni.StringBuilderAndBufferTest"/>
  <testcase name="testBuilderAppend" time="0,001" classname="cviceni.StringBuilderAndBufferTest"/>
  <testcase name="testBufferAppendDelete" time="0,000" classname="cviceni.StringBuilderAndBufferTest"/>
  <testcase name="testBufferAppendDelete" time="0,000" classname="cviceni.StringBuilderAndBufferTest"/>
  <testcase name="testBuilderAppendDelete" time="0,000" classname="cviceni.StringBuilderAndBufferTest"/>
  <testcase name="testBuilderAppendDelete" time="0,001" classname="cviceni.StringBuilderAndBufferTest"/>
  <testcase name="testBuilderAppend" time="0,001" classname="cviceni.StringBuilderAndBufferTest"/>
  <testcase name="testBufferAppend" time="0,000" classname="cviceni.StringBuilderAndBufferTest"/>
  <testcase name="testBufferAppend" time="0,000" classname="cviceni.StringBuilderAndBufferTest"/>
  <testcase name="testBufferAppend" time="0,000" classname="cviceni.StringBuilderAndBufferTest"/>
  <testcase name="testBuilderAppend" time="0,000" classname="cviceni.StringBuilderAndBufferTest"/>
  <testcase name="testBufferAppend" time="0,000" classname="cviceni.StringBuilderAndBufferTest"/>
  <testcase name="testBuilderAppend" time="0,000" classname="cviceni.StringBuilderAndBufferTest"/>
  <testcase name="testBuilderAppendDelete" time="0,000" classname="cviceni.StringBuilderAndBufferTest"/>
  <testcase name="testBufferAppend" time="0,000" classname="cviceni.StringBuilderAndBufferTest"/>
  <testcase name="testBuilderAppend" time="0,000" classname="cviceni.StringBuilderAndBufferTest"/>
  <testcase name="testBuilderAppendDelete" time="0,000" classname="cviceni.StringBuilderAndBufferTest"/>
  <testcase name="testBuilderAppendDelete" time="0,000" classname="cviceni.StringBuilderAndBufferTest"/>
  <testcase name="testBuilderAppend" time="0,000" classname="cviceni.StringBuilderAndBufferTest"/>
  <testcase name="testBuilderAppend" time="0,001" classname="cviceni.StringBuilderAndBufferTest"/>
  <testcase name="testBuilderAppendDelete" time="0,000" classname="cviceni.StringBuilderAndBufferTest"/>
  <testcase name="testBuilderAppend" time="0,000" classname="cviceni.StringBuilderAndBufferTest"/>
  <testcase name="testBuilderAppend" time="0,003" classname="cviceni.StringBuilderAndBufferTest"/>
  <testcase name="testBuilderAppend" time="0,000" classname="cviceni.StringBuilderAndBufferTest"/>
  <testcase name="testBuilderAppend" time="0,000" classname="cviceni.StringBuilderAndBufferTest"/>
  <testcase name="testBuilderAppend" time="0,000" classname="cviceni.StringBuilderAndBufferTest"/>
  <testcase name="testBuilderAppend" time="0,001" classname="cviceni.StringBuilderAndBufferTest"/>
  <testcase name="testBuilderAppendDelete" time="0,000" classname="cviceni.StringBuilderAndBufferTest"/>
  <testcase name="testBufferAppend" time="0,000" classname="cviceni.StringBuilderAndBufferTest"/>
  <testcase name="testBufferAppendDelete" time="0,000" classname="cviceni.StringBuilderAndBufferTest"/>
  <testcase name="testBuilderAppend" time="0,000" classname="cviceni.StringBuilderAndBufferTest"/>
  <testcase name="testBuilderAppendDelete" time="0,001" classname="cviceni.StringBuilderAndBufferTest"/>
  <testcase name="testBuilderAppend" time="0,000" classname="cviceni.StringBuilderAndBufferTest"/>
  <testcase name="testBufferAppend" time="0,001" classname="cviceni.StringBuilderAndBufferTest"/>
  <testcase name="testBuilderAppendDelete" time="0,000" classname="cviceni.StringBuilderAndBufferTest"/>
  <testcase name="testBuilderAppendDelete" time="0,000" classname="cviceni.StringBuilderAndBufferTest"/>
  <testcase name="testBufferAppend" time="0,000" classname="cviceni.StringBuilderAndBufferTest"/>
  <testcase name="testBufferAppend" time="0,000" classname="cviceni.StringBuilderAndBufferTest"/>
  <testcase name="testBufferAppendDelete" time="0,001" classname="cviceni.StringBuilderAndBufferTest"/>
  <testcase name="testBuilderAppendDelete" time="0,000" classname="cviceni.StringBuilderAndBufferTest"/>
  <testcase name="testBuilderAppend" time="0,000" classname="cviceni.StringBuilderAndBufferTest"/>
  <testcase name="testBufferAppendDelete" time="0,000" classname="cviceni.StringBuilderAndBufferTest"/>
  <testcase name="testBuilderAppendDelete" time="0,001" classname="cviceni.StringBuilderAndBufferTest"/>
  <testcase name="testBuilderAppendDelete" time="0,000" classname="cviceni.StringBuilderAndBufferTest"/>
  <testcase name="testBuilderAppend" time="0,000" classname="cviceni.StringBuilderAndBufferTest"/>
  <testcase name="testBuilderAppend" time="0,000" classname="cviceni.StringBuilderAndBufferTest"/>
  <testcase name="testBuilderAppendDelete" time="0,001" classname="cviceni.StringBuilderAndBufferTest"/>
  <testcase name="testBuilderAppendDelete" time="0,000" classname="cviceni.StringBuilderAndBufferTest"/>
  <testcase name="testBufferAppend" time="0,001" classname="cviceni.StringBuilderAndBufferTest"/>
  <testcase name="testBufferAppend" time="0,000" classname="cviceni.StringBuilderAndBufferTest"/>
  <testcase name="testBufferAppend" time="0,000" classname="cviceni.StringBuilderAndBufferTest"/>
  <testcase name="testBuilderAppend" time="0,000" classname="cviceni.StringBuilderAndBufferTest"/>
  <testcase name="testBufferAppendDelete" time="0,001" classname="cviceni.StringBuilderAndBufferTest"/>
  <testcase name="testBufferAppendDelete" time="0,001" classname="cviceni.StringBuilderAndBufferTest"/>
  <testcase name="testBufferAppend" time="0,000" classname="cviceni.StringBuilderAndBufferTest"/>
  <testcase name="testBufferAppend" time="0,000" classname="cviceni.StringBuilderAndBufferTest"/>
  <testcase name="testBuilderAppendDelete" time="0,001" classname="cviceni.StringBuilderAndBufferTest"/>
  <testcase name="testBuilderAppend" time="0,001" classname="cviceni.StringBuilderAndBufferTest"/>
  <testcase name="testBufferAppendDelete" time="0,000" classname="cviceni.StringBuilderAndBufferTest"/>
  <testcase name="testBuilderAppend" time="0,000" classname="cviceni.StringBuilderAndBufferTest"/>
  <testcase name="testBufferAppendDelete" time="0,001" classname="cviceni.StringBuilderAndBufferTest"/>
  <testcase name="testBuilderAppendDelete" time="0,000" classname="cviceni.StringBuilderAndBufferTest"/>
  <testcase name="testBuilderAppend" time="0,000" classname="cviceni.StringBuilderAndBufferTest"/>
  <testcase name="testBuilderAppendDelete" time="0,000" classname="cviceni.StringBuilderAndBufferTest"/>
  <testcase name="testBufferAppend" time="0,001" classname="cviceni.StringBuilderAndBufferTest"/>
  <testcase name="testBuilderAppendDelete" time="0,000" classname="cviceni.StringBuilderAndBufferTest"/>
  <testcase name="testBufferAppendDelete" time="0,000" classname="cviceni.StringBuilderAndBufferTest"/>
  <testcase name="testBuilderAppendDelete" time="0,001" classname="cviceni.StringBuilderAndBufferTest"/>
  <testcase name="testBuilderAppendDelete" time="0,001" classname="cviceni.StringBuilderAndBufferTest"/>
  <testcase name="testBuilderAppendDelete" time="0,001" classname="cviceni.StringBuilderAndBufferTest"/>
  <testcase name="testBufferAppend" time="0,000" classname="cviceni.StringBuilderAndBufferTest"/>
  <testcase name="testBufferAppendDelete" time="0,001" classname="cviceni.StringBuilderAndBufferTest"/>
  <testcase name="testBufferAppend" time="0,000" classname="cviceni.StringBuilderAndBufferTest"/>
  <testcase name="testBufferAppend" time="0,000" classname="cviceni.StringBuilderAndBufferTest"/>
  <testcase name="testBufferAppend" time="0,000" classname="cviceni.StringBuilderAndBufferTest"/>
  <testcase name="testBufferAppend" time="0,000" classname="cviceni.StringBuilderAndBufferTest"/>
  <testcase name="testBufferAppend" time="0,000" classname="cviceni.StringBuilderAndBufferTest"/>
  <testcase name="testBuilderAppendDelete" time="0,000" classname="cviceni.StringBuilderAndBufferTest"/>
  <testcase name="testBuilderAppend" time="0,000" classname="cviceni.StringBuilderAndBufferTest"/>
  <testcase name="testBufferAppend" time="0,000" classname="cviceni.StringBuilderAndBufferTest"/>
  <testcase name="testBuilderAppendDelete" time="0,000" classname="cviceni.StringBuilderAndBufferTest"/>
  <testcase name="testBufferAppend" time="0,000" classname="cviceni.StringBuilderAndBufferTest"/>
  <testcase name="testBufferAppend" time="0,001" classname="cviceni.StringBuilderAndBufferTest"/>
  <testcase name="testBuilderAppendDelete" time="0,000" classname="cviceni.StringBuilderAndBufferTest"/>
  <testcase name="testBufferAppend" time="0,002" classname="cviceni.StringBuilderAndBufferTest"/>
  <testcase name="testBuilderAppend" time="0,001" classname="cviceni.StringBuilderAndBufferTest"/>
  <testcase name="testBufferAppend" time="0,000" classname="cviceni.StringBuilderAndBufferTest"/>
  <testcase name="testBufferAppendDelete" time="0,000" classname="cviceni.StringBuilderAndBufferTest"/>
  <testcase name="testBuilderAppend" time="0,000" classname="cviceni.StringBuilderAndBufferTest"/>
  <testcase name="testBuilderAppend" time="0,000" classname="cviceni.StringBuilderAndBufferTest"/>
  <testcase name="testBufferAppendDelete" time="0,001" classname="cviceni.StringBuilderAndBufferTest"/>
  <testcase name="testBufferAppendDelete" time="0,001" classname="cviceni.StringBuilderAndBufferTest"/>
  <testcase name="testBuilderAppendDelete" time="0,001" classname="cviceni.StringBuilderAndBufferTest"/>
  <testcase name="testBuilderAppendDelete" time="0,001" classname="cviceni.StringBuilderAndBufferTest"/>
  <testcase name="testBuilderAppend" time="0,001" classname="cviceni.StringBuilderAndBufferTest"/>
  <testcase name="testBuilderAppendDelete" time="0,000" classname="cviceni.StringBuilderAndBufferTest"/>
  <testcase name="testBuilderAppendDelete" time="0,000" classname="cviceni.StringBuilderAndBufferTest"/>
  <testcase name="testBufferAppendDelete" time="0,000" classname="cviceni.StringBuilderAndBufferTest"/>
  <testcase name="testBuilderAppendDelete" time="0,000" classname="cviceni.StringBuilderAndBufferTest"/>
  <testcase name="testBufferAppend" time="0,000" classname="cviceni.StringBuilderAndBufferTest"/>
  <testcase name="testBufferAppend" time="0,000" classname="cviceni.StringBuilderAndBufferTest"/>
  <testcase name="testBufferAppendDelete" time="0,001" classname="cviceni.StringBuilderAndBufferTest"/>
  <testcase name="testBuilderAppendDelete" time="0,000" classname="cviceni.StringBuilderAndBufferTest"/>
  <testcase name="testBufferAppend" time="0,001" classname="cviceni.StringBuilderAndBufferTest"/>
  <testcase name="testBufferAppendDelete" time="0,000" classname="cviceni.StringBuilderAndBufferTest"/>
  <testcase name="testBuilderAppendDelete" time="0,004" classname="cviceni.StringBuilderAndBufferTest"/>
  <testcase name="testBufferAppend" time="0,000" classname="cviceni.StringBuilderAndBufferTest"/>
  <testcase name="testBufferAppend" time="0,000" classname="cviceni.StringBuilderAndBufferTest"/>
  <testcase name="testBufferAppendDelete" time="0,000" classname="cviceni.StringBuilderAndBufferTest"/>
  <testcase name="testBuilderAppendDelete" time="0,000" classname="cviceni.StringBuilderAndBufferTest"/>
  <testcase name="testBufferAppend" time="0,000" classname="cviceni.StringBuilderAndBufferTest"/>
  <testcase name="testBufferAppend" time="0,001" classname="cviceni.StringBuilderAndBufferTest"/>
  <testcase name="testBufferAppend" time="0,001" classname="cviceni.StringBuilderAndBufferTest"/>
  <testcase name="testBuilderAppendDelete" time="0,000" classname="cviceni.StringBuilderAndBufferTest"/>
  <testcase name="testBufferAppendDelete" time="0,000" classname="cviceni.StringBuilderAndBufferTest"/>
  <testcase name="testBufferAppendDelete" time="0,000" classname="cviceni.StringBuilderAndBufferTest"/>
  <testcase name="testBufferAppend" time="0,001" classname="cviceni.StringBuilderAndBufferTest"/>
  <testcase name="testBufferAppendDelete" time="0,000" classname="cviceni.StringBuilderAndBufferTest"/>
  <testcase name="testBuilderAppend" time="0,000" classname="cviceni.StringBuilderAndBufferTest"/>
  <testcase name="testBuilderAppendDelete" time="0,000" classname="cviceni.StringBuilderAndBufferTest"/>
  <testcase name="testBufferAppendDelete" time="0,001" classname="cviceni.StringBuilderAndBufferTest"/>
  <testcase name="testBufferAppendDelete" time="0,000" classname="cviceni.StringBuilderAndBufferTest"/>
  <testcase name="testBuilderAppend" time="0,000" classname="cviceni.StringBuilderAndBufferTest"/>
  <testcase name="testBuilderAppendDelete" time="0,001" classname="cviceni.StringBuilderAndBufferTest"/>
  <testcase name="testBuilderAppend" time="0,000" classname="cviceni.StringBuilderAndBufferTest"/>
  <testcase name="testBufferAppend" time="0,000" classname="cviceni.StringBuilderAndBufferTest"/>
  <testcase name="testBuilderAppendDelete" time="0,001" classname="cviceni.StringBuilderAndBufferTest"/>
  <testcase name="testBufferAppendDelete" time="0,000" classname="cviceni.StringBuilderAndBufferTest"/>
  <testcase name="testBufferAppend" time="0,000" classname="cviceni.StringBuilderAndBufferTest"/>
  <testcase name="testBuilderAppend" time="0,000" classname="cviceni.StringBuilderAndBufferTest"/>
  <testcase name="testBufferAppend" time="0,000" classname="cviceni.StringBuilderAndBufferTest"/>
  <testcase name="testBufferAppendDelete" time="0,000" classname="cviceni.StringBuilderAndBufferTest"/>
  <testcase name="testBuilderAppendDelete" time="0,000" classname="cviceni.StringBuilderAndBufferTest"/>
  <testcase name="testBuilderAppendDelete" time="0,000" classname="cviceni.StringBuilderAndBufferTest"/>
  <testcase name="testBuilderAppend" time="0,000" classname="cviceni.StringBuilderAndBufferTest"/>
  <testcase name="testBuilderAppendDelete" time="0,000" classname="cviceni.StringBuilderAndBufferTest"/>
  <testcase name="testBuilderAppend" time="0,000" classname="cviceni.StringBuilderAndBufferTest"/>
  <testcase name="testBuilderAppend" time="0,000" classname="cviceni.StringBuilderAndBufferTest"/>
  <testcase name="testBuilderAppendDelete" time="0,000" classname="cviceni.StringBuilderAndBufferTest"/>
  <testcase name="testBuilderAppendDelete" time="0,000" classname="cviceni.StringBuilderAndBufferTest"/>
  <testcase name="testBuilderAppendDelete" time="0,001" classname="cviceni.StringBuilderAndBufferTest"/>
  <testcase name="testBuilderAppendDelete" time="0,000" classname="cviceni.StringBuilderAndBufferTest"/>
  <testcase name="testBufferAppendDelete" time="0,000" classname="cviceni.StringBuilderAndBufferTest"/>
  <testcase name="testBuilderAppendDelete" time="0,000" classname="cviceni.StringBuilderAndBufferTest"/>
  <testcase name="testBuilderAppend" time="0,001" classname="cviceni.StringBuilderAndBufferTest"/>
  <testcase name="testBuilderAppend" time="0,000" classname="cviceni.StringBuilderAndBufferTest"/>
  <testcase name="testBuilderAppend" time="0,000" classname="cviceni.StringBuilderAndBufferTest"/>
  <testcase name="testBufferAppendDelete" time="0,000" classname="cviceni.StringBuilderAndBufferTest"/>
  <testcase name="testBufferAppend" time="0,001" classname="cviceni.StringBuilderAndBufferTest"/>
  <testcase name="testBufferAppendDelete" time="0,001" classname="cviceni.StringBuilderAndBufferTest"/>
  <testcase name="testBuilderAppend" time="0,001" classname="cviceni.StringBuilderAndBufferTest"/>
  <testcase name="testBuilderAppend" time="0,000" classname="cviceni.StringBuilderAndBufferTest"/>
  <testcase name="testBuilderAppendDelete" time="0,000" classname="cviceni.StringBuilderAndBufferTest"/>
  <testcase name="testBuilderAppendDelete" time="0,000" classname="cviceni.StringBuilderAndBufferTest"/>
  <testcase name="testBuilderAppend" time="0,000" classname="cviceni.StringBuilderAndBufferTest"/>
  <testcase name="testBuilderAppendDelete" time="0,000" classname="cviceni.StringBuilderAndBufferTest"/>
  <testcase name="testBuilderAppend" time="0,001" classname="cviceni.StringBuilderAndBufferTest"/>
  <testcase name="testBuilderAppendDelete" time="0,000" classname="cviceni.StringBuilderAndBufferTest"/>
  <testcase name="testBuilderAppend" time="0,010" classname="cviceni.StringBuilderAndBufferTest"/>
  <testcase name="testBuilderAppendDelete" time="0,000" classname="cviceni.StringBuilderAndBufferTest"/>
  <testcase name="testBuilderAppendDelete" time="0,000" classname="cviceni.StringBuilderAndBufferTest"/>
  <testcase name="testBuilderAppendDelete" time="0,000" classname="cviceni.StringBuilderAndBufferTest"/>
  <testcase name="testBuilderAppendDelete" time="0,000" classname="cviceni.StringBuilderAndBufferTest"/>
  <testcase name="testBuilderAppendDelete" time="0,000" classname="cviceni.StringBuilderAndBufferTest"/>
  <testcase name="testBufferAppendDelete" time="0,000" classname="cviceni.StringBuilderAndBufferTest"/>
  <testcase name="testBuilderAppendDelete" time="0,000" classname="cviceni.StringBuilderAndBufferTest"/>
  <testcase name="testBuilderAppendDelete" time="0,000" classname="cviceni.StringBuilderAndBufferTest"/>
  <testcase name="testBuilderAppend" time="0,001" classname="cviceni.StringBuilderAndBufferTest"/>
  <testcase name="testBuilderAppend" time="0,000" classname="cviceni.StringBuilderAndBufferTest"/>
  <testcase name="testBufferAppend" time="0,000" classname="cviceni.StringBuilderAndBufferTest"/>
  <testcase name="testBufferAppend" time="0,001" classname="cviceni.StringBuilderAndBufferTest"/>
  <testcase name="testBuilderAppendDelete" time="0,000" classname="cviceni.StringBuilderAndBufferTest"/>
  <testcase name="testBuilderAppend" time="0,001" classname="cviceni.StringBuilderAndBufferTest"/>
  <testcase name="testBuilderAppendDelete" time="0,001" classname="cviceni.StringBuilderAndBufferTest"/>
  <testcase name="testBufferAppend" time="0,001" classname="cviceni.StringBuilderAndBufferTest"/>
  <testcase name="testBufferAppendDelete" time="0,017" classname="cviceni.StringBuilderAndBufferTest"/>
  <testcase name="testBufferAppend" time="0,000" classname="cviceni.StringBuilderAndBufferTest"/>
  <testcase name="testBuilderAppendDelete" time="0,057" classname="cviceni.StringBuilderAndBufferTest"/>
  <testcase name="testBufferAppendDelete" time="0,000" classname="cviceni.StringBuilderAndBufferTest"/>
  <testcase name="testBufferAppend" time="0,001" classname="cviceni.StringBuilderAndBufferTest"/>
  <testcase name="testBuilderAppendDelete" time="0,000" classname="cviceni.StringBuilderAndBufferTest"/>
  <testcase name="testBufferAppend" time="0,000" classname="cviceni.StringBuilderAndBufferTest"/>
  <testcase name="testBufferAppend" time="0,000" classname="cviceni.StringBuilderAndBufferTest"/>
  <testcase name="testBufferAppend" time="0,001" classname="cviceni.StringBuilderAndBufferTest"/>
  <testcase name="testBuilderAppendDelete" time="0,001" classname="cviceni.StringBuilderAndBufferTest"/>
  <testcase name="testBuilderAppend" time="0,001" classname="cviceni.StringBuilderAndBufferTest"/>
  <testcase name="testBuilderAppend" time="0,000" classname="cviceni.StringBuilderAndBufferTest"/>
  <testcase name="testBuilderAppendDelete" time="0,001" classname="cviceni.StringBuilderAndBufferTest"/>
  <testcase name="testBuilderAppendDelete" time="0,000" classname="cviceni.StringBuilderAndBufferTest"/>
  <testcase name="testBuilderAppend" time="0,000" classname="cviceni.StringBuilderAndBufferTest"/>
  <testcase name="testBuilderAppendDelete" time="0,000" classname="cviceni.StringBuilderAndBufferTest"/>
  <testcase name="testBuilderAppendDelete" time="0,000" classname="cviceni.StringBuilderAndBufferTest"/>
  <testcase name="testBufferAppend" time="0,000" classname="cviceni.StringBuilderAndBufferTest"/>
  <testcase name="testBufferAppendDelete" time="0,000" classname="cviceni.StringBuilderAndBufferTest"/>
  <testcase name="testBuilderAppend" time="0,000" classname="cviceni.StringBuilderAndBufferTest"/>
  <testcase name="testBufferAppendDelete" time="0,000" classname="cviceni.StringBuilderAndBufferTest"/>
  <testcase name="testBuilderAppendDelete" time="0,000" classname="cviceni.StringBuilderAndBufferTest"/>
  <testcase name="testBuilderAppendDelete" time="0,000" classname="cviceni.StringBuilderAndBufferTest"/>
  <testcase name="testBuilderAppendDelete" time="0,000" classname="cviceni.StringBuilderAndBufferTest"/>
  <testcase name="testBuilderAppendDelete" time="0,000" classname="cviceni.StringBuilderAndBufferTest"/>
  <testcase name="testBuilderAppendDelete" time="0,000" classname="cviceni.StringBuilderAndBufferTest"/>
  <testcase name="testBufferAppendDelete" time="0,001" classname="cviceni.StringBuilderAndBufferTest"/>
  <testcase name="testBufferAppend" time="0,045" classname="cviceni.StringBuilderAndBufferTest"/>
  <testcase name="testBufferAppend" time="0,001" classname="cviceni.StringBuilderAndBufferTest"/>
  <testcase name="testBufferAppend" time="0,000" classname="cviceni.StringBuilderAndBufferTest"/>
  <testcase name="testBuilderAppendDelete" time="0,000" classname="cviceni.StringBuilderAndBufferTest"/>
  <testcase name="testBuilderAppendDelete" time="0,001" classname="cviceni.StringBuilderAndBufferTest"/>
  <testcase name="testBufferAppendDelete" time="0,019" classname="cviceni.StringBuilderAndBufferTest"/>
  <testcase name="testBuilderAppend" time="0,000" classname="cviceni.StringBuilderAndBufferTest"/>
  <testcase name="testBuilderAppend" time="0,001" classname="cviceni.StringBuilderAndBufferTest"/>
  <testcase name="testBufferAppend" time="0,001" classname="cviceni.StringBuilderAndBufferTest"/>
  <testcase name="testBuilderAppend" time="0,000" classname="cviceni.StringBuilderAndBufferTest"/>
  <testcase name="testBuilderAppendDelete" time="0,000" classname="cviceni.StringBuilderAndBufferTest"/>
  <testcase name="testBufferAppendDelete" time="0,000" classname="cviceni.StringBuilderAndBufferTest"/>
  <testcase name="testBufferAppend" time="0,000" classname="cviceni.StringBuilderAndBufferTest"/>
  <testcase name="testBufferAppendDelete" time="0,134" classname="cviceni.StringBuilderAndBufferTest"/>
  <testcase name="testBufferAppend" time="0,000" classname="cviceni.StringBuilderAndBufferTest"/>
  <testcase name="testBufferAppend" time="0,000" classname="cviceni.StringBuilderAndBufferTest"/>
  <testcase name="testBufferAppend" time="0,000" classname="cviceni.StringBuilderAndBufferTest"/>
  <testcase name="testBufferAppend" time="0,001" classname="cviceni.StringBuilderAndBufferTest"/>
  <testcase name="testBufferAppendDelete" time="0,001" classname="cviceni.StringBuilderAndBufferTest"/>
  <testcase name="testBufferAppend" time="0,000" classname="cviceni.StringBuilderAndBufferTest"/>
  <testcase name="testBufferAppend" time="0,000" classname="cviceni.StringBuilderAndBufferTest"/>
  <testcase name="testBufferAppend" time="0,001" classname="cviceni.StringBuilderAndBufferTest"/>
  <testcase name="testBuilderAppendDelete" time="0,000" classname="cviceni.StringBuilderAndBufferTest"/>
  <testcase name="testBuilderAppend" time="0,000" classname="cviceni.StringBuilderAndBufferTest"/>
  <testcase name="testBuilderAppendDelete" time="0,070" classname="cviceni.StringBuilderAndBufferTest"/>
  <testcase name="testBuilderAppendDelete" time="0,000" classname="cviceni.StringBuilderAndBufferTest"/>
  <testcase name="testBufferAppendDelete" time="0,001" classname="cviceni.StringBuilderAndBufferTest"/>
  <testcase name="testBufferAppend" time="0,001" classname="cviceni.StringBuilderAndBufferTest"/>
  <testcase name="testBufferAppend" time="0,000" classname="cviceni.StringBuilderAndBufferTest"/>
  <testcase name="testBuilderAppend" time="0,000" classname="cviceni.StringBuilderAndBufferTest"/>
  <testcase name="testBufferAppend" time="0,000" classname="cviceni.StringBuilderAndBufferTest"/>
  <testcase name="testBuilderAppend" time="0,001" classname="cviceni.StringBuilderAndBufferTest"/>
  <testcase name="testBuilderAppend" time="0,001" classname="cviceni.StringBuilderAndBufferTest"/>
  <testcase name="testBufferAppend" time="0,001" classname="cviceni.StringBuilderAndBufferTest"/>
  <testcase name="testBuilderAppend" time="0,000" classname="cviceni.StringBuilderAndBufferTest"/>
  <testcase name="testBuilderAppendDelete" time="0,001" classname="cviceni.StringBuilderAndBufferTest"/>
  <testcase name="testBuilderAppend" time="0,000" classname="cviceni.StringBuilderAndBufferTest"/>
  <testcase name="testBuilderAppendDelete" time="0,000" classname="cviceni.StringBuilderAndBufferTest"/>
  <testcase name="testBufferAppend" time="0,001" classname="cviceni.StringBuilderAndBufferTest"/>
  <testcase name="testBufferAppend" time="0,000" classname="cviceni.StringBuilderAndBufferTest"/>
  <testcase name="testBuilderAppend" time="0,000" classname="cviceni.StringBuilderAndBufferTest"/>
  <testcase name="testBufferAppend" time="0,000" classname="cviceni.StringBuilderAndBufferTest"/>
  <testcase name="testBufferAppend" time="0,000" classname="cviceni.StringBuilderAndBufferTest"/>
  <testcase name="testBuilderAppendDelete" time="0,000" classname="cviceni.StringBuilderAndBufferTest"/>
  <testcase name="testBuilderAppend" time="0,000" classname="cviceni.StringBuilderAndBufferTest"/>
  <testcase name="testBufferAppend" time="0,001" classname="cviceni.StringBuilderAndBufferTest"/>
  <testcase name="testBufferAppend" time="0,000" classname="cviceni.StringBuilderAndBufferTest"/>
  <testcase name="testBuilderAppendDelete" time="0,001" classname="cviceni.StringBuilderAndBufferTest"/>
  <testcase name="testBufferAppend" time="0,000" classname="cviceni.StringBuilderAndBufferTest"/>
  <testcase name="testBuilderAppend" time="0,000" classname="cviceni.StringBuilderAndBufferTest"/>
  <testcase name="testBufferAppendDelete" time="0,000" classname="cviceni.StringBuilderAndBufferTest"/>
  <testcase name="testBuilderAppend" time="0,000" classname="cviceni.StringBuilderAndBufferTest"/>
  <testcase name="testBuilderAppendDelete" time="0,000" classname="cviceni.StringBuilderAndBufferTest"/>
  <testcase name="testBufferAppendDelete" time="0,000" classname="cviceni.StringBuilderAndBufferTest"/>
  <testcase name="testBuilderAppendDelete" time="0,000" classname="cviceni.StringBuilderAndBufferTest"/>
  <testcase name="testBuilderAppend" time="0,000" classname="cviceni.StringBuilderAndBufferTest"/>
  <testcase name="testBuilderAppendDelete" time="0,001" classname="cviceni.StringBuilderAndBufferTest"/>
  <testcase name="testBufferAppendDelete" time="0,000" classname="cviceni.StringBuilderAndBufferTest"/>
  <testcase name="testBufferAppendDelete" time="0,001" classname="cviceni.StringBuilderAndBufferTest"/>
  <testcase name="testBufferAppendDelete" time="0,000" classname="cviceni.StringBuilderAndBufferTest"/>
  <testcase name="testBufferAppendDelete" time="0,000" classname="cviceni.StringBuilderAndBufferTest"/>
  <testcase name="testBuilderAppend" time="0,000" classname="cviceni.StringBuilderAndBufferTest"/>
  <testcase name="testBuilderAppend" time="0,000" classname="cviceni.StringBuilderAndBufferTest"/>
  <testcase name="testBuilderAppendDelete" time="0,000" classname="cviceni.StringBuilderAndBufferTest"/>
  <testcase name="testBuilderAppend" time="0,001" classname="cviceni.StringBuilderAndBufferTest"/>
  <testcase name="testBuilderAppend" time="0,000" classname="cviceni.StringBuilderAndBufferTest"/>
  <testcase name="testBuilderAppend" time="0,001" classname="cviceni.StringBuilderAndBufferTest"/>
  <testcase name="testBuilderAppend" time="0,000" classname="cviceni.StringBuilderAndBufferTest"/>
  <testcase name="testBuilderAppend" time="0,000" classname="cviceni.StringBuilderAndBufferTest"/>
  <testcase name="testBufferAppend" time="0,000" classname="cviceni.StringBuilderAndBufferTest"/>
  <testcase name="testBuilderAppendDelete" time="0,000" classname="cviceni.StringBuilderAndBufferTest"/>
  <testcase name="testBuilderAppend" time="0,000" classname="cviceni.StringBuilderAndBufferTest"/>
  <testcase name="testBufferAppendDelete" time="0,000" classname="cviceni.StringBuilderAndBufferTest"/>
  <testcase name="testBufferAppend" time="0,000" classname="cviceni.StringBuilderAndBufferTest"/>
  <testcase name="testBufferAppendDelete" time="0,000" classname="cviceni.StringBuilderAndBufferTest"/>
  <testcase name="testBufferAppend" time="0,000" classname="cviceni.StringBuilderAndBufferTest"/>
  <testcase name="testBufferAppend" time="0,001" classname="cviceni.StringBuilderAndBufferTest"/>
  <testcase name="testBufferAppendDelete" time="0,001" classname="cviceni.StringBuilderAndBufferTest"/>
  <testcase name="testBufferAppend" time="0,001" classname="cviceni.StringBuilderAndBufferTest"/>
  <testcase name="testBufferAppendDelete" time="0,001" classname="cviceni.StringBuilderAndBufferTest"/>
  <testcase name="testBufferAppendDelete" time="0,000" classname="cviceni.StringBuilderAndBufferTest"/>
  <testcase name="testBufferAppend" time="0,000" classname="cviceni.StringBuilderAndBufferTest"/>
  <testcase name="testBuilderAppendDelete" time="0,001" classname="cviceni.StringBuilderAndBufferTest"/>
  <testcase name="testBuilderAppendDelete" time="0,000" classname="cviceni.StringBuilderAndBufferTest"/>
  <testcase name="testBufferAppendDelete" time="0,001" classname="cviceni.StringBuilderAndBufferTest"/>
  <testcase name="testBuilderAppend" time="0,000" classname="cviceni.StringBuilderAndBufferTest"/>
  <testcase name="testBufferAppendDelete" time="0,000" classname="cviceni.StringBuilderAndBufferTest"/>
  <testcase name="testBufferAppendDelete" time="0,000" classname="cviceni.StringBuilderAndBufferTest"/>
  <testcase name="testBufferAppendDelete" time="0,001" classname="cviceni.StringBuilderAndBufferTest"/>
  <testcase name="testBufferAppendDelete" time="0,001" classname="cviceni.StringBuilderAndBufferTest"/>
  <testcase name="testBuilderAppend" time="0,000" classname="cviceni.StringBuilderAndBufferTest"/>
  <testcase name="testBufferAppend" time="0,001" classname="cviceni.StringBuilderAndBufferTest"/>
  <testcase name="testBufferAppend" time="0,001" classname="cviceni.StringBuilderAndBufferTest"/>
  <testcase name="testBufferAppend" time="0,001" classname="cviceni.StringBuilderAndBufferTest"/>
  <testcase name="testBufferAppend" time="0,001" classname="cviceni.StringBuilderAndBufferTest"/>
  <testcase name="testBuilderAppendDelete" time="0,001" classname="cviceni.StringBuilderAndBufferTest"/>
  <testcase name="testBufferAppend" time="0,000" classname="cviceni.StringBuilderAndBufferTest"/>
  <testcase name="testBufferAppendDelete" time="0,001" classname="cviceni.StringBuilderAndBufferTest"/>
  <testcase name="testBuilderAppend" time="0,001" classname="cviceni.StringBuilderAndBufferTest"/>
  <testcase name="testBufferAppendDelete" time="0,001" classname="cviceni.StringBuilderAndBufferTest"/>
  <testcase name="testBuilderAppendDelete" time="0,000" classname="cviceni.StringBuilderAndBufferTest"/>
  <testcase name="testBuilderAppendDelete" time="0,001" classname="cviceni.StringBuilderAndBufferTest"/>
  <testcase name="testBufferAppend" time="0,000" classname="cviceni.StringBuilderAndBufferTest"/>
  <testcase name="testBuilderAppendDelete" time="0,000" classname="cviceni.StringBuilderAndBufferTest"/>
  <testcase name="testBufferAppendDelete" time="0,000" classname="cviceni.StringBuilderAndBufferTest"/>
  <testcase name="testBufferAppend" time="0,000" classname="cviceni.StringBuilderAndBufferTest"/>
  <testcase name="testBufferAppend" time="0,000" classname="cviceni.StringBuilderAndBufferTest"/>
  <testcase name="testBuilderAppend" time="0,002" classname="cviceni.StringBuilderAndBufferTest"/>
  <testcase name="testBufferAppendDelete" time="0,000" classname="cviceni.StringBuilderAndBufferTest"/>
  <testcase name="testBufferAppendDelete" time="0,000" classname="cviceni.StringBuilderAndBufferTest"/>
  <testcase name="testBuilderAppend" time="0,001" classname="cviceni.StringBuilderAndBufferTest"/>
  <testcase name="testBuilderAppendDelete" time="0,000" classname="cviceni.StringBuilderAndBufferTest"/>
  <testcase name="testBufferAppendDelete" time="0,001" classname="cviceni.StringBuilderAndBufferTest"/>
  <testcase name="testBuilderAppend" time="0,000" classname="cviceni.StringBuilderAndBufferTest"/>
  <testcase name="testBuilderAppend" time="0,000" classname="cviceni.StringBuilderAndBufferTest"/>
  <testcase name="testBuilderAppendDelete" time="0,001" classname="cviceni.StringBuilderAndBufferTest"/>
  <testcase name="testBufferAppend" time="0,000" classname="cviceni.StringBuilderAndBufferTest"/>
  <testcase name="testBufferAppendDelete" time="0,001" classname="cviceni.StringBuilderAndBufferTest"/>
  <testcase name="testBufferAppendDelete" time="0,000" classname="cviceni.StringBuilderAndBufferTest"/>
  <testcase name="testBufferAppend" time="0,001" classname="cviceni.StringBuilderAndBufferTest"/>
  <testcase name="testBufferAppendDelete" time="0,001" classname="cviceni.StringBuilderAndBufferTest"/>
  <testcase name="testBuilderAppendDelete" time="0,001" classname="cviceni.StringBuilderAndBufferTest"/>
  <testcase name="testBuilderAppendDelete" time="0,000" classname="cviceni.StringBuilderAndBufferTest"/>
  <testcase name="testBufferAppendDelete" time="0,000" classname="cviceni.StringBuilderAndBufferTest"/>
  <testcase name="testBuilderAppendDelete" time="0,001" classname="cviceni.StringBuilderAndBufferTest"/>
  <testcase name="testBufferAppend" time="0,000" classname="cviceni.StringBuilderAndBufferTest"/>
  <testcase name="testBuilderAppendDelete" time="0,000" classname="cviceni.StringBuilderAndBufferTest"/>
  <testcase name="testBufferAppend" time="0,000" classname="cviceni.StringBuilderAndBufferTest"/>
  <testcase name="testBuilderAppendDelete" time="0,001" classname="cviceni.StringBuilderAndBufferTest"/>
  <testcase name="testBufferAppendDelete" time="0,000" classname="cviceni.StringBuilderAndBufferTest"/>
  <testcase name="testBuilderAppend" time="0,000" classname="cviceni.StringBuilderAndBufferTest"/>
  <testcase name="testBuilderAppend" time="0,000" classname="cviceni.StringBuilderAndBufferTest"/>
  <testcase name="testBuilderAppend" time="0,000" classname="cviceni.StringBuilderAndBufferTest"/>
  <testcase name="testBuilderAppendDelete" time="0,000" classname="cviceni.StringBuilderAndBufferTest"/>
  <testcase name="testBufferAppend" time="0,001" classname="cviceni.StringBuilderAndBufferTest"/>
  <testcase name="testBufferAppendDelete" time="0,001" classname="cviceni.StringBuilderAndBufferTest"/>
  <testcase name="testBufferAppend" time="0,000" classname="cviceni.StringBuilderAndBufferTest"/>
  <testcase name="testBuilderAppend" time="0,000" classname="cviceni.StringBuilderAndBufferTest"/>
  <testcase name="testBuilderAppend" time="0,000" classname="cviceni.StringBuilderAndBufferTest"/>
  <testcase name="testBufferAppendDelete" time="0,001" classname="cviceni.StringBuilderAndBufferTest"/>
  <testcase name="testBufferAppendDelete" time="0,000" classname="cviceni.StringBuilderAndBufferTest"/>
  <testcase name="testBuilderAppendDelete" time="0,001" classname="cviceni.StringBuilderAndBufferTest"/>
  <testcase name="testBuilderAppend" time="0,000" classname="cviceni.StringBuilderAndBufferTest"/>
  <testcase name="testBufferAppend" time="0,000" classname="cviceni.StringBuilderAndBufferTest"/>
  <testcase name="testBufferAppendDelete" time="0,001" classname="cviceni.StringBuilderAndBufferTest"/>
  <testcase name="testBufferAppend" time="0,000" classname="cviceni.StringBuilderAndBufferTest"/>
  <testcase name="testBuilderAppendDelete" time="0,001" classname="cviceni.StringBuilderAndBufferTest"/>
  <testcase name="testBufferAppendDelete" time="0,000" classname="cviceni.StringBuilderAndBufferTest"/>
  <testcase name="testBuilderAppend" time="0,000" classname="cviceni.StringBuilderAndBufferTest"/>
  <testcase name="testBuilderAppend" time="0,001" classname="cviceni.StringBuilderAndBufferTest"/>
  <testcase name="testBufferAppendDelete" time="0,000" classname="cviceni.StringBuilderAndBufferTest"/>
  <testcase name="testBufferAppend" time="0,000" classname="cviceni.StringBuilderAndBufferTest"/>
  <testcase name="testBufferAppend" time="0,000" classname="cviceni.StringBuilderAndBufferTest"/>
  <testcase name="testBuilderAppendDelete" time="0,001" classname="cviceni.StringBuilderAndBufferTest"/>
  <testcase name="testBufferAppend" time="0,001" classname="cviceni.StringBuilderAndBufferTest"/>
  <testcase name="testBuilderAppendDelete" time="0,001" classname="cviceni.StringBuilderAndBufferTest"/>
  <testcase name="testBuilderAppendDelete" time="0,000" classname="cviceni.StringBuilderAndBufferTest"/>
  <testcase name="testBufferAppend" time="0,001" classname="cviceni.StringBuilderAndBufferTest"/>
  <testcase name="testBufferAppend" time="0,063" classname="cviceni.StringBuilderAndBufferTest"/>
  <testcase name="testBufferAppendDelete" time="0,000" classname="cviceni.StringBuilderAndBufferTest"/>
  <testcase name="testBufferAppendDelete" time="0,000" classname="cviceni.StringBuilderAndBufferTest"/>
  <testcase name="testBufferAppend" time="0,001" classname="cviceni.StringBuilderAndBufferTest"/>
  <testcase name="testBuilderAppendDelete" time="0,001" classname="cviceni.StringBuilderAndBufferTest"/>
  <testcase name="testBuilderAppendDelete" time="0,001" classname="cviceni.StringBuilderAndBufferTest"/>
  <testcase name="testBuilderAppend" time="0,000" classname="cviceni.StringBuilderAndBufferTest"/>
  <testcase name="testBuilderAppendDelete" time="0,001" classname="cviceni.StringBuilderAndBufferTest"/>
  <testcase name="testBufferAppendDelete" time="0,000" classname="cviceni.StringBuilderAndBufferTest"/>
  <testcase name="testBufferAppend" time="0,001" classname="cviceni.StringBuilderAndBufferTest"/>
  <testcase name="testBuilderAppendDelete" time="0,001" classname="cviceni.StringBuilderAndBufferTest"/>
  <testcase name="testBuilderAppend" time="0,000" classname="cviceni.StringBuilderAndBufferTest"/>
  <testcase name="testBuilderAppendDelete" time="0,000" classname="cviceni.StringBuilderAndBufferTest"/>
  <testcase name="testBuilderAppend" time="0,000" classname="cviceni.StringBuilderAndBufferTest"/>
  <testcase name="testBuilderAppendDelete" time="0,000" classname="cviceni.StringBuilderAndBufferTest"/>
  <testcase name="testBuilderAppend" time="0,000" classname="cviceni.StringBuilderAndBufferTest"/>
  <testcase name="testBufferAppend" time="0,001" classname="cviceni.StringBuilderAndBufferTest"/>
  <testcase name="testBufferAppend" time="0,000" classname="cviceni.StringBuilderAndBufferTest"/>
  <testcase name="testBuilderAppendDelete" time="0,000" classname="cviceni.StringBuilderAndBufferTest"/>
  <testcase name="testBufferAppend" time="0,000" classname="cviceni.StringBuilderAndBufferTest"/>
  <testcase name="testBufferAppendDelete" time="0,000" classname="cviceni.StringBuilderAndBufferTest"/>
  <testcase name="testBufferAppendDelete" time="0,000" classname="cviceni.StringBuilderAndBufferTest"/>
  <testcase name="testBuilderAppend" time="0,000" classname="cviceni.StringBuilderAndBufferTest"/>
  <testcase name="testBufferAppend" time="0,000" classname="cviceni.StringBuilderAndBufferTest"/>
  <testcase name="testBuilderAppendDelete" time="0,000" classname="cviceni.StringBuilderAndBufferTest"/>
  <testcase name="testBuilderAppendDelete" time="0,001" classname="cviceni.StringBuilderAndBufferTest"/>
  <testcase name="testBuilderAppend" time="0,000" classname="cviceni.StringBuilderAndBufferTest"/>
  <testcase name="testBufferAppendDelete" time="0,000" classname="cviceni.StringBuilderAndBufferTest"/>
  <testcase name="testBuilderAppend" time="0,001" classname="cviceni.StringBuilderAndBufferTest"/>
  <testcase name="testBuilderAppendDelete" time="0,001" classname="cviceni.StringBuilderAndBufferTest"/>
  <testcase name="testBuilderAppendDelete" time="0,000" classname="cviceni.StringBuilderAndBufferTest"/>
  <testcase name="testBufferAppendDelete" time="0,001" classname="cviceni.StringBuilderAndBufferTest"/>
  <testcase name="testBuilderAppendDelete" time="0,000" classname="cviceni.StringBuilderAndBufferTest"/>
  <testcase name="testBufferAppend" time="0,001" classname="cviceni.StringBuilderAndBufferTest"/>
  <testcase name="testBuilderAppendDelete" time="0,000" classname="cviceni.StringBuilderAndBufferTest"/>
  <testcase name="testBuilderAppend" time="0,000" classname="cviceni.StringBuilderAndBufferTest"/>
  <testcase name="testBuilderAppend" time="0,001" classname="cviceni.StringBuilderAndBufferTest"/>
  <testcase name="testBufferAppend" time="0,000" classname="cviceni.StringBuilderAndBufferTest"/>
  <testcase name="testBufferAppend" time="0,000" classname="cviceni.StringBuilderAndBufferTest"/>
  <testcase name="testBufferAppend" time="0,000" classname="cviceni.StringBuilderAndBufferTest"/>
  <testcase name="testBufferAppendDelete" time="0,000" classname="cviceni.StringBuilderAndBufferTest"/>
  <testcase name="testBuilderAppendDelete" time="0,000" classname="cviceni.StringBuilderAndBufferTest"/>
  <testcase name="testBufferAppendDelete" time="0,042" classname="cviceni.StringBuilderAndBufferTest"/>
  <testcase name="testBuilderAppend" time="0,000" classname="cviceni.StringBuilderAndBufferTest"/>
  <testcase name="testBufferAppend" time="0,001" classname="cviceni.StringBuilderAndBufferTest"/>
  <testcase name="testBuilderAppendDelete" time="0,000" classname="cviceni.StringBuilderAndBufferTest"/>
  <testcase name="testBuilderAppend" time="0,000" classname="cviceni.StringBuilderAndBufferTest"/>
  <testcase name="testBuilderAppend" time="0,000" classname="cviceni.StringBuilderAndBufferTest"/>
  <testcase name="testBuilderAppendDelete" time="0,000" classname="cviceni.StringBuilderAndBufferTest"/>
  <testcase name="testBufferAppendDelete" time="0,000" classname="cviceni.StringBuilderAndBufferTest"/>
  <testcase name="testBufferAppend" time="0,000" classname="cviceni.StringBuilderAndBufferTest"/>
  <testcase name="testBuilderAppendDelete" time="0,000" classname="cviceni.StringBuilderAndBufferTest"/>
  <testcase name="testBufferAppend" time="0,001" classname="cviceni.StringBuilderAndBufferTest"/>
  <testcase name="testBufferAppend" time="0,000" classname="cviceni.StringBuilderAndBufferTest"/>
  <testcase name="testBuilderAppend" time="0,054" classname="cviceni.StringBuilderAndBufferTest"/>
  <testcase name="testBufferAppendDelete" time="0,000" classname="cviceni.StringBuilderAndBufferTest"/>
  <testcase name="testBuilderAppend" time="0,000" classname="cviceni.StringBuilderAndBufferTest"/>
  <testcase name="testBufferAppendDelete" time="0,000" classname="cviceni.StringBuilderAndBufferTest"/>
  <testcase name="testBuilderAppendDelete" time="0,000" classname="cviceni.StringBuilderAndBufferTest"/>
  <testcase name="testBufferAppend" time="0,000" classname="cviceni.StringBuilderAndBufferTest"/>
  <testcase name="testBuilderAppendDelete" time="0,001" classname="cviceni.StringBuilderAndBufferTest"/>
  <testcase name="testBufferAppend" time="0,000" classname="cviceni.StringBuilderAndBufferTest"/>
  <testcase name="testBufferAppendDelete" time="0,001" classname="cviceni.StringBuilderAndBufferTest"/>
  <testcase name="testBuilderAppendDelete" time="0,000" classname="cviceni.StringBuilderAndBufferTest"/>
  <testcase name="testBufferAppend" time="0,000" classname="cviceni.StringBuilderAndBufferTest"/>
  <testcase name="testBufferAppend" time="0,000" classname="cviceni.StringBuilderAndBufferTest"/>
  <testcase name="testBuilderAppend" time="0,000" classname="cviceni.StringBuilderAndBufferTest"/>
  <testcase name="testBufferAppend" time="0,000" classname="cviceni.StringBuilderAndBufferTest"/>
  <testcase name="testBufferAppendDelete" time="0,000" classname="cviceni.StringBuilderAndBufferTest"/>
  <testcase name="testBuilderAppend" time="0,000" classname="cviceni.StringBuilderAndBufferTest"/>
  <testcase name="testBuilderAppendDelete" time="0,000" classname="cviceni.StringBuilderAndBufferTest"/>
  <testcase name="testBuilderAppendDelete" time="0,000" classname="cviceni.StringBuilderAndBufferTest"/>
  <testcase name="testBufferAppendDelete" time="0,000" classname="cviceni.StringBuilderAndBufferTest"/>
  <testcase name="testBuilderAppend" time="0,008" classname="cviceni.StringBuilderAndBufferTest"/>
  <testcase name="testBuilderAppendDelete" time="0,000" classname="cviceni.StringBuilderAndBufferTest"/>
  <testcase name="testBuilderAppend" time="0,000" classname="cviceni.StringBuilderAndBufferTest"/>
  <testcase name="testBufferAppend" time="0,001" classname="cviceni.StringBuilderAndBufferTest"/>
  <testcase name="testBufferAppendDelete" time="0,000" classname="cviceni.StringBuilderAndBufferTest"/>
  <testcase name="testBuilderAppendDelete" time="0,000" classname="cviceni.StringBuilderAndBufferTest"/>
  <testcase name="testBufferAppend" time="0,001" classname="cviceni.StringBuilderAndBufferTest"/>
  <testcase name="testBufferAppendDelete" time="0,000" classname="cviceni.StringBuilderAndBufferTest"/>
  <testcase name="testBuilderAppend" time="0,000" classname="cviceni.StringBuilderAndBufferTest"/>
  <testcase name="testBufferAppendDelete" time="0,001" classname="cviceni.StringBuilderAndBufferTest"/>
  <testcase name="testBufferAppend" time="0,005" classname="cviceni.StringBuilderAndBufferTest"/>
  <testcase name="testBuilderAppend" time="0,000" classname="cviceni.StringBuilderAndBufferTest"/>
  <testcase name="testBuilderAppendDelete" time="0,000" classname="cviceni.StringBuilderAndBufferTest"/>
  <testcase name="testBufferAppend" time="0,000" classname="cviceni.StringBuilderAndBufferTest"/>
  <testcase name="testBufferAppendDelete" time="0,000" classname="cviceni.StringBuilderAndBufferTest"/>
  <testcase name="testBufferAppend" time="0,001" classname="cviceni.StringBuilderAndBufferTest"/>
  <testcase name="testBuilderAppend" time="0,000" classname="cviceni.StringBuilderAndBufferTest"/>
  <testcase name="testBuilderAppendDelete" time="0,000" classname="cviceni.StringBuilderAndBufferTest"/>
  <testcase name="testBuilderAppend" time="0,000" classname="cviceni.StringBuilderAndBufferTest"/>
  <testcase name="testBuilderAppend" time="0,000" classname="cviceni.StringBuilderAndBufferTest"/>
  <testcase name="testBufferAppendDelete" time="0,000" classname="cviceni.StringBuilderAndBufferTest"/>
  <testcase name="testBufferAppend" time="0,000" classname="cviceni.StringBuilderAndBufferTest"/>
  <testcase name="testBuilderAppendDelete" time="0,000" classname="cviceni.StringBuilderAndBufferTest"/>
  <testcase name="testBufferAppend" time="0,000" classname="cviceni.StringBuilderAndBufferTest"/>
  <testcase name="testBuilderAppendDelete" time="0,001" classname="cviceni.StringBuilderAndBufferTest"/>
  <testcase name="testBuilderAppend" time="0,001" classname="cviceni.StringBuilderAndBufferTest"/>
  <testcase name="testBufferAppendDelete" time="0,001" classname="cviceni.StringBuilderAndBufferTest"/>
  <testcase name="testBufferAppend" time="0,000" classname="cviceni.StringBuilderAndBufferTest"/>
  <testcase name="testBuilderAppendDelete" time="0,001" classname="cviceni.StringBuilderAndBufferTest"/>
  <testcase name="testBufferAppend" time="0,000" classname="cviceni.StringBuilderAndBufferTest"/>
  <testcase name="testBufferAppendDelete" time="0,000" classname="cviceni.StringBuilderAndBufferTest"/>
  <testcase name="testBufferAppendDelete" time="0,000" classname="cviceni.StringBuilderAndBufferTest"/>
  <testcase name="testBufferAppendDelete" time="0,000" classname="cviceni.StringBuilderAndBufferTest"/>
  <testcase name="testBufferAppendDelete" time="0,000" classname="cviceni.StringBuilderAndBufferTest"/>
  <testcase name="testBuilderAppend" time="0,000" classname="cviceni.StringBuilderAndBufferTest"/>
  <testcase name="testBuilderAppend" time="0,000" classname="cviceni.StringBuilderAndBufferTest"/>
  <testcase name="testBuilderAppend" time="0,001" classname="cviceni.StringBuilderAndBufferTest"/>
  <testcase name="testBufferAppend" time="0,001" classname="cviceni.StringBuilderAndBufferTest"/>
  <testcase name="testBufferAppend" time="0,000" classname="cviceni.StringBuilderAndBufferTest"/>
  <testcase name="testBuilderAppendDelete" time="0,000" classname="cviceni.StringBuilderAndBufferTest"/>
  <testcase name="testBuilderAppendDelete" time="0,001" classname="cviceni.StringBuilderAndBufferTest"/>
  <testcase name="testBuilderAppend" time="0,001" classname="cviceni.StringBuilderAndBufferTest"/>
  <testcase name="testBuilderAppendDelete" time="0,000" classname="cviceni.StringBuilderAndBufferTest"/>
  <testcase name="testBufferAppend" time="0,001" classname="cviceni.StringBuilderAndBufferTest"/>
  <testcase name="testBuilderAppend" time="0,000" classname="cviceni.StringBuilderAndBufferTest"/>
  <testcase name="testBuilderAppend" time="0,000" classname="cviceni.StringBuilderAndBufferTest"/>
  <testcase name="testBufferAppend" time="0,001" classname="cviceni.StringBuilderAndBufferTest"/>
  <testcase name="testBufferAppend" time="0,000" classname="cviceni.StringBuilderAndBufferTest"/>
  <testcase name="testBufferAppend" time="0,001" classname="cviceni.StringBuilderAndBufferTest"/>
  <testcase name="testBufferAppendDelete" time="0,000" classname="cviceni.StringBuilderAndBufferTest"/>
  <testcase name="testBufferAppendDelete" time="0,000" classname="cviceni.StringBuilderAndBufferTest"/>
  <testcase name="testBuilderAppend" time="0,000" classname="cviceni.StringBuilderAndBufferTest"/>
  <testcase name="testBufferAppendDelete" time="0,000" classname="cviceni.StringBuilderAndBufferTest"/>
  <testcase name="testBuilderAppendDelete" time="0,000" classname="cviceni.StringBuilderAndBufferTest"/>
  <testcase name="testBuilderAppend" time="0,000" classname="cviceni.StringBuilderAndBufferTest"/>
  <testcase name="testBuilderAppend" time="0,000" classname="cviceni.StringBuilderAndBufferTest"/>
  <testcase name="testBufferAppend" time="0,000" classname="cviceni.StringBuilderAndBufferTest"/>
  <testcase name="testBuilderAppend" time="0,000" classname="cviceni.StringBuilderAndBufferTest"/>
  <testcase name="testBuilderAppend" time="0,000" classname="cviceni.StringBuilderAndBufferTest"/>
  <testcase name="testBuilderAppendDelete" time="0,000" classname="cviceni.StringBuilderAndBufferTest"/>
  <testcase name="testBuilderAppendDelete" time="0,000" classname="cviceni.StringBuilderAndBufferTest"/>
  <testcase name="testBufferAppendDelete" time="0,001" classname="cviceni.StringBuilderAndBufferTest"/>
  <testcase name="testBufferAppend" time="0,000" classname="cviceni.StringBuilderAndBufferTest"/>
  <testcase name="testBuilderAppend" time="0,000" classname="cviceni.StringBuilderAndBufferTest"/>
  <testcase name="testBuilderAppendDelete" time="0,000" classname="cviceni.StringBuilderAndBufferTest"/>
  <testcase name="testBuilderAppendDelete" time="0,000" classname="cviceni.StringBuilderAndBufferTest"/>
  <testcase name="testBuilderAppend" time="0,000" classname="cviceni.StringBuilderAndBufferTest"/>
  <testcase name="testBuilderAppend" time="0,000" classname="cviceni.StringBuilderAndBufferTest"/>
  <testcase name="testBufferAppendDelete" time="0,000" classname="cviceni.StringBuilderAndBufferTest"/>
  <testcase name="testBufferAppend" time="0,000" classname="cviceni.StringBuilderAndBufferTest"/>
  <testcase name="testBufferAppend" time="0,001" classname="cviceni.StringBuilderAndBufferTest"/>
  <testcase name="testBufferAppendDelete" time="0,000" classname="cviceni.StringBuilderAndBufferTest"/>
  <testcase name="testBufferAppend" time="0,000" classname="cviceni.StringBuilderAndBufferTest"/>
  <testcase name="testBuilderAppendDelete" time="0,000" classname="cviceni.StringBuilderAndBufferTest"/>
  <testcase name="testBufferAppend" time="0,000" classname="cviceni.StringBuilderAndBufferTest"/>
  <testcase name="testBufferAppendDelete" time="0,000" classname="cviceni.StringBuilderAndBufferTest"/>
  <testcase name="testBuilderAppend" time="0,000" classname="cviceni.StringBuilderAndBufferTest"/>
  <testcase name="testBuilderAppend" time="0,000" classname="cviceni.StringBuilderAndBufferTest"/>
  <testcase name="testBuilderAppend" time="0,000" classname="cviceni.StringBuilderAndBufferTest"/>
  <testcase name="testBuilderAppend" time="0,000" classname="cviceni.StringBuilderAndBufferTest"/>
  <testcase name="testBufferAppendDelete" time="0,001" classname="cviceni.StringBuilderAndBufferTest"/>
  <testcase name="testBuilderAppendDelete" time="0,001" classname="cviceni.StringBuilderAndBufferTest"/>
  <testcase name="testBuilderAppendDelete" time="0,000" classname="cviceni.StringBuilderAndBufferTest"/>
  <testcase name="testBufferAppend" time="0,000" classname="cviceni.StringBuilderAndBufferTest"/>
  <testcase name="testBuilderAppend" time="0,000" classname="cviceni.StringBuilderAndBufferTest"/>
  <testcase name="testBuilderAppendDelete" time="0,000" classname="cviceni.StringBuilderAndBufferTest"/>
  <testcase name="testBuilderAppend" time="0,000" classname="cviceni.StringBuilderAndBufferTest"/>
  <testcase name="testBuilderAppendDelete" time="0,000" classname="cviceni.StringBuilderAndBufferTest"/>
  <testcase name="testBufferAppend" time="0,001" classname="cviceni.StringBuilderAndBufferTest"/>
  <testcase name="testBufferAppendDelete" time="0,001" classname="cviceni.StringBuilderAndBufferTest"/>
  <testcase name="testBuilderAppend" time="0,001" classname="cviceni.StringBuilderAndBufferTest"/>
  <testcase name="testBufferAppendDelete" time="0,001" classname="cviceni.StringBuilderAndBufferTest"/>
  <testcase name="testBufferAppend" time="0,000" classname="cviceni.StringBuilderAndBufferTest"/>
  <testcase name="testBufferAppendDelete" time="0,000" classname="cviceni.StringBuilderAndBufferTest"/>
  <testcase name="testBuilderAppendDelete" time="0,000" classname="cviceni.StringBuilderAndBufferTest"/>
  <testcase name="testBufferAppend" time="0,000" classname="cviceni.StringBuilderAndBufferTest"/>
  <testcase name="testBufferAppendDelete" time="0,001" classname="cviceni.StringBuilderAndBufferTest"/>
  <testcase name="testBufferAppendDelete" time="0,000" classname="cviceni.StringBuilderAndBufferTest"/>
  <testcase name="testBuilderAppend" time="0,000" classname="cviceni.StringBuilderAndBufferTest"/>
  <testcase name="testBufferAppendDelete" time="0,000" classname="cviceni.StringBuilderAndBufferTest"/>
  <testcase name="testBuilderAppend" time="0,000" classname="cviceni.StringBuilderAndBufferTest"/>
  <testcase name="testBufferAppendDelete" time="0,000" classname="cviceni.StringBuilderAndBufferTest"/>
  <testcase name="testBufferAppendDelete" time="0,000" classname="cviceni.StringBuilderAndBufferTest"/>
  <testcase name="testBuilderAppend" time="0,001" classname="cviceni.StringBuilderAndBufferTest"/>
  <testcase name="testBuilderAppend" time="0,000" classname="cviceni.StringBuilderAndBufferTest"/>
  <testcase name="testBufferAppendDelete" time="0,000" classname="cviceni.StringBuilderAndBufferTest"/>
  <testcase name="testBufferAppend" time="0,000" classname="cviceni.StringBuilderAndBufferTest"/>
  <testcase name="testBufferAppendDelete" time="0,001" classname="cviceni.StringBuilderAndBufferTest"/>
  <testcase name="testBuilderAppendDelete" time="0,001" classname="cviceni.StringBuilderAndBufferTest"/>
  <testcase name="testBufferAppend" time="0,000" classname="cviceni.StringBuilderAndBufferTest"/>
  <testcase name="testBuilderAppend" time="0,000" classname="cviceni.StringBuilderAndBufferTest"/>
  <testcase name="testBufferAppend" time="0,001" classname="cviceni.StringBuilderAndBufferTest"/>
  <testcase name="testBuilderAppend" time="0,000" classname="cviceni.StringBuilderAndBufferTest"/>
  <testcase name="testBufferAppendDelete" time="0,001" classname="cviceni.StringBuilderAndBufferTest"/>
  <testcase name="testBufferAppendDelete" time="0,000" classname="cviceni.StringBuilderAndBufferTest"/>
  <testcase name="testBuilderAppend" time="0,001" classname="cviceni.StringBuilderAndBufferTest"/>
  <testcase name="testBuilderAppendDelete" time="0,000" classname="cviceni.StringBuilderAndBufferTest"/>
  <testcase name="testBuilderAppend" time="0,001" classname="cviceni.StringBuilderAndBufferTest"/>
  <testcase name="testBuilderAppend" time="0,001" classname="cviceni.StringBuilderAndBufferTest"/>
  <testcase name="testBufferAppendDelete" time="0,001" classname="cviceni.StringBuilderAndBufferTest"/>
  <testcase name="testBuilderAppend" time="0,001" classname="cviceni.StringBuilderAndBufferTest"/>
  <testcase name="testBuilderAppendDelete" time="0,002" classname="cviceni.StringBuilderAndBufferTest"/>
  <testcase name="testBuilderAppend" time="0,000" classname="cviceni.StringBuilderAndBufferTest"/>
  <testcase name="testBuilderAppend" time="0,000" classname="cviceni.StringBuilderAndBufferTest"/>
  <testcase name="testBuilderAppend" time="0,000" classname="cviceni.StringBuilderAndBufferTest"/>
  <testcase name="testBufferAppendDelete" time="0,001" classname="cviceni.StringBuilderAndBufferTest"/>
  <testcase name="testBuilderAppendDelete" time="0,001" classname="cviceni.StringBuilderAndBufferTest"/>
  <testcase name="testBuilderAppend" time="0,000" classname="cviceni.StringBuilderAndBufferTest"/>
  <testcase name="testBufferAppend" time="0,000" classname="cviceni.StringBuilderAndBufferTest"/>
  <testcase name="testBuilderAppend" time="0,000" classname="cviceni.StringBuilderAndBufferTest"/>
  <testcase name="testBufferAppend" time="0,000" classname="cviceni.StringBuilderAndBufferTest"/>
  <testcase name="testBufferAppendDelete" time="0,000" classname="cviceni.StringBuilderAndBufferTest"/>
  <testcase name="testBufferAppend" time="0,000" classname="cviceni.StringBuilderAndBufferTest"/>
  <testcase name="testBufferAppend" time="0,001" classname="cviceni.StringBuilderAndBufferTest"/>
  <testcase name="testBufferAppend" time="0,000" classname="cviceni.StringBuilderAndBufferTest"/>
  <testcase name="testBufferAppend" time="0,000" classname="cviceni.StringBuilderAndBufferTest"/>
  <testcase name="testBuilderAppendDelete" time="0,000" classname="cviceni.StringBuilderAndBufferTest"/>
  <testcase name="testBufferAppendDelete" time="0,001" classname="cviceni.StringBuilderAndBufferTest"/>
  <testcase name="testBuilderAppendDelete" time="0,000" classname="cviceni.StringBuilderAndBufferTest"/>
  <testcase name="testBuilderAppendDelete" time="0,000" classname="cviceni.StringBuilderAndBufferTest"/>
  <testcase name="testBuilderAppend" time="0,000" classname="cviceni.StringBuilderAndBufferTest"/>
  <testcase name="testBuilderAppend" time="0,000" classname="cviceni.StringBuilderAndBufferTest"/>
  <testcase name="testBufferAppend" time="0,000" classname="cviceni.StringBuilderAndBufferTest"/>
  <testcase name="testBuilderAppend" time="0,001" classname="cviceni.StringBuilderAndBufferTest"/>
  <testcase name="testBuilderAppendDelete" time="0,000" classname="cviceni.StringBuilderAndBufferTest"/>
  <testcase name="testBuilderAppendDelete" time="0,000" classname="cviceni.StringBuilderAndBufferTest"/>
  <testcase name="testBufferAppend" time="0,000" classname="cviceni.StringBuilderAndBufferTest"/>
  <testcase name="testBufferAppendDelete" time="0,001" classname="cviceni.StringBuilderAndBufferTest"/>
  <testcase name="testBufferAppend" time="0,000" classname="cviceni.StringBuilderAndBufferTest"/>
  <testcase name="testBufferAppend" time="0,000" classname="cviceni.StringBuilderAndBufferTest"/>
  <testcase name="testBufferAppend" time="0,000" classname="cviceni.StringBuilderAndBufferTest"/>
  <testcase name="testBufferAppendDelete" time="0,000" classname="cviceni.StringBuilderAndBufferTest"/>
  <testcase name="testBufferAppendDelete" time="0,000" classname="cviceni.StringBuilderAndBufferTest"/>
  <testcase name="testBuilderAppend" time="0,000" classname="cviceni.StringBuilderAndBufferTest"/>
  <testcase name="testBufferAppend" time="0,000" classname="cviceni.StringBuilderAndBufferTest"/>
  <testcase name="testBufferAppend" time="0,001" classname="cviceni.StringBuilderAndBufferTest"/>
  <testcase name="testBufferAppend" time="0,001" classname="cviceni.StringBuilderAndBufferTest"/>
  <testcase name="testBuilderAppend" time="0,000" classname="cviceni.StringBuilderAndBufferTest"/>
  <testcase name="testBuilderAppendDelete" time="0,006" classname="cviceni.StringBuilderAndBufferTest"/>
  <testcase name="testBuilderAppendDelete" time="0,000" classname="cviceni.StringBuilderAndBufferTest"/>
  <testcase name="testBuilderAppendDelete" time="0,000" classname="cviceni.StringBuilderAndBufferTest"/>
  <testcase name="testBufferAppendDelete" time="0,000" classname="cviceni.StringBuilderAndBufferTest"/>
  <testcase name="testBufferAppend" time="0,000" classname="cviceni.StringBuilderAndBufferTest"/>
  <testcase name="testBufferAppendDelete" time="0,000" classname="cviceni.StringBuilderAndBufferTest"/>
  <testcase name="testBufferAppendDelete" time="0,000" classname="cviceni.StringBuilderAndBufferTest"/>
  <testcase name="testBufferAppend" time="0,000" classname="cviceni.StringBuilderAndBufferTest"/>
  <testcase name="testBuilderAppend" time="0,000" classname="cviceni.StringBuilderAndBufferTest"/>
  <testcase name="testBuilderAppendDelete" time="0,001" classname="cviceni.StringBuilderAndBufferTest"/>
  <testcase name="testBufferAppendDelete" time="0,000" classname="cviceni.StringBuilderAndBufferTest"/>
  <testcase name="testBuilderAppend" time="0,000" classname="cviceni.StringBuilderAndBufferTest"/>
  <testcase name="testBufferAppendDelete" time="0,000" classname="cviceni.StringBuilderAndBufferTest"/>
  <testcase name="testBufferAppendDelete" time="0,000" classname="cviceni.StringBuilderAndBufferTest"/>
  <testcase name="testBufferAppendDelete" time="0,000" classname="cviceni.StringBuilderAndBufferTest"/>
  <testcase name="testBufferAppend" time="0,001" classname="cviceni.StringBuilderAndBufferTest"/>
  <testcase name="testBuilderAppendDelete" time="0,000" classname="cviceni.StringBuilderAndBufferTest"/>
  <testcase name="testBufferAppendDelete" time="0,001" classname="cviceni.StringBuilderAndBufferTest"/>
  <testcase name="testBufferAppendDelete" time="0,001" classname="cviceni.StringBuilderAndBufferTest"/>
  <testcase name="testBufferAppendDelete" time="0,000" classname="cviceni.StringBuilderAndBufferTest"/>
  <testcase name="testBufferAppend" time="0,001" classname="cviceni.StringBuilderAndBufferTest"/>
  <testcase name="testBufferAppend" time="0,000" classname="cviceni.StringBuilderAndBufferTest"/>
  <testcase name="testBufferAppendDelete" time="0,000" classname="cviceni.StringBuilderAndBufferTest"/>
  <testcase name="testBufferAppend" time="0,000" classname="cviceni.StringBuilderAndBufferTest"/>
  <testcase name="testBufferAppend" time="0,000" classname="cviceni.StringBuilderAndBufferTest"/>
  <testcase name="testBuilderAppendDelete" time="0,000" classname="cviceni.StringBuilderAndBufferTest"/>
  <testcase name="testBuilderAppend" time="0,000" classname="cviceni.StringBuilderAndBufferTest"/>
  <testcase name="testBuilderAppendDelete" time="0,000" classname="cviceni.StringBuilderAndBufferTest"/>
  <testcase name="testBufferAppend" time="0,000" classname="cviceni.StringBuilderAndBufferTest"/>
  <testcase name="testBufferAppend" time="0,000" classname="cviceni.StringBuilderAndBufferTest"/>
  <testcase name="testBuilderAppend" time="0,001" classname="cviceni.StringBuilderAndBufferTest"/>
  <testcase name="testBuilderAppendDelete" time="0,000" classname="cviceni.StringBuilderAndBufferTest"/>
  <testcase name="testBuilderAppendDelete" time="0,001" classname="cviceni.StringBuilderAndBufferTest"/>
  <testcase name="testBuilderAppend" time="0,000" classname="cviceni.StringBuilderAndBufferTest"/>
  <testcase name="testBuilderAppendDelete" time="0,000" classname="cviceni.StringBuilderAndBufferTest"/>
  <testcase name="testBufferAppendDelete" time="0,001" classname="cviceni.StringBuilderAndBufferTest"/>
  <testcase name="testBufferAppend" time="0,000" classname="cviceni.StringBuilderAndBufferTest"/>
  <testcase name="testBuilderAppendDelete" time="0,001" classname="cviceni.StringBuilderAndBufferTest"/>
  <testcase name="testBuilderAppendDelete" time="0,000" classname="cviceni.StringBuilderAndBufferTest"/>
  <testcase name="testBufferAppendDelete" time="0,000" classname="cviceni.StringBuilderAndBufferTest"/>
  <testcase name="testBufferAppendDelete" time="0,001" classname="cviceni.StringBuilderAndBufferTest"/>
  <testcase name="testBufferAppend" time="0,000" classname="cviceni.StringBuilderAndBufferTest"/>
  <testcase name="testBuilderAppendDelete" time="0,000" classname="cviceni.StringBuilderAndBufferTest"/>
  <testcase name="testBuilderAppendDelete" time="0,000" classname="cviceni.StringBuilderAndBufferTest"/>
  <testcase name="testBuilderAppendDelete" time="0,000" classname="cviceni.StringBuilderAndBufferTest"/>
  <testcase name="testBufferAppendDelete" time="0,000" classname="cviceni.StringBuilderAndBufferTest"/>
  <testcase name="testBufferAppend" time="0,000" classname="cviceni.StringBuilderAndBufferTest"/>
  <testcase name="testBufferAppend" time="0,000" classname="cviceni.StringBuilderAndBufferTest"/>
  <testcase name="testBufferAppend" time="0,000" classname="cviceni.StringBuilderAndBufferTest"/>
  <testcase name="testBuilderAppend" time="0,000" classname="cviceni.StringBuilderAndBufferTest"/>
  <testcase name="testBuilderAppend" time="0,000" classname="cviceni.StringBuilderAndBufferTest"/>
  <testcase name="testBuilderAppendDelete" time="0,006" classname="cviceni.StringBuilderAndBufferTest"/>
  <testcase name="testBufferAppend" time="0,000" classname="cviceni.StringBuilderAndBufferTest"/>
  <testcase name="testBuilderAppendDelete" time="0,000" classname="cviceni.StringBuilderAndBufferTest"/>
  <testcase name="testBufferAppendDelete" time="0,001" classname="cviceni.StringBuilderAndBufferTest"/>
  <testcase name="testBuilderAppendDelete" time="0,000" classname="cviceni.StringBuilderAndBufferTest"/>
  <testcase name="testBuilderAppend" time="0,000" classname="cviceni.StringBuilderAndBufferTest"/>
  <testcase name="testBuilderAppend" time="0,001" classname="cviceni.StringBuilderAndBufferTest"/>
  <testcase name="testBufferAppendDelete" time="0,000" classname="cviceni.StringBuilderAndBufferTest"/>
  <testcase name="testBuilderAppend" time="0,001" classname="cviceni.StringBuilderAndBufferTest"/>
  <testcase name="testBufferAppendDelete" time="0,000" classname="cviceni.StringBuilderAndBufferTest"/>
  <testcase name="testBuilderAppendDelete" time="0,001" classname="cviceni.StringBuilderAndBufferTest"/>
  <testcase name="testBufferAppend" time="0,000" classname="cviceni.StringBuilderAndBufferTest"/>
  <testcase name="testBuilderAppendDelete" time="0,000" classname="cviceni.StringBuilderAndBufferTest"/>
  <testcase name="testBuilderAppend" time="0,001" classname="cviceni.StringBuilderAndBufferTest"/>
  <testcase name="testBufferAppend" time="0,000" classname="cviceni.StringBuilderAndBufferTest"/>
  <testcase name="testBufferAppendDelete" time="0,000" classname="cviceni.StringBuilderAndBufferTest"/>
  <testcase name="testBufferAppendDelete" time="0,000" classname="cviceni.StringBuilderAndBufferTest"/>
  <testcase name="testBuilderAppend" time="0,001" classname="cviceni.StringBuilderAndBufferTest"/>
  <testcase name="testBuilderAppendDelete" time="0,000" classname="cviceni.StringBuilderAndBufferTest"/>
  <testcase name="testBuilderAppendDelete" time="0,001" classname="cviceni.StringBuilderAndBufferTest"/>
  <testcase name="testBufferAppendDelete" time="0,001" classname="cviceni.StringBuilderAndBufferTest"/>
  <testcase name="testBuilderAppend" time="0,001" classname="cviceni.StringBuilderAndBufferTest"/>
  <testcase name="testBufferAppendDelete" time="0,000" classname="cviceni.StringBuilderAndBufferTest"/>
  <testcase name="testBufferAppendDelete" time="0,006" classname="cviceni.StringBuilderAndBufferTest"/>
  <testcase name="testBufferAppendDelete" time="0,000" classname="cviceni.StringBuilderAndBufferTest"/>
  <testcase name="testBufferAppendDelete" time="0,001" classname="cviceni.StringBuilderAndBufferTest"/>
  <testcase name="testBufferAppend" time="0,000" classname="cviceni.StringBuilderAndBufferTest"/>
  <testcase name="testBuilderAppendDelete" time="0,000" classname="cviceni.StringBuilderAndBufferTest"/>
  <testcase name="testBuilderAppend" time="0,000" classname="cviceni.StringBuilderAndBufferTest"/>
  <testcase name="testBufferAppendDelete" time="0,000" classname="cviceni.StringBuilderAndBufferTest"/>
  <testcase name="testBufferAppendDelete" time="0,000" classname="cviceni.StringBuilderAndBufferTest"/>
  <testcase name="testBufferAppend" time="0,000" classname="cviceni.StringBuilderAndBufferTest"/>
  <testcase name="testBuilderAppendDelete" time="0,000" classname="cviceni.StringBuilderAndBufferTest"/>
  <testcase name="testBuilderAppend" time="0,000" classname="cviceni.StringBuilderAndBufferTest"/>
  <testcase name="testBuilderAppendDelete" time="0,000" classname="cviceni.StringBuilderAndBufferTest"/>
  <testcase name="testBuilderAppend" time="0,001" classname="cviceni.StringBuilderAndBufferTest"/>
  <testcase name="testBufferAppend" time="0,000" classname="cviceni.StringBuilderAndBufferTest"/>
  <testcase name="testBuilderAppendDelete" time="0,001" classname="cviceni.StringBuilderAndBufferTest"/>
  <testcase name="testBufferAppendDelete" time="0,000" classname="cviceni.StringBuilderAndBufferTest"/>
  <testcase name="testBufferAppendDelete" time="0,000" classname="cviceni.StringBuilderAndBufferTest"/>
  <testcase name="testBufferAppend" time="0,000" classname="cviceni.StringBuilderAndBufferTest"/>
  <testcase name="testBufferAppend" time="0,000" classname="cviceni.StringBuilderAndBufferTest"/>
  <testcase name="testBufferAppend" time="0,000" classname="cviceni.StringBuilderAndBufferTest"/>
  <testcase name="testBuilderAppend" time="0,000" classname="cviceni.StringBuilderAndBufferTest"/>
  <testcase name="testBuilderAppendDelete" time="0,000" classname="cviceni.StringBuilderAndBufferTest"/>
  <testcase name="testBuilderAppendDelete" time="0,000" classname="cviceni.StringBuilderAndBufferTest"/>
  <testcase name="testBuilderAppendDelete" time="0,000" classname="cviceni.StringBuilderAndBufferTest"/>
  <testcase name="testBuilderAppend" time="0,000" classname="cviceni.StringBuilderAndBufferTest"/>
  <testcase name="testBuilderAppend" time="0,000" classname="cviceni.StringBuilderAndBufferTest"/>
  <testcase name="testBufferAppendDelete" time="0,000" classname="cviceni.StringBuilderAndBufferTest"/>
  <testcase name="testBufferAppend" time="0,001" classname="cviceni.StringBuilderAndBufferTest"/>
  <testcase name="testBuilderAppend" time="0,000" classname="cviceni.StringBuilderAndBufferTest"/>
  <testcase name="testBufferAppendDelete" time="0,000" classname="cviceni.StringBuilderAndBufferTest"/>
  <testcase name="testBuilderAppend" time="0,000" classname="cviceni.StringBuilderAndBufferTest"/>
  <testcase name="testBuilderAppendDelete" time="0,000" classname="cviceni.StringBuilderAndBufferTest"/>
  <testcase name="testBuilderAppend" time="0,000" classname="cviceni.StringBuilderAndBufferTest"/>
  <testcase name="testBuilderAppendDelete" time="0,000" classname="cviceni.StringBuilderAndBufferTest"/>
  <testcase name="testBufferAppend" time="0,000" classname="cviceni.StringBuilderAndBufferTest"/>
  <testcase name="testBufferAppendDelete" time="0,000" classname="cviceni.StringBuilderAndBufferTest"/>
  <testcase name="testBuilderAppend" time="0,000" classname="cviceni.StringBuilderAndBufferTest"/>
  <testcase name="testBufferAppendDelete" time="0,000" classname="cviceni.StringBuilderAndBufferTest"/>
  <testcase name="testBufferAppend" time="0,001" classname="cviceni.StringBuilderAndBufferTest"/>
  <testcase name="testBufferAppendDelete" time="0,000" classname="cviceni.StringBuilderAndBufferTest"/>
  <testcase name="testBuilderAppend" time="0,000" classname="cviceni.StringBuilderAndBufferTest"/>
  <testcase name="testBufferAppend" time="0,001" classname="cviceni.StringBuilderAndBufferTest"/>
  <testcase name="testBuilderAppendDelete" time="0,000" classname="cviceni.StringBuilderAndBufferTest"/>
  <testcase name="testBuilderAppendDelete" time="0,011" classname="cviceni.StringBuilderAndBufferTest"/>
  <testcase name="testBufferAppendDelete" time="0,000" classname="cviceni.StringBuilderAndBufferTest"/>
  <testcase name="testBuilderAppend" time="0,001" classname="cviceni.StringBuilderAndBufferTest"/>
  <testcase name="testBufferAppend" time="0,000" classname="cviceni.StringBuilderAndBufferTest"/>
  <testcase name="testBuilderAppend" time="0,000" classname="cviceni.StringBuilderAndBufferTest"/>
  <testcase name="testBufferAppend" time="0,000" classname="cviceni.StringBuilderAndBufferTest"/>
  <testcase name="testBufferAppendDelete" time="0,000" classname="cviceni.StringBuilderAndBufferTest"/>
  <testcase name="testBufferAppend" time="0,001" classname="cviceni.StringBuilderAndBufferTest"/>
  <testcase name="testBufferAppendDelete" time="0,000" classname="cviceni.StringBuilderAndBufferTest"/>
  <testcase name="testBuilderAppend" time="0,000" classname="cviceni.StringBuilderAndBufferTest"/>
  <testcase name="testBuilderAppendDelete" time="0,000" classname="cviceni.StringBuilderAndBufferTest"/>
  <testcase name="testBuilderAppend" time="0,001" classname="cviceni.StringBuilderAndBufferTest"/>
  <testcase name="testBuilderAppendDelete" time="0,001" classname="cviceni.StringBuilderAndBufferTest"/>
  <testcase name="testBufferAppend" time="0,000" classname="cviceni.StringBuilderAndBufferTest"/>
  <testcase name="testBuilderAppendDelete" time="0,001" classname="cviceni.StringBuilderAndBufferTest"/>
  <testcase name="testBufferAppend" time="0,001" classname="cviceni.StringBuilderAndBufferTest"/>
  <testcase name="testBufferAppendDelete" time="0,000" classname="cviceni.StringBuilderAndBufferTest"/>
  <testcase name="testBuilderAppendDelete" time="0,000" classname="cviceni.StringBuilderAndBufferTest"/>
  <testcase name="testBuilderAppendDelete" time="0,000" classname="cviceni.StringBuilderAndBufferTest"/>
  <testcase name="testBuilderAppend" time="0,000" classname="cviceni.StringBuilderAndBufferTest"/>
  <testcase name="testBuilderAppendDelete" time="0,000" classname="cviceni.StringBuilderAndBufferTest"/>
  <testcase name="testBufferAppendDelete" time="0,000" classname="cviceni.StringBuilderAndBufferTest"/>
  <testcase name="testBufferAppend" time="0,001" classname="cviceni.StringBuilderAndBufferTest"/>
  <testcase name="testBuilderAppendDelete" time="0,000" classname="cviceni.StringBuilderAndBufferTest"/>
  <testcase name="testBufferAppendDelete" time="0,000" classname="cviceni.StringBuilderAndBufferTest"/>
  <testcase name="testBufferAppendDelete" time="0,000" classname="cviceni.StringBuilderAndBufferTest"/>
  <testcase name="testBuilderAppend" time="0,000" classname="cviceni.StringBuilderAndBufferTest"/>
  <testcase name="testBuilderAppend" time="0,000" classname="cviceni.StringBuilderAndBufferTest"/>
  <testcase name="testBuilderAppendDelete" time="0,000" classname="cviceni.StringBuilderAndBufferTest"/>
  <testcase name="testBufferAppendDelete" time="0,000" classname="cviceni.StringBuilderAndBufferTest"/>
  <testcase name="testBuilderAppend" time="0,026" classname="cviceni.StringBuilderAndBufferTest"/>
  <testcase name="testBufferAppendDelete" time="0,000" classname="cviceni.StringBuilderAndBufferTest"/>
  <testcase name="testBufferAppend" time="0,000" classname="cviceni.StringBuilderAndBufferTest"/>
  <testcase name="testBufferAppendDelete" time="0,000" classname="cviceni.StringBuilderAndBufferTest"/>
  <testcase name="testBufferAppendDelete" time="0,000" classname="cviceni.StringBuilderAndBufferTest"/>
  <testcase name="testBuilderAppend" time="0,000" classname="cviceni.StringBuilderAndBufferTest"/>
  <testcase name="testBufferAppendDelete" time="0,000" classname="cviceni.StringBuilderAndBufferTest"/>
  <testcase name="testBuilderAppend" time="0,000" classname="cviceni.StringBuilderAndBufferTest"/>
  <testcase name="testBufferAppendDelete" time="0,000" classname="cviceni.StringBuilderAndBufferTest"/>
  <testcase name="testBuilderAppend" time="0,001" classname="cviceni.StringBuilderAndBufferTest"/>
  <testcase name="testBufferAppendDelete" time="0,000" classname="cviceni.StringBuilderAndBufferTest"/>
  <testcase name="testBufferAppend" time="0,001" classname="cviceni.StringBuilderAndBufferTest"/>
  <testcase name="testBufferAppendDelete" time="0,000" classname="cviceni.StringBuilderAndBufferTest"/>
  <testcase name="testBufferAppend" time="0,000" classname="cviceni.StringBuilderAndBufferTest"/>
  <testcase name="testBuilderAppend" time="0,000" classname="cviceni.StringBuilderAndBufferTest"/>
  <testcase name="testBuilderAppend" time="0,013" classname="cviceni.StringBuilderAndBufferTest"/>
  <testcase name="testBuilderAppendDelete" time="0,001" classname="cviceni.StringBuilderAndBufferTest"/>
  <testcase name="testBufferAppendDelete" time="0,000" classname="cviceni.StringBuilderAndBufferTest"/>
  <testcase name="testBuilderAppendDelete" time="0,000" classname="cviceni.StringBuilderAndBufferTest"/>
  <testcase name="testBufferAppend" time="0,000" classname="cviceni.StringBuilderAndBufferTest"/>
  <testcase name="testBuilderAppendDelete" time="0,000" classname="cviceni.StringBuilderAndBufferTest"/>
  <testcase name="testBuilderAppendDelete" time="0,000" classname="cviceni.StringBuilderAndBufferTest"/>
  <testcase name="testBufferAppend" time="0,001" classname="cviceni.StringBuilderAndBufferTest"/>
  <testcase name="testBufferAppendDelete" time="0,000" classname="cviceni.StringBuilderAndBufferTest"/>
  <testcase name="testBuilderAppendDelete" time="0,000" classname="cviceni.StringBuilderAndBufferTest"/>
  <testcase name="testBufferAppendDelete" time="0,000" classname="cviceni.StringBuilderAndBufferTest"/>
  <testcase name="testBuilderAppendDelete" time="0,000" classname="cviceni.StringBuilderAndBufferTest"/>
  <testcase name="testBufferAppendDelete" time="0,000" classname="cviceni.StringBuilderAndBufferTest"/>
  <testcase name="testBufferAppendDelete" time="0,000" classname="cviceni.StringBuilderAndBufferTest"/>
  <testcase name="testBuilderAppend" time="0,001" classname="cviceni.StringBuilderAndBufferTest"/>
  <testcase name="testBufferAppend" time="0,133" classname="cviceni.StringBuilderAndBufferTest"/>
  <testcase name="testBuilderAppend" time="0,000" classname="cviceni.StringBuilderAndBufferTest"/>
  <testcase name="testBuilderAppend" time="0,000" classname="cviceni.StringBuilderAndBufferTest"/>
  <testcase name="testBufferAppend" time="0,000" classname="cviceni.StringBuilderAndBufferTest"/>
  <testcase name="testBufferAppend" time="0,000" classname="cviceni.StringBuilderAndBufferTest"/>
  <testcase name="testBuilderAppend" time="0,000" classname="cviceni.StringBuilderAndBufferTest"/>
  <testcase name="testBufferAppendDelete" time="0,001" classname="cviceni.StringBuilderAndBufferTest"/>
  <testcase name="testBuilderAppend" time="0,000" classname="cviceni.StringBuilderAndBufferTest"/>
  <testcase name="testBufferAppend" time="0,000" classname="cviceni.StringBuilderAndBufferTest"/>
  <testcase name="testBufferAppend" time="0,000" classname="cviceni.StringBuilderAndBufferTest"/>
  <testcase name="testBufferAppend" time="0,000" classname="cviceni.StringBuilderAndBufferTest"/>
  <testcase name="testBufferAppendDelete" time="0,398" classname="cviceni.StringBuilderAndBufferTest"/>
  <testcase name="testBuilderAppendDelete" time="0,000" classname="cviceni.StringBuilderAndBufferTest"/>
  <testcase name="testBufferAppend" time="0,001" classname="cviceni.StringBuilderAndBufferTest"/>
  <testcase name="testBuilderAppend" time="0,001" classname="cviceni.StringBuilderAndBufferTest"/>
  <testcase name="testBufferAppendDelete" time="0,000" classname="cviceni.StringBuilderAndBufferTest"/>
  <testcase name="testBufferAppend" time="0,000" classname="cviceni.StringBuilderAndBufferTest"/>
  <testcase name="testBuilderAppendDelete" time="0,000" classname="cviceni.StringBuilderAndBufferTest"/>
  <testcase name="testBufferAppend" time="0,001" classname="cviceni.StringBuilderAndBufferTest"/>
  <testcase name="testBuilderAppendDelete" time="0,000" classname="cviceni.StringBuilderAndBufferTest"/>
  <testcase name="testBufferAppend" time="0,000" classname="cviceni.StringBuilderAndBufferTest"/>
  <testcase name="testBuilderAppend" time="0,000" classname="cviceni.StringBuilderAndBufferTest"/>
  <testcase name="testBufferAppend" time="0,000" classname="cviceni.StringBuilderAndBufferTest"/>
  <testcase name="testBuilderAppend" time="0,000" classname="cviceni.StringBuilderAndBufferTest"/>
  <testcase name="testBuilderAppendDelete" time="0,000" classname="cviceni.StringBuilderAndBufferTest"/>
  <testcase name="testBuilderAppend" time="0,000" classname="cviceni.StringBuilderAndBufferTest"/>
  <testcase name="testBuilderAppend" time="0,000" classname="cviceni.StringBuilderAndBufferTest"/>
  <testcase name="testBuilderAppend" time="0,000" classname="cviceni.StringBuilderAndBufferTest"/>
  <testcase name="testBufferAppend" time="0,001" classname="cviceni.StringBuilderAndBufferTest"/>
  <testcase name="testBufferAppend" time="0,144" classname="cviceni.StringBuilderAndBufferTest"/>
  <testcase name="testBuilderAppendDelete" time="0,001" classname="cviceni.StringBuilderAndBufferTest"/>
  <testcase name="testBufferAppendDelete" time="0,000" classname="cviceni.StringBuilderAndBufferTest"/>
  <testcase name="testBuilderAppendDelete" time="0,000" classname="cviceni.StringBuilderAndBufferTest"/>
  <testcase name="testBufferAppendDelete" time="0,001" classname="cviceni.StringBuilderAndBufferTest"/>
  <testcase name="testBufferAppendDelete" time="0,001" classname="cviceni.StringBuilderAndBufferTest"/>
  <testcase name="testBuilderAppend" time="0,001" classname="cviceni.StringBuilderAndBufferTest"/>
  <testcase name="testBuilderAppend" time="0,001" classname="cviceni.StringBuilderAndBufferTest"/>
  <testcase name="testBuilderAppend" time="0,000" classname="cviceni.StringBuilderAndBufferTest"/>
  <testcase name="testBufferAppendDelete" time="0,000" classname="cviceni.StringBuilderAndBufferTest"/>
  <testcase name="testBufferAppend" time="0,000" classname="cviceni.StringBuilderAndBufferTest"/>
  <testcase name="testBuilderAppendDelete" time="0,000" classname="cviceni.StringBuilderAndBufferTest"/>
  <testcase name="testBuilderAppendDelete" time="0,001" classname="cviceni.StringBuilderAndBufferTest"/>
  <testcase name="testBuilderAppend" time="0,001" classname="cviceni.StringBuilderAndBufferTest"/>
  <testcase name="testBufferAppendDelete" time="0,000" classname="cviceni.StringBuilderAndBufferTest"/>
  <testcase name="testBuilderAppend" time="0,080" classname="cviceni.StringBuilderAndBufferTest"/>
  <testcase name="testBufferAppendDelete" time="0,001" classname="cviceni.StringBuilderAndBufferTest"/>
  <testcase name="testBuilderAppend" time="0,001" classname="cviceni.StringBuilderAndBufferTest"/>
  <testcase name="testBuilderAppendDelete" time="0,001" classname="cviceni.StringBuilderAndBufferTest"/>
  <testcase name="testBufferAppendDelete" time="0,001" classname="cviceni.StringBuilderAndBufferTest"/>
  <testcase name="testBuilderAppendDelete" time="0,000" classname="cviceni.StringBuilderAndBufferTest"/>
  <testcase name="testBuilderAppendDelete" time="0,000" classname="cviceni.StringBuilderAndBufferTest"/>
  <testcase name="testBufferAppend" time="0,001" classname="cviceni.StringBuilderAndBufferTest"/>
  <testcase name="testBufferAppendDelete" time="0,000" classname="cviceni.StringBuilderAndBufferTest"/>
  <testcase name="testBufferAppend" time="0,000" classname="cviceni.StringBuilderAndBufferTest"/>
  <testcase name="testBufferAppendDelete" time="0,001" classname="cviceni.StringBuilderAndBufferTest"/>
  <testcase name="testBufferAppend" time="0,000" classname="cviceni.StringBuilderAndBufferTest"/>
  <testcase name="testBuilderAppend" time="0,000" classname="cviceni.StringBuilderAndBufferTest"/>
  <testcase name="testBufferAppend" time="0,000" classname="cviceni.StringBuilderAndBufferTest"/>
  <testcase name="testBuilderAppend" time="0,000" classname="cviceni.StringBuilderAndBufferTest"/>
  <testcase name="testBuilderAppendDelete" time="0,000" classname="cviceni.StringBuilderAndBufferTest"/>
  <testcase name="testBuilderAppendDelete" time="0,000" classname="cviceni.StringBuilderAndBufferTest"/>
  <testcase name="testBufferAppend" time="0,000" classname="cviceni.StringBuilderAndBufferTest"/>
  <testcase name="testBuilderAppend" time="0,000" classname="cviceni.StringBuilderAndBufferTest"/>
  <testcase name="testBufferAppendDelete" time="0,001" classname="cviceni.StringBuilderAndBufferTest"/>
  <testcase name="testBufferAppend" time="0,000" classname="cviceni.StringBuilderAndBufferTest"/>
  <testcase name="testBuilderAppendDelete" time="0,001" classname="cviceni.StringBuilderAndBufferTest"/>
  <testcase name="testBuilderAppendDelete" time="0,000" classname="cviceni.StringBuilderAndBufferTest"/>
  <testcase name="testBufferAppendDelete" time="0,000" classname="cviceni.StringBuilderAndBufferTest"/>
  <testcase name="testBuilderAppend" time="0,001" classname="cviceni.StringBuilderAndBufferTest"/>
  <testcase name="testBuilderAppendDelete" time="0,001" classname="cviceni.StringBuilderAndBufferTest"/>
  <testcase name="testBufferAppend" time="0,000" classname="cviceni.StringBuilderAndBufferTest"/>
  <testcase name="testBufferAppendDelete" time="0,001" classname="cviceni.StringBuilderAndBufferTest"/>
  <testcase name="testBuilderAppend" time="0,000" classname="cviceni.StringBuilderAndBufferTest"/>
  <testcase name="testBufferAppend" time="0,199" classname="cviceni.StringBuilderAndBufferTest"/>
  <testcase name="testBufferAppendDelete" time="0,000" classname="cviceni.StringBuilderAndBufferTest"/>
  <testcase name="testBufferAppendDelete" time="0,000" classname="cviceni.StringBuilderAndBufferTest"/>
  <testcase name="testBufferAppendDelete" time="0,000" classname="cviceni.StringBuilderAndBufferTest"/>
  <testcase name="testBuilderAppend" time="0,000" classname="cviceni.StringBuilderAndBufferTest"/>
  <testcase name="testBufferAppend" time="0,000" classname="cviceni.StringBuilderAndBufferTest"/>
  <testcase name="testBufferAppend" time="0,000" classname="cviceni.StringBuilderAndBufferTest"/>
  <testcase name="testBufferAppendDelete" time="0,000" classname="cviceni.StringBuilderAndBufferTest"/>
  <testcase name="testBufferAppendDelete" time="0,000" classname="cviceni.StringBuilderAndBufferTest"/>
  <testcase name="testBuilderAppend" time="0,000" classname="cviceni.StringBuilderAndBufferTest"/>
  <testcase name="testBufferAppendDelete" time="0,001" classname="cviceni.StringBuilderAndBufferTest"/>
  <testcase name="testBufferAppendDelete" time="0,001" classname="cviceni.StringBuilderAndBufferTest"/>
  <testcase name="testBuilderAppendDelete" time="0,001" classname="cviceni.StringBuilderAndBufferTest"/>
  <testcase name="testBuilderAppendDelete" time="0,001" classname="cviceni.StringBuilderAndBufferTest"/>
  <testcase name="testBuilderAppendDelete" time="0,000" classname="cviceni.StringBuilderAndBufferTest"/>
  <testcase name="testBuilderAppend" time="0,000" classname="cviceni.StringBuilderAndBufferTest"/>
  <testcase name="testBuilderAppend" time="0,000" classname="cviceni.StringBuilderAndBufferTest"/>
  <testcase name="testBufferAppendDelete" time="0,001" classname="cviceni.StringBuilderAndBufferTest"/>
  <testcase name="testBuilderAppendDelete" time="0,000" classname="cviceni.StringBuilderAndBufferTest"/>
  <testcase name="testBufferAppend" time="0,000" classname="cviceni.StringBuilderAndBufferTest"/>
  <testcase name="testBuilderAppend" time="0,000" classname="cviceni.StringBuilderAndBufferTest"/>
  <testcase name="testBufferAppend" time="0,000" classname="cviceni.StringBuilderAndBufferTest"/>
  <testcase name="testBufferAppend" time="0,000" classname="cviceni.StringBuilderAndBufferTest"/>
  <testcase name="testBuilderAppendDelete" time="0,000" classname="cviceni.StringBuilderAndBufferTest"/>
  <testcase name="testBufferAppend" time="0,000" classname="cviceni.StringBuilderAndBufferTest"/>
  <testcase name="testBufferAppend" time="0,000" classname="cviceni.StringBuilderAndBufferTest"/>
  <testcase name="testBufferAppendDelete" time="0,000" classname="cviceni.StringBuilderAndBufferTest"/>
  <testcase name="testBufferAppendDelete" time="0,001" classname="cviceni.StringBuilderAndBufferTest"/>
  <testcase name="testBufferAppend" time="0,001" classname="cviceni.StringBuilderAndBufferTest"/>
  <testcase name="testBufferAppendDelete" time="0,000" classname="cviceni.StringBuilderAndBufferTest"/>
  <testcase name="testBufferAppend" time="0,000" classname="cviceni.StringBuilderAndBufferTest"/>
  <testcase name="testBuilderAppendDelete" time="0,000" classname="cviceni.StringBuilderAndBufferTest"/>
  <testcase name="testBufferAppendDelete" time="0,000" classname="cviceni.StringBuilderAndBufferTest"/>
  <testcase name="testBufferAppendDelete" time="0,000" classname="cviceni.StringBuilderAndBufferTest"/>
  <testcase name="testBuilderAppend" time="0,000" classname="cviceni.StringBuilderAndBufferTest"/>
  <testcase name="testBuilderAppendDelete" time="0,000" classname="cviceni.StringBuilderAndBufferTest"/>
  <testcase name="testBuilderAppendDelete" time="0,000" classname="cviceni.StringBuilderAndBufferTest"/>
  <testcase name="testBufferAppend" time="0,000" classname="cviceni.StringBuilderAndBufferTest"/>
  <testcase name="testBuilderAppendDelete" time="0,000" classname="cviceni.StringBuilderAndBufferTest"/>
  <testcase name="testBufferAppend" time="0,000" classname="cviceni.StringBuilderAndBufferTest"/>
  <testcase name="testBuilderAppendDelete" time="0,000" classname="cviceni.StringBuilderAndBufferTest"/>
  <testcase name="testBufferAppendDelete" time="0,000" classname="cviceni.StringBuilderAndBufferTest"/>
  <testcase name="testBuilderAppendDelete" time="0,001" classname="cviceni.StringBuilderAndBufferTest"/>
  <testcase name="testBuilderAppend" time="0,000" classname="cviceni.StringBuilderAndBufferTest"/>
  <testcase name="testBuilderAppend" time="0,001" classname="cviceni.StringBuilderAndBufferTest"/>
  <testcase name="testBuilderAppend" time="0,000" classname="cviceni.StringBuilderAndBufferTest"/>
  <testcase name="testBuilderAppendDelete" time="0,000" classname="cviceni.StringBuilderAndBufferTest"/>
  <testcase name="testBufferAppendDelete" time="0,000" classname="cviceni.StringBuilderAndBufferTest"/>
  <testcase name="testBufferAppend" time="0,000" classname="cviceni.StringBuilderAndBufferTest"/>
  <testcase name="testBufferAppendDelete" time="0,000" classname="cviceni.StringBuilderAndBufferTest"/>
  <testcase name="testBufferAppend" time="0,000" classname="cviceni.StringBuilderAndBufferTest"/>
  <testcase name="testBuilderAppend" time="0,000" classname="cviceni.StringBuilderAndBufferTest"/>
  <testcase name="testBuilderAppendDelete" time="0,000" classname="cviceni.StringBuilderAndBufferTest"/>
  <testcase name="testBufferAppend" time="0,000" classname="cviceni.StringBuilderAndBufferTest"/>
  <testcase name="testBuilderAppend" time="0,001" classname="cviceni.StringBuilderAndBufferTest"/>
  <testcase name="testBuilderAppendDelete" time="0,000" classname="cviceni.StringBuilderAndBufferTest"/>
  <testcase name="testBuilderAppendDelete" time="0,001" classname="cviceni.StringBuilderAndBufferTest"/>
  <testcase name="testBuilderAppendDelete" time="0,000" classname="cviceni.StringBuilderAndBufferTest"/>
  <testcase name="testBufferAppendDelete" time="0,000" classname="cviceni.StringBuilderAndBufferTest"/>
  <testcase name="testBufferAppendDelete" time="0,000" classname="cviceni.StringBuilderAndBufferTest"/>
  <testcase name="testBufferAppend" time="0,000" classname="cviceni.StringBuilderAndBufferTest"/>
  <testcase name="testBufferAppendDelete" time="0,000" classname="cviceni.StringBuilderAndBufferTest"/>
  <testcase name="testBufferAppend" time="0,000" classname="cviceni.StringBuilderAndBufferTest"/>
  <testcase name="testBufferAppend" time="0,000" classname="cviceni.StringBuilderAndBufferTest"/>
  <testcase name="testBufferAppendDelete" time="0,000" classname="cviceni.StringBuilderAndBufferTest"/>
  <testcase name="testBufferAppend" time="0,000" classname="cviceni.StringBuilderAndBufferTest"/>
  <testcase name="testBuilderAppendDelete" time="0,000" classname="cviceni.StringBuilderAndBufferTest"/>
  <testcase name="testBufferAppend" time="0,000" classname="cviceni.StringBuilderAndBufferTest"/>
  <testcase name="testBuilderAppend" time="0,001" classname="cviceni.StringBuilderAndBufferTest"/>
  <testcase name="testBufferAppendDelete" time="0,000" classname="cviceni.StringBuilderAndBufferTest"/>
  <testcase name="testBufferAppend" time="0,000" classname="cviceni.StringBuilderAndBufferTest"/>
  <testcase name="testBuilderAppendDelete" time="0,000" classname="cviceni.StringBuilderAndBufferTest"/>
  <testcase name="testBuilderAppendDelete" time="0,001" classname="cviceni.StringBuilderAndBufferTest"/>
  <testcase name="testBufferAppend" time="0,001" classname="cviceni.StringBuilderAndBufferTest"/>
  <testcase name="testBufferAppendDelete" time="0,000" classname="cviceni.StringBuilderAndBufferTest"/>
  <testcase name="testBufferAppend" time="0,001" classname="cviceni.StringBuilderAndBufferTest"/>
  <testcase name="testBuilderAppend" time="0,000" classname="cviceni.StringBuilderAndBufferTest"/>
  <testcase name="testBufferAppend" time="0,000" classname="cviceni.StringBuilderAndBufferTest"/>
  <testcase name="testBufferAppend" time="0,001" classname="cviceni.StringBuilderAndBufferTest"/>
  <testcase name="testBufferAppendDelete" time="0,000" classname="cviceni.StringBuilderAndBufferTest"/>
  <testcase name="testBufferAppendDelete" time="0,000" classname="cviceni.StringBuilderAndBufferTest"/>
  <testcase name="testBufferAppend" time="0,000" classname="cviceni.StringBuilderAndBufferTest"/>
  <testcase name="testBuilderAppend" time="0,001" classname="cviceni.StringBuilderAndBufferTest"/>
  <testcase name="testBuilderAppendDelete" time="0,000" classname="cviceni.StringBuilderAndBufferTest"/>
  <testcase name="testBuilderAppendDelete" time="0,000" classname="cviceni.StringBuilderAndBufferTest"/>
  <testcase name="testBufferAppend" time="0,001" classname="cviceni.StringBuilderAndBufferTest"/>
  <testcase name="testBuilderAppend" time="0,000" classname="cviceni.StringBuilderAndBufferTest"/>
  <testcase name="testBufferAppend" time="0,000" classname="cviceni.StringBuilderAndBufferTest"/>
  <testcase name="testBufferAppendDelete" time="0,000" classname="cviceni.StringBuilderAndBufferTest"/>
  <testcase name="testBuilderAppendDelete" time="0,000" classname="cviceni.StringBuilderAndBufferTest"/>
  <testcase name="testBuilderAppend" time="0,001" classname="cviceni.StringBuilderAndBufferTest"/>
  <testcase name="testBuilderAppend" time="0,000" classname="cviceni.StringBuilderAndBufferTest"/>
  <testcase name="testBufferAppendDelete" time="0,000" classname="cviceni.StringBuilderAndBufferTest"/>
  <testcase name="testBuilderAppendDelete" time="0,000" classname="cviceni.StringBuilderAndBufferTest"/>
  <testcase name="testBufferAppend" time="0,000" classname="cviceni.StringBuilderAndBufferTest"/>
  <testcase name="testBuilderAppendDelete" time="0,001" classname="cviceni.StringBuilderAndBufferTest"/>
  <testcase name="testBuilderAppend" time="0,000" classname="cviceni.StringBuilderAndBufferTest"/>
  <testcase name="testBuilderAppend" time="0,000" classname="cviceni.StringBuilderAndBufferTest"/>
  <testcase name="testBufferAppendDelete" time="0,001" classname="cviceni.StringBuilderAndBufferTest"/>
  <testcase name="testBuilderAppend" time="0,001" classname="cviceni.StringBuilderAndBufferTest"/>
  <testcase name="testBuilderAppend" time="0,000" classname="cviceni.StringBuilderAndBufferTest"/>
  <testcase name="testBufferAppendDelete" time="0,000" classname="cviceni.StringBuilderAndBufferTest"/>
  <testcase name="testBufferAppendDelete" time="0,000" classname="cviceni.StringBuilderAndBufferTest"/>
  <testcase name="testBuilderAppendDelete" time="0,000" classname="cviceni.StringBuilderAndBufferTest"/>
  <testcase name="testBufferAppend" time="0,000" classname="cviceni.StringBuilderAndBufferTest"/>
  <testcase name="testBuilderAppendDelete" time="0,000" classname="cviceni.StringBuilderAndBufferTest"/>
  <testcase name="testBufferAppendDelete" time="0,001" classname="cviceni.StringBuilderAndBufferTest"/>
  <testcase name="testBuilderAppend" time="0,001" classname="cviceni.StringBuilderAndBufferTest"/>
  <testcase name="testBuilderAppend" time="0,001" classname="cviceni.StringBuilderAndBufferTest"/>
  <testcase name="testBuilderAppend" time="0,001" classname="cviceni.StringBuilderAndBufferTest"/>
  <testcase name="testBufferAppendDelete" time="0,000" classname="cviceni.StringBuilderAndBufferTest"/>
  <testcase name="testBuilderAppend" time="0,000" classname="cviceni.StringBuilderAndBufferTest"/>
  <testcase name="testBuilderAppend" time="0,000" classname="cviceni.StringBuilderAndBufferTest"/>
  <testcase name="testBuilderAppendDelete" time="0,001" classname="cviceni.StringBuilderAndBufferTest"/>
  <testcase name="testBuilderAppendDelete" time="0,001" classname="cviceni.StringBuilderAndBufferTest"/>
  <testcase name="testBufferAppendDelete" time="0,001" classname="cviceni.StringBuilderAndBufferTest"/>
  <testcase name="testBuilderAppend" time="0,001" classname="cviceni.StringBuilderAndBufferTest"/>
  <testcase name="testBufferAppendDelete" time="0,000" classname="cviceni.StringBuilderAndBufferTest"/>
  <testcase name="testBuilderAppend" time="0,001" classname="cviceni.StringBuilderAndBufferTest"/>
  <testcase name="testBufferAppendDelete" time="0,000" classname="cviceni.StringBuilderAndBufferTest"/>
  <testcase name="testBuilderAppendDelete" time="0,000" classname="cviceni.StringBuilderAndBufferTest"/>
  <testcase name="testBuilderAppendDelete" time="0,000" classname="cviceni.StringBuilderAndBufferTest"/>
  <testcase name="testBuilderAppend" time="0,000" classname="cviceni.StringBuilderAndBufferTest"/>
  <testcase name="testBuilderAppend" time="0,000" classname="cviceni.StringBuilderAndBufferTest"/>
  <testcase name="testBufferAppend" time="0,000" classname="cviceni.StringBuilderAndBufferTest"/>
  <testcase name="testBufferAppendDelete" time="0,000" classname="cviceni.StringBuilderAndBufferTest"/>
  <testcase name="testBuilderAppend" time="0,000" classname="cviceni.StringBuilderAndBufferTest"/>
  <testcase name="testBufferAppendDelete" time="0,000" classname="cviceni.StringBuilderAndBufferTest"/>
  <testcase name="testBuilderAppendDelete" time="0,001" classname="cviceni.StringBuilderAndBufferTest"/>
  <testcase name="testBuilderAppend" time="0,000" classname="cviceni.StringBuilderAndBufferTest"/>
  <testcase name="testBufferAppend" time="0,001" classname="cviceni.StringBuilderAndBufferTest"/>
  <testcase name="testBufferAppend" time="0,000" classname="cviceni.StringBuilderAndBufferTest"/>
  <testcase name="testBuilderAppend" time="0,001" classname="cviceni.StringBuilderAndBufferTest"/>
  <testcase name="testBuilderAppend" time="0,000" classname="cviceni.StringBuilderAndBufferTest"/>
  <testcase name="testBufferAppendDelete" time="0,000" classname="cviceni.StringBuilderAndBufferTest"/>
  <testcase name="testBuilderAppend" time="0,000" classname="cviceni.StringBuilderAndBufferTest"/>
  <testcase name="testBufferAppend" time="0,001" classname="cviceni.StringBuilderAndBufferTest"/>
  <testcase name="testBuilderAppendDelete" time="0,001" classname="cviceni.StringBuilderAndBufferTest"/>
  <testcase name="testBuilderAppendDelete" time="0,000" classname="cviceni.StringBuilderAndBufferTest"/>
  <testcase name="testBufferAppendDelete" time="0,000" classname="cviceni.StringBuilderAndBufferTest"/>
  <testcase name="testBuilderAppend" time="0,000" classname="cviceni.StringBuilderAndBufferTest"/>
  <testcase name="testBufferAppendDelete" time="0,000" classname="cviceni.StringBuilderAndBufferTest"/>
  <testcase name="testBuilderAppend" time="0,001" classname="cviceni.StringBuilderAndBufferTest"/>
  <testcase name="testBufferAppend" time="0,000" classname="cviceni.StringBuilderAndBufferTest"/>
  <testcase name="testBuilderAppendDelete" time="0,000" classname="cviceni.StringBuilderAndBufferTest"/>
  <testcase name="testBufferAppend" time="0,001" classname="cviceni.StringBuilderAndBufferTest"/>
  <testcase name="testBufferAppend" time="0,000" classname="cviceni.StringBuilderAndBufferTest"/>
  <testcase name="testBuilderAppendDelete" time="0,000" classname="cviceni.StringBuilderAndBufferTest"/>
  <testcase name="testBuilderAppend" time="0,000" classname="cviceni.StringBuilderAndBufferTest"/>
  <testcase name="testBuilderAppendDelete" time="0,000" classname="cviceni.StringBuilderAndBufferTest"/>
  <testcase name="testBuilderAppend" time="0,000" classname="cviceni.StringBuilderAndBufferTest"/>
  <testcase name="testBufferAppendDelete" time="0,000" classname="cviceni.StringBuilderAndBufferTest"/>
  <testcase name="testBufferAppendDelete" time="0,000" classname="cviceni.StringBuilderAndBufferTest"/>
  <testcase name="testBufferAppendDelete" time="0,001" classname="cviceni.StringBuilderAndBufferTest"/>
  <testcase name="testBufferAppend" time="0,001" classname="cviceni.StringBuilderAndBufferTest"/>
  <testcase name="testBuilderAppendDelete" time="0,000" classname="cviceni.StringBuilderAndBufferTest"/>
  <testcase name="testBuilderAppend" time="0,000" classname="cviceni.StringBuilderAndBufferTest"/>
  <testcase name="testBuilderAppendDelete" time="0,000" classname="cviceni.StringBuilderAndBufferTest"/>
  <testcase name="testBufferAppendDelete" time="0,000" classname="cviceni.StringBuilderAndBufferTest"/>
  <testcase name="testBufferAppend" time="0,000" classname="cviceni.StringBuilderAndBufferTest"/>
  <testcase name="testBufferAppend" time="0,000" classname="cviceni.StringBuilderAndBufferTest"/>
  <testcase name="testBuilderAppend" time="0,000" classname="cviceni.StringBuilderAndBufferTest"/>
  <testcase name="testBufferAppendDelete" time="0,000" classname="cviceni.StringBuilderAndBufferTest"/>
  <testcase name="testBuilderAppendDelete" time="0,000" classname="cviceni.StringBuilderAndBufferTest"/>
  <testcase name="testBuilderAppendDelete" time="0,000" classname="cviceni.StringBuilderAndBufferTest"/>
  <testcase name="testBufferAppend" time="0,000" classname="cviceni.StringBuilderAndBufferTest"/>
  <testcase name="testBufferAppend" time="0,001" classname="cviceni.StringBuilderAndBufferTest"/>
  <testcase name="testBufferAppendDelete" time="0,000" classname="cviceni.StringBuilderAndBufferTest"/>
  <testcase name="testBuilderAppendDelete" time="0,001" classname="cviceni.StringBuilderAndBufferTest"/>
  <testcase name="testBuilderAppendDelete" time="0,000" classname="cviceni.StringBuilderAndBufferTest"/>
  <testcase name="testBufferAppend" time="0,001" classname="cviceni.StringBuilderAndBufferTest"/>
  <testcase name="testBuilderAppendDelete" time="0,000" classname="cviceni.StringBuilderAndBufferTest"/>
  <testcase name="testBuilderAppend" time="0,000" classname="cviceni.StringBuilderAndBufferTest"/>
  <testcase name="testBuilderAppendDelete" time="0,000" classname="cviceni.StringBuilderAndBufferTest"/>
  <testcase name="testBuilderAppendDelete" time="0,000" classname="cviceni.StringBuilderAndBufferTest"/>
  <testcase name="testBuilderAppendDelete" time="0,001" classname="cviceni.StringBuilderAndBufferTest"/>
  <testcase name="testBuilderAppendDelete" time="0,000" classname="cviceni.StringBuilderAndBufferTest"/>
  <testcase name="testBuilderAppendDelete" time="0,001" classname="cviceni.StringBuilderAndBufferTest"/>
  <testcase name="testBuilderAppendDelete" time="0,000" classname="cviceni.StringBuilderAndBufferTest"/>
  <testcase name="testBuilderAppendDelete" time="0,000" classname="cviceni.StringBuilderAndBufferTest"/>
  <testcase name="testBufferAppendDelete" time="0,000" classname="cviceni.StringBuilderAndBufferTest"/>
  <testcase name="testBuilderAppendDelete" time="0,001" classname="cviceni.StringBuilderAndBufferTest"/>
  <testcase name="testBuilderAppendDelete" time="0,000" classname="cviceni.StringBuilderAndBufferTest"/>
  <testcase name="testBuilderAppendDelete" time="0,001" classname="cviceni.StringBuilderAndBufferTest"/>
  <testcase name="testBufferAppendDelete" time="0,000" classname="cviceni.StringBuilderAndBufferTest"/>
  <testcase name="testBuilderAppend" time="0,009" classname="cviceni.StringBuilderAndBufferTest"/>
  <testcase name="testBufferAppendDelete" time="0,000" classname="cviceni.StringBuilderAndBufferTest"/>
  <testcase name="testBuilderAppendDelete" time="0,000" classname="cviceni.StringBuilderAndBufferTest"/>
  <testcase name="testBufferAppendDelete" time="0,000" classname="cviceni.StringBuilderAndBufferTest"/>
  <testcase name="testBuilderAppend" time="0,000" classname="cviceni.StringBuilderAndBufferTest"/>
  <testcase name="testBufferAppend" time="0,000" classname="cviceni.StringBuilderAndBufferTest"/>
  <testcase name="testBufferAppendDelete" time="0,000" classname="cviceni.StringBuilderAndBufferTest"/>
  <testcase name="testBufferAppend" time="0,001" classname="cviceni.StringBuilderAndBufferTest"/>
  <testcase name="testBuilderAppend" time="0,000" classname="cviceni.StringBuilderAndBufferTest"/>
  <testcase name="testBufferAppendDelete" time="0,000" classname="cviceni.StringBuilderAndBufferTest"/>
  <testcase name="testBuilderAppendDelete" time="0,000" classname="cviceni.StringBuilderAndBufferTest"/>
  <testcase name="testBufferAppend" time="0,000" classname="cviceni.StringBuilderAndBufferTest"/>
  <testcase name="testBuilderAppendDelete" time="0,000" classname="cviceni.StringBuilderAndBufferTest"/>
  <testcase name="testBufferAppend" time="0,000" classname="cviceni.StringBuilderAndBufferTest"/>
  <testcase name="testBuilderAppend" time="0,000" classname="cviceni.StringBuilderAndBufferTest"/>
  <testcase name="testBufferAppend" time="0,000" classname="cviceni.StringBuilderAndBufferTest"/>
  <testcase name="testBufferAppendDelete" time="0,001" classname="cviceni.StringBuilderAndBufferTest"/>
  <testcase name="testBufferAppend" time="0,000" classname="cviceni.StringBuilderAndBufferTest"/>
  <testcase name="testBuilderAppend" time="0,001" classname="cviceni.StringBuilderAndBufferTest"/>
  <testcase name="testBufferAppend" time="0,000" classname="cviceni.StringBuilderAndBufferTest"/>
  <testcase name="testBufferAppend" time="0,010" classname="cviceni.StringBuilderAndBufferTest"/>
  <testcase name="testBuilderAppendDelete" time="0,000" classname="cviceni.StringBuilderAndBufferTest"/>
  <testcase name="testBufferAppendDelete" time="0,001" classname="cviceni.StringBuilderAndBufferTest"/>
  <testcase name="testBufferAppend" time="0,000" classname="cviceni.StringBuilderAndBufferTest"/>
  <testcase name="testBuilderAppend" time="0,000" classname="cviceni.StringBuilderAndBufferTest"/>
  <testcase name="testBuilderAppend" time="0,000" classname="cviceni.StringBuilderAndBufferTest"/>
  <testcase name="testBufferAppend" time="0,000" classname="cviceni.StringBuilderAndBufferTest"/>
  <testcase name="testBufferAppend" time="0,000" classname="cviceni.StringBuilderAndBufferTest"/>
  <testcase name="testBufferAppendDelete" time="0,000" classname="cviceni.StringBuilderAndBufferTest"/>
  <testcase name="testBuilderAppend" time="0,000" classname="cviceni.StringBuilderAndBufferTest"/>
  <testcase name="testBuilderAppendDelete" time="0,001" classname="cviceni.StringBuilderAndBufferTest"/>
  <testcase name="testBufferAppendDelete" time="0,000" classname="cviceni.StringBuilderAndBufferTest"/>
  <testcase name="testBufferAppend" time="0,001" classname="cviceni.StringBuilderAndBufferTest"/>
  <testcase name="testBufferAppendDelete" time="0,000" classname="cviceni.StringBuilderAndBufferTest"/>
  <testcase name="testBuilderAppendDelete" time="0,000" classname="cviceni.StringBuilderAndBufferTest"/>
  <testcase name="testBuilderAppendDelete" time="0,000" classname="cviceni.StringBuilderAndBufferTest"/>
  <testcase name="testBuilderAppend" time="0,000" classname="cviceni.StringBuilderAndBufferTest"/>
  <testcase name="testBuilderAppend" time="0,000" classname="cviceni.StringBuilderAndBufferTest"/>
  <testcase name="testBuilderAppend" time="0,000" classname="cviceni.StringBuilderAndBufferTest"/>
  <testcase name="testBuilderAppend" time="0,000" classname="cviceni.StringBuilderAndBufferTest"/>
  <testcase name="testBufferAppend" time="0,000" classname="cviceni.StringBuilderAndBufferTest"/>
  <testcase name="testBufferAppend" time="0,000" classname="cviceni.StringBuilderAndBufferTest"/>
  <testcase name="testBuilderAppend" time="0,000" classname="cviceni.StringBuilderAndBufferTest"/>
  <testcase name="testBuilderAppendDelete" time="0,005" classname="cviceni.StringBuilderAndBufferTest"/>
  <testcase name="testBufferAppendDelete" time="0,000" classname="cviceni.StringBuilderAndBufferTest"/>
  <testcase name="testBuilderAppendDelete" time="0,001" classname="cviceni.StringBuilderAndBufferTest"/>
  <testcase name="testBufferAppend" time="0,001" classname="cviceni.StringBuilderAndBufferTest"/>
  <testcase name="testBufferAppend" time="0,001" classname="cviceni.StringBuilderAndBufferTest"/>
  <testcase name="testBuilderAppend" time="0,000" classname="cviceni.StringBuilderAndBufferTest"/>
  <testcase name="testBufferAppend" time="0,000" classname="cviceni.StringBuilderAndBufferTest"/>
  <testcase name="testBuilderAppend" time="0,000" classname="cviceni.StringBuilderAndBufferTest"/>
  <testcase name="testBuilderAppendDelete" time="0,000" classname="cviceni.StringBuilderAndBufferTest"/>
  <testcase name="testBuilderAppend" time="0,000" classname="cviceni.StringBuilderAndBufferTest"/>
  <testcase name="testBufferAppend" time="0,001" classname="cviceni.StringBuilderAndBufferTest"/>
  <testcase name="testBufferAppendDelete" time="0,000" classname="cviceni.StringBuilderAndBufferTest"/>
  <testcase name="testBufferAppend" time="0,000" classname="cviceni.StringBuilderAndBufferTest"/>
  <testcase name="testBufferAppendDelete" time="0,000" classname="cviceni.StringBuilderAndBufferTest"/>
  <testcase name="testBufferAppend" time="0,001" classname="cviceni.StringBuilderAndBufferTest"/>
  <testcase name="testBuilderAppend" time="0,001" classname="cviceni.StringBuilderAndBufferTest"/>
  <testcase name="testBufferAppendDelete" time="0,001" classname="cviceni.StringBuilderAndBufferTest"/>
  <testcase name="testBuilderAppend" time="0,001" classname="cviceni.StringBuilderAndBufferTest"/>
  <testcase name="testBufferAppendDelete" time="0,000" classname="cviceni.StringBuilderAndBufferTest"/>
  <testcase name="testBuilderAppendDelete" time="0,000" classname="cviceni.StringBuilderAndBufferTest"/>
  <testcase name="testBufferAppend" time="0,000" classname="cviceni.StringBuilderAndBufferTest"/>
  <testcase name="testBuilderAppend" time="0,000" classname="cviceni.StringBuilderAndBufferTest"/>
  <testcase name="testBufferAppendDelete" time="0,000" classname="cviceni.StringBuilderAndBufferTest"/>
  <testcase name="testBufferAppend" time="0,000" classname="cviceni.StringBuilderAndBufferTest"/>
  <testcase name="testBufferAppend" time="0,000" classname="cviceni.StringBuilderAndBufferTest"/>
  <testcase name="testBuilderAppend" time="0,000" classname="cviceni.StringBuilderAndBufferTest"/>
  <testcase name="testBufferAppend" time="0,000" classname="cviceni.StringBuilderAndBufferTest"/>
  <testcase name="testBufferAppendDelete" time="0,000" classname="cviceni.StringBuilderAndBufferTest"/>
  <testcase name="testBuilderAppend" time="0,000" classname="cviceni.StringBuilderAndBufferTest"/>
  <testcase name="testBuilderAppend" time="0,000" classname="cviceni.StringBuilderAndBufferTest"/>
  <testcase name="testBuilderAppend" time="0,001" classname="cviceni.StringBuilderAndBufferTest"/>
  <testcase name="testBufferAppend" time="0,001" classname="cviceni.StringBuilderAndBufferTest"/>
  <testcase name="testBuilderAppend" time="0,000" classname="cviceni.StringBuilderAndBufferTest"/>
  <testcase name="testBufferAppend" time="0,000" classname="cviceni.StringBuilderAndBufferTest"/>
  <testcase name="testBufferAppendDelete" time="0,001" classname="cviceni.StringBuilderAndBufferTest"/>
  <testcase name="testBufferAppendDelete" time="0,000" classname="cviceni.StringBuilderAndBufferTest"/>
  <testcase name="testBuilderAppend" time="0,001" classname="cviceni.StringBuilderAndBufferTest"/>
  <testcase name="testBufferAppend" time="0,000" classname="cviceni.StringBuilderAndBufferTest"/>
  <testcase name="testBufferAppendDelete" time="0,000" classname="cviceni.StringBuilderAndBufferTest"/>
  <testcase name="testBuilderAppend" time="0,000" classname="cviceni.StringBuilderAndBufferTest"/>
  <testcase name="testBufferAppend" time="0,001" classname="cviceni.StringBuilderAndBufferTest"/>
  <testcase name="testBufferAppend" time="0,000" classname="cviceni.StringBuilderAndBufferTest"/>
  <testcase name="testBuilderAppend" time="0,000" classname="cviceni.StringBuilderAndBufferTest"/>
  <testcase name="testBufferAppend" time="0,000" classname="cviceni.StringBuilderAndBufferTest"/>
  <testcase name="testBufferAppendDelete" time="0,000" classname="cviceni.StringBuilderAndBufferTest"/>
  <testcase name="testBuilderAppend" time="0,000" classname="cviceni.StringBuilderAndBufferTest"/>
  <testcase name="testBufferAppendDelete" time="0,001" classname="cviceni.StringBuilderAndBufferTest"/>
  <testcase name="testBuilderAppend" time="0,000" classname="cviceni.StringBuilderAndBufferTest"/>
  <testcase name="testBufferAppend" time="0,000" classname="cviceni.StringBuilderAndBufferTest"/>
  <testcase name="testBuilderAppend" time="0,001" classname="cviceni.StringBuilderAndBufferTest"/>
  <testcase name="testBufferAppendDelete" time="0,001" classname="cviceni.StringBuilderAndBufferTest"/>
  <testcase name="testBufferAppend" time="0,000" classname="cviceni.StringBuilderAndBufferTest"/>
  <testcase name="testBufferAppend" time="0,000" classname="cviceni.StringBuilderAndBufferTest"/>
  <testcase name="testBuilderAppend" time="0,000" classname="cviceni.StringBuilderAndBufferTest"/>
  <testcase name="testBufferAppendDelete" time="0,000" classname="cviceni.StringBuilderAndBufferTest"/>
  <testcase name="testBufferAppend" time="0,000" classname="cviceni.StringBuilderAndBufferTest"/>
  <testcase name="testBufferAppend" time="0,001" classname="cviceni.StringBuilderAndBufferTest"/>
  <testcase name="testBufferAppend" time="0,000" classname="cviceni.StringBuilderAndBufferTest"/>
  <testcase name="testBuilderAppend" time="0,000" classname="cviceni.StringBuilderAndBufferTest"/>
  <testcase name="testBuilderAppend" time="0,001" classname="cviceni.StringBuilderAndBufferTest"/>
  <testcase name="testBufferAppendDelete" time="0,000" classname="cviceni.StringBuilderAndBufferTest"/>
  <testcase name="testBufferAppend" time="0,001" classname="cviceni.StringBuilderAndBufferTest"/>
  <testcase name="testBufferAppend" time="0,000" classname="cviceni.StringBuilderAndBufferTest"/>
  <testcase name="testBufferAppend" time="0,001" classname="cviceni.StringBuilderAndBufferTest"/>
  <testcase name="testBufferAppendDelete" time="0,000" classname="cviceni.StringBuilderAndBufferTest"/>
  <testcase name="testBufferAppend" time="0,000" classname="cviceni.StringBuilderAndBufferTest"/>
  <testcase name="testBufferAppend" time="0,000" classname="cviceni.StringBuilderAndBufferTest"/>
  <testcase name="testBufferAppend" time="0,000" classname="cviceni.StringBuilderAndBufferTest"/>
  <testcase name="testBuilderAppend" time="0,000" classname="cviceni.StringBuilderAndBufferTest"/>
  <testcase name="testBufferAppendDelete" time="0,000" classname="cviceni.StringBuilderAndBufferTest"/>
  <testcase name="testBufferAppendDelete" time="0,000" classname="cviceni.StringBuilderAndBufferTest"/>
  <testcase name="testBufferAppendDelete" time="0,000" classname="cviceni.StringBuilderAndBufferTest"/>
  <testcase name="testBufferAppendDelete" time="0,001" classname="cviceni.StringBuilderAndBufferTest"/>
  <testcase name="testBufferAppendDelete" time="0,000" classname="cviceni.StringBuilderAndBufferTest"/>
  <testcase name="testBuilderAppendDelete" time="0,000" classname="cviceni.StringBuilderAndBufferTest"/>
  <testcase name="testBufferAppendDelete" time="0,000" classname="cviceni.StringBuilderAndBufferTest"/>
  <testcase name="testBufferAppend" time="0,001" classname="cviceni.StringBuilderAndBufferTest"/>
  <testcase name="testBuilderAppendDelete" time="0,000" classname="cviceni.StringBuilderAndBufferTest"/>
  <testcase name="testBuilderAppend" time="0,001" classname="cviceni.StringBuilderAndBufferTest"/>
  <testcase name="testBufferAppend" time="0,000" classname="cviceni.StringBuilderAndBufferTest"/>
  <testcase name="testBuilderAppend" time="0,000" classname="cviceni.StringBuilderAndBufferTest"/>
  <testcase name="testBufferAppendDelete" time="0,000" classname="cviceni.StringBuilderAndBufferTest"/>
  <testcase name="testBufferAppend" time="0,000" classname="cviceni.StringBuilderAndBufferTest"/>
  <testcase name="testBufferAppendDelete" time="0,000" classname="cviceni.StringBuilderAndBufferTest"/>
  <testcase name="testBuilderAppendDelete" time="0,047" classname="cviceni.StringBuilderAndBufferTest"/>
  <testcase name="testBuilderAppend" time="0,001" classname="cviceni.StringBuilderAndBufferTest"/>
  <testcase name="testBuilderAppendDelete" time="0,001" classname="cviceni.StringBuilderAndBufferTest"/>
  <testcase name="testBuilderAppend" time="0,001" classname="cviceni.StringBuilderAndBufferTest"/>
  <testcase name="testBufferAppend" time="0,000" classname="cviceni.StringBuilderAndBufferTest"/>
  <testcase name="testBuilderAppend" time="0,000" classname="cviceni.StringBuilderAndBufferTest"/>
  <testcase name="testBuilderAppendDelete" time="0,000" classname="cviceni.StringBuilderAndBufferTest"/>
  <testcase name="testBuilderAppend" time="0,000" classname="cviceni.StringBuilderAndBufferTest"/>
  <testcase name="testBuilderAppend" time="0,000" classname="cviceni.StringBuilderAndBufferTest"/>
  <testcase name="testBuilderAppend" time="0,000" classname="cviceni.StringBuilderAndBufferTest"/>
  <testcase name="testBuilderAppend" time="0,001" classname="cviceni.StringBuilderAndBufferTest"/>
  <testcase name="testBufferAppend" time="0,000" classname="cviceni.StringBuilderAndBufferTest"/>
  <testcase name="testBuilderAppend" time="0,000" classname="cviceni.StringBuilderAndBufferTest"/>
  <testcase name="testBuilderAppendDelete" time="0,000" classname="cviceni.StringBuilderAndBufferTest"/>
  <testcase name="testBuilderAppendDelete" time="0,001" classname="cviceni.StringBuilderAndBufferTest"/>
  <testcase name="testBufferAppendDelete" time="0,000" classname="cviceni.StringBuilderAndBufferTest"/>
  <testcase name="testBuilderAppendDelete" time="0,001" classname="cviceni.StringBuilderAndBufferTest"/>
  <testcase name="testBuilderAppend" time="0,000" classname="cviceni.StringBuilderAndBufferTest"/>
  <testcase name="testBufferAppend" time="0,000" classname="cviceni.StringBuilderAndBufferTest"/>
  <testcase name="testBufferAppend" time="0,001" classname="cviceni.StringBuilderAndBufferTest"/>
  <testcase name="testBufferAppendDelete" time="0,001" classname="cviceni.StringBuilderAndBufferTest"/>
  <testcase name="testBufferAppend" time="0,001" classname="cviceni.StringBuilderAndBufferTest"/>
  <testcase name="testBuilderAppendDelete" time="0,001" classname="cviceni.StringBuilderAndBufferTest"/>
  <testcase name="testBufferAppend" time="0,000" classname="cviceni.StringBuilderAndBufferTest"/>
  <testcase name="testBufferAppend" time="0,000" classname="cviceni.StringBuilderAndBufferTest"/>
  <testcase name="testBuilderAppendDelete" time="0,000" classname="cviceni.StringBuilderAndBufferTest"/>
  <testcase name="testBufferAppend" time="0,000" classname="cviceni.StringBuilderAndBufferTest"/>
  <testcase name="testBuilderAppend" time="0,000" classname="cviceni.StringBuilderAndBufferTest"/>
  <testcase name="testBufferAppendDelete" time="0,001" classname="cviceni.StringBuilderAndBufferTest"/>
  <testcase name="testBufferAppendDelete" time="0,001" classname="cviceni.StringBuilderAndBufferTest"/>
  <testcase name="testBuilderAppendDelete" time="0,001" classname="cviceni.StringBuilderAndBufferTest"/>
  <testcase name="testBufferAppendDelete" time="0,000" classname="cviceni.StringBuilderAndBufferTest"/>
  <testcase name="testBufferAppend" time="0,000" classname="cviceni.StringBuilderAndBufferTest"/>
  <testcase name="testBuilderAppendDelete" time="0,000" classname="cviceni.StringBuilderAndBufferTest"/>
  <testcase name="testBuilderAppendDelete" time="0,000" classname="cviceni.StringBuilderAndBufferTest"/>
  <testcase name="testBuilderAppend" time="0,000" classname="cviceni.StringBuilderAndBufferTest"/>
  <testcase name="testBufferAppend" time="0,001" classname="cviceni.StringBuilderAndBufferTest"/>
  <testcase name="testBuilderAppendDelete" time="0,000" classname="cviceni.StringBuilderAndBufferTest"/>
  <testcase name="testBufferAppend" time="0,000" classname="cviceni.StringBuilderAndBufferTest"/>
  <testcase name="testBufferAppendDelete" time="0,000" classname="cviceni.StringBuilderAndBufferTest"/>
  <testcase name="testBuilderAppendDelete" time="0,001" classname="cviceni.StringBuilderAndBufferTest"/>
  <testcase name="testBufferAppendDelete" time="0,000" classname="cviceni.StringBuilderAndBufferTest"/>
  <testcase name="testBuilderAppendDelete" time="0,000" classname="cviceni.StringBuilderAndBufferTest"/>
  <testcase name="testBufferAppendDelete" time="0,000" classname="cviceni.StringBuilderAndBufferTest"/>
  <testcase name="testBufferAppendDelete" time="0,001" classname="cviceni.StringBuilderAndBufferTest"/>
  <testcase name="testBuilderAppend" time="0,000" classname="cviceni.StringBuilderAndBufferTest"/>
  <testcase name="testBufferAppend" time="0,000" classname="cviceni.StringBuilderAndBufferTest"/>
  <testcase name="testBuilderAppendDelete" time="0,000" classname="cviceni.StringBuilderAndBufferTest"/>
  <testcase name="testBuilderAppendDelete" time="0,000" classname="cviceni.StringBuilderAndBufferTest"/>
  <testcase name="testBuilderAppendDelete" time="0,000" classname="cviceni.StringBuilderAndBufferTest"/>
  <testcase name="testBufferAppendDelete" time="0,000" classname="cviceni.StringBuilderAndBufferTest"/>
  <testcase name="testBufferAppendDelete" time="0,000" classname="cviceni.StringBuilderAndBufferTest"/>
  <testcase name="testBufferAppendDelete" time="0,001" classname="cviceni.StringBuilderAndBufferTest"/>
  <testcase name="testBuilderAppend" time="0,000" classname="cviceni.StringBuilderAndBufferTest"/>
  <testcase name="testBuilderAppend" time="0,001" classname="cviceni.StringBuilderAndBufferTest"/>
  <testcase name="testBufferAppendDelete" time="0,000" classname="cviceni.StringBuilderAndBufferTest"/>
  <testcase name="testBufferAppendDelete" time="0,001" classname="cviceni.StringBuilderAndBufferTest"/>
  <testcase name="testBufferAppendDelete" time="0,000" classname="cviceni.StringBuilderAndBufferTest"/>
  <testcase name="testBuilderAppendDelete" time="0,000" classname="cviceni.StringBuilderAndBufferTest"/>
  <testcase name="testBuilderAppendDelete" time="0,000" classname="cviceni.StringBuilderAndBufferTest"/>
  <testcase name="testBuilderAppendDelete" time="0,001" classname="cviceni.StringBuilderAndBufferTest"/>
  <testcase name="testBufferAppend" time="0,001" classname="cviceni.StringBuilderAndBufferTest"/>
  <testcase name="testBufferAppendDelete" time="0,001" classname="cviceni.StringBuilderAndBufferTest"/>
  <testcase name="testBufferAppend" time="0,001" classname="cviceni.StringBuilderAndBufferTest"/>
  <testcase name="testBufferAppendDelete" time="0,000" classname="cviceni.StringBuilderAndBufferTest"/>
  <testcase name="testBufferAppendDelete" time="0,000" classname="cviceni.StringBuilderAndBufferTest"/>
  <testcase name="testBuilderAppendDelete" time="0,001" classname="cviceni.StringBuilderAndBufferTest"/>
  <testcase name="testBufferAppendDelete" time="0,000" classname="cviceni.StringBuilderAndBufferTest"/>
  <testcase name="testBuilderAppendDelete" time="0,001" classname="cviceni.StringBuilderAndBufferTest"/>
  <testcase name="testBuilderAppendDelete" time="0,002" classname="cviceni.StringBuilderAndBufferTest"/>
  <testcase name="testBuilderAppendDelete" time="0,001" classname="cviceni.StringBuilderAndBufferTest"/>
  <testcase name="testBufferAppend" time="0,000" classname="cviceni.StringBuilderAndBufferTest"/>
  <testcase name="testBuilderAppendDelete" time="0,001" classname="cviceni.StringBuilderAndBufferTest"/>
  <testcase name="testBuilderAppendDelete" time="0,000" classname="cviceni.StringBuilderAndBufferTest"/>
  <testcase name="testBufferAppendDelete" time="0,000" classname="cviceni.StringBuilderAndBufferTest"/>
  <testcase name="testBufferAppend" time="0,000" classname="cviceni.StringBuilderAndBufferTest"/>
  <testcase name="testBufferAppend" time="0,000" classname="cviceni.StringBuilderAndBufferTest"/>
  <testcase name="testBufferAppend" time="0,000" classname="cviceni.StringBuilderAndBufferTest"/>
  <testcase name="testBuilderAppendDelete" time="0,001" classname="cviceni.StringBuilderAndBufferTest"/>
  <testcase name="testBufferAppendDelete" time="0,000" classname="cviceni.StringBuilderAndBufferTest"/>
  <testcase name="testBufferAppend" time="0,000" classname="cviceni.StringBuilderAndBufferTest"/>
  <testcase name="testBuilderAppendDelete" time="0,000" classname="cviceni.StringBuilderAndBufferTest"/>
  <testcase name="testBufferAppendDelete" time="0,000" classname="cviceni.StringBuilderAndBufferTest"/>
  <testcase name="testBufferAppendDelete" time="0,000" classname="cviceni.StringBuilderAndBufferTest"/>
  <testcase name="testBuilderAppend" time="0,000" classname="cviceni.StringBuilderAndBufferTest"/>
  <testcase name="testBuilderAppendDelete" time="0,000" classname="cviceni.StringBuilderAndBufferTest"/>
  <testcase name="testBuilderAppend" time="0,000" classname="cviceni.StringBuilderAndBufferTest"/>
  <testcase name="testBuilderAppend" time="0,000" classname="cviceni.StringBuilderAndBufferTest"/>
  <testcase name="testBuilderAppendDelete" time="0,000" classname="cviceni.StringBuilderAndBufferTest"/>
  <testcase name="testBufferAppend" time="0,001" classname="cviceni.StringBuilderAndBufferTest"/>
  <testcase name="testBufferAppendDelete" time="0,000" classname="cviceni.StringBuilderAndBufferTest"/>
  <testcase name="testBuilderAppendDelete" time="0,001" classname="cviceni.StringBuilderAndBufferTest"/>
  <testcase name="testBuilderAppend" time="0,000" classname="cviceni.StringBuilderAndBufferTest"/>
  <testcase name="testBuilderAppend" time="0,000" classname="cviceni.StringBuilderAndBufferTest"/>
  <testcase name="testBuilderAppend" time="0,001" classname="cviceni.StringBuilderAndBufferTest"/>
  <testcase name="testBuilderAppend" time="0,000" classname="cviceni.StringBuilderAndBufferTest"/>
  <testcase name="testBufferAppendDelete" time="0,000" classname="cviceni.StringBuilderAndBufferTest"/>
  <testcase name="testBufferAppendDelete" time="0,000" classname="cviceni.StringBuilderAndBufferTest"/>
  <testcase name="testBuilderAppendDelete" time="0,000" classname="cviceni.StringBuilderAndBufferTest"/>
  <testcase name="testBufferAppend" time="0,000" classname="cviceni.StringBuilderAndBufferTest"/>
  <testcase name="testBuilderAppendDelete" time="0,001" classname="cviceni.StringBuilderAndBufferTest"/>
  <testcase name="testBufferAppend" time="0,001" classname="cviceni.StringBuilderAndBufferTest"/>
  <testcase name="testBuilderAppend" time="0,001" classname="cviceni.StringBuilderAndBufferTest"/>
  <testcase name="testBuilderAppend" time="0,001" classname="cviceni.StringBuilderAndBufferTest"/>
  <testcase name="testBufferAppendDelete" time="0,001" classname="cviceni.StringBuilderAndBufferTest"/>
  <testcase name="testBufferAppendDelete" time="0,000" classname="cviceni.StringBuilderAndBufferTest"/>
  <testcase name="testBuilderAppendDelete" time="0,001" classname="cviceni.StringBuilderAndBufferTest"/>
  <testcase name="testBufferAppend" time="0,001" classname="cviceni.StringBuilderAndBufferTest"/>
  <testcase name="testBuilderAppend" time="0,000" classname="cviceni.StringBuilderAndBufferTest"/>
  <testcase name="testBufferAppend" time="0,000" classname="cviceni.StringBuilderAndBufferTest"/>
  <testcase name="testBufferAppend" time="0,000" classname="cviceni.StringBuilderAndBufferTest"/>
  <testcase name="testBuilderAppendDelete" time="0,000" classname="cviceni.StringBuilderAndBufferTest"/>
  <testcase name="testBufferAppendDelete" time="0,000" classname="cviceni.StringBuilderAndBufferTest"/>
  <testcase name="testBufferAppendDelete" time="0,000" classname="cviceni.StringBuilderAndBufferTest"/>
  <testcase name="testBufferAppendDelete" time="0,000" classname="cviceni.StringBuilderAndBufferTest"/>
  <testcase name="testBufferAppendDelete" time="0,000" classname="cviceni.StringBuilderAndBufferTest"/>
  <testcase name="testBufferAppend" time="0,000" classname="cviceni.StringBuilderAndBufferTest"/>
  <testcase name="testBuilderAppendDelete" time="0,000" classname="cviceni.StringBuilderAndBufferTest"/>
  <testcase name="testBuilderAppendDelete" time="0,000" classname="cviceni.StringBuilderAndBufferTest"/>
  <testcase name="testBufferAppend" time="0,000" classname="cviceni.StringBuilderAndBufferTest"/>
  <testcase name="testBuilderAppendDelete" time="0,000" classname="cviceni.StringBuilderAndBufferTest"/>
  <testcase name="testBuilderAppend" time="0,000" classname="cviceni.StringBuilderAndBufferTest"/>
  <testcase name="testBuilderAppendDelete" time="0,001" classname="cviceni.StringBuilderAndBufferTest"/>
  <testcase name="testBufferAppendDelete" time="0,001" classname="cviceni.StringBuilderAndBufferTest"/>
  <testcase name="testBufferAppendDelete" time="0,000" classname="cviceni.StringBuilderAndBufferTest"/>
  <testcase name="testBufferAppendDelete" time="0,000" classname="cviceni.StringBuilderAndBufferTest"/>
  <testcase name="testBufferAppendDelete" time="0,001" classname="cviceni.StringBuilderAndBufferTest"/>
  <testcase name="testBuilderAppendDelete" time="0,000" classname="cviceni.StringBuilderAndBufferTest"/>
  <testcase name="testBufferAppendDelete" time="0,000" classname="cviceni.StringBuilderAndBufferTest"/>
  <testcase name="testBuilderAppendDelete" time="0,000" classname="cviceni.StringBuilderAndBufferTest"/>
  <testcase name="testBuilderAppend" time="0,001" classname="cviceni.StringBuilderAndBufferTest"/>
  <testcase name="testBuilderAppendDelete" time="0,051" classname="cviceni.StringBuilderAndBufferTest"/>
  <testcase name="testBufferAppend" time="0,000" classname="cviceni.StringBuilderAndBufferTest"/>
  <testcase name="testBufferAppendDelete" time="0,000" classname="cviceni.StringBuilderAndBufferTest"/>
  <testcase name="testBuilderAppend" time="0,000" classname="cviceni.StringBuilderAndBufferTest"/>
  <testcase name="testBufferAppend" time="0,000" classname="cviceni.StringBuilderAndBufferTest"/>
  <testcase name="testBuilderAppendDelete" time="0,001" classname="cviceni.StringBuilderAndBufferTest"/>
  <testcase name="testBuilderAppend" time="0,000" classname="cviceni.StringBuilderAndBufferTest"/>
  <testcase name="testBufferAppend" time="0,000" classname="cviceni.StringBuilderAndBufferTest"/>
  <testcase name="testBuilderAppendDelete" time="0,000" classname="cviceni.StringBuilderAndBufferTest"/>
  <testcase name="testBufferAppendDelete" time="0,001" classname="cviceni.StringBuilderAndBufferTest"/>
  <testcase name="testBufferAppendDelete" time="0,000" classname="cviceni.StringBuilderAndBufferTest"/>
  <testcase name="testBufferAppend" time="0,000" classname="cviceni.StringBuilderAndBufferTest"/>
  <testcase name="testBuilderAppendDelete" time="0,002" classname="cviceni.StringBuilderAndBufferTest"/>
  <testcase name="testBuilderAppendDelete" time="0,000" classname="cviceni.StringBuilderAndBufferTest"/>
  <testcase name="testBuilderAppend" time="0,001" classname="cviceni.StringBuilderAndBufferTest"/>
  <testcase name="testBufferAppendDelete" time="0,000" classname="cviceni.StringBuilderAndBufferTest"/>
  <testcase name="testBufferAppendDelete" time="0,001" classname="cviceni.StringBuilderAndBufferTest"/>
  <testcase name="testBuilderAppend" time="0,000" classname="cviceni.StringBuilderAndBufferTest"/>
  <testcase name="testBufferAppendDelete" time="0,000" classname="cviceni.StringBuilderAndBufferTest"/>
  <testcase name="testBuilderAppend" time="0,000" classname="cviceni.StringBuilderAndBufferTest"/>
  <testcase name="testBufferAppend" time="0,000" classname="cviceni.StringBuilderAndBufferTest"/>
  <testcase name="testBuilderAppendDelete" time="0,000" classname="cviceni.StringBuilderAndBufferTest"/>
  <testcase name="testBuilderAppendDelete" time="0,001" classname="cviceni.StringBuilderAndBufferTest"/>
  <testcase name="testBufferAppendDelete" time="0,000" classname="cviceni.StringBuilderAndBufferTest"/>
  <testcase name="testBuilderAppend" time="0,000" classname="cviceni.StringBuilderAndBufferTest"/>
  <testcase name="testBuilderAppend" time="0,000" classname="cviceni.StringBuilderAndBufferTest"/>
  <testcase name="testBufferAppendDelete" time="0,000" classname="cviceni.StringBuilderAndBufferTest"/>
  <testcase name="testBuilderAppend" time="0,000" classname="cviceni.StringBuilderAndBufferTest"/>
  <testcase name="testBufferAppend" time="0,000" classname="cviceni.StringBuilderAndBufferTest"/>
  <testcase name="testBuilderAppendDelete" time="0,000" classname="cviceni.StringBuilderAndBufferTest"/>
  <testcase name="testBuilderAppend" time="0,106" classname="cviceni.StringBuilderAndBufferTest"/>
  <testcase name="testBuilderAppend" time="0,000" classname="cviceni.StringBuilderAndBufferTest"/>
  <testcase name="testBufferAppendDelete" time="0,000" classname="cviceni.StringBuilderAndBufferTest"/>
  <testcase name="testBufferAppend" time="0,000" classname="cviceni.StringBuilderAndBufferTest"/>
  <testcase name="testBufferAppendDelete" time="0,001" classname="cviceni.StringBuilderAndBufferTest"/>
  <testcase name="testBufferAppendDelete" time="0,000" classname="cviceni.StringBuilderAndBufferTest"/>
  <testcase name="testBuilderAppendDelete" time="0,000" classname="cviceni.StringBuilderAndBufferTest"/>
  <testcase name="testBufferAppend" time="0,000" classname="cviceni.StringBuilderAndBufferTest"/>
  <testcase name="testBufferAppendDelete" time="0,000" classname="cviceni.StringBuilderAndBufferTest"/>
  <testcase name="testBuilderAppendDelete" time="0,000" classname="cviceni.StringBuilderAndBufferTest"/>
  <testcase name="testBuilderAppendDelete" time="0,001" classname="cviceni.StringBuilderAndBufferTest"/>
  <testcase name="testBufferAppend" time="0,001" classname="cviceni.StringBuilderAndBufferTest"/>
  <testcase name="testBufferAppend" time="0,000" classname="cviceni.StringBuilderAndBufferTest"/>
  <testcase name="testBufferAppendDelete" time="0,000" classname="cviceni.StringBuilderAndBufferTest"/>
  <testcase name="testBuilderAppendDelete" time="0,000" classname="cviceni.StringBuilderAndBufferTest"/>
  <testcase name="testBufferAppendDelete" time="0,000" classname="cviceni.StringBuilderAndBufferTest"/>
  <testcase name="testBuilderAppend" time="0,000" classname="cviceni.StringBuilderAndBufferTest"/>
  <testcase name="testBuilderAppendDelete" time="0,000" classname="cviceni.StringBuilderAndBufferTest"/>
  <testcase name="testBufferAppendDelete" time="0,000" classname="cviceni.StringBuilderAndBufferTest"/>
  <testcase name="testBuilderAppendDelete" time="0,001" classname="cviceni.StringBuilderAndBufferTest"/>
  <testcase name="testBuilderAppend" time="0,000" classname="cviceni.StringBuilderAndBufferTest"/>
  <testcase name="testBuilderAppendDelete" time="0,001" classname="cviceni.StringBuilderAndBufferTest"/>
  <testcase name="testBuilderAppendDelete" time="0,001" classname="cviceni.StringBuilderAndBufferTest"/>
  <testcase name="testBuilderAppendDelete" time="0,000" classname="cviceni.StringBuilderAndBufferTest"/>
  <testcase name="testBufferAppend" time="0,001" classname="cviceni.StringBuilderAndBufferTest"/>
  <testcase name="testBufferAppend" time="0,000" classname="cviceni.StringBuilderAndBufferTest"/>
  <testcase name="testBufferAppendDelete" time="0,000" classname="cviceni.StringBuilderAndBufferTest"/>
  <testcase name="testBuilderAppend" time="0,000" classname="cviceni.StringBuilderAndBufferTest"/>
  <testcase name="testBuilderAppendDelete" time="0,001" classname="cviceni.StringBuilderAndBufferTest"/>
  <testcase name="testBuilderAppendDelete" time="0,001" classname="cviceni.StringBuilderAndBufferTest"/>
  <testcase name="testBuilderAppendDelete" time="0,000" classname="cviceni.StringBuilderAndBufferTest"/>
  <testcase name="testBufferAppend" time="0,137" classname="cviceni.StringBuilderAndBufferTest"/>
  <testcase name="testBufferAppend" time="0,000" classname="cviceni.StringBuilderAndBufferTest"/>
  <testcase name="testBufferAppend" time="0,000" classname="cviceni.StringBuilderAndBufferTest"/>
  <testcase name="testBuilderAppend" time="0,000" classname="cviceni.StringBuilderAndBufferTest"/>
  <testcase name="testBuilderAppendDelete" time="0,001" classname="cviceni.StringBuilderAndBufferTest"/>
  <testcase name="testBufferAppendDelete" time="0,000" classname="cviceni.StringBuilderAndBufferTest"/>
  <testcase name="testBufferAppendDelete" time="0,001" classname="cviceni.StringBuilderAndBufferTest"/>
  <testcase name="testBufferAppendDelete" time="0,000" classname="cviceni.StringBuilderAndBufferTest"/>
  <testcase name="testBuilderAppendDelete" time="0,001" classname="cviceni.StringBuilderAndBufferTest"/>
  <testcase name="testBufferAppendDelete" time="0,001" classname="cviceni.StringBuilderAndBufferTest"/>
  <testcase name="testBuilderAppendDelete" time="0,001" classname="cviceni.StringBuilderAndBufferTest"/>
  <testcase name="testBuilderAppend" time="0,005" classname="cviceni.StringBuilderAndBufferTest"/>
  <testcase name="testBuilderAppend" time="0,001" classname="cviceni.StringBuilderAndBufferTest"/>
  <testcase name="testBuilderAppendDelete" time="0,000" classname="cviceni.StringBuilderAndBufferTest"/>
  <testcase name="testBufferAppendDelete" time="0,000" classname="cviceni.StringBuilderAndBufferTest"/>
  <testcase name="testBufferAppendDelete" time="0,000" classname="cviceni.StringBuilderAndBufferTest"/>
  <testcase name="testBuilderAppend" time="0,000" classname="cviceni.StringBuilderAndBufferTest"/>
  <testcase name="testBufferAppend" time="0,000" classname="cviceni.StringBuilderAndBufferTest"/>
  <testcase name="testBuilderAppendDelete" time="0,000" classname="cviceni.StringBuilderAndBufferTest"/>
  <testcase name="testBufferAppendDelete" time="0,000" classname="cviceni.StringBuilderAndBufferTest"/>
  <testcase name="testBuilderAppend" time="0,000" classname="cviceni.StringBuilderAndBufferTest"/>
  <testcase name="testBufferAppendDelete" time="0,000" classname="cviceni.StringBuilderAndBufferTest"/>
  <testcase name="testBuilderAppend" time="0,000" classname="cviceni.StringBuilderAndBufferTest"/>
  <testcase name="testBuilderAppendDelete" time="0,000" classname="cviceni.StringBuilderAndBufferTest"/>
  <testcase name="testBuilderAppend" time="0,001" classname="cviceni.StringBuilderAndBufferTest"/>
  <testcase name="testBufferAppendDelete" time="0,000" classname="cviceni.StringBuilderAndBufferTest"/>
  <testcase name="testBuilderAppend" time="0,000" classname="cviceni.StringBuilderAndBufferTest"/>
  <testcase name="testBufferAppendDelete" time="0,001" classname="cviceni.StringBuilderAndBufferTest"/>
  <testcase name="testBuilderAppendDelete" time="0,001" classname="cviceni.StringBuilderAndBufferTest"/>
  <testcase name="testBuilderAppend" time="0,000" classname="cviceni.StringBuilderAndBufferTest"/>
  <testcase name="testBuilderAppendDelete" time="0,000" classname="cviceni.StringBuilderAndBufferTest"/>
  <testcase name="testBufferAppend" time="0,001" classname="cviceni.StringBuilderAndBufferTest"/>
  <testcase name="testBuilderAppendDelete" time="0,000" classname="cviceni.StringBuilderAndBufferTest"/>
  <testcase name="testBuilderAppend" time="0,001" classname="cviceni.StringBuilderAndBufferTest"/>
  <testcase name="testBufferAppend" time="0,000" classname="cviceni.StringBuilderAndBufferTest"/>
  <testcase name="testBuilderAppendDelete" time="0,000" classname="cviceni.StringBuilderAndBufferTest"/>
  <testcase name="testBufferAppendDelete" time="0,000" classname="cviceni.StringBuilderAndBufferTest"/>
  <testcase name="testBuilderAppend" time="0,000" classname="cviceni.StringBuilderAndBufferTest"/>
  <testcase name="testBufferAppendDelete" time="0,000" classname="cviceni.StringBuilderAndBufferTest"/>
  <testcase name="testBufferAppendDelete" time="0,000" classname="cviceni.StringBuilderAndBufferTest"/>
  <testcase name="testBuilderAppendDelete" time="0,002" classname="cviceni.StringBuilderAndBufferTest"/>
  <testcase name="testBufferAppendDelete" time="0,001" classname="cviceni.StringBuilderAndBufferTest"/>
  <testcase name="testBuilderAppend" time="0,000" classname="cviceni.StringBuilderAndBufferTest"/>
  <testcase name="testBufferAppendDelete" time="0,001" classname="cviceni.StringBuilderAndBufferTest"/>
  <testcase name="testBufferAppend" time="0,000" classname="cviceni.StringBuilderAndBufferTest"/>
  <testcase name="testBuilderAppend" time="0,000" classname="cviceni.StringBuilderAndBufferTest"/>
  <testcase name="testBufferAppendDelete" time="0,000" classname="cviceni.StringBuilderAndBufferTest"/>
  <testcase name="testBufferAppendDelete" time="0,000" classname="cviceni.StringBuilderAndBufferTest"/>
  <testcase name="testBuilderAppend" time="0,000" classname="cviceni.StringBuilderAndBufferTest"/>
  <testcase name="testBufferAppendDelete" time="0,000" classname="cviceni.StringBuilderAndBufferTest"/>
  <testcase name="testBufferAppend" time="0,000" classname="cviceni.StringBuilderAndBufferTest"/>
  <testcase name="testBuilderAppendDelete" time="0,000" classname="cviceni.StringBuilderAndBufferTest"/>
  <testcase name="testBuilderAppend" time="0,001" classname="cviceni.StringBuilderAndBufferTest"/>
  <testcase name="testBufferAppendDelete" time="0,000" classname="cviceni.StringBuilderAndBufferTest"/>
  <testcase name="testBufferAppend" time="0,000" classname="cviceni.StringBuilderAndBufferTest"/>
  <testcase name="testBufferAppend" time="0,000" classname="cviceni.StringBuilderAndBufferTest"/>
  <testcase name="testBufferAppend" time="0,001" classname="cviceni.StringBuilderAndBufferTest"/>
  <testcase name="testBufferAppendDelete" time="0,000" classname="cviceni.StringBuilderAndBufferTest"/>
  <testcase name="testBuilderAppend" time="0,000" classname="cviceni.StringBuilderAndBufferTest"/>
  <testcase name="testBufferAppendDelete" time="0,000" classname="cviceni.StringBuilderAndBufferTest"/>
  <testcase name="testBuilderAppend" time="0,001" classname="cviceni.StringBuilderAndBufferTest"/>
  <testcase name="testBufferAppend" time="0,000" classname="cviceni.StringBuilderAndBufferTest"/>
  <testcase name="testBuilderAppendDelete" time="0,000" classname="cviceni.StringBuilderAndBufferTest"/>
  <testcase name="testBuilderAppendDelete" time="0,000" classname="cviceni.StringBuilderAndBufferTest"/>
  <testcase name="testBuilderAppendDelete" time="0,000" classname="cviceni.StringBuilderAndBufferTest"/>
  <testcase name="testBufferAppend" time="0,000" classname="cviceni.StringBuilderAndBufferTest"/>
  <testcase name="testBufferAppendDelete" time="0,000" classname="cviceni.StringBuilderAndBufferTest"/>
  <testcase name="testBufferAppend" time="0,001" classname="cviceni.StringBuilderAndBufferTest"/>
  <testcase name="testBufferAppendDelete" time="0,001" classname="cviceni.StringBuilderAndBufferTest"/>
  <testcase name="testBufferAppend" time="0,000" classname="cviceni.StringBuilderAndBufferTest"/>
  <testcase name="testBuilderAppend" time="0,000" classname="cviceni.StringBuilderAndBufferTest"/>
  <testcase name="testBufferAppend" time="0,001" classname="cviceni.StringBuilderAndBufferTest"/>
  <testcase name="testBufferAppendDelete" time="0,000" classname="cviceni.StringBuilderAndBufferTest"/>
  <testcase name="testBuilderAppend" time="0,001" classname="cviceni.StringBuilderAndBufferTest"/>
  <testcase name="testBufferAppendDelete" time="0,000" classname="cviceni.StringBuilderAndBufferTest"/>
  <testcase name="testBuilderAppend" time="0,000" classname="cviceni.StringBuilderAndBufferTest"/>
  <testcase name="testBufferAppend" time="0,001" classname="cviceni.StringBuilderAndBufferTest"/>
  <testcase name="testBufferAppendDelete" time="0,000" classname="cviceni.StringBuilderAndBufferTest"/>
  <testcase name="testBuilderAppend" time="0,001" classname="cviceni.StringBuilderAndBufferTest"/>
  <testcase name="testBufferAppendDelete" time="0,000" classname="cviceni.StringBuilderAndBufferTest"/>
  <testcase name="testBufferAppend" time="0,000" classname="cviceni.StringBuilderAndBufferTest"/>
  <testcase name="testBufferAppendDelete" time="0,000" classname="cviceni.StringBuilderAndBufferTest"/>
  <testcase name="testBuilderAppend" time="0,000" classname="cviceni.StringBuilderAndBufferTest"/>
  <testcase name="testBufferAppend" time="0,000" classname="cviceni.StringBuilderAndBufferTest"/>
  <testcase name="testBufferAppendDelete" time="0,000" classname="cviceni.StringBuilderAndBufferTest"/>
  <testcase name="testBuilderAppend" time="0,000" classname="cviceni.StringBuilderAndBufferTest"/>
  <testcase name="testBufferAppendDelete" time="0,000" classname="cviceni.StringBuilderAndBufferTest"/>
  <testcase name="testBuilderAppendDelete" time="0,000" classname="cviceni.StringBuilderAndBufferTest"/>
  <testcase name="testBuilderAppendDelete" time="0,000" classname="cviceni.StringBuilderAndBufferTest"/>
  <testcase name="testBuilderAppend" time="0,000" classname="cviceni.StringBuilderAndBufferTest"/>
  <testcase name="testBuilderAppend" time="0,001" classname="cviceni.StringBuilderAndBufferTest"/>
  <testcase name="testBufferAppendDelete" time="0,001" classname="cviceni.StringBuilderAndBufferTest"/>
  <testcase name="testBufferAppendDelete" time="0,000" classname="cviceni.StringBuilderAndBufferTest"/>
  <testcase name="testBuilderAppendDelete" time="0,000" classname="cviceni.StringBuilderAndBufferTest"/>
  <testcase name="testBufferAppend" time="0,000" classname="cviceni.StringBuilderAndBufferTest"/>
  <testcase name="testBufferAppendDelete" time="0,000" classname="cviceni.StringBuilderAndBufferTest"/>
  <testcase name="testBuilderAppendDelete" time="0,000" classname="cviceni.StringBuilderAndBufferTest"/>
  <testcase name="testBuilderAppend" time="0,001" classname="cviceni.StringBuilderAndBufferTest"/>
  <testcase name="testBuilderAppendDelete" time="0,000" classname="cviceni.StringBuilderAndBufferTest"/>
  <testcase name="testBufferAppendDelete" time="0,000" classname="cviceni.StringBuilderAndBufferTest"/>
  <testcase name="testBufferAppend" time="0,000" classname="cviceni.StringBuilderAndBufferTest"/>
  <testcase name="testBuilderAppend" time="0,000" classname="cviceni.StringBuilderAndBufferTest"/>
  <testcase name="testBufferAppendDelete" time="0,000" classname="cviceni.StringBuilderAndBufferTest"/>
  <testcase name="testBufferAppend" time="0,000" classname="cviceni.StringBuilderAndBufferTest"/>
  <testcase name="testBufferAppend" time="0,000" classname="cviceni.StringBuilderAndBufferTest"/>
  <testcase name="testBufferAppend" time="0,000" classname="cviceni.StringBuilderAndBufferTest"/>
  <testcase name="testBuilderAppend" time="0,000" classname="cviceni.StringBuilderAndBufferTest"/>
  <testcase name="testBuilderAppendDelete" time="0,000" classname="cviceni.StringBuilderAndBufferTest"/>
  <testcase name="testBufferAppend" time="0,000" classname="cviceni.StringBuilderAndBufferTest"/>
  <testcase name="testBufferAppend" time="0,000" classname="cviceni.StringBuilderAndBufferTest"/>
  <testcase name="testBufferAppend" time="0,000" classname="cviceni.StringBuilderAndBufferTest"/>
  <testcase name="testBufferAppendDelete" time="0,000" classname="cviceni.StringBuilderAndBufferTest"/>
  <testcase name="testBuilderAppendDelete" time="0,001" classname="cviceni.StringBuilderAndBufferTest"/>
  <testcase name="testBufferAppend" time="0,000" classname="cviceni.StringBuilderAndBufferTest"/>
  <testcase name="testBufferAppendDelete" time="0,000" classname="cviceni.StringBuilderAndBufferTest"/>
  <testcase name="testBuilderAppendDelete" time="0,000" classname="cviceni.StringBuilderAndBufferTest"/>
  <testcase name="testBufferAppend" time="0,000" classname="cviceni.StringBuilderAndBufferTest"/>
  <testcase name="testBuilderAppendDelete" time="0,001" classname="cviceni.StringBuilderAndBufferTest"/>
  <testcase name="testBufferAppendDelete" time="0,000" classname="cviceni.StringBuilderAndBufferTest"/>
  <testcase name="testBufferAppend" time="0,000" classname="cviceni.StringBuilderAndBufferTest"/>
  <testcase name="testBuilderAppendDelete" time="0,000" classname="cviceni.StringBuilderAndBufferTest"/>
  <testcase name="testBuilderAppend" time="0,000" classname="cviceni.StringBuilderAndBufferTest"/>
  <testcase name="testBufferAppendDelete" time="0,001" classname="cviceni.StringBuilderAndBufferTest"/>
  <testcase name="testBuilderAppend" time="0,000" classname="cviceni.StringBuilderAndBufferTest"/>
  <testcase name="testBuilderAppend" time="0,000" classname="cviceni.StringBuilderAndBufferTest"/>
  <testcase name="testBuilderAppendDelete" time="0,001" classname="cviceni.StringBuilderAndBufferTest"/>
  <testcase name="testBuilderAppendDelete" time="0,000" classname="cviceni.StringBuilderAndBufferTest"/>
  <testcase name="testBuilderAppend" time="0,000" classname="cviceni.StringBuilderAndBufferTest"/>
  <testcase name="testBufferAppend" time="0,000" classname="cviceni.StringBuilderAndBufferTest"/>
  <testcase name="testBufferAppend" time="0,000" classname="cviceni.StringBuilderAndBufferTest"/>
  <testcase name="testBuilderAppendDelete" time="0,001" classname="cviceni.StringBuilderAndBufferTest"/>
  <testcase name="testBuilderAppend" time="0,000" classname="cviceni.StringBuilderAndBufferTest"/>
  <testcase name="testBuilderAppend" time="0,000" classname="cviceni.StringBuilderAndBufferTest"/>
  <testcase name="testBuilderAppend" time="0,000" classname="cviceni.StringBuilderAndBufferTest"/>
  <testcase name="testBufferAppendDelete" time="0,001" classname="cviceni.StringBuilderAndBufferTest"/>
  <testcase name="testBuilderAppend" time="0,001" classname="cviceni.StringBuilderAndBufferTest"/>
  <testcase name="testBufferAppend" time="0,001" classname="cviceni.StringBuilderAndBufferTest"/>
  <testcase name="testBuilderAppend" time="0,000" classname="cviceni.StringBuilderAndBufferTest"/>
  <testcase name="testBuilderAppend" time="0,000" classname="cviceni.StringBuilderAndBufferTest"/>
  <testcase name="testBuilderAppendDelete" time="0,000" classname="cviceni.StringBuilderAndBufferTest"/>
  <testcase name="testBuilderAppendDelete" time="0,000" classname="cviceni.StringBuilderAndBufferTest"/>
  <testcase name="testBufferAppend" time="0,000" classname="cviceni.StringBuilderAndBufferTest"/>
  <testcase name="testBufferAppend" time="0,001" classname="cviceni.StringBuilderAndBufferTest"/>
  <testcase name="testBufferAppendDelete" time="0,001" classname="cviceni.StringBuilderAndBufferTest"/>
  <testcase name="testBuilderAppend" time="0,001" classname="cviceni.StringBuilderAndBufferTest"/>
  <testcase name="testBufferAppendDelete" time="0,001" classname="cviceni.StringBuilderAndBufferTest"/>
  <testcase name="testBufferAppend" time="0,000" classname="cviceni.StringBuilderAndBufferTest"/>
  <testcase name="testBufferAppendDelete" time="0,001" classname="cviceni.StringBuilderAndBufferTest"/>
  <testcase name="testBuilderAppend" time="0,000" classname="cviceni.StringBuilderAndBufferTest"/>
  <testcase name="testBuilderAppend" time="0,001" classname="cviceni.StringBuilderAndBufferTest"/>
  <testcase name="testBuilderAppendDelete" time="0,000" classname="cviceni.StringBuilderAndBufferTest"/>
  <testcase name="testBufferAppend" time="0,000" classname="cviceni.StringBuilderAndBufferTest"/>
  <testcase name="testBufferAppend" time="0,000" classname="cviceni.StringBuilderAndBufferTest"/>
  <testcase name="testBuilderAppendDelete" time="0,001" classname="cviceni.StringBuilderAndBufferTest"/>
  <testcase name="testBuilderAppendDelete" time="0,001" classname="cviceni.StringBuilderAndBufferTest"/>
  <testcase name="testBufferAppendDelete" time="0,000" classname="cviceni.StringBuilderAndBufferTest"/>
  <testcase name="testBuilderAppendDelete" time="0,000" classname="cviceni.StringBuilderAndBufferTest"/>
  <testcase name="testBuilderAppendDelete" time="0,000" classname="cviceni.StringBuilderAndBufferTest"/>
  <testcase name="testBuilderAppendDelete" time="0,000" classname="cviceni.StringBuilderAndBufferTest"/>
  <testcase name="testBufferAppendDelete" time="0,000" classname="cviceni.StringBuilderAndBufferTest"/>
  <testcase name="testBufferAppendDelete" time="0,000" classname="cviceni.StringBuilderAndBufferTest"/>
  <testcase name="testBufferAppend" time="0,000" classname="cviceni.StringBuilderAndBufferTest"/>
  <testcase name="testBuilderAppendDelete" time="0,000" classname="cviceni.StringBuilderAndBufferTest"/>
  <testcase name="testBufferAppendDelete" time="0,000" classname="cviceni.StringBuilderAndBufferTest"/>
  <testcase name="testBuilderAppendDelete" time="0,000" classname="cviceni.StringBuilderAndBufferTest"/>
  <testcase name="testBufferAppend" time="0,001" classname="cviceni.StringBuilderAndBufferTest"/>
  <testcase name="testBuilderAppendDelete" time="0,000" classname="cviceni.StringBuilderAndBufferTest"/>
  <testcase name="testBuilderAppend" time="0,000" classname="cviceni.StringBuilderAndBufferTest"/>
  <testcase name="testBufferAppendDelete" time="0,000" classname="cviceni.StringBuilderAndBufferTest"/>
  <testcase name="testBuilderAppend" time="0,001" classname="cviceni.StringBuilderAndBufferTest"/>
  <testcase name="testBuilderAppend" time="0,000" classname="cviceni.StringBuilderAndBufferTest"/>
  <testcase name="testBufferAppendDelete" time="0,000" classname="cviceni.StringBuilderAndBufferTest"/>
  <testcase name="testBufferAppendDelete" time="0,000" classname="cviceni.StringBuilderAndBufferTest"/>
  <testcase name="testBufferAppend" time="0,000" classname="cviceni.StringBuilderAndBufferTest"/>
  <testcase name="testBuilderAppendDelete" time="0,000" classname="cviceni.StringBuilderAndBufferTest"/>
  <testcase name="testBufferAppend" time="0,000" classname="cviceni.StringBuilderAndBufferTest"/>
  <testcase name="testBufferAppend" time="0,000" classname="cviceni.StringBuilderAndBufferTest"/>
  <testcase name="testBuilderAppend" time="0,000" classname="cviceni.StringBuilderAndBufferTest"/>
  <testcase name="testBuilderAppend" time="0,000" classname="cviceni.StringBuilderAndBufferTest"/>
  <testcase name="testBufferAppendDelete" time="0,000" classname="cviceni.StringBuilderAndBufferTest"/>
  <testcase name="testBuilderAppendDelete" time="0,000" classname="cviceni.StringBuilderAndBufferTest"/>
  <testcase name="testBuilderAppendDelete" time="0,000" classname="cviceni.StringBuilderAndBufferTest"/>
  <testcase name="testBufferAppend" time="0,000" classname="cviceni.StringBuilderAndBufferTest"/>
  <testcase name="testBufferAppend" time="0,000" classname="cviceni.StringBuilderAndBufferTest"/>
  <testcase name="testBufferAppendDelete" time="0,000" classname="cviceni.StringBuilderAndBufferTest"/>
  <testcase name="testBufferAppendDelete" time="0,000" classname="cviceni.StringBuilderAndBufferTest"/>
  <testcase name="testBufferAppend" time="0,000" classname="cviceni.StringBuilderAndBufferTest"/>
  <testcase name="testBuilderAppend" time="0,000" classname="cviceni.StringBuilderAndBufferTest"/>
  <testcase name="testBufferAppendDelete" time="0,000" classname="cviceni.StringBuilderAndBufferTest"/>
  <testcase name="testBuilderAppendDelete" time="0,001" classname="cviceni.StringBuilderAndBufferTest"/>
  <testcase name="testBufferAppendDelete" time="0,001" classname="cviceni.StringBuilderAndBufferTest"/>
  <testcase name="testBuilderAppendDelete" time="0,000" classname="cviceni.StringBuilderAndBufferTest"/>
  <testcase name="testBufferAppend" time="0,000" classname="cviceni.StringBuilderAndBufferTest"/>
  <testcase name="testBuilderAppend" time="0,001" classname="cviceni.StringBuilderAndBufferTest"/>
  <testcase name="testBufferAppend" time="0,000" classname="cviceni.StringBuilderAndBufferTest"/>
  <testcase name="testBufferAppend" time="0,000" classname="cviceni.StringBuilderAndBufferTest"/>
  <testcase name="testBuilderAppendDelete" time="0,000" classname="cviceni.StringBuilderAndBufferTest"/>
  <testcase name="testBufferAppend" time="0,000" classname="cviceni.StringBuilderAndBufferTest"/>
  <testcase name="testBufferAppend" time="0,000" classname="cviceni.StringBuilderAndBufferTest"/>
  <testcase name="testBuilderAppend" time="0,001" classname="cviceni.StringBuilderAndBufferTest"/>
  <testcase name="testBufferAppend" time="0,000" classname="cviceni.StringBuilderAndBufferTest"/>
  <testcase name="testBufferAppend" time="0,000" classname="cviceni.StringBuilderAndBufferTest"/>
  <testcase name="testBuilderAppend" time="0,000" classname="cviceni.StringBuilderAndBufferTest"/>
  <testcase name="testBuilderAppend" time="0,000" classname="cviceni.StringBuilderAndBufferTest"/>
  <testcase name="testBuilderAppendDelete" time="0,001" classname="cviceni.StringBuilderAndBufferTest"/>
  <testcase name="testBuilderAppendDelete" time="0,000" classname="cviceni.StringBuilderAndBufferTest"/>
  <testcase name="testBufferAppendDelete" time="0,000" classname="cviceni.StringBuilderAndBufferTest"/>
  <testcase name="testBufferAppendDelete" time="0,000" classname="cviceni.StringBuilderAndBufferTest"/>
  <testcase name="testBuilderAppend" time="0,000" classname="cviceni.StringBuilderAndBufferTest"/>
  <testcase name="testBuilderAppendDelete" time="0,000" classname="cviceni.StringBuilderAndBufferTest"/>
  <testcase name="testBuilderAppendDelete" time="0,001" classname="cviceni.StringBuilderAndBufferTest"/>
  <testcase name="testBufferAppend" time="0,000" classname="cviceni.StringBuilderAndBufferTest"/>
  <testcase name="testBufferAppend" time="0,000" classname="cviceni.StringBuilderAndBufferTest"/>
  <testcase name="testBuilderAppend" time="0,000" classname="cviceni.StringBuilderAndBufferTest"/>
  <testcase name="testBuilderAppendDelete" time="0,000" classname="cviceni.StringBuilderAndBufferTest"/>
  <testcase name="testBufferAppend" time="0,000" classname="cviceni.StringBuilderAndBufferTest"/>
  <testcase name="testBuilderAppendDelete" time="0,000" classname="cviceni.StringBuilderAndBufferTest"/>
  <testcase name="testBuilderAppend" time="0,000" classname="cviceni.StringBuilderAndBufferTest"/>
  <testcase name="testBuilderAppend" time="0,000" classname="cviceni.StringBuilderAndBufferTest"/>
  <testcase name="testBuilderAppend" time="0,000" classname="cviceni.StringBuilderAndBufferTest"/>
  <testcase name="testBuilderAppendDelete" time="0,000" classname="cviceni.StringBuilderAndBufferTest"/>
  <testcase name="testBufferAppendDelete" time="0,000" classname="cviceni.StringBuilderAndBufferTest"/>
  <testcase name="testBuilderAppend" time="0,000" classname="cviceni.StringBuilderAndBufferTest"/>
  <testcase name="testBufferAppend" time="0,001" classname="cviceni.StringBuilderAndBufferTest"/>
  <testcase name="testBuilderAppend" time="0,001" classname="cviceni.StringBuilderAndBufferTest"/>
  <testcase name="testBuilderAppendDelete" time="0,000" classname="cviceni.StringBuilderAndBufferTest"/>
  <testcase name="testBuilderAppendDelete" time="0,000" classname="cviceni.StringBuilderAndBufferTest"/>
  <testcase name="testBuilderAppendDelete" time="0,001" classname="cviceni.StringBuilderAndBufferTest"/>
  <testcase name="testBuilderAppend" time="0,018" classname="cviceni.StringBuilderAndBufferTest"/>
  <testcase name="testBuilderAppendDelete" time="0,000" classname="cviceni.StringBuilderAndBufferTest"/>
  <testcase name="testBufferAppend" time="0,000" classname="cviceni.StringBuilderAndBufferTest"/>
  <testcase name="testBuilderAppendDelete" time="0,000" classname="cviceni.StringBuilderAndBufferTest"/>
  <testcase name="testBuilderAppendDelete" time="0,001" classname="cviceni.StringBuilderAndBufferTest"/>
  <testcase name="testBuilderAppendDelete" time="0,000" classname="cviceni.StringBuilderAndBufferTest"/>
  <testcase name="testBuilderAppend" time="0,000" classname="cviceni.StringBuilderAndBufferTest"/>
  <testcase name="testBuilderAppendDelete" time="0,000" classname="cviceni.StringBuilderAndBufferTest"/>
  <testcase name="testBufferAppend" time="0,000" classname="cviceni.StringBuilderAndBufferTest"/>
  <testcase name="testBuilderAppendDelete" time="0,000" classname="cviceni.StringBuilderAndBufferTest"/>
  <testcase name="testBufferAppendDelete" time="0,000" classname="cviceni.StringBuilderAndBufferTest"/>
  <testcase name="testBuilderAppendDelete" time="0,000" classname="cviceni.StringBuilderAndBufferTest"/>
  <testcase name="testBufferAppend" time="0,000" classname="cviceni.StringBuilderAndBufferTest"/>
  <testcase name="testBufferAppendDelete" time="0,000" classname="cviceni.StringBuilderAndBufferTest"/>
  <testcase name="testBufferAppend" time="0,000" classname="cviceni.StringBuilderAndBufferTest"/>
  <testcase name="testBufferAppendDelete" time="0,001" classname="cviceni.StringBuilderAndBufferTest"/>
  <testcase name="testBufferAppend" time="0,000" classname="cviceni.StringBuilderAndBufferTest"/>
  <testcase name="testBufferAppend" time="0,000" classname="cviceni.StringBuilderAndBufferTest"/>
  <testcase name="testBufferAppend" time="0,000" classname="cviceni.StringBuilderAndBufferTest"/>
  <testcase name="testBufferAppendDelete" time="0,000" classname="cviceni.StringBuilderAndBufferTest"/>
  <testcase name="testBufferAppend" time="0,001" classname="cviceni.StringBuilderAndBufferTest"/>
  <testcase name="testBuilderAppend" time="0,001" classname="cviceni.StringBuilderAndBufferTest"/>
  <testcase name="testBuilderAppendDelete" time="0,000" classname="cviceni.StringBuilderAndBufferTest"/>
  <testcase name="testBufferAppend" time="0,000" classname="cviceni.StringBuilderAndBufferTest"/>
  <testcase name="testBuilderAppendDelete" time="0,000" classname="cviceni.StringBuilderAndBufferTest"/>
  <testcase name="testBufferAppend" time="0,001" classname="cviceni.StringBuilderAndBufferTest"/>
  <testcase name="testBuilderAppendDelete" time="0,001" classname="cviceni.StringBuilderAndBufferTest"/>
  <testcase name="testBufferAppend" time="0,001" classname="cviceni.StringBuilderAndBufferTest"/>
  <testcase name="testBuilderAppend" time="0,001" classname="cviceni.StringBuilderAndBufferTest"/>
  <testcase name="testBuilderAppendDelete" time="0,000" classname="cviceni.StringBuilderAndBufferTest"/>
  <testcase name="testBuilderAppend" time="0,000" classname="cviceni.StringBuilderAndBufferTest"/>
  <testcase name="testBufferAppend" time="0,000" classname="cviceni.StringBuilderAndBufferTest"/>
  <testcase name="testBufferAppend" time="0,001" classname="cviceni.StringBuilderAndBufferTest"/>
  <testcase name="testBuilderAppendDelete" time="0,001" classname="cviceni.StringBuilderAndBufferTest"/>
  <testcase name="testBuilderAppend" time="0,000" classname="cviceni.StringBuilderAndBufferTest"/>
  <testcase name="testBuilderAppend" time="0,001" classname="cviceni.StringBuilderAndBufferTest"/>
  <testcase name="testBufferAppendDelete" time="0,000" classname="cviceni.StringBuilderAndBufferTest"/>
  <testcase name="testBufferAppend" time="0,001" classname="cviceni.StringBuilderAndBufferTest"/>
  <testcase name="testBuilderAppendDelete" time="0,001" classname="cviceni.StringBuilderAndBufferTest"/>
  <testcase name="testBufferAppendDelete" time="0,000" classname="cviceni.StringBuilderAndBufferTest"/>
  <testcase name="testBufferAppend" time="0,000" classname="cviceni.StringBuilderAndBufferTest"/>
  <testcase name="testBuilderAppend" time="0,000" classname="cviceni.StringBuilderAndBufferTest"/>
  <testcase name="testBuilderAppendDelete" time="0,000" classname="cviceni.StringBuilderAndBufferTest"/>
  <testcase name="testBuilderAppendDelete" time="0,001" classname="cviceni.StringBuilderAndBufferTest"/>
  <testcase name="testBufferAppend" time="0,000" classname="cviceni.StringBuilderAndBufferTest"/>
  <testcase name="testBuilderAppendDelete" time="0,000" classname="cviceni.StringBuilderAndBufferTest"/>
  <testcase name="testBufferAppendDelete" time="0,000" classname="cviceni.StringBuilderAndBufferTest"/>
  <testcase name="testBuilderAppendDelete" time="0,000" classname="cviceni.StringBuilderAndBufferTest"/>
  <testcase name="testBuilderAppend" time="0,000" classname="cviceni.StringBuilderAndBufferTest"/>
  <testcase name="testBufferAppend" time="0,000" classname="cviceni.StringBuilderAndBufferTest"/>
  <testcase name="testBufferAppend" time="0,000" classname="cviceni.StringBuilderAndBufferTest"/>
  <testcase name="testBufferAppendDelete" time="0,001" classname="cviceni.StringBuilderAndBufferTest"/>
  <testcase name="testBuilderAppend" time="0,000" classname="cviceni.StringBuilderAndBufferTest"/>
  <testcase name="testBuilderAppendDelete" time="0,000" classname="cviceni.StringBuilderAndBufferTest"/>
  <testcase name="testBuilderAppend" time="0,001" classname="cviceni.StringBuilderAndBufferTest"/>
  <testcase name="testBuilderAppend" time="0,000" classname="cviceni.StringBuilderAndBufferTest"/>
  <testcase name="testBufferAppendDelete" time="0,001" classname="cviceni.StringBuilderAndBufferTest"/>
  <testcase name="testBufferAppendDelete" time="0,000" classname="cviceni.StringBuilderAndBufferTest"/>
  <testcase name="testBufferAppendDelete" time="0,000" classname="cviceni.StringBuilderAndBufferTest"/>
  <testcase name="testBuilderAppendDelete" time="0,000" classname="cviceni.StringBuilderAndBufferTest"/>
  <testcase name="testBufferAppend" time="0,000" classname="cviceni.StringBuilderAndBufferTest"/>
  <testcase name="testBuilderAppend" time="0,000" classname="cviceni.StringBuilderAndBufferTest"/>
  <testcase name="testBuilderAppend" time="0,000" classname="cviceni.StringBuilderAndBufferTest"/>
  <testcase name="testBufferAppend" time="0,000" classname="cviceni.StringBuilderAndBufferTest"/>
  <testcase name="testBuilderAppend" time="0,000" classname="cviceni.StringBuilderAndBufferTest"/>
  <testcase name="testBufferAppend" time="0,000" classname="cviceni.StringBuilderAndBufferTest"/>
  <testcase name="testBufferAppendDelete" time="0,000" classname="cviceni.StringBuilderAndBufferTest"/>
  <testcase name="testBuilderAppendDelete" time="0,001" classname="cviceni.StringBuilderAndBufferTest"/>
  <testcase name="testBuilderAppend" time="0,001" classname="cviceni.StringBuilderAndBufferTest"/>
  <testcase name="testBufferAppend" time="0,000" classname="cviceni.StringBuilderAndBufferTest"/>
  <testcase name="testBufferAppend" time="0,001" classname="cviceni.StringBuilderAndBufferTest"/>
  <testcase name="testBuilderAppend" time="0,001" classname="cviceni.StringBuilderAndBufferTest"/>
  <testcase name="testBuilderAppend" time="0,001" classname="cviceni.StringBuilderAndBufferTest"/>
  <testcase name="testBuilderAppendDelete" time="0,000" classname="cviceni.StringBuilderAndBufferTest"/>
  <testcase name="testBufferAppendDelete" time="0,001" classname="cviceni.StringBuilderAndBufferTest"/>
  <testcase name="testBufferAppendDelete" time="0,000" classname="cviceni.StringBuilderAndBufferTest"/>
  <testcase name="testBuilderAppendDelete" time="0,000" classname="cviceni.StringBuilderAndBufferTest"/>
  <testcase name="testBufferAppend" time="0,001" classname="cviceni.StringBuilderAndBufferTest"/>
  <testcase name="testBuilderAppendDelete" time="0,000" classname="cviceni.StringBuilderAndBufferTest"/>
  <testcase name="testBufferAppendDelete" time="0,000" classname="cviceni.StringBuilderAndBufferTest"/>
  <testcase name="testBuilderAppend" time="0,000" classname="cviceni.StringBuilderAndBufferTest"/>
  <testcase name="testBuilderAppend" time="0,001" classname="cviceni.StringBuilderAndBufferTest"/>
  <testcase name="testBufferAppendDelete" time="0,000" classname="cviceni.StringBuilderAndBufferTest"/>
  <testcase name="testBuilderAppend" time="0,000" classname="cviceni.StringBuilderAndBufferTest"/>
  <testcase name="testBuilderAppendDelete" time="0,001" classname="cviceni.StringBuilderAndBufferTest"/>
  <testcase name="testBufferAppend" time="0,000" classname="cviceni.StringBuilderAndBufferTest"/>
  <testcase name="testBufferAppend" time="0,000" classname="cviceni.StringBuilderAndBufferTest"/>
  <testcase name="testBufferAppend" time="0,000" classname="cviceni.StringBuilderAndBufferTest"/>
  <testcase name="testBuilderAppend" time="0,000" classname="cviceni.StringBuilderAndBufferTest"/>
  <testcase name="testBufferAppendDelete" time="0,001" classname="cviceni.StringBuilderAndBufferTest"/>
  <testcase name="testBufferAppend" time="0,000" classname="cviceni.StringBuilderAndBufferTest"/>
  <testcase name="testBuilderAppendDelete" time="0,000" classname="cviceni.StringBuilderAndBufferTest"/>
  <testcase name="testBuilderAppendDelete" time="0,000" classname="cviceni.StringBuilderAndBufferTest"/>
  <testcase name="testBufferAppend" time="0,000" classname="cviceni.StringBuilderAndBufferTest"/>
  <testcase name="testBufferAppend" time="0,001" classname="cviceni.StringBuilderAndBufferTest"/>
  <testcase name="testBufferAppendDelete" time="0,000" classname="cviceni.StringBuilderAndBufferTest"/>
  <testcase name="testBufferAppend" time="0,001" classname="cviceni.StringBuilderAndBufferTest"/>
  <testcase name="testBuilderAppendDelete" time="0,001" classname="cviceni.StringBuilderAndBufferTest"/>
  <testcase name="testBufferAppendDelete" time="0,002" classname="cviceni.StringBuilderAndBufferTest"/>
  <testcase name="testBuilderAppendDelete" time="0,000" classname="cviceni.StringBuilderAndBufferTest"/>
  <testcase name="testBuilderAppendDelete" time="0,001" classname="cviceni.StringBuilderAndBufferTest"/>
  <testcase name="testBufferAppend" time="0,000" classname="cviceni.StringBuilderAndBufferTest"/>
  <testcase name="testBufferAppendDelete" time="0,000" classname="cviceni.StringBuilderAndBufferTest"/>
  <testcase name="testBuilderAppend" time="0,000" classname="cviceni.StringBuilderAndBufferTest"/>
  <testcase name="testBuilderAppendDelete" time="0,000" classname="cviceni.StringBuilderAndBufferTest"/>
  <testcase name="testBuilderAppendDelete" time="0,001" classname="cviceni.StringBuilderAndBufferTest"/>
  <testcase name="testBufferAppend" time="0,001" classname="cviceni.StringBuilderAndBufferTest"/>
  <testcase name="testBufferAppend" time="0,001" classname="cviceni.StringBuilderAndBufferTest"/>
  <testcase name="testBufferAppend" time="0,001" classname="cviceni.StringBuilderAndBufferTest"/>
  <testcase name="testBufferAppendDelete" time="0,000" classname="cviceni.StringBuilderAndBufferTest"/>
  <testcase name="testBufferAppendDelete" time="0,000" classname="cviceni.StringBuilderAndBufferTest"/>
  <testcase name="testBufferAppend" time="0,001" classname="cviceni.StringBuilderAndBufferTest"/>
  <testcase name="testBufferAppend" time="0,000" classname="cviceni.StringBuilderAndBufferTest"/>
  <testcase name="testBuilderAppendDelete" time="0,000" classname="cviceni.StringBuilderAndBufferTest"/>
  <testcase name="testBufferAppend" time="0,000" classname="cviceni.StringBuilderAndBufferTest"/>
  <testcase name="testBufferAppendDelete" time="0,001" classname="cviceni.StringBuilderAndBufferTest"/>
  <testcase name="testBufferAppend" time="0,001" classname="cviceni.StringBuilderAndBufferTest"/>
  <testcase name="testBufferAppendDelete" time="0,000" classname="cviceni.StringBuilderAndBufferTest"/>
  <testcase name="testBufferAppend" time="0,001" classname="cviceni.StringBuilderAndBufferTest"/>
  <testcase name="testBuilderAppendDelete" time="0,000" classname="cviceni.StringBuilderAndBufferTest"/>
  <testcase name="testBuilderAppendDelete" time="0,000" classname="cviceni.StringBuilderAndBufferTest"/>
  <testcase name="testBuilderAppendDelete" time="0,000" classname="cviceni.StringBuilderAndBufferTest"/>
  <testcase name="testBufferAppendDelete" time="0,001" classname="cviceni.StringBuilderAndBufferTest"/>
  <testcase name="testBuilderAppendDelete" time="0,001" classname="cviceni.StringBuilderAndBufferTest"/>
  <testcase name="testBuilderAppend" time="0,000" classname="cviceni.StringBuilderAndBufferTest"/>
  <testcase name="testBuilderAppendDelete" time="0,153" classname="cviceni.StringBuilderAndBufferTest"/>
  <testcase name="testBufferAppendDelete" time="0,000" classname="cviceni.StringBuilderAndBufferTest"/>
  <testcase name="testBufferAppend" time="0,001" classname="cviceni.StringBuilderAndBufferTest"/>
  <testcase name="testBuilderAppend" time="0,001" classname="cviceni.StringBuilderAndBufferTest"/>
  <testcase name="testBuilderAppendDelete" time="0,000" classname="cviceni.StringBuilderAndBufferTest"/>
  <testcase name="testBuilderAppend" time="0,001" classname="cviceni.StringBuilderAndBufferTest"/>
  <testcase name="testBuilderAppendDelete" time="0,000" classname="cviceni.StringBuilderAndBufferTest"/>
  <testcase name="testBufferAppendDelete" time="0,005" classname="cviceni.StringBuilderAndBufferTest"/>
  <testcase name="testBufferAppend" time="0,001" classname="cviceni.StringBuilderAndBufferTest"/>
  <testcase name="testBuilderAppend" time="0,000" classname="cviceni.StringBuilderAndBufferTest"/>
  <testcase name="testBufferAppendDelete" time="0,000" classname="cviceni.StringBuilderAndBufferTest"/>
  <testcase name="testBufferAppendDelete" time="0,000" classname="cviceni.StringBuilderAndBufferTest"/>
  <testcase name="testBuilderAppendDelete" time="0,000" classname="cviceni.StringBuilderAndBufferTest"/>
  <testcase name="testBuilderAppend" time="0,000" classname="cviceni.StringBuilderAndBufferTest"/>
  <testcase name="testBuilderAppendDelete" time="0,001" classname="cviceni.StringBuilderAndBufferTest"/>
  <testcase name="testBufferAppendDelete" time="0,000" classname="cviceni.StringBuilderAndBufferTest"/>
  <testcase name="testBuilderAppendDelete" time="0,001" classname="cviceni.StringBuilderAndBufferTest"/>
  <testcase name="testBuilderAppend" time="0,000" classname="cviceni.StringBuilderAndBufferTest"/>
  <testcase name="testBuilderAppend" time="0,000" classname="cviceni.StringBuilderAndBufferTest"/>
  <testcase name="testBufferAppend" time="0,000" classname="cviceni.StringBuilderAndBufferTest"/>
  <testcase name="testBuilderAppend" time="0,001" classname="cviceni.StringBuilderAndBufferTest"/>
  <testcase name="testBuilderAppend" time="0,000" classname="cviceni.StringBuilderAndBufferTest"/>
  <testcase name="testBuilderAppend" time="0,000" classname="cviceni.StringBuilderAndBufferTest"/>
  <testcase name="testBuilderAppendDelete" time="0,000" classname="cviceni.StringBuilderAndBufferTest"/>
  <testcase name="testBufferAppendDelete" time="0,000" classname="cviceni.StringBuilderAndBufferTest"/>
  <testcase name="testBuilderAppendDelete" time="0,002" classname="cviceni.StringBuilderAndBufferTest"/>
  <testcase name="testBuilderAppend" time="0,014" classname="cviceni.StringBuilderAndBufferTest"/>
  <testcase name="testBufferAppendDelete" time="0,001" classname="cviceni.StringBuilderAndBufferTest"/>
  <testcase name="testBuilderAppendDelete" time="0,000" classname="cviceni.StringBuilderAndBufferTest"/>
  <testcase name="testBuilderAppend" time="0,000" classname="cviceni.StringBuilderAndBufferTest"/>
  <testcase name="testBuilderAppend" time="0,000" classname="cviceni.StringBuilderAndBufferTest"/>
  <testcase name="testBuilderAppend" time="0,000" classname="cviceni.StringBuilderAndBufferTest"/>
  <testcase name="testBufferAppendDelete" time="0,000" classname="cviceni.StringBuilderAndBufferTest"/>
  <testcase name="testBufferAppendDelete" time="0,000" classname="cviceni.StringBuilderAndBufferTest"/>
  <testcase name="testBufferAppendDelete" time="0,000" classname="cviceni.StringBuilderAndBufferTest"/>
  <testcase name="testBuilderAppend" time="0,005" classname="cviceni.StringBuilderAndBufferTest"/>
  <testcase name="testBufferAppend" time="0,001" classname="cviceni.StringBuilderAndBufferTest"/>
  <testcase name="testBuilderAppendDelete" time="0,000" classname="cviceni.StringBuilderAndBufferTest"/>
  <testcase name="testBufferAppend" time="0,000" classname="cviceni.StringBuilderAndBufferTest"/>
  <testcase name="testBuilderAppend" time="0,000" classname="cviceni.StringBuilderAndBufferTest"/>
  <testcase name="testBuilderAppendDelete" time="0,000" classname="cviceni.StringBuilderAndBufferTest"/>
  <testcase name="testBuilderAppend" time="0,000" classname="cviceni.StringBuilderAndBufferTest"/>
  <testcase name="testBuilderAppendDelete" time="0,000" classname="cviceni.StringBuilderAndBufferTest"/>
  <testcase name="testBufferAppend" time="0,000" classname="cviceni.StringBuilderAndBufferTest"/>
  <testcase name="testBuilderAppend" time="0,000" classname="cviceni.StringBuilderAndBufferTest"/>
  <testcase name="testBuilderAppendDelete" time="0,000" classname="cviceni.StringBuilderAndBufferTest"/>
  <testcase name="testBufferAppendDelete" time="0,000" classname="cviceni.StringBuilderAndBufferTest"/>
  <testcase name="testBufferAppendDelete" time="0,000" classname="cviceni.StringBuilderAndBufferTest"/>
  <testcase name="testBuilderAppendDelete" time="0,000" classname="cviceni.StringBuilderAndBufferTest"/>
  <testcase name="testBufferAppend" time="0,000" classname="cviceni.StringBuilderAndBufferTest"/>
  <testcase name="testBufferAppend" time="0,001" classname="cviceni.StringBuilderAndBufferTest"/>
  <testcase name="testBufferAppendDelete" time="0,000" classname="cviceni.StringBuilderAndBufferTest"/>
  <testcase name="testBuilderAppendDelete" time="0,000" classname="cviceni.StringBuilderAndBufferTest"/>
  <testcase name="testBuilderAppendDelete" time="0,001" classname="cviceni.StringBuilderAndBufferTest"/>
  <testcase name="testBufferAppendDelete" time="0,000" classname="cviceni.StringBuilderAndBufferTest"/>
  <testcase name="testBuilderAppendDelete" time="0,000" classname="cviceni.StringBuilderAndBufferTest"/>
  <testcase name="testBufferAppend" time="0,000" classname="cviceni.StringBuilderAndBufferTest"/>
  <testcase name="testBuilderAppendDelete" time="0,000" classname="cviceni.StringBuilderAndBufferTest"/>
  <testcase name="testBuilderAppend" time="0,001" classname="cviceni.StringBuilderAndBufferTest"/>
  <testcase name="testBuilderAppendDelete" time="0,000" classname="cviceni.StringBuilderAndBufferTest"/>
  <testcase name="testBufferAppend" time="0,001" classname="cviceni.StringBuilderAndBufferTest"/>
  <testcase name="testBufferAppendDelete" time="0,001" classname="cviceni.StringBuilderAndBufferTest"/>
  <testcase name="testBufferAppend" time="0,001" classname="cviceni.StringBuilderAndBufferTest"/>
  <testcase name="testBuilderAppend" time="0,000" classname="cviceni.StringBuilderAndBufferTest"/>
  <testcase name="testBuilderAppendDelete" time="0,000" classname="cviceni.StringBuilderAndBufferTest"/>
  <testcase name="testBufferAppend" time="0,000" classname="cviceni.StringBuilderAndBufferTest"/>
  <testcase name="testBufferAppendDelete" time="0,000" classname="cviceni.StringBuilderAndBufferTest"/>
  <testcase name="testBuilderAppendDelete" time="0,000" classname="cviceni.StringBuilderAndBufferTest"/>
  <testcase name="testBufferAppendDelete" time="0,000" classname="cviceni.StringBuilderAndBufferTest"/>
  <testcase name="testBufferAppendDelete" time="0,000" classname="cviceni.StringBuilderAndBufferTest"/>
  <testcase name="testBufferAppend" time="0,000" classname="cviceni.StringBuilderAndBufferTest"/>
  <testcase name="testBuilderAppendDelete" time="0,000" classname="cviceni.StringBuilderAndBufferTest"/>
  <testcase name="testBufferAppendDelete" time="0,000" classname="cviceni.StringBuilderAndBufferTest"/>
  <testcase name="testBufferAppendDelete" time="0,000" classname="cviceni.StringBuilderAndBufferTest"/>
  <testcase name="testBufferAppend" time="0,000" classname="cviceni.StringBuilderAndBufferTest"/>
  <testcase name="testBufferAppend" time="0,001" classname="cviceni.StringBuilderAndBufferTest"/>
  <testcase name="testBuilderAppend" time="0,000" classname="cviceni.StringBuilderAndBufferTest"/>
  <testcase name="testBuilderAppendDelete" time="0,000" classname="cviceni.StringBuilderAndBufferTest"/>
  <testcase name="testBuilderAppendDelete" time="0,000" classname="cviceni.StringBuilderAndBufferTest"/>
  <testcase name="testBuilderAppend" time="0,000" classname="cviceni.StringBuilderAndBufferTest"/>
  <testcase name="testBufferAppendDelete" time="0,000" classname="cviceni.StringBuilderAndBufferTest"/>
  <testcase name="testBufferAppend" time="0,001" classname="cviceni.StringBuilderAndBufferTest"/>
  <testcase name="testBuilderAppend" time="0,000" classname="cviceni.StringBuilderAndBufferTest"/>
  <testcase name="testBufferAppend" time="0,001" classname="cviceni.StringBuilderAndBufferTest"/>
  <testcase name="testBuilderAppend" time="0,000" classname="cviceni.StringBuilderAndBufferTest"/>
  <testcase name="testBuilderAppendDelete" time="0,000" classname="cviceni.StringBuilderAndBufferTest"/>
  <testcase name="testBuilderAppend" time="0,000" classname="cviceni.StringBuilderAndBufferTest"/>
  <testcase name="testBuilderAppend" time="0,001" classname="cviceni.StringBuilderAndBufferTest"/>
  <testcase name="testBufferAppendDelete" time="0,000" classname="cviceni.StringBuilderAndBufferTest"/>
  <testcase name="testBuilderAppendDelete" time="0,000" classname="cviceni.StringBuilderAndBufferTest"/>
  <testcase name="testBufferAppendDelete" time="0,000" classname="cviceni.StringBuilderAndBufferTest"/>
  <testcase name="testBufferAppendDelete" time="0,001" classname="cviceni.StringBuilderAndBufferTest"/>
  <testcase name="testBufferAppend" time="0,000" classname="cviceni.StringBuilderAndBufferTest"/>
  <testcase name="testBufferAppend" time="0,000" classname="cviceni.StringBuilderAndBufferTest"/>
  <testcase name="testBuilderAppend" time="0,001" classname="cviceni.StringBuilderAndBufferTest"/>
  <testcase name="testBuilderAppendDelete" time="0,000" classname="cviceni.StringBuilderAndBufferTest"/>
  <testcase name="testBuilderAppend" time="0,000" classname="cviceni.StringBuilderAndBufferTest"/>
  <testcase name="testBufferAppendDelete" time="0,000" classname="cviceni.StringBuilderAndBufferTest"/>
  <testcase name="testBufferAppendDelete" time="0,000" classname="cviceni.StringBuilderAndBufferTest"/>
  <testcase name="testBuilderAppendDelete" time="0,000" classname="cviceni.StringBuilderAndBufferTest"/>
  <testcase name="testBuilderAppendDelete" time="0,000" classname="cviceni.StringBuilderAndBufferTest"/>
  <testcase name="testBufferAppend" time="0,001" classname="cviceni.StringBuilderAndBufferTest"/>
  <testcase name="testBuilderAppend" time="0,001" classname="cviceni.StringBuilderAndBufferTest"/>
  <testcase name="testBuilderAppendDelete" time="0,000" classname="cviceni.StringBuilderAndBufferTest"/>
  <testcase name="testBufferAppend" time="0,000" classname="cviceni.StringBuilderAndBufferTest"/>
  <testcase name="testBuilderAppend" time="0,000" classname="cviceni.StringBuilderAndBufferTest"/>
  <testcase name="testBufferAppendDelete" time="0,001" classname="cviceni.StringBuilderAndBufferTest"/>
  <testcase name="testBufferAppendDelete" time="0,000" classname="cviceni.StringBuilderAndBufferTest"/>
  <testcase name="testBuilderAppendDelete" time="0,000" classname="cviceni.StringBuilderAndBufferTest"/>
  <testcase name="testBuilderAppend" time="0,001" classname="cviceni.StringBuilderAndBufferTest"/>
  <testcase name="testBufferAppend" time="0,001" classname="cviceni.StringBuilderAndBufferTest"/>
  <testcase name="testBuilderAppend" time="0,000" classname="cviceni.StringBuilderAndBufferTest"/>
  <testcase name="testBuilderAppend" time="0,001" classname="cviceni.StringBuilderAndBufferTest"/>
  <testcase name="testBufferAppendDelete" time="0,001" classname="cviceni.StringBuilderAndBufferTest"/>
  <testcase name="testBufferAppendDelete" time="0,000" classname="cviceni.StringBuilderAndBufferTest"/>
  <testcase name="testBufferAppend" time="0,000" classname="cviceni.StringBuilderAndBufferTest"/>
  <testcase name="testBuilderAppend" time="0,001" classname="cviceni.StringBuilderAndBufferTest"/>
  <testcase name="testBufferAppend" time="0,001" classname="cviceni.StringBuilderAndBufferTest"/>
  <testcase name="testBuilderAppend" time="0,000" classname="cviceni.StringBuilderAndBufferTest"/>
  <testcase name="testBuilderAppendDelete" time="0,000" classname="cviceni.StringBuilderAndBufferTest"/>
  <testcase name="testBuilderAppendDelete" time="0,000" classname="cviceni.StringBuilderAndBufferTest"/>
  <testcase name="testBufferAppend" time="0,000" classname="cviceni.StringBuilderAndBufferTest"/>
  <testcase name="testBufferAppendDelete" time="0,000" classname="cviceni.StringBuilderAndBufferTest"/>
  <testcase name="testBuilderAppend" time="0,000" classname="cviceni.StringBuilderAndBufferTest"/>
  <testcase name="testBuilderAppend" time="0,000" classname="cviceni.StringBuilderAndBufferTest"/>
  <testcase name="testBufferAppendDelete" time="0,000" classname="cviceni.StringBuilderAndBufferTest"/>
  <testcase name="testBufferAppendDelete" time="0,000" classname="cviceni.StringBuilderAndBufferTest"/>
  <testcase name="testBuilderAppend" time="0,000" classname="cviceni.StringBuilderAndBufferTest"/>
  <testcase name="testBufferAppend" time="0,001" classname="cviceni.StringBuilderAndBufferTest"/>
  <testcase name="testBuilderAppendDelete" time="0,000" classname="cviceni.StringBuilderAndBufferTest"/>
  <testcase name="testBufferAppend" time="0,000" classname="cviceni.StringBuilderAndBufferTest"/>
  <testcase name="testBufferAppend" time="0,000" classname="cviceni.StringBuilderAndBufferTest"/>
  <testcase name="testBufferAppend" time="0,000" classname="cviceni.StringBuilderAndBufferTest"/>
  <testcase name="testBuilderAppendDelete" time="0,000" classname="cviceni.StringBuilderAndBufferTest"/>
  <testcase name="testBufferAppendDelete" time="0,000" classname="cviceni.StringBuilderAndBufferTest"/>
  <testcase name="testBufferAppend" time="0,000" classname="cviceni.StringBuilderAndBufferTest"/>
  <testcase name="testBuilderAppend" time="0,000" classname="cviceni.StringBuilderAndBufferTest"/>
  <testcase name="testBuilderAppendDelete" time="0,000" classname="cviceni.StringBuilderAndBufferTest"/>
  <testcase name="testBuilderAppend" time="0,001" classname="cviceni.StringBuilderAndBufferTest"/>
  <testcase name="testBufferAppend" time="0,000" classname="cviceni.StringBuilderAndBufferTest"/>
  <testcase name="testBuilderAppend" time="0,000" classname="cviceni.StringBuilderAndBufferTest"/>
  <testcase name="testBuilderAppendDelete" time="0,001" classname="cviceni.StringBuilderAndBufferTest"/>
  <testcase name="testBuilderAppendDelete" time="0,001" classname="cviceni.StringBuilderAndBufferTest"/>
  <testcase name="testBuilderAppend" time="0,000" classname="cviceni.StringBuilderAndBufferTest"/>
  <testcase name="testBufferAppendDelete" time="0,000" classname="cviceni.StringBuilderAndBufferTest"/>
  <testcase name="testBufferAppendDelete" time="0,000" classname="cviceni.StringBuilderAndBufferTest"/>
  <testcase name="testBuilderAppend" time="0,000" classname="cviceni.StringBuilderAndBufferTest"/>
  <testcase name="testBufferAppendDelete" time="0,000" classname="cviceni.StringBuilderAndBufferTest"/>
  <testcase name="testBufferAppendDelete" time="0,001" classname="cviceni.StringBuilderAndBufferTest"/>
  <testcase name="testBufferAppend" time="0,000" classname="cviceni.StringBuilderAndBufferTest"/>
  <testcase name="testBufferAppend" time="0,000" classname="cviceni.StringBuilderAndBufferTest"/>
  <testcase name="testBufferAppendDelete" time="0,000" classname="cviceni.StringBuilderAndBufferTest"/>
  <testcase name="testBufferAppendDelete" time="0,001" classname="cviceni.StringBuilderAndBufferTest"/>
  <testcase name="testBuilderAppendDelete" time="0,000" classname="cviceni.StringBuilderAndBufferTest"/>
  <testcase name="testBufferAppend" time="0,000" classname="cviceni.StringBuilderAndBufferTest"/>
  <testcase name="testBuilderAppendDelete" time="0,001" classname="cviceni.StringBuilderAndBufferTest"/>
  <testcase name="testBufferAppendDelete" time="0,000" classname="cviceni.StringBuilderAndBufferTest"/>
  <testcase name="testBuilderAppendDelete" time="0,000" classname="cviceni.StringBuilderAndBufferTest"/>
  <testcase name="testBuilderAppendDelete" time="0,001" classname="cviceni.StringBuilderAndBufferTest"/>
  <testcase name="testBuilderAppend" time="0,000" classname="cviceni.StringBuilderAndBufferTest"/>
  <testcase name="testBuilderAppend" time="0,000" classname="cviceni.StringBuilderAndBufferTest"/>
  <testcase name="testBuilderAppendDelete" time="0,000" classname="cviceni.StringBuilderAndBufferTest"/>
  <testcase name="testBuilderAppend" time="0,000" classname="cviceni.StringBuilderAndBufferTest"/>
  <testcase name="testBufferAppend" time="0,001" classname="cviceni.StringBuilderAndBufferTest"/>
  <testcase name="testBuilderAppendDelete" time="0,001" classname="cviceni.StringBuilderAndBufferTest"/>
  <testcase name="testBufferAppend" time="0,001" classname="cviceni.StringBuilderAndBufferTest"/>
  <testcase name="testBuilderAppendDelete" time="0,001" classname="cviceni.StringBuilderAndBufferTest"/>
  <testcase name="testBuilderAppend" time="0,000" classname="cviceni.StringBuilderAndBufferTest"/>
  <testcase name="testBufferAppend" time="0,000" classname="cviceni.StringBuilderAndBufferTest"/>
  <testcase name="testBufferAppendDelete" time="0,000" classname="cviceni.StringBuilderAndBufferTest"/>
  <testcase name="testBufferAppend" time="0,001" classname="cviceni.StringBuilderAndBufferTest"/>
  <testcase name="testBuilderAppend" time="0,000" classname="cviceni.StringBuilderAndBufferTest"/>
  <testcase name="testBuilderAppendDelete" time="0,007" classname="cviceni.StringBuilderAndBufferTest"/>
  <testcase name="testBuilderAppendDelete" time="0,000" classname="cviceni.StringBuilderAndBufferTest"/>
  <testcase name="testBuilderAppendDelete" time="0,001" classname="cviceni.StringBuilderAndBufferTest"/>
  <testcase name="testBuilderAppend" time="0,000" classname="cviceni.StringBuilderAndBufferTest"/>
  <testcase name="testBuilderAppendDelete" time="0,001" classname="cviceni.StringBuilderAndBufferTest"/>
  <testcase name="testBufferAppend" time="0,001" classname="cviceni.StringBuilderAndBufferTest"/>
  <testcase name="testBuilderAppend" time="0,000" classname="cviceni.StringBuilderAndBufferTest"/>
  <testcase name="testBufferAppend" time="0,000" classname="cviceni.StringBuilderAndBufferTest"/>
  <testcase name="testBufferAppend" time="0,001" classname="cviceni.StringBuilderAndBufferTest"/>
  <testcase name="testBufferAppend" time="0,000" classname="cviceni.StringBuilderAndBufferTest"/>
  <testcase name="testBuilderAppendDelete" time="0,000" classname="cviceni.StringBuilderAndBufferTest"/>
  <testcase name="testBuilderAppendDelete" time="0,000" classname="cviceni.StringBuilderAndBufferTest"/>
  <testcase name="testBuilderAppend" time="0,000" classname="cviceni.StringBuilderAndBufferTest"/>
  <testcase name="testBuilderAppend" time="0,000" classname="cviceni.StringBuilderAndBufferTest"/>
  <testcase name="testBuilderAppendDelete" time="0,000" classname="cviceni.StringBuilderAndBufferTest"/>
  <testcase name="testBufferAppend" time="0,001" classname="cviceni.StringBuilderAndBufferTest"/>
  <testcase name="testBufferAppend" time="0,000" classname="cviceni.StringBuilderAndBufferTest"/>
  <testcase name="testBuilderAppend" time="0,000" classname="cviceni.StringBuilderAndBufferTest"/>
  <testcase name="testBufferAppend" time="0,000" classname="cviceni.StringBuilderAndBufferTest"/>
  <testcase name="testBufferAppend" time="0,000" classname="cviceni.StringBuilderAndBufferTest"/>
  <testcase name="testBuilderAppend" time="0,000" classname="cviceni.StringBuilderAndBufferTest"/>
  <testcase name="testBufferAppend" time="0,001" classname="cviceni.StringBuilderAndBufferTest"/>
  <testcase name="testBuilderAppend" time="0,000" classname="cviceni.StringBuilderAndBufferTest"/>
  <testcase name="testBuilderAppendDelete" time="0,000" classname="cviceni.StringBuilderAndBufferTest"/>
  <testcase name="testBufferAppendDelete" time="0,000" classname="cviceni.StringBuilderAndBufferTest"/>
  <testcase name="testBuilderAppend" time="0,000" classname="cviceni.StringBuilderAndBufferTest"/>
  <testcase name="testBufferAppend" time="0,001" classname="cviceni.StringBuilderAndBufferTest"/>
  <testcase name="testBuilderAppend" time="0,000" classname="cviceni.StringBuilderAndBufferTest"/>
  <testcase name="testBufferAppendDelete" time="0,000" classname="cviceni.StringBuilderAndBufferTest"/>
  <testcase name="testBuilderAppendDelete" time="0,000" classname="cviceni.StringBuilderAndBufferTest"/>
  <testcase name="testBufferAppendDelete" time="0,000" classname="cviceni.StringBuilderAndBufferTest"/>
  <testcase name="testBuilderAppend" time="0,000" classname="cviceni.StringBuilderAndBufferTest"/>
  <testcase name="testBufferAppendDelete" time="0,000" classname="cviceni.StringBuilderAndBufferTest"/>
  <testcase name="testBuilderAppend" time="0,000" classname="cviceni.StringBuilderAndBufferTest"/>
  <testcase name="testBuilderAppendDelete" time="0,000" classname="cviceni.StringBuilderAndBufferTest"/>
  <testcase name="testBufferAppend" time="0,001" classname="cviceni.StringBuilderAndBufferTest"/>
  <testcase name="testBufferAppend" time="0,000" classname="cviceni.StringBuilderAndBufferTest"/>
  <testcase name="testBuilderAppendDelete" time="0,001" classname="cviceni.StringBuilderAndBufferTest"/>
  <testcase name="testBuilderAppendDelete" time="0,001" classname="cviceni.StringBuilderAndBufferTest"/>
  <testcase name="testBuilderAppend" time="0,000" classname="cviceni.StringBuilderAndBufferTest"/>
  <testcase name="testBufferAppend" time="0,000" classname="cviceni.StringBuilderAndBufferTest"/>
  <testcase name="testBufferAppendDelete" time="0,000" classname="cviceni.StringBuilderAndBufferTest"/>
  <testcase name="testBufferAppend" time="0,000" classname="cviceni.StringBuilderAndBufferTest"/>
  <testcase name="testBuilderAppendDelete" time="0,000" classname="cviceni.StringBuilderAndBufferTest"/>
  <testcase name="testBufferAppend" time="0,000" classname="cviceni.StringBuilderAndBufferTest"/>
  <testcase name="testBuilderAppend" time="0,000" classname="cviceni.StringBuilderAndBufferTest"/>
  <testcase name="testBuilderAppendDelete" time="0,003" classname="cviceni.StringBuilderAndBufferTest"/>
  <testcase name="testBuilderAppend" time="0,000" classname="cviceni.StringBuilderAndBufferTest"/>
  <testcase name="testBufferAppendDelete" time="0,000" classname="cviceni.StringBuilderAndBufferTest"/>
  <testcase name="testBufferAppend" time="0,000" classname="cviceni.StringBuilderAndBufferTest"/>
  <testcase name="testBuilderAppendDelete" time="0,001" classname="cviceni.StringBuilderAndBufferTest"/>
  <testcase name="testBufferAppend" time="0,000" classname="cviceni.StringBuilderAndBufferTest"/>
  <testcase name="testBufferAppend" time="0,000" classname="cviceni.StringBuilderAndBufferTest"/>
  <testcase name="testBufferAppendDelete" time="0,001" classname="cviceni.StringBuilderAndBufferTest"/>
  <testcase name="testBuilderAppend" time="0,001" classname="cviceni.StringBuilderAndBufferTest"/>
  <testcase name="testBufferAppendDelete" time="0,000" classname="cviceni.StringBuilderAndBufferTest"/>
  <testcase name="testBuilderAppend" time="0,001" classname="cviceni.StringBuilderAndBufferTest"/>
  <testcase name="testBufferAppend" time="0,000" classname="cviceni.StringBuilderAndBufferTest"/>
  <testcase name="testBuilderAppend" time="0,000" classname="cviceni.StringBuilderAndBufferTest"/>
  <testcase name="testBuilderAppend" time="0,000" classname="cviceni.StringBuilderAndBufferTest"/>
  <testcase name="testBuilderAppend" time="0,000" classname="cviceni.StringBuilderAndBufferTest"/>
  <testcase name="testBuilderAppend" time="0,000" classname="cviceni.StringBuilderAndBufferTest"/>
  <testcase name="testBuilderAppend" time="0,000" classname="cviceni.StringBuilderAndBufferTest"/>
  <testcase name="testBuilderAppendDelete" time="0,001" classname="cviceni.StringBuilderAndBufferTest"/>
  <testcase name="testBufferAppendDelete" time="0,000" classname="cviceni.StringBuilderAndBufferTest"/>
  <testcase name="testBufferAppend" time="0,000" classname="cviceni.StringBuilderAndBufferTest"/>
  <testcase name="testBuilderAppendDelete" time="0,000" classname="cviceni.StringBuilderAndBufferTest"/>
  <testcase name="testBufferAppendDelete" time="0,000" classname="cviceni.StringBuilderAndBufferTest"/>
  <testcase name="testBufferAppendDelete" time="0,000" classname="cviceni.StringBuilderAndBufferTest"/>
  <testcase name="testBufferAppend" time="0,001" classname="cviceni.StringBuilderAndBufferTest"/>
  <testcase name="testBuilderAppend" time="0,000" classname="cviceni.StringBuilderAndBufferTest"/>
  <testcase name="testBufferAppendDelete" time="0,000" classname="cviceni.StringBuilderAndBufferTest"/>
  <testcase name="testBuilderAppendDelete" time="0,000" classname="cviceni.StringBuilderAndBufferTest"/>
  <testcase name="testBufferAppendDelete" time="0,000" classname="cviceni.StringBuilderAndBufferTest"/>
  <testcase name="testBufferAppendDelete" time="0,000" classname="cviceni.StringBuilderAndBufferTest"/>
  <testcase name="testBufferAppendDelete" time="0,000" classname="cviceni.StringBuilderAndBufferTest"/>
  <testcase name="testBufferAppendDelete" time="0,000" classname="cviceni.StringBuilderAndBufferTest"/>
  <testcase name="testBuilderAppend" time="0,000" classname="cviceni.StringBuilderAndBufferTest"/>
  <testcase name="testBufferAppendDelete" time="0,001" classname="cviceni.StringBuilderAndBufferTest"/>
  <testcase name="testBuilderAppendDelete" time="0,000" classname="cviceni.StringBuilderAndBufferTest"/>
  <testcase name="testBuilderAppend" time="0,000" classname="cviceni.StringBuilderAndBufferTest"/>
  <testcase name="testBuilderAppendDelete" time="0,000" classname="cviceni.StringBuilderAndBufferTest"/>
  <testcase name="testBufferAppend" time="0,000" classname="cviceni.StringBuilderAndBufferTest"/>
  <testcase name="testBuilderAppend" time="0,001" classname="cviceni.StringBuilderAndBufferTest"/>
  <testcase name="testBufferAppend" time="0,000" classname="cviceni.StringBuilderAndBufferTest"/>
  <testcase name="testBuilderAppend" time="0,000" classname="cviceni.StringBuilderAndBufferTest"/>
  <testcase name="testBuilderAppendDelete" time="0,001" classname="cviceni.StringBuilderAndBufferTest"/>
  <testcase name="testBufferAppend" time="0,000" classname="cviceni.StringBuilderAndBufferTest"/>
  <testcase name="testBuilderAppend" time="0,019" classname="cviceni.StringBuilderAndBufferTest"/>
  <testcase name="testBufferAppendDelete" time="0,000" classname="cviceni.StringBuilderAndBufferTest"/>
  <testcase name="testBuilderAppend" time="0,001" classname="cviceni.StringBuilderAndBufferTest"/>
  <testcase name="testBufferAppendDelete" time="0,000" classname="cviceni.StringBuilderAndBufferTest"/>
  <testcase name="testBufferAppend" time="0,001" classname="cviceni.StringBuilderAndBufferTest"/>
  <testcase name="testBuilderAppendDelete" time="0,000" classname="cviceni.StringBuilderAndBufferTest"/>
  <testcase name="testBufferAppendDelete" time="0,000" classname="cviceni.StringBuilderAndBufferTest"/>
  <testcase name="testBufferAppendDelete" time="0,000" classname="cviceni.StringBuilderAndBufferTest"/>
  <testcase name="testBuilderAppendDelete" time="0,001" classname="cviceni.StringBuilderAndBufferTest"/>
  <testcase name="testBuilderAppend" time="0,000" classname="cviceni.StringBuilderAndBufferTest"/>
  <testcase name="testBuilderAppendDelete" time="0,001" classname="cviceni.StringBuilderAndBufferTest"/>
  <testcase name="testBuilderAppend" time="0,000" classname="cviceni.StringBuilderAndBufferTest"/>
  <testcase name="testBufferAppendDelete" time="0,000" classname="cviceni.StringBuilderAndBufferTest"/>
  <testcase name="testBuilderAppend" time="0,000" classname="cviceni.StringBuilderAndBufferTest"/>
  <testcase name="testBufferAppendDelete" time="0,000" classname="cviceni.StringBuilderAndBufferTest"/>
  <testcase name="testBuilderAppendDelete" time="0,001" classname="cviceni.StringBuilderAndBufferTest"/>
  <testcase name="testBufferAppend" time="0,001" classname="cviceni.StringBuilderAndBufferTest"/>
  <testcase name="testBuilderAppendDelete" time="0,001" classname="cviceni.StringBuilderAndBufferTest"/>
  <testcase name="testBuilderAppend" time="0,000" classname="cviceni.StringBuilderAndBufferTest"/>
  <testcase name="testBufferAppend" time="0,000" classname="cviceni.StringBuilderAndBufferTest"/>
  <testcase name="testBuilderAppend" time="0,000" classname="cviceni.StringBuilderAndBufferTest"/>
  <testcase name="testBufferAppendDelete" time="0,000" classname="cviceni.StringBuilderAndBufferTest"/>
  <testcase name="testBuilderAppendDelete" time="0,000" classname="cviceni.StringBuilderAndBufferTest"/>
  <testcase name="testBufferAppend" time="0,000" classname="cviceni.StringBuilderAndBufferTest"/>
  <testcase name="testBuilderAppendDelete" time="0,000" classname="cviceni.StringBuilderAndBufferTest"/>
  <testcase name="testBuilderAppendDelete" time="0,000" classname="cviceni.StringBuilderAndBufferTest"/>
  <testcase name="testBuilderAppendDelete" time="0,001" classname="cviceni.StringBuilderAndBufferTest"/>
  <testcase name="testBuilderAppend" time="0,001" classname="cviceni.StringBuilderAndBufferTest"/>
  <testcase name="testBuilderAppend" time="0,000" classname="cviceni.StringBuilderAndBufferTest"/>
  <testcase name="testBufferAppendDelete" time="0,000" classname="cviceni.StringBuilderAndBufferTest"/>
  <testcase name="testBuilderAppend" time="0,000" classname="cviceni.StringBuilderAndBufferTest"/>
  <testcase name="testBuilderAppendDelete" time="0,000" classname="cviceni.StringBuilderAndBufferTest"/>
  <testcase name="testBufferAppendDelete" time="0,000" classname="cviceni.StringBuilderAndBufferTest"/>
  <testcase name="testBufferAppendDelete" time="0,000" classname="cviceni.StringBuilderAndBufferTest"/>
  <testcase name="testBuilderAppendDelete" time="0,000" classname="cviceni.StringBuilderAndBufferTest"/>
  <testcase name="testBufferAppendDelete" time="0,001" classname="cviceni.StringBuilderAndBufferTest"/>
  <testcase name="testBuilderAppendDelete" time="0,000" classname="cviceni.StringBuilderAndBufferTest"/>
  <testcase name="testBuilderAppendDelete" time="0,000" classname="cviceni.StringBuilderAndBufferTest"/>
  <testcase name="testBuilderAppend" time="0,000" classname="cviceni.StringBuilderAndBufferTest"/>
  <testcase name="testBuilderAppend" time="0,001" classname="cviceni.StringBuilderAndBufferTest"/>
  <testcase name="testBufferAppend" time="0,000" classname="cviceni.StringBuilderAndBufferTest"/>
  <testcase name="testBuilderAppend" time="0,000" classname="cviceni.StringBuilderAndBufferTest"/>
  <testcase name="testBuilderAppendDelete" time="0,000" classname="cviceni.StringBuilderAndBufferTest"/>
  <testcase name="testBufferAppend" time="0,000" classname="cviceni.StringBuilderAndBufferTest"/>
  <testcase name="testBuilderAppendDelete" time="0,000" classname="cviceni.StringBuilderAndBufferTest"/>
  <testcase name="testBuilderAppendDelete" time="0,000" classname="cviceni.StringBuilderAndBufferTest"/>
  <testcase name="testBuilderAppendDelete" time="0,002" classname="cviceni.StringBuilderAndBufferTest"/>
  <testcase name="testBufferAppend" time="0,000" classname="cviceni.StringBuilderAndBufferTest"/>
  <testcase name="testBuilderAppend" time="0,000" classname="cviceni.StringBuilderAndBufferTest"/>
  <testcase name="testBuilderAppend" time="0,000" classname="cviceni.StringBuilderAndBufferTest"/>
  <testcase name="testBufferAppendDelete" time="0,000" classname="cviceni.StringBuilderAndBufferTest"/>
  <testcase name="testBuilderAppend" time="0,000" classname="cviceni.StringBuilderAndBufferTest"/>
  <testcase name="testBuilderAppend" time="0,001" classname="cviceni.StringBuilderAndBufferTest"/>
  <testcase name="testBufferAppendDelete" time="0,000" classname="cviceni.StringBuilderAndBufferTest"/>
  <testcase name="testBufferAppendDelete" time="0,000" classname="cviceni.StringBuilderAndBufferTest"/>
  <testcase name="testBuilderAppendDelete" time="0,001" classname="cviceni.StringBuilderAndBufferTest"/>
  <testcase name="testBufferAppendDelete" time="0,000" classname="cviceni.StringBuilderAndBufferTest"/>
  <testcase name="testBufferAppend" time="0,000" classname="cviceni.StringBuilderAndBufferTest"/>
  <testcase name="testBufferAppendDelete" time="0,000" classname="cviceni.StringBuilderAndBufferTest"/>
  <testcase name="testBufferAppendDelete" time="0,000" classname="cviceni.StringBuilderAndBufferTest"/>
  <testcase name="testBufferAppendDelete" time="0,000" classname="cviceni.StringBuilderAndBufferTest"/>
  <testcase name="testBufferAppendDelete" time="0,000" classname="cviceni.StringBuilderAndBufferTest"/>
  <testcase name="testBuilderAppendDelete" time="0,001" classname="cviceni.StringBuilderAndBufferTest"/>
  <testcase name="testBufferAppend" time="0,000" classname="cviceni.StringBuilderAndBufferTest"/>
  <testcase name="testBufferAppend" time="0,000" classname="cviceni.StringBuilderAndBufferTest"/>
  <testcase name="testBufferAppendDelete" time="0,000" classname="cviceni.StringBuilderAndBufferTest"/>
  <testcase name="testBuilderAppendDelete" time="0,001" classname="cviceni.StringBuilderAndBufferTest"/>
  <testcase name="testBuilderAppend" time="0,000" classname="cviceni.StringBuilderAndBufferTest"/>
  <testcase name="testBufferAppend" time="0,001" classname="cviceni.StringBuilderAndBufferTest"/>
  <testcase name="testBuilderAppend" time="0,000" classname="cviceni.StringBuilderAndBufferTest"/>
  <testcase name="testBufferAppendDelete" time="0,000" classname="cviceni.StringBuilderAndBufferTest"/>
  <testcase name="testBuilderAppendDelete" time="0,000" classname="cviceni.StringBuilderAndBufferTest"/>
  <testcase name="testBufferAppendDelete" time="0,000" classname="cviceni.StringBuilderAndBufferTest"/>
  <testcase name="testBuilderAppend" time="0,000" classname="cviceni.StringBuilderAndBufferTest"/>
  <testcase name="testBuilderAppend" time="0,001" classname="cviceni.StringBuilderAndBufferTest"/>
  <testcase name="testBuilderAppend" time="0,000" classname="cviceni.StringBuilderAndBufferTest"/>
  <testcase name="testBuilderAppendDelete" time="0,000" classname="cviceni.StringBuilderAndBufferTest"/>
  <testcase name="testBufferAppend" time="0,001" classname="cviceni.StringBuilderAndBufferTest"/>
  <testcase name="testBufferAppendDelete" time="0,000" classname="cviceni.StringBuilderAndBufferTest"/>
  <testcase name="testBuilderAppendDelete" time="0,000" classname="cviceni.StringBuilderAndBufferTest"/>
  <testcase name="testBuilderAppendDelete" time="0,000" classname="cviceni.StringBuilderAndBufferTest"/>
  <testcase name="testBufferAppendDelete" time="0,000" classname="cviceni.StringBuilderAndBufferTest"/>
  <testcase name="testBuilderAppend" time="0,000" classname="cviceni.StringBuilderAndBufferTest"/>
  <testcase name="testBufferAppend" time="0,000" classname="cviceni.StringBuilderAndBufferTest"/>
  <testcase name="testBuilderAppend" time="0,000" classname="cviceni.StringBuilderAndBufferTest"/>
  <testcase name="testBuilderAppendDelete" time="0,001" classname="cviceni.StringBuilderAndBufferTest"/>
  <testcase name="testBuilderAppendDelete" time="0,001" classname="cviceni.StringBuilderAndBufferTest"/>
  <testcase name="testBufferAppend" time="0,001" classname="cviceni.StringBuilderAndBufferTest"/>
  <testcase name="testBuilderAppend" time="0,000" classname="cviceni.StringBuilderAndBufferTest"/>
  <testcase name="testBuilderAppendDelete" time="0,000" classname="cviceni.StringBuilderAndBufferTest"/>
  <testcase name="testBufferAppendDelete" time="0,001" classname="cviceni.StringBuilderAndBufferTest"/>
  <testcase name="testBuilderAppendDelete" time="0,001" classname="cviceni.StringBuilderAndBufferTest"/>
  <testcase name="testBuilderAppendDelete" time="0,000" classname="cviceni.StringBuilderAndBufferTest"/>
  <testcase name="testBuilderAppendDelete" time="0,000" classname="cviceni.StringBuilderAndBufferTest"/>
  <testcase name="testBufferAppend" time="0,001" classname="cviceni.StringBuilderAndBufferTest"/>
  <testcase name="testBuilderAppend" time="0,001" classname="cviceni.StringBuilderAndBufferTest"/>
  <testcase name="testBufferAppendDelete" time="0,000" classname="cviceni.StringBuilderAndBufferTest"/>
  <testcase name="testBufferAppendDelete" time="0,000" classname="cviceni.StringBuilderAndBufferTest"/>
  <testcase name="testBuilderAppend" time="0,000" classname="cviceni.StringBuilderAndBufferTest"/>
  <testcase name="testBuilderAppendDelete" time="0,000" classname="cviceni.StringBuilderAndBufferTest"/>
  <testcase name="testBuilderAppend" time="0,000" classname="cviceni.StringBuilderAndBufferTest"/>
  <testcase name="testBuilderAppendDelete" time="0,001" classname="cviceni.StringBuilderAndBufferTest"/>
  <testcase name="testBufferAppendDelete" time="0,000" classname="cviceni.StringBuilderAndBufferTest"/>
  <testcase name="testBufferAppendDelete" time="0,000" classname="cviceni.StringBuilderAndBufferTest"/>
  <testcase name="testBuilderAppendDelete" time="0,001" classname="cviceni.StringBuilderAndBufferTest"/>
  <testcase name="testBuilderAppendDelete" time="0,001" classname="cviceni.StringBuilderAndBufferTest"/>
  <testcase name="testBufferAppend" time="0,001" classname="cviceni.StringBuilderAndBufferTest"/>
  <testcase name="testBuilderAppend" time="0,001" classname="cviceni.StringBuilderAndBufferTest"/>
  <testcase name="testBuilderAppend" time="0,000" classname="cviceni.StringBuilderAndBufferTest"/>
  <testcase name="testBufferAppend" time="0,001" classname="cviceni.StringBuilderAndBufferTest"/>
  <testcase name="testBuilderAppend" time="0,000" classname="cviceni.StringBuilderAndBufferTest"/>
  <testcase name="testBufferAppend" time="0,000" classname="cviceni.StringBuilderAndBufferTest"/>
  <testcase name="testBuilderAppend" time="0,001" classname="cviceni.StringBuilderAndBufferTest"/>
  <testcase name="testBuilderAppend" time="0,001" classname="cviceni.StringBuilderAndBufferTest"/>
  <testcase name="testBuilderAppend" time="0,000" classname="cviceni.StringBuilderAndBufferTest"/>
  <testcase name="testBuilderAppendDelete" time="0,000" classname="cviceni.StringBuilderAndBufferTest"/>
  <testcase name="testBuilderAppend" time="0,000" classname="cviceni.StringBuilderAndBufferTest"/>
  <testcase name="testBufferAppendDelete" time="0,001" classname="cviceni.StringBuilderAndBufferTest"/>
  <testcase name="testBuilderAppend" time="0,000" classname="cviceni.StringBuilderAndBufferTest"/>
  <testcase name="testBufferAppendDelete" time="0,001" classname="cviceni.StringBuilderAndBufferTest"/>
  <testcase name="testBuilderAppend" time="0,000" classname="cviceni.StringBuilderAndBufferTest"/>
  <testcase name="testBuilderAppend" time="0,000" classname="cviceni.StringBuilderAndBufferTest"/>
  <testcase name="testBufferAppend" time="0,000" classname="cviceni.StringBuilderAndBufferTest"/>
  <testcase name="testBuilderAppend" time="0,000" classname="cviceni.StringBuilderAndBufferTest"/>
  <testcase name="testBuilderAppendDelete" time="0,000" classname="cviceni.StringBuilderAndBufferTest"/>
  <testcase name="testBuilderAppend" time="0,001" classname="cviceni.StringBuilderAndBufferTest"/>
  <testcase name="testBuilderAppend" time="0,001" classname="cviceni.StringBuilderAndBufferTest"/>
  <testcase name="testBuilderAppend" time="0,001" classname="cviceni.StringBuilderAndBufferTest"/>
  <testcase name="testBufferAppendDelete" time="0,000" classname="cviceni.StringBuilderAndBufferTest"/>
  <testcase name="testBuilderAppendDelete" time="0,000" classname="cviceni.StringBuilderAndBufferTest"/>
  <testcase name="testBufferAppendDelete" time="0,000" classname="cviceni.StringBuilderAndBufferTest"/>
  <testcase name="testBufferAppend" time="0,000" classname="cviceni.StringBuilderAndBufferTest"/>
  <testcase name="testBufferAppend" time="0,000" classname="cviceni.StringBuilderAndBufferTest"/>
  <testcase name="testBuilderAppend" time="0,000" classname="cviceni.StringBuilderAndBufferTest"/>
  <testcase name="testBuilderAppendDelete" time="0,000" classname="cviceni.StringBuilderAndBufferTest"/>
  <testcase name="testBuilderAppendDelete" time="0,001" classname="cviceni.StringBuilderAndBufferTest"/>
  <testcase name="testBufferAppend" time="0,000" classname="cviceni.StringBuilderAndBufferTest"/>
  <testcase name="testBufferAppend" time="0,000" classname="cviceni.StringBuilderAndBufferTest"/>
  <testcase name="testBufferAppendDelete" time="0,001" classname="cviceni.StringBuilderAndBufferTest"/>
  <testcase name="testBuilderAppend" time="0,001" classname="cviceni.StringBuilderAndBufferTest"/>
  <testcase name="testBuilderAppendDelete" time="0,001" classname="cviceni.StringBuilderAndBufferTest"/>
  <testcase name="testBuilderAppendDelete" time="0,001" classname="cviceni.StringBuilderAndBufferTest"/>
  <testcase name="testBuilderAppendDelete" time="0,035" classname="cviceni.StringBuilderAndBufferTest"/>
  <testcase name="testBufferAppendDelete" time="0,000" classname="cviceni.StringBuilderAndBufferTest"/>
  <testcase name="testBuilderAppend" time="0,001" classname="cviceni.StringBuilderAndBufferTest"/>
  <testcase name="testBuilderAppend" time="0,000" classname="cviceni.StringBuilderAndBufferTest"/>
  <testcase name="testBuilderAppend" time="0,000" classname="cviceni.StringBuilderAndBufferTest"/>
  <testcase name="testBufferAppend" time="0,000" classname="cviceni.StringBuilderAndBufferTest"/>
  <testcase name="testBufferAppend" time="0,001" classname="cviceni.StringBuilderAndBufferTest"/>
  <testcase name="testBuilderAppendDelete" time="0,000" classname="cviceni.StringBuilderAndBufferTest"/>
  <testcase name="testBuilderAppend" time="0,001" classname="cviceni.StringBuilderAndBufferTest"/>
  <testcase name="testBufferAppendDelete" time="0,000" classname="cviceni.StringBuilderAndBufferTest"/>
  <testcase name="testBufferAppendDelete" time="0,001" classname="cviceni.StringBuilderAndBufferTest"/>
  <testcase name="testBufferAppend" time="0,000" classname="cviceni.StringBuilderAndBufferTest"/>
  <testcase name="testBufferAppend" time="0,001" classname="cviceni.StringBuilderAndBufferTest"/>
  <testcase name="testBuilderAppendDelete" time="0,000" classname="cviceni.StringBuilderAndBufferTest"/>
  <testcase name="testBufferAppend" time="0,000" classname="cviceni.StringBuilderAndBufferTest"/>
  <testcase name="testBufferAppendDelete" time="0,000" classname="cviceni.StringBuilderAndBufferTest"/>
  <testcase name="testBufferAppendDelete" time="0,001" classname="cviceni.StringBuilderAndBufferTest"/>
  <testcase name="testBuilderAppendDelete" time="0,000" classname="cviceni.StringBuilderAndBufferTest"/>
  <testcase name="testBuilderAppendDelete" time="0,001" classname="cviceni.StringBuilderAndBufferTest"/>
  <testcase name="testBuilderAppendDelete" time="0,001" classname="cviceni.StringBuilderAndBufferTest"/>
  <testcase name="testBufferAppend" time="0,001" classname="cviceni.StringBuilderAndBufferTest"/>
  <testcase name="testBuilderAppendDelete" time="0,001" classname="cviceni.StringBuilderAndBufferTest"/>
  <testcase name="testBuilderAppendDelete" time="0,001" classname="cviceni.StringBuilderAndBufferTest"/>
  <testcase name="testBufferAppendDelete" time="0,000" classname="cviceni.StringBuilderAndBufferTest"/>
  <testcase name="testBuilderAppendDelete" time="0,000" classname="cviceni.StringBuilderAndBufferTest"/>
  <testcase name="testBuilderAppend" time="0,001" classname="cviceni.StringBuilderAndBufferTest"/>
  <testcase name="testBufferAppendDelete" time="0,000" classname="cviceni.StringBuilderAndBufferTest"/>
  <testcase name="testBufferAppendDelete" time="0,001" classname="cviceni.StringBuilderAndBufferTest"/>
  <testcase name="testBuilderAppend" time="0,000" classname="cviceni.StringBuilderAndBufferTest"/>
  <testcase name="testBuilderAppend" time="0,000" classname="cviceni.StringBuilderAndBufferTest"/>
  <testcase name="testBufferAppend" time="0,000" classname="cviceni.StringBuilderAndBufferTest"/>
  <testcase name="testBufferAppendDelete" time="0,000" classname="cviceni.StringBuilderAndBufferTest"/>
  <testcase name="testBufferAppendDelete" time="0,000" classname="cviceni.StringBuilderAndBufferTest"/>
  <testcase name="testBufferAppend" time="0,001" classname="cviceni.StringBuilderAndBufferTest"/>
  <testcase name="testBuilderAppendDelete" time="0,000" classname="cviceni.StringBuilderAndBufferTest"/>
  <testcase name="testBufferAppend" time="0,001" classname="cviceni.StringBuilderAndBufferTest"/>
  <testcase name="testBufferAppend" time="0,001" classname="cviceni.StringBuilderAndBufferTest"/>
  <testcase name="testBuilderAppendDelete" time="0,001" classname="cviceni.StringBuilderAndBufferTest"/>
  <testcase name="testBufferAppendDelete" time="0,000" classname="cviceni.StringBuilderAndBufferTest"/>
  <testcase name="testBufferAppendDelete" time="0,000" classname="cviceni.StringBuilderAndBufferTest"/>
  <testcase name="testBufferAppend" time="0,000" classname="cviceni.StringBuilderAndBufferTest"/>
  <testcase name="testBufferAppend" time="0,000" classname="cviceni.StringBuilderAndBufferTest"/>
  <testcase name="testBuilderAppendDelete" time="0,000" classname="cviceni.StringBuilderAndBufferTest"/>
  <testcase name="testBufferAppend" time="0,000" classname="cviceni.StringBuilderAndBufferTest"/>
  <testcase name="testBuilderAppendDelete" time="0,000" classname="cviceni.StringBuilderAndBufferTest"/>
  <testcase name="testBufferAppendDelete" time="0,001" classname="cviceni.StringBuilderAndBufferTest"/>
  <testcase name="testBufferAppendDelete" time="0,000" classname="cviceni.StringBuilderAndBufferTest"/>
  <testcase name="testBuilderAppendDelete" time="0,000" classname="cviceni.StringBuilderAndBufferTest"/>
  <testcase name="testBufferAppendDelete" time="0,000" classname="cviceni.StringBuilderAndBufferTest"/>
  <testcase name="testBufferAppendDelete" time="0,000" classname="cviceni.StringBuilderAndBufferTest"/>
  <testcase name="testBufferAppend" time="0,079" classname="cviceni.StringBuilderAndBufferTest"/>
  <testcase name="testBufferAppend" time="0,001" classname="cviceni.StringBuilderAndBufferTest"/>
  <testcase name="testBufferAppendDelete" time="0,001" classname="cviceni.StringBuilderAndBufferTest"/>
  <testcase name="testBuilderAppendDelete" time="0,000" classname="cviceni.StringBuilderAndBufferTest"/>
  <testcase name="testBufferAppendDelete" time="0,000" classname="cviceni.StringBuilderAndBufferTest"/>
  <testcase name="testBufferAppend" time="0,012" classname="cviceni.StringBuilderAndBufferTest"/>
  <testcase name="testBuilderAppend" time="0,001" classname="cviceni.StringBuilderAndBufferTest"/>
  <testcase name="testBufferAppend" time="0,000" classname="cviceni.StringBuilderAndBufferTest"/>
  <testcase name="testBufferAppendDelete" time="0,726" classname="cviceni.StringBuilderAndBufferTest"/>
  <testcase name="testBuilderAppend" time="0,000" classname="cviceni.StringBuilderAndBufferTest"/>
  <testcase name="testBufferAppendDelete" time="0,001" classname="cviceni.StringBuilderAndBufferTest"/>
  <testcase name="testBuilderAppendDelete" time="0,000" classname="cviceni.StringBuilderAndBufferTest"/>
  <testcase name="testBufferAppendDelete" time="0,000" classname="cviceni.StringBuilderAndBufferTest"/>
  <testcase name="testBufferAppend" time="0,000" classname="cviceni.StringBuilderAndBufferTest"/>
  <testcase name="testBuilderAppendDelete" time="0,000" classname="cviceni.StringBuilderAndBufferTest"/>
  <testcase name="testBufferAppend" time="0,000" classname="cviceni.StringBuilderAndBufferTest"/>
  <testcase name="testBuilderAppendDelete" time="0,000" classname="cviceni.StringBuilderAndBufferTest"/>
  <testcase name="testBufferAppend" time="0,001" classname="cviceni.StringBuilderAndBufferTest"/>
  <testcase name="testBuilderAppendDelete" time="0,001" classname="cviceni.StringBuilderAndBufferTest"/>
  <testcase name="testBufferAppendDelete" time="0,001" classname="cviceni.StringBuilderAndBufferTest"/>
  <testcase name="testBuilderAppend" time="0,000" classname="cviceni.StringBuilderAndBufferTest"/>
  <testcase name="testBufferAppendDelete" time="0,000" classname="cviceni.StringBuilderAndBufferTest"/>
  <testcase name="testBufferAppendDelete" time="0,000" classname="cviceni.StringBuilderAndBufferTest"/>
  <testcase name="testBufferAppendDelete" time="0,000" classname="cviceni.StringBuilderAndBufferTest"/>
  <testcase name="testBufferAppendDelete" time="0,001" classname="cviceni.StringBuilderAndBufferTest"/>
  <testcase name="testBuilderAppend" time="0,000" classname="cviceni.StringBuilderAndBufferTest"/>
  <testcase name="testBufferAppendDelete" time="0,000" classname="cviceni.StringBuilderAndBufferTest"/>
  <testcase name="testBuilderAppend" time="0,000" classname="cviceni.StringBuilderAndBufferTest"/>
  <testcase name="testBufferAppendDelete" time="0,001" classname="cviceni.StringBuilderAndBufferTest"/>
  <testcase name="testBufferAppendDelete" time="0,000" classname="cviceni.StringBuilderAndBufferTest"/>
  <testcase name="testBufferAppendDelete" time="0,000" classname="cviceni.StringBuilderAndBufferTest"/>
  <testcase name="testBuilderAppendDelete" time="0,001" classname="cviceni.StringBuilderAndBufferTest"/>
  <testcase name="testBuilderAppendDelete" time="0,000" classname="cviceni.StringBuilderAndBufferTest"/>
  <testcase name="testBufferAppend" time="0,000" classname="cviceni.StringBuilderAndBufferTest"/>
  <testcase name="testBuilderAppend" time="0,000" classname="cviceni.StringBuilderAndBufferTest"/>
  <testcase name="testBuilderAppendDelete" time="0,001" classname="cviceni.StringBuilderAndBufferTest"/>
  <testcase name="testBufferAppend" time="0,000" classname="cviceni.StringBuilderAndBufferTest"/>
  <testcase name="testBufferAppendDelete" time="0,001" classname="cviceni.StringBuilderAndBufferTest"/>
  <testcase name="testBuilderAppend" time="0,000" classname="cviceni.StringBuilderAndBufferTest"/>
  <testcase name="testBuilderAppend" time="0,001" classname="cviceni.StringBuilderAndBufferTest"/>
  <testcase name="testBuilderAppendDelete" time="0,000" classname="cviceni.StringBuilderAndBufferTest"/>
  <testcase name="testBuilderAppend" time="0,000" classname="cviceni.StringBuilderAndBufferTest"/>
  <testcase name="testBuilderAppend" time="0,000" classname="cviceni.StringBuilderAndBufferTest"/>
  <testcase name="testBufferAppend" time="0,000" classname="cviceni.StringBuilderAndBufferTest"/>
  <testcase name="testBufferAppend" time="0,000" classname="cviceni.StringBuilderAndBufferTest"/>
  <testcase name="testBuilderAppendDelete" time="0,000" classname="cviceni.StringBuilderAndBufferTest"/>
  <testcase name="testBufferAppendDelete" time="0,000" classname="cviceni.StringBuilderAndBufferTest"/>
  <testcase name="testBufferAppendDelete" time="0,001" classname="cviceni.StringBuilderAndBufferTest"/>
  <testcase name="testBufferAppendDelete" time="0,000" classname="cviceni.StringBuilderAndBufferTest"/>
  <testcase name="testBufferAppendDelete" time="0,000" classname="cviceni.StringBuilderAndBufferTest"/>
  <testcase name="testBufferAppend" time="0,000" classname="cviceni.StringBuilderAndBufferTest"/>
  <testcase name="testBufferAppendDelete" time="0,001" classname="cviceni.StringBuilderAndBufferTest"/>
  <testcase name="testBufferAppend" time="0,000" classname="cviceni.StringBuilderAndBufferTest"/>
  <testcase name="testBuilderAppend" time="0,000" classname="cviceni.StringBuilderAndBufferTest"/>
  <testcase name="testBufferAppendDelete" time="0,001" classname="cviceni.StringBuilderAndBufferTest"/>
  <testcase name="testBuilderAppend" time="0,000" classname="cviceni.StringBuilderAndBufferTest"/>
  <testcase name="testBufferAppend" time="0,001" classname="cviceni.StringBuilderAndBufferTest"/>
  <testcase name="testBuilderAppend" time="0,000" classname="cviceni.StringBuilderAndBufferTest"/>
  <testcase name="testBuilderAppend" time="0,089" classname="cviceni.StringBuilderAndBufferTest"/>
  <testcase name="testBufferAppendDelete" time="0,000" classname="cviceni.StringBuilderAndBufferTest"/>
  <testcase name="testBufferAppendDelete" time="0,000" classname="cviceni.StringBuilderAndBufferTest"/>
  <testcase name="testBuilderAppend" time="0,000" classname="cviceni.StringBuilderAndBufferTest"/>
  <testcase name="testBuilderAppend" time="0,000" classname="cviceni.StringBuilderAndBufferTest"/>
  <testcase name="testBufferAppendDelete" time="0,001" classname="cviceni.StringBuilderAndBufferTest"/>
  <testcase name="testBufferAppend" time="0,000" classname="cviceni.StringBuilderAndBufferTest"/>
  <testcase name="testBufferAppend" time="0,000" classname="cviceni.StringBuilderAndBufferTest"/>
  <testcase name="testBufferAppendDelete" time="0,000" classname="cviceni.StringBuilderAndBufferTest"/>
  <testcase name="testBufferAppend" time="0,000" classname="cviceni.StringBuilderAndBufferTest"/>
  <testcase name="testBufferAppendDelete" time="0,001" classname="cviceni.StringBuilderAndBufferTest"/>
  <testcase name="testBuilderAppendDelete" time="0,000" classname="cviceni.StringBuilderAndBufferTest"/>
  <testcase name="testBuilderAppendDelete" time="0,000" classname="cviceni.StringBuilderAndBufferTest"/>
  <testcase name="testBufferAppend" time="0,000" classname="cviceni.StringBuilderAndBufferTest"/>
  <testcase name="testBuilderAppendDelete" time="0,000" classname="cviceni.StringBuilderAndBufferTest"/>
  <testcase name="testBuilderAppendDelete" time="0,001" classname="cviceni.StringBuilderAndBufferTest"/>
  <testcase name="testBuilderAppendDelete" time="0,000" classname="cviceni.StringBuilderAndBufferTest"/>
  <testcase name="testBuilderAppend" time="0,000" classname="cviceni.StringBuilderAndBufferTest"/>
  <testcase name="testBufferAppendDelete" time="0,000" classname="cviceni.StringBuilderAndBufferTest"/>
  <testcase name="testBuilderAppend" time="0,001" classname="cviceni.StringBuilderAndBufferTest"/>
  <testcase name="testBuilderAppendDelete" time="0,000" classname="cviceni.StringBuilderAndBufferTest"/>
  <testcase name="testBufferAppend" time="0,000" classname="cviceni.StringBuilderAndBufferTest"/>
  <testcase name="testBufferAppend" time="0,001" classname="cviceni.StringBuilderAndBufferTest"/>
  <testcase name="testBufferAppend" time="0,000" classname="cviceni.StringBuilderAndBufferTest"/>
  <testcase name="testBufferAppendDelete" time="0,001" classname="cviceni.StringBuilderAndBufferTest"/>
  <testcase name="testBuilderAppend" time="0,000" classname="cviceni.StringBuilderAndBufferTest"/>
  <testcase name="testBuilderAppend" time="0,000" classname="cviceni.StringBuilderAndBufferTest"/>
  <testcase name="testBuilderAppend" time="0,076" classname="cviceni.StringBuilderAndBufferTest"/>
  <testcase name="testBufferAppend" time="0,001" classname="cviceni.StringBuilderAndBufferTest"/>
  <testcase name="testBufferAppend" time="0,000" classname="cviceni.StringBuilderAndBufferTest"/>
  <testcase name="testBuilderAppend" time="0,000" classname="cviceni.StringBuilderAndBufferTest"/>
  <testcase name="testBuilderAppendDelete" time="0,001" classname="cviceni.StringBuilderAndBufferTest"/>
  <testcase name="testBufferAppendDelete" time="0,001" classname="cviceni.StringBuilderAndBufferTest"/>
  <testcase name="testBufferAppendDelete" time="0,001" classname="cviceni.StringBuilderAndBufferTest"/>
  <testcase name="testBufferAppendDelete" time="0,000" classname="cviceni.StringBuilderAndBufferTest"/>
  <testcase name="testBuilderAppendDelete" time="0,000" classname="cviceni.StringBuilderAndBufferTest"/>
  <testcase name="testBufferAppend" time="0,000" classname="cviceni.StringBuilderAndBufferTest"/>
  <testcase name="testBuilderAppend" time="0,001" classname="cviceni.StringBuilderAndBufferTest"/>
  <testcase name="testBufferAppendDelete" time="0,000" classname="cviceni.StringBuilderAndBufferTest"/>
  <testcase name="testBufferAppend" time="0,000" classname="cviceni.StringBuilderAndBufferTest"/>
  <testcase name="testBuilderAppend" time="0,000" classname="cviceni.StringBuilderAndBufferTest"/>
  <testcase name="testBuilderAppend" time="0,000" classname="cviceni.StringBuilderAndBufferTest"/>
  <testcase name="testBuilderAppendDelete" time="0,000" classname="cviceni.StringBuilderAndBufferTest"/>
  <testcase name="testBufferAppend" time="0,000" classname="cviceni.StringBuilderAndBufferTest"/>
  <testcase name="testBufferAppendDelete" time="0,000" classname="cviceni.StringBuilderAndBufferTest"/>
  <testcase name="testBuilderAppendDelete" time="0,001" classname="cviceni.StringBuilderAndBufferTest"/>
  <testcase name="testBuilderAppendDelete" time="0,000" classname="cviceni.StringBuilderAndBufferTest"/>
  <testcase name="testBufferAppendDelete" time="0,001" classname="cviceni.StringBuilderAndBufferTest"/>
  <testcase name="testBufferAppend" time="0,000" classname="cviceni.StringBuilderAndBufferTest"/>
  <testcase name="testBuilderAppend" time="0,000" classname="cviceni.StringBuilderAndBufferTest"/>
  <testcase name="testBuilderAppend" time="0,001" classname="cviceni.StringBuilderAndBufferTest"/>
  <testcase name="testBufferAppend" time="0,000" classname="cviceni.StringBuilderAndBufferTest"/>
  <testcase name="testBufferAppend" time="0,000" classname="cviceni.StringBuilderAndBufferTest"/>
  <testcase name="testBufferAppend" time="0,001" classname="cviceni.StringBuilderAndBufferTest"/>
  <testcase name="testBuilderAppendDelete" time="0,000" classname="cviceni.StringBuilderAndBufferTest"/>
  <testcase name="testBuilderAppendDelete" time="0,001" classname="cviceni.StringBuilderAndBufferTest"/>
  <testcase name="testBufferAppendDelete" time="0,001" classname="cviceni.StringBuilderAndBufferTest"/>
  <testcase name="testBuilderAppendDelete" time="0,001" classname="cviceni.StringBuilderAndBufferTest"/>
  <testcase name="testBuilderAppendDelete" time="0,000" classname="cviceni.StringBuilderAndBufferTest"/>
  <testcase name="testBuilderAppend" time="0,000" classname="cviceni.StringBuilderAndBufferTest"/>
  <testcase name="testBuilderAppend" time="0,005" classname="cviceni.StringBuilderAndBufferTest"/>
  <testcase name="testBufferAppend" time="0,001" classname="cviceni.StringBuilderAndBufferTest"/>
  <testcase name="testBuilderAppend" time="0,000" classname="cviceni.StringBuilderAndBufferTest"/>
  <testcase name="testBufferAppendDelete" time="0,000" classname="cviceni.StringBuilderAndBufferTest"/>
  <testcase name="testBuilderAppend" time="0,001" classname="cviceni.StringBuilderAndBufferTest"/>
  <testcase name="testBufferAppend" time="0,000" classname="cviceni.StringBuilderAndBufferTest"/>
  <testcase name="testBufferAppend" time="0,000" classname="cviceni.StringBuilderAndBufferTest"/>
  <testcase name="testBuilderAppendDelete" time="0,001" classname="cviceni.StringBuilderAndBufferTest"/>
  <testcase name="testBuilderAppendDelete" time="0,000" classname="cviceni.StringBuilderAndBufferTest"/>
  <testcase name="testBufferAppend" time="0,000" classname="cviceni.StringBuilderAndBufferTest"/>
  <testcase name="testBuilderAppend" time="0,000" classname="cviceni.StringBuilderAndBufferTest"/>
  <testcase name="testBuilderAppendDelete" time="0,000" classname="cviceni.StringBuilderAndBufferTest"/>
  <testcase name="testBufferAppend" time="0,000" classname="cviceni.StringBuilderAndBufferTest"/>
  <testcase name="testBuilderAppend" time="0,001" classname="cviceni.StringBuilderAndBufferTest"/>
  <testcase name="testBufferAppend" time="0,001" classname="cviceni.StringBuilderAndBufferTest"/>
  <testcase name="testBufferAppendDelete" time="0,000" classname="cviceni.StringBuilderAndBufferTest"/>
  <testcase name="testBufferAppend" time="0,000" classname="cviceni.StringBuilderAndBufferTest"/>
  <testcase name="testBuilderAppendDelete" time="0,000" classname="cviceni.StringBuilderAndBufferTest"/>
  <testcase name="testBuilderAppend" time="0,001" classname="cviceni.StringBuilderAndBufferTest"/>
  <testcase name="testBuilderAppendDelete" time="0,000" classname="cviceni.StringBuilderAndBufferTest"/>
  <testcase name="testBufferAppendDelete" time="0,000" classname="cviceni.StringBuilderAndBufferTest"/>
  <testcase name="testBufferAppendDelete" time="0,001" classname="cviceni.StringBuilderAndBufferTest"/>
  <testcase name="testBufferAppendDelete" time="0,001" classname="cviceni.StringBuilderAndBufferTest"/>
  <testcase name="testBuilderAppendDelete" time="0,000" classname="cviceni.StringBuilderAndBufferTest"/>
  <testcase name="testBuilderAppendDelete" time="0,001" classname="cviceni.StringBuilderAndBufferTest"/>
  <testcase name="testBuilderAppend" time="0,000" classname="cviceni.StringBuilderAndBufferTest"/>
  <testcase name="testBufferAppendDelete" time="0,000" classname="cviceni.StringBuilderAndBufferTest"/>
  <testcase name="testBufferAppendDelete" time="0,000" classname="cviceni.StringBuilderAndBufferTest"/>
  <testcase name="testBuilderAppend" time="0,000" classname="cviceni.StringBuilderAndBufferTest"/>
  <testcase name="testBuilderAppendDelete" time="0,001" classname="cviceni.StringBuilderAndBufferTest"/>
  <testcase name="testBuilderAppendDelete" time="0,000" classname="cviceni.StringBuilderAndBufferTest"/>
  <testcase name="testBufferAppendDelete" time="0,002" classname="cviceni.StringBuilderAndBufferTest"/>
  <testcase name="testBufferAppendDelete" time="0,000" classname="cviceni.StringBuilderAndBufferTest"/>
  <testcase name="testBufferAppend" time="0,000" classname="cviceni.StringBuilderAndBufferTest"/>
  <testcase name="testBuilderAppend" time="0,000" classname="cviceni.StringBuilderAndBufferTest"/>
  <testcase name="testBufferAppend" time="0,001" classname="cviceni.StringBuilderAndBufferTest"/>
  <testcase name="testBuilderAppendDelete" time="0,000" classname="cviceni.StringBuilderAndBufferTest"/>
  <testcase name="testBufferAppendDelete" time="0,000" classname="cviceni.StringBuilderAndBufferTest"/>
  <testcase name="testBufferAppend" time="0,000" classname="cviceni.StringBuilderAndBufferTest"/>
  <testcase name="testBufferAppendDelete" time="0,001" classname="cviceni.StringBuilderAndBufferTest"/>
  <testcase name="testBuilderAppend" time="0,000" classname="cviceni.StringBuilderAndBufferTest"/>
  <testcase name="testBufferAppendDelete" time="0,000" classname="cviceni.StringBuilderAndBufferTest"/>
  <testcase name="testBuilderAppend" time="0,000" classname="cviceni.StringBuilderAndBufferTest"/>
  <testcase name="testBufferAppend" time="0,001" classname="cviceni.StringBuilderAndBufferTest"/>
  <testcase name="testBufferAppendDelete" time="0,000" classname="cviceni.StringBuilderAndBufferTest"/>
  <testcase name="testBufferAppendDelete" time="0,001" classname="cviceni.StringBuilderAndBufferTest"/>
  <testcase name="testBuilderAppend" time="0,000" classname="cviceni.StringBuilderAndBufferTest"/>
  <testcase name="testBufferAppendDelete" time="0,000" classname="cviceni.StringBuilderAndBufferTest"/>
  <testcase name="testBuilderAppendDelete" time="0,000" classname="cviceni.StringBuilderAndBufferTest"/>
  <testcase name="testBufferAppendDelete" time="0,000" classname="cviceni.StringBuilderAndBufferTest"/>
  <testcase name="testBuilderAppendDelete" time="0,000" classname="cviceni.StringBuilderAndBufferTest"/>
  <testcase name="testBufferAppend" time="0,000" classname="cviceni.StringBuilderAndBufferTest"/>
  <testcase name="testBufferAppendDelete" time="0,001" classname="cviceni.StringBuilderAndBufferTest"/>
  <testcase name="testBuilderAppendDelete" time="0,000" classname="cviceni.StringBuilderAndBufferTest"/>
  <testcase name="testBufferAppendDelete" time="0,001" classname="cviceni.StringBuilderAndBufferTest"/>
  <testcase name="testBufferAppendDelete" time="0,000" classname="cviceni.StringBuilderAndBufferTest"/>
  <testcase name="testBufferAppend" time="0,000" classname="cviceni.StringBuilderAndBufferTest"/>
  <testcase name="testBuilderAppendDelete" time="0,000" classname="cviceni.StringBuilderAndBufferTest"/>
  <testcase name="testBuilderAppend" time="0,000" classname="cviceni.StringBuilderAndBufferTest"/>
  <testcase name="testBufferAppend" time="0,001" classname="cviceni.StringBuilderAndBufferTest"/>
  <testcase name="testBufferAppendDelete" time="0,000" classname="cviceni.StringBuilderAndBufferTest"/>
  <testcase name="testBuilderAppendDelete" time="0,000" classname="cviceni.StringBuilderAndBufferTest"/>
  <testcase name="testBuilderAppend" time="0,001" classname="cviceni.StringBuilderAndBufferTest"/>
  <testcase name="testBufferAppend" time="0,000" classname="cviceni.StringBuilderAndBufferTest"/>
  <testcase name="testBuilderAppend" time="0,000" classname="cviceni.StringBuilderAndBufferTest"/>
  <testcase name="testBufferAppend" time="0,000" classname="cviceni.StringBuilderAndBufferTest"/>
  <testcase name="testBuilderAppendDelete" time="0,000" classname="cviceni.StringBuilderAndBufferTest"/>
  <testcase name="testBufferAppendDelete" time="0,001" classname="cviceni.StringBuilderAndBufferTest"/>
  <testcase name="testBufferAppendDelete" time="0,000" classname="cviceni.StringBuilderAndBufferTest"/>
  <testcase name="testBufferAppendDelete" time="0,000" classname="cviceni.StringBuilderAndBufferTest"/>
  <testcase name="testBufferAppendDelete" time="0,000" classname="cviceni.StringBuilderAndBufferTest"/>
  <testcase name="testBuilderAppendDelete" time="0,001" classname="cviceni.StringBuilderAndBufferTest"/>
  <testcase name="testBufferAppend" time="0,000" classname="cviceni.StringBuilderAndBufferTest"/>
  <testcase name="testBufferAppendDelete" time="0,000" classname="cviceni.StringBuilderAndBufferTest"/>
  <testcase name="testBuilderAppend" time="0,000" classname="cviceni.StringBuilderAndBufferTest"/>
  <testcase name="testBuilderAppendDelete" time="0,000" classname="cviceni.StringBuilderAndBufferTest"/>
  <testcase name="testBuilderAppend" time="0,000" classname="cviceni.StringBuilderAndBufferTest"/>
  <testcase name="testBufferAppend" time="0,000" classname="cviceni.StringBuilderAndBufferTest"/>
  <testcase name="testBufferAppendDelete" time="0,000" classname="cviceni.StringBuilderAndBufferTest"/>
  <testcase name="testBuilderAppend" time="0,000" classname="cviceni.StringBuilderAndBufferTest"/>
  <testcase name="testBuilderAppend" time="0,000" classname="cviceni.StringBuilderAndBufferTest"/>
  <testcase name="testBufferAppend" time="0,001" classname="cviceni.StringBuilderAndBufferTest"/>
  <testcase name="testBufferAppendDelete" time="0,000" classname="cviceni.StringBuilderAndBufferTest"/>
  <testcase name="testBuilderAppend" time="0,000" classname="cviceni.StringBuilderAndBufferTest"/>
  <testcase name="testBufferAppend" time="0,001" classname="cviceni.StringBuilderAndBufferTest"/>
  <testcase name="testBufferAppend" time="0,001" classname="cviceni.StringBuilderAndBufferTest"/>
  <testcase name="testBuilderAppendDelete" time="0,000" classname="cviceni.StringBuilderAndBufferTest"/>
  <testcase name="testBuilderAppend" time="0,001" classname="cviceni.StringBuilderAndBufferTest"/>
  <testcase name="testBufferAppendDelete" time="0,000" classname="cviceni.StringBuilderAndBufferTest"/>
  <testcase name="testBufferAppend" time="0,000" classname="cviceni.StringBuilderAndBufferTest"/>
  <testcase name="testBufferAppendDelete" time="0,000" classname="cviceni.StringBuilderAndBufferTest"/>
  <testcase name="testBufferAppendDelete" time="0,001" classname="cviceni.StringBuilderAndBufferTest"/>
  <testcase name="testBufferAppendDelete" time="0,000" classname="cviceni.StringBuilderAndBufferTest"/>
  <testcase name="testBuilderAppendDelete" time="0,000" classname="cviceni.StringBuilderAndBufferTest"/>
  <testcase name="testBufferAppendDelete" time="0,000" classname="cviceni.StringBuilderAndBufferTest"/>
  <testcase name="testBufferAppend" time="0,001" classname="cviceni.StringBuilderAndBufferTest"/>
  <testcase name="testBufferAppend" time="0,000" classname="cviceni.StringBuilderAndBufferTest"/>
  <testcase name="testBufferAppendDelete" time="0,000" classname="cviceni.StringBuilderAndBufferTest"/>
  <testcase name="testBufferAppendDelete" time="0,001" classname="cviceni.StringBuilderAndBufferTest"/>
  <testcase name="testBuilderAppend" time="0,000" classname="cviceni.StringBuilderAndBufferTest"/>
  <testcase name="testBufferAppendDelete" time="0,000" classname="cviceni.StringBuilderAndBufferTest"/>
  <testcase name="testBufferAppend" time="0,000" classname="cviceni.StringBuilderAndBufferTest"/>
  <testcase name="testBufferAppendDelete" time="0,000" classname="cviceni.StringBuilderAndBufferTest"/>
  <testcase name="testBuilderAppendDelete" time="0,001" classname="cviceni.StringBuilderAndBufferTest"/>
  <testcase name="testBuilderAppend" time="0,039" classname="cviceni.StringBuilderAndBufferTest"/>
  <testcase name="testBuilderAppend" time="0,000" classname="cviceni.StringBuilderAndBufferTest"/>
  <testcase name="testBuilderAppendDelete" time="0,000" classname="cviceni.StringBuilderAndBufferTest"/>
  <testcase name="testBufferAppendDelete" time="0,000" classname="cviceni.StringBuilderAndBufferTest"/>
  <testcase name="testBuilderAppend" time="0,000" classname="cviceni.StringBuilderAndBufferTest"/>
  <testcase name="testBuilderAppend" time="0,000" classname="cviceni.StringBuilderAndBufferTest"/>
  <testcase name="testBuilderAppendDelete" time="0,001" classname="cviceni.StringBuilderAndBufferTest"/>
  <testcase name="testBuilderAppend" time="0,000" classname="cviceni.StringBuilderAndBufferTest"/>
  <testcase name="testBuilderAppendDelete" time="0,000" classname="cviceni.StringBuilderAndBufferTest"/>
  <testcase name="testBufferAppend" time="0,000" classname="cviceni.StringBuilderAndBufferTest"/>
  <testcase name="testBufferAppendDelete" time="0,001" classname="cviceni.StringBuilderAndBufferTest"/>
  <testcase name="testBuilderAppend" time="0,000" classname="cviceni.StringBuilderAndBufferTest"/>
  <testcase name="testBufferAppend" time="0,001" classname="cviceni.StringBuilderAndBufferTest"/>
  <testcase name="testBufferAppend" time="0,000" classname="cviceni.StringBuilderAndBufferTest"/>
  <testcase name="testBufferAppend" time="0,000" classname="cviceni.StringBuilderAndBufferTest"/>
  <testcase name="testBuilderAppend" time="0,000" classname="cviceni.StringBuilderAndBufferTest"/>
  <testcase name="testBufferAppendDelete" time="0,000" classname="cviceni.StringBuilderAndBufferTest"/>
  <testcase name="testBuilderAppendDelete" time="0,001" classname="cviceni.StringBuilderAndBufferTest"/>
  <testcase name="testBufferAppendDelete" time="0,000" classname="cviceni.StringBuilderAndBufferTest"/>
  <testcase name="testBuilderAppendDelete" time="0,002" classname="cviceni.StringBuilderAndBufferTest"/>
  <testcase name="testBufferAppend" time="0,000" classname="cviceni.StringBuilderAndBufferTest"/>
  <testcase name="testBufferAppend" time="0,000" classname="cviceni.StringBuilderAndBufferTest"/>
  <testcase name="testBufferAppendDelete" time="0,000" classname="cviceni.StringBuilderAndBufferTest"/>
  <testcase name="testBufferAppendDelete" time="0,000" classname="cviceni.StringBuilderAndBufferTest"/>
  <testcase name="testBuilderAppend" time="0,000" classname="cviceni.StringBuilderAndBufferTest"/>
  <testcase name="testBuilderAppend" time="0,000" classname="cviceni.StringBuilderAndBufferTest"/>
  <testcase name="testBufferAppend" time="0,001" classname="cviceni.StringBuilderAndBufferTest"/>
  <testcase name="testBufferAppendDelete" time="0,000" classname="cviceni.StringBuilderAndBufferTest"/>
  <testcase name="testBuilderAppendDelete" time="0,000" classname="cviceni.StringBuilderAndBufferTest"/>
  <testcase name="testBufferAppend" time="0,000" classname="cviceni.StringBuilderAndBufferTest"/>
  <testcase name="testBuilderAppend" time="0,000" classname="cviceni.StringBuilderAndBufferTest"/>
  <testcase name="testBuilderAppend" time="0,001" classname="cviceni.StringBuilderAndBufferTest"/>
  <testcase name="testBuilderAppendDelete" time="0,000" classname="cviceni.StringBuilderAndBufferTest"/>
  <testcase name="testBuilderAppend" time="0,000" classname="cviceni.StringBuilderAndBufferTest"/>
  <testcase name="testBufferAppendDelete" time="0,000" classname="cviceni.StringBuilderAndBufferTest"/>
  <testcase name="testBuilderAppend" time="0,000" classname="cviceni.StringBuilderAndBufferTest"/>
  <testcase name="testBufferAppend" time="0,001" classname="cviceni.StringBuilderAndBufferTest"/>
  <testcase name="testBuilderAppend" time="0,000" classname="cviceni.StringBuilderAndBufferTest"/>
  <testcase name="testBuilderAppendDelete" time="0,000" classname="cviceni.StringBuilderAndBufferTest"/>
  <testcase name="testBufferAppend" time="0,000" classname="cviceni.StringBuilderAndBufferTest"/>
  <testcase name="testBufferAppend" time="0,001" classname="cviceni.StringBuilderAndBufferTest"/>
  <testcase name="testBuilderAppend" time="0,000" classname="cviceni.StringBuilderAndBufferTest"/>
  <testcase name="testBuilderAppend" time="0,000" classname="cviceni.StringBuilderAndBufferTest"/>
  <testcase name="testBuilderAppendDelete" time="0,000" classname="cviceni.StringBuilderAndBufferTest"/>
  <testcase name="testBuilderAppend" time="0,000" classname="cviceni.StringBuilderAndBufferTest"/>
  <testcase name="testBufferAppendDelete" time="0,000" classname="cviceni.StringBuilderAndBufferTest"/>
  <testcase name="testBuilderAppendDelete" time="0,001" classname="cviceni.StringBuilderAndBufferTest"/>
  <testcase name="testBuilderAppend" time="0,000" classname="cviceni.StringBuilderAndBufferTest"/>
  <testcase name="testBufferAppend" time="0,000" classname="cviceni.StringBuilderAndBufferTest"/>
  <testcase name="testBuilderAppendDelete" time="0,001" classname="cviceni.StringBuilderAndBufferTest"/>
  <testcase name="testBufferAppend" time="0,000" classname="cviceni.StringBuilderAndBufferTest"/>
  <testcase name="testBufferAppendDelete" time="0,000" classname="cviceni.StringBuilderAndBufferTest"/>
  <testcase name="testBufferAppend" time="0,000" classname="cviceni.StringBuilderAndBufferTest"/>
  <testcase name="testBufferAppend" time="0,001" classname="cviceni.StringBuilderAndBufferTest"/>
  <testcase name="testBuilderAppendDelete" time="0,000" classname="cviceni.StringBuilderAndBufferTest"/>
  <testcase name="testBuilderAppend" time="0,000" classname="cviceni.StringBuilderAndBufferTest"/>
  <testcase name="testBuilderAppendDelete" time="0,000" classname="cviceni.StringBuilderAndBufferTest"/>
  <testcase name="testBufferAppend" time="0,001" classname="cviceni.StringBuilderAndBufferTest"/>
  <testcase name="testBufferAppendDelete" time="0,000" classname="cviceni.StringBuilderAndBufferTest"/>
  <testcase name="testBufferAppend" time="0,000" classname="cviceni.StringBuilderAndBufferTest"/>
  <testcase name="testBufferAppend" time="0,001" classname="cviceni.StringBuilderAndBufferTest"/>
  <testcase name="testBuilderAppend" time="0,000" classname="cviceni.StringBuilderAndBufferTest"/>
  <testcase name="testBuilderAppend" time="0,000" classname="cviceni.StringBuilderAndBufferTest"/>
  <testcase name="testBuilderAppendDelete" time="0,000" classname="cviceni.StringBuilderAndBufferTest"/>
  <testcase name="testBufferAppendDelete" time="0,001" classname="cviceni.StringBuilderAndBufferTest"/>
  <testcase name="testBufferAppendDelete" time="0,001" classname="cviceni.StringBuilderAndBufferTest"/>
  <testcase name="testBuilderAppendDelete" time="0,000" classname="cviceni.StringBuilderAndBufferTest"/>
  <testcase name="testBufferAppend" time="0,000" classname="cviceni.StringBuilderAndBufferTest"/>
  <testcase name="testBuilderAppendDelete" time="0,000" classname="cviceni.StringBuilderAndBufferTest"/>
  <testcase name="testBufferAppend" time="0,001" classname="cviceni.StringBuilderAndBufferTest"/>
  <testcase name="testBufferAppend" time="0,000" classname="cviceni.StringBuilderAndBufferTest"/>
  <testcase name="testBuilderAppendDelete" time="0,000" classname="cviceni.StringBuilderAndBufferTest"/>
  <testcase name="testBuilderAppendDelete" time="0,000" classname="cviceni.StringBuilderAndBufferTest"/>
  <testcase name="testBuilderAppend" time="0,001" classname="cviceni.StringBuilderAndBufferTest"/>
  <testcase name="testBufferAppendDelete" time="0,000" classname="cviceni.StringBuilderAndBufferTest"/>
  <testcase name="testBuilderAppendDelete" time="0,001" classname="cviceni.StringBuilderAndBufferTest"/>
  <testcase name="testBufferAppend" time="0,059" classname="cviceni.StringBuilderAndBufferTest"/>
  <testcase name="testBuilderAppend" time="0,001" classname="cviceni.StringBuilderAndBufferTest"/>
  <testcase name="testBuilderAppendDelete" time="0,001" classname="cviceni.StringBuilderAndBufferTest"/>
  <testcase name="testBufferAppendDelete" time="0,001" classname="cviceni.StringBuilderAndBufferTest"/>
  <testcase name="testBufferAppendDelete" time="0,000" classname="cviceni.StringBuilderAndBufferTest"/>
  <testcase name="testBuilderAppendDelete" time="0,000" classname="cviceni.StringBuilderAndBufferTest"/>
  <testcase name="testBufferAppend" time="0,000" classname="cviceni.StringBuilderAndBufferTest"/>
  <testcase name="testBuilderAppend" time="0,000" classname="cviceni.StringBuilderAndBufferTest"/>
  <testcase name="testBuilderAppend" time="0,000" classname="cviceni.StringBuilderAndBufferTest"/>
  <testcase name="testBuilderAppendDelete" time="0,001" classname="cviceni.StringBuilderAndBufferTest"/>
  <testcase name="testBuilderAppendDelete" time="0,001" classname="cviceni.StringBuilderAndBufferTest"/>
  <testcase name="testBufferAppendDelete" time="0,001" classname="cviceni.StringBuilderAndBufferTest"/>
  <testcase name="testBuilderAppendDelete" time="0,000" classname="cviceni.StringBuilderAndBufferTest"/>
  <testcase name="testBuilderAppendDelete" time="0,001" classname="cviceni.StringBuilderAndBufferTest"/>
  <testcase name="testBufferAppend" time="0,001" classname="cviceni.StringBuilderAndBufferTest"/>
  <testcase name="testBufferAppend" time="0,001" classname="cviceni.StringBuilderAndBufferTest"/>
  <testcase name="testBuilderAppendDelete" time="0,000" classname="cviceni.StringBuilderAndBufferTest"/>
  <testcase name="testBuilderAppend" time="0,000" classname="cviceni.StringBuilderAndBufferTest"/>
  <testcase name="testBufferAppend" time="0,001" classname="cviceni.StringBuilderAndBufferTest"/>
  <testcase name="testBufferAppend" time="0,001" classname="cviceni.StringBuilderAndBufferTest"/>
  <testcase name="testBuilderAppendDelete" time="0,000" classname="cviceni.StringBuilderAndBufferTest"/>
  <testcase name="testBufferAppendDelete" time="0,000" classname="cviceni.StringBuilderAndBufferTest"/>
  <testcase name="testBufferAppendDelete" time="0,000" classname="cviceni.StringBuilderAndBufferTest"/>
  <testcase name="testBuilderAppendDelete" time="0,000" classname="cviceni.StringBuilderAndBufferTest"/>
  <testcase name="testBuilderAppend" time="0,000" classname="cviceni.StringBuilderAndBufferTest"/>
  <testcase name="testBufferAppendDelete" time="0,000" classname="cviceni.StringBuilderAndBufferTest"/>
  <testcase name="testBufferAppendDelete" time="0,001" classname="cviceni.StringBuilderAndBufferTest"/>
  <testcase name="testBufferAppend" time="0,000" classname="cviceni.StringBuilderAndBufferTest"/>
  <testcase name="testBuilderAppendDelete" time="0,000" classname="cviceni.StringBuilderAndBufferTest"/>
  <testcase name="testBufferAppend" time="0,001" classname="cviceni.StringBuilderAndBufferTest"/>
  <testcase name="testBufferAppend" time="0,000" classname="cviceni.StringBuilderAndBufferTest"/>
  <testcase name="testBuilderAppend" time="0,000" classname="cviceni.StringBuilderAndBufferTest"/>
  <testcase name="testBuilderAppend" time="0,001" classname="cviceni.StringBuilderAndBufferTest"/>
  <testcase name="testBuilderAppend" time="0,000" classname="cviceni.StringBuilderAndBufferTest"/>
  <testcase name="testBufferAppend" time="0,000" classname="cviceni.StringBuilderAndBufferTest"/>
  <testcase name="testBuilderAppendDelete" time="0,000" classname="cviceni.StringBuilderAndBufferTest"/>
  <testcase name="testBuilderAppend" time="0,001" classname="cviceni.StringBuilderAndBufferTest"/>
  <testcase name="testBuilderAppend" time="0,000" classname="cviceni.StringBuilderAndBufferTest"/>
  <testcase name="testBuilderAppendDelete" time="0,000" classname="cviceni.StringBuilderAndBufferTest"/>
  <testcase name="testBufferAppend" time="0,000" classname="cviceni.StringBuilderAndBufferTest"/>
  <testcase name="testBuilderAppendDelete" time="0,051" classname="cviceni.StringBuilderAndBufferTest"/>
  <testcase name="testBuilderAppendDelete" time="0,000" classname="cviceni.StringBuilderAndBufferTest"/>
  <testcase name="testBufferAppendDelete" time="0,000" classname="cviceni.StringBuilderAndBufferTest"/>
  <testcase name="testBufferAppend" time="0,001" classname="cviceni.StringBuilderAndBufferTest"/>
  <testcase name="testBuilderAppendDelete" time="0,000" classname="cviceni.StringBuilderAndBufferTest"/>
  <testcase name="testBuilderAppendDelete" time="0,000" classname="cviceni.StringBuilderAndBufferTest"/>
  <testcase name="testBufferAppendDelete" time="0,000" classname="cviceni.StringBuilderAndBufferTest"/>
  <testcase name="testBufferAppendDelete" time="0,000" classname="cviceni.StringBuilderAndBufferTest"/>
  <testcase name="testBufferAppendDelete" time="0,000" classname="cviceni.StringBuilderAndBufferTest"/>
  <testcase name="testBuilderAppend" time="0,000" classname="cviceni.StringBuilderAndBufferTest"/>
  <testcase name="testBuilderAppendDelete" time="0,000" classname="cviceni.StringBuilderAndBufferTest"/>
  <testcase name="testBufferAppend" time="0,001" classname="cviceni.StringBuilderAndBufferTest"/>
  <testcase name="testBufferAppendDelete" time="0,000" classname="cviceni.StringBuilderAndBufferTest"/>
  <testcase name="testBuilderAppendDelete" time="0,000" classname="cviceni.StringBuilderAndBufferTest"/>
  <testcase name="testBufferAppendDelete" time="0,000" classname="cviceni.StringBuilderAndBufferTest"/>
  <testcase name="testBufferAppendDelete" time="0,000" classname="cviceni.StringBuilderAndBufferTest"/>
  <testcase name="testBufferAppendDelete" time="0,001" classname="cviceni.StringBuilderAndBufferTest"/>
  <testcase name="testBufferAppendDelete" time="0,000" classname="cviceni.StringBuilderAndBufferTest"/>
  <testcase name="testBufferAppendDelete" time="0,001" classname="cviceni.StringBuilderAndBufferTest"/>
  <testcase name="testBufferAppend" time="0,000" classname="cviceni.StringBuilderAndBufferTest"/>
  <testcase name="testBufferAppendDelete" time="0,000" classname="cviceni.StringBuilderAndBufferTest"/>
  <testcase name="testBufferAppendDelete" time="0,000" classname="cviceni.StringBuilderAndBufferTest"/>
  <testcase name="testBuilderAppend" time="0,025" classname="cviceni.StringBuilderAndBufferTest"/>
  <testcase name="testBufferAppend" time="0,000" classname="cviceni.StringBuilderAndBufferTest"/>
  <testcase name="testBuilderAppend" time="0,001" classname="cviceni.StringBuilderAndBufferTest"/>
  <testcase name="testBuilderAppend" time="0,000" classname="cviceni.StringBuilderAndBufferTest"/>
  <testcase name="testBuilderAppend" time="0,000" classname="cviceni.StringBuilderAndBufferTest"/>
  <testcase name="testBuilderAppendDelete" time="0,000" classname="cviceni.StringBuilderAndBufferTest"/>
  <testcase name="testBuilderAppendDelete" time="0,000" classname="cviceni.StringBuilderAndBufferTest"/>
  <testcase name="testBufferAppend" time="0,000" classname="cviceni.StringBuilderAndBufferTest"/>
  <testcase name="testBuilderAppendDelete" time="0,000" classname="cviceni.StringBuilderAndBufferTest"/>
  <testcase name="testBufferAppendDelete" time="0,001" classname="cviceni.StringBuilderAndBufferTest"/>
  <testcase name="testBuilderAppend" time="0,000" classname="cviceni.StringBuilderAndBufferTest"/>
  <testcase name="testBufferAppendDelete" time="0,000" classname="cviceni.StringBuilderAndBufferTest"/>
  <testcase name="testBufferAppendDelete" time="0,001" classname="cviceni.StringBuilderAndBufferTest"/>
  <testcase name="testBufferAppendDelete" time="0,000" classname="cviceni.StringBuilderAndBufferTest"/>
  <testcase name="testBufferAppendDelete" time="0,000" classname="cviceni.StringBuilderAndBufferTest"/>
  <testcase name="testBuilderAppendDelete" time="0,000" classname="cviceni.StringBuilderAndBufferTest"/>
  <testcase name="testBuilderAppendDelete" time="0,001" classname="cviceni.StringBuilderAndBufferTest"/>
  <testcase name="testBuilderAppendDelete" time="0,000" classname="cviceni.StringBuilderAndBufferTest"/>
  <testcase name="testBufferAppendDelete" time="0,001" classname="cviceni.StringBuilderAndBufferTest"/>
  <testcase name="testBufferAppendDelete" time="0,000" classname="cviceni.StringBuilderAndBufferTest"/>
  <testcase name="testBufferAppend" time="0,000" classname="cviceni.StringBuilderAndBufferTest"/>
  <testcase name="testBufferAppendDelete" time="0,001" classname="cviceni.StringBuilderAndBufferTest"/>
  <testcase name="testBuilderAppend" time="0,000" classname="cviceni.StringBuilderAndBufferTest"/>
  <testcase name="testBufferAppend" time="0,000" classname="cviceni.StringBuilderAndBufferTest"/>
  <testcase name="testBufferAppendDelete" time="0,000" classname="cviceni.StringBuilderAndBufferTest"/>
  <testcase name="testBuilderAppend" time="0,001" classname="cviceni.StringBuilderAndBufferTest"/>
  <testcase name="testBuilderAppendDelete" time="0,000" classname="cviceni.StringBuilderAndBufferTest"/>
  <testcase name="testBuilderAppend" time="0,001" classname="cviceni.StringBuilderAndBufferTest"/>
  <testcase name="testBuilderAppendDelete" time="0,000" classname="cviceni.StringBuilderAndBufferTest"/>
  <testcase name="testBufferAppendDelete" time="0,000" classname="cviceni.StringBuilderAndBufferTest"/>
  <testcase name="testBufferAppendDelete" time="0,001" classname="cviceni.StringBuilderAndBufferTest"/>
  <testcase name="testBufferAppend" time="0,000" classname="cviceni.StringBuilderAndBufferTest"/>
  <testcase name="testBufferAppend" time="0,000" classname="cviceni.StringBuilderAndBufferTest"/>
  <testcase name="testBuilderAppendDelete" time="0,093" classname="cviceni.StringBuilderAndBufferTest"/>
  <testcase name="testBuilderAppendDelete" time="0,001" classname="cviceni.StringBuilderAndBufferTest"/>
  <testcase name="testBufferAppend" time="0,001" classname="cviceni.StringBuilderAndBufferTest"/>
  <testcase name="testBufferAppendDelete" time="0,001" classname="cviceni.StringBuilderAndBufferTest"/>
  <testcase name="testBuilderAppend" time="0,001" classname="cviceni.StringBuilderAndBufferTest"/>
  <testcase name="testBuilderAppendDelete" time="0,000" classname="cviceni.StringBuilderAndBufferTest"/>
  <testcase name="testBuilderAppend" time="0,000" classname="cviceni.StringBuilderAndBufferTest"/>
  <testcase name="testBuilderAppendDelete" time="0,000" classname="cviceni.StringBuilderAndBufferTest"/>
  <testcase name="testBuilderAppendDelete" time="0,001" classname="cviceni.StringBuilderAndBufferTest"/>
  <testcase name="testBuilderAppend" time="0,000" classname="cviceni.StringBuilderAndBufferTest"/>
  <testcase name="testBuilderAppend" time="0,000" classname="cviceni.StringBuilderAndBufferTest"/>
  <testcase name="testBufferAppend" time="0,000" classname="cviceni.StringBuilderAndBufferTest"/>
  <testcase name="testBufferAppend" time="0,000" classname="cviceni.StringBuilderAndBufferTest"/>
  <testcase name="testBufferAppend" time="0,000" classname="cviceni.StringBuilderAndBufferTest"/>
  <testcase name="testBufferAppend" time="0,000" classname="cviceni.StringBuilderAndBufferTest"/>
  <testcase name="testBufferAppendDelete" time="0,001" classname="cviceni.StringBuilderAndBufferTest"/>
  <testcase name="testBufferAppend" time="0,000" classname="cviceni.StringBuilderAndBufferTest"/>
  <testcase name="testBufferAppendDelete" time="0,000" classname="cviceni.StringBuilderAndBufferTest"/>
  <testcase name="testBufferAppendDelete" time="0,000" classname="cviceni.StringBuilderAndBufferTest"/>
  <testcase name="testBufferAppend" time="0,000" classname="cviceni.StringBuilderAndBufferTest"/>
  <testcase name="testBufferAppend" time="0,000" classname="cviceni.StringBuilderAndBufferTest"/>
  <testcase name="testBuilderAppend" time="0,000" classname="cviceni.StringBuilderAndBufferTest"/>
  <testcase name="testBufferAppendDelete" time="0,000" classname="cviceni.StringBuilderAndBufferTest"/>
  <testcase name="testBufferAppend" time="0,001" classname="cviceni.StringBuilderAndBufferTest"/>
  <testcase name="testBuilderAppendDelete" time="0,000" classname="cviceni.StringBuilderAndBufferTest"/>
  <testcase name="testBuilderAppendDelete" time="0,000" classname="cviceni.StringBuilderAndBufferTest"/>
  <testcase name="testBufferAppend" time="0,000" classname="cviceni.StringBuilderAndBufferTest"/>
  <testcase name="testBufferAppendDelete" time="0,000" classname="cviceni.StringBuilderAndBufferTest"/>
  <testcase name="testBufferAppend" time="0,000" classname="cviceni.StringBuilderAndBufferTest"/>
  <testcase name="testBufferAppendDelete" time="0,001" classname="cviceni.StringBuilderAndBufferTest"/>
  <testcase name="testBuilderAppend" time="0,000" classname="cviceni.StringBuilderAndBufferTest"/>
  <testcase name="testBuilderAppend" time="0,000" classname="cviceni.StringBuilderAndBufferTest"/>
  <testcase name="testBufferAppend" time="0,001" classname="cviceni.StringBuilderAndBufferTest"/>
  <testcase name="testBuilderAppendDelete" time="0,000" classname="cviceni.StringBuilderAndBufferTest"/>
  <testcase name="testBuilderAppendDelete" time="0,000" classname="cviceni.StringBuilderAndBufferTest"/>
  <testcase name="testBufferAppendDelete" time="0,000" classname="cviceni.StringBuilderAndBufferTest"/>
  <testcase name="testBufferAppend" time="0,000" classname="cviceni.StringBuilderAndBufferTest"/>
  <testcase name="testBuilderAppendDelete" time="0,000" classname="cviceni.StringBuilderAndBufferTest"/>
  <testcase name="testBufferAppend" time="0,000" classname="cviceni.StringBuilderAndBufferTest"/>
  <testcase name="testBuilderAppendDelete" time="0,000" classname="cviceni.StringBuilderAndBufferTest"/>
  <testcase name="testBuilderAppendDelete" time="0,000" classname="cviceni.StringBuilderAndBufferTest"/>
  <testcase name="testBufferAppendDelete" time="0,000" classname="cviceni.StringBuilderAndBufferTest"/>
  <testcase name="testBuilderAppendDelete" time="0,000" classname="cviceni.StringBuilderAndBufferTest"/>
  <testcase name="testBuilderAppendDelete" time="0,000" classname="cviceni.StringBuilderAndBufferTest"/>
  <testcase name="testBufferAppend" time="0,000" classname="cviceni.StringBuilderAndBufferTest"/>
  <testcase name="testBufferAppendDelete" time="0,000" classname="cviceni.StringBuilderAndBufferTest"/>
  <testcase name="testBufferAppendDelete" time="0,000" classname="cviceni.StringBuilderAndBufferTest"/>
  <testcase name="testBuilderAppendDelete" time="0,001" classname="cviceni.StringBuilderAndBufferTest"/>
  <testcase name="testBufferAppendDelete" time="0,001" classname="cviceni.StringBuilderAndBufferTest"/>
  <testcase name="testBufferAppendDelete" time="0,000" classname="cviceni.StringBuilderAndBufferTest"/>
  <testcase name="testBuilderAppend" time="0,001" classname="cviceni.StringBuilderAndBufferTest"/>
  <testcase name="testBufferAppendDelete" time="0,000" classname="cviceni.StringBuilderAndBufferTest"/>
  <testcase name="testBuilderAppend" time="0,008" classname="cviceni.StringBuilderAndBufferTest"/>
  <testcase name="testBufferAppend" time="0,000" classname="cviceni.StringBuilderAndBufferTest"/>
  <testcase name="testBuilderAppend" time="0,000" classname="cviceni.StringBuilderAndBufferTest"/>
  <testcase name="testBufferAppendDelete" time="0,001" classname="cviceni.StringBuilderAndBufferTest"/>
  <testcase name="testBuilderAppendDelete" time="0,000" classname="cviceni.StringBuilderAndBufferTest"/>
  <testcase name="testBuilderAppendDelete" time="0,000" classname="cviceni.StringBuilderAndBufferTest"/>
  <testcase name="testBuilderAppend" time="0,000" classname="cviceni.StringBuilderAndBufferTest"/>
  <testcase name="testBuilderAppend" time="0,000" classname="cviceni.StringBuilderAndBufferTest"/>
  <testcase name="testBufferAppendDelete" time="0,000" classname="cviceni.StringBuilderAndBufferTest"/>
  <testcase name="testBuilderAppend" time="0,000" classname="cviceni.StringBuilderAndBufferTest"/>
  <testcase name="testBuilderAppend" time="0,000" classname="cviceni.StringBuilderAndBufferTest"/>
  <testcase name="testBufferAppend" time="0,001" classname="cviceni.StringBuilderAndBufferTest"/>
  <testcase name="testBufferAppend" time="0,000" classname="cviceni.StringBuilderAndBufferTest"/>
  <testcase name="testBuilderAppendDelete" time="0,000" classname="cviceni.StringBuilderAndBufferTest"/>
  <testcase name="testBuilderAppend" time="0,001" classname="cviceni.StringBuilderAndBufferTest"/>
  <testcase name="testBuilderAppend" time="0,000" classname="cviceni.StringBuilderAndBufferTest"/>
  <testcase name="testBufferAppendDelete" time="0,000" classname="cviceni.StringBuilderAndBufferTest"/>
  <testcase name="testBufferAppend" time="0,000" classname="cviceni.StringBuilderAndBufferTest"/>
  <testcase name="testBufferAppendDelete" time="0,000" classname="cviceni.StringBuilderAndBufferTest"/>
  <testcase name="testBufferAppendDelete" time="0,001" classname="cviceni.StringBuilderAndBufferTest"/>
  <testcase name="testBufferAppend" time="0,001" classname="cviceni.StringBuilderAndBufferTest"/>
  <testcase name="testBufferAppendDelete" time="0,001" classname="cviceni.StringBuilderAndBufferTest"/>
  <testcase name="testBufferAppendDelete" time="0,000" classname="cviceni.StringBuilderAndBufferTest"/>
  <testcase name="testBufferAppend" time="0,000" classname="cviceni.StringBuilderAndBufferTest"/>
  <testcase name="testBufferAppendDelete" time="0,000" classname="cviceni.StringBuilderAndBufferTest"/>
  <testcase name="testBufferAppend" time="0,000" classname="cviceni.StringBuilderAndBufferTest"/>
  <testcase name="testBuilderAppend" time="0,000" classname="cviceni.StringBuilderAndBufferTest"/>
  <testcase name="testBuilderAppendDelete" time="0,000" classname="cviceni.StringBuilderAndBufferTest"/>
  <testcase name="testBuilderAppendDelete" time="0,000" classname="cviceni.StringBuilderAndBufferTest"/>
  <testcase name="testBuilderAppendDelete" time="0,000" classname="cviceni.StringBuilderAndBufferTest"/>
  <testcase name="testBuilderAppend" time="0,001" classname="cviceni.StringBuilderAndBufferTest"/>
  <testcase name="testBufferAppendDelete" time="0,000" classname="cviceni.StringBuilderAndBufferTest"/>
  <testcase name="testBufferAppend" time="0,000" classname="cviceni.StringBuilderAndBufferTest"/>
  <testcase name="testBuilderAppend" time="0,000" classname="cviceni.StringBuilderAndBufferTest"/>
  <testcase name="testBufferAppend" time="0,001" classname="cviceni.StringBuilderAndBufferTest"/>
  <testcase name="testBuilderAppend" time="0,001" classname="cviceni.StringBuilderAndBufferTest"/>
  <testcase name="testBuilderAppend" time="0,000" classname="cviceni.StringBuilderAndBufferTest"/>
  <testcase name="testBufferAppend" time="0,000" classname="cviceni.StringBuilderAndBufferTest"/>
  <testcase name="testBufferAppendDelete" time="0,001" classname="cviceni.StringBuilderAndBufferTest"/>
  <testcase name="testBufferAppend" time="0,000" classname="cviceni.StringBuilderAndBufferTest"/>
  <testcase name="testBuilderAppendDelete" time="0,000" classname="cviceni.StringBuilderAndBufferTest"/>
  <testcase name="testBuilderAppendDelete" time="0,000" classname="cviceni.StringBuilderAndBufferTest"/>
  <testcase name="testBuilderAppendDelete" time="0,001" classname="cviceni.StringBuilderAndBufferTest"/>
  <testcase name="testBuilderAppend" time="0,000" classname="cviceni.StringBuilderAndBufferTest"/>
  <testcase name="testBufferAppend" time="0,000" classname="cviceni.StringBuilderAndBufferTest"/>
  <testcase name="testBufferAppendDelete" time="0,001" classname="cviceni.StringBuilderAndBufferTest"/>
  <testcase name="testBufferAppend" time="0,000" classname="cviceni.StringBuilderAndBufferTest"/>
  <testcase name="testBufferAppendDelete" time="0,000" classname="cviceni.StringBuilderAndBufferTest"/>
  <testcase name="testBufferAppend" time="0,000" classname="cviceni.StringBuilderAndBufferTest"/>
  <testcase name="testBuilderAppendDelete" time="0,000" classname="cviceni.StringBuilderAndBufferTest"/>
  <testcase name="testBufferAppendDelete" time="0,000" classname="cviceni.StringBuilderAndBufferTest"/>
  <testcase name="testBuilderAppendDelete" time="0,000" classname="cviceni.StringBuilderAndBufferTest"/>
  <testcase name="testBufferAppend" time="0,001" classname="cviceni.StringBuilderAndBufferTest"/>
  <testcase name="testBufferAppendDelete" time="0,001" classname="cviceni.StringBuilderAndBufferTest"/>
  <testcase name="testBufferAppend" time="0,000" classname="cviceni.StringBuilderAndBufferTest"/>
  <testcase name="testBufferAppend" time="0,001" classname="cviceni.StringBuilderAndBufferTest"/>
  <testcase name="testBuilderAppendDelete" time="0,001" classname="cviceni.StringBuilderAndBufferTest"/>
  <testcase name="testBufferAppend" time="0,017" classname="cviceni.StringBuilderAndBufferTest"/>
  <testcase name="testBufferAppendDelete" time="0,000" classname="cviceni.StringBuilderAndBufferTest"/>
  <testcase name="testBufferAppendDelete" time="0,000" classname="cviceni.StringBuilderAndBufferTest"/>
  <testcase name="testBuilderAppendDelete" time="0,000" classname="cviceni.StringBuilderAndBufferTest"/>
  <testcase name="testBufferAppend" time="0,000" classname="cviceni.StringBuilderAndBufferTest"/>
  <testcase name="testBuilderAppendDelete" time="0,000" classname="cviceni.StringBuilderAndBufferTest"/>
  <testcase name="testBufferAppendDelete" time="0,000" classname="cviceni.StringBuilderAndBufferTest"/>
  <testcase name="testBuilderAppend" time="0,000" classname="cviceni.StringBuilderAndBufferTest"/>
  <testcase name="testBuilderAppendDelete" time="0,000" classname="cviceni.StringBuilderAndBufferTest"/>
  <testcase name="testBufferAppendDelete" time="0,001" classname="cviceni.StringBuilderAndBufferTest"/>
  <testcase name="testBuilderAppendDelete" time="0,001" classname="cviceni.StringBuilderAndBufferTest"/>
  <testcase name="testBufferAppendDelete" time="0,000" classname="cviceni.StringBuilderAndBufferTest"/>
  <testcase name="testBuilderAppend" time="0,000" classname="cviceni.StringBuilderAndBufferTest"/>
  <testcase name="testBuilderAppend" time="0,000" classname="cviceni.StringBuilderAndBufferTest"/>
  <testcase name="testBufferAppend" time="0,001" classname="cviceni.StringBuilderAndBufferTest"/>
  <testcase name="testBufferAppend" time="0,000" classname="cviceni.StringBuilderAndBufferTest"/>
  <testcase name="testBuilderAppend" time="0,000" classname="cviceni.StringBuilderAndBufferTest"/>
  <testcase name="testBufferAppendDelete" time="0,001" classname="cviceni.StringBuilderAndBufferTest"/>
  <testcase name="testBuilderAppendDelete" time="0,000" classname="cviceni.StringBuilderAndBufferTest"/>
  <testcase name="testBuilderAppendDelete" time="0,000" classname="cviceni.StringBuilderAndBufferTest"/>
  <testcase name="testBufferAppend" time="0,001" classname="cviceni.StringBuilderAndBufferTest"/>
  <testcase name="testBuilderAppendDelete" time="0,000" classname="cviceni.StringBuilderAndBufferTest"/>
  <testcase name="testBuilderAppendDelete" time="0,000" classname="cviceni.StringBuilderAndBufferTest"/>
  <testcase name="testBufferAppend" time="0,000" classname="cviceni.StringBuilderAndBufferTest"/>
  <testcase name="testBufferAppendDelete" time="0,000" classname="cviceni.StringBuilderAndBufferTest"/>
  <testcase name="testBufferAppendDelete" time="0,000" classname="cviceni.StringBuilderAndBufferTest"/>
  <testcase name="testBufferAppendDelete" time="0,000" classname="cviceni.StringBuilderAndBufferTest"/>
  <testcase name="testBufferAppend" time="0,000" classname="cviceni.StringBuilderAndBufferTest"/>
  <testcase name="testBuilderAppendDelete" time="0,000" classname="cviceni.StringBuilderAndBufferTest"/>
  <testcase name="testBufferAppendDelete" time="0,001" classname="cviceni.StringBuilderAndBufferTest"/>
  <testcase name="testBuilderAppendDelete" time="0,000" classname="cviceni.StringBuilderAndBufferTest"/>
  <testcase name="testBufferAppendDelete" time="0,001" classname="cviceni.StringBuilderAndBufferTest"/>
  <testcase name="testBuilderAppendDelete" time="0,001" classname="cviceni.StringBuilderAndBufferTest"/>
  <testcase name="testBufferAppend" time="0,000" classname="cviceni.StringBuilderAndBufferTest"/>
  <testcase name="testBufferAppend" time="0,001" classname="cviceni.StringBuilderAndBufferTest"/>
  <testcase name="testBuilderAppend" time="0,000" classname="cviceni.StringBuilderAndBufferTest"/>
  <testcase name="testBufferAppend" time="0,000" classname="cviceni.StringBuilderAndBufferTest"/>
  <testcase name="testBuilderAppend" time="0,000" classname="cviceni.StringBuilderAndBufferTest"/>
  <testcase name="testBuilderAppendDelete" time="0,001" classname="cviceni.StringBuilderAndBufferTest"/>
  <testcase name="testBufferAppendDelete" time="0,001" classname="cviceni.StringBuilderAndBufferTest"/>
  <testcase name="testBufferAppend" time="0,001" classname="cviceni.StringBuilderAndBufferTest"/>
  <testcase name="testBuilderAppend" time="0,001" classname="cviceni.StringBuilderAndBufferTest"/>
  <testcase name="testBuilderAppend" time="0,000" classname="cviceni.StringBuilderAndBufferTest"/>
  <testcase name="testBuilderAppendDelete" time="0,007" classname="cviceni.StringBuilderAndBufferTest"/>
  <testcase name="testBuilderAppendDelete" time="0,001" classname="cviceni.StringBuilderAndBufferTest"/>
  <testcase name="testBufferAppend" time="0,000" classname="cviceni.StringBuilderAndBufferTest"/>
  <testcase name="testBufferAppendDelete" time="0,000" classname="cviceni.StringBuilderAndBufferTest"/>
  <testcase name="testBuilderAppendDelete" time="0,000" classname="cviceni.StringBuilderAndBufferTest"/>
  <testcase name="testBufferAppend" time="0,000" classname="cviceni.StringBuilderAndBufferTest"/>
  <testcase name="testBuilderAppend" time="0,001" classname="cviceni.StringBuilderAndBufferTest"/>
  <testcase name="testBuilderAppend" time="0,000" classname="cviceni.StringBuilderAndBufferTest"/>
  <testcase name="testBufferAppendDelete" time="0,001" classname="cviceni.StringBuilderAndBufferTest"/>
  <testcase name="testBufferAppendDelete" time="0,000" classname="cviceni.StringBuilderAndBufferTest"/>
  <testcase name="testBufferAppend" time="0,000" classname="cviceni.StringBuilderAndBufferTest"/>
  <testcase name="testBufferAppendDelete" time="0,000" classname="cviceni.StringBuilderAndBufferTest"/>
  <testcase name="testBuilderAppendDelete" time="0,000" classname="cviceni.StringBuilderAndBufferTest"/>
  <testcase name="testBufferAppend" time="0,000" classname="cviceni.StringBuilderAndBufferTest"/>
  <testcase name="testBuilderAppendDelete" time="0,000" classname="cviceni.StringBuilderAndBufferTest"/>
  <testcase name="testBuilderAppendDelete" time="0,000" classname="cviceni.StringBuilderAndBufferTest"/>
  <testcase name="testBuilderAppendDelete" time="0,000" classname="cviceni.StringBuilderAndBufferTest"/>
  <testcase name="testBufferAppendDelete" time="0,001" classname="cviceni.StringBuilderAndBufferTest"/>
  <testcase name="testBuilderAppendDelete" time="0,000" classname="cviceni.StringBuilderAndBufferTest"/>
  <testcase name="testBuilderAppendDelete" time="0,000" classname="cviceni.StringBuilderAndBufferTest"/>
  <testcase name="testBufferAppend" time="0,000" classname="cviceni.StringBuilderAndBufferTest"/>
  <testcase name="testBuilderAppend" time="0,014" classname="cviceni.StringBuilderAndBufferTest"/>
  <testcase name="testBufferAppendDelete" time="0,001" classname="cviceni.StringBuilderAndBufferTest"/>
  <testcase name="testBuilderAppendDelete" time="0,000" classname="cviceni.StringBuilderAndBufferTest"/>
  <testcase name="testBufferAppendDelete" time="0,001" classname="cviceni.StringBuilderAndBufferTest"/>
  <testcase name="testBufferAppendDelete" time="0,000" classname="cviceni.StringBuilderAndBufferTest"/>
  <testcase name="testBufferAppend" time="0,000" classname="cviceni.StringBuilderAndBufferTest"/>
  <testcase name="testBuilderAppendDelete" time="0,000" classname="cviceni.StringBuilderAndBufferTest"/>
  <testcase name="testBufferAppend" time="0,000" classname="cviceni.StringBuilderAndBufferTest"/>
  <testcase name="testBufferAppend" time="0,001" classname="cviceni.StringBuilderAndBufferTest"/>
  <testcase name="testBuilderAppendDelete" time="0,001" classname="cviceni.StringBuilderAndBufferTest"/>
  <testcase name="testBufferAppendDelete" time="0,000" classname="cviceni.StringBuilderAndBufferTest"/>
  <testcase name="testBufferAppendDelete" time="0,001" classname="cviceni.StringBuilderAndBufferTest"/>
  <testcase name="testBufferAppend" time="0,001" classname="cviceni.StringBuilderAndBufferTest"/>
  <testcase name="testBufferAppendDelete" time="0,001" classname="cviceni.StringBuilderAndBufferTest"/>
  <testcase name="testBuilderAppendDelete" time="0,000" classname="cviceni.StringBuilderAndBufferTest"/>
  <testcase name="testBufferAppend" time="0,000" classname="cviceni.StringBuilderAndBufferTest"/>
  <testcase name="testBuilderAppendDelete" time="0,000" classname="cviceni.StringBuilderAndBufferTest"/>
  <testcase name="testBuilderAppendDelete" time="0,000" classname="cviceni.StringBuilderAndBufferTest"/>
  <testcase name="testBuilderAppend" time="0,001" classname="cviceni.StringBuilderAndBufferTest"/>
  <testcase name="testBuilderAppendDelete" time="0,001" classname="cviceni.StringBuilderAndBufferTest"/>
  <testcase name="testBuilderAppendDelete" time="0,000" classname="cviceni.StringBuilderAndBufferTest"/>
  <testcase name="testBuilderAppendDelete" time="0,000" classname="cviceni.StringBuilderAndBufferTest"/>
  <testcase name="testBufferAppend" time="0,000" classname="cviceni.StringBuilderAndBufferTest"/>
  <testcase name="testBuilderAppendDelete" time="0,000" classname="cviceni.StringBuilderAndBufferTest"/>
  <testcase name="testBuilderAppend" time="0,000" classname="cviceni.StringBuilderAndBufferTest"/>
  <testcase name="testBuilderAppendDelete" time="0,000" classname="cviceni.StringBuilderAndBufferTest"/>
  <testcase name="testBufferAppend" time="0,001" classname="cviceni.StringBuilderAndBufferTest"/>
  <testcase name="testBuilderAppend" time="0,000" classname="cviceni.StringBuilderAndBufferTest"/>
  <testcase name="testBufferAppend" time="0,000" classname="cviceni.StringBuilderAndBufferTest"/>
  <testcase name="testBuilderAppendDelete" time="0,000" classname="cviceni.StringBuilderAndBufferTest"/>
  <testcase name="testBufferAppend" time="0,000" classname="cviceni.StringBuilderAndBufferTest"/>
  <testcase name="testBuilderAppend" time="0,001" classname="cviceni.StringBuilderAndBufferTest"/>
  <testcase name="testBufferAppendDelete" time="0,001" classname="cviceni.StringBuilderAndBufferTest"/>
  <testcase name="testBuilderAppend" time="0,000" classname="cviceni.StringBuilderAndBufferTest"/>
  <testcase name="testBufferAppend" time="0,001" classname="cviceni.StringBuilderAndBufferTest"/>
  <testcase name="testBuilderAppendDelete" time="0,001" classname="cviceni.StringBuilderAndBufferTest"/>
  <testcase name="testBuilderAppend" time="0,000" classname="cviceni.StringBuilderAndBufferTest"/>
  <testcase name="testBufferAppend" time="0,000" classname="cviceni.StringBuilderAndBufferTest"/>
  <testcase name="testBuilderAppendDelete" time="0,369" classname="cviceni.StringBuilderAndBufferTest"/>
  <testcase name="testBufferAppend" time="0,000" classname="cviceni.StringBuilderAndBufferTest"/>
  <testcase name="testBufferAppendDelete" time="0,000" classname="cviceni.StringBuilderAndBufferTest"/>
  <testcase name="testBufferAppendDelete" time="0,000" classname="cviceni.StringBuilderAndBufferTest"/>
  <testcase name="testBufferAppendDelete" time="0,000" classname="cviceni.StringBuilderAndBufferTest"/>
  <testcase name="testBuilderAppendDelete" time="0,000" classname="cviceni.StringBuilderAndBufferTest"/>
  <testcase name="testBufferAppendDelete" time="0,001" classname="cviceni.StringBuilderAndBufferTest"/>
  <testcase name="testBuilderAppend" time="0,000" classname="cviceni.StringBuilderAndBufferTest"/>
  <testcase name="testBufferAppendDelete" time="0,001" classname="cviceni.StringBuilderAndBufferTest"/>
  <testcase name="testBuilderAppendDelete" time="0,000" classname="cviceni.StringBuilderAndBufferTest"/>
  <testcase name="testBufferAppend" time="0,001" classname="cviceni.StringBuilderAndBufferTest"/>
  <testcase name="testBufferAppendDelete" time="0,000" classname="cviceni.StringBuilderAndBufferTest"/>
  <testcase name="testBuilderAppend" time="0,000" classname="cviceni.StringBuilderAndBufferTest"/>
  <testcase name="testBufferAppend" time="0,000" classname="cviceni.StringBuilderAndBufferTest"/>
  <testcase name="testBufferAppend" time="0,000" classname="cviceni.StringBuilderAndBufferTest"/>
  <testcase name="testBufferAppendDelete" time="0,000" classname="cviceni.StringBuilderAndBufferTest"/>
  <testcase name="testBuilderAppendDelete" time="0,000" classname="cviceni.StringBuilderAndBufferTest"/>
  <testcase name="testBuilderAppend" time="0,000" classname="cviceni.StringBuilderAndBufferTest"/>
  <testcase name="testBuilderAppendDelete" time="0,000" classname="cviceni.StringBuilderAndBufferTest"/>
  <testcase name="testBufferAppendDelete" time="0,000" classname="cviceni.StringBuilderAndBufferTest"/>
  <testcase name="testBuilderAppendDelete" time="0,001" classname="cviceni.StringBuilderAndBufferTest"/>
  <testcase name="testBufferAppend" time="0,000" classname="cviceni.StringBuilderAndBufferTest"/>
  <testcase name="testBufferAppend" time="0,000" classname="cviceni.StringBuilderAndBufferTest"/>
  <testcase name="testBufferAppend" time="0,000" classname="cviceni.StringBuilderAndBufferTest"/>
  <testcase name="testBufferAppend" time="0,007" classname="cviceni.StringBuilderAndBufferTest"/>
  <testcase name="testBufferAppend" time="0,000" classname="cviceni.StringBuilderAndBufferTest"/>
  <testcase name="testBuilderAppend" time="0,001" classname="cviceni.StringBuilderAndBufferTest"/>
  <testcase name="testBuilderAppend" time="0,001" classname="cviceni.StringBuilderAndBufferTest"/>
  <testcase name="testBuilderAppendDelete" time="0,000" classname="cviceni.StringBuilderAndBufferTest"/>
  <testcase name="testBufferAppend" time="0,000" classname="cviceni.StringBuilderAndBufferTest"/>
  <testcase name="testBuilderAppend" time="0,000" classname="cviceni.StringBuilderAndBufferTest"/>
  <testcase name="testBufferAppendDelete" time="0,000" classname="cviceni.StringBuilderAndBufferTest"/>
  <testcase name="testBuilderAppend" time="0,000" classname="cviceni.StringBuilderAndBufferTest"/>
  <testcase name="testBufferAppendDelete" time="0,001" classname="cviceni.StringBuilderAndBufferTest"/>
  <testcase name="testBuilderAppendDelete" time="0,000" classname="cviceni.StringBuilderAndBufferTest"/>
  <testcase name="testBuilderAppend" time="0,001" classname="cviceni.StringBuilderAndBufferTest"/>
  <testcase name="testBufferAppendDelete" time="0,001" classname="cviceni.StringBuilderAndBufferTest"/>
  <testcase name="testBufferAppend" time="0,000" classname="cviceni.StringBuilderAndBufferTest"/>
  <testcase name="testBufferAppend" time="0,000" classname="cviceni.StringBuilderAndBufferTest"/>
  <testcase name="testBufferAppendDelete" time="0,000" classname="cviceni.StringBuilderAndBufferTest"/>
  <testcase name="testBuilderAppend" time="0,000" classname="cviceni.StringBuilderAndBufferTest"/>
  <testcase name="testBufferAppend" time="0,000" classname="cviceni.StringBuilderAndBufferTest"/>
  <testcase name="testBufferAppendDelete" time="0,001" classname="cviceni.StringBuilderAndBufferTest"/>
  <testcase name="testBuilderAppendDelete" time="0,001" classname="cviceni.StringBuilderAndBufferTest"/>
  <testcase name="testBuilderAppendDelete" time="0,000" classname="cviceni.StringBuilderAndBufferTest"/>
  <testcase name="testBufferAppendDelete" time="0,000" classname="cviceni.StringBuilderAndBufferTest"/>
  <testcase name="testBufferAppend" time="0,000" classname="cviceni.StringBuilderAndBufferTest"/>
  <testcase name="testBuilderAppendDelete" time="0,000" classname="cviceni.StringBuilderAndBufferTest"/>
  <testcase name="testBuilderAppend" time="0,000" classname="cviceni.StringBuilderAndBufferTest"/>
  <testcase name="testBuilderAppendDelete" time="0,000" classname="cviceni.StringBuilderAndBufferTest"/>
  <testcase name="testBuilderAppendDelete" time="0,001" classname="cviceni.StringBuilderAndBufferTest"/>
  <testcase name="testBufferAppendDelete" time="0,001" classname="cviceni.StringBuilderAndBufferTest"/>
  <testcase name="testBuilderAppendDelete" time="0,000" classname="cviceni.StringBuilderAndBufferTest"/>
  <testcase name="testBuilderAppend" time="0,001" classname="cviceni.StringBuilderAndBufferTest"/>
  <testcase name="testBuilderAppend" time="0,000" classname="cviceni.StringBuilderAndBufferTest"/>
  <testcase name="testBuilderAppendDelete" time="0,000" classname="cviceni.StringBuilderAndBufferTest"/>
  <testcase name="testBuilderAppend" time="0,000" classname="cviceni.StringBuilderAndBufferTest"/>
  <testcase name="testBuilderAppendDelete" time="0,000" classname="cviceni.StringBuilderAndBufferTest"/>
  <testcase name="testBuilderAppend" time="0,000" classname="cviceni.StringBuilderAndBufferTest"/>
  <testcase name="testBuilderAppendDelete" time="0,000" classname="cviceni.StringBuilderAndBufferTest"/>
  <testcase name="testBuilderAppendDelete" time="0,000" classname="cviceni.StringBuilderAndBufferTest"/>
  <testcase name="testBufferAppendDelete" time="0,000" classname="cviceni.StringBuilderAndBufferTest"/>
  <testcase name="testBufferAppendDelete" time="0,001" classname="cviceni.StringBuilderAndBufferTest"/>
  <testcase name="testBuilderAppendDelete" time="0,000" classname="cviceni.StringBuilderAndBufferTest"/>
  <testcase name="testBuilderAppend" time="0,000" classname="cviceni.StringBuilderAndBufferTest"/>
  <testcase name="testBuilderAppendDelete" time="0,000" classname="cviceni.StringBuilderAndBufferTest"/>
  <testcase name="testBufferAppend" time="0,000" classname="cviceni.StringBuilderAndBufferTest"/>
  <testcase name="testBufferAppendDelete" time="0,001" classname="cviceni.StringBuilderAndBufferTest"/>
  <testcase name="testBuilderAppendDelete" time="0,000" classname="cviceni.StringBuilderAndBufferTest"/>
  <testcase name="testBufferAppendDelete" time="0,000" classname="cviceni.StringBuilderAndBufferTest"/>
  <testcase name="testBufferAppend" time="0,002" classname="cviceni.StringBuilderAndBufferTest"/>
  <testcase name="testBufferAppendDelete" time="0,001" classname="cviceni.StringBuilderAndBufferTest"/>
  <testcase name="testBufferAppendDelete" time="0,001" classname="cviceni.StringBuilderAndBufferTest"/>
  <testcase name="testBuilderAppendDelete" time="0,001" classname="cviceni.StringBuilderAndBufferTest"/>
  <testcase name="testBufferAppend" time="0,000" classname="cviceni.StringBuilderAndBufferTest"/>
  <testcase name="testBufferAppendDelete" time="0,000" classname="cviceni.StringBuilderAndBufferTest"/>
  <testcase name="testBufferAppendDelete" time="0,000" classname="cviceni.StringBuilderAndBufferTest"/>
  <testcase name="testBufferAppend" time="0,000" classname="cviceni.StringBuilderAndBufferTest"/>
  <testcase name="testBufferAppendDelete" time="0,000" classname="cviceni.StringBuilderAndBufferTest"/>
  <testcase name="testBufferAppendDelete" time="0,001" classname="cviceni.StringBuilderAndBufferTest"/>
  <testcase name="testBuilderAppendDelete" time="0,001" classname="cviceni.StringBuilderAndBufferTest"/>
  <testcase name="testBuilderAppend" time="0,000" classname="cviceni.StringBuilderAndBufferTest"/>
  <testcase name="testBuilderAppend" time="0,000" classname="cviceni.StringBuilderAndBufferTest"/>
  <testcase name="testBufferAppendDelete" time="0,000" classname="cviceni.StringBuilderAndBufferTest"/>
  <testcase name="testBufferAppend" time="0,001" classname="cviceni.StringBuilderAndBufferTest"/>
  <testcase name="testBufferAppend" time="0,000" classname="cviceni.StringBuilderAndBufferTest"/>
  <testcase name="testBuilderAppend" time="0,000" classname="cviceni.StringBuilderAndBufferTest"/>
  <testcase name="testBufferAppendDelete" time="0,000" classname="cviceni.StringBuilderAndBufferTest"/>
  <testcase name="testBufferAppend" time="0,000" classname="cviceni.StringBuilderAndBufferTest"/>
  <testcase name="testBufferAppend" time="0,000" classname="cviceni.StringBuilderAndBufferTest"/>
  <testcase name="testBuilderAppend" time="0,000" classname="cviceni.StringBuilderAndBufferTest"/>
  <testcase name="testBufferAppendDelete" time="0,001" classname="cviceni.StringBuilderAndBufferTest"/>
  <testcase name="testBuilderAppend" time="0,000" classname="cviceni.StringBuilderAndBufferTest"/>
  <testcase name="testBuilderAppendDelete" time="0,000" classname="cviceni.StringBuilderAndBufferTest"/>
  <testcase name="testBuilderAppendDelete" time="0,000" classname="cviceni.StringBuilderAndBufferTest"/>
  <testcase name="testBufferAppend" time="0,001" classname="cviceni.StringBuilderAndBufferTest"/>
  <testcase name="testBuilderAppend" time="0,000" classname="cviceni.StringBuilderAndBufferTest"/>
  <testcase name="testBuilderAppendDelete" time="0,000" classname="cviceni.StringBuilderAndBufferTest"/>
  <testcase name="testBufferAppendDelete" time="0,000" classname="cviceni.StringBuilderAndBufferTest"/>
  <testcase name="testBufferAppendDelete" time="0,000" classname="cviceni.StringBuilderAndBufferTest"/>
  <testcase name="testBufferAppend" time="0,000" classname="cviceni.StringBuilderAndBufferTest"/>
  <testcase name="testBufferAppendDelete" time="0,001" classname="cviceni.StringBuilderAndBufferTest"/>
  <testcase name="testBufferAppendDelete" time="0,001" classname="cviceni.StringBuilderAndBufferTest"/>
  <testcase name="testBuilderAppendDelete" time="0,001" classname="cviceni.StringBuilderAndBufferTest"/>
  <testcase name="testBuilderAppend" time="0,000" classname="cviceni.StringBuilderAndBufferTest"/>
  <testcase name="testBufferAppendDelete" time="0,000" classname="cviceni.StringBuilderAndBufferTest"/>
  <testcase name="testBufferAppend" time="0,001" classname="cviceni.StringBuilderAndBufferTest"/>
  <testcase name="testBuilderAppendDelete" time="0,000" classname="cviceni.StringBuilderAndBufferTest"/>
  <testcase name="testBuilderAppendDelete" time="0,001" classname="cviceni.StringBuilderAndBufferTest"/>
  <testcase name="testBufferAppendDelete" time="0,000" classname="cviceni.StringBuilderAndBufferTest"/>
  <testcase name="testBuilderAppendDelete" time="0,000" classname="cviceni.StringBuilderAndBufferTest"/>
  <testcase name="testBuilderAppend" time="0,000" classname="cviceni.StringBuilderAndBufferTest"/>
  <testcase name="testBufferAppendDelete" time="0,000" classname="cviceni.StringBuilderAndBufferTest"/>
  <testcase name="testBufferAppend" time="0,000" classname="cviceni.StringBuilderAndBufferTest"/>
  <testcase name="testBuilderAppend" time="0,001" classname="cviceni.StringBuilderAndBufferTest"/>
  <testcase name="testBuilderAppendDelete" time="0,001" classname="cviceni.StringBuilderAndBufferTest"/>
  <testcase name="testBuilderAppendDelete" time="0,001" classname="cviceni.StringBuilderAndBufferTest"/>
  <testcase name="testBuilderAppend" time="0,000" classname="cviceni.StringBuilderAndBufferTest"/>
  <testcase name="testBuilderAppendDelete" time="0,000" classname="cviceni.StringBuilderAndBufferTest"/>
  <testcase name="testBuilderAppendDelete" time="0,000" classname="cviceni.StringBuilderAndBufferTest"/>
  <testcase name="testBuilderAppendDelete" time="0,001" classname="cviceni.StringBuilderAndBufferTest"/>
  <testcase name="testBuilderAppend" time="0,000" classname="cviceni.StringBuilderAndBufferTest"/>
  <testcase name="testBuilderAppendDelete" time="0,000" classname="cviceni.StringBuilderAndBufferTest"/>
  <testcase name="testBuilderAppend" time="0,000" classname="cviceni.StringBuilderAndBufferTest"/>
  <testcase name="testBuilderAppend" time="0,015" classname="cviceni.StringBuilderAndBufferTest"/>
  <testcase name="testBuilderAppend" time="0,001" classname="cviceni.StringBuilderAndBufferTest"/>
  <testcase name="testBuilderAppend" time="0,068" classname="cviceni.StringBuilderAndBufferTest"/>
  <testcase name="testBufferAppend" time="0,000" classname="cviceni.StringBuilderAndBufferTest"/>
  <testcase name="testBuilderAppendDelete" time="0,001" classname="cviceni.StringBuilderAndBufferTest"/>
  <testcase name="testBuilderAppendDelete" time="0,001" classname="cviceni.StringBuilderAndBufferTest"/>
  <testcase name="testBufferAppendDelete" time="0,001" classname="cviceni.StringBuilderAndBufferTest"/>
  <testcase name="testBufferAppend" time="0,000" classname="cviceni.StringBuilderAndBufferTest"/>
  <testcase name="testBuilderAppend" time="0,000" classname="cviceni.StringBuilderAndBufferTest"/>
  <testcase name="testBufferAppendDelete" time="0,000" classname="cviceni.StringBuilderAndBufferTest"/>
  <testcase name="testBuilderAppend" time="0,000" classname="cviceni.StringBuilderAndBufferTest"/>
  <testcase name="testBuilderAppendDelete" time="0,001" classname="cviceni.StringBuilderAndBufferTest"/>
  <testcase name="testBuilderAppendDelete" time="0,000" classname="cviceni.StringBuilderAndBufferTest"/>
  <testcase name="testBuilderAppend" time="0,001" classname="cviceni.StringBuilderAndBufferTest"/>
  <testcase name="testBuilderAppendDelete" time="0,000" classname="cviceni.StringBuilderAndBufferTest"/>
  <testcase name="testBuilderAppend" time="0,007" classname="cviceni.StringBuilderAndBufferTest"/>
  <testcase name="testBufferAppendDelete" time="0,000" classname="cviceni.StringBuilderAndBufferTest"/>
  <testcase name="testBuilderAppend" time="0,000" classname="cviceni.StringBuilderAndBufferTest"/>
  <testcase name="testBufferAppendDelete" time="0,000" classname="cviceni.StringBuilderAndBufferTest"/>
  <testcase name="testBuilderAppend" time="0,000" classname="cviceni.StringBuilderAndBufferTest"/>
  <testcase name="testBufferAppendDelete" time="0,000" classname="cviceni.StringBuilderAndBufferTest"/>
  <testcase name="testBufferAppend" time="0,002" classname="cviceni.StringBuilderAndBufferTest"/>
  <testcase name="testBuilderAppendDelete" time="0,000" classname="cviceni.StringBuilderAndBufferTest"/>
  <testcase name="testBufferAppendDelete" time="0,000" classname="cviceni.StringBuilderAndBufferTest"/>
  <testcase name="testBuilderAppendDelete" time="0,000" classname="cviceni.StringBuilderAndBufferTest"/>
  <testcase name="testBuilderAppendDelete" time="0,000" classname="cviceni.StringBuilderAndBufferTest"/>
  <testcase name="testBuilderAppendDelete" time="0,000" classname="cviceni.StringBuilderAndBufferTest"/>
  <testcase name="testBuilderAppend" time="0,001" classname="cviceni.StringBuilderAndBufferTest"/>
  <testcase name="testBufferAppendDelete" time="0,001" classname="cviceni.StringBuilderAndBufferTest"/>
  <testcase name="testBuilderAppendDelete" time="0,001" classname="cviceni.StringBuilderAndBufferTest"/>
  <testcase name="testBuilderAppendDelete" time="0,001" classname="cviceni.StringBuilderAndBufferTest"/>
  <testcase name="testBufferAppendDelete" time="0,001" classname="cviceni.StringBuilderAndBufferTest"/>
  <testcase name="testBufferAppendDelete" time="0,000" classname="cviceni.StringBuilderAndBufferTest"/>
  <testcase name="testBufferAppendDelete" time="0,000" classname="cviceni.StringBuilderAndBufferTest"/>
  <testcase name="testBufferAppendDelete" time="0,000" classname="cviceni.StringBuilderAndBufferTest"/>
  <testcase name="testBufferAppend" time="0,000" classname="cviceni.StringBuilderAndBufferTest"/>
  <testcase name="testBuilderAppend" time="0,000" classname="cviceni.StringBuilderAndBufferTest"/>
  <testcase name="testBufferAppendDelete" time="0,000" classname="cviceni.StringBuilderAndBufferTest"/>
  <testcase name="testBuilderAppendDelete" time="0,000" classname="cviceni.StringBuilderAndBufferTest"/>
  <testcase name="testBufferAppendDelete" time="0,000" classname="cviceni.StringBuilderAndBufferTest"/>
  <testcase name="testBuilderAppend" time="0,000" classname="cviceni.StringBuilderAndBufferTest"/>
  <testcase name="testBuilderAppendDelete" time="0,000" classname="cviceni.StringBuilderAndBufferTest"/>
  <testcase name="testBufferAppend" time="0,000" classname="cviceni.StringBuilderAndBufferTest"/>
  <testcase name="testBuilderAppend" time="0,000" classname="cviceni.StringBuilderAndBufferTest"/>
  <testcase name="testBufferAppend" time="0,000" classname="cviceni.StringBuilderAndBufferTest"/>
  <testcase name="testBuilderAppend" time="0,001" classname="cviceni.StringBuilderAndBufferTest"/>
  <testcase name="testBufferAppendDelete" time="0,000" classname="cviceni.StringBuilderAndBufferTest"/>
  <testcase name="testBuilderAppendDelete" time="0,000" classname="cviceni.StringBuilderAndBufferTest"/>
  <testcase name="testBufferAppendDelete" time="0,000" classname="cviceni.StringBuilderAndBufferTest"/>
  <testcase name="testBuilderAppendDelete" time="0,000" classname="cviceni.StringBuilderAndBufferTest"/>
  <testcase name="testBuilderAppendDelete" time="0,000" classname="cviceni.StringBuilderAndBufferTest"/>
  <testcase name="testBuilderAppend" time="0,001" classname="cviceni.StringBuilderAndBufferTest"/>
  <testcase name="testBuilderAppendDelete" time="0,007" classname="cviceni.StringBuilderAndBufferTest"/>
  <testcase name="testBuilderAppend" time="0,000" classname="cviceni.StringBuilderAndBufferTest"/>
  <testcase name="testBufferAppend" time="0,001" classname="cviceni.StringBuilderAndBufferTest"/>
  <testcase name="testBufferAppendDelete" time="0,000" classname="cviceni.StringBuilderAndBufferTest"/>
  <testcase name="testBuilderAppend" time="0,000" classname="cviceni.StringBuilderAndBufferTest"/>
  <testcase name="testBuilderAppend" time="0,001" classname="cviceni.StringBuilderAndBufferTest"/>
  <testcase name="testBuilderAppend" time="0,000" classname="cviceni.StringBuilderAndBufferTest"/>
  <testcase name="testBuilderAppendDelete" time="0,000" classname="cviceni.StringBuilderAndBufferTest"/>
  <testcase name="testBuilderAppendDelete" time="0,000" classname="cviceni.StringBuilderAndBufferTest"/>
  <testcase name="testBuilderAppend" time="0,001" classname="cviceni.StringBuilderAndBufferTest"/>
  <testcase name="testBuilderAppend" time="0,000" classname="cviceni.StringBuilderAndBufferTest"/>
  <testcase name="testBuilderAppend" time="0,000" classname="cviceni.StringBuilderAndBufferTest"/>
  <testcase name="testBuilderAppend" time="0,000" classname="cviceni.StringBuilderAndBufferTest"/>
  <testcase name="testBuilderAppendDelete" time="0,000" classname="cviceni.StringBuilderAndBufferTest"/>
  <testcase name="testBuilderAppend" time="0,000" classname="cviceni.StringBuilderAndBufferTest"/>
  <testcase name="testBuilderAppend" time="0,001" classname="cviceni.StringBuilderAndBufferTest"/>
  <testcase name="testBufferAppendDelete" time="0,001" classname="cviceni.StringBuilderAndBufferTest"/>
  <testcase name="testBufferAppendDelete" time="0,001" classname="cviceni.StringBuilderAndBufferTest"/>
  <testcase name="testBufferAppend" time="0,001" classname="cviceni.StringBuilderAndBufferTest"/>
  <testcase name="testBufferAppendDelete" time="0,000" classname="cviceni.StringBuilderAndBufferTest"/>
  <testcase name="testBuilderAppend" time="0,000" classname="cviceni.StringBuilderAndBufferTest"/>
  <testcase name="testBuilderAppendDelete" time="0,001" classname="cviceni.StringBuilderAndBufferTest"/>
  <testcase name="testBuilderAppendDelete" time="0,009" classname="cviceni.StringBuilderAndBufferTest"/>
  <testcase name="testBufferAppend" time="0,000" classname="cviceni.StringBuilderAndBufferTest"/>
  <testcase name="testBufferAppend" time="0,000" classname="cviceni.StringBuilderAndBufferTest"/>
  <testcase name="testBufferAppendDelete" time="0,000" classname="cviceni.StringBuilderAndBufferTest"/>
  <testcase name="testBuilderAppendDelete" time="0,000" classname="cviceni.StringBuilderAndBufferTest"/>
  <testcase name="testBufferAppend" time="0,000" classname="cviceni.StringBuilderAndBufferTest"/>
  <testcase name="testBuilderAppendDelete" time="0,000" classname="cviceni.StringBuilderAndBufferTest"/>
  <testcase name="testBufferAppend" time="0,001" classname="cviceni.StringBuilderAndBufferTest"/>
  <testcase name="testBuilderAppendDelete" time="0,001" classname="cviceni.StringBuilderAndBufferTest"/>
  <testcase name="testBuilderAppend" time="0,000" classname="cviceni.StringBuilderAndBufferTest"/>
  <testcase name="testBuilderAppend" time="0,000" classname="cviceni.StringBuilderAndBufferTest"/>
  <testcase name="testBufferAppendDelete" time="0,000" classname="cviceni.StringBuilderAndBufferTest"/>
  <testcase name="testBuilderAppendDelete" time="0,000" classname="cviceni.StringBuilderAndBufferTest"/>
  <testcase name="testBufferAppend" time="0,000" classname="cviceni.StringBuilderAndBufferTest"/>
  <testcase name="testBuilderAppendDelete" time="0,000" classname="cviceni.StringBuilderAndBufferTest"/>
  <testcase name="testBuilderAppend" time="0,000" classname="cviceni.StringBuilderAndBufferTest"/>
  <testcase name="testBuilderAppendDelete" time="0,000" classname="cviceni.StringBuilderAndBufferTest"/>
  <testcase name="testBuilderAppend" time="0,000" classname="cviceni.StringBuilderAndBufferTest"/>
  <testcase name="testBuilderAppendDelete" time="0,000" classname="cviceni.StringBuilderAndBufferTest"/>
  <testcase name="testBuilderAppend" time="0,000" classname="cviceni.StringBuilderAndBufferTest"/>
  <testcase name="testBuilderAppend" time="0,000" classname="cviceni.StringBuilderAndBufferTest"/>
  <testcase name="testBufferAppend" time="0,000" classname="cviceni.StringBuilderAndBufferTest"/>
  <testcase name="testBuilderAppend" time="0,001" classname="cviceni.StringBuilderAndBufferTest"/>
  <testcase name="testBuilderAppendDelete" time="0,000" classname="cviceni.StringBuilderAndBufferTest"/>
  <testcase name="testBufferAppendDelete" time="0,001" classname="cviceni.StringBuilderAndBufferTest"/>
  <testcase name="testBufferAppendDelete" time="0,000" classname="cviceni.StringBuilderAndBufferTest"/>
  <testcase name="testBuilderAppend" time="0,000" classname="cviceni.StringBuilderAndBufferTest"/>
  <testcase name="testBufferAppendDelete" time="0,000" classname="cviceni.StringBuilderAndBufferTest"/>
  <testcase name="testBufferAppendDelete" time="0,000" classname="cviceni.StringBuilderAndBufferTest"/>
  <testcase name="testBuilderAppend" time="0,000" classname="cviceni.StringBuilderAndBufferTest"/>
  <testcase name="testBuilderAppend" time="0,000" classname="cviceni.StringBuilderAndBufferTest"/>
  <testcase name="testBuilderAppend" time="0,000" classname="cviceni.StringBuilderAndBufferTest"/>
  <testcase name="testBuilderAppendDelete" time="0,000" classname="cviceni.StringBuilderAndBufferTest"/>
  <testcase name="testBuilderAppendDelete" time="0,000" classname="cviceni.StringBuilderAndBufferTest"/>
  <testcase name="testBufferAppendDelete" time="0,000" classname="cviceni.StringBuilderAndBufferTest"/>
  <testcase name="testBuilderAppendDelete" time="0,000" classname="cviceni.StringBuilderAndBufferTest"/>
  <testcase name="testBufferAppendDelete" time="0,001" classname="cviceni.StringBuilderAndBufferTest"/>
  <testcase name="testBuilderAppend" time="0,000" classname="cviceni.StringBuilderAndBufferTest"/>
  <testcase name="testBufferAppend" time="0,000" classname="cviceni.StringBuilderAndBufferTest"/>
  <testcase name="testBufferAppend" time="0,000" classname="cviceni.StringBuilderAndBufferTest"/>
  <testcase name="testBufferAppend" time="0,000" classname="cviceni.StringBuilderAndBufferTest"/>
  <testcase name="testBuilderAppendDelete" time="0,001" classname="cviceni.StringBuilderAndBufferTest"/>
  <testcase name="testBuilderAppend" time="0,000" classname="cviceni.StringBuilderAndBufferTest"/>
  <testcase name="testBufferAppendDelete" time="0,000" classname="cviceni.StringBuilderAndBufferTest"/>
  <testcase name="testBuilderAppendDelete" time="0,000" classname="cviceni.StringBuilderAndBufferTest"/>
  <testcase name="testBuilderAppendDelete" time="0,000" classname="cviceni.StringBuilderAndBufferTest"/>
  <testcase name="testBufferAppendDelete" time="0,000" classname="cviceni.StringBuilderAndBufferTest"/>
  <testcase name="testBufferAppend" time="0,000" classname="cviceni.StringBuilderAndBufferTest"/>
  <testcase name="testBufferAppendDelete" time="0,001" classname="cviceni.StringBuilderAndBufferTest"/>
  <testcase name="testBuilderAppend" time="0,000" classname="cviceni.StringBuilderAndBufferTest"/>
  <testcase name="testBuilderAppendDelete" time="0,000" classname="cviceni.StringBuilderAndBufferTest"/>
  <testcase name="testBuilderAppendDelete" time="0,000" classname="cviceni.StringBuilderAndBufferTest"/>
  <testcase name="testBuilderAppend" time="0,000" classname="cviceni.StringBuilderAndBufferTest"/>
  <testcase name="testBufferAppendDelete" time="0,000" classname="cviceni.StringBuilderAndBufferTest"/>
  <testcase name="testBufferAppendDelete" time="0,001" classname="cviceni.StringBuilderAndBufferTest"/>
  <testcase name="testBuilderAppend" time="0,000" classname="cviceni.StringBuilderAndBufferTest"/>
  <testcase name="testBuilderAppend" time="0,587" classname="cviceni.StringBuilderAndBufferTest"/>
  <testcase name="testBuilderAppend" time="0,000" classname="cviceni.StringBuilderAndBufferTest"/>
  <testcase name="testBuilderAppendDelete" time="0,000" classname="cviceni.StringBuilderAndBufferTest"/>
  <testcase name="testBufferAppend" time="0,000" classname="cviceni.StringBuilderAndBufferTest"/>
  <testcase name="testBufferAppend" time="0,000" classname="cviceni.StringBuilderAndBufferTest"/>
  <testcase name="testBuilderAppend" time="0,000" classname="cviceni.StringBuilderAndBufferTest"/>
  <testcase name="testBuilderAppendDelete" time="0,000" classname="cviceni.StringBuilderAndBufferTest"/>
  <testcase name="testBufferAppend" time="0,001" classname="cviceni.StringBuilderAndBufferTest"/>
  <testcase name="testBuilderAppend" time="0,000" classname="cviceni.StringBuilderAndBufferTest"/>
  <testcase name="testBuilderAppendDelete" time="0,001" classname="cviceni.StringBuilderAndBufferTest"/>
  <testcase name="testBufferAppendDelete" time="0,000" classname="cviceni.StringBuilderAndBufferTest"/>
  <testcase name="testBufferAppendDelete" time="0,000" classname="cviceni.StringBuilderAndBufferTest"/>
  <testcase name="testBuilderAppend" time="0,000" classname="cviceni.StringBuilderAndBufferTest"/>
  <testcase name="testBuilderAppend" time="0,000" classname="cviceni.StringBuilderAndBufferTest"/>
  <testcase name="testBufferAppendDelete" time="0,000" classname="cviceni.StringBuilderAndBufferTest"/>
  <testcase name="testBufferAppendDelete" time="0,001" classname="cviceni.StringBuilderAndBufferTest"/>
  <testcase name="testBuilderAppend" time="0,000" classname="cviceni.StringBuilderAndBufferTest"/>
  <testcase name="testBufferAppendDelete" time="0,000" classname="cviceni.StringBuilderAndBufferTest"/>
  <testcase name="testBuilderAppend" time="0,001" classname="cviceni.StringBuilderAndBufferTest"/>
  <testcase name="testBuilderAppendDelete" time="0,001" classname="cviceni.StringBuilderAndBufferTest"/>
  <testcase name="testBufferAppend" time="0,000" classname="cviceni.StringBuilderAndBufferTest"/>
  <testcase name="testBufferAppend" time="0,000" classname="cviceni.StringBuilderAndBufferTest"/>
  <testcase name="testBuilderAppend" time="0,000" classname="cviceni.StringBuilderAndBufferTest"/>
  <testcase name="testBuilderAppend" time="0,000" classname="cviceni.StringBuilderAndBufferTest"/>
  <testcase name="testBuilderAppendDelete" time="0,001" classname="cviceni.StringBuilderAndBufferTest"/>
  <testcase name="testBufferAppend" time="0,001" classname="cviceni.StringBuilderAndBufferTest"/>
  <testcase name="testBuilderAppend" time="0,001" classname="cviceni.StringBuilderAndBufferTest"/>
  <testcase name="testBuilderAppendDelete" time="0,000" classname="cviceni.StringBuilderAndBufferTest"/>
  <testcase name="testBufferAppend" time="0,000" classname="cviceni.StringBuilderAndBufferTest"/>
  <testcase name="testBuilderAppend" time="0,000" classname="cviceni.StringBuilderAndBufferTest"/>
  <testcase name="testBufferAppendDelete" time="0,000" classname="cviceni.StringBuilderAndBufferTest"/>
  <testcase name="testBuilderAppendDelete" time="0,001" classname="cviceni.StringBuilderAndBufferTest"/>
  <testcase name="testBuilderAppendDelete" time="0,001" classname="cviceni.StringBuilderAndBufferTest"/>
  <testcase name="testBuilderAppend" time="0,000" classname="cviceni.StringBuilderAndBufferTest"/>
  <testcase name="testBufferAppend" time="0,001" classname="cviceni.StringBuilderAndBufferTest"/>
  <testcase name="testBufferAppendDelete" time="0,000" classname="cviceni.StringBuilderAndBufferTest"/>
  <testcase name="testBuilderAppendDelete" time="0,000" classname="cviceni.StringBuilderAndBufferTest"/>
  <testcase name="testBuilderAppendDelete" time="0,000" classname="cviceni.StringBuilderAndBufferTest"/>
  <testcase name="testBufferAppendDelete" time="0,000" classname="cviceni.StringBuilderAndBufferTest"/>
  <testcase name="testBuilderAppend" time="0,000" classname="cviceni.StringBuilderAndBufferTest"/>
  <testcase name="testBufferAppendDelete" time="0,001" classname="cviceni.StringBuilderAndBufferTest"/>
  <testcase name="testBufferAppend" time="0,001" classname="cviceni.StringBuilderAndBufferTest"/>
  <testcase name="testBuilderAppendDelete" time="0,000" classname="cviceni.StringBuilderAndBufferTest"/>
  <testcase name="testBufferAppend" time="0,000" classname="cviceni.StringBuilderAndBufferTest"/>
  <testcase name="testBuilderAppend" time="0,001" classname="cviceni.StringBuilderAndBufferTest"/>
  <testcase name="testBufferAppendDelete" time="0,000" classname="cviceni.StringBuilderAndBufferTest"/>
  <testcase name="testBuilderAppendDelete" time="0,000" classname="cviceni.StringBuilderAndBufferTest"/>
  <testcase name="testBufferAppend" time="0,000" classname="cviceni.StringBuilderAndBufferTest"/>
  <testcase name="testBufferAppendDelete" time="0,000" classname="cviceni.StringBuilderAndBufferTest"/>
  <testcase name="testBufferAppendDelete" time="0,000" classname="cviceni.StringBuilderAndBufferTest"/>
  <testcase name="testBuilderAppendDelete" time="0,017" classname="cviceni.StringBuilderAndBufferTest"/>
  <testcase name="testBufferAppend" time="0,000" classname="cviceni.StringBuilderAndBufferTest"/>
  <testcase name="testBufferAppend" time="0,000" classname="cviceni.StringBuilderAndBufferTest"/>
  <testcase name="testBuilderAppendDelete" time="0,000" classname="cviceni.StringBuilderAndBufferTest"/>
  <testcase name="testBuilderAppend" time="0,000" classname="cviceni.StringBuilderAndBufferTest"/>
  <testcase name="testBufferAppendDelete" time="0,000" classname="cviceni.StringBuilderAndBufferTest"/>
  <testcase name="testBuilderAppendDelete" time="0,000" classname="cviceni.StringBuilderAndBufferTest"/>
  <testcase name="testBuilderAppendDelete" time="0,000" classname="cviceni.StringBuilderAndBufferTest"/>
  <testcase name="testBuilderAppend" time="0,000" classname="cviceni.StringBuilderAndBufferTest"/>
  <testcase name="testBuilderAppendDelete" time="0,000" classname="cviceni.StringBuilderAndBufferTest"/>
  <testcase name="testBuilderAppend" time="0,000" classname="cviceni.StringBuilderAndBufferTest"/>
  <testcase name="testBuilderAppendDelete" time="0,000" classname="cviceni.StringBuilderAndBufferTest"/>
  <testcase name="testBuilderAppendDelete" time="0,000" classname="cviceni.StringBuilderAndBufferTest"/>
  <testcase name="testBuilderAppendDelete" time="0,000" classname="cviceni.StringBuilderAndBufferTest"/>
  <testcase name="testBufferAppend" time="0,001" classname="cviceni.StringBuilderAndBufferTest"/>
  <testcase name="testBufferAppend" time="0,001" classname="cviceni.StringBuilderAndBufferTest"/>
  <testcase name="testBufferAppendDelete" time="0,000" classname="cviceni.StringBuilderAndBufferTest"/>
  <testcase name="testBuilderAppend" time="0,001" classname="cviceni.StringBuilderAndBufferTest"/>
  <testcase name="testBuilderAppendDelete" time="0,001" classname="cviceni.StringBuilderAndBufferTest"/>
  <testcase name="testBuilderAppendDelete" time="0,001" classname="cviceni.StringBuilderAndBufferTest"/>
  <testcase name="testBuilderAppend" time="0,000" classname="cviceni.StringBuilderAndBufferTest"/>
  <testcase name="testBuilderAppend" time="0,001" classname="cviceni.StringBuilderAndBufferTest"/>
  <testcase name="testBufferAppend" time="0,000" classname="cviceni.StringBuilderAndBufferTest"/>
  <testcase name="testBufferAppend" time="0,000" classname="cviceni.StringBuilderAndBufferTest"/>
  <testcase name="testBuilderAppendDelete" time="0,000" classname="cviceni.StringBuilderAndBufferTest"/>
  <testcase name="testBuilderAppend" time="0,000" classname="cviceni.StringBuilderAndBufferTest"/>
  <testcase name="testBufferAppend" time="0,000" classname="cviceni.StringBuilderAndBufferTest"/>
  <testcase name="testBuilderAppendDelete" time="0,000" classname="cviceni.StringBuilderAndBufferTest"/>
  <testcase name="testBuilderAppend" time="0,000" classname="cviceni.StringBuilderAndBufferTest"/>
  <testcase name="testBuilderAppendDelete" time="0,000" classname="cviceni.StringBuilderAndBufferTest"/>
  <testcase name="testBufferAppendDelete" time="0,000" classname="cviceni.StringBuilderAndBufferTest"/>
  <testcase name="testBuilderAppend" time="0,000" classname="cviceni.StringBuilderAndBufferTest"/>
  <testcase name="testBufferAppend" time="0,000" classname="cviceni.StringBuilderAndBufferTest"/>
  <testcase name="testBuilderAppend" time="0,000" classname="cviceni.StringBuilderAndBufferTest"/>
  <testcase name="testBufferAppendDelete" time="0,000" classname="cviceni.StringBuilderAndBufferTest"/>
  <testcase name="testBufferAppend" time="0,000" classname="cviceni.StringBuilderAndBufferTest"/>
  <testcase name="testBufferAppendDelete" time="0,001" classname="cviceni.StringBuilderAndBufferTest"/>
  <testcase name="testBuilderAppendDelete" time="0,000" classname="cviceni.StringBuilderAndBufferTest"/>
  <testcase name="testBuilderAppendDelete" time="0,000" classname="cviceni.StringBuilderAndBufferTest"/>
  <testcase name="testBuilderAppend" time="0,000" classname="cviceni.StringBuilderAndBufferTest"/>
  <testcase name="testBufferAppendDelete" time="0,001" classname="cviceni.StringBuilderAndBufferTest"/>
  <testcase name="testBuilderAppend" time="0,000" classname="cviceni.StringBuilderAndBufferTest"/>
  <testcase name="testBufferAppend" time="0,000" classname="cviceni.StringBuilderAndBufferTest"/>
  <testcase name="testBufferAppendDelete" time="0,000" classname="cviceni.StringBuilderAndBufferTest"/>
  <testcase name="testBuilderAppendDelete" time="0,000" classname="cviceni.StringBuilderAndBufferTest"/>
  <testcase name="testBuilderAppendDelete" time="0,000" classname="cviceni.StringBuilderAndBufferTest"/>
  <testcase name="testBufferAppendDelete" time="0,000" classname="cviceni.StringBuilderAndBufferTest"/>
  <testcase name="testBuilderAppendDelete" time="0,001" classname="cviceni.StringBuilderAndBufferTest"/>
  <testcase name="testBufferAppendDelete" time="0,000" classname="cviceni.StringBuilderAndBufferTest"/>
  <testcase name="testBufferAppend" time="0,000" classname="cviceni.StringBuilderAndBufferTest"/>
  <testcase name="testBuilderAppend" time="0,000" classname="cviceni.StringBuilderAndBufferTest"/>
  <testcase name="testBufferAppend" time="0,000" classname="cviceni.StringBuilderAndBufferTest"/>
  <testcase name="testBufferAppend" time="0,000" classname="cviceni.StringBuilderAndBufferTest"/>
  <testcase name="testBufferAppend" time="0,000" classname="cviceni.StringBuilderAndBufferTest"/>
  <testcase name="testBufferAppendDelete" time="0,000" classname="cviceni.StringBuilderAndBufferTest"/>
  <testcase name="testBuilderAppend" time="0,000" classname="cviceni.StringBuilderAndBufferTest"/>
  <testcase name="testBuilderAppend" time="0,000" classname="cviceni.StringBuilderAndBufferTest"/>
  <testcase name="testBufferAppendDelete" time="0,001" classname="cviceni.StringBuilderAndBufferTest"/>
  <testcase name="testBufferAppend" time="0,001" classname="cviceni.StringBuilderAndBufferTest"/>
  <testcase name="testBuilderAppend" time="0,000" classname="cviceni.StringBuilderAndBufferTest"/>
  <testcase name="testBuilderAppend" time="0,000" classname="cviceni.StringBuilderAndBufferTest"/>
  <testcase name="testBuilderAppendDelete" time="0,000" classname="cviceni.StringBuilderAndBufferTest"/>
  <testcase name="testBuilderAppend" time="0,018" classname="cviceni.StringBuilderAndBufferTest"/>
  <testcase name="testBufferAppend" time="0,000" classname="cviceni.StringBuilderAndBufferTest"/>
  <testcase name="testBuilderAppend" time="0,000" classname="cviceni.StringBuilderAndBufferTest"/>
  <testcase name="testBuilderAppend" time="0,000" classname="cviceni.StringBuilderAndBufferTest"/>
  <testcase name="testBufferAppend" time="0,000" classname="cviceni.StringBuilderAndBufferTest"/>
  <testcase name="testBuilderAppend" time="0,000" classname="cviceni.StringBuilderAndBufferTest"/>
  <testcase name="testBufferAppendDelete" time="0,000" classname="cviceni.StringBuilderAndBufferTest"/>
  <testcase name="testBuilderAppend" time="0,000" classname="cviceni.StringBuilderAndBufferTest"/>
  <testcase name="testBuilderAppend" time="0,001" classname="cviceni.StringBuilderAndBufferTest"/>
  <testcase name="testBuilderAppendDelete" time="0,000" classname="cviceni.StringBuilderAndBufferTest"/>
  <testcase name="testBufferAppend" time="0,000" classname="cviceni.StringBuilderAndBufferTest"/>
  <testcase name="testBuilderAppend" time="0,012" classname="cviceni.StringBuilderAndBufferTest"/>
  <testcase name="testBufferAppendDelete" time="0,000" classname="cviceni.StringBuilderAndBufferTest"/>
  <testcase name="testBuilderAppend" time="0,000" classname="cviceni.StringBuilderAndBufferTest"/>
  <testcase name="testBufferAppendDelete" time="0,001" classname="cviceni.StringBuilderAndBufferTest"/>
  <testcase name="testBufferAppendDelete" time="0,001" classname="cviceni.StringBuilderAndBufferTest"/>
  <testcase name="testBuilderAppendDelete" time="0,001" classname="cviceni.StringBuilderAndBufferTest"/>
  <testcase name="testBuilderAppendDelete" time="0,000" classname="cviceni.StringBuilderAndBufferTest"/>
  <testcase name="testBufferAppend" time="0,000" classname="cviceni.StringBuilderAndBufferTest"/>
  <testcase name="testBuilderAppend" time="0,000" classname="cviceni.StringBuilderAndBufferTest"/>
  <testcase name="testBufferAppend" time="0,000" classname="cviceni.StringBuilderAndBufferTest"/>
  <testcase name="testBufferAppend" time="0,001" classname="cviceni.StringBuilderAndBufferTest"/>
  <testcase name="testBuilderAppend" time="0,000" classname="cviceni.StringBuilderAndBufferTest"/>
  <testcase name="testBuilderAppendDelete" time="0,001" classname="cviceni.StringBuilderAndBufferTest"/>
  <testcase name="testBufferAppend" time="0,000" classname="cviceni.StringBuilderAndBufferTest"/>
  <testcase name="testBuilderAppend" time="0,000" classname="cviceni.StringBuilderAndBufferTest"/>
  <testcase name="testBuilderAppendDelete" time="0,000" classname="cviceni.StringBuilderAndBufferTest"/>
  <testcase name="testBufferAppend" time="0,001" classname="cviceni.StringBuilderAndBufferTest"/>
  <testcase name="testBuilderAppendDelete" time="0,000" classname="cviceni.StringBuilderAndBufferTest"/>
  <testcase name="testBuilderAppend" time="0,000" classname="cviceni.StringBuilderAndBufferTest"/>
  <testcase name="testBuilderAppendDelete" time="0,000" classname="cviceni.StringBuilderAndBufferTest"/>
  <testcase name="testBuilderAppendDelete" time="0,001" classname="cviceni.StringBuilderAndBufferTest"/>
  <testcase name="testBufferAppend" time="0,001" classname="cviceni.StringBuilderAndBufferTest"/>
  <testcase name="testBuilderAppendDelete" time="0,000" classname="cviceni.StringBuilderAndBufferTest"/>
  <testcase name="testBufferAppendDelete" time="0,000" classname="cviceni.StringBuilderAndBufferTest"/>
  <testcase name="testBufferAppend" time="0,000" classname="cviceni.StringBuilderAndBufferTest"/>
  <testcase name="testBufferAppendDelete" time="0,000" classname="cviceni.StringBuilderAndBufferTest"/>
  <testcase name="testBuilderAppendDelete" time="0,000" classname="cviceni.StringBuilderAndBufferTest"/>
  <testcase name="testBufferAppendDelete" time="0,000" classname="cviceni.StringBuilderAndBufferTest"/>
  <testcase name="testBufferAppend" time="0,000" classname="cviceni.StringBuilderAndBufferTest"/>
  <testcase name="testBufferAppend" time="0,001" classname="cviceni.StringBuilderAndBufferTest"/>
  <testcase name="testBufferAppend" time="0,000" classname="cviceni.StringBuilderAndBufferTest"/>
  <testcase name="testBufferAppend" time="0,000" classname="cviceni.StringBuilderAndBufferTest"/>
  <testcase name="testBufferAppendDelete" time="0,001" classname="cviceni.StringBuilderAndBufferTest"/>
  <testcase name="testBuilderAppendDelete" time="0,059" classname="cviceni.StringBuilderAndBufferTest"/>
  <testcase name="testBufferAppendDelete" time="0,000" classname="cviceni.StringBuilderAndBufferTest"/>
  <testcase name="testBufferAppend" time="0,000" classname="cviceni.StringBuilderAndBufferTest"/>
  <testcase name="testBuilderAppend" time="0,000" classname="cviceni.StringBuilderAndBufferTest"/>
  <testcase name="testBuilderAppendDelete" time="0,000" classname="cviceni.StringBuilderAndBufferTest"/>
  <testcase name="testBuilderAppendDelete" time="0,000" classname="cviceni.StringBuilderAndBufferTest"/>
  <testcase name="testBuilderAppendDelete" time="0,000" classname="cviceni.StringBuilderAndBufferTest"/>
  <testcase name="testBufferAppendDelete" time="0,000" classname="cviceni.StringBuilderAndBufferTest"/>
  <testcase name="testBufferAppendDelete" time="0,000" classname="cviceni.StringBuilderAndBufferTest"/>
  <testcase name="testBuilderAppendDelete" time="0,000" classname="cviceni.StringBuilderAndBufferTest"/>
  <testcase name="testBufferAppendDelete" time="0,000" classname="cviceni.StringBuilderAndBufferTest"/>
  <testcase name="testBufferAppend" time="0,000" classname="cviceni.StringBuilderAndBufferTest"/>
  <testcase name="testBufferAppend" time="0,000" classname="cviceni.StringBuilderAndBufferTest"/>
  <testcase name="testBufferAppendDelete" time="0,000" classname="cviceni.StringBuilderAndBufferTest"/>
  <testcase name="testBuilderAppendDelete" time="0,040" classname="cviceni.StringBuilderAndBufferTest"/>
  <testcase name="testBufferAppendDelete" time="0,000" classname="cviceni.StringBuilderAndBufferTest"/>
  <testcase name="testBuilderAppend" time="0,000" classname="cviceni.StringBuilderAndBufferTest"/>
  <testcase name="testBufferAppend" time="0,000" classname="cviceni.StringBuilderAndBufferTest"/>
  <testcase name="testBufferAppend" time="0,000" classname="cviceni.StringBuilderAndBufferTest"/>
  <testcase name="testBufferAppend" time="0,000" classname="cviceni.StringBuilderAndBufferTest"/>
  <testcase name="testBufferAppendDelete" time="0,000" classname="cviceni.StringBuilderAndBufferTest"/>
  <testcase name="testBuilderAppend" time="0,001" classname="cviceni.StringBuilderAndBufferTest"/>
  <testcase name="testBuilderAppendDelete" time="0,000" classname="cviceni.StringBuilderAndBufferTest"/>
  <testcase name="testBuilderAppend" time="0,001" classname="cviceni.StringBuilderAndBufferTest"/>
  <testcase name="testBuilderAppendDelete" time="0,000" classname="cviceni.StringBuilderAndBufferTest"/>
  <testcase name="testBufferAppendDelete" time="0,000" classname="cviceni.StringBuilderAndBufferTest"/>
  <testcase name="testBufferAppend" time="0,000" classname="cviceni.StringBuilderAndBufferTest"/>
  <testcase name="testBufferAppendDelete" time="0,000" classname="cviceni.StringBuilderAndBufferTest"/>
  <testcase name="testBuilderAppendDelete" time="0,000" classname="cviceni.StringBuilderAndBufferTest"/>
  <testcase name="testBufferAppendDelete" time="0,000" classname="cviceni.StringBuilderAndBufferTest"/>
  <testcase name="testBuilderAppend" time="0,000" classname="cviceni.StringBuilderAndBufferTest"/>
  <testcase name="testBufferAppend" time="0,000" classname="cviceni.StringBuilderAndBufferTest"/>
  <testcase name="testBufferAppendDelete" time="0,000" classname="cviceni.StringBuilderAndBufferTest"/>
  <testcase name="testBufferAppend" time="0,001" classname="cviceni.StringBuilderAndBufferTest"/>
  <testcase name="testBufferAppendDelete" time="0,000" classname="cviceni.StringBuilderAndBufferTest"/>
  <testcase name="testBufferAppend" time="0,000" classname="cviceni.StringBuilderAndBufferTest"/>
  <testcase name="testBufferAppend" time="0,001" classname="cviceni.StringBuilderAndBufferTest"/>
  <testcase name="testBuilderAppend" time="0,000" classname="cviceni.StringBuilderAndBufferTest"/>
  <testcase name="testBufferAppendDelete" time="0,000" classname="cviceni.StringBuilderAndBufferTest"/>
  <testcase name="testBufferAppendDelete" time="0,000" classname="cviceni.StringBuilderAndBufferTest"/>
  <testcase name="testBufferAppendDelete" time="0,000" classname="cviceni.StringBuilderAndBufferTest"/>
  <testcase name="testBufferAppend" time="0,000" classname="cviceni.StringBuilderAndBufferTest"/>
  <testcase name="testBuilderAppendDelete" time="0,000" classname="cviceni.StringBuilderAndBufferTest"/>
  <testcase name="testBufferAppend" time="0,000" classname="cviceni.StringBuilderAndBufferTest"/>
  <testcase name="testBuilderAppend" time="0,000" classname="cviceni.StringBuilderAndBufferTest"/>
  <testcase name="testBuilderAppendDelete" time="0,000" classname="cviceni.StringBuilderAndBufferTest"/>
  <testcase name="testBuilderAppendDelete" time="0,000" classname="cviceni.StringBuilderAndBufferTest"/>
  <testcase name="testBufferAppend" time="0,001" classname="cviceni.StringBuilderAndBufferTest"/>
  <testcase name="testBuilderAppend" time="0,001" classname="cviceni.StringBuilderAndBufferTest"/>
  <testcase name="testBufferAppendDelete" time="0,001" classname="cviceni.StringBuilderAndBufferTest"/>
  <testcase name="testBufferAppendDelete" time="0,000" classname="cviceni.StringBuilderAndBufferTest"/>
  <testcase name="testBuilderAppendDelete" time="0,000" classname="cviceni.StringBuilderAndBufferTest"/>
  <testcase name="testBufferAppendDelete" time="0,000" classname="cviceni.StringBuilderAndBufferTest"/>
  <testcase name="testBufferAppend" time="0,000" classname="cviceni.StringBuilderAndBufferTest"/>
  <testcase name="testBufferAppendDelete" time="0,000" classname="cviceni.StringBuilderAndBufferTest"/>
  <testcase name="testBuilderAppend" time="0,000" classname="cviceni.StringBuilderAndBufferTest"/>
  <testcase name="testBuilderAppend" time="0,000" classname="cviceni.StringBuilderAndBufferTest"/>
  <testcase name="testBuilderAppendDelete" time="0,001" classname="cviceni.StringBuilderAndBufferTest"/>
  <testcase name="testBuilderAppend" time="0,001" classname="cviceni.StringBuilderAndBufferTest"/>
  <testcase name="testBufferAppend" time="0,001" classname="cviceni.StringBuilderAndBufferTest"/>
  <testcase name="testBuilderAppendDelete" time="0,000" classname="cviceni.StringBuilderAndBufferTest"/>
  <testcase name="testBuilderAppend" time="0,000" classname="cviceni.StringBuilderAndBufferTest"/>
  <testcase name="testBufferAppendDelete" time="0,001" classname="cviceni.StringBuilderAndBufferTest"/>
  <testcase name="testBuilderAppend" time="0,001" classname="cviceni.StringBuilderAndBufferTest"/>
  <testcase name="testBufferAppend" time="0,000" classname="cviceni.StringBuilderAndBufferTest"/>
  <testcase name="testBuilderAppend" time="0,000" classname="cviceni.StringBuilderAndBufferTest"/>
  <testcase name="testBuilderAppendDelete" time="0,000" classname="cviceni.StringBuilderAndBufferTest"/>
  <testcase name="testBufferAppendDelete" time="0,000" classname="cviceni.StringBuilderAndBufferTest"/>
  <testcase name="testBufferAppend" time="0,000" classname="cviceni.StringBuilderAndBufferTest"/>
  <testcase name="testBufferAppend" time="0,000" classname="cviceni.StringBuilderAndBufferTest"/>
  <testcase name="testBufferAppend" time="0,000" classname="cviceni.StringBuilderAndBufferTest"/>
  <testcase name="testBuilderAppendDelete" time="0,000" classname="cviceni.StringBuilderAndBufferTest"/>
  <testcase name="testBufferAppend" time="0,001" classname="cviceni.StringBuilderAndBufferTest"/>
  <testcase name="testBuilderAppend" time="0,000" classname="cviceni.StringBuilderAndBufferTest"/>
  <testcase name="testBufferAppendDelete" time="0,000" classname="cviceni.StringBuilderAndBufferTest"/>
  <testcase name="testBufferAppendDelete" time="0,001" classname="cviceni.StringBuilderAndBufferTest"/>
  <testcase name="testBufferAppendDelete" time="0,000" classname="cviceni.StringBuilderAndBufferTest"/>
  <testcase name="testBuilderAppendDelete" time="0,000" classname="cviceni.StringBuilderAndBufferTest"/>
  <testcase name="testBufferAppend" time="0,000" classname="cviceni.StringBuilderAndBufferTest"/>
  <testcase name="testBuilderAppend" time="0,000" classname="cviceni.StringBuilderAndBufferTest"/>
  <testcase name="testBufferAppendDelete" time="0,001" classname="cviceni.StringBuilderAndBufferTest"/>
  <testcase name="testBufferAppendDelete" time="0,001" classname="cviceni.StringBuilderAndBufferTest"/>
  <testcase name="testBufferAppend" time="0,001" classname="cviceni.StringBuilderAndBufferTest"/>
  <testcase name="testBufferAppendDelete" time="0,000" classname="cviceni.StringBuilderAndBufferTest"/>
  <testcase name="testBuilderAppend" time="0,000" classname="cviceni.StringBuilderAndBufferTest"/>
  <testcase name="testBufferAppendDelete" time="0,000" classname="cviceni.StringBuilderAndBufferTest"/>
  <testcase name="testBufferAppend" time="0,000" classname="cviceni.StringBuilderAndBufferTest"/>
  <testcase name="testBufferAppendDelete" time="0,001" classname="cviceni.StringBuilderAndBufferTest"/>
  <testcase name="testBufferAppend" time="0,000" classname="cviceni.StringBuilderAndBufferTest"/>
  <testcase name="testBuilderAppend" time="0,001" classname="cviceni.StringBuilderAndBufferTest"/>
  <testcase name="testBufferAppendDelete" time="0,001" classname="cviceni.StringBuilderAndBufferTest"/>
  <testcase name="testBuilderAppend" time="0,001" classname="cviceni.StringBuilderAndBufferTest"/>
  <testcase name="testBufferAppend" time="0,000" classname="cviceni.StringBuilderAndBufferTest"/>
  <testcase name="testBuilderAppend" time="0,000" classname="cviceni.StringBuilderAndBufferTest"/>
  <testcase name="testBuilderAppend" time="0,000" classname="cviceni.StringBuilderAndBufferTest"/>
  <testcase name="testBuilderAppendDelete" time="0,000" classname="cviceni.StringBuilderAndBufferTest"/>
  <testcase name="testBuilderAppendDelete" time="0,001" classname="cviceni.StringBuilderAndBufferTest"/>
  <testcase name="testBufferAppendDelete" time="0,001" classname="cviceni.StringBuilderAndBufferTest"/>
  <testcase name="testBufferAppendDelete" time="0,000" classname="cviceni.StringBuilderAndBufferTest"/>
  <testcase name="testBufferAppendDelete" time="0,000" classname="cviceni.StringBuilderAndBufferTest"/>
  <testcase name="testBufferAppendDelete" time="0,001" classname="cviceni.StringBuilderAndBufferTest"/>
  <testcase name="testBufferAppend" time="0,000" classname="cviceni.StringBuilderAndBufferTest"/>
  <testcase name="testBuilderAppendDelete" time="0,000" classname="cviceni.StringBuilderAndBufferTest"/>
  <testcase name="testBufferAppend" time="0,000" classname="cviceni.StringBuilderAndBufferTest"/>
  <testcase name="testBufferAppend" time="0,000" classname="cviceni.StringBuilderAndBufferTest"/>
  <testcase name="testBuilderAppend" time="0,000" classname="cviceni.StringBuilderAndBufferTest"/>
  <testcase name="testBuilderAppend" time="0,000" classname="cviceni.StringBuilderAndBufferTest"/>
  <testcase name="testBuilderAppend" time="0,000" classname="cviceni.StringBuilderAndBufferTest"/>
  <testcase name="testBufferAppendDelete" time="0,001" classname="cviceni.StringBuilderAndBufferTest"/>
  <testcase name="testBufferAppendDelete" time="0,000" classname="cviceni.StringBuilderAndBufferTest"/>
  <testcase name="testBuilderAppendDelete" time="0,000" classname="cviceni.StringBuilderAndBufferTest"/>
  <testcase name="testBufferAppend" time="0,001" classname="cviceni.StringBuilderAndBufferTest"/>
  <testcase name="testBuilderAppendDelete" time="0,000" classname="cviceni.StringBuilderAndBufferTest"/>
  <testcase name="testBufferAppend" time="0,000" classname="cviceni.StringBuilderAndBufferTest"/>
  <testcase name="testBufferAppendDelete" time="0,000" classname="cviceni.StringBuilderAndBufferTest"/>
  <testcase name="testBufferAppend" time="0,000" classname="cviceni.StringBuilderAndBufferTest"/>
  <testcase name="testBuilderAppend" time="0,000" classname="cviceni.StringBuilderAndBufferTest"/>
  <testcase name="testBufferAppendDelete" time="0,000" classname="cviceni.StringBuilderAndBufferTest"/>
  <testcase name="testBuilderAppend" time="0,000" classname="cviceni.StringBuilderAndBufferTest"/>
  <testcase name="testBufferAppendDelete" time="0,000" classname="cviceni.StringBuilderAndBufferTest"/>
  <testcase name="testBuilderAppendDelete" time="0,061" classname="cviceni.StringBuilderAndBufferTest"/>
  <testcase name="testBufferAppend" time="0,000" classname="cviceni.StringBuilderAndBufferTest"/>
  <testcase name="testBufferAppend" time="0,000" classname="cviceni.StringBuilderAndBufferTest"/>
  <testcase name="testBuilderAppend" time="0,000" classname="cviceni.StringBuilderAndBufferTest"/>
  <testcase name="testBufferAppendDelete" time="0,000" classname="cviceni.StringBuilderAndBufferTest"/>
  <testcase name="testBuilderAppendDelete" time="0,000" classname="cviceni.StringBuilderAndBufferTest"/>
  <testcase name="testBuilderAppendDelete" time="0,000" classname="cviceni.StringBuilderAndBufferTest"/>
  <testcase name="testBufferAppend" time="0,001" classname="cviceni.StringBuilderAndBufferTest"/>
  <testcase name="testBuilderAppend" time="0,001" classname="cviceni.StringBuilderAndBufferTest"/>
  <testcase name="testBufferAppendDelete" time="0,000" classname="cviceni.StringBuilderAndBufferTest"/>
  <testcase name="testBufferAppendDelete" time="0,000" classname="cviceni.StringBuilderAndBufferTest"/>
  <testcase name="testBuilderAppendDelete" time="0,000" classname="cviceni.StringBuilderAndBufferTest"/>
  <testcase name="testBufferAppendDelete" time="0,000" classname="cviceni.StringBuilderAndBufferTest"/>
  <testcase name="testBuilderAppend" time="0,000" classname="cviceni.StringBuilderAndBufferTest"/>
  <testcase name="testBufferAppend" time="0,001" classname="cviceni.StringBuilderAndBufferTest"/>
  <testcase name="testBufferAppend" time="0,000" classname="cviceni.StringBuilderAndBufferTest"/>
  <testcase name="testBuilderAppend" time="0,000" classname="cviceni.StringBuilderAndBufferTest"/>
  <testcase name="testBuilderAppend" time="0,001" classname="cviceni.StringBuilderAndBufferTest"/>
  <testcase name="testBufferAppend" time="0,001" classname="cviceni.StringBuilderAndBufferTest"/>
  <testcase name="testBuilderAppendDelete" time="0,000" classname="cviceni.StringBuilderAndBufferTest"/>
  <testcase name="testBuilderAppendDelete" time="0,000" classname="cviceni.StringBuilderAndBufferTest"/>
  <testcase name="testBuilderAppendDelete" time="0,000" classname="cviceni.StringBuilderAndBufferTest"/>
  <testcase name="testBufferAppendDelete" time="0,000" classname="cviceni.StringBuilderAndBufferTest"/>
  <testcase name="testBufferAppendDelete" time="0,000" classname="cviceni.StringBuilderAndBufferTest"/>
  <testcase name="testBufferAppend" time="0,000" classname="cviceni.StringBuilderAndBufferTest"/>
  <testcase name="testBuilderAppendDelete" time="0,001" classname="cviceni.StringBuilderAndBufferTest"/>
  <testcase name="testBufferAppendDelete" time="0,000" classname="cviceni.StringBuilderAndBufferTest"/>
  <testcase name="testBuilderAppend" time="0,001" classname="cviceni.StringBuilderAndBufferTest"/>
  <testcase name="testBuilderAppendDelete" time="0,000" classname="cviceni.StringBuilderAndBufferTest"/>
  <testcase name="testBuilderAppend" time="0,001" classname="cviceni.StringBuilderAndBufferTest"/>
  <testcase name="testBufferAppendDelete" time="0,000" classname="cviceni.StringBuilderAndBufferTest"/>
  <testcase name="testBufferAppendDelete" time="0,000" classname="cviceni.StringBuilderAndBufferTest"/>
  <testcase name="testBuilderAppendDelete" time="0,001" classname="cviceni.StringBuilderAndBufferTest"/>
  <testcase name="testBuilderAppend" time="0,001" classname="cviceni.StringBuilderAndBufferTest"/>
  <testcase name="testBuilderAppend" time="0,000" classname="cviceni.StringBuilderAndBufferTest"/>
  <testcase name="testBufferAppendDelete" time="0,000" classname="cviceni.StringBuilderAndBufferTest"/>
  <testcase name="testBuilderAppend" time="0,000" classname="cviceni.StringBuilderAndBufferTest"/>
  <testcase name="testBufferAppendDelete" time="0,000" classname="cviceni.StringBuilderAndBufferTest"/>
  <testcase name="testBufferAppend" time="0,001" classname="cviceni.StringBuilderAndBufferTest"/>
  <testcase name="testBuilderAppend" time="0,017" classname="cviceni.StringBuilderAndBufferTest"/>
  <testcase name="testBufferAppend" time="0,000" classname="cviceni.StringBuilderAndBufferTest"/>
  <testcase name="testBufferAppend" time="0,000" classname="cviceni.StringBuilderAndBufferTest"/>
  <testcase name="testBufferAppendDelete" time="0,001" classname="cviceni.StringBuilderAndBufferTest"/>
  <testcase name="testBuilderAppendDelete" time="0,000" classname="cviceni.StringBuilderAndBufferTest"/>
  <testcase name="testBufferAppend" time="0,000" classname="cviceni.StringBuilderAndBufferTest"/>
  <testcase name="testBufferAppendDelete" time="0,001" classname="cviceni.StringBuilderAndBufferTest"/>
  <testcase name="testBufferAppendDelete" time="0,000" classname="cviceni.StringBuilderAndBufferTest"/>
  <testcase name="testBuilderAppend" time="0,000" classname="cviceni.StringBuilderAndBufferTest"/>
  <testcase name="testBufferAppendDelete" time="0,000" classname="cviceni.StringBuilderAndBufferTest"/>
  <testcase name="testBuilderAppendDelete" time="0,000" classname="cviceni.StringBuilderAndBufferTest"/>
  <testcase name="testBuilderAppendDelete" time="0,000" classname="cviceni.StringBuilderAndBufferTest"/>
  <testcase name="testBufferAppendDelete" time="0,000" classname="cviceni.StringBuilderAndBufferTest"/>
  <testcase name="testBufferAppend" time="0,001" classname="cviceni.StringBuilderAndBufferTest"/>
  <testcase name="testBuilderAppend" time="0,000" classname="cviceni.StringBuilderAndBufferTest"/>
  <testcase name="testBufferAppendDelete" time="0,000" classname="cviceni.StringBuilderAndBufferTest"/>
  <testcase name="testBuilderAppend" time="0,000" classname="cviceni.StringBuilderAndBufferTest"/>
  <testcase name="testBuilderAppend" time="0,000" classname="cviceni.StringBuilderAndBufferTest"/>
  <testcase name="testBufferAppend" time="0,000" classname="cviceni.StringBuilderAndBufferTest"/>
  <testcase name="testBuilderAppendDelete" time="0,000" classname="cviceni.StringBuilderAndBufferTest"/>
  <testcase name="testBufferAppend" time="0,000" classname="cviceni.StringBuilderAndBufferTest"/>
  <testcase name="testBufferAppend" time="0,001" classname="cviceni.StringBuilderAndBufferTest"/>
  <testcase name="testBufferAppendDelete" time="0,000" classname="cviceni.StringBuilderAndBufferTest"/>
  <testcase name="testBufferAppend" time="0,000" classname="cviceni.StringBuilderAndBufferTest"/>
  <testcase name="testBufferAppend" time="0,000" classname="cviceni.StringBuilderAndBufferTest"/>
  <testcase name="testBuilderAppend" time="0,000" classname="cviceni.StringBuilderAndBufferTest"/>
  <testcase name="testBufferAppend" time="0,001" classname="cviceni.StringBuilderAndBufferTest"/>
  <testcase name="testBufferAppend" time="0,001" classname="cviceni.StringBuilderAndBufferTest"/>
  <testcase name="testBufferAppend" time="0,001" classname="cviceni.StringBuilderAndBufferTest"/>
  <testcase name="testBuilderAppendDelete" time="0,000" classname="cviceni.StringBuilderAndBufferTest"/>
  <testcase name="testBuilderAppendDelete" time="0,000" classname="cviceni.StringBuilderAndBufferTest"/>
  <testcase name="testBufferAppend" time="0,000" classname="cviceni.StringBuilderAndBufferTest"/>
  <testcase name="testBuilderAppend" time="0,000" classname="cviceni.StringBuilderAndBufferTest"/>
  <testcase name="testBufferAppendDelete" time="0,000" classname="cviceni.StringBuilderAndBufferTest"/>
  <testcase name="testBufferAppendDelete" time="0,001" classname="cviceni.StringBuilderAndBufferTest"/>
  <testcase name="testBufferAppend" time="0,000" classname="cviceni.StringBuilderAndBufferTest"/>
  <testcase name="testBufferAppendDelete" time="0,000" classname="cviceni.StringBuilderAndBufferTest"/>
  <testcase name="testBuilderAppendDelete" time="0,000" classname="cviceni.StringBuilderAndBufferTest"/>
  <testcase name="testBufferAppend" time="0,003" classname="cviceni.StringBuilderAndBufferTest"/>
  <testcase name="testBufferAppendDelete" time="0,000" classname="cviceni.StringBuilderAndBufferTest"/>
  <testcase name="testBufferAppendDelete" time="0,000" classname="cviceni.StringBuilderAndBufferTest"/>
  <testcase name="testBuilderAppendDelete" time="0,000" classname="cviceni.StringBuilderAndBufferTest"/>
  <testcase name="testBuilderAppend" time="0,001" classname="cviceni.StringBuilderAndBufferTest"/>
  <testcase name="testBuilderAppend" time="0,001" classname="cviceni.StringBuilderAndBufferTest"/>
  <testcase name="testBufferAppendDelete" time="0,000" classname="cviceni.StringBuilderAndBufferTest"/>
  <testcase name="testBuilderAppend" time="0,001" classname="cviceni.StringBuilderAndBufferTest"/>
  <testcase name="testBuilderAppend" time="0,000" classname="cviceni.StringBuilderAndBufferTest"/>
  <testcase name="testBuilderAppend" time="0,001" classname="cviceni.StringBuilderAndBufferTest"/>
  <testcase name="testBufferAppend" time="0,001" classname="cviceni.StringBuilderAndBufferTest"/>
  <testcase name="testBufferAppendDelete" time="0,000" classname="cviceni.StringBuilderAndBufferTest"/>
  <testcase name="testBuilderAppend" time="0,000" classname="cviceni.StringBuilderAndBufferTest"/>
  <testcase name="testBuilderAppendDelete" time="0,001" classname="cviceni.StringBuilderAndBufferTest"/>
  <testcase name="testBufferAppendDelete" time="0,000" classname="cviceni.StringBuilderAndBufferTest"/>
  <testcase name="testBufferAppendDelete" time="0,000" classname="cviceni.StringBuilderAndBufferTest"/>
  <testcase name="testBufferAppend" time="0,000" classname="cviceni.StringBuilderAndBufferTest"/>
  <testcase name="testBufferAppendDelete" time="0,000" classname="cviceni.StringBuilderAndBufferTest"/>
  <testcase name="testBufferAppendDelete" time="0,000" classname="cviceni.StringBuilderAndBufferTest"/>
  <testcase name="testBufferAppend" time="0,000" classname="cviceni.StringBuilderAndBufferTest"/>
  <testcase name="testBuilderAppendDelete" time="0,000" classname="cviceni.StringBuilderAndBufferTest"/>
  <testcase name="testBufferAppendDelete" time="0,001" classname="cviceni.StringBuilderAndBufferTest"/>
  <testcase name="testBufferAppendDelete" time="0,001" classname="cviceni.StringBuilderAndBufferTest"/>
  <testcase name="testBufferAppendDelete" time="0,001" classname="cviceni.StringBuilderAndBufferTest"/>
  <testcase name="testBuilderAppend" time="0,010" classname="cviceni.StringBuilderAndBufferTest"/>
  <testcase name="testBufferAppend" time="0,000" classname="cviceni.StringBuilderAndBufferTest"/>
  <testcase name="testBuilderAppend" time="0,001" classname="cviceni.StringBuilderAndBufferTest"/>
  <testcase name="testBufferAppend" time="0,000" classname="cviceni.StringBuilderAndBufferTest"/>
  <testcase name="testBuilderAppend" time="0,000" classname="cviceni.StringBuilderAndBufferTest"/>
  <testcase name="testBufferAppend" time="0,001" classname="cviceni.StringBuilderAndBufferTest"/>
  <testcase name="testBuilderAppend" time="0,000" classname="cviceni.StringBuilderAndBufferTest"/>
  <testcase name="testBuilderAppend" time="0,000" classname="cviceni.StringBuilderAndBufferTest"/>
  <testcase name="testBufferAppend" time="0,001" classname="cviceni.StringBuilderAndBufferTest"/>
  <testcase name="testBuilderAppend" time="0,001" classname="cviceni.StringBuilderAndBufferTest"/>
  <testcase name="testBufferAppend" time="0,000" classname="cviceni.StringBuilderAndBufferTest"/>
  <testcase name="testBuilderAppend" time="0,000" classname="cviceni.StringBuilderAndBufferTest"/>
  <testcase name="testBuilderAppendDelete" time="0,000" classname="cviceni.StringBuilderAndBufferTest"/>
  <testcase name="testBufferAppend" time="0,000" classname="cviceni.StringBuilderAndBufferTest"/>
  <testcase name="testBuilderAppendDelete" time="0,000" classname="cviceni.StringBuilderAndBufferTest"/>
  <testcase name="testBufferAppend" time="0,000" classname="cviceni.StringBuilderAndBufferTest"/>
  <testcase name="testBufferAppendDelete" time="0,000" classname="cviceni.StringBuilderAndBufferTest"/>
  <testcase name="testBuilderAppendDelete" time="0,000" classname="cviceni.StringBuilderAndBufferTest"/>
  <testcase name="testBufferAppendDelete" time="0,000" classname="cviceni.StringBuilderAndBufferTest"/>
  <testcase name="testBufferAppend" time="0,000" classname="cviceni.StringBuilderAndBufferTest"/>
  <testcase name="testBufferAppendDelete" time="0,001" classname="cviceni.StringBuilderAndBufferTest"/>
  <testcase name="testBuilderAppend" time="0,000" classname="cviceni.StringBuilderAndBufferTest"/>
  <testcase name="testBuilderAppend" time="0,001" classname="cviceni.StringBuilderAndBufferTest"/>
  <testcase name="testBuilderAppend" time="0,000" classname="cviceni.StringBuilderAndBufferTest"/>
  <testcase name="testBufferAppendDelete" time="0,000" classname="cviceni.StringBuilderAndBufferTest"/>
  <testcase name="testBufferAppend" time="0,000" classname="cviceni.StringBuilderAndBufferTest"/>
  <testcase name="testBuilderAppendDelete" time="0,000" classname="cviceni.StringBuilderAndBufferTest"/>
  <testcase name="testBufferAppend" time="0,000" classname="cviceni.StringBuilderAndBufferTest"/>
  <testcase name="testBuilderAppend" time="0,001" classname="cviceni.StringBuilderAndBufferTest"/>
  <testcase name="testBuilderAppend" time="0,001" classname="cviceni.StringBuilderAndBufferTest"/>
  <testcase name="testBuilderAppendDelete" time="0,000" classname="cviceni.StringBuilderAndBufferTest"/>
  <testcase name="testBuilderAppendDelete" time="0,001" classname="cviceni.StringBuilderAndBufferTest"/>
  <testcase name="testBuilderAppendDelete" time="0,000" classname="cviceni.StringBuilderAndBufferTest"/>
  <testcase name="testBuilderAppend" time="0,000" classname="cviceni.StringBuilderAndBufferTest"/>
  <testcase name="testBuilderAppend" time="0,000" classname="cviceni.StringBuilderAndBufferTest"/>
  <testcase name="testBufferAppend" time="0,000" classname="cviceni.StringBuilderAndBufferTest"/>
  <testcase name="testBuilderAppendDelete" time="0,000" classname="cviceni.StringBuilderAndBufferTest"/>
  <testcase name="testBuilderAppend" time="0,000" classname="cviceni.StringBuilderAndBufferTest"/>
  <testcase name="testBufferAppend" time="0,000" classname="cviceni.StringBuilderAndBufferTest"/>
  <testcase name="testBuilderAppendDelete" time="0,000" classname="cviceni.StringBuilderAndBufferTest"/>
  <testcase name="testBuilderAppendDelete" time="0,001" classname="cviceni.StringBuilderAndBufferTest"/>
  <testcase name="testBufferAppend" time="0,000" classname="cviceni.StringBuilderAndBufferTest"/>
  <testcase name="testBufferAppend" time="0,000" classname="cviceni.StringBuilderAndBufferTest"/>
  <testcase name="testBuilderAppend" time="0,000" classname="cviceni.StringBuilderAndBufferTest"/>
  <testcase name="testBufferAppendDelete" time="0,000" classname="cviceni.StringBuilderAndBufferTest"/>
  <testcase name="testBufferAppendDelete" time="0,001" classname="cviceni.StringBuilderAndBufferTest"/>
  <testcase name="testBufferAppendDelete" time="0,000" classname="cviceni.StringBuilderAndBufferTest"/>
  <testcase name="testBuilderAppendDelete" time="0,017" classname="cviceni.StringBuilderAndBufferTest"/>
  <testcase name="testBuilderAppendDelete" time="0,001" classname="cviceni.StringBuilderAndBufferTest"/>
  <testcase name="testBuilderAppendDelete" time="0,000" classname="cviceni.StringBuilderAndBufferTest"/>
  <testcase name="testBuilderAppendDelete" time="0,000" classname="cviceni.StringBuilderAndBufferTest"/>
  <testcase name="testBuilderAppend" time="0,000" classname="cviceni.StringBuilderAndBufferTest"/>
  <testcase name="testBufferAppend" time="0,000" classname="cviceni.StringBuilderAndBufferTest"/>
  <testcase name="testBuilderAppendDelete" time="0,000" classname="cviceni.StringBuilderAndBufferTest"/>
  <testcase name="testBuilderAppendDelete" time="0,000" classname="cviceni.StringBuilderAndBufferTest"/>
  <testcase name="testBufferAppendDelete" time="0,000" classname="cviceni.StringBuilderAndBufferTest"/>
  <testcase name="testBuilderAppendDelete" time="0,000" classname="cviceni.StringBuilderAndBufferTest"/>
  <testcase name="testBuilderAppend" time="0,000" classname="cviceni.StringBuilderAndBufferTest"/>
  <testcase name="testBuilderAppend" time="0,000" classname="cviceni.StringBuilderAndBufferTest"/>
  <testcase name="testBuilderAppendDelete" time="0,001" classname="cviceni.StringBuilderAndBufferTest"/>
  <testcase name="testBuilderAppendDelete" time="0,000" classname="cviceni.StringBuilderAndBufferTest"/>
  <testcase name="testBufferAppendDelete" time="0,001" classname="cviceni.StringBuilderAndBufferTest"/>
  <testcase name="testBuilderAppend" time="0,001" classname="cviceni.StringBuilderAndBufferTest"/>
  <testcase name="testBuilderAppend" time="0,000" classname="cviceni.StringBuilderAndBufferTest"/>
  <testcase name="testBuilderAppend" time="0,000" classname="cviceni.StringBuilderAndBufferTest"/>
  <testcase name="testBufferAppendDelete" time="0,001" classname="cviceni.StringBuilderAndBufferTest"/>
  <testcase name="testBufferAppend" time="0,000" classname="cviceni.StringBuilderAndBufferTest"/>
  <testcase name="testBufferAppendDelete" time="0,000" classname="cviceni.StringBuilderAndBufferTest"/>
  <testcase name="testBuilderAppendDelete" time="0,001" classname="cviceni.StringBuilderAndBufferTest"/>
  <testcase name="testBufferAppend" time="0,000" classname="cviceni.StringBuilderAndBufferTest"/>
  <testcase name="testBuilderAppendDelete" time="0,001" classname="cviceni.StringBuilderAndBufferTest"/>
  <testcase name="testBufferAppendDelete" time="0,001" classname="cviceni.StringBuilderAndBufferTest"/>
  <testcase name="testBuilderAppend" time="0,000" classname="cviceni.StringBuilderAndBufferTest"/>
  <testcase name="testBufferAppendDelete" time="0,000" classname="cviceni.StringBuilderAndBufferTest"/>
  <testcase name="testBuilderAppendDelete" time="0,000" classname="cviceni.StringBuilderAndBufferTest"/>
  <testcase name="testBufferAppendDelete" time="0,001" classname="cviceni.StringBuilderAndBufferTest"/>
  <testcase name="testBuilderAppend" time="0,001" classname="cviceni.StringBuilderAndBufferTest"/>
  <testcase name="testBuilderAppend" time="0,001" classname="cviceni.StringBuilderAndBufferTest"/>
  <testcase name="testBuilderAppendDelete" time="0,000" classname="cviceni.StringBuilderAndBufferTest"/>
  <testcase name="testBufferAppendDelete" time="0,000" classname="cviceni.StringBuilderAndBufferTest"/>
  <testcase name="testBufferAppend" time="0,000" classname="cviceni.StringBuilderAndBufferTest"/>
  <testcase name="testBuilderAppend" time="0,000" classname="cviceni.StringBuilderAndBufferTest"/>
  <testcase name="testBufferAppend" time="0,000" classname="cviceni.StringBuilderAndBufferTest"/>
  <testcase name="testBuilderAppendDelete" time="0,001" classname="cviceni.StringBuilderAndBufferTest"/>
  <testcase name="testBufferAppend" time="0,001" classname="cviceni.StringBuilderAndBufferTest"/>
  <testcase name="testBufferAppend" time="0,001" classname="cviceni.StringBuilderAndBufferTest"/>
  <testcase name="testBuilderAppend" time="0,000" classname="cviceni.StringBuilderAndBufferTest"/>
  <testcase name="testBuilderAppend" time="0,000" classname="cviceni.StringBuilderAndBufferTest"/>
  <testcase name="testBuilderAppendDelete" time="0,027" classname="cviceni.StringBuilderAndBufferTest"/>
  <testcase name="testBufferAppendDelete" time="0,000" classname="cviceni.StringBuilderAndBufferTest"/>
  <testcase name="testBufferAppendDelete" time="0,000" classname="cviceni.StringBuilderAndBufferTest"/>
  <testcase name="testBufferAppendDelete" time="0,000" classname="cviceni.StringBuilderAndBufferTest"/>
  <testcase name="testBuilderAppend" time="0,000" classname="cviceni.StringBuilderAndBufferTest"/>
  <testcase name="testBufferAppendDelete" time="0,001" classname="cviceni.StringBuilderAndBufferTest"/>
  <testcase name="testBuilderAppend" time="0,198" classname="cviceni.StringBuilderAndBufferTest"/>
  <testcase name="testBufferAppend" time="0,000" classname="cviceni.StringBuilderAndBufferTest"/>
  <testcase name="testBufferAppendDelete" time="0,000" classname="cviceni.StringBuilderAndBufferTest"/>
  <testcase name="testBuilderAppend" time="0,011" classname="cviceni.StringBuilderAndBufferTest"/>
  <testcase name="testBufferAppend" time="0,000" classname="cviceni.StringBuilderAndBufferTest"/>
  <testcase name="testBuilderAppendDelete" time="0,001" classname="cviceni.StringBuilderAndBufferTest"/>
  <testcase name="testBuilderAppend" time="0,000" classname="cviceni.StringBuilderAndBufferTest"/>
  <testcase name="testBufferAppend" time="0,000" classname="cviceni.StringBuilderAndBufferTest"/>
  <testcase name="testBuilderAppendDelete" time="0,001" classname="cviceni.StringBuilderAndBufferTest"/>
  <testcase name="testBufferAppend" time="0,000" classname="cviceni.StringBuilderAndBufferTest"/>
  <testcase name="testBuilderAppendDelete" time="0,000" classname="cviceni.StringBuilderAndBufferTest"/>
  <testcase name="testBuilderAppendDelete" time="0,000" classname="cviceni.StringBuilderAndBufferTest"/>
  <testcase name="testBuilderAppendDelete" time="0,000" classname="cviceni.StringBuilderAndBufferTest"/>
  <testcase name="testBuilderAppendDelete" time="0,000" classname="cviceni.StringBuilderAndBufferTest"/>
  <testcase name="testBuilderAppendDelete" time="0,000" classname="cviceni.StringBuilderAndBufferTest"/>
  <testcase name="testBuilderAppendDelete" time="0,013" classname="cviceni.StringBuilderAndBufferTest"/>
  <testcase name="testBufferAppendDelete" time="0,000" classname="cviceni.StringBuilderAndBufferTest"/>
  <testcase name="testBuilderAppendDelete" time="0,000" classname="cviceni.StringBuilderAndBufferTest"/>
  <testcase name="testBufferAppend" time="0,000" classname="cviceni.StringBuilderAndBufferTest"/>
  <testcase name="testBufferAppend" time="0,000" classname="cviceni.StringBuilderAndBufferTest"/>
  <testcase name="testBufferAppendDelete" time="0,000" classname="cviceni.StringBuilderAndBufferTest"/>
  <testcase name="testBufferAppend" time="0,000" classname="cviceni.StringBuilderAndBufferTest"/>
  <testcase name="testBuilderAppendDelete" time="0,000" classname="cviceni.StringBuilderAndBufferTest"/>
  <testcase name="testBufferAppendDelete" time="0,000" classname="cviceni.StringBuilderAndBufferTest"/>
  <testcase name="testBuilderAppendDelete" time="0,000" classname="cviceni.StringBuilderAndBufferTest"/>
  <testcase name="testBuilderAppend" time="0,008" classname="cviceni.StringBuilderAndBufferTest"/>
  <testcase name="testBuilderAppendDelete" time="0,000" classname="cviceni.StringBuilderAndBufferTest"/>
  <testcase name="testBuilderAppendDelete" time="0,000" classname="cviceni.StringBuilderAndBufferTest"/>
  <testcase name="testBufferAppend" time="0,000" classname="cviceni.StringBuilderAndBufferTest"/>
  <testcase name="testBufferAppend" time="0,000" classname="cviceni.StringBuilderAndBufferTest"/>
  <testcase name="testBufferAppend" time="0,000" classname="cviceni.StringBuilderAndBufferTest"/>
  <testcase name="testBuilderAppend" time="0,001" classname="cviceni.StringBuilderAndBufferTest"/>
  <testcase name="testBufferAppendDelete" time="0,001" classname="cviceni.StringBuilderAndBufferTest"/>
  <testcase name="testBuilderAppendDelete" time="0,027" classname="cviceni.StringBuilderAndBufferTest"/>
  <testcase name="testBufferAppend" time="0,000" classname="cviceni.StringBuilderAndBufferTest"/>
  <testcase name="testBuilderAppendDelete" time="0,000" classname="cviceni.StringBuilderAndBufferTest"/>
  <testcase name="testBuilderAppendDelete" time="0,000" classname="cviceni.StringBuilderAndBufferTest"/>
  <testcase name="testBuilderAppendDelete" time="0,000" classname="cviceni.StringBuilderAndBufferTest"/>
  <testcase name="testBufferAppend" time="0,000" classname="cviceni.StringBuilderAndBufferTest"/>
  <testcase name="testBufferAppendDelete" time="0,000" classname="cviceni.StringBuilderAndBufferTest"/>
  <testcase name="testBuilderAppendDelete" time="0,000" classname="cviceni.StringBuilderAndBufferTest"/>
  <testcase name="testBuilderAppendDelete" time="0,000" classname="cviceni.StringBuilderAndBufferTest"/>
  <testcase name="testBuilderAppend" time="0,000" classname="cviceni.StringBuilderAndBufferTest"/>
  <testcase name="testBufferAppend" time="0,000" classname="cviceni.StringBuilderAndBufferTest"/>
  <testcase name="testBufferAppend" time="0,000" classname="cviceni.StringBuilderAndBufferTest"/>
  <testcase name="testBuilderAppendDelete" time="0,001" classname="cviceni.StringBuilderAndBufferTest"/>
  <testcase name="testBuilderAppendDelete" time="0,000" classname="cviceni.StringBuilderAndBufferTest"/>
  <testcase name="testBufferAppendDelete" time="0,000" classname="cviceni.StringBuilderAndBufferTest"/>
  <testcase name="testBuilderAppendDelete" time="0,000" classname="cviceni.StringBuilderAndBufferTest"/>
  <testcase name="testBuilderAppend" time="0,001" classname="cviceni.StringBuilderAndBufferTest"/>
  <testcase name="testBufferAppendDelete" time="0,001" classname="cviceni.StringBuilderAndBufferTest"/>
  <testcase name="testBufferAppend" time="0,000" classname="cviceni.StringBuilderAndBufferTest"/>
  <testcase name="testBufferAppendDelete" time="0,000" classname="cviceni.StringBuilderAndBufferTest"/>
  <testcase name="testBufferAppend" time="0,000" classname="cviceni.StringBuilderAndBufferTest"/>
  <testcase name="testBufferAppendDelete" time="0,001" classname="cviceni.StringBuilderAndBufferTest"/>
  <testcase name="testBufferAppend" time="0,001" classname="cviceni.StringBuilderAndBufferTest"/>
  <testcase name="testBuilderAppend" time="0,001" classname="cviceni.StringBuilderAndBufferTest"/>
  <testcase name="testBufferAppend" time="0,000" classname="cviceni.StringBuilderAndBufferTest"/>
  <testcase name="testBuilderAppendDelete" time="0,000" classname="cviceni.StringBuilderAndBufferTest"/>
  <testcase name="testBufferAppend" time="0,000" classname="cviceni.StringBuilderAndBufferTest"/>
  <testcase name="testBufferAppend" time="0,000" classname="cviceni.StringBuilderAndBufferTest"/>
  <testcase name="testBuilderAppendDelete" time="0,348" classname="cviceni.StringBuilderAndBufferTest"/>
  <testcase name="testBufferAppendDelete" time="0,000" classname="cviceni.StringBuilderAndBufferTest"/>
  <testcase name="testBufferAppend" time="0,000" classname="cviceni.StringBuilderAndBufferTest"/>
  <testcase name="testBuilderAppendDelete" time="0,001" classname="cviceni.StringBuilderAndBufferTest"/>
  <testcase name="testBufferAppendDelete" time="0,000" classname="cviceni.StringBuilderAndBufferTest"/>
  <testcase name="testBuilderAppendDelete" time="0,001" classname="cviceni.StringBuilderAndBufferTest"/>
  <testcase name="testBuilderAppendDelete" time="0,000" classname="cviceni.StringBuilderAndBufferTest"/>
  <testcase name="testBuilderAppendDelete" time="0,018" classname="cviceni.StringBuilderAndBufferTest"/>
  <testcase name="testBufferAppend" time="0,000" classname="cviceni.StringBuilderAndBufferTest"/>
  <testcase name="testBuilderAppendDelete" time="0,000" classname="cviceni.StringBuilderAndBufferTest"/>
  <testcase name="testBufferAppend" time="0,000" classname="cviceni.StringBuilderAndBufferTest"/>
  <testcase name="testBuilderAppendDelete" time="0,001" classname="cviceni.StringBuilderAndBufferTest"/>
  <testcase name="testBufferAppend" time="0,000" classname="cviceni.StringBuilderAndBufferTest"/>
  <testcase name="testBuilderAppend" time="0,000" classname="cviceni.StringBuilderAndBufferTest"/>
  <testcase name="testBuilderAppend" time="0,001" classname="cviceni.StringBuilderAndBufferTest"/>
  <testcase name="testBuilderAppend" time="0,000" classname="cviceni.StringBuilderAndBufferTest"/>
  <testcase name="testBufferAppend" time="0,001" classname="cviceni.StringBuilderAndBufferTest"/>
  <testcase name="testBuilderAppendDelete" time="0,001" classname="cviceni.StringBuilderAndBufferTest"/>
  <testcase name="testBufferAppend" time="0,000" classname="cviceni.StringBuilderAndBufferTest"/>
  <testcase name="testBuilderAppend" time="0,000" classname="cviceni.StringBuilderAndBufferTest"/>
  <testcase name="testBuilderAppendDelete" time="0,001" classname="cviceni.StringBuilderAndBufferTest"/>
  <testcase name="testBuilderAppendDelete" time="0,001" classname="cviceni.StringBuilderAndBufferTest"/>
  <testcase name="testBufferAppend" time="0,000" classname="cviceni.StringBuilderAndBufferTest"/>
  <testcase name="testBuilderAppend" time="0,000" classname="cviceni.StringBuilderAndBufferTest"/>
  <testcase name="testBuilderAppend" time="0,000" classname="cviceni.StringBuilderAndBufferTest"/>
  <testcase name="testBuilderAppend" time="0,000" classname="cviceni.StringBuilderAndBufferTest"/>
  <testcase name="testBufferAppendDelete" time="0,001" classname="cviceni.StringBuilderAndBufferTest"/>
  <testcase name="testBuilderAppendDelete" time="0,000" classname="cviceni.StringBuilderAndBufferTest"/>
  <testcase name="testBufferAppendDelete" time="0,000" classname="cviceni.StringBuilderAndBufferTest"/>
  <testcase name="testBufferAppend" time="0,000" classname="cviceni.StringBuilderAndBufferTest"/>
  <testcase name="testBufferAppend" time="0,000" classname="cviceni.StringBuilderAndBufferTest"/>
  <testcase name="testBuilderAppend" time="0,000" classname="cviceni.StringBuilderAndBufferTest"/>
  <testcase name="testBuilderAppend" time="0,000" classname="cviceni.StringBuilderAndBufferTest"/>
  <testcase name="testBuilderAppendDelete" time="0,000" classname="cviceni.StringBuilderAndBufferTest"/>
  <testcase name="testBuilderAppendDelete" time="0,000" classname="cviceni.StringBuilderAndBufferTest"/>
  <testcase name="testBuilderAppendDelete" time="0,000" classname="cviceni.StringBuilderAndBufferTest"/>
  <testcase name="testBuilderAppend" time="0,001" classname="cviceni.StringBuilderAndBufferTest"/>
  <testcase name="testBuilderAppendDelete" time="0,001" classname="cviceni.StringBuilderAndBufferTest"/>
  <testcase name="testBuilderAppend" time="0,000" classname="cviceni.StringBuilderAndBufferTest"/>
  <testcase name="testBufferAppendDelete" time="0,000" classname="cviceni.StringBuilderAndBufferTest"/>
  <testcase name="testBuilderAppend" time="0,001" classname="cviceni.StringBuilderAndBufferTest"/>
  <testcase name="testBuilderAppend" time="0,000" classname="cviceni.StringBuilderAndBufferTest"/>
  <testcase name="testBuilderAppend" time="0,000" classname="cviceni.StringBuilderAndBufferTest"/>
  <testcase name="testBufferAppend" time="0,000" classname="cviceni.StringBuilderAndBufferTest"/>
  <testcase name="testBuilderAppend" time="0,000" classname="cviceni.StringBuilderAndBufferTest"/>
  <testcase name="testBuilderAppendDelete" time="0,001" classname="cviceni.StringBuilderAndBufferTest"/>
  <testcase name="testBuilderAppend" time="0,000" classname="cviceni.StringBuilderAndBufferTest"/>
  <testcase name="testBuilderAppend" time="0,000" classname="cviceni.StringBuilderAndBufferTest"/>
  <testcase name="testBuilderAppendDelete" time="0,000" classname="cviceni.StringBuilderAndBufferTest"/>
  <testcase name="testBuilderAppend" time="0,000" classname="cviceni.StringBuilderAndBufferTest"/>
  <testcase name="testBufferAppend" time="0,002" classname="cviceni.StringBuilderAndBufferTest"/>
  <testcase name="testBufferAppendDelete" time="0,000" classname="cviceni.StringBuilderAndBufferTest"/>
  <testcase name="testBufferAppend" time="0,000" classname="cviceni.StringBuilderAndBufferTest"/>
  <testcase name="testBuilderAppendDelete" time="0,124" classname="cviceni.StringBuilderAndBufferTest"/>
  <testcase name="testBufferAppend" time="0,000" classname="cviceni.StringBuilderAndBufferTest"/>
  <testcase name="testBuilderAppendDelete" time="0,001" classname="cviceni.StringBuilderAndBufferTest"/>
  <testcase name="testBuilderAppendDelete" time="0,001" classname="cviceni.StringBuilderAndBufferTest"/>
  <testcase name="testBuilderAppend" time="0,000" classname="cviceni.StringBuilderAndBufferTest"/>
  <testcase name="testBufferAppendDelete" time="0,001" classname="cviceni.StringBuilderAndBufferTest"/>
  <testcase name="testBuilderAppend" time="0,000" classname="cviceni.StringBuilderAndBufferTest"/>
  <testcase name="testBufferAppendDelete" time="0,000" classname="cviceni.StringBuilderAndBufferTest"/>
  <testcase name="testBuilderAppend" time="0,001" classname="cviceni.StringBuilderAndBufferTest"/>
  <testcase name="testBuilderAppend" time="0,000" classname="cviceni.StringBuilderAndBufferTest"/>
  <testcase name="testBufferAppend" time="0,000" classname="cviceni.StringBuilderAndBufferTest"/>
  <testcase name="testBufferAppend" time="0,000" classname="cviceni.StringBuilderAndBufferTest"/>
  <testcase name="testBuilderAppendDelete" time="0,000" classname="cviceni.StringBuilderAndBufferTest"/>
  <testcase name="testBufferAppendDelete" time="0,000" classname="cviceni.StringBuilderAndBufferTest"/>
  <testcase name="testBufferAppend" time="0,000" classname="cviceni.StringBuilderAndBufferTest"/>
  <testcase name="testBuilderAppendDelete" time="0,001" classname="cviceni.StringBuilderAndBufferTest"/>
  <testcase name="testBufferAppendDelete" time="0,001" classname="cviceni.StringBuilderAndBufferTest"/>
  <testcase name="testBuilderAppendDelete" time="0,000" classname="cviceni.StringBuilderAndBufferTest"/>
  <testcase name="testBuilderAppend" time="0,000" classname="cviceni.StringBuilderAndBufferTest"/>
  <testcase name="testBufferAppendDelete" time="0,000" classname="cviceni.StringBuilderAndBufferTest"/>
  <testcase name="testBuilderAppendDelete" time="0,000" classname="cviceni.StringBuilderAndBufferTest"/>
  <testcase name="testBufferAppend" time="0,000" classname="cviceni.StringBuilderAndBufferTest"/>
  <testcase name="testBuilderAppend" time="0,000" classname="cviceni.StringBuilderAndBufferTest"/>
  <testcase name="testBufferAppendDelete" time="0,000" classname="cviceni.StringBuilderAndBufferTest"/>
  <testcase name="testBufferAppendDelete" time="0,000" classname="cviceni.StringBuilderAndBufferTest"/>
  <testcase name="testBufferAppendDelete" time="0,001" classname="cviceni.StringBuilderAndBufferTest"/>
  <testcase name="testBufferAppendDelete" time="0,000" classname="cviceni.StringBuilderAndBufferTest"/>
  <testcase name="testBuilderAppend" time="0,000" classname="cviceni.StringBuilderAndBufferTest"/>
  <testcase name="testBuilderAppend" time="0,001" classname="cviceni.StringBuilderAndBufferTest"/>
  <testcase name="testBuilderAppend" time="0,000" classname="cviceni.StringBuilderAndBufferTest"/>
  <testcase name="testBuilderAppendDelete" time="0,000" classname="cviceni.StringBuilderAndBufferTest"/>
  <testcase name="testBuilderAppend" time="0,000" classname="cviceni.StringBuilderAndBufferTest"/>
  <testcase name="testBufferAppendDelete" time="0,001" classname="cviceni.StringBuilderAndBufferTest"/>
  <testcase name="testBufferAppendDelete" time="0,004" classname="cviceni.StringBuilderAndBufferTest"/>
  <testcase name="testBufferAppendDelete" time="0,001" classname="cviceni.StringBuilderAndBufferTest"/>
  <testcase name="testBuilderAppendDelete" time="0,001" classname="cviceni.StringBuilderAndBufferTest"/>
  <testcase name="testBuilderAppend" time="0,000" classname="cviceni.StringBuilderAndBufferTest"/>
  <testcase name="testBufferAppend" time="0,002" classname="cviceni.StringBuilderAndBufferTest"/>
  <testcase name="testBufferAppendDelete" time="0,000" classname="cviceni.StringBuilderAndBufferTest"/>
  <testcase name="testBufferAppend" time="0,000" classname="cviceni.StringBuilderAndBufferTest"/>
  <testcase name="testBuilderAppend" time="0,000" classname="cviceni.StringBuilderAndBufferTest"/>
  <testcase name="testBufferAppend" time="0,000" classname="cviceni.StringBuilderAndBufferTest"/>
  <testcase name="testBuilderAppendDelete" time="0,000" classname="cviceni.StringBuilderAndBufferTest"/>
  <testcase name="testBufferAppendDelete" time="0,000" classname="cviceni.StringBuilderAndBufferTest"/>
  <testcase name="testBufferAppend" time="0,000" classname="cviceni.StringBuilderAndBufferTest"/>
  <testcase name="testBuilderAppendDelete" time="0,000" classname="cviceni.StringBuilderAndBufferTest"/>
  <testcase name="testBuilderAppend" time="0,000" classname="cviceni.StringBuilderAndBufferTest"/>
  <testcase name="testBuilderAppendDelete" time="0,001" classname="cviceni.StringBuilderAndBufferTest"/>
  <testcase name="testBuilderAppendDelete" time="0,002" classname="cviceni.StringBuilderAndBufferTest"/>
  <testcase name="testBuilderAppend" time="0,001" classname="cviceni.StringBuilderAndBufferTest"/>
  <testcase name="testBufferAppendDelete" time="0,000" classname="cviceni.StringBuilderAndBufferTest"/>
  <testcase name="testBufferAppend" time="0,000" classname="cviceni.StringBuilderAndBufferTest"/>
  <testcase name="testBufferAppend" time="0,000" classname="cviceni.StringBuilderAndBufferTest"/>
  <testcase name="testBuilderAppendDelete" time="0,000" classname="cviceni.StringBuilderAndBufferTest"/>
  <testcase name="testBufferAppendDelete" time="0,000" classname="cviceni.StringBuilderAndBufferTest"/>
  <testcase name="testBufferAppendDelete" time="0,000" classname="cviceni.StringBuilderAndBufferTest"/>
  <testcase name="testBufferAppend" time="0,001" classname="cviceni.StringBuilderAndBufferTest"/>
  <testcase name="testBufferAppend" time="0,000" classname="cviceni.StringBuilderAndBufferTest"/>
  <testcase name="testBufferAppend" time="0,001" classname="cviceni.StringBuilderAndBufferTest"/>
  <testcase name="testBuilderAppend" time="0,000" classname="cviceni.StringBuilderAndBufferTest"/>
  <testcase name="testBuilderAppendDelete" time="0,000" classname="cviceni.StringBuilderAndBufferTest"/>
  <testcase name="testBuilderAppendDelete" time="0,000" classname="cviceni.StringBuilderAndBufferTest"/>
  <testcase name="testBuilderAppend" time="0,001" classname="cviceni.StringBuilderAndBufferTest"/>
  <testcase name="testBufferAppendDelete" time="0,000" classname="cviceni.StringBuilderAndBufferTest"/>
  <testcase name="testBufferAppendDelete" time="0,001" classname="cviceni.StringBuilderAndBufferTest"/>
  <testcase name="testBufferAppend" time="0,000" classname="cviceni.StringBuilderAndBufferTest"/>
  <testcase name="testBuilderAppend" time="0,000" classname="cviceni.StringBuilderAndBufferTest"/>
  <testcase name="testBufferAppend" time="0,000" classname="cviceni.StringBuilderAndBufferTest"/>
  <testcase name="testBuilderAppendDelete" time="0,000" classname="cviceni.StringBuilderAndBufferTest"/>
  <testcase name="testBufferAppendDelete" time="0,001" classname="cviceni.StringBuilderAndBufferTest"/>
  <testcase name="testBufferAppendDelete" time="0,000" classname="cviceni.StringBuilderAndBufferTest"/>
  <testcase name="testBufferAppend" time="0,000" classname="cviceni.StringBuilderAndBufferTest"/>
  <testcase name="testBufferAppendDelete" time="0,001" classname="cviceni.StringBuilderAndBufferTest"/>
  <testcase name="testBufferAppendDelete" time="0,001" classname="cviceni.StringBuilderAndBufferTest"/>
  <testcase name="testBuilderAppend" time="0,000" classname="cviceni.StringBuilderAndBufferTest"/>
  <testcase name="testBufferAppend" time="0,001" classname="cviceni.StringBuilderAndBufferTest"/>
  <testcase name="testBufferAppendDelete" time="0,000" classname="cviceni.StringBuilderAndBufferTest"/>
  <testcase name="testBufferAppendDelete" time="0,000" classname="cviceni.StringBuilderAndBufferTest"/>
  <testcase name="testBufferAppendDelete" time="0,000" classname="cviceni.StringBuilderAndBufferTest"/>
  <testcase name="testBuilderAppend" time="0,001" classname="cviceni.StringBuilderAndBufferTest"/>
  <testcase name="testBuilderAppendDelete" time="0,000" classname="cviceni.StringBuilderAndBufferTest"/>
  <testcase name="testBufferAppend" time="0,000" classname="cviceni.StringBuilderAndBufferTest"/>
  <testcase name="testBuilderAppendDelete" time="0,000" classname="cviceni.StringBuilderAndBufferTest"/>
  <testcase name="testBuilderAppend" time="0,000" classname="cviceni.StringBuilderAndBufferTest"/>
  <testcase name="testBufferAppend" time="0,033" classname="cviceni.StringBuilderAndBufferTest"/>
  <testcase name="testBuilderAppend" time="0,000" classname="cviceni.StringBuilderAndBufferTest"/>
  <testcase name="testBuilderAppend" time="0,000" classname="cviceni.StringBuilderAndBufferTest"/>
  <testcase name="testBufferAppend" time="0,001" classname="cviceni.StringBuilderAndBufferTest"/>
  <testcase name="testBufferAppendDelete" time="0,000" classname="cviceni.StringBuilderAndBufferTest"/>
  <testcase name="testBufferAppend" time="0,000" classname="cviceni.StringBuilderAndBufferTest"/>
  <testcase name="testBufferAppendDelete" time="0,000" classname="cviceni.StringBuilderAndBufferTest"/>
  <testcase name="testBuilderAppend" time="0,000" classname="cviceni.StringBuilderAndBufferTest"/>
  <testcase name="testBuilderAppendDelete" time="0,000" classname="cviceni.StringBuilderAndBufferTest"/>
  <testcase name="testBufferAppendDelete" time="0,001" classname="cviceni.StringBuilderAndBufferTest"/>
  <testcase name="testBuilderAppendDelete" time="0,000" classname="cviceni.StringBuilderAndBufferTest"/>
  <testcase name="testBufferAppend" time="0,000" classname="cviceni.StringBuilderAndBufferTest"/>
  <testcase name="testBufferAppendDelete" time="0,000" classname="cviceni.StringBuilderAndBufferTest"/>
  <testcase name="testBuilderAppend" time="0,021" classname="cviceni.StringBuilderAndBufferTest"/>
  <testcase name="testBuilderAppendDelete" time="0,001" classname="cviceni.StringBuilderAndBufferTest"/>
  <testcase name="testBufferAppendDelete" time="0,000" classname="cviceni.StringBuilderAndBufferTest"/>
  <testcase name="testBufferAppend" time="0,000" classname="cviceni.StringBuilderAndBufferTest"/>
  <testcase name="testBuilderAppendDelete" time="0,000" classname="cviceni.StringBuilderAndBufferTest"/>
  <testcase name="testBuilderAppendDelete" time="0,000" classname="cviceni.StringBuilderAndBufferTest"/>
  <testcase name="testBufferAppendDelete" time="0,000" classname="cviceni.StringBuilderAndBufferTest"/>
  <testcase name="testBuilderAppend" time="0,066" classname="cviceni.StringBuilderAndBufferTest"/>
  <testcase name="testBuilderAppendDelete" time="0,001" classname="cviceni.StringBuilderAndBufferTest"/>
  <testcase name="testBuilderAppend" time="0,001" classname="cviceni.StringBuilderAndBufferTest"/>
  <testcase name="testBufferAppend" time="0,000" classname="cviceni.StringBuilderAndBufferTest"/>
  <testcase name="testBufferAppend" time="0,000" classname="cviceni.StringBuilderAndBufferTest"/>
  <testcase name="testBuilderAppendDelete" time="0,000" classname="cviceni.StringBuilderAndBufferTest"/>
  <testcase name="testBufferAppendDelete" time="0,000" classname="cviceni.StringBuilderAndBufferTest"/>
  <testcase name="testBufferAppendDelete" time="0,000" classname="cviceni.StringBuilderAndBufferTest"/>
  <testcase name="testBufferAppendDelete" time="0,001" classname="cviceni.StringBuilderAndBufferTest"/>
  <testcase name="testBufferAppend" time="0,190" classname="cviceni.StringBuilderAndBufferTest"/>
  <testcase name="testBuilderAppendDelete" time="0,000" classname="cviceni.StringBuilderAndBufferTest"/>
  <testcase name="testBuilderAppend" time="0,000" classname="cviceni.StringBuilderAndBufferTest"/>
  <testcase name="testBuilderAppend" time="0,000" classname="cviceni.StringBuilderAndBufferTest"/>
  <testcase name="testBufferAppend" time="0,000" classname="cviceni.StringBuilderAndBufferTest"/>
  <testcase name="testBuilderAppend" time="0,000" classname="cviceni.StringBuilderAndBufferTest"/>
  <testcase name="testBuilderAppendDelete" time="0,000" classname="cviceni.StringBuilderAndBufferTest"/>
  <testcase name="testBuilderAppendDelete" time="0,001" classname="cviceni.StringBuilderAndBufferTest"/>
  <testcase name="testBuilderAppend" time="0,000" classname="cviceni.StringBuilderAndBufferTest"/>
  <testcase name="testBufferAppendDelete" time="0,000" classname="cviceni.StringBuilderAndBufferTest"/>
  <testcase name="testBuilderAppendDelete" time="0,009" classname="cviceni.StringBuilderAndBufferTest"/>
  <testcase name="testBuilderAppend" time="0,000" classname="cviceni.StringBuilderAndBufferTest"/>
  <testcase name="testBufferAppend" time="0,000" classname="cviceni.StringBuilderAndBufferTest"/>
  <testcase name="testBufferAppendDelete" time="0,000" classname="cviceni.StringBuilderAndBufferTest"/>
  <testcase name="testBufferAppendDelete" time="0,001" classname="cviceni.StringBuilderAndBufferTest"/>
  <testcase name="testBufferAppendDelete" time="0,000" classname="cviceni.StringBuilderAndBufferTest"/>
  <testcase name="testBuilderAppend" time="0,017" classname="cviceni.StringBuilderAndBufferTest"/>
  <testcase name="testBuilderAppend" time="0,000" classname="cviceni.StringBuilderAndBufferTest"/>
  <testcase name="testBuilderAppend" time="0,000" classname="cviceni.StringBuilderAndBufferTest"/>
  <testcase name="testBuilderAppendDelete" time="0,000" classname="cviceni.StringBuilderAndBufferTest"/>
  <testcase name="testBufferAppend" time="0,001" classname="cviceni.StringBuilderAndBufferTest"/>
  <testcase name="testBuilderAppend" time="0,000" classname="cviceni.StringBuilderAndBufferTest"/>
  <testcase name="testBufferAppend" time="0,000" classname="cviceni.StringBuilderAndBufferTest"/>
  <testcase name="testBufferAppendDelete" time="0,001" classname="cviceni.StringBuilderAndBufferTest"/>
  <testcase name="testBuilderAppend" time="0,000" classname="cviceni.StringBuilderAndBufferTest"/>
  <testcase name="testBuilderAppendDelete" time="0,000" classname="cviceni.StringBuilderAndBufferTest"/>
  <testcase name="testBufferAppend" time="0,000" classname="cviceni.StringBuilderAndBufferTest"/>
  <testcase name="testBuilderAppend" time="0,000" classname="cviceni.StringBuilderAndBufferTest"/>
  <testcase name="testBufferAppend" time="0,001" classname="cviceni.StringBuilderAndBufferTest"/>
  <testcase name="testBufferAppend" time="0,000" classname="cviceni.StringBuilderAndBufferTest"/>
  <testcase name="testBufferAppend" time="0,001" classname="cviceni.StringBuilderAndBufferTest"/>
  <testcase name="testBuilderAppendDelete" time="0,000" classname="cviceni.StringBuilderAndBufferTest"/>
  <testcase name="testBufferAppendDelete" time="0,000" classname="cviceni.StringBuilderAndBufferTest"/>
  <testcase name="testBuilderAppend" time="0,001" classname="cviceni.StringBuilderAndBufferTest"/>
  <testcase name="testBuilderAppend" time="0,000" classname="cviceni.StringBuilderAndBufferTest"/>
  <testcase name="testBufferAppendDelete" time="0,001" classname="cviceni.StringBuilderAndBufferTest"/>
  <testcase name="testBuilderAppend" time="0,000" classname="cviceni.StringBuilderAndBufferTest"/>
  <testcase name="testBuilderAppend" time="0,000" classname="cviceni.StringBuilderAndBufferTest"/>
  <testcase name="testBufferAppend" time="0,000" classname="cviceni.StringBuilderAndBufferTest"/>
  <testcase name="testBufferAppend" time="0,000" classname="cviceni.StringBuilderAndBufferTest"/>
  <testcase name="testBuilderAppend" time="0,000" classname="cviceni.StringBuilderAndBufferTest"/>
  <testcase name="testBufferAppendDelete" time="0,000" classname="cviceni.StringBuilderAndBufferTest"/>
  <testcase name="testBuilderAppend" time="0,000" classname="cviceni.StringBuilderAndBufferTest"/>
  <testcase name="testBufferAppendDelete" time="0,000" classname="cviceni.StringBuilderAndBufferTest"/>
  <testcase name="testBufferAppend" time="0,190" classname="cviceni.StringBuilderAndBufferTest"/>
  <testcase name="testBufferAppend" time="0,001" classname="cviceni.StringBuilderAndBufferTest"/>
  <testcase name="testBufferAppendDelete" time="0,000" classname="cviceni.StringBuilderAndBufferTest"/>
  <testcase name="testBufferAppend" time="0,000" classname="cviceni.StringBuilderAndBufferTest"/>
  <testcase name="testBufferAppendDelete" time="0,000" classname="cviceni.StringBuilderAndBufferTest"/>
  <testcase name="testBufferAppendDelete" time="0,001" classname="cviceni.StringBuilderAndBufferTest"/>
  <testcase name="testBufferAppendDelete" time="0,000" classname="cviceni.StringBuilderAndBufferTest"/>
  <testcase name="testBuilderAppendDelete" time="0,000" classname="cviceni.StringBuilderAndBufferTest"/>
  <testcase name="testBuilderAppendDelete" time="0,001" classname="cviceni.StringBuilderAndBufferTest"/>
  <testcase name="testBuilderAppend" time="0,000" classname="cviceni.StringBuilderAndBufferTest"/>
  <testcase name="testBufferAppendDelete" time="0,001" classname="cviceni.StringBuilderAndBufferTest"/>
  <testcase name="testBufferAppend" time="0,000" classname="cviceni.StringBuilderAndBufferTest"/>
  <testcase name="testBufferAppend" time="0,000" classname="cviceni.StringBuilderAndBufferTest"/>
  <testcase name="testBufferAppend" time="0,000" classname="cviceni.StringBuilderAndBufferTest"/>
  <testcase name="testBuilderAppend" time="0,001" classname="cviceni.StringBuilderAndBufferTest"/>
  <testcase name="testBufferAppendDelete" time="0,000" classname="cviceni.StringBuilderAndBufferTest"/>
  <testcase name="testBufferAppend" time="0,000" classname="cviceni.StringBuilderAndBufferTest"/>
  <testcase name="testBuilderAppend" time="0,000" classname="cviceni.StringBuilderAndBufferTest"/>
  <testcase name="testBufferAppendDelete" time="0,000" classname="cviceni.StringBuilderAndBufferTest"/>
  <testcase name="testBuilderAppend" time="0,000" classname="cviceni.StringBuilderAndBufferTest"/>
  <testcase name="testBuilderAppendDelete" time="0,001" classname="cviceni.StringBuilderAndBufferTest"/>
  <testcase name="testBuilderAppendDelete" time="0,000" classname="cviceni.StringBuilderAndBufferTest"/>
  <testcase name="testBufferAppendDelete" time="0,001" classname="cviceni.StringBuilderAndBufferTest"/>
  <testcase name="testBufferAppendDelete" time="0,000" classname="cviceni.StringBuilderAndBufferTest"/>
  <testcase name="testBuilderAppend" time="0,000" classname="cviceni.StringBuilderAndBufferTest"/>
  <testcase name="testBuilderAppendDelete" time="0,000" classname="cviceni.StringBuilderAndBufferTest"/>
  <testcase name="testBufferAppendDelete" time="0,000" classname="cviceni.StringBuilderAndBufferTest"/>
  <testcase name="testBufferAppendDelete" time="0,001" classname="cviceni.StringBuilderAndBufferTest"/>
  <testcase name="testBuilderAppendDelete" time="0,001" classname="cviceni.StringBuilderAndBufferTest"/>
  <testcase name="testBufferAppend" time="0,000" classname="cviceni.StringBuilderAndBufferTest"/>
  <testcase name="testBufferAppendDelete" time="0,000" classname="cviceni.StringBuilderAndBufferTest"/>
  <testcase name="testBufferAppendDelete" time="0,000" classname="cviceni.StringBuilderAndBufferTest"/>
  <testcase name="testBufferAppend" time="0,001" classname="cviceni.StringBuilderAndBufferTest"/>
  <testcase name="testBufferAppendDelete" time="0,000" classname="cviceni.StringBuilderAndBufferTest"/>
  <testcase name="testBufferAppendDelete" time="0,001" classname="cviceni.StringBuilderAndBufferTest"/>
  <testcase name="testBufferAppend" time="0,000" classname="cviceni.StringBuilderAndBufferTest"/>
  <testcase name="testBufferAppend" time="0,001" classname="cviceni.StringBuilderAndBufferTest"/>
  <testcase name="testBufferAppendDelete" time="0,000" classname="cviceni.StringBuilderAndBufferTest"/>
  <testcase name="testBuilderAppend" time="0,002" classname="cviceni.StringBuilderAndBufferTest"/>
  <testcase name="testBuilderAppendDelete" time="0,000" classname="cviceni.StringBuilderAndBufferTest"/>
  <testcase name="testBufferAppendDelete" time="0,001" classname="cviceni.StringBuilderAndBufferTest"/>
  <testcase name="testBuilderAppend" time="0,000" classname="cviceni.StringBuilderAndBufferTest"/>
  <testcase name="testBuilderAppendDelete" time="0,000" classname="cviceni.StringBuilderAndBufferTest"/>
  <testcase name="testBufferAppend" time="0,001" classname="cviceni.StringBuilderAndBufferTest"/>
  <testcase name="testBuilderAppend" time="0,000" classname="cviceni.StringBuilderAndBufferTest"/>
  <testcase name="testBufferAppendDelete" time="0,000" classname="cviceni.StringBuilderAndBufferTest"/>
  <testcase name="testBuilderAppend" time="0,000" classname="cviceni.StringBuilderAndBufferTest"/>
  <testcase name="testBufferAppendDelete" time="0,000" classname="cviceni.StringBuilderAndBufferTest"/>
  <testcase name="testBuilderAppendDelete" time="0,001" classname="cviceni.StringBuilderAndBufferTest"/>
  <testcase name="testBuilderAppend" time="0,000" classname="cviceni.StringBuilderAndBufferTest"/>
  <testcase name="testBufferAppendDelete" time="0,000" classname="cviceni.StringBuilderAndBufferTest"/>
  <testcase name="testBuilderAppend" time="0,000" classname="cviceni.StringBuilderAndBufferTest"/>
  <testcase name="testBufferAppend" time="0,001" classname="cviceni.StringBuilderAndBufferTest"/>
  <testcase name="testBuilderAppend" time="0,000" classname="cviceni.StringBuilderAndBufferTest"/>
  <testcase name="testBufferAppend" time="0,001" classname="cviceni.StringBuilderAndBufferTest"/>
  <testcase name="testBuilderAppend" time="0,000" classname="cviceni.StringBuilderAndBufferTest"/>
  <testcase name="testBufferAppend" time="0,000" classname="cviceni.StringBuilderAndBufferTest"/>
  <testcase name="testBuilderAppend" time="0,000" classname="cviceni.StringBuilderAndBufferTest"/>
  <testcase name="testBufferAppend" time="0,000" classname="cviceni.StringBuilderAndBufferTest"/>
  <testcase name="testBuilderAppendDelete" time="0,000" classname="cviceni.StringBuilderAndBufferTest"/>
  <testcase name="testBufferAppendDelete" time="0,000" classname="cviceni.StringBuilderAndBufferTest"/>
  <testcase name="testBufferAppendDelete" time="0,000" classname="cviceni.StringBuilderAndBufferTest"/>
  <testcase name="testBufferAppendDelete" time="0,000" classname="cviceni.StringBuilderAndBufferTest"/>
  <testcase name="testBufferAppendDelete" time="0,000" classname="cviceni.StringBuilderAndBufferTest"/>
  <testcase name="testBuilderAppendDelete" time="0,098" classname="cviceni.StringBuilderAndBufferTest"/>
  <testcase name="testBufferAppend" time="0,000" classname="cviceni.StringBuilderAndBufferTest"/>
  <testcase name="testBuilderAppend" time="0,000" classname="cviceni.StringBuilderAndBufferTest"/>
  <testcase name="testBufferAppend" time="0,001" classname="cviceni.StringBuilderAndBufferTest"/>
  <testcase name="testBufferAppendDelete" time="0,000" classname="cviceni.StringBuilderAndBufferTest"/>
  <testcase name="testBufferAppend" time="0,001" classname="cviceni.StringBuilderAndBufferTest"/>
  <testcase name="testBuilderAppend" time="0,000" classname="cviceni.StringBuilderAndBufferTest"/>
  <testcase name="testBuilderAppendDelete" time="0,000" classname="cviceni.StringBuilderAndBufferTest"/>
  <testcase name="testBuilderAppend" time="0,000" classname="cviceni.StringBuilderAndBufferTest"/>
  <testcase name="testBufferAppend" time="0,000" classname="cviceni.StringBuilderAndBufferTest"/>
  <testcase name="testBufferAppend" time="0,000" classname="cviceni.StringBuilderAndBufferTest"/>
  <testcase name="testBuilderAppendDelete" time="0,000" classname="cviceni.StringBuilderAndBufferTest"/>
  <testcase name="testBufferAppendDelete" time="0,000" classname="cviceni.StringBuilderAndBufferTest"/>
  <testcase name="testBufferAppend" time="0,000" classname="cviceni.StringBuilderAndBufferTest"/>
  <testcase name="testBuilderAppend" time="0,000" classname="cviceni.StringBuilderAndBufferTest"/>
  <testcase name="testBuilderAppend" time="0,000" classname="cviceni.StringBuilderAndBufferTest"/>
  <testcase name="testBufferAppendDelete" time="0,000" classname="cviceni.StringBuilderAndBufferTest"/>
  <testcase name="testBuilderAppendDelete" time="0,000" classname="cviceni.StringBuilderAndBufferTest"/>
  <testcase name="testBuilderAppendDelete" time="0,001" classname="cviceni.StringBuilderAndBufferTest"/>
  <testcase name="testBuilderAppend" time="0,001" classname="cviceni.StringBuilderAndBufferTest"/>
  <testcase name="testBufferAppend" time="0,000" classname="cviceni.StringBuilderAndBufferTest"/>
  <testcase name="testBuilderAppend" time="0,000" classname="cviceni.StringBuilderAndBufferTest"/>
  <testcase name="testBufferAppendDelete" time="0,001" classname="cviceni.StringBuilderAndBufferTest"/>
  <testcase name="testBufferAppendDelete" time="0,001" classname="cviceni.StringBuilderAndBufferTest"/>
  <testcase name="testBufferAppend" time="0,000" classname="cviceni.StringBuilderAndBufferTest"/>
  <testcase name="testBufferAppend" time="0,000" classname="cviceni.StringBuilderAndBufferTest"/>
  <testcase name="testBuilderAppendDelete" time="0,000" classname="cviceni.StringBuilderAndBufferTest"/>
  <testcase name="testBufferAppendDelete" time="0,000" classname="cviceni.StringBuilderAndBufferTest"/>
  <testcase name="testBuilderAppend" time="0,001" classname="cviceni.StringBuilderAndBufferTest"/>
  <testcase name="testBuilderAppendDelete" time="0,000" classname="cviceni.StringBuilderAndBufferTest"/>
  <testcase name="testBuilderAppendDelete" time="0,001" classname="cviceni.StringBuilderAndBufferTest"/>
  <testcase name="testBuilderAppendDelete" time="0,000" classname="cviceni.StringBuilderAndBufferTest"/>
  <testcase name="testBuilderAppend" time="0,001" classname="cviceni.StringBuilderAndBufferTest"/>
  <testcase name="testBufferAppend" time="0,000" classname="cviceni.StringBuilderAndBufferTest"/>
  <testcase name="testBuilderAppendDelete" time="0,000" classname="cviceni.StringBuilderAndBufferTest"/>
  <testcase name="testBuilderAppendDelete" time="0,000" classname="cviceni.StringBuilderAndBufferTest"/>
  <testcase name="testBuilderAppendDelete" time="0,000" classname="cviceni.StringBuilderAndBufferTest"/>
  <testcase name="testBuilderAppend" time="0,000" classname="cviceni.StringBuilderAndBufferTest"/>
  <testcase name="testBuilderAppend" time="0,001" classname="cviceni.StringBuilderAndBufferTest"/>
  <testcase name="testBufferAppend" time="0,000" classname="cviceni.StringBuilderAndBufferTest"/>
  <testcase name="testBuilderAppend" time="0,000" classname="cviceni.StringBuilderAndBufferTest"/>
  <testcase name="testBufferAppend" time="0,001" classname="cviceni.StringBuilderAndBufferTest"/>
  <testcase name="testBufferAppend" time="0,000" classname="cviceni.StringBuilderAndBufferTest"/>
  <testcase name="testBufferAppend" time="0,000" classname="cviceni.StringBuilderAndBufferTest"/>
  <testcase name="testBuilderAppend" time="0,000" classname="cviceni.StringBuilderAndBufferTest"/>
  <testcase name="testBuilderAppend" time="0,000" classname="cviceni.StringBuilderAndBufferTest"/>
  <testcase name="testBufferAppend" time="0,000" classname="cviceni.StringBuilderAndBufferTest"/>
  <testcase name="testBuilderAppendDelete" time="0,000" classname="cviceni.StringBuilderAndBufferTest"/>
  <testcase name="testBufferAppendDelete" time="0,000" classname="cviceni.StringBuilderAndBufferTest"/>
  <testcase name="testBufferAppend" time="0,000" classname="cviceni.StringBuilderAndBufferTest"/>
  <testcase name="testBuilderAppendDelete" time="0,010" classname="cviceni.StringBuilderAndBufferTest"/>
  <testcase name="testBufferAppend" time="0,001" classname="cviceni.StringBuilderAndBufferTest"/>
  <testcase name="testBufferAppendDelete" time="0,001" classname="cviceni.StringBuilderAndBufferTest"/>
  <testcase name="testBufferAppendDelete" time="0,000" classname="cviceni.StringBuilderAndBufferTest"/>
  <testcase name="testBuilderAppendDelete" time="0,000" classname="cviceni.StringBuilderAndBufferTest"/>
  <testcase name="testBufferAppend" time="0,000" classname="cviceni.StringBuilderAndBufferTest"/>
  <testcase name="testBufferAppend" time="0,000" classname="cviceni.StringBuilderAndBufferTest"/>
  <testcase name="testBufferAppend" time="0,001" classname="cviceni.StringBuilderAndBufferTest"/>
  <testcase name="testBuilderAppend" time="0,000" classname="cviceni.StringBuilderAndBufferTest"/>
  <testcase name="testBuilderAppendDelete" time="0,000" classname="cviceni.StringBuilderAndBufferTest"/>
  <testcase name="testBufferAppend" time="0,000" classname="cviceni.StringBuilderAndBufferTest"/>
  <testcase name="testBuilderAppendDelete" time="0,000" classname="cviceni.StringBuilderAndBufferTest"/>
  <testcase name="testBufferAppend" time="0,000" classname="cviceni.StringBuilderAndBufferTest"/>
  <testcase name="testBufferAppend" time="0,001" classname="cviceni.StringBuilderAndBufferTest"/>
  <testcase name="testBufferAppendDelete" time="0,001" classname="cviceni.StringBuilderAndBufferTest"/>
  <testcase name="testBuilderAppend" time="0,000" classname="cviceni.StringBuilderAndBufferTest"/>
  <testcase name="testBuilderAppend" time="0,001" classname="cviceni.StringBuilderAndBufferTest"/>
  <testcase name="testBufferAppend" time="0,001" classname="cviceni.StringBuilderAndBufferTest"/>
  <testcase name="testBuilderAppend" time="0,000" classname="cviceni.StringBuilderAndBufferTest"/>
  <testcase name="testBuilderAppend" time="0,000" classname="cviceni.StringBuilderAndBufferTest"/>
  <testcase name="testBufferAppendDelete" time="0,001" classname="cviceni.StringBuilderAndBufferTest"/>
  <testcase name="testBuilderAppendDelete" time="0,000" classname="cviceni.StringBuilderAndBufferTest"/>
  <testcase name="testBuilderAppendDelete" time="0,000" classname="cviceni.StringBuilderAndBufferTest"/>
  <testcase name="testBuilderAppendDelete" time="0,000" classname="cviceni.StringBuilderAndBufferTest"/>
  <testcase name="testBufferAppendDelete" time="0,001" classname="cviceni.StringBuilderAndBufferTest"/>
  <testcase name="testBufferAppend" time="0,001" classname="cviceni.StringBuilderAndBufferTest"/>
  <testcase name="testBuilderAppendDelete" time="0,001" classname="cviceni.StringBuilderAndBufferTest"/>
  <testcase name="testBuilderAppendDelete" time="0,000" classname="cviceni.StringBuilderAndBufferTest"/>
  <testcase name="testBufferAppendDelete" time="0,000" classname="cviceni.StringBuilderAndBufferTest"/>
  <testcase name="testBuilderAppendDelete" time="0,000" classname="cviceni.StringBuilderAndBufferTest"/>
  <testcase name="testBufferAppendDelete" time="0,000" classname="cviceni.StringBuilderAndBufferTest"/>
  <testcase name="testBufferAppendDelete" time="0,001" classname="cviceni.StringBuilderAndBufferTest"/>
  <testcase name="testBufferAppendDelete" time="0,000" classname="cviceni.StringBuilderAndBufferTest"/>
  <testcase name="testBufferAppend" time="0,000" classname="cviceni.StringBuilderAndBufferTest"/>
  <testcase name="testBuilderAppend" time="0,000" classname="cviceni.StringBuilderAndBufferTest"/>
  <testcase name="testBufferAppend" time="0,000" classname="cviceni.StringBuilderAndBufferTest"/>
  <testcase name="testBuilderAppendDelete" time="0,000" classname="cviceni.StringBuilderAndBufferTest"/>
  <testcase name="testBufferAppend" time="0,000" classname="cviceni.StringBuilderAndBufferTest"/>
  <testcase name="testBuilderAppend" time="0,000" classname="cviceni.StringBuilderAndBufferTest"/>
  <testcase name="testBufferAppendDelete" time="0,001" classname="cviceni.StringBuilderAndBufferTest"/>
  <testcase name="testBuilderAppend" time="0,001" classname="cviceni.StringBuilderAndBufferTest"/>
  <testcase name="testBufferAppend" time="0,000" classname="cviceni.StringBuilderAndBufferTest"/>
  <testcase name="testBuilderAppendDelete" time="0,001" classname="cviceni.StringBuilderAndBufferTest"/>
  <testcase name="testBuilderAppend" time="0,001" classname="cviceni.StringBuilderAndBufferTest"/>
  <testcase name="testBufferAppend" time="0,000" classname="cviceni.StringBuilderAndBufferTest"/>
  <testcase name="testBufferAppend" time="0,001" classname="cviceni.StringBuilderAndBufferTest"/>
  <testcase name="testBufferAppend" time="0,000" classname="cviceni.StringBuilderAndBufferTest"/>
  <testcase name="testBufferAppend" time="0,000" classname="cviceni.StringBuilderAndBufferTest"/>
  <testcase name="testBuilderAppendDelete" time="0,001" classname="cviceni.StringBuilderAndBufferTest"/>
  <testcase name="testBufferAppendDelete" time="0,000" classname="cviceni.StringBuilderAndBufferTest"/>
  <testcase name="testBufferAppendDelete" time="0,000" classname="cviceni.StringBuilderAndBufferTest"/>
  <testcase name="testBufferAppend" time="0,000" classname="cviceni.StringBuilderAndBufferTest"/>
  <testcase name="testBuilderAppendDelete" time="0,000" classname="cviceni.StringBuilderAndBufferTest"/>
  <testcase name="testBufferAppendDelete" time="0,000" classname="cviceni.StringBuilderAndBufferTest"/>
  <testcase name="testBufferAppend" time="0,000" classname="cviceni.StringBuilderAndBufferTest"/>
  <testcase name="testBufferAppendDelete" time="0,000" classname="cviceni.StringBuilderAndBufferTest"/>
  <testcase name="testBufferAppendDelete" time="0,000" classname="cviceni.StringBuilderAndBufferTest"/>
  <testcase name="testBuilderAppendDelete" time="0,001" classname="cviceni.StringBuilderAndBufferTest"/>
  <testcase name="testBuilderAppend" time="0,001" classname="cviceni.StringBuilderAndBufferTest"/>
  <testcase name="testBufferAppendDelete" time="0,000" classname="cviceni.StringBuilderAndBufferTest"/>
  <testcase name="testBuilderAppendDelete" time="0,000" classname="cviceni.StringBuilderAndBufferTest"/>
  <testcase name="testBuilderAppendDelete" time="0,000" classname="cviceni.StringBuilderAndBufferTest"/>
  <testcase name="testBufferAppend" time="0,000" classname="cviceni.StringBuilderAndBufferTest"/>
  <testcase name="testBuilderAppend" time="0,000" classname="cviceni.StringBuilderAndBufferTest"/>
  <testcase name="testBuilderAppend" time="0,000" classname="cviceni.StringBuilderAndBufferTest"/>
  <testcase name="testBufferAppend" time="0,000" classname="cviceni.StringBuilderAndBufferTest"/>
  <testcase name="testBuilderAppendDelete" time="0,001" classname="cviceni.StringBuilderAndBufferTest"/>
  <testcase name="testBuilderAppendDelete" time="0,000" classname="cviceni.StringBuilderAndBufferTest"/>
  <testcase name="testBufferAppend" time="0,000" classname="cviceni.StringBuilderAndBufferTest"/>
  <testcase name="testBuilderAppend" time="0,001" classname="cviceni.StringBuilderAndBufferTest"/>
  <testcase name="testBufferAppendDelete" time="0,001" classname="cviceni.StringBuilderAndBufferTest"/>
  <testcase name="testBuilderAppend" time="0,000" classname="cviceni.StringBuilderAndBufferTest"/>
  <testcase name="testBuilderAppendDelete" time="0,001" classname="cviceni.StringBuilderAndBufferTest"/>
  <testcase name="testBuilderAppend" time="0,000" classname="cviceni.StringBuilderAndBufferTest"/>
  <testcase name="testBufferAppend" time="0,000" classname="cviceni.StringBuilderAndBufferTest"/>
  <testcase name="testBufferAppend" time="0,001" classname="cviceni.StringBuilderAndBufferTest"/>
  <testcase name="testBuilderAppendDelete" time="0,000" classname="cviceni.StringBuilderAndBufferTest"/>
  <testcase name="testBufferAppendDelete" time="0,001" classname="cviceni.StringBuilderAndBufferTest"/>
  <testcase name="testBuilderAppend" time="0,000" classname="cviceni.StringBuilderAndBufferTest"/>
  <testcase name="testBufferAppendDelete" time="0,001" classname="cviceni.StringBuilderAndBufferTest"/>
  <testcase name="testBuilderAppend" time="0,001" classname="cviceni.StringBuilderAndBufferTest"/>
  <testcase name="testBufferAppendDelete" time="0,000" classname="cviceni.StringBuilderAndBufferTest"/>
  <testcase name="testBufferAppendDelete" time="0,000" classname="cviceni.StringBuilderAndBufferTest"/>
  <testcase name="testBuilderAppend" time="0,004" classname="cviceni.StringBuilderAndBufferTest"/>
  <testcase name="testBufferAppendDelete" time="0,000" classname="cviceni.StringBuilderAndBufferTest"/>
  <testcase name="testBuilderAppendDelete" time="0,000" classname="cviceni.StringBuilderAndBufferTest"/>
  <testcase name="testBufferAppend" time="0,000" classname="cviceni.StringBuilderAndBufferTest"/>
  <testcase name="testBufferAppend" time="0,000" classname="cviceni.StringBuilderAndBufferTest"/>
  <testcase name="testBuilderAppendDelete" time="0,001" classname="cviceni.StringBuilderAndBufferTest"/>
  <testcase name="testBufferAppendDelete" time="0,000" classname="cviceni.StringBuilderAndBufferTest"/>
  <testcase name="testBufferAppendDelete" time="0,000" classname="cviceni.StringBuilderAndBufferTest"/>
  <testcase name="testBuilderAppend" time="0,001" classname="cviceni.StringBuilderAndBufferTest"/>
  <testcase name="testBuilderAppendDelete" time="0,000" classname="cviceni.StringBuilderAndBufferTest"/>
  <testcase name="testBuilderAppendDelete" time="0,000" classname="cviceni.StringBuilderAndBufferTest"/>
  <testcase name="testBufferAppendDelete" time="0,000" classname="cviceni.StringBuilderAndBufferTest"/>
  <testcase name="testBufferAppend" time="0,000" classname="cviceni.StringBuilderAndBufferTest"/>
  <testcase name="testBuilderAppend" time="0,003" classname="cviceni.StringBuilderAndBufferTest"/>
  <testcase name="testBufferAppend" time="0,000" classname="cviceni.StringBuilderAndBufferTest"/>
  <testcase name="testBuilderAppend" time="0,000" classname="cviceni.StringBuilderAndBufferTest"/>
  <testcase name="testBufferAppend" time="0,001" classname="cviceni.StringBuilderAndBufferTest"/>
  <testcase name="testBuilderAppendDelete" time="0,001" classname="cviceni.StringBuilderAndBufferTest"/>
  <testcase name="testBufferAppendDelete" time="0,000" classname="cviceni.StringBuilderAndBufferTest"/>
  <testcase name="testBufferAppend" time="0,001" classname="cviceni.StringBuilderAndBufferTest"/>
  <testcase name="testBufferAppendDelete" time="0,000" classname="cviceni.StringBuilderAndBufferTest"/>
  <testcase name="testBuilderAppend" time="0,000" classname="cviceni.StringBuilderAndBufferTest"/>
  <testcase name="testBufferAppend" time="0,000" classname="cviceni.StringBuilderAndBufferTest"/>
  <testcase name="testBufferAppendDelete" time="0,000" classname="cviceni.StringBuilderAndBufferTest"/>
  <testcase name="testBuilderAppend" time="0,001" classname="cviceni.StringBuilderAndBufferTest"/>
  <testcase name="testBuilderAppendDelete" time="0,000" classname="cviceni.StringBuilderAndBufferTest"/>
  <testcase name="testBufferAppend" time="0,000" classname="cviceni.StringBuilderAndBufferTest"/>
  <testcase name="testBufferAppend" time="0,000" classname="cviceni.StringBuilderAndBufferTest"/>
  <testcase name="testBufferAppendDelete" time="0,000" classname="cviceni.StringBuilderAndBufferTest"/>
  <testcase name="testBufferAppendDelete" time="0,000" classname="cviceni.StringBuilderAndBufferTest"/>
  <testcase name="testBufferAppendDelete" time="0,001" classname="cviceni.StringBuilderAndBufferTest"/>
  <testcase name="testBuilderAppendDelete" time="0,000" classname="cviceni.StringBuilderAndBufferTest"/>
  <testcase name="testBufferAppend" time="0,001" classname="cviceni.StringBuilderAndBufferTest"/>
  <testcase name="testBuilderAppend" time="0,001" classname="cviceni.StringBuilderAndBufferTest"/>
  <testcase name="testBufferAppend" time="0,000" classname="cviceni.StringBuilderAndBufferTest"/>
  <testcase name="testBufferAppendDelete" time="0,001" classname="cviceni.StringBuilderAndBufferTest"/>
  <testcase name="testBuilderAppend" time="0,000" classname="cviceni.StringBuilderAndBufferTest"/>
  <testcase name="testBufferAppendDelete" time="0,000" classname="cviceni.StringBuilderAndBufferTest"/>
  <testcase name="testBufferAppendDelete" time="0,000" classname="cviceni.StringBuilderAndBufferTest"/>
  <testcase name="testBuilderAppend" time="0,000" classname="cviceni.StringBuilderAndBufferTest"/>
  <testcase name="testBuilderAppend" time="0,000" classname="cviceni.StringBuilderAndBufferTest"/>
  <testcase name="testBuilderAppendDelete" time="0,001" classname="cviceni.StringBuilderAndBufferTest"/>
  <testcase name="testBuilderAppend" time="0,001" classname="cviceni.StringBuilderAndBufferTest"/>
  <testcase name="testBufferAppend" time="0,000" classname="cviceni.StringBuilderAndBufferTest"/>
  <testcase name="testBufferAppendDelete" time="0,000" classname="cviceni.StringBuilderAndBufferTest"/>
  <testcase name="testBufferAppendDelete" time="0,000" classname="cviceni.StringBuilderAndBufferTest"/>
  <testcase name="testBuilderAppend" time="0,000" classname="cviceni.StringBuilderAndBufferTest"/>
  <testcase name="testBufferAppend" time="0,000" classname="cviceni.StringBuilderAndBufferTest"/>
  <testcase name="testBufferAppendDelete" time="0,000" classname="cviceni.StringBuilderAndBufferTest"/>
  <testcase name="testBuilderAppend" time="0,001" classname="cviceni.StringBuilderAndBufferTest"/>
  <testcase name="testBuilderAppendDelete" time="0,000" classname="cviceni.StringBuilderAndBufferTest"/>
  <testcase name="testBufferAppend" time="0,000" classname="cviceni.StringBuilderAndBufferTest"/>
  <testcase name="testBuilderAppend" time="0,001" classname="cviceni.StringBuilderAndBufferTest"/>
  <testcase name="testBuilderAppend" time="0,000" classname="cviceni.StringBuilderAndBufferTest"/>
  <testcase name="testBufferAppend" time="0,001" classname="cviceni.StringBuilderAndBufferTest"/>
  <testcase name="testBuilderAppend" time="0,001" classname="cviceni.StringBuilderAndBufferTest"/>
  <testcase name="testBufferAppendDelete" time="0,766" classname="cviceni.StringBuilderAndBufferTest"/>
  <testcase name="testBuilderAppend" time="0,001" classname="cviceni.StringBuilderAndBufferTest"/>
  <testcase name="testBufferAppend" time="0,001" classname="cviceni.StringBuilderAndBufferTest"/>
  <testcase name="testBuilderAppendDelete" time="0,000" classname="cviceni.StringBuilderAndBufferTest"/>
  <testcase name="testBuilderAppendDelete" time="0,001" classname="cviceni.StringBuilderAndBufferTest"/>
  <testcase name="testBuilderAppendDelete" time="0,000" classname="cviceni.StringBuilderAndBufferTest"/>
  <testcase name="testBufferAppend" time="0,000" classname="cviceni.StringBuilderAndBufferTest"/>
  <testcase name="testBufferAppendDelete" time="0,000" classname="cviceni.StringBuilderAndBufferTest"/>
  <testcase name="testBuilderAppend" time="0,000" classname="cviceni.StringBuilderAndBufferTest"/>
  <testcase name="testBufferAppendDelete" time="0,000" classname="cviceni.StringBuilderAndBufferTest"/>
  <testcase name="testBufferAppendDelete" time="0,001" classname="cviceni.StringBuilderAndBufferTest"/>
  <testcase name="testBufferAppendDelete" time="0,001" classname="cviceni.StringBuilderAndBufferTest"/>
  <testcase name="testBufferAppend" time="0,000" classname="cviceni.StringBuilderAndBufferTest"/>
  <testcase name="testBufferAppend" time="0,000" classname="cviceni.StringBuilderAndBufferTest"/>
  <testcase name="testBufferAppendDelete" time="0,000" classname="cviceni.StringBuilderAndBufferTest"/>
  <testcase name="testBuilderAppend" time="0,001" classname="cviceni.StringBuilderAndBufferTest"/>
  <testcase name="testBufferAppendDelete" time="0,000" classname="cviceni.StringBuilderAndBufferTest"/>
  <testcase name="testBuilderAppendDelete" time="0,000" classname="cviceni.StringBuilderAndBufferTest"/>
  <testcase name="testBuilderAppend" time="0,000" classname="cviceni.StringBuilderAndBufferTest"/>
  <testcase name="testBuilderAppendDelete" time="0,001" classname="cviceni.StringBuilderAndBufferTest"/>
  <testcase name="testBuilderAppendDelete" time="0,000" classname="cviceni.StringBuilderAndBufferTest"/>
  <testcase name="testBufferAppendDelete" time="0,000" classname="cviceni.StringBuilderAndBufferTest"/>
  <testcase name="testBufferAppend" time="0,000" classname="cviceni.StringBuilderAndBufferTest"/>
  <testcase name="testBuilderAppend" time="0,142" classname="cviceni.StringBuilderAndBufferTest"/>
  <testcase name="testBuilderAppend" time="0,000" classname="cviceni.StringBuilderAndBufferTest"/>
  <testcase name="testBufferAppendDelete" time="0,074" classname="cviceni.StringBuilderAndBufferTest"/>
  <testcase name="testBufferAppend" time="0,001" classname="cviceni.StringBuilderAndBufferTest"/>
  <testcase name="testBufferAppend" time="0,000" classname="cviceni.StringBuilderAndBufferTest"/>
  <testcase name="testBufferAppend" time="0,000" classname="cviceni.StringBuilderAndBufferTest"/>
  <testcase name="testBuilderAppend" time="0,000" classname="cviceni.StringBuilderAndBufferTest"/>
  <testcase name="testBuilderAppend" time="0,000" classname="cviceni.StringBuilderAndBufferTest"/>
  <testcase name="testBuilderAppend" time="0,001" classname="cviceni.StringBuilderAndBufferTest"/>
  <testcase name="testBuilderAppendDelete" time="0,026" classname="cviceni.StringBuilderAndBufferTest"/>
  <testcase name="testBuilderAppend" time="0,000" classname="cviceni.StringBuilderAndBufferTest"/>
  <testcase name="testBufferAppend" time="0,001" classname="cviceni.StringBuilderAndBufferTest"/>
  <testcase name="testBuilderAppend" time="0,000" classname="cviceni.StringBuilderAndBufferTest"/>
  <testcase name="testBuilderAppendDelete" time="0,000" classname="cviceni.StringBuilderAndBufferTest"/>
  <testcase name="testBuilderAppendDelete" time="0,000" classname="cviceni.StringBuilderAndBufferTest"/>
  <testcase name="testBufferAppend" time="0,000" classname="cviceni.StringBuilderAndBufferTest"/>
  <testcase name="testBuilderAppendDelete" time="0,000" classname="cviceni.StringBuilderAndBufferTest"/>
  <testcase name="testBuilderAppendDelete" time="0,000" classname="cviceni.StringBuilderAndBufferTest"/>
  <testcase name="testBufferAppend" time="0,000" classname="cviceni.StringBuilderAndBufferTest"/>
  <testcase name="testBufferAppendDelete" time="0,000" classname="cviceni.StringBuilderAndBufferTest"/>
  <testcase name="testBufferAppendDelete" time="0,000" classname="cviceni.StringBuilderAndBufferTest"/>
  <testcase name="testBufferAppendDelete" time="0,000" classname="cviceni.StringBuilderAndBufferTest"/>
  <testcase name="testBuilderAppend" time="0,000" classname="cviceni.StringBuilderAndBufferTest"/>
  <testcase name="testBuilderAppend" time="0,000" classname="cviceni.StringBuilderAndBufferTest"/>
  <testcase name="testBuilderAppendDelete" time="0,002" classname="cviceni.StringBuilderAndBufferTest"/>
  <testcase name="testBuilderAppend" time="0,063" classname="cviceni.StringBuilderAndBufferTest"/>
  <testcase name="testBuilderAppendDelete" time="0,001" classname="cviceni.StringBuilderAndBufferTest"/>
  <testcase name="testBuilderAppendDelete" time="0,000" classname="cviceni.StringBuilderAndBufferTest"/>
  <testcase name="testBuilderAppendDelete" time="0,000" classname="cviceni.StringBuilderAndBufferTest"/>
  <testcase name="testBufferAppendDelete" time="0,000" classname="cviceni.StringBuilderAndBufferTest"/>
  <testcase name="testBuilderAppendDelete" time="0,000" classname="cviceni.StringBuilderAndBufferTest"/>
  <testcase name="testBuilderAppendDelete" time="0,001" classname="cviceni.StringBuilderAndBufferTest"/>
  <testcase name="testBufferAppend" time="0,000" classname="cviceni.StringBuilderAndBufferTest"/>
  <testcase name="testBuilderAppend" time="0,001" classname="cviceni.StringBuilderAndBufferTest"/>
  <testcase name="testBuilderAppend" time="0,000" classname="cviceni.StringBuilderAndBufferTest"/>
  <testcase name="testBuilderAppend" time="0,000" classname="cviceni.StringBuilderAndBufferTest"/>
  <testcase name="testBuilderAppendDelete" time="0,000" classname="cviceni.StringBuilderAndBufferTest"/>
  <testcase name="testBufferAppendDelete" time="0,001" classname="cviceni.StringBuilderAndBufferTest"/>
  <testcase name="testBufferAppendDelete" time="0,000" classname="cviceni.StringBuilderAndBufferTest"/>
  <testcase name="testBuilderAppendDelete" time="0,000" classname="cviceni.StringBuilderAndBufferTest"/>
  <testcase name="testBufferAppendDelete" time="0,000" classname="cviceni.StringBuilderAndBufferTest"/>
  <testcase name="testBufferAppend" time="0,000" classname="cviceni.StringBuilderAndBufferTest"/>
  <testcase name="testBufferAppend" time="0,000" classname="cviceni.StringBuilderAndBufferTest"/>
  <testcase name="testBuilderAppendDelete" time="0,000" classname="cviceni.StringBuilderAndBufferTest"/>
  <testcase name="testBufferAppend" time="0,000" classname="cviceni.StringBuilderAndBufferTest"/>
  <testcase name="testBufferAppendDelete" time="0,000" classname="cviceni.StringBuilderAndBufferTest"/>
  <testcase name="testBuilderAppend" time="0,000" classname="cviceni.StringBuilderAndBufferTest"/>
  <testcase name="testBuilderAppend" time="0,000" classname="cviceni.StringBuilderAndBufferTest"/>
  <testcase name="testBufferAppendDelete" time="0,001" classname="cviceni.StringBuilderAndBufferTest"/>
  <testcase name="testBuilderAppend" time="0,000" classname="cviceni.StringBuilderAndBufferTest"/>
  <testcase name="testBufferAppend" time="0,000" classname="cviceni.StringBuilderAndBufferTest"/>
  <testcase name="testBuilderAppend" time="0,001" classname="cviceni.StringBuilderAndBufferTest"/>
  <testcase name="testBuilderAppendDelete" time="0,000" classname="cviceni.StringBuilderAndBufferTest"/>
  <testcase name="testBufferAppend" time="0,000" classname="cviceni.StringBuilderAndBufferTest"/>
  <testcase name="testBuilderAppendDelete" time="0,000" classname="cviceni.StringBuilderAndBufferTest"/>
  <testcase name="testBufferAppend" time="0,000" classname="cviceni.StringBuilderAndBufferTest"/>
  <testcase name="testBuilderAppendDelete" time="0,000" classname="cviceni.StringBuilderAndBufferTest"/>
  <testcase name="testBuilderAppendDelete" time="0,000" classname="cviceni.StringBuilderAndBufferTest"/>
  <testcase name="testBuilderAppend" time="0,001" classname="cviceni.StringBuilderAndBufferTest"/>
  <testcase name="testBufferAppendDelete" time="0,001" classname="cviceni.StringBuilderAndBufferTest"/>
  <testcase name="testBufferAppend" time="0,001" classname="cviceni.StringBuilderAndBufferTest"/>
  <testcase name="testBufferAppendDelete" time="0,000" classname="cviceni.StringBuilderAndBufferTest"/>
  <testcase name="testBuilderAppendDelete" time="0,000" classname="cviceni.StringBuilderAndBufferTest"/>
  <testcase name="testBuilderAppendDelete" time="0,000" classname="cviceni.StringBuilderAndBufferTest"/>
  <testcase name="testBuilderAppendDelete" time="0,000" classname="cviceni.StringBuilderAndBufferTest"/>
  <testcase name="testBufferAppend" time="0,000" classname="cviceni.StringBuilderAndBufferTest"/>
  <testcase name="testBufferAppendDelete" time="0,001" classname="cviceni.StringBuilderAndBufferTest"/>
  <testcase name="testBuilderAppendDelete" time="0,000" classname="cviceni.StringBuilderAndBufferTest"/>
  <testcase name="testBuilderAppendDelete" time="0,000" classname="cviceni.StringBuilderAndBufferTest"/>
  <testcase name="testBuilderAppend" time="0,000" classname="cviceni.StringBuilderAndBufferTest"/>
  <testcase name="testBufferAppend" time="0,001" classname="cviceni.StringBuilderAndBufferTest"/>
  <testcase name="testBufferAppendDelete" time="0,000" classname="cviceni.StringBuilderAndBufferTest"/>
  <testcase name="testBuilderAppendDelete" time="0,000" classname="cviceni.StringBuilderAndBufferTest"/>
  <testcase name="testBuilderAppendDelete" time="0,000" classname="cviceni.StringBuilderAndBufferTest"/>
  <testcase name="testBuilderAppend" time="0,001" classname="cviceni.StringBuilderAndBufferTest"/>
  <testcase name="testBufferAppendDelete" time="0,000" classname="cviceni.StringBuilderAndBufferTest"/>
  <testcase name="testBuilderAppend" time="0,001" classname="cviceni.StringBuilderAndBufferTest"/>
  <testcase name="testBufferAppendDelete" time="0,001" classname="cviceni.StringBuilderAndBufferTest"/>
  <testcase name="testBufferAppendDelete" time="0,000" classname="cviceni.StringBuilderAndBufferTest"/>
  <testcase name="testBufferAppend" time="0,000" classname="cviceni.StringBuilderAndBufferTest"/>
  <testcase name="testBuilderAppendDelete" time="0,000" classname="cviceni.StringBuilderAndBufferTest"/>
  <testcase name="testBufferAppendDelete" time="0,000" classname="cviceni.StringBuilderAndBufferTest"/>
  <testcase name="testBufferAppendDelete" time="0,000" classname="cviceni.StringBuilderAndBufferTest"/>
  <testcase name="testBufferAppendDelete" time="0,001" classname="cviceni.StringBuilderAndBufferTest"/>
  <testcase name="testBufferAppendDelete" time="0,000" classname="cviceni.StringBuilderAndBufferTest"/>
  <testcase name="testBuilderAppend" time="0,000" classname="cviceni.StringBuilderAndBufferTest"/>
  <testcase name="testBufferAppend" time="0,001" classname="cviceni.StringBuilderAndBufferTest"/>
  <testcase name="testBufferAppendDelete" time="0,000" classname="cviceni.StringBuilderAndBufferTest"/>
  <testcase name="testBuilderAppend" time="0,001" classname="cviceni.StringBuilderAndBufferTest"/>
  <testcase name="testBufferAppend" time="0,000" classname="cviceni.StringBuilderAndBufferTest"/>
  <testcase name="testBuilderAppend" time="0,000" classname="cviceni.StringBuilderAndBufferTest"/>
  <testcase name="testBuilderAppendDelete" time="0,000" classname="cviceni.StringBuilderAndBufferTest"/>
  <testcase name="testBuilderAppend" time="0,001" classname="cviceni.StringBuilderAndBufferTest"/>
  <testcase name="testBuilderAppend" time="0,001" classname="cviceni.StringBuilderAndBufferTest"/>
  <testcase name="testBufferAppend" time="0,000" classname="cviceni.StringBuilderAndBufferTest"/>
  <testcase name="testBuilderAppendDelete" time="0,000" classname="cviceni.StringBuilderAndBufferTest"/>
  <testcase name="testBufferAppendDelete" time="0,000" classname="cviceni.StringBuilderAndBufferTest"/>
  <testcase name="testBufferAppendDelete" time="0,001" classname="cviceni.StringBuilderAndBufferTest"/>
  <testcase name="testBuilderAppendDelete" time="0,001" classname="cviceni.StringBuilderAndBufferTest"/>
  <testcase name="testBuilderAppend" time="0,001" classname="cviceni.StringBuilderAndBufferTest"/>
  <testcase name="testBuilderAppend" time="0,005" classname="cviceni.StringBuilderAndBufferTest"/>
  <testcase name="testBufferAppend" time="0,001" classname="cviceni.StringBuilderAndBufferTest"/>
  <testcase name="testBufferAppend" time="0,000" classname="cviceni.StringBuilderAndBufferTest"/>
  <testcase name="testBufferAppendDelete" time="0,000" classname="cviceni.StringBuilderAndBufferTest"/>
  <testcase name="testBufferAppendDelete" time="0,000" classname="cviceni.StringBuilderAndBufferTest"/>
  <testcase name="testBufferAppend" time="0,000" classname="cviceni.StringBuilderAndBufferTest"/>
  <testcase name="testBufferAppend" time="0,001" classname="cviceni.StringBuilderAndBufferTest"/>
  <testcase name="testBufferAppendDelete" time="0,000" classname="cviceni.StringBuilderAndBufferTest"/>
  <testcase name="testBuilderAppendDelete" time="0,000" classname="cviceni.StringBuilderAndBufferTest"/>
  <testcase name="testBufferAppend" time="0,000" classname="cviceni.StringBuilderAndBufferTest"/>
  <testcase name="testBufferAppend" time="0,000" classname="cviceni.StringBuilderAndBufferTest"/>
  <testcase name="testBufferAppend" time="0,001" classname="cviceni.StringBuilderAndBufferTest"/>
  <testcase name="testBuilderAppendDelete" time="0,000" classname="cviceni.StringBuilderAndBufferTest"/>
  <testcase name="testBuilderAppendDelete" time="0,000" classname="cviceni.StringBuilderAndBufferTest"/>
  <testcase name="testBufferAppend" time="0,000" classname="cviceni.StringBuilderAndBufferTest"/>
  <testcase name="testBufferAppend" time="0,000" classname="cviceni.StringBuilderAndBufferTest"/>
  <testcase name="testBufferAppendDelete" time="0,001" classname="cviceni.StringBuilderAndBufferTest"/>
  <testcase name="testBuilderAppendDelete" time="0,001" classname="cviceni.StringBuilderAndBufferTest"/>
  <testcase name="testBufferAppendDelete" time="0,000" classname="cviceni.StringBuilderAndBufferTest"/>
  <testcase name="testBuilderAppendDelete" time="0,000" classname="cviceni.StringBuilderAndBufferTest"/>
  <testcase name="testBufferAppend" time="0,000" classname="cviceni.StringBuilderAndBufferTest"/>
  <testcase name="testBufferAppendDelete" time="0,000" classname="cviceni.StringBuilderAndBufferTest"/>
  <testcase name="testBuilderAppendDelete" time="0,000" classname="cviceni.StringBuilderAndBufferTest"/>
  <testcase name="testBufferAppend" time="0,000" classname="cviceni.StringBuilderAndBufferTest"/>
  <testcase name="testBufferAppend" time="0,000" classname="cviceni.StringBuilderAndBufferTest"/>
  <testcase name="testBuilderAppend" time="0,000" classname="cviceni.StringBuilderAndBufferTest"/>
  <testcase name="testBufferAppend" time="0,000" classname="cviceni.StringBuilderAndBufferTest"/>
  <testcase name="testBufferAppendDelete" time="0,001" classname="cviceni.StringBuilderAndBufferTest"/>
  <testcase name="testBufferAppendDelete" time="0,001" classname="cviceni.StringBuilderAndBufferTest"/>
  <testcase name="testBufferAppendDelete" time="0,000" classname="cviceni.StringBuilderAndBufferTest"/>
  <testcase name="testBuilderAppend" time="0,001" classname="cviceni.StringBuilderAndBufferTest"/>
  <testcase name="testBufferAppend" time="0,000" classname="cviceni.StringBuilderAndBufferTest"/>
  <testcase name="testBufferAppendDelete" time="0,000" classname="cviceni.StringBuilderAndBufferTest"/>
  <testcase name="testBufferAppendDelete" time="0,000" classname="cviceni.StringBuilderAndBufferTest"/>
  <testcase name="testBufferAppend" time="0,000" classname="cviceni.StringBuilderAndBufferTest"/>
  <testcase name="testBuilderAppendDelete" time="0,000" classname="cviceni.StringBuilderAndBufferTest"/>
  <testcase name="testBufferAppend" time="0,000" classname="cviceni.StringBuilderAndBufferTest"/>
  <testcase name="testBuilderAppend" time="0,000" classname="cviceni.StringBuilderAndBufferTest"/>
  <testcase name="testBuilderAppend" time="0,000" classname="cviceni.StringBuilderAndBufferTest"/>
  <testcase name="testBufferAppendDelete" time="0,000" classname="cviceni.StringBuilderAndBufferTest"/>
  <testcase name="testBuilderAppend" time="0,001" classname="cviceni.StringBuilderAndBufferTest"/>
  <testcase name="testBufferAppend" time="0,000" classname="cviceni.StringBuilderAndBufferTest"/>
  <testcase name="testBuilderAppend" time="0,000" classname="cviceni.StringBuilderAndBufferTest"/>
  <testcase name="testBufferAppendDelete" time="0,000" classname="cviceni.StringBuilderAndBufferTest"/>
  <testcase name="testBufferAppendDelete" time="0,000" classname="cviceni.StringBuilderAndBufferTest"/>
  <testcase name="testBufferAppendDelete" time="0,000" classname="cviceni.StringBuilderAndBufferTest"/>
  <testcase name="testBufferAppendDelete" time="0,000" classname="cviceni.StringBuilderAndBufferTest"/>
  <testcase name="testBufferAppendDelete" time="0,000" classname="cviceni.StringBuilderAndBufferTest"/>
  <testcase name="testBufferAppendDelete" time="0,000" classname="cviceni.StringBuilderAndBufferTest"/>
  <testcase name="testBuilderAppendDelete" time="0,000" classname="cviceni.StringBuilderAndBufferTest"/>
  <testcase name="testBufferAppend" time="0,000" classname="cviceni.StringBuilderAndBufferTest"/>
  <testcase name="testBufferAppend" time="0,000" classname="cviceni.StringBuilderAndBufferTest"/>
  <testcase name="testBufferAppend" time="0,000" classname="cviceni.StringBuilderAndBufferTest"/>
  <testcase name="testBuilderAppendDelete" time="0,000" classname="cviceni.StringBuilderAndBufferTest"/>
  <testcase name="testBuilderAppendDelete" time="0,000" classname="cviceni.StringBuilderAndBufferTest"/>
  <testcase name="testBuilderAppend" time="0,004" classname="cviceni.StringBuilderAndBufferTest"/>
  <testcase name="testBuilderAppendDelete" time="0,000" classname="cviceni.StringBuilderAndBufferTest"/>
  <testcase name="testBufferAppendDelete" time="0,000" classname="cviceni.StringBuilderAndBufferTest"/>
  <testcase name="testBuilderAppendDelete" time="0,001" classname="cviceni.StringBuilderAndBufferTest"/>
  <testcase name="testBuilderAppend" time="0,000" classname="cviceni.StringBuilderAndBufferTest"/>
  <testcase name="testBuilderAppendDelete" time="0,001" classname="cviceni.StringBuilderAndBufferTest"/>
  <testcase name="testBuilderAppend" time="0,000" classname="cviceni.StringBuilderAndBufferTest"/>
  <testcase name="testBufferAppendDelete" time="0,000" classname="cviceni.StringBuilderAndBufferTest"/>
  <testcase name="testBufferAppendDelete" time="0,000" classname="cviceni.StringBuilderAndBufferTest"/>
  <testcase name="testBuilderAppend" time="0,000" classname="cviceni.StringBuilderAndBufferTest"/>
  <testcase name="testBufferAppendDelete" time="0,001" classname="cviceni.StringBuilderAndBufferTest"/>
  <testcase name="testBuilderAppendDelete" time="0,001" classname="cviceni.StringBuilderAndBufferTest"/>
  <testcase name="testBufferAppendDelete" time="0,000" classname="cviceni.StringBuilderAndBufferTest"/>
  <testcase name="testBuilderAppend" time="0,001" classname="cviceni.StringBuilderAndBufferTest"/>
  <testcase name="testBuilderAppend" time="0,000" classname="cviceni.StringBuilderAndBufferTest"/>
  <testcase name="testBuilderAppend" time="0,001" classname="cviceni.StringBuilderAndBufferTest"/>
  <testcase name="testBufferAppend" time="0,000" classname="cviceni.StringBuilderAndBufferTest"/>
  <testcase name="testBufferAppendDelete" time="0,000" classname="cviceni.StringBuilderAndBufferTest"/>
  <testcase name="testBuilderAppendDelete" time="0,001" classname="cviceni.StringBuilderAndBufferTest"/>
  <testcase name="testBuilderAppendDelete" time="0,000" classname="cviceni.StringBuilderAndBufferTest"/>
  <testcase name="testBufferAppend" time="0,000" classname="cviceni.StringBuilderAndBufferTest"/>
  <testcase name="testBufferAppend" time="0,000" classname="cviceni.StringBuilderAndBufferTest"/>
  <testcase name="testBufferAppendDelete" time="0,000" classname="cviceni.StringBuilderAndBufferTest"/>
  <testcase name="testBufferAppendDelete" time="0,000" classname="cviceni.StringBuilderAndBufferTest"/>
  <testcase name="testBufferAppend" time="0,000" classname="cviceni.StringBuilderAndBufferTest"/>
  <testcase name="testBuilderAppendDelete" time="0,000" classname="cviceni.StringBuilderAndBufferTest"/>
  <testcase name="testBuilderAppend" time="0,001" classname="cviceni.StringBuilderAndBufferTest"/>
  <testcase name="testBuilderAppendDelete" time="0,000" classname="cviceni.StringBuilderAndBufferTest"/>
  <testcase name="testBuilderAppend" time="0,011" classname="cviceni.StringBuilderAndBufferTest"/>
  <testcase name="testBufferAppend" time="0,001" classname="cviceni.StringBuilderAndBufferTest"/>
  <testcase name="testBuilderAppend" time="0,000" classname="cviceni.StringBuilderAndBufferTest"/>
  <testcase name="testBufferAppend" time="0,001" classname="cviceni.StringBuilderAndBufferTest"/>
  <testcase name="testBuilderAppendDelete" time="0,001" classname="cviceni.StringBuilderAndBufferTest"/>
  <testcase name="testBuilderAppendDelete" time="0,000" classname="cviceni.StringBuilderAndBufferTest"/>
  <testcase name="testBufferAppendDelete" time="0,001" classname="cviceni.StringBuilderAndBufferTest"/>
  <testcase name="testBuilderAppend" time="0,001" classname="cviceni.StringBuilderAndBufferTest"/>
  <testcase name="testBufferAppendDelete" time="0,000" classname="cviceni.StringBuilderAndBufferTest"/>
  <testcase name="testBuilderAppend" time="0,000" classname="cviceni.StringBuilderAndBufferTest"/>
  <testcase name="testBuilderAppend" time="0,000" classname="cviceni.StringBuilderAndBufferTest"/>
  <testcase name="testBufferAppendDelete" time="0,000" classname="cviceni.StringBuilderAndBufferTest"/>
  <testcase name="testBuilderAppend" time="0,000" classname="cviceni.StringBuilderAndBufferTest"/>
  <testcase name="testBufferAppend" time="0,000" classname="cviceni.StringBuilderAndBufferTest"/>
  <testcase name="testBufferAppendDelete" time="0,000" classname="cviceni.StringBuilderAndBufferTest"/>
  <testcase name="testBufferAppend" time="0,000" classname="cviceni.StringBuilderAndBufferTest"/>
  <testcase name="testBuilderAppendDelete" time="0,001" classname="cviceni.StringBuilderAndBufferTest"/>
  <testcase name="testBuilderAppend" time="0,000" classname="cviceni.StringBuilderAndBufferTest"/>
  <testcase name="testBufferAppendDelete" time="0,000" classname="cviceni.StringBuilderAndBufferTest"/>
  <testcase name="testBufferAppendDelete" time="0,001" classname="cviceni.StringBuilderAndBufferTest"/>
  <testcase name="testBuilderAppend" time="0,027" classname="cviceni.StringBuilderAndBufferTest"/>
  <testcase name="testBufferAppendDelete" time="0,000" classname="cviceni.StringBuilderAndBufferTest"/>
  <testcase name="testBuilderAppend" time="0,000" classname="cviceni.StringBuilderAndBufferTest"/>
  <testcase name="testBuilderAppendDelete" time="0,000" classname="cviceni.StringBuilderAndBufferTest"/>
  <testcase name="testBufferAppend" time="0,000" classname="cviceni.StringBuilderAndBufferTest"/>
  <testcase name="testBuilderAppendDelete" time="0,000" classname="cviceni.StringBuilderAndBufferTest"/>
  <testcase name="testBuilderAppend" time="0,000" classname="cviceni.StringBuilderAndBufferTest"/>
  <testcase name="testBufferAppendDelete" time="0,000" classname="cviceni.StringBuilderAndBufferTest"/>
  <testcase name="testBufferAppend" time="0,001" classname="cviceni.StringBuilderAndBufferTest"/>
  <testcase name="testBufferAppendDelete" time="0,000" classname="cviceni.StringBuilderAndBufferTest"/>
  <testcase name="testBufferAppend" time="0,000" classname="cviceni.StringBuilderAndBufferTest"/>
  <testcase name="testBuilderAppend" time="0,001" classname="cviceni.StringBuilderAndBufferTest"/>
  <testcase name="testBuilderAppendDelete" time="0,001" classname="cviceni.StringBuilderAndBufferTest"/>
  <testcase name="testBuilderAppendDelete" time="0,000" classname="cviceni.StringBuilderAndBufferTest"/>
  <testcase name="testBuilderAppend" time="0,001" classname="cviceni.StringBuilderAndBufferTest"/>
  <testcase name="testBuilderAppendDelete" time="0,000" classname="cviceni.StringBuilderAndBufferTest"/>
  <testcase name="testBuilderAppendDelete" time="0,000" classname="cviceni.StringBuilderAndBufferTest"/>
  <testcase name="testBufferAppend" time="0,000" classname="cviceni.StringBuilderAndBufferTest"/>
  <testcase name="testBufferAppendDelete" time="0,000" classname="cviceni.StringBuilderAndBufferTest"/>
  <testcase name="testBufferAppend" time="0,000" classname="cviceni.StringBuilderAndBufferTest"/>
  <testcase name="testBuilderAppendDelete" time="0,000" classname="cviceni.StringBuilderAndBufferTest"/>
  <testcase name="testBuilderAppend" time="0,000" classname="cviceni.StringBuilderAndBufferTest"/>
  <testcase name="testBufferAppendDelete" time="0,000" classname="cviceni.StringBuilderAndBufferTest"/>
  <testcase name="testBufferAppend" time="0,000" classname="cviceni.StringBuilderAndBufferTest"/>
  <testcase name="testBufferAppend" time="0,171" classname="cviceni.StringBuilderAndBufferTest"/>
  <testcase name="testBuilderAppendDelete" time="0,000" classname="cviceni.StringBuilderAndBufferTest"/>
  <testcase name="testBuilderAppendDelete" time="0,001" classname="cviceni.StringBuilderAndBufferTest"/>
  <testcase name="testBufferAppendDelete" time="0,000" classname="cviceni.StringBuilderAndBufferTest"/>
  <testcase name="testBuilderAppendDelete" time="0,001" classname="cviceni.StringBuilderAndBufferTest"/>
  <testcase name="testBuilderAppend" time="0,000" classname="cviceni.StringBuilderAndBufferTest"/>
  <testcase name="testBuilderAppend" time="0,001" classname="cviceni.StringBuilderAndBufferTest"/>
  <testcase name="testBufferAppend" time="0,001" classname="cviceni.StringBuilderAndBufferTest"/>
  <testcase name="testBuilderAppendDelete" time="0,000" classname="cviceni.StringBuilderAndBufferTest"/>
  <testcase name="testBuilderAppend" time="0,000" classname="cviceni.StringBuilderAndBufferTest"/>
  <testcase name="testBufferAppend" time="0,000" classname="cviceni.StringBuilderAndBufferTest"/>
  <testcase name="testBuilderAppend" time="0,000" classname="cviceni.StringBuilderAndBufferTest"/>
  <testcase name="testBuilderAppendDelete" time="0,000" classname="cviceni.StringBuilderAndBufferTest"/>
  <testcase name="testBuilderAppend" time="0,000" classname="cviceni.StringBuilderAndBufferTest"/>
  <testcase name="testBufferAppend" time="0,000" classname="cviceni.StringBuilderAndBufferTest"/>
  <testcase name="testBufferAppend" time="0,000" classname="cviceni.StringBuilderAndBufferTest"/>
  <testcase name="testBuilderAppendDelete" time="0,000" classname="cviceni.StringBuilderAndBufferTest"/>
  <testcase name="testBuilderAppend" time="0,001" classname="cviceni.StringBuilderAndBufferTest"/>
  <testcase name="testBufferAppend" time="0,000" classname="cviceni.StringBuilderAndBufferTest"/>
  <testcase name="testBuilderAppendDelete" time="0,000" classname="cviceni.StringBuilderAndBufferTest"/>
  <testcase name="testBufferAppendDelete" time="0,000" classname="cviceni.StringBuilderAndBufferTest"/>
  <testcase name="testBufferAppend" time="0,000" classname="cviceni.StringBuilderAndBufferTest"/>
  <testcase name="testBufferAppendDelete" time="0,000" classname="cviceni.StringBuilderAndBufferTest"/>
  <testcase name="testBufferAppend" time="0,001" classname="cviceni.StringBuilderAndBufferTest"/>
  <testcase name="testBufferAppendDelete" time="0,000" classname="cviceni.StringBuilderAndBufferTest"/>
  <testcase name="testBufferAppendDelete" time="0,001" classname="cviceni.StringBuilderAndBufferTest"/>
  <testcase name="testBuilderAppend" time="0,000" classname="cviceni.StringBuilderAndBufferTest"/>
  <testcase name="testBuilderAppend" time="0,000" classname="cviceni.StringBuilderAndBufferTest"/>
  <testcase name="testBufferAppendDelete" time="0,000" classname="cviceni.StringBuilderAndBufferTest"/>
  <testcase name="testBuilderAppendDelete" time="0,000" classname="cviceni.StringBuilderAndBufferTest"/>
  <testcase name="testBuilderAppendDelete" time="0,000" classname="cviceni.StringBuilderAndBufferTest"/>
  <testcase name="testBuilderAppendDelete" time="0,000" classname="cviceni.StringBuilderAndBufferTest"/>
  <testcase name="testBuilderAppendDelete" time="0,000" classname="cviceni.StringBuilderAndBufferTest"/>
  <testcase name="testBuilderAppendDelete" time="0,001" classname="cviceni.StringBuilderAndBufferTest"/>
  <testcase name="testBufferAppendDelete" time="0,000" classname="cviceni.StringBuilderAndBufferTest"/>
  <testcase name="testBuilderAppendDelete" time="0,001" classname="cviceni.StringBuilderAndBufferTest"/>
  <testcase name="testBuilderAppend" time="0,000" classname="cviceni.StringBuilderAndBufferTest"/>
  <testcase name="testBufferAppend" time="0,000" classname="cviceni.StringBuilderAndBufferTest"/>
  <testcase name="testBuilderAppend" time="0,000" classname="cviceni.StringBuilderAndBufferTest"/>
  <testcase name="testBufferAppend" time="0,000" classname="cviceni.StringBuilderAndBufferTest"/>
  <testcase name="testBuilderAppendDelete" time="0,002" classname="cviceni.StringBuilderAndBufferTest"/>
  <testcase name="testBufferAppendDelete" time="0,000" classname="cviceni.StringBuilderAndBufferTest"/>
  <testcase name="testBufferAppendDelete" time="0,000" classname="cviceni.StringBuilderAndBufferTest"/>
  <testcase name="testBuilderAppendDelete" time="0,000" classname="cviceni.StringBuilderAndBufferTest"/>
  <testcase name="testBufferAppendDelete" time="0,010" classname="cviceni.StringBuilderAndBufferTest"/>
  <testcase name="testBuilderAppendDelete" time="0,000" classname="cviceni.StringBuilderAndBufferTest"/>
  <testcase name="testBufferAppendDelete" time="0,000" classname="cviceni.StringBuilderAndBufferTest"/>
  <testcase name="testBuilderAppendDelete" time="0,000" classname="cviceni.StringBuilderAndBufferTest"/>
  <testcase name="testBuilderAppendDelete" time="0,000" classname="cviceni.StringBuilderAndBufferTest"/>
  <testcase name="testBufferAppend" time="0,000" classname="cviceni.StringBuilderAndBufferTest"/>
  <testcase name="testBuilderAppendDelete" time="0,000" classname="cviceni.StringBuilderAndBufferTest"/>
  <testcase name="testBufferAppend" time="0,000" classname="cviceni.StringBuilderAndBufferTest"/>
  <testcase name="testBuilderAppend" time="0,000" classname="cviceni.StringBuilderAndBufferTest"/>
  <testcase name="testBufferAppendDelete" time="0,000" classname="cviceni.StringBuilderAndBufferTest"/>
  <testcase name="testBufferAppendDelete" time="0,000" classname="cviceni.StringBuilderAndBufferTest"/>
  <testcase name="testBufferAppend" time="0,000" classname="cviceni.StringBuilderAndBufferTest"/>
  <testcase name="testBuilderAppendDelete" time="0,001" classname="cviceni.StringBuilderAndBufferTest"/>
  <testcase name="testBuilderAppend" time="0,001" classname="cviceni.StringBuilderAndBufferTest"/>
  <testcase name="testBufferAppend" time="0,000" classname="cviceni.StringBuilderAndBufferTest"/>
  <testcase name="testBuilderAppend" time="0,000" classname="cviceni.StringBuilderAndBufferTest"/>
  <testcase name="testBufferAppendDelete" time="0,000" classname="cviceni.StringBuilderAndBufferTest"/>
  <testcase name="testBuilderAppendDelete" time="0,000" classname="cviceni.StringBuilderAndBufferTest"/>
  <testcase name="testBuilderAppend" time="0,000" classname="cviceni.StringBuilderAndBufferTest"/>
  <testcase name="testBuilderAppendDelete" time="0,001" classname="cviceni.StringBuilderAndBufferTest"/>
  <testcase name="testBuilderAppend" time="0,000" classname="cviceni.StringBuilderAndBufferTest"/>
  <testcase name="testBufferAppendDelete" time="0,000" classname="cviceni.StringBuilderAndBufferTest"/>
  <testcase name="testBufferAppendDelete" time="0,000" classname="cviceni.StringBuilderAndBufferTest"/>
  <testcase name="testBufferAppend" time="0,000" classname="cviceni.StringBuilderAndBufferTest"/>
  <testcase name="testBufferAppend" time="0,000" classname="cviceni.StringBuilderAndBufferTest"/>
  <testcase name="testBuilderAppendDelete" time="0,000" classname="cviceni.StringBuilderAndBufferTest"/>
  <testcase name="testBufferAppend" time="0,000" classname="cviceni.StringBuilderAndBufferTest"/>
  <testcase name="testBufferAppend" time="0,000" classname="cviceni.StringBuilderAndBufferTest"/>
  <testcase name="testBuilderAppend" time="0,000" classname="cviceni.StringBuilderAndBufferTest"/>
  <testcase name="testBuilderAppendDelete" time="0,000" classname="cviceni.StringBuilderAndBufferTest"/>
  <testcase name="testBufferAppendDelete" time="0,000" classname="cviceni.StringBuilderAndBufferTest"/>
  <testcase name="testBuilderAppend" time="0,001" classname="cviceni.StringBuilderAndBufferTest"/>
  <testcase name="testBuilderAppendDelete" time="0,000" classname="cviceni.StringBuilderAndBufferTest"/>
  <testcase name="testBuilderAppendDelete" time="0,000" classname="cviceni.StringBuilderAndBufferTest"/>
  <testcase name="testBuilderAppend" time="0,000" classname="cviceni.StringBuilderAndBufferTest"/>
  <testcase name="testBuilderAppend" time="0,000" classname="cviceni.StringBuilderAndBufferTest"/>
  <testcase name="testBufferAppend" time="0,001" classname="cviceni.StringBuilderAndBufferTest"/>
  <testcase name="testBuilderAppend" time="0,000" classname="cviceni.StringBuilderAndBufferTest"/>
  <testcase name="testBufferAppend" time="0,000" classname="cviceni.StringBuilderAndBufferTest"/>
  <testcase name="testBufferAppendDelete" time="0,000" classname="cviceni.StringBuilderAndBufferTest"/>
  <testcase name="testBuilderAppend" time="0,000" classname="cviceni.StringBuilderAndBufferTest"/>
  <testcase name="testBufferAppend" time="0,000" classname="cviceni.StringBuilderAndBufferTest"/>
  <testcase name="testBuilderAppendDelete" time="0,000" classname="cviceni.StringBuilderAndBufferTest"/>
  <testcase name="testBufferAppendDelete" time="0,000" classname="cviceni.StringBuilderAndBufferTest"/>
  <testcase name="testBufferAppend" time="0,000" classname="cviceni.StringBuilderAndBufferTest"/>
  <testcase name="testBuilderAppendDelete" time="0,096" classname="cviceni.StringBuilderAndBufferTest"/>
  <testcase name="testBuilderAppend" time="0,000" classname="cviceni.StringBuilderAndBufferTest"/>
  <testcase name="testBuilderAppend" time="0,000" classname="cviceni.StringBuilderAndBufferTest"/>
  <testcase name="testBuilderAppend" time="0,000" classname="cviceni.StringBuilderAndBufferTest"/>
  <testcase name="testBuilderAppendDelete" time="0,000" classname="cviceni.StringBuilderAndBufferTest"/>
  <testcase name="testBufferAppendDelete" time="0,000" classname="cviceni.StringBuilderAndBufferTest"/>
  <testcase name="testBufferAppend" time="0,000" classname="cviceni.StringBuilderAndBufferTest"/>
  <testcase name="testBufferAppend" time="0,000" classname="cviceni.StringBuilderAndBufferTest"/>
  <testcase name="testBuilderAppend" time="0,011" classname="cviceni.StringBuilderAndBufferTest"/>
  <testcase name="testBuilderAppend" time="0,000" classname="cviceni.StringBuilderAndBufferTest"/>
  <testcase name="testBuilderAppend" time="0,000" classname="cviceni.StringBuilderAndBufferTest"/>
  <testcase name="testBuilderAppend" time="0,000" classname="cviceni.StringBuilderAndBufferTest"/>
  <testcase name="testBufferAppendDelete" time="0,000" classname="cviceni.StringBuilderAndBufferTest"/>
  <testcase name="testBuilderAppendDelete" time="0,000" classname="cviceni.StringBuilderAndBufferTest"/>
  <testcase name="testBuilderAppend" time="0,000" classname="cviceni.StringBuilderAndBufferTest"/>
  <testcase name="testBufferAppend" time="0,000" classname="cviceni.StringBuilderAndBufferTest"/>
  <testcase name="testBuilderAppendDelete" time="0,000" classname="cviceni.StringBuilderAndBufferTest"/>
  <testcase name="testBuilderAppendDelete" time="0,001" classname="cviceni.StringBuilderAndBufferTest"/>
  <testcase name="testBuilderAppend" time="0,001" classname="cviceni.StringBuilderAndBufferTest"/>
  <testcase name="testBuilderAppendDelete" time="0,000" classname="cviceni.StringBuilderAndBufferTest"/>
  <testcase name="testBufferAppend" time="0,000" classname="cviceni.StringBuilderAndBufferTest"/>
  <testcase name="testBufferAppendDelete" time="0,000" classname="cviceni.StringBuilderAndBufferTest"/>
  <testcase name="testBuilderAppendDelete" time="0,000" classname="cviceni.StringBuilderAndBufferTest"/>
  <testcase name="testBuilderAppendDelete" time="0,000" classname="cviceni.StringBuilderAndBufferTest"/>
  <testcase name="testBuilderAppend" time="0,000" classname="cviceni.StringBuilderAndBufferTest"/>
  <testcase name="testBufferAppend" time="0,000" classname="cviceni.StringBuilderAndBufferTest"/>
  <testcase name="testBufferAppend" time="0,000" classname="cviceni.StringBuilderAndBufferTest"/>
  <testcase name="testBufferAppendDelete" time="0,000" classname="cviceni.StringBuilderAndBufferTest"/>
  <testcase name="testBuilderAppend" time="0,000" classname="cviceni.StringBuilderAndBufferTest"/>
  <testcase name="testBuilderAppend" time="0,000" classname="cviceni.StringBuilderAndBufferTest"/>
  <testcase name="testBufferAppend" time="0,000" classname="cviceni.StringBuilderAndBufferTest"/>
  <testcase name="testBufferAppend" time="0,000" classname="cviceni.StringBuilderAndBufferTest"/>
  <testcase name="testBufferAppendDelete" time="0,000" classname="cviceni.StringBuilderAndBufferTest"/>
  <testcase name="testBuilderAppend" time="0,000" classname="cviceni.StringBuilderAndBufferTest"/>
  <testcase name="testBuilderAppend" time="0,000" classname="cviceni.StringBuilderAndBufferTest"/>
  <testcase name="testBuilderAppend" time="0,001" classname="cviceni.StringBuilderAndBufferTest"/>
  <testcase name="testBuilderAppendDelete" time="0,000" classname="cviceni.StringBuilderAndBufferTest"/>
  <testcase name="testBuilderAppendDelete" time="0,001" classname="cviceni.StringBuilderAndBufferTest"/>
  <testcase name="testBufferAppend" time="0,000" classname="cviceni.StringBuilderAndBufferTest"/>
  <testcase name="testBufferAppendDelete" time="0,000" classname="cviceni.StringBuilderAndBufferTest"/>
  <testcase name="testBuilderAppend" time="0,001" classname="cviceni.StringBuilderAndBufferTest"/>
  <testcase name="testBuilderAppendDelete" time="0,000" classname="cviceni.StringBuilderAndBufferTest"/>
  <testcase name="testBufferAppend" time="0,000" classname="cviceni.StringBuilderAndBufferTest"/>
  <testcase name="testBuilderAppendDelete" time="0,000" classname="cviceni.StringBuilderAndBufferTest"/>
  <testcase name="testBuilderAppendDelete" time="0,000" classname="cviceni.StringBuilderAndBufferTest"/>
  <testcase name="testBufferAppendDelete" time="0,000" classname="cviceni.StringBuilderAndBufferTest"/>
  <testcase name="testBufferAppendDelete" time="0,000" classname="cviceni.StringBuilderAndBufferTest"/>
  <testcase name="testBufferAppendDelete" time="0,000" classname="cviceni.StringBuilderAndBufferTest"/>
  <testcase name="testBufferAppend" time="0,001" classname="cviceni.StringBuilderAndBufferTest"/>
  <testcase name="testBuilderAppendDelete" time="0,000" classname="cviceni.StringBuilderAndBufferTest"/>
  <testcase name="testBufferAppendDelete" time="0,000" classname="cviceni.StringBuilderAndBufferTest"/>
  <testcase name="testBuilderAppend" time="0,000" classname="cviceni.StringBuilderAndBufferTest"/>
  <testcase name="testBufferAppend" time="0,001" classname="cviceni.StringBuilderAndBufferTest"/>
  <testcase name="testBufferAppend" time="0,000" classname="cviceni.StringBuilderAndBufferTest"/>
  <testcase name="testBuilderAppendDelete" time="0,000" classname="cviceni.StringBuilderAndBufferTest"/>
  <testcase name="testBuilderAppend" time="0,000" classname="cviceni.StringBuilderAndBufferTest"/>
  <testcase name="testBuilderAppend" time="0,001" classname="cviceni.StringBuilderAndBufferTest"/>
  <testcase name="testBuilderAppend" time="0,000" classname="cviceni.StringBuilderAndBufferTest"/>
  <testcase name="testBufferAppendDelete" time="0,000" classname="cviceni.StringBuilderAndBufferTest"/>
  <testcase name="testBufferAppend" time="0,001" classname="cviceni.StringBuilderAndBufferTest"/>
  <testcase name="testBufferAppendDelete" time="0,000" classname="cviceni.StringBuilderAndBufferTest"/>
  <testcase name="testBufferAppendDelete" time="0,001" classname="cviceni.StringBuilderAndBufferTest"/>
  <testcase name="testBuilderAppendDelete" time="0,001" classname="cviceni.StringBuilderAndBufferTest"/>
  <testcase name="testBufferAppendDelete" time="0,000" classname="cviceni.StringBuilderAndBufferTest"/>
  <testcase name="testBufferAppendDelete" time="0,001" classname="cviceni.StringBuilderAndBufferTest"/>
  <testcase name="testBuilderAppendDelete" time="0,000" classname="cviceni.StringBuilderAndBufferTest"/>
  <testcase name="testBuilderAppendDelete" time="0,000" classname="cviceni.StringBuilderAndBufferTest"/>
  <testcase name="testBuilderAppendDelete" time="0,000" classname="cviceni.StringBuilderAndBufferTest"/>
  <testcase name="testBuilderAppendDelete" time="0,000" classname="cviceni.StringBuilderAndBufferTest"/>
  <testcase name="testBufferAppend" time="0,000" classname="cviceni.StringBuilderAndBufferTest"/>
  <testcase name="testBuilderAppendDelete" time="0,001" classname="cviceni.StringBuilderAndBufferTest"/>
  <testcase name="testBuilderAppend" time="0,000" classname="cviceni.StringBuilderAndBufferTest"/>
  <testcase name="testBuilderAppend" time="0,000" classname="cviceni.StringBuilderAndBufferTest"/>
  <testcase name="testBuilderAppendDelete" time="0,001" classname="cviceni.StringBuilderAndBufferTest"/>
  <testcase name="testBuilderAppend" time="0,000" classname="cviceni.StringBuilderAndBufferTest"/>
  <testcase name="testBuilderAppend" time="0,001" classname="cviceni.StringBuilderAndBufferTest"/>
  <testcase name="testBufferAppendDelete" time="0,000" classname="cviceni.StringBuilderAndBufferTest"/>
  <testcase name="testBuilderAppendDelete" time="0,000" classname="cviceni.StringBuilderAndBufferTest"/>
  <testcase name="testBufferAppend" time="0,001" classname="cviceni.StringBuilderAndBufferTest"/>
  <testcase name="testBufferAppend" time="0,000" classname="cviceni.StringBuilderAndBufferTest"/>
  <testcase name="testBuilderAppendDelete" time="0,000" classname="cviceni.StringBuilderAndBufferTest"/>
  <testcase name="testBufferAppend" time="0,000" classname="cviceni.StringBuilderAndBufferTest"/>
  <testcase name="testBuilderAppendDelete" time="0,000" classname="cviceni.StringBuilderAndBufferTest"/>
  <testcase name="testBuilderAppend" time="0,000" classname="cviceni.StringBuilderAndBufferTest"/>
  <testcase name="testBufferAppendDelete" time="0,000" classname="cviceni.StringBuilderAndBufferTest"/>
  <testcase name="testBuilderAppend" time="0,000" classname="cviceni.StringBuilderAndBufferTest"/>
  <testcase name="testBufferAppendDelete" time="0,002" classname="cviceni.StringBuilderAndBufferTest"/>
  <testcase name="testBuilderAppend" time="0,000" classname="cviceni.StringBuilderAndBufferTest"/>
  <testcase name="testBuilderAppend" time="0,000" classname="cviceni.StringBuilderAndBufferTest"/>
  <testcase name="testBufferAppend" time="0,000" classname="cviceni.StringBuilderAndBufferTest"/>
  <testcase name="testBuilderAppendDelete" time="0,000" classname="cviceni.StringBuilderAndBufferTest"/>
  <testcase name="testBufferAppendDelete" time="0,000" classname="cviceni.StringBuilderAndBufferTest"/>
  <testcase name="testBufferAppendDelete" time="0,001" classname="cviceni.StringBuilderAndBufferTest"/>
  <testcase name="testBuilderAppendDelete" time="0,000" classname="cviceni.StringBuilderAndBufferTest"/>
  <testcase name="testBuilderAppendDelete" time="0,000" classname="cviceni.StringBuilderAndBufferTest"/>
  <testcase name="testBuilderAppendDelete" time="0,000" classname="cviceni.StringBuilderAndBufferTest"/>
  <testcase name="testBuilderAppendDelete" time="0,000" classname="cviceni.StringBuilderAndBufferTest"/>
  <testcase name="testBufferAppend" time="0,000" classname="cviceni.StringBuilderAndBufferTest"/>
  <testcase name="testBuilderAppendDelete" time="0,000" classname="cviceni.StringBuilderAndBufferTest"/>
  <testcase name="testBuilderAppend" time="0,000" classname="cviceni.StringBuilderAndBufferTest"/>
  <testcase name="testBufferAppendDelete" time="0,000" classname="cviceni.StringBuilderAndBufferTest"/>
  <testcase name="testBufferAppend" time="0,000" classname="cviceni.StringBuilderAndBufferTest"/>
  <testcase name="testBuilderAppend" time="0,000" classname="cviceni.StringBuilderAndBufferTest"/>
  <testcase name="testBufferAppend" time="0,000" classname="cviceni.StringBuilderAndBufferTest"/>
  <testcase name="testBufferAppend" time="0,001" classname="cviceni.StringBuilderAndBufferTest"/>
  <testcase name="testBuilderAppend" time="0,000" classname="cviceni.StringBuilderAndBufferTest"/>
  <testcase name="testBufferAppend" time="0,000" classname="cviceni.StringBuilderAndBufferTest"/>
  <testcase name="testBuilderAppend" time="0,001" classname="cviceni.StringBuilderAndBufferTest"/>
  <testcase name="testBufferAppend" time="0,000" classname="cviceni.StringBuilderAndBufferTest"/>
  <testcase name="testBuilderAppend" time="0,001" classname="cviceni.StringBuilderAndBufferTest"/>
  <testcase name="testBuilderAppend" time="0,000" classname="cviceni.StringBuilderAndBufferTest"/>
  <testcase name="testBufferAppend" time="0,001" classname="cviceni.StringBuilderAndBufferTest"/>
  <testcase name="testBufferAppend" time="0,001" classname="cviceni.StringBuilderAndBufferTest"/>
  <testcase name="testBufferAppendDelete" time="0,000" classname="cviceni.StringBuilderAndBufferTest"/>
  <testcase name="testBufferAppendDelete" time="0,000" classname="cviceni.StringBuilderAndBufferTest"/>
  <testcase name="testBuilderAppendDelete" time="0,000" classname="cviceni.StringBuilderAndBufferTest"/>
  <testcase name="testBufferAppend" time="0,000" classname="cviceni.StringBuilderAndBufferTest"/>
  <testcase name="testBuilderAppend" time="0,001" classname="cviceni.StringBuilderAndBufferTest"/>
  <testcase name="testBufferAppend" time="0,000" classname="cviceni.StringBuilderAndBufferTest"/>
  <testcase name="testBuilderAppend" time="0,000" classname="cviceni.StringBuilderAndBufferTest"/>
  <testcase name="testBuilderAppendDelete" time="0,000" classname="cviceni.StringBuilderAndBufferTest"/>
  <testcase name="testBufferAppendDelete" time="0,001" classname="cviceni.StringBuilderAndBufferTest"/>
  <testcase name="testBufferAppend" time="0,000" classname="cviceni.StringBuilderAndBufferTest"/>
  <testcase name="testBuilderAppendDelete" time="0,000" classname="cviceni.StringBuilderAndBufferTest"/>
  <testcase name="testBuilderAppendDelete" time="0,001" classname="cviceni.StringBuilderAndBufferTest"/>
  <testcase name="testBufferAppendDelete" time="0,001" classname="cviceni.StringBuilderAndBufferTest"/>
  <testcase name="testBuilderAppendDelete" time="0,000" classname="cviceni.StringBuilderAndBufferTest"/>
  <testcase name="testBuilderAppend" time="0,000" classname="cviceni.StringBuilderAndBufferTest"/>
  <testcase name="testBuilderAppend" time="0,025" classname="cviceni.StringBuilderAndBufferTest"/>
  <testcase name="testBuilderAppendDelete" time="0,000" classname="cviceni.StringBuilderAndBufferTest"/>
  <testcase name="testBufferAppendDelete" time="0,000" classname="cviceni.StringBuilderAndBufferTest"/>
  <testcase name="testBufferAppend" time="0,001" classname="cviceni.StringBuilderAndBufferTest"/>
  <testcase name="testBuilderAppend" time="0,000" classname="cviceni.StringBuilderAndBufferTest"/>
  <testcase name="testBufferAppend" time="0,001" classname="cviceni.StringBuilderAndBufferTest"/>
  <testcase name="testBuilderAppendDelete" time="0,000" classname="cviceni.StringBuilderAndBufferTest"/>
  <testcase name="testBufferAppend" time="0,000" classname="cviceni.StringBuilderAndBufferTest"/>
  <testcase name="testBuilderAppend" time="0,000" classname="cviceni.StringBuilderAndBufferTest"/>
  <testcase name="testBuilderAppend" time="0,000" classname="cviceni.StringBuilderAndBufferTest"/>
  <testcase name="testBufferAppend" time="0,001" classname="cviceni.StringBuilderAndBufferTest"/>
  <testcase name="testBufferAppend" time="0,000" classname="cviceni.StringBuilderAndBufferTest"/>
  <testcase name="testBufferAppendDelete" time="0,000" classname="cviceni.StringBuilderAndBufferTest"/>
  <testcase name="testBuilderAppendDelete" time="0,000" classname="cviceni.StringBuilderAndBufferTest"/>
  <testcase name="testBufferAppend" time="0,000" classname="cviceni.StringBuilderAndBufferTest"/>
  <testcase name="testBuilderAppendDelete" time="0,000" classname="cviceni.StringBuilderAndBufferTest"/>
  <testcase name="testBufferAppend" time="0,001" classname="cviceni.StringBuilderAndBufferTest"/>
  <testcase name="testBuilderAppendDelete" time="0,038" classname="cviceni.StringBuilderAndBufferTest"/>
  <testcase name="testBuilderAppendDelete" time="0,000" classname="cviceni.StringBuilderAndBufferTest"/>
  <testcase name="testBuilderAppendDelete" time="0,000" classname="cviceni.StringBuilderAndBufferTest"/>
  <testcase name="testBufferAppendDelete" time="0,000" classname="cviceni.StringBuilderAndBufferTest"/>
  <testcase name="testBuilderAppendDelete" time="0,001" classname="cviceni.StringBuilderAndBufferTest"/>
  <testcase name="testBufferAppend" time="0,000" classname="cviceni.StringBuilderAndBufferTest"/>
  <testcase name="testBuilderAppendDelete" time="0,000" classname="cviceni.StringBuilderAndBufferTest"/>
  <testcase name="testBufferAppend" time="0,001" classname="cviceni.StringBuilderAndBufferTest"/>
  <testcase name="testBuilderAppend" time="0,000" classname="cviceni.StringBuilderAndBufferTest"/>
  <testcase name="testBuilderAppend" time="0,000" classname="cviceni.StringBuilderAndBufferTest"/>
  <testcase name="testBufferAppendDelete" time="0,001" classname="cviceni.StringBuilderAndBufferTest"/>
  <testcase name="testBuilderAppend" time="0,000" classname="cviceni.StringBuilderAndBufferTest"/>
  <testcase name="testBufferAppend" time="0,001" classname="cviceni.StringBuilderAndBufferTest"/>
  <testcase name="testBufferAppend" time="0,001" classname="cviceni.StringBuilderAndBufferTest"/>
  <testcase name="testBuilderAppend" time="0,001" classname="cviceni.StringBuilderAndBufferTest"/>
  <testcase name="testBuilderAppend" time="0,000" classname="cviceni.StringBuilderAndBufferTest"/>
  <testcase name="testBufferAppend" time="0,001" classname="cviceni.StringBuilderAndBufferTest"/>
  <testcase name="testBufferAppend" time="0,000" classname="cviceni.StringBuilderAndBufferTest"/>
  <testcase name="testBuilderAppend" time="0,000" classname="cviceni.StringBuilderAndBufferTest"/>
  <testcase name="testBufferAppend" time="0,001" classname="cviceni.StringBuilderAndBufferTest"/>
  <testcase name="testBufferAppend" time="0,000" classname="cviceni.StringBuilderAndBufferTest"/>
  <testcase name="testBufferAppendDelete" time="0,000" classname="cviceni.StringBuilderAndBufferTest"/>
  <testcase name="testBufferAppend" time="0,121" classname="cviceni.StringBuilderAndBufferTest"/>
  <testcase name="testBuilderAppend" time="0,000" classname="cviceni.StringBuilderAndBufferTest"/>
  <testcase name="testBufferAppend" time="0,000" classname="cviceni.StringBuilderAndBufferTest"/>
  <testcase name="testBufferAppend" time="0,000" classname="cviceni.StringBuilderAndBufferTest"/>
  <testcase name="testBuilderAppend" time="0,000" classname="cviceni.StringBuilderAndBufferTest"/>
  <testcase name="testBufferAppendDelete" time="0,001" classname="cviceni.StringBuilderAndBufferTest"/>
  <testcase name="testBufferAppendDelete" time="0,001" classname="cviceni.StringBuilderAndBufferTest"/>
  <testcase name="testBufferAppendDelete" time="0,000" classname="cviceni.StringBuilderAndBufferTest"/>
  <testcase name="testBufferAppend" time="0,000" classname="cviceni.StringBuilderAndBufferTest"/>
  <testcase name="testBuilderAppend" time="0,001" classname="cviceni.StringBuilderAndBufferTest"/>
  <testcase name="testBuilderAppendDelete" time="0,001" classname="cviceni.StringBuilderAndBufferTest"/>
  <testcase name="testBuilderAppend" time="0,000" classname="cviceni.StringBuilderAndBufferTest"/>
  <testcase name="testBuilderAppend" time="0,000" classname="cviceni.StringBuilderAndBufferTest"/>
  <testcase name="testBufferAppendDelete" time="0,001" classname="cviceni.StringBuilderAndBufferTest"/>
  <testcase name="testBufferAppend" time="0,000" classname="cviceni.StringBuilderAndBufferTest"/>
  <testcase name="testBufferAppendDelete" time="0,000" classname="cviceni.StringBuilderAndBufferTest"/>
  <testcase name="testBufferAppend" time="0,001" classname="cviceni.StringBuilderAndBufferTest"/>
  <testcase name="testBuilderAppendDelete" time="0,000" classname="cviceni.StringBuilderAndBufferTest"/>
  <testcase name="testBufferAppend" time="0,001" classname="cviceni.StringBuilderAndBufferTest"/>
  <testcase name="testBuilderAppend" time="0,000" classname="cviceni.StringBuilderAndBufferTest"/>
  <testcase name="testBufferAppend" time="0,000" classname="cviceni.StringBuilderAndBufferTest"/>
  <testcase name="testBufferAppendDelete" time="0,000" classname="cviceni.StringBuilderAndBufferTest"/>
  <testcase name="testBuilderAppend" time="0,000" classname="cviceni.StringBuilderAndBufferTest"/>
  <testcase name="testBuilderAppendDelete" time="0,001" classname="cviceni.StringBuilderAndBufferTest"/>
  <testcase name="testBuilderAppend" time="0,001" classname="cviceni.StringBuilderAndBufferTest"/>
  <testcase name="testBuilderAppend" time="0,000" classname="cviceni.StringBuilderAndBufferTest"/>
  <testcase name="testBufferAppendDelete" time="0,000" classname="cviceni.StringBuilderAndBufferTest"/>
  <testcase name="testBuilderAppend" time="0,001" classname="cviceni.StringBuilderAndBufferTest"/>
  <testcase name="testBuilderAppend" time="0,000" classname="cviceni.StringBuilderAndBufferTest"/>
  <testcase name="testBuilderAppendDelete" time="0,000" classname="cviceni.StringBuilderAndBufferTest"/>
  <testcase name="testBufferAppend" time="0,000" classname="cviceni.StringBuilderAndBufferTest"/>
  <testcase name="testBuilderAppend" time="0,000" classname="cviceni.StringBuilderAndBufferTest"/>
  <testcase name="testBufferAppend" time="0,001" classname="cviceni.StringBuilderAndBufferTest"/>
  <testcase name="testBuilderAppend" time="0,000" classname="cviceni.StringBuilderAndBufferTest"/>
  <testcase name="testBuilderAppend" time="0,000" classname="cviceni.StringBuilderAndBufferTest"/>
  <testcase name="testBufferAppend" time="0,000" classname="cviceni.StringBuilderAndBufferTest"/>
  <testcase name="testBufferAppendDelete" time="0,000" classname="cviceni.StringBuilderAndBufferTest"/>
  <testcase name="testBuilderAppend" time="0,000" classname="cviceni.StringBuilderAndBufferTest"/>
  <testcase name="testBufferAppendDelete" time="0,001" classname="cviceni.StringBuilderAndBufferTest"/>
  <testcase name="testBuilderAppendDelete" time="0,000" classname="cviceni.StringBuilderAndBufferTest"/>
  <testcase name="testBufferAppend" time="0,000" classname="cviceni.StringBuilderAndBufferTest"/>
  <testcase name="testBuilderAppendDelete" time="0,000" classname="cviceni.StringBuilderAndBufferTest"/>
  <testcase name="testBufferAppend" time="0,000" classname="cviceni.StringBuilderAndBufferTest"/>
  <testcase name="testBufferAppendDelete" time="0,000" classname="cviceni.StringBuilderAndBufferTest"/>
  <testcase name="testBuilderAppendDelete" time="0,000" classname="cviceni.StringBuilderAndBufferTest"/>
  <testcase name="testBufferAppend" time="0,000" classname="cviceni.StringBuilderAndBufferTest"/>
  <testcase name="testBufferAppend" time="0,000" classname="cviceni.StringBuilderAndBufferTest"/>
  <testcase name="testBuilderAppendDelete" time="0,010" classname="cviceni.StringBuilderAndBufferTest"/>
  <testcase name="testBufferAppend" time="0,000" classname="cviceni.StringBuilderAndBufferTest"/>
  <testcase name="testBuilderAppendDelete" time="0,001" classname="cviceni.StringBuilderAndBufferTest"/>
  <testcase name="testBufferAppendDelete" time="0,001" classname="cviceni.StringBuilderAndBufferTest"/>
  <testcase name="testBufferAppend" time="0,000" classname="cviceni.StringBuilderAndBufferTest"/>
  <testcase name="testBufferAppend" time="0,000" classname="cviceni.StringBuilderAndBufferTest"/>
  <testcase name="testBufferAppend" time="0,000" classname="cviceni.StringBuilderAndBufferTest"/>
  <testcase name="testBufferAppendDelete" time="0,000" classname="cviceni.StringBuilderAndBufferTest"/>
  <testcase name="testBuilderAppendDelete" time="0,001" classname="cviceni.StringBuilderAndBufferTest"/>
  <testcase name="testBufferAppend" time="0,001" classname="cviceni.StringBuilderAndBufferTest"/>
  <testcase name="testBuilderAppend" time="0,000" classname="cviceni.StringBuilderAndBufferTest"/>
  <testcase name="testBufferAppend" time="0,000" classname="cviceni.StringBuilderAndBufferTest"/>
  <testcase name="testBufferAppendDelete" time="0,000" classname="cviceni.StringBuilderAndBufferTest"/>
  <testcase name="testBufferAppend" time="0,001" classname="cviceni.StringBuilderAndBufferTest"/>
  <testcase name="testBuilderAppend" time="0,000" classname="cviceni.StringBuilderAndBufferTest"/>
  <testcase name="testBufferAppendDelete" time="0,000" classname="cviceni.StringBuilderAndBufferTest"/>
  <testcase name="testBuilderAppendDelete" time="0,000" classname="cviceni.StringBuilderAndBufferTest"/>
  <testcase name="testBufferAppend" time="0,000" classname="cviceni.StringBuilderAndBufferTest"/>
  <testcase name="testBufferAppendDelete" time="0,000" classname="cviceni.StringBuilderAndBufferTest"/>
  <testcase name="testBuilderAppendDelete" time="0,000" classname="cviceni.StringBuilderAndBufferTest"/>
  <testcase name="testBuilderAppendDelete" time="0,000" classname="cviceni.StringBuilderAndBufferTest"/>
  <testcase name="testBufferAppend" time="0,000" classname="cviceni.StringBuilderAndBufferTest"/>
  <testcase name="testBuilderAppend" time="0,000" classname="cviceni.StringBuilderAndBufferTest"/>
  <testcase name="testBuilderAppend" time="0,000" classname="cviceni.StringBuilderAndBufferTest"/>
  <testcase name="testBufferAppend" time="0,000" classname="cviceni.StringBuilderAndBufferTest"/>
  <testcase name="testBuilderAppend" time="0,000" classname="cviceni.StringBuilderAndBufferTest"/>
  <testcase name="testBuilderAppend" time="0,000" classname="cviceni.StringBuilderAndBufferTest"/>
  <testcase name="testBuilderAppend" time="0,001" classname="cviceni.StringBuilderAndBufferTest"/>
  <testcase name="testBuilderAppendDelete" time="0,000" classname="cviceni.StringBuilderAndBufferTest"/>
  <testcase name="testBuilderAppend" time="0,000" classname="cviceni.StringBuilderAndBufferTest"/>
  <testcase name="testBufferAppendDelete" time="0,000" classname="cviceni.StringBuilderAndBufferTest"/>
  <testcase name="testBufferAppendDelete" time="0,001" classname="cviceni.StringBuilderAndBufferTest"/>
  <testcase name="testBuilderAppendDelete" time="0,000" classname="cviceni.StringBuilderAndBufferTest"/>
  <testcase name="testBufferAppend" time="0,000" classname="cviceni.StringBuilderAndBufferTest"/>
  <testcase name="testBuilderAppendDelete" time="0,000" classname="cviceni.StringBuilderAndBufferTest"/>
  <testcase name="testBufferAppendDelete" time="0,000" classname="cviceni.StringBuilderAndBufferTest"/>
  <testcase name="testBuilderAppend" time="0,000" classname="cviceni.StringBuilderAndBufferTest"/>
  <testcase name="testBufferAppend" time="0,000" classname="cviceni.StringBuilderAndBufferTest"/>
  <testcase name="testBuilderAppendDelete" time="0,000" classname="cviceni.StringBuilderAndBufferTest"/>
  <testcase name="testBufferAppendDelete" time="0,001" classname="cviceni.StringBuilderAndBufferTest"/>
  <testcase name="testBufferAppendDelete" time="0,001" classname="cviceni.StringBuilderAndBufferTest"/>
  <testcase name="testBuilderAppend" time="0,001" classname="cviceni.StringBuilderAndBufferTest"/>
  <testcase name="testBuilderAppendDelete" time="0,000" classname="cviceni.StringBuilderAndBufferTest"/>
  <testcase name="testBuilderAppendDelete" time="0,000" classname="cviceni.StringBuilderAndBufferTest"/>
  <testcase name="testBufferAppendDelete" time="0,001" classname="cviceni.StringBuilderAndBufferTest"/>
  <testcase name="testBuilderAppendDelete" time="0,000" classname="cviceni.StringBuilderAndBufferTest"/>
  <testcase name="testBuilderAppend" time="0,000" classname="cviceni.StringBuilderAndBufferTest"/>
  <testcase name="testBufferAppendDelete" time="0,001" classname="cviceni.StringBuilderAndBufferTest"/>
  <testcase name="testBufferAppend" time="0,001" classname="cviceni.StringBuilderAndBufferTest"/>
  <testcase name="testBuilderAppendDelete" time="0,001" classname="cviceni.StringBuilderAndBufferTest"/>
  <testcase name="testBuilderAppendDelete" time="0,016" classname="cviceni.StringBuilderAndBufferTest"/>
  <testcase name="testBufferAppend" time="0,000" classname="cviceni.StringBuilderAndBufferTest"/>
  <testcase name="testBufferAppendDelete" time="0,000" classname="cviceni.StringBuilderAndBufferTest"/>
  <testcase name="testBufferAppendDelete" time="0,000" classname="cviceni.StringBuilderAndBufferTest"/>
  <testcase name="testBuilderAppendDelete" time="0,000" classname="cviceni.StringBuilderAndBufferTest"/>
  <testcase name="testBufferAppendDelete" time="0,000" classname="cviceni.StringBuilderAndBufferTest"/>
  <testcase name="testBuilderAppendDelete" time="0,000" classname="cviceni.StringBuilderAndBufferTest"/>
  <testcase name="testBuilderAppend" time="0,000" classname="cviceni.StringBuilderAndBufferTest"/>
  <testcase name="testBufferAppendDelete" time="0,000" classname="cviceni.StringBuilderAndBufferTest"/>
  <testcase name="testBuilderAppend" time="0,000" classname="cviceni.StringBuilderAndBufferTest"/>
  <testcase name="testBufferAppendDelete" time="0,000" classname="cviceni.StringBuilderAndBufferTest"/>
  <testcase name="testBuilderAppend" time="0,000" classname="cviceni.StringBuilderAndBufferTest"/>
  <testcase name="testBuilderAppendDelete" time="0,001" classname="cviceni.StringBuilderAndBufferTest"/>
  <testcase name="testBufferAppendDelete" time="0,000" classname="cviceni.StringBuilderAndBufferTest"/>
  <testcase name="testBuilderAppend" time="0,000" classname="cviceni.StringBuilderAndBufferTest"/>
  <testcase name="testBufferAppendDelete" time="0,000" classname="cviceni.StringBuilderAndBufferTest"/>
  <testcase name="testBuilderAppend" time="0,000" classname="cviceni.StringBuilderAndBufferTest"/>
  <testcase name="testBufferAppend" time="0,000" classname="cviceni.StringBuilderAndBufferTest"/>
  <testcase name="testBufferAppend" time="0,000" classname="cviceni.StringBuilderAndBufferTest"/>
  <testcase name="testBufferAppendDelete" time="0,000" classname="cviceni.StringBuilderAndBufferTest"/>
  <testcase name="testBufferAppend" time="0,000" classname="cviceni.StringBuilderAndBufferTest"/>
  <testcase name="testBuilderAppendDelete" time="0,001" classname="cviceni.StringBuilderAndBufferTest"/>
  <testcase name="testBuilderAppend" time="0,001" classname="cviceni.StringBuilderAndBufferTest"/>
  <testcase name="testBuilderAppendDelete" time="0,001" classname="cviceni.StringBuilderAndBufferTest"/>
  <testcase name="testBufferAppend" time="0,001" classname="cviceni.StringBuilderAndBufferTest"/>
  <testcase name="testBufferAppend" time="0,000" classname="cviceni.StringBuilderAndBufferTest"/>
  <testcase name="testBuilderAppendDelete" time="0,001" classname="cviceni.StringBuilderAndBufferTest"/>
  <testcase name="testBuilderAppend" time="0,001" classname="cviceni.StringBuilderAndBufferTest"/>
  <testcase name="testBuilderAppend" time="0,000" classname="cviceni.StringBuilderAndBufferTest"/>
  <testcase name="testBuilderAppendDelete" time="0,000" classname="cviceni.StringBuilderAndBufferTest"/>
  <testcase name="testBufferAppend" time="0,001" classname="cviceni.StringBuilderAndBufferTest"/>
  <testcase name="testBufferAppendDelete" time="0,000" classname="cviceni.StringBuilderAndBufferTest"/>
  <testcase name="testBuilderAppendDelete" time="0,000" classname="cviceni.StringBuilderAndBufferTest"/>
  <testcase name="testBufferAppendDelete" time="0,000" classname="cviceni.StringBuilderAndBufferTest"/>
  <testcase name="testBufferAppendDelete" time="0,000" classname="cviceni.StringBuilderAndBufferTest"/>
  <testcase name="testBuilderAppendDelete" time="0,001" classname="cviceni.StringBuilderAndBufferTest"/>
  <testcase name="testBufferAppend" time="0,001" classname="cviceni.StringBuilderAndBufferTest"/>
  <testcase name="testBufferAppendDelete" time="0,000" classname="cviceni.StringBuilderAndBufferTest"/>
  <testcase name="testBufferAppend" time="0,000" classname="cviceni.StringBuilderAndBufferTest"/>
  <testcase name="testBufferAppend" time="0,000" classname="cviceni.StringBuilderAndBufferTest"/>
  <testcase name="testBuilderAppend" time="0,000" classname="cviceni.StringBuilderAndBufferTest"/>
  <testcase name="testBufferAppend" time="0,000" classname="cviceni.StringBuilderAndBufferTest"/>
  <testcase name="testBufferAppend" time="0,000" classname="cviceni.StringBuilderAndBufferTest"/>
  <testcase name="testBufferAppendDelete" time="0,001" classname="cviceni.StringBuilderAndBufferTest"/>
  <testcase name="testBufferAppendDelete" time="0,000" classname="cviceni.StringBuilderAndBufferTest"/>
  <testcase name="testBuilderAppend" time="0,000" classname="cviceni.StringBuilderAndBufferTest"/>
  <testcase name="testBufferAppend" time="0,001" classname="cviceni.StringBuilderAndBufferTest"/>
  <testcase name="testBufferAppend" time="0,000" classname="cviceni.StringBuilderAndBufferTest"/>
  <testcase name="testBuilderAppendDelete" time="0,000" classname="cviceni.StringBuilderAndBufferTest"/>
  <testcase name="testBuilderAppend" time="0,000" classname="cviceni.StringBuilderAndBufferTest"/>
  <testcase name="testBufferAppendDelete" time="0,000" classname="cviceni.StringBuilderAndBufferTest"/>
  <testcase name="testBufferAppend" time="0,000" classname="cviceni.StringBuilderAndBufferTest"/>
  <testcase name="testBufferAppendDelete" time="0,000" classname="cviceni.StringBuilderAndBufferTest"/>
  <testcase name="testBufferAppend" time="0,001" classname="cviceni.StringBuilderAndBufferTest"/>
  <testcase name="testBufferAppendDelete" time="0,000" classname="cviceni.StringBuilderAndBufferTest"/>
  <testcase name="testBuilderAppend" time="0,000" classname="cviceni.StringBuilderAndBufferTest"/>
  <testcase name="testBuilderAppendDelete" time="0,000" classname="cviceni.StringBuilderAndBufferTest"/>
  <testcase name="testBuilderAppendDelete" time="0,000" classname="cviceni.StringBuilderAndBufferTest"/>
  <testcase name="testBufferAppendDelete" time="0,000" classname="cviceni.StringBuilderAndBufferTest"/>
  <testcase name="testBuilderAppend" time="0,000" classname="cviceni.StringBuilderAndBufferTest"/>
  <testcase name="testBufferAppend" time="0,000" classname="cviceni.StringBuilderAndBufferTest"/>
  <testcase name="testBufferAppend" time="0,001" classname="cviceni.StringBuilderAndBufferTest"/>
  <testcase name="testBuilderAppend" time="0,000" classname="cviceni.StringBuilderAndBufferTest"/>
  <testcase name="testBuilderAppendDelete" time="0,000" classname="cviceni.StringBuilderAndBufferTest"/>
  <testcase name="testBufferAppend" time="0,000" classname="cviceni.StringBuilderAndBufferTest"/>
  <testcase name="testBuilderAppend" time="0,001" classname="cviceni.StringBuilderAndBufferTest"/>
  <testcase name="testBuilderAppend" time="0,001" classname="cviceni.StringBuilderAndBufferTest"/>
  <testcase name="testBuilderAppendDelete" time="0,000" classname="cviceni.StringBuilderAndBufferTest"/>
  <testcase name="testBuilderAppendDelete" time="0,000" classname="cviceni.StringBuilderAndBufferTest"/>
  <testcase name="testBuilderAppendDelete" time="0,000" classname="cviceni.StringBuilderAndBufferTest"/>
  <testcase name="testBuilderAppendDelete" time="0,000" classname="cviceni.StringBuilderAndBufferTest"/>
  <testcase name="testBufferAppendDelete" time="0,000" classname="cviceni.StringBuilderAndBufferTest"/>
  <testcase name="testBuilderAppend" time="0,000" classname="cviceni.StringBuilderAndBufferTest"/>
  <testcase name="testBuilderAppendDelete" time="0,000" classname="cviceni.StringBuilderAndBufferTest"/>
  <testcase name="testBuilderAppend" time="0,000" classname="cviceni.StringBuilderAndBufferTest"/>
  <testcase name="testBufferAppendDelete" time="0,000" classname="cviceni.StringBuilderAndBufferTest"/>
  <testcase name="testBuilderAppend" time="0,001" classname="cviceni.StringBuilderAndBufferTest"/>
  <testcase name="testBufferAppend" time="0,000" classname="cviceni.StringBuilderAndBufferTest"/>
  <testcase name="testBufferAppendDelete" time="0,000" classname="cviceni.StringBuilderAndBufferTest"/>
  <testcase name="testBuilderAppendDelete" time="0,000" classname="cviceni.StringBuilderAndBufferTest"/>
  <testcase name="testBufferAppend" time="0,000" classname="cviceni.StringBuilderAndBufferTest"/>
  <testcase name="testBufferAppendDelete" time="0,000" classname="cviceni.StringBuilderAndBufferTest"/>
  <testcase name="testBufferAppendDelete" time="0,001" classname="cviceni.StringBuilderAndBufferTest"/>
  <testcase name="testBufferAppendDelete" time="0,000" classname="cviceni.StringBuilderAndBufferTest"/>
  <testcase name="testBufferAppendDelete" time="0,000" classname="cviceni.StringBuilderAndBufferTest"/>
  <testcase name="testBuilderAppendDelete" time="0,000" classname="cviceni.StringBuilderAndBufferTest"/>
  <testcase name="testBufferAppendDelete" time="0,000" classname="cviceni.StringBuilderAndBufferTest"/>
  <testcase name="testBufferAppendDelete" time="0,000" classname="cviceni.StringBuilderAndBufferTest"/>
  <testcase name="testBufferAppend" time="0,000" classname="cviceni.StringBuilderAndBufferTest"/>
  <testcase name="testBufferAppendDelete" time="0,000" classname="cviceni.StringBuilderAndBufferTest"/>
  <testcase name="testBufferAppend" time="0,000" classname="cviceni.StringBuilderAndBufferTest"/>
  <testcase name="testBufferAppend" time="0,000" classname="cviceni.StringBuilderAndBufferTest"/>
  <testcase name="testBuilderAppend" time="0,000" classname="cviceni.StringBuilderAndBufferTest"/>
  <testcase name="testBuilderAppendDelete" time="0,000" classname="cviceni.StringBuilderAndBufferTest"/>
  <testcase name="testBufferAppendDelete" time="0,000" classname="cviceni.StringBuilderAndBufferTest"/>
  <testcase name="testBuilderAppendDelete" time="0,000" classname="cviceni.StringBuilderAndBufferTest"/>
  <testcase name="testBuilderAppend" time="0,000" classname="cviceni.StringBuilderAndBufferTest"/>
  <testcase name="testBuilderAppendDelete" time="0,001" classname="cviceni.StringBuilderAndBufferTest"/>
  <testcase name="testBufferAppend" time="0,000" classname="cviceni.StringBuilderAndBufferTest"/>
  <testcase name="testBuilderAppendDelete" time="0,000" classname="cviceni.StringBuilderAndBufferTest"/>
  <testcase name="testBuilderAppendDelete" time="0,000" classname="cviceni.StringBuilderAndBufferTest"/>
  <testcase name="testBufferAppendDelete" time="0,000" classname="cviceni.StringBuilderAndBufferTest"/>
  <testcase name="testBufferAppendDelete" time="0,001" classname="cviceni.StringBuilderAndBufferTest"/>
  <testcase name="testBufferAppendDelete" time="0,001" classname="cviceni.StringBuilderAndBufferTest"/>
  <testcase name="testBuilderAppendDelete" time="0,000" classname="cviceni.StringBuilderAndBufferTest"/>
  <testcase name="testBuilderAppend" time="0,000" classname="cviceni.StringBuilderAndBufferTest"/>
  <testcase name="testBuilderAppendDelete" time="0,000" classname="cviceni.StringBuilderAndBufferTest"/>
  <testcase name="testBuilderAppend" time="0,000" classname="cviceni.StringBuilderAndBufferTest"/>
  <testcase name="testBufferAppendDelete" time="0,000" classname="cviceni.StringBuilderAndBufferTest"/>
  <testcase name="testBuilderAppendDelete" time="0,000" classname="cviceni.StringBuilderAndBufferTest"/>
  <testcase name="testBuilderAppend" time="0,001" classname="cviceni.StringBuilderAndBufferTest"/>
  <testcase name="testBuilderAppendDelete" time="0,000" classname="cviceni.StringBuilderAndBufferTest"/>
  <testcase name="testBufferAppend" time="0,000" classname="cviceni.StringBuilderAndBufferTest"/>
  <testcase name="testBuilderAppend" time="0,001" classname="cviceni.StringBuilderAndBufferTest"/>
  <testcase name="testBuilderAppend" time="0,001" classname="cviceni.StringBuilderAndBufferTest"/>
  <testcase name="testBuilderAppend" time="0,001" classname="cviceni.StringBuilderAndBufferTest"/>
  <testcase name="testBufferAppend" time="0,000" classname="cviceni.StringBuilderAndBufferTest"/>
  <testcase name="testBufferAppendDelete" time="0,000" classname="cviceni.StringBuilderAndBufferTest"/>
  <testcase name="testBuilderAppendDelete" time="0,001" classname="cviceni.StringBuilderAndBufferTest"/>
  <testcase name="testBufferAppendDelete" time="0,000" classname="cviceni.StringBuilderAndBufferTest"/>
  <testcase name="testBuilderAppendDelete" time="0,000" classname="cviceni.StringBuilderAndBufferTest"/>
  <testcase name="testBufferAppendDelete" time="0,000" classname="cviceni.StringBuilderAndBufferTest"/>
  <testcase name="testBuilderAppend" time="0,000" classname="cviceni.StringBuilderAndBufferTest"/>
  <testcase name="testBufferAppend" time="0,000" classname="cviceni.StringBuilderAndBufferTest"/>
  <testcase name="testBufferAppend" time="0,000" classname="cviceni.StringBuilderAndBufferTest"/>
  <testcase name="testBufferAppendDelete" time="0,001" classname="cviceni.StringBuilderAndBufferTest"/>
  <testcase name="testBuilderAppendDelete" time="0,003" classname="cviceni.StringBuilderAndBufferTest"/>
  <testcase name="testBufferAppend" time="0,000" classname="cviceni.StringBuilderAndBufferTest"/>
  <testcase name="testBufferAppendDelete" time="0,000" classname="cviceni.StringBuilderAndBufferTest"/>
  <testcase name="testBufferAppendDelete" time="0,000" classname="cviceni.StringBuilderAndBufferTest"/>
  <testcase name="testBuilderAppend" time="0,000" classname="cviceni.StringBuilderAndBufferTest"/>
  <testcase name="testBufferAppendDelete" time="0,001" classname="cviceni.StringBuilderAndBufferTest"/>
  <testcase name="testBuilderAppend" time="0,000" classname="cviceni.StringBuilderAndBufferTest"/>
  <testcase name="testBuilderAppendDelete" time="0,000" classname="cviceni.StringBuilderAndBufferTest"/>
  <testcase name="testBuilderAppendDelete" time="0,000" classname="cviceni.StringBuilderAndBufferTest"/>
  <testcase name="testBufferAppendDelete" time="0,001" classname="cviceni.StringBuilderAndBufferTest"/>
  <testcase name="testBuilderAppend" time="0,000" classname="cviceni.StringBuilderAndBufferTest"/>
  <testcase name="testBuilderAppendDelete" time="0,000" classname="cviceni.StringBuilderAndBufferTest"/>
  <testcase name="testBuilderAppend" time="0,000" classname="cviceni.StringBuilderAndBufferTest"/>
  <testcase name="testBufferAppend" time="0,001" classname="cviceni.StringBuilderAndBufferTest"/>
  <testcase name="testBufferAppendDelete" time="0,001" classname="cviceni.StringBuilderAndBufferTest"/>
  <testcase name="testBufferAppendDelete" time="0,000" classname="cviceni.StringBuilderAndBufferTest"/>
  <testcase name="testBufferAppendDelete" time="0,001" classname="cviceni.StringBuilderAndBufferTest"/>
  <testcase name="testBufferAppendDelete" time="0,000" classname="cviceni.StringBuilderAndBufferTest"/>
  <testcase name="testBufferAppend" time="0,000" classname="cviceni.StringBuilderAndBufferTest"/>
  <testcase name="testBufferAppend" time="0,001" classname="cviceni.StringBuilderAndBufferTest"/>
  <testcase name="testBuilderAppendDelete" time="0,001" classname="cviceni.StringBuilderAndBufferTest"/>
  <testcase name="testBufferAppendDelete" time="0,000" classname="cviceni.StringBuilderAndBufferTest"/>
  <testcase name="testBufferAppend" time="0,000" classname="cviceni.StringBuilderAndBufferTest"/>
  <testcase name="testBuilderAppendDelete" time="0,000" classname="cviceni.StringBuilderAndBufferTest"/>
  <testcase name="testBuilderAppendDelete" time="0,001" classname="cviceni.StringBuilderAndBufferTest"/>
  <testcase name="testBufferAppendDelete" time="0,000" classname="cviceni.StringBuilderAndBufferTest"/>
  <testcase name="testBufferAppendDelete" time="0,000" classname="cviceni.StringBuilderAndBufferTest"/>
  <testcase name="testBuilderAppendDelete" time="0,000" classname="cviceni.StringBuilderAndBufferTest"/>
  <testcase name="testBufferAppendDelete" time="0,000" classname="cviceni.StringBuilderAndBufferTest"/>
  <testcase name="testBuilderAppend" time="0,000" classname="cviceni.StringBuilderAndBufferTest"/>
  <testcase name="testBuilderAppend" time="0,000" classname="cviceni.StringBuilderAndBufferTest"/>
  <testcase name="testBuilderAppend" time="0,001" classname="cviceni.StringBuilderAndBufferTest"/>
  <testcase name="testBuilderAppend" time="0,000" classname="cviceni.StringBuilderAndBufferTest"/>
  <testcase name="testBuilderAppendDelete" time="0,001" classname="cviceni.StringBuilderAndBufferTest"/>
  <testcase name="testBufferAppend" time="0,001" classname="cviceni.StringBuilderAndBufferTest"/>
  <testcase name="testBufferAppendDelete" time="0,000" classname="cviceni.StringBuilderAndBufferTest"/>
  <testcase name="testBufferAppendDelete" time="0,000" classname="cviceni.StringBuilderAndBufferTest"/>
  <testcase name="testBuilderAppend" time="0,000" classname="cviceni.StringBuilderAndBufferTest"/>
  <testcase name="testBuilderAppend" time="0,000" classname="cviceni.StringBuilderAndBufferTest"/>
  <testcase name="testBuilderAppendDelete" time="0,000" classname="cviceni.StringBuilderAndBufferTest"/>
  <testcase name="testBuilderAppend" time="0,001" classname="cviceni.StringBuilderAndBufferTest"/>
  <testcase name="testBufferAppendDelete" time="0,000" classname="cviceni.StringBuilderAndBufferTest"/>
  <testcase name="testBufferAppendDelete" time="0,000" classname="cviceni.StringBuilderAndBufferTest"/>
  <testcase name="testBuilderAppend" time="0,001" classname="cviceni.StringBuilderAndBufferTest"/>
  <testcase name="testBuilderAppendDelete" time="0,000" classname="cviceni.StringBuilderAndBufferTest"/>
  <testcase name="testBuilderAppendDelete" time="0,000" classname="cviceni.StringBuilderAndBufferTest"/>
  <testcase name="testBuilderAppendDelete" time="0,000" classname="cviceni.StringBuilderAndBufferTest"/>
  <testcase name="testBufferAppendDelete" time="0,000" classname="cviceni.StringBuilderAndBufferTest"/>
  <testcase name="testBufferAppendDelete" time="0,000" classname="cviceni.StringBuilderAndBufferTest"/>
  <testcase name="testBuilderAppendDelete" time="0,001" classname="cviceni.StringBuilderAndBufferTest"/>
  <testcase name="testBufferAppendDelete" time="0,000" classname="cviceni.StringBuilderAndBufferTest"/>
  <testcase name="testBuilderAppend" time="0,000" classname="cviceni.StringBuilderAndBufferTest"/>
  <testcase name="testBufferAppend" time="0,000" classname="cviceni.StringBuilderAndBufferTest"/>
  <testcase name="testBufferAppendDelete" time="0,000" classname="cviceni.StringBuilderAndBufferTest"/>
  <testcase name="testBuilderAppendDelete" time="0,000" classname="cviceni.StringBuilderAndBufferTest"/>
  <testcase name="testBufferAppendDelete" time="0,000" classname="cviceni.StringBuilderAndBufferTest"/>
  <testcase name="testBufferAppend" time="0,000" classname="cviceni.StringBuilderAndBufferTest"/>
  <testcase name="testBuilderAppendDelete" time="0,000" classname="cviceni.StringBuilderAndBufferTest"/>
  <testcase name="testBufferAppend" time="0,000" classname="cviceni.StringBuilderAndBufferTest"/>
  <testcase name="testBufferAppendDelete" time="0,001" classname="cviceni.StringBuilderAndBufferTest"/>
  <testcase name="testBufferAppend" time="0,000" classname="cviceni.StringBuilderAndBufferTest"/>
  <testcase name="testBufferAppendDelete" time="0,000" classname="cviceni.StringBuilderAndBufferTest"/>
  <testcase name="testBuilderAppendDelete" time="0,000" classname="cviceni.StringBuilderAndBufferTest"/>
  <testcase name="testBufferAppendDelete" time="0,000" classname="cviceni.StringBuilderAndBufferTest"/>
  <testcase name="testBufferAppendDelete" time="0,001" classname="cviceni.StringBuilderAndBufferTest"/>
  <testcase name="testBufferAppendDelete" time="0,000" classname="cviceni.StringBuilderAndBufferTest"/>
  <testcase name="testBufferAppendDelete" time="0,001" classname="cviceni.StringBuilderAndBufferTest"/>
  <testcase name="testBuilderAppend" time="0,000" classname="cviceni.StringBuilderAndBufferTest"/>
  <testcase name="testBuilderAppendDelete" time="0,000" classname="cviceni.StringBuilderAndBufferTest"/>
  <testcase name="testBufferAppend" time="0,000" classname="cviceni.StringBuilderAndBufferTest"/>
  <testcase name="testBufferAppend" time="0,000" classname="cviceni.StringBuilderAndBufferTest"/>
  <testcase name="testBuilderAppend" time="0,000" classname="cviceni.StringBuilderAndBufferTest"/>
  <testcase name="testBuilderAppendDelete" time="0,014" classname="cviceni.StringBuilderAndBufferTest"/>
  <testcase name="testBufferAppendDelete" time="0,001" classname="cviceni.StringBuilderAndBufferTest"/>
  <testcase name="testBuilderAppendDelete" time="0,001" classname="cviceni.StringBuilderAndBufferTest"/>
  <testcase name="testBufferAppendDelete" time="0,000" classname="cviceni.StringBuilderAndBufferTest"/>
  <testcase name="testBufferAppendDelete" time="0,000" classname="cviceni.StringBuilderAndBufferTest"/>
  <testcase name="testBuilderAppend" time="0,000" classname="cviceni.StringBuilderAndBufferTest"/>
  <testcase name="testBuilderAppendDelete" time="0,001" classname="cviceni.StringBuilderAndBufferTest"/>
  <testcase name="testBuilderAppendDelete" time="0,001" classname="cviceni.StringBuilderAndBufferTest"/>
  <testcase name="testBufferAppend" time="0,000" classname="cviceni.StringBuilderAndBufferTest"/>
  <testcase name="testBufferAppendDelete" time="0,000" classname="cviceni.StringBuilderAndBufferTest"/>
  <testcase name="testBufferAppend" time="0,000" classname="cviceni.StringBuilderAndBufferTest"/>
  <testcase name="testBuilderAppendDelete" time="0,000" classname="cviceni.StringBuilderAndBufferTest"/>
  <testcase name="testBufferAppendDelete" time="0,000" classname="cviceni.StringBuilderAndBufferTest"/>
  <testcase name="testBuilderAppend" time="0,001" classname="cviceni.StringBuilderAndBufferTest"/>
  <testcase name="testBuilderAppendDelete" time="0,000" classname="cviceni.StringBuilderAndBufferTest"/>
  <testcase name="testBufferAppend" time="0,001" classname="cviceni.StringBuilderAndBufferTest"/>
  <testcase name="testBuilderAppend" time="0,000" classname="cviceni.StringBuilderAndBufferTest"/>
  <testcase name="testBufferAppendDelete" time="0,000" classname="cviceni.StringBuilderAndBufferTest"/>
  <testcase name="testBuilderAppend" time="0,001" classname="cviceni.StringBuilderAndBufferTest"/>
  <testcase name="testBuilderAppendDelete" time="0,001" classname="cviceni.StringBuilderAndBufferTest"/>
  <testcase name="testBufferAppendDelete" time="0,000" classname="cviceni.StringBuilderAndBufferTest"/>
  <testcase name="testBufferAppend" time="0,000" classname="cviceni.StringBuilderAndBufferTest"/>
  <testcase name="testBufferAppend" time="0,000" classname="cviceni.StringBuilderAndBufferTest"/>
  <testcase name="testBufferAppendDelete" time="0,000" classname="cviceni.StringBuilderAndBufferTest"/>
  <testcase name="testBufferAppend" time="0,000" classname="cviceni.StringBuilderAndBufferTest"/>
  <testcase name="testBufferAppendDelete" time="0,000" classname="cviceni.StringBuilderAndBufferTest"/>
  <testcase name="testBuilderAppend" time="0,000" classname="cviceni.StringBuilderAndBufferTest"/>
  <testcase name="testBuilderAppendDelete" time="0,001" classname="cviceni.StringBuilderAndBufferTest"/>
  <testcase name="testBufferAppendDelete" time="0,000" classname="cviceni.StringBuilderAndBufferTest"/>
  <testcase name="testBuilderAppend" time="0,001" classname="cviceni.StringBuilderAndBufferTest"/>
  <testcase name="testBufferAppend" time="0,000" classname="cviceni.StringBuilderAndBufferTest"/>
  <testcase name="testBuilderAppendDelete" time="0,000" classname="cviceni.StringBuilderAndBufferTest"/>
  <testcase name="testBuilderAppend" time="0,000" classname="cviceni.StringBuilderAndBufferTest"/>
  <testcase name="testBufferAppend" time="0,000" classname="cviceni.StringBuilderAndBufferTest"/>
  <testcase name="testBuilderAppendDelete" time="0,001" classname="cviceni.StringBuilderAndBufferTest"/>
  <testcase name="testBuilderAppend" time="0,000" classname="cviceni.StringBuilderAndBufferTest"/>
  <testcase name="testBuilderAppend" time="0,000" classname="cviceni.StringBuilderAndBufferTest"/>
  <testcase name="testBuilderAppendDelete" time="0,000" classname="cviceni.StringBuilderAndBufferTest"/>
  <testcase name="testBufferAppendDelete" time="0,000" classname="cviceni.StringBuilderAndBufferTest"/>
  <testcase name="testBuilderAppendDelete" time="0,000" classname="cviceni.StringBuilderAndBufferTest"/>
  <testcase name="testBufferAppendDelete" time="0,000" classname="cviceni.StringBuilderAndBufferTest"/>
  <testcase name="testBuilderAppendDelete" time="0,000" classname="cviceni.StringBuilderAndBufferTest"/>
  <testcase name="testBuilderAppend" time="0,001" classname="cviceni.StringBuilderAndBufferTest"/>
  <testcase name="testBuilderAppend" time="0,000" classname="cviceni.StringBuilderAndBufferTest"/>
  <testcase name="testBufferAppend" time="0,001" classname="cviceni.StringBuilderAndBufferTest"/>
  <testcase name="testBufferAppend" time="0,001" classname="cviceni.StringBuilderAndBufferTest"/>
  <testcase name="testBuilderAppendDelete" time="0,000" classname="cviceni.StringBuilderAndBufferTest"/>
  <testcase name="testBuilderAppend" time="0,000" classname="cviceni.StringBuilderAndBufferTest"/>
  <testcase name="testBuilderAppendDelete" time="0,000" classname="cviceni.StringBuilderAndBufferTest"/>
  <testcase name="testBufferAppend" time="0,000" classname="cviceni.StringBuilderAndBufferTest"/>
  <testcase name="testBuilderAppendDelete" time="0,000" classname="cviceni.StringBuilderAndBufferTest"/>
  <testcase name="testBufferAppendDelete" time="0,000" classname="cviceni.StringBuilderAndBufferTest"/>
  <testcase name="testBufferAppendDelete" time="0,000" classname="cviceni.StringBuilderAndBufferTest"/>
  <testcase name="testBuilderAppend" time="0,000" classname="cviceni.StringBuilderAndBufferTest"/>
  <testcase name="testBuilderAppend" time="0,001" classname="cviceni.StringBuilderAndBufferTest"/>
  <testcase name="testBufferAppend" time="0,000" classname="cviceni.StringBuilderAndBufferTest"/>
  <testcase name="testBufferAppend" time="0,000" classname="cviceni.StringBuilderAndBufferTest"/>
  <testcase name="testBuilderAppend" time="0,000" classname="cviceni.StringBuilderAndBufferTest"/>
  <testcase name="testBuilderAppendDelete" time="0,000" classname="cviceni.StringBuilderAndBufferTest"/>
  <testcase name="testBuilderAppendDelete" time="0,000" classname="cviceni.StringBuilderAndBufferTest"/>
  <testcase name="testBufferAppend" time="0,000" classname="cviceni.StringBuilderAndBufferTest"/>
  <testcase name="testBuilderAppendDelete" time="0,000" classname="cviceni.StringBuilderAndBufferTest"/>
  <testcase name="testBufferAppend" time="0,000" classname="cviceni.StringBuilderAndBufferTest"/>
  <testcase name="testBufferAppendDelete" time="0,300" classname="cviceni.StringBuilderAndBufferTest"/>
  <testcase name="testBufferAppend" time="0,000" classname="cviceni.StringBuilderAndBufferTest"/>
  <testcase name="testBuilderAppendDelete" time="0,000" classname="cviceni.StringBuilderAndBufferTest"/>
  <testcase name="testBuilderAppendDelete" time="0,001" classname="cviceni.StringBuilderAndBufferTest"/>
  <testcase name="testBuilderAppendDelete" time="0,000" classname="cviceni.StringBuilderAndBufferTest"/>
  <testcase name="testBuilderAppend" time="0,000" classname="cviceni.StringBuilderAndBufferTest"/>
  <testcase name="testBuilderAppend" time="0,000" classname="cviceni.StringBuilderAndBufferTest"/>
  <testcase name="testBufferAppendDelete" time="0,000" classname="cviceni.StringBuilderAndBufferTest"/>
  <testcase name="testBuilderAppendDelete" time="0,000" classname="cviceni.StringBuilderAndBufferTest"/>
  <testcase name="testBufferAppendDelete" time="0,001" classname="cviceni.StringBuilderAndBufferTest"/>
  <testcase name="testBuilderAppend" time="0,000" classname="cviceni.StringBuilderAndBufferTest"/>
  <testcase name="testBuilderAppend" time="0,000" classname="cviceni.StringBuilderAndBufferTest"/>
  <testcase name="testBuilderAppendDelete" time="0,000" classname="cviceni.StringBuilderAndBufferTest"/>
  <testcase name="testBufferAppendDelete" time="0,000" classname="cviceni.StringBuilderAndBufferTest"/>
  <testcase name="testBufferAppendDelete" time="0,001" classname="cviceni.StringBuilderAndBufferTest"/>
  <testcase name="testBuilderAppendDelete" time="0,000" classname="cviceni.StringBuilderAndBufferTest"/>
  <testcase name="testBufferAppendDelete" time="0,000" classname="cviceni.StringBuilderAndBufferTest"/>
  <testcase name="testBufferAppend" time="0,001" classname="cviceni.StringBuilderAndBufferTest"/>
  <testcase name="testBufferAppend" time="0,000" classname="cviceni.StringBuilderAndBufferTest"/>
  <testcase name="testBufferAppendDelete" time="0,001" classname="cviceni.StringBuilderAndBufferTest"/>
  <testcase name="testBufferAppendDelete" time="0,000" classname="cviceni.StringBuilderAndBufferTest"/>
  <testcase name="testBufferAppendDelete" time="0,000" classname="cviceni.StringBuilderAndBufferTest"/>
  <testcase name="testBuilderAppendDelete" time="0,001" classname="cviceni.StringBuilderAndBufferTest"/>
  <testcase name="testBuilderAppend" time="0,000" classname="cviceni.StringBuilderAndBufferTest"/>
  <testcase name="testBuilderAppend" time="0,000" classname="cviceni.StringBuilderAndBufferTest"/>
  <testcase name="testBuilderAppend" time="0,001" classname="cviceni.StringBuilderAndBufferTest"/>
  <testcase name="testBuilderAppendDelete" time="0,000" classname="cviceni.StringBuilderAndBufferTest"/>
  <testcase name="testBufferAppend" time="0,000" classname="cviceni.StringBuilderAndBufferTest"/>
  <testcase name="testBufferAppendDelete" time="0,000" classname="cviceni.StringBuilderAndBufferTest"/>
  <testcase name="testBuilderAppendDelete" time="0,000" classname="cviceni.StringBuilderAndBufferTest"/>
  <testcase name="testBuilderAppend" time="0,000" classname="cviceni.StringBuilderAndBufferTest"/>
  <testcase name="testBuilderAppend" time="0,001" classname="cviceni.StringBuilderAndBufferTest"/>
  <testcase name="testBufferAppend" time="0,001" classname="cviceni.StringBuilderAndBufferTest"/>
  <testcase name="testBuilderAppend" time="0,000" classname="cviceni.StringBuilderAndBufferTest"/>
  <testcase name="testBufferAppendDelete" time="0,000" classname="cviceni.StringBuilderAndBufferTest"/>
  <testcase name="testBufferAppendDelete" time="0,004" classname="cviceni.StringBuilderAndBufferTest"/>
  <testcase name="testBufferAppendDelete" time="0,000" classname="cviceni.StringBuilderAndBufferTest"/>
  <testcase name="testBuilderAppendDelete" time="0,000" classname="cviceni.StringBuilderAndBufferTest"/>
  <testcase name="testBufferAppend" time="0,001" classname="cviceni.StringBuilderAndBufferTest"/>
  <testcase name="testBufferAppendDelete" time="0,000" classname="cviceni.StringBuilderAndBufferTest"/>
  <testcase name="testBuilderAppendDelete" time="0,000" classname="cviceni.StringBuilderAndBufferTest"/>
  <testcase name="testBuilderAppendDelete" time="0,000" classname="cviceni.StringBuilderAndBufferTest"/>
  <testcase name="testBuilderAppend" time="0,000" classname="cviceni.StringBuilderAndBufferTest"/>
  <testcase name="testBuilderAppend" time="0,000" classname="cviceni.StringBuilderAndBufferTest"/>
  <testcase name="testBufferAppend" time="0,000" classname="cviceni.StringBuilderAndBufferTest"/>
  <testcase name="testBufferAppend" time="0,000" classname="cviceni.StringBuilderAndBufferTest"/>
  <testcase name="testBufferAppendDelete" time="0,001" classname="cviceni.StringBuilderAndBufferTest"/>
  <testcase name="testBuilderAppendDelete" time="0,000" classname="cviceni.StringBuilderAndBufferTest"/>
  <testcase name="testBufferAppendDelete" time="0,000" classname="cviceni.StringBuilderAndBufferTest"/>
  <testcase name="testBufferAppend" time="0,001" classname="cviceni.StringBuilderAndBufferTest"/>
  <testcase name="testBufferAppendDelete" time="0,000" classname="cviceni.StringBuilderAndBufferTest"/>
  <testcase name="testBuilderAppend" time="0,000" classname="cviceni.StringBuilderAndBufferTest"/>
  <testcase name="testBufferAppendDelete" time="0,000" classname="cviceni.StringBuilderAndBufferTest"/>
  <testcase name="testBuilderAppend" time="0,001" classname="cviceni.StringBuilderAndBufferTest"/>
  <testcase name="testBufferAppendDelete" time="0,000" classname="cviceni.StringBuilderAndBufferTest"/>
  <testcase name="testBuilderAppend" time="0,001" classname="cviceni.StringBuilderAndBufferTest"/>
  <testcase name="testBufferAppendDelete" time="0,001" classname="cviceni.StringBuilderAndBufferTest"/>
  <testcase name="testBuilderAppendDelete" time="0,001" classname="cviceni.StringBuilderAndBufferTest"/>
  <testcase name="testBufferAppend" time="0,001" classname="cviceni.StringBuilderAndBufferTest"/>
  <testcase name="testBufferAppendDelete" time="0,000" classname="cviceni.StringBuilderAndBufferTest"/>
  <testcase name="testBuilderAppend" time="0,000" classname="cviceni.StringBuilderAndBufferTest"/>
  <testcase name="testBufferAppendDelete" time="0,000" classname="cviceni.StringBuilderAndBufferTest"/>
  <testcase name="testBufferAppendDelete" time="0,000" classname="cviceni.StringBuilderAndBufferTest"/>
  <testcase name="testBuilderAppend" time="0,000" classname="cviceni.StringBuilderAndBufferTest"/>
  <testcase name="testBuilderAppend" time="0,000" classname="cviceni.StringBuilderAndBufferTest"/>
  <testcase name="testBufferAppend" time="0,000" classname="cviceni.StringBuilderAndBufferTest"/>
  <testcase name="testBufferAppendDelete" time="0,078" classname="cviceni.StringBuilderAndBufferTest"/>
  <testcase name="testBufferAppend" time="0,000" classname="cviceni.StringBuilderAndBufferTest"/>
  <testcase name="testBufferAppend" time="0,000" classname="cviceni.StringBuilderAndBufferTest"/>
  <testcase name="testBufferAppendDelete" time="0,001" classname="cviceni.StringBuilderAndBufferTest"/>
  <testcase name="testBufferAppendDelete" time="0,001" classname="cviceni.StringBuilderAndBufferTest"/>
  <testcase name="testBuilderAppend" time="0,000" classname="cviceni.StringBuilderAndBufferTest"/>
  <testcase name="testBufferAppendDelete" time="0,001" classname="cviceni.StringBuilderAndBufferTest"/>
  <testcase name="testBuilderAppend" time="0,000" classname="cviceni.StringBuilderAndBufferTest"/>
  <testcase name="testBufferAppend" time="0,000" classname="cviceni.StringBuilderAndBufferTest"/>
  <testcase name="testBuilderAppend" time="0,001" classname="cviceni.StringBuilderAndBufferTest"/>
  <testcase name="testBufferAppend" time="0,001" classname="cviceni.StringBuilderAndBufferTest"/>
  <testcase name="testBufferAppendDelete" time="0,000" classname="cviceni.StringBuilderAndBufferTest"/>
  <testcase name="testBufferAppendDelete" time="0,000" classname="cviceni.StringBuilderAndBufferTest"/>
  <testcase name="testBuilderAppendDelete" time="0,000" classname="cviceni.StringBuilderAndBufferTest"/>
  <testcase name="testBuilderAppendDelete" time="0,050" classname="cviceni.StringBuilderAndBufferTest"/>
  <testcase name="testBuilderAppendDelete" time="0,000" classname="cviceni.StringBuilderAndBufferTest"/>
  <testcase name="testBufferAppend" time="0,000" classname="cviceni.StringBuilderAndBufferTest"/>
  <testcase name="testBuilderAppend" time="0,001" classname="cviceni.StringBuilderAndBufferTest"/>
  <testcase name="testBuilderAppend" time="0,001" classname="cviceni.StringBuilderAndBufferTest"/>
  <testcase name="testBufferAppendDelete" time="0,001" classname="cviceni.StringBuilderAndBufferTest"/>
  <testcase name="testBuilderAppendDelete" time="0,001" classname="cviceni.StringBuilderAndBufferTest"/>
  <testcase name="testBufferAppend" time="0,000" classname="cviceni.StringBuilderAndBufferTest"/>
  <testcase name="testBufferAppend" time="0,002" classname="cviceni.StringBuilderAndBufferTest"/>
  <testcase name="testBuilderAppendDelete" time="0,001" classname="cviceni.StringBuilderAndBufferTest"/>
  <testcase name="testBuilderAppendDelete" time="0,000" classname="cviceni.StringBuilderAndBufferTest"/>
  <testcase name="testBuilderAppend" time="0,001" classname="cviceni.StringBuilderAndBufferTest"/>
  <testcase name="testBufferAppendDelete" time="0,001" classname="cviceni.StringBuilderAndBufferTest"/>
  <testcase name="testBufferAppend" time="0,000" classname="cviceni.StringBuilderAndBufferTest"/>
  <testcase name="testBufferAppend" time="0,001" classname="cviceni.StringBuilderAndBufferTest"/>
  <testcase name="testBuilderAppend" time="0,000" classname="cviceni.StringBuilderAndBufferTest"/>
  <testcase name="testBuilderAppend" time="0,000" classname="cviceni.StringBuilderAndBufferTest"/>
  <testcase name="testBuilderAppendDelete" time="0,000" classname="cviceni.StringBuilderAndBufferTest"/>
  <testcase name="testBuilderAppendDelete" time="0,000" classname="cviceni.StringBuilderAndBufferTest"/>
  <testcase name="testBuilderAppendDelete" time="0,001" classname="cviceni.StringBuilderAndBufferTest"/>
  <testcase name="testBuilderAppend" time="0,000" classname="cviceni.StringBuilderAndBufferTest"/>
  <testcase name="testBufferAppend" time="0,000" classname="cviceni.StringBuilderAndBufferTest"/>
  <testcase name="testBuilderAppendDelete" time="0,000" classname="cviceni.StringBuilderAndBufferTest"/>
  <testcase name="testBuilderAppend" time="0,000" classname="cviceni.StringBuilderAndBufferTest"/>
  <testcase name="testBuilderAppend" time="0,000" classname="cviceni.StringBuilderAndBufferTest"/>
  <testcase name="testBufferAppendDelete" time="0,000" classname="cviceni.StringBuilderAndBufferTest"/>
  <testcase name="testBufferAppendDelete" time="0,000" classname="cviceni.StringBuilderAndBufferTest"/>
  <testcase name="testBufferAppend" time="0,000" classname="cviceni.StringBuilderAndBufferTest"/>
  <testcase name="testBufferAppend" time="0,000" classname="cviceni.StringBuilderAndBufferTest"/>
  <testcase name="testBufferAppend" time="0,000" classname="cviceni.StringBuilderAndBufferTest"/>
  <testcase name="testBuilderAppend" time="0,000" classname="cviceni.StringBuilderAndBufferTest"/>
  <testcase name="testBuilderAppend" time="0,000" classname="cviceni.StringBuilderAndBufferTest"/>
  <testcase name="testBufferAppendDelete" time="0,000" classname="cviceni.StringBuilderAndBufferTest"/>
  <testcase name="testBuilderAppend" time="0,001" classname="cviceni.StringBuilderAndBufferTest"/>
  <testcase name="testBufferAppend" time="0,001" classname="cviceni.StringBuilderAndBufferTest"/>
  <testcase name="testBufferAppend" time="0,000" classname="cviceni.StringBuilderAndBufferTest"/>
  <testcase name="testBuilderAppend" time="0,001" classname="cviceni.StringBuilderAndBufferTest"/>
  <testcase name="testBuilderAppendDelete" time="0,001" classname="cviceni.StringBuilderAndBufferTest"/>
  <testcase name="testBufferAppendDelete" time="0,000" classname="cviceni.StringBuilderAndBufferTest"/>
  <testcase name="testBuilderAppendDelete" time="0,000" classname="cviceni.StringBuilderAndBufferTest"/>
  <testcase name="testBufferAppendDelete" time="0,000" classname="cviceni.StringBuilderAndBufferTest"/>
  <testcase name="testBuilderAppend" time="0,000" classname="cviceni.StringBuilderAndBufferTest"/>
  <testcase name="testBufferAppend" time="0,000" classname="cviceni.StringBuilderAndBufferTest"/>
  <testcase name="testBuilderAppend" time="0,000" classname="cviceni.StringBuilderAndBufferTest"/>
  <testcase name="testBuilderAppendDelete" time="0,000" classname="cviceni.StringBuilderAndBufferTest"/>
  <testcase name="testBuilderAppendDelete" time="0,000" classname="cviceni.StringBuilderAndBufferTest"/>
  <testcase name="testBuilderAppendDelete" time="0,001" classname="cviceni.StringBuilderAndBufferTest"/>
  <testcase name="testBufferAppendDelete" time="0,000" classname="cviceni.StringBuilderAndBufferTest"/>
  <testcase name="testBufferAppendDelete" time="0,001" classname="cviceni.StringBuilderAndBufferTest"/>
  <testcase name="testBuilderAppendDelete" time="0,000" classname="cviceni.StringBuilderAndBufferTest"/>
  <testcase name="testBufferAppend" time="0,000" classname="cviceni.StringBuilderAndBufferTest"/>
  <testcase name="testBuilderAppend" time="0,001" classname="cviceni.StringBuilderAndBufferTest"/>
  <testcase name="testBuilderAppend" time="0,000" classname="cviceni.StringBuilderAndBufferTest"/>
  <testcase name="testBuilderAppendDelete" time="0,000" classname="cviceni.StringBuilderAndBufferTest"/>
  <testcase name="testBuilderAppend" time="0,000" classname="cviceni.StringBuilderAndBufferTest"/>
  <testcase name="testBuilderAppendDelete" time="0,000" classname="cviceni.StringBuilderAndBufferTest"/>
  <testcase name="testBuilderAppend" time="0,000" classname="cviceni.StringBuilderAndBufferTest"/>
  <testcase name="testBufferAppend" time="0,000" classname="cviceni.StringBuilderAndBufferTest"/>
  <testcase name="testBufferAppend" time="0,000" classname="cviceni.StringBuilderAndBufferTest"/>
  <testcase name="testBufferAppendDelete" time="0,000" classname="cviceni.StringBuilderAndBufferTest"/>
  <testcase name="testBuilderAppend" time="0,001" classname="cviceni.StringBuilderAndBufferTest"/>
  <testcase name="testBuilderAppend" time="0,000" classname="cviceni.StringBuilderAndBufferTest"/>
  <testcase name="testBufferAppend" time="0,000" classname="cviceni.StringBuilderAndBufferTest"/>
  <testcase name="testBuilderAppend" time="0,000" classname="cviceni.StringBuilderAndBufferTest"/>
  <testcase name="testBufferAppendDelete" time="0,000" classname="cviceni.StringBuilderAndBufferTest"/>
  <testcase name="testBuilderAppend" time="0,000" classname="cviceni.StringBuilderAndBufferTest"/>
  <testcase name="testBufferAppendDelete" time="0,000" classname="cviceni.StringBuilderAndBufferTest"/>
  <testcase name="testBuilderAppendDelete" time="0,001" classname="cviceni.StringBuilderAndBufferTest"/>
  <testcase name="testBuilderAppendDelete" time="0,000" classname="cviceni.StringBuilderAndBufferTest"/>
  <testcase name="testBuilderAppendDelete" time="0,001" classname="cviceni.StringBuilderAndBufferTest"/>
  <testcase name="testBufferAppend" time="0,000" classname="cviceni.StringBuilderAndBufferTest"/>
  <testcase name="testBuilderAppend" time="0,000" classname="cviceni.StringBuilderAndBufferTest"/>
  <testcase name="testBufferAppend" time="0,000" classname="cviceni.StringBuilderAndBufferTest"/>
  <testcase name="testBufferAppendDelete" time="0,000" classname="cviceni.StringBuilderAndBufferTest"/>
  <testcase name="testBuilderAppendDelete" time="0,000" classname="cviceni.StringBuilderAndBufferTest"/>
  <testcase name="testBufferAppendDelete" time="0,001" classname="cviceni.StringBuilderAndBufferTest"/>
  <testcase name="testBuilderAppend" time="0,000" classname="cviceni.StringBuilderAndBufferTest"/>
  <testcase name="testBufferAppend" time="0,001" classname="cviceni.StringBuilderAndBufferTest"/>
  <testcase name="testBufferAppend" time="0,000" classname="cviceni.StringBuilderAndBufferTest"/>
  <testcase name="testBufferAppend" time="0,000" classname="cviceni.StringBuilderAndBufferTest"/>
  <testcase name="testBuilderAppend" time="0,001" classname="cviceni.StringBuilderAndBufferTest"/>
  <testcase name="testBuilderAppend" time="0,000" classname="cviceni.StringBuilderAndBufferTest"/>
  <testcase name="testBuilderAppend" time="0,000" classname="cviceni.StringBuilderAndBufferTest"/>
  <testcase name="testBufferAppendDelete" time="0,000" classname="cviceni.StringBuilderAndBufferTest"/>
  <testcase name="testBufferAppendDelete" time="0,000" classname="cviceni.StringBuilderAndBufferTest"/>
  <testcase name="testBufferAppendDelete" time="0,000" classname="cviceni.StringBuilderAndBufferTest"/>
  <testcase name="testBuilderAppend" time="0,000" classname="cviceni.StringBuilderAndBufferTest"/>
  <testcase name="testBuilderAppendDelete" time="0,000" classname="cviceni.StringBuilderAndBufferTest"/>
  <testcase name="testBuilderAppend" time="0,000" classname="cviceni.StringBuilderAndBufferTest"/>
  <testcase name="testBuilderAppend" time="0,001" classname="cviceni.StringBuilderAndBufferTest"/>
  <testcase name="testBuilderAppend" time="0,000" classname="cviceni.StringBuilderAndBufferTest"/>
  <testcase name="testBuilderAppendDelete" time="0,001" classname="cviceni.StringBuilderAndBufferTest"/>
  <testcase name="testBufferAppendDelete" time="0,000" classname="cviceni.StringBuilderAndBufferTest"/>
  <testcase name="testBuilderAppendDelete" time="0,001" classname="cviceni.StringBuilderAndBufferTest"/>
  <testcase name="testBufferAppendDelete" time="0,000" classname="cviceni.StringBuilderAndBufferTest"/>
  <testcase name="testBuilderAppend" time="0,001" classname="cviceni.StringBuilderAndBufferTest"/>
  <testcase name="testBufferAppendDelete" time="0,000" classname="cviceni.StringBuilderAndBufferTest"/>
  <testcase name="testBuilderAppend" time="0,001" classname="cviceni.StringBuilderAndBufferTest"/>
  <testcase name="testBufferAppend" time="0,000" classname="cviceni.StringBuilderAndBufferTest"/>
  <testcase name="testBufferAppendDelete" time="0,000" classname="cviceni.StringBuilderAndBufferTest"/>
  <testcase name="testBufferAppendDelete" time="0,001" classname="cviceni.StringBuilderAndBufferTest"/>
  <testcase name="testBufferAppendDelete" time="0,001" classname="cviceni.StringBuilderAndBufferTest"/>
  <testcase name="testBufferAppend" time="0,000" classname="cviceni.StringBuilderAndBufferTest"/>
  <testcase name="testBuilderAppend" time="0,001" classname="cviceni.StringBuilderAndBufferTest"/>
  <testcase name="testBuilderAppend" time="0,000" classname="cviceni.StringBuilderAndBufferTest"/>
  <testcase name="testBufferAppend" time="0,001" classname="cviceni.StringBuilderAndBufferTest"/>
  <testcase name="testBufferAppendDelete" time="0,001" classname="cviceni.StringBuilderAndBufferTest"/>
  <testcase name="testBuilderAppend" time="0,001" classname="cviceni.StringBuilderAndBufferTest"/>
  <testcase name="testBuilderAppend" time="0,000" classname="cviceni.StringBuilderAndBufferTest"/>
  <testcase name="testBufferAppendDelete" time="0,000" classname="cviceni.StringBuilderAndBufferTest"/>
  <testcase name="testBuilderAppendDelete" time="0,000" classname="cviceni.StringBuilderAndBufferTest"/>
  <testcase name="testBufferAppend" time="0,000" classname="cviceni.StringBuilderAndBufferTest"/>
  <testcase name="testBuilderAppend" time="0,000" classname="cviceni.StringBuilderAndBufferTest"/>
  <testcase name="testBuilderAppend" time="0,000" classname="cviceni.StringBuilderAndBufferTest"/>
  <testcase name="testBuilderAppendDelete" time="0,000" classname="cviceni.StringBuilderAndBufferTest"/>
  <testcase name="testBuilderAppendDelete" time="0,001" classname="cviceni.StringBuilderAndBufferTest"/>
  <testcase name="testBuilderAppendDelete" time="0,000" classname="cviceni.StringBuilderAndBufferTest"/>
  <testcase name="testBuilderAppend" time="0,000" classname="cviceni.StringBuilderAndBufferTest"/>
  <testcase name="testBuilderAppendDelete" time="0,000" classname="cviceni.StringBuilderAndBufferTest"/>
  <testcase name="testBuilderAppend" time="0,000" classname="cviceni.StringBuilderAndBufferTest"/>
  <testcase name="testBuilderAppendDelete" time="0,001" classname="cviceni.StringBuilderAndBufferTest"/>
  <testcase name="testBufferAppend" time="0,000" classname="cviceni.StringBuilderAndBufferTest"/>
  <testcase name="testBufferAppendDelete" time="0,000" classname="cviceni.StringBuilderAndBufferTest"/>
  <testcase name="testBuilderAppendDelete" time="0,028" classname="cviceni.StringBuilderAndBufferTest"/>
  <testcase name="testBuilderAppendDelete" time="0,001" classname="cviceni.StringBuilderAndBufferTest"/>
  <testcase name="testBuilderAppendDelete" time="0,000" classname="cviceni.StringBuilderAndBufferTest"/>
  <testcase name="testBuilderAppend" time="0,001" classname="cviceni.StringBuilderAndBufferTest"/>
  <testcase name="testBufferAppend" time="0,000" classname="cviceni.StringBuilderAndBufferTest"/>
  <testcase name="testBufferAppend" time="0,000" classname="cviceni.StringBuilderAndBufferTest"/>
  <testcase name="testBufferAppend" time="0,000" classname="cviceni.StringBuilderAndBufferTest"/>
  <testcase name="testBufferAppendDelete" time="0,000" classname="cviceni.StringBuilderAndBufferTest"/>
  <testcase name="testBufferAppendDelete" time="0,000" classname="cviceni.StringBuilderAndBufferTest"/>
  <testcase name="testBufferAppend" time="0,000" classname="cviceni.StringBuilderAndBufferTest"/>
  <testcase name="testBuilderAppend" time="0,001" classname="cviceni.StringBuilderAndBufferTest"/>
  <testcase name="testBuilderAppend" time="0,000" classname="cviceni.StringBuilderAndBufferTest"/>
  <testcase name="testBufferAppendDelete" time="0,001" classname="cviceni.StringBuilderAndBufferTest"/>
  <testcase name="testBufferAppend" time="0,001" classname="cviceni.StringBuilderAndBufferTest"/>
  <testcase name="testBufferAppend" time="0,000" classname="cviceni.StringBuilderAndBufferTest"/>
  <testcase name="testBufferAppend" time="0,000" classname="cviceni.StringBuilderAndBufferTest"/>
  <testcase name="testBufferAppendDelete" time="0,000" classname="cviceni.StringBuilderAndBufferTest"/>
  <testcase name="testBufferAppendDelete" time="0,000" classname="cviceni.StringBuilderAndBufferTest"/>
  <testcase name="testBufferAppend" time="0,001" classname="cviceni.StringBuilderAndBufferTest"/>
  <testcase name="testBuilderAppend" time="0,000" classname="cviceni.StringBuilderAndBufferTest"/>
  <testcase name="testBuilderAppend" time="0,008" classname="cviceni.StringBuilderAndBufferTest"/>
  <testcase name="testBuilderAppend" time="0,000" classname="cviceni.StringBuilderAndBufferTest"/>
  <testcase name="testBuilderAppend" time="0,001" classname="cviceni.StringBuilderAndBufferTest"/>
  <testcase name="testBuilderAppend" time="0,000" classname="cviceni.StringBuilderAndBufferTest"/>
  <testcase name="testBuilderAppend" time="0,054" classname="cviceni.StringBuilderAndBufferTest"/>
  <testcase name="testBuilderAppend" time="0,000" classname="cviceni.StringBuilderAndBufferTest"/>
  <testcase name="testBufferAppend" time="0,000" classname="cviceni.StringBuilderAndBufferTest"/>
  <testcase name="testBufferAppendDelete" time="0,000" classname="cviceni.StringBuilderAndBufferTest"/>
  <testcase name="testBufferAppend" time="0,001" classname="cviceni.StringBuilderAndBufferTest"/>
  <testcase name="testBufferAppendDelete" time="0,000" classname="cviceni.StringBuilderAndBufferTest"/>
  <testcase name="testBufferAppend" time="0,001" classname="cviceni.StringBuilderAndBufferTest"/>
  <testcase name="testBufferAppend" time="0,000" classname="cviceni.StringBuilderAndBufferTest"/>
  <testcase name="testBufferAppend" time="0,000" classname="cviceni.StringBuilderAndBufferTest"/>
  <testcase name="testBufferAppendDelete" time="0,001" classname="cviceni.StringBuilderAndBufferTest"/>
  <testcase name="testBuilderAppend" time="0,000" classname="cviceni.StringBuilderAndBufferTest"/>
  <testcase name="testBuilderAppendDelete" time="0,000" classname="cviceni.StringBuilderAndBufferTest"/>
  <testcase name="testBufferAppend" time="0,000" classname="cviceni.StringBuilderAndBufferTest"/>
  <testcase name="testBuilderAppend" time="0,000" classname="cviceni.StringBuilderAndBufferTest"/>
  <testcase name="testBuilderAppendDelete" time="0,001" classname="cviceni.StringBuilderAndBufferTest"/>
  <testcase name="testBuilderAppendDelete" time="0,001" classname="cviceni.StringBuilderAndBufferTest"/>
  <testcase name="testBufferAppend" time="0,000" classname="cviceni.StringBuilderAndBufferTest"/>
  <testcase name="testBufferAppendDelete" time="0,000" classname="cviceni.StringBuilderAndBufferTest"/>
  <testcase name="testBuilderAppendDelete" time="0,000" classname="cviceni.StringBuilderAndBufferTest"/>
  <testcase name="testBuilderAppendDelete" time="0,000" classname="cviceni.StringBuilderAndBufferTest"/>
  <testcase name="testBufferAppend" time="0,001" classname="cviceni.StringBuilderAndBufferTest"/>
  <testcase name="testBufferAppendDelete" time="0,000" classname="cviceni.StringBuilderAndBufferTest"/>
  <testcase name="testBuilderAppend" time="0,001" classname="cviceni.StringBuilderAndBufferTest"/>
  <testcase name="testBuilderAppend" time="0,000" classname="cviceni.StringBuilderAndBufferTest"/>
  <testcase name="testBufferAppendDelete" time="0,000" classname="cviceni.StringBuilderAndBufferTest"/>
  <testcase name="testBuilderAppendDelete" time="0,000" classname="cviceni.StringBuilderAndBufferTest"/>
  <testcase name="testBuilderAppendDelete" time="0,001" classname="cviceni.StringBuilderAndBufferTest"/>
  <testcase name="testBufferAppendDelete" time="0,000" classname="cviceni.StringBuilderAndBufferTest"/>
  <testcase name="testBuilderAppend" time="0,000" classname="cviceni.StringBuilderAndBufferTest"/>
  <testcase name="testBufferAppend" time="0,000" classname="cviceni.StringBuilderAndBufferTest"/>
  <testcase name="testBufferAppend" time="0,001" classname="cviceni.StringBuilderAndBufferTest"/>
  <testcase name="testBufferAppendDelete" time="0,001" classname="cviceni.StringBuilderAndBufferTest"/>
  <testcase name="testBufferAppend" time="0,000" classname="cviceni.StringBuilderAndBufferTest"/>
  <testcase name="testBuilderAppendDelete" time="0,001" classname="cviceni.StringBuilderAndBufferTest"/>
  <testcase name="testBuilderAppendDelete" time="0,000" classname="cviceni.StringBuilderAndBufferTest"/>
  <testcase name="testBuilderAppend" time="0,001" classname="cviceni.StringBuilderAndBufferTest"/>
  <testcase name="testBufferAppend" time="0,000" classname="cviceni.StringBuilderAndBufferTest"/>
  <testcase name="testBufferAppendDelete" time="0,000" classname="cviceni.StringBuilderAndBufferTest"/>
  <testcase name="testBufferAppend" time="0,000" classname="cviceni.StringBuilderAndBufferTest"/>
  <testcase name="testBuilderAppend" time="0,001" classname="cviceni.StringBuilderAndBufferTest"/>
  <testcase name="testBufferAppend" time="0,000" classname="cviceni.StringBuilderAndBufferTest"/>
  <testcase name="testBuilderAppendDelete" time="0,001" classname="cviceni.StringBuilderAndBufferTest"/>
  <testcase name="testBufferAppendDelete" time="0,000" classname="cviceni.StringBuilderAndBufferTest"/>
  <testcase name="testBuilderAppendDelete" time="0,000" classname="cviceni.StringBuilderAndBufferTest"/>
  <testcase name="testBufferAppendDelete" time="0,001" classname="cviceni.StringBuilderAndBufferTest"/>
  <testcase name="testBuilderAppend" time="0,000" classname="cviceni.StringBuilderAndBufferTest"/>
  <testcase name="testBufferAppend" time="0,001" classname="cviceni.StringBuilderAndBufferTest"/>
  <testcase name="testBuilderAppendDelete" time="0,001" classname="cviceni.StringBuilderAndBufferTest"/>
  <testcase name="testBufferAppendDelete" time="0,000" classname="cviceni.StringBuilderAndBufferTest"/>
  <testcase name="testBufferAppendDelete" time="0,000" classname="cviceni.StringBuilderAndBufferTest"/>
  <testcase name="testBuilderAppendDelete" time="0,001" classname="cviceni.StringBuilderAndBufferTest"/>
  <testcase name="testBuilderAppend" time="0,001" classname="cviceni.StringBuilderAndBufferTest"/>
  <testcase name="testBufferAppend" time="0,000" classname="cviceni.StringBuilderAndBufferTest"/>
  <testcase name="testBuilderAppend" time="0,000" classname="cviceni.StringBuilderAndBufferTest"/>
  <testcase name="testBuilderAppend" time="0,000" classname="cviceni.StringBuilderAndBufferTest"/>
  <testcase name="testBufferAppendDelete" time="0,000" classname="cviceni.StringBuilderAndBufferTest"/>
  <testcase name="testBuilderAppend" time="0,001" classname="cviceni.StringBuilderAndBufferTest"/>
  <testcase name="testBuilderAppendDelete" time="0,000" classname="cviceni.StringBuilderAndBufferTest"/>
  <testcase name="testBuilderAppend" time="0,000" classname="cviceni.StringBuilderAndBufferTest"/>
  <testcase name="testBufferAppendDelete" time="0,000" classname="cviceni.StringBuilderAndBufferTest"/>
  <testcase name="testBuilderAppendDelete" time="0,000" classname="cviceni.StringBuilderAndBufferTest"/>
  <testcase name="testBufferAppend" time="0,000" classname="cviceni.StringBuilderAndBufferTest"/>
  <testcase name="testBufferAppend" time="0,000" classname="cviceni.StringBuilderAndBufferTest"/>
  <testcase name="testBufferAppendDelete" time="0,000" classname="cviceni.StringBuilderAndBufferTest"/>
  <testcase name="testBufferAppend" time="0,000" classname="cviceni.StringBuilderAndBufferTest"/>
  <testcase name="testBufferAppend" time="0,000" classname="cviceni.StringBuilderAndBufferTest"/>
  <testcase name="testBufferAppendDelete" time="0,001" classname="cviceni.StringBuilderAndBufferTest"/>
  <testcase name="testBuilderAppendDelete" time="0,001" classname="cviceni.StringBuilderAndBufferTest"/>
  <testcase name="testBufferAppend" time="0,000" classname="cviceni.StringBuilderAndBufferTest"/>
  <testcase name="testBufferAppendDelete" time="0,000" classname="cviceni.StringBuilderAndBufferTest"/>
  <testcase name="testBuilderAppend" time="0,001" classname="cviceni.StringBuilderAndBufferTest"/>
  <testcase name="testBufferAppendDelete" time="0,000" classname="cviceni.StringBuilderAndBufferTest"/>
  <testcase name="testBuilderAppendDelete" time="0,000" classname="cviceni.StringBuilderAndBufferTest"/>
  <testcase name="testBufferAppendDelete" time="0,000" classname="cviceni.StringBuilderAndBufferTest"/>
  <testcase name="testBuilderAppendDelete" time="0,001" classname="cviceni.StringBuilderAndBufferTest"/>
  <testcase name="testBufferAppendDelete" time="0,000" classname="cviceni.StringBuilderAndBufferTest"/>
  <testcase name="testBuilderAppendDelete" time="0,000" classname="cviceni.StringBuilderAndBufferTest"/>
  <testcase name="testBuilderAppendDelete" time="0,000" classname="cviceni.StringBuilderAndBufferTest"/>
  <testcase name="testBuilderAppend" time="0,000" classname="cviceni.StringBuilderAndBufferTest"/>
  <testcase name="testBuilderAppend" time="0,000" classname="cviceni.StringBuilderAndBufferTest"/>
  <testcase name="testBufferAppend" time="0,000" classname="cviceni.StringBuilderAndBufferTest"/>
  <testcase name="testBuilderAppendDelete" time="0,000" classname="cviceni.StringBuilderAndBufferTest"/>
  <testcase name="testBufferAppend" time="0,000" classname="cviceni.StringBuilderAndBufferTest"/>
  <testcase name="testBufferAppend" time="0,000" classname="cviceni.StringBuilderAndBufferTest"/>
  <testcase name="testBufferAppendDelete" time="0,000" classname="cviceni.StringBuilderAndBufferTest"/>
  <testcase name="testBuilderAppendDelete" time="0,001" classname="cviceni.StringBuilderAndBufferTest"/>
  <testcase name="testBufferAppendDelete" time="0,001" classname="cviceni.StringBuilderAndBufferTest"/>
  <testcase name="testBufferAppend" time="0,001" classname="cviceni.StringBuilderAndBufferTest"/>
  <testcase name="testBufferAppend" time="0,000" classname="cviceni.StringBuilderAndBufferTest"/>
  <testcase name="testBuilderAppendDelete" time="0,000" classname="cviceni.StringBuilderAndBufferTest"/>
  <testcase name="testBufferAppend" time="0,000" classname="cviceni.StringBuilderAndBufferTest"/>
  <testcase name="testBufferAppendDelete" time="0,000" classname="cviceni.StringBuilderAndBufferTest"/>
  <testcase name="testBufferAppend" time="0,000" classname="cviceni.StringBuilderAndBufferTest"/>
  <testcase name="testBuilderAppendDelete" time="0,000" classname="cviceni.StringBuilderAndBufferTest"/>
  <testcase name="testBuilderAppendDelete" time="0,000" classname="cviceni.StringBuilderAndBufferTest"/>
  <testcase name="testBuilderAppendDelete" time="0,000" classname="cviceni.StringBuilderAndBufferTest"/>
  <testcase name="testBuilderAppend" time="0,000" classname="cviceni.StringBuilderAndBufferTest"/>
  <testcase name="testBuilderAppendDelete" time="0,001" classname="cviceni.StringBuilderAndBufferTest"/>
  <testcase name="testBuilderAppendDelete" time="0,001" classname="cviceni.StringBuilderAndBufferTest"/>
  <testcase name="testBuilderAppend" time="0,001" classname="cviceni.StringBuilderAndBufferTest"/>
  <testcase name="testBufferAppend" time="0,000" classname="cviceni.StringBuilderAndBufferTest"/>
  <testcase name="testBuilderAppend" time="0,000" classname="cviceni.StringBuilderAndBufferTest"/>
  <testcase name="testBuilderAppend" time="0,001" classname="cviceni.StringBuilderAndBufferTest"/>
  <testcase name="testBuilderAppendDelete" time="0,000" classname="cviceni.StringBuilderAndBufferTest"/>
  <testcase name="testBuilderAppendDelete" time="0,000" classname="cviceni.StringBuilderAndBufferTest"/>
  <testcase name="testBuilderAppendDelete" time="0,000" classname="cviceni.StringBuilderAndBufferTest"/>
  <testcase name="testBufferAppend" time="0,000" classname="cviceni.StringBuilderAndBufferTest"/>
  <testcase name="testBuilderAppend" time="0,001" classname="cviceni.StringBuilderAndBufferTest"/>
  <testcase name="testBufferAppend" time="0,000" classname="cviceni.StringBuilderAndBufferTest"/>
  <testcase name="testBufferAppend" time="0,000" classname="cviceni.StringBuilderAndBufferTest"/>
  <testcase name="testBuilderAppendDelete" time="0,001" classname="cviceni.StringBuilderAndBufferTest"/>
  <testcase name="testBufferAppendDelete" time="0,000" classname="cviceni.StringBuilderAndBufferTest"/>
  <testcase name="testBuilderAppendDelete" time="0,001" classname="cviceni.StringBuilderAndBufferTest"/>
  <testcase name="testBufferAppend" time="0,000" classname="cviceni.StringBuilderAndBufferTest"/>
  <testcase name="testBufferAppendDelete" time="0,000" classname="cviceni.StringBuilderAndBufferTest"/>
  <testcase name="testBuilderAppend" time="0,000" classname="cviceni.StringBuilderAndBufferTest"/>
  <testcase name="testBufferAppendDelete" time="0,000" classname="cviceni.StringBuilderAndBufferTest"/>
  <testcase name="testBufferAppendDelete" time="0,000" classname="cviceni.StringBuilderAndBufferTest"/>
  <testcase name="testBufferAppendDelete" time="0,001" classname="cviceni.StringBuilderAndBufferTest"/>
  <testcase name="testBuilderAppend" time="0,000" classname="cviceni.StringBuilderAndBufferTest"/>
  <testcase name="testBufferAppend" time="0,000" classname="cviceni.StringBuilderAndBufferTest"/>
  <testcase name="testBufferAppendDelete" time="0,000" classname="cviceni.StringBuilderAndBufferTest"/>
  <testcase name="testBuilderAppendDelete" time="0,001" classname="cviceni.StringBuilderAndBufferTest"/>
  <testcase name="testBufferAppendDelete" time="0,001" classname="cviceni.StringBuilderAndBufferTest"/>
  <testcase name="testBuilderAppend" time="0,000" classname="cviceni.StringBuilderAndBufferTest"/>
  <testcase name="testBuilderAppendDelete" time="0,000" classname="cviceni.StringBuilderAndBufferTest"/>
  <testcase name="testBuilderAppendDelete" time="0,000" classname="cviceni.StringBuilderAndBufferTest"/>
  <testcase name="testBuilderAppendDelete" time="0,000" classname="cviceni.StringBuilderAndBufferTest"/>
  <testcase name="testBuilderAppend" time="0,000" classname="cviceni.StringBuilderAndBufferTest"/>
  <testcase name="testBuilderAppendDelete" time="0,000" classname="cviceni.StringBuilderAndBufferTest"/>
  <testcase name="testBuilderAppendDelete" time="0,000" classname="cviceni.StringBuilderAndBufferTest"/>
  <testcase name="testBuilderAppendDelete" time="0,000" classname="cviceni.StringBuilderAndBufferTest"/>
  <testcase name="testBuilderAppend" time="0,000" classname="cviceni.StringBuilderAndBufferTest"/>
  <testcase name="testBuilderAppend" time="0,000" classname="cviceni.StringBuilderAndBufferTest"/>
  <testcase name="testBuilderAppend" time="0,000" classname="cviceni.StringBuilderAndBufferTest"/>
  <testcase name="testBufferAppend" time="0,000" classname="cviceni.StringBuilderAndBufferTest"/>
  <testcase name="testBuilderAppend" time="0,001" classname="cviceni.StringBuilderAndBufferTest"/>
  <testcase name="testBufferAppendDelete" time="0,000" classname="cviceni.StringBuilderAndBufferTest"/>
  <testcase name="testBuilderAppend" time="0,000" classname="cviceni.StringBuilderAndBufferTest"/>
  <testcase name="testBufferAppend" time="0,001" classname="cviceni.StringBuilderAndBufferTest"/>
  <testcase name="testBuilderAppend" time="0,000" classname="cviceni.StringBuilderAndBufferTest"/>
  <testcase name="testBufferAppendDelete" time="0,000" classname="cviceni.StringBuilderAndBufferTest"/>
  <testcase name="testBuilderAppend" time="0,001" classname="cviceni.StringBuilderAndBufferTest"/>
  <testcase name="testBufferAppend" time="0,000" classname="cviceni.StringBuilderAndBufferTest"/>
  <testcase name="testBuilderAppend" time="0,001" classname="cviceni.StringBuilderAndBufferTest"/>
  <testcase name="testBufferAppendDelete" time="0,001" classname="cviceni.StringBuilderAndBufferTest"/>
  <testcase name="testBufferAppendDelete" time="0,000" classname="cviceni.StringBuilderAndBufferTest"/>
  <testcase name="testBuilderAppendDelete" time="0,000" classname="cviceni.StringBuilderAndBufferTest"/>
  <testcase name="testBufferAppendDelete" time="0,000" classname="cviceni.StringBuilderAndBufferTest"/>
  <testcase name="testBuilderAppend" time="0,000" classname="cviceni.StringBuilderAndBufferTest"/>
  <testcase name="testBufferAppendDelete" time="0,000" classname="cviceni.StringBuilderAndBufferTest"/>
  <testcase name="testBufferAppend" time="0,001" classname="cviceni.StringBuilderAndBufferTest"/>
  <testcase name="testBuilderAppend" time="0,000" classname="cviceni.StringBuilderAndBufferTest"/>
  <testcase name="testBuilderAppend" time="0,001" classname="cviceni.StringBuilderAndBufferTest"/>
  <testcase name="testBufferAppend" time="0,000" classname="cviceni.StringBuilderAndBufferTest"/>
  <testcase name="testBufferAppend" time="0,000" classname="cviceni.StringBuilderAndBufferTest"/>
  <testcase name="testBufferAppendDelete" time="0,000" classname="cviceni.StringBuilderAndBufferTest"/>
  <testcase name="testBuilderAppendDelete" time="0,001" classname="cviceni.StringBuilderAndBufferTest"/>
  <testcase name="testBuilderAppend" time="0,000" classname="cviceni.StringBuilderAndBufferTest"/>
  <testcase name="testBufferAppend" time="0,003" classname="cviceni.StringBuilderAndBufferTest"/>
  <testcase name="testBufferAppendDelete" time="0,000" classname="cviceni.StringBuilderAndBufferTest"/>
  <testcase name="testBufferAppendDelete" time="0,000" classname="cviceni.StringBuilderAndBufferTest"/>
  <testcase name="testBuilderAppendDelete" time="0,000" classname="cviceni.StringBuilderAndBufferTest"/>
  <testcase name="testBufferAppend" time="0,000" classname="cviceni.StringBuilderAndBufferTest"/>
  <testcase name="testBuilderAppendDelete" time="0,001" classname="cviceni.StringBuilderAndBufferTest"/>
  <testcase name="testBuilderAppend" time="0,000" classname="cviceni.StringBuilderAndBufferTest"/>
  <testcase name="testBuilderAppendDelete" time="0,000" classname="cviceni.StringBuilderAndBufferTest"/>
  <testcase name="testBuilderAppend" time="0,000" classname="cviceni.StringBuilderAndBufferTest"/>
  <testcase name="testBufferAppendDelete" time="0,000" classname="cviceni.StringBuilderAndBufferTest"/>
  <testcase name="testBufferAppendDelete" time="0,000" classname="cviceni.StringBuilderAndBufferTest"/>
  <testcase name="testBuilderAppend" time="0,000" classname="cviceni.StringBuilderAndBufferTest"/>
  <testcase name="testBuilderAppend" time="0,000" classname="cviceni.StringBuilderAndBufferTest"/>
  <testcase name="testBuilderAppendDelete" time="0,000" classname="cviceni.StringBuilderAndBufferTest"/>
  <testcase name="testBuilderAppendDelete" time="0,000" classname="cviceni.StringBuilderAndBufferTest"/>
  <testcase name="testBuilderAppendDelete" time="0,001" classname="cviceni.StringBuilderAndBufferTest"/>
  <testcase name="testBufferAppend" time="0,001" classname="cviceni.StringBuilderAndBufferTest"/>
  <testcase name="testBufferAppend" time="0,001" classname="cviceni.StringBuilderAndBufferTest"/>
  <testcase name="testBufferAppend" time="0,001" classname="cviceni.StringBuilderAndBufferTest"/>
  <testcase name="testBuilderAppendDelete" time="0,000" classname="cviceni.StringBuilderAndBufferTest"/>
  <testcase name="testBufferAppend" time="0,000" classname="cviceni.StringBuilderAndBufferTest"/>
  <testcase name="testBufferAppend" time="0,000" classname="cviceni.StringBuilderAndBufferTest"/>
  <testcase name="testBuilderAppendDelete" time="0,000" classname="cviceni.StringBuilderAndBufferTest"/>
  <testcase name="testBuilderAppend" time="0,000" classname="cviceni.StringBuilderAndBufferTest"/>
  <testcase name="testBufferAppend" time="0,001" classname="cviceni.StringBuilderAndBufferTest"/>
  <testcase name="testBufferAppend" time="0,000" classname="cviceni.StringBuilderAndBufferTest"/>
  <testcase name="testBuilderAppend" time="0,000" classname="cviceni.StringBuilderAndBufferTest"/>
  <testcase name="testBuilderAppendDelete" time="0,000" classname="cviceni.StringBuilderAndBufferTest"/>
  <testcase name="testBufferAppend" time="0,000" classname="cviceni.StringBuilderAndBufferTest"/>
  <testcase name="testBufferAppendDelete" time="0,000" classname="cviceni.StringBuilderAndBufferTest"/>
  <testcase name="testBuilderAppendDelete" time="0,000" classname="cviceni.StringBuilderAndBufferTest"/>
  <testcase name="testBufferAppendDelete" time="0,000" classname="cviceni.StringBuilderAndBufferTest"/>
  <testcase name="testBufferAppend" time="0,001" classname="cviceni.StringBuilderAndBufferTest"/>
  <testcase name="testBufferAppendDelete" time="0,001" classname="cviceni.StringBuilderAndBufferTest"/>
  <testcase name="testBuilderAppend" time="0,000" classname="cviceni.StringBuilderAndBufferTest"/>
  <testcase name="testBufferAppend" time="0,000" classname="cviceni.StringBuilderAndBufferTest"/>
  <testcase name="testBufferAppendDelete" time="0,000" classname="cviceni.StringBuilderAndBufferTest"/>
  <testcase name="testBuilderAppend" time="0,000" classname="cviceni.StringBuilderAndBufferTest"/>
  <testcase name="testBuilderAppend" time="0,000" classname="cviceni.StringBuilderAndBufferTest"/>
  <testcase name="testBuilderAppend" time="0,000" classname="cviceni.StringBuilderAndBufferTest"/>
  <testcase name="testBufferAppend" time="0,000" classname="cviceni.StringBuilderAndBufferTest"/>
  <testcase name="testBufferAppend" time="0,000" classname="cviceni.StringBuilderAndBufferTest"/>
  <testcase name="testBuilderAppendDelete" time="0,000" classname="cviceni.StringBuilderAndBufferTest"/>
  <testcase name="testBuilderAppendDelete" time="0,001" classname="cviceni.StringBuilderAndBufferTest"/>
  <testcase name="testBuilderAppend" time="0,000" classname="cviceni.StringBuilderAndBufferTest"/>
  <testcase name="testBuilderAppendDelete" time="0,000" classname="cviceni.StringBuilderAndBufferTest"/>
  <testcase name="testBufferAppend" time="0,001" classname="cviceni.StringBuilderAndBufferTest"/>
  <testcase name="testBufferAppend" time="0,000" classname="cviceni.StringBuilderAndBufferTest"/>
  <testcase name="testBufferAppendDelete" time="0,000" classname="cviceni.StringBuilderAndBufferTest"/>
  <testcase name="testBuilderAppendDelete" time="0,000" classname="cviceni.StringBuilderAndBufferTest"/>
  <testcase name="testBuilderAppend" time="0,000" classname="cviceni.StringBuilderAndBufferTest"/>
  <testcase name="testBuilderAppendDelete" time="0,001" classname="cviceni.StringBuilderAndBufferTest"/>
  <testcase name="testBuilderAppend" time="0,001" classname="cviceni.StringBuilderAndBufferTest"/>
  <testcase name="testBuilderAppend" time="0,000" classname="cviceni.StringBuilderAndBufferTest"/>
  <testcase name="testBuilderAppendDelete" time="0,000" classname="cviceni.StringBuilderAndBufferTest"/>
  <testcase name="testBufferAppendDelete" time="0,000" classname="cviceni.StringBuilderAndBufferTest"/>
  <testcase name="testBufferAppendDelete" time="0,001" classname="cviceni.StringBuilderAndBufferTest"/>
  <testcase name="testBufferAppendDelete" time="0,000" classname="cviceni.StringBuilderAndBufferTest"/>
  <testcase name="testBuilderAppend" time="0,000" classname="cviceni.StringBuilderAndBufferTest"/>
  <testcase name="testBufferAppend" time="0,001" classname="cviceni.StringBuilderAndBufferTest"/>
  <testcase name="testBuilderAppend" time="0,000" classname="cviceni.StringBuilderAndBufferTest"/>
  <testcase name="testBuilderAppend" time="0,000" classname="cviceni.StringBuilderAndBufferTest"/>
  <testcase name="testBufferAppend" time="0,001" classname="cviceni.StringBuilderAndBufferTest"/>
  <testcase name="testBuilderAppendDelete" time="0,000" classname="cviceni.StringBuilderAndBufferTest"/>
  <testcase name="testBufferAppendDelete" time="0,000" classname="cviceni.StringBuilderAndBufferTest"/>
  <testcase name="testBufferAppendDelete" time="0,000" classname="cviceni.StringBuilderAndBufferTest"/>
  <testcase name="testBufferAppend" time="0,000" classname="cviceni.StringBuilderAndBufferTest"/>
  <testcase name="testBufferAppendDelete" time="0,000" classname="cviceni.StringBuilderAndBufferTest"/>
  <testcase name="testBufferAppend" time="0,000" classname="cviceni.StringBuilderAndBufferTest"/>
  <testcase name="testBufferAppend" time="0,000" classname="cviceni.StringBuilderAndBufferTest"/>
  <testcase name="testBuilderAppend" time="0,000" classname="cviceni.StringBuilderAndBufferTest"/>
  <testcase name="testBuilderAppendDelete" time="0,000" classname="cviceni.StringBuilderAndBufferTest"/>
  <testcase name="testBuilderAppend" time="0,000" classname="cviceni.StringBuilderAndBufferTest"/>
  <testcase name="testBuilderAppendDelete" time="0,001" classname="cviceni.StringBuilderAndBufferTest"/>
  <testcase name="testBuilderAppendDelete" time="0,000" classname="cviceni.StringBuilderAndBufferTest"/>
  <testcase name="testBuilderAppend" time="0,000" classname="cviceni.StringBuilderAndBufferTest"/>
  <testcase name="testBufferAppend" time="0,000" classname="cviceni.StringBuilderAndBufferTest"/>
  <testcase name="testBuilderAppendDelete" time="0,001" classname="cviceni.StringBuilderAndBufferTest"/>
  <testcase name="testBuilderAppend" time="0,000" classname="cviceni.StringBuilderAndBufferTest"/>
  <testcase name="testBuilderAppend" time="0,000" classname="cviceni.StringBuilderAndBufferTest"/>
  <testcase name="testBuilderAppend" time="0,001" classname="cviceni.StringBuilderAndBufferTest"/>
  <testcase name="testBufferAppendDelete" time="0,000" classname="cviceni.StringBuilderAndBufferTest"/>
  <testcase name="testBufferAppendDelete" time="0,000" classname="cviceni.StringBuilderAndBufferTest"/>
  <testcase name="testBufferAppend" time="0,000" classname="cviceni.StringBuilderAndBufferTest"/>
  <testcase name="testBuilderAppend" time="0,001" classname="cviceni.StringBuilderAndBufferTest"/>
  <testcase name="testBufferAppend" time="0,000" classname="cviceni.StringBuilderAndBufferTest"/>
  <testcase name="testBuilderAppend" time="0,001" classname="cviceni.StringBuilderAndBufferTest"/>
  <testcase name="testBuilderAppend" time="0,001" classname="cviceni.StringBuilderAndBufferTest"/>
  <testcase name="testBufferAppend" time="0,001" classname="cviceni.StringBuilderAndBufferTest"/>
  <testcase name="testBuilderAppend" time="0,001" classname="cviceni.StringBuilderAndBufferTest"/>
  <testcase name="testBufferAppend" time="0,000" classname="cviceni.StringBuilderAndBufferTest"/>
  <testcase name="testBufferAppendDelete" time="0,000" classname="cviceni.StringBuilderAndBufferTest"/>
  <testcase name="testBuilderAppend" time="0,000" classname="cviceni.StringBuilderAndBufferTest"/>
  <testcase name="testBufferAppendDelete" time="0,001" classname="cviceni.StringBuilderAndBufferTest"/>
  <testcase name="testBuilderAppend" time="0,000" classname="cviceni.StringBuilderAndBufferTest"/>
  <testcase name="testBufferAppend" time="0,000" classname="cviceni.StringBuilderAndBufferTest"/>
  <testcase name="testBufferAppend" time="0,000" classname="cviceni.StringBuilderAndBufferTest"/>
  <testcase name="testBufferAppend" time="0,000" classname="cviceni.StringBuilderAndBufferTest"/>
  <testcase name="testBuilderAppendDelete" time="0,001" classname="cviceni.StringBuilderAndBufferTest"/>
  <testcase name="testBuilderAppendDelete" time="0,000" classname="cviceni.StringBuilderAndBufferTest"/>
  <testcase name="testBufferAppend" time="0,000" classname="cviceni.StringBuilderAndBufferTest"/>
  <testcase name="testBuilderAppend" time="0,000" classname="cviceni.StringBuilderAndBufferTest"/>
  <testcase name="testBuilderAppendDelete" time="0,000" classname="cviceni.StringBuilderAndBufferTest"/>
  <testcase name="testBufferAppendDelete" time="0,001" classname="cviceni.StringBuilderAndBufferTest"/>
  <testcase name="testBufferAppendDelete" time="0,000" classname="cviceni.StringBuilderAndBufferTest"/>
  <testcase name="testBuilderAppendDelete" time="0,001" classname="cviceni.StringBuilderAndBufferTest"/>
  <testcase name="testBufferAppendDelete" time="0,000" classname="cviceni.StringBuilderAndBufferTest"/>
  <testcase name="testBufferAppendDelete" time="0,001" classname="cviceni.StringBuilderAndBufferTest"/>
  <testcase name="testBufferAppendDelete" time="0,001" classname="cviceni.StringBuilderAndBufferTest"/>
  <testcase name="testBufferAppend" time="0,000" classname="cviceni.StringBuilderAndBufferTest"/>
  <testcase name="testBuilderAppend" time="0,001" classname="cviceni.StringBuilderAndBufferTest"/>
  <testcase name="testBuilderAppendDelete" time="0,000" classname="cviceni.StringBuilderAndBufferTest"/>
  <testcase name="testBufferAppend" time="0,017" classname="cviceni.StringBuilderAndBufferTest"/>
  <testcase name="testBuilderAppend" time="0,066" classname="cviceni.StringBuilderAndBufferTest"/>
  <testcase name="testBufferAppendDelete" time="0,001" classname="cviceni.StringBuilderAndBufferTest"/>
  <testcase name="testBufferAppendDelete" time="0,001" classname="cviceni.StringBuilderAndBufferTest"/>
  <testcase name="testBufferAppend" time="0,000" classname="cviceni.StringBuilderAndBufferTest"/>
  <testcase name="testBuilderAppend" time="0,031" classname="cviceni.StringBuilderAndBufferTest"/>
  <testcase name="testBuilderAppendDelete" time="0,000" classname="cviceni.StringBuilderAndBufferTest"/>
  <testcase name="testBufferAppend" time="0,000" classname="cviceni.StringBuilderAndBufferTest"/>
  <testcase name="testBuilderAppendDelete" time="0,000" classname="cviceni.StringBuilderAndBufferTest"/>
  <testcase name="testBuilderAppend" time="0,000" classname="cviceni.StringBuilderAndBufferTest"/>
  <testcase name="testBufferAppendDelete" time="0,000" classname="cviceni.StringBuilderAndBufferTest"/>
  <testcase name="testBufferAppendDelete" time="0,000" classname="cviceni.StringBuilderAndBufferTest"/>
  <testcase name="testBufferAppendDelete" time="0,000" classname="cviceni.StringBuilderAndBufferTest"/>
  <testcase name="testBufferAppendDelete" time="0,000" classname="cviceni.StringBuilderAndBufferTest"/>
  <testcase name="testBuilderAppendDelete" time="0,000" classname="cviceni.StringBuilderAndBufferTest"/>
  <testcase name="testBufferAppend" time="0,141" classname="cviceni.StringBuilderAndBufferTest"/>
  <testcase name="testBufferAppend" time="0,000" classname="cviceni.StringBuilderAndBufferTest"/>
  <testcase name="testBuilderAppendDelete" time="0,001" classname="cviceni.StringBuilderAndBufferTest"/>
  <testcase name="testBuilderAppendDelete" time="0,000" classname="cviceni.StringBuilderAndBufferTest"/>
  <testcase name="testBufferAppendDelete" time="0,001" classname="cviceni.StringBuilderAndBufferTest"/>
  <testcase name="testBuilderAppendDelete" time="0,000" classname="cviceni.StringBuilderAndBufferTest"/>
  <testcase name="testBuilderAppend" time="0,000" classname="cviceni.StringBuilderAndBufferTest"/>
  <testcase name="testBuilderAppend" time="0,000" classname="cviceni.StringBuilderAndBufferTest"/>
  <testcase name="testBuilderAppend" time="0,000" classname="cviceni.StringBuilderAndBufferTest"/>
  <testcase name="testBufferAppendDelete" time="0,000" classname="cviceni.StringBuilderAndBufferTest"/>
  <testcase name="testBufferAppend" time="0,001" classname="cviceni.StringBuilderAndBufferTest"/>
  <testcase name="testBufferAppend" time="0,000" classname="cviceni.StringBuilderAndBufferTest"/>
  <testcase name="testBuilderAppend" time="0,001" classname="cviceni.StringBuilderAndBufferTest"/>
  <testcase name="testBuilderAppendDelete" time="0,000" classname="cviceni.StringBuilderAndBufferTest"/>
  <testcase name="testBuilderAppendDelete" time="0,000" classname="cviceni.StringBuilderAndBufferTest"/>
  <testcase name="testBuilderAppend" time="0,000" classname="cviceni.StringBuilderAndBufferTest"/>
  <testcase name="testBufferAppendDelete" time="0,000" classname="cviceni.StringBuilderAndBufferTest"/>
  <testcase name="testBuilderAppendDelete" time="0,000" classname="cviceni.StringBuilderAndBufferTest"/>
  <testcase name="testBuilderAppend" time="0,000" classname="cviceni.StringBuilderAndBufferTest"/>
  <testcase name="testBufferAppend" time="0,000" classname="cviceni.StringBuilderAndBufferTest"/>
  <testcase name="testBufferAppend" time="0,000" classname="cviceni.StringBuilderAndBufferTest"/>
  <testcase name="testBuilderAppendDelete" time="0,000" classname="cviceni.StringBuilderAndBufferTest"/>
  <testcase name="testBufferAppendDelete" time="0,000" classname="cviceni.StringBuilderAndBufferTest"/>
  <testcase name="testBuilderAppendDelete" time="0,001" classname="cviceni.StringBuilderAndBufferTest"/>
  <testcase name="testBufferAppendDelete" time="0,000" classname="cviceni.StringBuilderAndBufferTest"/>
  <testcase name="testBuilderAppend" time="0,000" classname="cviceni.StringBuilderAndBufferTest"/>
  <testcase name="testBuilderAppendDelete" time="0,001" classname="cviceni.StringBuilderAndBufferTest"/>
  <testcase name="testBufferAppend" time="0,001" classname="cviceni.StringBuilderAndBufferTest"/>
  <testcase name="testBuilderAppend" time="0,000" classname="cviceni.StringBuilderAndBufferTest"/>
  <testcase name="testBuilderAppendDelete" time="0,000" classname="cviceni.StringBuilderAndBufferTest"/>
  <testcase name="testBuilderAppend" time="0,000" classname="cviceni.StringBuilderAndBufferTest"/>
  <testcase name="testBuilderAppend" time="0,000" classname="cviceni.StringBuilderAndBufferTest"/>
  <testcase name="testBufferAppend" time="0,000" classname="cviceni.StringBuilderAndBufferTest"/>
  <testcase name="testBufferAppendDelete" time="0,000" classname="cviceni.StringBuilderAndBufferTest"/>
  <testcase name="testBufferAppend" time="0,000" classname="cviceni.StringBuilderAndBufferTest"/>
  <testcase name="testBuilderAppendDelete" time="0,000" classname="cviceni.StringBuilderAndBufferTest"/>
  <testcase name="testBufferAppendDelete" time="0,000" classname="cviceni.StringBuilderAndBufferTest"/>
  <testcase name="testBufferAppendDelete" time="0,001" classname="cviceni.StringBuilderAndBufferTest"/>
  <testcase name="testBufferAppend" time="0,000" classname="cviceni.StringBuilderAndBufferTest"/>
  <testcase name="testBufferAppend" time="0,000" classname="cviceni.StringBuilderAndBufferTest"/>
  <testcase name="testBufferAppend" time="0,001" classname="cviceni.StringBuilderAndBufferTest"/>
  <testcase name="testBuilderAppend" time="0,001" classname="cviceni.StringBuilderAndBufferTest"/>
  <testcase name="testBufferAppend" time="0,000" classname="cviceni.StringBuilderAndBufferTest"/>
  <testcase name="testBuilderAppendDelete" time="0,001" classname="cviceni.StringBuilderAndBufferTest"/>
  <testcase name="testBuilderAppend" time="0,000" classname="cviceni.StringBuilderAndBufferTest"/>
  <testcase name="testBufferAppend" time="0,001" classname="cviceni.StringBuilderAndBufferTest"/>
  <testcase name="testBuilderAppend" time="0,001" classname="cviceni.StringBuilderAndBufferTest"/>
  <testcase name="testBuilderAppend" time="0,000" classname="cviceni.StringBuilderAndBufferTest"/>
  <testcase name="testBuilderAppend" time="0,000" classname="cviceni.StringBuilderAndBufferTest"/>
  <testcase name="testBuilderAppendDelete" time="0,000" classname="cviceni.StringBuilderAndBufferTest"/>
  <testcase name="testBuilderAppendDelete" time="0,000" classname="cviceni.StringBuilderAndBufferTest"/>
  <testcase name="testBuilderAppend" time="0,000" classname="cviceni.StringBuilderAndBufferTest"/>
  <testcase name="testBufferAppend" time="0,001" classname="cviceni.StringBuilderAndBufferTest"/>
  <testcase name="testBuilderAppendDelete" time="0,000" classname="cviceni.StringBuilderAndBufferTest"/>
  <testcase name="testBufferAppend" time="0,001" classname="cviceni.StringBuilderAndBufferTest"/>
  <testcase name="testBufferAppend" time="0,000" classname="cviceni.StringBuilderAndBufferTest"/>
  <testcase name="testBufferAppend" time="0,000" classname="cviceni.StringBuilderAndBufferTest"/>
  <testcase name="testBuilderAppend" time="0,000" classname="cviceni.StringBuilderAndBufferTest"/>
  <testcase name="testBuilderAppend" time="0,000" classname="cviceni.StringBuilderAndBufferTest"/>
  <testcase name="testBuilderAppendDelete" time="0,000" classname="cviceni.StringBuilderAndBufferTest"/>
  <testcase name="testBuilderAppend" time="0,000" classname="cviceni.StringBuilderAndBufferTest"/>
  <testcase name="testBuilderAppendDelete" time="0,000" classname="cviceni.StringBuilderAndBufferTest"/>
  <testcase name="testBuilderAppend" time="0,000" classname="cviceni.StringBuilderAndBufferTest"/>
  <testcase name="testBufferAppend" time="0,000" classname="cviceni.StringBuilderAndBufferTest"/>
  <testcase name="testBufferAppendDelete" time="0,000" classname="cviceni.StringBuilderAndBufferTest"/>
  <testcase name="testBufferAppendDelete" time="0,001" classname="cviceni.StringBuilderAndBufferTest"/>
  <testcase name="testBuilderAppendDelete" time="0,000" classname="cviceni.StringBuilderAndBufferTest"/>
  <testcase name="testBufferAppend" time="0,000" classname="cviceni.StringBuilderAndBufferTest"/>
  <testcase name="testBufferAppend" time="0,000" classname="cviceni.StringBuilderAndBufferTest"/>
  <testcase name="testBuilderAppendDelete" time="0,000" classname="cviceni.StringBuilderAndBufferTest"/>
  <testcase name="testBuilderAppendDelete" time="0,000" classname="cviceni.StringBuilderAndBufferTest"/>
  <testcase name="testBufferAppendDelete" time="0,000" classname="cviceni.StringBuilderAndBufferTest"/>
  <testcase name="testBuilderAppend" time="0,000" classname="cviceni.StringBuilderAndBufferTest"/>
  <testcase name="testBufferAppend" time="0,001" classname="cviceni.StringBuilderAndBufferTest"/>
  <testcase name="testBuilderAppend" time="0,000" classname="cviceni.StringBuilderAndBufferTest"/>
  <testcase name="testBuilderAppendDelete" time="0,000" classname="cviceni.StringBuilderAndBufferTest"/>
  <testcase name="testBufferAppend" time="0,000" classname="cviceni.StringBuilderAndBufferTest"/>
  <testcase name="testBufferAppendDelete" time="0,000" classname="cviceni.StringBuilderAndBufferTest"/>
  <testcase name="testBuilderAppendDelete" time="0,000" classname="cviceni.StringBuilderAndBufferTest"/>
  <testcase name="testBufferAppendDelete" time="0,001" classname="cviceni.StringBuilderAndBufferTest"/>
  <testcase name="testBuilderAppendDelete" time="0,001" classname="cviceni.StringBuilderAndBufferTest"/>
  <testcase name="testBufferAppendDelete" time="0,001" classname="cviceni.StringBuilderAndBufferTest"/>
  <testcase name="testBufferAppendDelete" time="0,000" classname="cviceni.StringBuilderAndBufferTest"/>
  <testcase name="testBuilderAppendDelete" time="0,001" classname="cviceni.StringBuilderAndBufferTest"/>
  <testcase name="testBuilderAppendDelete" time="0,000" classname="cviceni.StringBuilderAndBufferTest"/>
  <testcase name="testBuilderAppendDelete" time="0,000" classname="cviceni.StringBuilderAndBufferTest"/>
  <testcase name="testBufferAppend" time="0,000" classname="cviceni.StringBuilderAndBufferTest"/>
  <testcase name="testBufferAppend" time="0,000" classname="cviceni.StringBuilderAndBufferTest"/>
  <testcase name="testBufferAppend" time="0,000" classname="cviceni.StringBuilderAndBufferTest"/>
  <testcase name="testBuilderAppendDelete" time="0,000" classname="cviceni.StringBuilderAndBufferTest"/>
  <testcase name="testBufferAppendDelete" time="0,000" classname="cviceni.StringBuilderAndBufferTest"/>
  <testcase name="testBufferAppendDelete" time="0,000" classname="cviceni.StringBuilderAndBufferTest"/>
  <testcase name="testBuilderAppend" time="0,000" classname="cviceni.StringBuilderAndBufferTest"/>
  <testcase name="testBuilderAppendDelete" time="0,000" classname="cviceni.StringBuilderAndBufferTest"/>
  <testcase name="testBufferAppend" time="0,000" classname="cviceni.StringBuilderAndBufferTest"/>
  <testcase name="testBufferAppendDelete" time="0,000" classname="cviceni.StringBuilderAndBufferTest"/>
  <testcase name="testBuilderAppend" time="0,000" classname="cviceni.StringBuilderAndBufferTest"/>
  <testcase name="testBufferAppend" time="0,001" classname="cviceni.StringBuilderAndBufferTest"/>
  <testcase name="testBuilderAppendDelete" time="0,000" classname="cviceni.StringBuilderAndBufferTest"/>
  <testcase name="testBuilderAppendDelete" time="0,000" classname="cviceni.StringBuilderAndBufferTest"/>
  <testcase name="testBuilderAppendDelete" time="0,000" classname="cviceni.StringBuilderAndBufferTest"/>
  <testcase name="testBuilderAppend" time="0,001" classname="cviceni.StringBuilderAndBufferTest"/>
  <testcase name="testBuilderAppendDelete" time="0,000" classname="cviceni.StringBuilderAndBufferTest"/>
  <testcase name="testBufferAppendDelete" time="0,000" classname="cviceni.StringBuilderAndBufferTest"/>
  <testcase name="testBufferAppendDelete" time="0,000" classname="cviceni.StringBuilderAndBufferTest"/>
  <testcase name="testBufferAppend" time="0,001" classname="cviceni.StringBuilderAndBufferTest"/>
  <testcase name="testBufferAppend" time="0,000" classname="cviceni.StringBuilderAndBufferTest"/>
  <testcase name="testBuilderAppendDelete" time="0,000" classname="cviceni.StringBuilderAndBufferTest"/>
  <testcase name="testBuilderAppendDelete" time="0,001" classname="cviceni.StringBuilderAndBufferTest"/>
  <testcase name="testBufferAppend" time="0,001" classname="cviceni.StringBuilderAndBufferTest"/>
  <testcase name="testBuilderAppend" time="0,000" classname="cviceni.StringBuilderAndBufferTest"/>
  <testcase name="testBuilderAppend" time="0,000" classname="cviceni.StringBuilderAndBufferTest"/>
  <testcase name="testBuilderAppend" time="0,001" classname="cviceni.StringBuilderAndBufferTest"/>
  <testcase name="testBuilderAppendDelete" time="0,000" classname="cviceni.StringBuilderAndBufferTest"/>
  <testcase name="testBufferAppendDelete" time="0,000" classname="cviceni.StringBuilderAndBufferTest"/>
  <testcase name="testBufferAppend" time="0,000" classname="cviceni.StringBuilderAndBufferTest"/>
  <testcase name="testBufferAppend" time="0,000" classname="cviceni.StringBuilderAndBufferTest"/>
  <testcase name="testBuilderAppend" time="0,000" classname="cviceni.StringBuilderAndBufferTest"/>
  <testcase name="testBufferAppend" time="0,001" classname="cviceni.StringBuilderAndBufferTest"/>
  <testcase name="testBufferAppendDelete" time="0,001" classname="cviceni.StringBuilderAndBufferTest"/>
  <testcase name="testBuilderAppend" time="0,075" classname="cviceni.StringBuilderAndBufferTest"/>
  <testcase name="testBuilderAppendDelete" time="0,001" classname="cviceni.StringBuilderAndBufferTest"/>
  <testcase name="testBufferAppend" time="0,000" classname="cviceni.StringBuilderAndBufferTest"/>
  <testcase name="testBuilderAppend" time="0,000" classname="cviceni.StringBuilderAndBufferTest"/>
  <testcase name="testBuilderAppend" time="0,001" classname="cviceni.StringBuilderAndBufferTest"/>
  <testcase name="testBufferAppend" time="0,001" classname="cviceni.StringBuilderAndBufferTest"/>
  <testcase name="testBufferAppendDelete" time="0,000" classname="cviceni.StringBuilderAndBufferTest"/>
  <testcase name="testBufferAppendDelete" time="0,000" classname="cviceni.StringBuilderAndBufferTest"/>
  <testcase name="testBufferAppend" time="0,000" classname="cviceni.StringBuilderAndBufferTest"/>
  <testcase name="testBuilderAppendDelete" time="0,001" classname="cviceni.StringBuilderAndBufferTest"/>
  <testcase name="testBuilderAppend" time="0,001" classname="cviceni.StringBuilderAndBufferTest"/>
  <testcase name="testBuilderAppendDelete" time="0,000" classname="cviceni.StringBuilderAndBufferTest"/>
  <testcase name="testBuilderAppendDelete" time="0,000" classname="cviceni.StringBuilderAndBufferTest"/>
  <testcase name="testBuilderAppend" time="0,001" classname="cviceni.StringBuilderAndBufferTest"/>
  <testcase name="testBufferAppendDelete" time="0,000" classname="cviceni.StringBuilderAndBufferTest"/>
  <testcase name="testBufferAppendDelete" time="0,001" classname="cviceni.StringBuilderAndBufferTest"/>
  <testcase name="testBufferAppend" time="0,000" classname="cviceni.StringBuilderAndBufferTest"/>
  <testcase name="testBufferAppendDelete" time="0,001" classname="cviceni.StringBuilderAndBufferTest"/>
  <testcase name="testBuilderAppend" time="0,000" classname="cviceni.StringBuilderAndBufferTest"/>
  <testcase name="testBuilderAppend" time="0,000" classname="cviceni.StringBuilderAndBufferTest"/>
  <testcase name="testBufferAppendDelete" time="0,001" classname="cviceni.StringBuilderAndBufferTest"/>
  <testcase name="testBuilderAppendDelete" time="0,000" classname="cviceni.StringBuilderAndBufferTest"/>
  <testcase name="testBuilderAppendDelete" time="0,001" classname="cviceni.StringBuilderAndBufferTest"/>
  <testcase name="testBufferAppend" time="0,000" classname="cviceni.StringBuilderAndBufferTest"/>
  <testcase name="testBufferAppendDelete" time="0,000" classname="cviceni.StringBuilderAndBufferTest"/>
  <testcase name="testBufferAppendDelete" time="0,001" classname="cviceni.StringBuilderAndBufferTest"/>
  <testcase name="testBuilderAppend" time="0,000" classname="cviceni.StringBuilderAndBufferTest"/>
  <testcase name="testBufferAppendDelete" time="0,000" classname="cviceni.StringBuilderAndBufferTest"/>
  <testcase name="testBufferAppendDelete" time="0,000" classname="cviceni.StringBuilderAndBufferTest"/>
  <testcase name="testBufferAppend" time="0,000" classname="cviceni.StringBuilderAndBufferTest"/>
  <testcase name="testBufferAppendDelete" time="0,000" classname="cviceni.StringBuilderAndBufferTest"/>
  <testcase name="testBuilderAppendDelete" time="0,001" classname="cviceni.StringBuilderAndBufferTest"/>
  <testcase name="testBufferAppend" time="0,000" classname="cviceni.StringBuilderAndBufferTest"/>
  <testcase name="testBufferAppendDelete" time="0,001" classname="cviceni.StringBuilderAndBufferTest"/>
  <testcase name="testBufferAppendDelete" time="0,000" classname="cviceni.StringBuilderAndBufferTest"/>
  <testcase name="testBuilderAppendDelete" time="0,001" classname="cviceni.StringBuilderAndBufferTest"/>
  <testcase name="testBufferAppendDelete" time="0,000" classname="cviceni.StringBuilderAndBufferTest"/>
  <testcase name="testBuilderAppendDelete" time="0,000" classname="cviceni.StringBuilderAndBufferTest"/>
  <testcase name="testBufferAppend" time="0,000" classname="cviceni.StringBuilderAndBufferTest"/>
  <testcase name="testBuilderAppend" time="0,000" classname="cviceni.StringBuilderAndBufferTest"/>
  <testcase name="testBuilderAppendDelete" time="0,000" classname="cviceni.StringBuilderAndBufferTest"/>
  <testcase name="testBufferAppendDelete" time="0,000" classname="cviceni.StringBuilderAndBufferTest"/>
  <testcase name="testBufferAppend" time="0,000" classname="cviceni.StringBuilderAndBufferTest"/>
  <testcase name="testBufferAppend" time="0,000" classname="cviceni.StringBuilderAndBufferTest"/>
  <testcase name="testBufferAppend" time="0,000" classname="cviceni.StringBuilderAndBufferTest"/>
  <testcase name="testBufferAppendDelete" time="0,000" classname="cviceni.StringBuilderAndBufferTest"/>
  <testcase name="testBufferAppendDelete" time="0,000" classname="cviceni.StringBuilderAndBufferTest"/>
  <testcase name="testBuilderAppendDelete" time="0,000" classname="cviceni.StringBuilderAndBufferTest"/>
  <testcase name="testBuilderAppendDelete" time="0,000" classname="cviceni.StringBuilderAndBufferTest"/>
  <testcase name="testBufferAppend" time="0,000" classname="cviceni.StringBuilderAndBufferTest"/>
  <testcase name="testBuilderAppendDelete" time="0,000" classname="cviceni.StringBuilderAndBufferTest"/>
  <testcase name="testBuilderAppendDelete" time="0,000" classname="cviceni.StringBuilderAndBufferTest"/>
  <testcase name="testBufferAppendDelete" time="0,000" classname="cviceni.StringBuilderAndBufferTest"/>
  <testcase name="testBufferAppendDelete" time="0,001" classname="cviceni.StringBuilderAndBufferTest"/>
  <testcase name="testBuilderAppendDelete" time="0,000" classname="cviceni.StringBuilderAndBufferTest"/>
  <testcase name="testBufferAppendDelete" time="0,000" classname="cviceni.StringBuilderAndBufferTest"/>
  <testcase name="testBufferAppendDelete" time="0,000" classname="cviceni.StringBuilderAndBufferTest"/>
  <testcase name="testBufferAppend" time="0,000" classname="cviceni.StringBuilderAndBufferTest"/>
  <testcase name="testBufferAppend" time="0,000" classname="cviceni.StringBuilderAndBufferTest"/>
  <testcase name="testBufferAppendDelete" time="0,000" classname="cviceni.StringBuilderAndBufferTest"/>
  <testcase name="testBuilderAppend" time="0,000" classname="cviceni.StringBuilderAndBufferTest"/>
  <testcase name="testBufferAppend" time="0,000" classname="cviceni.StringBuilderAndBufferTest"/>
  <testcase name="testBufferAppendDelete" time="0,001" classname="cviceni.StringBuilderAndBufferTest"/>
  <testcase name="testBufferAppendDelete" time="0,001" classname="cviceni.StringBuilderAndBufferTest"/>
  <testcase name="testBufferAppend" time="0,000" classname="cviceni.StringBuilderAndBufferTest"/>
  <testcase name="testBufferAppend" time="0,000" classname="cviceni.StringBuilderAndBufferTest"/>
  <testcase name="testBufferAppendDelete" time="0,000" classname="cviceni.StringBuilderAndBufferTest"/>
  <testcase name="testBufferAppendDelete" time="0,000" classname="cviceni.StringBuilderAndBufferTest"/>
  <testcase name="testBuilderAppend" time="0,000" classname="cviceni.StringBuilderAndBufferTest"/>
  <testcase name="testBufferAppendDelete" time="0,000" classname="cviceni.StringBuilderAndBufferTest"/>
  <testcase name="testBufferAppendDelete" time="0,000" classname="cviceni.StringBuilderAndBufferTest"/>
  <testcase name="testBuilderAppend" time="0,000" classname="cviceni.StringBuilderAndBufferTest"/>
  <testcase name="testBufferAppendDelete" time="0,000" classname="cviceni.StringBuilderAndBufferTest"/>
  <testcase name="testBuilderAppend" time="0,000" classname="cviceni.StringBuilderAndBufferTest"/>
  <testcase name="testBuilderAppendDelete" time="0,001" classname="cviceni.StringBuilderAndBufferTest"/>
  <testcase name="testBufferAppend" time="0,001" classname="cviceni.StringBuilderAndBufferTest"/>
  <testcase name="testBuilderAppend" time="0,032" classname="cviceni.StringBuilderAndBufferTest"/>
  <testcase name="testBuilderAppend" time="0,001" classname="cviceni.StringBuilderAndBufferTest"/>
  <testcase name="testBufferAppendDelete" time="0,000" classname="cviceni.StringBuilderAndBufferTest"/>
  <testcase name="testBuilderAppendDelete" time="0,000" classname="cviceni.StringBuilderAndBufferTest"/>
  <testcase name="testBufferAppend" time="0,001" classname="cviceni.StringBuilderAndBufferTest"/>
  <testcase name="testBuilderAppend" time="0,000" classname="cviceni.StringBuilderAndBufferTest"/>
  <testcase name="testBuilderAppend" time="0,000" classname="cviceni.StringBuilderAndBufferTest"/>
  <testcase name="testBufferAppend" time="0,000" classname="cviceni.StringBuilderAndBufferTest"/>
  <testcase name="testBufferAppend" time="0,000" classname="cviceni.StringBuilderAndBufferTest"/>
  <testcase name="testBuilderAppend" time="0,000" classname="cviceni.StringBuilderAndBufferTest"/>
  <testcase name="testBufferAppendDelete" time="0,002" classname="cviceni.StringBuilderAndBufferTest"/>
  <testcase name="testBufferAppend" time="0,000" classname="cviceni.StringBuilderAndBufferTest"/>
  <testcase name="testBufferAppend" time="0,000" classname="cviceni.StringBuilderAndBufferTest"/>
  <testcase name="testBufferAppendDelete" time="0,000" classname="cviceni.StringBuilderAndBufferTest"/>
  <testcase name="testBufferAppend" time="0,000" classname="cviceni.StringBuilderAndBufferTest"/>
  <testcase name="testBufferAppendDelete" time="0,000" classname="cviceni.StringBuilderAndBufferTest"/>
  <testcase name="testBufferAppendDelete" time="0,001" classname="cviceni.StringBuilderAndBufferTest"/>
  <testcase name="testBuilderAppendDelete" time="0,000" classname="cviceni.StringBuilderAndBufferTest"/>
  <testcase name="testBuilderAppendDelete" time="0,000" classname="cviceni.StringBuilderAndBufferTest"/>
  <testcase name="testBufferAppend" time="0,001" classname="cviceni.StringBuilderAndBufferTest"/>
  <testcase name="testBufferAppendDelete" time="0,000" classname="cviceni.StringBuilderAndBufferTest"/>
  <testcase name="testBufferAppendDelete" time="0,001" classname="cviceni.StringBuilderAndBufferTest"/>
  <testcase name="testBufferAppendDelete" time="0,000" classname="cviceni.StringBuilderAndBufferTest"/>
  <testcase name="testBufferAppendDelete" time="0,000" classname="cviceni.StringBuilderAndBufferTest"/>
  <testcase name="testBuilderAppendDelete" time="0,000" classname="cviceni.StringBuilderAndBufferTest"/>
  <testcase name="testBufferAppend" time="0,054" classname="cviceni.StringBuilderAndBufferTest"/>
  <testcase name="testBuilderAppendDelete" time="0,001" classname="cviceni.StringBuilderAndBufferTest"/>
  <testcase name="testBuilderAppend" time="0,000" classname="cviceni.StringBuilderAndBufferTest"/>
  <testcase name="testBufferAppendDelete" time="0,000" classname="cviceni.StringBuilderAndBufferTest"/>
  <testcase name="testBufferAppend" time="0,000" classname="cviceni.StringBuilderAndBufferTest"/>
  <testcase name="testBufferAppendDelete" time="0,000" classname="cviceni.StringBuilderAndBufferTest"/>
  <testcase name="testBuilderAppendDelete" time="0,000" classname="cviceni.StringBuilderAndBufferTest"/>
  <testcase name="testBufferAppendDelete" time="0,001" classname="cviceni.StringBuilderAndBufferTest"/>
  <testcase name="testBufferAppendDelete" time="0,002" classname="cviceni.StringBuilderAndBufferTest"/>
  <testcase name="testBufferAppendDelete" time="0,000" classname="cviceni.StringBuilderAndBufferTest"/>
  <testcase name="testBuilderAppendDelete" time="0,000" classname="cviceni.StringBuilderAndBufferTest"/>
  <testcase name="testBuilderAppend" time="0,000" classname="cviceni.StringBuilderAndBufferTest"/>
  <testcase name="testBufferAppend" time="0,000" classname="cviceni.StringBuilderAndBufferTest"/>
  <testcase name="testBuilderAppend" time="0,001" classname="cviceni.StringBuilderAndBufferTest"/>
  <testcase name="testBuilderAppend" time="0,000" classname="cviceni.StringBuilderAndBufferTest"/>
  <testcase name="testBufferAppendDelete" time="0,001" classname="cviceni.StringBuilderAndBufferTest"/>
  <testcase name="testBufferAppendDelete" time="0,000" classname="cviceni.StringBuilderAndBufferTest"/>
  <testcase name="testBuilderAppend" time="0,001" classname="cviceni.StringBuilderAndBufferTest"/>
  <testcase name="testBuilderAppendDelete" time="0,000" classname="cviceni.StringBuilderAndBufferTest"/>
  <testcase name="testBufferAppend" time="0,000" classname="cviceni.StringBuilderAndBufferTest"/>
  <testcase name="testBufferAppendDelete" time="0,000" classname="cviceni.StringBuilderAndBufferTest"/>
  <testcase name="testBuilderAppend" time="0,001" classname="cviceni.StringBuilderAndBufferTest"/>
  <testcase name="testBufferAppend" time="0,000" classname="cviceni.StringBuilderAndBufferTest"/>
  <testcase name="testBuilderAppend" time="0,000" classname="cviceni.StringBuilderAndBufferTest"/>
  <testcase name="testBuilderAppend" time="0,001" classname="cviceni.StringBuilderAndBufferTest"/>
  <testcase name="testBuilderAppend" time="0,001" classname="cviceni.StringBuilderAndBufferTest"/>
  <testcase name="testBufferAppendDelete" time="0,000" classname="cviceni.StringBuilderAndBufferTest"/>
  <testcase name="testBufferAppendDelete" time="0,000" classname="cviceni.StringBuilderAndBufferTest"/>
  <testcase name="testBufferAppend" time="0,000" classname="cviceni.StringBuilderAndBufferTest"/>
  <testcase name="testBuilderAppendDelete" time="0,000" classname="cviceni.StringBuilderAndBufferTest"/>
  <testcase name="testBuilderAppend" time="0,001" classname="cviceni.StringBuilderAndBufferTest"/>
  <testcase name="testBuilderAppendDelete" time="0,001" classname="cviceni.StringBuilderAndBufferTest"/>
  <testcase name="testBuilderAppendDelete" time="0,034" classname="cviceni.StringBuilderAndBufferTest"/>
  <testcase name="testBufferAppendDelete" time="0,000" classname="cviceni.StringBuilderAndBufferTest"/>
  <testcase name="testBufferAppend" time="0,000" classname="cviceni.StringBuilderAndBufferTest"/>
  <testcase name="testBufferAppend" time="0,000" classname="cviceni.StringBuilderAndBufferTest"/>
  <testcase name="testBuilderAppend" time="0,001" classname="cviceni.StringBuilderAndBufferTest"/>
  <testcase name="testBuilderAppend" time="0,000" classname="cviceni.StringBuilderAndBufferTest"/>
  <testcase name="testBuilderAppend" time="0,000" classname="cviceni.StringBuilderAndBufferTest"/>
  <testcase name="testBufferAppendDelete" time="0,000" classname="cviceni.StringBuilderAndBufferTest"/>
  <testcase name="testBuilderAppend" time="0,000" classname="cviceni.StringBuilderAndBufferTest"/>
  <testcase name="testBufferAppend" time="0,001" classname="cviceni.StringBuilderAndBufferTest"/>
  <testcase name="testBuilderAppend" time="0,000" classname="cviceni.StringBuilderAndBufferTest"/>
  <testcase name="testBuilderAppendDelete" time="0,000" classname="cviceni.StringBuilderAndBufferTest"/>
  <testcase name="testBufferAppendDelete" time="0,000" classname="cviceni.StringBuilderAndBufferTest"/>
  <testcase name="testBufferAppendDelete" time="0,000" classname="cviceni.StringBuilderAndBufferTest"/>
  <testcase name="testBuilderAppendDelete" time="0,001" classname="cviceni.StringBuilderAndBufferTest"/>
  <testcase name="testBuilderAppendDelete" time="0,000" classname="cviceni.StringBuilderAndBufferTest"/>
  <testcase name="testBufferAppend" time="0,001" classname="cviceni.StringBuilderAndBufferTest"/>
  <testcase name="testBufferAppendDelete" time="0,001" classname="cviceni.StringBuilderAndBufferTest"/>
  <testcase name="testBuilderAppendDelete" time="0,000" classname="cviceni.StringBuilderAndBufferTest"/>
  <testcase name="testBufferAppendDelete" time="0,000" classname="cviceni.StringBuilderAndBufferTest"/>
  <testcase name="testBuilderAppendDelete" time="0,001" classname="cviceni.StringBuilderAndBufferTest"/>
  <testcase name="testBufferAppendDelete" time="0,001" classname="cviceni.StringBuilderAndBufferTest"/>
  <testcase name="testBufferAppend" time="0,000" classname="cviceni.StringBuilderAndBufferTest"/>
  <testcase name="testBufferAppend" time="0,000" classname="cviceni.StringBuilderAndBufferTest"/>
  <testcase name="testBufferAppend" time="0,000" classname="cviceni.StringBuilderAndBufferTest"/>
  <testcase name="testBuilderAppend" time="0,000" classname="cviceni.StringBuilderAndBufferTest"/>
  <testcase name="testBuilderAppend" time="0,001" classname="cviceni.StringBuilderAndBufferTest"/>
  <testcase name="testBufferAppendDelete" time="0,000" classname="cviceni.StringBuilderAndBufferTest"/>
  <testcase name="testBuilderAppend" time="0,000" classname="cviceni.StringBuilderAndBufferTest"/>
  <testcase name="testBuilderAppendDelete" time="0,246" classname="cviceni.StringBuilderAndBufferTest"/>
  <testcase name="testBuilderAppendDelete" time="0,001" classname="cviceni.StringBuilderAndBufferTest"/>
  <testcase name="testBufferAppend" time="0,000" classname="cviceni.StringBuilderAndBufferTest"/>
  <testcase name="testBufferAppend" time="0,000" classname="cviceni.StringBuilderAndBufferTest"/>
  <testcase name="testBuilderAppendDelete" time="0,000" classname="cviceni.StringBuilderAndBufferTest"/>
  <testcase name="testBufferAppendDelete" time="0,001" classname="cviceni.StringBuilderAndBufferTest"/>
  <testcase name="testBufferAppendDelete" time="0,001" classname="cviceni.StringBuilderAndBufferTest"/>
  <testcase name="testBufferAppendDelete" time="0,000" classname="cviceni.StringBuilderAndBufferTest"/>
  <testcase name="testBuilderAppend" time="0,000" classname="cviceni.StringBuilderAndBufferTest"/>
  <testcase name="testBufferAppend" time="0,000" classname="cviceni.StringBuilderAndBufferTest"/>
  <testcase name="testBuilderAppend" time="0,000" classname="cviceni.StringBuilderAndBufferTest"/>
  <testcase name="testBuilderAppendDelete" time="0,000" classname="cviceni.StringBuilderAndBufferTest"/>
  <testcase name="testBufferAppend" time="0,000" classname="cviceni.StringBuilderAndBufferTest"/>
  <testcase name="testBufferAppendDelete" time="0,000" classname="cviceni.StringBuilderAndBufferTest"/>
  <testcase name="testBuilderAppend" time="0,000" classname="cviceni.StringBuilderAndBufferTest"/>
  <testcase name="testBufferAppendDelete" time="0,000" classname="cviceni.StringBuilderAndBufferTest"/>
  <testcase name="testBufferAppendDelete" time="0,000" classname="cviceni.StringBuilderAndBufferTest"/>
  <testcase name="testBufferAppend" time="0,001" classname="cviceni.StringBuilderAndBufferTest"/>
  <testcase name="testBuilderAppendDelete" time="0,000" classname="cviceni.StringBuilderAndBufferTest"/>
  <testcase name="testBufferAppend" time="0,000" classname="cviceni.StringBuilderAndBufferTest"/>
  <testcase name="testBufferAppend" time="0,001" classname="cviceni.StringBuilderAndBufferTest"/>
  <testcase name="testBuilderAppendDelete" time="0,000" classname="cviceni.StringBuilderAndBufferTest"/>
  <testcase name="testBufferAppend" time="0,000" classname="cviceni.StringBuilderAndBufferTest"/>
  <testcase name="testBuilderAppend" time="0,000" classname="cviceni.StringBuilderAndBufferTest"/>
  <testcase name="testBuilderAppendDelete" time="0,001" classname="cviceni.StringBuilderAndBufferTest"/>
  <testcase name="testBufferAppend" time="0,000" classname="cviceni.StringBuilderAndBufferTest"/>
  <testcase name="testBufferAppendDelete" time="0,000" classname="cviceni.StringBuilderAndBufferTest"/>
  <testcase name="testBuilderAppendDelete" time="0,000" classname="cviceni.StringBuilderAndBufferTest"/>
  <testcase name="testBufferAppend" time="0,001" classname="cviceni.StringBuilderAndBufferTest"/>
  <testcase name="testBufferAppendDelete" time="0,000" classname="cviceni.StringBuilderAndBufferTest"/>
  <testcase name="testBuilderAppendDelete" time="0,000" classname="cviceni.StringBuilderAndBufferTest"/>
  <testcase name="testBuilderAppendDelete" time="0,000" classname="cviceni.StringBuilderAndBufferTest"/>
  <testcase name="testBuilderAppend" time="0,000" classname="cviceni.StringBuilderAndBufferTest"/>
  <testcase name="testBuilderAppend" time="0,000" classname="cviceni.StringBuilderAndBufferTest"/>
  <testcase name="testBufferAppendDelete" time="0,000" classname="cviceni.StringBuilderAndBufferTest"/>
  <testcase name="testBuilderAppend" time="0,000" classname="cviceni.StringBuilderAndBufferTest"/>
  <testcase name="testBuilderAppend" time="0,001" classname="cviceni.StringBuilderAndBufferTest"/>
  <testcase name="testBuilderAppendDelete" time="0,000" classname="cviceni.StringBuilderAndBufferTest"/>
  <testcase name="testBuilderAppendDelete" time="0,001" classname="cviceni.StringBuilderAndBufferTest"/>
  <testcase name="testBuilderAppendDelete" time="0,000" classname="cviceni.StringBuilderAndBufferTest"/>
  <testcase name="testBufferAppendDelete" time="0,000" classname="cviceni.StringBuilderAndBufferTest"/>
  <testcase name="testBuilderAppendDelete" time="0,000" classname="cviceni.StringBuilderAndBufferTest"/>
  <testcase name="testBufferAppend" time="0,000" classname="cviceni.StringBuilderAndBufferTest"/>
  <testcase name="testBufferAppendDelete" time="0,000" classname="cviceni.StringBuilderAndBufferTest"/>
  <testcase name="testBuilderAppendDelete" time="0,000" classname="cviceni.StringBuilderAndBufferTest"/>
  <testcase name="testBufferAppend" time="0,001" classname="cviceni.StringBuilderAndBufferTest"/>
  <testcase name="testBuilderAppend" time="0,000" classname="cviceni.StringBuilderAndBufferTest"/>
  <testcase name="testBuilderAppendDelete" time="0,000" classname="cviceni.StringBuilderAndBufferTest"/>
  <testcase name="testBufferAppend" time="0,000" classname="cviceni.StringBuilderAndBufferTest"/>
  <testcase name="testBufferAppendDelete" time="0,000" classname="cviceni.StringBuilderAndBufferTest"/>
  <testcase name="testBufferAppendDelete" time="0,000" classname="cviceni.StringBuilderAndBufferTest"/>
  <testcase name="testBuilderAppend" time="0,000" classname="cviceni.StringBuilderAndBufferTest"/>
  <testcase name="testBuilderAppend" time="0,000" classname="cviceni.StringBuilderAndBufferTest"/>
  <testcase name="testBuilderAppend" time="0,000" classname="cviceni.StringBuilderAndBufferTest"/>
  <testcase name="testBuilderAppendDelete" time="0,000" classname="cviceni.StringBuilderAndBufferTest"/>
  <testcase name="testBufferAppendDelete" time="0,000" classname="cviceni.StringBuilderAndBufferTest"/>
  <testcase name="testBuilderAppend" time="0,000" classname="cviceni.StringBuilderAndBufferTest"/>
  <testcase name="testBuilderAppend" time="0,000" classname="cviceni.StringBuilderAndBufferTest"/>
  <testcase name="testBufferAppendDelete" time="0,000" classname="cviceni.StringBuilderAndBufferTest"/>
  <testcase name="testBuilderAppendDelete" time="0,001" classname="cviceni.StringBuilderAndBufferTest"/>
  <testcase name="testBufferAppend" time="0,000" classname="cviceni.StringBuilderAndBufferTest"/>
  <testcase name="testBufferAppendDelete" time="0,001" classname="cviceni.StringBuilderAndBufferTest"/>
  <testcase name="testBufferAppend" time="0,000" classname="cviceni.StringBuilderAndBufferTest"/>
  <testcase name="testBuilderAppendDelete" time="0,000" classname="cviceni.StringBuilderAndBufferTest"/>
  <testcase name="testBuilderAppendDelete" time="0,001" classname="cviceni.StringBuilderAndBufferTest"/>
  <testcase name="testBufferAppendDelete" time="0,000" classname="cviceni.StringBuilderAndBufferTest"/>
  <testcase name="testBufferAppendDelete" time="0,001" classname="cviceni.StringBuilderAndBufferTest"/>
  <testcase name="testBuilderAppendDelete" time="0,000" classname="cviceni.StringBuilderAndBufferTest"/>
  <testcase name="testBuilderAppendDelete" time="0,000" classname="cviceni.StringBuilderAndBufferTest"/>
  <testcase name="testBuilderAppendDelete" time="0,001" classname="cviceni.StringBuilderAndBufferTest"/>
  <testcase name="testBufferAppendDelete" time="0,000" classname="cviceni.StringBuilderAndBufferTest"/>
  <testcase name="testBufferAppendDelete" time="0,000" classname="cviceni.StringBuilderAndBufferTest"/>
  <testcase name="testBuilderAppend" time="0,001" classname="cviceni.StringBuilderAndBufferTest"/>
  <testcase name="testBuilderAppend" time="0,001" classname="cviceni.StringBuilderAndBufferTest"/>
  <testcase name="testBuilderAppend" time="0,001" classname="cviceni.StringBuilderAndBufferTest"/>
  <testcase name="testBufferAppendDelete" time="0,000" classname="cviceni.StringBuilderAndBufferTest"/>
  <testcase name="testBufferAppend" time="0,000" classname="cviceni.StringBuilderAndBufferTest"/>
  <testcase name="testBufferAppend" time="0,001" classname="cviceni.StringBuilderAndBufferTest"/>
  <testcase name="testBufferAppendDelete" time="0,001" classname="cviceni.StringBuilderAndBufferTest"/>
  <testcase name="testBuilderAppendDelete" time="0,000" classname="cviceni.StringBuilderAndBufferTest"/>
  <testcase name="testBuilderAppend" time="0,001" classname="cviceni.StringBuilderAndBufferTest"/>
  <testcase name="testBufferAppend" time="0,001" classname="cviceni.StringBuilderAndBufferTest"/>
  <testcase name="testBuilderAppend" time="0,000" classname="cviceni.StringBuilderAndBufferTest"/>
  <testcase name="testBufferAppend" time="0,001" classname="cviceni.StringBuilderAndBufferTest"/>
  <testcase name="testBuilderAppend" time="0,000" classname="cviceni.StringBuilderAndBufferTest"/>
  <testcase name="testBufferAppend" time="0,000" classname="cviceni.StringBuilderAndBufferTest"/>
  <testcase name="testBuilderAppendDelete" time="0,000" classname="cviceni.StringBuilderAndBufferTest"/>
  <testcase name="testBuilderAppend" time="0,000" classname="cviceni.StringBuilderAndBufferTest"/>
  <testcase name="testBufferAppend" time="0,001" classname="cviceni.StringBuilderAndBufferTest"/>
  <testcase name="testBufferAppendDelete" time="0,001" classname="cviceni.StringBuilderAndBufferTest"/>
  <testcase name="testBuilderAppend" time="0,000" classname="cviceni.StringBuilderAndBufferTest"/>
  <testcase name="testBufferAppend" time="0,000" classname="cviceni.StringBuilderAndBufferTest"/>
  <testcase name="testBufferAppend" time="0,000" classname="cviceni.StringBuilderAndBufferTest"/>
  <testcase name="testBuilderAppend" time="0,009" classname="cviceni.StringBuilderAndBufferTest"/>
  <testcase name="testBufferAppend" time="0,000" classname="cviceni.StringBuilderAndBufferTest"/>
  <testcase name="testBufferAppendDelete" time="0,000" classname="cviceni.StringBuilderAndBufferTest"/>
  <testcase name="testBufferAppendDelete" time="0,000" classname="cviceni.StringBuilderAndBufferTest"/>
  <testcase name="testBuilderAppend" time="0,001" classname="cviceni.StringBuilderAndBufferTest"/>
  <testcase name="testBufferAppend" time="0,000" classname="cviceni.StringBuilderAndBufferTest"/>
  <testcase name="testBuilderAppend" time="0,000" classname="cviceni.StringBuilderAndBufferTest"/>
  <testcase name="testBuilderAppendDelete" time="0,000" classname="cviceni.StringBuilderAndBufferTest"/>
  <testcase name="testBuilderAppendDelete" time="0,000" classname="cviceni.StringBuilderAndBufferTest"/>
  <testcase name="testBuilderAppend" time="0,000" classname="cviceni.StringBuilderAndBufferTest"/>
  <testcase name="testBuilderAppendDelete" time="0,000" classname="cviceni.StringBuilderAndBufferTest"/>
  <testcase name="testBufferAppend" time="0,000" classname="cviceni.StringBuilderAndBufferTest"/>
  <testcase name="testBuilderAppendDelete" time="0,001" classname="cviceni.StringBuilderAndBufferTest"/>
  <testcase name="testBuilderAppend" time="0,000" classname="cviceni.StringBuilderAndBufferTest"/>
  <testcase name="testBufferAppend" time="0,000" classname="cviceni.StringBuilderAndBufferTest"/>
  <testcase name="testBuilderAppend" time="0,001" classname="cviceni.StringBuilderAndBufferTest"/>
  <testcase name="testBuilderAppendDelete" time="0,000" classname="cviceni.StringBuilderAndBufferTest"/>
  <testcase name="testBufferAppendDelete" time="0,000" classname="cviceni.StringBuilderAndBufferTest"/>
  <testcase name="testBufferAppend" time="0,000" classname="cviceni.StringBuilderAndBufferTest"/>
  <testcase name="testBufferAppendDelete" time="0,001" classname="cviceni.StringBuilderAndBufferTest"/>
  <testcase name="testBuilderAppend" time="0,001" classname="cviceni.StringBuilderAndBufferTest"/>
  <testcase name="testBuilderAppendDelete" time="0,001" classname="cviceni.StringBuilderAndBufferTest"/>
  <testcase name="testBufferAppendDelete" time="0,000" classname="cviceni.StringBuilderAndBufferTest"/>
  <testcase name="testBuilderAppendDelete" time="0,000" classname="cviceni.StringBuilderAndBufferTest"/>
  <testcase name="testBuilderAppendDelete" time="0,000" classname="cviceni.StringBuilderAndBufferTest"/>
  <testcase name="testBuilderAppendDelete" time="0,002" classname="cviceni.StringBuilderAndBufferTest"/>
  <testcase name="testBufferAppendDelete" time="0,000" classname="cviceni.StringBuilderAndBufferTest"/>
  <testcase name="testBuilderAppend" time="0,000" classname="cviceni.StringBuilderAndBufferTest"/>
  <testcase name="testBuilderAppendDelete" time="0,001" classname="cviceni.StringBuilderAndBufferTest"/>
  <testcase name="testBufferAppendDelete" time="0,001" classname="cviceni.StringBuilderAndBufferTest"/>
  <testcase name="testBuilderAppend" time="0,000" classname="cviceni.StringBuilderAndBufferTest"/>
  <testcase name="testBufferAppend" time="0,000" classname="cviceni.StringBuilderAndBufferTest"/>
  <testcase name="testBufferAppendDelete" time="0,000" classname="cviceni.StringBuilderAndBufferTest"/>
  <testcase name="testBufferAppendDelete" time="0,000" classname="cviceni.StringBuilderAndBufferTest"/>
  <testcase name="testBufferAppend" time="0,000" classname="cviceni.StringBuilderAndBufferTest"/>
  <testcase name="testBuilderAppend" time="0,001" classname="cviceni.StringBuilderAndBufferTest"/>
  <testcase name="testBufferAppend" time="0,000" classname="cviceni.StringBuilderAndBufferTest"/>
  <testcase name="testBufferAppend" time="0,001" classname="cviceni.StringBuilderAndBufferTest"/>
  <testcase name="testBuilderAppendDelete" time="0,000" classname="cviceni.StringBuilderAndBufferTest"/>
  <testcase name="testBufferAppendDelete" time="0,000" classname="cviceni.StringBuilderAndBufferTest"/>
  <testcase name="testBuilderAppend" time="0,065" classname="cviceni.StringBuilderAndBufferTest"/>
  <testcase name="testBuilderAppend" time="0,000" classname="cviceni.StringBuilderAndBufferTest"/>
  <testcase name="testBuilderAppendDelete" time="0,000" classname="cviceni.StringBuilderAndBufferTest"/>
  <testcase name="testBufferAppendDelete" time="0,000" classname="cviceni.StringBuilderAndBufferTest"/>
  <testcase name="testBufferAppendDelete" time="0,000" classname="cviceni.StringBuilderAndBufferTest"/>
  <testcase name="testBufferAppend" time="0,001" classname="cviceni.StringBuilderAndBufferTest"/>
  <testcase name="testBuilderAppend" time="0,001" classname="cviceni.StringBuilderAndBufferTest"/>
  <testcase name="testBufferAppend" time="0,000" classname="cviceni.StringBuilderAndBufferTest"/>
  <testcase name="testBuilderAppendDelete" time="0,001" classname="cviceni.StringBuilderAndBufferTest"/>
  <testcase name="testBuilderAppend" time="0,001" classname="cviceni.StringBuilderAndBufferTest"/>
  <testcase name="testBuilderAppend" time="0,000" classname="cviceni.StringBuilderAndBufferTest"/>
  <testcase name="testBuilderAppend" time="0,001" classname="cviceni.StringBuilderAndBufferTest"/>
  <testcase name="testBuilderAppend" time="0,000" classname="cviceni.StringBuilderAndBufferTest"/>
  <testcase name="testBufferAppend" time="0,001" classname="cviceni.StringBuilderAndBufferTest"/>
  <testcase name="testBuilderAppend" time="0,001" classname="cviceni.StringBuilderAndBufferTest"/>
  <testcase name="testBufferAppend" time="0,000" classname="cviceni.StringBuilderAndBufferTest"/>
  <testcase name="testBuilderAppendDelete" time="0,000" classname="cviceni.StringBuilderAndBufferTest"/>
  <testcase name="testBufferAppendDelete" time="0,000" classname="cviceni.StringBuilderAndBufferTest"/>
  <testcase name="testBuilderAppend" time="0,000" classname="cviceni.StringBuilderAndBufferTest"/>
  <testcase name="testBufferAppendDelete" time="0,000" classname="cviceni.StringBuilderAndBufferTest"/>
  <testcase name="testBufferAppend" time="0,000" classname="cviceni.StringBuilderAndBufferTest"/>
  <testcase name="testBuilderAppendDelete" time="0,001" classname="cviceni.StringBuilderAndBufferTest"/>
  <testcase name="testBufferAppendDelete" time="0,000" classname="cviceni.StringBuilderAndBufferTest"/>
  <testcase name="testBuilderAppendDelete" time="0,001" classname="cviceni.StringBuilderAndBufferTest"/>
  <testcase name="testBufferAppendDelete" time="0,001" classname="cviceni.StringBuilderAndBufferTest"/>
  <testcase name="testBuilderAppend" time="0,001" classname="cviceni.StringBuilderAndBufferTest"/>
  <testcase name="testBufferAppend" time="0,000" classname="cviceni.StringBuilderAndBufferTest"/>
  <testcase name="testBuilderAppend" time="0,001" classname="cviceni.StringBuilderAndBufferTest"/>
  <testcase name="testBufferAppend" time="0,000" classname="cviceni.StringBuilderAndBufferTest"/>
  <testcase name="testBufferAppendDelete" time="0,001" classname="cviceni.StringBuilderAndBufferTest"/>
  <testcase name="testBufferAppend" time="0,000" classname="cviceni.StringBuilderAndBufferTest"/>
  <testcase name="testBufferAppendDelete" time="0,000" classname="cviceni.StringBuilderAndBufferTest"/>
  <testcase name="testBufferAppendDelete" time="0,001" classname="cviceni.StringBuilderAndBufferTest"/>
  <testcase name="testBufferAppendDelete" time="0,001" classname="cviceni.StringBuilderAndBufferTest"/>
  <testcase name="testBuilderAppend" time="0,055" classname="cviceni.StringBuilderAndBufferTest"/>
  <testcase name="testBufferAppend" time="0,000" classname="cviceni.StringBuilderAndBufferTest"/>
  <testcase name="testBuilderAppendDelete" time="0,000" classname="cviceni.StringBuilderAndBufferTest"/>
  <testcase name="testBufferAppend" time="0,000" classname="cviceni.StringBuilderAndBufferTest"/>
  <testcase name="testBuilderAppend" time="0,000" classname="cviceni.StringBuilderAndBufferTest"/>
  <testcase name="testBufferAppendDelete" time="0,001" classname="cviceni.StringBuilderAndBufferTest"/>
  <testcase name="testBufferAppend" time="0,001" classname="cviceni.StringBuilderAndBufferTest"/>
  <testcase name="testBufferAppend" time="0,000" classname="cviceni.StringBuilderAndBufferTest"/>
  <testcase name="testBufferAppendDelete" time="0,303" classname="cviceni.StringBuilderAndBufferTest"/>
  <testcase name="testBuilderAppendDelete" time="0,000" classname="cviceni.StringBuilderAndBufferTest"/>
  <testcase name="testBuilderAppendDelete" time="0,000" classname="cviceni.StringBuilderAndBufferTest"/>
  <testcase name="testBufferAppend" time="0,000" classname="cviceni.StringBuilderAndBufferTest"/>
  <testcase name="testBufferAppend" time="0,000" classname="cviceni.StringBuilderAndBufferTest"/>
  <testcase name="testBuilderAppendDelete" time="0,001" classname="cviceni.StringBuilderAndBufferTest"/>
  <testcase name="testBufferAppendDelete" time="0,000" classname="cviceni.StringBuilderAndBufferTest"/>
  <testcase name="testBufferAppend" time="0,000" classname="cviceni.StringBuilderAndBufferTest"/>
  <testcase name="testBufferAppend" time="0,000" classname="cviceni.StringBuilderAndBufferTest"/>
  <testcase name="testBufferAppendDelete" time="0,000" classname="cviceni.StringBuilderAndBufferTest"/>
  <testcase name="testBuilderAppend" time="0,001" classname="cviceni.StringBuilderAndBufferTest"/>
  <testcase name="testBufferAppend" time="0,001" classname="cviceni.StringBuilderAndBufferTest"/>
  <testcase name="testBufferAppendDelete" time="0,000" classname="cviceni.StringBuilderAndBufferTest"/>
  <testcase name="testBufferAppendDelete" time="0,000" classname="cviceni.StringBuilderAndBufferTest"/>
  <testcase name="testBufferAppend" time="0,001" classname="cviceni.StringBuilderAndBufferTest"/>
  <testcase name="testBuilderAppendDelete" time="0,000" classname="cviceni.StringBuilderAndBufferTest"/>
  <testcase name="testBufferAppendDelete" time="0,001" classname="cviceni.StringBuilderAndBufferTest"/>
  <testcase name="testBuilderAppend" time="0,000" classname="cviceni.StringBuilderAndBufferTest"/>
  <testcase name="testBuilderAppend" time="0,001" classname="cviceni.StringBuilderAndBufferTest"/>
  <testcase name="testBuilderAppend" time="0,000" classname="cviceni.StringBuilderAndBufferTest"/>
  <testcase name="testBuilderAppendDelete" time="0,000" classname="cviceni.StringBuilderAndBufferTest"/>
  <testcase name="testBufferAppend" time="0,000" classname="cviceni.StringBuilderAndBufferTest"/>
  <testcase name="testBuilderAppend" time="0,000" classname="cviceni.StringBuilderAndBufferTest"/>
  <testcase name="testBuilderAppendDelete" time="0,001" classname="cviceni.StringBuilderAndBufferTest"/>
  <testcase name="testBufferAppendDelete" time="0,000" classname="cviceni.StringBuilderAndBufferTest"/>
  <testcase name="testBufferAppendDelete" time="0,001" classname="cviceni.StringBuilderAndBufferTest"/>
  <testcase name="testBuilderAppend" time="0,000" classname="cviceni.StringBuilderAndBufferTest"/>
  <testcase name="testBuilderAppendDelete" time="0,000" classname="cviceni.StringBuilderAndBufferTest"/>
  <testcase name="testBufferAppend" time="0,001" classname="cviceni.StringBuilderAndBufferTest"/>
  <testcase name="testBuilderAppendDelete" time="0,000" classname="cviceni.StringBuilderAndBufferTest"/>
  <testcase name="testBuilderAppend" time="0,000" classname="cviceni.StringBuilderAndBufferTest"/>
  <testcase name="testBuilderAppend" time="0,001" classname="cviceni.StringBuilderAndBufferTest"/>
  <testcase name="testBufferAppend" time="0,001" classname="cviceni.StringBuilderAndBufferTest"/>
  <testcase name="testBuilderAppend" time="0,000" classname="cviceni.StringBuilderAndBufferTest"/>
  <testcase name="testBufferAppendDelete" time="0,001" classname="cviceni.StringBuilderAndBufferTest"/>
  <testcase name="testBufferAppend" time="0,000" classname="cviceni.StringBuilderAndBufferTest"/>
  <testcase name="testBufferAppendDelete" time="0,000" classname="cviceni.StringBuilderAndBufferTest"/>
  <testcase name="testBufferAppendDelete" time="0,000" classname="cviceni.StringBuilderAndBufferTest"/>
  <testcase name="testBufferAppend" time="0,000" classname="cviceni.StringBuilderAndBufferTest"/>
  <testcase name="testBufferAppend" time="0,001" classname="cviceni.StringBuilderAndBufferTest"/>
  <testcase name="testBuilderAppend" time="0,001" classname="cviceni.StringBuilderAndBufferTest"/>
  <testcase name="testBufferAppendDelete" time="0,000" classname="cviceni.StringBuilderAndBufferTest"/>
  <testcase name="testBuilderAppendDelete" time="0,000" classname="cviceni.StringBuilderAndBufferTest"/>
  <testcase name="testBufferAppendDelete" time="0,000" classname="cviceni.StringBuilderAndBufferTest"/>
  <testcase name="testBufferAppendDelete" time="0,000" classname="cviceni.StringBuilderAndBufferTest"/>
  <testcase name="testBuilderAppendDelete" time="0,000" classname="cviceni.StringBuilderAndBufferTest"/>
  <testcase name="testBuilderAppendDelete" time="0,000" classname="cviceni.StringBuilderAndBufferTest"/>
  <testcase name="testBuilderAppendDelete" time="0,001" classname="cviceni.StringBuilderAndBufferTest"/>
  <testcase name="testBufferAppend" time="0,000" classname="cviceni.StringBuilderAndBufferTest"/>
  <testcase name="testBufferAppendDelete" time="0,000" classname="cviceni.StringBuilderAndBufferTest"/>
  <testcase name="testBuilderAppend" time="0,000" classname="cviceni.StringBuilderAndBufferTest"/>
  <testcase name="testBuilderAppendDelete" time="0,000" classname="cviceni.StringBuilderAndBufferTest"/>
  <testcase name="testBuilderAppendDelete" time="0,000" classname="cviceni.StringBuilderAndBufferTest"/>
  <testcase name="testBuilderAppendDelete" time="0,000" classname="cviceni.StringBuilderAndBufferTest"/>
  <testcase name="testBufferAppendDelete" time="0,000" classname="cviceni.StringBuilderAndBufferTest"/>
  <testcase name="testBufferAppendDelete" time="0,001" classname="cviceni.StringBuilderAndBufferTest"/>
  <testcase name="testBufferAppendDelete" time="0,000" classname="cviceni.StringBuilderAndBufferTest"/>
  <testcase name="testBufferAppend" time="0,000" classname="cviceni.StringBuilderAndBufferTest"/>
  <testcase name="testBuilderAppend" time="0,001" classname="cviceni.StringBuilderAndBufferTest"/>
  <testcase name="testBufferAppendDelete" time="0,000" classname="cviceni.StringBuilderAndBufferTest"/>
  <testcase name="testBuilderAppendDelete" time="0,000" classname="cviceni.StringBuilderAndBufferTest"/>
  <testcase name="testBufferAppend" time="0,000" classname="cviceni.StringBuilderAndBufferTest"/>
  <testcase name="testBufferAppend" time="0,000" classname="cviceni.StringBuilderAndBufferTest"/>
  <testcase name="testBuilderAppendDelete" time="0,000" classname="cviceni.StringBuilderAndBufferTest"/>
  <testcase name="testBuilderAppend" time="0,000" classname="cviceni.StringBuilderAndBufferTest"/>
  <testcase name="testBuilderAppend" time="0,000" classname="cviceni.StringBuilderAndBufferTest"/>
  <testcase name="testBuilderAppendDelete" time="0,000" classname="cviceni.StringBuilderAndBufferTest"/>
  <testcase name="testBuilderAppend" time="0,000" classname="cviceni.StringBuilderAndBufferTest"/>
  <testcase name="testBufferAppendDelete" time="0,001" classname="cviceni.StringBuilderAndBufferTest"/>
  <testcase name="testBuilderAppendDelete" time="0,000" classname="cviceni.StringBuilderAndBufferTest"/>
  <testcase name="testBufferAppendDelete" time="0,000" classname="cviceni.StringBuilderAndBufferTest"/>
  <testcase name="testBuilderAppend" time="0,001" classname="cviceni.StringBuilderAndBufferTest"/>
  <testcase name="testBufferAppend" time="0,000" classname="cviceni.StringBuilderAndBufferTest"/>
  <testcase name="testBufferAppend" time="0,000" classname="cviceni.StringBuilderAndBufferTest"/>
  <testcase name="testBuilderAppendDelete" time="0,000" classname="cviceni.StringBuilderAndBufferTest"/>
  <testcase name="testBuilderAppendDelete" time="0,001" classname="cviceni.StringBuilderAndBufferTest"/>
  <testcase name="testBufferAppendDelete" time="0,000" classname="cviceni.StringBuilderAndBufferTest"/>
  <testcase name="testBufferAppend" time="0,001" classname="cviceni.StringBuilderAndBufferTest"/>
  <testcase name="testBufferAppend" time="0,000" classname="cviceni.StringBuilderAndBufferTest"/>
  <testcase name="testBufferAppend" time="0,000" classname="cviceni.StringBuilderAndBufferTest"/>
  <testcase name="testBuilderAppendDelete" time="0,000" classname="cviceni.StringBuilderAndBufferTest"/>
  <testcase name="testBufferAppend" time="0,000" classname="cviceni.StringBuilderAndBufferTest"/>
  <testcase name="testBufferAppendDelete" time="0,000" classname="cviceni.StringBuilderAndBufferTest"/>
  <testcase name="testBufferAppendDelete" time="0,001" classname="cviceni.StringBuilderAndBufferTest"/>
  <testcase name="testBuilderAppendDelete" time="0,000" classname="cviceni.StringBuilderAndBufferTest"/>
  <testcase name="testBufferAppend" time="0,001" classname="cviceni.StringBuilderAndBufferTest"/>
  <testcase name="testBuilderAppendDelete" time="0,000" classname="cviceni.StringBuilderAndBufferTest"/>
  <testcase name="testBuilderAppendDelete" time="0,000" classname="cviceni.StringBuilderAndBufferTest"/>
  <testcase name="testBuilderAppend" time="0,000" classname="cviceni.StringBuilderAndBufferTest"/>
  <testcase name="testBuilderAppendDelete" time="0,000" classname="cviceni.StringBuilderAndBufferTest"/>
  <testcase name="testBuilderAppendDelete" time="0,000" classname="cviceni.StringBuilderAndBufferTest"/>
  <testcase name="testBuilderAppendDelete" time="0,000" classname="cviceni.StringBuilderAndBufferTest"/>
  <testcase name="testBuilderAppendDelete" time="0,001" classname="cviceni.StringBuilderAndBufferTest"/>
  <testcase name="testBufferAppendDelete" time="0,001" classname="cviceni.StringBuilderAndBufferTest"/>
  <testcase name="testBufferAppendDelete" time="0,000" classname="cviceni.StringBuilderAndBufferTest"/>
  <testcase name="testBufferAppendDelete" time="0,000" classname="cviceni.StringBuilderAndBufferTest"/>
  <testcase name="testBuilderAppend" time="0,032" classname="cviceni.StringBuilderAndBufferTest"/>
  <testcase name="testBuilderAppend" time="0,000" classname="cviceni.StringBuilderAndBufferTest"/>
  <testcase name="testBufferAppendDelete" time="0,000" classname="cviceni.StringBuilderAndBufferTest"/>
  <testcase name="testBuilderAppend" time="0,001" classname="cviceni.StringBuilderAndBufferTest"/>
  <testcase name="testBuilderAppend" time="0,046" classname="cviceni.StringBuilderAndBufferTest"/>
  <testcase name="testBufferAppend" time="0,000" classname="cviceni.StringBuilderAndBufferTest"/>
  <testcase name="testBufferAppendDelete" time="0,000" classname="cviceni.StringBuilderAndBufferTest"/>
  <testcase name="testBuilderAppend" time="0,001" classname="cviceni.StringBuilderAndBufferTest"/>
  <testcase name="testBuilderAppendDelete" time="0,000" classname="cviceni.StringBuilderAndBufferTest"/>
  <testcase name="testBufferAppendDelete" time="0,000" classname="cviceni.StringBuilderAndBufferTest"/>
  <testcase name="testBufferAppend" time="0,000" classname="cviceni.StringBuilderAndBufferTest"/>
  <testcase name="testBuilderAppend" time="0,000" classname="cviceni.StringBuilderAndBufferTest"/>
  <testcase name="testBuilderAppendDelete" time="0,001" classname="cviceni.StringBuilderAndBufferTest"/>
  <testcase name="testBufferAppendDelete" time="0,000" classname="cviceni.StringBuilderAndBufferTest"/>
  <testcase name="testBufferAppendDelete" time="0,001" classname="cviceni.StringBuilderAndBufferTest"/>
  <testcase name="testBuilderAppend" time="0,001" classname="cviceni.StringBuilderAndBufferTest"/>
  <testcase name="testBuilderAppendDelete" time="0,000" classname="cviceni.StringBuilderAndBufferTest"/>
  <testcase name="testBufferAppend" time="0,000" classname="cviceni.StringBuilderAndBufferTest"/>
  <testcase name="testBufferAppendDelete" time="0,000" classname="cviceni.StringBuilderAndBufferTest"/>
  <testcase name="testBuilderAppend" time="0,001" classname="cviceni.StringBuilderAndBufferTest"/>
  <testcase name="testBufferAppendDelete" time="0,000" classname="cviceni.StringBuilderAndBufferTest"/>
  <testcase name="testBufferAppend" time="0,000" classname="cviceni.StringBuilderAndBufferTest"/>
  <testcase name="testBuilderAppend" time="0,000" classname="cviceni.StringBuilderAndBufferTest"/>
  <testcase name="testBufferAppend" time="0,001" classname="cviceni.StringBuilderAndBufferTest"/>
  <testcase name="testBufferAppendDelete" time="0,001" classname="cviceni.StringBuilderAndBufferTest"/>
  <testcase name="testBuilderAppend" time="0,000" classname="cviceni.StringBuilderAndBufferTest"/>
  <testcase name="testBuilderAppendDelete" time="0,000" classname="cviceni.StringBuilderAndBufferTest"/>
  <testcase name="testBuilderAppendDelete" time="0,002" classname="cviceni.StringBuilderAndBufferTest"/>
  <testcase name="testBuilderAppendDelete" time="0,000" classname="cviceni.StringBuilderAndBufferTest"/>
  <testcase name="testBufferAppend" time="0,000" classname="cviceni.StringBuilderAndBufferTest"/>
  <testcase name="testBufferAppend" time="0,000" classname="cviceni.StringBuilderAndBufferTest"/>
  <testcase name="testBufferAppend" time="0,000" classname="cviceni.StringBuilderAndBufferTest"/>
  <testcase name="testBuilderAppendDelete" time="0,000" classname="cviceni.StringBuilderAndBufferTest"/>
  <testcase name="testBuilderAppendDelete" time="0,000" classname="cviceni.StringBuilderAndBufferTest"/>
  <testcase name="testBufferAppend" time="0,000" classname="cviceni.StringBuilderAndBufferTest"/>
  <testcase name="testBufferAppendDelete" time="0,000" classname="cviceni.StringBuilderAndBufferTest"/>
  <testcase name="testBuilderAppend" time="0,000" classname="cviceni.StringBuilderAndBufferTest"/>
  <testcase name="testBuilderAppendDelete" time="0,000" classname="cviceni.StringBuilderAndBufferTest"/>
  <testcase name="testBufferAppend" time="0,000" classname="cviceni.StringBuilderAndBufferTest"/>
  <testcase name="testBufferAppend" time="0,001" classname="cviceni.StringBuilderAndBufferTest"/>
  <testcase name="testBuilderAppendDelete" time="0,000" classname="cviceni.StringBuilderAndBufferTest"/>
  <testcase name="testBufferAppend" time="0,001" classname="cviceni.StringBuilderAndBufferTest"/>
  <testcase name="testBuilderAppend" time="0,000" classname="cviceni.StringBuilderAndBufferTest"/>
  <testcase name="testBufferAppend" time="0,000" classname="cviceni.StringBuilderAndBufferTest"/>
  <testcase name="testBufferAppendDelete" time="0,000" classname="cviceni.StringBuilderAndBufferTest"/>
  <testcase name="testBufferAppend" time="0,000" classname="cviceni.StringBuilderAndBufferTest"/>
  <testcase name="testBuilderAppend" time="0,000" classname="cviceni.StringBuilderAndBufferTest"/>
  <testcase name="testBuilderAppend" time="0,000" classname="cviceni.StringBuilderAndBufferTest"/>
  <testcase name="testBufferAppendDelete" time="0,000" classname="cviceni.StringBuilderAndBufferTest"/>
  <testcase name="testBufferAppend" time="0,001" classname="cviceni.StringBuilderAndBufferTest"/>
  <testcase name="testBuilderAppend" time="0,000" classname="cviceni.StringBuilderAndBufferTest"/>
  <testcase name="testBuilderAppend" time="0,000" classname="cviceni.StringBuilderAndBufferTest"/>
  <testcase name="testBuilderAppend" time="0,000" classname="cviceni.StringBuilderAndBufferTest"/>
  <testcase name="testBufferAppend" time="0,001" classname="cviceni.StringBuilderAndBufferTest"/>
  <testcase name="testBuilderAppendDelete" time="0,000" classname="cviceni.StringBuilderAndBufferTest"/>
  <testcase name="testBufferAppendDelete" time="0,001" classname="cviceni.StringBuilderAndBufferTest"/>
  <testcase name="testBuilderAppendDelete" time="0,020" classname="cviceni.StringBuilderAndBufferTest"/>
  <testcase name="testBufferAppendDelete" time="0,000" classname="cviceni.StringBuilderAndBufferTest"/>
  <testcase name="testBufferAppend" time="0,000" classname="cviceni.StringBuilderAndBufferTest"/>
  <testcase name="testBufferAppend" time="0,001" classname="cviceni.StringBuilderAndBufferTest"/>
  <testcase name="testBuilderAppend" time="0,000" classname="cviceni.StringBuilderAndBufferTest"/>
  <testcase name="testBufferAppendDelete" time="0,000" classname="cviceni.StringBuilderAndBufferTest"/>
  <testcase name="testBufferAppend" time="0,000" classname="cviceni.StringBuilderAndBufferTest"/>
  <testcase name="testBufferAppendDelete" time="0,000" classname="cviceni.StringBuilderAndBufferTest"/>
  <testcase name="testBuilderAppend" time="0,000" classname="cviceni.StringBuilderAndBufferTest"/>
  <testcase name="testBuilderAppend" time="0,000" classname="cviceni.StringBuilderAndBufferTest"/>
  <testcase name="testBuilderAppendDelete" time="0,001" classname="cviceni.StringBuilderAndBufferTest"/>
  <testcase name="testBuilderAppendDelete" time="0,001" classname="cviceni.StringBuilderAndBufferTest"/>
  <testcase name="testBuilderAppendDelete" time="0,001" classname="cviceni.StringBuilderAndBufferTest"/>
  <testcase name="testBuilderAppend" time="0,000" classname="cviceni.StringBuilderAndBufferTest"/>
  <testcase name="testBufferAppendDelete" time="0,000" classname="cviceni.StringBuilderAndBufferTest"/>
  <testcase name="testBufferAppendDelete" time="0,000" classname="cviceni.StringBuilderAndBufferTest"/>
  <testcase name="testBufferAppendDelete" time="0,000" classname="cviceni.StringBuilderAndBufferTest"/>
  <testcase name="testBufferAppendDelete" time="0,000" classname="cviceni.StringBuilderAndBufferTest"/>
  <testcase name="testBuilderAppendDelete" time="0,000" classname="cviceni.StringBuilderAndBufferTest"/>
  <testcase name="testBuilderAppendDelete" time="0,000" classname="cviceni.StringBuilderAndBufferTest"/>
  <testcase name="testBuilderAppend" time="0,001" classname="cviceni.StringBuilderAndBufferTest"/>
  <testcase name="testBufferAppendDelete" time="0,000" classname="cviceni.StringBuilderAndBufferTest"/>
  <testcase name="testBufferAppendDelete" time="0,001" classname="cviceni.StringBuilderAndBufferTest"/>
  <testcase name="testBufferAppendDelete" time="0,000" classname="cviceni.StringBuilderAndBufferTest"/>
  <testcase name="testBuilderAppendDelete" time="0,001" classname="cviceni.StringBuilderAndBufferTest"/>
  <testcase name="testBuilderAppend" time="0,000" classname="cviceni.StringBuilderAndBufferTest"/>
  <testcase name="testBuilderAppend" time="0,000" classname="cviceni.StringBuilderAndBufferTest"/>
  <testcase name="testBufferAppendDelete" time="0,000" classname="cviceni.StringBuilderAndBufferTest"/>
  <testcase name="testBufferAppend" time="0,001" classname="cviceni.StringBuilderAndBufferTest"/>
  <testcase name="testBuilderAppend" time="0,000" classname="cviceni.StringBuilderAndBufferTest"/>
  <testcase name="testBuilderAppend" time="0,001" classname="cviceni.StringBuilderAndBufferTest"/>
  <testcase name="testBufferAppendDelete" time="0,000" classname="cviceni.StringBuilderAndBufferTest"/>
  <testcase name="testBufferAppendDelete" time="0,000" classname="cviceni.StringBuilderAndBufferTest"/>
  <testcase name="testBufferAppendDelete" time="0,000" classname="cviceni.StringBuilderAndBufferTest"/>
  <testcase name="testBufferAppendDelete" time="0,000" classname="cviceni.StringBuilderAndBufferTest"/>
  <testcase name="testBuilderAppendDelete" time="0,001" classname="cviceni.StringBuilderAndBufferTest"/>
  <testcase name="testBuilderAppend" time="0,001" classname="cviceni.StringBuilderAndBufferTest"/>
  <testcase name="testBuilderAppend" time="0,000" classname="cviceni.StringBuilderAndBufferTest"/>
  <testcase name="testBufferAppendDelete" time="0,000" classname="cviceni.StringBuilderAndBufferTest"/>
  <testcase name="testBufferAppend" time="0,001" classname="cviceni.StringBuilderAndBufferTest"/>
  <testcase name="testBufferAppend" time="0,000" classname="cviceni.StringBuilderAndBufferTest"/>
  <testcase name="testBuilderAppendDelete" time="0,000" classname="cviceni.StringBuilderAndBufferTest"/>
  <testcase name="testBufferAppendDelete" time="0,000" classname="cviceni.StringBuilderAndBufferTest"/>
  <testcase name="testBufferAppend" time="0,001" classname="cviceni.StringBuilderAndBufferTest"/>
  <testcase name="testBufferAppend" time="0,000" classname="cviceni.StringBuilderAndBufferTest"/>
  <testcase name="testBuilderAppend" time="0,001" classname="cviceni.StringBuilderAndBufferTest"/>
  <testcase name="testBufferAppendDelete" time="0,001" classname="cviceni.StringBuilderAndBufferTest"/>
  <testcase name="testBuilderAppend" time="0,000" classname="cviceni.StringBuilderAndBufferTest"/>
  <testcase name="testBufferAppend" time="0,000" classname="cviceni.StringBuilderAndBufferTest"/>
  <testcase name="testBuilderAppendDelete" time="0,000" classname="cviceni.StringBuilderAndBufferTest"/>
  <testcase name="testBufferAppend" time="0,000" classname="cviceni.StringBuilderAndBufferTest"/>
  <testcase name="testBuilderAppend" time="0,000" classname="cviceni.StringBuilderAndBufferTest"/>
  <testcase name="testBuilderAppendDelete" time="0,000" classname="cviceni.StringBuilderAndBufferTest"/>
  <testcase name="testBuilderAppend" time="0,000" classname="cviceni.StringBuilderAndBufferTest"/>
  <testcase name="testBufferAppendDelete" time="0,001" classname="cviceni.StringBuilderAndBufferTest"/>
  <testcase name="testBufferAppend" time="0,000" classname="cviceni.StringBuilderAndBufferTest"/>
  <testcase name="testBuilderAppend" time="0,037" classname="cviceni.StringBuilderAndBufferTest"/>
  <testcase name="testBuilderAppendDelete" time="0,000" classname="cviceni.StringBuilderAndBufferTest"/>
  <testcase name="testBufferAppend" time="0,001" classname="cviceni.StringBuilderAndBufferTest"/>
  <testcase name="testBuilderAppendDelete" time="0,001" classname="cviceni.StringBuilderAndBufferTest"/>
  <testcase name="testBuilderAppendDelete" time="0,000" classname="cviceni.StringBuilderAndBufferTest"/>
  <testcase name="testBufferAppend" time="0,001" classname="cviceni.StringBuilderAndBufferTest"/>
  <testcase name="testBuilderAppendDelete" time="0,000" classname="cviceni.StringBuilderAndBufferTest"/>
  <testcase name="testBuilderAppend" time="0,000" classname="cviceni.StringBuilderAndBufferTest"/>
  <testcase name="testBuilderAppendDelete" time="0,000" classname="cviceni.StringBuilderAndBufferTest"/>
  <testcase name="testBufferAppendDelete" time="0,001" classname="cviceni.StringBuilderAndBufferTest"/>
  <testcase name="testBuilderAppend" time="0,001" classname="cviceni.StringBuilderAndBufferTest"/>
  <testcase name="testBufferAppendDelete" time="0,000" classname="cviceni.StringBuilderAndBufferTest"/>
  <testcase name="testBufferAppend" time="0,000" classname="cviceni.StringBuilderAndBufferTest"/>
  <testcase name="testBuilderAppendDelete" time="0,000" classname="cviceni.StringBuilderAndBufferTest"/>
  <testcase name="testBufferAppend" time="0,001" classname="cviceni.StringBuilderAndBufferTest"/>
  <testcase name="testBuilderAppendDelete" time="0,000" classname="cviceni.StringBuilderAndBufferTest"/>
  <testcase name="testBuilderAppend" time="0,001" classname="cviceni.StringBuilderAndBufferTest"/>
  <testcase name="testBuilderAppendDelete" time="0,000" classname="cviceni.StringBuilderAndBufferTest"/>
  <testcase name="testBuilderAppend" time="0,001" classname="cviceni.StringBuilderAndBufferTest"/>
  <testcase name="testBufferAppend" time="0,000" classname="cviceni.StringBuilderAndBufferTest"/>
  <testcase name="testBuilderAppendDelete" time="0,000" classname="cviceni.StringBuilderAndBufferTest"/>
  <testcase name="testBuilderAppend" time="0,001" classname="cviceni.StringBuilderAndBufferTest"/>
  <testcase name="testBuilderAppend" time="0,000" classname="cviceni.StringBuilderAndBufferTest"/>
  <testcase name="testBuilderAppend" time="0,000" classname="cviceni.StringBuilderAndBufferTest"/>
  <testcase name="testBufferAppendDelete" time="0,001" classname="cviceni.StringBuilderAndBufferTest"/>
  <testcase name="testBufferAppend" time="0,001" classname="cviceni.StringBuilderAndBufferTest"/>
  <testcase name="testBufferAppend" time="0,000" classname="cviceni.StringBuilderAndBufferTest"/>
  <testcase name="testBuilderAppend" time="0,000" classname="cviceni.StringBuilderAndBufferTest"/>
  <testcase name="testBuilderAppendDelete" time="0,000" classname="cviceni.StringBuilderAndBufferTest"/>
  <testcase name="testBufferAppendDelete" time="0,000" classname="cviceni.StringBuilderAndBufferTest"/>
  <testcase name="testBuilderAppend" time="0,000" classname="cviceni.StringBuilderAndBufferTest"/>
  <testcase name="testBufferAppend" time="0,000" classname="cviceni.StringBuilderAndBufferTest"/>
  <testcase name="testBufferAppendDelete" time="0,000" classname="cviceni.StringBuilderAndBufferTest"/>
  <testcase name="testBuilderAppend" time="0,000" classname="cviceni.StringBuilderAndBufferTest"/>
  <testcase name="testBufferAppend" time="0,001" classname="cviceni.StringBuilderAndBufferTest"/>
  <testcase name="testBuilderAppend" time="0,000" classname="cviceni.StringBuilderAndBufferTest"/>
  <testcase name="testBufferAppend" time="0,000" classname="cviceni.StringBuilderAndBufferTest"/>
  <testcase name="testBufferAppend" time="0,000" classname="cviceni.StringBuilderAndBufferTest"/>
  <testcase name="testBufferAppendDelete" time="0,000" classname="cviceni.StringBuilderAndBufferTest"/>
  <testcase name="testBuilderAppend" time="0,001" classname="cviceni.StringBuilderAndBufferTest"/>
  <testcase name="testBufferAppendDelete" time="0,000" classname="cviceni.StringBuilderAndBufferTest"/>
  <testcase name="testBufferAppend" time="0,000" classname="cviceni.StringBuilderAndBufferTest"/>
  <testcase name="testBufferAppendDelete" time="0,000" classname="cviceni.StringBuilderAndBufferTest"/>
  <testcase name="testBufferAppendDelete" time="0,000" classname="cviceni.StringBuilderAndBufferTest"/>
  <testcase name="testBuilderAppendDelete" time="0,001" classname="cviceni.StringBuilderAndBufferTest"/>
  <testcase name="testBufferAppendDelete" time="0,000" classname="cviceni.StringBuilderAndBufferTest"/>
  <testcase name="testBufferAppendDelete" time="0,000" classname="cviceni.StringBuilderAndBufferTest"/>
  <testcase name="testBuilderAppend" time="0,000" classname="cviceni.StringBuilderAndBufferTest"/>
  <testcase name="testBuilderAppend" time="0,000" classname="cviceni.StringBuilderAndBufferTest"/>
  <testcase name="testBuilderAppendDelete" time="0,000" classname="cviceni.StringBuilderAndBufferTest"/>
  <testcase name="testBufferAppendDelete" time="0,000" classname="cviceni.StringBuilderAndBufferTest"/>
  <testcase name="testBuilderAppend" time="0,000" classname="cviceni.StringBuilderAndBufferTest"/>
  <testcase name="testBuilderAppendDelete" time="0,000" classname="cviceni.StringBuilderAndBufferTest"/>
  <testcase name="testBufferAppend" time="0,001" classname="cviceni.StringBuilderAndBufferTest"/>
  <testcase name="testBuilderAppendDelete" time="0,001" classname="cviceni.StringBuilderAndBufferTest"/>
  <testcase name="testBuilderAppendDelete" time="0,000" classname="cviceni.StringBuilderAndBufferTest"/>
  <testcase name="testBufferAppend" time="0,000" classname="cviceni.StringBuilderAndBufferTest"/>
  <testcase name="testBuilderAppend" time="0,001" classname="cviceni.StringBuilderAndBufferTest"/>
  <testcase name="testBuilderAppend" time="0,001" classname="cviceni.StringBuilderAndBufferTest"/>
  <testcase name="testBuilderAppendDelete" time="0,000" classname="cviceni.StringBuilderAndBufferTest"/>
  <testcase name="testBuilderAppendDelete" time="0,001" classname="cviceni.StringBuilderAndBufferTest"/>
  <testcase name="testBufferAppendDelete" time="0,000" classname="cviceni.StringBuilderAndBufferTest"/>
  <testcase name="testBuilderAppendDelete" time="0,000" classname="cviceni.StringBuilderAndBufferTest"/>
  <testcase name="testBuilderAppendDelete" time="0,000" classname="cviceni.StringBuilderAndBufferTest"/>
  <testcase name="testBufferAppendDelete" time="0,001" classname="cviceni.StringBuilderAndBufferTest"/>
  <testcase name="testBuilderAppend" time="0,000" classname="cviceni.StringBuilderAndBufferTest"/>
  <testcase name="testBufferAppend" time="0,000" classname="cviceni.StringBuilderAndBufferTest"/>
  <testcase name="testBufferAppendDelete" time="0,000" classname="cviceni.StringBuilderAndBufferTest"/>
  <testcase name="testBuilderAppendDelete" time="0,000" classname="cviceni.StringBuilderAndBufferTest"/>
  <testcase name="testBufferAppend" time="0,000" classname="cviceni.StringBuilderAndBufferTest"/>
  <testcase name="testBufferAppendDelete" time="0,000" classname="cviceni.StringBuilderAndBufferTest"/>
  <testcase name="testBuilderAppend" time="0,000" classname="cviceni.StringBuilderAndBufferTest"/>
  <testcase name="testBuilderAppendDelete" time="0,000" classname="cviceni.StringBuilderAndBufferTest"/>
  <testcase name="testBufferAppendDelete" time="0,000" classname="cviceni.StringBuilderAndBufferTest"/>
  <testcase name="testBufferAppend" time="0,001" classname="cviceni.StringBuilderAndBufferTest"/>
  <testcase name="testBuilderAppendDelete" time="0,000" classname="cviceni.StringBuilderAndBufferTest"/>
  <testcase name="testBuilderAppendDelete" time="0,000" classname="cviceni.StringBuilderAndBufferTest"/>
  <testcase name="testBufferAppendDelete" time="0,000" classname="cviceni.StringBuilderAndBufferTest"/>
  <testcase name="testBufferAppendDelete" time="0,001" classname="cviceni.StringBuilderAndBufferTest"/>
  <testcase name="testBuilderAppend" time="0,000" classname="cviceni.StringBuilderAndBufferTest"/>
  <testcase name="testBufferAppendDelete" time="0,000" classname="cviceni.StringBuilderAndBufferTest"/>
  <testcase name="testBufferAppendDelete" time="0,000" classname="cviceni.StringBuilderAndBufferTest"/>
  <testcase name="testBufferAppendDelete" time="0,000" classname="cviceni.StringBuilderAndBufferTest"/>
  <testcase name="testBufferAppend" time="0,000" classname="cviceni.StringBuilderAndBufferTest"/>
  <testcase name="testBufferAppendDelete" time="0,000" classname="cviceni.StringBuilderAndBufferTest"/>
  <testcase name="testBufferAppendDelete" time="0,000" classname="cviceni.StringBuilderAndBufferTest"/>
  <testcase name="testBuilderAppendDelete" time="0,000" classname="cviceni.StringBuilderAndBufferTest"/>
  <testcase name="testBuilderAppendDelete" time="0,001" classname="cviceni.StringBuilderAndBufferTest"/>
  <testcase name="testBufferAppendDelete" time="0,001" classname="cviceni.StringBuilderAndBufferTest"/>
  <testcase name="testBufferAppend" time="0,001" classname="cviceni.StringBuilderAndBufferTest"/>
  <testcase name="testBufferAppend" time="0,001" classname="cviceni.StringBuilderAndBufferTest"/>
  <testcase name="testBuilderAppend" time="0,000" classname="cviceni.StringBuilderAndBufferTest"/>
  <testcase name="testBuilderAppendDelete" time="0,000" classname="cviceni.StringBuilderAndBufferTest"/>
  <testcase name="testBuilderAppend" time="0,001" classname="cviceni.StringBuilderAndBufferTest"/>
  <testcase name="testBuilderAppend" time="0,000" classname="cviceni.StringBuilderAndBufferTest"/>
  <testcase name="testBufferAppendDelete" time="0,000" classname="cviceni.StringBuilderAndBufferTest"/>
  <testcase name="testBufferAppendDelete" time="0,000" classname="cviceni.StringBuilderAndBufferTest"/>
  <testcase name="testBufferAppend" time="0,000" classname="cviceni.StringBuilderAndBufferTest"/>
  <testcase name="testBuilderAppend" time="0,000" classname="cviceni.StringBuilderAndBufferTest"/>
  <testcase name="testBuilderAppendDelete" time="0,000" classname="cviceni.StringBuilderAndBufferTest"/>
  <testcase name="testBufferAppend" time="0,000" classname="cviceni.StringBuilderAndBufferTest"/>
  <testcase name="testBuilderAppendDelete" time="0,000" classname="cviceni.StringBuilderAndBufferTest"/>
  <testcase name="testBufferAppendDelete" time="0,000" classname="cviceni.StringBuilderAndBufferTest"/>
  <testcase name="testBufferAppend" time="0,000" classname="cviceni.StringBuilderAndBufferTest"/>
  <testcase name="testBuilderAppendDelete" time="0,000" classname="cviceni.StringBuilderAndBufferTest"/>
  <testcase name="testBufferAppendDelete" time="0,001" classname="cviceni.StringBuilderAndBufferTest"/>
  <testcase name="testBuilderAppendDelete" time="0,001" classname="cviceni.StringBuilderAndBufferTest"/>
  <testcase name="testBufferAppendDelete" time="0,001" classname="cviceni.StringBuilderAndBufferTest"/>
  <testcase name="testBuilderAppend" time="0,001" classname="cviceni.StringBuilderAndBufferTest"/>
  <testcase name="testBufferAppend" time="0,000" classname="cviceni.StringBuilderAndBufferTest"/>
  <testcase name="testBufferAppend" time="0,000" classname="cviceni.StringBuilderAndBufferTest"/>
  <testcase name="testBuilderAppendDelete" time="0,001" classname="cviceni.StringBuilderAndBufferTest"/>
  <testcase name="testBufferAppend" time="0,001" classname="cviceni.StringBuilderAndBufferTest"/>
  <testcase name="testBufferAppendDelete" time="0,001" classname="cviceni.StringBuilderAndBufferTest"/>
  <testcase name="testBufferAppend" time="0,000" classname="cviceni.StringBuilderAndBufferTest"/>
  <testcase name="testBuilderAppend" time="0,001" classname="cviceni.StringBuilderAndBufferTest"/>
  <testcase name="testBufferAppendDelete" time="0,039" classname="cviceni.StringBuilderAndBufferTest"/>
  <testcase name="testBufferAppendDelete" time="0,000" classname="cviceni.StringBuilderAndBufferTest"/>
  <testcase name="testBufferAppendDelete" time="0,001" classname="cviceni.StringBuilderAndBufferTest"/>
  <testcase name="testBuilderAppend" time="0,000" classname="cviceni.StringBuilderAndBufferTest"/>
  <testcase name="testBufferAppendDelete" time="0,000" classname="cviceni.StringBuilderAndBufferTest"/>
  <testcase name="testBufferAppendDelete" time="0,000" classname="cviceni.StringBuilderAndBufferTest"/>
  <testcase name="testBuilderAppendDelete" time="0,000" classname="cviceni.StringBuilderAndBufferTest"/>
  <testcase name="testBuilderAppend" time="0,000" classname="cviceni.StringBuilderAndBufferTest"/>
  <testcase name="testBufferAppend" time="0,001" classname="cviceni.StringBuilderAndBufferTest"/>
  <testcase name="testBufferAppendDelete" time="0,000" classname="cviceni.StringBuilderAndBufferTest"/>
  <testcase name="testBuilderAppend" time="0,000" classname="cviceni.StringBuilderAndBufferTest"/>
  <testcase name="testBuilderAppendDelete" time="0,000" classname="cviceni.StringBuilderAndBufferTest"/>
  <testcase name="testBufferAppendDelete" time="0,000" classname="cviceni.StringBuilderAndBufferTest"/>
  <testcase name="testBufferAppend" time="0,001" classname="cviceni.StringBuilderAndBufferTest"/>
  <testcase name="testBufferAppendDelete" time="0,000" classname="cviceni.StringBuilderAndBufferTest"/>
  <testcase name="testBuilderAppendDelete" time="0,001" classname="cviceni.StringBuilderAndBufferTest"/>
  <testcase name="testBufferAppend" time="0,000" classname="cviceni.StringBuilderAndBufferTest"/>
  <testcase name="testBuilderAppend" time="0,001" classname="cviceni.StringBuilderAndBufferTest"/>
  <testcase name="testBufferAppend" time="0,000" classname="cviceni.StringBuilderAndBufferTest"/>
  <testcase name="testBufferAppendDelete" time="0,000" classname="cviceni.StringBuilderAndBufferTest"/>
  <testcase name="testBuilderAppendDelete" time="0,000" classname="cviceni.StringBuilderAndBufferTest"/>
  <testcase name="testBufferAppend" time="0,000" classname="cviceni.StringBuilderAndBufferTest"/>
  <testcase name="testBuilderAppend" time="0,000" classname="cviceni.StringBuilderAndBufferTest"/>
  <testcase name="testBuilderAppendDelete" time="0,000" classname="cviceni.StringBuilderAndBufferTest"/>
  <testcase name="testBuilderAppendDelete" time="0,000" classname="cviceni.StringBuilderAndBufferTest"/>
  <testcase name="testBufferAppend" time="0,001" classname="cviceni.StringBuilderAndBufferTest"/>
  <testcase name="testBufferAppendDelete" time="0,000" classname="cviceni.StringBuilderAndBufferTest"/>
  <testcase name="testBufferAppend" time="0,000" classname="cviceni.StringBuilderAndBufferTest"/>
  <testcase name="testBuilderAppend" time="0,000" classname="cviceni.StringBuilderAndBufferTest"/>
  <testcase name="testBuilderAppendDelete" time="0,001" classname="cviceni.StringBuilderAndBufferTest"/>
  <testcase name="testBufferAppendDelete" time="0,000" classname="cviceni.StringBuilderAndBufferTest"/>
  <testcase name="testBufferAppend" time="0,001" classname="cviceni.StringBuilderAndBufferTest"/>
  <testcase name="testBufferAppendDelete" time="0,001" classname="cviceni.StringBuilderAndBufferTest"/>
  <testcase name="testBuilderAppendDelete" time="0,000" classname="cviceni.StringBuilderAndBufferTest"/>
  <testcase name="testBufferAppendDelete" time="0,001" classname="cviceni.StringBuilderAndBufferTest"/>
  <testcase name="testBufferAppendDelete" time="0,001" classname="cviceni.StringBuilderAndBufferTest"/>
  <testcase name="testBufferAppend" time="0,001" classname="cviceni.StringBuilderAndBufferTest"/>
  <testcase name="testBuilderAppendDelete" time="0,000" classname="cviceni.StringBuilderAndBufferTest"/>
  <testcase name="testBufferAppend" time="0,001" classname="cviceni.StringBuilderAndBufferTest"/>
  <testcase name="testBuilderAppend" time="0,000" classname="cviceni.StringBuilderAndBufferTest"/>
  <testcase name="testBufferAppend" time="0,000" classname="cviceni.StringBuilderAndBufferTest"/>
  <testcase name="testBuilderAppend" time="0,000" classname="cviceni.StringBuilderAndBufferTest"/>
  <testcase name="testBuilderAppend" time="0,000" classname="cviceni.StringBuilderAndBufferTest"/>
  <testcase name="testBuilderAppend" time="0,000" classname="cviceni.StringBuilderAndBufferTest"/>
  <testcase name="testBuilderAppend" time="0,001" classname="cviceni.StringBuilderAndBufferTest"/>
  <testcase name="testBuilderAppendDelete" time="0,000" classname="cviceni.StringBuilderAndBufferTest"/>
  <testcase name="testBuilderAppendDelete" time="0,000" classname="cviceni.StringBuilderAndBufferTest"/>
  <testcase name="testBufferAppendDelete" time="0,000" classname="cviceni.StringBuilderAndBufferTest"/>
  <testcase name="testBuilderAppend" time="0,000" classname="cviceni.StringBuilderAndBufferTest"/>
  <testcase name="testBuilderAppend" time="0,000" classname="cviceni.StringBuilderAndBufferTest"/>
  <testcase name="testBufferAppendDelete" time="0,000" classname="cviceni.StringBuilderAndBufferTest"/>
  <testcase name="testBufferAppendDelete" time="0,001" classname="cviceni.StringBuilderAndBufferTest"/>
  <testcase name="testBuilderAppend" time="0,040" classname="cviceni.StringBuilderAndBufferTest"/>
  <testcase name="testBuilderAppendDelete" time="0,000" classname="cviceni.StringBuilderAndBufferTest"/>
  <testcase name="testBufferAppendDelete" time="0,001" classname="cviceni.StringBuilderAndBufferTest"/>
  <testcase name="testBufferAppend" time="0,000" classname="cviceni.StringBuilderAndBufferTest"/>
  <testcase name="testBufferAppendDelete" time="0,000" classname="cviceni.StringBuilderAndBufferTest"/>
  <testcase name="testBufferAppend" time="0,000" classname="cviceni.StringBuilderAndBufferTest"/>
  <testcase name="testBuilderAppendDelete" time="0,000" classname="cviceni.StringBuilderAndBufferTest"/>
  <testcase name="testBuilderAppend" time="0,000" classname="cviceni.StringBuilderAndBufferTest"/>
  <testcase name="testBufferAppendDelete" time="0,000" classname="cviceni.StringBuilderAndBufferTest"/>
  <testcase name="testBuilderAppendDelete" time="0,000" classname="cviceni.StringBuilderAndBufferTest"/>
  <testcase name="testBufferAppend" time="0,000" classname="cviceni.StringBuilderAndBufferTest"/>
  <testcase name="testBufferAppend" time="0,001" classname="cviceni.StringBuilderAndBufferTest"/>
  <testcase name="testBuilderAppend" time="0,000" classname="cviceni.StringBuilderAndBufferTest"/>
  <testcase name="testBufferAppend" time="0,000" classname="cviceni.StringBuilderAndBufferTest"/>
  <testcase name="testBufferAppend" time="0,000" classname="cviceni.StringBuilderAndBufferTest"/>
  <testcase name="testBufferAppend" time="0,000" classname="cviceni.StringBuilderAndBufferTest"/>
  <testcase name="testBuilderAppend" time="0,000" classname="cviceni.StringBuilderAndBufferTest"/>
  <testcase name="testBufferAppend" time="0,000" classname="cviceni.StringBuilderAndBufferTest"/>
  <testcase name="testBuilderAppendDelete" time="0,000" classname="cviceni.StringBuilderAndBufferTest"/>
  <testcase name="testBufferAppend" time="0,000" classname="cviceni.StringBuilderAndBufferTest"/>
  <testcase name="testBuilderAppendDelete" time="0,001" classname="cviceni.StringBuilderAndBufferTest"/>
  <testcase name="testBuilderAppendDelete" time="0,000" classname="cviceni.StringBuilderAndBufferTest"/>
  <testcase name="testBuilderAppendDelete" time="0,000" classname="cviceni.StringBuilderAndBufferTest"/>
  <testcase name="testBufferAppendDelete" time="0,000" classname="cviceni.StringBuilderAndBufferTest"/>
  <testcase name="testBufferAppend" time="0,001" classname="cviceni.StringBuilderAndBufferTest"/>
  <testcase name="testBufferAppendDelete" time="0,000" classname="cviceni.StringBuilderAndBufferTest"/>
  <testcase name="testBuilderAppendDelete" time="0,000" classname="cviceni.StringBuilderAndBufferTest"/>
  <testcase name="testBuilderAppend" time="0,000" classname="cviceni.StringBuilderAndBufferTest"/>
  <testcase name="testBuilderAppendDelete" time="0,001" classname="cviceni.StringBuilderAndBufferTest"/>
  <testcase name="testBuilderAppend" time="0,000" classname="cviceni.StringBuilderAndBufferTest"/>
  <testcase name="testBufferAppend" time="0,000" classname="cviceni.StringBuilderAndBufferTest"/>
  <testcase name="testBuilderAppendDelete" time="0,000" classname="cviceni.StringBuilderAndBufferTest"/>
  <testcase name="testBuilderAppendDelete" time="0,001" classname="cviceni.StringBuilderAndBufferTest"/>
  <testcase name="testBuilderAppend" time="0,000" classname="cviceni.StringBuilderAndBufferTest"/>
  <testcase name="testBufferAppend" time="0,001" classname="cviceni.StringBuilderAndBufferTest"/>
  <testcase name="testBufferAppendDelete" time="0,000" classname="cviceni.StringBuilderAndBufferTest"/>
  <testcase name="testBufferAppendDelete" time="0,000" classname="cviceni.StringBuilderAndBufferTest"/>
  <testcase name="testBuilderAppendDelete" time="0,000" classname="cviceni.StringBuilderAndBufferTest"/>
  <testcase name="testBuilderAppendDelete" time="0,001" classname="cviceni.StringBuilderAndBufferTest"/>
  <testcase name="testBufferAppendDelete" time="0,077" classname="cviceni.StringBuilderAndBufferTest"/>
  <testcase name="testBufferAppend" time="0,002" classname="cviceni.StringBuilderAndBufferTest"/>
  <testcase name="testBuilderAppendDelete" time="0,000" classname="cviceni.StringBuilderAndBufferTest"/>
  <testcase name="testBuilderAppendDelete" time="0,000" classname="cviceni.StringBuilderAndBufferTest"/>
  <testcase name="testBufferAppendDelete" time="0,055" classname="cviceni.StringBuilderAndBufferTest"/>
  <testcase name="testBuilderAppendDelete" time="0,001" classname="cviceni.StringBuilderAndBufferTest"/>
  <testcase name="testBufferAppendDelete" time="0,000" classname="cviceni.StringBuilderAndBufferTest"/>
  <testcase name="testBufferAppendDelete" time="0,000" classname="cviceni.StringBuilderAndBufferTest"/>
  <testcase name="testBuilderAppendDelete" time="0,000" classname="cviceni.StringBuilderAndBufferTest"/>
  <testcase name="testBufferAppend" time="0,001" classname="cviceni.StringBuilderAndBufferTest"/>
  <testcase name="testBufferAppend" time="0,000" classname="cviceni.StringBuilderAndBufferTest"/>
  <testcase name="testBufferAppendDelete" time="0,000" classname="cviceni.StringBuilderAndBufferTest"/>
  <testcase name="testBufferAppend" time="0,001" classname="cviceni.StringBuilderAndBufferTest"/>
  <testcase name="testBuilderAppend" time="0,000" classname="cviceni.StringBuilderAndBufferTest"/>
  <testcase name="testBufferAppendDelete" time="0,000" classname="cviceni.StringBuilderAndBufferTest"/>
  <testcase name="testBuilderAppend" time="0,000" classname="cviceni.StringBuilderAndBufferTest"/>
  <testcase name="testBuilderAppend" time="0,000" classname="cviceni.StringBuilderAndBufferTest"/>
  <testcase name="testBuilderAppendDelete" time="0,000" classname="cviceni.StringBuilderAndBufferTest"/>
  <testcase name="testBufferAppend" time="0,000" classname="cviceni.StringBuilderAndBufferTest"/>
  <testcase name="testBuilderAppendDelete" time="0,000" classname="cviceni.StringBuilderAndBufferTest"/>
  <testcase name="testBuilderAppend" time="0,001" classname="cviceni.StringBuilderAndBufferTest"/>
  <testcase name="testBuilderAppendDelete" time="0,000" classname="cviceni.StringBuilderAndBufferTest"/>
  <testcase name="testBuilderAppendDelete" time="0,000" classname="cviceni.StringBuilderAndBufferTest"/>
  <testcase name="testBufferAppendDelete" time="0,000" classname="cviceni.StringBuilderAndBufferTest"/>
  <testcase name="testBuilderAppend" time="0,000" classname="cviceni.StringBuilderAndBufferTest"/>
  <testcase name="testBufferAppendDelete" time="0,001" classname="cviceni.StringBuilderAndBufferTest"/>
  <testcase name="testBufferAppend" time="0,000" classname="cviceni.StringBuilderAndBufferTest"/>
  <testcase name="testBuilderAppend" time="0,000" classname="cviceni.StringBuilderAndBufferTest"/>
  <testcase name="testBufferAppendDelete" time="0,000" classname="cviceni.StringBuilderAndBufferTest"/>
  <testcase name="testBuilderAppendDelete" time="0,000" classname="cviceni.StringBuilderAndBufferTest"/>
  <testcase name="testBufferAppendDelete" time="0,001" classname="cviceni.StringBuilderAndBufferTest"/>
  <testcase name="testBuilderAppendDelete" time="0,000" classname="cviceni.StringBuilderAndBufferTest"/>
  <testcase name="testBuilderAppendDelete" time="0,000" classname="cviceni.StringBuilderAndBufferTest"/>
  <testcase name="testBufferAppend" time="0,000" classname="cviceni.StringBuilderAndBufferTest"/>
  <testcase name="testBufferAppendDelete" time="0,001" classname="cviceni.StringBuilderAndBufferTest"/>
  <testcase name="testBufferAppend" time="0,000" classname="cviceni.StringBuilderAndBufferTest"/>
  <testcase name="testBufferAppend" time="0,000" classname="cviceni.StringBuilderAndBufferTest"/>
  <testcase name="testBufferAppend" time="0,001" classname="cviceni.StringBuilderAndBufferTest"/>
  <testcase name="testBuilderAppendDelete" time="0,000" classname="cviceni.StringBuilderAndBufferTest"/>
  <testcase name="testBufferAppendDelete" time="0,001" classname="cviceni.StringBuilderAndBufferTest"/>
  <testcase name="testBuilderAppend" time="0,000" classname="cviceni.StringBuilderAndBufferTest"/>
  <testcase name="testBuilderAppendDelete" time="0,000" classname="cviceni.StringBuilderAndBufferTest"/>
  <testcase name="testBufferAppend" time="0,003" classname="cviceni.StringBuilderAndBufferTest"/>
  <testcase name="testBufferAppend" time="0,000" classname="cviceni.StringBuilderAndBufferTest"/>
  <testcase name="testBufferAppend" time="0,000" classname="cviceni.StringBuilderAndBufferTest"/>
  <testcase name="testBufferAppend" time="0,001" classname="cviceni.StringBuilderAndBufferTest"/>
  <testcase name="testBuilderAppend" time="0,000" classname="cviceni.StringBuilderAndBufferTest"/>
  <testcase name="testBufferAppendDelete" time="0,000" classname="cviceni.StringBuilderAndBufferTest"/>
  <testcase name="testBufferAppend" time="0,000" classname="cviceni.StringBuilderAndBufferTest"/>
  <testcase name="testBufferAppend" time="0,000" classname="cviceni.StringBuilderAndBufferTest"/>
  <testcase name="testBufferAppend" time="0,001" classname="cviceni.StringBuilderAndBufferTest"/>
  <testcase name="testBuilderAppendDelete" time="0,001" classname="cviceni.StringBuilderAndBufferTest"/>
  <testcase name="testBuilderAppend" time="0,000" classname="cviceni.StringBuilderAndBufferTest"/>
  <testcase name="testBuilderAppendDelete" time="0,000" classname="cviceni.StringBuilderAndBufferTest"/>
  <testcase name="testBufferAppend" time="0,000" classname="cviceni.StringBuilderAndBufferTest"/>
  <testcase name="testBuilderAppendDelete" time="0,000" classname="cviceni.StringBuilderAndBufferTest"/>
  <testcase name="testBuilderAppendDelete" time="0,000" classname="cviceni.StringBuilderAndBufferTest"/>
  <testcase name="testBuilderAppendDelete" time="0,001" classname="cviceni.StringBuilderAndBufferTest"/>
  <testcase name="testBuilderAppend" time="0,000" classname="cviceni.StringBuilderAndBufferTest"/>
  <testcase name="testBufferAppendDelete" time="0,000" classname="cviceni.StringBuilderAndBufferTest"/>
  <testcase name="testBuilderAppendDelete" time="0,000" classname="cviceni.StringBuilderAndBufferTest"/>
  <testcase name="testBufferAppend" time="0,000" classname="cviceni.StringBuilderAndBufferTest"/>
  <testcase name="testBuilderAppendDelete" time="0,000" classname="cviceni.StringBuilderAndBufferTest"/>
  <testcase name="testBuilderAppend" time="0,000" classname="cviceni.StringBuilderAndBufferTest"/>
  <testcase name="testBufferAppend" time="0,000" classname="cviceni.StringBuilderAndBufferTest"/>
  <testcase name="testBuilderAppendDelete" time="0,000" classname="cviceni.StringBuilderAndBufferTest"/>
  <testcase name="testBufferAppendDelete" time="0,001" classname="cviceni.StringBuilderAndBufferTest"/>
  <testcase name="testBufferAppend" time="0,000" classname="cviceni.StringBuilderAndBufferTest"/>
  <testcase name="testBuilderAppend" time="0,000" classname="cviceni.StringBuilderAndBufferTest"/>
  <testcase name="testBuilderAppend" time="0,000" classname="cviceni.StringBuilderAndBufferTest"/>
  <testcase name="testBufferAppend" time="0,001" classname="cviceni.StringBuilderAndBufferTest"/>
  <testcase name="testBufferAppend" time="0,000" classname="cviceni.StringBuilderAndBufferTest"/>
  <testcase name="testBuilderAppend" time="0,000" classname="cviceni.StringBuilderAndBufferTest"/>
  <testcase name="testBufferAppend" time="0,000" classname="cviceni.StringBuilderAndBufferTest"/>
  <testcase name="testBufferAppend" time="0,000" classname="cviceni.StringBuilderAndBufferTest"/>
  <testcase name="testBufferAppendDelete" time="0,000" classname="cviceni.StringBuilderAndBufferTest"/>
  <testcase name="testBufferAppend" time="0,000" classname="cviceni.StringBuilderAndBufferTest"/>
  <testcase name="testBufferAppend" time="0,000" classname="cviceni.StringBuilderAndBufferTest"/>
  <testcase name="testBuilderAppend" time="0,001" classname="cviceni.StringBuilderAndBufferTest"/>
  <testcase name="testBufferAppendDelete" time="0,000" classname="cviceni.StringBuilderAndBufferTest"/>
  <testcase name="testBuilderAppendDelete" time="0,000" classname="cviceni.StringBuilderAndBufferTest"/>
  <testcase name="testBufferAppendDelete" time="0,000" classname="cviceni.StringBuilderAndBufferTest"/>
  <testcase name="testBufferAppend" time="0,000" classname="cviceni.StringBuilderAndBufferTest"/>
  <testcase name="testBuilderAppendDelete" time="0,000" classname="cviceni.StringBuilderAndBufferTest"/>
  <testcase name="testBufferAppendDelete" time="0,001" classname="cviceni.StringBuilderAndBufferTest"/>
  <testcase name="testBuilderAppend" time="0,000" classname="cviceni.StringBuilderAndBufferTest"/>
  <testcase name="testBuilderAppendDelete" time="0,000" classname="cviceni.StringBuilderAndBufferTest"/>
  <testcase name="testBuilderAppend" time="0,000" classname="cviceni.StringBuilderAndBufferTest"/>
  <testcase name="testBuilderAppendDelete" time="0,040" classname="cviceni.StringBuilderAndBufferTest"/>
  <testcase name="testBuilderAppend" time="0,000" classname="cviceni.StringBuilderAndBufferTest"/>
  <testcase name="testBufferAppend" time="0,000" classname="cviceni.StringBuilderAndBufferTest"/>
  <testcase name="testBuilderAppend" time="0,000" classname="cviceni.StringBuilderAndBufferTest"/>
  <testcase name="testBuilderAppend" time="0,001" classname="cviceni.StringBuilderAndBufferTest"/>
  <testcase name="testBuilderAppendDelete" time="0,001" classname="cviceni.StringBuilderAndBufferTest"/>
  <testcase name="testBuilderAppend" time="0,000" classname="cviceni.StringBuilderAndBufferTest"/>
  <testcase name="testBufferAppend" time="0,000" classname="cviceni.StringBuilderAndBufferTest"/>
  <testcase name="testBufferAppend" time="0,001" classname="cviceni.StringBuilderAndBufferTest"/>
  <testcase name="testBufferAppendDelete" time="0,000" classname="cviceni.StringBuilderAndBufferTest"/>
  <testcase name="testBufferAppendDelete" time="0,000" classname="cviceni.StringBuilderAndBufferTest"/>
  <testcase name="testBufferAppend" time="0,000" classname="cviceni.StringBuilderAndBufferTest"/>
  <testcase name="testBuilderAppend" time="0,001" classname="cviceni.StringBuilderAndBufferTest"/>
  <testcase name="testBuilderAppend" time="0,000" classname="cviceni.StringBuilderAndBufferTest"/>
  <testcase name="testBufferAppend" time="0,000" classname="cviceni.StringBuilderAndBufferTest"/>
  <testcase name="testBuilderAppendDelete" time="0,000" classname="cviceni.StringBuilderAndBufferTest"/>
  <testcase name="testBuilderAppendDelete" time="0,000" classname="cviceni.StringBuilderAndBufferTest"/>
  <testcase name="testBuilderAppend" time="0,001" classname="cviceni.StringBuilderAndBufferTest"/>
  <testcase name="testBufferAppendDelete" time="0,000" classname="cviceni.StringBuilderAndBufferTest"/>
  <testcase name="testBufferAppendDelete" time="0,000" classname="cviceni.StringBuilderAndBufferTest"/>
  <testcase name="testBuilderAppend" time="0,000" classname="cviceni.StringBuilderAndBufferTest"/>
  <testcase name="testBuilderAppendDelete" time="0,000" classname="cviceni.StringBuilderAndBufferTest"/>
  <testcase name="testBuilderAppend" time="0,000" classname="cviceni.StringBuilderAndBufferTest"/>
  <testcase name="testBuilderAppendDelete" time="0,000" classname="cviceni.StringBuilderAndBufferTest"/>
  <testcase name="testBufferAppend" time="0,001" classname="cviceni.StringBuilderAndBufferTest"/>
  <testcase name="testBuilderAppendDelete" time="0,000" classname="cviceni.StringBuilderAndBufferTest"/>
  <testcase name="testBuilderAppend" time="0,000" classname="cviceni.StringBuilderAndBufferTest"/>
  <testcase name="testBufferAppend" time="0,000" classname="cviceni.StringBuilderAndBufferTest"/>
  <testcase name="testBufferAppend" time="0,000" classname="cviceni.StringBuilderAndBufferTest"/>
  <testcase name="testBuilderAppendDelete" time="0,001" classname="cviceni.StringBuilderAndBufferTest"/>
  <testcase name="testBufferAppendDelete" time="0,000" classname="cviceni.StringBuilderAndBufferTest"/>
  <testcase name="testBufferAppendDelete" time="0,000" classname="cviceni.StringBuilderAndBufferTest"/>
  <testcase name="testBuilderAppendDelete" time="0,000" classname="cviceni.StringBuilderAndBufferTest"/>
  <testcase name="testBuilderAppend" time="0,000" classname="cviceni.StringBuilderAndBufferTest"/>
  <testcase name="testBuilderAppendDelete" time="0,000" classname="cviceni.StringBuilderAndBufferTest"/>
  <testcase name="testBuilderAppend" time="0,000" classname="cviceni.StringBuilderAndBufferTest"/>
  <testcase name="testBuilderAppendDelete" time="0,000" classname="cviceni.StringBuilderAndBufferTest"/>
  <testcase name="testBuilderAppend" time="0,001" classname="cviceni.StringBuilderAndBufferTest"/>
  <testcase name="testBuilderAppend" time="0,000" classname="cviceni.StringBuilderAndBufferTest"/>
  <testcase name="testBuilderAppend" time="0,000" classname="cviceni.StringBuilderAndBufferTest"/>
  <testcase name="testBufferAppendDelete" time="0,000" classname="cviceni.StringBuilderAndBufferTest"/>
  <testcase name="testBuilderAppend" time="0,000" classname="cviceni.StringBuilderAndBufferTest"/>
  <testcase name="testBufferAppendDelete" time="0,000" classname="cviceni.StringBuilderAndBufferTest"/>
  <testcase name="testBufferAppend" time="0,000" classname="cviceni.StringBuilderAndBufferTest"/>
  <testcase name="testBuilderAppend" time="0,000" classname="cviceni.StringBuilderAndBufferTest"/>
  <testcase name="testBufferAppendDelete" time="0,000" classname="cviceni.StringBuilderAndBufferTest"/>
  <testcase name="testBufferAppendDelete" time="0,000" classname="cviceni.StringBuilderAndBufferTest"/>
  <testcase name="testBuilderAppendDelete" time="0,000" classname="cviceni.StringBuilderAndBufferTest"/>
  <testcase name="testBuilderAppend" time="0,000" classname="cviceni.StringBuilderAndBufferTest"/>
  <testcase name="testBuilderAppend" time="0,000" classname="cviceni.StringBuilderAndBufferTest"/>
  <testcase name="testBuilderAppend" time="0,000" classname="cviceni.StringBuilderAndBufferTest"/>
  <testcase name="testBufferAppend" time="0,000" classname="cviceni.StringBuilderAndBufferTest"/>
  <testcase name="testBuilderAppendDelete" time="0,001" classname="cviceni.StringBuilderAndBufferTest"/>
  <testcase name="testBuilderAppendDelete" time="0,000" classname="cviceni.StringBuilderAndBufferTest"/>
  <testcase name="testBuilderAppendDelete" time="0,000" classname="cviceni.StringBuilderAndBufferTest"/>
  <testcase name="testBuilderAppendDelete" time="0,000" classname="cviceni.StringBuilderAndBufferTest"/>
  <testcase name="testBufferAppendDelete" time="0,000" classname="cviceni.StringBuilderAndBufferTest"/>
  <testcase name="testBuilderAppendDelete" time="0,000" classname="cviceni.StringBuilderAndBufferTest"/>
  <testcase name="testBufferAppend" time="0,000" classname="cviceni.StringBuilderAndBufferTest"/>
  <testcase name="testBuilderAppendDelete" time="0,001" classname="cviceni.StringBuilderAndBufferTest"/>
  <testcase name="testBuilderAppend" time="0,034" classname="cviceni.StringBuilderAndBufferTest"/>
  <testcase name="testBufferAppendDelete" time="0,000" classname="cviceni.StringBuilderAndBufferTest"/>
  <testcase name="testBuilderAppend" time="0,000" classname="cviceni.StringBuilderAndBufferTest"/>
  <testcase name="testBuilderAppend" time="0,000" classname="cviceni.StringBuilderAndBufferTest"/>
  <testcase name="testBufferAppendDelete" time="0,000" classname="cviceni.StringBuilderAndBufferTest"/>
  <testcase name="testBufferAppend" time="0,000" classname="cviceni.StringBuilderAndBufferTest"/>
  <testcase name="testBufferAppend" time="0,000" classname="cviceni.StringBuilderAndBufferTest"/>
  <testcase name="testBufferAppend" time="0,000" classname="cviceni.StringBuilderAndBufferTest"/>
  <testcase name="testBufferAppend" time="0,000" classname="cviceni.StringBuilderAndBufferTest"/>
  <testcase name="testBuilderAppend" time="0,000" classname="cviceni.StringBuilderAndBufferTest"/>
  <testcase name="testBuilderAppendDelete" time="0,000" classname="cviceni.StringBuilderAndBufferTest"/>
  <testcase name="testBufferAppend" time="0,000" classname="cviceni.StringBuilderAndBufferTest"/>
  <testcase name="testBuilderAppend" time="0,000" classname="cviceni.StringBuilderAndBufferTest"/>
  <testcase name="testBufferAppend" time="0,000" classname="cviceni.StringBuilderAndBufferTest"/>
  <testcase name="testBufferAppendDelete" time="0,001" classname="cviceni.StringBuilderAndBufferTest"/>
  <testcase name="testBuilderAppend" time="0,000" classname="cviceni.StringBuilderAndBufferTest"/>
  <testcase name="testBufferAppendDelete" time="0,000" classname="cviceni.StringBuilderAndBufferTest"/>
  <testcase name="testBuilderAppend" time="0,001" classname="cviceni.StringBuilderAndBufferTest"/>
  <testcase name="testBufferAppend" time="0,000" classname="cviceni.StringBuilderAndBufferTest"/>
  <testcase name="testBufferAppend" time="0,000" classname="cviceni.StringBuilderAndBufferTest"/>
  <testcase name="testBufferAppendDelete" time="0,000" classname="cviceni.StringBuilderAndBufferTest"/>
  <testcase name="testBufferAppend" time="0,000" classname="cviceni.StringBuilderAndBufferTest"/>
  <testcase name="testBuilderAppendDelete" time="0,000" classname="cviceni.StringBuilderAndBufferTest"/>
  <testcase name="testBuilderAppend" time="0,000" classname="cviceni.StringBuilderAndBufferTest"/>
  <testcase name="testBuilderAppend" time="0,000" classname="cviceni.StringBuilderAndBufferTest"/>
  <testcase name="testBuilderAppendDelete" time="0,000" classname="cviceni.StringBuilderAndBufferTest"/>
  <testcase name="testBufferAppendDelete" time="0,001" classname="cviceni.StringBuilderAndBufferTest"/>
  <testcase name="testBufferAppendDelete" time="0,000" classname="cviceni.StringBuilderAndBufferTest"/>
  <testcase name="testBuilderAppend" time="0,000" classname="cviceni.StringBuilderAndBufferTest"/>
  <testcase name="testBuilderAppendDelete" time="0,000" classname="cviceni.StringBuilderAndBufferTest"/>
  <testcase name="testBufferAppend" time="0,000" classname="cviceni.StringBuilderAndBufferTest"/>
  <testcase name="testBufferAppend" time="0,000" classname="cviceni.StringBuilderAndBufferTest"/>
  <testcase name="testBuilderAppendDelete" time="0,000" classname="cviceni.StringBuilderAndBufferTest"/>
  <testcase name="testBufferAppendDelete" time="0,000" classname="cviceni.StringBuilderAndBufferTest"/>
  <testcase name="testBufferAppendDelete" time="0,001" classname="cviceni.StringBuilderAndBufferTest"/>
  <testcase name="testBuilderAppendDelete" time="0,000" classname="cviceni.StringBuilderAndBufferTest"/>
  <testcase name="testBufferAppendDelete" time="0,001" classname="cviceni.StringBuilderAndBufferTest"/>
  <testcase name="testBufferAppendDelete" time="0,001" classname="cviceni.StringBuilderAndBufferTest"/>
  <testcase name="testBuilderAppend" time="0,001" classname="cviceni.StringBuilderAndBufferTest"/>
  <testcase name="testBuilderAppendDelete" time="0,001" classname="cviceni.StringBuilderAndBufferTest"/>
  <testcase name="testBuilderAppend" time="0,004" classname="cviceni.StringBuilderAndBufferTest"/>
  <testcase name="testBuilderAppendDelete" time="0,000" classname="cviceni.StringBuilderAndBufferTest"/>
  <testcase name="testBufferAppendDelete" time="0,000" classname="cviceni.StringBuilderAndBufferTest"/>
  <testcase name="testBufferAppendDelete" time="0,000" classname="cviceni.StringBuilderAndBufferTest"/>
  <testcase name="testBufferAppend" time="0,000" classname="cviceni.StringBuilderAndBufferTest"/>
  <testcase name="testBuilderAppendDelete" time="0,000" classname="cviceni.StringBuilderAndBufferTest"/>
  <testcase name="testBuilderAppend" time="0,000" classname="cviceni.StringBuilderAndBufferTest"/>
  <testcase name="testBuilderAppend" time="0,001" classname="cviceni.StringBuilderAndBufferTest"/>
  <testcase name="testBuilderAppendDelete" time="0,000" classname="cviceni.StringBuilderAndBufferTest"/>
  <testcase name="testBuilderAppendDelete" time="0,000" classname="cviceni.StringBuilderAndBufferTest"/>
  <testcase name="testBuilderAppendDelete" time="0,001" classname="cviceni.StringBuilderAndBufferTest"/>
  <testcase name="testBufferAppendDelete" time="0,001" classname="cviceni.StringBuilderAndBufferTest"/>
  <testcase name="testBuilderAppend" time="0,001" classname="cviceni.StringBuilderAndBufferTest"/>
  <testcase name="testBufferAppendDelete" time="0,000" classname="cviceni.StringBuilderAndBufferTest"/>
  <testcase name="testBufferAppendDelete" time="0,000" classname="cviceni.StringBuilderAndBufferTest"/>
  <testcase name="testBuilderAppendDelete" time="0,000" classname="cviceni.StringBuilderAndBufferTest"/>
  <testcase name="testBufferAppend" time="0,000" classname="cviceni.StringBuilderAndBufferTest"/>
  <testcase name="testBufferAppend" time="0,000" classname="cviceni.StringBuilderAndBufferTest"/>
  <testcase name="testBuilderAppend" time="0,045" classname="cviceni.StringBuilderAndBufferTest"/>
  <testcase name="testBufferAppendDelete" time="0,000" classname="cviceni.StringBuilderAndBufferTest"/>
  <testcase name="testBufferAppendDelete" time="0,000" classname="cviceni.StringBuilderAndBufferTest"/>
  <testcase name="testBufferAppendDelete" time="0,001" classname="cviceni.StringBuilderAndBufferTest"/>
  <testcase name="testBufferAppend" time="0,000" classname="cviceni.StringBuilderAndBufferTest"/>
  <testcase name="testBufferAppendDelete" time="0,000" classname="cviceni.StringBuilderAndBufferTest"/>
  <testcase name="testBuilderAppend" time="0,000" classname="cviceni.StringBuilderAndBufferTest"/>
  <testcase name="testBuilderAppendDelete" time="0,001" classname="cviceni.StringBuilderAndBufferTest"/>
  <testcase name="testBufferAppendDelete" time="0,000" classname="cviceni.StringBuilderAndBufferTest"/>
  <testcase name="testBuilderAppendDelete" time="0,000" classname="cviceni.StringBuilderAndBufferTest"/>
  <testcase name="testBufferAppendDelete" time="0,000" classname="cviceni.StringBuilderAndBufferTest"/>
  <testcase name="testBuilderAppend" time="0,000" classname="cviceni.StringBuilderAndBufferTest"/>
  <testcase name="testBuilderAppendDelete" time="0,000" classname="cviceni.StringBuilderAndBufferTest"/>
  <testcase name="testBufferAppend" time="0,001" classname="cviceni.StringBuilderAndBufferTest"/>
  <testcase name="testBuilderAppendDelete" time="0,000" classname="cviceni.StringBuilderAndBufferTest"/>
  <testcase name="testBufferAppendDelete" time="0,000" classname="cviceni.StringBuilderAndBufferTest"/>
  <testcase name="testBufferAppend" time="0,000" classname="cviceni.StringBuilderAndBufferTest"/>
  <testcase name="testBufferAppendDelete" time="0,000" classname="cviceni.StringBuilderAndBufferTest"/>
  <testcase name="testBuilderAppend" time="0,000" classname="cviceni.StringBuilderAndBufferTest"/>
  <testcase name="testBuilderAppendDelete" time="0,000" classname="cviceni.StringBuilderAndBufferTest"/>
  <testcase name="testBufferAppend" time="0,000" classname="cviceni.StringBuilderAndBufferTest"/>
  <testcase name="testBufferAppendDelete" time="0,000" classname="cviceni.StringBuilderAndBufferTest"/>
  <testcase name="testBufferAppendDelete" time="0,001" classname="cviceni.StringBuilderAndBufferTest"/>
  <testcase name="testBuilderAppendDelete" time="0,000" classname="cviceni.StringBuilderAndBufferTest"/>
  <testcase name="testBuilderAppendDelete" time="0,000" classname="cviceni.StringBuilderAndBufferTest"/>
  <testcase name="testBuilderAppend" time="0,001" classname="cviceni.StringBuilderAndBufferTest"/>
  <testcase name="testBufferAppend" time="0,000" classname="cviceni.StringBuilderAndBufferTest"/>
  <testcase name="testBuilderAppend" time="0,001" classname="cviceni.StringBuilderAndBufferTest"/>
  <testcase name="testBufferAppendDelete" time="0,001" classname="cviceni.StringBuilderAndBufferTest"/>
  <testcase name="testBufferAppend" time="0,000" classname="cviceni.StringBuilderAndBufferTest"/>
  <testcase name="testBufferAppend" time="0,001" classname="cviceni.StringBuilderAndBufferTest"/>
  <testcase name="testBufferAppendDelete" time="0,000" classname="cviceni.StringBuilderAndBufferTest"/>
  <testcase name="testBufferAppend" time="0,025" classname="cviceni.StringBuilderAndBufferTest"/>
  <testcase name="testBuilderAppendDelete" time="0,000" classname="cviceni.StringBuilderAndBufferTest"/>
  <testcase name="testBufferAppendDelete" time="0,000" classname="cviceni.StringBuilderAndBufferTest"/>
  <testcase name="testBuilderAppend" time="0,000" classname="cviceni.StringBuilderAndBufferTest"/>
  <testcase name="testBuilderAppend" time="0,001" classname="cviceni.StringBuilderAndBufferTest"/>
  <testcase name="testBufferAppend" time="0,001" classname="cviceni.StringBuilderAndBufferTest"/>
  <testcase name="testBuilderAppendDelete" time="0,000" classname="cviceni.StringBuilderAndBufferTest"/>
  <testcase name="testBuilderAppend" time="0,000" classname="cviceni.StringBuilderAndBufferTest"/>
  <testcase name="testBuilderAppend" time="0,001" classname="cviceni.StringBuilderAndBufferTest"/>
  <testcase name="testBuilderAppendDelete" time="0,000" classname="cviceni.StringBuilderAndBufferTest"/>
  <testcase name="testBuilderAppend" time="0,000" classname="cviceni.StringBuilderAndBufferTest"/>
  <testcase name="testBuilderAppendDelete" time="0,001" classname="cviceni.StringBuilderAndBufferTest"/>
  <testcase name="testBuilderAppendDelete" time="0,002" classname="cviceni.StringBuilderAndBufferTest"/>
  <testcase name="testBufferAppendDelete" time="0,001" classname="cviceni.StringBuilderAndBufferTest"/>
  <testcase name="testBufferAppendDelete" time="0,000" classname="cviceni.StringBuilderAndBufferTest"/>
  <testcase name="testBuilderAppendDelete" time="0,001" classname="cviceni.StringBuilderAndBufferTest"/>
  <testcase name="testBuilderAppendDelete" time="0,000" classname="cviceni.StringBuilderAndBufferTest"/>
  <testcase name="testBuilderAppendDelete" time="0,001" classname="cviceni.StringBuilderAndBufferTest"/>
  <testcase name="testBuilderAppend" time="0,000" classname="cviceni.StringBuilderAndBufferTest"/>
  <testcase name="testBufferAppendDelete" time="0,000" classname="cviceni.StringBuilderAndBufferTest"/>
  <testcase name="testBufferAppendDelete" time="0,001" classname="cviceni.StringBuilderAndBufferTest"/>
  <testcase name="testBufferAppendDelete" time="0,000" classname="cviceni.StringBuilderAndBufferTest"/>
  <testcase name="testBufferAppendDelete" time="0,001" classname="cviceni.StringBuilderAndBufferTest"/>
  <testcase name="testBufferAppendDelete" time="0,000" classname="cviceni.StringBuilderAndBufferTest"/>
  <testcase name="testBufferAppend" time="0,000" classname="cviceni.StringBuilderAndBufferTest"/>
  <testcase name="testBuilderAppend" time="0,000" classname="cviceni.StringBuilderAndBufferTest"/>
  <testcase name="testBufferAppendDelete" time="0,000" classname="cviceni.StringBuilderAndBufferTest"/>
  <testcase name="testBuilderAppendDelete" time="0,000" classname="cviceni.StringBuilderAndBufferTest"/>
  <testcase name="testBufferAppendDelete" time="0,000" classname="cviceni.StringBuilderAndBufferTest"/>
  <testcase name="testBufferAppendDelete" time="0,001" classname="cviceni.StringBuilderAndBufferTest"/>
  <testcase name="testBufferAppend" time="0,000" classname="cviceni.StringBuilderAndBufferTest"/>
  <testcase name="testBufferAppendDelete" time="0,000" classname="cviceni.StringBuilderAndBufferTest"/>
  <testcase name="testBuilderAppendDelete" time="0,001" classname="cviceni.StringBuilderAndBufferTest"/>
  <testcase name="testBuilderAppend" time="0,000" classname="cviceni.StringBuilderAndBufferTest"/>
  <testcase name="testBufferAppend" time="0,000" classname="cviceni.StringBuilderAndBufferTest"/>
  <testcase name="testBufferAppend" time="0,000" classname="cviceni.StringBuilderAndBufferTest"/>
  <testcase name="testBuilderAppend" time="0,000" classname="cviceni.StringBuilderAndBufferTest"/>
  <testcase name="testBufferAppend" time="0,000" classname="cviceni.StringBuilderAndBufferTest"/>
  <testcase name="testBufferAppendDelete" time="0,000" classname="cviceni.StringBuilderAndBufferTest"/>
  <testcase name="testBufferAppendDelete" time="0,000" classname="cviceni.StringBuilderAndBufferTest"/>
  <testcase name="testBuilderAppend" time="0,000" classname="cviceni.StringBuilderAndBufferTest"/>
  <testcase name="testBufferAppend" time="0,000" classname="cviceni.StringBuilderAndBufferTest"/>
  <testcase name="testBuilderAppendDelete" time="0,000" classname="cviceni.StringBuilderAndBufferTest"/>
  <testcase name="testBufferAppendDelete" time="0,000" classname="cviceni.StringBuilderAndBufferTest"/>
  <testcase name="testBuilderAppend" time="0,000" classname="cviceni.StringBuilderAndBufferTest"/>
  <testcase name="testBufferAppend" time="0,000" classname="cviceni.StringBuilderAndBufferTest"/>
  <testcase name="testBufferAppend" time="0,000" classname="cviceni.StringBuilderAndBufferTest"/>
  <testcase name="testBuilderAppendDelete" time="0,000" classname="cviceni.StringBuilderAndBufferTest"/>
  <testcase name="testBuilderAppendDelete" time="0,000" classname="cviceni.StringBuilderAndBufferTest"/>
  <testcase name="testBuilderAppendDelete" time="0,000" classname="cviceni.StringBuilderAndBufferTest"/>
  <testcase name="testBufferAppend" time="0,000" classname="cviceni.StringBuilderAndBufferTest"/>
  <testcase name="testBufferAppendDelete" time="0,000" classname="cviceni.StringBuilderAndBufferTest"/>
  <testcase name="testBuilderAppendDelete" time="0,000" classname="cviceni.StringBuilderAndBufferTest"/>
  <testcase name="testBufferAppend" time="0,000" classname="cviceni.StringBuilderAndBufferTest"/>
  <testcase name="testBuilderAppendDelete" time="0,000" classname="cviceni.StringBuilderAndBufferTest"/>
  <testcase name="testBuilderAppend" time="0,000" classname="cviceni.StringBuilderAndBufferTest"/>
  <testcase name="testBuilderAppend" time="0,000" classname="cviceni.StringBuilderAndBufferTest"/>
  <testcase name="testBuilderAppendDelete" time="0,000" classname="cviceni.StringBuilderAndBufferTest"/>
  <testcase name="testBuilderAppendDelete" time="0,000" classname="cviceni.StringBuilderAndBufferTest"/>
  <testcase name="testBuilderAppendDelete" time="0,000" classname="cviceni.StringBuilderAndBufferTest"/>
  <testcase name="testBufferAppend" time="0,001" classname="cviceni.StringBuilderAndBufferTest"/>
  <testcase name="testBuilderAppendDelete" time="0,000" classname="cviceni.StringBuilderAndBufferTest"/>
  <testcase name="testBufferAppendDelete" time="0,000" classname="cviceni.StringBuilderAndBufferTest"/>
  <testcase name="testBuilderAppendDelete" time="0,001" classname="cviceni.StringBuilderAndBufferTest"/>
  <testcase name="testBufferAppendDelete" time="0,000" classname="cviceni.StringBuilderAndBufferTest"/>
  <testcase name="testBuilderAppend" time="0,000" classname="cviceni.StringBuilderAndBufferTest"/>
  <testcase name="testBuilderAppendDelete" time="0,000" classname="cviceni.StringBuilderAndBufferTest"/>
  <testcase name="testBuilderAppend" time="0,000" classname="cviceni.StringBuilderAndBufferTest"/>
  <testcase name="testBuilderAppend" time="0,000" classname="cviceni.StringBuilderAndBufferTest"/>
  <testcase name="testBuilderAppendDelete" time="0,000" classname="cviceni.StringBuilderAndBufferTest"/>
  <testcase name="testBuilderAppend" time="0,000" classname="cviceni.StringBuilderAndBufferTest"/>
  <testcase name="testBufferAppend" time="0,000" classname="cviceni.StringBuilderAndBufferTest"/>
  <testcase name="testBuilderAppendDelete" time="0,001" classname="cviceni.StringBuilderAndBufferTest"/>
  <testcase name="testBufferAppendDelete" time="0,001" classname="cviceni.StringBuilderAndBufferTest"/>
  <testcase name="testBuilderAppend" time="0,001" classname="cviceni.StringBuilderAndBufferTest"/>
  <testcase name="testBufferAppendDelete" time="0,000" classname="cviceni.StringBuilderAndBufferTest"/>
  <testcase name="testBuilderAppend" time="0,003" classname="cviceni.StringBuilderAndBufferTest"/>
  <testcase name="testBuilderAppendDelete" time="0,001" classname="cviceni.StringBuilderAndBufferTest"/>
  <testcase name="testBuilderAppendDelete" time="0,000" classname="cviceni.StringBuilderAndBufferTest"/>
  <testcase name="testBufferAppend" time="0,000" classname="cviceni.StringBuilderAndBufferTest"/>
  <testcase name="testBufferAppendDelete" time="0,000" classname="cviceni.StringBuilderAndBufferTest"/>
  <testcase name="testBuilderAppend" time="0,000" classname="cviceni.StringBuilderAndBufferTest"/>
  <testcase name="testBufferAppendDelete" time="0,000" classname="cviceni.StringBuilderAndBufferTest"/>
  <testcase name="testBufferAppendDelete" time="0,000" classname="cviceni.StringBuilderAndBufferTest"/>
  <testcase name="testBufferAppend" time="0,000" classname="cviceni.StringBuilderAndBufferTest"/>
  <testcase name="testBufferAppend" time="0,000" classname="cviceni.StringBuilderAndBufferTest"/>
  <testcase name="testBuilderAppend" time="0,001" classname="cviceni.StringBuilderAndBufferTest"/>
  <testcase name="testBuilderAppendDelete" time="0,001" classname="cviceni.StringBuilderAndBufferTest"/>
  <testcase name="testBufferAppend" time="0,001" classname="cviceni.StringBuilderAndBufferTest"/>
  <testcase name="testBuilderAppend" time="0,000" classname="cviceni.StringBuilderAndBufferTest"/>
  <testcase name="testBufferAppendDelete" time="0,000" classname="cviceni.StringBuilderAndBufferTest"/>
  <testcase name="testBuilderAppend" time="0,000" classname="cviceni.StringBuilderAndBufferTest"/>
  <testcase name="testBuilderAppend" time="0,000" classname="cviceni.StringBuilderAndBufferTest"/>
  <testcase name="testBuilderAppendDelete" time="0,001" classname="cviceni.StringBuilderAndBufferTest"/>
  <testcase name="testBuilderAppendDelete" time="0,000" classname="cviceni.StringBuilderAndBufferTest"/>
  <testcase name="testBuilderAppend" time="0,000" classname="cviceni.StringBuilderAndBufferTest"/>
  <testcase name="testBufferAppendDelete" time="0,000" classname="cviceni.StringBuilderAndBufferTest"/>
  <testcase name="testBuilderAppend" time="0,001" classname="cviceni.StringBuilderAndBufferTest"/>
  <testcase name="testBufferAppend" time="0,000" classname="cviceni.StringBuilderAndBufferTest"/>
  <testcase name="testBuilderAppend" time="0,000" classname="cviceni.StringBuilderAndBufferTest"/>
  <testcase name="testBufferAppendDelete" time="0,000" classname="cviceni.StringBuilderAndBufferTest"/>
  <testcase name="testBufferAppendDelete" time="0,000" classname="cviceni.StringBuilderAndBufferTest"/>
  <testcase name="testBuilderAppend" time="0,000" classname="cviceni.StringBuilderAndBufferTest"/>
  <testcase name="testBuilderAppend" time="0,000" classname="cviceni.StringBuilderAndBufferTest"/>
  <testcase name="testBuilderAppendDelete" time="0,000" classname="cviceni.StringBuilderAndBufferTest"/>
  <testcase name="testBuilderAppend" time="0,000" classname="cviceni.StringBuilderAndBufferTest"/>
  <testcase name="testBufferAppendDelete" time="0,001" classname="cviceni.StringBuilderAndBufferTest"/>
  <testcase name="testBuilderAppend" time="0,000" classname="cviceni.StringBuilderAndBufferTest"/>
  <testcase name="testBuilderAppendDelete" time="0,001" classname="cviceni.StringBuilderAndBufferTest"/>
  <testcase name="testBufferAppendDelete" time="0,000" classname="cviceni.StringBuilderAndBufferTest"/>
  <testcase name="testBufferAppendDelete" time="0,000" classname="cviceni.StringBuilderAndBufferTest"/>
  <testcase name="testBufferAppend" time="0,000" classname="cviceni.StringBuilderAndBufferTest"/>
  <testcase name="testBufferAppendDelete" time="0,001" classname="cviceni.StringBuilderAndBufferTest"/>
  <testcase name="testBuilderAppendDelete" time="0,001" classname="cviceni.StringBuilderAndBufferTest"/>
  <testcase name="testBufferAppendDelete" time="0,001" classname="cviceni.StringBuilderAndBufferTest"/>
  <testcase name="testBufferAppend" time="0,000" classname="cviceni.StringBuilderAndBufferTest"/>
  <testcase name="testBuilderAppendDelete" time="0,001" classname="cviceni.StringBuilderAndBufferTest"/>
  <testcase name="testBuilderAppendDelete" time="0,000" classname="cviceni.StringBuilderAndBufferTest"/>
  <testcase name="testBufferAppend" time="0,000" classname="cviceni.StringBuilderAndBufferTest"/>
  <testcase name="testBufferAppend" time="0,000" classname="cviceni.StringBuilderAndBufferTest"/>
  <testcase name="testBufferAppend" time="0,000" classname="cviceni.StringBuilderAndBufferTest"/>
  <testcase name="testBuilderAppend" time="0,000" classname="cviceni.StringBuilderAndBufferTest"/>
  <testcase name="testBuilderAppend" time="0,000" classname="cviceni.StringBuilderAndBufferTest"/>
  <testcase name="testBufferAppend" time="0,000" classname="cviceni.StringBuilderAndBufferTest"/>
  <testcase name="testBufferAppend" time="0,000" classname="cviceni.StringBuilderAndBufferTest"/>
  <testcase name="testBuilderAppend" time="0,000" classname="cviceni.StringBuilderAndBufferTest"/>
  <testcase name="testBuilderAppendDelete" time="0,000" classname="cviceni.StringBuilderAndBufferTest"/>
  <testcase name="testBuilderAppend" time="0,001" classname="cviceni.StringBuilderAndBufferTest"/>
  <testcase name="testBufferAppendDelete" time="0,000" classname="cviceni.StringBuilderAndBufferTest"/>
  <testcase name="testBufferAppendDelete" time="0,000" classname="cviceni.StringBuilderAndBufferTest"/>
  <testcase name="testBufferAppendDelete" time="0,000" classname="cviceni.StringBuilderAndBufferTest"/>
  <testcase name="testBuilderAppend" time="0,001" classname="cviceni.StringBuilderAndBufferTest"/>
  <testcase name="testBufferAppend" time="0,001" classname="cviceni.StringBuilderAndBufferTest"/>
  <testcase name="testBufferAppendDelete" time="0,000" classname="cviceni.StringBuilderAndBufferTest"/>
  <testcase name="testBufferAppendDelete" time="0,000" classname="cviceni.StringBuilderAndBufferTest"/>
  <testcase name="testBufferAppend" time="0,000" classname="cviceni.StringBuilderAndBufferTest"/>
  <testcase name="testBufferAppend" time="0,000" classname="cviceni.StringBuilderAndBufferTest"/>
  <testcase name="testBufferAppendDelete" time="0,000" classname="cviceni.StringBuilderAndBufferTest"/>
  <testcase name="testBufferAppendDelete" time="0,000" classname="cviceni.StringBuilderAndBufferTest"/>
  <testcase name="testBufferAppend" time="0,001" classname="cviceni.StringBuilderAndBufferTest"/>
  <testcase name="testBufferAppendDelete" time="0,000" classname="cviceni.StringBuilderAndBufferTest"/>
  <testcase name="testBufferAppend" time="0,000" classname="cviceni.StringBuilderAndBufferTest"/>
  <testcase name="testBuilderAppendDelete" time="0,001" classname="cviceni.StringBuilderAndBufferTest"/>
  <testcase name="testBuilderAppendDelete" time="0,001" classname="cviceni.StringBuilderAndBufferTest"/>
  <testcase name="testBuilderAppend" time="0,000" classname="cviceni.StringBuilderAndBufferTest"/>
  <testcase name="testBufferAppendDelete" time="0,000" classname="cviceni.StringBuilderAndBufferTest"/>
  <testcase name="testBuilderAppendDelete" time="0,000" classname="cviceni.StringBuilderAndBufferTest"/>
  <testcase name="testBufferAppendDelete" time="0,000" classname="cviceni.StringBuilderAndBufferTest"/>
  <testcase name="testBufferAppend" time="0,000" classname="cviceni.StringBuilderAndBufferTest"/>
  <testcase name="testBuilderAppendDelete" time="0,000" classname="cviceni.StringBuilderAndBufferTest"/>
  <testcase name="testBuilderAppendDelete" time="0,001" classname="cviceni.StringBuilderAndBufferTest"/>
  <testcase name="testBufferAppend" time="0,000" classname="cviceni.StringBuilderAndBufferTest"/>
  <testcase name="testBufferAppendDelete" time="0,000" classname="cviceni.StringBuilderAndBufferTest"/>
  <testcase name="testBuilderAppend" time="0,000" classname="cviceni.StringBuilderAndBufferTest"/>
  <testcase name="testBuilderAppend" time="0,000" classname="cviceni.StringBuilderAndBufferTest"/>
  <testcase name="testBufferAppendDelete" time="0,000" classname="cviceni.StringBuilderAndBufferTest"/>
  <testcase name="testBufferAppend" time="0,000" classname="cviceni.StringBuilderAndBufferTest"/>
  <testcase name="testBuilderAppendDelete" time="0,000" classname="cviceni.StringBuilderAndBufferTest"/>
  <testcase name="testBuilderAppendDelete" time="0,000" classname="cviceni.StringBuilderAndBufferTest"/>
  <testcase name="testBuilderAppendDelete" time="0,009" classname="cviceni.StringBuilderAndBufferTest"/>
  <testcase name="testBuilderAppendDelete" time="0,000" classname="cviceni.StringBuilderAndBufferTest"/>
  <testcase name="testBufferAppend" time="0,000" classname="cviceni.StringBuilderAndBufferTest"/>
  <testcase name="testBuilderAppend" time="0,001" classname="cviceni.StringBuilderAndBufferTest"/>
  <testcase name="testBuilderAppendDelete" time="0,001" classname="cviceni.StringBuilderAndBufferTest"/>
  <testcase name="testBufferAppendDelete" time="0,000" classname="cviceni.StringBuilderAndBufferTest"/>
  <testcase name="testBufferAppend" time="0,000" classname="cviceni.StringBuilderAndBufferTest"/>
  <testcase name="testBuilderAppendDelete" time="0,000" classname="cviceni.StringBuilderAndBufferTest"/>
  <testcase name="testBuilderAppend" time="0,001" classname="cviceni.StringBuilderAndBufferTest"/>
  <testcase name="testBuilderAppend" time="0,000" classname="cviceni.StringBuilderAndBufferTest"/>
  <testcase name="testBuilderAppendDelete" time="0,000" classname="cviceni.StringBuilderAndBufferTest"/>
  <testcase name="testBuilderAppend" time="0,000" classname="cviceni.StringBuilderAndBufferTest"/>
  <testcase name="testBufferAppendDelete" time="0,001" classname="cviceni.StringBuilderAndBufferTest"/>
  <testcase name="testBuilderAppendDelete" time="0,000" classname="cviceni.StringBuilderAndBufferTest"/>
  <testcase name="testBuilderAppend" time="0,000" classname="cviceni.StringBuilderAndBufferTest"/>
  <testcase name="testBufferAppend" time="0,000" classname="cviceni.StringBuilderAndBufferTest"/>
  <testcase name="testBufferAppend" time="0,000" classname="cviceni.StringBuilderAndBufferTest"/>
  <testcase name="testBuilderAppend" time="0,000" classname="cviceni.StringBuilderAndBufferTest"/>
  <testcase name="testBufferAppend" time="0,000" classname="cviceni.StringBuilderAndBufferTest"/>
  <testcase name="testBuilderAppendDelete" time="0,000" classname="cviceni.StringBuilderAndBufferTest"/>
  <testcase name="testBuilderAppend" time="0,000" classname="cviceni.StringBuilderAndBufferTest"/>
  <testcase name="testBuilderAppend" time="0,050" classname="cviceni.StringBuilderAndBufferTest"/>
  <testcase name="testBuilderAppend" time="0,001" classname="cviceni.StringBuilderAndBufferTest"/>
  <testcase name="testBuilderAppend" time="0,001" classname="cviceni.StringBuilderAndBufferTest"/>
  <testcase name="testBufferAppendDelete" time="0,000" classname="cviceni.StringBuilderAndBufferTest"/>
  <testcase name="testBufferAppendDelete" time="0,001" classname="cviceni.StringBuilderAndBufferTest"/>
  <testcase name="testBufferAppendDelete" time="0,001" classname="cviceni.StringBuilderAndBufferTest"/>
  <testcase name="testBuilderAppend" time="0,000" classname="cviceni.StringBuilderAndBufferTest"/>
  <testcase name="testBuilderAppendDelete" time="0,000" classname="cviceni.StringBuilderAndBufferTest"/>
  <testcase name="testBufferAppend" time="0,000" classname="cviceni.StringBuilderAndBufferTest"/>
  <testcase name="testBufferAppendDelete" time="0,001" classname="cviceni.StringBuilderAndBufferTest"/>
  <testcase name="testBuilderAppendDelete" time="0,000" classname="cviceni.StringBuilderAndBufferTest"/>
  <testcase name="testBufferAppend" time="0,000" classname="cviceni.StringBuilderAndBufferTest"/>
  <testcase name="testBufferAppendDelete" time="0,001" classname="cviceni.StringBuilderAndBufferTest"/>
  <testcase name="testBuilderAppend" time="0,000" classname="cviceni.StringBuilderAndBufferTest"/>
  <testcase name="testBuilderAppend" time="0,001" classname="cviceni.StringBuilderAndBufferTest"/>
  <testcase name="testBuilderAppend" time="0,000" classname="cviceni.StringBuilderAndBufferTest"/>
  <testcase name="testBufferAppend" time="0,000" classname="cviceni.StringBuilderAndBufferTest"/>
  <testcase name="testBuilderAppendDelete" time="0,000" classname="cviceni.StringBuilderAndBufferTest"/>
  <testcase name="testBufferAppend" time="0,000" classname="cviceni.StringBuilderAndBufferTest"/>
  <testcase name="testBuilderAppendDelete" time="0,000" classname="cviceni.StringBuilderAndBufferTest"/>
  <testcase name="testBuilderAppendDelete" time="0,000" classname="cviceni.StringBuilderAndBufferTest"/>
  <testcase name="testBufferAppend" time="0,000" classname="cviceni.StringBuilderAndBufferTest"/>
  <testcase name="testBufferAppend" time="0,000" classname="cviceni.StringBuilderAndBufferTest"/>
  <testcase name="testBufferAppendDelete" time="0,548" classname="cviceni.StringBuilderAndBufferTest"/>
  <testcase name="testBuilderAppend" time="0,021" classname="cviceni.StringBuilderAndBufferTest"/>
  <testcase name="testBufferAppendDelete" time="0,086" classname="cviceni.StringBuilderAndBufferTest"/>
  <testcase name="testBufferAppend" time="0,000" classname="cviceni.StringBuilderAndBufferTest"/>
  <testcase name="testBufferAppendDelete" time="0,001" classname="cviceni.StringBuilderAndBufferTest"/>
  <testcase name="testBufferAppendDelete" time="0,000" classname="cviceni.StringBuilderAndBufferTest"/>
  <testcase name="testBuilderAppend" time="0,262" classname="cviceni.StringBuilderAndBufferTest"/>
  <testcase name="testBufferAppendDelete" time="0,000" classname="cviceni.StringBuilderAndBufferTest"/>
  <testcase name="testBufferAppendDelete" time="0,000" classname="cviceni.StringBuilderAndBufferTest"/>
  <testcase name="testBufferAppend" time="0,000" classname="cviceni.StringBuilderAndBufferTest"/>
  <testcase name="testBuilderAppend" time="0,000" classname="cviceni.StringBuilderAndBufferTest"/>
  <testcase name="testBuilderAppendDelete" time="0,000" classname="cviceni.StringBuilderAndBufferTest"/>
  <testcase name="testBuilderAppend" time="0,000" classname="cviceni.StringBuilderAndBufferTest"/>
  <testcase name="testBufferAppendDelete" time="0,000" classname="cviceni.StringBuilderAndBufferTest"/>
  <testcase name="testBufferAppend" time="0,000" classname="cviceni.StringBuilderAndBufferTest"/>
  <testcase name="testBufferAppend" time="0,000" classname="cviceni.StringBuilderAndBufferTest"/>
  <testcase name="testBuilderAppendDelete" time="0,000" classname="cviceni.StringBuilderAndBufferTest"/>
  <testcase name="testBuilderAppendDelete" time="0,000" classname="cviceni.StringBuilderAndBufferTest"/>
  <testcase name="testBuilderAppend" time="0,000" classname="cviceni.StringBuilderAndBufferTest"/>
  <testcase name="testBuilderAppendDelete" time="0,000" classname="cviceni.StringBuilderAndBufferTest"/>
  <testcase name="testBufferAppendDelete" time="0,000" classname="cviceni.StringBuilderAndBufferTest"/>
  <testcase name="testBufferAppend" time="0,000" classname="cviceni.StringBuilderAndBufferTest"/>
  <testcase name="testBufferAppend" time="0,001" classname="cviceni.StringBuilderAndBufferTest"/>
  <testcase name="testBuilderAppend" time="0,001" classname="cviceni.StringBuilderAndBufferTest"/>
  <testcase name="testBuilderAppendDelete" time="0,000" classname="cviceni.StringBuilderAndBufferTest"/>
  <testcase name="testBufferAppendDelete" time="0,000" classname="cviceni.StringBuilderAndBufferTest"/>
  <testcase name="testBufferAppend" time="0,000" classname="cviceni.StringBuilderAndBufferTest"/>
  <testcase name="testBufferAppendDelete" time="0,000" classname="cviceni.StringBuilderAndBufferTest"/>
  <testcase name="testBuilderAppendDelete" time="0,000" classname="cviceni.StringBuilderAndBufferTest"/>
  <testcase name="testBufferAppend" time="0,001" classname="cviceni.StringBuilderAndBufferTest"/>
  <testcase name="testBufferAppendDelete" time="0,001" classname="cviceni.StringBuilderAndBufferTest"/>
  <testcase name="testBuilderAppend" time="0,001" classname="cviceni.StringBuilderAndBufferTest"/>
  <testcase name="testBuilderAppend" time="0,001" classname="cviceni.StringBuilderAndBufferTest"/>
  <testcase name="testBuilderAppendDelete" time="0,000" classname="cviceni.StringBuilderAndBufferTest"/>
  <testcase name="testBuilderAppend" time="0,000" classname="cviceni.StringBuilderAndBufferTest"/>
  <testcase name="testBuilderAppendDelete" time="0,000" classname="cviceni.StringBuilderAndBufferTest"/>
  <testcase name="testBufferAppendDelete" time="0,000" classname="cviceni.StringBuilderAndBufferTest"/>
  <testcase name="testBufferAppendDelete" time="0,001" classname="cviceni.StringBuilderAndBufferTest"/>
  <testcase name="testBufferAppendDelete" time="0,000" classname="cviceni.StringBuilderAndBufferTest"/>
  <testcase name="testBufferAppendDelete" time="0,000" classname="cviceni.StringBuilderAndBufferTest"/>
  <testcase name="testBuilderAppendDelete" time="0,000" classname="cviceni.StringBuilderAndBufferTest"/>
  <testcase name="testBufferAppend" time="0,000" classname="cviceni.StringBuilderAndBufferTest"/>
  <testcase name="testBufferAppend" time="0,000" classname="cviceni.StringBuilderAndBufferTest"/>
  <testcase name="testBufferAppend" time="0,001" classname="cviceni.StringBuilderAndBufferTest"/>
  <testcase name="testBufferAppendDelete" time="0,000" classname="cviceni.StringBuilderAndBufferTest"/>
  <testcase name="testBuilderAppendDelete" time="0,001" classname="cviceni.StringBuilderAndBufferTest"/>
  <testcase name="testBufferAppendDelete" time="0,000" classname="cviceni.StringBuilderAndBufferTest"/>
  <testcase name="testBuilderAppend" time="0,000" classname="cviceni.StringBuilderAndBufferTest"/>
  <testcase name="testBufferAppend" time="0,000" classname="cviceni.StringBuilderAndBufferTest"/>
  <testcase name="testBuilderAppend" time="0,000" classname="cviceni.StringBuilderAndBufferTest"/>
  <testcase name="testBuilderAppendDelete" time="0,000" classname="cviceni.StringBuilderAndBufferTest"/>
  <testcase name="testBuilderAppendDelete" time="0,000" classname="cviceni.StringBuilderAndBufferTest"/>
  <testcase name="testBufferAppendDelete" time="0,000" classname="cviceni.StringBuilderAndBufferTest"/>
  <testcase name="testBufferAppendDelete" time="0,000" classname="cviceni.StringBuilderAndBufferTest"/>
  <testcase name="testBuilderAppend" time="0,000" classname="cviceni.StringBuilderAndBufferTest"/>
  <testcase name="testBufferAppend" time="0,001" classname="cviceni.StringBuilderAndBufferTest"/>
  <testcase name="testBufferAppend" time="0,000" classname="cviceni.StringBuilderAndBufferTest"/>
  <testcase name="testBuilderAppendDelete" time="0,001" classname="cviceni.StringBuilderAndBufferTest"/>
  <testcase name="testBufferAppendDelete" time="0,000" classname="cviceni.StringBuilderAndBufferTest"/>
  <testcase name="testBuilderAppend" time="0,000" classname="cviceni.StringBuilderAndBufferTest"/>
  <testcase name="testBufferAppendDelete" time="0,000" classname="cviceni.StringBuilderAndBufferTest"/>
  <testcase name="testBuilderAppendDelete" time="0,000" classname="cviceni.StringBuilderAndBufferTest"/>
  <testcase name="testBuilderAppend" time="0,001" classname="cviceni.StringBuilderAndBufferTest"/>
  <testcase name="testBufferAppend" time="0,000" classname="cviceni.StringBuilderAndBufferTest"/>
  <testcase name="testBuilderAppend" time="0,001" classname="cviceni.StringBuilderAndBufferTest"/>
  <testcase name="testBuilderAppend" time="0,000" classname="cviceni.StringBuilderAndBufferTest"/>
  <testcase name="testBufferAppend" time="0,000" classname="cviceni.StringBuilderAndBufferTest"/>
  <testcase name="testBufferAppend" time="0,001" classname="cviceni.StringBuilderAndBufferTest"/>
  <testcase name="testBufferAppendDelete" time="0,000" classname="cviceni.StringBuilderAndBufferTest"/>
  <testcase name="testBuilderAppend" time="0,000" classname="cviceni.StringBuilderAndBufferTest"/>
  <testcase name="testBuilderAppend" time="0,000" classname="cviceni.StringBuilderAndBufferTest"/>
  <testcase name="testBufferAppend" time="0,000" classname="cviceni.StringBuilderAndBufferTest"/>
  <testcase name="testBufferAppendDelete" time="0,000" classname="cviceni.StringBuilderAndBufferTest"/>
  <testcase name="testBuilderAppend" time="0,000" classname="cviceni.StringBuilderAndBufferTest"/>
  <testcase name="testBufferAppend" time="0,000" classname="cviceni.StringBuilderAndBufferTest"/>
  <testcase name="testBufferAppend" time="0,000" classname="cviceni.StringBuilderAndBufferTest"/>
  <testcase name="testBuilderAppend" time="0,001" classname="cviceni.StringBuilderAndBufferTest"/>
  <testcase name="testBufferAppendDelete" time="0,000" classname="cviceni.StringBuilderAndBufferTest"/>
  <testcase name="testBuilderAppendDelete" time="0,000" classname="cviceni.StringBuilderAndBufferTest"/>
  <testcase name="testBuilderAppendDelete" time="0,000" classname="cviceni.StringBuilderAndBufferTest"/>
  <testcase name="testBufferAppendDelete" time="0,000" classname="cviceni.StringBuilderAndBufferTest"/>
  <testcase name="testBufferAppend" time="0,000" classname="cviceni.StringBuilderAndBufferTest"/>
  <testcase name="testBuilderAppendDelete" time="0,000" classname="cviceni.StringBuilderAndBufferTest"/>
  <testcase name="testBufferAppend" time="0,000" classname="cviceni.StringBuilderAndBufferTest"/>
  <testcase name="testBuilderAppendDelete" time="0,000" classname="cviceni.StringBuilderAndBufferTest"/>
  <testcase name="testBuilderAppend" time="0,142" classname="cviceni.StringBuilderAndBufferTest"/>
  <testcase name="testBufferAppend" time="0,000" classname="cviceni.StringBuilderAndBufferTest"/>
  <testcase name="testBuilderAppend" time="0,000" classname="cviceni.StringBuilderAndBufferTest"/>
  <testcase name="testBuilderAppend" time="0,001" classname="cviceni.StringBuilderAndBufferTest"/>
  <testcase name="testBufferAppend" time="0,001" classname="cviceni.StringBuilderAndBufferTest"/>
  <testcase name="testBufferAppend" time="0,000" classname="cviceni.StringBuilderAndBufferTest"/>
  <testcase name="testBufferAppendDelete" time="0,000" classname="cviceni.StringBuilderAndBufferTest"/>
  <testcase name="testBuilderAppendDelete" time="0,000" classname="cviceni.StringBuilderAndBufferTest"/>
  <testcase name="testBufferAppend" time="0,000" classname="cviceni.StringBuilderAndBufferTest"/>
  <testcase name="testBufferAppend" time="0,001" classname="cviceni.StringBuilderAndBufferTest"/>
  <testcase name="testBuilderAppend" time="0,000" classname="cviceni.StringBuilderAndBufferTest"/>
  <testcase name="testBuilderAppendDelete" time="0,000" classname="cviceni.StringBuilderAndBufferTest"/>
  <testcase name="testBufferAppend" time="0,000" classname="cviceni.StringBuilderAndBufferTest"/>
  <testcase name="testBuilderAppend" time="0,000" classname="cviceni.StringBuilderAndBufferTest"/>
  <testcase name="testBuilderAppend" time="0,001" classname="cviceni.StringBuilderAndBufferTest"/>
  <testcase name="testBufferAppend" time="0,001" classname="cviceni.StringBuilderAndBufferTest"/>
  <testcase name="testBuilderAppend" time="0,000" classname="cviceni.StringBuilderAndBufferTest"/>
  <testcase name="testBuilderAppendDelete" time="0,000" classname="cviceni.StringBuilderAndBufferTest"/>
  <testcase name="testBuilderAppend" time="0,000" classname="cviceni.StringBuilderAndBufferTest"/>
  <testcase name="testBufferAppend" time="0,079" classname="cviceni.StringBuilderAndBufferTest"/>
  <testcase name="testBufferAppend" time="0,000" classname="cviceni.StringBuilderAndBufferTest"/>
  <testcase name="testBufferAppend" time="0,000" classname="cviceni.StringBuilderAndBufferTest"/>
  <testcase name="testBufferAppend" time="0,001" classname="cviceni.StringBuilderAndBufferTest"/>
  <testcase name="testBuilderAppend" time="0,001" classname="cviceni.StringBuilderAndBufferTest"/>
  <testcase name="testBufferAppend" time="0,000" classname="cviceni.StringBuilderAndBufferTest"/>
  <testcase name="testBuilderAppendDelete" time="0,001" classname="cviceni.StringBuilderAndBufferTest"/>
  <testcase name="testBufferAppendDelete" time="0,001" classname="cviceni.StringBuilderAndBufferTest"/>
  <testcase name="testBuilderAppendDelete" time="0,000" classname="cviceni.StringBuilderAndBufferTest"/>
  <testcase name="testBuilderAppendDelete" time="0,065" classname="cviceni.StringBuilderAndBufferTest"/>
  <testcase name="testBuilderAppend" time="0,000" classname="cviceni.StringBuilderAndBufferTest"/>
  <testcase name="testBuilderAppendDelete" time="0,070" classname="cviceni.StringBuilderAndBufferTest"/>
  <testcase name="testBuilderAppend" time="0,000" classname="cviceni.StringBuilderAndBufferTest"/>
  <testcase name="testBuilderAppendDelete" time="0,001" classname="cviceni.StringBuilderAndBufferTest"/>
  <testcase name="testBuilderAppend" time="0,000" classname="cviceni.StringBuilderAndBufferTest"/>
  <testcase name="testBufferAppendDelete" time="0,000" classname="cviceni.StringBuilderAndBufferTest"/>
  <testcase name="testBuilderAppendDelete" time="0,000" classname="cviceni.StringBuilderAndBufferTest"/>
  <testcase name="testBuilderAppendDelete" time="0,000" classname="cviceni.StringBuilderAndBufferTest"/>
  <testcase name="testBufferAppend" time="0,000" classname="cviceni.StringBuilderAndBufferTest"/>
  <testcase name="testBufferAppend" time="0,000" classname="cviceni.StringBuilderAndBufferTest"/>
  <testcase name="testBuilderAppendDelete" time="0,000" classname="cviceni.StringBuilderAndBufferTest"/>
  <testcase name="testBuilderAppend" time="0,000" classname="cviceni.StringBuilderAndBufferTest"/>
  <testcase name="testBufferAppend" time="0,000" classname="cviceni.StringBuilderAndBufferTest"/>
  <testcase name="testBufferAppendDelete" time="0,000" classname="cviceni.StringBuilderAndBufferTest"/>
  <testcase name="testBufferAppendDelete" time="0,000" classname="cviceni.StringBuilderAndBufferTest"/>
  <testcase name="testBuilderAppendDelete" time="0,000" classname="cviceni.StringBuilderAndBufferTest"/>
  <testcase name="testBufferAppend" time="0,000" classname="cviceni.StringBuilderAndBufferTest"/>
  <testcase name="testBufferAppendDelete" time="0,000" classname="cviceni.StringBuilderAndBufferTest"/>
  <testcase name="testBufferAppendDelete" time="0,000" classname="cviceni.StringBuilderAndBufferTest"/>
  <testcase name="testBufferAppend" time="0,045" classname="cviceni.StringBuilderAndBufferTest"/>
  <testcase name="testBuilderAppend" time="0,000" classname="cviceni.StringBuilderAndBufferTest"/>
  <testcase name="testBufferAppend" time="0,000" classname="cviceni.StringBuilderAndBufferTest"/>
  <testcase name="testBuilderAppendDelete" time="0,000" classname="cviceni.StringBuilderAndBufferTest"/>
  <testcase name="testBufferAppendDelete" time="0,000" classname="cviceni.StringBuilderAndBufferTest"/>
  <testcase name="testBufferAppend" time="0,000" classname="cviceni.StringBuilderAndBufferTest"/>
  <testcase name="testBuilderAppend" time="0,000" classname="cviceni.StringBuilderAndBufferTest"/>
  <testcase name="testBuilderAppend" time="0,000" classname="cviceni.StringBuilderAndBufferTest"/>
  <testcase name="testBuilderAppendDelete" time="0,000" classname="cviceni.StringBuilderAndBufferTest"/>
  <testcase name="testBufferAppendDelete" time="0,000" classname="cviceni.StringBuilderAndBufferTest"/>
  <testcase name="testBufferAppendDelete" time="0,000" classname="cviceni.StringBuilderAndBufferTest"/>
  <testcase name="testBufferAppendDelete" time="0,001" classname="cviceni.StringBuilderAndBufferTest"/>
  <testcase name="testBuilderAppendDelete" time="0,000" classname="cviceni.StringBuilderAndBufferTest"/>
  <testcase name="testBufferAppend" time="0,000" classname="cviceni.StringBuilderAndBufferTest"/>
  <testcase name="testBufferAppend" time="0,000" classname="cviceni.StringBuilderAndBufferTest"/>
  <testcase name="testBuilderAppendDelete" time="0,000" classname="cviceni.StringBuilderAndBufferTest"/>
  <testcase name="testBufferAppendDelete" time="0,002" classname="cviceni.StringBuilderAndBufferTest"/>
  <testcase name="testBuilderAppendDelete" time="0,000" classname="cviceni.StringBuilderAndBufferTest"/>
  <testcase name="testBuilderAppendDelete" time="0,000" classname="cviceni.StringBuilderAndBufferTest"/>
  <testcase name="testBufferAppend" time="0,001" classname="cviceni.StringBuilderAndBufferTest"/>
  <testcase name="testBuilderAppend" time="0,000" classname="cviceni.StringBuilderAndBufferTest"/>
  <testcase name="testBuilderAppend" time="0,000" classname="cviceni.StringBuilderAndBufferTest"/>
  <testcase name="testBuilderAppendDelete" time="0,000" classname="cviceni.StringBuilderAndBufferTest"/>
  <testcase name="testBufferAppendDelete" time="0,000" classname="cviceni.StringBuilderAndBufferTest"/>
  <testcase name="testBufferAppend" time="0,000" classname="cviceni.StringBuilderAndBufferTest"/>
  <testcase name="testBufferAppendDelete" time="0,000" classname="cviceni.StringBuilderAndBufferTest"/>
  <testcase name="testBufferAppendDelete" time="0,000" classname="cviceni.StringBuilderAndBufferTest"/>
  <testcase name="testBufferAppend" time="0,001" classname="cviceni.StringBuilderAndBufferTest"/>
  <testcase name="testBuilderAppend" time="0,000" classname="cviceni.StringBuilderAndBufferTest"/>
  <testcase name="testBuilderAppend" time="0,000" classname="cviceni.StringBuilderAndBufferTest"/>
  <testcase name="testBufferAppendDelete" time="0,000" classname="cviceni.StringBuilderAndBufferTest"/>
  <testcase name="testBufferAppend" time="0,001" classname="cviceni.StringBuilderAndBufferTest"/>
  <testcase name="testBufferAppendDelete" time="0,000" classname="cviceni.StringBuilderAndBufferTest"/>
  <testcase name="testBuilderAppend" time="0,000" classname="cviceni.StringBuilderAndBufferTest"/>
  <testcase name="testBuilderAppend" time="0,000" classname="cviceni.StringBuilderAndBufferTest"/>
  <testcase name="testBufferAppendDelete" time="0,000" classname="cviceni.StringBuilderAndBufferTest"/>
  <testcase name="testBuilderAppend" time="0,000" classname="cviceni.StringBuilderAndBufferTest"/>
  <testcase name="testBuilderAppendDelete" time="0,000" classname="cviceni.StringBuilderAndBufferTest"/>
  <testcase name="testBuilderAppend" time="0,000" classname="cviceni.StringBuilderAndBufferTest"/>
  <testcase name="testBufferAppend" time="0,000" classname="cviceni.StringBuilderAndBufferTest"/>
  <testcase name="testBufferAppendDelete" time="0,000" classname="cviceni.StringBuilderAndBufferTest"/>
  <testcase name="testBufferAppend" time="0,001" classname="cviceni.StringBuilderAndBufferTest"/>
  <testcase name="testBufferAppend" time="0,001" classname="cviceni.StringBuilderAndBufferTest"/>
  <testcase name="testBuilderAppendDelete" time="0,001" classname="cviceni.StringBuilderAndBufferTest"/>
  <testcase name="testBuilderAppend" time="0,001" classname="cviceni.StringBuilderAndBufferTest"/>
  <testcase name="testBufferAppend" time="0,000" classname="cviceni.StringBuilderAndBufferTest"/>
  <testcase name="testBufferAppend" time="0,000" classname="cviceni.StringBuilderAndBufferTest"/>
  <testcase name="testBuilderAppend" time="0,000" classname="cviceni.StringBuilderAndBufferTest"/>
  <testcase name="testBufferAppendDelete" time="0,000" classname="cviceni.StringBuilderAndBufferTest"/>
  <testcase name="testBufferAppendDelete" time="0,000" classname="cviceni.StringBuilderAndBufferTest"/>
  <testcase name="testBufferAppendDelete" time="0,000" classname="cviceni.StringBuilderAndBufferTest"/>
  <testcase name="testBufferAppend" time="0,001" classname="cviceni.StringBuilderAndBufferTest"/>
  <testcase name="testBuilderAppend" time="0,001" classname="cviceni.StringBuilderAndBufferTest"/>
  <testcase name="testBufferAppendDelete" time="0,000" classname="cviceni.StringBuilderAndBufferTest"/>
  <testcase name="testBufferAppendDelete" time="0,001" classname="cviceni.StringBuilderAndBufferTest"/>
  <testcase name="testBufferAppend" time="0,000" classname="cviceni.StringBuilderAndBufferTest"/>
  <testcase name="testBuilderAppendDelete" time="0,000" classname="cviceni.StringBuilderAndBufferTest"/>
  <testcase name="testBufferAppend" time="0,001" classname="cviceni.StringBuilderAndBufferTest"/>
  <testcase name="testBuilderAppend" time="0,000" classname="cviceni.StringBuilderAndBufferTest"/>
  <testcase name="testBuilderAppendDelete" time="0,000" classname="cviceni.StringBuilderAndBufferTest"/>
  <testcase name="testBufferAppend" time="0,000" classname="cviceni.StringBuilderAndBufferTest"/>
  <testcase name="testBuilderAppend" time="0,000" classname="cviceni.StringBuilderAndBufferTest"/>
  <testcase name="testBuilderAppend" time="0,001" classname="cviceni.StringBuilderAndBufferTest"/>
  <testcase name="testBufferAppend" time="0,001" classname="cviceni.StringBuilderAndBufferTest"/>
  <testcase name="testBufferAppendDelete" time="0,001" classname="cviceni.StringBuilderAndBufferTest"/>
  <testcase name="testBufferAppend" time="0,000" classname="cviceni.StringBuilderAndBufferTest"/>
  <testcase name="testBuilderAppend" time="0,000" classname="cviceni.StringBuilderAndBufferTest"/>
  <testcase name="testBufferAppendDelete" time="0,000" classname="cviceni.StringBuilderAndBufferTest"/>
  <testcase name="testBuilderAppend" time="0,000" classname="cviceni.StringBuilderAndBufferTest"/>
  <testcase name="testBufferAppendDelete" time="0,001" classname="cviceni.StringBuilderAndBufferTest"/>
  <testcase name="testBufferAppendDelete" time="0,000" classname="cviceni.StringBuilderAndBufferTest"/>
  <testcase name="testBuilderAppend" time="0,001" classname="cviceni.StringBuilderAndBufferTest"/>
  <testcase name="testBufferAppendDelete" time="0,000" classname="cviceni.StringBuilderAndBufferTest"/>
  <testcase name="testBuilderAppendDelete" time="0,001" classname="cviceni.StringBuilderAndBufferTest"/>
  <testcase name="testBufferAppend" time="0,000" classname="cviceni.StringBuilderAndBufferTest"/>
  <testcase name="testBuilderAppendDelete" time="0,000" classname="cviceni.StringBuilderAndBufferTest"/>
  <testcase name="testBufferAppend" time="0,000" classname="cviceni.StringBuilderAndBufferTest"/>
  <testcase name="testBufferAppend" time="0,001" classname="cviceni.StringBuilderAndBufferTest"/>
  <testcase name="testBuilderAppendDelete" time="0,000" classname="cviceni.StringBuilderAndBufferTest"/>
  <testcase name="testBuilderAppend" time="0,001" classname="cviceni.StringBuilderAndBufferTest"/>
  <testcase name="testBuilderAppend" time="0,000" classname="cviceni.StringBuilderAndBufferTest"/>
  <testcase name="testBufferAppendDelete" time="0,001" classname="cviceni.StringBuilderAndBufferTest"/>
  <testcase name="testBuilderAppend" time="0,000" classname="cviceni.StringBuilderAndBufferTest"/>
  <testcase name="testBuilderAppend" time="0,001" classname="cviceni.StringBuilderAndBufferTest"/>
  <testcase name="testBuilderAppend" time="0,000" classname="cviceni.StringBuilderAndBufferTest"/>
  <testcase name="testBufferAppendDelete" time="0,000" classname="cviceni.StringBuilderAndBufferTest"/>
  <testcase name="testBufferAppendDelete" time="0,000" classname="cviceni.StringBuilderAndBufferTest"/>
  <testcase name="testBufferAppend" time="0,000" classname="cviceni.StringBuilderAndBufferTest"/>
  <testcase name="testBuilderAppendDelete" time="0,000" classname="cviceni.StringBuilderAndBufferTest"/>
  <testcase name="testBufferAppend" time="0,000" classname="cviceni.StringBuilderAndBufferTest"/>
  <testcase name="testBuilderAppendDelete" time="0,000" classname="cviceni.StringBuilderAndBufferTest"/>
  <testcase name="testBufferAppendDelete" time="0,000" classname="cviceni.StringBuilderAndBufferTest"/>
  <testcase name="testBuilderAppend" time="0,000" classname="cviceni.StringBuilderAndBufferTest"/>
  <testcase name="testBuilderAppend" time="0,000" classname="cviceni.StringBuilderAndBufferTest"/>
  <testcase name="testBufferAppend" time="0,001" classname="cviceni.StringBuilderAndBufferTest"/>
  <testcase name="testBuilderAppendDelete" time="0,000" classname="cviceni.StringBuilderAndBufferTest"/>
  <testcase name="testBuilderAppendDelete" time="0,000" classname="cviceni.StringBuilderAndBufferTest"/>
  <testcase name="testBuilderAppendDelete" time="0,000" classname="cviceni.StringBuilderAndBufferTest"/>
  <testcase name="testBuilderAppendDelete" time="0,000" classname="cviceni.StringBuilderAndBufferTest"/>
  <testcase name="testBuilderAppend" time="0,000" classname="cviceni.StringBuilderAndBufferTest"/>
  <testcase name="testBufferAppendDelete" time="0,000" classname="cviceni.StringBuilderAndBufferTest"/>
  <testcase name="testBufferAppend" time="0,001" classname="cviceni.StringBuilderAndBufferTest"/>
  <testcase name="testBufferAppend" time="0,001" classname="cviceni.StringBuilderAndBufferTest"/>
  <testcase name="testBufferAppend" time="0,000" classname="cviceni.StringBuilderAndBufferTest"/>
  <testcase name="testBuilderAppend" time="0,001" classname="cviceni.StringBuilderAndBufferTest"/>
  <testcase name="testBufferAppend" time="0,001" classname="cviceni.StringBuilderAndBufferTest"/>
  <testcase name="testBufferAppend" time="0,000" classname="cviceni.StringBuilderAndBufferTest"/>
  <testcase name="testBufferAppend" time="0,001" classname="cviceni.StringBuilderAndBufferTest"/>
  <testcase name="testBuilderAppend" time="0,001" classname="cviceni.StringBuilderAndBufferTest"/>
  <testcase name="testBufferAppendDelete" time="0,000" classname="cviceni.StringBuilderAndBufferTest"/>
  <testcase name="testBuilderAppend" time="0,000" classname="cviceni.StringBuilderAndBufferTest"/>
  <testcase name="testBufferAppend" time="0,000" classname="cviceni.StringBuilderAndBufferTest"/>
  <testcase name="testBufferAppend" time="0,000" classname="cviceni.StringBuilderAndBufferTest"/>
  <testcase name="testBuilderAppend" time="0,000" classname="cviceni.StringBuilderAndBufferTest"/>
  <testcase name="testBuilderAppendDelete" time="0,000" classname="cviceni.StringBuilderAndBufferTest"/>
  <testcase name="testBuilderAppendDelete" time="0,000" classname="cviceni.StringBuilderAndBufferTest"/>
  <testcase name="testBufferAppendDelete" time="0,000" classname="cviceni.StringBuilderAndBufferTest"/>
  <testcase name="testBufferAppendDelete" time="0,000" classname="cviceni.StringBuilderAndBufferTest"/>
  <testcase name="testBufferAppendDelete" time="0,000" classname="cviceni.StringBuilderAndBufferTest"/>
  <testcase name="testBufferAppend" time="0,000" classname="cviceni.StringBuilderAndBufferTest"/>
  <testcase name="testBufferAppend" time="0,000" classname="cviceni.StringBuilderAndBufferTest"/>
  <testcase name="testBuilderAppend" time="0,000" classname="cviceni.StringBuilderAndBufferTest"/>
  <testcase name="testBuilderAppend" time="0,001" classname="cviceni.StringBuilderAndBufferTest"/>
  <testcase name="testBuilderAppend" time="0,001" classname="cviceni.StringBuilderAndBufferTest"/>
  <testcase name="testBuilderAppend" time="0,000" classname="cviceni.StringBuilderAndBufferTest"/>
  <testcase name="testBuilderAppend" time="0,001" classname="cviceni.StringBuilderAndBufferTest"/>
  <testcase name="testBuilderAppendDelete" time="0,000" classname="cviceni.StringBuilderAndBufferTest"/>
  <testcase name="testBuilderAppendDelete" time="0,036" classname="cviceni.StringBuilderAndBufferTest"/>
  <testcase name="testBufferAppendDelete" time="0,001" classname="cviceni.StringBuilderAndBufferTest"/>
  <testcase name="testBuilderAppendDelete" time="0,000" classname="cviceni.StringBuilderAndBufferTest"/>
  <testcase name="testBufferAppend" time="0,001" classname="cviceni.StringBuilderAndBufferTest"/>
  <testcase name="testBufferAppendDelete" time="0,000" classname="cviceni.StringBuilderAndBufferTest"/>
  <testcase name="testBuilderAppendDelete" time="0,000" classname="cviceni.StringBuilderAndBufferTest"/>
  <testcase name="testBufferAppend" time="0,000" classname="cviceni.StringBuilderAndBufferTest"/>
  <testcase name="testBufferAppendDelete" time="0,000" classname="cviceni.StringBuilderAndBufferTest"/>
  <testcase name="testBufferAppendDelete" time="0,000" classname="cviceni.StringBuilderAndBufferTest"/>
  <testcase name="testBufferAppendDelete" time="0,001" classname="cviceni.StringBuilderAndBufferTest"/>
  <testcase name="testBufferAppendDelete" time="0,000" classname="cviceni.StringBuilderAndBufferTest"/>
  <testcase name="testBufferAppend" time="0,001" classname="cviceni.StringBuilderAndBufferTest"/>
  <testcase name="testBufferAppendDelete" time="0,000" classname="cviceni.StringBuilderAndBufferTest"/>
  <testcase name="testBuilderAppend" time="0,000" classname="cviceni.StringBuilderAndBufferTest"/>
  <testcase name="testBufferAppend" time="0,001" classname="cviceni.StringBuilderAndBufferTest"/>
  <testcase name="testBuilderAppend" time="0,000" classname="cviceni.StringBuilderAndBufferTest"/>
  <testcase name="testBufferAppendDelete" time="0,000" classname="cviceni.StringBuilderAndBufferTest"/>
  <testcase name="testBufferAppendDelete" time="0,000" classname="cviceni.StringBuilderAndBufferTest"/>
  <testcase name="testBufferAppendDelete" time="0,001" classname="cviceni.StringBuilderAndBufferTest"/>
  <testcase name="testBufferAppend" time="0,000" classname="cviceni.StringBuilderAndBufferTest"/>
  <testcase name="testBuilderAppend" time="0,000" classname="cviceni.StringBuilderAndBufferTest"/>
  <testcase name="testBufferAppend" time="0,001" classname="cviceni.StringBuilderAndBufferTest"/>
  <testcase name="testBuilderAppendDelete" time="0,000" classname="cviceni.StringBuilderAndBufferTest"/>
  <testcase name="testBufferAppendDelete" time="0,000" classname="cviceni.StringBuilderAndBufferTest"/>
  <testcase name="testBufferAppend" time="0,000" classname="cviceni.StringBuilderAndBufferTest"/>
  <testcase name="testBuilderAppend" time="0,000" classname="cviceni.StringBuilderAndBufferTest"/>
  <testcase name="testBufferAppendDelete" time="0,000" classname="cviceni.StringBuilderAndBufferTest"/>
  <testcase name="testBuilderAppendDelete" time="0,001" classname="cviceni.StringBuilderAndBufferTest"/>
  <testcase name="testBufferAppend" time="0,000" classname="cviceni.StringBuilderAndBufferTest"/>
  <testcase name="testBufferAppend" time="0,001" classname="cviceni.StringBuilderAndBufferTest"/>
  <testcase name="testBuilderAppend" time="0,001" classname="cviceni.StringBuilderAndBufferTest"/>
  <testcase name="testBufferAppendDelete" time="0,000" classname="cviceni.StringBuilderAndBufferTest"/>
  <testcase name="testBuilderAppendDelete" time="0,000" classname="cviceni.StringBuilderAndBufferTest"/>
  <testcase name="testBufferAppendDelete" time="0,001" classname="cviceni.StringBuilderAndBufferTest"/>
  <testcase name="testBufferAppendDelete" time="0,000" classname="cviceni.StringBuilderAndBufferTest"/>
  <testcase name="testBuilderAppend" time="0,000" classname="cviceni.StringBuilderAndBufferTest"/>
  <testcase name="testBufferAppend" time="0,001" classname="cviceni.StringBuilderAndBufferTest"/>
  <testcase name="testBufferAppendDelete" time="0,000" classname="cviceni.StringBuilderAndBufferTest"/>
  <testcase name="testBufferAppendDelete" time="0,000" classname="cviceni.StringBuilderAndBufferTest"/>
  <testcase name="testBuilderAppendDelete" time="0,000" classname="cviceni.StringBuilderAndBufferTest"/>
  <testcase name="testBufferAppendDelete" time="0,000" classname="cviceni.StringBuilderAndBufferTest"/>
  <testcase name="testBufferAppendDelete" time="0,000" classname="cviceni.StringBuilderAndBufferTest"/>
  <testcase name="testBuilderAppendDelete" time="0,000" classname="cviceni.StringBuilderAndBufferTest"/>
  <testcase name="testBufferAppendDelete" time="0,000" classname="cviceni.StringBuilderAndBufferTest"/>
  <testcase name="testBufferAppend" time="0,001" classname="cviceni.StringBuilderAndBufferTest"/>
  <testcase name="testBuilderAppend" time="0,000" classname="cviceni.StringBuilderAndBufferTest"/>
  <testcase name="testBuilderAppendDelete" time="0,000" classname="cviceni.StringBuilderAndBufferTest"/>
  <testcase name="testBuilderAppend" time="0,000" classname="cviceni.StringBuilderAndBufferTest"/>
  <testcase name="testBuilderAppendDelete" time="0,000" classname="cviceni.StringBuilderAndBufferTest"/>
  <testcase name="testBufferAppendDelete" time="0,000" classname="cviceni.StringBuilderAndBufferTest"/>
  <testcase name="testBuilderAppendDelete" time="0,000" classname="cviceni.StringBuilderAndBufferTest"/>
  <testcase name="testBufferAppendDelete" time="0,000" classname="cviceni.StringBuilderAndBufferTest"/>
  <testcase name="testBufferAppendDelete" time="0,001" classname="cviceni.StringBuilderAndBufferTest"/>
  <testcase name="testBufferAppend" time="0,001" classname="cviceni.StringBuilderAndBufferTest"/>
  <testcase name="testBufferAppend" time="0,000" classname="cviceni.StringBuilderAndBufferTest"/>
  <testcase name="testBufferAppendDelete" time="0,000" classname="cviceni.StringBuilderAndBufferTest"/>
  <testcase name="testBufferAppend" time="0,001" classname="cviceni.StringBuilderAndBufferTest"/>
  <testcase name="testBufferAppend" time="0,000" classname="cviceni.StringBuilderAndBufferTest"/>
  <testcase name="testBufferAppendDelete" time="0,000" classname="cviceni.StringBuilderAndBufferTest"/>
  <testcase name="testBuilderAppend" time="0,000" classname="cviceni.StringBuilderAndBufferTest"/>
  <testcase name="testBuilderAppendDelete" time="0,000" classname="cviceni.StringBuilderAndBufferTest"/>
  <testcase name="testBufferAppendDelete" time="0,000" classname="cviceni.StringBuilderAndBufferTest"/>
  <testcase name="testBuilderAppend" time="0,000" classname="cviceni.StringBuilderAndBufferTest"/>
  <testcase name="testBufferAppend" time="0,000" classname="cviceni.StringBuilderAndBufferTest"/>
  <testcase name="testBufferAppendDelete" time="0,000" classname="cviceni.StringBuilderAndBufferTest"/>
  <testcase name="testBufferAppendDelete" time="0,000" classname="cviceni.StringBuilderAndBufferTest"/>
  <testcase name="testBufferAppendDelete" time="0,000" classname="cviceni.StringBuilderAndBufferTest"/>
  <testcase name="testBuilderAppendDelete" time="0,001" classname="cviceni.StringBuilderAndBufferTest"/>
  <testcase name="testBuilderAppendDelete" time="0,000" classname="cviceni.StringBuilderAndBufferTest"/>
  <testcase name="testBufferAppend" time="0,000" classname="cviceni.StringBuilderAndBufferTest"/>
  <testcase name="testBuilderAppend" time="0,000" classname="cviceni.StringBuilderAndBufferTest"/>
  <testcase name="testBufferAppendDelete" time="0,000" classname="cviceni.StringBuilderAndBufferTest"/>
  <testcase name="testBufferAppend" time="0,000" classname="cviceni.StringBuilderAndBufferTest"/>
  <testcase name="testBuilderAppend" time="0,000" classname="cviceni.StringBuilderAndBufferTest"/>
  <testcase name="testBufferAppendDelete" time="0,000" classname="cviceni.StringBuilderAndBufferTest"/>
  <testcase name="testBuilderAppend" time="0,000" classname="cviceni.StringBuilderAndBufferTest"/>
  <testcase name="testBufferAppendDelete" time="0,000" classname="cviceni.StringBuilderAndBufferTest"/>
  <testcase name="testBufferAppend" time="0,001" classname="cviceni.StringBuilderAndBufferTest"/>
  <testcase name="testBuilderAppend" time="0,001" classname="cviceni.StringBuilderAndBufferTest"/>
  <testcase name="testBufferAppend" time="0,000" classname="cviceni.StringBuilderAndBufferTest"/>
  <testcase name="testBuilderAppendDelete" time="0,000" classname="cviceni.StringBuilderAndBufferTest"/>
  <testcase name="testBuilderAppendDelete" time="0,000" classname="cviceni.StringBuilderAndBufferTest"/>
  <testcase name="testBuilderAppendDelete" time="0,001" classname="cviceni.StringBuilderAndBufferTest"/>
  <testcase name="testBufferAppend" time="0,001" classname="cviceni.StringBuilderAndBufferTest"/>
  <testcase name="testBuilderAppend" time="0,000" classname="cviceni.StringBuilderAndBufferTest"/>
  <testcase name="testBuilderAppend" time="0,000" classname="cviceni.StringBuilderAndBufferTest"/>
  <testcase name="testBufferAppendDelete" time="0,000" classname="cviceni.StringBuilderAndBufferTest"/>
  <testcase name="testBufferAppendDelete" time="0,000" classname="cviceni.StringBuilderAndBufferTest"/>
  <testcase name="testBuilderAppend" time="0,000" classname="cviceni.StringBuilderAndBufferTest"/>
  <testcase name="testBuilderAppend" time="0,000" classname="cviceni.StringBuilderAndBufferTest"/>
  <testcase name="testBufferAppendDelete" time="0,001" classname="cviceni.StringBuilderAndBufferTest"/>
  <testcase name="testBuilderAppendDelete" time="0,000" classname="cviceni.StringBuilderAndBufferTest"/>
  <testcase name="testBuilderAppend" time="0,001" classname="cviceni.StringBuilderAndBufferTest"/>
  <testcase name="testBufferAppendDelete" time="0,001" classname="cviceni.StringBuilderAndBufferTest"/>
  <testcase name="testBufferAppend" time="0,000" classname="cviceni.StringBuilderAndBufferTest"/>
  <testcase name="testBufferAppend" time="0,001" classname="cviceni.StringBuilderAndBufferTest"/>
  <testcase name="testBuilderAppend" time="0,018" classname="cviceni.StringBuilderAndBufferTest"/>
  <testcase name="testBufferAppend" time="0,005" classname="cviceni.StringBuilderAndBufferTest"/>
  <testcase name="testBufferAppend" time="0,000" classname="cviceni.StringBuilderAndBufferTest"/>
  <testcase name="testBufferAppend" time="0,001" classname="cviceni.StringBuilderAndBufferTest"/>
  <testcase name="testBufferAppendDelete" time="0,000" classname="cviceni.StringBuilderAndBufferTest"/>
  <testcase name="testBuilderAppend" time="0,000" classname="cviceni.StringBuilderAndBufferTest"/>
  <testcase name="testBuilderAppendDelete" time="0,000" classname="cviceni.StringBuilderAndBufferTest"/>
  <testcase name="testBufferAppend" time="0,000" classname="cviceni.StringBuilderAndBufferTest"/>
  <testcase name="testBuilderAppend" time="0,000" classname="cviceni.StringBuilderAndBufferTest"/>
  <testcase name="testBufferAppend" time="0,000" classname="cviceni.StringBuilderAndBufferTest"/>
  <testcase name="testBufferAppendDelete" time="0,000" classname="cviceni.StringBuilderAndBufferTest"/>
  <testcase name="testBufferAppendDelete" time="0,000" classname="cviceni.StringBuilderAndBufferTest"/>
  <testcase name="testBuilderAppendDelete" time="0,000" classname="cviceni.StringBuilderAndBufferTest"/>
  <testcase name="testBuilderAppend" time="0,000" classname="cviceni.StringBuilderAndBufferTest"/>
  <testcase name="testBuilderAppend" time="0,000" classname="cviceni.StringBuilderAndBufferTest"/>
  <testcase name="testBuilderAppend" time="0,000" classname="cviceni.StringBuilderAndBufferTest"/>
  <testcase name="testBuilderAppendDelete" time="0,000" classname="cviceni.StringBuilderAndBufferTest"/>
  <testcase name="testBuilderAppendDelete" time="0,001" classname="cviceni.StringBuilderAndBufferTest"/>
  <testcase name="testBuilderAppendDelete" time="0,000" classname="cviceni.StringBuilderAndBufferTest"/>
  <testcase name="testBuilderAppend" time="0,000" classname="cviceni.StringBuilderAndBufferTest"/>
  <testcase name="testBufferAppendDelete" time="0,000" classname="cviceni.StringBuilderAndBufferTest"/>
  <testcase name="testBuilderAppendDelete" time="0,000" classname="cviceni.StringBuilderAndBufferTest"/>
  <testcase name="testBuilderAppendDelete" time="0,000" classname="cviceni.StringBuilderAndBufferTest"/>
  <testcase name="testBufferAppend" time="0,000" classname="cviceni.StringBuilderAndBufferTest"/>
  <testcase name="testBuilderAppendDelete" time="0,000" classname="cviceni.StringBuilderAndBufferTest"/>
  <testcase name="testBufferAppend" time="0,001" classname="cviceni.StringBuilderAndBufferTest"/>
  <testcase name="testBufferAppend" time="0,000" classname="cviceni.StringBuilderAndBufferTest"/>
  <testcase name="testBufferAppendDelete" time="0,001" classname="cviceni.StringBuilderAndBufferTest"/>
  <testcase name="testBuilderAppend" time="0,000" classname="cviceni.StringBuilderAndBufferTest"/>
  <testcase name="testBuilderAppendDelete" time="0,000" classname="cviceni.StringBuilderAndBufferTest"/>
  <testcase name="testBufferAppend" time="0,000" classname="cviceni.StringBuilderAndBufferTest"/>
  <testcase name="testBufferAppendDelete" time="0,001" classname="cviceni.StringBuilderAndBufferTest"/>
  <testcase name="testBuilderAppendDelete" time="0,000" classname="cviceni.StringBuilderAndBufferTest"/>
  <testcase name="testBufferAppend" time="0,096" classname="cviceni.StringBuilderAndBufferTest"/>
  <testcase name="testBuilderAppend" time="0,000" classname="cviceni.StringBuilderAndBufferTest"/>
  <testcase name="testBuilderAppendDelete" time="0,001" classname="cviceni.StringBuilderAndBufferTest"/>
  <testcase name="testBufferAppendDelete" time="0,000" classname="cviceni.StringBuilderAndBufferTest"/>
  <testcase name="testBuilderAppendDelete" time="0,000" classname="cviceni.StringBuilderAndBufferTest"/>
  <testcase name="testBuilderAppendDelete" time="0,000" classname="cviceni.StringBuilderAndBufferTest"/>
  <testcase name="testBufferAppendDelete" time="0,000" classname="cviceni.StringBuilderAndBufferTest"/>
  <testcase name="testBuilderAppendDelete" time="0,000" classname="cviceni.StringBuilderAndBufferTest"/>
  <testcase name="testBufferAppend" time="0,001" classname="cviceni.StringBuilderAndBufferTest"/>
  <testcase name="testBuilderAppendDelete" time="0,000" classname="cviceni.StringBuilderAndBufferTest"/>
  <testcase name="testBuilderAppendDelete" time="0,000" classname="cviceni.StringBuilderAndBufferTest"/>
  <testcase name="testBuilderAppend" time="0,001" classname="cviceni.StringBuilderAndBufferTest"/>
  <testcase name="testBufferAppendDelete" time="0,000" classname="cviceni.StringBuilderAndBufferTest"/>
  <testcase name="testBufferAppendDelete" time="0,001" classname="cviceni.StringBuilderAndBufferTest"/>
  <testcase name="testBuilderAppendDelete" time="0,000" classname="cviceni.StringBuilderAndBufferTest"/>
  <testcase name="testBufferAppendDelete" time="0,000" classname="cviceni.StringBuilderAndBufferTest"/>
  <testcase name="testBufferAppend" time="0,000" classname="cviceni.StringBuilderAndBufferTest"/>
  <testcase name="testBufferAppendDelete" time="0,001" classname="cviceni.StringBuilderAndBufferTest"/>
  <testcase name="testBuilderAppendDelete" time="0,001" classname="cviceni.StringBuilderAndBufferTest"/>
  <testcase name="testBuilderAppendDelete" time="0,001" classname="cviceni.StringBuilderAndBufferTest"/>
  <testcase name="testBufferAppendDelete" time="0,000" classname="cviceni.StringBuilderAndBufferTest"/>
  <testcase name="testBuilderAppendDelete" time="0,000" classname="cviceni.StringBuilderAndBufferTest"/>
  <testcase name="testBufferAppendDelete" time="0,000" classname="cviceni.StringBuilderAndBufferTest"/>
  <testcase name="testBuilderAppendDelete" time="0,000" classname="cviceni.StringBuilderAndBufferTest"/>
  <testcase name="testBuilderAppend" time="0,000" classname="cviceni.StringBuilderAndBufferTest"/>
  <testcase name="testBuilderAppend" time="0,001" classname="cviceni.StringBuilderAndBufferTest"/>
  <testcase name="testBufferAppendDelete" time="0,000" classname="cviceni.StringBuilderAndBufferTest"/>
  <testcase name="testBuilderAppendDelete" time="0,000" classname="cviceni.StringBuilderAndBufferTest"/>
  <testcase name="testBufferAppend" time="0,000" classname="cviceni.StringBuilderAndBufferTest"/>
  <testcase name="testBuilderAppend" time="0,000" classname="cviceni.StringBuilderAndBufferTest"/>
  <testcase name="testBuilderAppendDelete" time="0,000" classname="cviceni.StringBuilderAndBufferTest"/>
  <testcase name="testBuilderAppendDelete" time="0,000" classname="cviceni.StringBuilderAndBufferTest"/>
  <testcase name="testBuilderAppend" time="0,001" classname="cviceni.StringBuilderAndBufferTest"/>
  <testcase name="testBufferAppendDelete" time="0,001" classname="cviceni.StringBuilderAndBufferTest"/>
  <testcase name="testBuilderAppend" time="0,000" classname="cviceni.StringBuilderAndBufferTest"/>
  <testcase name="testBuilderAppendDelete" time="0,075" classname="cviceni.StringBuilderAndBufferTest"/>
  <testcase name="testBuilderAppendDelete" time="0,000" classname="cviceni.StringBuilderAndBufferTest"/>
  <testcase name="testBufferAppendDelete" time="0,040" classname="cviceni.StringBuilderAndBufferTest"/>
  <testcase name="testBuilderAppend" time="0,001" classname="cviceni.StringBuilderAndBufferTest"/>
  <testcase name="testBuilderAppendDelete" time="0,000" classname="cviceni.StringBuilderAndBufferTest"/>
  <testcase name="testBufferAppend" time="0,000" classname="cviceni.StringBuilderAndBufferTest"/>
  <testcase name="testBufferAppendDelete" time="0,000" classname="cviceni.StringBuilderAndBufferTest"/>
  <testcase name="testBufferAppend" time="0,000" classname="cviceni.StringBuilderAndBufferTest"/>
  <testcase name="testBuilderAppend" time="0,000" classname="cviceni.StringBuilderAndBufferTest"/>
  <testcase name="testBufferAppendDelete" time="0,000" classname="cviceni.StringBuilderAndBufferTest"/>
  <testcase name="testBufferAppendDelete" time="0,000" classname="cviceni.StringBuilderAndBufferTest"/>
  <testcase name="testBufferAppendDelete" time="0,000" classname="cviceni.StringBuilderAndBufferTest"/>
  <testcase name="testBuilderAppend" time="0,000" classname="cviceni.StringBuilderAndBufferTest"/>
  <testcase name="testBuilderAppendDelete" time="0,000" classname="cviceni.StringBuilderAndBufferTest"/>
  <testcase name="testBuilderAppend" time="0,000" classname="cviceni.StringBuilderAndBufferTest"/>
  <testcase name="testBuilderAppend" time="0,000" classname="cviceni.StringBuilderAndBufferTest"/>
  <testcase name="testBufferAppendDelete" time="0,000" classname="cviceni.StringBuilderAndBufferTest"/>
  <testcase name="testBuilderAppendDelete" time="0,001" classname="cviceni.StringBuilderAndBufferTest"/>
  <testcase name="testBufferAppendDelete" time="0,001" classname="cviceni.StringBuilderAndBufferTest"/>
  <testcase name="testBufferAppend" time="0,248" classname="cviceni.StringBuilderAndBufferTest"/>
  <testcase name="testBufferAppendDelete" time="0,000" classname="cviceni.StringBuilderAndBufferTest"/>
  <testcase name="testBuilderAppendDelete" time="0,000" classname="cviceni.StringBuilderAndBufferTest"/>
  <testcase name="testBufferAppend" time="0,000" classname="cviceni.StringBuilderAndBufferTest"/>
  <testcase name="testBufferAppendDelete" time="0,000" classname="cviceni.StringBuilderAndBufferTest"/>
  <testcase name="testBufferAppend" time="0,001" classname="cviceni.StringBuilderAndBufferTest"/>
  <testcase name="testBufferAppendDelete" time="0,000" classname="cviceni.StringBuilderAndBufferTest"/>
  <testcase name="testBuilderAppendDelete" time="0,000" classname="cviceni.StringBuilderAndBufferTest"/>
  <testcase name="testBufferAppend" time="0,000" classname="cviceni.StringBuilderAndBufferTest"/>
  <testcase name="testBuilderAppend" time="0,001" classname="cviceni.StringBuilderAndBufferTest"/>
  <testcase name="testBufferAppend" time="0,020" classname="cviceni.StringBuilderAndBufferTest"/>
  <testcase name="testBuilderAppendDelete" time="0,001" classname="cviceni.StringBuilderAndBufferTest"/>
  <testcase name="testBuilderAppendDelete" time="0,000" classname="cviceni.StringBuilderAndBufferTest"/>
  <testcase name="testBufferAppend" time="0,000" classname="cviceni.StringBuilderAndBufferTest"/>
  <testcase name="testBuilderAppendDelete" time="0,000" classname="cviceni.StringBuilderAndBufferTest"/>
  <testcase name="testBuilderAppendDelete" time="0,000" classname="cviceni.StringBuilderAndBufferTest"/>
  <testcase name="testBufferAppend" time="0,000" classname="cviceni.StringBuilderAndBufferTest"/>
  <testcase name="testBuilderAppendDelete" time="0,000" classname="cviceni.StringBuilderAndBufferTest"/>
  <testcase name="testBuilderAppendDelete" time="0,000" classname="cviceni.StringBuilderAndBufferTest"/>
  <testcase name="testBufferAppend" time="0,000" classname="cviceni.StringBuilderAndBufferTest"/>
  <testcase name="testBufferAppendDelete" time="0,000" classname="cviceni.StringBuilderAndBufferTest"/>
  <testcase name="testBufferAppendDelete" time="0,001" classname="cviceni.StringBuilderAndBufferTest"/>
  <testcase name="testBufferAppendDelete" time="0,000" classname="cviceni.StringBuilderAndBufferTest"/>
  <testcase name="testBufferAppend" time="0,000" classname="cviceni.StringBuilderAndBufferTest"/>
  <testcase name="testBuilderAppend" time="0,000" classname="cviceni.StringBuilderAndBufferTest"/>
  <testcase name="testBufferAppendDelete" time="0,001" classname="cviceni.StringBuilderAndBufferTest"/>
  <testcase name="testBufferAppend" time="0,000" classname="cviceni.StringBuilderAndBufferTest"/>
  <testcase name="testBufferAppendDelete" time="0,000" classname="cviceni.StringBuilderAndBufferTest"/>
  <testcase name="testBufferAppend" time="0,001" classname="cviceni.StringBuilderAndBufferTest"/>
  <testcase name="testBufferAppend" time="0,000" classname="cviceni.StringBuilderAndBufferTest"/>
  <testcase name="testBuilderAppend" time="0,000" classname="cviceni.StringBuilderAndBufferTest"/>
  <testcase name="testBufferAppendDelete" time="0,000" classname="cviceni.StringBuilderAndBufferTest"/>
  <testcase name="testBuilderAppendDelete" time="0,000" classname="cviceni.StringBuilderAndBufferTest"/>
  <testcase name="testBufferAppend" time="0,000" classname="cviceni.StringBuilderAndBufferTest"/>
  <testcase name="testBuilderAppendDelete" time="0,000" classname="cviceni.StringBuilderAndBufferTest"/>
  <testcase name="testBufferAppendDelete" time="0,000" classname="cviceni.StringBuilderAndBufferTest"/>
  <testcase name="testBuilderAppendDelete" time="0,000" classname="cviceni.StringBuilderAndBufferTest"/>
  <testcase name="testBufferAppend" time="0,000" classname="cviceni.StringBuilderAndBufferTest"/>
  <testcase name="testBufferAppend" time="0,000" classname="cviceni.StringBuilderAndBufferTest"/>
  <testcase name="testBuilderAppend" time="0,000" classname="cviceni.StringBuilderAndBufferTest"/>
  <testcase name="testBufferAppendDelete" time="0,000" classname="cviceni.StringBuilderAndBufferTest"/>
  <testcase name="testBuilderAppendDelete" time="0,000" classname="cviceni.StringBuilderAndBufferTest"/>
  <testcase name="testBufferAppend" time="0,000" classname="cviceni.StringBuilderAndBufferTest"/>
  <testcase name="testBufferAppend" time="0,001" classname="cviceni.StringBuilderAndBufferTest"/>
  <testcase name="testBuilderAppend" time="0,000" classname="cviceni.StringBuilderAndBufferTest"/>
  <testcase name="testBufferAppend" time="0,001" classname="cviceni.StringBuilderAndBufferTest"/>
  <testcase name="testBufferAppend" time="0,000" classname="cviceni.StringBuilderAndBufferTest"/>
  <testcase name="testBuilderAppend" time="0,000" classname="cviceni.StringBuilderAndBufferTest"/>
  <testcase name="testBufferAppendDelete" time="0,000" classname="cviceni.StringBuilderAndBufferTest"/>
  <testcase name="testBufferAppend" time="0,000" classname="cviceni.StringBuilderAndBufferTest"/>
  <testcase name="testBufferAppend" time="0,000" classname="cviceni.StringBuilderAndBufferTest"/>
  <testcase name="testBufferAppend" time="0,000" classname="cviceni.StringBuilderAndBufferTest"/>
  <testcase name="testBufferAppend" time="0,000" classname="cviceni.StringBuilderAndBufferTest"/>
  <testcase name="testBuilderAppend" time="0,000" classname="cviceni.StringBuilderAndBufferTest"/>
  <testcase name="testBuilderAppendDelete" time="0,087" classname="cviceni.StringBuilderAndBufferTest"/>
  <testcase name="testBuilderAppend" time="0,001" classname="cviceni.StringBuilderAndBufferTest"/>
  <testcase name="testBuilderAppend" time="0,001" classname="cviceni.StringBuilderAndBufferTest"/>
  <testcase name="testBuilderAppendDelete" time="0,000" classname="cviceni.StringBuilderAndBufferTest"/>
  <testcase name="testBuilderAppend" time="0,028" classname="cviceni.StringBuilderAndBufferTest"/>
  <testcase name="testBuilderAppend" time="0,001" classname="cviceni.StringBuilderAndBufferTest"/>
  <testcase name="testBufferAppend" time="0,000" classname="cviceni.StringBuilderAndBufferTest"/>
  <testcase name="testBuilderAppend" time="0,000" classname="cviceni.StringBuilderAndBufferTest"/>
  <testcase name="testBuilderAppendDelete" time="0,000" classname="cviceni.StringBuilderAndBufferTest"/>
  <testcase name="testBufferAppendDelete" time="0,000" classname="cviceni.StringBuilderAndBufferTest"/>
  <testcase name="testBuilderAppendDelete" time="0,001" classname="cviceni.StringBuilderAndBufferTest"/>
  <testcase name="testBuilderAppendDelete" time="0,001" classname="cviceni.StringBuilderAndBufferTest"/>
  <testcase name="testBufferAppend" time="0,000" classname="cviceni.StringBuilderAndBufferTest"/>
  <testcase name="testBufferAppend" time="0,000" classname="cviceni.StringBuilderAndBufferTest"/>
  <testcase name="testBuilderAppend" time="0,000" classname="cviceni.StringBuilderAndBufferTest"/>
  <testcase name="testBuilderAppendDelete" time="0,000" classname="cviceni.StringBuilderAndBufferTest"/>
  <testcase name="testBuilderAppend" time="0,000" classname="cviceni.StringBuilderAndBufferTest"/>
  <testcase name="testBufferAppendDelete" time="0,001" classname="cviceni.StringBuilderAndBufferTest"/>
  <testcase name="testBuilderAppendDelete" time="0,001" classname="cviceni.StringBuilderAndBufferTest"/>
  <testcase name="testBuilderAppendDelete" time="0,000" classname="cviceni.StringBuilderAndBufferTest"/>
  <testcase name="testBufferAppend" time="0,001" classname="cviceni.StringBuilderAndBufferTest"/>
  <testcase name="testBufferAppend" time="0,000" classname="cviceni.StringBuilderAndBufferTest"/>
  <testcase name="testBuilderAppend" time="0,000" classname="cviceni.StringBuilderAndBufferTest"/>
  <testcase name="testBufferAppendDelete" time="0,000" classname="cviceni.StringBuilderAndBufferTest"/>
  <testcase name="testBuilderAppend" time="0,000" classname="cviceni.StringBuilderAndBufferTest"/>
  <testcase name="testBuilderAppend" time="0,000" classname="cviceni.StringBuilderAndBufferTest"/>
  <testcase name="testBuilderAppendDelete" time="0,000" classname="cviceni.StringBuilderAndBufferTest"/>
  <testcase name="testBuilderAppendDelete" time="0,000" classname="cviceni.StringBuilderAndBufferTest"/>
  <testcase name="testBufferAppend" time="0,000" classname="cviceni.StringBuilderAndBufferTest"/>
  <testcase name="testBuilderAppendDelete" time="0,000" classname="cviceni.StringBuilderAndBufferTest"/>
  <testcase name="testBufferAppendDelete" time="0,000" classname="cviceni.StringBuilderAndBufferTest"/>
  <testcase name="testBufferAppend" time="0,000" classname="cviceni.StringBuilderAndBufferTest"/>
  <testcase name="testBufferAppend" time="0,000" classname="cviceni.StringBuilderAndBufferTest"/>
  <testcase name="testBuilderAppendDelete" time="0,000" classname="cviceni.StringBuilderAndBufferTest"/>
  <testcase name="testBufferAppend" time="0,000" classname="cviceni.StringBuilderAndBufferTest"/>
  <testcase name="testBuilderAppend" time="0,000" classname="cviceni.StringBuilderAndBufferTest"/>
  <testcase name="testBuilderAppendDelete" time="0,000" classname="cviceni.StringBuilderAndBufferTest"/>
  <testcase name="testBufferAppendDelete" time="0,000" classname="cviceni.StringBuilderAndBufferTest"/>
  <testcase name="testBufferAppendDelete" time="0,000" classname="cviceni.StringBuilderAndBufferTest"/>
  <testcase name="testBufferAppend" time="0,001" classname="cviceni.StringBuilderAndBufferTest"/>
  <testcase name="testBuilderAppend" time="0,001" classname="cviceni.StringBuilderAndBufferTest"/>
  <testcase name="testBuilderAppend" time="0,000" classname="cviceni.StringBuilderAndBufferTest"/>
  <testcase name="testBuilderAppendDelete" time="0,000" classname="cviceni.StringBuilderAndBufferTest"/>
  <testcase name="testBufferAppendDelete" time="0,001" classname="cviceni.StringBuilderAndBufferTest"/>
  <testcase name="testBuilderAppend" time="0,001" classname="cviceni.StringBuilderAndBufferTest"/>
  <testcase name="testBuilderAppend" time="0,001" classname="cviceni.StringBuilderAndBufferTest"/>
  <testcase name="testBuilderAppend" time="0,000" classname="cviceni.StringBuilderAndBufferTest"/>
  <testcase name="testBuilderAppendDelete" time="0,013" classname="cviceni.StringBuilderAndBufferTest"/>
  <testcase name="testBufferAppend" time="0,001" classname="cviceni.StringBuilderAndBufferTest"/>
  <testcase name="testBufferAppendDelete" time="0,000" classname="cviceni.StringBuilderAndBufferTest"/>
  <testcase name="testBuilderAppendDelete" time="0,000" classname="cviceni.StringBuilderAndBufferTest"/>
  <testcase name="testBuilderAppendDelete" time="0,000" classname="cviceni.StringBuilderAndBufferTest"/>
  <testcase name="testBufferAppend" time="0,000" classname="cviceni.StringBuilderAndBufferTest"/>
  <testcase name="testBufferAppend" time="0,000" classname="cviceni.StringBuilderAndBufferTest"/>
  <testcase name="testBuilderAppendDelete" time="0,000" classname="cviceni.StringBuilderAndBufferTest"/>
  <testcase name="testBufferAppend" time="0,000" classname="cviceni.StringBuilderAndBufferTest"/>
  <testcase name="testBuilderAppendDelete" time="0,000" classname="cviceni.StringBuilderAndBufferTest"/>
  <testcase name="testBufferAppendDelete" time="0,000" classname="cviceni.StringBuilderAndBufferTest"/>
  <testcase name="testBufferAppend" time="0,000" classname="cviceni.StringBuilderAndBufferTest"/>
  <testcase name="testBufferAppend" time="0,000" classname="cviceni.StringBuilderAndBufferTest"/>
  <testcase name="testBufferAppend" time="0,000" classname="cviceni.StringBuilderAndBufferTest"/>
  <testcase name="testBufferAppendDelete" time="0,000" classname="cviceni.StringBuilderAndBufferTest"/>
  <testcase name="testBuilderAppendDelete" time="0,000" classname="cviceni.StringBuilderAndBufferTest"/>
  <testcase name="testBuilderAppendDelete" time="0,001" classname="cviceni.StringBuilderAndBufferTest"/>
  <testcase name="testBuilderAppend" time="0,000" classname="cviceni.StringBuilderAndBufferTest"/>
  <testcase name="testBufferAppend" time="0,000" classname="cviceni.StringBuilderAndBufferTest"/>
  <testcase name="testBuilderAppend" time="0,001" classname="cviceni.StringBuilderAndBufferTest"/>
  <testcase name="testBufferAppend" time="0,000" classname="cviceni.StringBuilderAndBufferTest"/>
  <testcase name="testBufferAppend" time="0,000" classname="cviceni.StringBuilderAndBufferTest"/>
  <testcase name="testBuilderAppend" time="0,001" classname="cviceni.StringBuilderAndBufferTest"/>
  <testcase name="testBuilderAppend" time="0,000" classname="cviceni.StringBuilderAndBufferTest"/>
  <testcase name="testBufferAppend" time="0,000" classname="cviceni.StringBuilderAndBufferTest"/>
  <testcase name="testBufferAppendDelete" time="0,000" classname="cviceni.StringBuilderAndBufferTest"/>
  <testcase name="testBufferAppendDelete" time="0,000" classname="cviceni.StringBuilderAndBufferTest"/>
  <testcase name="testBuilderAppendDelete" time="0,000" classname="cviceni.StringBuilderAndBufferTest"/>
  <testcase name="testBufferAppend" time="0,000" classname="cviceni.StringBuilderAndBufferTest"/>
  <testcase name="testBuilderAppendDelete" time="0,000" classname="cviceni.StringBuilderAndBufferTest"/>
  <testcase name="testBufferAppend" time="0,000" classname="cviceni.StringBuilderAndBufferTest"/>
  <testcase name="testBuilderAppendDelete" time="0,001" classname="cviceni.StringBuilderAndBufferTest"/>
  <testcase name="testBuilderAppendDelete" time="0,000" classname="cviceni.StringBuilderAndBufferTest"/>
  <testcase name="testBufferAppend" time="0,000" classname="cviceni.StringBuilderAndBufferTest"/>
  <testcase name="testBuilderAppendDelete" time="0,000" classname="cviceni.StringBuilderAndBufferTest"/>
  <testcase name="testBuilderAppendDelete" time="0,000" classname="cviceni.StringBuilderAndBufferTest"/>
  <testcase name="testBufferAppendDelete" time="0,001" classname="cviceni.StringBuilderAndBufferTest"/>
  <testcase name="testBuilderAppend" time="0,000" classname="cviceni.StringBuilderAndBufferTest"/>
  <testcase name="testBuilderAppend" time="0,001" classname="cviceni.StringBuilderAndBufferTest"/>
  <testcase name="testBuilderAppendDelete" time="0,001" classname="cviceni.StringBuilderAndBufferTest"/>
  <testcase name="testBuilderAppendDelete" time="0,000" classname="cviceni.StringBuilderAndBufferTest"/>
  <testcase name="testBufferAppendDelete" time="0,000" classname="cviceni.StringBuilderAndBufferTest"/>
  <testcase name="testBuilderAppend" time="0,000" classname="cviceni.StringBuilderAndBufferTest"/>
  <testcase name="testBuilderAppendDelete" time="0,000" classname="cviceni.StringBuilderAndBufferTest"/>
  <testcase name="testBufferAppend" time="0,000" classname="cviceni.StringBuilderAndBufferTest"/>
  <testcase name="testBufferAppendDelete" time="0,001" classname="cviceni.StringBuilderAndBufferTest"/>
  <testcase name="testBufferAppendDelete" time="0,000" classname="cviceni.StringBuilderAndBufferTest"/>
  <testcase name="testBuilderAppendDelete" time="0,000" classname="cviceni.StringBuilderAndBufferTest"/>
  <testcase name="testBufferAppendDelete" time="0,000" classname="cviceni.StringBuilderAndBufferTest"/>
  <testcase name="testBufferAppend" time="0,000" classname="cviceni.StringBuilderAndBufferTest"/>
  <testcase name="testBuilderAppendDelete" time="0,001" classname="cviceni.StringBuilderAndBufferTest"/>
  <testcase name="testBufferAppendDelete" time="0,000" classname="cviceni.StringBuilderAndBufferTest"/>
  <testcase name="testBuilderAppendDelete" time="0,000" classname="cviceni.StringBuilderAndBufferTest"/>
  <testcase name="testBuilderAppendDelete" time="0,000" classname="cviceni.StringBuilderAndBufferTest"/>
  <testcase name="testBuilderAppend" time="0,000" classname="cviceni.StringBuilderAndBufferTest"/>
  <testcase name="testBuilderAppend" time="0,000" classname="cviceni.StringBuilderAndBufferTest"/>
  <testcase name="testBufferAppend" time="0,001" classname="cviceni.StringBuilderAndBufferTest"/>
  <testcase name="testBuilderAppendDelete" time="0,000" classname="cviceni.StringBuilderAndBufferTest"/>
  <testcase name="testBuilderAppendDelete" time="0,000" classname="cviceni.StringBuilderAndBufferTest"/>
  <testcase name="testBufferAppend" time="0,000" classname="cviceni.StringBuilderAndBufferTest"/>
  <testcase name="testBufferAppend" time="0,000" classname="cviceni.StringBuilderAndBufferTest"/>
  <testcase name="testBuilderAppend" time="0,001" classname="cviceni.StringBuilderAndBufferTest"/>
  <testcase name="testBuilderAppendDelete" time="0,000" classname="cviceni.StringBuilderAndBufferTest"/>
  <testcase name="testBufferAppend" time="0,000" classname="cviceni.StringBuilderAndBufferTest"/>
  <testcase name="testBufferAppend" time="0,000" classname="cviceni.StringBuilderAndBufferTest"/>
  <testcase name="testBuilderAppend" time="0,001" classname="cviceni.StringBuilderAndBufferTest"/>
  <testcase name="testBufferAppend" time="0,001" classname="cviceni.StringBuilderAndBufferTest"/>
  <testcase name="testBuilderAppend" time="0,001" classname="cviceni.StringBuilderAndBufferTest"/>
  <testcase name="testBuilderAppendDelete" time="0,000" classname="cviceni.StringBuilderAndBufferTest"/>
  <testcase name="testBufferAppendDelete" time="0,000" classname="cviceni.StringBuilderAndBufferTest"/>
  <testcase name="testBufferAppend" time="0,000" classname="cviceni.StringBuilderAndBufferTest"/>
  <testcase name="testBuilderAppendDelete" time="0,001" classname="cviceni.StringBuilderAndBufferTest"/>
  <testcase name="testBufferAppend" time="0,000" classname="cviceni.StringBuilderAndBufferTest"/>
  <testcase name="testBuilderAppend" time="0,000" classname="cviceni.StringBuilderAndBufferTest"/>
  <testcase name="testBuilderAppend" time="0,000" classname="cviceni.StringBuilderAndBufferTest"/>
  <testcase name="testBufferAppendDelete" time="0,000" classname="cviceni.StringBuilderAndBufferTest"/>
  <testcase name="testBuilderAppend" time="0,000" classname="cviceni.StringBuilderAndBufferTest"/>
  <testcase name="testBuilderAppend" time="0,000" classname="cviceni.StringBuilderAndBufferTest"/>
  <testcase name="testBufferAppend" time="0,000" classname="cviceni.StringBuilderAndBufferTest"/>
  <testcase name="testBufferAppend" time="0,000" classname="cviceni.StringBuilderAndBufferTest"/>
  <testcase name="testBuilderAppendDelete" time="0,001" classname="cviceni.StringBuilderAndBufferTest"/>
  <testcase name="testBufferAppend" time="0,000" classname="cviceni.StringBuilderAndBufferTest"/>
  <testcase name="testBufferAppendDelete" time="0,001" classname="cviceni.StringBuilderAndBufferTest"/>
  <testcase name="testBufferAppendDelete" time="0,000" classname="cviceni.StringBuilderAndBufferTest"/>
  <testcase name="testBuilderAppend" time="0,000" classname="cviceni.StringBuilderAndBufferTest"/>
  <testcase name="testBufferAppendDelete" time="0,000" classname="cviceni.StringBuilderAndBufferTest"/>
  <testcase name="testBufferAppendDelete" time="0,001" classname="cviceni.StringBuilderAndBufferTest"/>
  <testcase name="testBuilderAppendDelete" time="0,000" classname="cviceni.StringBuilderAndBufferTest"/>
  <testcase name="testBuilderAppendDelete" time="0,000" classname="cviceni.StringBuilderAndBufferTest"/>
  <testcase name="testBuilderAppend" time="0,000" classname="cviceni.StringBuilderAndBufferTest"/>
  <testcase name="testBuilderAppendDelete" time="0,000" classname="cviceni.StringBuilderAndBufferTest"/>
  <testcase name="testBufferAppend" time="0,000" classname="cviceni.StringBuilderAndBufferTest"/>
  <testcase name="testBuilderAppendDelete" time="0,000" classname="cviceni.StringBuilderAndBufferTest"/>
  <testcase name="testBufferAppend" time="0,001" classname="cviceni.StringBuilderAndBufferTest"/>
  <testcase name="testBuilderAppend" time="0,000" classname="cviceni.StringBuilderAndBufferTest"/>
  <testcase name="testBufferAppend" time="0,000" classname="cviceni.StringBuilderAndBufferTest"/>
  <testcase name="testBuilderAppend" time="0,000" classname="cviceni.StringBuilderAndBufferTest"/>
  <testcase name="testBufferAppend" time="0,000" classname="cviceni.StringBuilderAndBufferTest"/>
  <testcase name="testBufferAppend" time="0,000" classname="cviceni.StringBuilderAndBufferTest"/>
  <testcase name="testBuilderAppendDelete" time="0,050" classname="cviceni.StringBuilderAndBufferTest"/>
  <testcase name="testBufferAppend" time="0,001" classname="cviceni.StringBuilderAndBufferTest"/>
  <testcase name="testBuilderAppendDelete" time="0,000" classname="cviceni.StringBuilderAndBufferTest"/>
  <testcase name="testBufferAppend" time="0,001" classname="cviceni.StringBuilderAndBufferTest"/>
  <testcase name="testBuilderAppendDelete" time="0,000" classname="cviceni.StringBuilderAndBufferTest"/>
  <testcase name="testBuilderAppendDelete" time="0,001" classname="cviceni.StringBuilderAndBufferTest"/>
  <testcase name="testBuilderAppend" time="0,001" classname="cviceni.StringBuilderAndBufferTest"/>
  <testcase name="testBufferAppendDelete" time="0,000" classname="cviceni.StringBuilderAndBufferTest"/>
  <testcase name="testBuilderAppend" time="0,000" classname="cviceni.StringBuilderAndBufferTest"/>
  <testcase name="testBufferAppend" time="0,000" classname="cviceni.StringBuilderAndBufferTest"/>
  <testcase name="testBufferAppendDelete" time="0,000" classname="cviceni.StringBuilderAndBufferTest"/>
  <testcase name="testBuilderAppendDelete" time="0,001" classname="cviceni.StringBuilderAndBufferTest"/>
  <testcase name="testBufferAppend" time="0,000" classname="cviceni.StringBuilderAndBufferTest"/>
  <testcase name="testBuilderAppend" time="0,000" classname="cviceni.StringBuilderAndBufferTest"/>
  <testcase name="testBuilderAppendDelete" time="0,000" classname="cviceni.StringBuilderAndBufferTest"/>
  <testcase name="testBufferAppendDelete" time="0,000" classname="cviceni.StringBuilderAndBufferTest"/>
  <testcase name="testBufferAppend" time="0,000" classname="cviceni.StringBuilderAndBufferTest"/>
  <testcase name="testBuilderAppendDelete" time="0,000" classname="cviceni.StringBuilderAndBufferTest"/>
  <testcase name="testBufferAppendDelete" time="0,000" classname="cviceni.StringBuilderAndBufferTest"/>
  <testcase name="testBuilderAppend" time="0,000" classname="cviceni.StringBuilderAndBufferTest"/>
  <testcase name="testBufferAppend" time="0,001" classname="cviceni.StringBuilderAndBufferTest"/>
  <testcase name="testBufferAppend" time="0,000" classname="cviceni.StringBuilderAndBufferTest"/>
  <testcase name="testBuilderAppendDelete" time="0,001" classname="cviceni.StringBuilderAndBufferTest"/>
  <testcase name="testBufferAppend" time="0,000" classname="cviceni.StringBuilderAndBufferTest"/>
  <testcase name="testBufferAppend" time="0,001" classname="cviceni.StringBuilderAndBufferTest"/>
  <testcase name="testBuilderAppend" time="0,001" classname="cviceni.StringBuilderAndBufferTest"/>
  <testcase name="testBuilderAppendDelete" time="0,001" classname="cviceni.StringBuilderAndBufferTest"/>
  <testcase name="testBuilderAppend" time="0,000" classname="cviceni.StringBuilderAndBufferTest"/>
  <testcase name="testBufferAppendDelete" time="0,000" classname="cviceni.StringBuilderAndBufferTest"/>
  <testcase name="testBuilderAppend" time="0,000" classname="cviceni.StringBuilderAndBufferTest"/>
  <testcase name="testBuilderAppend" time="0,000" classname="cviceni.StringBuilderAndBufferTest"/>
  <testcase name="testBuilderAppendDelete" time="0,000" classname="cviceni.StringBuilderAndBufferTest"/>
  <testcase name="testBuilderAppend" time="0,000" classname="cviceni.StringBuilderAndBufferTest"/>
  <testcase name="testBuilderAppend" time="0,000" classname="cviceni.StringBuilderAndBufferTest"/>
  <testcase name="testBuilderAppend" time="0,000" classname="cviceni.StringBuilderAndBufferTest"/>
  <testcase name="testBuilderAppend" time="0,001" classname="cviceni.StringBuilderAndBufferTest"/>
  <testcase name="testBufferAppend" time="0,001" classname="cviceni.StringBuilderAndBufferTest"/>
  <testcase name="testBuilderAppendDelete" time="0,001" classname="cviceni.StringBuilderAndBufferTest"/>
  <testcase name="testBuilderAppend" time="0,000" classname="cviceni.StringBuilderAndBufferTest"/>
  <testcase name="testBuilderAppendDelete" time="0,000" classname="cviceni.StringBuilderAndBufferTest"/>
  <testcase name="testBufferAppend" time="0,000" classname="cviceni.StringBuilderAndBufferTest"/>
  <testcase name="testBufferAppend" time="0,001" classname="cviceni.StringBuilderAndBufferTest"/>
  <testcase name="testBufferAppend" time="0,000" classname="cviceni.StringBuilderAndBufferTest"/>
  <testcase name="testBufferAppend" time="0,000" classname="cviceni.StringBuilderAndBufferTest"/>
  <testcase name="testBuilderAppendDelete" time="0,001" classname="cviceni.StringBuilderAndBufferTest"/>
  <testcase name="testBufferAppend" time="0,000" classname="cviceni.StringBuilderAndBufferTest"/>
  <testcase name="testBuilderAppend" time="0,001" classname="cviceni.StringBuilderAndBufferTest"/>
  <testcase name="testBuilderAppendDelete" time="0,000" classname="cviceni.StringBuilderAndBufferTest"/>
  <testcase name="testBufferAppend" time="0,000" classname="cviceni.StringBuilderAndBufferTest"/>
  <testcase name="testBuilderAppendDelete" time="0,001" classname="cviceni.StringBuilderAndBufferTest"/>
  <testcase name="testBuilderAppendDelete" time="0,000" classname="cviceni.StringBuilderAndBufferTest"/>
  <testcase name="testBufferAppendDelete" time="0,001" classname="cviceni.StringBuilderAndBufferTest"/>
  <testcase name="testBuilderAppend" time="0,000" classname="cviceni.StringBuilderAndBufferTest"/>
  <testcase name="testBuilderAppend" time="0,000" classname="cviceni.StringBuilderAndBufferTest"/>
  <testcase name="testBuilderAppend" time="0,000" classname="cviceni.StringBuilderAndBufferTest"/>
  <testcase name="testBufferAppendDelete" time="0,000" classname="cviceni.StringBuilderAndBufferTest"/>
  <testcase name="testBuilderAppend" time="0,001" classname="cviceni.StringBuilderAndBufferTest"/>
  <testcase name="testBuilderAppend" time="0,000" classname="cviceni.StringBuilderAndBufferTest"/>
  <testcase name="testBuilderAppendDelete" time="0,000" classname="cviceni.StringBuilderAndBufferTest"/>
  <testcase name="testBufferAppend" time="0,000" classname="cviceni.StringBuilderAndBufferTest"/>
  <testcase name="testBuilderAppendDelete" time="0,000" classname="cviceni.StringBuilderAndBufferTest"/>
  <testcase name="testBuilderAppend" time="0,000" classname="cviceni.StringBuilderAndBufferTest"/>
  <testcase name="testBufferAppendDelete" time="0,000" classname="cviceni.StringBuilderAndBufferTest"/>
  <testcase name="testBufferAppendDelete" time="0,000" classname="cviceni.StringBuilderAndBufferTest"/>
  <testcase name="testBuilderAppendDelete" time="0,001" classname="cviceni.StringBuilderAndBufferTest"/>
  <testcase name="testBufferAppend" time="0,000" classname="cviceni.StringBuilderAndBufferTest"/>
  <testcase name="testBuilderAppend" time="0,000" classname="cviceni.StringBuilderAndBufferTest"/>
  <testcase name="testBuilderAppendDelete" time="0,001" classname="cviceni.StringBuilderAndBufferTest"/>
  <testcase name="testBuilderAppend" time="0,000" classname="cviceni.StringBuilderAndBufferTest"/>
  <testcase name="testBuilderAppendDelete" time="0,000" classname="cviceni.StringBuilderAndBufferTest"/>
  <testcase name="testBufferAppendDelete" time="0,000" classname="cviceni.StringBuilderAndBufferTest"/>
  <testcase name="testBuilderAppend" time="0,000" classname="cviceni.StringBuilderAndBufferTest"/>
  <testcase name="testBuilderAppendDelete" time="0,000" classname="cviceni.StringBuilderAndBufferTest"/>
  <testcase name="testBufferAppendDelete" time="0,001" classname="cviceni.StringBuilderAndBufferTest"/>
  <testcase name="testBufferAppendDelete" time="0,000" classname="cviceni.StringBuilderAndBufferTest"/>
  <testcase name="testBuilderAppend" time="0,000" classname="cviceni.StringBuilderAndBufferTest"/>
  <testcase name="testBufferAppend" time="0,000" classname="cviceni.StringBuilderAndBufferTest"/>
  <testcase name="testBuilderAppendDelete" time="0,001" classname="cviceni.StringBuilderAndBufferTest"/>
  <testcase name="testBuilderAppendDelete" time="0,000" classname="cviceni.StringBuilderAndBufferTest"/>
  <testcase name="testBufferAppend" time="0,000" classname="cviceni.StringBuilderAndBufferTest"/>
  <testcase name="testBufferAppendDelete" time="0,000" classname="cviceni.StringBuilderAndBufferTest"/>
  <testcase name="testBufferAppend" time="0,000" classname="cviceni.StringBuilderAndBufferTest"/>
  <testcase name="testBuilderAppendDelete" time="0,000" classname="cviceni.StringBuilderAndBufferTest"/>
  <testcase name="testBuilderAppend" time="0,000" classname="cviceni.StringBuilderAndBufferTest"/>
  <testcase name="testBuilderAppendDelete" time="0,001" classname="cviceni.StringBuilderAndBufferTest"/>
  <testcase name="testBufferAppendDelete" time="0,000" classname="cviceni.StringBuilderAndBufferTest"/>
  <testcase name="testBuilderAppend" time="0,000" classname="cviceni.StringBuilderAndBufferTest"/>
  <testcase name="testBuilderAppendDelete" time="0,000" classname="cviceni.StringBuilderAndBufferTest"/>
  <testcase name="testBuilderAppendDelete" time="0,001" classname="cviceni.StringBuilderAndBufferTest"/>
  <testcase name="testBuilderAppend" time="0,000" classname="cviceni.StringBuilderAndBufferTest"/>
  <testcase name="testBufferAppend" time="0,000" classname="cviceni.StringBuilderAndBufferTest"/>
  <testcase name="testBufferAppend" time="0,000" classname="cviceni.StringBuilderAndBufferTest"/>
  <testcase name="testBuilderAppend" time="0,000" classname="cviceni.StringBuilderAndBufferTest"/>
  <testcase name="testBuilderAppendDelete" time="0,000" classname="cviceni.StringBuilderAndBufferTest"/>
  <testcase name="testBufferAppendDelete" time="0,001" classname="cviceni.StringBuilderAndBufferTest"/>
  <testcase name="testBuilderAppendDelete" time="0,000" classname="cviceni.StringBuilderAndBufferTest"/>
  <testcase name="testBufferAppend" time="0,001" classname="cviceni.StringBuilderAndBufferTest"/>
  <testcase name="testBufferAppend" time="0,000" classname="cviceni.StringBuilderAndBufferTest"/>
  <testcase name="testBuilderAppend" time="0,000" classname="cviceni.StringBuilderAndBufferTest"/>
  <testcase name="testBufferAppendDelete" time="0,000" classname="cviceni.StringBuilderAndBufferTest"/>
  <testcase name="testBuilderAppend" time="0,001" classname="cviceni.StringBuilderAndBufferTest"/>
  <testcase name="testBuilderAppend" time="0,000" classname="cviceni.StringBuilderAndBufferTest"/>
  <testcase name="testBufferAppendDelete" time="0,000" classname="cviceni.StringBuilderAndBufferTest"/>
  <testcase name="testBufferAppendDelete" time="0,000" classname="cviceni.StringBuilderAndBufferTest"/>
  <testcase name="testBufferAppend" time="0,000" classname="cviceni.StringBuilderAndBufferTest"/>
  <testcase name="testBufferAppendDelete" time="0,000" classname="cviceni.StringBuilderAndBufferTest"/>
  <testcase name="testBuilderAppendDelete" time="0,001" classname="cviceni.StringBuilderAndBufferTest"/>
  <testcase name="testBuilderAppend" time="0,000" classname="cviceni.StringBuilderAndBufferTest"/>
  <testcase name="testBuilderAppend" time="0,000" classname="cviceni.StringBuilderAndBufferTest"/>
  <testcase name="testBuilderAppendDelete" time="0,000" classname="cviceni.StringBuilderAndBufferTest"/>
  <testcase name="testBuilderAppendDelete" time="0,000" classname="cviceni.StringBuilderAndBufferTest"/>
  <testcase name="testBuilderAppend" time="0,001" classname="cviceni.StringBuilderAndBufferTest"/>
  <testcase name="testBufferAppendDelete" time="0,000" classname="cviceni.StringBuilderAndBufferTest"/>
  <testcase name="testBuilderAppendDelete" time="0,000" classname="cviceni.StringBuilderAndBufferTest"/>
  <testcase name="testBufferAppend" time="0,000" classname="cviceni.StringBuilderAndBufferTest"/>
  <testcase name="testBuilderAppendDelete" time="0,000" classname="cviceni.StringBuilderAndBufferTest"/>
  <testcase name="testBufferAppendDelete" time="0,000" classname="cviceni.StringBuilderAndBufferTest"/>
  <testcase name="testBuilderAppendDelete" time="0,000" classname="cviceni.StringBuilderAndBufferTest"/>
  <testcase name="testBufferAppend" time="0,000" classname="cviceni.StringBuilderAndBufferTest"/>
  <testcase name="testBuilderAppendDelete" time="0,000" classname="cviceni.StringBuilderAndBufferTest"/>
  <testcase name="testBuilderAppendDelete" time="0,000" classname="cviceni.StringBuilderAndBufferTest"/>
  <testcase name="testBufferAppendDelete" time="0,001" classname="cviceni.StringBuilderAndBufferTest"/>
  <testcase name="testBuilderAppend" time="0,000" classname="cviceni.StringBuilderAndBufferTest"/>
  <testcase name="testBuilderAppendDelete" time="0,001" classname="cviceni.StringBuilderAndBufferTest"/>
  <testcase name="testBufferAppendDelete" time="0,000" classname="cviceni.StringBuilderAndBufferTest"/>
  <testcase name="testBufferAppendDelete" time="0,001" classname="cviceni.StringBuilderAndBufferTest"/>
  <testcase name="testBufferAppendDelete" time="0,000" classname="cviceni.StringBuilderAndBufferTest"/>
  <testcase name="testBufferAppendDelete" time="0,000" classname="cviceni.StringBuilderAndBufferTest"/>
  <testcase name="testBuilderAppendDelete" time="0,000" classname="cviceni.StringBuilderAndBufferTest"/>
  <testcase name="testBuilderAppend" time="0,000" classname="cviceni.StringBuilderAndBufferTest"/>
  <testcase name="testBufferAppendDelete" time="0,000" classname="cviceni.StringBuilderAndBufferTest"/>
  <testcase name="testBufferAppend" time="0,000" classname="cviceni.StringBuilderAndBufferTest"/>
  <testcase name="testBufferAppendDelete" time="0,000" classname="cviceni.StringBuilderAndBufferTest"/>
  <testcase name="testBuilderAppend" time="0,000" classname="cviceni.StringBuilderAndBufferTest"/>
  <testcase name="testBufferAppend" time="0,001" classname="cviceni.StringBuilderAndBufferTest"/>
  <testcase name="testBufferAppend" time="0,000" classname="cviceni.StringBuilderAndBufferTest"/>
  <testcase name="testBuilderAppendDelete" time="0,001" classname="cviceni.StringBuilderAndBufferTest"/>
  <testcase name="testBuilderAppend" time="0,000" classname="cviceni.StringBuilderAndBufferTest"/>
  <testcase name="testBufferAppendDelete" time="0,001" classname="cviceni.StringBuilderAndBufferTest"/>
  <testcase name="testBufferAppend" time="0,000" classname="cviceni.StringBuilderAndBufferTest"/>
  <testcase name="testBufferAppend" time="0,000" classname="cviceni.StringBuilderAndBufferTest"/>
  <testcase name="testBufferAppend" time="0,000" classname="cviceni.StringBuilderAndBufferTest"/>
  <testcase name="testBuilderAppendDelete" time="0,001" classname="cviceni.StringBuilderAndBufferTest"/>
  <testcase name="testBuilderAppendDelete" time="0,000" classname="cviceni.StringBuilderAndBufferTest"/>
  <testcase name="testBufferAppend" time="0,001" classname="cviceni.StringBuilderAndBufferTest"/>
  <testcase name="testBufferAppend" time="0,000" classname="cviceni.StringBuilderAndBufferTest"/>
  <testcase name="testBuilderAppendDelete" time="0,000" classname="cviceni.StringBuilderAndBufferTest"/>
  <testcase name="testBufferAppend" time="0,000" classname="cviceni.StringBuilderAndBufferTest"/>
  <testcase name="testBuilderAppend" time="0,033" classname="cviceni.StringBuilderAndBufferTest"/>
  <testcase name="testBufferAppend" time="0,000" classname="cviceni.StringBuilderAndBufferTest"/>
  <testcase name="testBuilderAppend" time="0,001" classname="cviceni.StringBuilderAndBufferTest"/>
  <testcase name="testBufferAppend" time="0,001" classname="cviceni.StringBuilderAndBufferTest"/>
  <testcase name="testBuilderAppend" time="0,000" classname="cviceni.StringBuilderAndBufferTest"/>
  <testcase name="testBuilderAppendDelete" time="0,000" classname="cviceni.StringBuilderAndBufferTest"/>
  <testcase name="testBuilderAppendDelete" time="0,000" classname="cviceni.StringBuilderAndBufferTest"/>
  <testcase name="testBuilderAppend" time="0,001" classname="cviceni.StringBuilderAndBufferTest"/>
  <testcase name="testBufferAppendDelete" time="0,001" classname="cviceni.StringBuilderAndBufferTest"/>
  <testcase name="testBufferAppendDelete" time="0,000" classname="cviceni.StringBuilderAndBufferTest"/>
  <testcase name="testBufferAppendDelete" time="0,000" classname="cviceni.StringBuilderAndBufferTest"/>
  <testcase name="testBuilderAppendDelete" time="0,000" classname="cviceni.StringBuilderAndBufferTest"/>
  <testcase name="testBuilderAppendDelete" time="0,000" classname="cviceni.StringBuilderAndBufferTest"/>
  <testcase name="testBuilderAppend" time="0,000" classname="cviceni.StringBuilderAndBufferTest"/>
  <testcase name="testBufferAppendDelete" time="0,000" classname="cviceni.StringBuilderAndBufferTest"/>
  <testcase name="testBufferAppend" time="0,000" classname="cviceni.StringBuilderAndBufferTest"/>
  <testcase name="testBufferAppend" time="0,001" classname="cviceni.StringBuilderAndBufferTest"/>
  <testcase name="testBuilderAppend" time="0,001" classname="cviceni.StringBuilderAndBufferTest"/>
  <testcase name="testBuilderAppend" time="0,000" classname="cviceni.StringBuilderAndBufferTest"/>
  <testcase name="testBuilderAppendDelete" time="0,000" classname="cviceni.StringBuilderAndBufferTest"/>
  <testcase name="testBufferAppend" time="0,000" classname="cviceni.StringBuilderAndBufferTest"/>
  <testcase name="testBuilderAppend" time="0,000" classname="cviceni.StringBuilderAndBufferTest"/>
  <testcase name="testBufferAppendDelete" time="0,000" classname="cviceni.StringBuilderAndBufferTest"/>
  <testcase name="testBuilderAppendDelete" time="0,000" classname="cviceni.StringBuilderAndBufferTest"/>
  <testcase name="testBufferAppendDelete" time="0,000" classname="cviceni.StringBuilderAndBufferTest"/>
  <testcase name="testBufferAppend" time="0,000" classname="cviceni.StringBuilderAndBufferTest"/>
  <testcase name="testBuilderAppendDelete" time="0,001" classname="cviceni.StringBuilderAndBufferTest"/>
  <testcase name="testBufferAppendDelete" time="0,000" classname="cviceni.StringBuilderAndBufferTest"/>
  <testcase name="testBufferAppend" time="0,000" classname="cviceni.StringBuilderAndBufferTest"/>
  <testcase name="testBufferAppendDelete" time="0,000" classname="cviceni.StringBuilderAndBufferTest"/>
  <testcase name="testBufferAppend" time="0,001" classname="cviceni.StringBuilderAndBufferTest"/>
  <testcase name="testBufferAppendDelete" time="0,000" classname="cviceni.StringBuilderAndBufferTest"/>
  <testcase name="testBufferAppend" time="0,001" classname="cviceni.StringBuilderAndBufferTest"/>
  <testcase name="testBufferAppendDelete" time="0,000" classname="cviceni.StringBuilderAndBufferTest"/>
  <testcase name="testBufferAppendDelete" time="0,000" classname="cviceni.StringBuilderAndBufferTest"/>
  <testcase name="testBufferAppend" time="0,000" classname="cviceni.StringBuilderAndBufferTest"/>
  <testcase name="testBufferAppendDelete" time="0,001" classname="cviceni.StringBuilderAndBufferTest"/>
  <testcase name="testBuilderAppend" time="0,000" classname="cviceni.StringBuilderAndBufferTest"/>
  <testcase name="testBufferAppend" time="0,001" classname="cviceni.StringBuilderAndBufferTest"/>
  <testcase name="testBuilderAppend" time="0,000" classname="cviceni.StringBuilderAndBufferTest"/>
  <testcase name="testBuilderAppendDelete" time="0,001" classname="cviceni.StringBuilderAndBufferTest"/>
  <testcase name="testBuilderAppendDelete" time="0,001" classname="cviceni.StringBuilderAndBufferTest"/>
  <testcase name="testBufferAppendDelete" time="0,001" classname="cviceni.StringBuilderAndBufferTest"/>
  <testcase name="testBufferAppendDelete" time="0,000" classname="cviceni.StringBuilderAndBufferTest"/>
  <testcase name="testBuilderAppend" time="0,000" classname="cviceni.StringBuilderAndBufferTest"/>
  <testcase name="testBufferAppend" time="0,000" classname="cviceni.StringBuilderAndBufferTest"/>
  <testcase name="testBuilderAppend" time="0,000" classname="cviceni.StringBuilderAndBufferTest"/>
  <testcase name="testBufferAppendDelete" time="0,000" classname="cviceni.StringBuilderAndBufferTest"/>
  <testcase name="testBufferAppendDelete" time="0,000" classname="cviceni.StringBuilderAndBufferTest"/>
  <testcase name="testBufferAppendDelete" time="0,001" classname="cviceni.StringBuilderAndBufferTest"/>
  <testcase name="testBufferAppendDelete" time="0,000" classname="cviceni.StringBuilderAndBufferTest"/>
  <testcase name="testBufferAppendDelete" time="0,000" classname="cviceni.StringBuilderAndBufferTest"/>
  <testcase name="testBufferAppend" time="0,000" classname="cviceni.StringBuilderAndBufferTest"/>
  <testcase name="testBufferAppendDelete" time="0,000" classname="cviceni.StringBuilderAndBufferTest"/>
  <testcase name="testBuilderAppend" time="0,000" classname="cviceni.StringBuilderAndBufferTest"/>
  <testcase name="testBufferAppendDelete" time="0,001" classname="cviceni.StringBuilderAndBufferTest"/>
  <testcase name="testBuilderAppendDelete" time="0,000" classname="cviceni.StringBuilderAndBufferTest"/>
  <testcase name="testBufferAppend" time="0,000" classname="cviceni.StringBuilderAndBufferTest"/>
  <testcase name="testBuilderAppend" time="0,000" classname="cviceni.StringBuilderAndBufferTest"/>
  <testcase name="testBufferAppend" time="0,000" classname="cviceni.StringBuilderAndBufferTest"/>
  <testcase name="testBufferAppend" time="0,000" classname="cviceni.StringBuilderAndBufferTest"/>
  <testcase name="testBufferAppend" time="0,001" classname="cviceni.StringBuilderAndBufferTest"/>
  <testcase name="testBuilderAppendDelete" time="0,001" classname="cviceni.StringBuilderAndBufferTest"/>
  <testcase name="testBufferAppendDelete" time="0,000" classname="cviceni.StringBuilderAndBufferTest"/>
  <testcase name="testBufferAppend" time="0,000" classname="cviceni.StringBuilderAndBufferTest"/>
  <testcase name="testBufferAppendDelete" time="0,001" classname="cviceni.StringBuilderAndBufferTest"/>
  <testcase name="testBufferAppend" time="0,001" classname="cviceni.StringBuilderAndBufferTest"/>
  <testcase name="testBuilderAppend" time="0,001" classname="cviceni.StringBuilderAndBufferTest"/>
  <testcase name="testBuilderAppendDelete" time="0,000" classname="cviceni.StringBuilderAndBufferTest"/>
  <testcase name="testBufferAppendDelete" time="0,001" classname="cviceni.StringBuilderAndBufferTest"/>
  <testcase name="testBufferAppend" time="0,000" classname="cviceni.StringBuilderAndBufferTest"/>
  <testcase name="testBuilderAppendDelete" time="0,000" classname="cviceni.StringBuilderAndBufferTest"/>
  <testcase name="testBuilderAppendDelete" time="0,014" classname="cviceni.StringBuilderAndBufferTest"/>
  <testcase name="testBufferAppend" time="0,000" classname="cviceni.StringBuilderAndBufferTest"/>
  <testcase name="testBufferAppend" time="0,001" classname="cviceni.StringBuilderAndBufferTest"/>
  <testcase name="testBuilderAppendDelete" time="0,001" classname="cviceni.StringBuilderAndBufferTest"/>
  <testcase name="testBufferAppend" time="0,000" classname="cviceni.StringBuilderAndBufferTest"/>
  <testcase name="testBuilderAppendDelete" time="0,001" classname="cviceni.StringBuilderAndBufferTest"/>
  <testcase name="testBufferAppendDelete" time="0,001" classname="cviceni.StringBuilderAndBufferTest"/>
  <testcase name="testBufferAppendDelete" time="0,000" classname="cviceni.StringBuilderAndBufferTest"/>
  <testcase name="testBuilderAppendDelete" time="0,000" classname="cviceni.StringBuilderAndBufferTest"/>
  <testcase name="testBuilderAppend" time="0,000" classname="cviceni.StringBuilderAndBufferTest"/>
  <testcase name="testBuilderAppendDelete" time="0,187" classname="cviceni.StringBuilderAndBufferTest"/>
  <testcase name="testBufferAppend" time="0,000" classname="cviceni.StringBuilderAndBufferTest"/>
  <testcase name="testBufferAppend" time="0,000" classname="cviceni.StringBuilderAndBufferTest"/>
  <testcase name="testBufferAppend" time="0,000" classname="cviceni.StringBuilderAndBufferTest"/>
  <testcase name="testBuilderAppend" time="0,000" classname="cviceni.StringBuilderAndBufferTest"/>
  <testcase name="testBuilderAppendDelete" time="0,000" classname="cviceni.StringBuilderAndBufferTest"/>
  <testcase name="testBuilderAppend" time="0,056" classname="cviceni.StringBuilderAndBufferTest"/>
  <testcase name="testBufferAppendDelete" time="0,000" classname="cviceni.StringBuilderAndBufferTest"/>
  <testcase name="testBufferAppendDelete" time="0,000" classname="cviceni.StringBuilderAndBufferTest"/>
  <testcase name="testBuilderAppend" time="0,000" classname="cviceni.StringBuilderAndBufferTest"/>
  <testcase name="testBuilderAppend" time="0,000" classname="cviceni.StringBuilderAndBufferTest"/>
  <testcase name="testBufferAppend" time="0,000" classname="cviceni.StringBuilderAndBufferTest"/>
  <testcase name="testBuilderAppend" time="0,000" classname="cviceni.StringBuilderAndBufferTest"/>
  <testcase name="testBuilderAppendDelete" time="0,000" classname="cviceni.StringBuilderAndBufferTest"/>
  <testcase name="testBufferAppend" time="0,000" classname="cviceni.StringBuilderAndBufferTest"/>
  <testcase name="testBuilderAppend" time="0,000" classname="cviceni.StringBuilderAndBufferTest"/>
  <testcase name="testBuilderAppendDelete" time="0,000" classname="cviceni.StringBuilderAndBufferTest"/>
  <testcase name="testBufferAppendDelete" time="0,000" classname="cviceni.StringBuilderAndBufferTest"/>
  <testcase name="testBuilderAppendDelete" time="0,000" classname="cviceni.StringBuilderAndBufferTest"/>
  <testcase name="testBufferAppendDelete" time="0,001" classname="cviceni.StringBuilderAndBufferTest"/>
  <testcase name="testBufferAppendDelete" time="0,001" classname="cviceni.StringBuilderAndBufferTest"/>
  <testcase name="testBufferAppendDelete" time="0,000" classname="cviceni.StringBuilderAndBufferTest"/>
  <testcase name="testBufferAppend" time="0,000" classname="cviceni.StringBuilderAndBufferTest"/>
  <testcase name="testBufferAppend" time="0,001" classname="cviceni.StringBuilderAndBufferTest"/>
  <testcase name="testBufferAppend" time="0,000" classname="cviceni.StringBuilderAndBufferTest"/>
  <testcase name="testBufferAppend" time="0,000" classname="cviceni.StringBuilderAndBufferTest"/>
  <testcase name="testBufferAppend" time="0,000" classname="cviceni.StringBuilderAndBufferTest"/>
  <testcase name="testBufferAppendDelete" time="0,001" classname="cviceni.StringBuilderAndBufferTest"/>
  <testcase name="testBuilderAppend" time="0,000" classname="cviceni.StringBuilderAndBufferTest"/>
  <testcase name="testBuilderAppend" time="0,000" classname="cviceni.StringBuilderAndBufferTest"/>
  <testcase name="testBufferAppend" time="0,001" classname="cviceni.StringBuilderAndBufferTest"/>
  <testcase name="testBuilderAppend" time="0,000" classname="cviceni.StringBuilderAndBufferTest"/>
  <testcase name="testBuilderAppendDelete" time="0,001" classname="cviceni.StringBuilderAndBufferTest"/>
  <testcase name="testBuilderAppend" time="0,001" classname="cviceni.StringBuilderAndBufferTest"/>
  <testcase name="testBuilderAppend" time="0,000" classname="cviceni.StringBuilderAndBufferTest"/>
  <testcase name="testBufferAppend" time="0,001" classname="cviceni.StringBuilderAndBufferTest"/>
  <testcase name="testBufferAppendDelete" time="0,000" classname="cviceni.StringBuilderAndBufferTest"/>
  <testcase name="testBufferAppendDelete" time="0,000" classname="cviceni.StringBuilderAndBufferTest"/>
  <testcase name="testBufferAppendDelete" time="0,000" classname="cviceni.StringBuilderAndBufferTest"/>
  <testcase name="testBuilderAppend" time="0,001" classname="cviceni.StringBuilderAndBufferTest"/>
  <testcase name="testBufferAppend" time="0,000" classname="cviceni.StringBuilderAndBufferTest"/>
  <testcase name="testBuilderAppendDelete" time="0,001" classname="cviceni.StringBuilderAndBufferTest"/>
  <testcase name="testBuilderAppend" time="0,001" classname="cviceni.StringBuilderAndBufferTest"/>
  <testcase name="testBuilderAppend" time="0,001" classname="cviceni.StringBuilderAndBufferTest"/>
  <testcase name="testBuilderAppendDelete" time="0,000" classname="cviceni.StringBuilderAndBufferTest"/>
  <testcase name="testBufferAppend" time="0,001" classname="cviceni.StringBuilderAndBufferTest"/>
  <testcase name="testBufferAppendDelete" time="0,000" classname="cviceni.StringBuilderAndBufferTest"/>
  <testcase name="testBuilderAppendDelete" time="0,000" classname="cviceni.StringBuilderAndBufferTest"/>
  <testcase name="testBuilderAppend" time="0,001" classname="cviceni.StringBuilderAndBufferTest"/>
  <testcase name="testBufferAppendDelete" time="0,000" classname="cviceni.StringBuilderAndBufferTest"/>
  <testcase name="testBuilderAppendDelete" time="0,001" classname="cviceni.StringBuilderAndBufferTest"/>
  <testcase name="testBufferAppend" time="0,000" classname="cviceni.StringBuilderAndBufferTest"/>
  <testcase name="testBuilderAppend" time="0,001" classname="cviceni.StringBuilderAndBufferTest"/>
  <testcase name="testBuilderAppend" time="0,000" classname="cviceni.StringBuilderAndBufferTest"/>
  <testcase name="testBufferAppend" time="0,001" classname="cviceni.StringBuilderAndBufferTest"/>
  <testcase name="testBuilderAppendDelete" time="0,000" classname="cviceni.StringBuilderAndBufferTest"/>
  <testcase name="testBuilderAppendDelete" time="0,000" classname="cviceni.StringBuilderAndBufferTest"/>
  <testcase name="testBufferAppendDelete" time="0,000" classname="cviceni.StringBuilderAndBufferTest"/>
  <testcase name="testBufferAppendDelete" time="0,000" classname="cviceni.StringBuilderAndBufferTest"/>
  <testcase name="testBuilderAppendDelete" time="0,001" classname="cviceni.StringBuilderAndBufferTest"/>
  <testcase name="testBuilderAppend" time="0,000" classname="cviceni.StringBuilderAndBufferTest"/>
  <testcase name="testBufferAppendDelete" time="0,000" classname="cviceni.StringBuilderAndBufferTest"/>
  <testcase name="testBuilderAppendDelete" time="0,001" classname="cviceni.StringBuilderAndBufferTest"/>
  <testcase name="testBufferAppend" time="0,000" classname="cviceni.StringBuilderAndBufferTest"/>
  <testcase name="testBufferAppend" time="0,000" classname="cviceni.StringBuilderAndBufferTest"/>
  <testcase name="testBuilderAppendDelete" time="0,000" classname="cviceni.StringBuilderAndBufferTest"/>
  <testcase name="testBufferAppendDelete" time="0,000" classname="cviceni.StringBuilderAndBufferTest"/>
  <testcase name="testBufferAppendDelete" time="0,000" classname="cviceni.StringBuilderAndBufferTest"/>
  <testcase name="testBuilderAppendDelete" time="0,000" classname="cviceni.StringBuilderAndBufferTest"/>
  <testcase name="testBufferAppendDelete" time="0,001" classname="cviceni.StringBuilderAndBufferTest"/>
  <testcase name="testBufferAppend" time="0,000" classname="cviceni.StringBuilderAndBufferTest"/>
  <testcase name="testBuilderAppendDelete" time="0,000" classname="cviceni.StringBuilderAndBufferTest"/>
  <testcase name="testBuilderAppend" time="0,000" classname="cviceni.StringBuilderAndBufferTest"/>
  <testcase name="testBufferAppendDelete" time="0,000" classname="cviceni.StringBuilderAndBufferTest"/>
  <testcase name="testBuilderAppend" time="0,000" classname="cviceni.StringBuilderAndBufferTest"/>
  <testcase name="testBuilderAppendDelete" time="0,000" classname="cviceni.StringBuilderAndBufferTest"/>
  <testcase name="testBufferAppendDelete" time="0,000" classname="cviceni.StringBuilderAndBufferTest"/>
  <testcase name="testBuilderAppend" time="0,000" classname="cviceni.StringBuilderAndBufferTest"/>
  <testcase name="testBufferAppend" time="0,000" classname="cviceni.StringBuilderAndBufferTest"/>
  <testcase name="testBufferAppend" time="0,000" classname="cviceni.StringBuilderAndBufferTest"/>
  <testcase name="testBufferAppend" time="0,000" classname="cviceni.StringBuilderAndBufferTest"/>
  <testcase name="testBufferAppendDelete" time="0,001" classname="cviceni.StringBuilderAndBufferTest"/>
  <testcase name="testBufferAppend" time="0,000" classname="cviceni.StringBuilderAndBufferTest"/>
  <testcase name="testBufferAppendDelete" time="0,000" classname="cviceni.StringBuilderAndBufferTest"/>
  <testcase name="testBuilderAppend" time="0,001" classname="cviceni.StringBuilderAndBufferTest"/>
  <testcase name="testBufferAppend" time="0,000" classname="cviceni.StringBuilderAndBufferTest"/>
  <testcase name="testBuilderAppend" time="0,000" classname="cviceni.StringBuilderAndBufferTest"/>
  <testcase name="testBufferAppend" time="0,001" classname="cviceni.StringBuilderAndBufferTest"/>
  <testcase name="testBufferAppendDelete" time="0,000" classname="cviceni.StringBuilderAndBufferTest"/>
  <testcase name="testBuilderAppendDelete" time="0,001" classname="cviceni.StringBuilderAndBufferTest"/>
  <testcase name="testBufferAppendDelete" time="0,000" classname="cviceni.StringBuilderAndBufferTest"/>
  <testcase name="testBuilderAppend" time="0,000" classname="cviceni.StringBuilderAndBufferTest"/>
  <testcase name="testBuilderAppend" time="0,001" classname="cviceni.StringBuilderAndBufferTest"/>
  <testcase name="testBufferAppend" time="0,000" classname="cviceni.StringBuilderAndBufferTest"/>
  <testcase name="testBufferAppend" time="0,000" classname="cviceni.StringBuilderAndBufferTest"/>
  <testcase name="testBuilderAppend" time="0,000" classname="cviceni.StringBuilderAndBufferTest"/>
  <testcase name="testBuilderAppend" time="0,000" classname="cviceni.StringBuilderAndBufferTest"/>
  <testcase name="testBuilderAppendDelete" time="0,001" classname="cviceni.StringBuilderAndBufferTest"/>
  <testcase name="testBuilderAppend" time="0,000" classname="cviceni.StringBuilderAndBufferTest"/>
  <testcase name="testBufferAppendDelete" time="0,000" classname="cviceni.StringBuilderAndBufferTest"/>
  <testcase name="testBuilderAppendDelete" time="0,000" classname="cviceni.StringBuilderAndBufferTest"/>
  <testcase name="testBuilderAppendDelete" time="0,000" classname="cviceni.StringBuilderAndBufferTest"/>
  <testcase name="testBufferAppend" time="0,000" classname="cviceni.StringBuilderAndBufferTest"/>
  <testcase name="testBuilderAppendDelete" time="0,000" classname="cviceni.StringBuilderAndBufferTest"/>
  <testcase name="testBuilderAppendDelete" time="0,002" classname="cviceni.StringBuilderAndBufferTest"/>
  <testcase name="testBuilderAppendDelete" time="0,002" classname="cviceni.StringBuilderAndBufferTest"/>
  <testcase name="testBufferAppendDelete" time="0,000" classname="cviceni.StringBuilderAndBufferTest"/>
  <testcase name="testBufferAppendDelete" time="0,001" classname="cviceni.StringBuilderAndBufferTest"/>
  <testcase name="testBuilderAppend" time="0,001" classname="cviceni.StringBuilderAndBufferTest"/>
  <testcase name="testBuilderAppend" time="0,001" classname="cviceni.StringBuilderAndBufferTest"/>
  <testcase name="testBuilderAppend" time="0,001" classname="cviceni.StringBuilderAndBufferTest"/>
  <testcase name="testBufferAppend" time="0,000" classname="cviceni.StringBuilderAndBufferTest"/>
  <testcase name="testBuilderAppendDelete" time="0,000" classname="cviceni.StringBuilderAndBufferTest"/>
  <testcase name="testBuilderAppendDelete" time="0,000" classname="cviceni.StringBuilderAndBufferTest"/>
  <testcase name="testBuilderAppendDelete" time="0,000" classname="cviceni.StringBuilderAndBufferTest"/>
  <testcase name="testBuilderAppend" time="0,000" classname="cviceni.StringBuilderAndBufferTest"/>
  <testcase name="testBuilderAppend" time="0,000" classname="cviceni.StringBuilderAndBufferTest"/>
  <testcase name="testBufferAppend" time="0,186" classname="cviceni.StringBuilderAndBufferTest"/>
  <testcase name="testBuilderAppend" time="0,000" classname="cviceni.StringBuilderAndBufferTest"/>
  <testcase name="testBufferAppend" time="0,000" classname="cviceni.StringBuilderAndBufferTest"/>
  <testcase name="testBufferAppend" time="0,001" classname="cviceni.StringBuilderAndBufferTest"/>
  <testcase name="testBuilderAppend" time="0,000" classname="cviceni.StringBuilderAndBufferTest"/>
  <testcase name="testBuilderAppend" time="0,001" classname="cviceni.StringBuilderAndBufferTest"/>
  <testcase name="testBufferAppend" time="0,001" classname="cviceni.StringBuilderAndBufferTest"/>
  <testcase name="testBuilderAppendDelete" time="0,000" classname="cviceni.StringBuilderAndBufferTest"/>
  <testcase name="testBufferAppend" time="0,000" classname="cviceni.StringBuilderAndBufferTest"/>
  <testcase name="testBufferAppendDelete" time="0,000" classname="cviceni.StringBuilderAndBufferTest"/>
  <testcase name="testBufferAppend" time="0,000" classname="cviceni.StringBuilderAndBufferTest"/>
  <testcase name="testBufferAppendDelete" time="0,001" classname="cviceni.StringBuilderAndBufferTest"/>
  <testcase name="testBuilderAppendDelete" time="0,000" classname="cviceni.StringBuilderAndBufferTest"/>
  <testcase name="testBuilderAppendDelete" time="0,000" classname="cviceni.StringBuilderAndBufferTest"/>
  <testcase name="testBufferAppend" time="0,001" classname="cviceni.StringBuilderAndBufferTest"/>
  <testcase name="testBuilderAppendDelete" time="0,000" classname="cviceni.StringBuilderAndBufferTest"/>
  <testcase name="testBuilderAppend" time="0,000" classname="cviceni.StringBuilderAndBufferTest"/>
  <testcase name="testBuilderAppend" time="0,001" classname="cviceni.StringBuilderAndBufferTest"/>
  <testcase name="testBuilderAppendDelete" time="0,000" classname="cviceni.StringBuilderAndBufferTest"/>
  <testcase name="testBuilderAppend" time="0,000" classname="cviceni.StringBuilderAndBufferTest"/>
  <testcase name="testBufferAppendDelete" time="0,000" classname="cviceni.StringBuilderAndBufferTest"/>
  <testcase name="testBufferAppend" time="0,000" classname="cviceni.StringBuilderAndBufferTest"/>
  <testcase name="testBuilderAppendDelete" time="0,000" classname="cviceni.StringBuilderAndBufferTest"/>
  <testcase name="testBufferAppend" time="0,000" classname="cviceni.StringBuilderAndBufferTest"/>
  <testcase name="testBufferAppend" time="0,001" classname="cviceni.StringBuilderAndBufferTest"/>
  <testcase name="testBuilderAppend" time="0,001" classname="cviceni.StringBuilderAndBufferTest"/>
  <testcase name="testBuilderAppendDelete" time="0,000" classname="cviceni.StringBuilderAndBufferTest"/>
  <testcase name="testBufferAppendDelete" time="0,001" classname="cviceni.StringBuilderAndBufferTest"/>
  <testcase name="testBuilderAppend" time="0,000" classname="cviceni.StringBuilderAndBufferTest"/>
  <testcase name="testBufferAppendDelete" time="0,000" classname="cviceni.StringBuilderAndBufferTest"/>
  <testcase name="testBuilderAppend" time="0,000" classname="cviceni.StringBuilderAndBufferTest"/>
  <testcase name="testBufferAppend" time="0,000" classname="cviceni.StringBuilderAndBufferTest"/>
  <testcase name="testBuilderAppendDelete" time="0,000" classname="cviceni.StringBuilderAndBufferTest"/>
  <testcase name="testBufferAppend" time="0,000" classname="cviceni.StringBuilderAndBufferTest"/>
  <testcase name="testBuilderAppendDelete" time="0,000" classname="cviceni.StringBuilderAndBufferTest"/>
  <testcase name="testBuilderAppendDelete" time="0,001" classname="cviceni.StringBuilderAndBufferTest"/>
  <testcase name="testBufferAppend" time="0,000" classname="cviceni.StringBuilderAndBufferTest"/>
  <testcase name="testBufferAppendDelete" time="0,000" classname="cviceni.StringBuilderAndBufferTest"/>
  <testcase name="testBufferAppend" time="0,000" classname="cviceni.StringBuilderAndBufferTest"/>
  <testcase name="testBufferAppendDelete" time="0,000" classname="cviceni.StringBuilderAndBufferTest"/>
  <testcase name="testBuilderAppend" time="0,001" classname="cviceni.StringBuilderAndBufferTest"/>
  <testcase name="testBuilderAppend" time="0,000" classname="cviceni.StringBuilderAndBufferTest"/>
  <testcase name="testBufferAppendDelete" time="0,000" classname="cviceni.StringBuilderAndBufferTest"/>
  <testcase name="testBuilderAppend" time="0,000" classname="cviceni.StringBuilderAndBufferTest"/>
  <testcase name="testBuilderAppendDelete" time="0,000" classname="cviceni.StringBuilderAndBufferTest"/>
  <testcase name="testBufferAppend" time="0,000" classname="cviceni.StringBuilderAndBufferTest"/>
  <testcase name="testBuilderAppend" time="0,001" classname="cviceni.StringBuilderAndBufferTest"/>
  <testcase name="testBufferAppendDelete" time="0,000" classname="cviceni.StringBuilderAndBufferTest"/>
  <testcase name="testBuilderAppend" time="0,000" classname="cviceni.StringBuilderAndBufferTest"/>
  <testcase name="testBuilderAppendDelete" time="0,002" classname="cviceni.StringBuilderAndBufferTest"/>
  <testcase name="testBufferAppendDelete" time="0,001" classname="cviceni.StringBuilderAndBufferTest"/>
  <testcase name="testBuilderAppend" time="0,000" classname="cviceni.StringBuilderAndBufferTest"/>
  <testcase name="testBufferAppendDelete" time="0,000" classname="cviceni.StringBuilderAndBufferTest"/>
  <testcase name="testBuilderAppendDelete" time="0,000" classname="cviceni.StringBuilderAndBufferTest"/>
  <testcase name="testBuilderAppendDelete" time="0,000" classname="cviceni.StringBuilderAndBufferTest"/>
  <testcase name="testBuilderAppendDelete" time="0,000" classname="cviceni.StringBuilderAndBufferTest"/>
  <testcase name="testBuilderAppend" time="0,001" classname="cviceni.StringBuilderAndBufferTest"/>
  <testcase name="testBuilderAppendDelete" time="0,000" classname="cviceni.StringBuilderAndBufferTest"/>
  <testcase name="testBuilderAppendDelete" time="0,000" classname="cviceni.StringBuilderAndBufferTest"/>
  <testcase name="testBufferAppend" time="0,000" classname="cviceni.StringBuilderAndBufferTest"/>
  <testcase name="testBufferAppendDelete" time="0,001" classname="cviceni.StringBuilderAndBufferTest"/>
  <testcase name="testBuilderAppendDelete" time="0,000" classname="cviceni.StringBuilderAndBufferTest"/>
  <testcase name="testBuilderAppendDelete" time="0,000" classname="cviceni.StringBuilderAndBufferTest"/>
  <testcase name="testBufferAppendDelete" time="0,000" classname="cviceni.StringBuilderAndBufferTest"/>
  <testcase name="testBuilderAppend" time="0,001" classname="cviceni.StringBuilderAndBufferTest"/>
  <testcase name="testBufferAppendDelete" time="0,000" classname="cviceni.StringBuilderAndBufferTest"/>
  <testcase name="testBuilderAppend" time="0,000" classname="cviceni.StringBuilderAndBufferTest"/>
  <testcase name="testBuilderAppendDelete" time="0,000" classname="cviceni.StringBuilderAndBufferTest"/>
  <testcase name="testBuilderAppend" time="0,001" classname="cviceni.StringBuilderAndBufferTest"/>
  <testcase name="testBuilderAppendDelete" time="0,000" classname="cviceni.StringBuilderAndBufferTest"/>
  <testcase name="testBufferAppend" time="0,000" classname="cviceni.StringBuilderAndBufferTest"/>
  <testcase name="testBuilderAppendDelete" time="0,000" classname="cviceni.StringBuilderAndBufferTest"/>
  <testcase name="testBuilderAppendDelete" time="0,000" classname="cviceni.StringBuilderAndBufferTest"/>
  <testcase name="testBufferAppend" time="0,000" classname="cviceni.StringBuilderAndBufferTest"/>
  <testcase name="testBufferAppend" time="0,001" classname="cviceni.StringBuilderAndBufferTest"/>
  <testcase name="testBufferAppendDelete" time="0,001" classname="cviceni.StringBuilderAndBufferTest"/>
  <testcase name="testBuilderAppend" time="0,000" classname="cviceni.StringBuilderAndBufferTest"/>
  <testcase name="testBuilderAppendDelete" time="0,000" classname="cviceni.StringBuilderAndBufferTest"/>
  <testcase name="testBufferAppendDelete" time="0,000" classname="cviceni.StringBuilderAndBufferTest"/>
  <testcase name="testBuilderAppendDelete" time="0,001" classname="cviceni.StringBuilderAndBufferTest"/>
  <testcase name="testBufferAppendDelete" time="0,001" classname="cviceni.StringBuilderAndBufferTest"/>
  <testcase name="testBufferAppendDelete" time="0,000" classname="cviceni.StringBuilderAndBufferTest"/>
  <testcase name="testBufferAppendDelete" time="0,001" classname="cviceni.StringBuilderAndBufferTest"/>
  <testcase name="testBuilderAppend" time="0,000" classname="cviceni.StringBuilderAndBufferTest"/>
  <testcase name="testBufferAppend" time="0,000" classname="cviceni.StringBuilderAndBufferTest"/>
  <testcase name="testBuilderAppend" time="0,001" classname="cviceni.StringBuilderAndBufferTest"/>
  <testcase name="testBuilderAppend" time="0,000" classname="cviceni.StringBuilderAndBufferTest"/>
  <testcase name="testBuilderAppendDelete" time="0,000" classname="cviceni.StringBuilderAndBufferTest"/>
  <testcase name="testBufferAppendDelete" time="0,000" classname="cviceni.StringBuilderAndBufferTest"/>
  <testcase name="testBuilderAppendDelete" time="0,000" classname="cviceni.StringBuilderAndBufferTest"/>
  <testcase name="testBufferAppendDelete" time="0,001" classname="cviceni.StringBuilderAndBufferTest"/>
  <testcase name="testBufferAppendDelete" time="0,000" classname="cviceni.StringBuilderAndBufferTest"/>
  <testcase name="testBufferAppend" time="0,000" classname="cviceni.StringBuilderAndBufferTest"/>
  <testcase name="testBufferAppend" time="0,000" classname="cviceni.StringBuilderAndBufferTest"/>
  <testcase name="testBufferAppend" time="0,000" classname="cviceni.StringBuilderAndBufferTest"/>
  <testcase name="testBuilderAppendDelete" time="0,001" classname="cviceni.StringBuilderAndBufferTest"/>
  <testcase name="testBufferAppend" time="0,000" classname="cviceni.StringBuilderAndBufferTest"/>
  <testcase name="testBuilderAppendDelete" time="0,001" classname="cviceni.StringBuilderAndBufferTest"/>
  <testcase name="testBufferAppendDelete" time="0,001" classname="cviceni.StringBuilderAndBufferTest"/>
  <testcase name="testBufferAppendDelete" time="0,000" classname="cviceni.StringBuilderAndBufferTest"/>
  <testcase name="testBuilderAppend" time="0,000" classname="cviceni.StringBuilderAndBufferTest"/>
  <testcase name="testBufferAppend" time="0,001" classname="cviceni.StringBuilderAndBufferTest"/>
  <testcase name="testBuilderAppend" time="0,000" classname="cviceni.StringBuilderAndBufferTest"/>
  <testcase name="testBufferAppend" time="0,061" classname="cviceni.StringBuilderAndBufferTest"/>
  <testcase name="testBuilderAppendDelete" time="0,000" classname="cviceni.StringBuilderAndBufferTest"/>
  <testcase name="testBuilderAppend" time="0,000" classname="cviceni.StringBuilderAndBufferTest"/>
  <testcase name="testBufferAppendDelete" time="0,000" classname="cviceni.StringBuilderAndBufferTest"/>
  <testcase name="testBuilderAppend" time="0,000" classname="cviceni.StringBuilderAndBufferTest"/>
  <testcase name="testBuilderAppendDelete" time="0,001" classname="cviceni.StringBuilderAndBufferTest"/>
  <testcase name="testBuilderAppend" time="0,001" classname="cviceni.StringBuilderAndBufferTest"/>
  <testcase name="testBuilderAppend" time="0,000" classname="cviceni.StringBuilderAndBufferTest"/>
  <testcase name="testBuilderAppend" time="0,000" classname="cviceni.StringBuilderAndBufferTest"/>
  <testcase name="testBufferAppendDelete" time="0,001" classname="cviceni.StringBuilderAndBufferTest"/>
  <testcase name="testBufferAppendDelete" time="0,000" classname="cviceni.StringBuilderAndBufferTest"/>
  <testcase name="testBuilderAppend" time="0,000" classname="cviceni.StringBuilderAndBufferTest"/>
  <testcase name="testBuilderAppendDelete" time="0,001" classname="cviceni.StringBuilderAndBufferTest"/>
  <testcase name="testBuilderAppend" time="0,000" classname="cviceni.StringBuilderAndBufferTest"/>
  <testcase name="testBuilderAppend" time="0,000" classname="cviceni.StringBuilderAndBufferTest"/>
  <testcase name="testBuilderAppendDelete" time="0,000" classname="cviceni.StringBuilderAndBufferTest"/>
  <testcase name="testBuilderAppendDelete" time="0,000" classname="cviceni.StringBuilderAndBufferTest"/>
  <testcase name="testBuilderAppendDelete" time="0,001" classname="cviceni.StringBuilderAndBufferTest"/>
  <testcase name="testBuilderAppend" time="0,001" classname="cviceni.StringBuilderAndBufferTest"/>
  <testcase name="testBuilderAppend" time="0,000" classname="cviceni.StringBuilderAndBufferTest"/>
  <testcase name="testBuilderAppendDelete" time="0,000" classname="cviceni.StringBuilderAndBufferTest"/>
  <testcase name="testBufferAppendDelete" time="0,000" classname="cviceni.StringBuilderAndBufferTest"/>
  <testcase name="testBuilderAppend" time="0,001" classname="cviceni.StringBuilderAndBufferTest"/>
  <testcase name="testBufferAppend" time="0,000" classname="cviceni.StringBuilderAndBufferTest"/>
  <testcase name="testBufferAppendDelete" time="0,000" classname="cviceni.StringBuilderAndBufferTest"/>
  <testcase name="testBuilderAppend" time="0,000" classname="cviceni.StringBuilderAndBufferTest"/>
  <testcase name="testBuilderAppend" time="0,000" classname="cviceni.StringBuilderAndBufferTest"/>
  <testcase name="testBufferAppendDelete" time="0,000" classname="cviceni.StringBuilderAndBufferTest"/>
  <testcase name="testBufferAppend" time="0,000" classname="cviceni.StringBuilderAndBufferTest"/>
  <testcase name="testBufferAppend" time="0,000" classname="cviceni.StringBuilderAndBufferTest"/>
  <testcase name="testBufferAppendDelete" time="0,001" classname="cviceni.StringBuilderAndBufferTest"/>
  <testcase name="testBufferAppend" time="0,000" classname="cviceni.StringBuilderAndBufferTest"/>
  <testcase name="testBuilderAppend" time="0,000" classname="cviceni.StringBuilderAndBufferTest"/>
  <testcase name="testBuilderAppendDelete" time="0,000" classname="cviceni.StringBuilderAndBufferTest"/>
  <testcase name="testBufferAppendDelete" time="0,000" classname="cviceni.StringBuilderAndBufferTest"/>
  <testcase name="testBuilderAppend" time="0,000" classname="cviceni.StringBuilderAndBufferTest"/>
  <testcase name="testBuilderAppend" time="0,000" classname="cviceni.StringBuilderAndBufferTest"/>
  <testcase name="testBufferAppendDelete" time="0,000" classname="cviceni.StringBuilderAndBufferTest"/>
  <testcase name="testBuilderAppend" time="0,000" classname="cviceni.StringBuilderAndBufferTest"/>
  <testcase name="testBufferAppend" time="0,000" classname="cviceni.StringBuilderAndBufferTest"/>
  <testcase name="testBuilderAppend" time="0,000" classname="cviceni.StringBuilderAndBufferTest"/>
  <testcase name="testBufferAppend" time="0,000" classname="cviceni.StringBuilderAndBufferTest"/>
  <testcase name="testBufferAppend" time="0,000" classname="cviceni.StringBuilderAndBufferTest"/>
  <testcase name="testBuilderAppend" time="0,001" classname="cviceni.StringBuilderAndBufferTest"/>
  <testcase name="testBuilderAppendDelete" time="0,001" classname="cviceni.StringBuilderAndBufferTest"/>
  <testcase name="testBuilderAppend" time="0,001" classname="cviceni.StringBuilderAndBufferTest"/>
  <testcase name="testBuilderAppendDelete" time="0,000" classname="cviceni.StringBuilderAndBufferTest"/>
  <testcase name="testBuilderAppendDelete" time="0,000" classname="cviceni.StringBuilderAndBufferTest"/>
  <testcase name="testBufferAppendDelete" time="0,001" classname="cviceni.StringBuilderAndBufferTest"/>
  <testcase name="testBuilderAppendDelete" time="0,001" classname="cviceni.StringBuilderAndBufferTest"/>
  <testcase name="testBuilderAppend" time="0,000" classname="cviceni.StringBuilderAndBufferTest"/>
  <testcase name="testBufferAppend" time="0,000" classname="cviceni.StringBuilderAndBufferTest"/>
  <testcase name="testBufferAppend" time="0,001" classname="cviceni.StringBuilderAndBufferTest"/>
  <testcase name="testBufferAppend" time="0,000" classname="cviceni.StringBuilderAndBufferTest"/>
  <testcase name="testBuilderAppend" time="0,000" classname="cviceni.StringBuilderAndBufferTest"/>
  <testcase name="testBufferAppendDelete" time="0,000" classname="cviceni.StringBuilderAndBufferTest"/>
  <testcase name="testBuilderAppendDelete" time="0,001" classname="cviceni.StringBuilderAndBufferTest"/>
  <testcase name="testBuilderAppend" time="0,000" classname="cviceni.StringBuilderAndBufferTest"/>
  <testcase name="testBufferAppend" time="0,000" classname="cviceni.StringBuilderAndBufferTest"/>
  <testcase name="testBufferAppend" time="0,000" classname="cviceni.StringBuilderAndBufferTest"/>
  <testcase name="testBufferAppendDelete" time="0,000" classname="cviceni.StringBuilderAndBufferTest"/>
  <testcase name="testBuilderAppend" time="0,000" classname="cviceni.StringBuilderAndBufferTest"/>
  <testcase name="testBufferAppendDelete" time="0,000" classname="cviceni.StringBuilderAndBufferTest"/>
  <testcase name="testBufferAppend" time="0,001" classname="cviceni.StringBuilderAndBufferTest"/>
  <testcase name="testBuilderAppend" time="0,001" classname="cviceni.StringBuilderAndBufferTest"/>
  <testcase name="testBuilderAppend" time="0,000" classname="cviceni.StringBuilderAndBufferTest"/>
  <testcase name="testBuilderAppend" time="0,083" classname="cviceni.StringBuilderAndBufferTest"/>
  <testcase name="testBuilderAppendDelete" time="0,000" classname="cviceni.StringBuilderAndBufferTest"/>
  <testcase name="testBufferAppendDelete" time="0,000" classname="cviceni.StringBuilderAndBufferTest"/>
  <testcase name="testBufferAppend" time="0,000" classname="cviceni.StringBuilderAndBufferTest"/>
  <testcase name="testBufferAppend" time="0,000" classname="cviceni.StringBuilderAndBufferTest"/>
  <testcase name="testBuilderAppendDelete" time="0,000" classname="cviceni.StringBuilderAndBufferTest"/>
  <testcase name="testBufferAppend" time="0,001" classname="cviceni.StringBuilderAndBufferTest"/>
  <testcase name="testBufferAppend" time="0,001" classname="cviceni.StringBuilderAndBufferTest"/>
  <testcase name="testBufferAppend" time="0,001" classname="cviceni.StringBuilderAndBufferTest"/>
  <testcase name="testBufferAppend" time="0,000" classname="cviceni.StringBuilderAndBufferTest"/>
  <testcase name="testBuilderAppend" time="0,001" classname="cviceni.StringBuilderAndBufferTest"/>
  <testcase name="testBuilderAppendDelete" time="0,000" classname="cviceni.StringBuilderAndBufferTest"/>
  <testcase name="testBuilderAppend" time="0,001" classname="cviceni.StringBuilderAndBufferTest"/>
  <testcase name="testBuilderAppend" time="0,001" classname="cviceni.StringBuilderAndBufferTest"/>
  <testcase name="testBufferAppend" time="0,000" classname="cviceni.StringBuilderAndBufferTest"/>
  <testcase name="testBuilderAppendDelete" time="0,000" classname="cviceni.StringBuilderAndBufferTest"/>
  <testcase name="testBufferAppend" time="0,001" classname="cviceni.StringBuilderAndBufferTest"/>
  <testcase name="testBuilderAppendDelete" time="0,000" classname="cviceni.StringBuilderAndBufferTest"/>
  <testcase name="testBufferAppend" time="0,042" classname="cviceni.StringBuilderAndBufferTest"/>
  <testcase name="testBuilderAppendDelete" time="0,001" classname="cviceni.StringBuilderAndBufferTest"/>
  <testcase name="testBufferAppendDelete" time="0,000" classname="cviceni.StringBuilderAndBufferTest"/>
  <testcase name="testBuilderAppendDelete" time="0,000" classname="cviceni.StringBuilderAndBufferTest"/>
  <testcase name="testBufferAppend" time="0,001" classname="cviceni.StringBuilderAndBufferTest"/>
  <testcase name="testBufferAppend" time="0,000" classname="cviceni.StringBuilderAndBufferTest"/>
  <testcase name="testBufferAppend" time="0,001" classname="cviceni.StringBuilderAndBufferTest"/>
  <testcase name="testBufferAppend" time="0,001" classname="cviceni.StringBuilderAndBufferTest"/>
  <testcase name="testBuilderAppendDelete" time="0,000" classname="cviceni.StringBuilderAndBufferTest"/>
  <testcase name="testBuilderAppend" time="0,001" classname="cviceni.StringBuilderAndBufferTest"/>
  <testcase name="testBuilderAppendDelete" time="0,000" classname="cviceni.StringBuilderAndBufferTest"/>
  <testcase name="testBufferAppendDelete" time="0,000" classname="cviceni.StringBuilderAndBufferTest"/>
  <testcase name="testBufferAppend" time="0,000" classname="cviceni.StringBuilderAndBufferTest"/>
  <testcase name="testBufferAppendDelete" time="0,000" classname="cviceni.StringBuilderAndBufferTest"/>
  <testcase name="testBuilderAppend" time="0,000" classname="cviceni.StringBuilderAndBufferTest"/>
  <testcase name="testBuilderAppend" time="0,000" classname="cviceni.StringBuilderAndBufferTest"/>
  <testcase name="testBuilderAppend" time="0,000" classname="cviceni.StringBuilderAndBufferTest"/>
  <testcase name="testBuilderAppend" time="0,000" classname="cviceni.StringBuilderAndBufferTest"/>
  <testcase name="testBufferAppendDelete" time="0,001" classname="cviceni.StringBuilderAndBufferTest"/>
  <testcase name="testBufferAppendDelete" time="0,000" classname="cviceni.StringBuilderAndBufferTest"/>
  <testcase name="testBufferAppendDelete" time="0,001" classname="cviceni.StringBuilderAndBufferTest"/>
  <testcase name="testBuilderAppendDelete" time="0,001" classname="cviceni.StringBuilderAndBufferTest"/>
  <testcase name="testBufferAppendDelete" time="0,000" classname="cviceni.StringBuilderAndBufferTest"/>
  <testcase name="testBufferAppendDelete" time="0,000" classname="cviceni.StringBuilderAndBufferTest"/>
  <testcase name="testBufferAppendDelete" time="0,000" classname="cviceni.StringBuilderAndBufferTest"/>
  <testcase name="testBuilderAppendDelete" time="0,000" classname="cviceni.StringBuilderAndBufferTest"/>
  <testcase name="testBuilderAppend" time="0,000" classname="cviceni.StringBuilderAndBufferTest"/>
  <testcase name="testBuilderAppend" time="0,000" classname="cviceni.StringBuilderAndBufferTest"/>
  <testcase name="testBufferAppend" time="0,001" classname="cviceni.StringBuilderAndBufferTest"/>
  <testcase name="testBufferAppend" time="0,000" classname="cviceni.StringBuilderAndBufferTest"/>
  <testcase name="testBuilderAppend" time="0,000" classname="cviceni.StringBuilderAndBufferTest"/>
  <testcase name="testBufferAppendDelete" time="0,000" classname="cviceni.StringBuilderAndBufferTest"/>
  <testcase name="testBufferAppendDelete" time="0,001" classname="cviceni.StringBuilderAndBufferTest"/>
  <testcase name="testBuilderAppend" time="0,000" classname="cviceni.StringBuilderAndBufferTest"/>
  <testcase name="testBufferAppend" time="0,000" classname="cviceni.StringBuilderAndBufferTest"/>
  <testcase name="testBuilderAppend" time="0,000" classname="cviceni.StringBuilderAndBufferTest"/>
  <testcase name="testBuilderAppend" time="0,000" classname="cviceni.StringBuilderAndBufferTest"/>
  <testcase name="testBuilderAppendDelete" time="0,001" classname="cviceni.StringBuilderAndBufferTest"/>
  <testcase name="testBuilderAppendDelete" time="0,001" classname="cviceni.StringBuilderAndBufferTest"/>
  <testcase name="testBufferAppend" time="0,000" classname="cviceni.StringBuilderAndBufferTest"/>
  <testcase name="testBuilderAppend" time="0,001" classname="cviceni.StringBuilderAndBufferTest"/>
  <testcase name="testBuilderAppend" time="0,000" classname="cviceni.StringBuilderAndBufferTest"/>
  <testcase name="testBufferAppendDelete" time="0,000" classname="cviceni.StringBuilderAndBufferTest"/>
  <testcase name="testBufferAppendDelete" time="0,000" classname="cviceni.StringBuilderAndBufferTest"/>
  <testcase name="testBuilderAppend" time="0,000" classname="cviceni.StringBuilderAndBufferTest"/>
  <testcase name="testBufferAppend" time="0,001" classname="cviceni.StringBuilderAndBufferTest"/>
  <testcase name="testBufferAppend" time="0,000" classname="cviceni.StringBuilderAndBufferTest"/>
  <testcase name="testBuilderAppendDelete" time="0,000" classname="cviceni.StringBuilderAndBufferTest"/>
  <testcase name="testBuilderAppendDelete" time="0,000" classname="cviceni.StringBuilderAndBufferTest"/>
  <testcase name="testBuilderAppendDelete" time="0,000" classname="cviceni.StringBuilderAndBufferTest"/>
  <testcase name="testBufferAppend" time="0,000" classname="cviceni.StringBuilderAndBufferTest"/>
  <testcase name="testBufferAppend" time="0,000" classname="cviceni.StringBuilderAndBufferTest"/>
  <testcase name="testBuilderAppend" time="0,000" classname="cviceni.StringBuilderAndBufferTest"/>
  <testcase name="testBufferAppend" time="0,001" classname="cviceni.StringBuilderAndBufferTest"/>
  <testcase name="testBuilderAppend" time="0,000" classname="cviceni.StringBuilderAndBufferTest"/>
  <testcase name="testBuilderAppend" time="0,000" classname="cviceni.StringBuilderAndBufferTest"/>
  <testcase name="testBuilderAppendDelete" time="0,000" classname="cviceni.StringBuilderAndBufferTest"/>
  <testcase name="testBuilderAppend" time="0,000" classname="cviceni.StringBuilderAndBufferTest"/>
  <testcase name="testBuilderAppend" time="0,000" classname="cviceni.StringBuilderAndBufferTest"/>
  <testcase name="testBuilderAppendDelete" time="0,000" classname="cviceni.StringBuilderAndBufferTest"/>
  <testcase name="testBufferAppendDelete" time="0,001" classname="cviceni.StringBuilderAndBufferTest"/>
  <testcase name="testBufferAppendDelete" time="0,004" classname="cviceni.StringBuilderAndBufferTest"/>
  <testcase name="testBufferAppendDelete" time="0,000" classname="cviceni.StringBuilderAndBufferTest"/>
  <testcase name="testBufferAppendDelete" time="0,000" classname="cviceni.StringBuilderAndBufferTest"/>
  <testcase name="testBufferAppendDelete" time="0,000" classname="cviceni.StringBuilderAndBufferTest"/>
  <testcase name="testBufferAppend" time="0,001" classname="cviceni.StringBuilderAndBufferTest"/>
  <testcase name="testBuilderAppendDelete" time="0,000" classname="cviceni.StringBuilderAndBufferTest"/>
  <testcase name="testBufferAppendDelete" time="0,000" classname="cviceni.StringBuilderAndBufferTest"/>
  <testcase name="testBuilderAppendDelete" time="0,001" classname="cviceni.StringBuilderAndBufferTest"/>
  <testcase name="testBufferAppend" time="0,000" classname="cviceni.StringBuilderAndBufferTest"/>
  <testcase name="testBufferAppend" time="0,000" classname="cviceni.StringBuilderAndBufferTest"/>
  <testcase name="testBuilderAppendDelete" time="0,085" classname="cviceni.StringBuilderAndBufferTest"/>
  <testcase name="testBuilderAppendDelete" time="0,000" classname="cviceni.StringBuilderAndBufferTest"/>
  <testcase name="testBuilderAppend" time="0,001" classname="cviceni.StringBuilderAndBufferTest"/>
  <testcase name="testBufferAppendDelete" time="0,000" classname="cviceni.StringBuilderAndBufferTest"/>
  <testcase name="testBuilderAppendDelete" time="0,085" classname="cviceni.StringBuilderAndBufferTest"/>
  <testcase name="testBufferAppend" time="0,000" classname="cviceni.StringBuilderAndBufferTest"/>
  <testcase name="testBuilderAppendDelete" time="0,000" classname="cviceni.StringBuilderAndBufferTest"/>
  <testcase name="testBuilderAppend" time="0,000" classname="cviceni.StringBuilderAndBufferTest"/>
  <testcase name="testBufferAppend" time="0,000" classname="cviceni.StringBuilderAndBufferTest"/>
  <testcase name="testBufferAppendDelete" time="0,000" classname="cviceni.StringBuilderAndBufferTest"/>
  <testcase name="testBufferAppendDelete" time="0,000" classname="cviceni.StringBuilderAndBufferTest"/>
  <testcase name="testBufferAppendDelete" time="0,000" classname="cviceni.StringBuilderAndBufferTest"/>
  <testcase name="testBufferAppendDelete" time="0,000" classname="cviceni.StringBuilderAndBufferTest"/>
  <testcase name="testBuilderAppend" time="0,002" classname="cviceni.StringBuilderAndBufferTest"/>
  <testcase name="testBuilderAppend" time="0,000" classname="cviceni.StringBuilderAndBufferTest"/>
  <testcase name="testBuilderAppendDelete" time="0,001" classname="cviceni.StringBuilderAndBufferTest"/>
  <testcase name="testBuilderAppendDelete" time="0,001" classname="cviceni.StringBuilderAndBufferTest"/>
  <testcase name="testBuilderAppend" time="0,000" classname="cviceni.StringBuilderAndBufferTest"/>
  <testcase name="testBuilderAppend" time="0,000" classname="cviceni.StringBuilderAndBufferTest"/>
  <testcase name="testBuilderAppend" time="0,000" classname="cviceni.StringBuilderAndBufferTest"/>
  <testcase name="testBuilderAppend" time="0,001" classname="cviceni.StringBuilderAndBufferTest"/>
  <testcase name="testBufferAppend" time="0,000" classname="cviceni.StringBuilderAndBufferTest"/>
  <testcase name="testBufferAppendDelete" time="0,000" classname="cviceni.StringBuilderAndBufferTest"/>
  <testcase name="testBufferAppendDelete" time="0,133" classname="cviceni.StringBuilderAndBufferTest"/>
  <testcase name="testBufferAppendDelete" time="0,000" classname="cviceni.StringBuilderAndBufferTest"/>
  <testcase name="testBuilderAppendDelete" time="0,000" classname="cviceni.StringBuilderAndBufferTest"/>
  <testcase name="testBuilderAppend" time="0,000" classname="cviceni.StringBuilderAndBufferTest"/>
  <testcase name="testBuilderAppendDelete" time="0,007" classname="cviceni.StringBuilderAndBufferTest"/>
  <testcase name="testBuilderAppend" time="0,000" classname="cviceni.StringBuilderAndBufferTest"/>
  <testcase name="testBufferAppend" time="0,000" classname="cviceni.StringBuilderAndBufferTest"/>
  <testcase name="testBuilderAppend" time="0,000" classname="cviceni.StringBuilderAndBufferTest"/>
  <testcase name="testBuilderAppendDelete" time="0,000" classname="cviceni.StringBuilderAndBufferTest"/>
  <testcase name="testBufferAppendDelete" time="0,001" classname="cviceni.StringBuilderAndBufferTest"/>
  <testcase name="testBufferAppendDelete" time="0,000" classname="cviceni.StringBuilderAndBufferTest"/>
  <testcase name="testBufferAppend" time="0,000" classname="cviceni.StringBuilderAndBufferTest"/>
  <testcase name="testBuilderAppendDelete" time="0,000" classname="cviceni.StringBuilderAndBufferTest"/>
  <testcase name="testBuilderAppend" time="0,000" classname="cviceni.StringBuilderAndBufferTest"/>
  <testcase name="testBufferAppendDelete" time="0,000" classname="cviceni.StringBuilderAndBufferTest"/>
  <testcase name="testBuilderAppend" time="0,000" classname="cviceni.StringBuilderAndBufferTest"/>
  <testcase name="testBufferAppendDelete" time="0,000" classname="cviceni.StringBuilderAndBufferTest"/>
  <testcase name="testBuilderAppendDelete" time="0,000" classname="cviceni.StringBuilderAndBufferTest"/>
  <testcase name="testBufferAppendDelete" time="0,000" classname="cviceni.StringBuilderAndBufferTest"/>
  <testcase name="testBuilderAppend" time="0,000" classname="cviceni.StringBuilderAndBufferTest"/>
  <testcase name="testBufferAppend" time="0,001" classname="cviceni.StringBuilderAndBufferTest"/>
  <testcase name="testBufferAppendDelete" time="0,001" classname="cviceni.StringBuilderAndBufferTest"/>
  <testcase name="testBufferAppend" time="0,000" classname="cviceni.StringBuilderAndBufferTest"/>
  <testcase name="testBufferAppendDelete" time="0,000" classname="cviceni.StringBuilderAndBufferTest"/>
  <testcase name="testBufferAppendDelete" time="0,000" classname="cviceni.StringBuilderAndBufferTest"/>
  <testcase name="testBuilderAppend" time="0,000" classname="cviceni.StringBuilderAndBufferTest"/>
  <testcase name="testBufferAppendDelete" time="0,001" classname="cviceni.StringBuilderAndBufferTest"/>
  <testcase name="testBuilderAppend" time="0,000" classname="cviceni.StringBuilderAndBufferTest"/>
  <testcase name="testBufferAppend" time="0,000" classname="cviceni.StringBuilderAndBufferTest"/>
  <testcase name="testBuilderAppend" time="0,000" classname="cviceni.StringBuilderAndBufferTest"/>
  <testcase name="testBuilderAppendDelete" time="0,000" classname="cviceni.StringBuilderAndBufferTest"/>
  <testcase name="testBufferAppend" time="0,000" classname="cviceni.StringBuilderAndBufferTest"/>
  <testcase name="testBuilderAppendDelete" time="0,000" classname="cviceni.StringBuilderAndBufferTest"/>
  <testcase name="testBufferAppendDelete" time="0,001" classname="cviceni.StringBuilderAndBufferTest"/>
  <testcase name="testBuilderAppendDelete" time="0,000" classname="cviceni.StringBuilderAndBufferTest"/>
  <testcase name="testBuilderAppendDelete" time="0,001" classname="cviceni.StringBuilderAndBufferTest"/>
  <testcase name="testBuilderAppend" time="0,001" classname="cviceni.StringBuilderAndBufferTest"/>
  <testcase name="testBuilderAppendDelete" time="0,001" classname="cviceni.StringBuilderAndBufferTest"/>
  <testcase name="testBuilderAppend" time="0,000" classname="cviceni.StringBuilderAndBufferTest"/>
  <testcase name="testBuilderAppend" time="0,000" classname="cviceni.StringBuilderAndBufferTest"/>
  <testcase name="testBuilderAppend" time="0,000" classname="cviceni.StringBuilderAndBufferTest"/>
  <testcase name="testBufferAppendDelete" time="0,000" classname="cviceni.StringBuilderAndBufferTest"/>
  <testcase name="testBuilderAppendDelete" time="0,000" classname="cviceni.StringBuilderAndBufferTest"/>
  <testcase name="testBufferAppend" time="0,000" classname="cviceni.StringBuilderAndBufferTest"/>
  <testcase name="testBuilderAppend" time="0,001" classname="cviceni.StringBuilderAndBufferTest"/>
  <testcase name="testBuilderAppend" time="0,000" classname="cviceni.StringBuilderAndBufferTest"/>
  <testcase name="testBuilderAppendDelete" time="0,001" classname="cviceni.StringBuilderAndBufferTest"/>
  <testcase name="testBuilderAppend" time="0,000" classname="cviceni.StringBuilderAndBufferTest"/>
  <testcase name="testBuilderAppendDelete" time="0,000" classname="cviceni.StringBuilderAndBufferTest"/>
  <testcase name="testBufferAppend" time="0,000" classname="cviceni.StringBuilderAndBufferTest"/>
  <testcase name="testBuilderAppend" time="0,001" classname="cviceni.StringBuilderAndBufferTest"/>
  <testcase name="testBuilderAppendDelete" time="0,000" classname="cviceni.StringBuilderAndBufferTest"/>
  <testcase name="testBufferAppendDelete" time="0,001" classname="cviceni.StringBuilderAndBufferTest"/>
  <testcase name="testBufferAppendDelete" time="0,001" classname="cviceni.StringBuilderAndBufferTest"/>
  <testcase name="testBuilderAppendDelete" time="0,000" classname="cviceni.StringBuilderAndBufferTest"/>
  <testcase name="testBuilderAppendDelete" time="0,000" classname="cviceni.StringBuilderAndBufferTest"/>
  <testcase name="testBufferAppend" time="0,000" classname="cviceni.StringBuilderAndBufferTest"/>
  <testcase name="testBuilderAppend" time="0,000" classname="cviceni.StringBuilderAndBufferTest"/>
  <testcase name="testBufferAppend" time="0,000" classname="cviceni.StringBuilderAndBufferTest"/>
  <testcase name="testBuilderAppendDelete" time="0,000" classname="cviceni.StringBuilderAndBufferTest"/>
  <testcase name="testBuilderAppend" time="0,000" classname="cviceni.StringBuilderAndBufferTest"/>
  <testcase name="testBufferAppend" time="0,001" classname="cviceni.StringBuilderAndBufferTest"/>
  <testcase name="testBufferAppend" time="0,001" classname="cviceni.StringBuilderAndBufferTest"/>
  <testcase name="testBufferAppendDelete" time="0,000" classname="cviceni.StringBuilderAndBufferTest"/>
  <testcase name="testBufferAppend" time="0,000" classname="cviceni.StringBuilderAndBufferTest"/>
  <testcase name="testBufferAppendDelete" time="0,000" classname="cviceni.StringBuilderAndBufferTest"/>
  <testcase name="testBufferAppendDelete" time="0,001" classname="cviceni.StringBuilderAndBufferTest"/>
  <testcase name="testBuilderAppend" time="0,000" classname="cviceni.StringBuilderAndBufferTest"/>
  <testcase name="testBuilderAppend" time="0,001" classname="cviceni.StringBuilderAndBufferTest"/>
  <testcase name="testBuilderAppend" time="0,000" classname="cviceni.StringBuilderAndBufferTest"/>
  <testcase name="testBufferAppend" time="0,000" classname="cviceni.StringBuilderAndBufferTest"/>
  <testcase name="testBuilderAppend" time="0,000" classname="cviceni.StringBuilderAndBufferTest"/>
  <testcase name="testBufferAppend" time="0,000" classname="cviceni.StringBuilderAndBufferTest"/>
  <testcase name="testBufferAppendDelete" time="0,000" classname="cviceni.StringBuilderAndBufferTest"/>
  <testcase name="testBuilderAppendDelete" time="0,000" classname="cviceni.StringBuilderAndBufferTest"/>
  <testcase name="testBuilderAppend" time="0,000" classname="cviceni.StringBuilderAndBufferTest"/>
  <testcase name="testBuilderAppendDelete" time="0,000" classname="cviceni.StringBuilderAndBufferTest"/>
  <testcase name="testBufferAppend" time="0,000" classname="cviceni.StringBuilderAndBufferTest"/>
  <testcase name="testBufferAppendDelete" time="0,000" classname="cviceni.StringBuilderAndBufferTest"/>
  <testcase name="testBufferAppend" time="0,000" classname="cviceni.StringBuilderAndBufferTest"/>
  <testcase name="testBufferAppendDelete" time="0,000" classname="cviceni.StringBuilderAndBufferTest"/>
  <testcase name="testBufferAppend" time="0,000" classname="cviceni.StringBuilderAndBufferTest"/>
  <testcase name="testBufferAppend" time="0,000" classname="cviceni.StringBuilderAndBufferTest"/>
  <testcase name="testBufferAppend" time="0,001" classname="cviceni.StringBuilderAndBufferTest"/>
  <testcase name="testBufferAppendDelete" time="0,000" classname="cviceni.StringBuilderAndBufferTest"/>
  <testcase name="testBuilderAppendDelete" time="0,001" classname="cviceni.StringBuilderAndBufferTest"/>
  <testcase name="testBufferAppendDelete" time="0,000" classname="cviceni.StringBuilderAndBufferTest"/>
  <testcase name="testBuilderAppendDelete" time="0,000" classname="cviceni.StringBuilderAndBufferTest"/>
  <testcase name="testBufferAppendDelete" time="0,000" classname="cviceni.StringBuilderAndBufferTest"/>
  <testcase name="testBuilderAppendDelete" time="0,000" classname="cviceni.StringBuilderAndBufferTest"/>
  <testcase name="testBuilderAppendDelete" time="0,000" classname="cviceni.StringBuilderAndBufferTest"/>
  <testcase name="testBuilderAppend" time="0,001" classname="cviceni.StringBuilderAndBufferTest"/>
  <testcase name="testBufferAppendDelete" time="0,001" classname="cviceni.StringBuilderAndBufferTest"/>
  <testcase name="testBufferAppendDelete" time="0,000" classname="cviceni.StringBuilderAndBufferTest"/>
  <testcase name="testBuilderAppendDelete" time="0,000" classname="cviceni.StringBuilderAndBufferTest"/>
  <testcase name="testBufferAppend" time="0,001" classname="cviceni.StringBuilderAndBufferTest"/>
  <testcase name="testBufferAppendDelete" time="0,001" classname="cviceni.StringBuilderAndBufferTest"/>
  <testcase name="testBuilderAppendDelete" time="0,000" classname="cviceni.StringBuilderAndBufferTest"/>
  <testcase name="testBuilderAppendDelete" time="0,001" classname="cviceni.StringBuilderAndBufferTest"/>
  <testcase name="testBuilderAppend" time="0,001" classname="cviceni.StringBuilderAndBufferTest"/>
  <testcase name="testBuilderAppendDelete" time="0,001" classname="cviceni.StringBuilderAndBufferTest"/>
  <testcase name="testBufferAppendDelete" time="0,000" classname="cviceni.StringBuilderAndBufferTest"/>
  <testcase name="testBuilderAppendDelete" time="0,000" classname="cviceni.StringBuilderAndBufferTest"/>
  <testcase name="testBufferAppendDelete" time="0,000" classname="cviceni.StringBuilderAndBufferTest"/>
  <testcase name="testBuilderAppend" time="0,001" classname="cviceni.StringBuilderAndBufferTest"/>
  <testcase name="testBuilderAppend" time="0,000" classname="cviceni.StringBuilderAndBufferTest"/>
  <testcase name="testBufferAppendDelete" time="0,001" classname="cviceni.StringBuilderAndBufferTest"/>
  <testcase name="testBuilderAppend" time="0,000" classname="cviceni.StringBuilderAndBufferTest"/>
  <testcase name="testBuilderAppend" time="0,000" classname="cviceni.StringBuilderAndBufferTest"/>
  <testcase name="testBuilderAppendDelete" time="0,000" classname="cviceni.StringBuilderAndBufferTest"/>
  <testcase name="testBufferAppend" time="0,000" classname="cviceni.StringBuilderAndBufferTest"/>
  <testcase name="testBuilderAppend" time="0,000" classname="cviceni.StringBuilderAndBufferTest"/>
  <testcase name="testBufferAppend" time="0,000" classname="cviceni.StringBuilderAndBufferTest"/>
  <testcase name="testBuilderAppendDelete" time="0,001" classname="cviceni.StringBuilderAndBufferTest"/>
  <testcase name="testBufferAppendDelete" time="0,001" classname="cviceni.StringBuilderAndBufferTest"/>
  <testcase name="testBuilderAppend" time="0,000" classname="cviceni.StringBuilderAndBufferTest"/>
  <testcase name="testBuilderAppend" time="0,001" classname="cviceni.StringBuilderAndBufferTest"/>
  <testcase name="testBufferAppendDelete" time="0,000" classname="cviceni.StringBuilderAndBufferTest"/>
  <testcase name="testBufferAppendDelete" time="0,001" classname="cviceni.StringBuilderAndBufferTest"/>
  <testcase name="testBuilderAppend" time="0,001" classname="cviceni.StringBuilderAndBufferTest"/>
  <testcase name="testBuilderAppendDelete" time="0,000" classname="cviceni.StringBuilderAndBufferTest"/>
  <testcase name="testBufferAppend" time="0,000" classname="cviceni.StringBuilderAndBufferTest"/>
  <testcase name="testBufferAppend" time="0,001" classname="cviceni.StringBuilderAndBufferTest"/>
  <testcase name="testBuilderAppend" time="0,000" classname="cviceni.StringBuilderAndBufferTest"/>
  <testcase name="testBufferAppendDelete" time="0,000" classname="cviceni.StringBuilderAndBufferTest"/>
  <testcase name="testBufferAppend" time="0,000" classname="cviceni.StringBuilderAndBufferTest"/>
  <testcase name="testBufferAppendDelete" time="0,000" classname="cviceni.StringBuilderAndBufferTest"/>
  <testcase name="testBuilderAppendDelete" time="0,001" classname="cviceni.StringBuilderAndBufferTest"/>
  <testcase name="testBuilderAppend" time="0,001" classname="cviceni.StringBuilderAndBufferTest"/>
  <testcase name="testBufferAppendDelete" time="0,000" classname="cviceni.StringBuilderAndBufferTest"/>
  <testcase name="testBuilderAppend" time="0,000" classname="cviceni.StringBuilderAndBufferTest"/>
  <testcase name="testBuilderAppend" time="0,000" classname="cviceni.StringBuilderAndBufferTest"/>
  <testcase name="testBufferAppend" time="0,001" classname="cviceni.StringBuilderAndBufferTest"/>
  <testcase name="testBufferAppendDelete" time="0,000" classname="cviceni.StringBuilderAndBufferTest"/>
  <testcase name="testBufferAppend" time="0,000" classname="cviceni.StringBuilderAndBufferTest"/>
  <testcase name="testBuilderAppendDelete" time="0,001" classname="cviceni.StringBuilderAndBufferTest"/>
  <testcase name="testBuilderAppend" time="0,000" classname="cviceni.StringBuilderAndBufferTest"/>
  <testcase name="testBuilderAppendDelete" time="0,000" classname="cviceni.StringBuilderAndBufferTest"/>
  <testcase name="testBuilderAppendDelete" time="0,000" classname="cviceni.StringBuilderAndBufferTest"/>
  <testcase name="testBuilderAppendDelete" time="0,000" classname="cviceni.StringBuilderAndBufferTest"/>
  <testcase name="testBuilderAppendDelete" time="0,000" classname="cviceni.StringBuilderAndBufferTest"/>
  <testcase name="testBuilderAppend" time="0,000" classname="cviceni.StringBuilderAndBufferTest"/>
  <testcase name="testBufferAppendDelete" time="0,000" classname="cviceni.StringBuilderAndBufferTest"/>
  <testcase name="testBuilderAppend" time="0,000" classname="cviceni.StringBuilderAndBufferTest"/>
  <testcase name="testBuilderAppendDelete" time="0,001" classname="cviceni.StringBuilderAndBufferTest"/>
  <testcase name="testBufferAppend" time="0,000" classname="cviceni.StringBuilderAndBufferTest"/>
  <testcase name="testBuilderAppend" time="0,000" classname="cviceni.StringBuilderAndBufferTest"/>
  <testcase name="testBufferAppend" time="0,001" classname="cviceni.StringBuilderAndBufferTest"/>
  <testcase name="testBufferAppend" time="0,000" classname="cviceni.StringBuilderAndBufferTest"/>
  <testcase name="testBufferAppend" time="0,000" classname="cviceni.StringBuilderAndBufferTest"/>
  <testcase name="testBufferAppend" time="0,000" classname="cviceni.StringBuilderAndBufferTest"/>
  <testcase name="testBuilderAppendDelete" time="0,000" classname="cviceni.StringBuilderAndBufferTest"/>
  <testcase name="testBufferAppend" time="0,000" classname="cviceni.StringBuilderAndBufferTest"/>
  <testcase name="testBufferAppend" time="0,001" classname="cviceni.StringBuilderAndBufferTest"/>
  <testcase name="testBuilderAppend" time="0,001" classname="cviceni.StringBuilderAndBufferTest"/>
  <testcase name="testBufferAppendDelete" time="0,001" classname="cviceni.StringBuilderAndBufferTest"/>
  <testcase name="testBufferAppendDelete" time="0,000" classname="cviceni.StringBuilderAndBufferTest"/>
  <testcase name="testBufferAppend" time="0,000" classname="cviceni.StringBuilderAndBufferTest"/>
  <testcase name="testBufferAppend" time="0,000" classname="cviceni.StringBuilderAndBufferTest"/>
  <testcase name="testBufferAppendDelete" time="0,001" classname="cviceni.StringBuilderAndBufferTest"/>
  <testcase name="testBuilderAppendDelete" time="0,001" classname="cviceni.StringBuilderAndBufferTest"/>
  <testcase name="testBufferAppendDelete" time="0,000" classname="cviceni.StringBuilderAndBufferTest"/>
  <testcase name="testBuilderAppendDelete" time="0,000" classname="cviceni.StringBuilderAndBufferTest"/>
  <testcase name="testBufferAppend" time="0,000" classname="cviceni.StringBuilderAndBufferTest"/>
  <testcase name="testBufferAppend" time="0,000" classname="cviceni.StringBuilderAndBufferTest"/>
  <testcase name="testBufferAppend" time="0,000" classname="cviceni.StringBuilderAndBufferTest"/>
  <testcase name="testBuilderAppendDelete" time="0,001" classname="cviceni.StringBuilderAndBufferTest"/>
  <testcase name="testBufferAppend" time="0,000" classname="cviceni.StringBuilderAndBufferTest"/>
  <testcase name="testBufferAppendDelete" time="0,000" classname="cviceni.StringBuilderAndBufferTest"/>
  <testcase name="testBufferAppendDelete" time="0,001" classname="cviceni.StringBuilderAndBufferTest"/>
  <testcase name="testBuilderAppendDelete" time="0,000" classname="cviceni.StringBuilderAndBufferTest"/>
  <testcase name="testBuilderAppend" time="0,000" classname="cviceni.StringBuilderAndBufferTest"/>
  <testcase name="testBuilderAppend" time="0,001" classname="cviceni.StringBuilderAndBufferTest"/>
  <testcase name="testBufferAppendDelete" time="0,000" classname="cviceni.StringBuilderAndBufferTest"/>
  <testcase name="testBufferAppend" time="0,001" classname="cviceni.StringBuilderAndBufferTest"/>
  <testcase name="testBuilderAppend" time="0,001" classname="cviceni.StringBuilderAndBufferTest"/>
  <testcase name="testBufferAppendDelete" time="0,000" classname="cviceni.StringBuilderAndBufferTest"/>
  <testcase name="testBufferAppend" time="0,000" classname="cviceni.StringBuilderAndBufferTest"/>
  <testcase name="testBufferAppendDelete" time="0,000" classname="cviceni.StringBuilderAndBufferTest"/>
  <testcase name="testBufferAppendDelete" time="0,000" classname="cviceni.StringBuilderAndBufferTest"/>
  <testcase name="testBuilderAppendDelete" time="0,001" classname="cviceni.StringBuilderAndBufferTest"/>
  <testcase name="testBuilderAppend" time="0,001" classname="cviceni.StringBuilderAndBufferTest"/>
  <testcase name="testBuilderAppendDelete" time="0,000" classname="cviceni.StringBuilderAndBufferTest"/>
  <testcase name="testBufferAppend" time="0,001" classname="cviceni.StringBuilderAndBufferTest"/>
  <testcase name="testBuilderAppendDelete" time="0,001" classname="cviceni.StringBuilderAndBufferTest"/>
  <testcase name="testBufferAppendDelete" time="0,000" classname="cviceni.StringBuilderAndBufferTest"/>
  <testcase name="testBufferAppend" time="0,000" classname="cviceni.StringBuilderAndBufferTest"/>
  <testcase name="testBufferAppend" time="0,000" classname="cviceni.StringBuilderAndBufferTest"/>
  <testcase name="testBufferAppendDelete" time="0,001" classname="cviceni.StringBuilderAndBufferTest"/>
  <testcase name="testBufferAppend" time="0,000" classname="cviceni.StringBuilderAndBufferTest"/>
  <testcase name="testBuilderAppend" time="0,000" classname="cviceni.StringBuilderAndBufferTest"/>
  <testcase name="testBufferAppendDelete" time="0,001" classname="cviceni.StringBuilderAndBufferTest"/>
  <testcase name="testBuilderAppendDelete" time="0,000" classname="cviceni.StringBuilderAndBufferTest"/>
  <testcase name="testBufferAppend" time="0,001" classname="cviceni.StringBuilderAndBufferTest"/>
  <testcase name="testBuilderAppend" time="0,001" classname="cviceni.StringBuilderAndBufferTest"/>
  <testcase name="testBufferAppendDelete" time="0,000" classname="cviceni.StringBuilderAndBufferTest"/>
  <testcase name="testBuilderAppend" time="0,001" classname="cviceni.StringBuilderAndBufferTest"/>
  <testcase name="testBuilderAppend" time="0,000" classname="cviceni.StringBuilderAndBufferTest"/>
  <testcase name="testBufferAppendDelete" time="0,000" classname="cviceni.StringBuilderAndBufferTest"/>
  <testcase name="testBufferAppendDelete" time="0,000" classname="cviceni.StringBuilderAndBufferTest"/>
  <testcase name="testBufferAppendDelete" time="0,001" classname="cviceni.StringBuilderAndBufferTest"/>
  <testcase name="testBufferAppendDelete" time="0,000" classname="cviceni.StringBuilderAndBufferTest"/>
  <testcase name="testBufferAppend" time="0,000" classname="cviceni.StringBuilderAndBufferTest"/>
  <testcase name="testBufferAppend" time="0,000" classname="cviceni.StringBuilderAndBufferTest"/>
  <testcase name="testBuilderAppendDelete" time="0,000" classname="cviceni.StringBuilderAndBufferTest"/>
  <testcase name="testBufferAppend" time="0,000" classname="cviceni.StringBuilderAndBufferTest"/>
  <testcase name="testBufferAppend" time="0,001" classname="cviceni.StringBuilderAndBufferTest"/>
  <testcase name="testBufferAppend" time="0,001" classname="cviceni.StringBuilderAndBufferTest"/>
  <testcase name="testBuilderAppendDelete" time="0,130" classname="cviceni.StringBuilderAndBufferTest"/>
  <testcase name="testBuilderAppend" time="0,000" classname="cviceni.StringBuilderAndBufferTest"/>
  <testcase name="testBuilderAppend" time="0,000" classname="cviceni.StringBuilderAndBufferTest"/>
  <testcase name="testBufferAppendDelete" time="0,000" classname="cviceni.StringBuilderAndBufferTest"/>
  <testcase name="testBuilderAppendDelete" time="0,000" classname="cviceni.StringBuilderAndBufferTest"/>
  <testcase name="testBuilderAppendDelete" time="0,000" classname="cviceni.StringBuilderAndBufferTest"/>
  <testcase name="testBufferAppend" time="0,001" classname="cviceni.StringBuilderAndBufferTest"/>
  <testcase name="testBuilderAppendDelete" time="0,000" classname="cviceni.StringBuilderAndBufferTest"/>
  <testcase name="testBuilderAppend" time="0,000" classname="cviceni.StringBuilderAndBufferTest"/>
  <testcase name="testBufferAppendDelete" time="0,000" classname="cviceni.StringBuilderAndBufferTest"/>
  <testcase name="testBuilderAppend" time="0,000" classname="cviceni.StringBuilderAndBufferTest"/>
  <testcase name="testBufferAppend" time="0,000" classname="cviceni.StringBuilderAndBufferTest"/>
  <testcase name="testBuilderAppend" time="0,000" classname="cviceni.StringBuilderAndBufferTest"/>
  <testcase name="testBuilderAppend" time="0,000" classname="cviceni.StringBuilderAndBufferTest"/>
  <testcase name="testBufferAppend" time="0,001" classname="cviceni.StringBuilderAndBufferTest"/>
  <testcase name="testBufferAppendDelete" time="0,000" classname="cviceni.StringBuilderAndBufferTest"/>
  <testcase name="testBufferAppendDelete" time="0,000" classname="cviceni.StringBuilderAndBufferTest"/>
  <testcase name="testBuilderAppendDelete" time="0,000" classname="cviceni.StringBuilderAndBufferTest"/>
  <testcase name="testBuilderAppendDelete" time="0,000" classname="cviceni.StringBuilderAndBufferTest"/>
  <testcase name="testBufferAppend" time="0,001" classname="cviceni.StringBuilderAndBufferTest"/>
  <testcase name="testBufferAppendDelete" time="0,000" classname="cviceni.StringBuilderAndBufferTest"/>
  <testcase name="testBufferAppendDelete" time="0,000" classname="cviceni.StringBuilderAndBufferTest"/>
  <testcase name="testBufferAppendDelete" time="0,000" classname="cviceni.StringBuilderAndBufferTest"/>
  <testcase name="testBufferAppendDelete" time="0,000" classname="cviceni.StringBuilderAndBufferTest"/>
  <testcase name="testBuilderAppendDelete" time="0,001" classname="cviceni.StringBuilderAndBufferTest"/>
  <testcase name="testBuilderAppend" time="0,000" classname="cviceni.StringBuilderAndBufferTest"/>
  <testcase name="testBufferAppendDelete" time="0,000" classname="cviceni.StringBuilderAndBufferTest"/>
  <testcase name="testBufferAppendDelete" time="0,000" classname="cviceni.StringBuilderAndBufferTest"/>
  <testcase name="testBuilderAppendDelete" time="0,000" classname="cviceni.StringBuilderAndBufferTest"/>
  <testcase name="testBufferAppend" time="0,001" classname="cviceni.StringBuilderAndBufferTest"/>
  <testcase name="testBuilderAppendDelete" time="0,000" classname="cviceni.StringBuilderAndBufferTest"/>
  <testcase name="testBuilderAppendDelete" time="0,000" classname="cviceni.StringBuilderAndBufferTest"/>
  <testcase name="testBufferAppendDelete" time="0,013" classname="cviceni.StringBuilderAndBufferTest"/>
  <testcase name="testBufferAppend" time="0,001" classname="cviceni.StringBuilderAndBufferTest"/>
  <testcase name="testBuilderAppend" time="0,001" classname="cviceni.StringBuilderAndBufferTest"/>
  <testcase name="testBufferAppend" time="0,000" classname="cviceni.StringBuilderAndBufferTest"/>
  <testcase name="testBufferAppend" time="0,000" classname="cviceni.StringBuilderAndBufferTest"/>
  <testcase name="testBufferAppend" time="0,000" classname="cviceni.StringBuilderAndBufferTest"/>
  <testcase name="testBufferAppend" time="0,000" classname="cviceni.StringBuilderAndBufferTest"/>
  <testcase name="testBufferAppend" time="0,001" classname="cviceni.StringBuilderAndBufferTest"/>
  <testcase name="testBufferAppendDelete" time="0,000" classname="cviceni.StringBuilderAndBufferTest"/>
  <testcase name="testBuilderAppendDelete" time="0,000" classname="cviceni.StringBuilderAndBufferTest"/>
  <testcase name="testBuilderAppend" time="0,001" classname="cviceni.StringBuilderAndBufferTest"/>
  <testcase name="testBufferAppendDelete" time="0,000" classname="cviceni.StringBuilderAndBufferTest"/>
  <testcase name="testBufferAppendDelete" time="0,000" classname="cviceni.StringBuilderAndBufferTest"/>
  <testcase name="testBuilderAppend" time="0,001" classname="cviceni.StringBuilderAndBufferTest"/>
  <testcase name="testBuilderAppendDelete" time="0,001" classname="cviceni.StringBuilderAndBufferTest"/>
  <testcase name="testBufferAppendDelete" time="0,000" classname="cviceni.StringBuilderAndBufferTest"/>
  <testcase name="testBufferAppendDelete" time="0,001" classname="cviceni.StringBuilderAndBufferTest"/>
  <testcase name="testBufferAppend" time="0,000" classname="cviceni.StringBuilderAndBufferTest"/>
  <testcase name="testBuilderAppendDelete" time="0,000" classname="cviceni.StringBuilderAndBufferTest"/>
  <testcase name="testBuilderAppend" time="0,001" classname="cviceni.StringBuilderAndBufferTest"/>
  <testcase name="testBuilderAppendDelete" time="0,000" classname="cviceni.StringBuilderAndBufferTest"/>
  <testcase name="testBufferAppendDelete" time="0,000" classname="cviceni.StringBuilderAndBufferTest"/>
  <testcase name="testBufferAppend" time="0,001" classname="cviceni.StringBuilderAndBufferTest"/>
  <testcase name="testBufferAppend" time="0,000" classname="cviceni.StringBuilderAndBufferTest"/>
  <testcase name="testBuilderAppend" time="0,000" classname="cviceni.StringBuilderAndBufferTest"/>
  <testcase name="testBuilderAppendDelete" time="0,001" classname="cviceni.StringBuilderAndBufferTest"/>
  <testcase name="testBuilderAppendDelete" time="0,000" classname="cviceni.StringBuilderAndBufferTest"/>
  <testcase name="testBuilderAppendDelete" time="0,000" classname="cviceni.StringBuilderAndBufferTest"/>
  <testcase name="testBuilderAppendDelete" time="0,000" classname="cviceni.StringBuilderAndBufferTest"/>
  <testcase name="testBufferAppendDelete" time="0,000" classname="cviceni.StringBuilderAndBufferTest"/>
  <testcase name="testBuilderAppend" time="0,000" classname="cviceni.StringBuilderAndBufferTest"/>
  <testcase name="testBufferAppend" time="0,001" classname="cviceni.StringBuilderAndBufferTest"/>
  <testcase name="testBuilderAppendDelete" time="0,000" classname="cviceni.StringBuilderAndBufferTest"/>
  <testcase name="testBufferAppend" time="0,001" classname="cviceni.StringBuilderAndBufferTest"/>
  <testcase name="testBuilderAppendDelete" time="0,000" classname="cviceni.StringBuilderAndBufferTest"/>
  <testcase name="testBufferAppendDelete" time="0,000" classname="cviceni.StringBuilderAndBufferTest"/>
  <testcase name="testBuilderAppendDelete" time="0,000" classname="cviceni.StringBuilderAndBufferTest"/>
  <testcase name="testBufferAppendDelete" time="0,000" classname="cviceni.StringBuilderAndBufferTest"/>
  <testcase name="testBuilderAppend" time="0,000" classname="cviceni.StringBuilderAndBufferTest"/>
  <testcase name="testBuilderAppend" time="0,000" classname="cviceni.StringBuilderAndBufferTest"/>
  <testcase name="testBufferAppendDelete" time="0,000" classname="cviceni.StringBuilderAndBufferTest"/>
  <testcase name="testBufferAppendDelete" time="0,000" classname="cviceni.StringBuilderAndBufferTest"/>
  <testcase name="testBuilderAppend" time="0,161" classname="cviceni.StringBuilderAndBufferTest"/>
  <testcase name="testBuilderAppend" time="0,001" classname="cviceni.StringBuilderAndBufferTest"/>
  <testcase name="testBuilderAppend" time="0,055" classname="cviceni.StringBuilderAndBufferTest"/>
  <testcase name="testBuilderAppendDelete" time="0,000" classname="cviceni.StringBuilderAndBufferTest"/>
  <testcase name="testBufferAppend" time="0,000" classname="cviceni.StringBuilderAndBufferTest"/>
  <testcase name="testBufferAppendDelete" time="0,001" classname="cviceni.StringBuilderAndBufferTest"/>
  <testcase name="testBuilderAppend" time="0,000" classname="cviceni.StringBuilderAndBufferTest"/>
  <testcase name="testBufferAppend" time="0,000" classname="cviceni.StringBuilderAndBufferTest"/>
  <testcase name="testBuilderAppend" time="0,000" classname="cviceni.StringBuilderAndBufferTest"/>
  <testcase name="testBuilderAppendDelete" time="0,000" classname="cviceni.StringBuilderAndBufferTest"/>
  <testcase name="testBuilderAppend" time="0,000" classname="cviceni.StringBuilderAndBufferTest"/>
  <testcase name="testBufferAppendDelete" time="0,000" classname="cviceni.StringBuilderAndBufferTest"/>
  <testcase name="testBufferAppendDelete" time="0,000" classname="cviceni.StringBuilderAndBufferTest"/>
  <testcase name="testBuilderAppendDelete" time="0,000" classname="cviceni.StringBuilderAndBufferTest"/>
  <testcase name="testBufferAppend" time="0,000" classname="cviceni.StringBuilderAndBufferTest"/>
  <testcase name="testBufferAppendDelete" time="0,001" classname="cviceni.StringBuilderAndBufferTest"/>
  <testcase name="testBuilderAppend" time="0,001" classname="cviceni.StringBuilderAndBufferTest"/>
  <testcase name="testBufferAppend" time="0,000" classname="cviceni.StringBuilderAndBufferTest"/>
  <testcase name="testBuilderAppendDelete" time="0,000" classname="cviceni.StringBuilderAndBufferTest"/>
  <testcase name="testBufferAppend" time="0,001" classname="cviceni.StringBuilderAndBufferTest"/>
  <testcase name="testBufferAppend" time="0,000" classname="cviceni.StringBuilderAndBufferTest"/>
  <testcase name="testBuilderAppendDelete" time="0,000" classname="cviceni.StringBuilderAndBufferTest"/>
  <testcase name="testBuilderAppend" time="0,000" classname="cviceni.StringBuilderAndBufferTest"/>
  <testcase name="testBufferAppendDelete" time="0,000" classname="cviceni.StringBuilderAndBufferTest"/>
  <testcase name="testBuilderAppend" time="0,000" classname="cviceni.StringBuilderAndBufferTest"/>
  <testcase name="testBuilderAppend" time="0,000" classname="cviceni.StringBuilderAndBufferTest"/>
  <testcase name="testBufferAppend" time="0,001" classname="cviceni.StringBuilderAndBufferTest"/>
  <testcase name="testBufferAppend" time="0,001" classname="cviceni.StringBuilderAndBufferTest"/>
  <testcase name="testBufferAppend" time="0,000" classname="cviceni.StringBuilderAndBufferTest"/>
  <testcase name="testBuilderAppend" time="0,000" classname="cviceni.StringBuilderAndBufferTest"/>
  <testcase name="testBufferAppendDelete" time="0,247" classname="cviceni.StringBuilderAndBufferTest"/>
  <testcase name="testBuilderAppendDelete" time="0,000" classname="cviceni.StringBuilderAndBufferTest"/>
  <testcase name="testBufferAppendDelete" time="0,000" classname="cviceni.StringBuilderAndBufferTest"/>
  <testcase name="testBufferAppend" time="0,001" classname="cviceni.StringBuilderAndBufferTest"/>
  <testcase name="testBufferAppend" time="0,000" classname="cviceni.StringBuilderAndBufferTest"/>
  <testcase name="testBuilderAppendDelete" time="0,000" classname="cviceni.StringBuilderAndBufferTest"/>
  <testcase name="testBuilderAppend" time="0,000" classname="cviceni.StringBuilderAndBufferTest"/>
  <testcase name="testBuilderAppendDelete" time="0,000" classname="cviceni.StringBuilderAndBufferTest"/>
  <testcase name="testBufferAppend" time="0,000" classname="cviceni.StringBuilderAndBufferTest"/>
  <testcase name="testBufferAppendDelete" time="0,000" classname="cviceni.StringBuilderAndBufferTest"/>
  <testcase name="testBuilderAppend" time="0,000" classname="cviceni.StringBuilderAndBufferTest"/>
  <testcase name="testBufferAppendDelete" time="0,022" classname="cviceni.StringBuilderAndBufferTest"/>
  <testcase name="testBufferAppendDelete" time="0,000" classname="cviceni.StringBuilderAndBufferTest"/>
  <testcase name="testBuilderAppend" time="0,001" classname="cviceni.StringBuilderAndBufferTest"/>
  <testcase name="testBufferAppend" time="0,000" classname="cviceni.StringBuilderAndBufferTest"/>
  <testcase name="testBufferAppendDelete" time="0,000" classname="cviceni.StringBuilderAndBufferTest"/>
  <testcase name="testBuilderAppend" time="0,000" classname="cviceni.StringBuilderAndBufferTest"/>
  <testcase name="testBuilderAppendDelete" time="0,000" classname="cviceni.StringBuilderAndBufferTest"/>
  <testcase name="testBufferAppend" time="0,000" classname="cviceni.StringBuilderAndBufferTest"/>
  <testcase name="testBufferAppend" time="0,000" classname="cviceni.StringBuilderAndBufferTest"/>
  <testcase name="testBuilderAppend" time="0,000" classname="cviceni.StringBuilderAndBufferTest"/>
  <testcase name="testBuilderAppend" time="0,000" classname="cviceni.StringBuilderAndBufferTest"/>
  <testcase name="testBuilderAppend" time="0,001" classname="cviceni.StringBuilderAndBufferTest"/>
  <testcase name="testBufferAppend" time="0,000" classname="cviceni.StringBuilderAndBufferTest"/>
  <testcase name="testBuilderAppendDelete" time="0,000" classname="cviceni.StringBuilderAndBufferTest"/>
  <testcase name="testBuilderAppendDelete" time="0,000" classname="cviceni.StringBuilderAndBufferTest"/>
  <testcase name="testBuilderAppend" time="0,001" classname="cviceni.StringBuilderAndBufferTest"/>
  <testcase name="testBuilderAppendDelete" time="0,000" classname="cviceni.StringBuilderAndBufferTest"/>
  <testcase name="testBuilderAppend" time="0,000" classname="cviceni.StringBuilderAndBufferTest"/>
  <testcase name="testBuilderAppend" time="0,000" classname="cviceni.StringBuilderAndBufferTest"/>
  <testcase name="testBufferAppendDelete" time="0,000" classname="cviceni.StringBuilderAndBufferTest"/>
  <testcase name="testBufferAppendDelete" time="0,000" classname="cviceni.StringBuilderAndBufferTest"/>
  <testcase name="testBufferAppend" time="0,000" classname="cviceni.StringBuilderAndBufferTest"/>
  <testcase name="testBufferAppend" time="0,000" classname="cviceni.StringBuilderAndBufferTest"/>
  <testcase name="testBuilderAppendDelete" time="0,000" classname="cviceni.StringBuilderAndBufferTest"/>
  <testcase name="testBuilderAppendDelete" time="0,000" classname="cviceni.StringBuilderAndBufferTest"/>
  <testcase name="testBufferAppend" time="0,001" classname="cviceni.StringBuilderAndBufferTest"/>
  <testcase name="testBuilderAppendDelete" time="0,001" classname="cviceni.StringBuilderAndBufferTest"/>
  <testcase name="testBufferAppend" time="0,000" classname="cviceni.StringBuilderAndBufferTest"/>
  <testcase name="testBufferAppendDelete" time="0,000" classname="cviceni.StringBuilderAndBufferTest"/>
  <testcase name="testBufferAppend" time="0,000" classname="cviceni.StringBuilderAndBufferTest"/>
  <testcase name="testBuilderAppend" time="0,012" classname="cviceni.StringBuilderAndBufferTest"/>
  <testcase name="testBuilderAppendDelete" time="0,000" classname="cviceni.StringBuilderAndBufferTest"/>
  <testcase name="testBuilderAppendDelete" time="0,000" classname="cviceni.StringBuilderAndBufferTest"/>
  <testcase name="testBuilderAppend" time="0,000" classname="cviceni.StringBuilderAndBufferTest"/>
  <testcase name="testBuilderAppendDelete" time="0,000" classname="cviceni.StringBuilderAndBufferTest"/>
  <testcase name="testBuilderAppendDelete" time="0,000" classname="cviceni.StringBuilderAndBufferTest"/>
  <testcase name="testBufferAppend" time="0,000" classname="cviceni.StringBuilderAndBufferTest"/>
  <testcase name="testBuilderAppendDelete" time="0,001" classname="cviceni.StringBuilderAndBufferTest"/>
  <testcase name="testBuilderAppendDelete" time="0,000" classname="cviceni.StringBuilderAndBufferTest"/>
  <testcase name="testBufferAppend" time="0,000" classname="cviceni.StringBuilderAndBufferTest"/>
  <testcase name="testBufferAppendDelete" time="0,000" classname="cviceni.StringBuilderAndBufferTest"/>
  <testcase name="testBufferAppend" time="0,093" classname="cviceni.StringBuilderAndBufferTest"/>
  <testcase name="testBufferAppendDelete" time="0,000" classname="cviceni.StringBuilderAndBufferTest"/>
  <testcase name="testBufferAppendDelete" time="0,000" classname="cviceni.StringBuilderAndBufferTest"/>
  <testcase name="testBuilderAppend" time="0,000" classname="cviceni.StringBuilderAndBufferTest"/>
  <testcase name="testBufferAppendDelete" time="0,000" classname="cviceni.StringBuilderAndBufferTest"/>
  <testcase name="testBuilderAppendDelete" time="0,000" classname="cviceni.StringBuilderAndBufferTest"/>
  <testcase name="testBuilderAppend" time="0,016" classname="cviceni.StringBuilderAndBufferTest"/>
  <testcase name="testBufferAppend" time="0,001" classname="cviceni.StringBuilderAndBufferTest"/>
  <testcase name="testBuilderAppend" time="0,001" classname="cviceni.StringBuilderAndBufferTest"/>
  <testcase name="testBuilderAppend" time="0,000" classname="cviceni.StringBuilderAndBufferTest"/>
  <testcase name="testBufferAppendDelete" time="0,000" classname="cviceni.StringBuilderAndBufferTest"/>
  <testcase name="testBuilderAppendDelete" time="0,000" classname="cviceni.StringBuilderAndBufferTest"/>
  <testcase name="testBufferAppendDelete" time="0,000" classname="cviceni.StringBuilderAndBufferTest"/>
  <testcase name="testBuilderAppendDelete" time="0,001" classname="cviceni.StringBuilderAndBufferTest"/>
  <testcase name="testBuilderAppend" time="0,000" classname="cviceni.StringBuilderAndBufferTest"/>
  <testcase name="testBufferAppend" time="0,000" classname="cviceni.StringBuilderAndBufferTest"/>
  <testcase name="testBuilderAppend" time="0,001" classname="cviceni.StringBuilderAndBufferTest"/>
  <testcase name="testBuilderAppendDelete" time="0,000" classname="cviceni.StringBuilderAndBufferTest"/>
  <testcase name="testBuilderAppendDelete" time="0,000" classname="cviceni.StringBuilderAndBufferTest"/>
  <testcase name="testBuilderAppendDelete" time="0,000" classname="cviceni.StringBuilderAndBufferTest"/>
  <testcase name="testBufferAppendDelete" time="0,000" classname="cviceni.StringBuilderAndBufferTest"/>
  <testcase name="testBuilderAppendDelete" time="0,000" classname="cviceni.StringBuilderAndBufferTest"/>
  <testcase name="testBuilderAppend" time="0,000" classname="cviceni.StringBuilderAndBufferTest"/>
  <testcase name="testBufferAppendDelete" time="0,000" classname="cviceni.StringBuilderAndBufferTest"/>
  <testcase name="testBuilderAppendDelete" time="0,001" classname="cviceni.StringBuilderAndBufferTest"/>
  <testcase name="testBufferAppend" time="0,000" classname="cviceni.StringBuilderAndBufferTest"/>
  <testcase name="testBuilderAppend" time="0,000" classname="cviceni.StringBuilderAndBufferTest"/>
  <testcase name="testBufferAppendDelete" time="0,001" classname="cviceni.StringBuilderAndBufferTest"/>
  <testcase name="testBufferAppend" time="0,001" classname="cviceni.StringBuilderAndBufferTest"/>
  <testcase name="testBufferAppendDelete" time="0,000" classname="cviceni.StringBuilderAndBufferTest"/>
  <testcase name="testBufferAppendDelete" time="0,001" classname="cviceni.StringBuilderAndBufferTest"/>
  <testcase name="testBuilderAppendDelete" time="0,000" classname="cviceni.StringBuilderAndBufferTest"/>
  <testcase name="testBuilderAppend" time="0,001" classname="cviceni.StringBuilderAndBufferTest"/>
  <testcase name="testBufferAppendDelete" time="0,000" classname="cviceni.StringBuilderAndBufferTest"/>
  <testcase name="testBuilderAppend" time="0,001" classname="cviceni.StringBuilderAndBufferTest"/>
  <testcase name="testBuilderAppend" time="0,000" classname="cviceni.StringBuilderAndBufferTest"/>
  <testcase name="testBuilderAppendDelete" time="0,000" classname="cviceni.StringBuilderAndBufferTest"/>
  <testcase name="testBuilderAppend" time="0,001" classname="cviceni.StringBuilderAndBufferTest"/>
  <testcase name="testBufferAppendDelete" time="0,000" classname="cviceni.StringBuilderAndBufferTest"/>
  <testcase name="testBuilderAppendDelete" time="0,001" classname="cviceni.StringBuilderAndBufferTest"/>
  <testcase name="testBuilderAppendDelete" time="0,000" classname="cviceni.StringBuilderAndBufferTest"/>
  <testcase name="testBuilderAppend" time="0,000" classname="cviceni.StringBuilderAndBufferTest"/>
  <testcase name="testBuilderAppend" time="0,000" classname="cviceni.StringBuilderAndBufferTest"/>
  <testcase name="testBufferAppend" time="0,001" classname="cviceni.StringBuilderAndBufferTest"/>
  <testcase name="testBuilderAppendDelete" time="0,000" classname="cviceni.StringBuilderAndBufferTest"/>
  <testcase name="testBuilderAppendDelete" time="0,000" classname="cviceni.StringBuilderAndBufferTest"/>
  <testcase name="testBufferAppendDelete" time="0,001" classname="cviceni.StringBuilderAndBufferTest"/>
  <testcase name="testBufferAppend" time="0,000" classname="cviceni.StringBuilderAndBufferTest"/>
  <testcase name="testBufferAppendDelete" time="0,001" classname="cviceni.StringBuilderAndBufferTest"/>
  <testcase name="testBufferAppendDelete" time="0,000" classname="cviceni.StringBuilderAndBufferTest"/>
  <testcase name="testBuilderAppendDelete" time="0,000" classname="cviceni.StringBuilderAndBufferTest"/>
  <testcase name="testBuilderAppendDelete" time="0,000" classname="cviceni.StringBuilderAndBufferTest"/>
  <testcase name="testBuilderAppend" time="0,000" classname="cviceni.StringBuilderAndBufferTest"/>
  <testcase name="testBuilderAppend" time="0,000" classname="cviceni.StringBuilderAndBufferTest"/>
  <testcase name="testBufferAppend" time="0,000" classname="cviceni.StringBuilderAndBufferTest"/>
  <testcase name="testBufferAppend" time="0,000" classname="cviceni.StringBuilderAndBufferTest"/>
  <testcase name="testBuilderAppend" time="0,000" classname="cviceni.StringBuilderAndBufferTest"/>
  <testcase name="testBufferAppend" time="0,000" classname="cviceni.StringBuilderAndBufferTest"/>
  <testcase name="testBuilderAppendDelete" time="0,000" classname="cviceni.StringBuilderAndBufferTest"/>
  <testcase name="testBuilderAppendDelete" time="0,000" classname="cviceni.StringBuilderAndBufferTest"/>
  <testcase name="testBufferAppendDelete" time="0,000" classname="cviceni.StringBuilderAndBufferTest"/>
  <testcase name="testBuilderAppend" time="0,000" classname="cviceni.StringBuilderAndBufferTest"/>
  <testcase name="testBuilderAppendDelete" time="0,000" classname="cviceni.StringBuilderAndBufferTest"/>
  <testcase name="testBuilderAppendDelete" time="0,001" classname="cviceni.StringBuilderAndBufferTest"/>
  <testcase name="testBuilderAppendDelete" time="0,001" classname="cviceni.StringBuilderAndBufferTest"/>
  <testcase name="testBufferAppend" time="0,000" classname="cviceni.StringBuilderAndBufferTest"/>
  <testcase name="testBuilderAppend" time="0,000" classname="cviceni.StringBuilderAndBufferTest"/>
  <testcase name="testBufferAppend" time="0,000" classname="cviceni.StringBuilderAndBufferTest"/>
  <testcase name="testBuilderAppend" time="0,000" classname="cviceni.StringBuilderAndBufferTest"/>
  <testcase name="testBufferAppend" time="0,000" classname="cviceni.StringBuilderAndBufferTest"/>
  <testcase name="testBuilderAppend" time="0,000" classname="cviceni.StringBuilderAndBufferTest"/>
  <testcase name="testBufferAppend" time="0,000" classname="cviceni.StringBuilderAndBufferTest"/>
  <testcase name="testBufferAppendDelete" time="0,000" classname="cviceni.StringBuilderAndBufferTest"/>
  <testcase name="testBuilderAppendDelete" time="0,000" classname="cviceni.StringBuilderAndBufferTest"/>
  <testcase name="testBuilderAppendDelete" time="0,000" classname="cviceni.StringBuilderAndBufferTest"/>
  <testcase name="testBufferAppend" time="0,001" classname="cviceni.StringBuilderAndBufferTest"/>
  <testcase name="testBufferAppend" time="0,105" classname="cviceni.StringBuilderAndBufferTest"/>
  <testcase name="testBuilderAppendDelete" time="0,000" classname="cviceni.StringBuilderAndBufferTest"/>
  <testcase name="testBuilderAppendDelete" time="0,001" classname="cviceni.StringBuilderAndBufferTest"/>
  <testcase name="testBuilderAppend" time="0,000" classname="cviceni.StringBuilderAndBufferTest"/>
  <testcase name="testBufferAppend" time="0,000" classname="cviceni.StringBuilderAndBufferTest"/>
  <testcase name="testBufferAppend" time="0,000" classname="cviceni.StringBuilderAndBufferTest"/>
  <testcase name="testBuilderAppend" time="0,000" classname="cviceni.StringBuilderAndBufferTest"/>
  <testcase name="testBuilderAppend" time="0,000" classname="cviceni.StringBuilderAndBufferTest"/>
  <testcase name="testBuilderAppend" time="0,000" classname="cviceni.StringBuilderAndBufferTest"/>
  <testcase name="testBuilderAppendDelete" time="0,000" classname="cviceni.StringBuilderAndBufferTest"/>
  <testcase name="testBuilderAppend" time="0,000" classname="cviceni.StringBuilderAndBufferTest"/>
  <testcase name="testBufferAppendDelete" time="0,001" classname="cviceni.StringBuilderAndBufferTest"/>
  <testcase name="testBuilderAppend" time="0,000" classname="cviceni.StringBuilderAndBufferTest"/>
  <testcase name="testBufferAppendDelete" time="0,000" classname="cviceni.StringBuilderAndBufferTest"/>
  <testcase name="testBuilderAppendDelete" time="0,000" classname="cviceni.StringBuilderAndBufferTest"/>
  <testcase name="testBufferAppendDelete" time="0,000" classname="cviceni.StringBuilderAndBufferTest"/>
  <testcase name="testBuilderAppend" time="0,000" classname="cviceni.StringBuilderAndBufferTest"/>
  <testcase name="testBuilderAppend" time="0,000" classname="cviceni.StringBuilderAndBufferTest"/>
  <testcase name="testBuilderAppend" time="0,001" classname="cviceni.StringBuilderAndBufferTest"/>
  <testcase name="testBuilderAppendDelete" time="0,000" classname="cviceni.StringBuilderAndBufferTest"/>
  <testcase name="testBuilderAppendDelete" time="0,000" classname="cviceni.StringBuilderAndBufferTest"/>
  <testcase name="testBuilderAppendDelete" time="0,001" classname="cviceni.StringBuilderAndBufferTest"/>
  <testcase name="testBuilderAppendDelete" time="0,000" classname="cviceni.StringBuilderAndBufferTest"/>
  <testcase name="testBufferAppend" time="0,001" classname="cviceni.StringBuilderAndBufferTest"/>
  <testcase name="testBuilderAppend" time="0,001" classname="cviceni.StringBuilderAndBufferTest"/>
  <testcase name="testBufferAppend" time="0,000" classname="cviceni.StringBuilderAndBufferTest"/>
  <testcase name="testBufferAppend" time="0,000" classname="cviceni.StringBuilderAndBufferTest"/>
  <testcase name="testBufferAppend" time="0,001" classname="cviceni.StringBuilderAndBufferTest"/>
  <testcase name="testBuilderAppend" time="0,001" classname="cviceni.StringBuilderAndBufferTest"/>
  <testcase name="testBufferAppendDelete" time="0,000" classname="cviceni.StringBuilderAndBufferTest"/>
  <testcase name="testBufferAppendDelete" time="0,000" classname="cviceni.StringBuilderAndBufferTest"/>
  <testcase name="testBuilderAppend" time="0,001" classname="cviceni.StringBuilderAndBufferTest"/>
  <testcase name="testBufferAppendDelete" time="0,000" classname="cviceni.StringBuilderAndBufferTest"/>
  <testcase name="testBuilderAppendDelete" time="0,002" classname="cviceni.StringBuilderAndBufferTest"/>
  <testcase name="testBuilderAppendDelete" time="0,000" classname="cviceni.StringBuilderAndBufferTest"/>
  <testcase name="testBufferAppendDelete" time="0,000" classname="cviceni.StringBuilderAndBufferTest"/>
  <testcase name="testBufferAppend" time="0,000" classname="cviceni.StringBuilderAndBufferTest"/>
  <testcase name="testBuilderAppend" time="0,000" classname="cviceni.StringBuilderAndBufferTest"/>
  <testcase name="testBufferAppendDelete" time="0,000" classname="cviceni.StringBuilderAndBufferTest"/>
  <testcase name="testBuilderAppendDelete" time="0,000" classname="cviceni.StringBuilderAndBufferTest"/>
  <testcase name="testBufferAppend" time="0,001" classname="cviceni.StringBuilderAndBufferTest"/>
  <testcase name="testBufferAppend" time="0,000" classname="cviceni.StringBuilderAndBufferTest"/>
  <testcase name="testBufferAppend" time="0,000" classname="cviceni.StringBuilderAndBufferTest"/>
  <testcase name="testBufferAppend" time="0,000" classname="cviceni.StringBuilderAndBufferTest"/>
  <testcase name="testBuilderAppend" time="0,000" classname="cviceni.StringBuilderAndBufferTest"/>
  <testcase name="testBuilderAppendDelete" time="0,000" classname="cviceni.StringBuilderAndBufferTest"/>
  <testcase name="testBufferAppend" time="0,000" classname="cviceni.StringBuilderAndBufferTest"/>
  <testcase name="testBufferAppend" time="0,000" classname="cviceni.StringBuilderAndBufferTest"/>
  <testcase name="testBufferAppendDelete" time="0,000" classname="cviceni.StringBuilderAndBufferTest"/>
  <testcase name="testBuilderAppendDelete" time="0,000" classname="cviceni.StringBuilderAndBufferTest"/>
  <testcase name="testBufferAppendDelete" time="0,001" classname="cviceni.StringBuilderAndBufferTest"/>
  <testcase name="testBuilderAppendDelete" time="0,000" classname="cviceni.StringBuilderAndBufferTest"/>
  <testcase name="testBufferAppend" time="0,000" classname="cviceni.StringBuilderAndBufferTest"/>
  <testcase name="testBufferAppendDelete" time="0,000" classname="cviceni.StringBuilderAndBufferTest"/>
  <testcase name="testBufferAppend" time="0,000" classname="cviceni.StringBuilderAndBufferTest"/>
  <testcase name="testBufferAppend" time="0,000" classname="cviceni.StringBuilderAndBufferTest"/>
  <testcase name="testBuilderAppendDelete" time="0,000" classname="cviceni.StringBuilderAndBufferTest"/>
  <testcase name="testBufferAppendDelete" time="0,000" classname="cviceni.StringBuilderAndBufferTest"/>
  <testcase name="testBuilderAppend" time="0,000" classname="cviceni.StringBuilderAndBufferTest"/>
  <testcase name="testBuilderAppend" time="0,000" classname="cviceni.StringBuilderAndBufferTest"/>
  <testcase name="testBuilderAppendDelete" time="0,000" classname="cviceni.StringBuilderAndBufferTest"/>
  <testcase name="testBufferAppendDelete" time="0,000" classname="cviceni.StringBuilderAndBufferTest"/>
  <testcase name="testBufferAppend" time="0,000" classname="cviceni.StringBuilderAndBufferTest"/>
  <testcase name="testBuilderAppend" time="0,001" classname="cviceni.StringBuilderAndBufferTest"/>
  <testcase name="testBuilderAppend" time="0,000" classname="cviceni.StringBuilderAndBufferTest"/>
  <testcase name="testBuilderAppend" time="0,000" classname="cviceni.StringBuilderAndBufferTest"/>
  <testcase name="testBuilderAppend" time="0,000" classname="cviceni.StringBuilderAndBufferTest"/>
  <testcase name="testBufferAppend" time="0,000" classname="cviceni.StringBuilderAndBufferTest"/>
  <testcase name="testBuilderAppendDelete" time="0,001" classname="cviceni.StringBuilderAndBufferTest"/>
  <testcase name="testBufferAppendDelete" time="0,000" classname="cviceni.StringBuilderAndBufferTest"/>
  <testcase name="testBuilderAppendDelete" time="0,000" classname="cviceni.StringBuilderAndBufferTest"/>
  <testcase name="testBufferAppend" time="0,001" classname="cviceni.StringBuilderAndBufferTest"/>
  <testcase name="testBuilderAppend" time="0,000" classname="cviceni.StringBuilderAndBufferTest"/>
  <testcase name="testBuilderAppendDelete" time="0,000" classname="cviceni.StringBuilderAndBufferTest"/>
  <testcase name="testBuilderAppendDelete" time="0,001" classname="cviceni.StringBuilderAndBufferTest"/>
  <testcase name="testBuilderAppendDelete" time="0,000" classname="cviceni.StringBuilderAndBufferTest"/>
  <testcase name="testBufferAppend" time="0,000" classname="cviceni.StringBuilderAndBufferTest"/>
  <testcase name="testBufferAppend" time="0,000" classname="cviceni.StringBuilderAndBufferTest"/>
  <testcase name="testBufferAppendDelete" time="0,000" classname="cviceni.StringBuilderAndBufferTest"/>
  <testcase name="testBufferAppend" time="0,001" classname="cviceni.StringBuilderAndBufferTest"/>
  <testcase name="testBufferAppendDelete" time="0,000" classname="cviceni.StringBuilderAndBufferTest"/>
  <testcase name="testBuilderAppend" time="0,000" classname="cviceni.StringBuilderAndBufferTest"/>
  <testcase name="testBuilderAppend" time="0,001" classname="cviceni.StringBuilderAndBufferTest"/>
  <testcase name="testBufferAppend" time="0,000" classname="cviceni.StringBuilderAndBufferTest"/>
  <testcase name="testBufferAppendDelete" time="0,000" classname="cviceni.StringBuilderAndBufferTest"/>
  <testcase name="testBuilderAppend" time="0,000" classname="cviceni.StringBuilderAndBufferTest"/>
  <testcase name="testBuilderAppendDelete" time="0,000" classname="cviceni.StringBuilderAndBufferTest"/>
  <testcase name="testBuilderAppendDelete" time="0,000" classname="cviceni.StringBuilderAndBufferTest"/>
  <testcase name="testBuilderAppend" time="0,000" classname="cviceni.StringBuilderAndBufferTest"/>
  <testcase name="testBufferAppendDelete" time="0,000" classname="cviceni.StringBuilderAndBufferTest"/>
  <testcase name="testBuilderAppend" time="0,000" classname="cviceni.StringBuilderAndBufferTest"/>
  <testcase name="testBuilderAppendDelete" time="0,000" classname="cviceni.StringBuilderAndBufferTest"/>
  <testcase name="testBuilderAppend" time="0,001" classname="cviceni.StringBuilderAndBufferTest"/>
  <testcase name="testBuilderAppendDelete" time="0,001" classname="cviceni.StringBuilderAndBufferTest"/>
  <testcase name="testBufferAppendDelete" time="0,000" classname="cviceni.StringBuilderAndBufferTest"/>
  <testcase name="testBufferAppend" time="0,000" classname="cviceni.StringBuilderAndBufferTest"/>
  <testcase name="testBufferAppendDelete" time="0,000" classname="cviceni.StringBuilderAndBufferTest"/>
  <testcase name="testBuilderAppend" time="0,000" classname="cviceni.StringBuilderAndBufferTest"/>
  <testcase name="testBufferAppend" time="0,001" classname="cviceni.StringBuilderAndBufferTest"/>
  <testcase name="testBuilderAppendDelete" time="0,000" classname="cviceni.StringBuilderAndBufferTest"/>
  <testcase name="testBufferAppend" time="0,000" classname="cviceni.StringBuilderAndBufferTest"/>
  <testcase name="testBufferAppendDelete" time="0,001" classname="cviceni.StringBuilderAndBufferTest"/>
  <testcase name="testBuilderAppend" time="0,000" classname="cviceni.StringBuilderAndBufferTest"/>
  <testcase name="testBuilderAppend" time="0,000" classname="cviceni.StringBuilderAndBufferTest"/>
  <testcase name="testBuilderAppend" time="0,000" classname="cviceni.StringBuilderAndBufferTest"/>
  <testcase name="testBufferAppendDelete" time="0,001" classname="cviceni.StringBuilderAndBufferTest"/>
  <testcase name="testBuilderAppend" time="0,000" classname="cviceni.StringBuilderAndBufferTest"/>
  <testcase name="testBufferAppendDelete" time="0,000" classname="cviceni.StringBuilderAndBufferTest"/>
  <testcase name="testBuilderAppendDelete" time="0,001" classname="cviceni.StringBuilderAndBufferTest"/>
  <testcase name="testBuilderAppend" time="0,030" classname="cviceni.StringBuilderAndBufferTest"/>
  <testcase name="testBuilderAppendDelete" time="0,000" classname="cviceni.StringBuilderAndBufferTest"/>
  <testcase name="testBuilderAppendDelete" time="0,000" classname="cviceni.StringBuilderAndBufferTest"/>
  <testcase name="testBuilderAppend" time="0,000" classname="cviceni.StringBuilderAndBufferTest"/>
  <testcase name="testBuilderAppend" time="0,000" classname="cviceni.StringBuilderAndBufferTest"/>
  <testcase name="testBuilderAppend" time="0,033" classname="cviceni.StringBuilderAndBufferTest"/>
  <testcase name="testBuilderAppendDelete" time="0,000" classname="cviceni.StringBuilderAndBufferTest"/>
  <testcase name="testBuilderAppendDelete" time="0,001" classname="cviceni.StringBuilderAndBufferTest"/>
  <testcase name="testBufferAppend" time="0,000" classname="cviceni.StringBuilderAndBufferTest"/>
  <testcase name="testBuilderAppend" time="0,000" classname="cviceni.StringBuilderAndBufferTest"/>
  <testcase name="testBufferAppendDelete" time="0,001" classname="cviceni.StringBuilderAndBufferTest"/>
  <testcase name="testBuilderAppend" time="0,038" classname="cviceni.StringBuilderAndBufferTest"/>
  <testcase name="testBufferAppendDelete" time="0,000" classname="cviceni.StringBuilderAndBufferTest"/>
  <testcase name="testBuilderAppendDelete" time="0,001" classname="cviceni.StringBuilderAndBufferTest"/>
  <testcase name="testBuilderAppend" time="0,000" classname="cviceni.StringBuilderAndBufferTest"/>
  <testcase name="testBuilderAppend" time="0,000" classname="cviceni.StringBuilderAndBufferTest"/>
  <testcase name="testBuilderAppendDelete" time="0,001" classname="cviceni.StringBuilderAndBufferTest"/>
  <testcase name="testBuilderAppend" time="0,000" classname="cviceni.StringBuilderAndBufferTest"/>
  <testcase name="testBuilderAppendDelete" time="0,000" classname="cviceni.StringBuilderAndBufferTest"/>
  <testcase name="testBuilderAppendDelete" time="0,000" classname="cviceni.StringBuilderAndBufferTest"/>
  <testcase name="testBuilderAppend" time="0,000" classname="cviceni.StringBuilderAndBufferTest"/>
  <testcase name="testBuilderAppendDelete" time="0,001" classname="cviceni.StringBuilderAndBufferTest"/>
  <testcase name="testBuilderAppend" time="0,000" classname="cviceni.StringBuilderAndBufferTest"/>
  <testcase name="testBufferAppendDelete" time="0,000" classname="cviceni.StringBuilderAndBufferTest"/>
  <testcase name="testBufferAppendDelete" time="0,000" classname="cviceni.StringBuilderAndBufferTest"/>
  <testcase name="testBufferAppendDelete" time="0,000" classname="cviceni.StringBuilderAndBufferTest"/>
  <testcase name="testBufferAppend" time="0,001" classname="cviceni.StringBuilderAndBufferTest"/>
  <testcase name="testBuilderAppend" time="0,000" classname="cviceni.StringBuilderAndBufferTest"/>
  <testcase name="testBuilderAppend" time="0,000" classname="cviceni.StringBuilderAndBufferTest"/>
  <testcase name="testBuilderAppendDelete" time="0,000" classname="cviceni.StringBuilderAndBufferTest"/>
  <testcase name="testBufferAppendDelete" time="0,000" classname="cviceni.StringBuilderAndBufferTest"/>
  <testcase name="testBuilderAppendDelete" time="0,000" classname="cviceni.StringBuilderAndBufferTest"/>
  <testcase name="testBuilderAppendDelete" time="0,000" classname="cviceni.StringBuilderAndBufferTest"/>
  <testcase name="testBufferAppendDelete" time="0,000" classname="cviceni.StringBuilderAndBufferTest"/>
  <testcase name="testBuilderAppendDelete" time="0,001" classname="cviceni.StringBuilderAndBufferTest"/>
  <testcase name="testBufferAppendDelete" time="0,001" classname="cviceni.StringBuilderAndBufferTest"/>
  <testcase name="testBuilderAppend" time="0,001" classname="cviceni.StringBuilderAndBufferTest"/>
  <testcase name="testBufferAppend" time="0,001" classname="cviceni.StringBuilderAndBufferTest"/>
  <testcase name="testBuilderAppend" time="0,000" classname="cviceni.StringBuilderAndBufferTest"/>
  <testcase name="testBufferAppendDelete" time="0,000" classname="cviceni.StringBuilderAndBufferTest"/>
  <testcase name="testBufferAppend" time="0,001" classname="cviceni.StringBuilderAndBufferTest"/>
  <testcase name="testBuilderAppendDelete" time="0,000" classname="cviceni.StringBuilderAndBufferTest"/>
  <testcase name="testBufferAppend" time="0,000" classname="cviceni.StringBuilderAndBufferTest"/>
  <testcase name="testBuilderAppendDelete" time="0,001" classname="cviceni.StringBuilderAndBufferTest"/>
  <testcase name="testBuilderAppendDelete" time="0,000" classname="cviceni.StringBuilderAndBufferTest"/>
  <testcase name="testBuilderAppendDelete" time="0,000" classname="cviceni.StringBuilderAndBufferTest"/>
  <testcase name="testBufferAppend" time="0,000" classname="cviceni.StringBuilderAndBufferTest"/>
  <testcase name="testBuilderAppendDelete" time="0,000" classname="cviceni.StringBuilderAndBufferTest"/>
  <testcase name="testBufferAppendDelete" time="0,000" classname="cviceni.StringBuilderAndBufferTest"/>
  <testcase name="testBufferAppend" time="0,001" classname="cviceni.StringBuilderAndBufferTest"/>
  <testcase name="testBufferAppend" time="0,001" classname="cviceni.StringBuilderAndBufferTest"/>
  <testcase name="testBufferAppendDelete" time="0,000" classname="cviceni.StringBuilderAndBufferTest"/>
  <testcase name="testBuilderAppendDelete" time="0,000" classname="cviceni.StringBuilderAndBufferTest"/>
  <testcase name="testBufferAppendDelete" time="0,000" classname="cviceni.StringBuilderAndBufferTest"/>
  <testcase name="testBufferAppend" time="0,000" classname="cviceni.StringBuilderAndBufferTest"/>
  <testcase name="testBuilderAppend" time="0,000" classname="cviceni.StringBuilderAndBufferTest"/>
  <testcase name="testBuilderAppendDelete" time="0,000" classname="cviceni.StringBuilderAndBufferTest"/>
  <testcase name="testBuilderAppendDelete" time="0,000" classname="cviceni.StringBuilderAndBufferTest"/>
  <testcase name="testBufferAppendDelete" time="0,000" classname="cviceni.StringBuilderAndBufferTest"/>
  <testcase name="testBuilderAppendDelete" time="0,000" classname="cviceni.StringBuilderAndBufferTest"/>
  <testcase name="testBufferAppend" time="0,000" classname="cviceni.StringBuilderAndBufferTest"/>
  <testcase name="testBufferAppend" time="0,000" classname="cviceni.StringBuilderAndBufferTest"/>
  <testcase name="testBufferAppend" time="0,000" classname="cviceni.StringBuilderAndBufferTest"/>
  <testcase name="testBufferAppendDelete" time="0,001" classname="cviceni.StringBuilderAndBufferTest"/>
  <testcase name="testBuilderAppend" time="0,001" classname="cviceni.StringBuilderAndBufferTest"/>
  <testcase name="testBuilderAppendDelete" time="0,000" classname="cviceni.StringBuilderAndBufferTest"/>
  <testcase name="testBuilderAppendDelete" time="0,000" classname="cviceni.StringBuilderAndBufferTest"/>
  <testcase name="testBuilderAppend" time="0,000" classname="cviceni.StringBuilderAndBufferTest"/>
  <testcase name="testBufferAppendDelete" time="0,000" classname="cviceni.StringBuilderAndBufferTest"/>
  <testcase name="testBuilderAppend" time="0,000" classname="cviceni.StringBuilderAndBufferTest"/>
  <testcase name="testBufferAppend" time="0,000" classname="cviceni.StringBuilderAndBufferTest"/>
  <testcase name="testBuilderAppend" time="0,000" classname="cviceni.StringBuilderAndBufferTest"/>
  <testcase name="testBuilderAppend" time="0,000" classname="cviceni.StringBuilderAndBufferTest"/>
  <testcase name="testBufferAppend" time="0,000" classname="cviceni.StringBuilderAndBufferTest"/>
  <testcase name="testBuilderAppend" time="0,001" classname="cviceni.StringBuilderAndBufferTest"/>
  <testcase name="testBufferAppend" time="0,000" classname="cviceni.StringBuilderAndBufferTest"/>
  <testcase name="testBuilderAppend" time="0,000" classname="cviceni.StringBuilderAndBufferTest"/>
  <testcase name="testBufferAppendDelete" time="0,000" classname="cviceni.StringBuilderAndBufferTest"/>
  <testcase name="testBuilderAppendDelete" time="0,000" classname="cviceni.StringBuilderAndBufferTest"/>
  <testcase name="testBufferAppendDelete" time="0,001" classname="cviceni.StringBuilderAndBufferTest"/>
  <testcase name="testBufferAppend" time="0,000" classname="cviceni.StringBuilderAndBufferTest"/>
  <testcase name="testBufferAppendDelete" time="0,000" classname="cviceni.StringBuilderAndBufferTest"/>
  <testcase name="testBuilderAppend" time="0,000" classname="cviceni.StringBuilderAndBufferTest"/>
  <testcase name="testBufferAppendDelete" time="0,000" classname="cviceni.StringBuilderAndBufferTest"/>
  <testcase name="testBufferAppend" time="0,000" classname="cviceni.StringBuilderAndBufferTest"/>
  <testcase name="testBuilderAppend" time="0,000" classname="cviceni.StringBuilderAndBufferTest"/>
  <testcase name="testBufferAppend" time="0,000" classname="cviceni.StringBuilderAndBufferTest"/>
  <testcase name="testBufferAppendDelete" time="0,001" classname="cviceni.StringBuilderAndBufferTest"/>
  <testcase name="testBuilderAppend" time="0,000" classname="cviceni.StringBuilderAndBufferTest"/>
  <testcase name="testBufferAppend" time="0,000" classname="cviceni.StringBuilderAndBufferTest"/>
  <testcase name="testBuilderAppendDelete" time="0,000" classname="cviceni.StringBuilderAndBufferTest"/>
  <testcase name="testBufferAppend" time="0,000" classname="cviceni.StringBuilderAndBufferTest"/>
  <testcase name="testBufferAppendDelete" time="0,001" classname="cviceni.StringBuilderAndBufferTest"/>
  <testcase name="testBuilderAppendDelete" time="0,001" classname="cviceni.StringBuilderAndBufferTest"/>
  <testcase name="testBuilderAppendDelete" time="0,001" classname="cviceni.StringBuilderAndBufferTest"/>
  <testcase name="testBufferAppend" time="0,000" classname="cviceni.StringBuilderAndBufferTest"/>
  <testcase name="testBufferAppendDelete" time="0,000" classname="cviceni.StringBuilderAndBufferTest"/>
  <testcase name="testBuilderAppendDelete" time="0,000" classname="cviceni.StringBuilderAndBufferTest"/>
  <testcase name="testBuilderAppend" time="0,000" classname="cviceni.StringBuilderAndBufferTest"/>
  <testcase name="testBufferAppendDelete" time="0,000" classname="cviceni.StringBuilderAndBufferTest"/>
  <testcase name="testBufferAppend" time="0,001" classname="cviceni.StringBuilderAndBufferTest"/>
  <testcase name="testBuilderAppendDelete" time="0,000" classname="cviceni.StringBuilderAndBufferTest"/>
  <testcase name="testBuilderAppendDelete" time="0,000" classname="cviceni.StringBuilderAndBufferTest"/>
  <testcase name="testBuilderAppendDelete" time="0,000" classname="cviceni.StringBuilderAndBufferTest"/>
  <testcase name="testBufferAppendDelete" time="0,000" classname="cviceni.StringBuilderAndBufferTest"/>
  <testcase name="testBuilderAppendDelete" time="0,000" classname="cviceni.StringBuilderAndBufferTest"/>
  <testcase name="testBufferAppendDelete" time="0,001" classname="cviceni.StringBuilderAndBufferTest"/>
  <testcase name="testBuilderAppendDelete" time="0,000" classname="cviceni.StringBuilderAndBufferTest"/>
  <testcase name="testBuilderAppend" time="0,000" classname="cviceni.StringBuilderAndBufferTest"/>
  <testcase name="testBufferAppendDelete" time="0,000" classname="cviceni.StringBuilderAndBufferTest"/>
  <testcase name="testBufferAppendDelete" time="0,000" classname="cviceni.StringBuilderAndBufferTest"/>
  <testcase name="testBufferAppend" time="0,000" classname="cviceni.StringBuilderAndBufferTest"/>
  <testcase name="testBuilderAppend" time="0,000" classname="cviceni.StringBuilderAndBufferTest"/>
  <testcase name="testBuilderAppendDelete" time="0,000" classname="cviceni.StringBuilderAndBufferTest"/>
  <testcase name="testBufferAppend" time="0,001" classname="cviceni.StringBuilderAndBufferTest"/>
  <testcase name="testBuilderAppendDelete" time="0,000" classname="cviceni.StringBuilderAndBufferTest"/>
  <testcase name="testBuilderAppend" time="0,000" classname="cviceni.StringBuilderAndBufferTest"/>
  <testcase name="testBufferAppend" time="0,000" classname="cviceni.StringBuilderAndBufferTest"/>
  <testcase name="testBuilderAppend" time="0,005" classname="cviceni.StringBuilderAndBufferTest"/>
  <testcase name="testBufferAppendDelete" time="0,001" classname="cviceni.StringBuilderAndBufferTest"/>
  <testcase name="testBufferAppend" time="0,000" classname="cviceni.StringBuilderAndBufferTest"/>
  <testcase name="testBuilderAppend" time="0,000" classname="cviceni.StringBuilderAndBufferTest"/>
  <testcase name="testBufferAppendDelete" time="0,001" classname="cviceni.StringBuilderAndBufferTest"/>
  <testcase name="testBuilderAppend" time="0,001" classname="cviceni.StringBuilderAndBufferTest"/>
  <testcase name="testBuilderAppend" time="0,000" classname="cviceni.StringBuilderAndBufferTest"/>
  <testcase name="testBufferAppendDelete" time="0,000" classname="cviceni.StringBuilderAndBufferTest"/>
  <testcase name="testBufferAppend" time="0,001" classname="cviceni.StringBuilderAndBufferTest"/>
  <testcase name="testBufferAppend" time="0,000" classname="cviceni.StringBuilderAndBufferTest"/>
  <testcase name="testBufferAppendDelete" time="0,001" classname="cviceni.StringBuilderAndBufferTest"/>
  <testcase name="testBufferAppendDelete" time="0,000" classname="cviceni.StringBuilderAndBufferTest"/>
  <testcase name="testBuilderAppendDelete" time="0,078" classname="cviceni.StringBuilderAndBufferTest"/>
  <testcase name="testBuilderAppendDelete" time="0,000" classname="cviceni.StringBuilderAndBufferTest"/>
  <testcase name="testBuilderAppend" time="0,000" classname="cviceni.StringBuilderAndBufferTest"/>
  <testcase name="testBufferAppendDelete" time="0,000" classname="cviceni.StringBuilderAndBufferTest"/>
  <testcase name="testBufferAppend" time="0,000" classname="cviceni.StringBuilderAndBufferTest"/>
  <testcase name="testBufferAppendDelete" time="0,000" classname="cviceni.StringBuilderAndBufferTest"/>
  <testcase name="testBuilderAppendDelete" time="0,000" classname="cviceni.StringBuilderAndBufferTest"/>
  <testcase name="testBufferAppend" time="0,000" classname="cviceni.StringBuilderAndBufferTest"/>
  <testcase name="testBufferAppendDelete" time="0,001" classname="cviceni.StringBuilderAndBufferTest"/>
  <testcase name="testBuilderAppend" time="0,000" classname="cviceni.StringBuilderAndBufferTest"/>
  <testcase name="testBuilderAppendDelete" time="0,000" classname="cviceni.StringBuilderAndBufferTest"/>
  <testcase name="testBufferAppendDelete" time="0,000" classname="cviceni.StringBuilderAndBufferTest"/>
  <testcase name="testBuilderAppend" time="0,001" classname="cviceni.StringBuilderAndBufferTest"/>
  <testcase name="testBuilderAppend" time="0,000" classname="cviceni.StringBuilderAndBufferTest"/>
  <testcase name="testBuilderAppendDelete" time="0,000" classname="cviceni.StringBuilderAndBufferTest"/>
  <testcase name="testBufferAppendDelete" time="0,001" classname="cviceni.StringBuilderAndBufferTest"/>
  <testcase name="testBufferAppend" time="0,000" classname="cviceni.StringBuilderAndBufferTest"/>
  <testcase name="testBufferAppend" time="0,001" classname="cviceni.StringBuilderAndBufferTest"/>
  <testcase name="testBufferAppendDelete" time="0,000" classname="cviceni.StringBuilderAndBufferTest"/>
  <testcase name="testBufferAppendDelete" time="0,000" classname="cviceni.StringBuilderAndBufferTest"/>
  <testcase name="testBufferAppend" time="0,000" classname="cviceni.StringBuilderAndBufferTest"/>
  <testcase name="testBuilderAppendDelete" time="0,000" classname="cviceni.StringBuilderAndBufferTest"/>
  <testcase name="testBufferAppend" time="0,000" classname="cviceni.StringBuilderAndBufferTest"/>
  <testcase name="testBuilderAppend" time="0,001" classname="cviceni.StringBuilderAndBufferTest"/>
  <testcase name="testBufferAppend" time="0,001" classname="cviceni.StringBuilderAndBufferTest"/>
  <testcase name="testBufferAppendDelete" time="0,000" classname="cviceni.StringBuilderAndBufferTest"/>
  <testcase name="testBufferAppendDelete" time="0,000" classname="cviceni.StringBuilderAndBufferTest"/>
  <testcase name="testBuilderAppend" time="0,000" classname="cviceni.StringBuilderAndBufferTest"/>
  <testcase name="testBuilderAppendDelete" time="0,000" classname="cviceni.StringBuilderAndBufferTest"/>
  <testcase name="testBufferAppendDelete" time="0,001" classname="cviceni.StringBuilderAndBufferTest"/>
  <testcase name="testBufferAppend" time="0,000" classname="cviceni.StringBuilderAndBufferTest"/>
  <testcase name="testBuilderAppend" time="0,001" classname="cviceni.StringBuilderAndBufferTest"/>
  <testcase name="testBufferAppend" time="0,001" classname="cviceni.StringBuilderAndBufferTest"/>
  <testcase name="testBufferAppendDelete" time="0,000" classname="cviceni.StringBuilderAndBufferTest"/>
  <testcase name="testBufferAppendDelete" time="0,001" classname="cviceni.StringBuilderAndBufferTest"/>
  <testcase name="testBufferAppendDelete" time="0,000" classname="cviceni.StringBuilderAndBufferTest"/>
  <testcase name="testBufferAppendDelete" time="0,000" classname="cviceni.StringBuilderAndBufferTest"/>
  <testcase name="testBufferAppend" time="0,000" classname="cviceni.StringBuilderAndBufferTest"/>
  <testcase name="testBufferAppendDelete" time="0,000" classname="cviceni.StringBuilderAndBufferTest"/>
  <testcase name="testBuilderAppendDelete" time="0,000" classname="cviceni.StringBuilderAndBufferTest"/>
  <testcase name="testBufferAppend" time="0,000" classname="cviceni.StringBuilderAndBufferTest"/>
  <testcase name="testBuilderAppendDelete" time="0,001" classname="cviceni.StringBuilderAndBufferTest"/>
  <testcase name="testBuilderAppend" time="0,000" classname="cviceni.StringBuilderAndBufferTest"/>
  <testcase name="testBufferAppendDelete" time="0,000" classname="cviceni.StringBuilderAndBufferTest"/>
  <testcase name="testBufferAppend" time="0,000" classname="cviceni.StringBuilderAndBufferTest"/>
  <testcase name="testBuilderAppendDelete" time="0,001" classname="cviceni.StringBuilderAndBufferTest"/>
  <testcase name="testBuilderAppend" time="0,000" classname="cviceni.StringBuilderAndBufferTest"/>
  <testcase name="testBuilderAppendDelete" time="0,000" classname="cviceni.StringBuilderAndBufferTest"/>
  <testcase name="testBuilderAppend" time="0,001" classname="cviceni.StringBuilderAndBufferTest"/>
  <testcase name="testBuilderAppendDelete" time="0,000" classname="cviceni.StringBuilderAndBufferTest"/>
  <testcase name="testBuilderAppendDelete" time="0,000" classname="cviceni.StringBuilderAndBufferTest"/>
  <testcase name="testBufferAppend" time="0,001" classname="cviceni.StringBuilderAndBufferTest"/>
  <testcase name="testBuilderAppendDelete" time="0,000" classname="cviceni.StringBuilderAndBufferTest"/>
  <testcase name="testBuilderAppend" time="0,000" classname="cviceni.StringBuilderAndBufferTest"/>
  <testcase name="testBuilderAppendDelete" time="0,000" classname="cviceni.StringBuilderAndBufferTest"/>
  <testcase name="testBuilderAppend" time="0,000" classname="cviceni.StringBuilderAndBufferTest"/>
  <testcase name="testBuilderAppendDelete" time="0,010" classname="cviceni.StringBuilderAndBufferTest"/>
  <testcase name="testBuilderAppend" time="0,001" classname="cviceni.StringBuilderAndBufferTest"/>
  <testcase name="testBuilderAppendDelete" time="0,001" classname="cviceni.StringBuilderAndBufferTest"/>
  <testcase name="testBufferAppendDelete" time="0,000" classname="cviceni.StringBuilderAndBufferTest"/>
  <testcase name="testBufferAppendDelete" time="0,000" classname="cviceni.StringBuilderAndBufferTest"/>
  <testcase name="testBufferAppend" time="0,000" classname="cviceni.StringBuilderAndBufferTest"/>
  <testcase name="testBuilderAppend" time="0,000" classname="cviceni.StringBuilderAndBufferTest"/>
  <testcase name="testBufferAppend" time="0,001" classname="cviceni.StringBuilderAndBufferTest"/>
  <testcase name="testBuilderAppendDelete" time="0,001" classname="cviceni.StringBuilderAndBufferTest"/>
  <testcase name="testBuilderAppendDelete" time="0,000" classname="cviceni.StringBuilderAndBufferTest"/>
  <testcase name="testBuilderAppend" time="0,000" classname="cviceni.StringBuilderAndBufferTest"/>
  <testcase name="testBuilderAppendDelete" time="0,000" classname="cviceni.StringBuilderAndBufferTest"/>
  <testcase name="testBufferAppendDelete" time="0,000" classname="cviceni.StringBuilderAndBufferTest"/>
  <testcase name="testBuilderAppend" time="0,000" classname="cviceni.StringBuilderAndBufferTest"/>
  <testcase name="testBuilderAppendDelete" time="0,000" classname="cviceni.StringBuilderAndBufferTest"/>
  <testcase name="testBuilderAppendDelete" time="0,001" classname="cviceni.StringBuilderAndBufferTest"/>
  <testcase name="testBuilderAppend" time="0,000" classname="cviceni.StringBuilderAndBufferTest"/>
  <testcase name="testBuilderAppend" time="0,001" classname="cviceni.StringBuilderAndBufferTest"/>
  <testcase name="testBufferAppendDelete" time="0,000" classname="cviceni.StringBuilderAndBufferTest"/>
  <testcase name="testBufferAppendDelete" time="0,001" classname="cviceni.StringBuilderAndBufferTest"/>
  <testcase name="testBufferAppendDelete" time="0,001" classname="cviceni.StringBuilderAndBufferTest"/>
  <testcase name="testBuilderAppend" time="0,000" classname="cviceni.StringBuilderAndBufferTest"/>
  <testcase name="testBuilderAppendDelete" time="0,001" classname="cviceni.StringBuilderAndBufferTest"/>
  <testcase name="testBufferAppendDelete" time="0,001" classname="cviceni.StringBuilderAndBufferTest"/>
  <testcase name="testBuilderAppend" time="0,000" classname="cviceni.StringBuilderAndBufferTest"/>
  <testcase name="testBufferAppend" time="0,000" classname="cviceni.StringBuilderAndBufferTest"/>
  <testcase name="testBufferAppendDelete" time="0,000" classname="cviceni.StringBuilderAndBufferTest"/>
  <testcase name="testBuilderAppend" time="0,000" classname="cviceni.StringBuilderAndBufferTest"/>
  <testcase name="testBuilderAppend" time="0,000" classname="cviceni.StringBuilderAndBufferTest"/>
  <testcase name="testBufferAppend" time="0,000" classname="cviceni.StringBuilderAndBufferTest"/>
  <testcase name="testBuilderAppendDelete" time="0,000" classname="cviceni.StringBuilderAndBufferTest"/>
  <testcase name="testBufferAppendDelete" time="0,000" classname="cviceni.StringBuilderAndBufferTest"/>
  <testcase name="testBufferAppendDelete" time="0,001" classname="cviceni.StringBuilderAndBufferTest"/>
  <testcase name="testBuilderAppendDelete" time="0,000" classname="cviceni.StringBuilderAndBufferTest"/>
  <testcase name="testBuilderAppendDelete" time="0,000" classname="cviceni.StringBuilderAndBufferTest"/>
  <testcase name="testBufferAppendDelete" time="0,001" classname="cviceni.StringBuilderAndBufferTest"/>
  <testcase name="testBufferAppend" time="0,001" classname="cviceni.StringBuilderAndBufferTest"/>
  <testcase name="testBuilderAppend" time="0,000" classname="cviceni.StringBuilderAndBufferTest"/>
  <testcase name="testBufferAppend" time="0,000" classname="cviceni.StringBuilderAndBufferTest"/>
  <testcase name="testBufferAppend" time="0,000" classname="cviceni.StringBuilderAndBufferTest"/>
  <testcase name="testBuilderAppend" time="0,000" classname="cviceni.StringBuilderAndBufferTest"/>
  <testcase name="testBufferAppendDelete" time="0,000" classname="cviceni.StringBuilderAndBufferTest"/>
  <testcase name="testBufferAppendDelete" time="0,000" classname="cviceni.StringBuilderAndBufferTest"/>
  <testcase name="testBuilderAppendDelete" time="0,001" classname="cviceni.StringBuilderAndBufferTest"/>
  <testcase name="testBufferAppendDelete" time="0,000" classname="cviceni.StringBuilderAndBufferTest"/>
  <testcase name="testBufferAppend" time="0,000" classname="cviceni.StringBuilderAndBufferTest"/>
  <testcase name="testBufferAppendDelete" time="0,001" classname="cviceni.StringBuilderAndBufferTest"/>
  <testcase name="testBuilderAppend" time="0,000" classname="cviceni.StringBuilderAndBufferTest"/>
  <testcase name="testBuilderAppendDelete" time="0,000" classname="cviceni.StringBuilderAndBufferTest"/>
  <testcase name="testBufferAppendDelete" time="0,000" classname="cviceni.StringBuilderAndBufferTest"/>
  <testcase name="testBufferAppend" time="0,000" classname="cviceni.StringBuilderAndBufferTest"/>
  <testcase name="testBuilderAppendDelete" time="0,000" classname="cviceni.StringBuilderAndBufferTest"/>
  <testcase name="testBufferAppendDelete" time="0,000" classname="cviceni.StringBuilderAndBufferTest"/>
  <testcase name="testBufferAppendDelete" time="0,000" classname="cviceni.StringBuilderAndBufferTest"/>
  <testcase name="testBufferAppend" time="0,001" classname="cviceni.StringBuilderAndBufferTest"/>
  <testcase name="testBuilderAppendDelete" time="0,000" classname="cviceni.StringBuilderAndBufferTest"/>
  <testcase name="testBuilderAppendDelete" time="0,000" classname="cviceni.StringBuilderAndBufferTest"/>
  <testcase name="testBufferAppendDelete" time="0,000" classname="cviceni.StringBuilderAndBufferTest"/>
  <testcase name="testBufferAppend" time="0,000" classname="cviceni.StringBuilderAndBufferTest"/>
  <testcase name="testBuilderAppend" time="0,000" classname="cviceni.StringBuilderAndBufferTest"/>
  <testcase name="testBufferAppendDelete" time="0,000" classname="cviceni.StringBuilderAndBufferTest"/>
  <testcase name="testBuilderAppend" time="0,000" classname="cviceni.StringBuilderAndBufferTest"/>
  <testcase name="testBuilderAppend" time="0,000" classname="cviceni.StringBuilderAndBufferTest"/>
  <testcase name="testBufferAppendDelete" time="0,000" classname="cviceni.StringBuilderAndBufferTest"/>
  <testcase name="testBufferAppendDelete" time="0,001" classname="cviceni.StringBuilderAndBufferTest"/>
  <testcase name="testBufferAppendDelete" time="0,000" classname="cviceni.StringBuilderAndBufferTest"/>
  <testcase name="testBufferAppend" time="0,001" classname="cviceni.StringBuilderAndBufferTest"/>
  <testcase name="testBufferAppendDelete" time="0,000" classname="cviceni.StringBuilderAndBufferTest"/>
  <testcase name="testBuilderAppendDelete" time="0,000" classname="cviceni.StringBuilderAndBufferTest"/>
  <testcase name="testBufferAppend" time="0,001" classname="cviceni.StringBuilderAndBufferTest"/>
  <testcase name="testBuilderAppend" time="0,000" classname="cviceni.StringBuilderAndBufferTest"/>
  <testcase name="testBuilderAppendDelete" time="0,000" classname="cviceni.StringBuilderAndBufferTest"/>
  <testcase name="testBuilderAppendDelete" time="0,000" classname="cviceni.StringBuilderAndBufferTest"/>
  <testcase name="testBuilderAppend" time="0,000" classname="cviceni.StringBuilderAndBufferTest"/>
  <testcase name="testBufferAppendDelete" time="0,001" classname="cviceni.StringBuilderAndBufferTest"/>
  <testcase name="testBuilderAppendDelete" time="0,000" classname="cviceni.StringBuilderAndBufferTest"/>
  <testcase name="testBuilderAppend" time="0,001" classname="cviceni.StringBuilderAndBufferTest"/>
  <testcase name="testBuilderAppend" time="0,000" classname="cviceni.StringBuilderAndBufferTest"/>
  <testcase name="testBuilderAppendDelete" time="0,000" classname="cviceni.StringBuilderAndBufferTest"/>
  <testcase name="testBuilderAppendDelete" time="0,000" classname="cviceni.StringBuilderAndBufferTest"/>
  <testcase name="testBuilderAppendDelete" time="0,001" classname="cviceni.StringBuilderAndBufferTest"/>
  <testcase name="testBuilderAppendDelete" time="0,000" classname="cviceni.StringBuilderAndBufferTest"/>
  <testcase name="testBufferAppendDelete" time="0,000" classname="cviceni.StringBuilderAndBufferTest"/>
  <testcase name="testBufferAppendDelete" time="0,000" classname="cviceni.StringBuilderAndBufferTest"/>
  <testcase name="testBufferAppend" time="0,000" classname="cviceni.StringBuilderAndBufferTest"/>
  <testcase name="testBuilderAppendDelete" time="0,000" classname="cviceni.StringBuilderAndBufferTest"/>
  <testcase name="testBuilderAppendDelete" time="0,000" classname="cviceni.StringBuilderAndBufferTest"/>
  <testcase name="testBuilderAppend" time="0,036" classname="cviceni.StringBuilderAndBufferTest"/>
  <testcase name="testBuilderAppend" time="0,000" classname="cviceni.StringBuilderAndBufferTest"/>
  <testcase name="testBuilderAppend" time="0,000" classname="cviceni.StringBuilderAndBufferTest"/>
  <testcase name="testBufferAppendDelete" time="0,001" classname="cviceni.StringBuilderAndBufferTest"/>
  <testcase name="testBuilderAppendDelete" time="0,000" classname="cviceni.StringBuilderAndBufferTest"/>
  <testcase name="testBuilderAppendDelete" time="0,000" classname="cviceni.StringBuilderAndBufferTest"/>
  <testcase name="testBuilderAppendDelete" time="0,000" classname="cviceni.StringBuilderAndBufferTest"/>
  <testcase name="testBufferAppend" time="0,000" classname="cviceni.StringBuilderAndBufferTest"/>
  <testcase name="testBufferAppendDelete" time="0,000" classname="cviceni.StringBuilderAndBufferTest"/>
  <testcase name="testBuilderAppendDelete" time="0,000" classname="cviceni.StringBuilderAndBufferTest"/>
  <testcase name="testBufferAppend" time="0,000" classname="cviceni.StringBuilderAndBufferTest"/>
  <testcase name="testBuilderAppend" time="0,001" classname="cviceni.StringBuilderAndBufferTest"/>
  <testcase name="testBufferAppendDelete" time="0,001" classname="cviceni.StringBuilderAndBufferTest"/>
  <testcase name="testBuilderAppendDelete" time="0,001" classname="cviceni.StringBuilderAndBufferTest"/>
  <testcase name="testBufferAppend" time="0,001" classname="cviceni.StringBuilderAndBufferTest"/>
  <testcase name="testBufferAppendDelete" time="0,008" classname="cviceni.StringBuilderAndBufferTest"/>
  <testcase name="testBuilderAppend" time="0,000" classname="cviceni.StringBuilderAndBufferTest"/>
  <testcase name="testBufferAppendDelete" time="0,000" classname="cviceni.StringBuilderAndBufferTest"/>
  <testcase name="testBuilderAppendDelete" time="0,000" classname="cviceni.StringBuilderAndBufferTest"/>
  <testcase name="testBufferAppend" time="0,000" classname="cviceni.StringBuilderAndBufferTest"/>
  <testcase name="testBufferAppendDelete" time="0,000" classname="cviceni.StringBuilderAndBufferTest"/>
  <testcase name="testBufferAppend" time="0,001" classname="cviceni.StringBuilderAndBufferTest"/>
  <testcase name="testBufferAppendDelete" time="0,000" classname="cviceni.StringBuilderAndBufferTest"/>
  <testcase name="testBuilderAppend" time="0,000" classname="cviceni.StringBuilderAndBufferTest"/>
  <testcase name="testBuilderAppend" time="0,000" classname="cviceni.StringBuilderAndBufferTest"/>
  <testcase name="testBufferAppendDelete" time="0,000" classname="cviceni.StringBuilderAndBufferTest"/>
  <testcase name="testBuilderAppendDelete" time="0,000" classname="cviceni.StringBuilderAndBufferTest"/>
  <testcase name="testBufferAppend" time="0,000" classname="cviceni.StringBuilderAndBufferTest"/>
  <testcase name="testBufferAppendDelete" time="0,000" classname="cviceni.StringBuilderAndBufferTest"/>
  <testcase name="testBuilderAppendDelete" time="0,000" classname="cviceni.StringBuilderAndBufferTest"/>
  <testcase name="testBufferAppendDelete" time="0,001" classname="cviceni.StringBuilderAndBufferTest"/>
  <testcase name="testBufferAppendDelete" time="0,000" classname="cviceni.StringBuilderAndBufferTest"/>
  <testcase name="testBufferAppendDelete" time="0,000" classname="cviceni.StringBuilderAndBufferTest"/>
  <testcase name="testBuilderAppendDelete" time="0,000" classname="cviceni.StringBuilderAndBufferTest"/>
  <testcase name="testBufferAppend" time="0,001" classname="cviceni.StringBuilderAndBufferTest"/>
  <testcase name="testBuilderAppendDelete" time="0,024" classname="cviceni.StringBuilderAndBufferTest"/>
  <testcase name="testBuilderAppendDelete" time="0,000" classname="cviceni.StringBuilderAndBufferTest"/>
  <testcase name="testBuilderAppendDelete" time="0,000" classname="cviceni.StringBuilderAndBufferTest"/>
  <testcase name="testBuilderAppend" time="0,000" classname="cviceni.StringBuilderAndBufferTest"/>
  <testcase name="testBuilderAppend" time="0,000" classname="cviceni.StringBuilderAndBufferTest"/>
  <testcase name="testBuilderAppendDelete" time="0,001" classname="cviceni.StringBuilderAndBufferTest"/>
  <testcase name="testBuilderAppend" time="0,000" classname="cviceni.StringBuilderAndBufferTest"/>
  <testcase name="testBuilderAppend" time="0,000" classname="cviceni.StringBuilderAndBufferTest"/>
  <testcase name="testBuilderAppendDelete" time="0,001" classname="cviceni.StringBuilderAndBufferTest"/>
  <testcase name="testBufferAppendDelete" time="0,000" classname="cviceni.StringBuilderAndBufferTest"/>
  <testcase name="testBuilderAppend" time="0,000" classname="cviceni.StringBuilderAndBufferTest"/>
  <testcase name="testBuilderAppendDelete" time="0,000" classname="cviceni.StringBuilderAndBufferTest"/>
  <testcase name="testBufferAppend" time="0,001" classname="cviceni.StringBuilderAndBufferTest"/>
  <testcase name="testBufferAppend" time="0,001" classname="cviceni.StringBuilderAndBufferTest"/>
  <testcase name="testBufferAppendDelete" time="0,000" classname="cviceni.StringBuilderAndBufferTest"/>
  <testcase name="testBufferAppend" time="0,000" classname="cviceni.StringBuilderAndBufferTest"/>
  <testcase name="testBufferAppendDelete" time="0,001" classname="cviceni.StringBuilderAndBufferTest"/>
  <testcase name="testBuilderAppend" time="0,001" classname="cviceni.StringBuilderAndBufferTest"/>
  <testcase name="testBuilderAppendDelete" time="0,000" classname="cviceni.StringBuilderAndBufferTest"/>
  <testcase name="testBuilderAppend" time="0,052" classname="cviceni.StringBuilderAndBufferTest"/>
  <testcase name="testBuilderAppend" time="0,000" classname="cviceni.StringBuilderAndBufferTest"/>
  <testcase name="testBuilderAppend" time="0,001" classname="cviceni.StringBuilderAndBufferTest"/>
  <testcase name="testBufferAppend" time="0,001" classname="cviceni.StringBuilderAndBufferTest"/>
  <testcase name="testBuilderAppend" time="0,000" classname="cviceni.StringBuilderAndBufferTest"/>
  <testcase name="testBufferAppend" time="0,108" classname="cviceni.StringBuilderAndBufferTest"/>
  <testcase name="testBufferAppend" time="0,000" classname="cviceni.StringBuilderAndBufferTest"/>
  <testcase name="testBufferAppendDelete" time="0,000" classname="cviceni.StringBuilderAndBufferTest"/>
  <testcase name="testBuilderAppend" time="0,001" classname="cviceni.StringBuilderAndBufferTest"/>
  <testcase name="testBuilderAppendDelete" time="0,000" classname="cviceni.StringBuilderAndBufferTest"/>
  <testcase name="testBufferAppendDelete" time="0,000" classname="cviceni.StringBuilderAndBufferTest"/>
  <testcase name="testBuilderAppendDelete" time="0,000" classname="cviceni.StringBuilderAndBufferTest"/>
  <testcase name="testBufferAppend" time="0,000" classname="cviceni.StringBuilderAndBufferTest"/>
  <testcase name="testBufferAppendDelete" time="0,001" classname="cviceni.StringBuilderAndBufferTest"/>
  <testcase name="testBufferAppendDelete" time="0,000" classname="cviceni.StringBuilderAndBufferTest"/>
  <testcase name="testBufferAppend" time="0,000" classname="cviceni.StringBuilderAndBufferTest"/>
  <testcase name="testBufferAppendDelete" time="0,001" classname="cviceni.StringBuilderAndBufferTest"/>
  <testcase name="testBufferAppend" time="0,000" classname="cviceni.StringBuilderAndBufferTest"/>
  <testcase name="testBuilderAppendDelete" time="0,001" classname="cviceni.StringBuilderAndBufferTest"/>
  <testcase name="testBufferAppend" time="0,000" classname="cviceni.StringBuilderAndBufferTest"/>
  <testcase name="testBuilderAppend" time="0,000" classname="cviceni.StringBuilderAndBufferTest"/>
  <testcase name="testBufferAppend" time="0,001" classname="cviceni.StringBuilderAndBufferTest"/>
  <testcase name="testBufferAppend" time="0,000" classname="cviceni.StringBuilderAndBufferTest"/>
  <testcase name="testBuilderAppendDelete" time="0,001" classname="cviceni.StringBuilderAndBufferTest"/>
  <testcase name="testBufferAppend" time="0,000" classname="cviceni.StringBuilderAndBufferTest"/>
  <testcase name="testBufferAppend" time="0,001" classname="cviceni.StringBuilderAndBufferTest"/>
  <testcase name="testBufferAppendDelete" time="0,001" classname="cviceni.StringBuilderAndBufferTest"/>
  <testcase name="testBuilderAppendDelete" time="0,000" classname="cviceni.StringBuilderAndBufferTest"/>
  <testcase name="testBufferAppend" time="0,000" classname="cviceni.StringBuilderAndBufferTest"/>
  <testcase name="testBuilderAppend" time="0,001" classname="cviceni.StringBuilderAndBufferTest"/>
  <testcase name="testBufferAppendDelete" time="0,001" classname="cviceni.StringBuilderAndBufferTest"/>
  <testcase name="testBufferAppend" time="0,000" classname="cviceni.StringBuilderAndBufferTest"/>
  <testcase name="testBuilderAppendDelete" time="0,000" classname="cviceni.StringBuilderAndBufferTest"/>
  <testcase name="testBuilderAppend" time="0,000" classname="cviceni.StringBuilderAndBufferTest"/>
  <testcase name="testBufferAppendDelete" time="0,000" classname="cviceni.StringBuilderAndBufferTest"/>
  <testcase name="testBuilderAppend" time="0,000" classname="cviceni.StringBuilderAndBufferTest"/>
  <testcase name="testBufferAppend" time="0,001" classname="cviceni.StringBuilderAndBufferTest"/>
  <testcase name="testBufferAppendDelete" time="0,000" classname="cviceni.StringBuilderAndBufferTest"/>
  <testcase name="testBufferAppendDelete" time="0,000" classname="cviceni.StringBuilderAndBufferTest"/>
  <testcase name="testBufferAppendDelete" time="0,001" classname="cviceni.StringBuilderAndBufferTest"/>
  <testcase name="testBuilderAppend" time="0,001" classname="cviceni.StringBuilderAndBufferTest"/>
  <testcase name="testBufferAppendDelete" time="0,000" classname="cviceni.StringBuilderAndBufferTest"/>
  <testcase name="testBufferAppendDelete" time="0,000" classname="cviceni.StringBuilderAndBufferTest"/>
  <testcase name="testBuilderAppendDelete" time="0,000" classname="cviceni.StringBuilderAndBufferTest"/>
  <testcase name="testBuilderAppend" time="0,000" classname="cviceni.StringBuilderAndBufferTest"/>
  <testcase name="testBufferAppend" time="0,000" classname="cviceni.StringBuilderAndBufferTest"/>
  <testcase name="testBufferAppendDelete" time="0,000" classname="cviceni.StringBuilderAndBufferTest"/>
  <testcase name="testBufferAppend" time="0,000" classname="cviceni.StringBuilderAndBufferTest"/>
  <testcase name="testBufferAppend" time="0,000" classname="cviceni.StringBuilderAndBufferTest"/>
  <testcase name="testBuilderAppend" time="0,000" classname="cviceni.StringBuilderAndBufferTest"/>
  <testcase name="testBuilderAppendDelete" time="0,000" classname="cviceni.StringBuilderAndBufferTest"/>
  <testcase name="testBuilderAppendDelete" time="0,001" classname="cviceni.StringBuilderAndBufferTest"/>
  <testcase name="testBufferAppend" time="0,000" classname="cviceni.StringBuilderAndBufferTest"/>
  <testcase name="testBufferAppendDelete" time="0,001" classname="cviceni.StringBuilderAndBufferTest"/>
  <testcase name="testBufferAppendDelete" time="0,001" classname="cviceni.StringBuilderAndBufferTest"/>
  <testcase name="testBufferAppend" time="0,000" classname="cviceni.StringBuilderAndBufferTest"/>
  <testcase name="testBuilderAppendDelete" time="0,000" classname="cviceni.StringBuilderAndBufferTest"/>
  <testcase name="testBufferAppend" time="0,000" classname="cviceni.StringBuilderAndBufferTest"/>
  <testcase name="testBuilderAppendDelete" time="0,000" classname="cviceni.StringBuilderAndBufferTest"/>
  <testcase name="testBuilderAppendDelete" time="0,000" classname="cviceni.StringBuilderAndBufferTest"/>
  <testcase name="testBufferAppend" time="0,000" classname="cviceni.StringBuilderAndBufferTest"/>
  <testcase name="testBufferAppendDelete" time="0,000" classname="cviceni.StringBuilderAndBufferTest"/>
  <testcase name="testBufferAppend" time="0,001" classname="cviceni.StringBuilderAndBufferTest"/>
  <testcase name="testBufferAppend" time="0,000" classname="cviceni.StringBuilderAndBufferTest"/>
  <testcase name="testBufferAppend" time="0,000" classname="cviceni.StringBuilderAndBufferTest"/>
  <testcase name="testBufferAppendDelete" time="0,000" classname="cviceni.StringBuilderAndBufferTest"/>
  <testcase name="testBufferAppend" time="0,000" classname="cviceni.StringBuilderAndBufferTest"/>
  <testcase name="testBuilderAppend" time="0,000" classname="cviceni.StringBuilderAndBufferTest"/>
  <testcase name="testBuilderAppendDelete" time="0,000" classname="cviceni.StringBuilderAndBufferTest"/>
  <testcase name="testBuilderAppendDelete" time="0,000" classname="cviceni.StringBuilderAndBufferTest"/>
  <testcase name="testBuilderAppend" time="0,000" classname="cviceni.StringBuilderAndBufferTest"/>
  <testcase name="testBuilderAppend" time="0,000" classname="cviceni.StringBuilderAndBufferTest"/>
  <testcase name="testBufferAppend" time="0,002" classname="cviceni.StringBuilderAndBufferTest"/>
  <testcase name="testBuilderAppendDelete" time="0,000" classname="cviceni.StringBuilderAndBufferTest"/>
  <testcase name="testBuilderAppend" time="0,000" classname="cviceni.StringBuilderAndBufferTest"/>
  <testcase name="testBuilderAppend" time="0,000" classname="cviceni.StringBuilderAndBufferTest"/>
  <testcase name="testBufferAppend" time="0,000" classname="cviceni.StringBuilderAndBufferTest"/>
  <testcase name="testBufferAppendDelete" time="0,000" classname="cviceni.StringBuilderAndBufferTest"/>
  <testcase name="testBuilderAppend" time="0,000" classname="cviceni.StringBuilderAndBufferTest"/>
  <testcase name="testBuilderAppendDelete" time="0,000" classname="cviceni.StringBuilderAndBufferTest"/>
  <testcase name="testBuilderAppendDelete" time="0,065" classname="cviceni.StringBuilderAndBufferTest"/>
  <testcase name="testBuilderAppend" time="0,000" classname="cviceni.StringBuilderAndBufferTest"/>
  <testcase name="testBufferAppend" time="0,000" classname="cviceni.StringBuilderAndBufferTest"/>
  <testcase name="testBuilderAppendDelete" time="0,001" classname="cviceni.StringBuilderAndBufferTest"/>
  <testcase name="testBuilderAppend" time="0,000" classname="cviceni.StringBuilderAndBufferTest"/>
  <testcase name="testBufferAppendDelete" time="0,001" classname="cviceni.StringBuilderAndBufferTest"/>
  <testcase name="testBuilderAppendDelete" time="0,001" classname="cviceni.StringBuilderAndBufferTest"/>
  <testcase name="testBuilderAppendDelete" time="0,001" classname="cviceni.StringBuilderAndBufferTest"/>
  <testcase name="testBuilderAppend" time="0,000" classname="cviceni.StringBuilderAndBufferTest"/>
  <testcase name="testBufferAppendDelete" time="0,001" classname="cviceni.StringBuilderAndBufferTest"/>
  <testcase name="testBufferAppendDelete" time="0,000" classname="cviceni.StringBuilderAndBufferTest"/>
  <testcase name="testBuilderAppendDelete" time="0,000" classname="cviceni.StringBuilderAndBufferTest"/>
  <testcase name="testBufferAppendDelete" time="0,000" classname="cviceni.StringBuilderAndBufferTest"/>
  <testcase name="testBufferAppendDelete" time="0,001" classname="cviceni.StringBuilderAndBufferTest"/>
  <testcase name="testBuilderAppend" time="0,000" classname="cviceni.StringBuilderAndBufferTest"/>
  <testcase name="testBufferAppendDelete" time="0,001" classname="cviceni.StringBuilderAndBufferTest"/>
  <testcase name="testBufferAppendDelete" time="0,000" classname="cviceni.StringBuilderAndBufferTest"/>
  <testcase name="testBufferAppend" time="0,000" classname="cviceni.StringBuilderAndBufferTest"/>
  <testcase name="testBuilderAppendDelete" time="0,000" classname="cviceni.StringBuilderAndBufferTest"/>
  <testcase name="testBuilderAppendDelete" time="0,001" classname="cviceni.StringBuilderAndBufferTest"/>
  <testcase name="testBufferAppendDelete" time="0,000" classname="cviceni.StringBuilderAndBufferTest"/>
  <testcase name="testBuilderAppend" time="0,000" classname="cviceni.StringBuilderAndBufferTest"/>
  <testcase name="testBuilderAppendDelete" time="0,000" classname="cviceni.StringBuilderAndBufferTest"/>
  <testcase name="testBuilderAppendDelete" time="0,001" classname="cviceni.StringBuilderAndBufferTest"/>
  <testcase name="testBufferAppendDelete" time="0,001" classname="cviceni.StringBuilderAndBufferTest"/>
  <testcase name="testBuilderAppend" time="0,000" classname="cviceni.StringBuilderAndBufferTest"/>
  <testcase name="testBufferAppendDelete" time="0,000" classname="cviceni.StringBuilderAndBufferTest"/>
  <testcase name="testBufferAppendDelete" time="0,001" classname="cviceni.StringBuilderAndBufferTest"/>
  <testcase name="testBufferAppend" time="0,000" classname="cviceni.StringBuilderAndBufferTest"/>
  <testcase name="testBuilderAppend" time="0,001" classname="cviceni.StringBuilderAndBufferTest"/>
  <testcase name="testBuilderAppend" time="0,000" classname="cviceni.StringBuilderAndBufferTest"/>
  <testcase name="testBufferAppendDelete" time="0,001" classname="cviceni.StringBuilderAndBufferTest"/>
  <testcase name="testBuilderAppend" time="0,000" classname="cviceni.StringBuilderAndBufferTest"/>
  <testcase name="testBuilderAppendDelete" time="0,000" classname="cviceni.StringBuilderAndBufferTest"/>
  <testcase name="testBufferAppend" time="0,000" classname="cviceni.StringBuilderAndBufferTest"/>
  <testcase name="testBufferAppend" time="0,000" classname="cviceni.StringBuilderAndBufferTest"/>
  <testcase name="testBuilderAppend" time="0,001" classname="cviceni.StringBuilderAndBufferTest"/>
  <testcase name="testBufferAppend" time="0,000" classname="cviceni.StringBuilderAndBufferTest"/>
  <testcase name="testBufferAppend" time="0,000" classname="cviceni.StringBuilderAndBufferTest"/>
  <testcase name="testBuilderAppend" time="0,000" classname="cviceni.StringBuilderAndBufferTest"/>
  <testcase name="testBuilderAppendDelete" time="0,001" classname="cviceni.StringBuilderAndBufferTest"/>
  <testcase name="testBuilderAppendDelete" time="0,000" classname="cviceni.StringBuilderAndBufferTest"/>
  <testcase name="testBuilderAppendDelete" time="0,000" classname="cviceni.StringBuilderAndBufferTest"/>
  <testcase name="testBufferAppendDelete" time="0,000" classname="cviceni.StringBuilderAndBufferTest"/>
  <testcase name="testBuilderAppendDelete" time="0,000" classname="cviceni.StringBuilderAndBufferTest"/>
  <testcase name="testBuilderAppendDelete" time="0,001" classname="cviceni.StringBuilderAndBufferTest"/>
  <testcase name="testBuilderAppendDelete" time="0,000" classname="cviceni.StringBuilderAndBufferTest"/>
  <testcase name="testBuilderAppendDelete" time="0,000" classname="cviceni.StringBuilderAndBufferTest"/>
  <testcase name="testBufferAppendDelete" time="0,001" classname="cviceni.StringBuilderAndBufferTest"/>
  <testcase name="testBufferAppend" time="0,001" classname="cviceni.StringBuilderAndBufferTest"/>
  <testcase name="testBuilderAppend" time="0,025" classname="cviceni.StringBuilderAndBufferTest"/>
  <testcase name="testBufferAppend" time="0,000" classname="cviceni.StringBuilderAndBufferTest"/>
  <testcase name="testBufferAppend" time="0,000" classname="cviceni.StringBuilderAndBufferTest"/>
  <testcase name="testBuilderAppend" time="0,001" classname="cviceni.StringBuilderAndBufferTest"/>
  <testcase name="testBuilderAppend" time="0,001" classname="cviceni.StringBuilderAndBufferTest"/>
  <testcase name="testBufferAppendDelete" time="0,000" classname="cviceni.StringBuilderAndBufferTest"/>
  <testcase name="testBuilderAppend" time="0,000" classname="cviceni.StringBuilderAndBufferTest"/>
  <testcase name="testBufferAppendDelete" time="0,000" classname="cviceni.StringBuilderAndBufferTest"/>
  <testcase name="testBufferAppend" time="0,001" classname="cviceni.StringBuilderAndBufferTest"/>
  <testcase name="testBuilderAppend" time="0,000" classname="cviceni.StringBuilderAndBufferTest"/>
  <testcase name="testBufferAppend" time="0,001" classname="cviceni.StringBuilderAndBufferTest"/>
  <testcase name="testBufferAppend" time="0,000" classname="cviceni.StringBuilderAndBufferTest"/>
  <testcase name="testBufferAppendDelete" time="0,000" classname="cviceni.StringBuilderAndBufferTest"/>
  <testcase name="testBufferAppend" time="0,000" classname="cviceni.StringBuilderAndBufferTest"/>
  <testcase name="testBuilderAppendDelete" time="0,001" classname="cviceni.StringBuilderAndBufferTest"/>
  <testcase name="testBuilderAppend" time="0,000" classname="cviceni.StringBuilderAndBufferTest"/>
  <testcase name="testBufferAppendDelete" time="0,001" classname="cviceni.StringBuilderAndBufferTest"/>
  <testcase name="testBufferAppendDelete" time="0,000" classname="cviceni.StringBuilderAndBufferTest"/>
  <testcase name="testBufferAppend" time="0,000" classname="cviceni.StringBuilderAndBufferTest"/>
  <testcase name="testBufferAppendDelete" time="0,000" classname="cviceni.StringBuilderAndBufferTest"/>
  <testcase name="testBuilderAppendDelete" time="0,000" classname="cviceni.StringBuilderAndBufferTest"/>
  <testcase name="testBufferAppendDelete" time="0,000" classname="cviceni.StringBuilderAndBufferTest"/>
  <testcase name="testBuilderAppendDelete" time="0,000" classname="cviceni.StringBuilderAndBufferTest"/>
  <testcase name="testBufferAppendDelete" time="0,001" classname="cviceni.StringBuilderAndBufferTest"/>
  <testcase name="testBuilderAppend" time="0,001" classname="cviceni.StringBuilderAndBufferTest"/>
  <testcase name="testBufferAppend" time="0,000" classname="cviceni.StringBuilderAndBufferTest"/>
  <testcase name="testBuilderAppend" time="0,001" classname="cviceni.StringBuilderAndBufferTest"/>
  <testcase name="testBuilderAppendDelete" time="0,000" classname="cviceni.StringBuilderAndBufferTest"/>
  <testcase name="testBufferAppendDelete" time="0,000" classname="cviceni.StringBuilderAndBufferTest"/>
  <testcase name="testBuilderAppend" time="0,000" classname="cviceni.StringBuilderAndBufferTest"/>
  <testcase name="testBuilderAppend" time="0,001" classname="cviceni.StringBuilderAndBufferTest"/>
  <testcase name="testBufferAppend" time="0,001" classname="cviceni.StringBuilderAndBufferTest"/>
  <testcase name="testBuilderAppendDelete" time="0,024" classname="cviceni.StringBuilderAndBufferTest"/>
  <testcase name="testBufferAppend" time="0,000" classname="cviceni.StringBuilderAndBufferTest"/>
  <testcase name="testBuilderAppend" time="0,001" classname="cviceni.StringBuilderAndBufferTest"/>
  <testcase name="testBuilderAppendDelete" time="0,000" classname="cviceni.StringBuilderAndBufferTest"/>
  <testcase name="testBuilderAppendDelete" time="0,000" classname="cviceni.StringBuilderAndBufferTest"/>
  <testcase name="testBufferAppend" time="0,000" classname="cviceni.StringBuilderAndBufferTest"/>
  <testcase name="testBufferAppend" time="0,000" classname="cviceni.StringBuilderAndBufferTest"/>
  <testcase name="testBufferAppend" time="0,000" classname="cviceni.StringBuilderAndBufferTest"/>
  <testcase name="testBuilderAppend" time="0,000" classname="cviceni.StringBuilderAndBufferTest"/>
  <testcase name="testBuilderAppend" time="0,000" classname="cviceni.StringBuilderAndBufferTest"/>
  <testcase name="testBufferAppend" time="0,000" classname="cviceni.StringBuilderAndBufferTest"/>
  <testcase name="testBufferAppend" time="0,000" classname="cviceni.StringBuilderAndBufferTest"/>
  <testcase name="testBufferAppend" time="0,000" classname="cviceni.StringBuilderAndBufferTest"/>
  <testcase name="testBuilderAppend" time="0,001" classname="cviceni.StringBuilderAndBufferTest"/>
  <testcase name="testBuilderAppendDelete" time="0,001" classname="cviceni.StringBuilderAndBufferTest"/>
  <testcase name="testBuilderAppend" time="0,000" classname="cviceni.StringBuilderAndBufferTest"/>
  <testcase name="testBufferAppendDelete" time="0,000" classname="cviceni.StringBuilderAndBufferTest"/>
  <testcase name="testBuilderAppendDelete" time="0,001" classname="cviceni.StringBuilderAndBufferTest"/>
  <testcase name="testBufferAppend" time="0,000" classname="cviceni.StringBuilderAndBufferTest"/>
  <testcase name="testBuilderAppendDelete" time="0,045" classname="cviceni.StringBuilderAndBufferTest"/>
  <testcase name="testBuilderAppendDelete" time="0,000" classname="cviceni.StringBuilderAndBufferTest"/>
  <testcase name="testBuilderAppend" time="0,001" classname="cviceni.StringBuilderAndBufferTest"/>
  <testcase name="testBuilderAppend" time="0,001" classname="cviceni.StringBuilderAndBufferTest"/>
  <testcase name="testBufferAppendDelete" time="0,000" classname="cviceni.StringBuilderAndBufferTest"/>
  <testcase name="testBuilderAppend" time="0,000" classname="cviceni.StringBuilderAndBufferTest"/>
  <testcase name="testBuilderAppend" time="0,000" classname="cviceni.StringBuilderAndBufferTest"/>
  <testcase name="testBuilderAppendDelete" time="0,000" classname="cviceni.StringBuilderAndBufferTest"/>
  <testcase name="testBuilderAppend" time="0,000" classname="cviceni.StringBuilderAndBufferTest"/>
  <testcase name="testBufferAppend" time="0,000" classname="cviceni.StringBuilderAndBufferTest"/>
  <testcase name="testBufferAppend" time="0,000" classname="cviceni.StringBuilderAndBufferTest"/>
  <testcase name="testBufferAppend" time="0,000" classname="cviceni.StringBuilderAndBufferTest"/>
  <testcase name="testBufferAppend" time="0,001" classname="cviceni.StringBuilderAndBufferTest"/>
  <testcase name="testBuilderAppend" time="0,000" classname="cviceni.StringBuilderAndBufferTest"/>
  <testcase name="testBufferAppend" time="0,000" classname="cviceni.StringBuilderAndBufferTest"/>
  <testcase name="testBufferAppendDelete" time="0,001" classname="cviceni.StringBuilderAndBufferTest"/>
  <testcase name="testBuilderAppendDelete" time="0,000" classname="cviceni.StringBuilderAndBufferTest"/>
  <testcase name="testBufferAppend" time="0,000" classname="cviceni.StringBuilderAndBufferTest"/>
  <testcase name="testBuilderAppend" time="0,000" classname="cviceni.StringBuilderAndBufferTest"/>
  <testcase name="testBufferAppend" time="0,001" classname="cviceni.StringBuilderAndBufferTest"/>
  <testcase name="testBuilderAppend" time="0,000" classname="cviceni.StringBuilderAndBufferTest"/>
  <testcase name="testBufferAppend" time="0,001" classname="cviceni.StringBuilderAndBufferTest"/>
  <testcase name="testBuilderAppend" time="0,000" classname="cviceni.StringBuilderAndBufferTest"/>
  <testcase name="testBufferAppendDelete" time="0,000" classname="cviceni.StringBuilderAndBufferTest"/>
  <testcase name="testBuilderAppendDelete" time="0,000" classname="cviceni.StringBuilderAndBufferTest"/>
  <testcase name="testBuilderAppend" time="0,000" classname="cviceni.StringBuilderAndBufferTest"/>
  <testcase name="testBufferAppend" time="0,000" classname="cviceni.StringBuilderAndBufferTest"/>
  <testcase name="testBufferAppend" time="0,000" classname="cviceni.StringBuilderAndBufferTest"/>
  <testcase name="testBuilderAppend" time="0,000" classname="cviceni.StringBuilderAndBufferTest"/>
  <testcase name="testBuilderAppend" time="0,000" classname="cviceni.StringBuilderAndBufferTest"/>
  <testcase name="testBufferAppendDelete" time="0,001" classname="cviceni.StringBuilderAndBufferTest"/>
  <testcase name="testBuilderAppend" time="0,000" classname="cviceni.StringBuilderAndBufferTest"/>
  <testcase name="testBuilderAppend" time="0,000" classname="cviceni.StringBuilderAndBufferTest"/>
  <testcase name="testBufferAppendDelete" time="0,000" classname="cviceni.StringBuilderAndBufferTest"/>
  <testcase name="testBufferAppendDelete" time="0,000" classname="cviceni.StringBuilderAndBufferTest"/>
  <testcase name="testBufferAppendDelete" time="0,000" classname="cviceni.StringBuilderAndBufferTest"/>
  <testcase name="testBuilderAppend" time="0,000" classname="cviceni.StringBuilderAndBufferTest"/>
  <testcase name="testBuilderAppend" time="0,000" classname="cviceni.StringBuilderAndBufferTest"/>
  <testcase name="testBufferAppendDelete" time="0,000" classname="cviceni.StringBuilderAndBufferTest"/>
  <testcase name="testBufferAppendDelete" time="0,000" classname="cviceni.StringBuilderAndBufferTest"/>
  <testcase name="testBufferAppendDelete" time="0,000" classname="cviceni.StringBuilderAndBufferTest"/>
  <testcase name="testBuilderAppendDelete" time="0,001" classname="cviceni.StringBuilderAndBufferTest"/>
  <testcase name="testBufferAppend" time="0,001" classname="cviceni.StringBuilderAndBufferTest"/>
  <testcase name="testBufferAppend" time="0,000" classname="cviceni.StringBuilderAndBufferTest"/>
  <testcase name="testBufferAppendDelete" time="0,000" classname="cviceni.StringBuilderAndBufferTest"/>
  <testcase name="testBuilderAppendDelete" time="0,000" classname="cviceni.StringBuilderAndBufferTest"/>
  <testcase name="testBuilderAppendDelete" time="0,001" classname="cviceni.StringBuilderAndBufferTest"/>
  <testcase name="testBufferAppend" time="0,000" classname="cviceni.StringBuilderAndBufferTest"/>
  <testcase name="testBufferAppendDelete" time="0,000" classname="cviceni.StringBuilderAndBufferTest"/>
  <testcase name="testBuilderAppend" time="0,000" classname="cviceni.StringBuilderAndBufferTest"/>
  <testcase name="testBufferAppend" time="0,000" classname="cviceni.StringBuilderAndBufferTest"/>
  <testcase name="testBuilderAppendDelete" time="0,001" classname="cviceni.StringBuilderAndBufferTest"/>
  <testcase name="testBufferAppendDelete" time="0,000" classname="cviceni.StringBuilderAndBufferTest"/>
  <testcase name="testBufferAppendDelete" time="0,000" classname="cviceni.StringBuilderAndBufferTest"/>
  <testcase name="testBufferAppend" time="0,000" classname="cviceni.StringBuilderAndBufferTest"/>
  <testcase name="testBufferAppend" time="0,000" classname="cviceni.StringBuilderAndBufferTest"/>
  <testcase name="testBufferAppendDelete" time="0,000" classname="cviceni.StringBuilderAndBufferTest"/>
  <testcase name="testBufferAppend" time="0,000" classname="cviceni.StringBuilderAndBufferTest"/>
  <testcase name="testBufferAppendDelete" time="0,000" classname="cviceni.StringBuilderAndBufferTest"/>
  <testcase name="testBuilderAppendDelete" time="0,001" classname="cviceni.StringBuilderAndBufferTest"/>
  <testcase name="testBufferAppend" time="0,000" classname="cviceni.StringBuilderAndBufferTest"/>
  <testcase name="testBuilderAppend" time="0,000" classname="cviceni.StringBuilderAndBufferTest"/>
  <testcase name="testBufferAppend" time="0,001" classname="cviceni.StringBuilderAndBufferTest"/>
  <testcase name="testBufferAppend" time="0,001" classname="cviceni.StringBuilderAndBufferTest"/>
  <testcase name="testBuilderAppendDelete" time="0,001" classname="cviceni.StringBuilderAndBufferTest"/>
  <testcase name="testBufferAppendDelete" time="0,001" classname="cviceni.StringBuilderAndBufferTest"/>
  <testcase name="testBufferAppendDelete" time="0,000" classname="cviceni.StringBuilderAndBufferTest"/>
  <testcase name="testBufferAppendDelete" time="0,000" classname="cviceni.StringBuilderAndBufferTest"/>
  <testcase name="testBufferAppendDelete" time="0,000" classname="cviceni.StringBuilderAndBufferTest"/>
  <testcase name="testBuilderAppendDelete" time="0,000" classname="cviceni.StringBuilderAndBufferTest"/>
  <testcase name="testBufferAppend" time="0,001" classname="cviceni.StringBuilderAndBufferTest"/>
  <testcase name="testBuilderAppendDelete" time="0,000" classname="cviceni.StringBuilderAndBufferTest"/>
  <testcase name="testBuilderAppend" time="0,000" classname="cviceni.StringBuilderAndBufferTest"/>
  <testcase name="testBufferAppendDelete" time="0,000" classname="cviceni.StringBuilderAndBufferTest"/>
  <testcase name="testBufferAppend" time="0,001" classname="cviceni.StringBuilderAndBufferTest"/>
  <testcase name="testBufferAppend" time="0,001" classname="cviceni.StringBuilderAndBufferTest"/>
  <testcase name="testBufferAppendDelete" time="0,000" classname="cviceni.StringBuilderAndBufferTest"/>
  <testcase name="testBufferAppend" time="0,000" classname="cviceni.StringBuilderAndBufferTest"/>
  <testcase name="testBufferAppend" time="0,000" classname="cviceni.StringBuilderAndBufferTest"/>
  <testcase name="testBufferAppend" time="0,001" classname="cviceni.StringBuilderAndBufferTest"/>
  <testcase name="testBuilderAppend" time="0,000" classname="cviceni.StringBuilderAndBufferTest"/>
  <testcase name="testBuilderAppendDelete" time="0,001" classname="cviceni.StringBuilderAndBufferTest"/>
  <testcase name="testBufferAppend" time="0,133" classname="cviceni.StringBuilderAndBufferTest"/>
  <testcase name="testBuilderAppend" time="0,000" classname="cviceni.StringBuilderAndBufferTest"/>
  <testcase name="testBufferAppend" time="0,001" classname="cviceni.StringBuilderAndBufferTest"/>
  <testcase name="testBuilderAppendDelete" time="0,001" classname="cviceni.StringBuilderAndBufferTest"/>
  <testcase name="testBufferAppendDelete" time="0,000" classname="cviceni.StringBuilderAndBufferTest"/>
  <testcase name="testBuilderAppend" time="0,000" classname="cviceni.StringBuilderAndBufferTest"/>
  <testcase name="testBuilderAppend" time="0,001" classname="cviceni.StringBuilderAndBufferTest"/>
  <testcase name="testBuilderAppend" time="0,000" classname="cviceni.StringBuilderAndBufferTest"/>
  <testcase name="testBufferAppendDelete" time="0,000" classname="cviceni.StringBuilderAndBufferTest"/>
  <testcase name="testBufferAppendDelete" time="0,000" classname="cviceni.StringBuilderAndBufferTest"/>
  <testcase name="testBuilderAppend" time="0,001" classname="cviceni.StringBuilderAndBufferTest"/>
  <testcase name="testBufferAppend" time="0,000" classname="cviceni.StringBuilderAndBufferTest"/>
  <testcase name="testBuilderAppendDelete" time="0,000" classname="cviceni.StringBuilderAndBufferTest"/>
  <testcase name="testBufferAppendDelete" time="0,000" classname="cviceni.StringBuilderAndBufferTest"/>
  <testcase name="testBufferAppend" time="0,000" classname="cviceni.StringBuilderAndBufferTest"/>
  <testcase name="testBuilderAppendDelete" time="0,001" classname="cviceni.StringBuilderAndBufferTest"/>
  <testcase name="testBufferAppendDelete" time="0,000" classname="cviceni.StringBuilderAndBufferTest"/>
  <testcase name="testBuilderAppend" time="0,000" classname="cviceni.StringBuilderAndBufferTest"/>
  <testcase name="testBuilderAppend" time="0,000" classname="cviceni.StringBuilderAndBufferTest"/>
  <testcase name="testBuilderAppendDelete" time="0,000" classname="cviceni.StringBuilderAndBufferTest"/>
  <testcase name="testBuilderAppendDelete" time="0,000" classname="cviceni.StringBuilderAndBufferTest"/>
  <testcase name="testBuilderAppendDelete" time="0,000" classname="cviceni.StringBuilderAndBufferTest"/>
  <testcase name="testBufferAppendDelete" time="0,000" classname="cviceni.StringBuilderAndBufferTest"/>
  <testcase name="testBufferAppend" time="0,000" classname="cviceni.StringBuilderAndBufferTest"/>
  <testcase name="testBuilderAppend" time="0,001" classname="cviceni.StringBuilderAndBufferTest"/>
  <testcase name="testBufferAppend" time="0,000" classname="cviceni.StringBuilderAndBufferTest"/>
  <testcase name="testBuilderAppendDelete" time="0,000" classname="cviceni.StringBuilderAndBufferTest"/>
  <testcase name="testBuilderAppend" time="0,000" classname="cviceni.StringBuilderAndBufferTest"/>
  <testcase name="testBuilderAppendDelete" time="0,000" classname="cviceni.StringBuilderAndBufferTest"/>
  <testcase name="testBufferAppend" time="0,000" classname="cviceni.StringBuilderAndBufferTest"/>
  <testcase name="testBuilderAppendDelete" time="0,000" classname="cviceni.StringBuilderAndBufferTest"/>
  <testcase name="testBuilderAppendDelete" time="0,001" classname="cviceni.StringBuilderAndBufferTest"/>
  <testcase name="testBuilderAppend" time="0,000" classname="cviceni.StringBuilderAndBufferTest"/>
  <testcase name="testBufferAppend" time="0,001" classname="cviceni.StringBuilderAndBufferTest"/>
  <testcase name="testBufferAppend" time="0,000" classname="cviceni.StringBuilderAndBufferTest"/>
  <testcase name="testBuilderAppendDelete" time="0,000" classname="cviceni.StringBuilderAndBufferTest"/>
  <testcase name="testBufferAppendDelete" time="0,000" classname="cviceni.StringBuilderAndBufferTest"/>
  <testcase name="testBuilderAppendDelete" time="0,000" classname="cviceni.StringBuilderAndBufferTest"/>
  <testcase name="testBufferAppendDelete" time="0,000" classname="cviceni.StringBuilderAndBufferTest"/>
  <testcase name="testBufferAppendDelete" time="0,000" classname="cviceni.StringBuilderAndBufferTest"/>
  <testcase name="testBuilderAppendDelete" time="0,000" classname="cviceni.StringBuilderAndBufferTest"/>
  <testcase name="testBuilderAppendDelete" time="0,000" classname="cviceni.StringBuilderAndBufferTest"/>
  <testcase name="testBufferAppendDelete" time="0,001" classname="cviceni.StringBuilderAndBufferTest"/>
  <testcase name="testBuilderAppend" time="0,000" classname="cviceni.StringBuilderAndBufferTest"/>
  <testcase name="testBufferAppend" time="0,000" classname="cviceni.StringBuilderAndBufferTest"/>
  <testcase name="testBufferAppend" time="0,000" classname="cviceni.StringBuilderAndBufferTest"/>
  <testcase name="testBuilderAppend" time="0,000" classname="cviceni.StringBuilderAndBufferTest"/>
  <testcase name="testBuilderAppendDelete" time="0,000" classname="cviceni.StringBuilderAndBufferTest"/>
  <testcase name="testBufferAppend" time="0,001" classname="cviceni.StringBuilderAndBufferTest"/>
  <testcase name="testBuilderAppendDelete" time="0,000" classname="cviceni.StringBuilderAndBufferTest"/>
  <testcase name="testBuilderAppendDelete" time="0,000" classname="cviceni.StringBuilderAndBufferTest"/>
  <testcase name="testBufferAppendDelete" time="0,000" classname="cviceni.StringBuilderAndBufferTest"/>
  <testcase name="testBufferAppend" time="0,000" classname="cviceni.StringBuilderAndBufferTest"/>
  <testcase name="testBuilderAppendDelete" time="0,000" classname="cviceni.StringBuilderAndBufferTest"/>
  <testcase name="testBuilderAppendDelete" time="0,000" classname="cviceni.StringBuilderAndBufferTest"/>
  <testcase name="testBufferAppendDelete" time="0,000" classname="cviceni.StringBuilderAndBufferTest"/>
  <testcase name="testBuilderAppend" time="0,000" classname="cviceni.StringBuilderAndBufferTest"/>
  <testcase name="testBuilderAppendDelete" time="0,001" classname="cviceni.StringBuilderAndBufferTest"/>
  <testcase name="testBuilderAppendDelete" time="0,000" classname="cviceni.StringBuilderAndBufferTest"/>
  <testcase name="testBufferAppendDelete" time="0,000" classname="cviceni.StringBuilderAndBufferTest"/>
  <testcase name="testBufferAppendDelete" time="0,000" classname="cviceni.StringBuilderAndBufferTest"/>
  <testcase name="testBuilderAppendDelete" time="0,000" classname="cviceni.StringBuilderAndBufferTest"/>
  <testcase name="testBufferAppend" time="0,000" classname="cviceni.StringBuilderAndBufferTest"/>
  <testcase name="testBuilderAppend" time="0,001" classname="cviceni.StringBuilderAndBufferTest"/>
  <testcase name="testBufferAppendDelete" time="0,000" classname="cviceni.StringBuilderAndBufferTest"/>
  <testcase name="testBufferAppend" time="0,000" classname="cviceni.StringBuilderAndBufferTest"/>
  <testcase name="testBuilderAppendDelete" time="0,001" classname="cviceni.StringBuilderAndBufferTest"/>
  <testcase name="testBufferAppend" time="0,000" classname="cviceni.StringBuilderAndBufferTest"/>
  <testcase name="testBufferAppendDelete" time="0,001" classname="cviceni.StringBuilderAndBufferTest"/>
  <testcase name="testBufferAppendDelete" time="0,000" classname="cviceni.StringBuilderAndBufferTest"/>
  <testcase name="testBufferAppend" time="0,001" classname="cviceni.StringBuilderAndBufferTest"/>
  <testcase name="testBufferAppend" time="0,000" classname="cviceni.StringBuilderAndBufferTest"/>
  <testcase name="testBuilderAppend" time="0,000" classname="cviceni.StringBuilderAndBufferTest"/>
  <testcase name="testBufferAppend" time="0,000" classname="cviceni.StringBuilderAndBufferTest"/>
  <testcase name="testBuilderAppend" time="0,000" classname="cviceni.StringBuilderAndBufferTest"/>
  <testcase name="testBuilderAppendDelete" time="0,000" classname="cviceni.StringBuilderAndBufferTest"/>
  <testcase name="testBufferAppend" time="0,000" classname="cviceni.StringBuilderAndBufferTest"/>
  <testcase name="testBuilderAppendDelete" time="0,000" classname="cviceni.StringBuilderAndBufferTest"/>
  <testcase name="testBufferAppendDelete" time="0,000" classname="cviceni.StringBuilderAndBufferTest"/>
  <testcase name="testBufferAppend" time="0,000" classname="cviceni.StringBuilderAndBufferTest"/>
  <testcase name="testBufferAppendDelete" time="0,000" classname="cviceni.StringBuilderAndBufferTest"/>
  <testcase name="testBuilderAppendDelete" time="0,000" classname="cviceni.StringBuilderAndBufferTest"/>
  <testcase name="testBuilderAppendDelete" time="0,000" classname="cviceni.StringBuilderAndBufferTest"/>
  <testcase name="testBuilderAppendDelete" time="0,000" classname="cviceni.StringBuilderAndBufferTest"/>
  <testcase name="testBuilderAppendDelete" time="0,000" classname="cviceni.StringBuilderAndBufferTest"/>
  <testcase name="testBuilderAppend" time="0,000" classname="cviceni.StringBuilderAndBufferTest"/>
  <testcase name="testBufferAppend" time="0,000" classname="cviceni.StringBuilderAndBufferTest"/>
  <testcase name="testBufferAppend" time="0,000" classname="cviceni.StringBuilderAndBufferTest"/>
  <testcase name="testBuilderAppendDelete" time="0,001" classname="cviceni.StringBuilderAndBufferTest"/>
  <testcase name="testBufferAppend" time="0,000" classname="cviceni.StringBuilderAndBufferTest"/>
  <testcase name="testBufferAppendDelete" time="0,000" classname="cviceni.StringBuilderAndBufferTest"/>
  <testcase name="testBufferAppendDelete" time="0,000" classname="cviceni.StringBuilderAndBufferTest"/>
  <testcase name="testBuilderAppend" time="0,000" classname="cviceni.StringBuilderAndBufferTest"/>
  <testcase name="testBuilderAppendDelete" time="0,000" classname="cviceni.StringBuilderAndBufferTest"/>
  <testcase name="testBuilderAppendDelete" time="0,000" classname="cviceni.StringBuilderAndBufferTest"/>
  <testcase name="testBufferAppendDelete" time="0,000" classname="cviceni.StringBuilderAndBufferTest"/>
  <testcase name="testBuilderAppend" time="0,000" classname="cviceni.StringBuilderAndBufferTest"/>
  <testcase name="testBufferAppend" time="0,000" classname="cviceni.StringBuilderAndBufferTest"/>
  <testcase name="testBuilderAppendDelete" time="0,009" classname="cviceni.StringBuilderAndBufferTest"/>
  <testcase name="testBufferAppendDelete" time="0,000" classname="cviceni.StringBuilderAndBufferTest"/>
  <testcase name="testBufferAppendDelete" time="0,000" classname="cviceni.StringBuilderAndBufferTest"/>
  <testcase name="testBuilderAppend" time="0,001" classname="cviceni.StringBuilderAndBufferTest"/>
  <testcase name="testBuilderAppendDelete" time="0,000" classname="cviceni.StringBuilderAndBufferTest"/>
  <testcase name="testBufferAppendDelete" time="0,000" classname="cviceni.StringBuilderAndBufferTest"/>
  <testcase name="testBuilderAppendDelete" time="0,000" classname="cviceni.StringBuilderAndBufferTest"/>
  <testcase name="testBuilderAppend" time="0,000" classname="cviceni.StringBuilderAndBufferTest"/>
  <testcase name="testBufferAppend" time="0,000" classname="cviceni.StringBuilderAndBufferTest"/>
  <testcase name="testBuilderAppend" time="0,001" classname="cviceni.StringBuilderAndBufferTest"/>
  <testcase name="testBufferAppend" time="0,000" classname="cviceni.StringBuilderAndBufferTest"/>
  <testcase name="testBufferAppendDelete" time="0,000" classname="cviceni.StringBuilderAndBufferTest"/>
  <testcase name="testBufferAppendDelete" time="0,001" classname="cviceni.StringBuilderAndBufferTest"/>
  <testcase name="testBufferAppendDelete" time="0,000" classname="cviceni.StringBuilderAndBufferTest"/>
  <testcase name="testBufferAppend" time="0,001" classname="cviceni.StringBuilderAndBufferTest"/>
  <testcase name="testBuilderAppend" time="0,000" classname="cviceni.StringBuilderAndBufferTest"/>
  <testcase name="testBufferAppend" time="0,000" classname="cviceni.StringBuilderAndBufferTest"/>
  <testcase name="testBufferAppendDelete" time="0,001" classname="cviceni.StringBuilderAndBufferTest"/>
  <testcase name="testBufferAppendDelete" time="0,000" classname="cviceni.StringBuilderAndBufferTest"/>
  <testcase name="testBuilderAppendDelete" time="0,000" classname="cviceni.StringBuilderAndBufferTest"/>
  <testcase name="testBufferAppendDelete" time="0,000" classname="cviceni.StringBuilderAndBufferTest"/>
  <testcase name="testBuilderAppendDelete" time="0,000" classname="cviceni.StringBuilderAndBufferTest"/>
  <testcase name="testBuilderAppendDelete" time="0,000" classname="cviceni.StringBuilderAndBufferTest"/>
  <testcase name="testBufferAppendDelete" time="0,001" classname="cviceni.StringBuilderAndBufferTest"/>
  <testcase name="testBuilderAppendDelete" time="0,001" classname="cviceni.StringBuilderAndBufferTest"/>
  <testcase name="testBufferAppend" time="0,000" classname="cviceni.StringBuilderAndBufferTest"/>
  <testcase name="testBufferAppend" time="0,000" classname="cviceni.StringBuilderAndBufferTest"/>
  <testcase name="testBuilderAppendDelete" time="0,000" classname="cviceni.StringBuilderAndBufferTest"/>
  <testcase name="testBufferAppendDelete" time="0,001" classname="cviceni.StringBuilderAndBufferTest"/>
  <testcase name="testBufferAppend" time="0,000" classname="cviceni.StringBuilderAndBufferTest"/>
  <testcase name="testBuilderAppendDelete" time="0,000" classname="cviceni.StringBuilderAndBufferTest"/>
  <testcase name="testBufferAppendDelete" time="0,000" classname="cviceni.StringBuilderAndBufferTest"/>
  <testcase name="testBuilderAppendDelete" time="0,000" classname="cviceni.StringBuilderAndBufferTest"/>
  <testcase name="testBufferAppendDelete" time="0,001" classname="cviceni.StringBuilderAndBufferTest"/>
  <testcase name="testBuilderAppend" time="0,000" classname="cviceni.StringBuilderAndBufferTest"/>
  <testcase name="testBufferAppendDelete" time="0,000" classname="cviceni.StringBuilderAndBufferTest"/>
  <testcase name="testBuilderAppendDelete" time="0,001" classname="cviceni.StringBuilderAndBufferTest"/>
  <testcase name="testBuilderAppend" time="0,016" classname="cviceni.StringBuilderAndBufferTest"/>
  <testcase name="testBufferAppendDelete" time="0,001" classname="cviceni.StringBuilderAndBufferTest"/>
  <testcase name="testBufferAppend" time="0,000" classname="cviceni.StringBuilderAndBufferTest"/>
  <testcase name="testBufferAppend" time="0,001" classname="cviceni.StringBuilderAndBufferTest"/>
  <testcase name="testBufferAppendDelete" time="0,001" classname="cviceni.StringBuilderAndBufferTest"/>
  <testcase name="testBufferAppendDelete" time="0,001" classname="cviceni.StringBuilderAndBufferTest"/>
  <testcase name="testBufferAppend" time="0,000" classname="cviceni.StringBuilderAndBufferTest"/>
  <testcase name="testBufferAppend" time="0,001" classname="cviceni.StringBuilderAndBufferTest"/>
  <testcase name="testBuilderAppendDelete" time="0,000" classname="cviceni.StringBuilderAndBufferTest"/>
  <testcase name="testBuilderAppend" time="0,001" classname="cviceni.StringBuilderAndBufferTest"/>
  <testcase name="testBufferAppend" time="0,000" classname="cviceni.StringBuilderAndBufferTest"/>
  <testcase name="testBuilderAppendDelete" time="0,000" classname="cviceni.StringBuilderAndBufferTest"/>
  <testcase name="testBufferAppend" time="0,000" classname="cviceni.StringBuilderAndBufferTest"/>
  <testcase name="testBufferAppendDelete" time="0,000" classname="cviceni.StringBuilderAndBufferTest"/>
  <testcase name="testBuilderAppendDelete" time="0,000" classname="cviceni.StringBuilderAndBufferTest"/>
  <testcase name="testBufferAppend" time="0,003" classname="cviceni.StringBuilderAndBufferTest"/>
  <testcase name="testBuilderAppendDelete" time="0,001" classname="cviceni.StringBuilderAndBufferTest"/>
  <testcase name="testBufferAppendDelete" time="0,001" classname="cviceni.StringBuilderAndBufferTest"/>
  <testcase name="testBufferAppendDelete" time="0,001" classname="cviceni.StringBuilderAndBufferTest"/>
  <testcase name="testBuilderAppend" time="0,001" classname="cviceni.StringBuilderAndBufferTest"/>
  <testcase name="testBufferAppend" time="0,001" classname="cviceni.StringBuilderAndBufferTest"/>
  <testcase name="testBuilderAppend" time="0,000" classname="cviceni.StringBuilderAndBufferTest"/>
  <testcase name="testBuilderAppendDelete" time="0,000" classname="cviceni.StringBuilderAndBufferTest"/>
  <testcase name="testBuilderAppend" time="0,000" classname="cviceni.StringBuilderAndBufferTest"/>
  <testcase name="testBufferAppendDelete" time="0,001" classname="cviceni.StringBuilderAndBufferTest"/>
  <testcase name="testBufferAppend" time="0,000" classname="cviceni.StringBuilderAndBufferTest"/>
  <testcase name="testBufferAppendDelete" time="0,000" classname="cviceni.StringBuilderAndBufferTest"/>
  <testcase name="testBuilderAppendDelete" time="0,001" classname="cviceni.StringBuilderAndBufferTest"/>
  <testcase name="testBuilderAppendDelete" time="0,000" classname="cviceni.StringBuilderAndBufferTest"/>
  <testcase name="testBufferAppend" time="0,000" classname="cviceni.StringBuilderAndBufferTest"/>
  <testcase name="testBuilderAppendDelete" time="0,001" classname="cviceni.StringBuilderAndBufferTest"/>
  <testcase name="testBuilderAppendDelete" time="0,001" classname="cviceni.StringBuilderAndBufferTest"/>
  <testcase name="testBuilderAppendDelete" time="0,000" classname="cviceni.StringBuilderAndBufferTest"/>
  <testcase name="testBufferAppend" time="0,001" classname="cviceni.StringBuilderAndBufferTest"/>
  <testcase name="testBuilderAppendDelete" time="0,065" classname="cviceni.StringBuilderAndBufferTest"/>
  <testcase name="testBufferAppend" time="0,001" classname="cviceni.StringBuilderAndBufferTest"/>
  <testcase name="testBufferAppendDelete" time="0,000" classname="cviceni.StringBuilderAndBufferTest"/>
  <testcase name="testBuilderAppend" time="0,000" classname="cviceni.StringBuilderAndBufferTest"/>
  <testcase name="testBuilderAppendDelete" time="0,007" classname="cviceni.StringBuilderAndBufferTest"/>
  <testcase name="testBuilderAppend" time="0,014" classname="cviceni.StringBuilderAndBufferTest"/>
  <testcase name="testBufferAppendDelete" time="0,001" classname="cviceni.StringBuilderAndBufferTest"/>
  <testcase name="testBuilderAppend" time="0,000" classname="cviceni.StringBuilderAndBufferTest"/>
  <testcase name="testBuilderAppendDelete" time="0,001" classname="cviceni.StringBuilderAndBufferTest"/>
  <testcase name="testBufferAppendDelete" time="0,001" classname="cviceni.StringBuilderAndBufferTest"/>
  <testcase name="testBufferAppendDelete" time="0,000" classname="cviceni.StringBuilderAndBufferTest"/>
  <testcase name="testBuilderAppend" time="0,000" classname="cviceni.StringBuilderAndBufferTest"/>
  <testcase name="testBufferAppend" time="0,000" classname="cviceni.StringBuilderAndBufferTest"/>
  <testcase name="testBuilderAppend" time="0,000" classname="cviceni.StringBuilderAndBufferTest"/>
  <testcase name="testBuilderAppendDelete" time="0,000" classname="cviceni.StringBuilderAndBufferTest"/>
  <testcase name="testBufferAppendDelete" time="0,000" classname="cviceni.StringBuilderAndBufferTest"/>
  <testcase name="testBufferAppend" time="0,000" classname="cviceni.StringBuilderAndBufferTest"/>
  <testcase name="testBufferAppend" time="0,000" classname="cviceni.StringBuilderAndBufferTest"/>
  <testcase name="testBuilderAppend" time="0,000" classname="cviceni.StringBuilderAndBufferTest"/>
  <testcase name="testBuilderAppend" time="0,000" classname="cviceni.StringBuilderAndBufferTest"/>
  <testcase name="testBuilderAppendDelete" time="0,001" classname="cviceni.StringBuilderAndBufferTest"/>
  <testcase name="testBuilderAppend" time="0,001" classname="cviceni.StringBuilderAndBufferTest"/>
  <testcase name="testBufferAppend" time="0,001" classname="cviceni.StringBuilderAndBufferTest"/>
  <testcase name="testBufferAppendDelete" time="0,000" classname="cviceni.StringBuilderAndBufferTest"/>
  <testcase name="testBufferAppendDelete" time="0,000" classname="cviceni.StringBuilderAndBufferTest"/>
  <testcase name="testBuilderAppend" time="0,001" classname="cviceni.StringBuilderAndBufferTest"/>
  <testcase name="testBufferAppendDelete" time="0,000" classname="cviceni.StringBuilderAndBufferTest"/>
  <testcase name="testBuilderAppend" time="0,001" classname="cviceni.StringBuilderAndBufferTest"/>
  <testcase name="testBufferAppend" time="0,000" classname="cviceni.StringBuilderAndBufferTest"/>
  <testcase name="testBuilderAppendDelete" time="0,003" classname="cviceni.StringBuilderAndBufferTest"/>
  <testcase name="testBuilderAppend" time="0,000" classname="cviceni.StringBuilderAndBufferTest"/>
  <testcase name="testBufferAppendDelete" time="0,001" classname="cviceni.StringBuilderAndBufferTest"/>
  <testcase name="testBuilderAppendDelete" time="0,000" classname="cviceni.StringBuilderAndBufferTest"/>
  <testcase name="testBuilderAppend" time="0,001" classname="cviceni.StringBuilderAndBufferTest"/>
  <testcase name="testBufferAppendDelete" time="0,000" classname="cviceni.StringBuilderAndBufferTest"/>
  <testcase name="testBufferAppend" time="0,000" classname="cviceni.StringBuilderAndBufferTest"/>
  <testcase name="testBuilderAppendDelete" time="0,000" classname="cviceni.StringBuilderAndBufferTest"/>
  <testcase name="testBufferAppendDelete" time="0,000" classname="cviceni.StringBuilderAndBufferTest"/>
  <testcase name="testBufferAppend" time="0,000" classname="cviceni.StringBuilderAndBufferTest"/>
  <testcase name="testBuilderAppend" time="0,000" classname="cviceni.StringBuilderAndBufferTest"/>
  <testcase name="testBufferAppend" time="0,001" classname="cviceni.StringBuilderAndBufferTest"/>
  <testcase name="testBufferAppend" time="0,000" classname="cviceni.StringBuilderAndBufferTest"/>
  <testcase name="testBufferAppendDelete" time="0,001" classname="cviceni.StringBuilderAndBufferTest"/>
  <testcase name="testBufferAppendDelete" time="0,001" classname="cviceni.StringBuilderAndBufferTest"/>
  <testcase name="testBufferAppendDelete" time="0,000" classname="cviceni.StringBuilderAndBufferTest"/>
  <testcase name="testBufferAppend" time="0,000" classname="cviceni.StringBuilderAndBufferTest"/>
  <testcase name="testBufferAppend" time="0,035" classname="cviceni.StringBuilderAndBufferTest"/>
  <testcase name="testBufferAppendDelete" time="0,000" classname="cviceni.StringBuilderAndBufferTest"/>
  <testcase name="testBufferAppendDelete" time="0,000" classname="cviceni.StringBuilderAndBufferTest"/>
  <testcase name="testBufferAppend" time="0,001" classname="cviceni.StringBuilderAndBufferTest"/>
  <testcase name="testBufferAppend" time="0,000" classname="cviceni.StringBuilderAndBufferTest"/>
  <testcase name="testBuilderAppend" time="0,000" classname="cviceni.StringBuilderAndBufferTest"/>
  <testcase name="testBufferAppend" time="0,096" classname="cviceni.StringBuilderAndBufferTest"/>
  <testcase name="testBufferAppendDelete" time="0,000" classname="cviceni.StringBuilderAndBufferTest"/>
  <testcase name="testBufferAppend" time="0,001" classname="cviceni.StringBuilderAndBufferTest"/>
  <testcase name="testBuilderAppendDelete" time="0,000" classname="cviceni.StringBuilderAndBufferTest"/>
  <testcase name="testBufferAppendDelete" time="0,000" classname="cviceni.StringBuilderAndBufferTest"/>
  <testcase name="testBufferAppendDelete" time="0,001" classname="cviceni.StringBuilderAndBufferTest"/>
  <testcase name="testBufferAppend" time="0,001" classname="cviceni.StringBuilderAndBufferTest"/>
  <testcase name="testBuilderAppend" time="0,001" classname="cviceni.StringBuilderAndBufferTest"/>
  <testcase name="testBufferAppendDelete" time="0,000" classname="cviceni.StringBuilderAndBufferTest"/>
  <testcase name="testBufferAppend" time="0,000" classname="cviceni.StringBuilderAndBufferTest"/>
  <testcase name="testBuilderAppend" time="0,000" classname="cviceni.StringBuilderAndBufferTest"/>
  <testcase name="testBuilderAppendDelete" time="0,001" classname="cviceni.StringBuilderAndBufferTest"/>
  <testcase name="testBufferAppend" time="0,001" classname="cviceni.StringBuilderAndBufferTest"/>
  <testcase name="testBuilderAppend" time="0,000" classname="cviceni.StringBuilderAndBufferTest"/>
  <testcase name="testBuilderAppendDelete" time="0,000" classname="cviceni.StringBuilderAndBufferTest"/>
  <testcase name="testBuilderAppendDelete" time="0,001" classname="cviceni.StringBuilderAndBufferTest"/>
  <testcase name="testBuilderAppendDelete" time="0,001" classname="cviceni.StringBuilderAndBufferTest"/>
  <testcase name="testBufferAppend" time="0,000" classname="cviceni.StringBuilderAndBufferTest"/>
  <testcase name="testBuilderAppend" time="0,000" classname="cviceni.StringBuilderAndBufferTest"/>
  <testcase name="testBuilderAppendDelete" time="0,001" classname="cviceni.StringBuilderAndBufferTest"/>
  <testcase name="testBufferAppendDelete" time="0,000" classname="cviceni.StringBuilderAndBufferTest"/>
  <testcase name="testBufferAppend" time="0,000" classname="cviceni.StringBuilderAndBufferTest"/>
  <testcase name="testBufferAppendDelete" time="0,000" classname="cviceni.StringBuilderAndBufferTest"/>
  <testcase name="testBuilderAppendDelete" time="0,000" classname="cviceni.StringBuilderAndBufferTest"/>
  <testcase name="testBuilderAppend" time="0,000" classname="cviceni.StringBuilderAndBufferTest"/>
  <testcase name="testBuilderAppend" time="0,001" classname="cviceni.StringBuilderAndBufferTest"/>
  <testcase name="testBuilderAppend" time="0,000" classname="cviceni.StringBuilderAndBufferTest"/>
  <testcase name="testBuilderAppendDelete" time="0,000" classname="cviceni.StringBuilderAndBufferTest"/>
  <testcase name="testBuilderAppend" time="0,001" classname="cviceni.StringBuilderAndBufferTest"/>
  <testcase name="testBuilderAppendDelete" time="0,003" classname="cviceni.StringBuilderAndBufferTest"/>
  <testcase name="testBuilderAppendDelete" time="0,001" classname="cviceni.StringBuilderAndBufferTest"/>
  <testcase name="testBufferAppend" time="0,001" classname="cviceni.StringBuilderAndBufferTest"/>
  <testcase name="testBufferAppend" time="0,000" classname="cviceni.StringBuilderAndBufferTest"/>
  <testcase name="testBufferAppend" time="0,000" classname="cviceni.StringBuilderAndBufferTest"/>
  <testcase name="testBuilderAppendDelete" time="0,000" classname="cviceni.StringBuilderAndBufferTest"/>
  <testcase name="testBuilderAppendDelete" time="0,000" classname="cviceni.StringBuilderAndBufferTest"/>
  <testcase name="testBuilderAppend" time="0,000" classname="cviceni.StringBuilderAndBufferTest"/>
  <testcase name="testBufferAppendDelete" time="0,000" classname="cviceni.StringBuilderAndBufferTest"/>
  <testcase name="testBuilderAppendDelete" time="0,000" classname="cviceni.StringBuilderAndBufferTest"/>
  <testcase name="testBuilderAppendDelete" time="0,001" classname="cviceni.StringBuilderAndBufferTest"/>
  <testcase name="testBuilderAppend" time="0,000" classname="cviceni.StringBuilderAndBufferTest"/>
  <testcase name="testBufferAppendDelete" time="0,000" classname="cviceni.StringBuilderAndBufferTest"/>
  <testcase name="testBuilderAppendDelete" time="0,000" classname="cviceni.StringBuilderAndBufferTest"/>
  <testcase name="testBufferAppendDelete" time="0,000" classname="cviceni.StringBuilderAndBufferTest"/>
  <testcase name="testBufferAppendDelete" time="0,000" classname="cviceni.StringBuilderAndBufferTest"/>
  <testcase name="testBufferAppendDelete" time="0,000" classname="cviceni.StringBuilderAndBufferTest"/>
  <testcase name="testBuilderAppend" time="0,000" classname="cviceni.StringBuilderAndBufferTest"/>
  <testcase name="testBuilderAppendDelete" time="0,000" classname="cviceni.StringBuilderAndBufferTest"/>
  <testcase name="testBuilderAppend" time="0,000" classname="cviceni.StringBuilderAndBufferTest"/>
  <testcase name="testBuilderAppend" time="0,000" classname="cviceni.StringBuilderAndBufferTest"/>
  <testcase name="testBuilderAppend" time="0,000" classname="cviceni.StringBuilderAndBufferTest"/>
  <testcase name="testBufferAppend" time="0,001" classname="cviceni.StringBuilderAndBufferTest"/>
  <testcase name="testBuilderAppendDelete" time="0,000" classname="cviceni.StringBuilderAndBufferTest"/>
  <testcase name="testBuilderAppendDelete" time="0,000" classname="cviceni.StringBuilderAndBufferTest"/>
  <testcase name="testBuilderAppendDelete" time="0,000" classname="cviceni.StringBuilderAndBufferTest"/>
  <testcase name="testBufferAppend" time="0,000" classname="cviceni.StringBuilderAndBufferTest"/>
  <testcase name="testBuilderAppendDelete" time="0,000" classname="cviceni.StringBuilderAndBufferTest"/>
  <testcase name="testBuilderAppend" time="0,000" classname="cviceni.StringBuilderAndBufferTest"/>
  <testcase name="testBufferAppend" time="0,000" classname="cviceni.StringBuilderAndBufferTest"/>
  <testcase name="testBuilderAppend" time="0,001" classname="cviceni.StringBuilderAndBufferTest"/>
  <testcase name="testBufferAppend" time="0,046" classname="cviceni.StringBuilderAndBufferTest"/>
  <testcase name="testBuilderAppendDelete" time="0,000" classname="cviceni.StringBuilderAndBufferTest"/>
  <testcase name="testBuilderAppend" time="0,001" classname="cviceni.StringBuilderAndBufferTest"/>
  <testcase name="testBufferAppendDelete" time="0,000" classname="cviceni.StringBuilderAndBufferTest"/>
  <testcase name="testBufferAppendDelete" time="0,000" classname="cviceni.StringBuilderAndBufferTest"/>
  <testcase name="testBuilderAppend" time="0,001" classname="cviceni.StringBuilderAndBufferTest"/>
  <testcase name="testBufferAppendDelete" time="0,000" classname="cviceni.StringBuilderAndBufferTest"/>
  <testcase name="testBuilderAppend" time="0,000" classname="cviceni.StringBuilderAndBufferTest"/>
  <testcase name="testBuilderAppendDelete" time="0,000" classname="cviceni.StringBuilderAndBufferTest"/>
  <testcase name="testBuilderAppendDelete" time="0,000" classname="cviceni.StringBuilderAndBufferTest"/>
  <testcase name="testBuilderAppend" time="0,001" classname="cviceni.StringBuilderAndBufferTest"/>
  <testcase name="testBufferAppendDelete" time="0,001" classname="cviceni.StringBuilderAndBufferTest"/>
  <testcase name="testBufferAppendDelete" time="0,000" classname="cviceni.StringBuilderAndBufferTest"/>
  <testcase name="testBuilderAppend" time="0,000" classname="cviceni.StringBuilderAndBufferTest"/>
  <testcase name="testBufferAppend" time="0,001" classname="cviceni.StringBuilderAndBufferTest"/>
  <testcase name="testBufferAppend" time="0,293" classname="cviceni.StringBuilderAndBufferTest"/>
  <testcase name="testBuilderAppendDelete" time="0,000" classname="cviceni.StringBuilderAndBufferTest"/>
  <testcase name="testBuilderAppendDelete" time="0,000" classname="cviceni.StringBuilderAndBufferTest"/>
  <testcase name="testBuilderAppendDelete" time="0,001" classname="cviceni.StringBuilderAndBufferTest"/>
  <testcase name="testBuilderAppendDelete" time="0,000" classname="cviceni.StringBuilderAndBufferTest"/>
  <testcase name="testBufferAppendDelete" time="0,000" classname="cviceni.StringBuilderAndBufferTest"/>
  <testcase name="testBufferAppendDelete" time="0,001" classname="cviceni.StringBuilderAndBufferTest"/>
  <testcase name="testBufferAppend" time="0,000" classname="cviceni.StringBuilderAndBufferTest"/>
  <testcase name="testBufferAppendDelete" time="0,001" classname="cviceni.StringBuilderAndBufferTest"/>
  <testcase name="testBuilderAppendDelete" time="0,000" classname="cviceni.StringBuilderAndBufferTest"/>
  <testcase name="testBuilderAppendDelete" time="0,000" classname="cviceni.StringBuilderAndBufferTest"/>
  <testcase name="testBufferAppend" time="0,000" classname="cviceni.StringBuilderAndBufferTest"/>
  <testcase name="testBuilderAppend" time="0,000" classname="cviceni.StringBuilderAndBufferTest"/>
  <testcase name="testBufferAppend" time="0,000" classname="cviceni.StringBuilderAndBufferTest"/>
  <testcase name="testBuilderAppendDelete" time="0,000" classname="cviceni.StringBuilderAndBufferTest"/>
  <testcase name="testBufferAppend" time="0,000" classname="cviceni.StringBuilderAndBufferTest"/>
  <testcase name="testBufferAppend" time="0,000" classname="cviceni.StringBuilderAndBufferTest"/>
  <testcase name="testBufferAppend" time="0,000" classname="cviceni.StringBuilderAndBufferTest"/>
  <testcase name="testBuilderAppendDelete" time="0,000" classname="cviceni.StringBuilderAndBufferTest"/>
  <testcase name="testBuilderAppend" time="0,001" classname="cviceni.StringBuilderAndBufferTest"/>
  <testcase name="testBuilderAppend" time="0,001" classname="cviceni.StringBuilderAndBufferTest"/>
  <testcase name="testBufferAppendDelete" time="0,000" classname="cviceni.StringBuilderAndBufferTest"/>
  <testcase name="testBufferAppendDelete" time="0,000" classname="cviceni.StringBuilderAndBufferTest"/>
  <testcase name="testBufferAppend" time="0,001" classname="cviceni.StringBuilderAndBufferTest"/>
  <testcase name="testBuilderAppend" time="0,001" classname="cviceni.StringBuilderAndBufferTest"/>
  <testcase name="testBufferAppendDelete" time="0,000" classname="cviceni.StringBuilderAndBufferTest"/>
  <testcase name="testBuilderAppend" time="0,001" classname="cviceni.StringBuilderAndBufferTest"/>
  <testcase name="testBufferAppendDelete" time="0,000" classname="cviceni.StringBuilderAndBufferTest"/>
  <testcase name="testBufferAppendDelete" time="0,001" classname="cviceni.StringBuilderAndBufferTest"/>
  <testcase name="testBuilderAppendDelete" time="0,000" classname="cviceni.StringBuilderAndBufferTest"/>
  <testcase name="testBuilderAppend" time="0,000" classname="cviceni.StringBuilderAndBufferTest"/>
  <testcase name="testBufferAppendDelete" time="0,000" classname="cviceni.StringBuilderAndBufferTest"/>
  <testcase name="testBufferAppendDelete" time="0,000" classname="cviceni.StringBuilderAndBufferTest"/>
  <testcase name="testBufferAppendDelete" time="0,000" classname="cviceni.StringBuilderAndBufferTest"/>
  <testcase name="testBuilderAppend" time="0,000" classname="cviceni.StringBuilderAndBufferTest"/>
  <testcase name="testBuilderAppend" time="0,001" classname="cviceni.StringBuilderAndBufferTest"/>
  <testcase name="testBuilderAppendDelete" time="0,001" classname="cviceni.StringBuilderAndBufferTest"/>
  <testcase name="testBufferAppendDelete" time="0,000" classname="cviceni.StringBuilderAndBufferTest"/>
  <testcase name="testBuilderAppend" time="0,000" classname="cviceni.StringBuilderAndBufferTest"/>
  <testcase name="testBuilderAppend" time="0,000" classname="cviceni.StringBuilderAndBufferTest"/>
  <testcase name="testBufferAppend" time="0,001" classname="cviceni.StringBuilderAndBufferTest"/>
  <testcase name="testBuilderAppendDelete" time="0,001" classname="cviceni.StringBuilderAndBufferTest"/>
  <testcase name="testBufferAppendDelete" time="0,000" classname="cviceni.StringBuilderAndBufferTest"/>
  <testcase name="testBuilderAppendDelete" time="0,001" classname="cviceni.StringBuilderAndBufferTest"/>
  <testcase name="testBufferAppendDelete" time="0,000" classname="cviceni.StringBuilderAndBufferTest"/>
  <testcase name="testBuilderAppendDelete" time="0,000" classname="cviceni.StringBuilderAndBufferTest"/>
  <testcase name="testBufferAppendDelete" time="0,000" classname="cviceni.StringBuilderAndBufferTest"/>
  <testcase name="testBuilderAppendDelete" time="0,000" classname="cviceni.StringBuilderAndBufferTest"/>
  <testcase name="testBuilderAppend" time="0,000" classname="cviceni.StringBuilderAndBufferTest"/>
  <testcase name="testBuilderAppend" time="0,000" classname="cviceni.StringBuilderAndBufferTest"/>
  <testcase name="testBufferAppend" time="0,000" classname="cviceni.StringBuilderAndBufferTest"/>
  <testcase name="testBuilderAppend" time="0,000" classname="cviceni.StringBuilderAndBufferTest"/>
  <testcase name="testBufferAppend" time="0,000" classname="cviceni.StringBuilderAndBufferTest"/>
  <testcase name="testBufferAppendDelete" time="0,000" classname="cviceni.StringBuilderAndBufferTest"/>
  <testcase name="testBuilderAppend" time="0,000" classname="cviceni.StringBuilderAndBufferTest"/>
  <testcase name="testBufferAppendDelete" time="0,000" classname="cviceni.StringBuilderAndBufferTest"/>
  <testcase name="testBuilderAppendDelete" time="0,000" classname="cviceni.StringBuilderAndBufferTest"/>
  <testcase name="testBufferAppend" time="0,001" classname="cviceni.StringBuilderAndBufferTest"/>
  <testcase name="testBuilderAppend" time="0,000" classname="cviceni.StringBuilderAndBufferTest"/>
  <testcase name="testBuilderAppend" time="0,000" classname="cviceni.StringBuilderAndBufferTest"/>
  <testcase name="testBufferAppend" time="0,000" classname="cviceni.StringBuilderAndBufferTest"/>
  <testcase name="testBuilderAppendDelete" time="0,001" classname="cviceni.StringBuilderAndBufferTest"/>
  <testcase name="testBufferAppendDelete" time="0,000" classname="cviceni.StringBuilderAndBufferTest"/>
  <testcase name="testBuilderAppendDelete" time="0,001" classname="cviceni.StringBuilderAndBufferTest"/>
  <testcase name="testBuilderAppendDelete" time="0,001" classname="cviceni.StringBuilderAndBufferTest"/>
  <testcase name="testBufferAppend" time="0,001" classname="cviceni.StringBuilderAndBufferTest"/>
  <testcase name="testBufferAppend" time="0,000" classname="cviceni.StringBuilderAndBufferTest"/>
  <testcase name="testBufferAppend" time="0,000" classname="cviceni.StringBuilderAndBufferTest"/>
  <testcase name="testBufferAppend" time="0,001" classname="cviceni.StringBuilderAndBufferTest"/>
  <testcase name="testBuilderAppendDelete" time="0,000" classname="cviceni.StringBuilderAndBufferTest"/>
  <testcase name="testBufferAppend" time="0,001" classname="cviceni.StringBuilderAndBufferTest"/>
  <testcase name="testBuilderAppend" time="0,000" classname="cviceni.StringBuilderAndBufferTest"/>
  <testcase name="testBufferAppend" time="0,000" classname="cviceni.StringBuilderAndBufferTest"/>
  <testcase name="testBufferAppendDelete" time="0,001" classname="cviceni.StringBuilderAndBufferTest"/>
  <testcase name="testBuilderAppendDelete" time="0,000" classname="cviceni.StringBuilderAndBufferTest"/>
  <testcase name="testBuilderAppendDelete" time="0,000" classname="cviceni.StringBuilderAndBufferTest"/>
  <testcase name="testBufferAppend" time="0,000" classname="cviceni.StringBuilderAndBufferTest"/>
  <testcase name="testBufferAppendDelete" time="0,000" classname="cviceni.StringBuilderAndBufferTest"/>
  <testcase name="testBufferAppend" time="0,000" classname="cviceni.StringBuilderAndBufferTest"/>
  <testcase name="testBuilderAppend" time="0,000" classname="cviceni.StringBuilderAndBufferTest"/>
  <testcase name="testBuilderAppendDelete" time="0,000" classname="cviceni.StringBuilderAndBufferTest"/>
  <testcase name="testBuilderAppend" time="0,000" classname="cviceni.StringBuilderAndBufferTest"/>
  <testcase name="testBufferAppendDelete" time="0,001" classname="cviceni.StringBuilderAndBufferTest"/>
  <testcase name="testBuilderAppendDelete" time="0,001" classname="cviceni.StringBuilderAndBufferTest"/>
  <testcase name="testBufferAppendDelete" time="0,000" classname="cviceni.StringBuilderAndBufferTest"/>
  <testcase name="testBufferAppend" time="0,070" classname="cviceni.StringBuilderAndBufferTest"/>
  <testcase name="testBufferAppend" time="0,001" classname="cviceni.StringBuilderAndBufferTest"/>
  <testcase name="testBufferAppend" time="0,000" classname="cviceni.StringBuilderAndBufferTest"/>
  <testcase name="testBufferAppend" time="0,001" classname="cviceni.StringBuilderAndBufferTest"/>
  <testcase name="testBuilderAppendDelete" time="0,000" classname="cviceni.StringBuilderAndBufferTest"/>
  <testcase name="testBufferAppendDelete" time="0,000" classname="cviceni.StringBuilderAndBufferTest"/>
  <testcase name="testBufferAppend" time="0,000" classname="cviceni.StringBuilderAndBufferTest"/>
  <testcase name="testBuilderAppend" time="0,000" classname="cviceni.StringBuilderAndBufferTest"/>
  <testcase name="testBuilderAppendDelete" time="0,001" classname="cviceni.StringBuilderAndBufferTest"/>
  <testcase name="testBuilderAppend" time="0,000" classname="cviceni.StringBuilderAndBufferTest"/>
  <testcase name="testBuilderAppendDelete" time="0,000" classname="cviceni.StringBuilderAndBufferTest"/>
  <testcase name="testBufferAppendDelete" time="0,000" classname="cviceni.StringBuilderAndBufferTest"/>
  <testcase name="testBufferAppendDelete" time="0,001" classname="cviceni.StringBuilderAndBufferTest"/>
  <testcase name="testBufferAppend" time="0,000" classname="cviceni.StringBuilderAndBufferTest"/>
  <testcase name="testBuilderAppend" time="0,000" classname="cviceni.StringBuilderAndBufferTest"/>
  <testcase name="testBufferAppendDelete" time="0,000" classname="cviceni.StringBuilderAndBufferTest"/>
  <testcase name="testBufferAppendDelete" time="0,000" classname="cviceni.StringBuilderAndBufferTest"/>
  <testcase name="testBuilderAppend" time="0,000" classname="cviceni.StringBuilderAndBufferTest"/>
  <testcase name="testBufferAppend" time="0,001" classname="cviceni.StringBuilderAndBufferTest"/>
  <testcase name="testBuilderAppendDelete" time="0,000" classname="cviceni.StringBuilderAndBufferTest"/>
  <testcase name="testBufferAppendDelete" time="0,000" classname="cviceni.StringBuilderAndBufferTest"/>
  <testcase name="testBuilderAppendDelete" time="0,000" classname="cviceni.StringBuilderAndBufferTest"/>
  <testcase name="testBufferAppendDelete" time="0,000" classname="cviceni.StringBuilderAndBufferTest"/>
  <testcase name="testBufferAppendDelete" time="0,001" classname="cviceni.StringBuilderAndBufferTest"/>
  <testcase name="testBuilderAppend" time="0,000" classname="cviceni.StringBuilderAndBufferTest"/>
  <testcase name="testBuilderAppendDelete" time="0,000" classname="cviceni.StringBuilderAndBufferTest"/>
  <testcase name="testBuilderAppendDelete" time="0,000" classname="cviceni.StringBuilderAndBufferTest"/>
  <testcase name="testBufferAppendDelete" time="0,000" classname="cviceni.StringBuilderAndBufferTest"/>
  <testcase name="testBufferAppend" time="0,000" classname="cviceni.StringBuilderAndBufferTest"/>
  <testcase name="testBuilderAppend" time="0,001" classname="cviceni.StringBuilderAndBufferTest"/>
  <testcase name="testBuilderAppendDelete" time="0,000" classname="cviceni.StringBuilderAndBufferTest"/>
  <testcase name="testBuilderAppendDelete" time="0,001" classname="cviceni.StringBuilderAndBufferTest"/>
  <testcase name="testBufferAppend" time="0,000" classname="cviceni.StringBuilderAndBufferTest"/>
  <testcase name="testBuilderAppend" time="0,000" classname="cviceni.StringBuilderAndBufferTest"/>
  <testcase name="testBuilderAppend" time="0,000" classname="cviceni.StringBuilderAndBufferTest"/>
  <testcase name="testBufferAppendDelete" time="0,000" classname="cviceni.StringBuilderAndBufferTest"/>
  <testcase name="testBufferAppendDelete" time="0,000" classname="cviceni.StringBuilderAndBufferTest"/>
  <testcase name="testBufferAppendDelete" time="0,000" classname="cviceni.StringBuilderAndBufferTest"/>
  <testcase name="testBufferAppendDelete" time="0,000" classname="cviceni.StringBuilderAndBufferTest"/>
  <testcase name="testBuilderAppend" time="0,000" classname="cviceni.StringBuilderAndBufferTest"/>
  <testcase name="testBufferAppend" time="0,001" classname="cviceni.StringBuilderAndBufferTest"/>
  <testcase name="testBuilderAppendDelete" time="0,000" classname="cviceni.StringBuilderAndBufferTest"/>
  <testcase name="testBufferAppendDelete" time="0,000" classname="cviceni.StringBuilderAndBufferTest"/>
  <testcase name="testBufferAppendDelete" time="0,000" classname="cviceni.StringBuilderAndBufferTest"/>
  <testcase name="testBufferAppend" time="0,001" classname="cviceni.StringBuilderAndBufferTest"/>
  <testcase name="testBuilderAppendDelete" time="0,001" classname="cviceni.StringBuilderAndBufferTest"/>
  <testcase name="testBuilderAppendDelete" time="0,000" classname="cviceni.StringBuilderAndBufferTest"/>
  <testcase name="testBufferAppend" time="0,001" classname="cviceni.StringBuilderAndBufferTest"/>
  <testcase name="testBuilderAppendDelete" time="0,000" classname="cviceni.StringBuilderAndBufferTest"/>
  <testcase name="testBuilderAppendDelete" time="0,000" classname="cviceni.StringBuilderAndBufferTest"/>
  <testcase name="testBufferAppendDelete" time="0,000" classname="cviceni.StringBuilderAndBufferTest"/>
  <testcase name="testBufferAppend" time="0,001" classname="cviceni.StringBuilderAndBufferTest"/>
  <testcase name="testBuilderAppend" time="0,001" classname="cviceni.StringBuilderAndBufferTest"/>
  <testcase name="testBufferAppend" time="0,000" classname="cviceni.StringBuilderAndBufferTest"/>
  <testcase name="testBufferAppend" time="0,000" classname="cviceni.StringBuilderAndBufferTest"/>
  <testcase name="testBuilderAppendDelete" time="0,000" classname="cviceni.StringBuilderAndBufferTest"/>
  <testcase name="testBuilderAppend" time="0,000" classname="cviceni.StringBuilderAndBufferTest"/>
  <testcase name="testBufferAppend" time="0,000" classname="cviceni.StringBuilderAndBufferTest"/>
  <testcase name="testBufferAppend" time="0,001" classname="cviceni.StringBuilderAndBufferTest"/>
  <testcase name="testBufferAppend" time="0,000" classname="cviceni.StringBuilderAndBufferTest"/>
  <testcase name="testBuilderAppend" time="0,001" classname="cviceni.StringBuilderAndBufferTest"/>
  <testcase name="testBufferAppend" time="0,001" classname="cviceni.StringBuilderAndBufferTest"/>
  <testcase name="testBuilderAppendDelete" time="0,000" classname="cviceni.StringBuilderAndBufferTest"/>
  <testcase name="testBufferAppendDelete" time="0,000" classname="cviceni.StringBuilderAndBufferTest"/>
  <testcase name="testBufferAppend" time="0,000" classname="cviceni.StringBuilderAndBufferTest"/>
  <testcase name="testBufferAppendDelete" time="0,000" classname="cviceni.StringBuilderAndBufferTest"/>
  <testcase name="testBuilderAppendDelete" time="0,000" classname="cviceni.StringBuilderAndBufferTest"/>
  <testcase name="testBufferAppendDelete" time="0,000" classname="cviceni.StringBuilderAndBufferTest"/>
  <testcase name="testBufferAppendDelete" time="0,000" classname="cviceni.StringBuilderAndBufferTest"/>
  <testcase name="testBufferAppend" time="0,000" classname="cviceni.StringBuilderAndBufferTest"/>
  <testcase name="testBuilderAppend" time="0,000" classname="cviceni.StringBuilderAndBufferTest"/>
  <testcase name="testBufferAppendDelete" time="0,000" classname="cviceni.StringBuilderAndBufferTest"/>
  <testcase name="testBufferAppendDelete" time="0,000" classname="cviceni.StringBuilderAndBufferTest"/>
  <testcase name="testBufferAppendDelete" time="0,000" classname="cviceni.StringBuilderAndBufferTest"/>
  <testcase name="testBuilderAppendDelete" time="0,001" classname="cviceni.StringBuilderAndBufferTest"/>
  <testcase name="testBufferAppend" time="0,000" classname="cviceni.StringBuilderAndBufferTest"/>
  <testcase name="testBufferAppend" time="0,001" classname="cviceni.StringBuilderAndBufferTest"/>
  <testcase name="testBufferAppendDelete" time="0,000" classname="cviceni.StringBuilderAndBufferTest"/>
  <testcase name="testBuilderAppend" time="0,001" classname="cviceni.StringBuilderAndBufferTest"/>
  <testcase name="testBufferAppend" time="0,000" classname="cviceni.StringBuilderAndBufferTest"/>
  <testcase name="testBufferAppendDelete" time="0,000" classname="cviceni.StringBuilderAndBufferTest"/>
  <testcase name="testBufferAppend" time="0,000" classname="cviceni.StringBuilderAndBufferTest"/>
  <testcase name="testBufferAppendDelete" time="0,000" classname="cviceni.StringBuilderAndBufferTest"/>
  <testcase name="testBufferAppend" time="0,000" classname="cviceni.StringBuilderAndBufferTest"/>
  <testcase name="testBufferAppend" time="0,000" classname="cviceni.StringBuilderAndBufferTest"/>
  <testcase name="testBuilderAppend" time="0,001" classname="cviceni.StringBuilderAndBufferTest"/>
  <testcase name="testBuilderAppendDelete" time="0,000" classname="cviceni.StringBuilderAndBufferTest"/>
  <testcase name="testBufferAppend" time="0,000" classname="cviceni.StringBuilderAndBufferTest"/>
  <testcase name="testBufferAppendDelete" time="0,001" classname="cviceni.StringBuilderAndBufferTest"/>
  <testcase name="testBuilderAppendDelete" time="0,000" classname="cviceni.StringBuilderAndBufferTest"/>
  <testcase name="testBufferAppend" time="0,000" classname="cviceni.StringBuilderAndBufferTest"/>
  <testcase name="testBufferAppend" time="0,000" classname="cviceni.StringBuilderAndBufferTest"/>
  <testcase name="testBufferAppendDelete" time="0,000" classname="cviceni.StringBuilderAndBufferTest"/>
  <testcase name="testBuilderAppendDelete" time="0,000" classname="cviceni.StringBuilderAndBufferTest"/>
  <testcase name="testBuilderAppend" time="0,001" classname="cviceni.StringBuilderAndBufferTest"/>
  <testcase name="testBuilderAppend" time="0,000" classname="cviceni.StringBuilderAndBufferTest"/>
  <testcase name="testBuilderAppendDelete" time="0,003" classname="cviceni.StringBuilderAndBufferTest"/>
  <testcase name="testBufferAppend" time="0,000" classname="cviceni.StringBuilderAndBufferTest"/>
  <testcase name="testBufferAppendDelete" time="0,000" classname="cviceni.StringBuilderAndBufferTest"/>
  <testcase name="testBufferAppendDelete" time="0,000" classname="cviceni.StringBuilderAndBufferTest"/>
  <testcase name="testBufferAppend" time="0,001" classname="cviceni.StringBuilderAndBufferTest"/>
  <testcase name="testBuilderAppendDelete" time="0,001" classname="cviceni.StringBuilderAndBufferTest"/>
  <testcase name="testBuilderAppendDelete" time="0,000" classname="cviceni.StringBuilderAndBufferTest"/>
  <testcase name="testBufferAppendDelete" time="0,000" classname="cviceni.StringBuilderAndBufferTest"/>
  <testcase name="testBuilderAppend" time="0,000" classname="cviceni.StringBuilderAndBufferTest"/>
  <testcase name="testBuilderAppend" time="0,000" classname="cviceni.StringBuilderAndBufferTest"/>
  <testcase name="testBufferAppend" time="0,000" classname="cviceni.StringBuilderAndBufferTest"/>
  <testcase name="testBufferAppendDelete" time="0,000" classname="cviceni.StringBuilderAndBufferTest"/>
  <testcase name="testBuilderAppendDelete" time="0,000" classname="cviceni.StringBuilderAndBufferTest"/>
  <testcase name="testBufferAppendDelete" time="0,000" classname="cviceni.StringBuilderAndBufferTest"/>
  <testcase name="testBuilderAppend" time="0,000" classname="cviceni.StringBuilderAndBufferTest"/>
  <testcase name="testBufferAppend" time="0,001" classname="cviceni.StringBuilderAndBufferTest"/>
  <testcase name="testBuilderAppend" time="0,000" classname="cviceni.StringBuilderAndBufferTest"/>
  <testcase name="testBufferAppend" time="0,000" classname="cviceni.StringBuilderAndBufferTest"/>
  <testcase name="testBuilderAppend" time="0,000" classname="cviceni.StringBuilderAndBufferTest"/>
  <testcase name="testBuilderAppendDelete" time="0,000" classname="cviceni.StringBuilderAndBufferTest"/>
  <testcase name="testBuilderAppendDelete" time="0,000" classname="cviceni.StringBuilderAndBufferTest"/>
  <testcase name="testBuilderAppendDelete" time="0,001" classname="cviceni.StringBuilderAndBufferTest"/>
  <testcase name="testBuilderAppend" time="0,001" classname="cviceni.StringBuilderAndBufferTest"/>
  <testcase name="testBufferAppendDelete" time="0,000" classname="cviceni.StringBuilderAndBufferTest"/>
  <testcase name="testBuilderAppend" time="0,001" classname="cviceni.StringBuilderAndBufferTest"/>
  <testcase name="testBufferAppendDelete" time="0,000" classname="cviceni.StringBuilderAndBufferTest"/>
  <testcase name="testBuilderAppendDelete" time="0,000" classname="cviceni.StringBuilderAndBufferTest"/>
  <testcase name="testBufferAppend" time="0,000" classname="cviceni.StringBuilderAndBufferTest"/>
  <testcase name="testBufferAppendDelete" time="0,001" classname="cviceni.StringBuilderAndBufferTest"/>
  <testcase name="testBufferAppendDelete" time="0,000" classname="cviceni.StringBuilderAndBufferTest"/>
  <testcase name="testBufferAppendDelete" time="0,000" classname="cviceni.StringBuilderAndBufferTest"/>
  <testcase name="testBuilderAppendDelete" time="0,000" classname="cviceni.StringBuilderAndBufferTest"/>
  <testcase name="testBufferAppendDelete" time="0,000" classname="cviceni.StringBuilderAndBufferTest"/>
  <testcase name="testBuilderAppendDelete" time="0,001" classname="cviceni.StringBuilderAndBufferTest"/>
  <testcase name="testBuilderAppend" time="0,001" classname="cviceni.StringBuilderAndBufferTest"/>
  <testcase name="testBuilderAppendDelete" time="0,000" classname="cviceni.StringBuilderAndBufferTest"/>
  <testcase name="testBufferAppendDelete" time="0,000" classname="cviceni.StringBuilderAndBufferTest"/>
  <testcase name="testBufferAppendDelete" time="0,000" classname="cviceni.StringBuilderAndBufferTest"/>
  <testcase name="testBuilderAppendDelete" time="0,001" classname="cviceni.StringBuilderAndBufferTest"/>
  <testcase name="testBuilderAppend" time="0,000" classname="cviceni.StringBuilderAndBufferTest"/>
  <testcase name="testBufferAppendDelete" time="0,000" classname="cviceni.StringBuilderAndBufferTest"/>
  <testcase name="testBufferAppend" time="0,000" classname="cviceni.StringBuilderAndBufferTest"/>
  <testcase name="testBuilderAppendDelete" time="0,000" classname="cviceni.StringBuilderAndBufferTest"/>
  <testcase name="testBuilderAppend" time="0,000" classname="cviceni.StringBuilderAndBufferTest"/>
  <testcase name="testBufferAppend" time="0,000" classname="cviceni.StringBuilderAndBufferTest"/>
  <testcase name="testBuilderAppend" time="0,000" classname="cviceni.StringBuilderAndBufferTest"/>
  <testcase name="testBufferAppend" time="0,001" classname="cviceni.StringBuilderAndBufferTest"/>
  <testcase name="testBufferAppendDelete" time="0,000" classname="cviceni.StringBuilderAndBufferTest"/>
  <testcase name="testBufferAppendDelete" time="0,000" classname="cviceni.StringBuilderAndBufferTest"/>
  <testcase name="testBufferAppendDelete" time="0,001" classname="cviceni.StringBuilderAndBufferTest"/>
  <testcase name="testBuilderAppend" time="0,000" classname="cviceni.StringBuilderAndBufferTest"/>
  <testcase name="testBufferAppend" time="0,000" classname="cviceni.StringBuilderAndBufferTest"/>
  <testcase name="testBufferAppend" time="0,000" classname="cviceni.StringBuilderAndBufferTest"/>
  <testcase name="testBuilderAppendDelete" time="0,021" classname="cviceni.StringBuilderAndBufferTest"/>
  <testcase name="testBufferAppend" time="0,000" classname="cviceni.StringBuilderAndBufferTest"/>
  <testcase name="testBufferAppend" time="0,000" classname="cviceni.StringBuilderAndBufferTest"/>
  <testcase name="testBuilderAppendDelete" time="0,001" classname="cviceni.StringBuilderAndBufferTest"/>
  <testcase name="testBufferAppendDelete" time="0,001" classname="cviceni.StringBuilderAndBufferTest"/>
  <testcase name="testBuilderAppend" time="0,001" classname="cviceni.StringBuilderAndBufferTest"/>
  <testcase name="testBufferAppendDelete" time="0,000" classname="cviceni.StringBuilderAndBufferTest"/>
  <testcase name="testBufferAppend" time="0,000" classname="cviceni.StringBuilderAndBufferTest"/>
  <testcase name="testBufferAppendDelete" time="0,000" classname="cviceni.StringBuilderAndBufferTest"/>
  <testcase name="testBuilderAppend" time="0,000" classname="cviceni.StringBuilderAndBufferTest"/>
  <testcase name="testBuilderAppendDelete" time="0,000" classname="cviceni.StringBuilderAndBufferTest"/>
  <testcase name="testBufferAppendDelete" time="0,000" classname="cviceni.StringBuilderAndBufferTest"/>
  <testcase name="testBuilderAppendDelete" time="0,000" classname="cviceni.StringBuilderAndBufferTest"/>
  <testcase name="testBuilderAppend" time="0,000" classname="cviceni.StringBuilderAndBufferTest"/>
  <testcase name="testBuilderAppendDelete" time="0,000" classname="cviceni.StringBuilderAndBufferTest"/>
  <testcase name="testBuilderAppendDelete" time="0,001" classname="cviceni.StringBuilderAndBufferTest"/>
  <testcase name="testBuilderAppend" time="0,000" classname="cviceni.StringBuilderAndBufferTest"/>
  <testcase name="testBuilderAppend" time="0,000" classname="cviceni.StringBuilderAndBufferTest"/>
  <testcase name="testBufferAppend" time="0,000" classname="cviceni.StringBuilderAndBufferTest"/>
  <testcase name="testBuilderAppendDelete" time="0,000" classname="cviceni.StringBuilderAndBufferTest"/>
  <testcase name="testBufferAppend" time="0,000" classname="cviceni.StringBuilderAndBufferTest"/>
  <testcase name="testBuilderAppendDelete" time="0,000" classname="cviceni.StringBuilderAndBufferTest"/>
  <testcase name="testBuilderAppendDelete" time="0,000" classname="cviceni.StringBuilderAndBufferTest"/>
  <testcase name="testBufferAppend" time="0,000" classname="cviceni.StringBuilderAndBufferTest"/>
  <testcase name="testBufferAppend" time="0,000" classname="cviceni.StringBuilderAndBufferTest"/>
  <testcase name="testBuilderAppend" time="0,000" classname="cviceni.StringBuilderAndBufferTest"/>
  <testcase name="testBuilderAppendDelete" time="0,000" classname="cviceni.StringBuilderAndBufferTest"/>
  <testcase name="testBuilderAppend" time="0,001" classname="cviceni.StringBuilderAndBufferTest"/>
  <testcase name="testBufferAppend" time="0,000" classname="cviceni.StringBuilderAndBufferTest"/>
  <testcase name="testBuilderAppend" time="0,000" classname="cviceni.StringBuilderAndBufferTest"/>
  <testcase name="testBufferAppendDelete" time="0,000" classname="cviceni.StringBuilderAndBufferTest"/>
  <testcase name="testBuilderAppend" time="0,000" classname="cviceni.StringBuilderAndBufferTest"/>
  <testcase name="testBuilderAppendDelete" time="0,000" classname="cviceni.StringBuilderAndBufferTest"/>
  <testcase name="testBuilderAppendDelete" time="0,000" classname="cviceni.StringBuilderAndBufferTest"/>
  <testcase name="testBufferAppendDelete" time="0,000" classname="cviceni.StringBuilderAndBufferTest"/>
  <testcase name="testBufferAppendDelete" time="0,000" classname="cviceni.StringBuilderAndBufferTest"/>
  <testcase name="testBufferAppend" time="0,001" classname="cviceni.StringBuilderAndBufferTest"/>
  <testcase name="testBufferAppend" time="0,001" classname="cviceni.StringBuilderAndBufferTest"/>
  <testcase name="testBuilderAppend" time="0,000" classname="cviceni.StringBuilderAndBufferTest"/>
  <testcase name="testBufferAppendDelete" time="0,000" classname="cviceni.StringBuilderAndBufferTest"/>
  <testcase name="testBuilderAppendDelete" time="0,000" classname="cviceni.StringBuilderAndBufferTest"/>
  <testcase name="testBufferAppendDelete" time="0,000" classname="cviceni.StringBuilderAndBufferTest"/>
  <testcase name="testBuilderAppendDelete" time="0,000" classname="cviceni.StringBuilderAndBufferTest"/>
  <testcase name="testBuilderAppend" time="0,000" classname="cviceni.StringBuilderAndBufferTest"/>
  <testcase name="testBuilderAppend" time="0,001" classname="cviceni.StringBuilderAndBufferTest"/>
  <testcase name="testBuilderAppendDelete" time="0,000" classname="cviceni.StringBuilderAndBufferTest"/>
  <testcase name="testBuilderAppend" time="0,000" classname="cviceni.StringBuilderAndBufferTest"/>
  <testcase name="testBuilderAppend" time="0,000" classname="cviceni.StringBuilderAndBufferTest"/>
  <testcase name="testBuilderAppend" time="0,000" classname="cviceni.StringBuilderAndBufferTest"/>
  <testcase name="testBufferAppend" time="0,000" classname="cviceni.StringBuilderAndBufferTest"/>
  <testcase name="testBufferAppend" time="0,000" classname="cviceni.StringBuilderAndBufferTest"/>
  <testcase name="testBuilderAppendDelete" time="0,000" classname="cviceni.StringBuilderAndBufferTest"/>
  <testcase name="testBufferAppendDelete" time="0,001" classname="cviceni.StringBuilderAndBufferTest"/>
  <testcase name="testBuilderAppendDelete" time="0,000" classname="cviceni.StringBuilderAndBufferTest"/>
  <testcase name="testBufferAppendDelete" time="0,000" classname="cviceni.StringBuilderAndBufferTest"/>
  <testcase name="testBuilderAppendDelete" time="0,001" classname="cviceni.StringBuilderAndBufferTest"/>
  <testcase name="testBufferAppendDelete" time="0,000" classname="cviceni.StringBuilderAndBufferTest"/>
  <testcase name="testBufferAppend" time="0,000" classname="cviceni.StringBuilderAndBufferTest"/>
  <testcase name="testBuilderAppend" time="0,000" classname="cviceni.StringBuilderAndBufferTest"/>
  <testcase name="testBufferAppend" time="0,000" classname="cviceni.StringBuilderAndBufferTest"/>
  <testcase name="testBufferAppend" time="0,000" classname="cviceni.StringBuilderAndBufferTest"/>
  <testcase name="testBufferAppendDelete" time="0,000" classname="cviceni.StringBuilderAndBufferTest"/>
  <testcase name="testBuilderAppendDelete" time="0,000" classname="cviceni.StringBuilderAndBufferTest"/>
  <testcase name="testBuilderAppendDelete" time="0,000" classname="cviceni.StringBuilderAndBufferTest"/>
  <testcase name="testBuilderAppend" time="0,000" classname="cviceni.StringBuilderAndBufferTest"/>
  <testcase name="testBuilderAppend" time="0,000" classname="cviceni.StringBuilderAndBufferTest"/>
  <testcase name="testBufferAppendDelete" time="0,000" classname="cviceni.StringBuilderAndBufferTest"/>
  <testcase name="testBufferAppendDelete" time="0,000" classname="cviceni.StringBuilderAndBufferTest"/>
  <testcase name="testBufferAppendDelete" time="0,000" classname="cviceni.StringBuilderAndBufferTest"/>
  <testcase name="testBuilderAppendDelete" time="0,001" classname="cviceni.StringBuilderAndBufferTest"/>
  <testcase name="testBufferAppend" time="0,001" classname="cviceni.StringBuilderAndBufferTest"/>
  <testcase name="testBufferAppendDelete" time="0,000" classname="cviceni.StringBuilderAndBufferTest"/>
  <testcase name="testBufferAppend" time="0,000" classname="cviceni.StringBuilderAndBufferTest"/>
  <testcase name="testBufferAppend" time="0,000" classname="cviceni.StringBuilderAndBufferTest"/>
  <testcase name="testBuilderAppendDelete" time="0,000" classname="cviceni.StringBuilderAndBufferTest"/>
  <testcase name="testBufferAppend" time="0,000" classname="cviceni.StringBuilderAndBufferTest"/>
  <testcase name="testBuilderAppend" time="0,000" classname="cviceni.StringBuilderAndBufferTest"/>
  <testcase name="testBuilderAppend" time="0,000" classname="cviceni.StringBuilderAndBufferTest"/>
  <testcase name="testBufferAppend" time="0,001" classname="cviceni.StringBuilderAndBufferTest"/>
  <testcase name="testBuilderAppend" time="0,113" classname="cviceni.StringBuilderAndBufferTest"/>
  <testcase name="testBufferAppendDelete" time="0,000" classname="cviceni.StringBuilderAndBufferTest"/>
  <testcase name="testBuilderAppendDelete" time="0,000" classname="cviceni.StringBuilderAndBufferTest"/>
  <testcase name="testBuilderAppendDelete" time="0,013" classname="cviceni.StringBuilderAndBufferTest"/>
  <testcase name="testBuilderAppendDelete" time="0,002" classname="cviceni.StringBuilderAndBufferTest"/>
  <testcase name="testBuilderAppendDelete" time="0,000" classname="cviceni.StringBuilderAndBufferTest"/>
  <testcase name="testBuilderAppend" time="0,000" classname="cviceni.StringBuilderAndBufferTest"/>
  <testcase name="testBufferAppend" time="0,001" classname="cviceni.StringBuilderAndBufferTest"/>
  <testcase name="testBufferAppendDelete" time="0,000" classname="cviceni.StringBuilderAndBufferTest"/>
  <testcase name="testBuilderAppend" time="0,000" classname="cviceni.StringBuilderAndBufferTest"/>
  <testcase name="testBufferAppend" time="0,001" classname="cviceni.StringBuilderAndBufferTest"/>
  <testcase name="testBuilderAppend" time="0,001" classname="cviceni.StringBuilderAndBufferTest"/>
  <testcase name="testBufferAppendDelete" time="0,000" classname="cviceni.StringBuilderAndBufferTest"/>
  <testcase name="testBuilderAppend" time="0,000" classname="cviceni.StringBuilderAndBufferTest"/>
  <testcase name="testBufferAppend" time="0,009" classname="cviceni.StringBuilderAndBufferTest"/>
  <testcase name="testBufferAppend" time="0,000" classname="cviceni.StringBuilderAndBufferTest"/>
  <testcase name="testBuilderAppendDelete" time="0,000" classname="cviceni.StringBuilderAndBufferTest"/>
  <testcase name="testBuilderAppend" time="0,000" classname="cviceni.StringBuilderAndBufferTest"/>
  <testcase name="testBufferAppend" time="0,001" classname="cviceni.StringBuilderAndBufferTest"/>
  <testcase name="testBufferAppend" time="0,000" classname="cviceni.StringBuilderAndBufferTest"/>
  <testcase name="testBufferAppend" time="0,000" classname="cviceni.StringBuilderAndBufferTest"/>
  <testcase name="testBufferAppendDelete" time="0,000" classname="cviceni.StringBuilderAndBufferTest"/>
  <testcase name="testBuilderAppend" time="0,000" classname="cviceni.StringBuilderAndBufferTest"/>
  <testcase name="testBufferAppendDelete" time="0,000" classname="cviceni.StringBuilderAndBufferTest"/>
  <testcase name="testBuilderAppendDelete" time="0,001" classname="cviceni.StringBuilderAndBufferTest"/>
  <testcase name="testBufferAppendDelete" time="0,000" classname="cviceni.StringBuilderAndBufferTest"/>
  <testcase name="testBuilderAppend" time="0,000" classname="cviceni.StringBuilderAndBufferTest"/>
  <testcase name="testBufferAppendDelete" time="0,001" classname="cviceni.StringBuilderAndBufferTest"/>
  <testcase name="testBuilderAppendDelete" time="0,000" classname="cviceni.StringBuilderAndBufferTest"/>
  <testcase name="testBufferAppendDelete" time="0,000" classname="cviceni.StringBuilderAndBufferTest"/>
  <testcase name="testBufferAppend" time="0,000" classname="cviceni.StringBuilderAndBufferTest"/>
  <testcase name="testBuilderAppend" time="0,000" classname="cviceni.StringBuilderAndBufferTest"/>
  <testcase name="testBuilderAppendDelete" time="0,000" classname="cviceni.StringBuilderAndBufferTest"/>
  <testcase name="testBufferAppendDelete" time="0,000" classname="cviceni.StringBuilderAndBufferTest"/>
  <testcase name="testBuilderAppend" time="0,000" classname="cviceni.StringBuilderAndBufferTest"/>
  <testcase name="testBufferAppend" time="0,000" classname="cviceni.StringBuilderAndBufferTest"/>
  <testcase name="testBuilderAppend" time="0,000" classname="cviceni.StringBuilderAndBufferTest"/>
  <testcase name="testBuilderAppend" time="0,000" classname="cviceni.StringBuilderAndBufferTest"/>
  <testcase name="testBuilderAppend" time="0,000" classname="cviceni.StringBuilderAndBufferTest"/>
  <testcase name="testBufferAppendDelete" time="0,000" classname="cviceni.StringBuilderAndBufferTest"/>
  <testcase name="testBuilderAppend" time="0,001" classname="cviceni.StringBuilderAndBufferTest"/>
  <testcase name="testBufferAppendDelete" time="0,000" classname="cviceni.StringBuilderAndBufferTest"/>
  <testcase name="testBuilderAppendDelete" time="0,000" classname="cviceni.StringBuilderAndBufferTest"/>
  <testcase name="testBufferAppend" time="0,000" classname="cviceni.StringBuilderAndBufferTest"/>
  <testcase name="testBuilderAppendDelete" time="0,000" classname="cviceni.StringBuilderAndBufferTest"/>
  <testcase name="testBufferAppendDelete" time="0,000" classname="cviceni.StringBuilderAndBufferTest"/>
  <testcase name="testBufferAppend" time="0,001" classname="cviceni.StringBuilderAndBufferTest"/>
  <testcase name="testBufferAppendDelete" time="0,000" classname="cviceni.StringBuilderAndBufferTest"/>
  <testcase name="testBuilderAppend" time="0,001" classname="cviceni.StringBuilderAndBufferTest"/>
  <testcase name="testBufferAppendDelete" time="0,001" classname="cviceni.StringBuilderAndBufferTest"/>
  <testcase name="testBufferAppendDelete" time="0,000" classname="cviceni.StringBuilderAndBufferTest"/>
  <testcase name="testBuilderAppendDelete" time="0,000" classname="cviceni.StringBuilderAndBufferTest"/>
  <testcase name="testBuilderAppendDelete" time="0,000" classname="cviceni.StringBuilderAndBufferTest"/>
  <testcase name="testBuilderAppendDelete" time="0,000" classname="cviceni.StringBuilderAndBufferTest"/>
  <testcase name="testBufferAppendDelete" time="0,001" classname="cviceni.StringBuilderAndBufferTest"/>
  <testcase name="testBuilderAppendDelete" time="0,000" classname="cviceni.StringBuilderAndBufferTest"/>
  <testcase name="testBuilderAppend" time="0,000" classname="cviceni.StringBuilderAndBufferTest"/>
  <testcase name="testBufferAppendDelete" time="0,000" classname="cviceni.StringBuilderAndBufferTest"/>
  <testcase name="testBufferAppendDelete" time="0,001" classname="cviceni.StringBuilderAndBufferTest"/>
  <testcase name="testBuilderAppend" time="0,001" classname="cviceni.StringBuilderAndBufferTest"/>
  <testcase name="testBuilderAppendDelete" time="0,012" classname="cviceni.StringBuilderAndBufferTest"/>
  <testcase name="testBufferAppend" time="0,000" classname="cviceni.StringBuilderAndBufferTest"/>
  <testcase name="testBuilderAppend" time="0,000" classname="cviceni.StringBuilderAndBufferTest"/>
  <testcase name="testBufferAppendDelete" time="0,000" classname="cviceni.StringBuilderAndBufferTest"/>
  <testcase name="testBufferAppendDelete" time="0,000" classname="cviceni.StringBuilderAndBufferTest"/>
  <testcase name="testBuilderAppendDelete" time="0,000" classname="cviceni.StringBuilderAndBufferTest"/>
  <testcase name="testBufferAppendDelete" time="0,000" classname="cviceni.StringBuilderAndBufferTest"/>
  <testcase name="testBufferAppendDelete" time="0,000" classname="cviceni.StringBuilderAndBufferTest"/>
  <testcase name="testBuilderAppend" time="0,001" classname="cviceni.StringBuilderAndBufferTest"/>
  <testcase name="testBuilderAppend" time="0,000" classname="cviceni.StringBuilderAndBufferTest"/>
  <testcase name="testBufferAppendDelete" time="0,000" classname="cviceni.StringBuilderAndBufferTest"/>
  <testcase name="testBufferAppend" time="0,001" classname="cviceni.StringBuilderAndBufferTest"/>
  <testcase name="testBufferAppendDelete" time="0,000" classname="cviceni.StringBuilderAndBufferTest"/>
  <testcase name="testBufferAppendDelete" time="0,000" classname="cviceni.StringBuilderAndBufferTest"/>
  <testcase name="testBuilderAppendDelete" time="0,000" classname="cviceni.StringBuilderAndBufferTest"/>
  <testcase name="testBufferAppendDelete" time="0,000" classname="cviceni.StringBuilderAndBufferTest"/>
  <testcase name="testBuilderAppend" time="0,000" classname="cviceni.StringBuilderAndBufferTest"/>
  <testcase name="testBuilderAppendDelete" time="0,000" classname="cviceni.StringBuilderAndBufferTest"/>
  <testcase name="testBufferAppendDelete" time="0,000" classname="cviceni.StringBuilderAndBufferTest"/>
  <testcase name="testBuilderAppendDelete" time="0,001" classname="cviceni.StringBuilderAndBufferTest"/>
  <testcase name="testBuilderAppend" time="0,001" classname="cviceni.StringBuilderAndBufferTest"/>
  <testcase name="testBuilderAppendDelete" time="0,000" classname="cviceni.StringBuilderAndBufferTest"/>
  <testcase name="testBuilderAppendDelete" time="0,000" classname="cviceni.StringBuilderAndBufferTest"/>
  <testcase name="testBuilderAppend" time="0,000" classname="cviceni.StringBuilderAndBufferTest"/>
  <testcase name="testBufferAppendDelete" time="0,000" classname="cviceni.StringBuilderAndBufferTest"/>
  <testcase name="testBuilderAppend" time="0,000" classname="cviceni.StringBuilderAndBufferTest"/>
  <testcase name="testBufferAppendDelete" time="0,000" classname="cviceni.StringBuilderAndBufferTest"/>
  <testcase name="testBufferAppend" time="0,000" classname="cviceni.StringBuilderAndBufferTest"/>
  <testcase name="testBufferAppendDelete" time="0,000" classname="cviceni.StringBuilderAndBufferTest"/>
  <testcase name="testBufferAppend" time="0,001" classname="cviceni.StringBuilderAndBufferTest"/>
  <testcase name="testBuilderAppendDelete" time="0,001" classname="cviceni.StringBuilderAndBufferTest"/>
  <testcase name="testBufferAppend" time="0,000" classname="cviceni.StringBuilderAndBufferTest"/>
  <testcase name="testBuilderAppend" time="0,000" classname="cviceni.StringBuilderAndBufferTest"/>
  <testcase name="testBuilderAppendDelete" time="0,000" classname="cviceni.StringBuilderAndBufferTest"/>
  <testcase name="testBufferAppendDelete" time="0,001" classname="cviceni.StringBuilderAndBufferTest"/>
  <testcase name="testBufferAppend" time="0,000" classname="cviceni.StringBuilderAndBufferTest"/>
  <testcase name="testBufferAppendDelete" time="0,001" classname="cviceni.StringBuilderAndBufferTest"/>
  <testcase name="testBufferAppendDelete" time="0,000" classname="cviceni.StringBuilderAndBufferTest"/>
  <testcase name="testBuilderAppendDelete" time="0,000" classname="cviceni.StringBuilderAndBufferTest"/>
  <testcase name="testBufferAppendDelete" time="0,000" classname="cviceni.StringBuilderAndBufferTest"/>
  <testcase name="testBufferAppend" time="0,001" classname="cviceni.StringBuilderAndBufferTest"/>
  <testcase name="testBufferAppendDelete" time="0,000" classname="cviceni.StringBuilderAndBufferTest"/>
  <testcase name="testBufferAppend" time="0,001" classname="cviceni.StringBuilderAndBufferTest"/>
  <testcase name="testBufferAppendDelete" time="0,001" classname="cviceni.StringBuilderAndBufferTest"/>
  <testcase name="testBuilderAppendDelete" time="0,000" classname="cviceni.StringBuilderAndBufferTest"/>
  <testcase name="testBufferAppendDelete" time="0,000" classname="cviceni.StringBuilderAndBufferTest"/>
  <testcase name="testBufferAppend" time="0,000" classname="cviceni.StringBuilderAndBufferTest"/>
  <testcase name="testBuilderAppend" time="0,000" classname="cviceni.StringBuilderAndBufferTest"/>
  <testcase name="testBufferAppendDelete" time="0,000" classname="cviceni.StringBuilderAndBufferTest"/>
  <testcase name="testBufferAppend" time="0,001" classname="cviceni.StringBuilderAndBufferTest"/>
  <testcase name="testBufferAppendDelete" time="0,000" classname="cviceni.StringBuilderAndBufferTest"/>
  <testcase name="testBuilderAppendDelete" time="0,000" classname="cviceni.StringBuilderAndBufferTest"/>
  <testcase name="testBuilderAppendDelete" time="0,000" classname="cviceni.StringBuilderAndBufferTest"/>
  <testcase name="testBuilderAppend" time="0,000" classname="cviceni.StringBuilderAndBufferTest"/>
  <testcase name="testBuilderAppend" time="0,001" classname="cviceni.StringBuilderAndBufferTest"/>
  <testcase name="testBuilderAppendDelete" time="0,000" classname="cviceni.StringBuilderAndBufferTest"/>
  <testcase name="testBuilderAppend" time="0,000" classname="cviceni.StringBuilderAndBufferTest"/>
  <testcase name="testBufferAppendDelete" time="0,000" classname="cviceni.StringBuilderAndBufferTest"/>
  <testcase name="testBuilderAppend" time="0,000" classname="cviceni.StringBuilderAndBufferTest"/>
  <testcase name="testBuilderAppend" time="0,000" classname="cviceni.StringBuilderAndBufferTest"/>
  <testcase name="testBufferAppend" time="0,000" classname="cviceni.StringBuilderAndBufferTest"/>
  <testcase name="testBuilderAppendDelete" time="0,001" classname="cviceni.StringBuilderAndBufferTest"/>
  <testcase name="testBuilderAppend" time="0,000" classname="cviceni.StringBuilderAndBufferTest"/>
  <testcase name="testBufferAppend" time="0,000" classname="cviceni.StringBuilderAndBufferTest"/>
  <testcase name="testBufferAppend" time="0,000" classname="cviceni.StringBuilderAndBufferTest"/>
  <testcase name="testBuilderAppendDelete" time="0,000" classname="cviceni.StringBuilderAndBufferTest"/>
  <testcase name="testBufferAppend" time="0,001" classname="cviceni.StringBuilderAndBufferTest"/>
  <testcase name="testBufferAppend" time="0,001" classname="cviceni.StringBuilderAndBufferTest"/>
  <testcase name="testBuilderAppend" time="0,001" classname="cviceni.StringBuilderAndBufferTest"/>
  <testcase name="testBuilderAppendDelete" time="0,000" classname="cviceni.StringBuilderAndBufferTest"/>
  <testcase name="testBuilderAppendDelete" time="0,000" classname="cviceni.StringBuilderAndBufferTest"/>
  <testcase name="testBufferAppendDelete" time="0,001" classname="cviceni.StringBuilderAndBufferTest"/>
  <testcase name="testBuilderAppendDelete" time="0,001" classname="cviceni.StringBuilderAndBufferTest"/>
  <testcase name="testBuilderAppendDelete" time="0,002" classname="cviceni.StringBuilderAndBufferTest"/>
  <testcase name="testBufferAppend" time="0,000" classname="cviceni.StringBuilderAndBufferTest"/>
  <testcase name="testBufferAppendDelete" time="0,000" classname="cviceni.StringBuilderAndBufferTest"/>
  <testcase name="testBufferAppend" time="0,000" classname="cviceni.StringBuilderAndBufferTest"/>
  <testcase name="testBuilderAppendDelete" time="0,000" classname="cviceni.StringBuilderAndBufferTest"/>
  <testcase name="testBufferAppendDelete" time="0,000" classname="cviceni.StringBuilderAndBufferTest"/>
  <testcase name="testBufferAppend" time="0,000" classname="cviceni.StringBuilderAndBufferTest"/>
  <testcase name="testBufferAppendDelete" time="0,000" classname="cviceni.StringBuilderAndBufferTest"/>
  <testcase name="testBufferAppendDelete" time="0,000" classname="cviceni.StringBuilderAndBufferTest"/>
  <testcase name="testBuilderAppend" time="0,001" classname="cviceni.StringBuilderAndBufferTest"/>
  <testcase name="testBuilderAppend" time="0,000" classname="cviceni.StringBuilderAndBufferTest"/>
  <testcase name="testBuilderAppendDelete" time="0,000" classname="cviceni.StringBuilderAndBufferTest"/>
  <testcase name="testBuilderAppend" time="0,001" classname="cviceni.StringBuilderAndBufferTest"/>
  <testcase name="testBufferAppendDelete" time="0,000" classname="cviceni.StringBuilderAndBufferTest"/>
  <testcase name="testBuilderAppend" time="0,001" classname="cviceni.StringBuilderAndBufferTest"/>
  <testcase name="testBufferAppend" time="0,000" classname="cviceni.StringBuilderAndBufferTest"/>
  <testcase name="testBuilderAppend" time="0,000" classname="cviceni.StringBuilderAndBufferTest"/>
  <testcase name="testBuilderAppend" time="0,000" classname="cviceni.StringBuilderAndBufferTest"/>
  <testcase name="testBufferAppendDelete" time="0,000" classname="cviceni.StringBuilderAndBufferTest"/>
  <testcase name="testBufferAppend" time="0,000" classname="cviceni.StringBuilderAndBufferTest"/>
  <testcase name="testBuilderAppendDelete" time="0,001" classname="cviceni.StringBuilderAndBufferTest"/>
  <testcase name="testBuilderAppendDelete" time="0,000" classname="cviceni.StringBuilderAndBufferTest"/>
  <testcase name="testBufferAppend" time="0,000" classname="cviceni.StringBuilderAndBufferTest"/>
  <testcase name="testBufferAppendDelete" time="0,000" classname="cviceni.StringBuilderAndBufferTest"/>
  <testcase name="testBuilderAppend" time="0,000" classname="cviceni.StringBuilderAndBufferTest"/>
  <testcase name="testBuilderAppendDelete" time="0,000" classname="cviceni.StringBuilderAndBufferTest"/>
  <testcase name="testBufferAppendDelete" time="0,000" classname="cviceni.StringBuilderAndBufferTest"/>
  <testcase name="testBuilderAppend" time="0,000" classname="cviceni.StringBuilderAndBufferTest"/>
  <testcase name="testBufferAppendDelete" time="0,001" classname="cviceni.StringBuilderAndBufferTest"/>
  <testcase name="testBufferAppendDelete" time="0,000" classname="cviceni.StringBuilderAndBufferTest"/>
  <testcase name="testBuilderAppend" time="0,001" classname="cviceni.StringBuilderAndBufferTest"/>
  <testcase name="testBuilderAppend" time="0,000" classname="cviceni.StringBuilderAndBufferTest"/>
  <testcase name="testBufferAppendDelete" time="0,001" classname="cviceni.StringBuilderAndBufferTest"/>
  <testcase name="testBufferAppend" time="0,000" classname="cviceni.StringBuilderAndBufferTest"/>
  <testcase name="testBuilderAppend" time="0,001" classname="cviceni.StringBuilderAndBufferTest"/>
  <testcase name="testBufferAppendDelete" time="0,001" classname="cviceni.StringBuilderAndBufferTest"/>
  <testcase name="testBuilderAppend" time="0,001" classname="cviceni.StringBuilderAndBufferTest"/>
  <testcase name="testBuilderAppendDelete" time="0,000" classname="cviceni.StringBuilderAndBufferTest"/>
  <testcase name="testBuilderAppendDelete" time="0,000" classname="cviceni.StringBuilderAndBufferTest"/>
  <testcase name="testBuilderAppendDelete" time="0,001" classname="cviceni.StringBuilderAndBufferTest"/>
  <testcase name="testBufferAppendDelete" time="0,000" classname="cviceni.StringBuilderAndBufferTest"/>
  <testcase name="testBufferAppendDelete" time="0,000" classname="cviceni.StringBuilderAndBufferTest"/>
  <testcase name="testBufferAppendDelete" time="0,001" classname="cviceni.StringBuilderAndBufferTest"/>
  <testcase name="testBufferAppendDelete" time="0,001" classname="cviceni.StringBuilderAndBufferTest"/>
  <testcase name="testBuilderAppend" time="0,000" classname="cviceni.StringBuilderAndBufferTest"/>
  <testcase name="testBuilderAppendDelete" time="0,001" classname="cviceni.StringBuilderAndBufferTest"/>
  <testcase name="testBufferAppend" time="0,002" classname="cviceni.StringBuilderAndBufferTest"/>
  <testcase name="testBufferAppendDelete" time="0,001" classname="cviceni.StringBuilderAndBufferTest"/>
  <testcase name="testBuilderAppend" time="0,197" classname="cviceni.StringBuilderAndBufferTest"/>
  <testcase name="testBufferAppend" time="0,000" classname="cviceni.StringBuilderAndBufferTest"/>
  <testcase name="testBuilderAppendDelete" time="0,000" classname="cviceni.StringBuilderAndBufferTest"/>
  <testcase name="testBufferAppend" time="0,000" classname="cviceni.StringBuilderAndBufferTest"/>
  <testcase name="testBufferAppend" time="0,000" classname="cviceni.StringBuilderAndBufferTest"/>
  <testcase name="testBuilderAppend" time="0,000" classname="cviceni.StringBuilderAndBufferTest"/>
  <testcase name="testBuilderAppend" time="0,000" classname="cviceni.StringBuilderAndBufferTest"/>
  <testcase name="testBuilderAppendDelete" time="0,001" classname="cviceni.StringBuilderAndBufferTest"/>
  <testcase name="testBufferAppendDelete" time="0,001" classname="cviceni.StringBuilderAndBufferTest"/>
  <testcase name="testBufferAppend" time="0,000" classname="cviceni.StringBuilderAndBufferTest"/>
  <testcase name="testBuilderAppendDelete" time="0,001" classname="cviceni.StringBuilderAndBufferTest"/>
  <testcase name="testBuilderAppend" time="0,000" classname="cviceni.StringBuilderAndBufferTest"/>
  <testcase name="testBufferAppendDelete" time="0,001" classname="cviceni.StringBuilderAndBufferTest"/>
  <testcase name="testBuilderAppend" time="0,000" classname="cviceni.StringBuilderAndBufferTest"/>
  <testcase name="testBuilderAppend" time="0,000" classname="cviceni.StringBuilderAndBufferTest"/>
  <testcase name="testBufferAppendDelete" time="0,000" classname="cviceni.StringBuilderAndBufferTest"/>
  <testcase name="testBuilderAppend" time="0,000" classname="cviceni.StringBuilderAndBufferTest"/>
  <testcase name="testBufferAppendDelete" time="0,000" classname="cviceni.StringBuilderAndBufferTest"/>
  <testcase name="testBuilderAppendDelete" time="0,000" classname="cviceni.StringBuilderAndBufferTest"/>
  <testcase name="testBufferAppendDelete" time="0,001" classname="cviceni.StringBuilderAndBufferTest"/>
  <testcase name="testBuilderAppend" time="0,000" classname="cviceni.StringBuilderAndBufferTest"/>
  <testcase name="testBuilderAppendDelete" time="0,000" classname="cviceni.StringBuilderAndBufferTest"/>
  <testcase name="testBuilderAppendDelete" time="0,000" classname="cviceni.StringBuilderAndBufferTest"/>
  <testcase name="testBuilderAppend" time="0,000" classname="cviceni.StringBuilderAndBufferTest"/>
  <testcase name="testBufferAppend" time="0,000" classname="cviceni.StringBuilderAndBufferTest"/>
  <testcase name="testBuilderAppendDelete" time="0,000" classname="cviceni.StringBuilderAndBufferTest"/>
  <testcase name="testBufferAppend" time="0,001" classname="cviceni.StringBuilderAndBufferTest"/>
  <testcase name="testBuilderAppendDelete" time="0,001" classname="cviceni.StringBuilderAndBufferTest"/>
  <testcase name="testBufferAppend" time="0,001" classname="cviceni.StringBuilderAndBufferTest"/>
  <testcase name="testBufferAppendDelete" time="0,000" classname="cviceni.StringBuilderAndBufferTest"/>
  <testcase name="testBuilderAppendDelete" time="0,000" classname="cviceni.StringBuilderAndBufferTest"/>
  <testcase name="testBufferAppend" time="0,000" classname="cviceni.StringBuilderAndBufferTest"/>
  <testcase name="testBuilderAppend" time="0,001" classname="cviceni.StringBuilderAndBufferTest"/>
  <testcase name="testBuilderAppendDelete" time="0,000" classname="cviceni.StringBuilderAndBufferTest"/>
  <testcase name="testBufferAppend" time="0,000" classname="cviceni.StringBuilderAndBufferTest"/>
  <testcase name="testBufferAppendDelete" time="0,000" classname="cviceni.StringBuilderAndBufferTest"/>
  <testcase name="testBuilderAppendDelete" time="0,000" classname="cviceni.StringBuilderAndBufferTest"/>
  <testcase name="testBufferAppendDelete" time="0,065" classname="cviceni.StringBuilderAndBufferTest"/>
  <testcase name="testBufferAppend" time="0,000" classname="cviceni.StringBuilderAndBufferTest"/>
  <testcase name="testBuilderAppend" time="0,001" classname="cviceni.StringBuilderAndBufferTest"/>
  <testcase name="testBufferAppend" time="0,000" classname="cviceni.StringBuilderAndBufferTest"/>
  <testcase name="testBufferAppendDelete" time="0,001" classname="cviceni.StringBuilderAndBufferTest"/>
  <testcase name="testBufferAppend" time="0,000" classname="cviceni.StringBuilderAndBufferTest"/>
  <testcase name="testBufferAppendDelete" time="0,001" classname="cviceni.StringBuilderAndBufferTest"/>
  <testcase name="testBufferAppend" time="0,000" classname="cviceni.StringBuilderAndBufferTest"/>
  <testcase name="testBuilderAppendDelete" time="0,000" classname="cviceni.StringBuilderAndBufferTest"/>
  <testcase name="testBuilderAppend" time="0,001" classname="cviceni.StringBuilderAndBufferTest"/>
  <testcase name="testBuilderAppend" time="0,000" classname="cviceni.StringBuilderAndBufferTest"/>
  <testcase name="testBuilderAppend" time="0,000" classname="cviceni.StringBuilderAndBufferTest"/>
  <testcase name="testBufferAppendDelete" time="0,001" classname="cviceni.StringBuilderAndBufferTest"/>
  <testcase name="testBuilderAppend" time="0,000" classname="cviceni.StringBuilderAndBufferTest"/>
  <testcase name="testBuilderAppend" time="0,000" classname="cviceni.StringBuilderAndBufferTest"/>
  <testcase name="testBufferAppendDelete" time="0,001" classname="cviceni.StringBuilderAndBufferTest"/>
  <testcase name="testBuilderAppendDelete" time="0,000" classname="cviceni.StringBuilderAndBufferTest"/>
  <testcase name="testBuilderAppend" time="0,000" classname="cviceni.StringBuilderAndBufferTest"/>
  <testcase name="testBufferAppend" time="0,000" classname="cviceni.StringBuilderAndBufferTest"/>
  <testcase name="testBufferAppendDelete" time="0,000" classname="cviceni.StringBuilderAndBufferTest"/>
  <testcase name="testBuilderAppend" time="0,000" classname="cviceni.StringBuilderAndBufferTest"/>
  <testcase name="testBufferAppend" time="0,000" classname="cviceni.StringBuilderAndBufferTest"/>
  <testcase name="testBuilderAppendDelete" time="0,000" classname="cviceni.StringBuilderAndBufferTest"/>
  <testcase name="testBuilderAppendDelete" time="0,000" classname="cviceni.StringBuilderAndBufferTest"/>
  <testcase name="testBufferAppend" time="0,000" classname="cviceni.StringBuilderAndBufferTest"/>
  <testcase name="testBuilderAppend" time="0,000" classname="cviceni.StringBuilderAndBufferTest"/>
  <testcase name="testBuilderAppendDelete" time="0,000" classname="cviceni.StringBuilderAndBufferTest"/>
  <testcase name="testBufferAppend" time="0,000" classname="cviceni.StringBuilderAndBufferTest"/>
  <testcase name="testBuilderAppend" time="0,000" classname="cviceni.StringBuilderAndBufferTest"/>
  <testcase name="testBufferAppendDelete" time="0,000" classname="cviceni.StringBuilderAndBufferTest"/>
  <testcase name="testBuilderAppend" time="0,000" classname="cviceni.StringBuilderAndBufferTest"/>
  <testcase name="testBufferAppendDelete" time="0,000" classname="cviceni.StringBuilderAndBufferTest"/>
  <testcase name="testBufferAppendDelete" time="0,001" classname="cviceni.StringBuilderAndBufferTest"/>
  <testcase name="testBuilderAppend" time="0,000" classname="cviceni.StringBuilderAndBufferTest"/>
  <testcase name="testBuilderAppend" time="0,001" classname="cviceni.StringBuilderAndBufferTest"/>
  <testcase name="testBuilderAppend" time="0,000" classname="cviceni.StringBuilderAndBufferTest"/>
  <testcase name="testBufferAppendDelete" time="0,001" classname="cviceni.StringBuilderAndBufferTest"/>
  <testcase name="testBuilderAppendDelete" time="0,000" classname="cviceni.StringBuilderAndBufferTest"/>
  <testcase name="testBuilderAppendDelete" time="0,000" classname="cviceni.StringBuilderAndBufferTest"/>
  <testcase name="testBufferAppend" time="0,000" classname="cviceni.StringBuilderAndBufferTest"/>
  <testcase name="testBufferAppendDelete" time="0,000" classname="cviceni.StringBuilderAndBufferTest"/>
  <testcase name="testBufferAppend" time="0,000" classname="cviceni.StringBuilderAndBufferTest"/>
  <testcase name="testBuilderAppendDelete" time="0,000" classname="cviceni.StringBuilderAndBufferTest"/>
  <testcase name="testBufferAppend" time="0,001" classname="cviceni.StringBuilderAndBufferTest"/>
  <testcase name="testBufferAppend" time="0,001" classname="cviceni.StringBuilderAndBufferTest"/>
  <testcase name="testBufferAppend" time="0,001" classname="cviceni.StringBuilderAndBufferTest"/>
  <testcase name="testBuilderAppend" time="0,000" classname="cviceni.StringBuilderAndBufferTest"/>
  <testcase name="testBuilderAppend" time="0,001" classname="cviceni.StringBuilderAndBufferTest"/>
  <testcase name="testBufferAppendDelete" time="0,000" classname="cviceni.StringBuilderAndBufferTest"/>
  <testcase name="testBuilderAppendDelete" time="0,000" classname="cviceni.StringBuilderAndBufferTest"/>
  <testcase name="testBuilderAppendDelete" time="0,000" classname="cviceni.StringBuilderAndBufferTest"/>
  <testcase name="testBufferAppend" time="0,000" classname="cviceni.StringBuilderAndBufferTest"/>
  <testcase name="testBufferAppendDelete" time="0,000" classname="cviceni.StringBuilderAndBufferTest"/>
  <testcase name="testBufferAppend" time="0,000" classname="cviceni.StringBuilderAndBufferTest"/>
  <testcase name="testBufferAppend" time="0,000" classname="cviceni.StringBuilderAndBufferTest"/>
  <testcase name="testBufferAppend" time="0,000" classname="cviceni.StringBuilderAndBufferTest"/>
  <testcase name="testBuilderAppendDelete" time="0,001" classname="cviceni.StringBuilderAndBufferTest"/>
  <testcase name="testBufferAppend" time="0,001" classname="cviceni.StringBuilderAndBufferTest"/>
  <testcase name="testBufferAppendDelete" time="0,000" classname="cviceni.StringBuilderAndBufferTest"/>
  <testcase name="testBufferAppendDelete" time="0,000" classname="cviceni.StringBuilderAndBufferTest"/>
  <testcase name="testBufferAppend" time="0,000" classname="cviceni.StringBuilderAndBufferTest"/>
  <testcase name="testBufferAppend" time="0,000" classname="cviceni.StringBuilderAndBufferTest"/>
  <testcase name="testBufferAppendDelete" time="0,000" classname="cviceni.StringBuilderAndBufferTest"/>
  <testcase name="testBuilderAppend" time="0,001" classname="cviceni.StringBuilderAndBufferTest"/>
  <testcase name="testBuilderAppendDelete" time="0,001" classname="cviceni.StringBuilderAndBufferTest"/>
  <testcase name="testBufferAppend" time="0,000" classname="cviceni.StringBuilderAndBufferTest"/>
  <testcase name="testBuilderAppend" time="0,001" classname="cviceni.StringBuilderAndBufferTest"/>
  <testcase name="testBufferAppendDelete" time="0,000" classname="cviceni.StringBuilderAndBufferTest"/>
  <testcase name="testBufferAppendDelete" time="0,000" classname="cviceni.StringBuilderAndBufferTest"/>
  <testcase name="testBufferAppendDelete" time="0,001" classname="cviceni.StringBuilderAndBufferTest"/>
  <testcase name="testBufferAppend" time="0,000" classname="cviceni.StringBuilderAndBufferTest"/>
  <testcase name="testBufferAppend" time="0,000" classname="cviceni.StringBuilderAndBufferTest"/>
  <testcase name="testBufferAppend" time="0,001" classname="cviceni.StringBuilderAndBufferTest"/>
  <testcase name="testBufferAppend" time="0,000" classname="cviceni.StringBuilderAndBufferTest"/>
  <testcase name="testBufferAppendDelete" time="0,000" classname="cviceni.StringBuilderAndBufferTest"/>
  <testcase name="testBufferAppend" time="0,000" classname="cviceni.StringBuilderAndBufferTest"/>
  <testcase name="testBufferAppend" time="0,001" classname="cviceni.StringBuilderAndBufferTest"/>
  <testcase name="testBufferAppend" time="0,000" classname="cviceni.StringBuilderAndBufferTest"/>
  <testcase name="testBuilderAppendDelete" time="0,001" classname="cviceni.StringBuilderAndBufferTest"/>
  <testcase name="testBufferAppendDelete" time="0,000" classname="cviceni.StringBuilderAndBufferTest"/>
  <testcase name="testBuilderAppend" time="0,000" classname="cviceni.StringBuilderAndBufferTest"/>
  <testcase name="testBufferAppendDelete" time="0,000" classname="cviceni.StringBuilderAndBufferTest"/>
  <testcase name="testBufferAppend" time="0,001" classname="cviceni.StringBuilderAndBufferTest"/>
  <testcase name="testBufferAppend" time="0,001" classname="cviceni.StringBuilderAndBufferTest"/>
  <testcase name="testBuilderAppendDelete" time="0,000" classname="cviceni.StringBuilderAndBufferTest"/>
  <testcase name="testBufferAppend" time="0,001" classname="cviceni.StringBuilderAndBufferTest"/>
  <testcase name="testBuilderAppend" time="0,000" classname="cviceni.StringBuilderAndBufferTest"/>
  <testcase name="testBufferAppendDelete" time="0,000" classname="cviceni.StringBuilderAndBufferTest"/>
  <testcase name="testBufferAppendDelete" time="0,000" classname="cviceni.StringBuilderAndBufferTest"/>
  <testcase name="testBuilderAppend" time="0,000" classname="cviceni.StringBuilderAndBufferTest"/>
  <testcase name="testBuilderAppendDelete" time="0,000" classname="cviceni.StringBuilderAndBufferTest"/>
  <testcase name="testBufferAppend" time="0,000" classname="cviceni.StringBuilderAndBufferTest"/>
  <testcase name="testBufferAppendDelete" time="0,000" classname="cviceni.StringBuilderAndBufferTest"/>
  <testcase name="testBufferAppendDelete" time="0,000" classname="cviceni.StringBuilderAndBufferTest"/>
  <testcase name="testBufferAppendDelete" time="0,000" classname="cviceni.StringBuilderAndBufferTest"/>
  <testcase name="testBuilderAppend" time="0,006" classname="cviceni.StringBuilderAndBufferTest"/>
  <testcase name="testBuilderAppend" time="0,000" classname="cviceni.StringBuilderAndBufferTest"/>
  <testcase name="testBufferAppendDelete" time="0,000" classname="cviceni.StringBuilderAndBufferTest"/>
  <testcase name="testBufferAppend" time="0,000" classname="cviceni.StringBuilderAndBufferTest"/>
  <testcase name="testBufferAppendDelete" time="0,000" classname="cviceni.StringBuilderAndBufferTest"/>
  <testcase name="testBufferAppend" time="0,000" classname="cviceni.StringBuilderAndBufferTest"/>
  <testcase name="testBufferAppend" time="0,000" classname="cviceni.StringBuilderAndBufferTest"/>
  <testcase name="testBuilderAppendDelete" time="0,001" classname="cviceni.StringBuilderAndBufferTest"/>
  <testcase name="testBufferAppendDelete" time="0,001" classname="cviceni.StringBuilderAndBufferTest"/>
  <testcase name="testBufferAppendDelete" time="0,000" classname="cviceni.StringBuilderAndBufferTest"/>
  <testcase name="testBuilderAppendDelete" time="0,000" classname="cviceni.StringBuilderAndBufferTest"/>
  <testcase name="testBufferAppend" time="0,000" classname="cviceni.StringBuilderAndBufferTest"/>
  <testcase name="testBuilderAppend" time="0,001" classname="cviceni.StringBuilderAndBufferTest"/>
  <testcase name="testBuilderAppend" time="0,001" classname="cviceni.StringBuilderAndBufferTest"/>
  <testcase name="testBufferAppend" time="0,001" classname="cviceni.StringBuilderAndBufferTest"/>
  <testcase name="testBufferAppend" time="0,001" classname="cviceni.StringBuilderAndBufferTest"/>
  <testcase name="testBuilderAppend" time="0,001" classname="cviceni.StringBuilderAndBufferTest"/>
  <testcase name="testBufferAppendDelete" time="0,000" classname="cviceni.StringBuilderAndBufferTest"/>
  <testcase name="testBufferAppend" time="0,000" classname="cviceni.StringBuilderAndBufferTest"/>
  <testcase name="testBufferAppendDelete" time="0,000" classname="cviceni.StringBuilderAndBufferTest"/>
  <testcase name="testBufferAppendDelete" time="0,000" classname="cviceni.StringBuilderAndBufferTest"/>
  <testcase name="testBufferAppendDelete" time="0,000" classname="cviceni.StringBuilderAndBufferTest"/>
  <testcase name="testBuilderAppendDelete" time="0,000" classname="cviceni.StringBuilderAndBufferTest"/>
  <testcase name="testBufferAppendDelete" time="0,000" classname="cviceni.StringBuilderAndBufferTest"/>
  <testcase name="testBuilderAppend" time="0,001" classname="cviceni.StringBuilderAndBufferTest"/>
  <testcase name="testBuilderAppendDelete" time="0,000" classname="cviceni.StringBuilderAndBufferTest"/>
  <testcase name="testBufferAppend" time="0,000" classname="cviceni.StringBuilderAndBufferTest"/>
  <testcase name="testBuilderAppendDelete" time="0,000" classname="cviceni.StringBuilderAndBufferTest"/>
  <testcase name="testBuilderAppendDelete" time="0,000" classname="cviceni.StringBuilderAndBufferTest"/>
  <testcase name="testBufferAppend" time="0,000" classname="cviceni.StringBuilderAndBufferTest"/>
  <testcase name="testBufferAppend" time="0,000" classname="cviceni.StringBuilderAndBufferTest"/>
  <testcase name="testBufferAppend" time="0,001" classname="cviceni.StringBuilderAndBufferTest"/>
  <testcase name="testBufferAppend" time="0,000" classname="cviceni.StringBuilderAndBufferTest"/>
  <testcase name="testBuilderAppendDelete" time="0,001" classname="cviceni.StringBuilderAndBufferTest"/>
  <testcase name="testBuilderAppendDelete" time="0,000" classname="cviceni.StringBuilderAndBufferTest"/>
  <testcase name="testBuilderAppend" time="0,001" classname="cviceni.StringBuilderAndBufferTest"/>
  <testcase name="testBufferAppendDelete" time="0,001" classname="cviceni.StringBuilderAndBufferTest"/>
  <testcase name="testBufferAppend" time="0,000" classname="cviceni.StringBuilderAndBufferTest"/>
  <testcase name="testBufferAppend" time="0,001" classname="cviceni.StringBuilderAndBufferTest"/>
  <testcase name="testBufferAppend" time="0,001" classname="cviceni.StringBuilderAndBufferTest"/>
  <testcase name="testBuilderAppend" time="0,001" classname="cviceni.StringBuilderAndBufferTest"/>
  <testcase name="testBufferAppend" time="0,001" classname="cviceni.StringBuilderAndBufferTest"/>
  <testcase name="testBufferAppend" time="0,000" classname="cviceni.StringBuilderAndBufferTest"/>
  <testcase name="testBuilderAppendDelete" time="0,000" classname="cviceni.StringBuilderAndBufferTest"/>
  <testcase name="testBufferAppendDelete" time="0,000" classname="cviceni.StringBuilderAndBufferTest"/>
  <testcase name="testBufferAppend" time="0,000" classname="cviceni.StringBuilderAndBufferTest"/>
  <testcase name="testBuilderAppendDelete" time="0,000" classname="cviceni.StringBuilderAndBufferTest"/>
  <testcase name="testBuilderAppend" time="0,000" classname="cviceni.StringBuilderAndBufferTest"/>
  <testcase name="testBufferAppendDelete" time="0,000" classname="cviceni.StringBuilderAndBufferTest"/>
  <testcase name="testBufferAppendDelete" time="0,001" classname="cviceni.StringBuilderAndBufferTest"/>
  <testcase name="testBuilderAppend" time="0,000" classname="cviceni.StringBuilderAndBufferTest"/>
  <testcase name="testBufferAppend" time="0,000" classname="cviceni.StringBuilderAndBufferTest"/>
  <testcase name="testBufferAppendDelete" time="0,001" classname="cviceni.StringBuilderAndBufferTest"/>
  <testcase name="testBuilderAppendDelete" time="0,001" classname="cviceni.StringBuilderAndBufferTest"/>
  <testcase name="testBufferAppend" time="0,000" classname="cviceni.StringBuilderAndBufferTest"/>
  <testcase name="testBufferAppend" time="0,000" classname="cviceni.StringBuilderAndBufferTest"/>
  <testcase name="testBufferAppendDelete" time="0,000" classname="cviceni.StringBuilderAndBufferTest"/>
  <testcase name="testBuilderAppendDelete" time="0,000" classname="cviceni.StringBuilderAndBufferTest"/>
  <testcase name="testBuilderAppend" time="0,000" classname="cviceni.StringBuilderAndBufferTest"/>
  <testcase name="testBufferAppend" time="0,000" classname="cviceni.StringBuilderAndBufferTest"/>
  <testcase name="testBuilderAppend" time="0,000" classname="cviceni.StringBuilderAndBufferTest"/>
  <testcase name="testBufferAppend" time="0,001" classname="cviceni.StringBuilderAndBufferTest"/>
  <testcase name="testBufferAppendDelete" time="0,000" classname="cviceni.StringBuilderAndBufferTest"/>
  <testcase name="testBufferAppend" time="0,001" classname="cviceni.StringBuilderAndBufferTest"/>
  <testcase name="testBuilderAppendDelete" time="0,001" classname="cviceni.StringBuilderAndBufferTest"/>
  <testcase name="testBuilderAppend" time="0,000" classname="cviceni.StringBuilderAndBufferTest"/>
  <testcase name="testBuilderAppendDelete" time="0,000" classname="cviceni.StringBuilderAndBufferTest"/>
  <testcase name="testBuilderAppend" time="0,000" classname="cviceni.StringBuilderAndBufferTest"/>
  <testcase name="testBufferAppend" time="0,000" classname="cviceni.StringBuilderAndBufferTest"/>
  <testcase name="testBuilderAppend" time="0,001" classname="cviceni.StringBuilderAndBufferTest"/>
  <testcase name="testBuilderAppend" time="0,000" classname="cviceni.StringBuilderAndBufferTest"/>
  <testcase name="testBufferAppend" time="0,000" classname="cviceni.StringBuilderAndBufferTest"/>
  <testcase name="testBufferAppend" time="0,000" classname="cviceni.StringBuilderAndBufferTest"/>
  <testcase name="testBuilderAppendDelete" time="0,001" classname="cviceni.StringBuilderAndBufferTest"/>
  <testcase name="testBufferAppend" time="0,001" classname="cviceni.StringBuilderAndBufferTest"/>
  <testcase name="testBufferAppend" time="0,000" classname="cviceni.StringBuilderAndBufferTest"/>
  <testcase name="testBuilderAppend" time="0,000" classname="cviceni.StringBuilderAndBufferTest"/>
  <testcase name="testBuilderAppend" time="0,000" classname="cviceni.StringBuilderAndBufferTest"/>
  <testcase name="testBufferAppend" time="0,000" classname="cviceni.StringBuilderAndBufferTest"/>
  <testcase name="testBufferAppendDelete" time="0,000" classname="cviceni.StringBuilderAndBufferTest"/>
  <testcase name="testBufferAppend" time="0,000" classname="cviceni.StringBuilderAndBufferTest"/>
  <testcase name="testBufferAppendDelete" time="0,000" classname="cviceni.StringBuilderAndBufferTest"/>
  <testcase name="testBuilderAppendDelete" time="0,001" classname="cviceni.StringBuilderAndBufferTest"/>
  <testcase name="testBuilderAppend" time="0,000" classname="cviceni.StringBuilderAndBufferTest"/>
  <testcase name="testBufferAppendDelete" time="0,000" classname="cviceni.StringBuilderAndBufferTest"/>
  <testcase name="testBuilderAppendDelete" time="0,000" classname="cviceni.StringBuilderAndBufferTest"/>
  <testcase name="testBufferAppendDelete" time="0,001" classname="cviceni.StringBuilderAndBufferTest"/>
  <testcase name="testBuilderAppendDelete" time="0,000" classname="cviceni.StringBuilderAndBufferTest"/>
  <testcase name="testBuilderAppend" time="0,001" classname="cviceni.StringBuilderAndBufferTest"/>
  <testcase name="testBufferAppend" time="0,000" classname="cviceni.StringBuilderAndBufferTest"/>
  <testcase name="testBufferAppend" time="0,000" classname="cviceni.StringBuilderAndBufferTest"/>
  <testcase name="testBufferAppendDelete" time="0,000" classname="cviceni.StringBuilderAndBufferTest"/>
  <testcase name="testBufferAppend" time="0,000" classname="cviceni.StringBuilderAndBufferTest"/>
  <testcase name="testBuilderAppend" time="0,000" classname="cviceni.StringBuilderAndBufferTest"/>
  <testcase name="testBuilderAppend" time="0,000" classname="cviceni.StringBuilderAndBufferTest"/>
  <testcase name="testBufferAppend" time="0,000" classname="cviceni.StringBuilderAndBufferTest"/>
  <testcase name="testBuilderAppendDelete" time="0,000" classname="cviceni.StringBuilderAndBufferTest"/>
  <testcase name="testBufferAppendDelete" time="0,000" classname="cviceni.StringBuilderAndBufferTest"/>
  <testcase name="testBuilderAppend" time="0,000" classname="cviceni.StringBuilderAndBufferTest"/>
  <testcase name="testBuilderAppendDelete" time="0,001" classname="cviceni.StringBuilderAndBufferTest"/>
  <testcase name="testBufferAppend" time="0,000" classname="cviceni.StringBuilderAndBufferTest"/>
  <testcase name="testBuilderAppendDelete" time="0,000" classname="cviceni.StringBuilderAndBufferTest"/>
  <testcase name="testBufferAppendDelete" time="0,001" classname="cviceni.StringBuilderAndBufferTest"/>
  <testcase name="testBufferAppendDelete" time="0,001" classname="cviceni.StringBuilderAndBufferTest"/>
  <testcase name="testBuilderAppend" time="0,001" classname="cviceni.StringBuilderAndBufferTest"/>
  <testcase name="testBuilderAppend" time="0,001" classname="cviceni.StringBuilderAndBufferTest"/>
  <testcase name="testBuilderAppend" time="0,000" classname="cviceni.StringBuilderAndBufferTest"/>
  <testcase name="testBufferAppend" time="0,000" classname="cviceni.StringBuilderAndBufferTest"/>
  <testcase name="testBufferAppend" time="0,000" classname="cviceni.StringBuilderAndBufferTest"/>
  <testcase name="testBufferAppend" time="0,000" classname="cviceni.StringBuilderAndBufferTest"/>
  <testcase name="testBufferAppend" time="0,000" classname="cviceni.StringBuilderAndBufferTest"/>
  <testcase name="testBufferAppendDelete" time="0,001" classname="cviceni.StringBuilderAndBufferTest"/>
  <testcase name="testBufferAppend" time="0,000" classname="cviceni.StringBuilderAndBufferTest"/>
  <testcase name="testBuilderAppendDelete" time="0,000" classname="cviceni.StringBuilderAndBufferTest"/>
  <testcase name="testBuilderAppend" time="0,000" classname="cviceni.StringBuilderAndBufferTest"/>
  <testcase name="testBuilderAppend" time="0,000" classname="cviceni.StringBuilderAndBufferTest"/>
  <testcase name="testBufferAppendDelete" time="0,000" classname="cviceni.StringBuilderAndBufferTest"/>
  <testcase name="testBufferAppend" time="0,001" classname="cviceni.StringBuilderAndBufferTest"/>
  <testcase name="testBuilderAppend" time="0,001" classname="cviceni.StringBuilderAndBufferTest"/>
  <testcase name="testBuilderAppendDelete" time="0,000" classname="cviceni.StringBuilderAndBufferTest"/>
  <testcase name="testBufferAppend" time="0,001" classname="cviceni.StringBuilderAndBufferTest"/>
  <testcase name="testBufferAppendDelete" time="0,000" classname="cviceni.StringBuilderAndBufferTest"/>
  <testcase name="testBufferAppend" time="0,000" classname="cviceni.StringBuilderAndBufferTest"/>
  <testcase name="testBuilderAppendDelete" time="0,000" classname="cviceni.StringBuilderAndBufferTest"/>
  <testcase name="testBuilderAppendDelete" time="0,000" classname="cviceni.StringBuilderAndBufferTest"/>
  <testcase name="testBufferAppendDelete" time="0,000" classname="cviceni.StringBuilderAndBufferTest"/>
  <testcase name="testBuilderAppend" time="0,001" classname="cviceni.StringBuilderAndBufferTest"/>
  <testcase name="testBuilderAppendDelete" time="0,001" classname="cviceni.StringBuilderAndBufferTest"/>
  <testcase name="testBufferAppend" time="0,000" classname="cviceni.StringBuilderAndBufferTest"/>
  <testcase name="testBuilderAppend" time="0,000" classname="cviceni.StringBuilderAndBufferTest"/>
  <testcase name="testBuilderAppendDelete" time="0,000" classname="cviceni.StringBuilderAndBufferTest"/>
  <testcase name="testBufferAppendDelete" time="0,001" classname="cviceni.StringBuilderAndBufferTest"/>
  <testcase name="testBuilderAppend" time="0,001" classname="cviceni.StringBuilderAndBufferTest"/>
  <testcase name="testBuilderAppendDelete" time="0,000" classname="cviceni.StringBuilderAndBufferTest"/>
  <testcase name="testBufferAppend" time="0,000" classname="cviceni.StringBuilderAndBufferTest"/>
  <testcase name="testBuilderAppendDelete" time="0,001" classname="cviceni.StringBuilderAndBufferTest"/>
  <testcase name="testBuilderAppend" time="0,000" classname="cviceni.StringBuilderAndBufferTest"/>
  <testcase name="testBuilderAppendDelete" time="0,001" classname="cviceni.StringBuilderAndBufferTest"/>
  <testcase name="testBufferAppend" time="0,000" classname="cviceni.StringBuilderAndBufferTest"/>
  <testcase name="testBufferAppendDelete" time="0,000" classname="cviceni.StringBuilderAndBufferTest"/>
  <testcase name="testBufferAppendDelete" time="0,001" classname="cviceni.StringBuilderAndBufferTest"/>
  <testcase name="testBufferAppend" time="0,000" classname="cviceni.StringBuilderAndBufferTest"/>
  <testcase name="testBuilderAppendDelete" time="0,000" classname="cviceni.StringBuilderAndBufferTest"/>
  <testcase name="testBuilderAppendDelete" time="0,000" classname="cviceni.StringBuilderAndBufferTest"/>
  <testcase name="testBufferAppend" time="0,000" classname="cviceni.StringBuilderAndBufferTest"/>
  <testcase name="testBufferAppend" time="0,000" classname="cviceni.StringBuilderAndBufferTest"/>
  <testcase name="testBufferAppendDelete" time="0,001" classname="cviceni.StringBuilderAndBufferTest"/>
  <testcase name="testBuilderAppend" time="0,000" classname="cviceni.StringBuilderAndBufferTest"/>
  <testcase name="testBufferAppendDelete" time="0,000" classname="cviceni.StringBuilderAndBufferTest"/>
  <testcase name="testBuilderAppendDelete" time="0,000" classname="cviceni.StringBuilderAndBufferTest"/>
  <testcase name="testBufferAppendDelete" time="0,001" classname="cviceni.StringBuilderAndBufferTest"/>
  <testcase name="testBuilderAppend" time="0,000" classname="cviceni.StringBuilderAndBufferTest"/>
  <testcase name="testBufferAppendDelete" time="0,000" classname="cviceni.StringBuilderAndBufferTest"/>
  <testcase name="testBuilderAppendDelete" time="0,000" classname="cviceni.StringBuilderAndBufferTest"/>
  <testcase name="testBufferAppend" time="0,000" classname="cviceni.StringBuilderAndBufferTest"/>
  <testcase name="testBuilderAppend" time="0,000" classname="cviceni.StringBuilderAndBufferTest"/>
  <testcase name="testBufferAppendDelete" time="0,000" classname="cviceni.StringBuilderAndBufferTest"/>
  <testcase name="testBufferAppendDelete" time="0,000" classname="cviceni.StringBuilderAndBufferTest"/>
  <testcase name="testBufferAppend" time="0,000" classname="cviceni.StringBuilderAndBufferTest"/>
  <testcase name="testBuilderAppendDelete" time="0,000" classname="cviceni.StringBuilderAndBufferTest"/>
  <testcase name="testBufferAppend" time="0,000" classname="cviceni.StringBuilderAndBufferTest"/>
  <testcase name="testBuilderAppend" time="0,000" classname="cviceni.StringBuilderAndBufferTest"/>
  <testcase name="testBuilderAppendDelete" time="0,000" classname="cviceni.StringBuilderAndBufferTest"/>
  <testcase name="testBufferAppendDelete" time="0,000" classname="cviceni.StringBuilderAndBufferTest"/>
  <testcase name="testBufferAppend" time="0,001" classname="cviceni.StringBuilderAndBufferTest"/>
  <testcase name="testBufferAppend" time="0,000" classname="cviceni.StringBuilderAndBufferTest"/>
  <testcase name="testBufferAppendDelete" time="0,001" classname="cviceni.StringBuilderAndBufferTest"/>
  <testcase name="testBuilderAppend" time="0,000" classname="cviceni.StringBuilderAndBufferTest"/>
  <testcase name="testBufferAppend" time="0,001" classname="cviceni.StringBuilderAndBufferTest"/>
  <testcase name="testBufferAppend" time="0,000" classname="cviceni.StringBuilderAndBufferTest"/>
  <testcase name="testBuilderAppend" time="0,000" classname="cviceni.StringBuilderAndBufferTest"/>
  <testcase name="testBuilderAppend" time="0,001" classname="cviceni.StringBuilderAndBufferTest"/>
  <testcase name="testBuilderAppendDelete" time="0,001" classname="cviceni.StringBuilderAndBufferTest"/>
  <testcase name="testBufferAppendDelete" time="0,001" classname="cviceni.StringBuilderAndBufferTest"/>
  <testcase name="testBuilderAppendDelete" time="0,000" classname="cviceni.StringBuilderAndBufferTest"/>
  <testcase name="testBufferAppend" time="0,000" classname="cviceni.StringBuilderAndBufferTest"/>
  <testcase name="testBufferAppendDelete" time="0,001" classname="cviceni.StringBuilderAndBufferTest"/>
  <testcase name="testBuilderAppendDelete" time="0,000" classname="cviceni.StringBuilderAndBufferTest"/>
  <testcase name="testBufferAppend" time="0,004" classname="cviceni.StringBuilderAndBufferTest"/>
  <testcase name="testBuilderAppendDelete" time="0,000" classname="cviceni.StringBuilderAndBufferTest"/>
  <testcase name="testBuilderAppend" time="0,001" classname="cviceni.StringBuilderAndBufferTest"/>
  <testcase name="testBuilderAppendDelete" time="0,000" classname="cviceni.StringBuilderAndBufferTest"/>
  <testcase name="testBufferAppend" time="0,000" classname="cviceni.StringBuilderAndBufferTest"/>
  <testcase name="testBufferAppendDelete" time="0,001" classname="cviceni.StringBuilderAndBufferTest"/>
  <testcase name="testBuilderAppendDelete" time="0,000" classname="cviceni.StringBuilderAndBufferTest"/>
  <testcase name="testBuilderAppendDelete" time="0,000" classname="cviceni.StringBuilderAndBufferTest"/>
  <testcase name="testBufferAppendDelete" time="0,000" classname="cviceni.StringBuilderAndBufferTest"/>
  <testcase name="testBufferAppendDelete" time="0,000" classname="cviceni.StringBuilderAndBufferTest"/>
  <testcase name="testBufferAppendDelete" time="0,000" classname="cviceni.StringBuilderAndBufferTest"/>
  <testcase name="testBuilderAppend" time="0,008" classname="cviceni.StringBuilderAndBufferTest"/>
  <testcase name="testBuilderAppend" time="0,000" classname="cviceni.StringBuilderAndBufferTest"/>
  <testcase name="testBufferAppend" time="0,001" classname="cviceni.StringBuilderAndBufferTest"/>
  <testcase name="testBufferAppend" time="0,001" classname="cviceni.StringBuilderAndBufferTest"/>
  <testcase name="testBufferAppend" time="0,000" classname="cviceni.StringBuilderAndBufferTest"/>
  <testcase name="testBuilderAppendDelete" time="0,000" classname="cviceni.StringBuilderAndBufferTest"/>
  <testcase name="testBufferAppendDelete" time="0,000" classname="cviceni.StringBuilderAndBufferTest"/>
  <testcase name="testBufferAppendDelete" time="0,000" classname="cviceni.StringBuilderAndBufferTest"/>
  <testcase name="testBufferAppend" time="0,000" classname="cviceni.StringBuilderAndBufferTest"/>
  <testcase name="testBufferAppend" time="0,000" classname="cviceni.StringBuilderAndBufferTest"/>
  <testcase name="testBuilderAppend" time="0,000" classname="cviceni.StringBuilderAndBufferTest"/>
  <testcase name="testBuilderAppendDelete" time="0,000" classname="cviceni.StringBuilderAndBufferTest"/>
  <testcase name="testBufferAppend" time="0,000" classname="cviceni.StringBuilderAndBufferTest"/>
  <testcase name="testBuilderAppend" time="0,000" classname="cviceni.StringBuilderAndBufferTest"/>
  <testcase name="testBufferAppend" time="0,000" classname="cviceni.StringBuilderAndBufferTest"/>
  <testcase name="testBuilderAppend" time="0,000" classname="cviceni.StringBuilderAndBufferTest"/>
  <testcase name="testBufferAppend" time="0,000" classname="cviceni.StringBuilderAndBufferTest"/>
  <testcase name="testBuilderAppend" time="0,000" classname="cviceni.StringBuilderAndBufferTest"/>
  <testcase name="testBuilderAppendDelete" time="0,000" classname="cviceni.StringBuilderAndBufferTest"/>
  <testcase name="testBufferAppendDelete" time="0,000" classname="cviceni.StringBuilderAndBufferTest"/>
  <testcase name="testBufferAppend" time="0,001" classname="cviceni.StringBuilderAndBufferTest"/>
  <testcase name="testBuilderAppendDelete" time="0,000" classname="cviceni.StringBuilderAndBufferTest"/>
  <testcase name="testBuilderAppend" time="0,000" classname="cviceni.StringBuilderAndBufferTest"/>
  <testcase name="testBuilderAppend" time="0,000" classname="cviceni.StringBuilderAndBufferTest"/>
  <testcase name="testBuilderAppendDelete" time="0,001" classname="cviceni.StringBuilderAndBufferTest"/>
  <testcase name="testBufferAppend" time="0,001" classname="cviceni.StringBuilderAndBufferTest"/>
  <testcase name="testBufferAppendDelete" time="0,000" classname="cviceni.StringBuilderAndBufferTest"/>
  <testcase name="testBufferAppendDelete" time="0,000" classname="cviceni.StringBuilderAndBufferTest"/>
  <testcase name="testBuilderAppend" time="0,000" classname="cviceni.StringBuilderAndBufferTest"/>
  <testcase name="testBufferAppend" time="0,000" classname="cviceni.StringBuilderAndBufferTest"/>
  <testcase name="testBufferAppendDelete" time="0,000" classname="cviceni.StringBuilderAndBufferTest"/>
  <testcase name="testBufferAppendDelete" time="0,000" classname="cviceni.StringBuilderAndBufferTest"/>
  <testcase name="testBufferAppendDelete" time="0,000" classname="cviceni.StringBuilderAndBufferTest"/>
  <testcase name="testBuilderAppendDelete" time="0,001" classname="cviceni.StringBuilderAndBufferTest"/>
  <testcase name="testBuilderAppendDelete" time="0,000" classname="cviceni.StringBuilderAndBufferTest"/>
  <testcase name="testBufferAppendDelete" time="0,001" classname="cviceni.StringBuilderAndBufferTest"/>
  <testcase name="testBuilderAppendDelete" time="0,000" classname="cviceni.StringBuilderAndBufferTest"/>
  <testcase name="testBuilderAppendDelete" time="0,002" classname="cviceni.StringBuilderAndBufferTest"/>
  <testcase name="testBuilderAppendDelete" time="0,017" classname="cviceni.StringBuilderAndBufferTest"/>
  <testcase name="testBuilderAppendDelete" time="0,000" classname="cviceni.StringBuilderAndBufferTest"/>
  <testcase name="testBuilderAppendDelete" time="0,000" classname="cviceni.StringBuilderAndBufferTest"/>
  <testcase name="testBuilderAppendDelete" time="0,000" classname="cviceni.StringBuilderAndBufferTest"/>
  <testcase name="testBufferAppendDelete" time="0,000" classname="cviceni.StringBuilderAndBufferTest"/>
  <testcase name="testBufferAppendDelete" time="0,000" classname="cviceni.StringBuilderAndBufferTest"/>
  <testcase name="testBuilderAppend" time="0,000" classname="cviceni.StringBuilderAndBufferTest"/>
  <testcase name="testBuilderAppend" time="0,000" classname="cviceni.StringBuilderAndBufferTest"/>
  <testcase name="testBuilderAppend" time="0,000" classname="cviceni.StringBuilderAndBufferTest"/>
  <testcase name="testBufferAppend" time="0,001" classname="cviceni.StringBuilderAndBufferTest"/>
  <testcase name="testBufferAppend" time="0,000" classname="cviceni.StringBuilderAndBufferTest"/>
  <testcase name="testBufferAppendDelete" time="0,000" classname="cviceni.StringBuilderAndBufferTest"/>
  <testcase name="testBufferAppend" time="0,001" classname="cviceni.StringBuilderAndBufferTest"/>
  <testcase name="testBufferAppendDelete" time="0,000" classname="cviceni.StringBuilderAndBufferTest"/>
  <testcase name="testBufferAppend" time="0,000" classname="cviceni.StringBuilderAndBufferTest"/>
  <testcase name="testBuilderAppend" time="0,001" classname="cviceni.StringBuilderAndBufferTest"/>
  <testcase name="testBuilderAppend" time="0,001" classname="cviceni.StringBuilderAndBufferTest"/>
  <testcase name="testBufferAppendDelete" time="0,000" classname="cviceni.StringBuilderAndBufferTest"/>
  <testcase name="testBufferAppendDelete" time="0,000" classname="cviceni.StringBuilderAndBufferTest"/>
  <testcase name="testBufferAppendDelete" time="0,001" classname="cviceni.StringBuilderAndBufferTest"/>
  <testcase name="testBuilderAppendDelete" time="0,001" classname="cviceni.StringBuilderAndBufferTest"/>
  <testcase name="testBufferAppendDelete" time="0,000" classname="cviceni.StringBuilderAndBufferTest"/>
  <testcase name="testBufferAppend" time="0,000" classname="cviceni.StringBuilderAndBufferTest"/>
  <testcase name="testBufferAppend" time="0,001" classname="cviceni.StringBuilderAndBufferTest"/>
  <testcase name="testBufferAppendDelete" time="0,001" classname="cviceni.StringBuilderAndBufferTest"/>
  <testcase name="testBufferAppend" time="0,000" classname="cviceni.StringBuilderAndBufferTest"/>
  <testcase name="testBufferAppend" time="0,000" classname="cviceni.StringBuilderAndBufferTest"/>
  <testcase name="testBuilderAppend" time="0,001" classname="cviceni.StringBuilderAndBufferTest"/>
  <testcase name="testBufferAppendDelete" time="0,000" classname="cviceni.StringBuilderAndBufferTest"/>
  <testcase name="testBuilderAppend" time="0,000" classname="cviceni.StringBuilderAndBufferTest"/>
  <testcase name="testBuilderAppendDelete" time="0,000" classname="cviceni.StringBuilderAndBufferTest"/>
  <testcase name="testBuilderAppendDelete" time="0,000" classname="cviceni.StringBuilderAndBufferTest"/>
  <testcase name="testBuilderAppendDelete" time="0,000" classname="cviceni.StringBuilderAndBufferTest"/>
  <testcase name="testBuilderAppend" time="0,001" classname="cviceni.StringBuilderAndBufferTest"/>
  <testcase name="testBuilderAppendDelete" time="0,000" classname="cviceni.StringBuilderAndBufferTest"/>
  <testcase name="testBuilderAppend" time="0,001" classname="cviceni.StringBuilderAndBufferTest"/>
  <testcase name="testBuilderAppendDelete" time="0,000" classname="cviceni.StringBuilderAndBufferTest"/>
  <testcase name="testBufferAppend" time="0,000" classname="cviceni.StringBuilderAndBufferTest"/>
  <testcase name="testBuilderAppendDelete" time="0,001" classname="cviceni.StringBuilderAndBufferTest"/>
  <testcase name="testBuilderAppendDelete" time="0,000" classname="cviceni.StringBuilderAndBufferTest"/>
  <testcase name="testBuilderAppend" time="0,000" classname="cviceni.StringBuilderAndBufferTest"/>
  <testcase name="testBuilderAppendDelete" time="0,001" classname="cviceni.StringBuilderAndBufferTest"/>
  <testcase name="testBuilderAppend" time="0,000" classname="cviceni.StringBuilderAndBufferTest"/>
  <testcase name="testBufferAppendDelete" time="0,000" classname="cviceni.StringBuilderAndBufferTest"/>
  <testcase name="testBufferAppendDelete" time="0,000" classname="cviceni.StringBuilderAndBufferTest"/>
  <testcase name="testBufferAppendDelete" time="0,000" classname="cviceni.StringBuilderAndBufferTest"/>
  <testcase name="testBuilderAppend" time="0,000" classname="cviceni.StringBuilderAndBufferTest"/>
  <testcase name="testBufferAppendDelete" time="0,000" classname="cviceni.StringBuilderAndBufferTest"/>
  <testcase name="testBufferAppend" time="0,001" classname="cviceni.StringBuilderAndBufferTest"/>
  <testcase name="testBufferAppend" time="0,000" classname="cviceni.StringBuilderAndBufferTest"/>
  <testcase name="testBuilderAppendDelete" time="0,000" classname="cviceni.StringBuilderAndBufferTest"/>
  <testcase name="testBuilderAppend" time="0,001" classname="cviceni.StringBuilderAndBufferTest"/>
  <testcase name="testBufferAppend" time="0,001" classname="cviceni.StringBuilderAndBufferTest"/>
  <testcase name="testBufferAppend" time="0,014" classname="cviceni.StringBuilderAndBufferTest"/>
  <testcase name="testBufferAppendDelete" time="0,001" classname="cviceni.StringBuilderAndBufferTest"/>
  <testcase name="testBufferAppend" time="0,000" classname="cviceni.StringBuilderAndBufferTest"/>
  <testcase name="testBuilderAppendDelete" time="0,001" classname="cviceni.StringBuilderAndBufferTest"/>
  <testcase name="testBufferAppend" time="0,000" classname="cviceni.StringBuilderAndBufferTest"/>
  <testcase name="testBufferAppend" time="0,000" classname="cviceni.StringBuilderAndBufferTest"/>
  <testcase name="testBuilderAppend" time="0,000" classname="cviceni.StringBuilderAndBufferTest"/>
  <testcase name="testBufferAppend" time="0,000" classname="cviceni.StringBuilderAndBufferTest"/>
  <testcase name="testBuilderAppend" time="0,000" classname="cviceni.StringBuilderAndBufferTest"/>
  <testcase name="testBuilderAppendDelete" time="0,001" classname="cviceni.StringBuilderAndBufferTest"/>
  <testcase name="testBuilderAppend" time="0,000" classname="cviceni.StringBuilderAndBufferTest"/>
  <testcase name="testBuilderAppend" time="0,000" classname="cviceni.StringBuilderAndBufferTest"/>
  <testcase name="testBufferAppend" time="0,000" classname="cviceni.StringBuilderAndBufferTest"/>
  <testcase name="testBufferAppendDelete" time="0,000" classname="cviceni.StringBuilderAndBufferTest"/>
  <testcase name="testBufferAppend" time="0,000" classname="cviceni.StringBuilderAndBufferTest"/>
  <testcase name="testBufferAppend" time="0,001" classname="cviceni.StringBuilderAndBufferTest"/>
  <testcase name="testBuilderAppend" time="0,000" classname="cviceni.StringBuilderAndBufferTest"/>
  <testcase name="testBufferAppendDelete" time="0,001" classname="cviceni.StringBuilderAndBufferTest"/>
  <testcase name="testBuilderAppend" time="0,001" classname="cviceni.StringBuilderAndBufferTest"/>
  <testcase name="testBufferAppend" time="0,000" classname="cviceni.StringBuilderAndBufferTest"/>
  <testcase name="testBufferAppend" time="0,000" classname="cviceni.StringBuilderAndBufferTest"/>
  <testcase name="testBufferAppendDelete" time="0,000" classname="cviceni.StringBuilderAndBufferTest"/>
  <testcase name="testBuilderAppend" time="0,000" classname="cviceni.StringBuilderAndBufferTest"/>
  <testcase name="testBufferAppendDelete" time="0,000" classname="cviceni.StringBuilderAndBufferTest"/>
  <testcase name="testBuilderAppendDelete" time="0,005" classname="cviceni.StringBuilderAndBufferTest"/>
  <testcase name="testBufferAppend" time="0,001" classname="cviceni.StringBuilderAndBufferTest"/>
  <testcase name="testBuilderAppend" time="0,000" classname="cviceni.StringBuilderAndBufferTest"/>
  <testcase name="testBufferAppend" time="0,000" classname="cviceni.StringBuilderAndBufferTest"/>
  <testcase name="testBufferAppendDelete" time="0,001" classname="cviceni.StringBuilderAndBufferTest"/>
  <testcase name="testBufferAppend" time="0,001" classname="cviceni.StringBuilderAndBufferTest"/>
  <testcase name="testBuilderAppendDelete" time="0,000" classname="cviceni.StringBuilderAndBufferTest"/>
  <testcase name="testBuilderAppendDelete" time="0,000" classname="cviceni.StringBuilderAndBufferTest"/>
  <testcase name="testBufferAppend" time="0,000" classname="cviceni.StringBuilderAndBufferTest"/>
  <testcase name="testBuilderAppend" time="0,000" classname="cviceni.StringBuilderAndBufferTest"/>
  <testcase name="testBuilderAppend" time="0,000" classname="cviceni.StringBuilderAndBufferTest"/>
  <testcase name="testBuilderAppend" time="0,001" classname="cviceni.StringBuilderAndBufferTest"/>
  <testcase name="testBufferAppendDelete" time="0,001" classname="cviceni.StringBuilderAndBufferTest"/>
  <testcase name="testBuilderAppend" time="0,000" classname="cviceni.StringBuilderAndBufferTest"/>
  <testcase name="testBufferAppendDelete" time="0,000" classname="cviceni.StringBuilderAndBufferTest"/>
  <testcase name="testBuilderAppend" time="0,001" classname="cviceni.StringBuilderAndBufferTest"/>
  <testcase name="testBuilderAppend" time="0,000" classname="cviceni.StringBuilderAndBufferTest"/>
  <testcase name="testBuilderAppend" time="0,000" classname="cviceni.StringBuilderAndBufferTest"/>
  <testcase name="testBuilderAppend" time="0,000" classname="cviceni.StringBuilderAndBufferTest"/>
  <testcase name="testBuilderAppend" time="0,001" classname="cviceni.StringBuilderAndBufferTest"/>
  <testcase name="testBufferAppend" time="0,000" classname="cviceni.StringBuilderAndBufferTest"/>
  <testcase name="testBuilderAppend" time="0,000" classname="cviceni.StringBuilderAndBufferTest"/>
  <testcase name="testBuilderAppendDelete" time="0,000" classname="cviceni.StringBuilderAndBufferTest"/>
  <testcase name="testBufferAppendDelete" time="0,000" classname="cviceni.StringBuilderAndBufferTest"/>
  <testcase name="testBuilderAppend" time="0,000" classname="cviceni.StringBuilderAndBufferTest"/>
  <testcase name="testBuilderAppendDelete" time="0,000" classname="cviceni.StringBuilderAndBufferTest"/>
  <testcase name="testBufferAppendDelete" time="0,001" classname="cviceni.StringBuilderAndBufferTest"/>
  <testcase name="testBuilderAppendDelete" time="0,000" classname="cviceni.StringBuilderAndBufferTest"/>
  <testcase name="testBufferAppend" time="0,000" classname="cviceni.StringBuilderAndBufferTest"/>
  <testcase name="testBufferAppendDelete" time="0,000" classname="cviceni.StringBuilderAndBufferTest"/>
  <testcase name="testBufferAppendDelete" time="0,000" classname="cviceni.StringBuilderAndBufferTest"/>
  <testcase name="testBufferAppendDelete" time="0,000" classname="cviceni.StringBuilderAndBufferTest"/>
  <testcase name="testBufferAppend" time="0,000" classname="cviceni.StringBuilderAndBufferTest"/>
  <testcase name="testBuilderAppend" time="0,023" classname="cviceni.StringBuilderAndBufferTest"/>
  <testcase name="testBufferAppend" time="0,001" classname="cviceni.StringBuilderAndBufferTest"/>
  <testcase name="testBuilderAppendDelete" time="0,001" classname="cviceni.StringBuilderAndBufferTest"/>
  <testcase name="testBuilderAppendDelete" time="0,000" classname="cviceni.StringBuilderAndBufferTest"/>
  <testcase name="testBuilderAppendDelete" time="0,000" classname="cviceni.StringBuilderAndBufferTest"/>
  <testcase name="testBuilderAppendDelete" time="0,000" classname="cviceni.StringBuilderAndBufferTest"/>
  <testcase name="testBuilderAppendDelete" time="0,001" classname="cviceni.StringBuilderAndBufferTest"/>
  <testcase name="testBuilderAppend" time="0,000" classname="cviceni.StringBuilderAndBufferTest"/>
  <testcase name="testBuilderAppend" time="0,001" classname="cviceni.StringBuilderAndBufferTest"/>
  <testcase name="testBufferAppend" time="0,000" classname="cviceni.StringBuilderAndBufferTest"/>
  <testcase name="testBufferAppend" time="0,000" classname="cviceni.StringBuilderAndBufferTest"/>
  <testcase name="testBuilderAppend" time="0,000" classname="cviceni.StringBuilderAndBufferTest"/>
  <testcase name="testBuilderAppend" time="0,000" classname="cviceni.StringBuilderAndBufferTest"/>
  <testcase name="testBufferAppendDelete" time="0,024" classname="cviceni.StringBuilderAndBufferTest"/>
  <testcase name="testBufferAppend" time="0,000" classname="cviceni.StringBuilderAndBufferTest"/>
  <testcase name="testBufferAppendDelete" time="0,000" classname="cviceni.StringBuilderAndBufferTest"/>
  <testcase name="testBufferAppend" time="0,001" classname="cviceni.StringBuilderAndBufferTest"/>
  <testcase name="testBufferAppend" time="0,000" classname="cviceni.StringBuilderAndBufferTest"/>
  <testcase name="testBufferAppendDelete" time="0,000" classname="cviceni.StringBuilderAndBufferTest"/>
  <testcase name="testBufferAppendDelete" time="0,000" classname="cviceni.StringBuilderAndBufferTest"/>
  <testcase name="testBuilderAppend" time="0,010" classname="cviceni.StringBuilderAndBufferTest"/>
  <testcase name="testBuilderAppend" time="0,000" classname="cviceni.StringBuilderAndBufferTest"/>
  <testcase name="testBufferAppendDelete" time="0,000" classname="cviceni.StringBuilderAndBufferTest"/>
  <testcase name="testBuilderAppend" time="0,001" classname="cviceni.StringBuilderAndBufferTest"/>
  <testcase name="testBuilderAppendDelete" time="0,000" classname="cviceni.StringBuilderAndBufferTest"/>
  <testcase name="testBuilderAppendDelete" time="0,000" classname="cviceni.StringBuilderAndBufferTest"/>
  <testcase name="testBuilderAppend" time="0,001" classname="cviceni.StringBuilderAndBufferTest"/>
  <testcase name="testBufferAppend" time="0,000" classname="cviceni.StringBuilderAndBufferTest"/>
  <testcase name="testBufferAppend" time="0,000" classname="cviceni.StringBuilderAndBufferTest"/>
  <testcase name="testBufferAppend" time="0,000" classname="cviceni.StringBuilderAndBufferTest"/>
  <testcase name="testBuilderAppend" time="0,000" classname="cviceni.StringBuilderAndBufferTest"/>
  <testcase name="testBuilderAppend" time="0,000" classname="cviceni.StringBuilderAndBufferTest"/>
  <testcase name="testBuilderAppendDelete" time="0,001" classname="cviceni.StringBuilderAndBufferTest"/>
  <testcase name="testBufferAppendDelete" time="0,000" classname="cviceni.StringBuilderAndBufferTest"/>
  <testcase name="testBufferAppend" time="0,001" classname="cviceni.StringBuilderAndBufferTest"/>
  <testcase name="testBufferAppendDelete" time="0,000" classname="cviceni.StringBuilderAndBufferTest"/>
  <testcase name="testBuilderAppend" time="0,001" classname="cviceni.StringBuilderAndBufferTest"/>
  <testcase name="testBuilderAppend" time="0,000" classname="cviceni.StringBuilderAndBufferTest"/>
  <testcase name="testBuilderAppendDelete" time="0,001" classname="cviceni.StringBuilderAndBufferTest"/>
  <testcase name="testBuilderAppend" time="0,000" classname="cviceni.StringBuilderAndBufferTest"/>
  <testcase name="testBuilderAppend" time="0,001" classname="cviceni.StringBuilderAndBufferTest"/>
  <testcase name="testBuilderAppendDelete" time="0,000" classname="cviceni.StringBuilderAndBufferTest"/>
  <testcase name="testBufferAppendDelete" time="0,000" classname="cviceni.StringBuilderAndBufferTest"/>
  <testcase name="testBufferAppendDelete" time="0,000" classname="cviceni.StringBuilderAndBufferTest"/>
  <testcase name="testBufferAppend" time="0,000" classname="cviceni.StringBuilderAndBufferTest"/>
  <testcase name="testBuilderAppend" time="0,001" classname="cviceni.StringBuilderAndBufferTest"/>
  <testcase name="testBufferAppend" time="0,000" classname="cviceni.StringBuilderAndBufferTest"/>
  <testcase name="testBuilderAppend" time="0,000" classname="cviceni.StringBuilderAndBufferTest"/>
  <testcase name="testBuilderAppend" time="0,000" classname="cviceni.StringBuilderAndBufferTest"/>
  <testcase name="testBufferAppendDelete" time="0,000" classname="cviceni.StringBuilderAndBufferTest"/>
  <testcase name="testBufferAppendDelete" time="0,001" classname="cviceni.StringBuilderAndBufferTest"/>
  <testcase name="testBuilderAppendDelete" time="0,001" classname="cviceni.StringBuilderAndBufferTest"/>
  <testcase name="testBuilderAppendDelete" time="0,001" classname="cviceni.StringBuilderAndBufferTest"/>
  <testcase name="testBufferAppend" time="0,000" classname="cviceni.StringBuilderAndBufferTest"/>
  <testcase name="testBufferAppendDelete" time="0,000" classname="cviceni.StringBuilderAndBufferTest"/>
  <testcase name="testBufferAppendDelete" time="0,000" classname="cviceni.StringBuilderAndBufferTest"/>
  <testcase name="testBuilderAppendDelete" time="0,001" classname="cviceni.StringBuilderAndBufferTest"/>
  <testcase name="testBuilderAppendDelete" time="0,000" classname="cviceni.StringBuilderAndBufferTest"/>
  <testcase name="testBuilderAppend" time="0,000" classname="cviceni.StringBuilderAndBufferTest"/>
  <testcase name="testBufferAppend" time="0,000" classname="cviceni.StringBuilderAndBufferTest"/>
  <testcase name="testBufferAppendDelete" time="0,000" classname="cviceni.StringBuilderAndBufferTest"/>
  <testcase name="testBuilderAppendDelete" time="0,000" classname="cviceni.StringBuilderAndBufferTest"/>
  <testcase name="testBuilderAppend" time="0,000" classname="cviceni.StringBuilderAndBufferTest"/>
  <testcase name="testBufferAppendDelete" time="0,015" classname="cviceni.StringBuilderAndBufferTest"/>
  <testcase name="testBufferAppendDelete" time="0,000" classname="cviceni.StringBuilderAndBufferTest"/>
  <testcase name="testBuilderAppendDelete" time="0,000" classname="cviceni.StringBuilderAndBufferTest"/>
  <testcase name="testBuilderAppendDelete" time="0,000" classname="cviceni.StringBuilderAndBufferTest"/>
  <testcase name="testBuilderAppend" time="0,000" classname="cviceni.StringBuilderAndBufferTest"/>
  <testcase name="testBuilderAppend" time="0,012" classname="cviceni.StringBuilderAndBufferTest"/>
  <testcase name="testBufferAppend" time="0,001" classname="cviceni.StringBuilderAndBufferTest"/>
  <testcase name="testBufferAppend" time="0,001" classname="cviceni.StringBuilderAndBufferTest"/>
  <testcase name="testBufferAppendDelete" time="0,000" classname="cviceni.StringBuilderAndBufferTest"/>
  <testcase name="testBufferAppend" time="0,000" classname="cviceni.StringBuilderAndBufferTest"/>
  <testcase name="testBuilderAppend" time="0,000" classname="cviceni.StringBuilderAndBufferTest"/>
  <testcase name="testBufferAppendDelete" time="0,001" classname="cviceni.StringBuilderAndBufferTest"/>
  <testcase name="testBufferAppendDelete" time="0,000" classname="cviceni.StringBuilderAndBufferTest"/>
  <testcase name="testBufferAppendDelete" time="0,000" classname="cviceni.StringBuilderAndBufferTest"/>
  <testcase name="testBuilderAppend" time="0,000" classname="cviceni.StringBuilderAndBufferTest"/>
  <testcase name="testBufferAppendDelete" time="0,000" classname="cviceni.StringBuilderAndBufferTest"/>
  <testcase name="testBufferAppendDelete" time="0,000" classname="cviceni.StringBuilderAndBufferTest"/>
  <testcase name="testBufferAppendDelete" time="0,000" classname="cviceni.StringBuilderAndBufferTest"/>
  <testcase name="testBuilderAppend" time="0,000" classname="cviceni.StringBuilderAndBufferTest"/>
  <testcase name="testBuilderAppend" time="0,000" classname="cviceni.StringBuilderAndBufferTest"/>
  <testcase name="testBuilderAppend" time="0,000" classname="cviceni.StringBuilderAndBufferTest"/>
  <testcase name="testBufferAppend" time="0,033" classname="cviceni.StringBuilderAndBufferTest"/>
  <testcase name="testBuilderAppend" time="0,000" classname="cviceni.StringBuilderAndBufferTest"/>
  <testcase name="testBufferAppendDelete" time="0,000" classname="cviceni.StringBuilderAndBufferTest"/>
  <testcase name="testBuilderAppendDelete" time="0,000" classname="cviceni.StringBuilderAndBufferTest"/>
  <testcase name="testBufferAppend" time="0,001" classname="cviceni.StringBuilderAndBufferTest"/>
  <testcase name="testBuilderAppend" time="0,000" classname="cviceni.StringBuilderAndBufferTest"/>
  <testcase name="testBufferAppendDelete" time="0,000" classname="cviceni.StringBuilderAndBufferTest"/>
  <testcase name="testBuilderAppend" time="0,001" classname="cviceni.StringBuilderAndBufferTest"/>
  <testcase name="testBuilderAppend" time="0,001" classname="cviceni.StringBuilderAndBufferTest"/>
  <testcase name="testBufferAppendDelete" time="0,000" classname="cviceni.StringBuilderAndBufferTest"/>
  <testcase name="testBuilderAppendDelete" time="0,000" classname="cviceni.StringBuilderAndBufferTest"/>
  <testcase name="testBuilderAppendDelete" time="0,000" classname="cviceni.StringBuilderAndBufferTest"/>
  <testcase name="testBufferAppend" time="0,000" classname="cviceni.StringBuilderAndBufferTest"/>
  <testcase name="testBufferAppend" time="0,000" classname="cviceni.StringBuilderAndBufferTest"/>
  <testcase name="testBufferAppend" time="0,036" classname="cviceni.StringBuilderAndBufferTest"/>
  <testcase name="testBufferAppend" time="0,000" classname="cviceni.StringBuilderAndBufferTest"/>
  <testcase name="testBufferAppend" time="0,081" classname="cviceni.StringBuilderAndBufferTest"/>
  <testcase name="testBufferAppend" time="0,001" classname="cviceni.StringBuilderAndBufferTest"/>
  <testcase name="testBufferAppend" time="0,000" classname="cviceni.StringBuilderAndBufferTest"/>
  <testcase name="testBufferAppend" time="0,000" classname="cviceni.StringBuilderAndBufferTest"/>
  <testcase name="testBufferAppend" time="0,000" classname="cviceni.StringBuilderAndBufferTest"/>
  <testcase name="testBuilderAppendDelete" time="0,000" classname="cviceni.StringBuilderAndBufferTest"/>
  <testcase name="testBuilderAppendDelete" time="0,001" classname="cviceni.StringBuilderAndBufferTest"/>
  <testcase name="testBuilderAppendDelete" time="0,001" classname="cviceni.StringBuilderAndBufferTest"/>
  <testcase name="testBufferAppendDelete" time="0,000" classname="cviceni.StringBuilderAndBufferTest"/>
  <testcase name="testBuilderAppendDelete" time="0,000" classname="cviceni.StringBuilderAndBufferTest"/>
  <testcase name="testBufferAppend" time="0,001" classname="cviceni.StringBuilderAndBufferTest"/>
  <testcase name="testBufferAppendDelete" time="0,001" classname="cviceni.StringBuilderAndBufferTest"/>
  <testcase name="testBuilderAppendDelete" time="0,001" classname="cviceni.StringBuilderAndBufferTest"/>
  <testcase name="testBufferAppend" time="0,000" classname="cviceni.StringBuilderAndBufferTest"/>
  <testcase name="testBuilderAppendDelete" time="0,000" classname="cviceni.StringBuilderAndBufferTest"/>
  <testcase name="testBufferAppendDelete" time="0,000" classname="cviceni.StringBuilderAndBufferTest"/>
  <testcase name="testBuilderAppend" time="0,001" classname="cviceni.StringBuilderAndBufferTest"/>
  <testcase name="testBufferAppend" time="0,000" classname="cviceni.StringBuilderAndBufferTest"/>
  <testcase name="testBufferAppendDelete" time="0,000" classname="cviceni.StringBuilderAndBufferTest"/>
  <testcase name="testBufferAppend" time="0,000" classname="cviceni.StringBuilderAndBufferTest"/>
  <testcase name="testBuilderAppendDelete" time="0,000" classname="cviceni.StringBuilderAndBufferTest"/>
  <testcase name="testBufferAppend" time="0,000" classname="cviceni.StringBuilderAndBufferTest"/>
  <testcase name="testBuilderAppend" time="0,000" classname="cviceni.StringBuilderAndBufferTest"/>
  <testcase name="testBufferAppendDelete" time="0,001" classname="cviceni.StringBuilderAndBufferTest"/>
  <testcase name="testBuilderAppendDelete" time="0,001" classname="cviceni.StringBuilderAndBufferTest"/>
  <testcase name="testBufferAppendDelete" time="0,001" classname="cviceni.StringBuilderAndBufferTest"/>
  <testcase name="testBuilderAppendDelete" time="0,000" classname="cviceni.StringBuilderAndBufferTest"/>
  <testcase name="testBufferAppendDelete" time="0,000" classname="cviceni.StringBuilderAndBufferTest"/>
  <testcase name="testBufferAppendDelete" time="0,000" classname="cviceni.StringBuilderAndBufferTest"/>
  <testcase name="testBuilderAppend" time="0,001" classname="cviceni.StringBuilderAndBufferTest"/>
  <testcase name="testBuilderAppendDelete" time="0,000" classname="cviceni.StringBuilderAndBufferTest"/>
  <testcase name="testBuilderAppendDelete" time="0,001" classname="cviceni.StringBuilderAndBufferTest"/>
  <testcase name="testBufferAppend" time="0,000" classname="cviceni.StringBuilderAndBufferTest"/>
  <testcase name="testBuilderAppend" time="0,000" classname="cviceni.StringBuilderAndBufferTest"/>
  <testcase name="testBufferAppendDelete" time="0,000" classname="cviceni.StringBuilderAndBufferTest"/>
  <testcase name="testBuilderAppend" time="0,000" classname="cviceni.StringBuilderAndBufferTest"/>
  <testcase name="testBuilderAppendDelete" time="0,000" classname="cviceni.StringBuilderAndBufferTest"/>
  <testcase name="testBufferAppendDelete" time="0,000" classname="cviceni.StringBuilderAndBufferTest"/>
  <testcase name="testBufferAppendDelete" time="0,001" classname="cviceni.StringBuilderAndBufferTest"/>
  <testcase name="testBuilderAppendDelete" time="0,000" classname="cviceni.StringBuilderAndBufferTest"/>
  <testcase name="testBuilderAppendDelete" time="0,000" classname="cviceni.StringBuilderAndBufferTest"/>
  <testcase name="testBuilderAppend" time="0,000" classname="cviceni.StringBuilderAndBufferTest"/>
  <testcase name="testBuilderAppend" time="0,000" classname="cviceni.StringBuilderAndBufferTest"/>
  <testcase name="testBufferAppendDelete" time="0,000" classname="cviceni.StringBuilderAndBufferTest"/>
  <testcase name="testBuilderAppendDelete" time="0,000" classname="cviceni.StringBuilderAndBufferTest"/>
  <testcase name="testBuilderAppend" time="0,000" classname="cviceni.StringBuilderAndBufferTest"/>
  <testcase name="testBufferAppendDelete" time="0,000" classname="cviceni.StringBuilderAndBufferTest"/>
  <testcase name="testBuilderAppendDelete" time="0,000" classname="cviceni.StringBuilderAndBufferTest"/>
  <testcase name="testBufferAppendDelete" time="0,001" classname="cviceni.StringBuilderAndBufferTest"/>
  <testcase name="testBufferAppendDelete" time="0,000" classname="cviceni.StringBuilderAndBufferTest"/>
  <testcase name="testBufferAppendDelete" time="0,000" classname="cviceni.StringBuilderAndBufferTest"/>
  <testcase name="testBufferAppendDelete" time="0,000" classname="cviceni.StringBuilderAndBufferTest"/>
  <testcase name="testBufferAppendDelete" time="0,000" classname="cviceni.StringBuilderAndBufferTest"/>
  <testcase name="testBufferAppend" time="0,000" classname="cviceni.StringBuilderAndBufferTest"/>
  <testcase name="testBuilderAppendDelete" time="0,000" classname="cviceni.StringBuilderAndBufferTest"/>
  <testcase name="testBufferAppendDelete" time="0,000" classname="cviceni.StringBuilderAndBufferTest"/>
  <testcase name="testBuilderAppend" time="0,001" classname="cviceni.StringBuilderAndBufferTest"/>
  <testcase name="testBufferAppend" time="0,001" classname="cviceni.StringBuilderAndBufferTest"/>
  <testcase name="testBuilderAppend" time="0,000" classname="cviceni.StringBuilderAndBufferTest"/>
  <testcase name="testBuilderAppend" time="0,000" classname="cviceni.StringBuilderAndBufferTest"/>
  <testcase name="testBuilderAppendDelete" time="0,001" classname="cviceni.StringBuilderAndBufferTest"/>
  <testcase name="testBuilderAppendDelete" time="0,001" classname="cviceni.StringBuilderAndBufferTest"/>
  <testcase name="testBuilderAppend" time="0,000" classname="cviceni.StringBuilderAndBufferTest"/>
  <testcase name="testBufferAppend" time="0,001" classname="cviceni.StringBuilderAndBufferTest"/>
  <testcase name="testBuilderAppend" time="0,000" classname="cviceni.StringBuilderAndBufferTest"/>
  <testcase name="testBufferAppendDelete" time="0,000" classname="cviceni.StringBuilderAndBufferTest"/>
  <testcase name="testBuilderAppend" time="0,000" classname="cviceni.StringBuilderAndBufferTest"/>
  <testcase name="testBuilderAppend" time="0,000" classname="cviceni.StringBuilderAndBufferTest"/>
  <testcase name="testBuilderAppendDelete" time="0,001" classname="cviceni.StringBuilderAndBufferTest"/>
  <testcase name="testBufferAppendDelete" time="0,000" classname="cviceni.StringBuilderAndBufferTest"/>
  <testcase name="testBuilderAppendDelete" time="0,000" classname="cviceni.StringBuilderAndBufferTest"/>
  <testcase name="testBuilderAppendDelete" time="0,000" classname="cviceni.StringBuilderAndBufferTest"/>
  <testcase name="testBuilderAppendDelete" time="0,000" classname="cviceni.StringBuilderAndBufferTest"/>
  <testcase name="testBuilderAppendDelete" time="0,000" classname="cviceni.StringBuilderAndBufferTest"/>
  <testcase name="testBuilderAppend" time="0,001" classname="cviceni.StringBuilderAndBufferTest"/>
  <testcase name="testBufferAppendDelete" time="0,000" classname="cviceni.StringBuilderAndBufferTest"/>
  <testcase name="testBufferAppendDelete" time="0,000" classname="cviceni.StringBuilderAndBufferTest"/>
  <testcase name="testBufferAppend" time="0,000" classname="cviceni.StringBuilderAndBufferTest"/>
  <testcase name="testBuilderAppendDelete" time="0,002" classname="cviceni.StringBuilderAndBufferTest"/>
  <testcase name="testBufferAppendDelete" time="0,000" classname="cviceni.StringBuilderAndBufferTest"/>
  <testcase name="testBuilderAppend" time="0,000" classname="cviceni.StringBuilderAndBufferTest"/>
  <testcase name="testBuilderAppend" time="0,001" classname="cviceni.StringBuilderAndBufferTest"/>
  <testcase name="testBuilderAppendDelete" time="0,000" classname="cviceni.StringBuilderAndBufferTest"/>
  <testcase name="testBufferAppend" time="0,000" classname="cviceni.StringBuilderAndBufferTest"/>
  <testcase name="testBuilderAppendDelete" time="0,000" classname="cviceni.StringBuilderAndBufferTest"/>
  <testcase name="testBuilderAppendDelete" time="0,000" classname="cviceni.StringBuilderAndBufferTest"/>
  <testcase name="testBuilderAppendDelete" time="0,000" classname="cviceni.StringBuilderAndBufferTest"/>
  <testcase name="testBufferAppend" time="0,000" classname="cviceni.StringBuilderAndBufferTest"/>
  <testcase name="testBufferAppend" time="0,000" classname="cviceni.StringBuilderAndBufferTest"/>
  <testcase name="testBuilderAppend" time="0,000" classname="cviceni.StringBuilderAndBufferTest"/>
  <testcase name="testBufferAppend" time="0,001" classname="cviceni.StringBuilderAndBufferTest"/>
  <testcase name="testBufferAppend" time="0,001" classname="cviceni.StringBuilderAndBufferTest"/>
  <testcase name="testBuilderAppend" time="0,000" classname="cviceni.StringBuilderAndBufferTest"/>
  <testcase name="testBuilderAppendDelete" time="0,000" classname="cviceni.StringBuilderAndBufferTest"/>
  <testcase name="testBuilderAppend" time="0,001" classname="cviceni.StringBuilderAndBufferTest"/>
  <testcase name="testBuilderAppend" time="0,000" classname="cviceni.StringBuilderAndBufferTest"/>
  <testcase name="testBuilderAppendDelete" time="0,000" classname="cviceni.StringBuilderAndBufferTest"/>
  <testcase name="testBufferAppendDelete" time="0,000" classname="cviceni.StringBuilderAndBufferTest"/>
  <testcase name="testBufferAppend" time="0,001" classname="cviceni.StringBuilderAndBufferTest"/>
  <testcase name="testBuilderAppend" time="0,000" classname="cviceni.StringBuilderAndBufferTest"/>
  <testcase name="testBuilderAppend" time="0,000" classname="cviceni.StringBuilderAndBufferTest"/>
  <testcase name="testBuilderAppendDelete" time="0,000" classname="cviceni.StringBuilderAndBufferTest"/>
  <testcase name="testBuilderAppendDelete" time="0,001" classname="cviceni.StringBuilderAndBufferTest"/>
  <testcase name="testBufferAppend" time="0,000" classname="cviceni.StringBuilderAndBufferTest"/>
  <testcase name="testBufferAppend" time="0,001" classname="cviceni.StringBuilderAndBufferTest"/>
  <testcase name="testBuilderAppend" time="0,000" classname="cviceni.StringBuilderAndBufferTest"/>
  <testcase name="testBuilderAppendDelete" time="0,000" classname="cviceni.StringBuilderAndBufferTest"/>
  <testcase name="testBufferAppend" time="0,000" classname="cviceni.StringBuilderAndBufferTest"/>
  <testcase name="testBufferAppend" time="0,001" classname="cviceni.StringBuilderAndBufferTest"/>
  <testcase name="testBuilderAppendDelete" time="0,006" classname="cviceni.StringBuilderAndBufferTest"/>
  <testcase name="testBuilderAppendDelete" time="0,001" classname="cviceni.StringBuilderAndBufferTest"/>
  <testcase name="testBufferAppend" time="0,000" classname="cviceni.StringBuilderAndBufferTest"/>
  <testcase name="testBufferAppendDelete" time="0,001" classname="cviceni.StringBuilderAndBufferTest"/>
  <testcase name="testBufferAppend" time="0,000" classname="cviceni.StringBuilderAndBufferTest"/>
  <testcase name="testBuilderAppendDelete" time="0,000" classname="cviceni.StringBuilderAndBufferTest"/>
  <testcase name="testBuilderAppendDelete" time="0,001" classname="cviceni.StringBuilderAndBufferTest"/>
  <testcase name="testBuilderAppend" time="0,000" classname="cviceni.StringBuilderAndBufferTest"/>
  <testcase name="testBuilderAppendDelete" time="0,000" classname="cviceni.StringBuilderAndBufferTest"/>
  <testcase name="testBuilderAppendDelete" time="0,000" classname="cviceni.StringBuilderAndBufferTest"/>
  <testcase name="testBuilderAppend" time="0,000" classname="cviceni.StringBuilderAndBufferTest"/>
  <testcase name="testBufferAppend" time="0,000" classname="cviceni.StringBuilderAndBufferTest"/>
  <testcase name="testBuilderAppend" time="0,001" classname="cviceni.StringBuilderAndBufferTest"/>
  <testcase name="testBufferAppend" time="0,000" classname="cviceni.StringBuilderAndBufferTest"/>
  <testcase name="testBuilderAppendDelete" time="0,000" classname="cviceni.StringBuilderAndBufferTest"/>
  <testcase name="testBufferAppendDelete" time="0,000" classname="cviceni.StringBuilderAndBufferTest"/>
  <testcase name="testBuilderAppendDelete" time="0,000" classname="cviceni.StringBuilderAndBufferTest"/>
  <testcase name="testBuilderAppend" time="0,000" classname="cviceni.StringBuilderAndBufferTest"/>
  <testcase name="testBufferAppendDelete" time="0,000" classname="cviceni.StringBuilderAndBufferTest"/>
  <testcase name="testBuilderAppend" time="0,001" classname="cviceni.StringBuilderAndBufferTest"/>
  <testcase name="testBuilderAppend" time="0,000" classname="cviceni.StringBuilderAndBufferTest"/>
  <testcase name="testBuilderAppendDelete" time="0,000" classname="cviceni.StringBuilderAndBufferTest"/>
  <testcase name="testBufferAppendDelete" time="0,000" classname="cviceni.StringBuilderAndBufferTest"/>
  <testcase name="testBuilderAppend" time="0,000" classname="cviceni.StringBuilderAndBufferTest"/>
  <testcase name="testBuilderAppend" time="0,001" classname="cviceni.StringBuilderAndBufferTest"/>
  <testcase name="testBuilderAppend" time="0,001" classname="cviceni.StringBuilderAndBufferTest"/>
  <testcase name="testBuilderAppendDelete" time="0,000" classname="cviceni.StringBuilderAndBufferTest"/>
  <testcase name="testBuilderAppend" time="0,001" classname="cviceni.StringBuilderAndBufferTest"/>
  <testcase name="testBufferAppendDelete" time="0,000" classname="cviceni.StringBuilderAndBufferTest"/>
  <testcase name="testBuilderAppendDelete" time="0,000" classname="cviceni.StringBuilderAndBufferTest"/>
  <testcase name="testBuilderAppendDelete" time="0,000" classname="cviceni.StringBuilderAndBufferTest"/>
  <testcase name="testBuilderAppendDelete" time="0,000" classname="cviceni.StringBuilderAndBufferTest"/>
  <testcase name="testBuilderAppendDelete" time="0,000" classname="cviceni.StringBuilderAndBufferTest"/>
  <testcase name="testBufferAppendDelete" time="0,000" classname="cviceni.StringBuilderAndBufferTest"/>
  <testcase name="testBuilderAppendDelete" time="0,000" classname="cviceni.StringBuilderAndBufferTest"/>
  <testcase name="testBuilderAppend" time="0,000" classname="cviceni.StringBuilderAndBufferTest"/>
  <testcase name="testBuilderAppendDelete" time="0,000" classname="cviceni.StringBuilderAndBufferTest"/>
  <testcase name="testBufferAppendDelete" time="0,000" classname="cviceni.StringBuilderAndBufferTest"/>
  <testcase name="testBufferAppendDelete" time="0,000" classname="cviceni.StringBuilderAndBufferTest"/>
  <testcase name="testBuilderAppendDelete" time="0,001" classname="cviceni.StringBuilderAndBufferTest"/>
  <testcase name="testBuilderAppendDelete" time="0,001" classname="cviceni.StringBuilderAndBufferTest"/>
  <testcase name="testBufferAppendDelete" time="0,000" classname="cviceni.StringBuilderAndBufferTest"/>
  <testcase name="testBufferAppendDelete" time="0,000" classname="cviceni.StringBuilderAndBufferTest"/>
  <testcase name="testBuilderAppend" time="0,000" classname="cviceni.StringBuilderAndBufferTest"/>
  <testcase name="testBuilderAppendDelete" time="0,050" classname="cviceni.StringBuilderAndBufferTest"/>
  <testcase name="testBufferAppendDelete" time="0,000" classname="cviceni.StringBuilderAndBufferTest"/>
  <testcase name="testBuilderAppendDelete" time="0,001" classname="cviceni.StringBuilderAndBufferTest"/>
  <testcase name="testBuilderAppend" time="0,000" classname="cviceni.StringBuilderAndBufferTest"/>
  <testcase name="testBuilderAppendDelete" time="0,000" classname="cviceni.StringBuilderAndBufferTest"/>
  <testcase name="testBufferAppendDelete" time="0,000" classname="cviceni.StringBuilderAndBufferTest"/>
  <testcase name="testBufferAppendDelete" time="0,000" classname="cviceni.StringBuilderAndBufferTest"/>
  <testcase name="testBuilderAppendDelete" time="0,000" classname="cviceni.StringBuilderAndBufferTest"/>
  <testcase name="testBufferAppendDelete" time="0,000" classname="cviceni.StringBuilderAndBufferTest"/>
  <testcase name="testBuilderAppend" time="0,000" classname="cviceni.StringBuilderAndBufferTest"/>
  <testcase name="testBuilderAppendDelete" time="0,008" classname="cviceni.StringBuilderAndBufferTest"/>
  <testcase name="testBufferAppend" time="0,001" classname="cviceni.StringBuilderAndBufferTest"/>
  <testcase name="testBuilderAppendDelete" time="0,000" classname="cviceni.StringBuilderAndBufferTest"/>
  <testcase name="testBuilderAppend" time="0,000" classname="cviceni.StringBuilderAndBufferTest"/>
  <testcase name="testBufferAppendDelete" time="0,000" classname="cviceni.StringBuilderAndBufferTest"/>
  <testcase name="testBufferAppendDelete" time="0,001" classname="cviceni.StringBuilderAndBufferTest"/>
  <testcase name="testBufferAppendDelete" time="0,000" classname="cviceni.StringBuilderAndBufferTest"/>
  <testcase name="testBufferAppend" time="0,000" classname="cviceni.StringBuilderAndBufferTest"/>
  <testcase name="testBuilderAppend" time="0,000" classname="cviceni.StringBuilderAndBufferTest"/>
  <testcase name="testBufferAppend" time="0,000" classname="cviceni.StringBuilderAndBufferTest"/>
  <testcase name="testBufferAppend" time="0,000" classname="cviceni.StringBuilderAndBufferTest"/>
  <testcase name="testBuilderAppendDelete" time="0,000" classname="cviceni.StringBuilderAndBufferTest"/>
  <testcase name="testBuilderAppendDelete" time="0,000" classname="cviceni.StringBuilderAndBufferTest"/>
  <testcase name="testBuilderAppendDelete" time="0,001" classname="cviceni.StringBuilderAndBufferTest"/>
  <testcase name="testBufferAppend" time="0,000" classname="cviceni.StringBuilderAndBufferTest"/>
  <testcase name="testBufferAppendDelete" time="0,000" classname="cviceni.StringBuilderAndBufferTest"/>
  <testcase name="testBuilderAppend" time="0,000" classname="cviceni.StringBuilderAndBufferTest"/>
  <testcase name="testBuilderAppendDelete" time="0,000" classname="cviceni.StringBuilderAndBufferTest"/>
  <testcase name="testBuilderAppendDelete" time="0,001" classname="cviceni.StringBuilderAndBufferTest"/>
  <testcase name="testBuilderAppendDelete" time="0,001" classname="cviceni.StringBuilderAndBufferTest"/>
  <testcase name="testBuilderAppend" time="0,000" classname="cviceni.StringBuilderAndBufferTest"/>
  <testcase name="testBuilderAppend" time="0,001" classname="cviceni.StringBuilderAndBufferTest"/>
  <testcase name="testBuilderAppendDelete" time="0,000" classname="cviceni.StringBuilderAndBufferTest"/>
  <testcase name="testBufferAppend" time="0,001" classname="cviceni.StringBuilderAndBufferTest"/>
  <testcase name="testBufferAppendDelete" time="0,001" classname="cviceni.StringBuilderAndBufferTest"/>
  <testcase name="testBuilderAppend" time="0,000" classname="cviceni.StringBuilderAndBufferTest"/>
  <testcase name="testBuilderAppendDelete" time="0,000" classname="cviceni.StringBuilderAndBufferTest"/>
  <testcase name="testBuilderAppendDelete" time="0,001" classname="cviceni.StringBuilderAndBufferTest"/>
  <testcase name="testBuilderAppend" time="0,000" classname="cviceni.StringBuilderAndBufferTest"/>
  <testcase name="testBuilderAppend" time="0,001" classname="cviceni.StringBuilderAndBufferTest"/>
  <testcase name="testBufferAppend" time="0,001" classname="cviceni.StringBuilderAndBufferTest"/>
  <testcase name="testBufferAppendDelete" time="0,000" classname="cviceni.StringBuilderAndBufferTest"/>
  <testcase name="testBufferAppend" time="0,000" classname="cviceni.StringBuilderAndBufferTest"/>
  <testcase name="testBufferAppend" time="0,001" classname="cviceni.StringBuilderAndBufferTest"/>
  <testcase name="testBufferAppendDelete" time="0,001" classname="cviceni.StringBuilderAndBufferTest"/>
  <testcase name="testBuilderAppendDelete" time="0,000" classname="cviceni.StringBuilderAndBufferTest"/>
  <testcase name="testBuilderAppendDelete" time="0,000" classname="cviceni.StringBuilderAndBufferTest"/>
  <testcase name="testBufferAppend" time="0,000" classname="cviceni.StringBuilderAndBufferTest"/>
  <testcase name="testBufferAppend" time="0,000" classname="cviceni.StringBuilderAndBufferTest"/>
  <testcase name="testBuilderAppend" time="0,000" classname="cviceni.StringBuilderAndBufferTest"/>
  <testcase name="testBufferAppendDelete" time="0,000" classname="cviceni.StringBuilderAndBufferTest"/>
  <testcase name="testBuilderAppendDelete" time="0,000" classname="cviceni.StringBuilderAndBufferTest"/>
  <testcase name="testBuilderAppendDelete" time="0,000" classname="cviceni.StringBuilderAndBufferTest"/>
  <testcase name="testBuilderAppend" time="0,000" classname="cviceni.StringBuilderAndBufferTest"/>
  <testcase name="testBufferAppendDelete" time="0,000" classname="cviceni.StringBuilderAndBufferTest"/>
  <testcase name="testBuilderAppend" time="0,001" classname="cviceni.StringBuilderAndBufferTest"/>
  <testcase name="testBuilderAppend" time="0,000" classname="cviceni.StringBuilderAndBufferTest"/>
  <testcase name="testBuilderAppend" time="0,000" classname="cviceni.StringBuilderAndBufferTest"/>
  <testcase name="testBufferAppend" time="0,000" classname="cviceni.StringBuilderAndBufferTest"/>
  <testcase name="testBufferAppendDelete" time="0,000" classname="cviceni.StringBuilderAndBufferTest"/>
  <testcase name="testBuilderAppend" time="0,001" classname="cviceni.StringBuilderAndBufferTest"/>
  <testcase name="testBuilderAppend" time="0,000" classname="cviceni.StringBuilderAndBufferTest"/>
  <testcase name="testBuilderAppend" time="0,000" classname="cviceni.StringBuilderAndBufferTest"/>
  <testcase name="testBuilderAppend" time="0,000" classname="cviceni.StringBuilderAndBufferTest"/>
  <testcase name="testBuilderAppend" time="0,000" classname="cviceni.StringBuilderAndBufferTest"/>
  <testcase name="testBufferAppendDelete" time="0,000" classname="cviceni.StringBuilderAndBufferTest"/>
  <testcase name="testBufferAppendDelete" time="0,000" classname="cviceni.StringBuilderAndBufferTest"/>
  <testcase name="testBufferAppendDelete" time="0,000" classname="cviceni.StringBuilderAndBufferTest"/>
  <testcase name="testBuilderAppendDelete" time="0,000" classname="cviceni.StringBuilderAndBufferTest"/>
  <testcase name="testBuilderAppendDelete" time="0,000" classname="cviceni.StringBuilderAndBufferTest"/>
  <testcase name="testBufferAppend" time="0,000" classname="cviceni.StringBuilderAndBufferTest"/>
  <testcase name="testBufferAppendDelete" time="0,000" classname="cviceni.StringBuilderAndBufferTest"/>
  <testcase name="testBuilderAppendDelete" time="0,000" classname="cviceni.StringBuilderAndBufferTest"/>
  <testcase name="testBuilderAppend" time="0,000" classname="cviceni.StringBuilderAndBufferTest"/>
  <testcase name="testBufferAppend" time="0,001" classname="cviceni.StringBuilderAndBufferTest"/>
  <testcase name="testBufferAppend" time="0,001" classname="cviceni.StringBuilderAndBufferTest"/>
  <testcase name="testBufferAppendDelete" time="0,000" classname="cviceni.StringBuilderAndBufferTest"/>
  <testcase name="testBufferAppend" time="0,000" classname="cviceni.StringBuilderAndBufferTest"/>
  <testcase name="testBuilderAppendDelete" time="0,000" classname="cviceni.StringBuilderAndBufferTest"/>
  <testcase name="testBuilderAppend" time="0,000" classname="cviceni.StringBuilderAndBufferTest"/>
  <testcase name="testBuilderAppendDelete" time="0,001" classname="cviceni.StringBuilderAndBufferTest"/>
  <testcase name="testBuilderAppendDelete" time="0,001" classname="cviceni.StringBuilderAndBufferTest"/>
  <testcase name="testBufferAppend" time="0,001" classname="cviceni.StringBuilderAndBufferTest"/>
  <testcase name="testBufferAppendDelete" time="0,000" classname="cviceni.StringBuilderAndBufferTest"/>
  <testcase name="testBufferAppendDelete" time="0,000" classname="cviceni.StringBuilderAndBufferTest"/>
  <testcase name="testBufferAppendDelete" time="0,001" classname="cviceni.StringBuilderAndBufferTest"/>
  <testcase name="testBufferAppend" time="0,001" classname="cviceni.StringBuilderAndBufferTest"/>
  <testcase name="testBufferAppend" time="0,000" classname="cviceni.StringBuilderAndBufferTest"/>
  <testcase name="testBufferAppend" time="0,000" classname="cviceni.StringBuilderAndBufferTest"/>
  <testcase name="testBufferAppendDelete" time="0,000" classname="cviceni.StringBuilderAndBufferTest"/>
  <testcase name="testBufferAppend" time="0,001" classname="cviceni.StringBuilderAndBufferTest"/>
  <testcase name="testBuilderAppend" time="0,001" classname="cviceni.StringBuilderAndBufferTest"/>
  <testcase name="testBufferAppend" time="0,001" classname="cviceni.StringBuilderAndBufferTest"/>
  <testcase name="testBufferAppendDelete" time="0,001" classname="cviceni.StringBuilderAndBufferTest"/>
  <testcase name="testBufferAppendDelete" time="0,000" classname="cviceni.StringBuilderAndBufferTest"/>
  <testcase name="testBuilderAppendDelete" time="0,000" classname="cviceni.StringBuilderAndBufferTest"/>
  <testcase name="testBuilderAppend" time="0,000" classname="cviceni.StringBuilderAndBufferTest"/>
  <testcase name="testBuilderAppend" time="0,000" classname="cviceni.StringBuilderAndBufferTest"/>
  <testcase name="testBuilderAppendDelete" time="0,001" classname="cviceni.StringBuilderAndBufferTest"/>
  <testcase name="testBufferAppendDelete" time="0,001" classname="cviceni.StringBuilderAndBufferTest"/>
  <testcase name="testBufferAppend" time="0,000" classname="cviceni.StringBuilderAndBufferTest"/>
  <testcase name="testBufferAppendDelete" time="0,000" classname="cviceni.StringBuilderAndBufferTest"/>
  <testcase name="testBufferAppendDelete" time="0,000" classname="cviceni.StringBuilderAndBufferTest"/>
  <testcase name="testBuilderAppend" time="0,000" classname="cviceni.StringBuilderAndBufferTest"/>
  <testcase name="testBufferAppend" time="0,000" classname="cviceni.StringBuilderAndBufferTest"/>
  <testcase name="testBuilderAppendDelete" time="0,000" classname="cviceni.StringBuilderAndBufferTest"/>
  <testcase name="testBufferAppend" time="0,001" classname="cviceni.StringBuilderAndBufferTest"/>
  <testcase name="testBuilderAppend" time="0,000" classname="cviceni.StringBuilderAndBufferTest"/>
  <testcase name="testBuilderAppend" time="0,000" classname="cviceni.StringBuilderAndBufferTest"/>
  <testcase name="testBuilderAppendDelete" time="0,001" classname="cviceni.StringBuilderAndBufferTest"/>
  <testcase name="testBuilderAppendDelete" time="0,000" classname="cviceni.StringBuilderAndBufferTest"/>
  <testcase name="testBuilderAppendDelete" time="0,000" classname="cviceni.StringBuilderAndBufferTest"/>
  <testcase name="testBuilderAppendDelete" time="0,000" classname="cviceni.StringBuilderAndBufferTest"/>
  <testcase name="testBuilderAppend" time="0,000" classname="cviceni.StringBuilderAndBufferTest"/>
  <testcase name="testBufferAppendDelete" time="0,000" classname="cviceni.StringBuilderAndBufferTest"/>
  <testcase name="testBufferAppend" time="0,001" classname="cviceni.StringBuilderAndBufferTest"/>
  <testcase name="testBufferAppendDelete" time="0,000" classname="cviceni.StringBuilderAndBufferTest"/>
  <testcase name="testBuilderAppendDelete" time="0,000" classname="cviceni.StringBuilderAndBufferTest"/>
  <testcase name="testBufferAppendDelete" time="0,000" classname="cviceni.StringBuilderAndBufferTest"/>
  <testcase name="testBufferAppend" time="0,001" classname="cviceni.StringBuilderAndBufferTest"/>
  <testcase name="testBuilderAppendDelete" time="0,001" classname="cviceni.StringBuilderAndBufferTest"/>
  <testcase name="testBufferAppend" time="0,000" classname="cviceni.StringBuilderAndBufferTest"/>
  <testcase name="testBufferAppendDelete" time="0,001" classname="cviceni.StringBuilderAndBufferTest"/>
  <testcase name="testBuilderAppendDelete" time="0,000" classname="cviceni.StringBuilderAndBufferTest"/>
  <testcase name="testBuilderAppendDelete" time="0,001" classname="cviceni.StringBuilderAndBufferTest"/>
  <testcase name="testBufferAppend" time="0,001" classname="cviceni.StringBuilderAndBufferTest"/>
  <testcase name="testBuilderAppend" time="0,001" classname="cviceni.StringBuilderAndBufferTest"/>
  <testcase name="testBuilderAppend" time="0,000" classname="cviceni.StringBuilderAndBufferTest"/>
  <testcase name="testBufferAppendDelete" time="0,000" classname="cviceni.StringBuilderAndBufferTest"/>
  <testcase name="testBufferAppendDelete" time="0,000" classname="cviceni.StringBuilderAndBufferTest"/>
  <testcase name="testBuilderAppendDelete" time="0,000" classname="cviceni.StringBuilderAndBufferTest"/>
  <testcase name="testBufferAppend" time="0,001" classname="cviceni.StringBuilderAndBufferTest"/>
  <testcase name="testBuilderAppend" time="0,000" classname="cviceni.StringBuilderAndBufferTest"/>
  <testcase name="testBufferAppendDelete" time="0,000" classname="cviceni.StringBuilderAndBufferTest"/>
  <testcase name="testBuilderAppendDelete" time="0,000" classname="cviceni.StringBuilderAndBufferTest"/>
  <testcase name="testBufferAppendDelete" time="0,000" classname="cviceni.StringBuilderAndBufferTest"/>
  <testcase name="testBuilderAppendDelete" time="0,001" classname="cviceni.StringBuilderAndBufferTest"/>
  <testcase name="testBuilderAppend" time="0,000" classname="cviceni.StringBuilderAndBufferTest"/>
  <testcase name="testBuilderAppend" time="0,000" classname="cviceni.StringBuilderAndBufferTest"/>
  <testcase name="testBufferAppendDelete" time="0,000" classname="cviceni.StringBuilderAndBufferTest"/>
  <testcase name="testBuilderAppend" time="0,000" classname="cviceni.StringBuilderAndBufferTest"/>
  <testcase name="testBufferAppend" time="0,000" classname="cviceni.StringBuilderAndBufferTest"/>
  <testcase name="testBufferAppendDelete" time="0,000" classname="cviceni.StringBuilderAndBufferTest"/>
  <testcase name="testBuilderAppendDelete" time="0,000" classname="cviceni.StringBuilderAndBufferTest"/>
  <testcase name="testBufferAppend" time="0,000" classname="cviceni.StringBuilderAndBufferTest"/>
  <testcase name="testBuilderAppend" time="0,000" classname="cviceni.StringBuilderAndBufferTest"/>
  <testcase name="testBufferAppend" time="0,001" classname="cviceni.StringBuilderAndBufferTest"/>
  <testcase name="testBuilderAppend" time="0,001" classname="cviceni.StringBuilderAndBufferTest"/>
  <testcase name="testBuilderAppend" time="0,000" classname="cviceni.StringBuilderAndBufferTest"/>
  <testcase name="testBuilderAppend" time="0,000" classname="cviceni.StringBuilderAndBufferTest"/>
  <testcase name="testBufferAppendDelete" time="0,000" classname="cviceni.StringBuilderAndBufferTest"/>
  <testcase name="testBufferAppend" time="0,000" classname="cviceni.StringBuilderAndBufferTest"/>
  <testcase name="testBufferAppendDelete" time="0,000" classname="cviceni.StringBuilderAndBufferTest"/>
  <testcase name="testBufferAppend" time="0,001" classname="cviceni.StringBuilderAndBufferTest"/>
  <testcase name="testBuilderAppendDelete" time="0,000" classname="cviceni.StringBuilderAndBufferTest"/>
  <testcase name="testBuilderAppend" time="0,000" classname="cviceni.StringBuilderAndBufferTest"/>
  <testcase name="testBufferAppendDelete" time="0,000" classname="cviceni.StringBuilderAndBufferTest"/>
  <testcase name="testBufferAppend" time="0,000" classname="cviceni.StringBuilderAndBufferTest"/>
  <testcase name="testBufferAppendDelete" time="0,000" classname="cviceni.StringBuilderAndBufferTest"/>
  <testcase name="testBuilderAppendDelete" time="0,001" classname="cviceni.StringBuilderAndBufferTest"/>
  <testcase name="testBufferAppend" time="0,000" classname="cviceni.StringBuilderAndBufferTest"/>
  <testcase name="testBuilderAppendDelete" time="0,000" classname="cviceni.StringBuilderAndBufferTest"/>
  <testcase name="testBufferAppend" time="0,001" classname="cviceni.StringBuilderAndBufferTest"/>
  <testcase name="testBufferAppendDelete" time="0,000" classname="cviceni.StringBuilderAndBufferTest"/>
  <testcase name="testBufferAppendDelete" time="0,000" classname="cviceni.StringBuilderAndBufferTest"/>
  <testcase name="testBufferAppendDelete" time="0,000" classname="cviceni.StringBuilderAndBufferTest"/>
  <testcase name="testBuilderAppend" time="0,000" classname="cviceni.StringBuilderAndBufferTest"/>
  <testcase name="testBufferAppendDelete" time="0,000" classname="cviceni.StringBuilderAndBufferTest"/>
  <testcase name="testBufferAppendDelete" time="0,001" classname="cviceni.StringBuilderAndBufferTest"/>
  <testcase name="testBufferAppend" time="0,000" classname="cviceni.StringBuilderAndBufferTest"/>
  <testcase name="testBufferAppendDelete" time="0,000" classname="cviceni.StringBuilderAndBufferTest"/>
  <testcase name="testBuilderAppend" time="0,001" classname="cviceni.StringBuilderAndBufferTest"/>
  <testcase name="testBufferAppendDelete" time="0,000" classname="cviceni.StringBuilderAndBufferTest"/>
  <testcase name="testBufferAppend" time="0,000" classname="cviceni.StringBuilderAndBufferTest"/>
  <testcase name="testBuilderAppendDelete" time="0,000" classname="cviceni.StringBuilderAndBufferTest"/>
  <testcase name="testBuilderAppendDelete" time="0,000" classname="cviceni.StringBuilderAndBufferTest"/>
  <testcase name="testBufferAppend" time="0,001" classname="cviceni.StringBuilderAndBufferTest"/>
  <testcase name="testBuilderAppendDelete" time="0,000" classname="cviceni.StringBuilderAndBufferTest"/>
  <testcase name="testBuilderAppendDelete" time="0,000" classname="cviceni.StringBuilderAndBufferTest"/>
  <testcase name="testBuilderAppend" time="0,000" classname="cviceni.StringBuilderAndBufferTest"/>
  <testcase name="testBufferAppendDelete" time="0,001" classname="cviceni.StringBuilderAndBufferTest"/>
  <testcase name="testBuilderAppendDelete" time="0,000" classname="cviceni.StringBuilderAndBufferTest"/>
  <testcase name="testBuilderAppend" time="0,000" classname="cviceni.StringBuilderAndBufferTest"/>
  <testcase name="testBuilderAppendDelete" time="0,000" classname="cviceni.StringBuilderAndBufferTest"/>
  <testcase name="testBufferAppendDelete" time="0,000" classname="cviceni.StringBuilderAndBufferTest"/>
  <testcase name="testBuilderAppend" time="0,000" classname="cviceni.StringBuilderAndBufferTest"/>
  <testcase name="testBuilderAppend" time="0,000" classname="cviceni.StringBuilderAndBufferTest"/>
  <testcase name="testBuilderAppendDelete" time="0,000" classname="cviceni.StringBuilderAndBufferTest"/>
  <testcase name="testBuilderAppend" time="0,002" classname="cviceni.StringBuilderAndBufferTest"/>
  <testcase name="testBuilderAppendDelete" time="0,000" classname="cviceni.StringBuilderAndBufferTest"/>
  <testcase name="testBufferAppend" time="0,000" classname="cviceni.StringBuilderAndBufferTest"/>
  <testcase name="testBuilderAppend" time="0,000" classname="cviceni.StringBuilderAndBufferTest"/>
  <testcase name="testBufferAppend" time="0,001" classname="cviceni.StringBuilderAndBufferTest"/>
  <testcase name="testBuilderAppendDelete" time="0,001" classname="cviceni.StringBuilderAndBufferTest"/>
  <testcase name="testBufferAppend" time="0,077" classname="cviceni.StringBuilderAndBufferTest"/>
  <testcase name="testBufferAppend" time="0,000" classname="cviceni.StringBuilderAndBufferTest"/>
  <testcase name="testBuilderAppendDelete" time="0,001" classname="cviceni.StringBuilderAndBufferTest"/>
  <testcase name="testBuilderAppendDelete" time="0,000" classname="cviceni.StringBuilderAndBufferTest"/>
  <testcase name="testBuilderAppend" time="0,000" classname="cviceni.StringBuilderAndBufferTest"/>
  <testcase name="testBufferAppend" time="0,000" classname="cviceni.StringBuilderAndBufferTest"/>
  <testcase name="testBufferAppend" time="0,001" classname="cviceni.StringBuilderAndBufferTest"/>
  <testcase name="testBufferAppendDelete" time="0,000" classname="cviceni.StringBuilderAndBufferTest"/>
  <testcase name="testBuilderAppend" time="0,001" classname="cviceni.StringBuilderAndBufferTest"/>
  <testcase name="testBuilderAppend" time="0,000" classname="cviceni.StringBuilderAndBufferTest"/>
  <testcase name="testBuilderAppend" time="0,001" classname="cviceni.StringBuilderAndBufferTest"/>
  <testcase name="testBufferAppendDelete" time="0,000" classname="cviceni.StringBuilderAndBufferTest"/>
  <testcase name="testBuilderAppend" time="0,000" classname="cviceni.StringBuilderAndBufferTest"/>
  <testcase name="testBuilderAppend" time="0,000" classname="cviceni.StringBuilderAndBufferTest"/>
  <testcase name="testBuilderAppendDelete" time="0,001" classname="cviceni.StringBuilderAndBufferTest"/>
  <testcase name="testBufferAppend" time="0,000" classname="cviceni.StringBuilderAndBufferTest"/>
  <testcase name="testBufferAppendDelete" time="0,000" classname="cviceni.StringBuilderAndBufferTest"/>
  <testcase name="testBufferAppendDelete" time="0,001" classname="cviceni.StringBuilderAndBufferTest"/>
  <testcase name="testBufferAppendDelete" time="0,000" classname="cviceni.StringBuilderAndBufferTest"/>
  <testcase name="testBufferAppendDelete" time="0,000" classname="cviceni.StringBuilderAndBufferTest"/>
  <testcase name="testBuilderAppendDelete" time="0,001" classname="cviceni.StringBuilderAndBufferTest"/>
  <testcase name="testBufferAppendDelete" time="0,000" classname="cviceni.StringBuilderAndBufferTest"/>
  <testcase name="testBuilderAppendDelete" time="0,000" classname="cviceni.StringBuilderAndBufferTest"/>
  <testcase name="testBufferAppend" time="0,001" classname="cviceni.StringBuilderAndBufferTest"/>
  <testcase name="testBuilderAppend" time="0,000" classname="cviceni.StringBuilderAndBufferTest"/>
  <testcase name="testBufferAppend" time="0,001" classname="cviceni.StringBuilderAndBufferTest"/>
  <testcase name="testBufferAppend" time="0,000" classname="cviceni.StringBuilderAndBufferTest"/>
  <testcase name="testBufferAppend" time="0,001" classname="cviceni.StringBuilderAndBufferTest"/>
  <testcase name="testBuilderAppendDelete" time="0,000" classname="cviceni.StringBuilderAndBufferTest"/>
  <testcase name="testBuilderAppendDelete" time="0,001" classname="cviceni.StringBuilderAndBufferTest"/>
  <testcase name="testBuilderAppend" time="0,000" classname="cviceni.StringBuilderAndBufferTest"/>
  <testcase name="testBuilderAppendDelete" time="0,000" classname="cviceni.StringBuilderAndBufferTest"/>
  <testcase name="testBuilderAppendDelete" time="0,000" classname="cviceni.StringBuilderAndBufferTest"/>
  <testcase name="testBuilderAppendDelete" time="0,000" classname="cviceni.StringBuilderAndBufferTest"/>
  <testcase name="testBufferAppendDelete" time="0,001" classname="cviceni.StringBuilderAndBufferTest"/>
  <testcase name="testBufferAppend" time="0,000" classname="cviceni.StringBuilderAndBufferTest"/>
  <testcase name="testBufferAppend" time="0,001" classname="cviceni.StringBuilderAndBufferTest"/>
  <testcase name="testBuilderAppendDelete" time="0,001" classname="cviceni.StringBuilderAndBufferTest"/>
  <testcase name="testBuilderAppendDelete" time="0,000" classname="cviceni.StringBuilderAndBufferTest"/>
  <testcase name="testBufferAppend" time="0,001" classname="cviceni.StringBuilderAndBufferTest"/>
  <testcase name="testBufferAppend" time="0,001" classname="cviceni.StringBuilderAndBufferTest"/>
  <testcase name="testBuilderAppendDelete" time="0,000" classname="cviceni.StringBuilderAndBufferTest"/>
  <testcase name="testBuilderAppendDelete" time="0,000" classname="cviceni.StringBuilderAndBufferTest"/>
  <testcase name="testBufferAppend" time="0,000" classname="cviceni.StringBuilderAndBufferTest"/>
  <testcase name="testBufferAppendDelete" time="0,000" classname="cviceni.StringBuilderAndBufferTest"/>
  <testcase name="testBufferAppendDelete" time="0,000" classname="cviceni.StringBuilderAndBufferTest"/>
  <testcase name="testBufferAppendDelete" time="0,000" classname="cviceni.StringBuilderAndBufferTest"/>
  <testcase name="testBuilderAppend" time="0,000" classname="cviceni.StringBuilderAndBufferTest"/>
  <testcase name="testBuilderAppend" time="0,000" classname="cviceni.StringBuilderAndBufferTest"/>
  <testcase name="testBuilderAppend" time="0,001" classname="cviceni.StringBuilderAndBufferTest"/>
  <testcase name="testBufferAppend" time="0,023" classname="cviceni.StringBuilderAndBufferTest"/>
  <testcase name="testBuilderAppendDelete" time="0,000" classname="cviceni.StringBuilderAndBufferTest"/>
  <testcase name="testBuilderAppendDelete" time="0,000" classname="cviceni.StringBuilderAndBufferTest"/>
  <testcase name="testBuilderAppend" time="0,000" classname="cviceni.StringBuilderAndBufferTest"/>
  <testcase name="testBuilderAppendDelete" time="0,000" classname="cviceni.StringBuilderAndBufferTest"/>
  <testcase name="testBuilderAppend" time="0,000" classname="cviceni.StringBuilderAndBufferTest"/>
  <testcase name="testBuilderAppendDelete" time="0,000" classname="cviceni.StringBuilderAndBufferTest"/>
  <testcase name="testBufferAppend" time="0,000" classname="cviceni.StringBuilderAndBufferTest"/>
  <testcase name="testBufferAppend" time="0,000" classname="cviceni.StringBuilderAndBufferTest"/>
  <testcase name="testBufferAppend" time="0,000" classname="cviceni.StringBuilderAndBufferTest"/>
  <testcase name="testBufferAppend" time="0,000" classname="cviceni.StringBuilderAndBufferTest"/>
  <testcase name="testBuilderAppendDelete" time="0,000" classname="cviceni.StringBuilderAndBufferTest"/>
  <testcase name="testBufferAppendDelete" time="0,001" classname="cviceni.StringBuilderAndBufferTest"/>
  <testcase name="testBufferAppendDelete" time="0,000" classname="cviceni.StringBuilderAndBufferTest"/>
  <testcase name="testBufferAppendDelete" time="0,000" classname="cviceni.StringBuilderAndBufferTest"/>
  <testcase name="testBufferAppendDelete" time="0,000" classname="cviceni.StringBuilderAndBufferTest"/>
  <testcase name="testBufferAppend" time="0,000" classname="cviceni.StringBuilderAndBufferTest"/>
  <testcase name="testBuilderAppend" time="0,000" classname="cviceni.StringBuilderAndBufferTest"/>
  <testcase name="testBufferAppendDelete" time="0,111" classname="cviceni.StringBuilderAndBufferTest"/>
  <testcase name="testBuilderAppend" time="0,001" classname="cviceni.StringBuilderAndBufferTest"/>
  <testcase name="testBuilderAppendDelete" time="0,000" classname="cviceni.StringBuilderAndBufferTest"/>
  <testcase name="testBufferAppend" time="0,000" classname="cviceni.StringBuilderAndBufferTest"/>
  <testcase name="testBufferAppendDelete" time="0,000" classname="cviceni.StringBuilderAndBufferTest"/>
  <testcase name="testBufferAppend" time="0,001" classname="cviceni.StringBuilderAndBufferTest"/>
  <testcase name="testBuilderAppend" time="0,000" classname="cviceni.StringBuilderAndBufferTest"/>
  <testcase name="testBufferAppendDelete" time="0,000" classname="cviceni.StringBuilderAndBufferTest"/>
  <testcase name="testBufferAppend" time="0,000" classname="cviceni.StringBuilderAndBufferTest"/>
  <testcase name="testBufferAppend" time="0,000" classname="cviceni.StringBuilderAndBufferTest"/>
  <testcase name="testBuilderAppend" time="0,000" classname="cviceni.StringBuilderAndBufferTest"/>
  <testcase name="testBufferAppendDelete" time="0,000" classname="cviceni.StringBuilderAndBufferTest"/>
  <testcase name="testBuilderAppend" time="0,001" classname="cviceni.StringBuilderAndBufferTest"/>
  <testcase name="testBuilderAppendDelete" time="0,001" classname="cviceni.StringBuilderAndBufferTest"/>
  <testcase name="testBuilderAppendDelete" time="0,000" classname="cviceni.StringBuilderAndBufferTest"/>
  <testcase name="testBuilderAppend" time="0,000" classname="cviceni.StringBuilderAndBufferTest"/>
  <testcase name="testBuilderAppendDelete" time="0,000" classname="cviceni.StringBuilderAndBufferTest"/>
  <testcase name="testBufferAppendDelete" time="0,000" classname="cviceni.StringBuilderAndBufferTest"/>
  <testcase name="testBuilderAppendDelete" time="0,000" classname="cviceni.StringBuilderAndBufferTest"/>
  <testcase name="testBufferAppendDelete" time="0,000" classname="cviceni.StringBuilderAndBufferTest"/>
  <testcase name="testBuilderAppend" time="0,000" classname="cviceni.StringBuilderAndBufferTest"/>
  <testcase name="testBuilderAppendDelete" time="0,000" classname="cviceni.StringBuilderAndBufferTest"/>
  <testcase name="testBufferAppendDelete" time="0,000" classname="cviceni.StringBuilderAndBufferTest"/>
  <testcase name="testBuilderAppendDelete" time="0,001" classname="cviceni.StringBuilderAndBufferTest"/>
  <testcase name="testBufferAppend" time="0,000" classname="cviceni.StringBuilderAndBufferTest"/>
  <testcase name="testBufferAppend" time="0,000" classname="cviceni.StringBuilderAndBufferTest"/>
  <testcase name="testBuilderAppendDelete" time="0,001" classname="cviceni.StringBuilderAndBufferTest"/>
  <testcase name="testBufferAppend" time="0,000" classname="cviceni.StringBuilderAndBufferTest"/>
  <testcase name="testBuilderAppend" time="0,001" classname="cviceni.StringBuilderAndBufferTest"/>
  <testcase name="testBufferAppendDelete" time="0,001" classname="cviceni.StringBuilderAndBufferTest"/>
  <testcase name="testBuilderAppend" time="0,000" classname="cviceni.StringBuilderAndBufferTest"/>
  <testcase name="testBuilderAppendDelete" time="0,000" classname="cviceni.StringBuilderAndBufferTest"/>
  <testcase name="testBuilderAppend" time="0,000" classname="cviceni.StringBuilderAndBufferTest"/>
  <testcase name="testBuilderAppend" time="0,001" classname="cviceni.StringBuilderAndBufferTest"/>
  <testcase name="testBufferAppend" time="0,000" classname="cviceni.StringBuilderAndBufferTest"/>
  <testcase name="testBufferAppendDelete" time="0,000" classname="cviceni.StringBuilderAndBufferTest"/>
  <testcase name="testBufferAppend" time="0,000" classname="cviceni.StringBuilderAndBufferTest"/>
  <testcase name="testBufferAppendDelete" time="0,000" classname="cviceni.StringBuilderAndBufferTest"/>
  <testcase name="testBuilderAppend" time="0,000" classname="cviceni.StringBuilderAndBufferTest"/>
  <testcase name="testBufferAppendDelete" time="0,001" classname="cviceni.StringBuilderAndBufferTest"/>
  <testcase name="testBufferAppend" time="0,000" classname="cviceni.StringBuilderAndBufferTest"/>
  <testcase name="testBufferAppendDelete" time="0,000" classname="cviceni.StringBuilderAndBufferTest"/>
  <testcase name="testBufferAppend" time="0,000" classname="cviceni.StringBuilderAndBufferTest"/>
  <testcase name="testBufferAppend" time="0,000" classname="cviceni.StringBuilderAndBufferTest"/>
  <testcase name="testBuilderAppend" time="0,058" classname="cviceni.StringBuilderAndBufferTest"/>
  <testcase name="testBufferAppendDelete" time="0,000" classname="cviceni.StringBuilderAndBufferTest"/>
  <testcase name="testBuilderAppendDelete" time="0,001" classname="cviceni.StringBuilderAndBufferTest"/>
  <testcase name="testBuilderAppendDelete" time="0,000" classname="cviceni.StringBuilderAndBufferTest"/>
  <testcase name="testBufferAppendDelete" time="0,000" classname="cviceni.StringBuilderAndBufferTest"/>
  <testcase name="testBufferAppend" time="0,000" classname="cviceni.StringBuilderAndBufferTest"/>
  <testcase name="testBuilderAppendDelete" time="0,000" classname="cviceni.StringBuilderAndBufferTest"/>
  <testcase name="testBufferAppendDelete" time="0,000" classname="cviceni.StringBuilderAndBufferTest"/>
  <testcase name="testBufferAppend" time="0,001" classname="cviceni.StringBuilderAndBufferTest"/>
  <testcase name="testBufferAppendDelete" time="0,001" classname="cviceni.StringBuilderAndBufferTest"/>
  <testcase name="testBuilderAppendDelete" time="0,000" classname="cviceni.StringBuilderAndBufferTest"/>
  <testcase name="testBuilderAppendDelete" time="0,000" classname="cviceni.StringBuilderAndBufferTest"/>
  <testcase name="testBuilderAppend" time="0,000" classname="cviceni.StringBuilderAndBufferTest"/>
  <testcase name="testBuilderAppendDelete" time="0,000" classname="cviceni.StringBuilderAndBufferTest"/>
  <testcase name="testBuilderAppendDelete" time="0,000" classname="cviceni.StringBuilderAndBufferTest"/>
  <testcase name="testBuilderAppend" time="0,000" classname="cviceni.StringBuilderAndBufferTest"/>
  <testcase name="testBuilderAppendDelete" time="0,000" classname="cviceni.StringBuilderAndBufferTest"/>
  <testcase name="testBufferAppend" time="0,000" classname="cviceni.StringBuilderAndBufferTest"/>
  <testcase name="testBuilderAppend" time="0,001" classname="cviceni.StringBuilderAndBufferTest"/>
  <testcase name="testBuilderAppend" time="0,000" classname="cviceni.StringBuilderAndBufferTest"/>
  <testcase name="testBufferAppend" time="0,000" classname="cviceni.StringBuilderAndBufferTest"/>
  <testcase name="testBuilderAppendDelete" time="0,000" classname="cviceni.StringBuilderAndBufferTest"/>
  <testcase name="testBufferAppend" time="0,000" classname="cviceni.StringBuilderAndBufferTest"/>
  <testcase name="testBufferAppend" time="0,000" classname="cviceni.StringBuilderAndBufferTest"/>
  <testcase name="testBuilderAppend" time="0,001" classname="cviceni.StringBuilderAndBufferTest"/>
  <testcase name="testBufferAppendDelete" time="0,000" classname="cviceni.StringBuilderAndBufferTest"/>
  <testcase name="testBufferAppend" time="0,001" classname="cviceni.StringBuilderAndBufferTest"/>
  <testcase name="testBuilderAppend" time="0,001" classname="cviceni.StringBuilderAndBufferTest"/>
  <testcase name="testBuilderAppendDelete" time="0,003" classname="cviceni.StringBuilderAndBufferTest"/>
  <testcase name="testBuilderAppendDelete" time="0,000" classname="cviceni.StringBuilderAndBufferTest"/>
  <testcase name="testBufferAppendDelete" time="0,000" classname="cviceni.StringBuilderAndBufferTest"/>
  <testcase name="testBuilderAppendDelete" time="0,000" classname="cviceni.StringBuilderAndBufferTest"/>
  <testcase name="testBufferAppendDelete" time="0,000" classname="cviceni.StringBuilderAndBufferTest"/>
  <testcase name="testBufferAppendDelete" time="0,000" classname="cviceni.StringBuilderAndBufferTest"/>
  <testcase name="testBuilderAppend" time="0,000" classname="cviceni.StringBuilderAndBufferTest"/>
  <testcase name="testBufferAppendDelete" time="0,000" classname="cviceni.StringBuilderAndBufferTest"/>
  <testcase name="testBuilderAppendDelete" time="0,000" classname="cviceni.StringBuilderAndBufferTest"/>
  <testcase name="testBufferAppendDelete" time="0,001" classname="cviceni.StringBuilderAndBufferTest"/>
  <testcase name="testBufferAppend" time="0,000" classname="cviceni.StringBuilderAndBufferTest"/>
  <testcase name="testBuilderAppend" time="0,000" classname="cviceni.StringBuilderAndBufferTest"/>
  <testcase name="testBufferAppendDelete" time="0,000" classname="cviceni.StringBuilderAndBufferTest"/>
  <testcase name="testBuilderAppend" time="0,001" classname="cviceni.StringBuilderAndBufferTest"/>
  <testcase name="testBufferAppendDelete" time="0,001" classname="cviceni.StringBuilderAndBufferTest"/>
  <testcase name="testBuilderAppendDelete" time="0,000" classname="cviceni.StringBuilderAndBufferTest"/>
  <testcase name="testBuilderAppend" time="0,000" classname="cviceni.StringBuilderAndBufferTest"/>
  <testcase name="testBufferAppendDelete" time="0,000" classname="cviceni.StringBuilderAndBufferTest"/>
  <testcase name="testBuilderAppendDelete" time="0,000" classname="cviceni.StringBuilderAndBufferTest"/>
  <testcase name="testBuilderAppendDelete" time="0,000" classname="cviceni.StringBuilderAndBufferTest"/>
  <testcase name="testBufferAppendDelete" time="0,000" classname="cviceni.StringBuilderAndBufferTest"/>
  <testcase name="testBufferAppend" time="0,001" classname="cviceni.StringBuilderAndBufferTest"/>
  <testcase name="testBuilderAppend" time="0,000" classname="cviceni.StringBuilderAndBufferTest"/>
  <testcase name="testBufferAppendDelete" time="0,000" classname="cviceni.StringBuilderAndBufferTest"/>
  <testcase name="testBufferAppend" time="0,000" classname="cviceni.StringBuilderAndBufferTest"/>
  <testcase name="testBuilderAppendDelete" time="0,000" classname="cviceni.StringBuilderAndBufferTest"/>
  <testcase name="testBufferAppend" time="0,001" classname="cviceni.StringBuilderAndBufferTest"/>
  <testcase name="testBufferAppend" time="0,000" classname="cviceni.StringBuilderAndBufferTest"/>
  <testcase name="testBuilderAppend" time="0,001" classname="cviceni.StringBuilderAndBufferTest"/>
  <testcase name="testBuilderAppend" time="0,001" classname="cviceni.StringBuilderAndBufferTest"/>
  <testcase name="testBufferAppendDelete" time="0,000" classname="cviceni.StringBuilderAndBufferTest"/>
  <testcase name="testBuilderAppend" time="0,034" classname="cviceni.StringBuilderAndBufferTest"/>
  <testcase name="testBufferAppendDelete" time="0,000" classname="cviceni.StringBuilderAndBufferTest"/>
  <testcase name="testBufferAppendDelete" time="0,000" classname="cviceni.StringBuilderAndBufferTest"/>
  <testcase name="testBuilderAppendDelete" time="0,000" classname="cviceni.StringBuilderAndBufferTest"/>
  <testcase name="testBuilderAppendDelete" time="0,000" classname="cviceni.StringBuilderAndBufferTest"/>
  <testcase name="testBuilderAppendDelete" time="0,000" classname="cviceni.StringBuilderAndBufferTest"/>
  <testcase name="testBuilderAppend" time="0,000" classname="cviceni.StringBuilderAndBufferTest"/>
  <testcase name="testBuilderAppend" time="0,000" classname="cviceni.StringBuilderAndBufferTest"/>
  <testcase name="testBuilderAppend" time="0,001" classname="cviceni.StringBuilderAndBufferTest"/>
  <testcase name="testBufferAppend" time="0,000" classname="cviceni.StringBuilderAndBufferTest"/>
  <testcase name="testBufferAppend" time="0,001" classname="cviceni.StringBuilderAndBufferTest"/>
  <testcase name="testBuilderAppendDelete" time="0,079" classname="cviceni.StringBuilderAndBufferTest"/>
  <testcase name="testBuilderAppendDelete" time="0,001" classname="cviceni.StringBuilderAndBufferTest"/>
  <testcase name="testBufferAppend" time="0,000" classname="cviceni.StringBuilderAndBufferTest"/>
  <testcase name="testBufferAppend" time="0,001" classname="cviceni.StringBuilderAndBufferTest"/>
  <testcase name="testBuilderAppendDelete" time="0,009" classname="cviceni.StringBuilderAndBufferTest"/>
  <testcase name="testBuilderAppend" time="0,000" classname="cviceni.StringBuilderAndBufferTest"/>
  <testcase name="testBufferAppend" time="0,000" classname="cviceni.StringBuilderAndBufferTest"/>
  <testcase name="testBuilderAppendDelete" time="0,000" classname="cviceni.StringBuilderAndBufferTest"/>
  <testcase name="testBuilderAppendDelete" time="0,000" classname="cviceni.StringBuilderAndBufferTest"/>
  <testcase name="testBuilderAppendDelete" time="0,000" classname="cviceni.StringBuilderAndBufferTest"/>
  <testcase name="testBuilderAppendDelete" time="0,000" classname="cviceni.StringBuilderAndBufferTest"/>
  <testcase name="testBufferAppendDelete" time="0,000" classname="cviceni.StringBuilderAndBufferTest"/>
  <testcase name="testBufferAppendDelete" time="0,000" classname="cviceni.StringBuilderAndBufferTest"/>
  <testcase name="testBuilderAppend" time="0,001" classname="cviceni.StringBuilderAndBufferTest"/>
  <testcase name="testBufferAppendDelete" time="0,000" classname="cviceni.StringBuilderAndBufferTest"/>
  <testcase name="testBuilderAppend" time="0,000" classname="cviceni.StringBuilderAndBufferTest"/>
  <testcase name="testBuilderAppend" time="0,000" classname="cviceni.StringBuilderAndBufferTest"/>
  <testcase name="testBufferAppend" time="0,000" classname="cviceni.StringBuilderAndBufferTest"/>
  <testcase name="testBufferAppend" time="0,001" classname="cviceni.StringBuilderAndBufferTest"/>
  <testcase name="testBuilderAppendDelete" time="0,001" classname="cviceni.StringBuilderAndBufferTest"/>
  <testcase name="testBuilderAppendDelete" time="0,001" classname="cviceni.StringBuilderAndBufferTest"/>
  <testcase name="testBuilderAppendDelete" time="0,007" classname="cviceni.StringBuilderAndBufferTest"/>
  <testcase name="testBuilderAppend" time="0,001" classname="cviceni.StringBuilderAndBufferTest"/>
  <testcase name="testBufferAppendDelete" time="0,000" classname="cviceni.StringBuilderAndBufferTest"/>
  <testcase name="testBuilderAppend" time="0,001" classname="cviceni.StringBuilderAndBufferTest"/>
  <testcase name="testBufferAppendDelete" time="0,000" classname="cviceni.StringBuilderAndBufferTest"/>
  <testcase name="testBufferAppendDelete" time="0,000" classname="cviceni.StringBuilderAndBufferTest"/>
  <testcase name="testBufferAppend" time="0,003" classname="cviceni.StringBuilderAndBufferTest"/>
  <testcase name="testBuilderAppendDelete" time="0,002" classname="cviceni.StringBuilderAndBufferTest"/>
  <testcase name="testBuilderAppend" time="0,001" classname="cviceni.StringBuilderAndBufferTest"/>
  <testcase name="testBuilderAppendDelete" time="0,000" classname="cviceni.StringBuilderAndBufferTest"/>
  <testcase name="testBuilderAppend" time="0,001" classname="cviceni.StringBuilderAndBufferTest"/>
  <testcase name="testBufferAppendDelete" time="0,000" classname="cviceni.StringBuilderAndBufferTest"/>
  <testcase name="testBuilderAppendDelete" time="0,001" classname="cviceni.StringBuilderAndBufferTest"/>
  <testcase name="testBufferAppend" time="0,001" classname="cviceni.StringBuilderAndBufferTest"/>
  <testcase name="testBufferAppendDelete" time="0,000" classname="cviceni.StringBuilderAndBufferTest"/>
  <testcase name="testBufferAppendDelete" time="0,000" classname="cviceni.StringBuilderAndBufferTest"/>
  <testcase name="testBuilderAppend" time="0,000" classname="cviceni.StringBuilderAndBufferTest"/>
  <testcase name="testBuilderAppendDelete" time="0,001" classname="cviceni.StringBuilderAndBufferTest"/>
  <testcase name="testBufferAppend" time="0,000" classname="cviceni.StringBuilderAndBufferTest"/>
  <testcase name="testBufferAppend" time="0,000" classname="cviceni.StringBuilderAndBufferTest"/>
  <testcase name="testBuilderAppend" time="0,026" classname="cviceni.StringBuilderAndBufferTest"/>
  <testcase name="testBuilderAppendDelete" time="0,000" classname="cviceni.StringBuilderAndBufferTest"/>
  <testcase name="testBuilderAppendDelete" time="0,001" classname="cviceni.StringBuilderAndBufferTest"/>
  <testcase name="testBufferAppendDelete" time="0,001" classname="cviceni.StringBuilderAndBufferTest"/>
  <testcase name="testBufferAppend" time="0,000" classname="cviceni.StringBuilderAndBufferTest"/>
  <testcase name="testBuilderAppend" time="0,001" classname="cviceni.StringBuilderAndBufferTest"/>
  <testcase name="testBufferAppendDelete" time="0,000" classname="cviceni.StringBuilderAndBufferTest"/>
  <testcase name="testBuilderAppend" time="0,000" classname="cviceni.StringBuilderAndBufferTest"/>
  <testcase name="testBufferAppend" time="0,000" classname="cviceni.StringBuilderAndBufferTest"/>
  <testcase name="testBufferAppendDelete" time="0,001" classname="cviceni.StringBuilderAndBufferTest"/>
  <testcase name="testBuilderAppendDelete" time="0,000" classname="cviceni.StringBuilderAndBufferTest"/>
  <testcase name="testBuilderAppend" time="0,000" classname="cviceni.StringBuilderAndBufferTest"/>
  <testcase name="testBuilderAppendDelete" time="0,000" classname="cviceni.StringBuilderAndBufferTest"/>
  <testcase name="testBufferAppendDelete" time="0,000" classname="cviceni.StringBuilderAndBufferTest"/>
  <testcase name="testBufferAppendDelete" time="0,001" classname="cviceni.StringBuilderAndBufferTest"/>
  <testcase name="testBuilderAppendDelete" time="0,000" classname="cviceni.StringBuilderAndBufferTest"/>
  <testcase name="testBufferAppendDelete" time="0,000" classname="cviceni.StringBuilderAndBufferTest"/>
  <testcase name="testBufferAppendDelete" time="0,000" classname="cviceni.StringBuilderAndBufferTest"/>
  <testcase name="testBufferAppend" time="0,000" classname="cviceni.StringBuilderAndBufferTest"/>
  <testcase name="testBuilderAppendDelete" time="0,001" classname="cviceni.StringBuilderAndBufferTest"/>
  <testcase name="testBuilderAppend" time="0,000" classname="cviceni.StringBuilderAndBufferTest"/>
  <testcase name="testBufferAppend" time="0,000" classname="cviceni.StringBuilderAndBufferTest"/>
  <testcase name="testBufferAppendDelete" time="0,000" classname="cviceni.StringBuilderAndBufferTest"/>
  <testcase name="testBuilderAppend" time="0,001" classname="cviceni.StringBuilderAndBufferTest"/>
  <testcase name="testBuilderAppend" time="0,000" classname="cviceni.StringBuilderAndBufferTest"/>
  <testcase name="testBufferAppend" time="0,000" classname="cviceni.StringBuilderAndBufferTest"/>
  <testcase name="testBufferAppend" time="0,000" classname="cviceni.StringBuilderAndBufferTest"/>
  <testcase name="testBuilderAppend" time="0,000" classname="cviceni.StringBuilderAndBufferTest"/>
  <testcase name="testBuilderAppend" time="0,000" classname="cviceni.StringBuilderAndBufferTest"/>
  <testcase name="testBufferAppend" time="0,000" classname="cviceni.StringBuilderAndBufferTest"/>
  <testcase name="testBufferAppend" time="0,000" classname="cviceni.StringBuilderAndBufferTest"/>
  <testcase name="testBufferAppendDelete" time="0,001" classname="cviceni.StringBuilderAndBufferTest"/>
  <testcase name="testBufferAppend" time="0,000" classname="cviceni.StringBuilderAndBufferTest"/>
  <testcase name="testBufferAppendDelete" time="0,001" classname="cviceni.StringBuilderAndBufferTest"/>
  <testcase name="testBufferAppendDelete" time="0,000" classname="cviceni.StringBuilderAndBufferTest"/>
  <testcase name="testBuilderAppendDelete" time="0,000" classname="cviceni.StringBuilderAndBufferTest"/>
  <testcase name="testBufferAppendDelete" time="0,001" classname="cviceni.StringBuilderAndBufferTest"/>
  <testcase name="testBufferAppendDelete" time="0,000" classname="cviceni.StringBuilderAndBufferTest"/>
  <testcase name="testBufferAppendDelete" time="0,001" classname="cviceni.StringBuilderAndBufferTest"/>
  <testcase name="testBufferAppendDelete" time="0,000" classname="cviceni.StringBuilderAndBufferTest"/>
  <testcase name="testBuilderAppendDelete" time="0,000" classname="cviceni.StringBuilderAndBufferTest"/>
  <testcase name="testBufferAppendDelete" time="0,000" classname="cviceni.StringBuilderAndBufferTest"/>
  <testcase name="testBufferAppend" time="0,000" classname="cviceni.StringBuilderAndBufferTest"/>
  <testcase name="testBuilderAppend" time="0,000" classname="cviceni.StringBuilderAndBufferTest"/>
  <testcase name="testBuilderAppendDelete" time="0,001" classname="cviceni.StringBuilderAndBufferTest"/>
  <testcase name="testBufferAppendDelete" time="0,000" classname="cviceni.StringBuilderAndBufferTest"/>
  <testcase name="testBuilderAppend" time="0,001" classname="cviceni.StringBuilderAndBufferTest"/>
  <testcase name="testBufferAppend" time="0,001" classname="cviceni.StringBuilderAndBufferTest"/>
  <testcase name="testBuilderAppend" time="0,001" classname="cviceni.StringBuilderAndBufferTest"/>
  <testcase name="testBuilderAppendDelete" time="0,000" classname="cviceni.StringBuilderAndBufferTest"/>
  <testcase name="testBufferAppend" time="0,000" classname="cviceni.StringBuilderAndBufferTest"/>
  <testcase name="testBufferAppendDelete" time="0,000" classname="cviceni.StringBuilderAndBufferTest"/>
  <testcase name="testBufferAppend" time="0,000" classname="cviceni.StringBuilderAndBufferTest"/>
  <testcase name="testBufferAppendDelete" time="0,000" classname="cviceni.StringBuilderAndBufferTest"/>
  <testcase name="testBufferAppendDelete" time="0,000" classname="cviceni.StringBuilderAndBufferTest"/>
  <testcase name="testBuilderAppendDelete" time="0,000" classname="cviceni.StringBuilderAndBufferTest"/>
  <testcase name="testBufferAppendDelete" time="0,001" classname="cviceni.StringBuilderAndBufferTest"/>
  <testcase name="testBuilderAppendDelete" time="0,000" classname="cviceni.StringBuilderAndBufferTest"/>
  <testcase name="testBufferAppendDelete" time="0,000" classname="cviceni.StringBuilderAndBufferTest"/>
  <testcase name="testBufferAppendDelete" time="0,000" classname="cviceni.StringBuilderAndBufferTest"/>
  <testcase name="testBuilderAppendDelete" time="0,000" classname="cviceni.StringBuilderAndBufferTest"/>
  <testcase name="testBuilderAppendDelete" time="0,000" classname="cviceni.StringBuilderAndBufferTest"/>
  <testcase name="testBufferAppend" time="0,001" classname="cviceni.StringBuilderAndBufferTest"/>
  <testcase name="testBufferAppendDelete" time="0,001" classname="cviceni.StringBuilderAndBufferTest"/>
  <testcase name="testBuilderAppendDelete" time="0,001" classname="cviceni.StringBuilderAndBufferTest"/>
  <testcase name="testBuilderAppend" time="0,000" classname="cviceni.StringBuilderAndBufferTest"/>
  <testcase name="testBufferAppend" time="0,001" classname="cviceni.StringBuilderAndBufferTest"/>
  <testcase name="testBuilderAppend" time="0,001" classname="cviceni.StringBuilderAndBufferTest"/>
  <testcase name="testBufferAppendDelete" time="0,000" classname="cviceni.StringBuilderAndBufferTest"/>
  <testcase name="testBufferAppend" time="0,000" classname="cviceni.StringBuilderAndBufferTest"/>
  <testcase name="testBufferAppendDelete" time="0,000" classname="cviceni.StringBuilderAndBufferTest"/>
  <testcase name="testBuilderAppend" time="0,000" classname="cviceni.StringBuilderAndBufferTest"/>
  <testcase name="testBuilderAppendDelete" time="0,000" classname="cviceni.StringBuilderAndBufferTest"/>
  <testcase name="testBuilderAppendDelete" time="0,001" classname="cviceni.StringBuilderAndBufferTest"/>
  <testcase name="testBufferAppendDelete" time="0,000" classname="cviceni.StringBuilderAndBufferTest"/>
  <testcase name="testBufferAppendDelete" time="0,000" classname="cviceni.StringBuilderAndBufferTest"/>
  <testcase name="testBuilderAppendDelete" time="0,000" classname="cviceni.StringBuilderAndBufferTest"/>
  <testcase name="testBuilderAppendDelete" time="0,000" classname="cviceni.StringBuilderAndBufferTest"/>
  <testcase name="testBufferAppend" time="0,000" classname="cviceni.StringBuilderAndBufferTest"/>
  <testcase name="testBufferAppend" time="0,018" classname="cviceni.StringBuilderAndBufferTest"/>
  <testcase name="testBufferAppend" time="0,001" classname="cviceni.StringBuilderAndBufferTest"/>
  <testcase name="testBuilderAppend" time="0,000" classname="cviceni.StringBuilderAndBufferTest"/>
  <testcase name="testBufferAppendDelete" time="0,000" classname="cviceni.StringBuilderAndBufferTest"/>
  <testcase name="testBuilderAppend" time="0,020" classname="cviceni.StringBuilderAndBufferTest"/>
  <testcase name="testBufferAppend" time="0,000" classname="cviceni.StringBuilderAndBufferTest"/>
  <testcase name="testBuilderAppend" time="0,000" classname="cviceni.StringBuilderAndBufferTest"/>
  <testcase name="testBufferAppendDelete" time="0,000" classname="cviceni.StringBuilderAndBufferTest"/>
  <testcase name="testBuilderAppendDelete" time="0,000" classname="cviceni.StringBuilderAndBufferTest"/>
  <testcase name="testBuilderAppend" time="0,000" classname="cviceni.StringBuilderAndBufferTest"/>
  <testcase name="testBufferAppendDelete" time="0,000" classname="cviceni.StringBuilderAndBufferTest"/>
  <testcase name="testBuilderAppendDelete" time="0,001" classname="cviceni.StringBuilderAndBufferTest"/>
  <testcase name="testBufferAppend" time="0,000" classname="cviceni.StringBuilderAndBufferTest"/>
  <testcase name="testBuilderAppend" time="0,001" classname="cviceni.StringBuilderAndBufferTest"/>
  <testcase name="testBuilderAppend" time="0,000" classname="cviceni.StringBuilderAndBufferTest"/>
  <testcase name="testBufferAppend" time="0,000" classname="cviceni.StringBuilderAndBufferTest"/>
  <testcase name="testBuilderAppendDelete" time="0,001" classname="cviceni.StringBuilderAndBufferTest"/>
  <testcase name="testBuilderAppendDelete" time="0,000" classname="cviceni.StringBuilderAndBufferTest"/>
  <testcase name="testBufferAppendDelete" time="0,001" classname="cviceni.StringBuilderAndBufferTest"/>
  <testcase name="testBufferAppend" time="0,000" classname="cviceni.StringBuilderAndBufferTest"/>
  <testcase name="testBuilderAppendDelete" time="0,000" classname="cviceni.StringBuilderAndBufferTest"/>
  <testcase name="testBuilderAppend" time="0,000" classname="cviceni.StringBuilderAndBufferTest"/>
  <testcase name="testBufferAppendDelete" time="0,001" classname="cviceni.StringBuilderAndBufferTest"/>
  <testcase name="testBufferAppend" time="0,000" classname="cviceni.StringBuilderAndBufferTest"/>
  <testcase name="testBuilderAppendDelete" time="0,000" classname="cviceni.StringBuilderAndBufferTest"/>
  <testcase name="testBufferAppendDelete" time="0,000" classname="cviceni.StringBuilderAndBufferTest"/>
  <testcase name="testBuilderAppendDelete" time="0,000" classname="cviceni.StringBuilderAndBufferTest"/>
  <testcase name="testBuilderAppend" time="0,001" classname="cviceni.StringBuilderAndBufferTest"/>
  <testcase name="testBufferAppendDelete" time="0,000" classname="cviceni.StringBuilderAndBufferTest"/>
  <testcase name="testBufferAppend" time="0,000" classname="cviceni.StringBuilderAndBufferTest"/>
  <testcase name="testBuilderAppend" time="0,000" classname="cviceni.StringBuilderAndBufferTest"/>
  <testcase name="testBufferAppend" time="0,000" classname="cviceni.StringBuilderAndBufferTest"/>
  <testcase name="testBuilderAppendDelete" time="0,000" classname="cviceni.StringBuilderAndBufferTest"/>
  <testcase name="testBufferAppend" time="0,000" classname="cviceni.StringBuilderAndBufferTest"/>
  <testcase name="testBufferAppend" time="0,000" classname="cviceni.StringBuilderAndBufferTest"/>
  <testcase name="testBuilderAppendDelete" time="0,000" classname="cviceni.StringBuilderAndBufferTest"/>
  <testcase name="testBufferAppendDelete" time="0,000" classname="cviceni.StringBuilderAndBufferTest"/>
  <testcase name="testBuilderAppend" time="0,000" classname="cviceni.StringBuilderAndBufferTest"/>
  <testcase name="testBuilderAppend" time="0,000" classname="cviceni.StringBuilderAndBufferTest"/>
  <testcase name="testBuilderAppendDelete" time="0,000" classname="cviceni.StringBuilderAndBufferTest"/>
  <testcase name="testBuilderAppendDelete" time="0,000" classname="cviceni.StringBuilderAndBufferTest"/>
  <testcase name="testBufferAppendDelete" time="0,000" classname="cviceni.StringBuilderAndBufferTest"/>
  <testcase name="testBuilderAppend" time="0,000" classname="cviceni.StringBuilderAndBufferTest"/>
  <testcase name="testBufferAppendDelete" time="0,001" classname="cviceni.StringBuilderAndBufferTest"/>
  <testcase name="testBuilderAppend" time="0,001" classname="cviceni.StringBuilderAndBufferTest"/>
  <testcase name="testBuilderAppend" time="0,001" classname="cviceni.StringBuilderAndBufferTest"/>
  <testcase name="testBuilderAppendDelete" time="0,000" classname="cviceni.StringBuilderAndBufferTest"/>
  <testcase name="testBuilderAppendDelete" time="0,001" classname="cviceni.StringBuilderAndBufferTest"/>
  <testcase name="testBufferAppendDelete" time="0,001" classname="cviceni.StringBuilderAndBufferTest"/>
  <testcase name="testBuilderAppend" time="0,000" classname="cviceni.StringBuilderAndBufferTest"/>
  <testcase name="testBuilderAppend" time="0,000" classname="cviceni.StringBuilderAndBufferTest"/>
  <testcase name="testBuilderAppend" time="0,000" classname="cviceni.StringBuilderAndBufferTest"/>
  <testcase name="testBufferAppend" time="0,000" classname="cviceni.StringBuilderAndBufferTest"/>
  <testcase name="testBuilderAppendDelete" time="0,000" classname="cviceni.StringBuilderAndBufferTest"/>
  <testcase name="testBuilderAppend" time="0,000" classname="cviceni.StringBuilderAndBufferTest"/>
  <testcase name="testBuilderAppendDelete" time="0,000" classname="cviceni.StringBuilderAndBufferTest"/>
  <testcase name="testBufferAppend" time="0,001" classname="cviceni.StringBuilderAndBufferTest"/>
  <testcase name="testBuilderAppendDelete" time="0,003" classname="cviceni.StringBuilderAndBufferTest"/>
  <testcase name="testBuilderAppendDelete" time="0,000" classname="cviceni.StringBuilderAndBufferTest"/>
  <testcase name="testBufferAppend" time="0,000" classname="cviceni.StringBuilderAndBufferTest"/>
  <testcase name="testBuilderAppendDelete" time="0,000" classname="cviceni.StringBuilderAndBufferTest"/>
  <testcase name="testBufferAppendDelete" time="0,001" classname="cviceni.StringBuilderAndBufferTest"/>
  <testcase name="testBuilderAppend" time="0,001" classname="cviceni.StringBuilderAndBufferTest"/>
  <testcase name="testBufferAppendDelete" time="0,000" classname="cviceni.StringBuilderAndBufferTest"/>
  <testcase name="testBuilderAppendDelete" time="0,000" classname="cviceni.StringBuilderAndBufferTest"/>
  <testcase name="testBuilderAppend" time="0,001" classname="cviceni.StringBuilderAndBufferTest"/>
  <testcase name="testBufferAppendDelete" time="0,001" classname="cviceni.StringBuilderAndBufferTest"/>
  <testcase name="testBuilderAppendDelete" time="0,000" classname="cviceni.StringBuilderAndBufferTest"/>
  <testcase name="testBufferAppendDelete" time="0,001" classname="cviceni.StringBuilderAndBufferTest"/>
  <testcase name="testBuilderAppend" time="0,001" classname="cviceni.StringBuilderAndBufferTest"/>
  <testcase name="testBuilderAppendDelete" time="0,000" classname="cviceni.StringBuilderAndBufferTest"/>
  <testcase name="testBuilderAppend" time="0,001" classname="cviceni.StringBuilderAndBufferTest"/>
  <testcase name="testBuilderAppendDelete" time="0,001" classname="cviceni.StringBuilderAndBufferTest"/>
  <testcase name="testBuilderAppendDelete" time="0,000" classname="cviceni.StringBuilderAndBufferTest"/>
  <testcase name="testBufferAppend" time="0,000" classname="cviceni.StringBuilderAndBufferTest"/>
  <testcase name="testBuilderAppendDelete" time="0,001" classname="cviceni.StringBuilderAndBufferTest"/>
  <testcase name="testBufferAppendDelete" time="0,000" classname="cviceni.StringBuilderAndBufferTest"/>
  <testcase name="testBuilderAppendDelete" time="0,000" classname="cviceni.StringBuilderAndBufferTest"/>
  <testcase name="testBufferAppend" time="0,000" classname="cviceni.StringBuilderAndBufferTest"/>
  <testcase name="testBufferAppend" time="0,000" classname="cviceni.StringBuilderAndBufferTest"/>
  <testcase name="testBuilderAppendDelete" time="0,000" classname="cviceni.StringBuilderAndBufferTest"/>
  <testcase name="testBuilderAppend" time="0,000" classname="cviceni.StringBuilderAndBufferTest"/>
  <testcase name="testBuilderAppend" time="0,000" classname="cviceni.StringBuilderAndBufferTest"/>
  <testcase name="testBufferAppend" time="0,000" classname="cviceni.StringBuilderAndBufferTest"/>
  <testcase name="testBuilderAppend" time="0,001" classname="cviceni.StringBuilderAndBufferTest"/>
  <testcase name="testBufferAppend" time="0,000" classname="cviceni.StringBuilderAndBufferTest"/>
  <testcase name="testBuilderAppendDelete" time="0,000" classname="cviceni.StringBuilderAndBufferTest"/>
  <testcase name="testBuilderAppendDelete" time="0,000" classname="cviceni.StringBuilderAndBufferTest"/>
  <testcase name="testBuilderAppendDelete" time="0,001" classname="cviceni.StringBuilderAndBufferTest"/>
  <testcase name="testBufferAppendDelete" time="0,000" classname="cviceni.StringBuilderAndBufferTest"/>
  <testcase name="testBuilderAppend" time="0,001" classname="cviceni.StringBuilderAndBufferTest"/>
  <testcase name="testBufferAppend" time="0,000" classname="cviceni.StringBuilderAndBufferTest"/>
  <testcase name="testBuilderAppend" time="0,000" classname="cviceni.StringBuilderAndBufferTest"/>
  <testcase name="testBuilderAppend" time="0,001" classname="cviceni.StringBuilderAndBufferTest"/>
  <testcase name="testBufferAppend" time="0,000" classname="cviceni.StringBuilderAndBufferTest"/>
  <testcase name="testBuilderAppendDelete" time="0,000" classname="cviceni.StringBuilderAndBufferTest"/>
  <testcase name="testBuilderAppend" time="0,001" classname="cviceni.StringBuilderAndBufferTest"/>
  <testcase name="testBuilderAppendDelete" time="0,000" classname="cviceni.StringBuilderAndBufferTest"/>
  <testcase name="testBuilderAppendDelete" time="0,000" classname="cviceni.StringBuilderAndBufferTest"/>
  <testcase name="testBuilderAppend" time="0,000" classname="cviceni.StringBuilderAndBufferTest"/>
  <testcase name="testBufferAppend" time="0,001" classname="cviceni.StringBuilderAndBufferTest"/>
  <testcase name="testBufferAppend" time="0,001" classname="cviceni.StringBuilderAndBufferTest"/>
  <testcase name="testBufferAppend" time="0,000" classname="cviceni.StringBuilderAndBufferTest"/>
  <testcase name="testBufferAppend" time="0,000" classname="cviceni.StringBuilderAndBufferTest"/>
  <testcase name="testBufferAppendDelete" time="0,000" classname="cviceni.StringBuilderAndBufferTest"/>
  <testcase name="testBufferAppend" time="0,000" classname="cviceni.StringBuilderAndBufferTest"/>
  <testcase name="testBufferAppend" time="0,000" classname="cviceni.StringBuilderAndBufferTest"/>
  <testcase name="testBufferAppend" time="0,000" classname="cviceni.StringBuilderAndBufferTest"/>
  <testcase name="testBufferAppend" time="0,000" classname="cviceni.StringBuilderAndBufferTest"/>
  <testcase name="testBufferAppendDelete" time="0,000" classname="cviceni.StringBuilderAndBufferTest"/>
  <testcase name="testBuilderAppend" time="0,000" classname="cviceni.StringBuilderAndBufferTest"/>
  <testcase name="testBuilderAppend" time="0,000" classname="cviceni.StringBuilderAndBufferTest"/>
  <testcase name="testBufferAppend" time="0,001" classname="cviceni.StringBuilderAndBufferTest"/>
  <testcase name="testBufferAppend" time="0,001" classname="cviceni.StringBuilderAndBufferTest"/>
  <testcase name="testBuilderAppend" time="0,000" classname="cviceni.StringBuilderAndBufferTest"/>
  <testcase name="testBufferAppend" time="0,000" classname="cviceni.StringBuilderAndBufferTest"/>
  <testcase name="testBufferAppend" time="0,000" classname="cviceni.StringBuilderAndBufferTest"/>
  <testcase name="testBufferAppendDelete" time="0,001" classname="cviceni.StringBuilderAndBufferTest"/>
  <testcase name="testBuilderAppendDelete" time="0,000" classname="cviceni.StringBuilderAndBufferTest"/>
  <testcase name="testBuilderAppend" time="0,000" classname="cviceni.StringBuilderAndBufferTest"/>
  <testcase name="testBufferAppend" time="0,001" classname="cviceni.StringBuilderAndBufferTest"/>
  <testcase name="testBuilderAppend" time="0,000" classname="cviceni.StringBuilderAndBufferTest"/>
  <testcase name="testBufferAppendDelete" time="0,001" classname="cviceni.StringBuilderAndBufferTest"/>
  <testcase name="testBuilderAppend" time="0,000" classname="cviceni.StringBuilderAndBufferTest"/>
  <testcase name="testBufferAppend" time="0,001" classname="cviceni.StringBuilderAndBufferTest"/>
  <testcase name="testBufferAppend" time="0,000" classname="cviceni.StringBuilderAndBufferTest"/>
  <testcase name="testBufferAppendDelete" time="0,000" classname="cviceni.StringBuilderAndBufferTest"/>
  <testcase name="testBuilderAppendDelete" time="0,001" classname="cviceni.StringBuilderAndBufferTest"/>
  <testcase name="testBuilderAppendDelete" time="0,000" classname="cviceni.StringBuilderAndBufferTest"/>
  <testcase name="testBufferAppendDelete" time="0,000" classname="cviceni.StringBuilderAndBufferTest"/>
  <testcase name="testBufferAppend" time="0,000" classname="cviceni.StringBuilderAndBufferTest"/>
  <testcase name="testBufferAppendDelete" time="0,000" classname="cviceni.StringBuilderAndBufferTest"/>
  <testcase name="testBufferAppend" time="0,000" classname="cviceni.StringBuilderAndBufferTest"/>
  <testcase name="testBufferAppendDelete" time="0,000" classname="cviceni.StringBuilderAndBufferTest"/>
  <testcase name="testBuilderAppend" time="0,001" classname="cviceni.StringBuilderAndBufferTest"/>
  <testcase name="testBuilderAppend" time="0,000" classname="cviceni.StringBuilderAndBufferTest"/>
  <testcase name="testBuilderAppend" time="0,000" classname="cviceni.StringBuilderAndBufferTest"/>
  <testcase name="testBufferAppend" time="0,000" classname="cviceni.StringBuilderAndBufferTest"/>
  <testcase name="testBufferAppend" time="0,000" classname="cviceni.StringBuilderAndBufferTest"/>
  <testcase name="testBuilderAppend" time="0,000" classname="cviceni.StringBuilderAndBufferTest"/>
  <testcase name="testBuilderAppendDelete" time="0,001" classname="cviceni.StringBuilderAndBufferTest"/>
  <testcase name="testBufferAppendDelete" time="0,000" classname="cviceni.StringBuilderAndBufferTest"/>
  <testcase name="testBufferAppend" time="0,001" classname="cviceni.StringBuilderAndBufferTest"/>
  <testcase name="testBuilderAppendDelete" time="0,000" classname="cviceni.StringBuilderAndBufferTest"/>
  <testcase name="testBufferAppendDelete" time="0,000" classname="cviceni.StringBuilderAndBufferTest"/>
  <testcase name="testBuilderAppendDelete" time="0,000" classname="cviceni.StringBuilderAndBufferTest"/>
  <testcase name="testBufferAppend" time="0,000" classname="cviceni.StringBuilderAndBufferTest"/>
  <testcase name="testBuilderAppend" time="0,001" classname="cviceni.StringBuilderAndBufferTest"/>
  <testcase name="testBuilderAppend" time="0,000" classname="cviceni.StringBuilderAndBufferTest"/>
  <testcase name="testBuilderAppendDelete" time="0,000" classname="cviceni.StringBuilderAndBufferTest"/>
  <testcase name="testBufferAppendDelete" time="0,000" classname="cviceni.StringBuilderAndBufferTest"/>
  <testcase name="testBuilderAppend" time="0,000" classname="cviceni.StringBuilderAndBufferTest"/>
  <testcase name="testBufferAppend" time="0,001" classname="cviceni.StringBuilderAndBufferTest"/>
  <testcase name="testBuilderAppend" time="0,050" classname="cviceni.StringBuilderAndBufferTest"/>
  <testcase name="testBuilderAppend" time="0,000" classname="cviceni.StringBuilderAndBufferTest"/>
  <testcase name="testBufferAppendDelete" time="0,000" classname="cviceni.StringBuilderAndBufferTest"/>
  <testcase name="testBuilderAppendDelete" time="0,001" classname="cviceni.StringBuilderAndBufferTest"/>
  <testcase name="testBufferAppend" time="0,001" classname="cviceni.StringBuilderAndBufferTest"/>
  <testcase name="testBuilderAppendDelete" time="0,000" classname="cviceni.StringBuilderAndBufferTest"/>
  <testcase name="testBuilderAppend" time="0,000" classname="cviceni.StringBuilderAndBufferTest"/>
  <testcase name="testBuilderAppendDelete" time="0,000" classname="cviceni.StringBuilderAndBufferTest"/>
  <testcase name="testBuilderAppend" time="0,000" classname="cviceni.StringBuilderAndBufferTest"/>
  <testcase name="testBufferAppend" time="0,018" classname="cviceni.StringBuilderAndBufferTest"/>
  <testcase name="testBufferAppendDelete" time="0,000" classname="cviceni.StringBuilderAndBufferTest"/>
  <testcase name="testBuilderAppend" time="0,001" classname="cviceni.StringBuilderAndBufferTest"/>
  <testcase name="testBufferAppend" time="0,001" classname="cviceni.StringBuilderAndBufferTest"/>
  <testcase name="testBufferAppend" time="0,000" classname="cviceni.StringBuilderAndBufferTest"/>
  <testcase name="testBufferAppendDelete" time="0,000" classname="cviceni.StringBuilderAndBufferTest"/>
  <testcase name="testBuilderAppendDelete" time="0,001" classname="cviceni.StringBuilderAndBufferTest"/>
  <testcase name="testBuilderAppend" time="0,000" classname="cviceni.StringBuilderAndBufferTest"/>
  <testcase name="testBufferAppendDelete" time="0,001" classname="cviceni.StringBuilderAndBufferTest"/>
  <testcase name="testBufferAppend" time="0,000" classname="cviceni.StringBuilderAndBufferTest"/>
  <testcase name="testBuilderAppend" time="0,000" classname="cviceni.StringBuilderAndBufferTest"/>
  <testcase name="testBuilderAppend" time="0,000" classname="cviceni.StringBuilderAndBufferTest"/>
  <testcase name="testBufferAppendDelete" time="0,000" classname="cviceni.StringBuilderAndBufferTest"/>
  <testcase name="testBufferAppendDelete" time="0,000" classname="cviceni.StringBuilderAndBufferTest"/>
  <testcase name="testBufferAppendDelete" time="0,000" classname="cviceni.StringBuilderAndBufferTest"/>
  <testcase name="testBufferAppend" time="0,000" classname="cviceni.StringBuilderAndBufferTest"/>
  <testcase name="testBufferAppend" time="0,001" classname="cviceni.StringBuilderAndBufferTest"/>
  <testcase name="testBuilderAppend" time="0,000" classname="cviceni.StringBuilderAndBufferTest"/>
  <testcase name="testBuilderAppend" time="0,000" classname="cviceni.StringBuilderAndBufferTest"/>
  <testcase name="testBuilderAppendDelete" time="0,000" classname="cviceni.StringBuilderAndBufferTest"/>
  <testcase name="testBuilderAppend" time="0,001" classname="cviceni.StringBuilderAndBufferTest"/>
  <testcase name="testBuilderAppendDelete" time="0,000" classname="cviceni.StringBuilderAndBufferTest"/>
  <testcase name="testBufferAppend" time="0,000" classname="cviceni.StringBuilderAndBufferTest"/>
  <testcase name="testBuilderAppendDelete" time="0,000" classname="cviceni.StringBuilderAndBufferTest"/>
  <testcase name="testBuilderAppend" time="0,000" classname="cviceni.StringBuilderAndBufferTest"/>
  <testcase name="testBuilderAppend" time="0,000" classname="cviceni.StringBuilderAndBufferTest"/>
  <testcase name="testBuilderAppendDelete" time="0,074" classname="cviceni.StringBuilderAndBufferTest"/>
  <testcase name="testBuilderAppendDelete" time="0,001" classname="cviceni.StringBuilderAndBufferTest"/>
  <testcase name="testBuilderAppendDelete" time="0,000" classname="cviceni.StringBuilderAndBufferTest"/>
  <testcase name="testBufferAppendDelete" time="0,001" classname="cviceni.StringBuilderAndBufferTest"/>
  <testcase name="testBuilderAppendDelete" time="0,000" classname="cviceni.StringBuilderAndBufferTest"/>
  <testcase name="testBuilderAppendDelete" time="0,000" classname="cviceni.StringBuilderAndBufferTest"/>
  <testcase name="testBufferAppend" time="0,000" classname="cviceni.StringBuilderAndBufferTest"/>
  <testcase name="testBuilderAppend" time="0,001" classname="cviceni.StringBuilderAndBufferTest"/>
  <testcase name="testBufferAppend" time="0,000" classname="cviceni.StringBuilderAndBufferTest"/>
  <testcase name="testBuilderAppendDelete" time="0,000" classname="cviceni.StringBuilderAndBufferTest"/>
  <testcase name="testBuilderAppendDelete" time="0,000" classname="cviceni.StringBuilderAndBufferTest"/>
  <testcase name="testBuilderAppend" time="0,000" classname="cviceni.StringBuilderAndBufferTest"/>
  <testcase name="testBufferAppendDelete" time="0,001" classname="cviceni.StringBuilderAndBufferTest"/>
  <testcase name="testBuilderAppendDelete" time="0,000" classname="cviceni.StringBuilderAndBufferTest"/>
  <testcase name="testBufferAppendDelete" time="0,001" classname="cviceni.StringBuilderAndBufferTest"/>
  <testcase name="testBufferAppend" time="0,000" classname="cviceni.StringBuilderAndBufferTest"/>
  <testcase name="testBuilderAppendDelete" time="0,000" classname="cviceni.StringBuilderAndBufferTest"/>
  <testcase name="testBuilderAppendDelete" time="0,001" classname="cviceni.StringBuilderAndBufferTest"/>
  <testcase name="testBuilderAppendDelete" time="0,000" classname="cviceni.StringBuilderAndBufferTest"/>
  <testcase name="testBufferAppendDelete" time="0,000" classname="cviceni.StringBuilderAndBufferTest"/>
  <testcase name="testBufferAppendDelete" time="0,009" classname="cviceni.StringBuilderAndBufferTest"/>
  <testcase name="testBuilderAppend" time="0,001" classname="cviceni.StringBuilderAndBufferTest"/>
  <testcase name="testBuilderAppendDelete" time="0,002" classname="cviceni.StringBuilderAndBufferTest"/>
  <testcase name="testBuilderAppendDelete" time="0,000" classname="cviceni.StringBuilderAndBufferTest"/>
  <testcase name="testBufferAppend" time="0,000" classname="cviceni.StringBuilderAndBufferTest"/>
  <testcase name="testBuilderAppendDelete" time="0,000" classname="cviceni.StringBuilderAndBufferTest"/>
  <testcase name="testBufferAppend" time="0,000" classname="cviceni.StringBuilderAndBufferTest"/>
  <testcase name="testBufferAppendDelete" time="0,001" classname="cviceni.StringBuilderAndBufferTest"/>
  <testcase name="testBufferAppendDelete" time="0,000" classname="cviceni.StringBuilderAndBufferTest"/>
  <testcase name="testBufferAppend" time="0,000" classname="cviceni.StringBuilderAndBufferTest"/>
  <testcase name="testBuilderAppendDelete" time="0,001" classname="cviceni.StringBuilderAndBufferTest"/>
  <testcase name="testBufferAppend" time="0,000" classname="cviceni.StringBuilderAndBufferTest"/>
  <testcase name="testBufferAppendDelete" time="0,000" classname="cviceni.StringBuilderAndBufferTest"/>
  <testcase name="testBuilderAppendDelete" time="0,000" classname="cviceni.StringBuilderAndBufferTest"/>
  <testcase name="testBufferAppend" time="0,000" classname="cviceni.StringBuilderAndBufferTest"/>
  <testcase name="testBuilderAppend" time="0,000" classname="cviceni.StringBuilderAndBufferTest"/>
  <testcase name="testBufferAppend" time="0,000" classname="cviceni.StringBuilderAndBufferTest"/>
  <testcase name="testBufferAppend" time="0,000" classname="cviceni.StringBuilderAndBufferTest"/>
  <testcase name="testBufferAppendDelete" time="0,000" classname="cviceni.StringBuilderAndBufferTest"/>
  <testcase name="testBuilderAppend" time="0,000" classname="cviceni.StringBuilderAndBufferTest"/>
  <testcase name="testBuilderAppendDelete" time="0,000" classname="cviceni.StringBuilderAndBufferTest"/>
  <testcase name="testBufferAppend" time="0,001" classname="cviceni.StringBuilderAndBufferTest"/>
  <testcase name="testBufferAppend" time="0,001" classname="cviceni.StringBuilderAndBufferTest"/>
  <testcase name="testBufferAppendDelete" time="0,000" classname="cviceni.StringBuilderAndBufferTest"/>
  <testcase name="testBuilderAppendDelete" time="0,000" classname="cviceni.StringBuilderAndBufferTest"/>
  <testcase name="testBufferAppend" time="0,000" classname="cviceni.StringBuilderAndBufferTest"/>
  <testcase name="testBufferAppend" time="0,000" classname="cviceni.StringBuilderAndBufferTest"/>
  <testcase name="testBuilderAppend" time="0,000" classname="cviceni.StringBuilderAndBufferTest"/>
  <testcase name="testBuilderAppendDelete" time="0,000" classname="cviceni.StringBuilderAndBufferTest"/>
  <testcase name="testBufferAppend" time="0,000" classname="cviceni.StringBuilderAndBufferTest"/>
  <testcase name="testBufferAppend" time="0,000" classname="cviceni.StringBuilderAndBufferTest"/>
  <testcase name="testBufferAppendDelete" time="0,001" classname="cviceni.StringBuilderAndBufferTest"/>
  <testcase name="testBufferAppend" time="0,000" classname="cviceni.StringBuilderAndBufferTest"/>
  <testcase name="testBuilderAppendDelete" time="0,000" classname="cviceni.StringBuilderAndBufferTest"/>
  <testcase name="testBuilderAppend" time="0,001" classname="cviceni.StringBuilderAndBufferTest"/>
  <testcase name="testBufferAppend" time="0,000" classname="cviceni.StringBuilderAndBufferTest"/>
  <testcase name="testBufferAppendDelete" time="0,000" classname="cviceni.StringBuilderAndBufferTest"/>
  <testcase name="testBufferAppendDelete" time="0,000" classname="cviceni.StringBuilderAndBufferTest"/>
  <testcase name="testBufferAppendDelete" time="0,000" classname="cviceni.StringBuilderAndBufferTest"/>
  <testcase name="testBuilderAppend" time="0,001" classname="cviceni.StringBuilderAndBufferTest"/>
  <testcase name="testBuilderAppendDelete" time="0,000" classname="cviceni.StringBuilderAndBufferTest"/>
  <testcase name="testBufferAppend" time="0,000" classname="cviceni.StringBuilderAndBufferTest"/>
  <testcase name="testBufferAppendDelete" time="0,000" classname="cviceni.StringBuilderAndBufferTest"/>
  <testcase name="testBufferAppendDelete" time="0,000" classname="cviceni.StringBuilderAndBufferTest"/>
  <testcase name="testBuilderAppendDelete" time="0,000" classname="cviceni.StringBuilderAndBufferTest"/>
  <testcase name="testBuilderAppend" time="0,001" classname="cviceni.StringBuilderAndBufferTest"/>
  <testcase name="testBuilderAppend" time="0,001" classname="cviceni.StringBuilderAndBufferTest"/>
  <testcase name="testBuilderAppendDelete" time="0,000" classname="cviceni.StringBuilderAndBufferTest"/>
  <testcase name="testBufferAppendDelete" time="0,000" classname="cviceni.StringBuilderAndBufferTest"/>
  <testcase name="testBuilderAppendDelete" time="0,000" classname="cviceni.StringBuilderAndBufferTest"/>
  <testcase name="testBuilderAppendDelete" time="0,000" classname="cviceni.StringBuilderAndBufferTest"/>
  <testcase name="testBuilderAppend" time="0,000" classname="cviceni.StringBuilderAndBufferTest"/>
  <testcase name="testBuilderAppend" time="0,000" classname="cviceni.StringBuilderAndBufferTest"/>
  <testcase name="testBuilderAppend" time="0,000" classname="cviceni.StringBuilderAndBufferTest"/>
  <testcase name="testBufferAppend" time="0,000" classname="cviceni.StringBuilderAndBufferTest"/>
  <testcase name="testBufferAppendDelete" time="0,000" classname="cviceni.StringBuilderAndBufferTest"/>
  <testcase name="testBufferAppendDelete" time="0,000" classname="cviceni.StringBuilderAndBufferTest"/>
  <testcase name="testBufferAppend" time="0,000" classname="cviceni.StringBuilderAndBufferTest"/>
  <testcase name="testBufferAppend" time="0,000" classname="cviceni.StringBuilderAndBufferTest"/>
  <testcase name="testBuilderAppend" time="0,000" classname="cviceni.StringBuilderAndBufferTest"/>
  <testcase name="testBuilderAppend" time="0,000" classname="cviceni.StringBuilderAndBufferTest"/>
  <testcase name="testBuilderAppendDelete" time="0,000" classname="cviceni.StringBuilderAndBufferTest"/>
  <testcase name="testBufferAppend" time="0,000" classname="cviceni.StringBuilderAndBufferTest"/>
  <testcase name="testBuilderAppend" time="0,001" classname="cviceni.StringBuilderAndBufferTest"/>
  <testcase name="testBufferAppendDelete" time="0,000" classname="cviceni.StringBuilderAndBufferTest"/>
  <testcase name="testBuilderAppendDelete" time="0,000" classname="cviceni.StringBuilderAndBufferTest"/>
  <testcase name="testBuilderAppend" time="0,000" classname="cviceni.StringBuilderAndBufferTest"/>
  <testcase name="testBufferAppendDelete" time="0,000" classname="cviceni.StringBuilderAndBufferTest"/>
  <testcase name="testBuilderAppend" time="0,001" classname="cviceni.StringBuilderAndBufferTest"/>
  <testcase name="testBufferAppend" time="0,000" classname="cviceni.StringBuilderAndBufferTest"/>
  <testcase name="testBuilderAppendDelete" time="0,000" classname="cviceni.StringBuilderAndBufferTest"/>
  <testcase name="testBufferAppend" time="0,000" classname="cviceni.StringBuilderAndBufferTest"/>
  <testcase name="testBuilderAppend" time="0,000" classname="cviceni.StringBuilderAndBufferTest"/>
  <testcase name="testBuilderAppendDelete" time="0,001" classname="cviceni.StringBuilderAndBufferTest"/>
  <testcase name="testBufferAppend" time="0,001" classname="cviceni.StringBuilderAndBufferTest"/>
  <testcase name="testBufferAppend" time="0,001" classname="cviceni.StringBuilderAndBufferTest"/>
  <testcase name="testBuilderAppendDelete" time="0,001" classname="cviceni.StringBuilderAndBufferTest"/>
  <testcase name="testBufferAppendDelete" time="0,001" classname="cviceni.StringBuilderAndBufferTest"/>
  <testcase name="testBuilderAppend" time="0,000" classname="cviceni.StringBuilderAndBufferTest"/>
  <testcase name="testBufferAppend" time="0,001" classname="cviceni.StringBuilderAndBufferTest"/>
  <testcase name="testBuilderAppendDelete" time="0,001" classname="cviceni.StringBuilderAndBufferTest"/>
  <testcase name="testBufferAppend" time="0,000" classname="cviceni.StringBuilderAndBufferTest"/>
  <testcase name="testBufferAppendDelete" time="0,000" classname="cviceni.StringBuilderAndBufferTest"/>
  <testcase name="testBufferAppend" time="0,000" classname="cviceni.StringBuilderAndBufferTest"/>
  <testcase name="testBufferAppend" time="0,000" classname="cviceni.StringBuilderAndBufferTest"/>
  <testcase name="testBufferAppendDelete" time="0,001" classname="cviceni.StringBuilderAndBufferTest"/>
  <testcase name="testBufferAppendDelete" time="0,000" classname="cviceni.StringBuilderAndBufferTest"/>
  <testcase name="testBufferAppend" time="0,000" classname="cviceni.StringBuilderAndBufferTest"/>
  <testcase name="testBufferAppend" time="0,001" classname="cviceni.StringBuilderAndBufferTest"/>
  <testcase name="testBuilderAppend" time="0,000" classname="cviceni.StringBuilderAndBufferTest"/>
  <testcase name="testBuilderAppend" time="0,018" classname="cviceni.StringBuilderAndBufferTest"/>
  <testcase name="testBuilderAppendDelete" time="0,000" classname="cviceni.StringBuilderAndBufferTest"/>
  <testcase name="testBuilderAppend" time="0,000" classname="cviceni.StringBuilderAndBufferTest"/>
  <testcase name="testBuilderAppendDelete" time="0,000" classname="cviceni.StringBuilderAndBufferTest"/>
  <testcase name="testBuilderAppendDelete" time="0,000" classname="cviceni.StringBuilderAndBufferTest"/>
  <testcase name="testBufferAppendDelete" time="0,000" classname="cviceni.StringBuilderAndBufferTest"/>
  <testcase name="testBufferAppend" time="0,001" classname="cviceni.StringBuilderAndBufferTest"/>
  <testcase name="testBuilderAppendDelete" time="0,000" classname="cviceni.StringBuilderAndBufferTest"/>
  <testcase name="testBuilderAppend" time="0,128" classname="cviceni.StringBuilderAndBufferTest"/>
  <testcase name="testBufferAppend" time="0,000" classname="cviceni.StringBuilderAndBufferTest"/>
  <testcase name="testBuilderAppendDelete" time="0,000" classname="cviceni.StringBuilderAndBufferTest"/>
  <testcase name="testBufferAppend" time="0,000" classname="cviceni.StringBuilderAndBufferTest"/>
  <testcase name="testBufferAppendDelete" time="0,000" classname="cviceni.StringBuilderAndBufferTest"/>
  <testcase name="testBufferAppendDelete" time="0,001" classname="cviceni.StringBuilderAndBufferTest"/>
  <testcase name="testBufferAppendDelete" time="0,000" classname="cviceni.StringBuilderAndBufferTest"/>
  <testcase name="testBufferAppend" time="0,000" classname="cviceni.StringBuilderAndBufferTest"/>
  <testcase name="testBufferAppend" time="0,000" classname="cviceni.StringBuilderAndBufferTest"/>
  <testcase name="testBufferAppendDelete" time="0,000" classname="cviceni.StringBuilderAndBufferTest"/>
  <testcase name="testBuilderAppendDelete" time="0,000" classname="cviceni.StringBuilderAndBufferTest"/>
  <testcase name="testBuilderAppendDelete" time="0,000" classname="cviceni.StringBuilderAndBufferTest"/>
  <testcase name="testBuilderAppend" time="0,000" classname="cviceni.StringBuilderAndBufferTest"/>
  <testcase name="testBuilderAppendDelete" time="0,001" classname="cviceni.StringBuilderAndBufferTest"/>
  <testcase name="testBuilderAppend" time="0,000" classname="cviceni.StringBuilderAndBufferTest"/>
  <testcase name="testBufferAppendDelete" time="0,000" classname="cviceni.StringBuilderAndBufferTest"/>
  <testcase name="testBuilderAppendDelete" time="0,000" classname="cviceni.StringBuilderAndBufferTest"/>
  <testcase name="testBufferAppendDelete" time="0,001" classname="cviceni.StringBuilderAndBufferTest"/>
  <testcase name="testBufferAppendDelete" time="0,001" classname="cviceni.StringBuilderAndBufferTest"/>
  <testcase name="testBufferAppend" time="0,000" classname="cviceni.StringBuilderAndBufferTest"/>
  <testcase name="testBuilderAppendDelete" time="0,000" classname="cviceni.StringBuilderAndBufferTest"/>
  <testcase name="testBuilderAppend" time="0,001" classname="cviceni.StringBuilderAndBufferTest"/>
  <testcase name="testBuilderAppendDelete" time="0,000" classname="cviceni.StringBuilderAndBufferTest"/>
  <testcase name="testBufferAppend" time="0,000" classname="cviceni.StringBuilderAndBufferTest"/>
  <testcase name="testBuilderAppendDelete" time="0,000" classname="cviceni.StringBuilderAndBufferTest"/>
  <testcase name="testBuilderAppend" time="0,067" classname="cviceni.StringBuilderAndBufferTest"/>
  <testcase name="testBuilderAppend" time="0,000" classname="cviceni.StringBuilderAndBufferTest"/>
  <testcase name="testBufferAppend" time="0,000" classname="cviceni.StringBuilderAndBufferTest"/>
  <testcase name="testBuilderAppend" time="0,000" classname="cviceni.StringBuilderAndBufferTest"/>
  <testcase name="testBufferAppendDelete" time="0,000" classname="cviceni.StringBuilderAndBufferTest"/>
  <testcase name="testBufferAppendDelete" time="0,000" classname="cviceni.StringBuilderAndBufferTest"/>
  <testcase name="testBuilderAppendDelete" time="0,000" classname="cviceni.StringBuilderAndBufferTest"/>
  <testcase name="testBuilderAppendDelete" time="0,001" classname="cviceni.StringBuilderAndBufferTest"/>
  <testcase name="testBuilderAppend" time="0,000" classname="cviceni.StringBuilderAndBufferTest"/>
  <testcase name="testBufferAppendDelete" time="0,000" classname="cviceni.StringBuilderAndBufferTest"/>
  <testcase name="testBuilderAppendDelete" time="0,000" classname="cviceni.StringBuilderAndBufferTest"/>
  <testcase name="testBufferAppend" time="0,001" classname="cviceni.StringBuilderAndBufferTest"/>
  <testcase name="testBuilderAppendDelete" time="0,001" classname="cviceni.StringBuilderAndBufferTest"/>
  <testcase name="testBuilderAppend" time="0,001" classname="cviceni.StringBuilderAndBufferTest"/>
  <testcase name="testBuilderAppend" time="0,000" classname="cviceni.StringBuilderAndBufferTest"/>
  <testcase name="testBufferAppend" time="0,001" classname="cviceni.StringBuilderAndBufferTest"/>
  <testcase name="testBuilderAppendDelete" time="0,017" classname="cviceni.StringBuilderAndBufferTest"/>
  <testcase name="testBufferAppendDelete" time="0,000" classname="cviceni.StringBuilderAndBufferTest"/>
  <testcase name="testBufferAppendDelete" time="0,000" classname="cviceni.StringBuilderAndBufferTest"/>
  <testcase name="testBuilderAppendDelete" time="0,026" classname="cviceni.StringBuilderAndBufferTest"/>
  <testcase name="testBuilderAppend" time="0,000" classname="cviceni.StringBuilderAndBufferTest"/>
  <testcase name="testBuilderAppendDelete" time="0,001" classname="cviceni.StringBuilderAndBufferTest"/>
  <testcase name="testBuilderAppend" time="0,000" classname="cviceni.StringBuilderAndBufferTest"/>
  <testcase name="testBufferAppend" time="0,001" classname="cviceni.StringBuilderAndBufferTest"/>
  <testcase name="testBufferAppendDelete" time="0,000" classname="cviceni.StringBuilderAndBufferTest"/>
  <testcase name="testBuilderAppendDelete" time="0,001" classname="cviceni.StringBuilderAndBufferTest"/>
  <testcase name="testBufferAppend" time="0,000" classname="cviceni.StringBuilderAndBufferTest"/>
  <testcase name="testBuilderAppendDelete" time="0,000" classname="cviceni.StringBuilderAndBufferTest"/>
  <testcase name="testBuilderAppendDelete" time="0,000" classname="cviceni.StringBuilderAndBufferTest"/>
  <testcase name="testBufferAppend" time="0,000" classname="cviceni.StringBuilderAndBufferTest"/>
  <testcase name="testBuilderAppendDelete" time="0,000" classname="cviceni.StringBuilderAndBufferTest"/>
  <testcase name="testBufferAppendDelete" time="0,000" classname="cviceni.StringBuilderAndBufferTest"/>
  <testcase name="testBuilderAppend" time="0,000" classname="cviceni.StringBuilderAndBufferTest"/>
  <testcase name="testBuilderAppendDelete" time="0,000" classname="cviceni.StringBuilderAndBufferTest"/>
  <testcase name="testBufferAppendDelete" time="0,001" classname="cviceni.StringBuilderAndBufferTest"/>
  <testcase name="testBuilderAppendDelete" time="0,000" classname="cviceni.StringBuilderAndBufferTest"/>
  <testcase name="testBufferAppend" time="0,000" classname="cviceni.StringBuilderAndBufferTest"/>
  <testcase name="testBufferAppendDelete" time="0,000" classname="cviceni.StringBuilderAndBufferTest"/>
  <testcase name="testBufferAppendDelete" time="0,000" classname="cviceni.StringBuilderAndBufferTest"/>
  <testcase name="testBuilderAppendDelete" time="0,000" classname="cviceni.StringBuilderAndBufferTest"/>
  <testcase name="testBufferAppendDelete" time="0,000" classname="cviceni.StringBuilderAndBufferTest"/>
  <testcase name="testBuilderAppendDelete" time="0,001" classname="cviceni.StringBuilderAndBufferTest"/>
  <testcase name="testBufferAppendDelete" time="0,001" classname="cviceni.StringBuilderAndBufferTest"/>
  <testcase name="testBufferAppendDelete" time="0,000" classname="cviceni.StringBuilderAndBufferTest"/>
  <testcase name="testBuilderAppendDelete" time="0,000" classname="cviceni.StringBuilderAndBufferTest"/>
  <testcase name="testBuilderAppend" time="0,000" classname="cviceni.StringBuilderAndBufferTest"/>
  <testcase name="testBuilderAppendDelete" time="0,001" classname="cviceni.StringBuilderAndBufferTest"/>
  <testcase name="testBufferAppendDelete" time="0,000" classname="cviceni.StringBuilderAndBufferTest"/>
  <testcase name="testBuilderAppend" time="0,000" classname="cviceni.StringBuilderAndBufferTest"/>
  <testcase name="testBuilderAppendDelete" time="0,001" classname="cviceni.StringBuilderAndBufferTest"/>
  <testcase name="testBuilderAppend" time="0,001" classname="cviceni.StringBuilderAndBufferTest"/>
  <testcase name="testBufferAppendDelete" time="0,000" classname="cviceni.StringBuilderAndBufferTest"/>
  <testcase name="testBuilderAppend" time="0,000" classname="cviceni.StringBuilderAndBufferTest"/>
  <testcase name="testBuilderAppend" time="0,001" classname="cviceni.StringBuilderAndBufferTest"/>
  <testcase name="testBufferAppendDelete" time="0,000" classname="cviceni.StringBuilderAndBufferTest"/>
  <testcase name="testBufferAppend" time="0,001" classname="cviceni.StringBuilderAndBufferTest"/>
  <testcase name="testBufferAppendDelete" time="0,001" classname="cviceni.StringBuilderAndBufferTest"/>
  <testcase name="testBuilderAppendDelete" time="0,001" classname="cviceni.StringBuilderAndBufferTest"/>
  <testcase name="testBufferAppendDelete" time="0,000" classname="cviceni.StringBuilderAndBufferTest"/>
  <testcase name="testBuilderAppendDelete" time="0,001" classname="cviceni.StringBuilderAndBufferTest"/>
  <testcase name="testBuilderAppendDelete" time="0,000" classname="cviceni.StringBuilderAndBufferTest"/>
  <testcase name="testBuilderAppendDelete" time="0,000" classname="cviceni.StringBuilderAndBufferTest"/>
  <testcase name="testBuilderAppendDelete" time="0,001" classname="cviceni.StringBuilderAndBufferTest"/>
  <testcase name="testBuilderAppend" time="0,001" classname="cviceni.StringBuilderAndBufferTest"/>
  <testcase name="testBuilderAppendDelete" time="0,001" classname="cviceni.StringBuilderAndBufferTest"/>
  <testcase name="testBuilderAppendDelete" time="0,001" classname="cviceni.StringBuilderAndBufferTest"/>
  <testcase name="testBuilderAppendDelete" time="0,000" classname="cviceni.StringBuilderAndBufferTest"/>
  <testcase name="testBufferAppend" time="0,000" classname="cviceni.StringBuilderAndBufferTest"/>
  <testcase name="testBuilderAppend" time="0,000" classname="cviceni.StringBuilderAndBufferTest"/>
  <testcase name="testBuilderAppend" time="0,001" classname="cviceni.StringBuilderAndBufferTest"/>
  <testcase name="testBufferAppend" time="0,001" classname="cviceni.StringBuilderAndBufferTest"/>
  <testcase name="testBuilderAppend" time="0,000" classname="cviceni.StringBuilderAndBufferTest"/>
  <testcase name="testBufferAppendDelete" time="0,000" classname="cviceni.StringBuilderAndBufferTest"/>
  <testcase name="testBuilderAppendDelete" time="0,001" classname="cviceni.StringBuilderAndBufferTest"/>
  <testcase name="testBuilderAppendDelete" time="0,000" classname="cviceni.StringBuilderAndBufferTest"/>
  <testcase name="testBuilderAppendDelete" time="0,000" classname="cviceni.StringBuilderAndBufferTest"/>
  <testcase name="testBuilderAppend" time="0,000" classname="cviceni.StringBuilderAndBufferTest"/>
  <testcase name="testBuilderAppend" time="0,000" classname="cviceni.StringBuilderAndBufferTest"/>
  <testcase name="testBufferAppendDelete" time="0,001" classname="cviceni.StringBuilderAndBufferTest"/>
  <testcase name="testBufferAppend" time="0,000" classname="cviceni.StringBuilderAndBufferTest"/>
  <testcase name="testBuilderAppendDelete" time="0,000" classname="cviceni.StringBuilderAndBufferTest"/>
  <testcase name="testBufferAppend" time="0,002" classname="cviceni.StringBuilderAndBufferTest"/>
  <testcase name="testBuilderAppend" time="0,000" classname="cviceni.StringBuilderAndBufferTest"/>
  <testcase name="testBufferAppendDelete" time="0,001" classname="cviceni.StringBuilderAndBufferTest"/>
  <testcase name="testBufferAppendDelete" time="0,000" classname="cviceni.StringBuilderAndBufferTest"/>
  <testcase name="testBufferAppend" time="0,000" classname="cviceni.StringBuilderAndBufferTest"/>
  <testcase name="testBufferAppend" time="0,000" classname="cviceni.StringBuilderAndBufferTest"/>
  <testcase name="testBuilderAppendDelete" time="0,000" classname="cviceni.StringBuilderAndBufferTest"/>
  <testcase name="testBuilderAppend" time="0,001" classname="cviceni.StringBuilderAndBufferTest"/>
  <testcase name="testBuilderAppend" time="0,000" classname="cviceni.StringBuilderAndBufferTest"/>
  <testcase name="testBufferAppend" time="0,000" classname="cviceni.StringBuilderAndBufferTest"/>
  <testcase name="testBufferAppendDelete" time="0,000" classname="cviceni.StringBuilderAndBufferTest"/>
  <testcase name="testBufferAppend" time="0,000" classname="cviceni.StringBuilderAndBufferTest"/>
  <testcase name="testBuilderAppendDelete" time="0,001" classname="cviceni.StringBuilderAndBufferTest"/>
  <testcase name="testBuilderAppend" time="0,000" classname="cviceni.StringBuilderAndBufferTest"/>
  <testcase name="testBufferAppend" time="0,001" classname="cviceni.StringBuilderAndBufferTest"/>
  <testcase name="testBuilderAppendDelete" time="0,000" classname="cviceni.StringBuilderAndBufferTest"/>
  <testcase name="testBufferAppendDelete" time="0,000" classname="cviceni.StringBuilderAndBufferTest"/>
  <testcase name="testBuilderAppend" time="0,000" classname="cviceni.StringBuilderAndBufferTest"/>
  <testcase name="testBufferAppendDelete" time="0,000" classname="cviceni.StringBuilderAndBufferTest"/>
  <testcase name="testBufferAppendDelete" time="0,001" classname="cviceni.StringBuilderAndBufferTest"/>
  <testcase name="testBuilderAppend" time="0,001" classname="cviceni.StringBuilderAndBufferTest"/>
  <testcase name="testBuilderAppendDelete" time="0,000" classname="cviceni.StringBuilderAndBufferTest"/>
  <testcase name="testBuilderAppendDelete" time="0,000" classname="cviceni.StringBuilderAndBufferTest"/>
  <testcase name="testBufferAppendDelete" time="0,000" classname="cviceni.StringBuilderAndBufferTest"/>
  <testcase name="testBufferAppendDelete" time="0,000" classname="cviceni.StringBuilderAndBufferTest"/>
  <testcase name="testBuilderAppendDelete" time="0,000" classname="cviceni.StringBuilderAndBufferTest"/>
  <testcase name="testBufferAppendDelete" time="0,001" classname="cviceni.StringBuilderAndBufferTest"/>
  <testcase name="testBuilderAppend" time="0,001" classname="cviceni.StringBuilderAndBufferTest"/>
  <testcase name="testBufferAppend" time="0,000" classname="cviceni.StringBuilderAndBufferTest"/>
  <testcase name="testBufferAppendDelete" time="0,001" classname="cviceni.StringBuilderAndBufferTest"/>
  <testcase name="testBufferAppendDelete" time="0,000" classname="cviceni.StringBuilderAndBufferTest"/>
  <testcase name="testBufferAppend" time="0,000" classname="cviceni.StringBuilderAndBufferTest"/>
  <testcase name="testBuilderAppendDelete" time="0,000" classname="cviceni.StringBuilderAndBufferTest"/>
  <testcase name="testBufferAppend" time="0,000" classname="cviceni.StringBuilderAndBufferTest"/>
  <testcase name="testBufferAppend" time="0,000" classname="cviceni.StringBuilderAndBufferTest"/>
  <testcase name="testBufferAppendDelete" time="0,000" classname="cviceni.StringBuilderAndBufferTest"/>
  <testcase name="testBuilderAppendDelete" time="0,000" classname="cviceni.StringBuilderAndBufferTest"/>
  <testcase name="testBuilderAppendDelete" time="0,001" classname="cviceni.StringBuilderAndBufferTest"/>
  <testcase name="testBuilderAppend" time="0,001" classname="cviceni.StringBuilderAndBufferTest"/>
  <testcase name="testBufferAppend" time="0,000" classname="cviceni.StringBuilderAndBufferTest"/>
  <testcase name="testBufferAppendDelete" time="0,000" classname="cviceni.StringBuilderAndBufferTest"/>
  <testcase name="testBufferAppendDelete" time="0,000" classname="cviceni.StringBuilderAndBufferTest"/>
  <testcase name="testBuilderAppendDelete" time="0,001" classname="cviceni.StringBuilderAndBufferTest"/>
  <testcase name="testBufferAppend" time="0,000" classname="cviceni.StringBuilderAndBufferTest"/>
  <testcase name="testBufferAppendDelete" time="0,000" classname="cviceni.StringBuilderAndBufferTest"/>
  <testcase name="testBuilderAppendDelete" time="0,001" classname="cviceni.StringBuilderAndBufferTest"/>
  <testcase name="testBuilderAppendDelete" time="0,001" classname="cviceni.StringBuilderAndBufferTest"/>
  <testcase name="testBufferAppendDelete" time="0,000" classname="cviceni.StringBuilderAndBufferTest"/>
  <testcase name="testBufferAppend" time="0,000" classname="cviceni.StringBuilderAndBufferTest"/>
  <testcase name="testBufferAppend" time="0,000" classname="cviceni.StringBuilderAndBufferTest"/>
  <testcase name="testBuilderAppend" time="0,000" classname="cviceni.StringBuilderAndBufferTest"/>
  <testcase name="testBufferAppendDelete" time="0,000" classname="cviceni.StringBuilderAndBufferTest"/>
  <testcase name="testBuilderAppend" time="0,000" classname="cviceni.StringBuilderAndBufferTest"/>
  <testcase name="testBuilderAppendDelete" time="0,001" classname="cviceni.StringBuilderAndBufferTest"/>
  <testcase name="testBufferAppendDelete" time="0,001" classname="cviceni.StringBuilderAndBufferTest"/>
  <testcase name="testBuilderAppendDelete" time="0,000" classname="cviceni.StringBuilderAndBufferTest"/>
  <testcase name="testBufferAppend" time="0,000" classname="cviceni.StringBuilderAndBufferTest"/>
  <testcase name="testBufferAppendDelete" time="0,000" classname="cviceni.StringBuilderAndBufferTest"/>
  <testcase name="testBuilderAppend" time="0,001" classname="cviceni.StringBuilderAndBufferTest"/>
  <testcase name="testBuilderAppend" time="0,000" classname="cviceni.StringBuilderAndBufferTest"/>
  <testcase name="testBufferAppendDelete" time="0,000" classname="cviceni.StringBuilderAndBufferTest"/>
  <testcase name="testBuilderAppend" time="0,000" classname="cviceni.StringBuilderAndBufferTest"/>
  <testcase name="testBufferAppendDelete" time="0,000" classname="cviceni.StringBuilderAndBufferTest"/>
  <testcase name="testBuilderAppend" time="0,001" classname="cviceni.StringBuilderAndBufferTest"/>
  <testcase name="testBufferAppend" time="0,001" classname="cviceni.StringBuilderAndBufferTest"/>
  <testcase name="testBufferAppendDelete" time="0,001" classname="cviceni.StringBuilderAndBufferTest"/>
  <testcase name="testBufferAppend" time="0,000" classname="cviceni.StringBuilderAndBufferTest"/>
  <testcase name="testBuilderAppendDelete" time="0,000" classname="cviceni.StringBuilderAndBufferTest"/>
  <testcase name="testBuilderAppend" time="0,000" classname="cviceni.StringBuilderAndBufferTest"/>
  <testcase name="testBuilderAppend" time="0,000" classname="cviceni.StringBuilderAndBufferTest"/>
  <testcase name="testBuilderAppendDelete" time="0,000" classname="cviceni.StringBuilderAndBufferTest"/>
  <testcase name="testBufferAppend" time="0,000" classname="cviceni.StringBuilderAndBufferTest"/>
  <testcase name="testBufferAppend" time="0,000" classname="cviceni.StringBuilderAndBufferTest"/>
  <testcase name="testBuilderAppend" time="0,001" classname="cviceni.StringBuilderAndBufferTest"/>
  <testcase name="testBuilderAppend" time="0,000" classname="cviceni.StringBuilderAndBufferTest"/>
  <testcase name="testBufferAppend" time="0,000" classname="cviceni.StringBuilderAndBufferTest"/>
  <testcase name="testBuilderAppend" time="0,001" classname="cviceni.StringBuilderAndBufferTest"/>
  <testcase name="testBufferAppendDelete" time="0,000" classname="cviceni.StringBuilderAndBufferTest"/>
  <testcase name="testBufferAppendDelete" time="0,000" classname="cviceni.StringBuilderAndBufferTest"/>
  <testcase name="testBufferAppend" time="0,001" classname="cviceni.StringBuilderAndBufferTest"/>
  <testcase name="testBufferAppend" time="0,000" classname="cviceni.StringBuilderAndBufferTest"/>
  <testcase name="testBuilderAppendDelete" time="0,000" classname="cviceni.StringBuilderAndBufferTest"/>
  <testcase name="testBufferAppend" time="0,000" classname="cviceni.StringBuilderAndBufferTest"/>
  <testcase name="testBuilderAppendDelete" time="0,000" classname="cviceni.StringBuilderAndBufferTest"/>
  <testcase name="testBuilderAppend" time="0,000" classname="cviceni.StringBuilderAndBufferTest"/>
  <testcase name="testBufferAppend" time="0,001" classname="cviceni.StringBuilderAndBufferTest"/>
  <testcase name="testBufferAppendDelete" time="0,000" classname="cviceni.StringBuilderAndBufferTest"/>
  <testcase name="testBuilderAppend" time="0,001" classname="cviceni.StringBuilderAndBufferTest"/>
  <testcase name="testBuilderAppendDelete" time="0,000" classname="cviceni.StringBuilderAndBufferTest"/>
  <testcase name="testBufferAppendDelete" time="0,000" classname="cviceni.StringBuilderAndBufferTest"/>
  <testcase name="testBuilderAppendDelete" time="0,001" classname="cviceni.StringBuilderAndBufferTest"/>
  <testcase name="testBuilderAppend" time="0,000" classname="cviceni.StringBuilderAndBufferTest"/>
  <testcase name="testBufferAppend" time="0,000" classname="cviceni.StringBuilderAndBufferTest"/>
  <testcase name="testBufferAppendDelete" time="0,000" classname="cviceni.StringBuilderAndBufferTest"/>
  <testcase name="testBufferAppend" time="0,000" classname="cviceni.StringBuilderAndBufferTest"/>
  <testcase name="testBuilderAppend" time="0,000" classname="cviceni.StringBuilderAndBufferTest"/>
  <testcase name="testBufferAppendDelete" time="0,000" classname="cviceni.StringBuilderAndBufferTest"/>
  <testcase name="testBufferAppendDelete" time="0,000" classname="cviceni.StringBuilderAndBufferTest"/>
  <testcase name="testBuilderAppendDelete" time="0,000" classname="cviceni.StringBuilderAndBufferTest"/>
  <testcase name="testBufferAppendDelete" time="0,000" classname="cviceni.StringBuilderAndBufferTest"/>
  <testcase name="testBuilderAppend" time="0,000" classname="cviceni.StringBuilderAndBufferTest"/>
  <testcase name="testBufferAppend" time="0,000" classname="cviceni.StringBuilderAndBufferTest"/>
  <testcase name="testBufferAppendDelete" time="0,000" classname="cviceni.StringBuilderAndBufferTest"/>
  <testcase name="testBuilderAppend" time="0,000" classname="cviceni.StringBuilderAndBufferTest"/>
  <testcase name="testBufferAppendDelete" time="0,001" classname="cviceni.StringBuilderAndBufferTest"/>
  <testcase name="testBuilderAppend" time="0,000" classname="cviceni.StringBuilderAndBufferTest"/>
  <testcase name="testBuilderAppend" time="0,001" classname="cviceni.StringBuilderAndBufferTest"/>
  <testcase name="testBuilderAppend" time="0,000" classname="cviceni.StringBuilderAndBufferTest"/>
  <testcase name="testBuilderAppend" time="0,000" classname="cviceni.StringBuilderAndBufferTest"/>
  <testcase name="testBufferAppendDelete" time="0,001" classname="cviceni.StringBuilderAndBufferTest"/>
  <testcase name="testBufferAppendDelete" time="0,000" classname="cviceni.StringBuilderAndBufferTest"/>
  <testcase name="testBufferAppend" time="0,000" classname="cviceni.StringBuilderAndBufferTest"/>
  <testcase name="testBufferAppend" time="0,001" classname="cviceni.StringBuilderAndBufferTest"/>
  <testcase name="testBufferAppend" time="0,001" classname="cviceni.StringBuilderAndBufferTest"/>
  <testcase name="testBuilderAppendDelete" time="0,000" classname="cviceni.StringBuilderAndBufferTest"/>
  <testcase name="testBufferAppend" time="0,001" classname="cviceni.StringBuilderAndBufferTest"/>
  <testcase name="testBuilderAppendDelete" time="0,000" classname="cviceni.StringBuilderAndBufferTest"/>
  <testcase name="testBufferAppendDelete" time="0,000" classname="cviceni.StringBuilderAndBufferTest"/>
  <testcase name="testBuilderAppend" time="0,000" classname="cviceni.StringBuilderAndBufferTest"/>
  <testcase name="testBufferAppendDelete" time="0,001" classname="cviceni.StringBuilderAndBufferTest"/>
  <testcase name="testBuilderAppend" time="0,000" classname="cviceni.StringBuilderAndBufferTest"/>
  <testcase name="testBufferAppend" time="0,000" classname="cviceni.StringBuilderAndBufferTest"/>
  <testcase name="testBufferAppend" time="0,000" classname="cviceni.StringBuilderAndBufferTest"/>
  <testcase name="testBufferAppendDelete" time="0,000" classname="cviceni.StringBuilderAndBufferTest"/>
  <testcase name="testBuilderAppendDelete" time="0,000" classname="cviceni.StringBuilderAndBufferTest"/>
  <testcase name="testBufferAppend" time="0,000" classname="cviceni.StringBuilderAndBufferTest"/>
  <testcase name="testBufferAppend" time="0,000" classname="cviceni.StringBuilderAndBufferTest"/>
  <testcase name="testBufferAppendDelete" time="0,001" classname="cviceni.StringBuilderAndBufferTest"/>
  <testcase name="testBuilderAppend" time="0,000" classname="cviceni.StringBuilderAndBufferTest"/>
  <testcase name="testBuilderAppendDelete" time="0,000" classname="cviceni.StringBuilderAndBufferTest"/>
  <testcase name="testBufferAppend" time="0,000" classname="cviceni.StringBuilderAndBufferTest"/>
  <testcase name="testBufferAppend" time="0,000" classname="cviceni.StringBuilderAndBufferTest"/>
  <testcase name="testBuilderAppendDelete" time="0,000" classname="cviceni.StringBuilderAndBufferTest"/>
  <testcase name="testBuilderAppend" time="0,001" classname="cviceni.StringBuilderAndBufferTest"/>
  <testcase name="testBufferAppend" time="0,000" classname="cviceni.StringBuilderAndBufferTest"/>
  <testcase name="testBuilderAppend" time="0,000" classname="cviceni.StringBuilderAndBufferTest"/>
  <testcase name="testBuilderAppend" time="0,000" classname="cviceni.StringBuilderAndBufferTest"/>
  <testcase name="testBuilderAppendDelete" time="0,000" classname="cviceni.StringBuilderAndBufferTest"/>
  <testcase name="testBufferAppendDelete" time="0,000" classname="cviceni.StringBuilderAndBufferTest"/>
  <testcase name="testBufferAppendDelete" time="0,001" classname="cviceni.StringBuilderAndBufferTest"/>
  <testcase name="testBufferAppend" time="0,001" classname="cviceni.StringBuilderAndBufferTest"/>
  <testcase name="testBuilderAppendDelete" time="0,001" classname="cviceni.StringBuilderAndBufferTest"/>
  <testcase name="testBuilderAppendDelete" time="0,000" classname="cviceni.StringBuilderAndBufferTest"/>
  <testcase name="testBuilderAppend" time="0,000" classname="cviceni.StringBuilderAndBufferTest"/>
  <testcase name="testBuilderAppendDelete" time="0,000" classname="cviceni.StringBuilderAndBufferTest"/>
  <testcase name="testBufferAppendDelete" time="0,001" classname="cviceni.StringBuilderAndBufferTest"/>
  <testcase name="testBufferAppend" time="0,000" classname="cviceni.StringBuilderAndBufferTest"/>
  <testcase name="testBufferAppendDelete" time="0,000" classname="cviceni.StringBuilderAndBufferTest"/>
  <testcase name="testBufferAppend" time="0,001" classname="cviceni.StringBuilderAndBufferTest"/>
  <testcase name="testBufferAppendDelete" time="0,001" classname="cviceni.StringBuilderAndBufferTest"/>
  <testcase name="testBuilderAppend" time="0,000" classname="cviceni.StringBuilderAndBufferTest"/>
  <testcase name="testBuilderAppend" time="0,000" classname="cviceni.StringBuilderAndBufferTest"/>
  <testcase name="testBuilderAppendDelete" time="0,000" classname="cviceni.StringBuilderAndBufferTest"/>
  <testcase name="testBufferAppend" time="0,000" classname="cviceni.StringBuilderAndBufferTest"/>
  <testcase name="testBuilderAppendDelete" time="0,000" classname="cviceni.StringBuilderAndBufferTest"/>
  <testcase name="testBufferAppendDelete" time="0,000" classname="cviceni.StringBuilderAndBufferTest"/>
  <testcase name="testBuilderAppendDelete" time="0,000" classname="cviceni.StringBuilderAndBufferTest"/>
  <testcase name="testBufferAppend" time="0,000" classname="cviceni.StringBuilderAndBufferTest"/>
  <testcase name="testBuilderAppendDelete" time="0,000" classname="cviceni.StringBuilderAndBufferTest"/>
  <testcase name="testBuilderAppend" time="0,000" classname="cviceni.StringBuilderAndBufferTest"/>
  <testcase name="testBuilderAppend" time="0,000" classname="cviceni.StringBuilderAndBufferTest"/>
  <testcase name="testBufferAppend" time="0,001" classname="cviceni.StringBuilderAndBufferTest"/>
  <testcase name="testBufferAppendDelete" time="0,001" classname="cviceni.StringBuilderAndBufferTest"/>
  <testcase name="testBuilderAppend" time="0,002" classname="cviceni.StringBuilderAndBufferTest"/>
  <testcase name="testBufferAppend" time="0,000" classname="cviceni.StringBuilderAndBufferTest"/>
  <testcase name="testBufferAppendDelete" time="0,001" classname="cviceni.StringBuilderAndBufferTest"/>
  <testcase name="testBuilderAppend" time="0,000" classname="cviceni.StringBuilderAndBufferTest"/>
  <testcase name="testBuilderAppend" time="0,000" classname="cviceni.StringBuilderAndBufferTest"/>
  <testcase name="testBufferAppend" time="0,000" classname="cviceni.StringBuilderAndBufferTest"/>
  <testcase name="testBufferAppendDelete" time="0,001" classname="cviceni.StringBuilderAndBufferTest"/>
  <testcase name="testBuilderAppend" time="0,000" classname="cviceni.StringBuilderAndBufferTest"/>
  <testcase name="testBuilderAppend" time="0,000" classname="cviceni.StringBuilderAndBufferTest"/>
  <testcase name="testBufferAppend" time="0,000" classname="cviceni.StringBuilderAndBufferTest"/>
  <testcase name="testBuilderAppendDelete" time="0,000" classname="cviceni.StringBuilderAndBufferTest"/>
  <testcase name="testBuilderAppend" time="0,001" classname="cviceni.StringBuilderAndBufferTest"/>
  <testcase name="testBuilderAppendDelete" time="0,011" classname="cviceni.StringBuilderAndBufferTest"/>
  <testcase name="testBufferAppend" time="0,002" classname="cviceni.StringBuilderAndBufferTest"/>
  <testcase name="testBufferAppend" time="0,000" classname="cviceni.StringBuilderAndBufferTest"/>
  <testcase name="testBuilderAppend" time="0,000" classname="cviceni.StringBuilderAndBufferTest"/>
  <testcase name="testBufferAppend" time="0,001" classname="cviceni.StringBuilderAndBufferTest"/>
  <testcase name="testBufferAppendDelete" time="0,001" classname="cviceni.StringBuilderAndBufferTest"/>
  <testcase name="testBuilderAppend" time="0,001" classname="cviceni.StringBuilderAndBufferTest"/>
  <testcase name="testBuilderAppendDelete" time="0,000" classname="cviceni.StringBuilderAndBufferTest"/>
  <testcase name="testBufferAppendDelete" time="0,000" classname="cviceni.StringBuilderAndBufferTest"/>
  <testcase name="testBufferAppend" time="0,035" classname="cviceni.StringBuilderAndBufferTest"/>
  <testcase name="testBufferAppend" time="0,001" classname="cviceni.StringBuilderAndBufferTest"/>
  <testcase name="testBuilderAppendDelete" time="0,001" classname="cviceni.StringBuilderAndBufferTest"/>
  <testcase name="testBuilderAppend" time="0,000" classname="cviceni.StringBuilderAndBufferTest"/>
  <testcase name="testBufferAppend" time="0,000" classname="cviceni.StringBuilderAndBufferTest"/>
  <testcase name="testBuilderAppendDelete" time="0,000" classname="cviceni.StringBuilderAndBufferTest"/>
  <testcase name="testBuilderAppend" time="0,001" classname="cviceni.StringBuilderAndBufferTest"/>
  <testcase name="testBuilderAppendDelete" time="0,000" classname="cviceni.StringBuilderAndBufferTest"/>
  <testcase name="testBuilderAppend" time="0,000" classname="cviceni.StringBuilderAndBufferTest"/>
  <testcase name="testBufferAppend" time="0,000" classname="cviceni.StringBuilderAndBufferTest"/>
  <testcase name="testBuilderAppend" time="0,000" classname="cviceni.StringBuilderAndBufferTest"/>
  <testcase name="testBufferAppend" time="0,000" classname="cviceni.StringBuilderAndBufferTest"/>
  <testcase name="testBuilderAppendDelete" time="0,001" classname="cviceni.StringBuilderAndBufferTest"/>
  <testcase name="testBuilderAppendDelete" time="0,000" classname="cviceni.StringBuilderAndBufferTest"/>
  <testcase name="testBufferAppendDelete" time="0,000" classname="cviceni.StringBuilderAndBufferTest"/>
  <testcase name="testBufferAppend" time="0,000" classname="cviceni.StringBuilderAndBufferTest"/>
  <testcase name="testBufferAppendDelete" time="0,001" classname="cviceni.StringBuilderAndBufferTest"/>
  <testcase name="testBuilderAppend" time="0,000" classname="cviceni.StringBuilderAndBufferTest"/>
  <testcase name="testBuilderAppendDelete" time="0,000" classname="cviceni.StringBuilderAndBufferTest"/>
  <testcase name="testBuilderAppend" time="0,000" classname="cviceni.StringBuilderAndBufferTest"/>
  <testcase name="testBufferAppend" time="0,001" classname="cviceni.StringBuilderAndBufferTest"/>
  <testcase name="testBufferAppendDelete" time="0,000" classname="cviceni.StringBuilderAndBufferTest"/>
  <testcase name="testBuilderAppendDelete" time="0,001" classname="cviceni.StringBuilderAndBufferTest"/>
  <testcase name="testBufferAppend" time="0,000" classname="cviceni.StringBuilderAndBufferTest"/>
  <testcase name="testBuilderAppendDelete" time="0,000" classname="cviceni.StringBuilderAndBufferTest"/>
  <testcase name="testBuilderAppendDelete" time="0,000" classname="cviceni.StringBuilderAndBufferTest"/>
  <testcase name="testBuilderAppend" time="0,000" classname="cviceni.StringBuilderAndBufferTest"/>
  <testcase name="testBuilderAppend" time="0,001" classname="cviceni.StringBuilderAndBufferTest"/>
  <testcase name="testBufferAppendDelete" time="0,000" classname="cviceni.StringBuilderAndBufferTest"/>
  <testcase name="testBufferAppendDelete" time="0,004" classname="cviceni.StringBuilderAndBufferTest"/>
  <testcase name="testBufferAppendDelete" time="0,079" classname="cviceni.StringBuilderAndBufferTest"/>
  <testcase name="testBuilderAppend" time="0,000" classname="cviceni.StringBuilderAndBufferTest"/>
  <testcase name="testBuilderAppendDelete" time="0,001" classname="cviceni.StringBuilderAndBufferTest"/>
  <testcase name="testBufferAppendDelete" time="0,001" classname="cviceni.StringBuilderAndBufferTest"/>
  <testcase name="testBufferAppend" time="0,000" classname="cviceni.StringBuilderAndBufferTest"/>
  <testcase name="testBuilderAppend" time="0,000" classname="cviceni.StringBuilderAndBufferTest"/>
  <testcase name="testBufferAppendDelete" time="0,000" classname="cviceni.StringBuilderAndBufferTest"/>
  <testcase name="testBuilderAppend" time="0,000" classname="cviceni.StringBuilderAndBufferTest"/>
  <testcase name="testBuilderAppend" time="0,023" classname="cviceni.StringBuilderAndBufferTest"/>
  <testcase name="testBuilderAppend" time="0,000" classname="cviceni.StringBuilderAndBufferTest"/>
  <testcase name="testBuilderAppendDelete" time="0,000" classname="cviceni.StringBuilderAndBufferTest"/>
  <testcase name="testBufferAppendDelete" time="0,000" classname="cviceni.StringBuilderAndBufferTest"/>
  <testcase name="testBuilderAppend" time="0,000" classname="cviceni.StringBuilderAndBufferTest"/>
  <testcase name="testBufferAppendDelete" time="0,000" classname="cviceni.StringBuilderAndBufferTest"/>
  <testcase name="testBufferAppendDelete" time="0,000" classname="cviceni.StringBuilderAndBufferTest"/>
  <testcase name="testBufferAppend" time="0,001" classname="cviceni.StringBuilderAndBufferTest"/>
  <testcase name="testBufferAppend" time="0,000" classname="cviceni.StringBuilderAndBufferTest"/>
  <testcase name="testBuilderAppend" time="0,000" classname="cviceni.StringBuilderAndBufferTest"/>
  <testcase name="testBuilderAppendDelete" time="0,000" classname="cviceni.StringBuilderAndBufferTest"/>
  <testcase name="testBuilderAppend" time="0,001" classname="cviceni.StringBuilderAndBufferTest"/>
  <testcase name="testBuilderAppend" time="0,000" classname="cviceni.StringBuilderAndBufferTest"/>
  <testcase name="testBuilderAppendDelete" time="0,000" classname="cviceni.StringBuilderAndBufferTest"/>
  <testcase name="testBuilderAppend" time="0,000" classname="cviceni.StringBuilderAndBufferTest"/>
  <testcase name="testBufferAppend" time="0,000" classname="cviceni.StringBuilderAndBufferTest"/>
  <testcase name="testBuilderAppend" time="0,026" classname="cviceni.StringBuilderAndBufferTest"/>
  <testcase name="testBufferAppend" time="0,001" classname="cviceni.StringBuilderAndBufferTest"/>
  <testcase name="testBufferAppendDelete" time="0,000" classname="cviceni.StringBuilderAndBufferTest"/>
  <testcase name="testBufferAppend" time="0,000" classname="cviceni.StringBuilderAndBufferTest"/>
  <testcase name="testBufferAppendDelete" time="0,000" classname="cviceni.StringBuilderAndBufferTest"/>
  <testcase name="testBufferAppendDelete" time="0,000" classname="cviceni.StringBuilderAndBufferTest"/>
  <testcase name="testBufferAppend" time="0,000" classname="cviceni.StringBuilderAndBufferTest"/>
  <testcase name="testBufferAppendDelete" time="0,000" classname="cviceni.StringBuilderAndBufferTest"/>
  <testcase name="testBufferAppendDelete" time="0,001" classname="cviceni.StringBuilderAndBufferTest"/>
  <testcase name="testBufferAppendDelete" time="0,000" classname="cviceni.StringBuilderAndBufferTest"/>
  <testcase name="testBufferAppendDelete" time="0,000" classname="cviceni.StringBuilderAndBufferTest"/>
  <testcase name="testBufferAppendDelete" time="0,001" classname="cviceni.StringBuilderAndBufferTest"/>
  <testcase name="testBuilderAppend" time="0,000" classname="cviceni.StringBuilderAndBufferTest"/>
  <testcase name="testBufferAppend" time="0,001" classname="cviceni.StringBuilderAndBufferTest"/>
  <testcase name="testBufferAppend" time="0,000" classname="cviceni.StringBuilderAndBufferTest"/>
  <testcase name="testBuilderAppendDelete" time="0,000" classname="cviceni.StringBuilderAndBufferTest"/>
  <testcase name="testBuilderAppendDelete" time="0,000" classname="cviceni.StringBuilderAndBufferTest"/>
  <testcase name="testBuilderAppendDelete" time="0,000" classname="cviceni.StringBuilderAndBufferTest"/>
  <testcase name="testBuilderAppend" time="0,001" classname="cviceni.StringBuilderAndBufferTest"/>
  <testcase name="testBuilderAppend" time="0,000" classname="cviceni.StringBuilderAndBufferTest"/>
  <testcase name="testBuilderAppend" time="0,001" classname="cviceni.StringBuilderAndBufferTest"/>
  <testcase name="testBufferAppendDelete" time="0,001" classname="cviceni.StringBuilderAndBufferTest"/>
  <testcase name="testBuilderAppend" time="0,000" classname="cviceni.StringBuilderAndBufferTest"/>
  <testcase name="testBufferAppendDelete" time="0,000" classname="cviceni.StringBuilderAndBufferTest"/>
  <testcase name="testBuilderAppend" time="0,000" classname="cviceni.StringBuilderAndBufferTest"/>
  <testcase name="testBufferAppendDelete" time="0,000" classname="cviceni.StringBuilderAndBufferTest"/>
  <testcase name="testBufferAppend" time="0,000" classname="cviceni.StringBuilderAndBufferTest"/>
  <testcase name="testBufferAppend" time="0,001" classname="cviceni.StringBuilderAndBufferTest"/>
  <testcase name="testBuilderAppendDelete" time="0,000" classname="cviceni.StringBuilderAndBufferTest"/>
  <testcase name="testBuilderAppend" time="0,000" classname="cviceni.StringBuilderAndBufferTest"/>
  <testcase name="testBufferAppend" time="0,001" classname="cviceni.StringBuilderAndBufferTest"/>
  <testcase name="testBufferAppendDelete" time="0,000" classname="cviceni.StringBuilderAndBufferTest"/>
  <testcase name="testBufferAppendDelete" time="0,000" classname="cviceni.StringBuilderAndBufferTest"/>
  <testcase name="testBuilderAppend" time="0,000" classname="cviceni.StringBuilderAndBufferTest"/>
  <testcase name="testBuilderAppend" time="0,000" classname="cviceni.StringBuilderAndBufferTest"/>
  <testcase name="testBufferAppend" time="0,000" classname="cviceni.StringBuilderAndBufferTest"/>
  <testcase name="testBufferAppend" time="0,000" classname="cviceni.StringBuilderAndBufferTest"/>
  <testcase name="testBufferAppend" time="0,001" classname="cviceni.StringBuilderAndBufferTest"/>
  <testcase name="testBuilderAppend" time="0,000" classname="cviceni.StringBuilderAndBufferTest"/>
  <testcase name="testBuilderAppend" time="0,001" classname="cviceni.StringBuilderAndBufferTest"/>
  <testcase name="testBufferAppendDelete" time="0,001" classname="cviceni.StringBuilderAndBufferTest"/>
  <testcase name="testBuilderAppendDelete" time="0,000" classname="cviceni.StringBuilderAndBufferTest"/>
  <testcase name="testBufferAppend" time="0,000" classname="cviceni.StringBuilderAndBufferTest"/>
  <testcase name="testBufferAppend" time="0,000" classname="cviceni.StringBuilderAndBufferTest"/>
  <testcase name="testBufferAppendDelete" time="0,000" classname="cviceni.StringBuilderAndBufferTest"/>
  <testcase name="testBufferAppend" time="0,000" classname="cviceni.StringBuilderAndBufferTest"/>
  <testcase name="testBuilderAppend" time="0,001" classname="cviceni.StringBuilderAndBufferTest"/>
  <testcase name="testBuilderAppendDelete" time="0,000" classname="cviceni.StringBuilderAndBufferTest"/>
  <testcase name="testBufferAppend" time="0,000" classname="cviceni.StringBuilderAndBufferTest"/>
  <testcase name="testBufferAppend" time="0,000" classname="cviceni.StringBuilderAndBufferTest"/>
  <testcase name="testBuilderAppend" time="0,001" classname="cviceni.StringBuilderAndBufferTest"/>
  <testcase name="testBufferAppendDelete" time="0,000" classname="cviceni.StringBuilderAndBufferTest"/>
  <testcase name="testBufferAppend" time="0,000" classname="cviceni.StringBuilderAndBufferTest"/>
  <testcase name="testBuilderAppendDelete" time="0,001" classname="cviceni.StringBuilderAndBufferTest"/>
  <testcase name="testBufferAppendDelete" time="0,000" classname="cviceni.StringBuilderAndBufferTest"/>
  <testcase name="testBuilderAppendDelete" time="0,000" classname="cviceni.StringBuilderAndBufferTest"/>
  <testcase name="testBufferAppend" time="0,000" classname="cviceni.StringBuilderAndBufferTest"/>
  <testcase name="testBuilderAppendDelete" time="0,000" classname="cviceni.StringBuilderAndBufferTest"/>
  <testcase name="testBuilderAppend" time="0,000" classname="cviceni.StringBuilderAndBufferTest"/>
  <testcase name="testBuilderAppendDelete" time="0,001" classname="cviceni.StringBuilderAndBufferTest"/>
  <testcase name="testBufferAppendDelete" time="0,000" classname="cviceni.StringBuilderAndBufferTest"/>
  <testcase name="testBuilderAppendDelete" time="0,000" classname="cviceni.StringBuilderAndBufferTest"/>
  <testcase name="testBuilderAppend" time="0,000" classname="cviceni.StringBuilderAndBufferTest"/>
  <testcase name="testBuilderAppendDelete" time="0,000" classname="cviceni.StringBuilderAndBufferTest"/>
  <testcase name="testBufferAppend" time="0,001" classname="cviceni.StringBuilderAndBufferTest"/>
  <testcase name="testBufferAppendDelete" time="0,001" classname="cviceni.StringBuilderAndBufferTest"/>
  <testcase name="testBufferAppendDelete" time="0,000" classname="cviceni.StringBuilderAndBufferTest"/>
  <testcase name="testBufferAppendDelete" time="0,001" classname="cviceni.StringBuilderAndBufferTest"/>
  <testcase name="testBuilderAppend" time="0,028" classname="cviceni.StringBuilderAndBufferTest"/>
  <testcase name="testBuilderAppend" time="0,000" classname="cviceni.StringBuilderAndBufferTest"/>
  <testcase name="testBufferAppendDelete" time="0,000" classname="cviceni.StringBuilderAndBufferTest"/>
  <testcase name="testBuilderAppend" time="0,000" classname="cviceni.StringBuilderAndBufferTest"/>
  <testcase name="testBuilderAppend" time="0,000" classname="cviceni.StringBuilderAndBufferTest"/>
  <testcase name="testBufferAppendDelete" time="0,001" classname="cviceni.StringBuilderAndBufferTest"/>
  <testcase name="testBufferAppend" time="0,000" classname="cviceni.StringBuilderAndBufferTest"/>
  <testcase name="testBufferAppend" time="0,000" classname="cviceni.StringBuilderAndBufferTest"/>
  <testcase name="testBufferAppend" time="0,001" classname="cviceni.StringBuilderAndBufferTest"/>
  <testcase name="testBufferAppendDelete" time="0,000" classname="cviceni.StringBuilderAndBufferTest"/>
  <testcase name="testBufferAppendDelete" time="0,000" classname="cviceni.StringBuilderAndBufferTest"/>
  <testcase name="testBuilderAppendDelete" time="0,000" classname="cviceni.StringBuilderAndBufferTest"/>
  <testcase name="testBuilderAppendDelete" time="0,000" classname="cviceni.StringBuilderAndBufferTest"/>
  <testcase name="testBuilderAppendDelete" time="0,000" classname="cviceni.StringBuilderAndBufferTest"/>
  <testcase name="testBuilderAppendDelete" time="0,000" classname="cviceni.StringBuilderAndBufferTest"/>
  <testcase name="testBufferAppendDelete" time="0,000" classname="cviceni.StringBuilderAndBufferTest"/>
  <testcase name="testBufferAppend" time="0,000" classname="cviceni.StringBuilderAndBufferTest"/>
  <testcase name="testBuilderAppendDelete" time="0,001" classname="cviceni.StringBuilderAndBufferTest"/>
  <testcase name="testBufferAppend" time="0,001" classname="cviceni.StringBuilderAndBufferTest"/>
  <testcase name="testBufferAppendDelete" time="0,001" classname="cviceni.StringBuilderAndBufferTest"/>
  <testcase name="testBuilderAppendDelete" time="0,000" classname="cviceni.StringBuilderAndBufferTest"/>
  <testcase name="testBufferAppendDelete" time="0,000" classname="cviceni.StringBuilderAndBufferTest"/>
  <testcase name="testBufferAppend" time="0,000" classname="cviceni.StringBuilderAndBufferTest"/>
  <testcase name="testBuilderAppendDelete" time="0,000" classname="cviceni.StringBuilderAndBufferTest"/>
  <testcase name="testBufferAppend" time="0,000" classname="cviceni.StringBuilderAndBufferTest"/>
  <testcase name="testBufferAppend" time="0,001" classname="cviceni.StringBuilderAndBufferTest"/>
  <testcase name="testBufferAppend" time="0,000" classname="cviceni.StringBuilderAndBufferTest"/>
  <testcase name="testBufferAppend" time="0,000" classname="cviceni.StringBuilderAndBufferTest"/>
  <testcase name="testBuilderAppend" time="0,000" classname="cviceni.StringBuilderAndBufferTest"/>
  <testcase name="testBuilderAppendDelete" time="0,000" classname="cviceni.StringBuilderAndBufferTest"/>
  <testcase name="testBufferAppend" time="0,000" classname="cviceni.StringBuilderAndBufferTest"/>
  <testcase name="testBuilderAppendDelete" time="0,000" classname="cviceni.StringBuilderAndBufferTest"/>
  <testcase name="testBufferAppendDelete" time="0,000" classname="cviceni.StringBuilderAndBufferTest"/>
  <testcase name="testBufferAppend" time="0,001" classname="cviceni.StringBuilderAndBufferTest"/>
  <testcase name="testBuilderAppend" time="0,000" classname="cviceni.StringBuilderAndBufferTest"/>
  <testcase name="testBufferAppend" time="0,107" classname="cviceni.StringBuilderAndBufferTest"/>
  <testcase name="testBufferAppendDelete" time="0,000" classname="cviceni.StringBuilderAndBufferTest"/>
  <testcase name="testBufferAppend" time="0,000" classname="cviceni.StringBuilderAndBufferTest"/>
  <testcase name="testBufferAppend" time="0,000" classname="cviceni.StringBuilderAndBufferTest"/>
  <testcase name="testBuilderAppendDelete" time="0,001" classname="cviceni.StringBuilderAndBufferTest"/>
  <testcase name="testBufferAppendDelete" time="0,000" classname="cviceni.StringBuilderAndBufferTest"/>
  <testcase name="testBuilderAppend" time="0,001" classname="cviceni.StringBuilderAndBufferTest"/>
  <testcase name="testBuilderAppend" time="0,001" classname="cviceni.StringBuilderAndBufferTest"/>
  <testcase name="testBufferAppend" time="0,000" classname="cviceni.StringBuilderAndBufferTest"/>
  <testcase name="testBufferAppend" time="0,000" classname="cviceni.StringBuilderAndBufferTest"/>
  <testcase name="testBuilderAppendDelete" time="0,001" classname="cviceni.StringBuilderAndBufferTest"/>
  <testcase name="testBuilderAppendDelete" time="0,001" classname="cviceni.StringBuilderAndBufferTest"/>
  <testcase name="testBuilderAppend" time="0,000" classname="cviceni.StringBuilderAndBufferTest"/>
  <testcase name="testBuilderAppendDelete" time="0,000" classname="cviceni.StringBuilderAndBufferTest"/>
  <testcase name="testBuilderAppend" time="0,000" classname="cviceni.StringBuilderAndBufferTest"/>
  <testcase name="testBufferAppendDelete" time="0,000" classname="cviceni.StringBuilderAndBufferTest"/>
  <testcase name="testBufferAppend" time="0,000" classname="cviceni.StringBuilderAndBufferTest"/>
  <testcase name="testBufferAppend" time="0,000" classname="cviceni.StringBuilderAndBufferTest"/>
  <testcase name="testBuilderAppend" time="0,000" classname="cviceni.StringBuilderAndBufferTest"/>
  <testcase name="testBuilderAppendDelete" time="0,000" classname="cviceni.StringBuilderAndBufferTest"/>
  <testcase name="testBufferAppend" time="0,000" classname="cviceni.StringBuilderAndBufferTest"/>
  <testcase name="testBuilderAppend" time="0,000" classname="cviceni.StringBuilderAndBufferTest"/>
  <testcase name="testBufferAppendDelete" time="0,001" classname="cviceni.StringBuilderAndBufferTest"/>
  <testcase name="testBuilderAppend" time="0,000" classname="cviceni.StringBuilderAndBufferTest"/>
  <testcase name="testBufferAppendDelete" time="0,001" classname="cviceni.StringBuilderAndBufferTest"/>
  <testcase name="testBuilderAppendDelete" time="0,000" classname="cviceni.StringBuilderAndBufferTest"/>
  <testcase name="testBufferAppendDelete" time="0,001" classname="cviceni.StringBuilderAndBufferTest"/>
  <testcase name="testBuilderAppendDelete" time="0,000" classname="cviceni.StringBuilderAndBufferTest"/>
  <testcase name="testBuilderAppendDelete" time="0,000" classname="cviceni.StringBuilderAndBufferTest"/>
  <testcase name="testBuilderAppend" time="0,000" classname="cviceni.StringBuilderAndBufferTest"/>
  <testcase name="testBuilderAppend" time="0,001" classname="cviceni.StringBuilderAndBufferTest"/>
  <testcase name="testBuilderAppendDelete" time="0,000" classname="cviceni.StringBuilderAndBufferTest"/>
  <testcase name="testBuilderAppendDelete" time="0,001" classname="cviceni.StringBuilderAndBufferTest"/>
  <testcase name="testBuilderAppendDelete" time="0,000" classname="cviceni.StringBuilderAndBufferTest"/>
  <testcase name="testBuilderAppend" time="0,001" classname="cviceni.StringBuilderAndBufferTest"/>
  <testcase name="testBufferAppendDelete" time="0,001" classname="cviceni.StringBuilderAndBufferTest"/>
  <testcase name="testBufferAppendDelete" time="0,000" classname="cviceni.StringBuilderAndBufferTest"/>
  <testcase name="testBuilderAppend" time="0,001" classname="cviceni.StringBuilderAndBufferTest"/>
  <testcase name="testBufferAppend" time="0,000" classname="cviceni.StringBuilderAndBufferTest"/>
  <testcase name="testBufferAppendDelete" time="0,000" classname="cviceni.StringBuilderAndBufferTest"/>
  <testcase name="testBufferAppendDelete" time="0,000" classname="cviceni.StringBuilderAndBufferTest"/>
  <testcase name="testBufferAppendDelete" time="0,000" classname="cviceni.StringBuilderAndBufferTest"/>
  <testcase name="testBuilderAppendDelete" time="0,000" classname="cviceni.StringBuilderAndBufferTest"/>
  <testcase name="testBuilderAppend" time="0,000" classname="cviceni.StringBuilderAndBufferTest"/>
  <testcase name="testBufferAppendDelete" time="0,000" classname="cviceni.StringBuilderAndBufferTest"/>
  <testcase name="testBuilderAppendDelete" time="0,001" classname="cviceni.StringBuilderAndBufferTest"/>
  <testcase name="testBufferAppendDelete" time="0,000" classname="cviceni.StringBuilderAndBufferTest"/>
  <testcase name="testBuilderAppendDelete" time="0,000" classname="cviceni.StringBuilderAndBufferTest"/>
  <testcase name="testBufferAppendDelete" time="0,001" classname="cviceni.StringBuilderAndBufferTest"/>
  <testcase name="testBuilderAppendDelete" time="0,000" classname="cviceni.StringBuilderAndBufferTest"/>
  <testcase name="testBuilderAppend" time="0,000" classname="cviceni.StringBuilderAndBufferTest"/>
  <testcase name="testBuilderAppendDelete" time="0,000" classname="cviceni.StringBuilderAndBufferTest"/>
  <testcase name="testBuilderAppend" time="0,001" classname="cviceni.StringBuilderAndBufferTest"/>
  <testcase name="testBufferAppendDelete" time="0,000" classname="cviceni.StringBuilderAndBufferTest"/>
  <testcase name="testBuilderAppendDelete" time="0,000" classname="cviceni.StringBuilderAndBufferTest"/>
  <testcase name="testBufferAppend" time="0,000" classname="cviceni.StringBuilderAndBufferTest"/>
  <testcase name="testBufferAppend" time="0,000" classname="cviceni.StringBuilderAndBufferTest"/>
  <testcase name="testBuilderAppendDelete" time="0,001" classname="cviceni.StringBuilderAndBufferTest"/>
  <testcase name="testBuilderAppendDelete" time="0,000" classname="cviceni.StringBuilderAndBufferTest"/>
  <testcase name="testBuilderAppendDelete" time="0,073" classname="cviceni.StringBuilderAndBufferTest"/>
  <testcase name="testBufferAppend" time="0,000" classname="cviceni.StringBuilderAndBufferTest"/>
  <testcase name="testBuilderAppendDelete" time="0,000" classname="cviceni.StringBuilderAndBufferTest"/>
  <testcase name="testBufferAppend" time="0,001" classname="cviceni.StringBuilderAndBufferTest"/>
  <testcase name="testBuilderAppend" time="0,010" classname="cviceni.StringBuilderAndBufferTest"/>
  <testcase name="testBuilderAppend" time="0,000" classname="cviceni.StringBuilderAndBufferTest"/>
  <testcase name="testBuilderAppend" time="0,000" classname="cviceni.StringBuilderAndBufferTest"/>
  <testcase name="testBuilderAppendDelete" time="0,001" classname="cviceni.StringBuilderAndBufferTest"/>
  <testcase name="testBufferAppend" time="0,000" classname="cviceni.StringBuilderAndBufferTest"/>
  <testcase name="testBufferAppend" time="0,001" classname="cviceni.StringBuilderAndBufferTest"/>
  <testcase name="testBufferAppend" time="0,001" classname="cviceni.StringBuilderAndBufferTest"/>
  <testcase name="testBufferAppendDelete" time="0,000" classname="cviceni.StringBuilderAndBufferTest"/>
  <testcase name="testBuilderAppend" time="0,000" classname="cviceni.StringBuilderAndBufferTest"/>
  <testcase name="testBuilderAppendDelete" time="0,000" classname="cviceni.StringBuilderAndBufferTest"/>
  <testcase name="testBuilderAppend" time="0,000" classname="cviceni.StringBuilderAndBufferTest"/>
  <testcase name="testBuilderAppendDelete" time="0,000" classname="cviceni.StringBuilderAndBufferTest"/>
  <testcase name="testBufferAppendDelete" time="0,000" classname="cviceni.StringBuilderAndBufferTest"/>
  <testcase name="testBuilderAppend" time="0,001" classname="cviceni.StringBuilderAndBufferTest"/>
  <testcase name="testBuilderAppendDelete" time="0,000" classname="cviceni.StringBuilderAndBufferTest"/>
  <testcase name="testBufferAppend" time="0,000" classname="cviceni.StringBuilderAndBufferTest"/>
  <testcase name="testBufferAppendDelete" time="0,000" classname="cviceni.StringBuilderAndBufferTest"/>
  <testcase name="testBufferAppendDelete" time="0,001" classname="cviceni.StringBuilderAndBufferTest"/>
  <testcase name="testBufferAppend" time="0,000" classname="cviceni.StringBuilderAndBufferTest"/>
  <testcase name="testBuilderAppend" time="0,000" classname="cviceni.StringBuilderAndBufferTest"/>
  <testcase name="testBuilderAppend" time="0,001" classname="cviceni.StringBuilderAndBufferTest"/>
  <testcase name="testBufferAppendDelete" time="0,000" classname="cviceni.StringBuilderAndBufferTest"/>
  <testcase name="testBuilderAppend" time="0,000" classname="cviceni.StringBuilderAndBufferTest"/>
  <testcase name="testBufferAppend" time="0,001" classname="cviceni.StringBuilderAndBufferTest"/>
  <testcase name="testBuilderAppend" time="0,000" classname="cviceni.StringBuilderAndBufferTest"/>
  <testcase name="testBuilderAppendDelete" time="0,000" classname="cviceni.StringBuilderAndBufferTest"/>
  <testcase name="testBuilderAppendDelete" time="0,000" classname="cviceni.StringBuilderAndBufferTest"/>
  <testcase name="testBuilderAppend" time="0,000" classname="cviceni.StringBuilderAndBufferTest"/>
  <testcase name="testBufferAppend" time="0,091" classname="cviceni.StringBuilderAndBufferTest"/>
  <testcase name="testBuilderAppendDelete" time="0,001" classname="cviceni.StringBuilderAndBufferTest"/>
  <testcase name="testBufferAppendDelete" time="0,001" classname="cviceni.StringBuilderAndBufferTest"/>
  <testcase name="testBufferAppend" time="0,000" classname="cviceni.StringBuilderAndBufferTest"/>
  <testcase name="testBufferAppendDelete" time="0,001" classname="cviceni.StringBuilderAndBufferTest"/>
  <testcase name="testBufferAppend" time="0,000" classname="cviceni.StringBuilderAndBufferTest"/>
  <testcase name="testBufferAppend" time="0,000" classname="cviceni.StringBuilderAndBufferTest"/>
  <testcase name="testBuilderAppendDelete" time="0,000" classname="cviceni.StringBuilderAndBufferTest"/>
  <testcase name="testBuilderAppendDelete" time="0,001" classname="cviceni.StringBuilderAndBufferTest"/>
  <testcase name="testBuilderAppendDelete" time="0,001" classname="cviceni.StringBuilderAndBufferTest"/>
  <testcase name="testBufferAppend" time="0,000" classname="cviceni.StringBuilderAndBufferTest"/>
  <testcase name="testBuilderAppendDelete" time="0,000" classname="cviceni.StringBuilderAndBufferTest"/>
  <testcase name="testBufferAppend" time="0,000" classname="cviceni.StringBuilderAndBufferTest"/>
  <testcase name="testBufferAppend" time="0,001" classname="cviceni.StringBuilderAndBufferTest"/>
  <testcase name="testBuilderAppend" time="0,001" classname="cviceni.StringBuilderAndBufferTest"/>
  <testcase name="testBufferAppendDelete" time="0,000" classname="cviceni.StringBuilderAndBufferTest"/>
  <testcase name="testBuilderAppend" time="0,000" classname="cviceni.StringBuilderAndBufferTest"/>
  <testcase name="testBufferAppendDelete" time="0,000" classname="cviceni.StringBuilderAndBufferTest"/>
  <testcase name="testBufferAppendDelete" time="0,000" classname="cviceni.StringBuilderAndBufferTest"/>
  <testcase name="testBufferAppend" time="0,000" classname="cviceni.StringBuilderAndBufferTest"/>
  <testcase name="testBufferAppend" time="0,000" classname="cviceni.StringBuilderAndBufferTest"/>
  <testcase name="testBuilderAppendDelete" time="0,001" classname="cviceni.StringBuilderAndBufferTest"/>
  <testcase name="testBufferAppend" time="0,000" classname="cviceni.StringBuilderAndBufferTest"/>
  <testcase name="testBuilderAppend" time="0,000" classname="cviceni.StringBuilderAndBufferTest"/>
  <testcase name="testBufferAppendDelete" time="0,000" classname="cviceni.StringBuilderAndBufferTest"/>
  <testcase name="testBufferAppend" time="0,000" classname="cviceni.StringBuilderAndBufferTest"/>
  <testcase name="testBufferAppend" time="0,000" classname="cviceni.StringBuilderAndBufferTest"/>
  <testcase name="testBufferAppend" time="0,000" classname="cviceni.StringBuilderAndBufferTest"/>
  <testcase name="testBufferAppendDelete" time="0,000" classname="cviceni.StringBuilderAndBufferTest"/>
  <testcase name="testBufferAppend" time="0,000" classname="cviceni.StringBuilderAndBufferTest"/>
  <testcase name="testBuilderAppend" time="0,000" classname="cviceni.StringBuilderAndBufferTest"/>
  <testcase name="testBuilderAppend" time="0,001" classname="cviceni.StringBuilderAndBufferTest"/>
  <testcase name="testBufferAppend" time="0,000" classname="cviceni.StringBuilderAndBufferTest"/>
  <testcase name="testBufferAppendDelete" time="0,000" classname="cviceni.StringBuilderAndBufferTest"/>
  <testcase name="testBufferAppendDelete" time="0,000" classname="cviceni.StringBuilderAndBufferTest"/>
  <testcase name="testBuilderAppendDelete" time="0,000" classname="cviceni.StringBuilderAndBufferTest"/>
  <testcase name="testBuilderAppendDelete" time="0,000" classname="cviceni.StringBuilderAndBufferTest"/>
  <testcase name="testBufferAppend" time="0,084" classname="cviceni.StringBuilderAndBufferTest"/>
  <testcase name="testBufferAppendDelete" time="0,000" classname="cviceni.StringBuilderAndBufferTest"/>
  <testcase name="testBufferAppendDelete" time="0,000" classname="cviceni.StringBuilderAndBufferTest"/>
  <testcase name="testBuilderAppendDelete" time="0,000" classname="cviceni.StringBuilderAndBufferTest"/>
  <testcase name="testBuilderAppend" time="0,000" classname="cviceni.StringBuilderAndBufferTest"/>
  <testcase name="testBufferAppend" time="0,000" classname="cviceni.StringBuilderAndBufferTest"/>
  <testcase name="testBufferAppendDelete" time="0,000" classname="cviceni.StringBuilderAndBufferTest"/>
  <testcase name="testBufferAppend" time="0,000" classname="cviceni.StringBuilderAndBufferTest"/>
  <testcase name="testBufferAppendDelete" time="0,000" classname="cviceni.StringBuilderAndBufferTest"/>
  <testcase name="testBufferAppend" time="0,001" classname="cviceni.StringBuilderAndBufferTest"/>
  <testcase name="testBuilderAppend" time="0,000" classname="cviceni.StringBuilderAndBufferTest"/>
  <testcase name="testBufferAppend" time="0,001" classname="cviceni.StringBuilderAndBufferTest"/>
  <testcase name="testBuilderAppendDelete" time="0,000" classname="cviceni.StringBuilderAndBufferTest"/>
  <testcase name="testBuilderAppend" time="0,000" classname="cviceni.StringBuilderAndBufferTest"/>
  <testcase name="testBuilderAppend" time="0,001" classname="cviceni.StringBuilderAndBufferTest"/>
  <testcase name="testBufferAppendDelete" time="0,000" classname="cviceni.StringBuilderAndBufferTest"/>
  <testcase name="testBuilderAppendDelete" time="0,000" classname="cviceni.StringBuilderAndBufferTest"/>
  <testcase name="testBufferAppend" time="0,000" classname="cviceni.StringBuilderAndBufferTest"/>
  <testcase name="testBufferAppendDelete" time="0,000" classname="cviceni.StringBuilderAndBufferTest"/>
  <testcase name="testBufferAppend" time="0,000" classname="cviceni.StringBuilderAndBufferTest"/>
  <testcase name="testBufferAppendDelete" time="0,000" classname="cviceni.StringBuilderAndBufferTest"/>
  <testcase name="testBuilderAppendDelete" time="0,001" classname="cviceni.StringBuilderAndBufferTest"/>
  <testcase name="testBuilderAppendDelete" time="0,000" classname="cviceni.StringBuilderAndBufferTest"/>
  <testcase name="testBuilderAppendDelete" time="0,001" classname="cviceni.StringBuilderAndBufferTest"/>
  <testcase name="testBufferAppend" time="0,001" classname="cviceni.StringBuilderAndBufferTest"/>
  <testcase name="testBuilderAppend" time="0,001" classname="cviceni.StringBuilderAndBufferTest"/>
  <testcase name="testBufferAppend" time="0,000" classname="cviceni.StringBuilderAndBufferTest"/>
  <testcase name="testBufferAppend" time="0,001" classname="cviceni.StringBuilderAndBufferTest"/>
  <testcase name="testBufferAppendDelete" time="0,002" classname="cviceni.StringBuilderAndBufferTest"/>
  <testcase name="testBuilderAppend" time="0,000" classname="cviceni.StringBuilderAndBufferTest"/>
  <testcase name="testBuilderAppendDelete" time="0,001" classname="cviceni.StringBuilderAndBufferTest"/>
  <testcase name="testBufferAppendDelete" time="0,000" classname="cviceni.StringBuilderAndBufferTest"/>
  <testcase name="testBufferAppend" time="0,000" classname="cviceni.StringBuilderAndBufferTest"/>
  <testcase name="testBufferAppendDelete" time="0,000" classname="cviceni.StringBuilderAndBufferTest"/>
  <testcase name="testBuilderAppend" time="0,000" classname="cviceni.StringBuilderAndBufferTest"/>
  <testcase name="testBuilderAppend" time="0,000" classname="cviceni.StringBuilderAndBufferTest"/>
  <testcase name="testBufferAppendDelete" time="0,001" classname="cviceni.StringBuilderAndBufferTest"/>
  <testcase name="testBufferAppend" time="0,001" classname="cviceni.StringBuilderAndBufferTest"/>
  <testcase name="testBufferAppend" time="0,001" classname="cviceni.StringBuilderAndBufferTest"/>
  <testcase name="testBufferAppend" time="0,000" classname="cviceni.StringBuilderAndBufferTest"/>
  <testcase name="testBuilderAppendDelete" time="0,000" classname="cviceni.StringBuilderAndBufferTest"/>
  <testcase name="testBuilderAppendDelete" time="0,001" classname="cviceni.StringBuilderAndBufferTest"/>
  <testcase name="testBufferAppend" time="0,000" classname="cviceni.StringBuilderAndBufferTest"/>
  <testcase name="testBuilderAppendDelete" time="0,001" classname="cviceni.StringBuilderAndBufferTest"/>
  <testcase name="testBuilderAppendDelete" time="0,001" classname="cviceni.StringBuilderAndBufferTest"/>
  <testcase name="testBufferAppend" time="0,034" classname="cviceni.StringBuilderAndBufferTest"/>
  <testcase name="testBuilderAppendDelete" time="0,000" classname="cviceni.StringBuilderAndBufferTest"/>
  <testcase name="testBuilderAppend" time="0,000" classname="cviceni.StringBuilderAndBufferTest"/>
  <testcase name="testBufferAppend" time="0,000" classname="cviceni.StringBuilderAndBufferTest"/>
  <testcase name="testBuilderAppendDelete" time="0,001" classname="cviceni.StringBuilderAndBufferTest"/>
  <testcase name="testBufferAppend" time="0,000" classname="cviceni.StringBuilderAndBufferTest"/>
  <testcase name="testBuilderAppendDelete" time="0,000" classname="cviceni.StringBuilderAndBufferTest"/>
  <testcase name="testBufferAppend" time="0,001" classname="cviceni.StringBuilderAndBufferTest"/>
  <testcase name="testBuilderAppend" time="0,000" classname="cviceni.StringBuilderAndBufferTest"/>
  <testcase name="testBuilderAppendDelete" time="0,001" classname="cviceni.StringBuilderAndBufferTest"/>
  <testcase name="testBuilderAppendDelete" time="0,000" classname="cviceni.StringBuilderAndBufferTest"/>
  <testcase name="testBufferAppend" time="0,000" classname="cviceni.StringBuilderAndBufferTest"/>
  <testcase name="testBufferAppendDelete" time="0,001" classname="cviceni.StringBuilderAndBufferTest"/>
  <testcase name="testBufferAppendDelete" time="0,000" classname="cviceni.StringBuilderAndBufferTest"/>
  <testcase name="testBuilderAppendDelete" time="0,000" classname="cviceni.StringBuilderAndBufferTest"/>
  <testcase name="testBufferAppend" time="0,000" classname="cviceni.StringBuilderAndBufferTest"/>
  <testcase name="testBuilderAppend" time="0,000" classname="cviceni.StringBuilderAndBufferTest"/>
  <testcase name="testBuilderAppend" time="0,000" classname="cviceni.StringBuilderAndBufferTest"/>
  <testcase name="testBuilderAppend" time="0,000" classname="cviceni.StringBuilderAndBufferTest"/>
  <testcase name="testBuilderAppendDelete" time="0,000" classname="cviceni.StringBuilderAndBufferTest"/>
  <testcase name="testBuilderAppend" time="0,001" classname="cviceni.StringBuilderAndBufferTest"/>
  <testcase name="testBufferAppend" time="0,001" classname="cviceni.StringBuilderAndBufferTest"/>
  <testcase name="testBuilderAppendDelete" time="0,000" classname="cviceni.StringBuilderAndBufferTest"/>
  <testcase name="testBuilderAppend" time="0,000" classname="cviceni.StringBuilderAndBufferTest"/>
  <testcase name="testBufferAppend" time="0,000" classname="cviceni.StringBuilderAndBufferTest"/>
  <testcase name="testBufferAppendDelete" time="0,000" classname="cviceni.StringBuilderAndBufferTest"/>
  <testcase name="testBufferAppendDelete" time="0,000" classname="cviceni.StringBuilderAndBufferTest"/>
  <testcase name="testBuilderAppend" time="0,000" classname="cviceni.StringBuilderAndBufferTest"/>
  <testcase name="testBufferAppendDelete" time="0,001" classname="cviceni.StringBuilderAndBufferTest"/>
  <testcase name="testBuilderAppend" time="0,000" classname="cviceni.StringBuilderAndBufferTest"/>
  <testcase name="testBuilderAppend" time="0,000" classname="cviceni.StringBuilderAndBufferTest"/>
  <testcase name="testBufferAppendDelete" time="0,000" classname="cviceni.StringBuilderAndBufferTest"/>
  <testcase name="testBufferAppend" time="0,001" classname="cviceni.StringBuilderAndBufferTest"/>
  <testcase name="testBuilderAppendDelete" time="0,000" classname="cviceni.StringBuilderAndBufferTest"/>
  <testcase name="testBufferAppendDelete" time="0,147" classname="cviceni.StringBuilderAndBufferTest"/>
  <testcase name="testBufferAppendDelete" time="0,000" classname="cviceni.StringBuilderAndBufferTest"/>
  <testcase name="testBufferAppend" time="0,000" classname="cviceni.StringBuilderAndBufferTest"/>
  <testcase name="testBufferAppend" time="0,000" classname="cviceni.StringBuilderAndBufferTest"/>
  <testcase name="testBuilderAppend" time="0,000" classname="cviceni.StringBuilderAndBufferTest"/>
  <testcase name="testBuilderAppendDelete" time="0,001" classname="cviceni.StringBuilderAndBufferTest"/>
  <testcase name="testBufferAppend" time="0,000" classname="cviceni.StringBuilderAndBufferTest"/>
  <testcase name="testBufferAppend" time="0,001" classname="cviceni.StringBuilderAndBufferTest"/>
  <testcase name="testBuilderAppend" time="0,000" classname="cviceni.StringBuilderAndBufferTest"/>
  <testcase name="testBuilderAppend" time="0,000" classname="cviceni.StringBuilderAndBufferTest"/>
  <testcase name="testBuilderAppendDelete" time="0,000" classname="cviceni.StringBuilderAndBufferTest"/>
  <testcase name="testBufferAppendDelete" time="0,001" classname="cviceni.StringBuilderAndBufferTest"/>
  <testcase name="testBufferAppend" time="0,001" classname="cviceni.StringBuilderAndBufferTest"/>
  <testcase name="testBuilderAppend" time="0,001" classname="cviceni.StringBuilderAndBufferTest"/>
  <testcase name="testBuilderAppendDelete" time="0,001" classname="cviceni.StringBuilderAndBufferTest"/>
  <testcase name="testBufferAppendDelete" time="0,000" classname="cviceni.StringBuilderAndBufferTest"/>
  <testcase name="testBuilderAppend" time="0,001" classname="cviceni.StringBuilderAndBufferTest"/>
  <testcase name="testBufferAppend" time="0,000" classname="cviceni.StringBuilderAndBufferTest"/>
  <testcase name="testBuilderAppendDelete" time="0,000" classname="cviceni.StringBuilderAndBufferTest"/>
  <testcase name="testBufferAppendDelete" time="0,001" classname="cviceni.StringBuilderAndBufferTest"/>
  <testcase name="testBuilderAppendDelete" time="0,000" classname="cviceni.StringBuilderAndBufferTest"/>
  <testcase name="testBufferAppend" time="0,001" classname="cviceni.StringBuilderAndBufferTest"/>
  <testcase name="testBufferAppendDelete" time="0,000" classname="cviceni.StringBuilderAndBufferTest"/>
  <testcase name="testBuilderAppendDelete" time="0,000" classname="cviceni.StringBuilderAndBufferTest"/>
  <testcase name="testBufferAppend" time="0,000" classname="cviceni.StringBuilderAndBufferTest"/>
  <testcase name="testBuilderAppendDelete" time="0,000" classname="cviceni.StringBuilderAndBufferTest"/>
  <testcase name="testBuilderAppend" time="0,001" classname="cviceni.StringBuilderAndBufferTest"/>
  <testcase name="testBufferAppendDelete" time="0,000" classname="cviceni.StringBuilderAndBufferTest"/>
  <testcase name="testBufferAppendDelete" time="0,001" classname="cviceni.StringBuilderAndBufferTest"/>
  <testcase name="testBufferAppendDelete" time="0,001" classname="cviceni.StringBuilderAndBufferTest"/>
  <testcase name="testBuilderAppend" time="0,000" classname="cviceni.StringBuilderAndBufferTest"/>
  <testcase name="testBufferAppendDelete" time="0,000" classname="cviceni.StringBuilderAndBufferTest"/>
  <testcase name="testBufferAppend" time="0,000" classname="cviceni.StringBuilderAndBufferTest"/>
  <testcase name="testBuilderAppend" time="0,001" classname="cviceni.StringBuilderAndBufferTest"/>
  <testcase name="testBuilderAppend" time="0,000" classname="cviceni.StringBuilderAndBufferTest"/>
  <testcase name="testBufferAppend" time="0,000" classname="cviceni.StringBuilderAndBufferTest"/>
  <testcase name="testBuilderAppendDelete" time="0,000" classname="cviceni.StringBuilderAndBufferTest"/>
  <testcase name="testBuilderAppendDelete" time="0,001" classname="cviceni.StringBuilderAndBufferTest"/>
  <testcase name="testBuilderAppend" time="0,000" classname="cviceni.StringBuilderAndBufferTest"/>
  <testcase name="testBufferAppend" time="0,000" classname="cviceni.StringBuilderAndBufferTest"/>
  <testcase name="testBufferAppend" time="0,000" classname="cviceni.StringBuilderAndBufferTest"/>
  <testcase name="testBuilderAppend" time="0,000" classname="cviceni.StringBuilderAndBufferTest"/>
  <testcase name="testBufferAppendDelete" time="0,000" classname="cviceni.StringBuilderAndBufferTest"/>
  <testcase name="testBufferAppend" time="0,000" classname="cviceni.StringBuilderAndBufferTest"/>
  <testcase name="testBufferAppend" time="0,000" classname="cviceni.StringBuilderAndBufferTest"/>
  <testcase name="testBufferAppend" time="0,000" classname="cviceni.StringBuilderAndBufferTest"/>
  <testcase name="testBufferAppend" time="0,000" classname="cviceni.StringBuilderAndBufferTest"/>
  <testcase name="testBuilderAppendDelete" time="0,000" classname="cviceni.StringBuilderAndBufferTest"/>
  <testcase name="testBuilderAppend" time="0,001" classname="cviceni.StringBuilderAndBufferTest"/>
  <testcase name="testBufferAppend" time="0,000" classname="cviceni.StringBuilderAndBufferTest"/>
  <testcase name="testBufferAppendDelete" time="0,000" classname="cviceni.StringBuilderAndBufferTest"/>
  <testcase name="testBuilderAppend" time="0,000" classname="cviceni.StringBuilderAndBufferTest"/>
  <testcase name="testBuilderAppendDelete" time="0,000" classname="cviceni.StringBuilderAndBufferTest"/>
  <testcase name="testBufferAppendDelete" time="0,000" classname="cviceni.StringBuilderAndBufferTest"/>
  <testcase name="testBuilderAppend" time="0,000" classname="cviceni.StringBuilderAndBufferTest"/>
  <testcase name="testBuilderAppend" time="0,000" classname="cviceni.StringBuilderAndBufferTest"/>
  <testcase name="testBufferAppendDelete" time="0,001" classname="cviceni.StringBuilderAndBufferTest"/>
  <testcase name="testBuilderAppendDelete" time="0,001" classname="cviceni.StringBuilderAndBufferTest"/>
  <testcase name="testBuilderAppendDelete" time="0,000" classname="cviceni.StringBuilderAndBufferTest"/>
  <testcase name="testBufferAppend" time="0,000" classname="cviceni.StringBuilderAndBufferTest"/>
  <testcase name="testBuilderAppendDelete" time="0,000" classname="cviceni.StringBuilderAndBufferTest"/>
  <testcase name="testBufferAppendDelete" time="0,000" classname="cviceni.StringBuilderAndBufferTest"/>
  <testcase name="testBuilderAppendDelete" time="0,000" classname="cviceni.StringBuilderAndBufferTest"/>
  <testcase name="testBuilderAppend" time="0,000" classname="cviceni.StringBuilderAndBufferTest"/>
  <testcase name="testBuilderAppend" time="0,000" classname="cviceni.StringBuilderAndBufferTest"/>
  <testcase name="testBuilderAppend" time="0,000" classname="cviceni.StringBuilderAndBufferTest"/>
  <testcase name="testBuilderAppendDelete" time="0,000" classname="cviceni.StringBuilderAndBufferTest"/>
  <testcase name="testBuilderAppend" time="0,001" classname="cviceni.StringBuilderAndBufferTest"/>
  <testcase name="testBuilderAppend" time="0,001" classname="cviceni.StringBuilderAndBufferTest"/>
  <testcase name="testBufferAppend" time="0,000" classname="cviceni.StringBuilderAndBufferTest"/>
  <testcase name="testBufferAppend" time="0,000" classname="cviceni.StringBuilderAndBufferTest"/>
  <testcase name="testBufferAppendDelete" time="0,000" classname="cviceni.StringBuilderAndBufferTest"/>
  <testcase name="testBufferAppendDelete" time="0,001" classname="cviceni.StringBuilderAndBufferTest"/>
  <testcase name="testBufferAppend" time="0,001" classname="cviceni.StringBuilderAndBufferTest"/>
  <testcase name="testBuilderAppendDelete" time="0,000" classname="cviceni.StringBuilderAndBufferTest"/>
  <testcase name="testBuilderAppend" time="0,000" classname="cviceni.StringBuilderAndBufferTest"/>
  <testcase name="testBuilderAppendDelete" time="0,000" classname="cviceni.StringBuilderAndBufferTest"/>
  <testcase name="testBufferAppend" time="0,000" classname="cviceni.StringBuilderAndBufferTest"/>
  <testcase name="testBufferAppend" time="0,001" classname="cviceni.StringBuilderAndBufferTest"/>
  <testcase name="testBufferAppend" time="0,001" classname="cviceni.StringBuilderAndBufferTest"/>
  <testcase name="testBufferAppendDelete" time="0,000" classname="cviceni.StringBuilderAndBufferTest"/>
  <testcase name="testBufferAppend" time="0,000" classname="cviceni.StringBuilderAndBufferTest"/>
  <testcase name="testBuilderAppendDelete" time="0,000" classname="cviceni.StringBuilderAndBufferTest"/>
  <testcase name="testBufferAppend" time="0,000" classname="cviceni.StringBuilderAndBufferTest"/>
  <testcase name="testBuilderAppendDelete" time="0,000" classname="cviceni.StringBuilderAndBufferTest"/>
  <testcase name="testBuilderAppendDelete" time="0,000" classname="cviceni.StringBuilderAndBufferTest"/>
  <testcase name="testBuilderAppendDelete" time="0,000" classname="cviceni.StringBuilderAndBufferTest"/>
  <testcase name="testBuilderAppendDelete" time="0,000" classname="cviceni.StringBuilderAndBufferTest"/>
  <testcase name="testBuilderAppendDelete" time="0,000" classname="cviceni.StringBuilderAndBufferTest"/>
  <testcase name="testBufferAppendDelete" time="0,000" classname="cviceni.StringBuilderAndBufferTest"/>
  <testcase name="testBufferAppend" time="0,000" classname="cviceni.StringBuilderAndBufferTest"/>
  <testcase name="testBuilderAppend" time="0,010" classname="cviceni.StringBuilderAndBufferTest"/>
  <testcase name="testBufferAppendDelete" time="0,000" classname="cviceni.StringBuilderAndBufferTest"/>
  <testcase name="testBuilderAppend" time="0,000" classname="cviceni.StringBuilderAndBufferTest"/>
  <testcase name="testBuilderAppendDelete" time="0,001" classname="cviceni.StringBuilderAndBufferTest"/>
  <testcase name="testBuilderAppendDelete" time="0,001" classname="cviceni.StringBuilderAndBufferTest"/>
  <testcase name="testBuilderAppend" time="0,000" classname="cviceni.StringBuilderAndBufferTest"/>
  <testcase name="testBuilderAppend" time="0,000" classname="cviceni.StringBuilderAndBufferTest"/>
  <testcase name="testBufferAppend" time="0,001" classname="cviceni.StringBuilderAndBufferTest"/>
  <testcase name="testBuilderAppendDelete" time="0,032" classname="cviceni.StringBuilderAndBufferTest"/>
  <testcase name="testBuilderAppend" time="0,000" classname="cviceni.StringBuilderAndBufferTest"/>
  <testcase name="testBuilderAppend" time="0,000" classname="cviceni.StringBuilderAndBufferTest"/>
  <testcase name="testBufferAppend" time="0,000" classname="cviceni.StringBuilderAndBufferTest"/>
  <testcase name="testBufferAppend" time="0,001" classname="cviceni.StringBuilderAndBufferTest"/>
  <testcase name="testBufferAppend" time="0,001" classname="cviceni.StringBuilderAndBufferTest"/>
  <testcase name="testBuilderAppendDelete" time="0,000" classname="cviceni.StringBuilderAndBufferTest"/>
  <testcase name="testBufferAppendDelete" time="0,001" classname="cviceni.StringBuilderAndBufferTest"/>
  <testcase name="testBufferAppendDelete" time="0,000" classname="cviceni.StringBuilderAndBufferTest"/>
  <testcase name="testBufferAppend" time="0,000" classname="cviceni.StringBuilderAndBufferTest"/>
  <testcase name="testBufferAppend" time="0,037" classname="cviceni.StringBuilderAndBufferTest"/>
  <testcase name="testBuilderAppendDelete" time="0,001" classname="cviceni.StringBuilderAndBufferTest"/>
  <testcase name="testBuilderAppendDelete" time="0,000" classname="cviceni.StringBuilderAndBufferTest"/>
  <testcase name="testBufferAppendDelete" time="0,000" classname="cviceni.StringBuilderAndBufferTest"/>
  <testcase name="testBufferAppendDelete" time="0,000" classname="cviceni.StringBuilderAndBufferTest"/>
  <testcase name="testBufferAppendDelete" time="0,001" classname="cviceni.StringBuilderAndBufferTest"/>
  <testcase name="testBufferAppend" time="0,000" classname="cviceni.StringBuilderAndBufferTest"/>
  <testcase name="testBufferAppend" time="0,000" classname="cviceni.StringBuilderAndBufferTest"/>
  <testcase name="testBufferAppendDelete" time="0,000" classname="cviceni.StringBuilderAndBufferTest"/>
  <testcase name="testBuilderAppend" time="0,000" classname="cviceni.StringBuilderAndBufferTest"/>
  <testcase name="testBuilderAppendDelete" time="0,000" classname="cviceni.StringBuilderAndBufferTest"/>
  <testcase name="testBufferAppendDelete" time="0,000" classname="cviceni.StringBuilderAndBufferTest"/>
  <testcase name="testBufferAppendDelete" time="0,000" classname="cviceni.StringBuilderAndBufferTest"/>
  <testcase name="testBuilderAppend" time="0,001" classname="cviceni.StringBuilderAndBufferTest"/>
  <testcase name="testBuilderAppend" time="0,000" classname="cviceni.StringBuilderAndBufferTest"/>
  <testcase name="testBuilderAppend" time="0,001" classname="cviceni.StringBuilderAndBufferTest"/>
  <testcase name="testBufferAppendDelete" time="0,000" classname="cviceni.StringBuilderAndBufferTest"/>
  <testcase name="testBufferAppend" time="0,000" classname="cviceni.StringBuilderAndBufferTest"/>
  <testcase name="testBuilderAppend" time="0,000" classname="cviceni.StringBuilderAndBufferTest"/>
  <testcase name="testBuilderAppendDelete" time="0,000" classname="cviceni.StringBuilderAndBufferTest"/>
  <testcase name="testBuilderAppend" time="0,000" classname="cviceni.StringBuilderAndBufferTest"/>
  <testcase name="testBuilderAppendDelete" time="0,007" classname="cviceni.StringBuilderAndBufferTest"/>
  <testcase name="testBufferAppendDelete" time="0,001" classname="cviceni.StringBuilderAndBufferTest"/>
  <testcase name="testBufferAppendDelete" time="0,000" classname="cviceni.StringBuilderAndBufferTest"/>
  <testcase name="testBuilderAppend" time="0,000" classname="cviceni.StringBuilderAndBufferTest"/>
  <testcase name="testBufferAppend" time="0,000" classname="cviceni.StringBuilderAndBufferTest"/>
  <testcase name="testBufferAppendDelete" time="0,000" classname="cviceni.StringBuilderAndBufferTest"/>
  <testcase name="testBuilderAppendDelete" time="0,000" classname="cviceni.StringBuilderAndBufferTest"/>
  <testcase name="testBufferAppendDelete" time="0,001" classname="cviceni.StringBuilderAndBufferTest"/>
  <testcase name="testBufferAppendDelete" time="0,000" classname="cviceni.StringBuilderAndBufferTest"/>
  <testcase name="testBuilderAppend" time="0,000" classname="cviceni.StringBuilderAndBufferTest"/>
  <testcase name="testBuilderAppendDelete" time="0,000" classname="cviceni.StringBuilderAndBufferTest"/>
  <testcase name="testBufferAppend" time="0,000" classname="cviceni.StringBuilderAndBufferTest"/>
  <testcase name="testBufferAppendDelete" time="0,000" classname="cviceni.StringBuilderAndBufferTest"/>
  <testcase name="testBuilderAppend" time="0,000" classname="cviceni.StringBuilderAndBufferTest"/>
  <testcase name="testBufferAppendDelete" time="0,000" classname="cviceni.StringBuilderAndBufferTest"/>
  <testcase name="testBufferAppendDelete" time="0,000" classname="cviceni.StringBuilderAndBufferTest"/>
  <testcase name="testBuilderAppend" time="0,000" classname="cviceni.StringBuilderAndBufferTest"/>
  <testcase name="testBufferAppend" time="0,001" classname="cviceni.StringBuilderAndBufferTest"/>
  <testcase name="testBuilderAppend" time="0,000" classname="cviceni.StringBuilderAndBufferTest"/>
  <testcase name="testBuilderAppendDelete" time="0,001" classname="cviceni.StringBuilderAndBufferTest"/>
  <testcase name="testBufferAppend" time="0,001" classname="cviceni.StringBuilderAndBufferTest"/>
  <testcase name="testBuilderAppendDelete" time="0,000" classname="cviceni.StringBuilderAndBufferTest"/>
  <testcase name="testBufferAppendDelete" time="0,001" classname="cviceni.StringBuilderAndBufferTest"/>
  <testcase name="testBuilderAppendDelete" time="0,000" classname="cviceni.StringBuilderAndBufferTest"/>
  <testcase name="testBuilderAppend" time="0,000" classname="cviceni.StringBuilderAndBufferTest"/>
  <testcase name="testBuilderAppend" time="0,000" classname="cviceni.StringBuilderAndBufferTest"/>
  <testcase name="testBuilderAppend" time="0,000" classname="cviceni.StringBuilderAndBufferTest"/>
  <testcase name="testBufferAppendDelete" time="0,000" classname="cviceni.StringBuilderAndBufferTest"/>
  <testcase name="testBufferAppendDelete" time="0,001" classname="cviceni.StringBuilderAndBufferTest"/>
  <testcase name="testBufferAppendDelete" time="0,000" classname="cviceni.StringBuilderAndBufferTest"/>
  <testcase name="testBufferAppend" time="0,000" classname="cviceni.StringBuilderAndBufferTest"/>
  <testcase name="testBuilderAppend" time="0,000" classname="cviceni.StringBuilderAndBufferTest"/>
  <testcase name="testBufferAppend" time="0,001" classname="cviceni.StringBuilderAndBufferTest"/>
  <testcase name="testBuilderAppendDelete" time="0,001" classname="cviceni.StringBuilderAndBufferTest"/>
  <testcase name="testBufferAppend" time="0,000" classname="cviceni.StringBuilderAndBufferTest"/>
  <testcase name="testBufferAppend" time="0,000" classname="cviceni.StringBuilderAndBufferTest"/>
  <testcase name="testBufferAppendDelete" time="0,001" classname="cviceni.StringBuilderAndBufferTest"/>
  <testcase name="testBufferAppend" time="0,000" classname="cviceni.StringBuilderAndBufferTest"/>
  <testcase name="testBufferAppendDelete" time="0,000" classname="cviceni.StringBuilderAndBufferTest"/>
  <testcase name="testBufferAppend" time="0,000" classname="cviceni.StringBuilderAndBufferTest"/>
  <testcase name="testBufferAppend" time="0,001" classname="cviceni.StringBuilderAndBufferTest"/>
  <testcase name="testBufferAppend" time="0,000" classname="cviceni.StringBuilderAndBufferTest"/>
  <testcase name="testBufferAppendDelete" time="0,000" classname="cviceni.StringBuilderAndBufferTest"/>
  <testcase name="testBuilderAppendDelete" time="0,001" classname="cviceni.StringBuilderAndBufferTest"/>
  <testcase name="testBuilderAppendDelete" time="0,001" classname="cviceni.StringBuilderAndBufferTest"/>
  <testcase name="testBuilderAppend" time="0,000" classname="cviceni.StringBuilderAndBufferTest"/>
  <testcase name="testBuilderAppendDelete" time="0,000" classname="cviceni.StringBuilderAndBufferTest"/>
  <testcase name="testBufferAppendDelete" time="0,001" classname="cviceni.StringBuilderAndBufferTest"/>
  <testcase name="testBufferAppend" time="0,000" classname="cviceni.StringBuilderAndBufferTest"/>
  <testcase name="testBuilderAppend" time="0,000" classname="cviceni.StringBuilderAndBufferTest"/>
  <testcase name="testBufferAppend" time="0,000" classname="cviceni.StringBuilderAndBufferTest"/>
  <testcase name="testBufferAppendDelete" time="0,000" classname="cviceni.StringBuilderAndBufferTest"/>
  <testcase name="testBuilderAppend" time="0,000" classname="cviceni.StringBuilderAndBufferTest"/>
  <testcase name="testBuilderAppendDelete" time="0,000" classname="cviceni.StringBuilderAndBufferTest"/>
  <testcase name="testBuilderAppend" time="0,000" classname="cviceni.StringBuilderAndBufferTest"/>
  <testcase name="testBuilderAppendDelete" time="0,000" classname="cviceni.StringBuilderAndBufferTest"/>
  <testcase name="testBuilderAppend" time="0,000" classname="cviceni.StringBuilderAndBufferTest"/>
  <testcase name="testBuilderAppend" time="0,000" classname="cviceni.StringBuilderAndBufferTest"/>
  <testcase name="testBuilderAppendDelete" time="0,000" classname="cviceni.StringBuilderAndBufferTest"/>
  <testcase name="testBufferAppend" time="0,001" classname="cviceni.StringBuilderAndBufferTest"/>
  <testcase name="testBuilderAppend" time="0,000" classname="cviceni.StringBuilderAndBufferTest"/>
  <testcase name="testBuilderAppend" time="0,001" classname="cviceni.StringBuilderAndBufferTest"/>
  <testcase name="testBufferAppendDelete" time="0,001" classname="cviceni.StringBuilderAndBufferTest"/>
  <testcase name="testBufferAppend" time="0,001" classname="cviceni.StringBuilderAndBufferTest"/>
  <testcase name="testBuilderAppendDelete" time="0,000" classname="cviceni.StringBuilderAndBufferTest"/>
  <testcase name="testBufferAppend" time="0,001" classname="cviceni.StringBuilderAndBufferTest"/>
  <testcase name="testBuilderAppend" time="0,014" classname="cviceni.StringBuilderAndBufferTest"/>
  <testcase name="testBufferAppendDelete" time="0,000" classname="cviceni.StringBuilderAndBufferTest"/>
  <testcase name="testBuilderAppendDelete" time="0,000" classname="cviceni.StringBuilderAndBufferTest"/>
  <testcase name="testBuilderAppendDelete" time="0,001" classname="cviceni.StringBuilderAndBufferTest"/>
  <testcase name="testBuilderAppend" time="0,000" classname="cviceni.StringBuilderAndBufferTest"/>
  <testcase name="testBuilderAppendDelete" time="0,000" classname="cviceni.StringBuilderAndBufferTest"/>
  <testcase name="testBuilderAppendDelete" time="0,001" classname="cviceni.StringBuilderAndBufferTest"/>
  <testcase name="testBuilderAppendDelete" time="0,000" classname="cviceni.StringBuilderAndBufferTest"/>
  <testcase name="testBufferAppendDelete" time="0,001" classname="cviceni.StringBuilderAndBufferTest"/>
  <testcase name="testBuilderAppendDelete" time="0,002" classname="cviceni.StringBuilderAndBufferTest"/>
  <testcase name="testBufferAppendDelete" time="0,000" classname="cviceni.StringBuilderAndBufferTest"/>
  <testcase name="testBuilderAppend" time="0,000" classname="cviceni.StringBuilderAndBufferTest"/>
  <testcase name="testBuilderAppend" time="0,000" classname="cviceni.StringBuilderAndBufferTest"/>
  <testcase name="testBufferAppend" time="0,000" classname="cviceni.StringBuilderAndBufferTest"/>
  <testcase name="testBuilderAppend" time="0,001" classname="cviceni.StringBuilderAndBufferTest"/>
  <testcase name="testBufferAppendDelete" time="0,000" classname="cviceni.StringBuilderAndBufferTest"/>
  <testcase name="testBuilderAppend" time="0,000" classname="cviceni.StringBuilderAndBufferTest"/>
  <testcase name="testBufferAppendDelete" time="0,000" classname="cviceni.StringBuilderAndBufferTest"/>
  <testcase name="testBuilderAppend" time="0,001" classname="cviceni.StringBuilderAndBufferTest"/>
  <testcase name="testBuilderAppendDelete" time="0,000" classname="cviceni.StringBuilderAndBufferTest"/>
  <testcase name="testBuilderAppend" time="0,001" classname="cviceni.StringBuilderAndBufferTest"/>
  <testcase name="testBuilderAppendDelete" time="0,001" classname="cviceni.StringBuilderAndBufferTest"/>
  <testcase name="testBufferAppendDelete" time="0,000" classname="cviceni.StringBuilderAndBufferTest"/>
  <testcase name="testBufferAppend" time="0,000" classname="cviceni.StringBuilderAndBufferTest"/>
  <testcase name="testBuilderAppend" time="0,001" classname="cviceni.StringBuilderAndBufferTest"/>
  <testcase name="testBuilderAppend" time="0,000" classname="cviceni.StringBuilderAndBufferTest"/>
  <testcase name="testBufferAppend" time="0,000" classname="cviceni.StringBuilderAndBufferTest"/>
  <testcase name="testBufferAppendDelete" time="0,000" classname="cviceni.StringBuilderAndBufferTest"/>
  <testcase name="testBuilderAppendDelete" time="0,000" classname="cviceni.StringBuilderAndBufferTest"/>
  <testcase name="testBuilderAppendDelete" time="0,000" classname="cviceni.StringBuilderAndBufferTest"/>
  <testcase name="testBuilderAppend" time="0,000" classname="cviceni.StringBuilderAndBufferTest"/>
  <testcase name="testBuilderAppendDelete" time="0,000" classname="cviceni.StringBuilderAndBufferTest"/>
  <testcase name="testBuilderAppendDelete" time="0,001" classname="cviceni.StringBuilderAndBufferTest"/>
  <testcase name="testBufferAppend" time="0,000" classname="cviceni.StringBuilderAndBufferTest"/>
  <testcase name="testBuilderAppend" time="0,000" classname="cviceni.StringBuilderAndBufferTest"/>
  <testcase name="testBuilderAppend" time="0,000" classname="cviceni.StringBuilderAndBufferTest"/>
  <testcase name="testBufferAppend" time="0,001" classname="cviceni.StringBuilderAndBufferTest"/>
  <testcase name="testBufferAppendDelete" time="0,000" classname="cviceni.StringBuilderAndBufferTest"/>
  <testcase name="testBufferAppendDelete" time="0,000" classname="cviceni.StringBuilderAndBufferTest"/>
  <testcase name="testBuilderAppendDelete" time="0,000" classname="cviceni.StringBuilderAndBufferTest"/>
  <testcase name="testBufferAppend" time="0,000" classname="cviceni.StringBuilderAndBufferTest"/>
  <testcase name="testBuilderAppend" time="0,000" classname="cviceni.StringBuilderAndBufferTest"/>
  <testcase name="testBufferAppend" time="0,001" classname="cviceni.StringBuilderAndBufferTest"/>
  <testcase name="testBufferAppendDelete" time="0,001" classname="cviceni.StringBuilderAndBufferTest"/>
  <testcase name="testBuilderAppendDelete" time="0,000" classname="cviceni.StringBuilderAndBufferTest"/>
  <testcase name="testBufferAppendDelete" time="0,000" classname="cviceni.StringBuilderAndBufferTest"/>
  <testcase name="testBuilderAppend" time="0,003" classname="cviceni.StringBuilderAndBufferTest"/>
  <testcase name="testBuilderAppend" time="0,000" classname="cviceni.StringBuilderAndBufferTest"/>
  <testcase name="testBuilderAppend" time="0,001" classname="cviceni.StringBuilderAndBufferTest"/>
  <testcase name="testBuilderAppend" time="0,000" classname="cviceni.StringBuilderAndBufferTest"/>
  <testcase name="testBuilderAppend" time="0,001" classname="cviceni.StringBuilderAndBufferTest"/>
  <testcase name="testBuilderAppend" time="0,000" classname="cviceni.StringBuilderAndBufferTest"/>
  <testcase name="testBuilderAppendDelete" time="0,000" classname="cviceni.StringBuilderAndBufferTest"/>
  <testcase name="testBufferAppend" time="0,000" classname="cviceni.StringBuilderAndBufferTest"/>
  <testcase name="testBuilderAppend" time="0,000" classname="cviceni.StringBuilderAndBufferTest"/>
  <testcase name="testBufferAppendDelete" time="0,000" classname="cviceni.StringBuilderAndBufferTest"/>
  <testcase name="testBuilderAppend" time="0,000" classname="cviceni.StringBuilderAndBufferTest"/>
  <testcase name="testBuilderAppend" time="0,000" classname="cviceni.StringBuilderAndBufferTest"/>
  <testcase name="testBuilderAppend" time="0,000" classname="cviceni.StringBuilderAndBufferTest"/>
  <testcase name="testBufferAppendDelete" time="0,000" classname="cviceni.StringBuilderAndBufferTest"/>
  <testcase name="testBufferAppend" time="0,000" classname="cviceni.StringBuilderAndBufferTest"/>
  <testcase name="testBuilderAppendDelete" time="0,000" classname="cviceni.StringBuilderAndBufferTest"/>
  <testcase name="testBufferAppend" time="0,001" classname="cviceni.StringBuilderAndBufferTest"/>
  <testcase name="testBuilderAppend" time="0,000" classname="cviceni.StringBuilderAndBufferTest"/>
  <testcase name="testBufferAppend" time="0,000" classname="cviceni.StringBuilderAndBufferTest"/>
  <testcase name="testBuilderAppend" time="0,001" classname="cviceni.StringBuilderAndBufferTest"/>
  <testcase name="testBuilderAppend" time="0,000" classname="cviceni.StringBuilderAndBufferTest"/>
  <testcase name="testBuilderAppendDelete" time="0,001" classname="cviceni.StringBuilderAndBufferTest"/>
  <testcase name="testBufferAppendDelete" time="0,000" classname="cviceni.StringBuilderAndBufferTest"/>
  <testcase name="testBufferAppendDelete" time="0,000" classname="cviceni.StringBuilderAndBufferTest"/>
  <testcase name="testBufferAppendDelete" time="0,000" classname="cviceni.StringBuilderAndBufferTest"/>
  <testcase name="testBuilderAppendDelete" time="0,001" classname="cviceni.StringBuilderAndBufferTest"/>
  <testcase name="testBuilderAppendDelete" time="0,000" classname="cviceni.StringBuilderAndBufferTest"/>
  <testcase name="testBuilderAppend" time="0,000" classname="cviceni.StringBuilderAndBufferTest"/>
  <testcase name="testBuilderAppendDelete" time="0,000" classname="cviceni.StringBuilderAndBufferTest"/>
  <testcase name="testBufferAppend" time="0,000" classname="cviceni.StringBuilderAndBufferTest"/>
  <testcase name="testBufferAppend" time="0,000" classname="cviceni.StringBuilderAndBufferTest"/>
  <testcase name="testBuilderAppend" time="0,001" classname="cviceni.StringBuilderAndBufferTest"/>
  <testcase name="testBuilderAppend" time="0,000" classname="cviceni.StringBuilderAndBufferTest"/>
  <testcase name="testBufferAppend" time="0,086" classname="cviceni.StringBuilderAndBufferTest"/>
  <testcase name="testBufferAppend" time="0,038" classname="cviceni.StringBuilderAndBufferTest"/>
  <testcase name="testBuilderAppend" time="0,000" classname="cviceni.StringBuilderAndBufferTest"/>
  <testcase name="testBufferAppendDelete" time="0,001" classname="cviceni.StringBuilderAndBufferTest"/>
  <testcase name="testBuilderAppend" time="0,000" classname="cviceni.StringBuilderAndBufferTest"/>
  <testcase name="testBuilderAppendDelete" time="0,000" classname="cviceni.StringBuilderAndBufferTest"/>
  <testcase name="testBuilderAppendDelete" time="0,000" classname="cviceni.StringBuilderAndBufferTest"/>
  <testcase name="testBufferAppendDelete" time="0,001" classname="cviceni.StringBuilderAndBufferTest"/>
  <testcase name="testBuilderAppendDelete" time="0,001" classname="cviceni.StringBuilderAndBufferTest"/>
  <testcase name="testBuilderAppendDelete" time="0,001" classname="cviceni.StringBuilderAndBufferTest"/>
  <testcase name="testBuilderAppend" time="0,165" classname="cviceni.StringBuilderAndBufferTest"/>
  <testcase name="testBufferAppendDelete" time="0,000" classname="cviceni.StringBuilderAndBufferTest"/>
  <testcase name="testBufferAppendDelete" time="0,000" classname="cviceni.StringBuilderAndBufferTest"/>
  <testcase name="testBuilderAppend" time="0,018" classname="cviceni.StringBuilderAndBufferTest"/>
  <testcase name="testBuilderAppendDelete" time="0,000" classname="cviceni.StringBuilderAndBufferTest"/>
  <testcase name="testBuilderAppend" time="0,001" classname="cviceni.StringBuilderAndBufferTest"/>
  <testcase name="testBufferAppendDelete" time="0,000" classname="cviceni.StringBuilderAndBufferTest"/>
  <testcase name="testBuilderAppend" time="0,001" classname="cviceni.StringBuilderAndBufferTest"/>
  <testcase name="testBuilderAppendDelete" time="0,000" classname="cviceni.StringBuilderAndBufferTest"/>
  <testcase name="testBuilderAppendDelete" time="0,000" classname="cviceni.StringBuilderAndBufferTest"/>
  <testcase name="testBufferAppendDelete" time="0,000" classname="cviceni.StringBuilderAndBufferTest"/>
  <testcase name="testBufferAppend" time="0,000" classname="cviceni.StringBuilderAndBufferTest"/>
  <testcase name="testBufferAppend" time="0,000" classname="cviceni.StringBuilderAndBufferTest"/>
  <testcase name="testBuilderAppendDelete" time="0,000" classname="cviceni.StringBuilderAndBufferTest"/>
  <testcase name="testBuilderAppend" time="0,001" classname="cviceni.StringBuilderAndBufferTest"/>
  <testcase name="testBufferAppendDelete" time="0,000" classname="cviceni.StringBuilderAndBufferTest"/>
  <testcase name="testBufferAppend" time="0,001" classname="cviceni.StringBuilderAndBufferTest"/>
  <testcase name="testBufferAppend" time="0,000" classname="cviceni.StringBuilderAndBufferTest"/>
  <testcase name="testBuilderAppend" time="0,001" classname="cviceni.StringBuilderAndBufferTest"/>
  <testcase name="testBufferAppend" time="0,000" classname="cviceni.StringBuilderAndBufferTest"/>
  <testcase name="testBufferAppend" time="0,000" classname="cviceni.StringBuilderAndBufferTest"/>
  <testcase name="testBufferAppend" time="0,000" classname="cviceni.StringBuilderAndBufferTest"/>
  <testcase name="testBuilderAppendDelete" time="0,000" classname="cviceni.StringBuilderAndBufferTest"/>
  <testcase name="testBuilderAppend" time="0,064" classname="cviceni.StringBuilderAndBufferTest"/>
  <testcase name="testBuilderAppend" time="0,001" classname="cviceni.StringBuilderAndBufferTest"/>
  <testcase name="testBufferAppendDelete" time="0,000" classname="cviceni.StringBuilderAndBufferTest"/>
  <testcase name="testBuilderAppend" time="0,000" classname="cviceni.StringBuilderAndBufferTest"/>
  <testcase name="testBufferAppendDelete" time="0,000" classname="cviceni.StringBuilderAndBufferTest"/>
  <testcase name="testBuilderAppendDelete" time="0,010" classname="cviceni.StringBuilderAndBufferTest"/>
  <testcase name="testBuilderAppendDelete" time="0,000" classname="cviceni.StringBuilderAndBufferTest"/>
  <testcase name="testBuilderAppendDelete" time="0,000" classname="cviceni.StringBuilderAndBufferTest"/>
  <testcase name="testBuilderAppend" time="0,000" classname="cviceni.StringBuilderAndBufferTest"/>
  <testcase name="testBufferAppendDelete" time="0,000" classname="cviceni.StringBuilderAndBufferTest"/>
  <testcase name="testBuilderAppend" time="0,000" classname="cviceni.StringBuilderAndBufferTest"/>
  <testcase name="testBufferAppend" time="0,000" classname="cviceni.StringBuilderAndBufferTest"/>
  <testcase name="testBufferAppend" time="0,001" classname="cviceni.StringBuilderAndBufferTest"/>
  <testcase name="testBuilderAppendDelete" time="0,000" classname="cviceni.StringBuilderAndBufferTest"/>
  <testcase name="testBuilderAppend" time="0,001" classname="cviceni.StringBuilderAndBufferTest"/>
  <testcase name="testBuilderAppend" time="0,001" classname="cviceni.StringBuilderAndBufferTest"/>
  <testcase name="testBuilderAppendDelete" time="0,000" classname="cviceni.StringBuilderAndBufferTest"/>
  <testcase name="testBuilderAppendDelete" time="0,000" classname="cviceni.StringBuilderAndBufferTest"/>
  <testcase name="testBuilderAppendDelete" time="0,000" classname="cviceni.StringBuilderAndBufferTest"/>
  <testcase name="testBufferAppend" time="0,000" classname="cviceni.StringBuilderAndBufferTest"/>
  <testcase name="testBuilderAppend" time="0,000" classname="cviceni.StringBuilderAndBufferTest"/>
  <testcase name="testBuilderAppend" time="0,000" classname="cviceni.StringBuilderAndBufferTest"/>
  <testcase name="testBufferAppend" time="0,001" classname="cviceni.StringBuilderAndBufferTest"/>
  <testcase name="testBufferAppendDelete" time="0,000" classname="cviceni.StringBuilderAndBufferTest"/>
  <testcase name="testBuilderAppend" time="0,000" classname="cviceni.StringBuilderAndBufferTest"/>
  <testcase name="testBuilderAppend" time="0,001" classname="cviceni.StringBuilderAndBufferTest"/>
  <testcase name="testBufferAppend" time="0,001" classname="cviceni.StringBuilderAndBufferTest"/>
  <testcase name="testBufferAppendDelete" time="0,000" classname="cviceni.StringBuilderAndBufferTest"/>
  <testcase name="testBuilderAppendDelete" time="0,001" classname="cviceni.StringBuilderAndBufferTest"/>
  <testcase name="testBufferAppend" time="0,000" classname="cviceni.StringBuilderAndBufferTest"/>
  <testcase name="testBufferAppendDelete" time="0,000" classname="cviceni.StringBuilderAndBufferTest"/>
  <testcase name="testBufferAppendDelete" time="0,000" classname="cviceni.StringBuilderAndBufferTest"/>
  <testcase name="testBufferAppendDelete" time="0,000" classname="cviceni.StringBuilderAndBufferTest"/>
  <testcase name="testBuilderAppendDelete" time="0,000" classname="cviceni.StringBuilderAndBufferTest"/>
  <testcase name="testBufferAppendDelete" time="0,001" classname="cviceni.StringBuilderAndBufferTest"/>
  <testcase name="testBuilderAppendDelete" time="0,001" classname="cviceni.StringBuilderAndBufferTest"/>
  <testcase name="testBuilderAppend" time="0,016" classname="cviceni.StringBuilderAndBufferTest"/>
  <testcase name="testBufferAppend" time="0,000" classname="cviceni.StringBuilderAndBufferTest"/>
  <testcase name="testBuilderAppend" time="0,000" classname="cviceni.StringBuilderAndBufferTest"/>
  <testcase name="testBufferAppendDelete" time="0,000" classname="cviceni.StringBuilderAndBufferTest"/>
  <testcase name="testBuilderAppendDelete" time="0,000" classname="cviceni.StringBuilderAndBufferTest"/>
  <testcase name="testBufferAppend" time="0,000" classname="cviceni.StringBuilderAndBufferTest"/>
  <testcase name="testBufferAppendDelete" time="0,000" classname="cviceni.StringBuilderAndBufferTest"/>
  <testcase name="testBuilderAppendDelete" time="0,000" classname="cviceni.StringBuilderAndBufferTest"/>
  <testcase name="testBuilderAppend" time="0,000" classname="cviceni.StringBuilderAndBufferTest"/>
  <testcase name="testBufferAppend" time="0,000" classname="cviceni.StringBuilderAndBufferTest"/>
  <testcase name="testBuilderAppend" time="0,000" classname="cviceni.StringBuilderAndBufferTest"/>
  <testcase name="testBufferAppend" time="0,000" classname="cviceni.StringBuilderAndBufferTest"/>
  <testcase name="testBufferAppendDelete" time="0,000" classname="cviceni.StringBuilderAndBufferTest"/>
  <testcase name="testBuilderAppendDelete" time="0,001" classname="cviceni.StringBuilderAndBufferTest"/>
  <testcase name="testBuilderAppendDelete" time="0,000" classname="cviceni.StringBuilderAndBufferTest"/>
  <testcase name="testBuilderAppend" time="0,000" classname="cviceni.StringBuilderAndBufferTest"/>
  <testcase name="testBufferAppendDelete" time="0,001" classname="cviceni.StringBuilderAndBufferTest"/>
  <testcase name="testBuilderAppendDelete" time="0,000" classname="cviceni.StringBuilderAndBufferTest"/>
  <testcase name="testBufferAppendDelete" time="0,001" classname="cviceni.StringBuilderAndBufferTest"/>
  <testcase name="testBuilderAppendDelete" time="0,000" classname="cviceni.StringBuilderAndBufferTest"/>
  <testcase name="testBuilderAppendDelete" time="0,000" classname="cviceni.StringBuilderAndBufferTest"/>
  <testcase name="testBufferAppendDelete" time="0,262" classname="cviceni.StringBuilderAndBufferTest"/>
  <testcase name="testBufferAppendDelete" time="0,001" classname="cviceni.StringBuilderAndBufferTest"/>
  <testcase name="testBufferAppendDelete" time="0,000" classname="cviceni.StringBuilderAndBufferTest"/>
  <testcase name="testBuilderAppend" time="0,001" classname="cviceni.StringBuilderAndBufferTest"/>
  <testcase name="testBufferAppendDelete" time="0,000" classname="cviceni.StringBuilderAndBufferTest"/>
  <testcase name="testBufferAppend" time="0,000" classname="cviceni.StringBuilderAndBufferTest"/>
  <testcase name="testBuilderAppend" time="0,001" classname="cviceni.StringBuilderAndBufferTest"/>
  <testcase name="testBuilderAppendDelete" time="0,000" classname="cviceni.StringBuilderAndBufferTest"/>
  <testcase name="testBuilderAppendDelete" time="0,000" classname="cviceni.StringBuilderAndBufferTest"/>
  <testcase name="testBufferAppend" time="0,000" classname="cviceni.StringBuilderAndBufferTest"/>
  <testcase name="testBuilderAppendDelete" time="0,000" classname="cviceni.StringBuilderAndBufferTest"/>
  <testcase name="testBuilderAppend" time="0,000" classname="cviceni.StringBuilderAndBufferTest"/>
  <testcase name="testBufferAppendDelete" time="0,001" classname="cviceni.StringBuilderAndBufferTest"/>
  <testcase name="testBufferAppend" time="0,000" classname="cviceni.StringBuilderAndBufferTest"/>
  <testcase name="testBufferAppendDelete" time="0,000" classname="cviceni.StringBuilderAndBufferTest"/>
  <testcase name="testBufferAppendDelete" time="0,001" classname="cviceni.StringBuilderAndBufferTest"/>
  <testcase name="testBuilderAppendDelete" time="0,130" classname="cviceni.StringBuilderAndBufferTest"/>
  <testcase name="testBufferAppend" time="0,000" classname="cviceni.StringBuilderAndBufferTest"/>
  <testcase name="testBuilderAppendDelete" time="0,001" classname="cviceni.StringBuilderAndBufferTest"/>
  <testcase name="testBuilderAppendDelete" time="0,000" classname="cviceni.StringBuilderAndBufferTest"/>
  <testcase name="testBufferAppendDelete" time="0,000" classname="cviceni.StringBuilderAndBufferTest"/>
  <testcase name="testBuilderAppend" time="0,000" classname="cviceni.StringBuilderAndBufferTest"/>
  <testcase name="testBufferAppendDelete" time="0,000" classname="cviceni.StringBuilderAndBufferTest"/>
  <testcase name="testBufferAppend" time="0,000" classname="cviceni.StringBuilderAndBufferTest"/>
  <testcase name="testBufferAppend" time="0,000" classname="cviceni.StringBuilderAndBufferTest"/>
  <testcase name="testBufferAppendDelete" time="0,000" classname="cviceni.StringBuilderAndBufferTest"/>
  <testcase name="testBuilderAppendDelete" time="0,000" classname="cviceni.StringBuilderAndBufferTest"/>
  <testcase name="testBuilderAppendDelete" time="0,000" classname="cviceni.StringBuilderAndBufferTest"/>
  <testcase name="testBufferAppendDelete" time="0,000" classname="cviceni.StringBuilderAndBufferTest"/>
  <testcase name="testBuilderAppend" time="0,000" classname="cviceni.StringBuilderAndBufferTest"/>
  <testcase name="testBufferAppend" time="0,000" classname="cviceni.StringBuilderAndBufferTest"/>
  <testcase name="testBufferAppend" time="0,000" classname="cviceni.StringBuilderAndBufferTest"/>
  <testcase name="testBufferAppendDelete" time="0,000" classname="cviceni.StringBuilderAndBufferTest"/>
  <testcase name="testBufferAppendDelete" time="0,000" classname="cviceni.StringBuilderAndBufferTest"/>
  <testcase name="testBufferAppend" time="0,000" classname="cviceni.StringBuilderAndBufferTest"/>
  <testcase name="testBuilderAppend" time="0,000" classname="cviceni.StringBuilderAndBufferTest"/>
  <testcase name="testBufferAppendDelete" time="0,001" classname="cviceni.StringBuilderAndBufferTest"/>
  <testcase name="testBuilderAppend" time="0,000" classname="cviceni.StringBuilderAndBufferTest"/>
  <testcase name="testBuilderAppend" time="0,001" classname="cviceni.StringBuilderAndBufferTest"/>
  <testcase name="testBufferAppend" time="0,000" classname="cviceni.StringBuilderAndBufferTest"/>
  <testcase name="testBuilderAppend" time="0,000" classname="cviceni.StringBuilderAndBufferTest"/>
  <testcase name="testBufferAppendDelete" time="0,000" classname="cviceni.StringBuilderAndBufferTest"/>
  <testcase name="testBuilderAppendDelete" time="0,000" classname="cviceni.StringBuilderAndBufferTest"/>
  <testcase name="testBuilderAppend" time="0,000" classname="cviceni.StringBuilderAndBufferTest"/>
  <testcase name="testBufferAppendDelete" time="0,000" classname="cviceni.StringBuilderAndBufferTest"/>
  <testcase name="testBufferAppendDelete" time="0,000" classname="cviceni.StringBuilderAndBufferTest"/>
  <testcase name="testBufferAppendDelete" time="0,001" classname="cviceni.StringBuilderAndBufferTest"/>
  <testcase name="testBuilderAppend" time="0,000" classname="cviceni.StringBuilderAndBufferTest"/>
  <testcase name="testBuilderAppendDelete" time="0,000" classname="cviceni.StringBuilderAndBufferTest"/>
  <testcase name="testBuilderAppendDelete" time="0,000" classname="cviceni.StringBuilderAndBufferTest"/>
  <testcase name="testBuilderAppendDelete" time="0,001" classname="cviceni.StringBuilderAndBufferTest"/>
  <testcase name="testBufferAppend" time="0,001" classname="cviceni.StringBuilderAndBufferTest"/>
  <testcase name="testBufferAppend" time="0,001" classname="cviceni.StringBuilderAndBufferTest"/>
  <testcase name="testBuilderAppendDelete" time="0,000" classname="cviceni.StringBuilderAndBufferTest"/>
  <testcase name="testBuilderAppend" time="0,001" classname="cviceni.StringBuilderAndBufferTest"/>
  <testcase name="testBuilderAppend" time="0,000" classname="cviceni.StringBuilderAndBufferTest"/>
  <testcase name="testBufferAppendDelete" time="0,000" classname="cviceni.StringBuilderAndBufferTest"/>
  <testcase name="testBufferAppend" time="0,001" classname="cviceni.StringBuilderAndBufferTest"/>
  <testcase name="testBufferAppend" time="0,001" classname="cviceni.StringBuilderAndBufferTest"/>
  <testcase name="testBufferAppendDelete" time="0,001" classname="cviceni.StringBuilderAndBufferTest"/>
  <testcase name="testBuilderAppend" time="0,000" classname="cviceni.StringBuilderAndBufferTest"/>
  <testcase name="testBufferAppendDelete" time="0,000" classname="cviceni.StringBuilderAndBufferTest"/>
  <testcase name="testBufferAppendDelete" time="0,000" classname="cviceni.StringBuilderAndBufferTest"/>
  <testcase name="testBufferAppendDelete" time="0,000" classname="cviceni.StringBuilderAndBufferTest"/>
  <testcase name="testBufferAppend" time="0,000" classname="cviceni.StringBuilderAndBufferTest"/>
  <testcase name="testBufferAppendDelete" time="0,000" classname="cviceni.StringBuilderAndBufferTest"/>
  <testcase name="testBufferAppendDelete" time="0,000" classname="cviceni.StringBuilderAndBufferTest"/>
  <testcase name="testBuilderAppend" time="0,001" classname="cviceni.StringBuilderAndBufferTest"/>
  <testcase name="testBufferAppend" time="0,001" classname="cviceni.StringBuilderAndBufferTest"/>
  <testcase name="testBufferAppend" time="0,041" classname="cviceni.StringBuilderAndBufferTest"/>
  <testcase name="testBuilderAppend" time="0,001" classname="cviceni.StringBuilderAndBufferTest"/>
  <testcase name="testBufferAppendDelete" time="0,001" classname="cviceni.StringBuilderAndBufferTest"/>
  <testcase name="testBuilderAppend" time="0,000" classname="cviceni.StringBuilderAndBufferTest"/>
  <testcase name="testBufferAppendDelete" time="0,000" classname="cviceni.StringBuilderAndBufferTest"/>
  <testcase name="testBufferAppend" time="0,001" classname="cviceni.StringBuilderAndBufferTest"/>
  <testcase name="testBuilderAppend" time="0,000" classname="cviceni.StringBuilderAndBufferTest"/>
  <testcase name="testBuilderAppend" time="0,000" classname="cviceni.StringBuilderAndBufferTest"/>
  <testcase name="testBufferAppendDelete" time="0,001" classname="cviceni.StringBuilderAndBufferTest"/>
  <testcase name="testBuilderAppendDelete" time="0,001" classname="cviceni.StringBuilderAndBufferTest"/>
  <testcase name="testBuilderAppend" time="0,000" classname="cviceni.StringBuilderAndBufferTest"/>
  <testcase name="testBufferAppendDelete" time="0,000" classname="cviceni.StringBuilderAndBufferTest"/>
  <testcase name="testBuilderAppendDelete" time="0,001" classname="cviceni.StringBuilderAndBufferTest"/>
  <testcase name="testBufferAppendDelete" time="0,001" classname="cviceni.StringBuilderAndBufferTest"/>
  <testcase name="testBuilderAppendDelete" time="0,000" classname="cviceni.StringBuilderAndBufferTest"/>
  <testcase name="testBuilderAppendDelete" time="0,000" classname="cviceni.StringBuilderAndBufferTest"/>
  <testcase name="testBufferAppend" time="0,001" classname="cviceni.StringBuilderAndBufferTest"/>
  <testcase name="testBufferAppendDelete" time="0,000" classname="cviceni.StringBuilderAndBufferTest"/>
  <testcase name="testBuilderAppend" time="0,001" classname="cviceni.StringBuilderAndBufferTest"/>
  <testcase name="testBufferAppend" time="0,001" classname="cviceni.StringBuilderAndBufferTest"/>
  <testcase name="testBuilderAppendDelete" time="0,001" classname="cviceni.StringBuilderAndBufferTest"/>
  <testcase name="testBufferAppend" time="0,001" classname="cviceni.StringBuilderAndBufferTest"/>
  <testcase name="testBufferAppend" time="0,000" classname="cviceni.StringBuilderAndBufferTest"/>
  <testcase name="testBuilderAppendDelete" time="0,001" classname="cviceni.StringBuilderAndBufferTest"/>
  <testcase name="testBuilderAppend" time="0,001" classname="cviceni.StringBuilderAndBufferTest"/>
  <testcase name="testBufferAppendDelete" time="0,001" classname="cviceni.StringBuilderAndBufferTest"/>
  <testcase name="testBufferAppendDelete" time="0,000" classname="cviceni.StringBuilderAndBufferTest"/>
  <testcase name="testBufferAppendDelete" time="0,000" classname="cviceni.StringBuilderAndBufferTest"/>
  <testcase name="testBuilderAppendDelete" time="0,000" classname="cviceni.StringBuilderAndBufferTest"/>
  <testcase name="testBuilderAppendDelete" time="0,000" classname="cviceni.StringBuilderAndBufferTest"/>
  <testcase name="testBufferAppend" time="0,000" classname="cviceni.StringBuilderAndBufferTest"/>
  <testcase name="testBuilderAppend" time="0,000" classname="cviceni.StringBuilderAndBufferTest"/>
  <testcase name="testBuilderAppendDelete" time="0,000" classname="cviceni.StringBuilderAndBufferTest"/>
  <testcase name="testBufferAppendDelete" time="0,000" classname="cviceni.StringBuilderAndBufferTest"/>
  <testcase name="testBufferAppendDelete" time="0,000" classname="cviceni.StringBuilderAndBufferTest"/>
  <testcase name="testBufferAppendDelete" time="0,001" classname="cviceni.StringBuilderAndBufferTest"/>
  <testcase name="testBuilderAppendDelete" time="0,000" classname="cviceni.StringBuilderAndBufferTest"/>
  <testcase name="testBuilderAppend" time="0,000" classname="cviceni.StringBuilderAndBufferTest"/>
  <testcase name="testBuilderAppend" time="0,000" classname="cviceni.StringBuilderAndBufferTest"/>
  <testcase name="testBufferAppend" time="0,001" classname="cviceni.StringBuilderAndBufferTest"/>
  <testcase name="testBufferAppend" time="0,000" classname="cviceni.StringBuilderAndBufferTest"/>
  <testcase name="testBufferAppend" time="0,001" classname="cviceni.StringBuilderAndBufferTest"/>
  <testcase name="testBufferAppend" time="0,000" classname="cviceni.StringBuilderAndBufferTest"/>
  <testcase name="testBuilderAppendDelete" time="0,001" classname="cviceni.StringBuilderAndBufferTest"/>
  <testcase name="testBufferAppendDelete" time="0,000" classname="cviceni.StringBuilderAndBufferTest"/>
  <testcase name="testBuilderAppend" time="0,000" classname="cviceni.StringBuilderAndBufferTest"/>
  <testcase name="testBufferAppend" time="0,000" classname="cviceni.StringBuilderAndBufferTest"/>
  <testcase name="testBuilderAppendDelete" time="0,001" classname="cviceni.StringBuilderAndBufferTest"/>
  <testcase name="testBufferAppend" time="0,000" classname="cviceni.StringBuilderAndBufferTest"/>
  <testcase name="testBufferAppendDelete" time="0,000" classname="cviceni.StringBuilderAndBufferTest"/>
  <testcase name="testBufferAppend" time="0,001" classname="cviceni.StringBuilderAndBufferTest"/>
  <testcase name="testBuilderAppendDelete" time="0,000" classname="cviceni.StringBuilderAndBufferTest"/>
  <testcase name="testBuilderAppend" time="0,000" classname="cviceni.StringBuilderAndBufferTest"/>
  <testcase name="testBuilderAppendDelete" time="0,000" classname="cviceni.StringBuilderAndBufferTest"/>
  <testcase name="testBufferAppend" time="0,000" classname="cviceni.StringBuilderAndBufferTest"/>
  <testcase name="testBufferAppend" time="0,000" classname="cviceni.StringBuilderAndBufferTest"/>
  <testcase name="testBuilderAppend" time="0,000" classname="cviceni.StringBuilderAndBufferTest"/>
  <testcase name="testBufferAppend" time="0,000" classname="cviceni.StringBuilderAndBufferTest"/>
  <testcase name="testBuilderAppend" time="0,000" classname="cviceni.StringBuilderAndBufferTest"/>
  <testcase name="testBufferAppend" time="0,000" classname="cviceni.StringBuilderAndBufferTest"/>
  <testcase name="testBufferAppend" time="0,001" classname="cviceni.StringBuilderAndBufferTest"/>
  <testcase name="testBuilderAppendDelete" time="0,000" classname="cviceni.StringBuilderAndBufferTest"/>
  <testcase name="testBufferAppendDelete" time="0,000" classname="cviceni.StringBuilderAndBufferTest"/>
  <testcase name="testBuilderAppendDelete" time="0,000" classname="cviceni.StringBuilderAndBufferTest"/>
  <testcase name="testBufferAppend" time="0,000" classname="cviceni.StringBuilderAndBufferTest"/>
  <testcase name="testBuilderAppend" time="0,000" classname="cviceni.StringBuilderAndBufferTest"/>
  <testcase name="testBufferAppendDelete" time="0,000" classname="cviceni.StringBuilderAndBufferTest"/>
  <testcase name="testBuilderAppendDelete" time="0,000" classname="cviceni.StringBuilderAndBufferTest"/>
  <testcase name="testBufferAppendDelete" time="0,000" classname="cviceni.StringBuilderAndBufferTest"/>
  <testcase name="testBufferAppendDelete" time="0,000" classname="cviceni.StringBuilderAndBufferTest"/>
  <testcase name="testBufferAppend" time="0,000" classname="cviceni.StringBuilderAndBufferTest"/>
  <testcase name="testBuilderAppendDelete" time="0,001" classname="cviceni.StringBuilderAndBufferTest"/>
  <testcase name="testBufferAppendDelete" time="0,001" classname="cviceni.StringBuilderAndBufferTest"/>
  <testcase name="testBuilderAppendDelete" time="0,000" classname="cviceni.StringBuilderAndBufferTest"/>
  <testcase name="testBuilderAppend" time="0,001" classname="cviceni.StringBuilderAndBufferTest"/>
  <testcase name="testBuilderAppendDelete" time="0,000" classname="cviceni.StringBuilderAndBufferTest"/>
  <testcase name="testBufferAppendDelete" time="0,000" classname="cviceni.StringBuilderAndBufferTest"/>
  <testcase name="testBuilderAppend" time="0,000" classname="cviceni.StringBuilderAndBufferTest"/>
  <testcase name="testBufferAppendDelete" time="0,001" classname="cviceni.StringBuilderAndBufferTest"/>
  <testcase name="testBufferAppendDelete" time="0,000" classname="cviceni.StringBuilderAndBufferTest"/>
  <testcase name="testBuilderAppend" time="0,000" classname="cviceni.StringBuilderAndBufferTest"/>
  <testcase name="testBufferAppend" time="0,000" classname="cviceni.StringBuilderAndBufferTest"/>
  <testcase name="testBufferAppend" time="0,000" classname="cviceni.StringBuilderAndBufferTest"/>
  <testcase name="testBuilderAppendDelete" time="0,000" classname="cviceni.StringBuilderAndBufferTest"/>
  <testcase name="testBufferAppend" time="0,000" classname="cviceni.StringBuilderAndBufferTest"/>
  <testcase name="testBufferAppend" time="0,000" classname="cviceni.StringBuilderAndBufferTest"/>
  <testcase name="testBufferAppend" time="0,001" classname="cviceni.StringBuilderAndBufferTest"/>
  <testcase name="testBuilderAppendDelete" time="0,000" classname="cviceni.StringBuilderAndBufferTest"/>
  <testcase name="testBufferAppendDelete" time="0,001" classname="cviceni.StringBuilderAndBufferTest"/>
  <testcase name="testBuilderAppend" time="0,000" classname="cviceni.StringBuilderAndBufferTest"/>
  <testcase name="testBufferAppendDelete" time="0,000" classname="cviceni.StringBuilderAndBufferTest"/>
  <testcase name="testBuilderAppendDelete" time="0,001" classname="cviceni.StringBuilderAndBufferTest"/>
  <testcase name="testBufferAppendDelete" time="0,000" classname="cviceni.StringBuilderAndBufferTest"/>
  <testcase name="testBufferAppend" time="0,000" classname="cviceni.StringBuilderAndBufferTest"/>
  <testcase name="testBufferAppend" time="0,001" classname="cviceni.StringBuilderAndBufferTest"/>
  <testcase name="testBuilderAppend" time="0,000" classname="cviceni.StringBuilderAndBufferTest"/>
  <testcase name="testBufferAppend" time="0,001" classname="cviceni.StringBuilderAndBufferTest"/>
  <testcase name="testBufferAppendDelete" time="0,000" classname="cviceni.StringBuilderAndBufferTest"/>
  <testcase name="testBuilderAppendDelete" time="0,000" classname="cviceni.StringBuilderAndBufferTest"/>
  <testcase name="testBufferAppend" time="0,001" classname="cviceni.StringBuilderAndBufferTest"/>
  <testcase name="testBufferAppendDelete" time="0,000" classname="cviceni.StringBuilderAndBufferTest"/>
  <testcase name="testBuilderAppend" time="0,000" classname="cviceni.StringBuilderAndBufferTest"/>
  <testcase name="testBuilderAppend" time="0,000" classname="cviceni.StringBuilderAndBufferTest"/>
  <testcase name="testBufferAppend" time="0,000" classname="cviceni.StringBuilderAndBufferTest"/>
  <testcase name="testBuilderAppend" time="0,000" classname="cviceni.StringBuilderAndBufferTest"/>
  <testcase name="testBuilderAppend" time="0,004" classname="cviceni.StringBuilderAndBufferTest"/>
  <testcase name="testBufferAppendDelete" time="0,001" classname="cviceni.StringBuilderAndBufferTest"/>
  <testcase name="testBuilderAppendDelete" time="0,000" classname="cviceni.StringBuilderAndBufferTest"/>
  <testcase name="testBuilderAppend" time="0,000" classname="cviceni.StringBuilderAndBufferTest"/>
  <testcase name="testBufferAppendDelete" time="0,000" classname="cviceni.StringBuilderAndBufferTest"/>
  <testcase name="testBufferAppendDelete" time="0,000" classname="cviceni.StringBuilderAndBufferTest"/>
  <testcase name="testBufferAppendDelete" time="0,001" classname="cviceni.StringBuilderAndBufferTest"/>
  <testcase name="testBufferAppendDelete" time="0,000" classname="cviceni.StringBuilderAndBufferTest"/>
  <testcase name="testBuilderAppendDelete" time="0,001" classname="cviceni.StringBuilderAndBufferTest"/>
  <testcase name="testBuilderAppendDelete" time="0,000" classname="cviceni.StringBuilderAndBufferTest"/>
  <testcase name="testBuilderAppend" time="0,000" classname="cviceni.StringBuilderAndBufferTest"/>
  <testcase name="testBufferAppendDelete" time="0,000" classname="cviceni.StringBuilderAndBufferTest"/>
  <testcase name="testBuilderAppend" time="0,001" classname="cviceni.StringBuilderAndBufferTest"/>
  <testcase name="testBufferAppendDelete" time="0,001" classname="cviceni.StringBuilderAndBufferTest"/>
  <testcase name="testBufferAppendDelete" time="0,001" classname="cviceni.StringBuilderAndBufferTest"/>
  <testcase name="testBuilderAppend" time="0,001" classname="cviceni.StringBuilderAndBufferTest"/>
  <testcase name="testBuilderAppend" time="0,001" classname="cviceni.StringBuilderAndBufferTest"/>
  <testcase name="testBufferAppendDelete" time="0,000" classname="cviceni.StringBuilderAndBufferTest"/>
  <testcase name="testBufferAppendDelete" time="0,001" classname="cviceni.StringBuilderAndBufferTest"/>
  <testcase name="testBufferAppendDelete" time="0,000" classname="cviceni.StringBuilderAndBufferTest"/>
  <testcase name="testBufferAppendDelete" time="0,000" classname="cviceni.StringBuilderAndBufferTest"/>
  <testcase name="testBuilderAppendDelete" time="0,000" classname="cviceni.StringBuilderAndBufferTest"/>
  <testcase name="testBufferAppendDelete" time="0,001" classname="cviceni.StringBuilderAndBufferTest"/>
  <testcase name="testBuilderAppend" time="0,000" classname="cviceni.StringBuilderAndBufferTest"/>
  <testcase name="testBuilderAppendDelete" time="0,000" classname="cviceni.StringBuilderAndBufferTest"/>
  <testcase name="testBuilderAppend" time="0,001" classname="cviceni.StringBuilderAndBufferTest"/>
  <testcase name="testBufferAppendDelete" time="0,000" classname="cviceni.StringBuilderAndBufferTest"/>
  <testcase name="testBuilderAppendDelete" time="0,001" classname="cviceni.StringBuilderAndBufferTest"/>
  <testcase name="testBufferAppendDelete" time="0,000" classname="cviceni.StringBuilderAndBufferTest"/>
  <testcase name="testBufferAppendDelete" time="0,000" classname="cviceni.StringBuilderAndBufferTest"/>
  <testcase name="testBufferAppendDelete" time="0,000" classname="cviceni.StringBuilderAndBufferTest"/>
  <testcase name="testBuilderAppend" time="0,001" classname="cviceni.StringBuilderAndBufferTest"/>
  <testcase name="testBufferAppendDelete" time="0,000" classname="cviceni.StringBuilderAndBufferTest"/>
  <testcase name="testBuilderAppendDelete" time="0,000" classname="cviceni.StringBuilderAndBufferTest"/>
  <testcase name="testBuilderAppend" time="0,000" classname="cviceni.StringBuilderAndBufferTest"/>
  <testcase name="testBufferAppendDelete" time="0,000" classname="cviceni.StringBuilderAndBufferTest"/>
  <testcase name="testBufferAppend" time="0,000" classname="cviceni.StringBuilderAndBufferTest"/>
  <testcase name="testBufferAppend" time="0,001" classname="cviceni.StringBuilderAndBufferTest"/>
  <testcase name="testBuilderAppendDelete" time="0,001" classname="cviceni.StringBuilderAndBufferTest"/>
  <testcase name="testBufferAppendDelete" time="0,000" classname="cviceni.StringBuilderAndBufferTest"/>
  <testcase name="testBufferAppend" time="0,000" classname="cviceni.StringBuilderAndBufferTest"/>
  <testcase name="testBuilderAppendDelete" time="0,000" classname="cviceni.StringBuilderAndBufferTest"/>
  <testcase name="testBuilderAppend" time="0,000" classname="cviceni.StringBuilderAndBufferTest"/>
  <testcase name="testBufferAppend" time="0,001" classname="cviceni.StringBuilderAndBufferTest"/>
  <testcase name="testBuilderAppend" time="0,000" classname="cviceni.StringBuilderAndBufferTest"/>
  <testcase name="testBufferAppend" time="0,000" classname="cviceni.StringBuilderAndBufferTest"/>
  <testcase name="testBuilderAppendDelete" time="0,000" classname="cviceni.StringBuilderAndBufferTest"/>
  <testcase name="testBuilderAppend" time="0,001" classname="cviceni.StringBuilderAndBufferTest"/>
  <testcase name="testBufferAppendDelete" time="0,001" classname="cviceni.StringBuilderAndBufferTest"/>
  <testcase name="testBufferAppendDelete" time="0,001" classname="cviceni.StringBuilderAndBufferTest"/>
  <testcase name="testBufferAppendDelete" time="0,000" classname="cviceni.StringBuilderAndBufferTest"/>
  <testcase name="testBuilderAppend" time="0,000" classname="cviceni.StringBuilderAndBufferTest"/>
  <testcase name="testBuilderAppendDelete" time="0,000" classname="cviceni.StringBuilderAndBufferTest"/>
  <testcase name="testBufferAppend" time="0,001" classname="cviceni.StringBuilderAndBufferTest"/>
  <testcase name="testBufferAppend" time="0,001" classname="cviceni.StringBuilderAndBufferTest"/>
  <testcase name="testBufferAppendDelete" time="0,000" classname="cviceni.StringBuilderAndBufferTest"/>
  <testcase name="testBufferAppend" time="0,001" classname="cviceni.StringBuilderAndBufferTest"/>
  <testcase name="testBufferAppendDelete" time="0,000" classname="cviceni.StringBuilderAndBufferTest"/>
  <testcase name="testBufferAppend" time="0,000" classname="cviceni.StringBuilderAndBufferTest"/>
  <testcase name="testBufferAppendDelete" time="0,001" classname="cviceni.StringBuilderAndBufferTest"/>
  <testcase name="testBuilderAppendDelete" time="0,001" classname="cviceni.StringBuilderAndBufferTest"/>
  <testcase name="testBufferAppendDelete" time="0,000" classname="cviceni.StringBuilderAndBufferTest"/>
  <testcase name="testBufferAppendDelete" time="0,000" classname="cviceni.StringBuilderAndBufferTest"/>
  <testcase name="testBuilderAppendDelete" time="0,000" classname="cviceni.StringBuilderAndBufferTest"/>
  <testcase name="testBufferAppend" time="0,000" classname="cviceni.StringBuilderAndBufferTest"/>
  <testcase name="testBuilderAppendDelete" time="0,000" classname="cviceni.StringBuilderAndBufferTest"/>
  <testcase name="testBuilderAppendDelete" time="0,000" classname="cviceni.StringBuilderAndBufferTest"/>
  <testcase name="testBufferAppendDelete" time="0,000" classname="cviceni.StringBuilderAndBufferTest"/>
  <testcase name="testBuilderAppendDelete" time="0,000" classname="cviceni.StringBuilderAndBufferTest"/>
  <testcase name="testBuilderAppendDelete" time="0,000" classname="cviceni.StringBuilderAndBufferTest"/>
  <testcase name="testBufferAppend" time="0,000" classname="cviceni.StringBuilderAndBufferTest"/>
  <testcase name="testBufferAppend" time="0,000" classname="cviceni.StringBuilderAndBufferTest"/>
  <testcase name="testBufferAppendDelete" time="0,007" classname="cviceni.StringBuilderAndBufferTest"/>
  <testcase name="testBuilderAppendDelete" time="0,000" classname="cviceni.StringBuilderAndBufferTest"/>
  <testcase name="testBuilderAppendDelete" time="0,000" classname="cviceni.StringBuilderAndBufferTest"/>
  <testcase name="testBufferAppend" time="0,001" classname="cviceni.StringBuilderAndBufferTest"/>
  <testcase name="testBufferAppend" time="0,000" classname="cviceni.StringBuilderAndBufferTest"/>
  <testcase name="testBuilderAppend" time="0,000" classname="cviceni.StringBuilderAndBufferTest"/>
  <testcase name="testBufferAppendDelete" time="0,001" classname="cviceni.StringBuilderAndBufferTest"/>
  <testcase name="testBuilderAppend" time="0,000" classname="cviceni.StringBuilderAndBufferTest"/>
  <testcase name="testBufferAppend" time="0,001" classname="cviceni.StringBuilderAndBufferTest"/>
  <testcase name="testBufferAppendDelete" time="0,000" classname="cviceni.StringBuilderAndBufferTest"/>
  <testcase name="testBuilderAppendDelete" time="0,000" classname="cviceni.StringBuilderAndBufferTest"/>
  <testcase name="testBufferAppend" time="0,000" classname="cviceni.StringBuilderAndBufferTest"/>
  <testcase name="testBufferAppend" time="0,000" classname="cviceni.StringBuilderAndBufferTest"/>
  <testcase name="testBufferAppendDelete" time="0,001" classname="cviceni.StringBuilderAndBufferTest"/>
  <testcase name="testBuilderAppendDelete" time="0,000" classname="cviceni.StringBuilderAndBufferTest"/>
  <testcase name="testBufferAppend" time="0,000" classname="cviceni.StringBuilderAndBufferTest"/>
  <testcase name="testBufferAppendDelete" time="0,000" classname="cviceni.StringBuilderAndBufferTest"/>
  <testcase name="testBufferAppend" time="0,000" classname="cviceni.StringBuilderAndBufferTest"/>
  <testcase name="testBuilderAppendDelete" time="0,000" classname="cviceni.StringBuilderAndBufferTest"/>
  <testcase name="testBufferAppend" time="0,000" classname="cviceni.StringBuilderAndBufferTest"/>
  <testcase name="testBuilderAppend" time="0,000" classname="cviceni.StringBuilderAndBufferTest"/>
  <testcase name="testBufferAppend" time="0,112" classname="cviceni.StringBuilderAndBufferTest"/>
  <testcase name="testBuilderAppendDelete" time="0,212" classname="cviceni.StringBuilderAndBufferTest"/>
  <testcase name="testBufferAppendDelete" time="0,001" classname="cviceni.StringBuilderAndBufferTest"/>
  <testcase name="testBuilderAppend" time="0,000" classname="cviceni.StringBuilderAndBufferTest"/>
  <testcase name="testBufferAppend" time="0,000" classname="cviceni.StringBuilderAndBufferTest"/>
  <testcase name="testBufferAppend" time="0,000" classname="cviceni.StringBuilderAndBufferTest"/>
  <testcase name="testBuilderAppendDelete" time="0,001" classname="cviceni.StringBuilderAndBufferTest"/>
  <testcase name="testBuilderAppend" time="0,000" classname="cviceni.StringBuilderAndBufferTest"/>
  <testcase name="testBufferAppendDelete" time="0,001" classname="cviceni.StringBuilderAndBufferTest"/>
  <testcase name="testBuilderAppend" time="0,001" classname="cviceni.StringBuilderAndBufferTest"/>
  <testcase name="testBufferAppendDelete" time="0,000" classname="cviceni.StringBuilderAndBufferTest"/>
  <testcase name="testBufferAppend" time="0,000" classname="cviceni.StringBuilderAndBufferTest"/>
  <testcase name="testBufferAppendDelete" time="0,000" classname="cviceni.StringBuilderAndBufferTest"/>
  <testcase name="testBufferAppendDelete" time="0,000" classname="cviceni.StringBuilderAndBufferTest"/>
  <testcase name="testBufferAppendDelete" time="0,001" classname="cviceni.StringBuilderAndBufferTest"/>
  <testcase name="testBuilderAppend" time="0,000" classname="cviceni.StringBuilderAndBufferTest"/>
  <testcase name="testBufferAppend" time="0,000" classname="cviceni.StringBuilderAndBufferTest"/>
  <testcase name="testBuilderAppendDelete" time="0,000" classname="cviceni.StringBuilderAndBufferTest"/>
  <testcase name="testBufferAppendDelete" time="0,000" classname="cviceni.StringBuilderAndBufferTest"/>
  <testcase name="testBufferAppendDelete" time="0,000" classname="cviceni.StringBuilderAndBufferTest"/>
  <testcase name="testBufferAppendDelete" time="0,000" classname="cviceni.StringBuilderAndBufferTest"/>
  <testcase name="testBufferAppend" time="0,000" classname="cviceni.StringBuilderAndBufferTest"/>
  <testcase name="testBuilderAppendDelete" time="0,000" classname="cviceni.StringBuilderAndBufferTest"/>
  <testcase name="testBufferAppendDelete" time="0,001" classname="cviceni.StringBuilderAndBufferTest"/>
  <testcase name="testBuilderAppendDelete" time="0,000" classname="cviceni.StringBuilderAndBufferTest"/>
  <testcase name="testBuilderAppendDelete" time="0,000" classname="cviceni.StringBuilderAndBufferTest"/>
  <testcase name="testBufferAppendDelete" time="0,000" classname="cviceni.StringBuilderAndBufferTest"/>
  <testcase name="testBuilderAppend" time="0,000" classname="cviceni.StringBuilderAndBufferTest"/>
  <testcase name="testBufferAppendDelete" time="0,000" classname="cviceni.StringBuilderAndBufferTest"/>
  <testcase name="testBuilderAppendDelete" time="0,000" classname="cviceni.StringBuilderAndBufferTest"/>
  <testcase name="testBuilderAppend" time="0,000" classname="cviceni.StringBuilderAndBufferTest"/>
  <testcase name="testBuilderAppendDelete" time="0,000" classname="cviceni.StringBuilderAndBufferTest"/>
  <testcase name="testBufferAppend" time="0,000" classname="cviceni.StringBuilderAndBufferTest"/>
  <testcase name="testBufferAppend" time="0,001" classname="cviceni.StringBuilderAndBufferTest"/>
  <testcase name="testBuilderAppendDelete" time="0,001" classname="cviceni.StringBuilderAndBufferTest"/>
  <testcase name="testBuilderAppend" time="0,001" classname="cviceni.StringBuilderAndBufferTest"/>
  <testcase name="testBufferAppend" time="0,000" classname="cviceni.StringBuilderAndBufferTest"/>
  <testcase name="testBufferAppendDelete" time="0,000" classname="cviceni.StringBuilderAndBufferTest"/>
  <testcase name="testBuilderAppend" time="0,001" classname="cviceni.StringBuilderAndBufferTest"/>
  <testcase name="testBufferAppendDelete" time="0,000" classname="cviceni.StringBuilderAndBufferTest"/>
  <testcase name="testBufferAppendDelete" time="0,001" classname="cviceni.StringBuilderAndBufferTest"/>
  <testcase name="testBuilderAppend" time="0,000" classname="cviceni.StringBuilderAndBufferTest"/>
  <testcase name="testBufferAppend" time="0,000" classname="cviceni.StringBuilderAndBufferTest"/>
  <testcase name="testBufferAppendDelete" time="0,001" classname="cviceni.StringBuilderAndBufferTest"/>
  <testcase name="testBuilderAppend" time="0,001" classname="cviceni.StringBuilderAndBufferTest"/>
  <testcase name="testBuilderAppendDelete" time="0,000" classname="cviceni.StringBuilderAndBufferTest"/>
  <testcase name="testBufferAppendDelete" time="0,001" classname="cviceni.StringBuilderAndBufferTest"/>
  <testcase name="testBufferAppendDelete" time="0,000" classname="cviceni.StringBuilderAndBufferTest"/>
  <testcase name="testBufferAppend" time="0,000" classname="cviceni.StringBuilderAndBufferTest"/>
  <testcase name="testBuilderAppend" time="0,000" classname="cviceni.StringBuilderAndBufferTest"/>
  <testcase name="testBufferAppend" time="0,001" classname="cviceni.StringBuilderAndBufferTest"/>
  <testcase name="testBufferAppendDelete" time="0,000" classname="cviceni.StringBuilderAndBufferTest"/>
  <testcase name="testBuilderAppend" time="0,000" classname="cviceni.StringBuilderAndBufferTest"/>
  <testcase name="testBuilderAppendDelete" time="0,001" classname="cviceni.StringBuilderAndBufferTest"/>
  <testcase name="testBufferAppend" time="0,000" classname="cviceni.StringBuilderAndBufferTest"/>
  <testcase name="testBufferAppend" time="0,000" classname="cviceni.StringBuilderAndBufferTest"/>
  <testcase name="testBuilderAppend" time="0,000" classname="cviceni.StringBuilderAndBufferTest"/>
  <testcase name="testBuilderAppendDelete" time="0,001" classname="cviceni.StringBuilderAndBufferTest"/>
  <testcase name="testBufferAppend" time="0,000" classname="cviceni.StringBuilderAndBufferTest"/>
  <testcase name="testBuilderAppendDelete" time="0,000" classname="cviceni.StringBuilderAndBufferTest"/>
  <testcase name="testBuilderAppend" time="0,001" classname="cviceni.StringBuilderAndBufferTest"/>
  <testcase name="testBufferAppendDelete" time="0,000" classname="cviceni.StringBuilderAndBufferTest"/>
  <testcase name="testBuilderAppendDelete" time="0,000" classname="cviceni.StringBuilderAndBufferTest"/>
  <testcase name="testBufferAppend" time="0,000" classname="cviceni.StringBuilderAndBufferTest"/>
  <testcase name="testBufferAppendDelete" time="0,000" classname="cviceni.StringBuilderAndBufferTest"/>
  <testcase name="testBuilderAppend" time="0,000" classname="cviceni.StringBuilderAndBufferTest"/>
  <testcase name="testBufferAppendDelete" time="0,000" classname="cviceni.StringBuilderAndBufferTest"/>
  <testcase name="testBuilderAppendDelete" time="0,000" classname="cviceni.StringBuilderAndBufferTest"/>
  <testcase name="testBuilderAppend" time="0,000" classname="cviceni.StringBuilderAndBufferTest"/>
  <testcase name="testBuilderAppend" time="0,000" classname="cviceni.StringBuilderAndBufferTest"/>
  <testcase name="testBuilderAppend" time="0,000" classname="cviceni.StringBuilderAndBufferTest"/>
  <testcase name="testBuilderAppendDelete" time="0,000" classname="cviceni.StringBuilderAndBufferTest"/>
  <testcase name="testBufferAppend" time="0,000" classname="cviceni.StringBuilderAndBufferTest"/>
  <testcase name="testBufferAppendDelete" time="0,000" classname="cviceni.StringBuilderAndBufferTest"/>
  <testcase name="testBuilderAppend" time="0,000" classname="cviceni.StringBuilderAndBufferTest"/>
  <testcase name="testBufferAppendDelete" time="0,000" classname="cviceni.StringBuilderAndBufferTest"/>
  <testcase name="testBuilderAppend" time="0,000" classname="cviceni.StringBuilderAndBufferTest"/>
  <testcase name="testBufferAppend" time="0,000" classname="cviceni.StringBuilderAndBufferTest"/>
  <testcase name="testBufferAppendDelete" time="0,001" classname="cviceni.StringBuilderAndBufferTest"/>
  <testcase name="testBuilderAppendDelete" time="0,000" classname="cviceni.StringBuilderAndBufferTest"/>
  <testcase name="testBufferAppend" time="0,070" classname="cviceni.StringBuilderAndBufferTest"/>
  <testcase name="testBuilderAppendDelete" time="0,000" classname="cviceni.StringBuilderAndBufferTest"/>
  <testcase name="testBufferAppendDelete" time="0,000" classname="cviceni.StringBuilderAndBufferTest"/>
  <testcase name="testBufferAppendDelete" time="0,000" classname="cviceni.StringBuilderAndBufferTest"/>
  <testcase name="testBuilderAppend" time="0,000" classname="cviceni.StringBuilderAndBufferTest"/>
  <testcase name="testBuilderAppendDelete" time="0,000" classname="cviceni.StringBuilderAndBufferTest"/>
  <testcase name="testBufferAppend" time="0,000" classname="cviceni.StringBuilderAndBufferTest"/>
  <testcase name="testBufferAppendDelete" time="0,000" classname="cviceni.StringBuilderAndBufferTest"/>
  <testcase name="testBuilderAppend" time="0,000" classname="cviceni.StringBuilderAndBufferTest"/>
  <testcase name="testBuilderAppendDelete" time="0,000" classname="cviceni.StringBuilderAndBufferTest"/>
  <testcase name="testBuilderAppend" time="0,001" classname="cviceni.StringBuilderAndBufferTest"/>
  <testcase name="testBufferAppend" time="0,000" classname="cviceni.StringBuilderAndBufferTest"/>
  <testcase name="testBufferAppendDelete" time="0,000" classname="cviceni.StringBuilderAndBufferTest"/>
  <testcase name="testBufferAppendDelete" time="0,001" classname="cviceni.StringBuilderAndBufferTest"/>
  <testcase name="testBuilderAppendDelete" time="0,000" classname="cviceni.StringBuilderAndBufferTest"/>
  <testcase name="testBuilderAppendDelete" time="0,000" classname="cviceni.StringBuilderAndBufferTest"/>
  <testcase name="testBuilderAppend" time="0,001" classname="cviceni.StringBuilderAndBufferTest"/>
  <testcase name="testBufferAppend" time="0,000" classname="cviceni.StringBuilderAndBufferTest"/>
  <testcase name="testBufferAppendDelete" time="0,000" classname="cviceni.StringBuilderAndBufferTest"/>
  <testcase name="testBuilderAppendDelete" time="0,000" classname="cviceni.StringBuilderAndBufferTest"/>
  <testcase name="testBuilderAppendDelete" time="0,000" classname="cviceni.StringBuilderAndBufferTest"/>
  <testcase name="testBuilderAppend" time="0,000" classname="cviceni.StringBuilderAndBufferTest"/>
  <testcase name="testBuilderAppend" time="0,001" classname="cviceni.StringBuilderAndBufferTest"/>
  <testcase name="testBufferAppendDelete" time="0,000" classname="cviceni.StringBuilderAndBufferTest"/>
  <testcase name="testBuilderAppendDelete" time="0,000" classname="cviceni.StringBuilderAndBufferTest"/>
  <testcase name="testBuilderAppend" time="0,000" classname="cviceni.StringBuilderAndBufferTest"/>
  <testcase name="testBufferAppendDelete" time="0,000" classname="cviceni.StringBuilderAndBufferTest"/>
  <testcase name="testBuilderAppendDelete" time="0,000" classname="cviceni.StringBuilderAndBufferTest"/>
  <testcase name="testBufferAppendDelete" time="0,000" classname="cviceni.StringBuilderAndBufferTest"/>
  <testcase name="testBuilderAppendDelete" time="0,001" classname="cviceni.StringBuilderAndBufferTest"/>
  <testcase name="testBuilderAppend" time="0,001" classname="cviceni.StringBuilderAndBufferTest"/>
  <testcase name="testBufferAppendDelete" time="0,000" classname="cviceni.StringBuilderAndBufferTest"/>
  <testcase name="testBuilderAppend" time="0,000" classname="cviceni.StringBuilderAndBufferTest"/>
  <testcase name="testBufferAppend" time="0,000" classname="cviceni.StringBuilderAndBufferTest"/>
  <testcase name="testBuilderAppend" time="0,000" classname="cviceni.StringBuilderAndBufferTest"/>
  <testcase name="testBuilderAppendDelete" time="0,000" classname="cviceni.StringBuilderAndBufferTest"/>
  <testcase name="testBufferAppend" time="0,000" classname="cviceni.StringBuilderAndBufferTest"/>
  <testcase name="testBufferAppendDelete" time="0,000" classname="cviceni.StringBuilderAndBufferTest"/>
  <testcase name="testBufferAppend" time="0,000" classname="cviceni.StringBuilderAndBufferTest"/>
  <testcase name="testBufferAppend" time="0,007" classname="cviceni.StringBuilderAndBufferTest"/>
  <testcase name="testBufferAppend" time="0,000" classname="cviceni.StringBuilderAndBufferTest"/>
  <testcase name="testBufferAppend" time="0,000" classname="cviceni.StringBuilderAndBufferTest"/>
  <testcase name="testBufferAppend" time="0,000" classname="cviceni.StringBuilderAndBufferTest"/>
  <testcase name="testBufferAppend" time="0,001" classname="cviceni.StringBuilderAndBufferTest"/>
  <testcase name="testBufferAppend" time="0,001" classname="cviceni.StringBuilderAndBufferTest"/>
  <testcase name="testBuilderAppendDelete" time="0,001" classname="cviceni.StringBuilderAndBufferTest"/>
  <testcase name="testBufferAppend" time="0,000" classname="cviceni.StringBuilderAndBufferTest"/>
  <testcase name="testBuilderAppendDelete" time="0,000" classname="cviceni.StringBuilderAndBufferTest"/>
  <testcase name="testBuilderAppendDelete" time="0,000" classname="cviceni.StringBuilderAndBufferTest"/>
  <testcase name="testBuilderAppendDelete" time="0,000" classname="cviceni.StringBuilderAndBufferTest"/>
  <testcase name="testBufferAppend" time="0,000" classname="cviceni.StringBuilderAndBufferTest"/>
  <testcase name="testBufferAppend" time="0,000" classname="cviceni.StringBuilderAndBufferTest"/>
  <testcase name="testBuilderAppend" time="0,000" classname="cviceni.StringBuilderAndBufferTest"/>
  <testcase name="testBufferAppendDelete" time="0,000" classname="cviceni.StringBuilderAndBufferTest"/>
  <testcase name="testBuilderAppendDelete" time="0,000" classname="cviceni.StringBuilderAndBufferTest"/>
  <testcase name="testBufferAppendDelete" time="0,000" classname="cviceni.StringBuilderAndBufferTest"/>
  <testcase name="testBufferAppendDelete" time="0,000" classname="cviceni.StringBuilderAndBufferTest"/>
  <testcase name="testBufferAppendDelete" time="0,000" classname="cviceni.StringBuilderAndBufferTest"/>
  <testcase name="testBuilderAppendDelete" time="0,000" classname="cviceni.StringBuilderAndBufferTest"/>
  <testcase name="testBufferAppendDelete" time="0,000" classname="cviceni.StringBuilderAndBufferTest"/>
  <testcase name="testBufferAppend" time="0,001" classname="cviceni.StringBuilderAndBufferTest"/>
  <testcase name="testBufferAppendDelete" time="0,000" classname="cviceni.StringBuilderAndBufferTest"/>
  <testcase name="testBufferAppendDelete" time="0,000" classname="cviceni.StringBuilderAndBufferTest"/>
  <testcase name="testBufferAppendDelete" time="0,000" classname="cviceni.StringBuilderAndBufferTest"/>
  <testcase name="testBufferAppend" time="0,000" classname="cviceni.StringBuilderAndBufferTest"/>
  <testcase name="testBuilderAppendDelete" time="0,000" classname="cviceni.StringBuilderAndBufferTest"/>
  <testcase name="testBufferAppendDelete" time="0,000" classname="cviceni.StringBuilderAndBufferTest"/>
  <testcase name="testBuilderAppend" time="0,000" classname="cviceni.StringBuilderAndBufferTest"/>
  <testcase name="testBufferAppend" time="0,000" classname="cviceni.StringBuilderAndBufferTest"/>
  <testcase name="testBuilderAppend" time="0,000" classname="cviceni.StringBuilderAndBufferTest"/>
  <testcase name="testBufferAppend" time="0,001" classname="cviceni.StringBuilderAndBufferTest"/>
  <testcase name="testBuilderAppendDelete" time="0,000" classname="cviceni.StringBuilderAndBufferTest"/>
  <testcase name="testBufferAppend" time="0,001" classname="cviceni.StringBuilderAndBufferTest"/>
  <testcase name="testBuilderAppendDelete" time="0,000" classname="cviceni.StringBuilderAndBufferTest"/>
  <testcase name="testBufferAppend" time="0,000" classname="cviceni.StringBuilderAndBufferTest"/>
  <testcase name="testBuilderAppendDelete" time="0,000" classname="cviceni.StringBuilderAndBufferTest"/>
  <testcase name="testBufferAppendDelete" time="0,001" classname="cviceni.StringBuilderAndBufferTest"/>
  <testcase name="testBufferAppend" time="0,000" classname="cviceni.StringBuilderAndBufferTest"/>
  <testcase name="testBuilderAppend" time="0,000" classname="cviceni.StringBuilderAndBufferTest"/>
  <testcase name="testBufferAppendDelete" time="0,001" classname="cviceni.StringBuilderAndBufferTest"/>
  <testcase name="testBuilderAppend" time="0,000" classname="cviceni.StringBuilderAndBufferTest"/>
  <testcase name="testBuilderAppendDelete" time="0,000" classname="cviceni.StringBuilderAndBufferTest"/>
  <testcase name="testBuilderAppend" time="0,000" classname="cviceni.StringBuilderAndBufferTest"/>
  <testcase name="testBuilderAppend" time="0,000" classname="cviceni.StringBuilderAndBufferTest"/>
  <testcase name="testBufferAppendDelete" time="0,000" classname="cviceni.StringBuilderAndBufferTest"/>
  <testcase name="testBufferAppend" time="0,001" classname="cviceni.StringBuilderAndBufferTest"/>
  <testcase name="testBuilderAppendDelete" time="0,013" classname="cviceni.StringBuilderAndBufferTest"/>
  <testcase name="testBufferAppendDelete" time="0,000" classname="cviceni.StringBuilderAndBufferTest"/>
  <testcase name="testBufferAppendDelete" time="0,000" classname="cviceni.StringBuilderAndBufferTest"/>
  <testcase name="testBuilderAppend" time="0,000" classname="cviceni.StringBuilderAndBufferTest"/>
  <testcase name="testBufferAppendDelete" time="0,000" classname="cviceni.StringBuilderAndBufferTest"/>
  <testcase name="testBufferAppendDelete" time="0,000" classname="cviceni.StringBuilderAndBufferTest"/>
  <testcase name="testBufferAppendDelete" time="0,001" classname="cviceni.StringBuilderAndBufferTest"/>
  <testcase name="testBuilderAppend" time="0,001" classname="cviceni.StringBuilderAndBufferTest"/>
  <testcase name="testBufferAppend" time="0,001" classname="cviceni.StringBuilderAndBufferTest"/>
  <testcase name="testBuilderAppendDelete" time="0,000" classname="cviceni.StringBuilderAndBufferTest"/>
  <testcase name="testBuilderAppend" time="0,000" classname="cviceni.StringBuilderAndBufferTest"/>
  <testcase name="testBuilderAppendDelete" time="0,000" classname="cviceni.StringBuilderAndBufferTest"/>
  <testcase name="testBufferAppend" time="0,000" classname="cviceni.StringBuilderAndBufferTest"/>
  <testcase name="testBuilderAppend" time="0,000" classname="cviceni.StringBuilderAndBufferTest"/>
  <testcase name="testBufferAppendDelete" time="0,000" classname="cviceni.StringBuilderAndBufferTest"/>
  <testcase name="testBuilderAppend" time="0,000" classname="cviceni.StringBuilderAndBufferTest"/>
  <testcase name="testBuilderAppend" time="0,000" classname="cviceni.StringBuilderAndBufferTest"/>
  <testcase name="testBuilderAppendDelete" time="0,000" classname="cviceni.StringBuilderAndBufferTest"/>
  <testcase name="testBuilderAppend" time="0,001" classname="cviceni.StringBuilderAndBufferTest"/>
  <testcase name="testBuilderAppendDelete" time="0,000" classname="cviceni.StringBuilderAndBufferTest"/>
  <testcase name="testBuilderAppendDelete" time="0,000" classname="cviceni.StringBuilderAndBufferTest"/>
  <testcase name="testBuilderAppendDelete" time="0,001" classname="cviceni.StringBuilderAndBufferTest"/>
  <testcase name="testBuilderAppendDelete" time="0,000" classname="cviceni.StringBuilderAndBufferTest"/>
  <testcase name="testBuilderAppend" time="0,000" classname="cviceni.StringBuilderAndBufferTest"/>
  <testcase name="testBuilderAppend" time="0,000" classname="cviceni.StringBuilderAndBufferTest"/>
  <testcase name="testBuilderAppendDelete" time="0,000" classname="cviceni.StringBuilderAndBufferTest"/>
  <testcase name="testBuilderAppendDelete" time="0,000" classname="cviceni.StringBuilderAndBufferTest"/>
  <testcase name="testBufferAppend" time="0,000" classname="cviceni.StringBuilderAndBufferTest"/>
  <testcase name="testBuilderAppend" time="0,000" classname="cviceni.StringBuilderAndBufferTest"/>
  <testcase name="testBuilderAppendDelete" time="0,001" classname="cviceni.StringBuilderAndBufferTest"/>
  <testcase name="testBufferAppend" time="0,000" classname="cviceni.StringBuilderAndBufferTest"/>
  <testcase name="testBufferAppend" time="0,000" classname="cviceni.StringBuilderAndBufferTest"/>
  <testcase name="testBuilderAppend" time="0,001" classname="cviceni.StringBuilderAndBufferTest"/>
  <testcase name="testBuilderAppendDelete" time="0,000" classname="cviceni.StringBuilderAndBufferTest"/>
  <testcase name="testBufferAppend" time="0,000" classname="cviceni.StringBuilderAndBufferTest"/>
  <testcase name="testBuilderAppend" time="0,000" classname="cviceni.StringBuilderAndBufferTest"/>
  <testcase name="testBufferAppendDelete" time="0,001" classname="cviceni.StringBuilderAndBufferTest"/>
  <testcase name="testBufferAppend" time="0,000" classname="cviceni.StringBuilderAndBufferTest"/>
  <testcase name="testBuilderAppendDelete" time="0,020" classname="cviceni.StringBuilderAndBufferTest"/>
  <testcase name="testBufferAppend" time="0,001" classname="cviceni.StringBuilderAndBufferTest"/>
  <testcase name="testBufferAppend" time="0,000" classname="cviceni.StringBuilderAndBufferTest"/>
  <testcase name="testBufferAppend" time="0,000" classname="cviceni.StringBuilderAndBufferTest"/>
  <testcase name="testBuilderAppendDelete" time="0,000" classname="cviceni.StringBuilderAndBufferTest"/>
  <testcase name="testBuilderAppend" time="0,000" classname="cviceni.StringBuilderAndBufferTest"/>
  <testcase name="testBuilderAppend" time="0,000" classname="cviceni.StringBuilderAndBufferTest"/>
  <testcase name="testBuilderAppendDelete" time="0,001" classname="cviceni.StringBuilderAndBufferTest"/>
  <testcase name="testBufferAppendDelete" time="0,000" classname="cviceni.StringBuilderAndBufferTest"/>
  <testcase name="testBufferAppend" time="0,001" classname="cviceni.StringBuilderAndBufferTest"/>
  <testcase name="testBuilderAppendDelete" time="0,000" classname="cviceni.StringBuilderAndBufferTest"/>
  <testcase name="testBuilderAppendDelete" time="0,001" classname="cviceni.StringBuilderAndBufferTest"/>
  <testcase name="testBuilderAppend" time="0,000" classname="cviceni.StringBuilderAndBufferTest"/>
  <testcase name="testBuilderAppend" time="0,000" classname="cviceni.StringBuilderAndBufferTest"/>
  <testcase name="testBufferAppend" time="0,001" classname="cviceni.StringBuilderAndBufferTest"/>
  <testcase name="testBufferAppend" time="0,001" classname="cviceni.StringBuilderAndBufferTest"/>
  <testcase name="testBufferAppend" time="0,001" classname="cviceni.StringBuilderAndBufferTest"/>
  <testcase name="testBufferAppendDelete" time="0,000" classname="cviceni.StringBuilderAndBufferTest"/>
  <testcase name="testBufferAppend" time="0,000" classname="cviceni.StringBuilderAndBufferTest"/>
  <testcase name="testBufferAppendDelete" time="0,001" classname="cviceni.StringBuilderAndBufferTest"/>
  <testcase name="testBuilderAppend" time="0,000" classname="cviceni.StringBuilderAndBufferTest"/>
  <testcase name="testBuilderAppendDelete" time="0,000" classname="cviceni.StringBuilderAndBufferTest"/>
  <testcase name="testBuilderAppend" time="0,000" classname="cviceni.StringBuilderAndBufferTest"/>
  <testcase name="testBufferAppendDelete" time="0,000" classname="cviceni.StringBuilderAndBufferTest"/>
  <testcase name="testBufferAppendDelete" time="0,000" classname="cviceni.StringBuilderAndBufferTest"/>
  <testcase name="testBuilderAppend" time="0,000" classname="cviceni.StringBuilderAndBufferTest"/>
  <testcase name="testBuilderAppend" time="0,000" classname="cviceni.StringBuilderAndBufferTest"/>
  <testcase name="testBufferAppendDelete" time="0,000" classname="cviceni.StringBuilderAndBufferTest"/>
  <testcase name="testBuilderAppend" time="0,000" classname="cviceni.StringBuilderAndBufferTest"/>
  <testcase name="testBuilderAppend" time="0,000" classname="cviceni.StringBuilderAndBufferTest"/>
  <testcase name="testBufferAppend" time="0,000" classname="cviceni.StringBuilderAndBufferTest"/>
  <testcase name="testBufferAppendDelete" time="0,000" classname="cviceni.StringBuilderAndBufferTest"/>
  <testcase name="testBuilderAppendDelete" time="0,000" classname="cviceni.StringBuilderAndBufferTest"/>
  <testcase name="testBuilderAppend" time="0,001" classname="cviceni.StringBuilderAndBufferTest"/>
  <testcase name="testBuilderAppendDelete" time="0,000" classname="cviceni.StringBuilderAndBufferTest"/>
  <testcase name="testBufferAppend" time="0,000" classname="cviceni.StringBuilderAndBufferTest"/>
  <testcase name="testBufferAppendDelete" time="0,000" classname="cviceni.StringBuilderAndBufferTest"/>
  <testcase name="testBuilderAppend" time="0,000" classname="cviceni.StringBuilderAndBufferTest"/>
  <testcase name="testBufferAppendDelete" time="0,001" classname="cviceni.StringBuilderAndBufferTest"/>
  <testcase name="testBuilderAppend" time="0,000" classname="cviceni.StringBuilderAndBufferTest"/>
  <testcase name="testBuilderAppend" time="0,000" classname="cviceni.StringBuilderAndBufferTest"/>
  <testcase name="testBufferAppendDelete" time="0,000" classname="cviceni.StringBuilderAndBufferTest"/>
  <testcase name="testBuilderAppend" time="0,000" classname="cviceni.StringBuilderAndBufferTest"/>
  <testcase name="testBufferAppendDelete" time="0,000" classname="cviceni.StringBuilderAndBufferTest"/>
  <testcase name="testBufferAppend" time="0,000" classname="cviceni.StringBuilderAndBufferTest"/>
  <testcase name="testBuilderAppend" time="0,000" classname="cviceni.StringBuilderAndBufferTest"/>
  <testcase name="testBuilderAppendDelete" time="0,017" classname="cviceni.StringBuilderAndBufferTest"/>
  <testcase name="testBufferAppendDelete" time="0,001" classname="cviceni.StringBuilderAndBufferTest"/>
  <testcase name="testBufferAppendDelete" time="0,000" classname="cviceni.StringBuilderAndBufferTest"/>
  <testcase name="testBufferAppendDelete" time="0,001" classname="cviceni.StringBuilderAndBufferTest"/>
  <testcase name="testBufferAppend" time="0,000" classname="cviceni.StringBuilderAndBufferTest"/>
  <testcase name="testBufferAppendDelete" time="0,000" classname="cviceni.StringBuilderAndBufferTest"/>
  <testcase name="testBufferAppend" time="0,001" classname="cviceni.StringBuilderAndBufferTest"/>
  <testcase name="testBuilderAppend" time="0,000" classname="cviceni.StringBuilderAndBufferTest"/>
  <testcase name="testBuilderAppend" time="0,001" classname="cviceni.StringBuilderAndBufferTest"/>
  <testcase name="testBuilderAppend" time="0,000" classname="cviceni.StringBuilderAndBufferTest"/>
  <testcase name="testBuilderAppend" time="0,001" classname="cviceni.StringBuilderAndBufferTest"/>
  <testcase name="testBuilderAppendDelete" time="0,000" classname="cviceni.StringBuilderAndBufferTest"/>
  <testcase name="testBufferAppendDelete" time="0,000" classname="cviceni.StringBuilderAndBufferTest"/>
  <testcase name="testBuilderAppendDelete" time="0,000" classname="cviceni.StringBuilderAndBufferTest"/>
  <testcase name="testBufferAppend" time="0,000" classname="cviceni.StringBuilderAndBufferTest"/>
  <testcase name="testBufferAppend" time="0,000" classname="cviceni.StringBuilderAndBufferTest"/>
  <testcase name="testBuilderAppend" time="0,000" classname="cviceni.StringBuilderAndBufferTest"/>
  <testcase name="testBuilderAppendDelete" time="0,000" classname="cviceni.StringBuilderAndBufferTest"/>
  <testcase name="testBufferAppendDelete" time="0,000" classname="cviceni.StringBuilderAndBufferTest"/>
  <testcase name="testBuilderAppend" time="0,000" classname="cviceni.StringBuilderAndBufferTest"/>
  <testcase name="testBuilderAppendDelete" time="0,001" classname="cviceni.StringBuilderAndBufferTest"/>
  <testcase name="testBufferAppend" time="0,001" classname="cviceni.StringBuilderAndBufferTest"/>
  <testcase name="testBuilderAppendDelete" time="0,000" classname="cviceni.StringBuilderAndBufferTest"/>
  <testcase name="testBuilderAppend" time="0,000" classname="cviceni.StringBuilderAndBufferTest"/>
  <testcase name="testBuilderAppendDelete" time="0,001" classname="cviceni.StringBuilderAndBufferTest"/>
  <testcase name="testBuilderAppendDelete" time="0,000" classname="cviceni.StringBuilderAndBufferTest"/>
  <testcase name="testBufferAppendDelete" time="0,000" classname="cviceni.StringBuilderAndBufferTest"/>
  <testcase name="testBuilderAppend" time="0,000" classname="cviceni.StringBuilderAndBufferTest"/>
  <testcase name="testBufferAppendDelete" time="0,000" classname="cviceni.StringBuilderAndBufferTest"/>
  <testcase name="testBufferAppendDelete" time="0,001" classname="cviceni.StringBuilderAndBufferTest"/>
  <testcase name="testBuilderAppend" time="0,000" classname="cviceni.StringBuilderAndBufferTest"/>
  <testcase name="testBufferAppend" time="0,000" classname="cviceni.StringBuilderAndBufferTest"/>
  <testcase name="testBuilderAppendDelete" time="0,000" classname="cviceni.StringBuilderAndBufferTest"/>
  <testcase name="testBufferAppend" time="0,000" classname="cviceni.StringBuilderAndBufferTest"/>
  <testcase name="testBufferAppend" time="0,001" classname="cviceni.StringBuilderAndBufferTest"/>
  <testcase name="testBuilderAppendDelete" time="0,000" classname="cviceni.StringBuilderAndBufferTest"/>
  <testcase name="testBufferAppendDelete" time="0,000" classname="cviceni.StringBuilderAndBufferTest"/>
  <testcase name="testBuilderAppendDelete" time="0,000" classname="cviceni.StringBuilderAndBufferTest"/>
  <testcase name="testBufferAppendDelete" time="0,001" classname="cviceni.StringBuilderAndBufferTest"/>
  <testcase name="testBufferAppendDelete" time="0,000" classname="cviceni.StringBuilderAndBufferTest"/>
  <testcase name="testBuilderAppendDelete" time="0,071" classname="cviceni.StringBuilderAndBufferTest"/>
  <testcase name="testBuilderAppendDelete" time="0,000" classname="cviceni.StringBuilderAndBufferTest"/>
  <testcase name="testBufferAppend" time="0,000" classname="cviceni.StringBuilderAndBufferTest"/>
  <testcase name="testBuilderAppendDelete" time="0,000" classname="cviceni.StringBuilderAndBufferTest"/>
  <testcase name="testBuilderAppendDelete" time="0,001" classname="cviceni.StringBuilderAndBufferTest"/>
  <testcase name="testBufferAppend" time="0,001" classname="cviceni.StringBuilderAndBufferTest"/>
  <testcase name="testBufferAppend" time="0,000" classname="cviceni.StringBuilderAndBufferTest"/>
  <testcase name="testBuilderAppendDelete" time="0,000" classname="cviceni.StringBuilderAndBufferTest"/>
  <testcase name="testBuilderAppendDelete" time="0,001" classname="cviceni.StringBuilderAndBufferTest"/>
  <testcase name="testBuilderAppend" time="0,000" classname="cviceni.StringBuilderAndBufferTest"/>
  <testcase name="testBufferAppendDelete" time="0,001" classname="cviceni.StringBuilderAndBufferTest"/>
  <testcase name="testBuilderAppendDelete" time="0,000" classname="cviceni.StringBuilderAndBufferTest"/>
  <testcase name="testBufferAppendDelete" time="0,000" classname="cviceni.StringBuilderAndBufferTest"/>
  <testcase name="testBuilderAppendDelete" time="0,001" classname="cviceni.StringBuilderAndBufferTest"/>
  <testcase name="testBuilderAppend" time="0,000" classname="cviceni.StringBuilderAndBufferTest"/>
  <testcase name="testBuilderAppendDelete" time="0,000" classname="cviceni.StringBuilderAndBufferTest"/>
  <testcase name="testBuilderAppend" time="0,000" classname="cviceni.StringBuilderAndBufferTest"/>
  <testcase name="testBuilderAppend" time="0,000" classname="cviceni.StringBuilderAndBufferTest"/>
  <testcase name="testBufferAppend" time="0,001" classname="cviceni.StringBuilderAndBufferTest"/>
  <testcase name="testBufferAppend" time="0,000" classname="cviceni.StringBuilderAndBufferTest"/>
  <testcase name="testBufferAppend" time="0,001" classname="cviceni.StringBuilderAndBufferTest"/>
  <testcase name="testBufferAppendDelete" time="0,000" classname="cviceni.StringBuilderAndBufferTest"/>
  <testcase name="testBufferAppend" time="0,000" classname="cviceni.StringBuilderAndBufferTest"/>
  <testcase name="testBuilderAppendDelete" time="0,000" classname="cviceni.StringBuilderAndBufferTest"/>
  <testcase name="testBuilderAppend" time="0,032" classname="cviceni.StringBuilderAndBufferTest"/>
  <testcase name="testBufferAppendDelete" time="0,001" classname="cviceni.StringBuilderAndBufferTest"/>
  <testcase name="testBufferAppendDelete" time="0,000" classname="cviceni.StringBuilderAndBufferTest"/>
  <testcase name="testBufferAppendDelete" time="0,001" classname="cviceni.StringBuilderAndBufferTest"/>
  <testcase name="testBuilderAppend" time="0,000" classname="cviceni.StringBuilderAndBufferTest"/>
  <testcase name="testBufferAppend" time="0,000" classname="cviceni.StringBuilderAndBufferTest"/>
  <testcase name="testBuilderAppend" time="0,001" classname="cviceni.StringBuilderAndBufferTest"/>
  <testcase name="testBuilderAppend" time="0,000" classname="cviceni.StringBuilderAndBufferTest"/>
  <testcase name="testBuilderAppendDelete" time="0,001" classname="cviceni.StringBuilderAndBufferTest"/>
  <testcase name="testBuilderAppend" time="0,001" classname="cviceni.StringBuilderAndBufferTest"/>
  <testcase name="testBuilderAppendDelete" time="0,000" classname="cviceni.StringBuilderAndBufferTest"/>
  <testcase name="testBufferAppendDelete" time="0,000" classname="cviceni.StringBuilderAndBufferTest"/>
  <testcase name="testBufferAppendDelete" time="0,001" classname="cviceni.StringBuilderAndBufferTest"/>
  <testcase name="testBuilderAppend" time="0,000" classname="cviceni.StringBuilderAndBufferTest"/>
  <testcase name="testBuilderAppend" time="0,000" classname="cviceni.StringBuilderAndBufferTest"/>
  <testcase name="testBufferAppendDelete" time="0,001" classname="cviceni.StringBuilderAndBufferTest"/>
  <testcase name="testBuilderAppend" time="0,000" classname="cviceni.StringBuilderAndBufferTest"/>
  <testcase name="testBufferAppend" time="0,000" classname="cviceni.StringBuilderAndBufferTest"/>
  <testcase name="testBufferAppendDelete" time="0,001" classname="cviceni.StringBuilderAndBufferTest"/>
  <testcase name="testBuilderAppendDelete" time="0,005" classname="cviceni.StringBuilderAndBufferTest"/>
  <testcase name="testBuilderAppend" time="0,000" classname="cviceni.StringBuilderAndBufferTest"/>
  <testcase name="testBuilderAppend" time="0,000" classname="cviceni.StringBuilderAndBufferTest"/>
  <testcase name="testBuilderAppend" time="0,000" classname="cviceni.StringBuilderAndBufferTest"/>
  <testcase name="testBufferAppend" time="0,000" classname="cviceni.StringBuilderAndBufferTest"/>
  <testcase name="testBufferAppend" time="0,001" classname="cviceni.StringBuilderAndBufferTest"/>
  <testcase name="testBufferAppend" time="0,000" classname="cviceni.StringBuilderAndBufferTest"/>
  <testcase name="testBufferAppendDelete" time="0,001" classname="cviceni.StringBuilderAndBufferTest"/>
  <testcase name="testBufferAppendDelete" time="0,000" classname="cviceni.StringBuilderAndBufferTest"/>
  <testcase name="testBufferAppend" time="0,000" classname="cviceni.StringBuilderAndBufferTest"/>
  <testcase name="testBufferAppend" time="0,000" classname="cviceni.StringBuilderAndBufferTest"/>
  <testcase name="testBufferAppendDelete" time="0,002" classname="cviceni.StringBuilderAndBufferTest"/>
  <testcase name="testBuilderAppend" time="0,000" classname="cviceni.StringBuilderAndBufferTest"/>
  <testcase name="testBuilderAppendDelete" time="0,001" classname="cviceni.StringBuilderAndBufferTest"/>
  <testcase name="testBuilderAppend" time="0,000" classname="cviceni.StringBuilderAndBufferTest"/>
  <testcase name="testBuilderAppendDelete" time="0,000" classname="cviceni.StringBuilderAndBufferTest"/>
  <testcase name="testBuilderAppendDelete" time="0,000" classname="cviceni.StringBuilderAndBufferTest"/>
  <testcase name="testBuilderAppendDelete" time="0,000" classname="cviceni.StringBuilderAndBufferTest"/>
  <testcase name="testBufferAppendDelete" time="0,000" classname="cviceni.StringBuilderAndBufferTest"/>
  <testcase name="testBuilderAppend" time="0,000" classname="cviceni.StringBuilderAndBufferTest"/>
  <testcase name="testBufferAppendDelete" time="0,000" classname="cviceni.StringBuilderAndBufferTest"/>
  <testcase name="testBufferAppendDelete" time="0,000" classname="cviceni.StringBuilderAndBufferTest"/>
  <testcase name="testBuilderAppendDelete" time="0,001" classname="cviceni.StringBuilderAndBufferTest"/>
  <testcase name="testBuilderAppendDelete" time="0,001" classname="cviceni.StringBuilderAndBufferTest"/>
  <testcase name="testBufferAppendDelete" time="0,000" classname="cviceni.StringBuilderAndBufferTest"/>
  <testcase name="testBufferAppendDelete" time="0,000" classname="cviceni.StringBuilderAndBufferTest"/>
  <testcase name="testBuilderAppendDelete" time="0,001" classname="cviceni.StringBuilderAndBufferTest"/>
  <testcase name="testBufferAppendDelete" time="0,000" classname="cviceni.StringBuilderAndBufferTest"/>
  <testcase name="testBufferAppend" time="0,000" classname="cviceni.StringBuilderAndBufferTest"/>
  <testcase name="testBuilderAppendDelete" time="0,000" classname="cviceni.StringBuilderAndBufferTest"/>
  <testcase name="testBufferAppendDelete" time="0,001" classname="cviceni.StringBuilderAndBufferTest"/>
  <testcase name="testBuilderAppendDelete" time="0,000" classname="cviceni.StringBuilderAndBufferTest"/>
  <testcase name="testBuilderAppend" time="0,000" classname="cviceni.StringBuilderAndBufferTest"/>
  <testcase name="testBuilderAppendDelete" time="0,000" classname="cviceni.StringBuilderAndBufferTest"/>
  <testcase name="testBufferAppend" time="0,000" classname="cviceni.StringBuilderAndBufferTest"/>
  <testcase name="testBufferAppendDelete" time="0,000" classname="cviceni.StringBuilderAndBufferTest"/>
  <testcase name="testBuilderAppend" time="0,001" classname="cviceni.StringBuilderAndBufferTest"/>
  <testcase name="testBufferAppend" time="0,000" classname="cviceni.StringBuilderAndBufferTest"/>
  <testcase name="testBufferAppend" time="0,000" classname="cviceni.StringBuilderAndBufferTest"/>
  <testcase name="testBufferAppend" time="0,001" classname="cviceni.StringBuilderAndBufferTest"/>
  <testcase name="testBuilderAppendDelete" time="0,000" classname="cviceni.StringBuilderAndBufferTest"/>
  <testcase name="testBufferAppendDelete" time="0,001" classname="cviceni.StringBuilderAndBufferTest"/>
  <testcase name="testBuilderAppend" time="0,001" classname="cviceni.StringBuilderAndBufferTest"/>
  <testcase name="testBufferAppend" time="0,000" classname="cviceni.StringBuilderAndBufferTest"/>
  <testcase name="testBufferAppend" time="0,000" classname="cviceni.StringBuilderAndBufferTest"/>
  <testcase name="testBufferAppendDelete" time="0,000" classname="cviceni.StringBuilderAndBufferTest"/>
  <testcase name="testBufferAppend" time="0,001" classname="cviceni.StringBuilderAndBufferTest"/>
  <testcase name="testBufferAppend" time="0,001" classname="cviceni.StringBuilderAndBufferTest"/>
  <testcase name="testBuilderAppend" time="0,026" classname="cviceni.StringBuilderAndBufferTest"/>
  <testcase name="testBufferAppend" time="0,021" classname="cviceni.StringBuilderAndBufferTest"/>
  <testcase name="testBufferAppend" time="0,000" classname="cviceni.StringBuilderAndBufferTest"/>
  <testcase name="testBufferAppendDelete" time="0,000" classname="cviceni.StringBuilderAndBufferTest"/>
  <testcase name="testBuilderAppendDelete" time="0,000" classname="cviceni.StringBuilderAndBufferTest"/>
  <testcase name="testBufferAppend" time="0,000" classname="cviceni.StringBuilderAndBufferTest"/>
  <testcase name="testBuilderAppend" time="0,001" classname="cviceni.StringBuilderAndBufferTest"/>
  <testcase name="testBufferAppendDelete" time="0,000" classname="cviceni.StringBuilderAndBufferTest"/>
  <testcase name="testBufferAppend" time="0,000" classname="cviceni.StringBuilderAndBufferTest"/>
  <testcase name="testBufferAppendDelete" time="0,001" classname="cviceni.StringBuilderAndBufferTest"/>
  <testcase name="testBuilderAppendDelete" time="0,000" classname="cviceni.StringBuilderAndBufferTest"/>
  <testcase name="testBuilderAppendDelete" time="0,001" classname="cviceni.StringBuilderAndBufferTest"/>
  <testcase name="testBufferAppend" time="0,000" classname="cviceni.StringBuilderAndBufferTest"/>
  <testcase name="testBuilderAppend" time="0,000" classname="cviceni.StringBuilderAndBufferTest"/>
  <testcase name="testBuilderAppendDelete" time="0,000" classname="cviceni.StringBuilderAndBufferTest"/>
  <testcase name="testBufferAppendDelete" time="0,000" classname="cviceni.StringBuilderAndBufferTest"/>
  <testcase name="testBuilderAppend" time="0,000" classname="cviceni.StringBuilderAndBufferTest"/>
  <testcase name="testBuilderAppendDelete" time="0,001" classname="cviceni.StringBuilderAndBufferTest"/>
  <testcase name="testBufferAppendDelete" time="0,000" classname="cviceni.StringBuilderAndBufferTest"/>
  <testcase name="testBuilderAppendDelete" time="0,000" classname="cviceni.StringBuilderAndBufferTest"/>
  <testcase name="testBuilderAppendDelete" time="0,000" classname="cviceni.StringBuilderAndBufferTest"/>
  <testcase name="testBuilderAppendDelete" time="0,000" classname="cviceni.StringBuilderAndBufferTest"/>
  <testcase name="testBuilderAppendDelete" time="0,001" classname="cviceni.StringBuilderAndBufferTest"/>
  <testcase name="testBuilderAppendDelete" time="0,000" classname="cviceni.StringBuilderAndBufferTest"/>
  <testcase name="testBuilderAppendDelete" time="0,000" classname="cviceni.StringBuilderAndBufferTest"/>
  <testcase name="testBuilderAppendDelete" time="0,000" classname="cviceni.StringBuilderAndBufferTest"/>
  <testcase name="testBufferAppend" time="0,000" classname="cviceni.StringBuilderAndBufferTest"/>
  <testcase name="testBufferAppendDelete" time="0,000" classname="cviceni.StringBuilderAndBufferTest"/>
  <testcase name="testBufferAppend" time="0,001" classname="cviceni.StringBuilderAndBufferTest"/>
  <testcase name="testBufferAppendDelete" time="0,000" classname="cviceni.StringBuilderAndBufferTest"/>
  <testcase name="testBufferAppendDelete" time="0,000" classname="cviceni.StringBuilderAndBufferTest"/>
  <testcase name="testBuilderAppend" time="0,001" classname="cviceni.StringBuilderAndBufferTest"/>
  <testcase name="testBuilderAppend" time="0,000" classname="cviceni.StringBuilderAndBufferTest"/>
  <testcase name="testBufferAppendDelete" time="0,000" classname="cviceni.StringBuilderAndBufferTest"/>
  <testcase name="testBufferAppend" time="0,001" classname="cviceni.StringBuilderAndBufferTest"/>
  <testcase name="testBuilderAppend" time="0,002" classname="cviceni.StringBuilderAndBufferTest"/>
  <testcase name="testBuilderAppend" time="0,001" classname="cviceni.StringBuilderAndBufferTest"/>
  <testcase name="testBufferAppend" time="0,000" classname="cviceni.StringBuilderAndBufferTest"/>
  <testcase name="testBuilderAppend" time="0,001" classname="cviceni.StringBuilderAndBufferTest"/>
  <testcase name="testBufferAppendDelete" time="0,000" classname="cviceni.StringBuilderAndBufferTest"/>
  <testcase name="testBufferAppendDelete" time="0,000" classname="cviceni.StringBuilderAndBufferTest"/>
  <testcase name="testBuilderAppendDelete" time="0,000" classname="cviceni.StringBuilderAndBufferTest"/>
  <testcase name="testBuilderAppendDelete" time="0,001" classname="cviceni.StringBuilderAndBufferTest"/>
  <testcase name="testBuilderAppendDelete" time="0,001" classname="cviceni.StringBuilderAndBufferTest"/>
  <testcase name="testBufferAppendDelete" time="0,000" classname="cviceni.StringBuilderAndBufferTest"/>
  <testcase name="testBufferAppend" time="0,000" classname="cviceni.StringBuilderAndBufferTest"/>
  <testcase name="testBufferAppendDelete" time="0,000" classname="cviceni.StringBuilderAndBufferTest"/>
  <testcase name="testBufferAppend" time="0,000" classname="cviceni.StringBuilderAndBufferTest"/>
  <testcase name="testBuilderAppendDelete" time="0,000" classname="cviceni.StringBuilderAndBufferTest"/>
  <testcase name="testBuilderAppendDelete" time="0,000" classname="cviceni.StringBuilderAndBufferTest"/>
  <testcase name="testBufferAppendDelete" time="0,001" classname="cviceni.StringBuilderAndBufferTest"/>
  <testcase name="testBuilderAppendDelete" time="0,001" classname="cviceni.StringBuilderAndBufferTest"/>
  <testcase name="testBufferAppend" time="0,000" classname="cviceni.StringBuilderAndBufferTest"/>
  <testcase name="testBuilderAppendDelete" time="0,028" classname="cviceni.StringBuilderAndBufferTest"/>
  <testcase name="testBufferAppendDelete" time="0,000" classname="cviceni.StringBuilderAndBufferTest"/>
  <testcase name="testBuilderAppend" time="0,000" classname="cviceni.StringBuilderAndBufferTest"/>
  <testcase name="testBufferAppendDelete" time="0,000" classname="cviceni.StringBuilderAndBufferTest"/>
  <testcase name="testBuilderAppend" time="0,169" classname="cviceni.StringBuilderAndBufferTest"/>
  <testcase name="testBufferAppend" time="0,000" classname="cviceni.StringBuilderAndBufferTest"/>
  <testcase name="testBuilderAppendDelete" time="0,000" classname="cviceni.StringBuilderAndBufferTest"/>
  <testcase name="testBuilderAppend" time="0,000" classname="cviceni.StringBuilderAndBufferTest"/>
  <testcase name="testBuilderAppendDelete" time="0,001" classname="cviceni.StringBuilderAndBufferTest"/>
  <testcase name="testBuilderAppend" time="0,022" classname="cviceni.StringBuilderAndBufferTest"/>
  <testcase name="testBuilderAppendDelete" time="0,000" classname="cviceni.StringBuilderAndBufferTest"/>
  <testcase name="testBufferAppend" time="0,001" classname="cviceni.StringBuilderAndBufferTest"/>
  <testcase name="testBufferAppend" time="0,000" classname="cviceni.StringBuilderAndBufferTest"/>
  <testcase name="testBufferAppendDelete" time="0,000" classname="cviceni.StringBuilderAndBufferTest"/>
  <testcase name="testBufferAppend" time="0,000" classname="cviceni.StringBuilderAndBufferTest"/>
  <testcase name="testBufferAppend" time="0,000" classname="cviceni.StringBuilderAndBufferTest"/>
  <testcase name="testBuilderAppend" time="0,001" classname="cviceni.StringBuilderAndBufferTest"/>
  <testcase name="testBuilderAppend" time="0,000" classname="cviceni.StringBuilderAndBufferTest"/>
  <testcase name="testBufferAppend" time="0,001" classname="cviceni.StringBuilderAndBufferTest"/>
  <testcase name="testBufferAppendDelete" time="0,000" classname="cviceni.StringBuilderAndBufferTest"/>
  <testcase name="testBufferAppendDelete" time="0,000" classname="cviceni.StringBuilderAndBufferTest"/>
  <testcase name="testBufferAppend" time="0,000" classname="cviceni.StringBuilderAndBufferTest"/>
  <testcase name="testBufferAppendDelete" time="0,000" classname="cviceni.StringBuilderAndBufferTest"/>
  <testcase name="testBuilderAppend" time="0,000" classname="cviceni.StringBuilderAndBufferTest"/>
  <testcase name="testBufferAppendDelete" time="0,000" classname="cviceni.StringBuilderAndBufferTest"/>
  <testcase name="testBufferAppend" time="0,000" classname="cviceni.StringBuilderAndBufferTest"/>
  <testcase name="testBufferAppend" time="0,001" classname="cviceni.StringBuilderAndBufferTest"/>
  <testcase name="testBufferAppendDelete" time="0,000" classname="cviceni.StringBuilderAndBufferTest"/>
  <testcase name="testBufferAppend" time="0,001" classname="cviceni.StringBuilderAndBufferTest"/>
  <testcase name="testBuilderAppendDelete" time="0,001" classname="cviceni.StringBuilderAndBufferTest"/>
  <testcase name="testBufferAppendDelete" time="0,001" classname="cviceni.StringBuilderAndBufferTest"/>
  <testcase name="testBufferAppendDelete" time="0,001" classname="cviceni.StringBuilderAndBufferTest"/>
  <testcase name="testBuilderAppend" time="0,000" classname="cviceni.StringBuilderAndBufferTest"/>
  <testcase name="testBufferAppendDelete" time="0,000" classname="cviceni.StringBuilderAndBufferTest"/>
  <testcase name="testBuilderAppend" time="0,001" classname="cviceni.StringBuilderAndBufferTest"/>
  <testcase name="testBufferAppend" time="0,001" classname="cviceni.StringBuilderAndBufferTest"/>
  <testcase name="testBufferAppendDelete" time="0,000" classname="cviceni.StringBuilderAndBufferTest"/>
  <testcase name="testBufferAppendDelete" time="0,000" classname="cviceni.StringBuilderAndBufferTest"/>
  <testcase name="testBuilderAppend" time="0,000" classname="cviceni.StringBuilderAndBufferTest"/>
  <testcase name="testBufferAppend" time="0,000" classname="cviceni.StringBuilderAndBufferTest"/>
  <testcase name="testBufferAppend" time="0,000" classname="cviceni.StringBuilderAndBufferTest"/>
  <testcase name="testBufferAppend" time="0,000" classname="cviceni.StringBuilderAndBufferTest"/>
  <testcase name="testBufferAppendDelete" time="0,001" classname="cviceni.StringBuilderAndBufferTest"/>
  <testcase name="testBufferAppend" time="0,001" classname="cviceni.StringBuilderAndBufferTest"/>
  <testcase name="testBuilderAppendDelete" time="0,000" classname="cviceni.StringBuilderAndBufferTest"/>
  <testcase name="testBufferAppend" time="0,000" classname="cviceni.StringBuilderAndBufferTest"/>
  <testcase name="testBuilderAppend" time="0,000" classname="cviceni.StringBuilderAndBufferTest"/>
  <testcase name="testBuilderAppend" time="0,000" classname="cviceni.StringBuilderAndBufferTest"/>
  <testcase name="testBufferAppendDelete" time="0,000" classname="cviceni.StringBuilderAndBufferTest"/>
  <testcase name="testBuilderAppend" time="0,001" classname="cviceni.StringBuilderAndBufferTest"/>
  <testcase name="testBuilderAppendDelete" time="0,000" classname="cviceni.StringBuilderAndBufferTest"/>
  <testcase name="testBufferAppendDelete" time="0,001" classname="cviceni.StringBuilderAndBufferTest"/>
  <testcase name="testBufferAppendDelete" time="0,000" classname="cviceni.StringBuilderAndBufferTest"/>
  <testcase name="testBufferAppend" time="0,000" classname="cviceni.StringBuilderAndBufferTest"/>
  <testcase name="testBuilderAppendDelete" time="0,000" classname="cviceni.StringBuilderAndBufferTest"/>
  <testcase name="testBufferAppendDelete" time="0,000" classname="cviceni.StringBuilderAndBufferTest"/>
  <testcase name="testBufferAppendDelete" time="0,001" classname="cviceni.StringBuilderAndBufferTest"/>
  <testcase name="testBuilderAppend" time="0,000" classname="cviceni.StringBuilderAndBufferTest"/>
  <testcase name="testBufferAppendDelete" time="0,000" classname="cviceni.StringBuilderAndBufferTest"/>
  <testcase name="testBufferAppendDelete" time="0,000" classname="cviceni.StringBuilderAndBufferTest"/>
  <testcase name="testBufferAppend" time="0,000" classname="cviceni.StringBuilderAndBufferTest"/>
  <testcase name="testBuilderAppendDelete" time="0,000" classname="cviceni.StringBuilderAndBufferTest"/>
  <testcase name="testBuilderAppendDelete" time="0,000" classname="cviceni.StringBuilderAndBufferTest"/>
  <testcase name="testBuilderAppendDelete" time="0,000" classname="cviceni.StringBuilderAndBufferTest"/>
  <testcase name="testBuilderAppendDelete" time="0,000" classname="cviceni.StringBuilderAndBufferTest"/>
  <testcase name="testBufferAppend" time="0,000" classname="cviceni.StringBuilderAndBufferTest"/>
  <testcase name="testBufferAppendDelete" time="0,000" classname="cviceni.StringBuilderAndBufferTest"/>
  <testcase name="testBufferAppend" time="0,000" classname="cviceni.StringBuilderAndBufferTest"/>
  <testcase name="testBuilderAppend" time="0,000" classname="cviceni.StringBuilderAndBufferTest"/>
  <testcase name="testBufferAppendDelete" time="0,001" classname="cviceni.StringBuilderAndBufferTest"/>
  <testcase name="testBufferAppend" time="0,000" classname="cviceni.StringBuilderAndBufferTest"/>
  <testcase name="testBuilderAppendDelete" time="0,000" classname="cviceni.StringBuilderAndBufferTest"/>
  <testcase name="testBufferAppendDelete" time="0,000" classname="cviceni.StringBuilderAndBufferTest"/>
  <testcase name="testBufferAppend" time="0,000" classname="cviceni.StringBuilderAndBufferTest"/>
  <testcase name="testBufferAppend" time="0,000" classname="cviceni.StringBuilderAndBufferTest"/>
  <testcase name="testBufferAppendDelete" time="0,001" classname="cviceni.StringBuilderAndBufferTest"/>
  <testcase name="testBufferAppendDelete" time="0,000" classname="cviceni.StringBuilderAndBufferTest"/>
  <testcase name="testBuilderAppend" time="0,000" classname="cviceni.StringBuilderAndBufferTest"/>
  <testcase name="testBuilderAppend" time="0,001" classname="cviceni.StringBuilderAndBufferTest"/>
  <testcase name="testBuilderAppend" time="0,001" classname="cviceni.StringBuilderAndBufferTest"/>
  <testcase name="testBuilderAppend" time="0,000" classname="cviceni.StringBuilderAndBufferTest"/>
  <testcase name="testBuilderAppendDelete" time="0,000" classname="cviceni.StringBuilderAndBufferTest"/>
  <testcase name="testBuilderAppendDelete" time="0,042" classname="cviceni.StringBuilderAndBufferTest"/>
  <testcase name="testBufferAppendDelete" time="0,000" classname="cviceni.StringBuilderAndBufferTest"/>
  <testcase name="testBufferAppendDelete" time="0,001" classname="cviceni.StringBuilderAndBufferTest"/>
  <testcase name="testBuilderAppend" time="0,001" classname="cviceni.StringBuilderAndBufferTest"/>
  <testcase name="testBufferAppend" time="0,000" classname="cviceni.StringBuilderAndBufferTest"/>
  <testcase name="testBuilderAppendDelete" time="0,000" classname="cviceni.StringBuilderAndBufferTest"/>
  <testcase name="testBuilderAppendDelete" time="0,000" classname="cviceni.StringBuilderAndBufferTest"/>
  <testcase name="testBuilderAppendDelete" time="0,000" classname="cviceni.StringBuilderAndBufferTest"/>
  <testcase name="testBufferAppend" time="0,000" classname="cviceni.StringBuilderAndBufferTest"/>
  <testcase name="testBuilderAppendDelete" time="0,000" classname="cviceni.StringBuilderAndBufferTest"/>
  <testcase name="testBufferAppendDelete" time="0,001" classname="cviceni.StringBuilderAndBufferTest"/>
  <testcase name="testBufferAppendDelete" time="0,000" classname="cviceni.StringBuilderAndBufferTest"/>
  <testcase name="testBufferAppendDelete" time="0,000" classname="cviceni.StringBuilderAndBufferTest"/>
  <testcase name="testBufferAppendDelete" time="0,000" classname="cviceni.StringBuilderAndBufferTest"/>
  <testcase name="testBuilderAppend" time="0,000" classname="cviceni.StringBuilderAndBufferTest"/>
  <testcase name="testBufferAppendDelete" time="0,000" classname="cviceni.StringBuilderAndBufferTest"/>
  <testcase name="testBufferAppendDelete" time="0,001" classname="cviceni.StringBuilderAndBufferTest"/>
  <testcase name="testBufferAppendDelete" time="0,001" classname="cviceni.StringBuilderAndBufferTest"/>
  <testcase name="testBufferAppendDelete" time="0,000" classname="cviceni.StringBuilderAndBufferTest"/>
  <testcase name="testBuilderAppendDelete" time="0,000" classname="cviceni.StringBuilderAndBufferTest"/>
  <testcase name="testBuilderAppendDelete" time="0,001" classname="cviceni.StringBuilderAndBufferTest"/>
  <testcase name="testBufferAppendDelete" time="0,001" classname="cviceni.StringBuilderAndBufferTest"/>
  <testcase name="testBuilderAppend" time="0,000" classname="cviceni.StringBuilderAndBufferTest"/>
  <testcase name="testBuilderAppend" time="0,000" classname="cviceni.StringBuilderAndBufferTest"/>
  <testcase name="testBufferAppend" time="0,000" classname="cviceni.StringBuilderAndBufferTest"/>
  <testcase name="testBuilderAppendDelete" time="0,001" classname="cviceni.StringBuilderAndBufferTest"/>
  <testcase name="testBufferAppend" time="0,000" classname="cviceni.StringBuilderAndBufferTest"/>
  <testcase name="testBufferAppendDelete" time="0,000" classname="cviceni.StringBuilderAndBufferTest"/>
  <testcase name="testBuilderAppend" time="0,001" classname="cviceni.StringBuilderAndBufferTest"/>
  <testcase name="testBufferAppend" time="0,001" classname="cviceni.StringBuilderAndBufferTest"/>
  <testcase name="testBuilderAppendDelete" time="0,000" classname="cviceni.StringBuilderAndBufferTest"/>
  <testcase name="testBufferAppend" time="0,000" classname="cviceni.StringBuilderAndBufferTest"/>
  <testcase name="testBufferAppend" time="0,000" classname="cviceni.StringBuilderAndBufferTest"/>
  <testcase name="testBufferAppend" time="0,000" classname="cviceni.StringBuilderAndBufferTest"/>
  <testcase name="testBuilderAppend" time="0,000" classname="cviceni.StringBuilderAndBufferTest"/>
  <testcase name="testBufferAppend" time="0,000" classname="cviceni.StringBuilderAndBufferTest"/>
  <testcase name="testBufferAppend" time="0,000" classname="cviceni.StringBuilderAndBufferTest"/>
  <testcase name="testBufferAppend" time="0,001" classname="cviceni.StringBuilderAndBufferTest"/>
  <testcase name="testBuilderAppend" time="0,000" classname="cviceni.StringBuilderAndBufferTest"/>
  <testcase name="testBufferAppend" time="0,001" classname="cviceni.StringBuilderAndBufferTest"/>
  <testcase name="testBuilderAppend" time="0,000" classname="cviceni.StringBuilderAndBufferTest"/>
  <testcase name="testBufferAppendDelete" time="0,000" classname="cviceni.StringBuilderAndBufferTest"/>
  <testcase name="testBufferAppend" time="0,001" classname="cviceni.StringBuilderAndBufferTest"/>
  <testcase name="testBuilderAppend" time="0,001" classname="cviceni.StringBuilderAndBufferTest"/>
  <testcase name="testBuilderAppend" time="0,000" classname="cviceni.StringBuilderAndBufferTest"/>
  <testcase name="testBuilderAppendDelete" time="0,001" classname="cviceni.StringBuilderAndBufferTest"/>
  <testcase name="testBuilderAppendDelete" time="0,000" classname="cviceni.StringBuilderAndBufferTest"/>
  <testcase name="testBuilderAppend" time="0,001" classname="cviceni.StringBuilderAndBufferTest"/>
  <testcase name="testBufferAppend" time="0,000" classname="cviceni.StringBuilderAndBufferTest"/>
  <testcase name="testBufferAppendDelete" time="0,001" classname="cviceni.StringBuilderAndBufferTest"/>
  <testcase name="testBuilderAppend" time="0,000" classname="cviceni.StringBuilderAndBufferTest"/>
  <testcase name="testBuilderAppend" time="0,000" classname="cviceni.StringBuilderAndBufferTest"/>
  <testcase name="testBuilderAppend" time="0,000" classname="cviceni.StringBuilderAndBufferTest"/>
  <testcase name="testBuilderAppend" time="0,001" classname="cviceni.StringBuilderAndBufferTest"/>
  <testcase name="testBuilderAppend" time="0,000" classname="cviceni.StringBuilderAndBufferTest"/>
  <testcase name="testBufferAppendDelete" time="0,001" classname="cviceni.StringBuilderAndBufferTest"/>
  <testcase name="testBuilderAppendDelete" time="0,000" classname="cviceni.StringBuilderAndBufferTest"/>
  <testcase name="testBufferAppend" time="0,000" classname="cviceni.StringBuilderAndBufferTest"/>
  <testcase name="testBufferAppend" time="0,000" classname="cviceni.StringBuilderAndBufferTest"/>
  <testcase name="testBuilderAppend" time="0,000" classname="cviceni.StringBuilderAndBufferTest"/>
  <testcase name="testBuilderAppend" time="0,001" classname="cviceni.StringBuilderAndBufferTest"/>
  <testcase name="testBufferAppendDelete" time="0,001" classname="cviceni.StringBuilderAndBufferTest"/>
  <testcase name="testBufferAppendDelete" time="0,000" classname="cviceni.StringBuilderAndBufferTest"/>
  <testcase name="testBuilderAppend" time="0,000" classname="cviceni.StringBuilderAndBufferTest"/>
  <testcase name="testBufferAppend" time="0,000" classname="cviceni.StringBuilderAndBufferTest"/>
  <testcase name="testBuilderAppendDelete" time="0,000" classname="cviceni.StringBuilderAndBufferTest"/>
  <testcase name="testBuilderAppend" time="0,000" classname="cviceni.StringBuilderAndBufferTest"/>
  <testcase name="testBuilderAppend" time="0,000" classname="cviceni.StringBuilderAndBufferTest"/>
  <testcase name="testBuilderAppendDelete" time="0,001" classname="cviceni.StringBuilderAndBufferTest"/>
  <testcase name="testBuilderAppendDelete" time="0,000" classname="cviceni.StringBuilderAndBufferTest"/>
  <testcase name="testBufferAppend" time="0,000" classname="cviceni.StringBuilderAndBufferTest"/>
  <testcase name="testBufferAppendDelete" time="0,000" classname="cviceni.StringBuilderAndBufferTest"/>
  <testcase name="testBuilderAppend" time="0,014" classname="cviceni.StringBuilderAndBufferTest"/>
  <testcase name="testBufferAppend" time="0,001" classname="cviceni.StringBuilderAndBufferTest"/>
  <testcase name="testBufferAppendDelete" time="0,001" classname="cviceni.StringBuilderAndBufferTest"/>
  <testcase name="testBuilderAppend" time="0,000" classname="cviceni.StringBuilderAndBufferTest"/>
  <testcase name="testBuilderAppend" time="0,000" classname="cviceni.StringBuilderAndBufferTest"/>
  <testcase name="testBuilderAppend" time="0,000" classname="cviceni.StringBuilderAndBufferTest"/>
  <testcase name="testBuilderAppendDelete" time="0,000" classname="cviceni.StringBuilderAndBufferTest"/>
  <testcase name="testBuilderAppendDelete" time="0,000" classname="cviceni.StringBuilderAndBufferTest"/>
  <testcase name="testBufferAppend" time="0,001" classname="cviceni.StringBuilderAndBufferTest"/>
  <testcase name="testBuilderAppendDelete" time="0,000" classname="cviceni.StringBuilderAndBufferTest"/>
  <testcase name="testBuilderAppendDelete" time="0,000" classname="cviceni.StringBuilderAndBufferTest"/>
  <testcase name="testBufferAppendDelete" time="0,001" classname="cviceni.StringBuilderAndBufferTest"/>
  <testcase name="testBuilderAppendDelete" time="0,001" classname="cviceni.StringBuilderAndBufferTest"/>
  <testcase name="testBufferAppend" time="0,000" classname="cviceni.StringBuilderAndBufferTest"/>
  <testcase name="testBuilderAppend" time="0,000" classname="cviceni.StringBuilderAndBufferTest"/>
  <testcase name="testBuilderAppend" time="0,000" classname="cviceni.StringBuilderAndBufferTest"/>
  <testcase name="testBufferAppend" time="0,000" classname="cviceni.StringBuilderAndBufferTest"/>
  <testcase name="testBufferAppend" time="0,000" classname="cviceni.StringBuilderAndBufferTest"/>
  <testcase name="testBuilderAppend" time="0,000" classname="cviceni.StringBuilderAndBufferTest"/>
  <testcase name="testBuilderAppendDelete" time="0,000" classname="cviceni.StringBuilderAndBufferTest"/>
  <testcase name="testBuilderAppend" time="0,000" classname="cviceni.StringBuilderAndBufferTest"/>
  <testcase name="testBufferAppendDelete" time="0,000" classname="cviceni.StringBuilderAndBufferTest"/>
  <testcase name="testBufferAppendDelete" time="0,000" classname="cviceni.StringBuilderAndBufferTest"/>
  <testcase name="testBuilderAppendDelete" time="0,000" classname="cviceni.StringBuilderAndBufferTest"/>
  <testcase name="testBuilderAppend" time="0,000" classname="cviceni.StringBuilderAndBufferTest"/>
  <testcase name="testBufferAppend" time="0,000" classname="cviceni.StringBuilderAndBufferTest"/>
  <testcase name="testBuilderAppend" time="0,000" classname="cviceni.StringBuilderAndBufferTest"/>
  <testcase name="testBufferAppendDelete" time="0,001" classname="cviceni.StringBuilderAndBufferTest"/>
  <testcase name="testBuilderAppend" time="0,000" classname="cviceni.StringBuilderAndBufferTest"/>
  <testcase name="testBuilderAppend" time="0,001" classname="cviceni.StringBuilderAndBufferTest"/>
  <testcase name="testBuilderAppend" time="0,000" classname="cviceni.StringBuilderAndBufferTest"/>
  <testcase name="testBufferAppend" time="0,000" classname="cviceni.StringBuilderAndBufferTest"/>
  <testcase name="testBuilderAppend" time="0,000" classname="cviceni.StringBuilderAndBufferTest"/>
  <testcase name="testBufferAppendDelete" time="0,001" classname="cviceni.StringBuilderAndBufferTest"/>
  <testcase name="testBufferAppendDelete" time="0,000" classname="cviceni.StringBuilderAndBufferTest"/>
  <testcase name="testBufferAppend" time="0,000" classname="cviceni.StringBuilderAndBufferTest"/>
  <testcase name="testBuilderAppendDelete" time="0,000" classname="cviceni.StringBuilderAndBufferTest"/>
  <testcase name="testBufferAppendDelete" time="0,245" classname="cviceni.StringBuilderAndBufferTest"/>
  <testcase name="testBuilderAppendDelete" time="0,000" classname="cviceni.StringBuilderAndBufferTest"/>
  <testcase name="testBufferAppend" time="0,000" classname="cviceni.StringBuilderAndBufferTest"/>
  <testcase name="testBufferAppendDelete" time="0,001" classname="cviceni.StringBuilderAndBufferTest"/>
  <testcase name="testBufferAppend" time="0,000" classname="cviceni.StringBuilderAndBufferTest"/>
  <testcase name="testBufferAppendDelete" time="0,000" classname="cviceni.StringBuilderAndBufferTest"/>
  <testcase name="testBufferAppend" time="0,001" classname="cviceni.StringBuilderAndBufferTest"/>
  <testcase name="testBuilderAppendDelete" time="0,000" classname="cviceni.StringBuilderAndBufferTest"/>
  <testcase name="testBufferAppend" time="0,001" classname="cviceni.StringBuilderAndBufferTest"/>
  <testcase name="testBufferAppend" time="0,001" classname="cviceni.StringBuilderAndBufferTest"/>
  <testcase name="testBufferAppend" time="0,000" classname="cviceni.StringBuilderAndBufferTest"/>
  <testcase name="testBuilderAppend" time="0,000" classname="cviceni.StringBuilderAndBufferTest"/>
  <testcase name="testBufferAppendDelete" time="0,001" classname="cviceni.StringBuilderAndBufferTest"/>
  <testcase name="testBuilderAppend" time="0,000" classname="cviceni.StringBuilderAndBufferTest"/>
  <testcase name="testBuilderAppend" time="0,000" classname="cviceni.StringBuilderAndBufferTest"/>
  <testcase name="testBufferAppend" time="0,000" classname="cviceni.StringBuilderAndBufferTest"/>
  <testcase name="testBuilderAppendDelete" time="0,018" classname="cviceni.StringBuilderAndBufferTest"/>
  <testcase name="testBuilderAppendDelete" time="0,001" classname="cviceni.StringBuilderAndBufferTest"/>
  <testcase name="testBufferAppendDelete" time="0,000" classname="cviceni.StringBuilderAndBufferTest"/>
  <testcase name="testBuilderAppend" time="0,000" classname="cviceni.StringBuilderAndBufferTest"/>
  <testcase name="testBuilderAppend" time="0,000" classname="cviceni.StringBuilderAndBufferTest"/>
  <testcase name="testBuilderAppend" time="0,022" classname="cviceni.StringBuilderAndBufferTest"/>
  <testcase name="testBufferAppendDelete" time="0,000" classname="cviceni.StringBuilderAndBufferTest"/>
  <testcase name="testBuilderAppend" time="0,000" classname="cviceni.StringBuilderAndBufferTest"/>
  <testcase name="testBuilderAppend" time="0,001" classname="cviceni.StringBuilderAndBufferTest"/>
  <testcase name="testBuilderAppend" time="0,000" classname="cviceni.StringBuilderAndBufferTest"/>
  <testcase name="testBuilderAppendDelete" time="0,000" classname="cviceni.StringBuilderAndBufferTest"/>
  <testcase name="testBuilderAppend" time="0,000" classname="cviceni.StringBuilderAndBufferTest"/>
  <testcase name="testBufferAppendDelete" time="0,000" classname="cviceni.StringBuilderAndBufferTest"/>
  <testcase name="testBuilderAppend" time="0,001" classname="cviceni.StringBuilderAndBufferTest"/>
  <testcase name="testBuilderAppend" time="0,000" classname="cviceni.StringBuilderAndBufferTest"/>
  <testcase name="testBufferAppendDelete" time="0,000" classname="cviceni.StringBuilderAndBufferTest"/>
  <testcase name="testBufferAppend" time="0,000" classname="cviceni.StringBuilderAndBufferTest"/>
  <testcase name="testBuilderAppendDelete" time="0,001" classname="cviceni.StringBuilderAndBufferTest"/>
  <testcase name="testBuilderAppendDelete" time="0,001" classname="cviceni.StringBuilderAndBufferTest"/>
  <testcase name="testBuilderAppend" time="0,000" classname="cviceni.StringBuilderAndBufferTest"/>
  <testcase name="testBuilderAppend" time="0,034" classname="cviceni.StringBuilderAndBufferTest"/>
  <testcase name="testBuilderAppendDelete" time="0,000" classname="cviceni.StringBuilderAndBufferTest"/>
  <testcase name="testBufferAppend" time="0,001" classname="cviceni.StringBuilderAndBufferTest"/>
  <testcase name="testBufferAppend" time="0,001" classname="cviceni.StringBuilderAndBufferTest"/>
  <testcase name="testBuilderAppendDelete" time="0,001" classname="cviceni.StringBuilderAndBufferTest"/>
  <testcase name="testBuilderAppendDelete" time="0,001" classname="cviceni.StringBuilderAndBufferTest"/>
  <testcase name="testBuilderAppendDelete" time="0,000" classname="cviceni.StringBuilderAndBufferTest"/>
  <testcase name="testBufferAppendDelete" time="0,000" classname="cviceni.StringBuilderAndBufferTest"/>
  <testcase name="testBuilderAppendDelete" time="0,001" classname="cviceni.StringBuilderAndBufferTest"/>
  <testcase name="testBufferAppend" time="0,000" classname="cviceni.StringBuilderAndBufferTest"/>
  <testcase name="testBuilderAppend" time="0,000" classname="cviceni.StringBuilderAndBufferTest"/>
  <testcase name="testBuilderAppendDelete" time="0,000" classname="cviceni.StringBuilderAndBufferTest"/>
  <testcase name="testBufferAppendDelete" time="0,000" classname="cviceni.StringBuilderAndBufferTest"/>
  <testcase name="testBufferAppend" time="0,000" classname="cviceni.StringBuilderAndBufferTest"/>
  <testcase name="testBuilderAppend" time="0,000" classname="cviceni.StringBuilderAndBufferTest"/>
  <testcase name="testBufferAppendDelete" time="0,001" classname="cviceni.StringBuilderAndBufferTest"/>
  <testcase name="testBuilderAppendDelete" time="0,000" classname="cviceni.StringBuilderAndBufferTest"/>
  <testcase name="testBuilderAppend" time="0,000" classname="cviceni.StringBuilderAndBufferTest"/>
  <testcase name="testBuilderAppendDelete" time="0,000" classname="cviceni.StringBuilderAndBufferTest"/>
  <testcase name="testBufferAppend" time="0,000" classname="cviceni.StringBuilderAndBufferTest"/>
  <testcase name="testBufferAppendDelete" time="0,000" classname="cviceni.StringBuilderAndBufferTest"/>
  <testcase name="testBufferAppendDelete" time="0,000" classname="cviceni.StringBuilderAndBufferTest"/>
  <testcase name="testBuilderAppend" time="0,000" classname="cviceni.StringBuilderAndBufferTest"/>
  <testcase name="testBufferAppendDelete" time="0,000" classname="cviceni.StringBuilderAndBufferTest"/>
  <testcase name="testBufferAppendDelete" time="0,000" classname="cviceni.StringBuilderAndBufferTest"/>
  <testcase name="testBufferAppend" time="0,001" classname="cviceni.StringBuilderAndBufferTest"/>
  <testcase name="testBufferAppendDelete" time="0,001" classname="cviceni.StringBuilderAndBufferTest"/>
  <testcase name="testBuilderAppend" time="0,000" classname="cviceni.StringBuilderAndBufferTest"/>
  <testcase name="testBufferAppendDelete" time="0,000" classname="cviceni.StringBuilderAndBufferTest"/>
  <testcase name="testBuilderAppend" time="0,000" classname="cviceni.StringBuilderAndBufferTest"/>
  <testcase name="testBuilderAppend" time="0,000" classname="cviceni.StringBuilderAndBufferTest"/>
  <testcase name="testBuilderAppendDelete" time="0,000" classname="cviceni.StringBuilderAndBufferTest"/>
  <testcase name="testBufferAppendDelete" time="0,000" classname="cviceni.StringBuilderAndBufferTest"/>
  <testcase name="testBuilderAppend" time="0,000" classname="cviceni.StringBuilderAndBufferTest"/>
  <testcase name="testBufferAppend" time="0,000" classname="cviceni.StringBuilderAndBufferTest"/>
  <testcase name="testBufferAppend" time="0,000" classname="cviceni.StringBuilderAndBufferTest"/>
  <testcase name="testBuilderAppendDelete" time="0,001" classname="cviceni.StringBuilderAndBufferTest"/>
  <testcase name="testBuilderAppend" time="0,000" classname="cviceni.StringBuilderAndBufferTest"/>
  <testcase name="testBufferAppendDelete" time="0,001" classname="cviceni.StringBuilderAndBufferTest"/>
  <testcase name="testBufferAppend" time="0,000" classname="cviceni.StringBuilderAndBufferTest"/>
  <testcase name="testBufferAppendDelete" time="0,001" classname="cviceni.StringBuilderAndBufferTest"/>
  <testcase name="testBufferAppendDelete" time="0,001" classname="cviceni.StringBuilderAndBufferTest"/>
  <testcase name="testBuilderAppend" time="0,000" classname="cviceni.StringBuilderAndBufferTest"/>
  <testcase name="testBufferAppendDelete" time="0,001" classname="cviceni.StringBuilderAndBufferTest"/>
  <testcase name="testBuilderAppendDelete" time="0,044" classname="cviceni.StringBuilderAndBufferTest"/>
  <testcase name="testBufferAppend" time="0,001" classname="cviceni.StringBuilderAndBufferTest"/>
  <testcase name="testBuilderAppendDelete" time="0,000" classname="cviceni.StringBuilderAndBufferTest"/>
  <testcase name="testBuilderAppend" time="0,001" classname="cviceni.StringBuilderAndBufferTest"/>
  <testcase name="testBufferAppend" time="0,000" classname="cviceni.StringBuilderAndBufferTest"/>
  <testcase name="testBuilderAppend" time="0,000" classname="cviceni.StringBuilderAndBufferTest"/>
  <testcase name="testBuilderAppendDelete" time="0,000" classname="cviceni.StringBuilderAndBufferTest"/>
  <testcase name="testBuilderAppend" time="0,000" classname="cviceni.StringBuilderAndBufferTest"/>
  <testcase name="testBufferAppendDelete" time="0,000" classname="cviceni.StringBuilderAndBufferTest"/>
  <testcase name="testBufferAppend" time="0,000" classname="cviceni.StringBuilderAndBufferTest"/>
  <testcase name="testBuilderAppend" time="0,000" classname="cviceni.StringBuilderAndBufferTest"/>
  <testcase name="testBuilderAppend" time="0,000" classname="cviceni.StringBuilderAndBufferTest"/>
  <testcase name="testBufferAppendDelete" time="0,000" classname="cviceni.StringBuilderAndBufferTest"/>
  <testcase name="testBufferAppendDelete" time="0,000" classname="cviceni.StringBuilderAndBufferTest"/>
  <testcase name="testBuilderAppendDelete" time="0,000" classname="cviceni.StringBuilderAndBufferTest"/>
  <testcase name="testBuilderAppendDelete" time="0,000" classname="cviceni.StringBuilderAndBufferTest"/>
  <testcase name="testBufferAppend" time="0,000" classname="cviceni.StringBuilderAndBufferTest"/>
  <testcase name="testBuilderAppend" time="0,000" classname="cviceni.StringBuilderAndBufferTest"/>
  <testcase name="testBufferAppendDelete" time="0,000" classname="cviceni.StringBuilderAndBufferTest"/>
  <testcase name="testBufferAppendDelete" time="0,000" classname="cviceni.StringBuilderAndBufferTest"/>
  <testcase name="testBuilderAppend" time="0,000" classname="cviceni.StringBuilderAndBufferTest"/>
  <testcase name="testBuilderAppend" time="0,001" classname="cviceni.StringBuilderAndBufferTest"/>
  <testcase name="testBufferAppendDelete" time="0,000" classname="cviceni.StringBuilderAndBufferTest"/>
  <testcase name="testBuilderAppendDelete" time="0,000" classname="cviceni.StringBuilderAndBufferTest"/>
  <testcase name="testBuilderAppendDelete" time="0,110" classname="cviceni.StringBuilderAndBufferTest"/>
  <testcase name="testBufferAppendDelete" time="0,000" classname="cviceni.StringBuilderAndBufferTest"/>
  <testcase name="testBuilderAppendDelete" time="0,000" classname="cviceni.StringBuilderAndBufferTest"/>
  <testcase name="testBuilderAppend" time="0,000" classname="cviceni.StringBuilderAndBufferTest"/>
  <testcase name="testBuilderAppendDelete" time="0,089" classname="cviceni.StringBuilderAndBufferTest"/>
  <testcase name="testBufferAppend" time="0,000" classname="cviceni.StringBuilderAndBufferTest"/>
  <testcase name="testBuilderAppend" time="0,058" classname="cviceni.StringBuilderAndBufferTest"/>
  <testcase name="testBufferAppendDelete" time="0,001" classname="cviceni.StringBuilderAndBufferTest"/>
  <testcase name="testBuilderAppendDelete" time="0,000" classname="cviceni.StringBuilderAndBufferTest"/>
  <testcase name="testBufferAppendDelete" time="0,000" classname="cviceni.StringBuilderAndBufferTest"/>
  <testcase name="testBuilderAppendDelete" time="0,000" classname="cviceni.StringBuilderAndBufferTest"/>
  <testcase name="testBufferAppendDelete" time="0,000" classname="cviceni.StringBuilderAndBufferTest"/>
  <testcase name="testBufferAppend" time="0,000" classname="cviceni.StringBuilderAndBufferTest"/>
  <testcase name="testBuilderAppendDelete" time="0,000" classname="cviceni.StringBuilderAndBufferTest"/>
  <testcase name="testBufferAppend" time="0,000" classname="cviceni.StringBuilderAndBufferTest"/>
  <testcase name="testBufferAppendDelete" time="0,000" classname="cviceni.StringBuilderAndBufferTest"/>
  <testcase name="testBuilderAppend" time="0,000" classname="cviceni.StringBuilderAndBufferTest"/>
  <testcase name="testBufferAppendDelete" time="0,000" classname="cviceni.StringBuilderAndBufferTest"/>
  <testcase name="testBuilderAppendDelete" time="0,001" classname="cviceni.StringBuilderAndBufferTest"/>
  <testcase name="testBufferAppend" time="0,000" classname="cviceni.StringBuilderAndBufferTest"/>
  <testcase name="testBuilderAppend" time="0,000" classname="cviceni.StringBuilderAndBufferTest"/>
  <testcase name="testBuilderAppendDelete" time="0,000" classname="cviceni.StringBuilderAndBufferTest"/>
  <testcase name="testBuilderAppendDelete" time="0,000" classname="cviceni.StringBuilderAndBufferTest"/>
  <testcase name="testBufferAppend" time="0,001" classname="cviceni.StringBuilderAndBufferTest"/>
  <testcase name="testBuilderAppend" time="0,001" classname="cviceni.StringBuilderAndBufferTest"/>
  <testcase name="testBuilderAppendDelete" time="0,000" classname="cviceni.StringBuilderAndBufferTest"/>
  <testcase name="testBuilderAppend" time="0,000" classname="cviceni.StringBuilderAndBufferTest"/>
  <testcase name="testBuilderAppend" time="0,001" classname="cviceni.StringBuilderAndBufferTest"/>
  <testcase name="testBufferAppend" time="0,013" classname="cviceni.StringBuilderAndBufferTest"/>
  <testcase name="testBuilderAppendDelete" time="0,000" classname="cviceni.StringBuilderAndBufferTest"/>
  <testcase name="testBufferAppendDelete" time="0,000" classname="cviceni.StringBuilderAndBufferTest"/>
  <testcase name="testBuilderAppend" time="0,000" classname="cviceni.StringBuilderAndBufferTest"/>
  <testcase name="testBuilderAppendDelete" time="0,000" classname="cviceni.StringBuilderAndBufferTest"/>
  <testcase name="testBufferAppend" time="0,000" classname="cviceni.StringBuilderAndBufferTest"/>
  <testcase name="testBufferAppendDelete" time="0,000" classname="cviceni.StringBuilderAndBufferTest"/>
  <testcase name="testBufferAppend" time="0,000" classname="cviceni.StringBuilderAndBufferTest"/>
  <testcase name="testBuilderAppend" time="0,001" classname="cviceni.StringBuilderAndBufferTest"/>
  <testcase name="testBuilderAppend" time="0,000" classname="cviceni.StringBuilderAndBufferTest"/>
  <testcase name="testBuilderAppend" time="0,000" classname="cviceni.StringBuilderAndBufferTest"/>
  <testcase name="testBuilderAppend" time="0,001" classname="cviceni.StringBuilderAndBufferTest"/>
  <testcase name="testBuilderAppendDelete" time="0,001" classname="cviceni.StringBuilderAndBufferTest"/>
  <testcase name="testBufferAppend" time="0,000" classname="cviceni.StringBuilderAndBufferTest"/>
  <testcase name="testBuilderAppend" time="0,010" classname="cviceni.StringBuilderAndBufferTest"/>
  <testcase name="testBufferAppendDelete" time="0,001" classname="cviceni.StringBuilderAndBufferTest"/>
  <testcase name="testBuilderAppendDelete" time="0,000" classname="cviceni.StringBuilderAndBufferTest"/>
  <testcase name="testBufferAppendDelete" time="0,000" classname="cviceni.StringBuilderAndBufferTest"/>
  <testcase name="testBuilderAppend" time="0,000" classname="cviceni.StringBuilderAndBufferTest"/>
  <testcase name="testBufferAppend" time="0,000" classname="cviceni.StringBuilderAndBufferTest"/>
  <testcase name="testBuilderAppendDelete" time="0,000" classname="cviceni.StringBuilderAndBufferTest"/>
  <testcase name="testBufferAppendDelete" time="0,001" classname="cviceni.StringBuilderAndBufferTest"/>
  <testcase name="testBuilderAppend" time="0,000" classname="cviceni.StringBuilderAndBufferTest"/>
  <testcase name="testBuilderAppend" time="0,001" classname="cviceni.StringBuilderAndBufferTest"/>
  <testcase name="testBuilderAppend" time="0,000" classname="cviceni.StringBuilderAndBufferTest"/>
  <testcase name="testBuilderAppend" time="0,006" classname="cviceni.StringBuilderAndBufferTest"/>
  <testcase name="testBuilderAppendDelete" time="0,000" classname="cviceni.StringBuilderAndBufferTest"/>
  <testcase name="testBufferAppend" time="0,000" classname="cviceni.StringBuilderAndBufferTest"/>
  <testcase name="testBufferAppend" time="0,000" classname="cviceni.StringBuilderAndBufferTest"/>
  <testcase name="testBuilderAppend" time="0,000" classname="cviceni.StringBuilderAndBufferTest"/>
  <testcase name="testBuilderAppend" time="0,000" classname="cviceni.StringBuilderAndBufferTest"/>
  <testcase name="testBufferAppend" time="0,000" classname="cviceni.StringBuilderAndBufferTest"/>
  <testcase name="testBufferAppendDelete" time="0,000" classname="cviceni.StringBuilderAndBufferTest"/>
  <testcase name="testBuilderAppend" time="0,001" classname="cviceni.StringBuilderAndBufferTest"/>
  <testcase name="testBufferAppend" time="0,001" classname="cviceni.StringBuilderAndBufferTest"/>
  <testcase name="testBuilderAppendDelete" time="0,000" classname="cviceni.StringBuilderAndBufferTest"/>
  <testcase name="testBuilderAppendDelete" time="0,000" classname="cviceni.StringBuilderAndBufferTest"/>
  <testcase name="testBuilderAppendDelete" time="0,000" classname="cviceni.StringBuilderAndBufferTest"/>
  <testcase name="testBuilderAppendDelete" time="0,000" classname="cviceni.StringBuilderAndBufferTest"/>
  <testcase name="testBufferAppend" time="0,000" classname="cviceni.StringBuilderAndBufferTest"/>
  <testcase name="testBufferAppend" time="0,000" classname="cviceni.StringBuilderAndBufferTest"/>
  <testcase name="testBufferAppend" time="0,000" classname="cviceni.StringBuilderAndBufferTest"/>
  <testcase name="testBufferAppendDelete" time="0,000" classname="cviceni.StringBuilderAndBufferTest"/>
  <testcase name="testBuilderAppendDelete" time="0,000" classname="cviceni.StringBuilderAndBufferTest"/>
  <testcase name="testBufferAppend" time="0,000" classname="cviceni.StringBuilderAndBufferTest"/>
  <testcase name="testBufferAppendDelete" time="0,001" classname="cviceni.StringBuilderAndBufferTest"/>
  <testcase name="testBufferAppend" time="0,000" classname="cviceni.StringBuilderAndBufferTest"/>
  <testcase name="testBuilderAppendDelete" time="0,001" classname="cviceni.StringBuilderAndBufferTest"/>
  <testcase name="testBuilderAppendDelete" time="0,001" classname="cviceni.StringBuilderAndBufferTest"/>
  <testcase name="testBufferAppend" time="0,000" classname="cviceni.StringBuilderAndBufferTest"/>
  <testcase name="testBufferAppend" time="0,000" classname="cviceni.StringBuilderAndBufferTest"/>
  <testcase name="testBufferAppendDelete" time="0,001" classname="cviceni.StringBuilderAndBufferTest"/>
  <testcase name="testBuilderAppend" time="0,001" classname="cviceni.StringBuilderAndBufferTest"/>
  <testcase name="testBufferAppend" time="0,001" classname="cviceni.StringBuilderAndBufferTest"/>
  <testcase name="testBufferAppendDelete" time="0,001" classname="cviceni.StringBuilderAndBufferTest"/>
  <testcase name="testBufferAppend" time="0,000" classname="cviceni.StringBuilderAndBufferTest"/>
  <testcase name="testBuilderAppendDelete" time="0,000" classname="cviceni.StringBuilderAndBufferTest"/>
  <testcase name="testBuilderAppend" time="0,000" classname="cviceni.StringBuilderAndBufferTest"/>
  <testcase name="testBuilderAppend" time="0,000" classname="cviceni.StringBuilderAndBufferTest"/>
  <testcase name="testBufferAppendDelete" time="0,010" classname="cviceni.StringBuilderAndBufferTest"/>
  <testcase name="testBuilderAppendDelete" time="0,000" classname="cviceni.StringBuilderAndBufferTest"/>
  <testcase name="testBufferAppend" time="0,000" classname="cviceni.StringBuilderAndBufferTest"/>
  <testcase name="testBufferAppendDelete" time="0,000" classname="cviceni.StringBuilderAndBufferTest"/>
  <testcase name="testBuilderAppendDelete" time="0,001" classname="cviceni.StringBuilderAndBufferTest"/>
  <testcase name="testBufferAppendDelete" time="0,000" classname="cviceni.StringBuilderAndBufferTest"/>
  <testcase name="testBufferAppendDelete" time="0,001" classname="cviceni.StringBuilderAndBufferTest"/>
  <testcase name="testBuilderAppendDelete" time="0,000" classname="cviceni.StringBuilderAndBufferTest"/>
  <testcase name="testBufferAppend" time="0,000" classname="cviceni.StringBuilderAndBufferTest"/>
  <testcase name="testBuilderAppend" time="0,001" classname="cviceni.StringBuilderAndBufferTest"/>
  <testcase name="testBufferAppend" time="0,000" classname="cviceni.StringBuilderAndBufferTest"/>
  <testcase name="testBufferAppendDelete" time="0,001" classname="cviceni.StringBuilderAndBufferTest"/>
  <testcase name="testBuilderAppend" time="0,000" classname="cviceni.StringBuilderAndBufferTest"/>
  <testcase name="testBuilderAppendDelete" time="0,000" classname="cviceni.StringBuilderAndBufferTest"/>
  <testcase name="testBufferAppend" time="0,001" classname="cviceni.StringBuilderAndBufferTest"/>
  <testcase name="testBuilderAppend" time="0,000" classname="cviceni.StringBuilderAndBufferTest"/>
  <testcase name="testBuilderAppend" time="0,001" classname="cviceni.StringBuilderAndBufferTest"/>
  <testcase name="testBufferAppend" time="0,000" classname="cviceni.StringBuilderAndBufferTest"/>
  <testcase name="testBufferAppend" time="0,000" classname="cviceni.StringBuilderAndBufferTest"/>
  <testcase name="testBuilderAppendDelete" time="0,001" classname="cviceni.StringBuilderAndBufferTest"/>
  <testcase name="testBuilderAppend" time="0,001" classname="cviceni.StringBuilderAndBufferTest"/>
  <testcase name="testBufferAppend" time="0,001" classname="cviceni.StringBuilderAndBufferTest"/>
  <testcase name="testBuilderAppend" time="0,000" classname="cviceni.StringBuilderAndBufferTest"/>
  <testcase name="testBuilderAppend" time="0,001" classname="cviceni.StringBuilderAndBufferTest"/>
  <testcase name="testBufferAppendDelete" time="0,001" classname="cviceni.StringBuilderAndBufferTest"/>
  <testcase name="testBuilderAppendDelete" time="0,000" classname="cviceni.StringBuilderAndBufferTest"/>
  <testcase name="testBuilderAppendDelete" time="0,001" classname="cviceni.StringBuilderAndBufferTest"/>
  <testcase name="testBufferAppendDelete" time="0,000" classname="cviceni.StringBuilderAndBufferTest"/>
  <testcase name="testBuilderAppend" time="0,000" classname="cviceni.StringBuilderAndBufferTest"/>
  <testcase name="testBufferAppend" time="0,001" classname="cviceni.StringBuilderAndBufferTest"/>
  <testcase name="testBuilderAppend" time="0,001" classname="cviceni.StringBuilderAndBufferTest"/>
  <testcase name="testBuilderAppendDelete" time="0,000" classname="cviceni.StringBuilderAndBufferTest"/>
  <testcase name="testBufferAppend" time="0,000" classname="cviceni.StringBuilderAndBufferTest"/>
  <testcase name="testBufferAppend" time="0,000" classname="cviceni.StringBuilderAndBufferTest"/>
  <testcase name="testBufferAppendDelete" time="0,000" classname="cviceni.StringBuilderAndBufferTest"/>
  <testcase name="testBufferAppendDelete" time="0,000" classname="cviceni.StringBuilderAndBufferTest"/>
  <testcase name="testBuilderAppendDelete" time="0,000" classname="cviceni.StringBuilderAndBufferTest"/>
  <testcase name="testBuilderAppendDelete" time="0,000" classname="cviceni.StringBuilderAndBufferTest"/>
  <testcase name="testBuilderAppend" time="0,000" classname="cviceni.StringBuilderAndBufferTest"/>
  <testcase name="testBuilderAppendDelete" time="0,000" classname="cviceni.StringBuilderAndBufferTest"/>
  <testcase name="testBuilderAppend" time="0,001" classname="cviceni.StringBuilderAndBufferTest"/>
  <testcase name="testBufferAppend" time="0,001" classname="cviceni.StringBuilderAndBufferTest"/>
  <testcase name="testBufferAppendDelete" time="0,000" classname="cviceni.StringBuilderAndBufferTest"/>
  <testcase name="testBufferAppend" time="0,001" classname="cviceni.StringBuilderAndBufferTest"/>
  <testcase name="testBuilderAppend" time="0,000" classname="cviceni.StringBuilderAndBufferTest"/>
  <testcase name="testBufferAppend" time="0,001" classname="cviceni.StringBuilderAndBufferTest"/>
  <testcase name="testBufferAppendDelete" time="0,000" classname="cviceni.StringBuilderAndBufferTest"/>
  <testcase name="testBuilderAppendDelete" time="0,000" classname="cviceni.StringBuilderAndBufferTest"/>
  <testcase name="testBufferAppend" time="0,000" classname="cviceni.StringBuilderAndBufferTest"/>
  <testcase name="testBuilderAppend" time="0,001" classname="cviceni.StringBuilderAndBufferTest"/>
  <testcase name="testBufferAppendDelete" time="0,000" classname="cviceni.StringBuilderAndBufferTest"/>
  <testcase name="testBufferAppend" time="0,000" classname="cviceni.StringBuilderAndBufferTest"/>
  <testcase name="testBufferAppend" time="0,000" classname="cviceni.StringBuilderAndBufferTest"/>
  <testcase name="testBufferAppendDelete" time="0,000" classname="cviceni.StringBuilderAndBufferTest"/>
  <testcase name="testBuilderAppendDelete" time="0,000" classname="cviceni.StringBuilderAndBufferTest"/>
  <testcase name="testBuilderAppend" time="0,001" classname="cviceni.StringBuilderAndBufferTest"/>
  <testcase name="testBufferAppendDelete" time="0,000" classname="cviceni.StringBuilderAndBufferTest"/>
  <testcase name="testBuilderAppend" time="0,001" classname="cviceni.StringBuilderAndBufferTest"/>
  <testcase name="testBuilderAppend" time="0,001" classname="cviceni.StringBuilderAndBufferTest"/>
  <testcase name="testBuilderAppend" time="0,000" classname="cviceni.StringBuilderAndBufferTest"/>
  <testcase name="testBufferAppendDelete" time="0,001" classname="cviceni.StringBuilderAndBufferTest"/>
  <testcase name="testBuilderAppendDelete" time="0,000" classname="cviceni.StringBuilderAndBufferTest"/>
  <testcase name="testBufferAppendDelete" time="0,000" classname="cviceni.StringBuilderAndBufferTest"/>
  <testcase name="testBufferAppendDelete" time="0,001" classname="cviceni.StringBuilderAndBufferTest"/>
  <testcase name="testBufferAppendDelete" time="0,000" classname="cviceni.StringBuilderAndBufferTest"/>
  <testcase name="testBuilderAppendDelete" time="0,000" classname="cviceni.StringBuilderAndBufferTest"/>
  <testcase name="testBufferAppendDelete" time="0,000" classname="cviceni.StringBuilderAndBufferTest"/>
  <testcase name="testBuilderAppendDelete" time="0,000" classname="cviceni.StringBuilderAndBufferTest"/>
  <testcase name="testBuilderAppendDelete" time="0,000" classname="cviceni.StringBuilderAndBufferTest"/>
  <testcase name="testBuilderAppendDelete" time="0,185" classname="cviceni.StringBuilderAndBufferTest"/>
  <testcase name="testBuilderAppendDelete" time="0,010" classname="cviceni.StringBuilderAndBufferTest"/>
  <testcase name="testBuilderAppendDelete" time="0,001" classname="cviceni.StringBuilderAndBufferTest"/>
  <testcase name="testBufferAppend" time="0,001" classname="cviceni.StringBuilderAndBufferTest"/>
  <testcase name="testBufferAppendDelete" time="0,000" classname="cviceni.StringBuilderAndBufferTest"/>
  <testcase name="testBuilderAppend" time="0,000" classname="cviceni.StringBuilderAndBufferTest"/>
  <testcase name="testBufferAppend" time="0,000" classname="cviceni.StringBuilderAndBufferTest"/>
  <testcase name="testBufferAppend" time="0,000" classname="cviceni.StringBuilderAndBufferTest"/>
  <testcase name="testBufferAppendDelete" time="0,000" classname="cviceni.StringBuilderAndBufferTest"/>
  <testcase name="testBuilderAppendDelete" time="0,000" classname="cviceni.StringBuilderAndBufferTest"/>
  <testcase name="testBufferAppendDelete" time="0,000" classname="cviceni.StringBuilderAndBufferTest"/>
  <testcase name="testBuilderAppendDelete" time="0,000" classname="cviceni.StringBuilderAndBufferTest"/>
  <testcase name="testBufferAppend" time="0,000" classname="cviceni.StringBuilderAndBufferTest"/>
  <testcase name="testBuilderAppend" time="0,000" classname="cviceni.StringBuilderAndBufferTest"/>
  <testcase name="testBufferAppend" time="0,000" classname="cviceni.StringBuilderAndBufferTest"/>
  <testcase name="testBufferAppend" time="0,000" classname="cviceni.StringBuilderAndBufferTest"/>
  <testcase name="testBufferAppend" time="0,000" classname="cviceni.StringBuilderAndBufferTest"/>
  <testcase name="testBuilderAppend" time="0,001" classname="cviceni.StringBuilderAndBufferTest"/>
  <testcase name="testBuilderAppend" time="0,001" classname="cviceni.StringBuilderAndBufferTest"/>
  <testcase name="testBufferAppend" time="0,000" classname="cviceni.StringBuilderAndBufferTest"/>
  <testcase name="testBufferAppend" time="0,000" classname="cviceni.StringBuilderAndBufferTest"/>
  <testcase name="testBufferAppend" time="0,000" classname="cviceni.StringBuilderAndBufferTest"/>
  <testcase name="testBufferAppendDelete" time="0,000" classname="cviceni.StringBuilderAndBufferTest"/>
  <testcase name="testBufferAppend" time="0,000" classname="cviceni.StringBuilderAndBufferTest"/>
  <testcase name="testBuilderAppend" time="0,000" classname="cviceni.StringBuilderAndBufferTest"/>
  <testcase name="testBufferAppend" time="0,000" classname="cviceni.StringBuilderAndBufferTest"/>
  <testcase name="testBuilderAppend" time="0,000" classname="cviceni.StringBuilderAndBufferTest"/>
  <testcase name="testBufferAppendDelete" time="0,001" classname="cviceni.StringBuilderAndBufferTest"/>
  <testcase name="testBuilderAppend" time="0,000" classname="cviceni.StringBuilderAndBufferTest"/>
  <testcase name="testBuilderAppendDelete" time="0,000" classname="cviceni.StringBuilderAndBufferTest"/>
  <testcase name="testBuilderAppend" time="0,000" classname="cviceni.StringBuilderAndBufferTest"/>
  <testcase name="testBuilderAppendDelete" time="0,000" classname="cviceni.StringBuilderAndBufferTest"/>
  <testcase name="testBufferAppendDelete" time="0,001" classname="cviceni.StringBuilderAndBufferTest"/>
  <testcase name="testBufferAppend" time="0,000" classname="cviceni.StringBuilderAndBufferTest"/>
  <testcase name="testBuilderAppend" time="0,000" classname="cviceni.StringBuilderAndBufferTest"/>
  <testcase name="testBuilderAppendDelete" time="0,001" classname="cviceni.StringBuilderAndBufferTest"/>
  <testcase name="testBufferAppendDelete" time="0,000" classname="cviceni.StringBuilderAndBufferTest"/>
  <testcase name="testBufferAppendDelete" time="0,000" classname="cviceni.StringBuilderAndBufferTest"/>
  <testcase name="testBufferAppend" time="0,001" classname="cviceni.StringBuilderAndBufferTest"/>
  <testcase name="testBuilderAppend" time="0,000" classname="cviceni.StringBuilderAndBufferTest"/>
  <testcase name="testBuilderAppendDelete" time="0,001" classname="cviceni.StringBuilderAndBufferTest"/>
  <testcase name="testBufferAppendDelete" time="0,000" classname="cviceni.StringBuilderAndBufferTest"/>
  <testcase name="testBuilderAppendDelete" time="0,016" classname="cviceni.StringBuilderAndBufferTest"/>
  <testcase name="testBuilderAppendDelete" time="0,001" classname="cviceni.StringBuilderAndBufferTest"/>
  <testcase name="testBufferAppend" time="0,000" classname="cviceni.StringBuilderAndBufferTest"/>
  <testcase name="testBufferAppend" time="0,000" classname="cviceni.StringBuilderAndBufferTest"/>
  <testcase name="testBufferAppendDelete" time="0,000" classname="cviceni.StringBuilderAndBufferTest"/>
  <testcase name="testBuilderAppend" time="0,000" classname="cviceni.StringBuilderAndBufferTest"/>
  <testcase name="testBuilderAppend" time="0,000" classname="cviceni.StringBuilderAndBufferTest"/>
  <testcase name="testBufferAppend" time="0,001" classname="cviceni.StringBuilderAndBufferTest"/>
  <testcase name="testBuilderAppend" time="0,000" classname="cviceni.StringBuilderAndBufferTest"/>
  <testcase name="testBuilderAppendDelete" time="0,000" classname="cviceni.StringBuilderAndBufferTest"/>
  <testcase name="testBufferAppendDelete" time="0,000" classname="cviceni.StringBuilderAndBufferTest"/>
  <testcase name="testBuilderAppendDelete" time="0,001" classname="cviceni.StringBuilderAndBufferTest"/>
  <testcase name="testBufferAppend" time="0,000" classname="cviceni.StringBuilderAndBufferTest"/>
  <testcase name="testBufferAppend" time="0,000" classname="cviceni.StringBuilderAndBufferTest"/>
  <testcase name="testBufferAppend" time="0,000" classname="cviceni.StringBuilderAndBufferTest"/>
  <testcase name="testBuilderAppend" time="0,001" classname="cviceni.StringBuilderAndBufferTest"/>
  <testcase name="testBufferAppend" time="0,001" classname="cviceni.StringBuilderAndBufferTest"/>
  <testcase name="testBufferAppend" time="0,000" classname="cviceni.StringBuilderAndBufferTest"/>
  <testcase name="testBuilderAppend" time="0,000" classname="cviceni.StringBuilderAndBufferTest"/>
  <testcase name="testBufferAppend" time="0,000" classname="cviceni.StringBuilderAndBufferTest"/>
  <testcase name="testBufferAppend" time="0,001" classname="cviceni.StringBuilderAndBufferTest"/>
  <testcase name="testBuilderAppendDelete" time="0,000" classname="cviceni.StringBuilderAndBufferTest"/>
  <testcase name="testBuilderAppendDelete" time="0,000" classname="cviceni.StringBuilderAndBufferTest"/>
  <testcase name="testBufferAppend" time="0,000" classname="cviceni.StringBuilderAndBufferTest"/>
  <testcase name="testBufferAppendDelete" time="0,000" classname="cviceni.StringBuilderAndBufferTest"/>
  <testcase name="testBuilderAppendDelete" time="0,000" classname="cviceni.StringBuilderAndBufferTest"/>
  <testcase name="testBuilderAppendDelete" time="0,000" classname="cviceni.StringBuilderAndBufferTest"/>
  <testcase name="testBufferAppend" time="0,000" classname="cviceni.StringBuilderAndBufferTest"/>
  <testcase name="testBufferAppend" time="0,000" classname="cviceni.StringBuilderAndBufferTest"/>
  <testcase name="testBufferAppendDelete" time="0,000" classname="cviceni.StringBuilderAndBufferTest"/>
  <testcase name="testBufferAppendDelete" time="0,000" classname="cviceni.StringBuilderAndBufferTest"/>
  <testcase name="testBuilderAppend" time="0,000" classname="cviceni.StringBuilderAndBufferTest"/>
  <testcase name="testBuilderAppend" time="0,001" classname="cviceni.StringBuilderAndBufferTest"/>
  <testcase name="testBuilderAppend" time="0,000" classname="cviceni.StringBuilderAndBufferTest"/>
  <testcase name="testBuilderAppend" time="0,000" classname="cviceni.StringBuilderAndBufferTest"/>
  <testcase name="testBufferAppend" time="0,000" classname="cviceni.StringBuilderAndBufferTest"/>
  <testcase name="testBuilderAppendDelete" time="0,001" classname="cviceni.StringBuilderAndBufferTest"/>
  <testcase name="testBuilderAppend" time="0,000" classname="cviceni.StringBuilderAndBufferTest"/>
  <testcase name="testBuilderAppendDelete" time="0,000" classname="cviceni.StringBuilderAndBufferTest"/>
  <testcase name="testBuilderAppendDelete" time="0,000" classname="cviceni.StringBuilderAndBufferTest"/>
  <testcase name="testBufferAppendDelete" time="0,000" classname="cviceni.StringBuilderAndBufferTest"/>
  <testcase name="testBufferAppendDelete" time="0,000" classname="cviceni.StringBuilderAndBufferTest"/>
  <testcase name="testBuilderAppend" time="0,001" classname="cviceni.StringBuilderAndBufferTest"/>
  <testcase name="testBufferAppend" time="0,000" classname="cviceni.StringBuilderAndBufferTest"/>
  <testcase name="testBufferAppendDelete" time="0,000" classname="cviceni.StringBuilderAndBufferTest"/>
  <testcase name="testBufferAppend" time="0,001" classname="cviceni.StringBuilderAndBufferTest"/>
  <testcase name="testBufferAppend" time="0,001" classname="cviceni.StringBuilderAndBufferTest"/>
  <testcase name="testBuilderAppend" time="0,001" classname="cviceni.StringBuilderAndBufferTest"/>
  <testcase name="testBuilderAppend" time="0,000" classname="cviceni.StringBuilderAndBufferTest"/>
  <testcase name="testBufferAppendDelete" time="0,000" classname="cviceni.StringBuilderAndBufferTest"/>
  <testcase name="testBuilderAppendDelete" time="0,000" classname="cviceni.StringBuilderAndBufferTest"/>
  <testcase name="testBufferAppendDelete" time="0,000" classname="cviceni.StringBuilderAndBufferTest"/>
  <testcase name="testBuilderAppend" time="0,001" classname="cviceni.StringBuilderAndBufferTest"/>
  <testcase name="testBuilderAppendDelete" time="0,000" classname="cviceni.StringBuilderAndBufferTest"/>
  <testcase name="testBuilderAppendDelete" time="0,000" classname="cviceni.StringBuilderAndBufferTest"/>
  <testcase name="testBuilderAppendDelete" time="0,000" classname="cviceni.StringBuilderAndBufferTest"/>
  <testcase name="testBufferAppendDelete" time="0,000" classname="cviceni.StringBuilderAndBufferTest"/>
  <testcase name="testBuilderAppendDelete" time="0,000" classname="cviceni.StringBuilderAndBufferTest"/>
  <testcase name="testBuilderAppend" time="0,000" classname="cviceni.StringBuilderAndBufferTest"/>
  <testcase name="testBuilderAppend" time="0,016" classname="cviceni.StringBuilderAndBufferTest"/>
  <testcase name="testBufferAppend" time="0,000" classname="cviceni.StringBuilderAndBufferTest"/>
  <testcase name="testBufferAppendDelete" time="0,000" classname="cviceni.StringBuilderAndBufferTest"/>
  <testcase name="testBufferAppend" time="0,000" classname="cviceni.StringBuilderAndBufferTest"/>
  <testcase name="testBufferAppendDelete" time="0,000" classname="cviceni.StringBuilderAndBufferTest"/>
  <testcase name="testBuilderAppend" time="0,002" classname="cviceni.StringBuilderAndBufferTest"/>
  <testcase name="testBuilderAppendDelete" time="0,000" classname="cviceni.StringBuilderAndBufferTest"/>
  <testcase name="testBufferAppendDelete" time="0,000" classname="cviceni.StringBuilderAndBufferTest"/>
  <testcase name="testBuilderAppendDelete" time="0,000" classname="cviceni.StringBuilderAndBufferTest"/>
  <testcase name="testBuilderAppendDelete" time="0,000" classname="cviceni.StringBuilderAndBufferTest"/>
  <testcase name="testBufferAppendDelete" time="0,001" classname="cviceni.StringBuilderAndBufferTest"/>
  <testcase name="testBufferAppendDelete" time="0,000" classname="cviceni.StringBuilderAndBufferTest"/>
  <testcase name="testBufferAppend" time="0,000" classname="cviceni.StringBuilderAndBufferTest"/>
  <testcase name="testBufferAppendDelete" time="0,000" classname="cviceni.StringBuilderAndBufferTest"/>
  <testcase name="testBuilderAppendDelete" time="0,000" classname="cviceni.StringBuilderAndBufferTest"/>
  <testcase name="testBufferAppendDelete" time="0,000" classname="cviceni.StringBuilderAndBufferTest"/>
  <testcase name="testBuilderAppendDelete" time="0,000" classname="cviceni.StringBuilderAndBufferTest"/>
  <testcase name="testBuilderAppendDelete" time="0,003" classname="cviceni.StringBuilderAndBufferTest"/>
  <testcase name="testBufferAppendDelete" time="0,001" classname="cviceni.StringBuilderAndBufferTest"/>
  <testcase name="testBufferAppendDelete" time="0,000" classname="cviceni.StringBuilderAndBufferTest"/>
  <testcase name="testBuilderAppend" time="0,000" classname="cviceni.StringBuilderAndBufferTest"/>
  <testcase name="testBuilderAppendDelete" time="0,000" classname="cviceni.StringBuilderAndBufferTest"/>
  <testcase name="testBuilderAppendDelete" time="0,000" classname="cviceni.StringBuilderAndBufferTest"/>
  <testcase name="testBuilderAppend" time="0,001" classname="cviceni.StringBuilderAndBufferTest"/>
  <testcase name="testBuilderAppendDelete" time="0,000" classname="cviceni.StringBuilderAndBufferTest"/>
  <testcase name="testBufferAppend" time="0,000" classname="cviceni.StringBuilderAndBufferTest"/>
  <testcase name="testBuilderAppendDelete" time="0,000" classname="cviceni.StringBuilderAndBufferTest"/>
  <testcase name="testBufferAppend" time="0,001" classname="cviceni.StringBuilderAndBufferTest"/>
  <testcase name="testBufferAppend" time="0,001" classname="cviceni.StringBuilderAndBufferTest"/>
  <testcase name="testBufferAppend" time="0,002" classname="cviceni.StringBuilderAndBufferTest"/>
  <testcase name="testBuilderAppend" time="0,000" classname="cviceni.StringBuilderAndBufferTest"/>
  <testcase name="testBufferAppend" time="0,001" classname="cviceni.StringBuilderAndBufferTest"/>
  <testcase name="testBuilderAppend" time="0,001" classname="cviceni.StringBuilderAndBufferTest"/>
  <testcase name="testBufferAppendDelete" time="0,001" classname="cviceni.StringBuilderAndBufferTest"/>
  <testcase name="testBufferAppend" time="0,000" classname="cviceni.StringBuilderAndBufferTest"/>
  <testcase name="testBufferAppendDelete" time="0,000" classname="cviceni.StringBuilderAndBufferTest"/>
  <testcase name="testBuilderAppend" time="0,000" classname="cviceni.StringBuilderAndBufferTest"/>
  <testcase name="testBuilderAppendDelete" time="0,000" classname="cviceni.StringBuilderAndBufferTest"/>
  <testcase name="testBuilderAppendDelete" time="0,000" classname="cviceni.StringBuilderAndBufferTest"/>
  <testcase name="testBufferAppendDelete" time="0,000" classname="cviceni.StringBuilderAndBufferTest"/>
  <testcase name="testBufferAppendDelete" time="0,001" classname="cviceni.StringBuilderAndBufferTest"/>
  <testcase name="testBuilderAppendDelete" time="0,001" classname="cviceni.StringBuilderAndBufferTest"/>
  <testcase name="testBufferAppendDelete" time="0,000" classname="cviceni.StringBuilderAndBufferTest"/>
  <testcase name="testBuilderAppend" time="0,000" classname="cviceni.StringBuilderAndBufferTest"/>
  <testcase name="testBufferAppend" time="0,000" classname="cviceni.StringBuilderAndBufferTest"/>
  <testcase name="testBufferAppend" time="0,000" classname="cviceni.StringBuilderAndBufferTest"/>
  <testcase name="testBuilderAppend" time="0,001" classname="cviceni.StringBuilderAndBufferTest"/>
  <testcase name="testBuilderAppendDelete" time="0,001" classname="cviceni.StringBuilderAndBufferTest"/>
  <testcase name="testBufferAppendDelete" time="0,000" classname="cviceni.StringBuilderAndBufferTest"/>
  <testcase name="testBufferAppendDelete" time="0,000" classname="cviceni.StringBuilderAndBufferTest"/>
  <testcase name="testBufferAppend" time="0,000" classname="cviceni.StringBuilderAndBufferTest"/>
  <testcase name="testBuilderAppendDelete" time="0,000" classname="cviceni.StringBuilderAndBufferTest"/>
  <testcase name="testBuilderAppendDelete" time="0,000" classname="cviceni.StringBuilderAndBufferTest"/>
  <testcase name="testBufferAppend" time="0,000" classname="cviceni.StringBuilderAndBufferTest"/>
  <testcase name="testBufferAppend" time="0,000" classname="cviceni.StringBuilderAndBufferTest"/>
  <testcase name="testBufferAppend" time="0,000" classname="cviceni.StringBuilderAndBufferTest"/>
  <testcase name="testBuilderAppendDelete" time="0,001" classname="cviceni.StringBuilderAndBufferTest"/>
  <testcase name="testBuilderAppendDelete" time="0,000" classname="cviceni.StringBuilderAndBufferTest"/>
  <testcase name="testBuilderAppendDelete" time="0,000" classname="cviceni.StringBuilderAndBufferTest"/>
  <testcase name="testBuilderAppendDelete" time="0,001" classname="cviceni.StringBuilderAndBufferTest"/>
  <testcase name="testBuilderAppend" time="0,000" classname="cviceni.StringBuilderAndBufferTest"/>
  <testcase name="testBuilderAppendDelete" time="0,001" classname="cviceni.StringBuilderAndBufferTest"/>
  <testcase name="testBuilderAppend" time="0,000" classname="cviceni.StringBuilderAndBufferTest"/>
  <testcase name="testBufferAppendDelete" time="0,001" classname="cviceni.StringBuilderAndBufferTest"/>
  <testcase name="testBuilderAppendDelete" time="0,000" classname="cviceni.StringBuilderAndBufferTest"/>
  <testcase name="testBuilderAppend" time="0,000" classname="cviceni.StringBuilderAndBufferTest"/>
  <testcase name="testBufferAppendDelete" time="0,000" classname="cviceni.StringBuilderAndBufferTest"/>
  <testcase name="testBufferAppendDelete" time="0,000" classname="cviceni.StringBuilderAndBufferTest"/>
  <testcase name="testBufferAppendDelete" time="0,001" classname="cviceni.StringBuilderAndBufferTest"/>
  <testcase name="testBuilderAppendDelete" time="0,001" classname="cviceni.StringBuilderAndBufferTest"/>
  <testcase name="testBufferAppendDelete" time="0,001" classname="cviceni.StringBuilderAndBufferTest"/>
  <testcase name="testBufferAppendDelete" time="0,000" classname="cviceni.StringBuilderAndBufferTest"/>
  <testcase name="testBufferAppend" time="0,000" classname="cviceni.StringBuilderAndBufferTest"/>
  <testcase name="testBufferAppend" time="0,001" classname="cviceni.StringBuilderAndBufferTest"/>
  <testcase name="testBufferAppend" time="0,000" classname="cviceni.StringBuilderAndBufferTest"/>
  <testcase name="testBufferAppend" time="0,000" classname="cviceni.StringBuilderAndBufferTest"/>
  <testcase name="testBufferAppendDelete" time="0,000" classname="cviceni.StringBuilderAndBufferTest"/>
  <testcase name="testBuilderAppendDelete" time="0,001" classname="cviceni.StringBuilderAndBufferTest"/>
  <testcase name="testBufferAppend" time="0,000" classname="cviceni.StringBuilderAndBufferTest"/>
  <testcase name="testBuilderAppend" time="0,001" classname="cviceni.StringBuilderAndBufferTest"/>
  <testcase name="testBufferAppendDelete" time="0,000" classname="cviceni.StringBuilderAndBufferTest"/>
  <testcase name="testBuilderAppendDelete" time="0,001" classname="cviceni.StringBuilderAndBufferTest"/>
  <testcase name="testBuilderAppendDelete" time="0,001" classname="cviceni.StringBuilderAndBufferTest"/>
  <testcase name="testBuilderAppendDelete" time="0,000" classname="cviceni.StringBuilderAndBufferTest"/>
  <testcase name="testBufferAppend" time="0,000" classname="cviceni.StringBuilderAndBufferTest"/>
  <testcase name="testBuilderAppend" time="0,000" classname="cviceni.StringBuilderAndBufferTest"/>
  <testcase name="testBuilderAppend" time="0,001" classname="cviceni.StringBuilderAndBufferTest"/>
  <testcase name="testBuilderAppend" time="0,000" classname="cviceni.StringBuilderAndBufferTest"/>
  <testcase name="testBuilderAppendDelete" time="0,000" classname="cviceni.StringBuilderAndBufferTest"/>
  <testcase name="testBuilderAppendDelete" time="0,000" classname="cviceni.StringBuilderAndBufferTest"/>
  <testcase name="testBuilderAppendDelete" time="0,000" classname="cviceni.StringBuilderAndBufferTest"/>
  <testcase name="testBufferAppendDelete" time="0,004" classname="cviceni.StringBuilderAndBufferTest"/>
  <testcase name="testBufferAppendDelete" time="0,000" classname="cviceni.StringBuilderAndBufferTest"/>
  <testcase name="testBuilderAppend" time="0,000" classname="cviceni.StringBuilderAndBufferTest"/>
  <testcase name="testBuilderAppendDelete" time="0,001" classname="cviceni.StringBuilderAndBufferTest"/>
  <testcase name="testBufferAppend" time="0,001" classname="cviceni.StringBuilderAndBufferTest"/>
  <testcase name="testBuilderAppend" time="0,000" classname="cviceni.StringBuilderAndBufferTest"/>
  <testcase name="testBuilderAppend" time="0,001" classname="cviceni.StringBuilderAndBufferTest"/>
  <testcase name="testBuilderAppend" time="0,000" classname="cviceni.StringBuilderAndBufferTest"/>
  <testcase name="testBuilderAppend" time="0,000" classname="cviceni.StringBuilderAndBufferTest"/>
  <testcase name="testBuilderAppend" time="0,001" classname="cviceni.StringBuilderAndBufferTest"/>
  <testcase name="testBuilderAppendDelete" time="0,000" classname="cviceni.StringBuilderAndBufferTest"/>
  <testcase name="testBuilderAppend" time="0,000" classname="cviceni.StringBuilderAndBufferTest"/>
  <testcase name="testBufferAppendDelete" time="0,000" classname="cviceni.StringBuilderAndBufferTest"/>
  <testcase name="testBuilderAppendDelete" time="0,000" classname="cviceni.StringBuilderAndBufferTest"/>
  <testcase name="testBufferAppendDelete" time="0,000" classname="cviceni.StringBuilderAndBufferTest"/>
  <testcase name="testBuilderAppendDelete" time="0,000" classname="cviceni.StringBuilderAndBufferTest"/>
  <testcase name="testBufferAppendDelete" time="0,004" classname="cviceni.StringBuilderAndBufferTest"/>
  <testcase name="testBuilderAppendDelete" time="0,000" classname="cviceni.StringBuilderAndBufferTest"/>
  <testcase name="testBuilderAppendDelete" time="0,000" classname="cviceni.StringBuilderAndBufferTest"/>
  <testcase name="testBuilderAppend" time="0,001" classname="cviceni.StringBuilderAndBufferTest"/>
  <testcase name="testBuilderAppend" time="0,000" classname="cviceni.StringBuilderAndBufferTest"/>
  <testcase name="testBufferAppend" time="0,000" classname="cviceni.StringBuilderAndBufferTest"/>
  <testcase name="testBufferAppendDelete" time="0,000" classname="cviceni.StringBuilderAndBufferTest"/>
  <testcase name="testBufferAppend" time="0,000" classname="cviceni.StringBuilderAndBufferTest"/>
  <testcase name="testBuilderAppend" time="0,000" classname="cviceni.StringBuilderAndBufferTest"/>
  <testcase name="testBufferAppendDelete" time="0,000" classname="cviceni.StringBuilderAndBufferTest"/>
  <testcase name="testBuilderAppendDelete" time="0,000" classname="cviceni.StringBuilderAndBufferTest"/>
  <testcase name="testBufferAppend" time="0,001" classname="cviceni.StringBuilderAndBufferTest"/>
  <testcase name="testBufferAppendDelete" time="0,000" classname="cviceni.StringBuilderAndBufferTest"/>
  <testcase name="testBuilderAppendDelete" time="0,000" classname="cviceni.StringBuilderAndBufferTest"/>
  <testcase name="testBufferAppendDelete" time="0,000" classname="cviceni.StringBuilderAndBufferTest"/>
  <testcase name="testBuilderAppend" time="0,000" classname="cviceni.StringBuilderAndBufferTest"/>
  <testcase name="testBuilderAppend" time="0,000" classname="cviceni.StringBuilderAndBufferTest"/>
  <testcase name="testBufferAppend" time="0,000" classname="cviceni.StringBuilderAndBufferTest"/>
  <testcase name="testBuilderAppend" time="0,000" classname="cviceni.StringBuilderAndBufferTest"/>
  <testcase name="testBufferAppendDelete" time="0,000" classname="cviceni.StringBuilderAndBufferTest"/>
  <testcase name="testBufferAppend" time="0,000" classname="cviceni.StringBuilderAndBufferTest"/>
  <testcase name="testBuilderAppend" time="0,000" classname="cviceni.StringBuilderAndBufferTest"/>
  <testcase name="testBufferAppendDelete" time="0,000" classname="cviceni.StringBuilderAndBufferTest"/>
  <testcase name="testBuilderAppendDelete" time="0,000" classname="cviceni.StringBuilderAndBufferTest"/>
  <testcase name="testBufferAppendDelete" time="0,000" classname="cviceni.StringBuilderAndBufferTest"/>
  <testcase name="testBufferAppendDelete" time="0,000" classname="cviceni.StringBuilderAndBufferTest"/>
  <testcase name="testBufferAppendDelete" time="0,000" classname="cviceni.StringBuilderAndBufferTest"/>
  <testcase name="testBuilderAppendDelete" time="0,000" classname="cviceni.StringBuilderAndBufferTest"/>
  <testcase name="testBuilderAppendDelete" time="0,000" classname="cviceni.StringBuilderAndBufferTest"/>
  <testcase name="testBuilderAppend" time="0,000" classname="cviceni.StringBuilderAndBufferTest"/>
  <testcase name="testBuilderAppendDelete" time="0,001" classname="cviceni.StringBuilderAndBufferTest"/>
  <testcase name="testBuilderAppend" time="0,011" classname="cviceni.StringBuilderAndBufferTest"/>
  <testcase name="testBuilderAppend" time="0,000" classname="cviceni.StringBuilderAndBufferTest"/>
  <testcase name="testBufferAppendDelete" time="0,001" classname="cviceni.StringBuilderAndBufferTest"/>
  <testcase name="testBufferAppendDelete" time="0,001" classname="cviceni.StringBuilderAndBufferTest"/>
  <testcase name="testBuilderAppendDelete" time="0,000" classname="cviceni.StringBuilderAndBufferTest"/>
  <testcase name="testBufferAppend" time="0,000" classname="cviceni.StringBuilderAndBufferTest"/>
  <testcase name="testBufferAppend" time="0,000" classname="cviceni.StringBuilderAndBufferTest"/>
  <testcase name="testBuilderAppend" time="0,000" classname="cviceni.StringBuilderAndBufferTest"/>
  <testcase name="testBuilderAppend" time="0,000" classname="cviceni.StringBuilderAndBufferTest"/>
  <testcase name="testBuilderAppendDelete" time="0,001" classname="cviceni.StringBuilderAndBufferTest"/>
  <testcase name="testBuilderAppend" time="0,000" classname="cviceni.StringBuilderAndBufferTest"/>
  <testcase name="testBuilderAppendDelete" time="0,000" classname="cviceni.StringBuilderAndBufferTest"/>
  <testcase name="testBufferAppendDelete" time="0,000" classname="cviceni.StringBuilderAndBufferTest"/>
  <testcase name="testBuilderAppend" time="0,000" classname="cviceni.StringBuilderAndBufferTest"/>
  <testcase name="testBufferAppendDelete" time="0,000" classname="cviceni.StringBuilderAndBufferTest"/>
  <testcase name="testBufferAppendDelete" time="0,000" classname="cviceni.StringBuilderAndBufferTest"/>
  <testcase name="testBufferAppend" time="0,000" classname="cviceni.StringBuilderAndBufferTest"/>
  <testcase name="testBuilderAppend" time="0,001" classname="cviceni.StringBuilderAndBufferTest"/>
  <testcase name="testBuilderAppend" time="0,000" classname="cviceni.StringBuilderAndBufferTest"/>
  <testcase name="testBufferAppendDelete" time="0,000" classname="cviceni.StringBuilderAndBufferTest"/>
  <testcase name="testBufferAppendDelete" time="0,000" classname="cviceni.StringBuilderAndBufferTest"/>
  <testcase name="testBufferAppendDelete" time="0,000" classname="cviceni.StringBuilderAndBufferTest"/>
  <testcase name="testBuilderAppend" time="0,009" classname="cviceni.StringBuilderAndBufferTest"/>
  <testcase name="testBuilderAppend" time="0,001" classname="cviceni.StringBuilderAndBufferTest"/>
  <testcase name="testBuilderAppend" time="0,001" classname="cviceni.StringBuilderAndBufferTest"/>
  <testcase name="testBuilderAppend" time="0,000" classname="cviceni.StringBuilderAndBufferTest"/>
  <testcase name="testBuilderAppend" time="0,000" classname="cviceni.StringBuilderAndBufferTest"/>
  <testcase name="testBuilderAppend" time="0,000" classname="cviceni.StringBuilderAndBufferTest"/>
  <testcase name="testBufferAppend" time="0,000" classname="cviceni.StringBuilderAndBufferTest"/>
  <testcase name="testBuilderAppend" time="0,000" classname="cviceni.StringBuilderAndBufferTest"/>
  <testcase name="testBufferAppend" time="0,000" classname="cviceni.StringBuilderAndBufferTest"/>
  <testcase name="testBufferAppendDelete" time="0,001" classname="cviceni.StringBuilderAndBufferTest"/>
  <testcase name="testBufferAppendDelete" time="0,000" classname="cviceni.StringBuilderAndBufferTest"/>
  <testcase name="testBuilderAppend" time="0,001" classname="cviceni.StringBuilderAndBufferTest"/>
  <testcase name="testBufferAppend" time="0,001" classname="cviceni.StringBuilderAndBufferTest"/>
  <testcase name="testBuilderAppendDelete" time="0,000" classname="cviceni.StringBuilderAndBufferTest"/>
  <testcase name="testBuilderAppendDelete" time="0,002" classname="cviceni.StringBuilderAndBufferTest"/>
  <testcase name="testBuilderAppendDelete" time="0,001" classname="cviceni.StringBuilderAndBufferTest"/>
  <testcase name="testBufferAppendDelete" time="0,001" classname="cviceni.StringBuilderAndBufferTest"/>
  <testcase name="testBuilderAppendDelete" time="0,000" classname="cviceni.StringBuilderAndBufferTest"/>
  <testcase name="testBuilderAppend" time="0,000" classname="cviceni.StringBuilderAndBufferTest"/>
  <testcase name="testBufferAppend" time="0,000" classname="cviceni.StringBuilderAndBufferTest"/>
  <testcase name="testBuilderAppendDelete" time="0,000" classname="cviceni.StringBuilderAndBufferTest"/>
  <testcase name="testBuilderAppend" time="0,000" classname="cviceni.StringBuilderAndBufferTest"/>
  <testcase name="testBuilderAppendDelete" time="0,000" classname="cviceni.StringBuilderAndBufferTest"/>
  <testcase name="testBufferAppendDelete" time="0,001" classname="cviceni.StringBuilderAndBufferTest"/>
  <testcase name="testBuilderAppendDelete" time="0,000" classname="cviceni.StringBuilderAndBufferTest"/>
  <testcase name="testBufferAppendDelete" time="0,000" classname="cviceni.StringBuilderAndBufferTest"/>
  <testcase name="testBuilderAppendDelete" time="0,000" classname="cviceni.StringBuilderAndBufferTest"/>
  <testcase name="testBufferAppendDelete" time="0,000" classname="cviceni.StringBuilderAndBufferTest"/>
  <testcase name="testBufferAppend" time="0,001" classname="cviceni.StringBuilderAndBufferTest"/>
  <testcase name="testBufferAppend" time="0,000" classname="cviceni.StringBuilderAndBufferTest"/>
  <testcase name="testBufferAppend" time="0,000" classname="cviceni.StringBuilderAndBufferTest"/>
  <testcase name="testBufferAppend" time="0,000" classname="cviceni.StringBuilderAndBufferTest"/>
  <testcase name="testBuilderAppend" time="0,000" classname="cviceni.StringBuilderAndBufferTest"/>
  <testcase name="testBufferAppend" time="0,000" classname="cviceni.StringBuilderAndBufferTest"/>
  <testcase name="testBuilderAppendDelete" time="0,001" classname="cviceni.StringBuilderAndBufferTest"/>
  <testcase name="testBufferAppendDelete" time="0,001" classname="cviceni.StringBuilderAndBufferTest"/>
  <testcase name="testBuilderAppend" time="0,000" classname="cviceni.StringBuilderAndBufferTest"/>
  <testcase name="testBufferAppend" time="0,000" classname="cviceni.StringBuilderAndBufferTest"/>
  <testcase name="testBuilderAppendDelete" time="0,001" classname="cviceni.StringBuilderAndBufferTest"/>
  <testcase name="testBuilderAppendDelete" time="0,000" classname="cviceni.StringBuilderAndBufferTest"/>
  <testcase name="testBuilderAppend" time="0,000" classname="cviceni.StringBuilderAndBufferTest"/>
  <testcase name="testBuilderAppendDelete" time="0,000" classname="cviceni.StringBuilderAndBufferTest"/>
  <testcase name="testBufferAppendDelete" time="0,000" classname="cviceni.StringBuilderAndBufferTest"/>
  <testcase name="testBufferAppendDelete" time="0,000" classname="cviceni.StringBuilderAndBufferTest"/>
  <testcase name="testBufferAppend" time="0,000" classname="cviceni.StringBuilderAndBufferTest"/>
  <testcase name="testBuilderAppend" time="0,001" classname="cviceni.StringBuilderAndBufferTest"/>
  <testcase name="testBuilderAppend" time="0,000" classname="cviceni.StringBuilderAndBufferTest"/>
  <testcase name="testBuilderAppendDelete" time="0,000" classname="cviceni.StringBuilderAndBufferTest"/>
  <testcase name="testBuilderAppend" time="0,000" classname="cviceni.StringBuilderAndBufferTest"/>
  <testcase name="testBufferAppendDelete" time="0,000" classname="cviceni.StringBuilderAndBufferTest"/>
  <testcase name="testBuilderAppend" time="0,000" classname="cviceni.StringBuilderAndBufferTest"/>
  <testcase name="testBufferAppendDelete" time="0,000" classname="cviceni.StringBuilderAndBufferTest"/>
  <testcase name="testBufferAppend" time="0,000" classname="cviceni.StringBuilderAndBufferTest"/>
  <testcase name="testBufferAppend" time="0,001" classname="cviceni.StringBuilderAndBufferTest"/>
  <testcase name="testBuilderAppendDelete" time="0,000" classname="cviceni.StringBuilderAndBufferTest"/>
  <testcase name="testBuilderAppend" time="0,000" classname="cviceni.StringBuilderAndBufferTest"/>
  <testcase name="testBuilderAppendDelete" time="0,001" classname="cviceni.StringBuilderAndBufferTest"/>
  <testcase name="testBufferAppendDelete" time="0,000" classname="cviceni.StringBuilderAndBufferTest"/>
  <testcase name="testBuilderAppend" time="0,000" classname="cviceni.StringBuilderAndBufferTest"/>
  <testcase name="testBufferAppend" time="0,000" classname="cviceni.StringBuilderAndBufferTest"/>
  <testcase name="testBuilderAppendDelete" time="0,000" classname="cviceni.StringBuilderAndBufferTest"/>
  <testcase name="testBufferAppendDelete" time="0,001" classname="cviceni.StringBuilderAndBufferTest"/>
  <testcase name="testBuilderAppend" time="0,000" classname="cviceni.StringBuilderAndBufferTest"/>
  <testcase name="testBuilderAppendDelete" time="0,000" classname="cviceni.StringBuilderAndBufferTest"/>
  <testcase name="testBufferAppendDelete" time="0,000" classname="cviceni.StringBuilderAndBufferTest"/>
  <testcase name="testBufferAppend" time="0,001" classname="cviceni.StringBuilderAndBufferTest"/>
  <testcase name="testBufferAppend" time="0,001" classname="cviceni.StringBuilderAndBufferTest"/>
  <testcase name="testBufferAppendDelete" time="0,000" classname="cviceni.StringBuilderAndBufferTest"/>
  <testcase name="testBuilderAppendDelete" time="0,000" classname="cviceni.StringBuilderAndBufferTest"/>
  <testcase name="testBufferAppendDelete" time="0,000" classname="cviceni.StringBuilderAndBufferTest"/>
  <testcase name="testBufferAppendDelete" time="0,001" classname="cviceni.StringBuilderAndBufferTest"/>
  <testcase name="testBuilderAppendDelete" time="0,000" classname="cviceni.StringBuilderAndBufferTest"/>
  <testcase name="testBufferAppendDelete" time="0,000" classname="cviceni.StringBuilderAndBufferTest"/>
  <testcase name="testBuilderAppend" time="0,057" classname="cviceni.StringBuilderAndBufferTest"/>
  <testcase name="testBufferAppend" time="0,000" classname="cviceni.StringBuilderAndBufferTest"/>
  <testcase name="testBufferAppend" time="0,001" classname="cviceni.StringBuilderAndBufferTest"/>
  <testcase name="testBufferAppend" time="0,000" classname="cviceni.StringBuilderAndBufferTest"/>
  <testcase name="testBufferAppendDelete" time="0,000" classname="cviceni.StringBuilderAndBufferTest"/>
  <testcase name="testBuilderAppend" time="0,000" classname="cviceni.StringBuilderAndBufferTest"/>
  <testcase name="testBufferAppendDelete" time="0,000" classname="cviceni.StringBuilderAndBufferTest"/>
  <testcase name="testBuilderAppendDelete" time="0,000" classname="cviceni.StringBuilderAndBufferTest"/>
  <testcase name="testBufferAppendDelete" time="0,000" classname="cviceni.StringBuilderAndBufferTest"/>
  <testcase name="testBufferAppendDelete" time="0,000" classname="cviceni.StringBuilderAndBufferTest"/>
  <testcase name="testBufferAppendDelete" time="0,000" classname="cviceni.StringBuilderAndBufferTest"/>
  <testcase name="testBuilderAppend" time="0,000" classname="cviceni.StringBuilderAndBufferTest"/>
  <testcase name="testBuilderAppend" time="0,000" classname="cviceni.StringBuilderAndBufferTest"/>
  <testcase name="testBuilderAppendDelete" time="0,000" classname="cviceni.StringBuilderAndBufferTest"/>
  <testcase name="testBufferAppendDelete" time="0,000" classname="cviceni.StringBuilderAndBufferTest"/>
  <testcase name="testBuilderAppendDelete" time="0,000" classname="cviceni.StringBuilderAndBufferTest"/>
  <testcase name="testBufferAppend" time="0,000" classname="cviceni.StringBuilderAndBufferTest"/>
  <testcase name="testBufferAppend" time="0,000" classname="cviceni.StringBuilderAndBufferTest"/>
  <testcase name="testBuilderAppend" time="0,000" classname="cviceni.StringBuilderAndBufferTest"/>
  <testcase name="testBuilderAppend" time="0,000" classname="cviceni.StringBuilderAndBufferTest"/>
  <testcase name="testBuilderAppend" time="0,000" classname="cviceni.StringBuilderAndBufferTest"/>
  <testcase name="testBufferAppend" time="0,001" classname="cviceni.StringBuilderAndBufferTest"/>
  <testcase name="testBuilderAppend" time="0,001" classname="cviceni.StringBuilderAndBufferTest"/>
  <testcase name="testBuilderAppend" time="0,000" classname="cviceni.StringBuilderAndBufferTest"/>
  <testcase name="testBufferAppendDelete" time="0,015" classname="cviceni.StringBuilderAndBufferTest"/>
  <testcase name="testBufferAppend" time="0,000" classname="cviceni.StringBuilderAndBufferTest"/>
  <testcase name="testBufferAppendDelete" time="0,000" classname="cviceni.StringBuilderAndBufferTest"/>
  <testcase name="testBufferAppendDelete" time="0,000" classname="cviceni.StringBuilderAndBufferTest"/>
  <testcase name="testBufferAppendDelete" time="0,000" classname="cviceni.StringBuilderAndBufferTest"/>
  <testcase name="testBufferAppend" time="0,000" classname="cviceni.StringBuilderAndBufferTest"/>
  <testcase name="testBufferAppend" time="0,000" classname="cviceni.StringBuilderAndBufferTest"/>
  <testcase name="testBuilderAppendDelete" time="0,000" classname="cviceni.StringBuilderAndBufferTest"/>
  <testcase name="testBuilderAppendDelete" time="0,001" classname="cviceni.StringBuilderAndBufferTest"/>
  <testcase name="testBufferAppend" time="0,033" classname="cviceni.StringBuilderAndBufferTest"/>
  <testcase name="testBufferAppendDelete" time="0,001" classname="cviceni.StringBuilderAndBufferTest"/>
  <testcase name="testBuilderAppend" time="0,000" classname="cviceni.StringBuilderAndBufferTest"/>
  <testcase name="testBuilderAppendDelete" time="0,000" classname="cviceni.StringBuilderAndBufferTest"/>
  <testcase name="testBuilderAppend" time="0,000" classname="cviceni.StringBuilderAndBufferTest"/>
  <testcase name="testBuilderAppendDelete" time="0,000" classname="cviceni.StringBuilderAndBufferTest"/>
  <testcase name="testBufferAppendDelete" time="0,000" classname="cviceni.StringBuilderAndBufferTest"/>
  <testcase name="testBufferAppend" time="0,000" classname="cviceni.StringBuilderAndBufferTest"/>
  <testcase name="testBufferAppend" time="0,000" classname="cviceni.StringBuilderAndBufferTest"/>
  <testcase name="testBufferAppendDelete" time="0,000" classname="cviceni.StringBuilderAndBufferTest"/>
  <testcase name="testBufferAppendDelete" time="0,001" classname="cviceni.StringBuilderAndBufferTest"/>
  <testcase name="testBuilderAppendDelete" time="0,000" classname="cviceni.StringBuilderAndBufferTest"/>
  <testcase name="testBufferAppend" time="0,000" classname="cviceni.StringBuilderAndBufferTest"/>
  <testcase name="testBufferAppendDelete" time="0,001" classname="cviceni.StringBuilderAndBufferTest"/>
  <testcase name="testBuilderAppend" time="0,000" classname="cviceni.StringBuilderAndBufferTest"/>
  <testcase name="testBufferAppendDelete" time="0,000" classname="cviceni.StringBuilderAndBufferTest"/>
  <testcase name="testBuilderAppend" time="0,000" classname="cviceni.StringBuilderAndBufferTest"/>
  <testcase name="testBuilderAppend" time="0,000" classname="cviceni.StringBuilderAndBufferTest"/>
  <testcase name="testBufferAppend" time="0,000" classname="cviceni.StringBuilderAndBufferTest"/>
  <testcase name="testBufferAppendDelete" time="0,001" classname="cviceni.StringBuilderAndBufferTest"/>
  <testcase name="testBuilderAppendDelete" time="0,000" classname="cviceni.StringBuilderAndBufferTest"/>
  <testcase name="testBuilderAppend" time="0,000" classname="cviceni.StringBuilderAndBufferTest"/>
  <testcase name="testBuilderAppendDelete" time="0,000" classname="cviceni.StringBuilderAndBufferTest"/>
  <testcase name="testBufferAppendDelete" time="0,000" classname="cviceni.StringBuilderAndBufferTest"/>
  <testcase name="testBuilderAppend" time="0,000" classname="cviceni.StringBuilderAndBufferTest"/>
  <testcase name="testBufferAppendDelete" time="0,000" classname="cviceni.StringBuilderAndBufferTest"/>
  <testcase name="testBufferAppendDelete" time="0,001" classname="cviceni.StringBuilderAndBufferTest"/>
  <testcase name="testBuilderAppendDelete" time="0,001" classname="cviceni.StringBuilderAndBufferTest"/>
  <testcase name="testBufferAppend" time="0,000" classname="cviceni.StringBuilderAndBufferTest"/>
  <testcase name="testBufferAppendDelete" time="0,000" classname="cviceni.StringBuilderAndBufferTest"/>
  <testcase name="testBuilderAppendDelete" time="0,000" classname="cviceni.StringBuilderAndBufferTest"/>
  <testcase name="testBuilderAppendDelete" time="0,000" classname="cviceni.StringBuilderAndBufferTest"/>
  <testcase name="testBufferAppendDelete" time="0,432" classname="cviceni.StringBuilderAndBufferTest"/>
  <testcase name="testBufferAppendDelete" time="0,001" classname="cviceni.StringBuilderAndBufferTest"/>
  <testcase name="testBufferAppend" time="0,000" classname="cviceni.StringBuilderAndBufferTest"/>
  <testcase name="testBufferAppendDelete" time="0,001" classname="cviceni.StringBuilderAndBufferTest"/>
  <testcase name="testBufferAppendDelete" time="0,001" classname="cviceni.StringBuilderAndBufferTest"/>
  <testcase name="testBuilderAppendDelete" time="0,001" classname="cviceni.StringBuilderAndBufferTest"/>
  <testcase name="testBuilderAppendDelete" time="0,000" classname="cviceni.StringBuilderAndBufferTest"/>
  <testcase name="testBuilderAppend" time="0,000" classname="cviceni.StringBuilderAndBufferTest"/>
  <testcase name="testBufferAppendDelete" time="0,001" classname="cviceni.StringBuilderAndBufferTest"/>
  <testcase name="testBufferAppend" time="0,001" classname="cviceni.StringBuilderAndBufferTest"/>
  <testcase name="testBufferAppendDelete" time="0,000" classname="cviceni.StringBuilderAndBufferTest"/>
  <testcase name="testBufferAppendDelete" time="0,000" classname="cviceni.StringBuilderAndBufferTest"/>
  <testcase name="testBuilderAppend" time="0,000" classname="cviceni.StringBuilderAndBufferTest"/>
  <testcase name="testBuilderAppendDelete" time="0,000" classname="cviceni.StringBuilderAndBufferTest"/>
  <testcase name="testBuilderAppendDelete" time="0,000" classname="cviceni.StringBuilderAndBufferTest"/>
  <testcase name="testBufferAppend" time="0,000" classname="cviceni.StringBuilderAndBufferTest"/>
  <testcase name="testBuilderAppendDelete" time="0,001" classname="cviceni.StringBuilderAndBufferTest"/>
  <testcase name="testBufferAppendDelete" time="0,001" classname="cviceni.StringBuilderAndBufferTest"/>
  <testcase name="testBufferAppend" time="0,000" classname="cviceni.StringBuilderAndBufferTest"/>
  <testcase name="testBuilderAppend" time="0,000" classname="cviceni.StringBuilderAndBufferTest"/>
  <testcase name="testBufferAppend" time="0,000" classname="cviceni.StringBuilderAndBufferTest"/>
  <testcase name="testBufferAppend" time="0,000" classname="cviceni.StringBuilderAndBufferTest"/>
  <testcase name="testBufferAppend" time="0,000" classname="cviceni.StringBuilderAndBufferTest"/>
  <testcase name="testBuilderAppendDelete" time="0,000" classname="cviceni.StringBuilderAndBufferTest"/>
  <testcase name="testBufferAppendDelete" time="0,000" classname="cviceni.StringBuilderAndBufferTest"/>
  <testcase name="testBufferAppendDelete" time="0,000" classname="cviceni.StringBuilderAndBufferTest"/>
  <testcase name="testBufferAppend" time="0,000" classname="cviceni.StringBuilderAndBufferTest"/>
  <testcase name="testBufferAppendDelete" time="0,001" classname="cviceni.StringBuilderAndBufferTest"/>
  <testcase name="testBufferAppendDelete" time="0,000" classname="cviceni.StringBuilderAndBufferTest"/>
  <testcase name="testBufferAppend" time="0,000" classname="cviceni.StringBuilderAndBufferTest"/>
  <testcase name="testBufferAppend" time="0,000" classname="cviceni.StringBuilderAndBufferTest"/>
  <testcase name="testBuilderAppend" time="0,000" classname="cviceni.StringBuilderAndBufferTest"/>
  <testcase name="testBufferAppendDelete" time="0,001" classname="cviceni.StringBuilderAndBufferTest"/>
  <testcase name="testBufferAppend" time="0,001" classname="cviceni.StringBuilderAndBufferTest"/>
  <testcase name="testBuilderAppendDelete" time="0,000" classname="cviceni.StringBuilderAndBufferTest"/>
  <testcase name="testBufferAppend" time="0,000" classname="cviceni.StringBuilderAndBufferTest"/>
  <testcase name="testBufferAppendDelete" time="0,000" classname="cviceni.StringBuilderAndBufferTest"/>
  <testcase name="testBuilderAppend" time="0,000" classname="cviceni.StringBuilderAndBufferTest"/>
  <testcase name="testBufferAppend" time="0,000" classname="cviceni.StringBuilderAndBufferTest"/>
  <testcase name="testBuilderAppendDelete" time="0,000" classname="cviceni.StringBuilderAndBufferTest"/>
  <testcase name="testBuilderAppend" time="0,000" classname="cviceni.StringBuilderAndBufferTest"/>
  <testcase name="testBuilderAppend" time="0,001" classname="cviceni.StringBuilderAndBufferTest"/>
  <testcase name="testBuilderAppend" time="0,000" classname="cviceni.StringBuilderAndBufferTest"/>
  <testcase name="testBufferAppend" time="0,001" classname="cviceni.StringBuilderAndBufferTest"/>
  <testcase name="testBuilderAppend" time="0,001" classname="cviceni.StringBuilderAndBufferTest"/>
  <testcase name="testBuilderAppend" time="0,000" classname="cviceni.StringBuilderAndBufferTest"/>
  <testcase name="testBuilderAppend" time="0,000" classname="cviceni.StringBuilderAndBufferTest"/>
  <testcase name="testBufferAppendDelete" time="0,000" classname="cviceni.StringBuilderAndBufferTest"/>
  <testcase name="testBufferAppendDelete" time="0,000" classname="cviceni.StringBuilderAndBufferTest"/>
  <testcase name="testBufferAppendDelete" time="0,001" classname="cviceni.StringBuilderAndBufferTest"/>
  <testcase name="testBuilderAppendDelete" time="0,000" classname="cviceni.StringBuilderAndBufferTest"/>
  <testcase name="testBuilderAppend" time="0,001" classname="cviceni.StringBuilderAndBufferTest"/>
  <testcase name="testBuilderAppendDelete" time="0,000" classname="cviceni.StringBuilderAndBufferTest"/>
  <testcase name="testBufferAppendDelete" time="0,001" classname="cviceni.StringBuilderAndBufferTest"/>
  <testcase name="testBuilderAppend" time="0,000" classname="cviceni.StringBuilderAndBufferTest"/>
  <testcase name="testBufferAppendDelete" time="0,000" classname="cviceni.StringBuilderAndBufferTest"/>
  <testcase name="testBufferAppend" time="0,000" classname="cviceni.StringBuilderAndBufferTest"/>
  <testcase name="testBufferAppendDelete" time="0,000" classname="cviceni.StringBuilderAndBufferTest"/>
  <testcase name="testBuilderAppend" time="0,000" classname="cviceni.StringBuilderAndBufferTest"/>
  <testcase name="testBufferAppend" time="0,000" classname="cviceni.StringBuilderAndBufferTest"/>
  <testcase name="testBuilderAppend" time="0,000" classname="cviceni.StringBuilderAndBufferTest"/>
  <testcase name="testBuilderAppend" time="0,000" classname="cviceni.StringBuilderAndBufferTest"/>
  <testcase name="testBufferAppendDelete" time="0,000" classname="cviceni.StringBuilderAndBufferTest"/>
  <testcase name="testBufferAppend" time="0,000" classname="cviceni.StringBuilderAndBufferTest"/>
  <testcase name="testBufferAppendDelete" time="0,000" classname="cviceni.StringBuilderAndBufferTest"/>
  <testcase name="testBuilderAppendDelete" time="0,000" classname="cviceni.StringBuilderAndBufferTest"/>
  <testcase name="testBuilderAppend" time="0,000" classname="cviceni.StringBuilderAndBufferTest"/>
  <testcase name="testBuilderAppend" time="0,001" classname="cviceni.StringBuilderAndBufferTest"/>
  <testcase name="testBuilderAppendDelete" time="0,001" classname="cviceni.StringBuilderAndBufferTest"/>
  <testcase name="testBuilderAppendDelete" time="0,000" classname="cviceni.StringBuilderAndBufferTest"/>
  <testcase name="testBuilderAppend" time="0,000" classname="cviceni.StringBuilderAndBufferTest"/>
  <testcase name="testBuilderAppendDelete" time="0,000" classname="cviceni.StringBuilderAndBufferTest"/>
  <testcase name="testBufferAppendDelete" time="0,000" classname="cviceni.StringBuilderAndBufferTest"/>
  <testcase name="testBuilderAppendDelete" time="0,001" classname="cviceni.StringBuilderAndBufferTest"/>
  <testcase name="testBuilderAppendDelete" time="0,001" classname="cviceni.StringBuilderAndBufferTest"/>
  <testcase name="testBufferAppendDelete" time="0,000" classname="cviceni.StringBuilderAndBufferTest"/>
  <testcase name="testBuilderAppend" time="0,000" classname="cviceni.StringBuilderAndBufferTest"/>
  <testcase name="testBufferAppendDelete" time="0,000" classname="cviceni.StringBuilderAndBufferTest"/>
  <testcase name="testBufferAppendDelete" time="0,000" classname="cviceni.StringBuilderAndBufferTest"/>
  <testcase name="testBufferAppend" time="0,000" classname="cviceni.StringBuilderAndBufferTest"/>
  <testcase name="testBufferAppendDelete" time="0,000" classname="cviceni.StringBuilderAndBufferTest"/>
  <testcase name="testBuilderAppendDelete" time="0,001" classname="cviceni.StringBuilderAndBufferTest"/>
  <testcase name="testBuilderAppend" time="0,000" classname="cviceni.StringBuilderAndBufferTest"/>
  <testcase name="testBuilderAppend" time="0,001" classname="cviceni.StringBuilderAndBufferTest"/>
  <testcase name="testBufferAppend" time="0,000" classname="cviceni.StringBuilderAndBufferTest"/>
  <testcase name="testBuilderAppend" time="0,000" classname="cviceni.StringBuilderAndBufferTest"/>
  <testcase name="testBuilderAppend" time="0,000" classname="cviceni.StringBuilderAndBufferTest"/>
  <testcase name="testBufferAppend" time="0,001" classname="cviceni.StringBuilderAndBufferTest"/>
  <testcase name="testBuilderAppendDelete" time="0,000" classname="cviceni.StringBuilderAndBufferTest"/>
  <testcase name="testBuilderAppend" time="0,000" classname="cviceni.StringBuilderAndBufferTest"/>
  <testcase name="testBufferAppend" time="0,001" classname="cviceni.StringBuilderAndBufferTest"/>
  <testcase name="testBufferAppend" time="0,000" classname="cviceni.StringBuilderAndBufferTest"/>
  <testcase name="testBuilderAppend" time="0,000" classname="cviceni.StringBuilderAndBufferTest"/>
  <testcase name="testBuilderAppend" time="0,001" classname="cviceni.StringBuilderAndBufferTest"/>
  <testcase name="testBufferAppend" time="0,000" classname="cviceni.StringBuilderAndBufferTest"/>
  <testcase name="testBufferAppend" time="0,004" classname="cviceni.StringBuilderAndBufferTest"/>
  <testcase name="testBuilderAppend" time="0,000" classname="cviceni.StringBuilderAndBufferTest"/>
  <testcase name="testBuilderAppendDelete" time="0,000" classname="cviceni.StringBuilderAndBufferTest"/>
  <testcase name="testBuilderAppendDelete" time="0,001" classname="cviceni.StringBuilderAndBufferTest"/>
  <testcase name="testBufferAppend" time="0,000" classname="cviceni.StringBuilderAndBufferTest"/>
  <testcase name="testBufferAppend" time="0,000" classname="cviceni.StringBuilderAndBufferTest"/>
  <testcase name="testBufferAppendDelete" time="0,001" classname="cviceni.StringBuilderAndBufferTest"/>
  <testcase name="testBuilderAppendDelete" time="0,000" classname="cviceni.StringBuilderAndBufferTest"/>
  <testcase name="testBufferAppend" time="0,000" classname="cviceni.StringBuilderAndBufferTest"/>
  <testcase name="testBuilderAppendDelete" time="0,000" classname="cviceni.StringBuilderAndBufferTest"/>
  <testcase name="testBufferAppend" time="0,000" classname="cviceni.StringBuilderAndBufferTest"/>
  <testcase name="testBufferAppend" time="0,000" classname="cviceni.StringBuilderAndBufferTest"/>
  <testcase name="testBuilderAppendDelete" time="0,000" classname="cviceni.StringBuilderAndBufferTest"/>
  <testcase name="testBufferAppendDelete" time="0,000" classname="cviceni.StringBuilderAndBufferTest"/>
  <testcase name="testBuilderAppend" time="0,001" classname="cviceni.StringBuilderAndBufferTest"/>
  <testcase name="testBufferAppend" time="0,000" classname="cviceni.StringBuilderAndBufferTest"/>
  <testcase name="testBuilderAppendDelete" time="0,001" classname="cviceni.StringBuilderAndBufferTest"/>
  <testcase name="testBuilderAppend" time="0,000" classname="cviceni.StringBuilderAndBufferTest"/>
  <testcase name="testBufferAppend" time="0,000" classname="cviceni.StringBuilderAndBufferTest"/>
  <testcase name="testBufferAppendDelete" time="0,000" classname="cviceni.StringBuilderAndBufferTest"/>
  <testcase name="testBufferAppendDelete" time="0,000" classname="cviceni.StringBuilderAndBufferTest"/>
  <testcase name="testBufferAppend" time="0,000" classname="cviceni.StringBuilderAndBufferTest"/>
  <testcase name="testBuilderAppend" time="0,000" classname="cviceni.StringBuilderAndBufferTest"/>
  <testcase name="testBuilderAppendDelete" time="0,025" classname="cviceni.StringBuilderAndBufferTest"/>
  <testcase name="testBufferAppendDelete" time="0,001" classname="cviceni.StringBuilderAndBufferTest"/>
  <testcase name="testBufferAppend" time="0,001" classname="cviceni.StringBuilderAndBufferTest"/>
  <testcase name="testBufferAppend" time="0,000" classname="cviceni.StringBuilderAndBufferTest"/>
  <testcase name="testBuilderAppendDelete" time="0,001" classname="cviceni.StringBuilderAndBufferTest"/>
  <testcase name="testBufferAppendDelete" time="0,000" classname="cviceni.StringBuilderAndBufferTest"/>
  <testcase name="testBufferAppendDelete" time="0,000" classname="cviceni.StringBuilderAndBufferTest"/>
  <testcase name="testBuilderAppend" time="0,001" classname="cviceni.StringBuilderAndBufferTest"/>
  <testcase name="testBufferAppendDelete" time="0,001" classname="cviceni.StringBuilderAndBufferTest"/>
  <testcase name="testBuilderAppend" time="0,000" classname="cviceni.StringBuilderAndBufferTest"/>
  <testcase name="testBuilderAppend" time="0,000" classname="cviceni.StringBuilderAndBufferTest"/>
  <testcase name="testBufferAppend" time="0,000" classname="cviceni.StringBuilderAndBufferTest"/>
  <testcase name="testBuilderAppend" time="0,001" classname="cviceni.StringBuilderAndBufferTest"/>
  <testcase name="testBuilderAppend" time="0,000" classname="cviceni.StringBuilderAndBufferTest"/>
  <testcase name="testBufferAppend" time="0,122" classname="cviceni.StringBuilderAndBufferTest"/>
  <testcase name="testBuilderAppendDelete" time="0,000" classname="cviceni.StringBuilderAndBufferTest"/>
  <testcase name="testBuilderAppendDelete" time="0,001" classname="cviceni.StringBuilderAndBufferTest"/>
  <testcase name="testBufferAppend" time="0,000" classname="cviceni.StringBuilderAndBufferTest"/>
  <testcase name="testBuilderAppendDelete" time="0,001" classname="cviceni.StringBuilderAndBufferTest"/>
  <testcase name="testBufferAppendDelete" time="0,000" classname="cviceni.StringBuilderAndBufferTest"/>
  <testcase name="testBuilderAppendDelete" time="0,000" classname="cviceni.StringBuilderAndBufferTest"/>
  <testcase name="testBufferAppend" time="0,000" classname="cviceni.StringBuilderAndBufferTest"/>
  <testcase name="testBufferAppendDelete" time="0,000" classname="cviceni.StringBuilderAndBufferTest"/>
  <testcase name="testBufferAppend" time="0,000" classname="cviceni.StringBuilderAndBufferTest"/>
  <testcase name="testBuilderAppendDelete" time="0,000" classname="cviceni.StringBuilderAndBufferTest"/>
  <testcase name="testBufferAppendDelete" time="0,000" classname="cviceni.StringBuilderAndBufferTest"/>
  <testcase name="testBufferAppend" time="0,000" classname="cviceni.StringBuilderAndBufferTest"/>
  <testcase name="testBuilderAppendDelete" time="0,000" classname="cviceni.StringBuilderAndBufferTest"/>
  <testcase name="testBufferAppendDelete" time="0,000" classname="cviceni.StringBuilderAndBufferTest"/>
  <testcase name="testBufferAppend" time="0,000" classname="cviceni.StringBuilderAndBufferTest"/>
  <testcase name="testBufferAppendDelete" time="0,001" classname="cviceni.StringBuilderAndBufferTest"/>
  <testcase name="testBufferAppend" time="0,001" classname="cviceni.StringBuilderAndBufferTest"/>
  <testcase name="testBufferAppend" time="0,000" classname="cviceni.StringBuilderAndBufferTest"/>
  <testcase name="testBuilderAppend" time="0,001" classname="cviceni.StringBuilderAndBufferTest"/>
  <testcase name="testBufferAppend" time="0,000" classname="cviceni.StringBuilderAndBufferTest"/>
  <testcase name="testBufferAppend" time="0,000" classname="cviceni.StringBuilderAndBufferTest"/>
  <testcase name="testBuilderAppend" time="0,001" classname="cviceni.StringBuilderAndBufferTest"/>
  <testcase name="testBufferAppendDelete" time="0,000" classname="cviceni.StringBuilderAndBufferTest"/>
  <testcase name="testBuilderAppendDelete" time="0,000" classname="cviceni.StringBuilderAndBufferTest"/>
  <testcase name="testBufferAppendDelete" time="0,000" classname="cviceni.StringBuilderAndBufferTest"/>
  <testcase name="testBufferAppendDelete" time="0,000" classname="cviceni.StringBuilderAndBufferTest"/>
  <testcase name="testBufferAppendDelete" time="0,000" classname="cviceni.StringBuilderAndBufferTest"/>
  <testcase name="testBuilderAppend" time="0,000" classname="cviceni.StringBuilderAndBufferTest"/>
  <testcase name="testBufferAppendDelete" time="0,000" classname="cviceni.StringBuilderAndBufferTest"/>
  <testcase name="testBuilderAppend" time="0,001" classname="cviceni.StringBuilderAndBufferTest"/>
  <testcase name="testBuilderAppendDelete" time="0,000" classname="cviceni.StringBuilderAndBufferTest"/>
  <testcase name="testBufferAppend" time="0,000" classname="cviceni.StringBuilderAndBufferTest"/>
  <testcase name="testBufferAppend" time="0,000" classname="cviceni.StringBuilderAndBufferTest"/>
  <testcase name="testBuilderAppend" time="0,000" classname="cviceni.StringBuilderAndBufferTest"/>
  <testcase name="testBufferAppend" time="0,000" classname="cviceni.StringBuilderAndBufferTest"/>
  <testcase name="testBuilderAppendDelete" time="0,000" classname="cviceni.StringBuilderAndBufferTest"/>
  <testcase name="testBufferAppend" time="0,000" classname="cviceni.StringBuilderAndBufferTest"/>
  <testcase name="testBuilderAppend" time="0,000" classname="cviceni.StringBuilderAndBufferTest"/>
  <testcase name="testBuilderAppendDelete" time="0,000" classname="cviceni.StringBuilderAndBufferTest"/>
  <testcase name="testBuilderAppend" time="0,001" classname="cviceni.StringBuilderAndBufferTest"/>
  <testcase name="testBufferAppendDelete" time="0,000" classname="cviceni.StringBuilderAndBufferTest"/>
  <testcase name="testBuilderAppendDelete" time="0,000" classname="cviceni.StringBuilderAndBufferTest"/>
  <testcase name="testBuilderAppend" time="0,000" classname="cviceni.StringBuilderAndBufferTest"/>
  <testcase name="testBufferAppendDelete" time="0,000" classname="cviceni.StringBuilderAndBufferTest"/>
  <testcase name="testBufferAppend" time="0,000" classname="cviceni.StringBuilderAndBufferTest"/>
  <testcase name="testBufferAppendDelete" time="0,000" classname="cviceni.StringBuilderAndBufferTest"/>
  <testcase name="testBufferAppend" time="0,000" classname="cviceni.StringBuilderAndBufferTest"/>
  <testcase name="testBuilderAppend" time="0,000" classname="cviceni.StringBuilderAndBufferTest"/>
  <testcase name="testBufferAppendDelete" time="0,000" classname="cviceni.StringBuilderAndBufferTest"/>
  <testcase name="testBufferAppendDelete" time="0,001" classname="cviceni.StringBuilderAndBufferTest"/>
  <testcase name="testBuilderAppendDelete" time="0,000" classname="cviceni.StringBuilderAndBufferTest"/>
  <testcase name="testBuilderAppend" time="0,001" classname="cviceni.StringBuilderAndBufferTest"/>
  <testcase name="testBufferAppendDelete" time="0,000" classname="cviceni.StringBuilderAndBufferTest"/>
  <testcase name="testBuilderAppend" time="0,000" classname="cviceni.StringBuilderAndBufferTest"/>
  <testcase name="testBuilderAppend" time="0,000" classname="cviceni.StringBuilderAndBufferTest"/>
  <testcase name="testBuilderAppend" time="0,000" classname="cviceni.StringBuilderAndBufferTest"/>
  <testcase name="testBufferAppend" time="0,001" classname="cviceni.StringBuilderAndBufferTest"/>
  <testcase name="testBufferAppend" time="0,000" classname="cviceni.StringBuilderAndBufferTest"/>
  <testcase name="testBufferAppend" time="0,000" classname="cviceni.StringBuilderAndBufferTest"/>
  <testcase name="testBufferAppendDelete" time="0,211" classname="cviceni.StringBuilderAndBufferTest"/>
  <testcase name="testBufferAppend" time="0,001" classname="cviceni.StringBuilderAndBufferTest"/>
  <testcase name="testBuilderAppend" time="0,000" classname="cviceni.StringBuilderAndBufferTest"/>
  <testcase name="testBufferAppend" time="0,000" classname="cviceni.StringBuilderAndBufferTest"/>
  <testcase name="testBuilderAppendDelete" time="0,000" classname="cviceni.StringBuilderAndBufferTest"/>
  <testcase name="testBuilderAppendDelete" time="0,000" classname="cviceni.StringBuilderAndBufferTest"/>
  <testcase name="testBufferAppend" time="0,000" classname="cviceni.StringBuilderAndBufferTest"/>
  <testcase name="testBuilderAppend" time="0,000" classname="cviceni.StringBuilderAndBufferTest"/>
  <testcase name="testBuilderAppend" time="0,000" classname="cviceni.StringBuilderAndBufferTest"/>
  <testcase name="testBufferAppendDelete" time="0,000" classname="cviceni.StringBuilderAndBufferTest"/>
  <testcase name="testBufferAppendDelete" time="0,000" classname="cviceni.StringBuilderAndBufferTest"/>
  <testcase name="testBufferAppendDelete" time="0,000" classname="cviceni.StringBuilderAndBufferTest"/>
  <testcase name="testBuilderAppend" time="0,000" classname="cviceni.StringBuilderAndBufferTest"/>
  <testcase name="testBuilderAppendDelete" time="0,000" classname="cviceni.StringBuilderAndBufferTest"/>
  <testcase name="testBuilderAppend" time="0,001" classname="cviceni.StringBuilderAndBufferTest"/>
  <testcase name="testBuilderAppend" time="0,001" classname="cviceni.StringBuilderAndBufferTest"/>
  <testcase name="testBuilderAppendDelete" time="0,000" classname="cviceni.StringBuilderAndBufferTest"/>
  <testcase name="testBuilderAppend" time="0,000" classname="cviceni.StringBuilderAndBufferTest"/>
  <testcase name="testBufferAppendDelete" time="0,000" classname="cviceni.StringBuilderAndBufferTest"/>
  <testcase name="testBufferAppendDelete" time="0,000" classname="cviceni.StringBuilderAndBufferTest"/>
  <testcase name="testBufferAppendDelete" time="0,000" classname="cviceni.StringBuilderAndBufferTest"/>
  <testcase name="testBufferAppendDelete" time="0,000" classname="cviceni.StringBuilderAndBufferTest"/>
  <testcase name="testBufferAppend" time="0,001" classname="cviceni.StringBuilderAndBufferTest"/>
  <testcase name="testBuilderAppend" time="0,000" classname="cviceni.StringBuilderAndBufferTest"/>
  <testcase name="testBuilderAppend" time="0,000" classname="cviceni.StringBuilderAndBufferTest"/>
  <testcase name="testBuilderAppend" time="0,000" classname="cviceni.StringBuilderAndBufferTest"/>
  <testcase name="testBuilderAppend" time="0,000" classname="cviceni.StringBuilderAndBufferTest"/>
  <testcase name="testBufferAppendDelete" time="0,000" classname="cviceni.StringBuilderAndBufferTest"/>
  <testcase name="testBufferAppend" time="0,000" classname="cviceni.StringBuilderAndBufferTest"/>
  <testcase name="testBufferAppendDelete" time="0,000" classname="cviceni.StringBuilderAndBufferTest"/>
  <testcase name="testBuilderAppend" time="0,000" classname="cviceni.StringBuilderAndBufferTest"/>
  <testcase name="testBufferAppendDelete" time="0,000" classname="cviceni.StringBuilderAndBufferTest"/>
  <testcase name="testBufferAppendDelete" time="0,000" classname="cviceni.StringBuilderAndBufferTest"/>
  <testcase name="testBufferAppend" time="0,000" classname="cviceni.StringBuilderAndBufferTest"/>
  <testcase name="testBuilderAppendDelete" time="0,000" classname="cviceni.StringBuilderAndBufferTest"/>
  <testcase name="testBuilderAppend" time="0,001" classname="cviceni.StringBuilderAndBufferTest"/>
  <testcase name="testBuilderAppendDelete" time="0,000" classname="cviceni.StringBuilderAndBufferTest"/>
  <testcase name="testBuilderAppendDelete" time="0,003" classname="cviceni.StringBuilderAndBufferTest"/>
  <testcase name="testBufferAppend" time="0,097" classname="cviceni.StringBuilderAndBufferTest"/>
  <testcase name="testBufferAppendDelete" time="0,001" classname="cviceni.StringBuilderAndBufferTest"/>
  <testcase name="testBufferAppend" time="0,000" classname="cviceni.StringBuilderAndBufferTest"/>
  <testcase name="testBuilderAppend" time="0,000" classname="cviceni.StringBuilderAndBufferTest"/>
  <testcase name="testBuilderAppend" time="0,001" classname="cviceni.StringBuilderAndBufferTest"/>
  <testcase name="testBufferAppend" time="0,000" classname="cviceni.StringBuilderAndBufferTest"/>
  <testcase name="testBufferAppendDelete" time="0,001" classname="cviceni.StringBuilderAndBufferTest"/>
  <testcase name="testBufferAppend" time="0,000" classname="cviceni.StringBuilderAndBufferTest"/>
  <testcase name="testBufferAppendDelete" time="0,000" classname="cviceni.StringBuilderAndBufferTest"/>
  <testcase name="testBufferAppend" time="0,000" classname="cviceni.StringBuilderAndBufferTest"/>
  <testcase name="testBuilderAppend" time="0,001" classname="cviceni.StringBuilderAndBufferTest"/>
  <testcase name="testBufferAppendDelete" time="0,000" classname="cviceni.StringBuilderAndBufferTest"/>
  <testcase name="testBufferAppendDelete" time="0,000" classname="cviceni.StringBuilderAndBufferTest"/>
  <testcase name="testBuilderAppendDelete" time="0,000" classname="cviceni.StringBuilderAndBufferTest"/>
  <testcase name="testBuilderAppend" time="0,000" classname="cviceni.StringBuilderAndBufferTest"/>
  <testcase name="testBufferAppend" time="0,000" classname="cviceni.StringBuilderAndBufferTest"/>
  <testcase name="testBuilderAppendDelete" time="0,001" classname="cviceni.StringBuilderAndBufferTest"/>
  <testcase name="testBufferAppend" time="0,000" classname="cviceni.StringBuilderAndBufferTest"/>
  <testcase name="testBufferAppend" time="0,001" classname="cviceni.StringBuilderAndBufferTest"/>
  <testcase name="testBufferAppend" time="0,000" classname="cviceni.StringBuilderAndBufferTest"/>
  <testcase name="testBufferAppendDelete" time="0,000" classname="cviceni.StringBuilderAndBufferTest"/>
  <testcase name="testBufferAppendDelete" time="0,000" classname="cviceni.StringBuilderAndBufferTest"/>
  <testcase name="testBuilderAppendDelete" time="0,000" classname="cviceni.StringBuilderAndBufferTest"/>
  <testcase name="testBuilderAppendDelete" time="0,010" classname="cviceni.StringBuilderAndBufferTest"/>
  <testcase name="testBuilderAppend" time="0,041" classname="cviceni.StringBuilderAndBufferTest"/>
  <testcase name="testBufferAppendDelete" time="0,001" classname="cviceni.StringBuilderAndBufferTest"/>
  <testcase name="testBufferAppend" time="0,001" classname="cviceni.StringBuilderAndBufferTest"/>
  <testcase name="testBuilderAppend" time="0,000" classname="cviceni.StringBuilderAndBufferTest"/>
  <testcase name="testBuilderAppendDelete" time="0,000" classname="cviceni.StringBuilderAndBufferTest"/>
  <testcase name="testBuilderAppendDelete" time="0,001" classname="cviceni.StringBuilderAndBufferTest"/>
  <testcase name="testBufferAppend" time="0,000" classname="cviceni.StringBuilderAndBufferTest"/>
  <testcase name="testBufferAppend" time="0,000" classname="cviceni.StringBuilderAndBufferTest"/>
  <testcase name="testBufferAppend" time="0,001" classname="cviceni.StringBuilderAndBufferTest"/>
  <testcase name="testBufferAppend" time="0,000" classname="cviceni.StringBuilderAndBufferTest"/>
  <testcase name="testBufferAppendDelete" time="0,000" classname="cviceni.StringBuilderAndBufferTest"/>
  <testcase name="testBuilderAppend" time="0,000" classname="cviceni.StringBuilderAndBufferTest"/>
  <testcase name="testBufferAppend" time="0,000" classname="cviceni.StringBuilderAndBufferTest"/>
  <testcase name="testBuilderAppendDelete" time="0,000" classname="cviceni.StringBuilderAndBufferTest"/>
  <testcase name="testBuilderAppendDelete" time="0,000" classname="cviceni.StringBuilderAndBufferTest"/>
  <testcase name="testBuilderAppendDelete" time="0,001" classname="cviceni.StringBuilderAndBufferTest"/>
  <testcase name="testBufferAppendDelete" time="0,000" classname="cviceni.StringBuilderAndBufferTest"/>
  <testcase name="testBuilderAppendDelete" time="0,000" classname="cviceni.StringBuilderAndBufferTest"/>
  <testcase name="testBuilderAppendDelete" time="0,000" classname="cviceni.StringBuilderAndBufferTest"/>
  <testcase name="testBuilderAppendDelete" time="0,000" classname="cviceni.StringBuilderAndBufferTest"/>
  <testcase name="testBufferAppendDelete" time="0,000" classname="cviceni.StringBuilderAndBufferTest"/>
  <testcase name="testBufferAppendDelete" time="0,000" classname="cviceni.StringBuilderAndBufferTest"/>
  <testcase name="testBuilderAppend" time="0,000" classname="cviceni.StringBuilderAndBufferTest"/>
  <testcase name="testBuilderAppend" time="0,000" classname="cviceni.StringBuilderAndBufferTest"/>
  <testcase name="testBufferAppend" time="0,001" classname="cviceni.StringBuilderAndBufferTest"/>
  <testcase name="testBufferAppendDelete" time="0,000" classname="cviceni.StringBuilderAndBufferTest"/>
  <testcase name="testBufferAppend" time="0,000" classname="cviceni.StringBuilderAndBufferTest"/>
  <testcase name="testBuilderAppend" time="0,000" classname="cviceni.StringBuilderAndBufferTest"/>
  <testcase name="testBuilderAppendDelete" time="0,000" classname="cviceni.StringBuilderAndBufferTest"/>
  <testcase name="testBuilderAppend" time="0,001" classname="cviceni.StringBuilderAndBufferTest"/>
  <testcase name="testBufferAppendDelete" time="0,000" classname="cviceni.StringBuilderAndBufferTest"/>
  <testcase name="testBuilderAppend" time="0,001" classname="cviceni.StringBuilderAndBufferTest"/>
  <testcase name="testBuilderAppend" time="0,000" classname="cviceni.StringBuilderAndBufferTest"/>
  <testcase name="testBufferAppendDelete" time="0,001" classname="cviceni.StringBuilderAndBufferTest"/>
  <testcase name="testBufferAppendDelete" time="0,000" classname="cviceni.StringBuilderAndBufferTest"/>
  <testcase name="testBufferAppendDelete" time="0,000" classname="cviceni.StringBuilderAndBufferTest"/>
  <testcase name="testBuilderAppendDelete" time="0,001" classname="cviceni.StringBuilderAndBufferTest"/>
  <testcase name="testBuilderAppend" time="0,000" classname="cviceni.StringBuilderAndBufferTest"/>
  <testcase name="testBuilderAppendDelete" time="0,000" classname="cviceni.StringBuilderAndBufferTest"/>
  <testcase name="testBufferAppendDelete" time="0,000" classname="cviceni.StringBuilderAndBufferTest"/>
  <testcase name="testBufferAppendDelete" time="0,000" classname="cviceni.StringBuilderAndBufferTest"/>
  <testcase name="testBufferAppendDelete" time="0,001" classname="cviceni.StringBuilderAndBufferTest"/>
  <testcase name="testBuilderAppend" time="0,000" classname="cviceni.StringBuilderAndBufferTest"/>
  <testcase name="testBufferAppend" time="0,001" classname="cviceni.StringBuilderAndBufferTest"/>
  <testcase name="testBuilderAppendDelete" time="0,000" classname="cviceni.StringBuilderAndBufferTest"/>
  <testcase name="testBuilderAppend" time="0,000" classname="cviceni.StringBuilderAndBufferTest"/>
  <testcase name="testBuilderAppendDelete" time="0,000" classname="cviceni.StringBuilderAndBufferTest"/>
  <testcase name="testBufferAppend" time="0,000" classname="cviceni.StringBuilderAndBufferTest"/>
  <testcase name="testBuilderAppend" time="0,001" classname="cviceni.StringBuilderAndBufferTest"/>
  <testcase name="testBuilderAppend" time="0,000" classname="cviceni.StringBuilderAndBufferTest"/>
  <testcase name="testBuilderAppendDelete" time="0,000" classname="cviceni.StringBuilderAndBufferTest"/>
  <testcase name="testBuilderAppend" time="0,001" classname="cviceni.StringBuilderAndBufferTest"/>
  <testcase name="testBufferAppend" time="0,001" classname="cviceni.StringBuilderAndBufferTest"/>
  <testcase name="testBufferAppend" time="0,000" classname="cviceni.StringBuilderAndBufferTest"/>
  <testcase name="testBuilderAppend" time="0,000" classname="cviceni.StringBuilderAndBufferTest"/>
  <testcase name="testBufferAppendDelete" time="0,001" classname="cviceni.StringBuilderAndBufferTest"/>
  <testcase name="testBufferAppend" time="0,000" classname="cviceni.StringBuilderAndBufferTest"/>
  <testcase name="testBuilderAppendDelete" time="0,000" classname="cviceni.StringBuilderAndBufferTest"/>
  <testcase name="testBuilderAppend" time="0,001" classname="cviceni.StringBuilderAndBufferTest"/>
  <testcase name="testBufferAppendDelete" time="0,000" classname="cviceni.StringBuilderAndBufferTest"/>
  <testcase name="testBufferAppend" time="0,001" classname="cviceni.StringBuilderAndBufferTest"/>
  <testcase name="testBufferAppend" time="0,000" classname="cviceni.StringBuilderAndBufferTest"/>
  <testcase name="testBuilderAppend" time="0,000" classname="cviceni.StringBuilderAndBufferTest"/>
  <testcase name="testBufferAppend" time="0,000" classname="cviceni.StringBuilderAndBufferTest"/>
  <testcase name="testBuilderAppend" time="0,001" classname="cviceni.StringBuilderAndBufferTest"/>
  <testcase name="testBufferAppendDelete" time="0,000" classname="cviceni.StringBuilderAndBufferTest"/>
  <testcase name="testBuilderAppendDelete" time="0,000" classname="cviceni.StringBuilderAndBufferTest"/>
  <testcase name="testBuilderAppend" time="0,000" classname="cviceni.StringBuilderAndBufferTest"/>
  <testcase name="testBuilderAppend" time="0,000" classname="cviceni.StringBuilderAndBufferTest"/>
  <testcase name="testBufferAppendDelete" time="0,000" classname="cviceni.StringBuilderAndBufferTest"/>
  <testcase name="testBuilderAppend" time="0,001" classname="cviceni.StringBuilderAndBufferTest"/>
  <testcase name="testBuilderAppendDelete" time="0,000" classname="cviceni.StringBuilderAndBufferTest"/>
  <testcase name="testBuilderAppendDelete" time="0,000" classname="cviceni.StringBuilderAndBufferTest"/>
  <testcase name="testBuilderAppendDelete" time="0,000" classname="cviceni.StringBuilderAndBufferTest"/>
  <testcase name="testBuilderAppend" time="0,000" classname="cviceni.StringBuilderAndBufferTest"/>
  <testcase name="testBufferAppend" time="0,000" classname="cviceni.StringBuilderAndBufferTest"/>
  <testcase name="testBuilderAppend" time="0,000" classname="cviceni.StringBuilderAndBufferTest"/>
  <testcase name="testBuilderAppend" time="0,000" classname="cviceni.StringBuilderAndBufferTest"/>
  <testcase name="testBuilderAppendDelete" time="0,000" classname="cviceni.StringBuilderAndBufferTest"/>
  <testcase name="testBuilderAppend" time="0,001" classname="cviceni.StringBuilderAndBufferTest"/>
  <testcase name="testBuilderAppend" time="0,000" classname="cviceni.StringBuilderAndBufferTest"/>
  <testcase name="testBuilderAppend" time="0,000" classname="cviceni.StringBuilderAndBufferTest"/>
  <testcase name="testBuilderAppendDelete" time="0,001" classname="cviceni.StringBuilderAndBufferTest"/>
  <testcase name="testBuilderAppend" time="0,001" classname="cviceni.StringBuilderAndBufferTest"/>
  <testcase name="testBufferAppend" time="0,000" classname="cviceni.StringBuilderAndBufferTest"/>
  <testcase name="testBuilderAppendDelete" time="0,001" classname="cviceni.StringBuilderAndBufferTest"/>
  <testcase name="testBufferAppendDelete" time="0,001" classname="cviceni.StringBuilderAndBufferTest"/>
  <testcase name="testBuilderAppendDelete" time="0,001" classname="cviceni.StringBuilderAndBufferTest"/>
  <testcase name="testBufferAppend" time="0,001" classname="cviceni.StringBuilderAndBufferTest"/>
  <testcase name="testBuilderAppend" time="0,000" classname="cviceni.StringBuilderAndBufferTest"/>
  <testcase name="testBuilderAppendDelete" time="0,001" classname="cviceni.StringBuilderAndBufferTest"/>
  <testcase name="testBuilderAppend" time="0,000" classname="cviceni.StringBuilderAndBufferTest"/>
  <testcase name="testBuilderAppendDelete" time="0,000" classname="cviceni.StringBuilderAndBufferTest"/>
  <testcase name="testBuilderAppendDelete" time="0,000" classname="cviceni.StringBuilderAndBufferTest"/>
  <testcase name="testBuilderAppendDelete" time="0,001" classname="cviceni.StringBuilderAndBufferTest"/>
  <testcase name="testBuilderAppend" time="0,000" classname="cviceni.StringBuilderAndBufferTest"/>
  <testcase name="testBuilderAppendDelete" time="0,000" classname="cviceni.StringBuilderAndBufferTest"/>
  <testcase name="testBufferAppend" time="0,000" classname="cviceni.StringBuilderAndBufferTest"/>
  <testcase name="testBuilderAppend" time="0,001" classname="cviceni.StringBuilderAndBufferTest"/>
  <testcase name="testBufferAppendDelete" time="0,003" classname="cviceni.StringBuilderAndBufferTest"/>
  <testcase name="testBufferAppendDelete" time="0,001" classname="cviceni.StringBuilderAndBufferTest"/>
  <testcase name="testBufferAppend" time="0,000" classname="cviceni.StringBuilderAndBufferTest"/>
  <testcase name="testBufferAppend" time="0,000" classname="cviceni.StringBuilderAndBufferTest"/>
  <testcase name="testBuilderAppendDelete" time="0,000" classname="cviceni.StringBuilderAndBufferTest"/>
  <testcase name="testBufferAppend" time="0,000" classname="cviceni.StringBuilderAndBufferTest"/>
  <testcase name="testBufferAppend" time="0,000" classname="cviceni.StringBuilderAndBufferTest"/>
  <testcase name="testBuilderAppend" time="0,066" classname="cviceni.StringBuilderAndBufferTest"/>
  <testcase name="testBufferAppendDelete" time="0,000" classname="cviceni.StringBuilderAndBufferTest"/>
  <testcase name="testBufferAppend" time="0,044" classname="cviceni.StringBuilderAndBufferTest"/>
  <testcase name="testBufferAppend" time="0,000" classname="cviceni.StringBuilderAndBufferTest"/>
  <testcase name="testBuilderAppendDelete" time="0,001" classname="cviceni.StringBuilderAndBufferTest"/>
  <testcase name="testBufferAppend" time="0,000" classname="cviceni.StringBuilderAndBufferTest"/>
  <testcase name="testBufferAppend" time="0,000" classname="cviceni.StringBuilderAndBufferTest"/>
  <testcase name="testBufferAppend" time="0,000" classname="cviceni.StringBuilderAndBufferTest"/>
  <testcase name="testBuilderAppend" time="0,000" classname="cviceni.StringBuilderAndBufferTest"/>
  <testcase name="testBuilderAppendDelete" time="0,000" classname="cviceni.StringBuilderAndBufferTest"/>
  <testcase name="testBufferAppend" time="0,001" classname="cviceni.StringBuilderAndBufferTest"/>
  <testcase name="testBuilderAppend" time="0,000" classname="cviceni.StringBuilderAndBufferTest"/>
  <testcase name="testBufferAppendDelete" time="0,000" classname="cviceni.StringBuilderAndBufferTest"/>
  <testcase name="testBufferAppendDelete" time="0,000" classname="cviceni.StringBuilderAndBufferTest"/>
  <testcase name="testBuilderAppendDelete" time="0,000" classname="cviceni.StringBuilderAndBufferTest"/>
  <testcase name="testBufferAppend" time="0,000" classname="cviceni.StringBuilderAndBufferTest"/>
  <testcase name="testBuilderAppend" time="0,000" classname="cviceni.StringBuilderAndBufferTest"/>
  <testcase name="testBufferAppendDelete" time="0,001" classname="cviceni.StringBuilderAndBufferTest"/>
  <testcase name="testBufferAppendDelete" time="0,001" classname="cviceni.StringBuilderAndBufferTest"/>
  <testcase name="testBufferAppendDelete" time="0,000" classname="cviceni.StringBuilderAndBufferTest"/>
  <testcase name="testBufferAppendDelete" time="0,001" classname="cviceni.StringBuilderAndBufferTest"/>
  <testcase name="testBuilderAppend" time="0,001" classname="cviceni.StringBuilderAndBufferTest"/>
  <testcase name="testBuilderAppend" time="0,000" classname="cviceni.StringBuilderAndBufferTest"/>
  <testcase name="testBuilderAppend" time="0,001" classname="cviceni.StringBuilderAndBufferTest"/>
  <testcase name="testBuilderAppend" time="0,001" classname="cviceni.StringBuilderAndBufferTest"/>
  <testcase name="testBufferAppend" time="0,000" classname="cviceni.StringBuilderAndBufferTest"/>
  <testcase name="testBufferAppend" time="0,001" classname="cviceni.StringBuilderAndBufferTest"/>
  <testcase name="testBuilderAppend" time="0,000" classname="cviceni.StringBuilderAndBufferTest"/>
  <testcase name="testBuilderAppend" time="0,001" classname="cviceni.StringBuilderAndBufferTest"/>
  <testcase name="testBuilderAppendDelete" time="0,075" classname="cviceni.StringBuilderAndBufferTest"/>
  <testcase name="testBufferAppend" time="0,001" classname="cviceni.StringBuilderAndBufferTest"/>
  <testcase name="testBuilderAppend" time="0,001" classname="cviceni.StringBuilderAndBufferTest"/>
  <testcase name="testBuilderAppendDelete" time="0,000" classname="cviceni.StringBuilderAndBufferTest"/>
  <testcase name="testBufferAppendDelete" time="0,001" classname="cviceni.StringBuilderAndBufferTest"/>
  <testcase name="testBuilderAppend" time="0,000" classname="cviceni.StringBuilderAndBufferTest"/>
  <testcase name="testBuilderAppendDelete" time="0,001" classname="cviceni.StringBuilderAndBufferTest"/>
  <testcase name="testBuilderAppend" time="0,000" classname="cviceni.StringBuilderAndBufferTest"/>
  <testcase name="testBufferAppendDelete" time="0,000" classname="cviceni.StringBuilderAndBufferTest"/>
  <testcase name="testBuilderAppend" time="0,000" classname="cviceni.StringBuilderAndBufferTest"/>
  <testcase name="testBuilderAppend" time="0,000" classname="cviceni.StringBuilderAndBufferTest"/>
  <testcase name="testBuilderAppendDelete" time="0,000" classname="cviceni.StringBuilderAndBufferTest"/>
  <testcase name="testBufferAppend" time="0,001" classname="cviceni.StringBuilderAndBufferTest"/>
  <testcase name="testBufferAppend" time="0,000" classname="cviceni.StringBuilderAndBufferTest"/>
  <testcase name="testBufferAppend" time="0,000" classname="cviceni.StringBuilderAndBufferTest"/>
  <testcase name="testBufferAppend" time="0,000" classname="cviceni.StringBuilderAndBufferTest"/>
  <testcase name="testBuilderAppendDelete" time="0,000" classname="cviceni.StringBuilderAndBufferTest"/>
  <testcase name="testBufferAppendDelete" time="0,001" classname="cviceni.StringBuilderAndBufferTest"/>
  <testcase name="testBufferAppend" time="0,001" classname="cviceni.StringBuilderAndBufferTest"/>
  <testcase name="testBufferAppend" time="0,000" classname="cviceni.StringBuilderAndBufferTest"/>
  <testcase name="testBuilderAppend" time="0,000" classname="cviceni.StringBuilderAndBufferTest"/>
  <testcase name="testBuilderAppendDelete" time="0,000" classname="cviceni.StringBuilderAndBufferTest"/>
  <testcase name="testBufferAppend" time="0,000" classname="cviceni.StringBuilderAndBufferTest"/>
  <testcase name="testBuilderAppend" time="0,000" classname="cviceni.StringBuilderAndBufferTest"/>
  <testcase name="testBufferAppendDelete" time="0,000" classname="cviceni.StringBuilderAndBufferTest"/>
  <testcase name="testBuilderAppendDelete" time="0,000" classname="cviceni.StringBuilderAndBufferTest"/>
  <testcase name="testBufferAppendDelete" time="0,000" classname="cviceni.StringBuilderAndBufferTest"/>
  <testcase name="testBuilderAppendDelete" time="0,000" classname="cviceni.StringBuilderAndBufferTest"/>
  <testcase name="testBuilderAppendDelete" time="0,001" classname="cviceni.StringBuilderAndBufferTest"/>
  <testcase name="testBufferAppend" time="0,000" classname="cviceni.StringBuilderAndBufferTest"/>
  <testcase name="testBufferAppend" time="0,000" classname="cviceni.StringBuilderAndBufferTest"/>
  <testcase name="testBuilderAppendDelete" time="0,000" classname="cviceni.StringBuilderAndBufferTest"/>
  <testcase name="testBufferAppendDelete" time="0,000" classname="cviceni.StringBuilderAndBufferTest"/>
  <testcase name="testBufferAppend" time="0,000" classname="cviceni.StringBuilderAndBufferTest"/>
  <testcase name="testBuilderAppendDelete" time="0,000" classname="cviceni.StringBuilderAndBufferTest"/>
  <testcase name="testBuilderAppendDelete" time="0,000" classname="cviceni.StringBuilderAndBufferTest"/>
  <testcase name="testBufferAppendDelete" time="0,000" classname="cviceni.StringBuilderAndBufferTest"/>
  <testcase name="testBufferAppendDelete" time="0,001" classname="cviceni.StringBuilderAndBufferTest"/>
  <testcase name="testBuilderAppend" time="0,000" classname="cviceni.StringBuilderAndBufferTest"/>
  <testcase name="testBufferAppendDelete" time="0,000" classname="cviceni.StringBuilderAndBufferTest"/>
  <testcase name="testBufferAppend" time="0,000" classname="cviceni.StringBuilderAndBufferTest"/>
  <testcase name="testBuilderAppendDelete" time="0,000" classname="cviceni.StringBuilderAndBufferTest"/>
  <testcase name="testBuilderAppendDelete" time="0,000" classname="cviceni.StringBuilderAndBufferTest"/>
  <testcase name="testBufferAppendDelete" time="0,000" classname="cviceni.StringBuilderAndBufferTest"/>
  <testcase name="testBufferAppendDelete" time="0,001" classname="cviceni.StringBuilderAndBufferTest"/>
  <testcase name="testBuilderAppend" time="0,000" classname="cviceni.StringBuilderAndBufferTest"/>
  <testcase name="testBufferAppendDelete" time="0,000" classname="cviceni.StringBuilderAndBufferTest"/>
  <testcase name="testBufferAppendDelete" time="0,000" classname="cviceni.StringBuilderAndBufferTest"/>
  <testcase name="testBuilderAppend" time="0,000" classname="cviceni.StringBuilderAndBufferTest"/>
  <testcase name="testBufferAppend" time="0,000" classname="cviceni.StringBuilderAndBufferTest"/>
  <testcase name="testBufferAppendDelete" time="0,000" classname="cviceni.StringBuilderAndBufferTest"/>
  <testcase name="testBufferAppendDelete" time="0,000" classname="cviceni.StringBuilderAndBufferTest"/>
  <testcase name="testBufferAppendDelete" time="0,001" classname="cviceni.StringBuilderAndBufferTest"/>
  <testcase name="testBuilderAppendDelete" time="0,000" classname="cviceni.StringBuilderAndBufferTest"/>
  <testcase name="testBufferAppend" time="0,000" classname="cviceni.StringBuilderAndBufferTest"/>
  <testcase name="testBuilderAppendDelete" time="0,001" classname="cviceni.StringBuilderAndBufferTest"/>
  <testcase name="testBuilderAppend" time="0,000" classname="cviceni.StringBuilderAndBufferTest"/>
  <testcase name="testBufferAppend" time="0,001" classname="cviceni.StringBuilderAndBufferTest"/>
  <testcase name="testBuilderAppend" time="0,001" classname="cviceni.StringBuilderAndBufferTest"/>
  <testcase name="testBufferAppend" time="0,000" classname="cviceni.StringBuilderAndBufferTest"/>
  <testcase name="testBuilderAppendDelete" time="0,001" classname="cviceni.StringBuilderAndBufferTest"/>
  <testcase name="testBuilderAppend" time="0,092" classname="cviceni.StringBuilderAndBufferTest"/>
  <testcase name="testBufferAppendDelete" time="0,000" classname="cviceni.StringBuilderAndBufferTest"/>
  <testcase name="testBufferAppendDelete" time="0,000" classname="cviceni.StringBuilderAndBufferTest"/>
  <testcase name="testBuilderAppend" time="0,000" classname="cviceni.StringBuilderAndBufferTest"/>
  <testcase name="testBuilderAppendDelete" time="0,000" classname="cviceni.StringBuilderAndBufferTest"/>
  <testcase name="testBuilderAppend" time="0,000" classname="cviceni.StringBuilderAndBufferTest"/>
  <testcase name="testBufferAppendDelete" time="0,001" classname="cviceni.StringBuilderAndBufferTest"/>
  <testcase name="testBuilderAppendDelete" time="0,000" classname="cviceni.StringBuilderAndBufferTest"/>
  <testcase name="testBufferAppendDelete" time="0,000" classname="cviceni.StringBuilderAndBufferTest"/>
  <testcase name="testBufferAppend" time="0,000" classname="cviceni.StringBuilderAndBufferTest"/>
  <testcase name="testBufferAppendDelete" time="0,000" classname="cviceni.StringBuilderAndBufferTest"/>
  <testcase name="testBufferAppendDelete" time="0,000" classname="cviceni.StringBuilderAndBufferTest"/>
  <testcase name="testBuilderAppend" time="0,000" classname="cviceni.StringBuilderAndBufferTest"/>
  <testcase name="testBuilderAppendDelete" time="0,000" classname="cviceni.StringBuilderAndBufferTest"/>
  <testcase name="testBufferAppend" time="0,000" classname="cviceni.StringBuilderAndBufferTest"/>
  <testcase name="testBufferAppend" time="0,000" classname="cviceni.StringBuilderAndBufferTest"/>
  <testcase name="testBuilderAppend" time="0,023" classname="cviceni.StringBuilderAndBufferTest"/>
  <testcase name="testBufferAppend" time="0,000" classname="cviceni.StringBuilderAndBufferTest"/>
  <testcase name="testBuilderAppendDelete" time="0,001" classname="cviceni.StringBuilderAndBufferTest"/>
  <testcase name="testBuilderAppendDelete" time="0,000" classname="cviceni.StringBuilderAndBufferTest"/>
  <testcase name="testBufferAppendDelete" time="0,000" classname="cviceni.StringBuilderAndBufferTest"/>
  <testcase name="testBuilderAppendDelete" time="0,000" classname="cviceni.StringBuilderAndBufferTest"/>
  <testcase name="testBufferAppend" time="0,001" classname="cviceni.StringBuilderAndBufferTest"/>
  <testcase name="testBufferAppendDelete" time="0,000" classname="cviceni.StringBuilderAndBufferTest"/>
  <testcase name="testBuilderAppend" time="0,001" classname="cviceni.StringBuilderAndBufferTest"/>
  <testcase name="testBuilderAppend" time="0,001" classname="cviceni.StringBuilderAndBufferTest"/>
  <testcase name="testBufferAppend" time="0,000" classname="cviceni.StringBuilderAndBufferTest"/>
  <testcase name="testBuilderAppendDelete" time="0,000" classname="cviceni.StringBuilderAndBufferTest"/>
  <testcase name="testBuilderAppendDelete" time="0,000" classname="cviceni.StringBuilderAndBufferTest"/>
  <testcase name="testBuilderAppendDelete" time="0,000" classname="cviceni.StringBuilderAndBufferTest"/>
  <testcase name="testBuilderAppendDelete" time="0,000" classname="cviceni.StringBuilderAndBufferTest"/>
  <testcase name="testBuilderAppendDelete" time="0,000" classname="cviceni.StringBuilderAndBufferTest"/>
  <testcase name="testBufferAppend" time="0,000" classname="cviceni.StringBuilderAndBufferTest"/>
  <testcase name="testBuilderAppend" time="0,000" classname="cviceni.StringBuilderAndBufferTest"/>
  <testcase name="testBuilderAppend" time="0,000" classname="cviceni.StringBuilderAndBufferTest"/>
  <testcase name="testBuilderAppend" time="0,000" classname="cviceni.StringBuilderAndBufferTest"/>
  <testcase name="testBuilderAppend" time="0,000" classname="cviceni.StringBuilderAndBufferTest"/>
  <testcase name="testBufferAppend" time="0,001" classname="cviceni.StringBuilderAndBufferTest"/>
  <testcase name="testBuilderAppendDelete" time="0,001" classname="cviceni.StringBuilderAndBufferTest"/>
  <testcase name="testBuilderAppendDelete" time="0,000" classname="cviceni.StringBuilderAndBufferTest"/>
  <testcase name="testBufferAppend" time="0,001" classname="cviceni.StringBuilderAndBufferTest"/>
  <testcase name="testBufferAppendDelete" time="0,000" classname="cviceni.StringBuilderAndBufferTest"/>
  <testcase name="testBufferAppend" time="0,000" classname="cviceni.StringBuilderAndBufferTest"/>
  <testcase name="testBuilderAppendDelete" time="0,000" classname="cviceni.StringBuilderAndBufferTest"/>
  <testcase name="testBuilderAppend" time="0,001" classname="cviceni.StringBuilderAndBufferTest"/>
  <testcase name="testBufferAppendDelete" time="0,000" classname="cviceni.StringBuilderAndBufferTest"/>
  <testcase name="testBuilderAppendDelete" time="0,000" classname="cviceni.StringBuilderAndBufferTest"/>
  <testcase name="testBuilderAppendDelete" time="0,000" classname="cviceni.StringBuilderAndBufferTest"/>
  <testcase name="testBuilderAppendDelete" time="0,001" classname="cviceni.StringBuilderAndBufferTest"/>
  <testcase name="testBuilderAppendDelete" time="0,000" classname="cviceni.StringBuilderAndBufferTest"/>
  <testcase name="testBufferAppend" time="0,001" classname="cviceni.StringBuilderAndBufferTest"/>
  <testcase name="testBufferAppend" time="0,000" classname="cviceni.StringBuilderAndBufferTest"/>
  <testcase name="testBuilderAppend" time="0,000" classname="cviceni.StringBuilderAndBufferTest"/>
  <testcase name="testBufferAppend" time="0,000" classname="cviceni.StringBuilderAndBufferTest"/>
  <testcase name="testBuilderAppend" time="0,000" classname="cviceni.StringBuilderAndBufferTest"/>
  <testcase name="testBuilderAppendDelete" time="0,035" classname="cviceni.StringBuilderAndBufferTest"/>
  <testcase name="testBufferAppend" time="0,000" classname="cviceni.StringBuilderAndBufferTest"/>
  <testcase name="testBuilderAppend" time="0,001" classname="cviceni.StringBuilderAndBufferTest"/>
  <testcase name="testBuilderAppend" time="0,000" classname="cviceni.StringBuilderAndBufferTest"/>
  <testcase name="testBuilderAppendDelete" time="0,000" classname="cviceni.StringBuilderAndBufferTest"/>
  <testcase name="testBufferAppend" time="0,001" classname="cviceni.StringBuilderAndBufferTest"/>
  <testcase name="testBuilderAppendDelete" time="0,000" classname="cviceni.StringBuilderAndBufferTest"/>
  <testcase name="testBufferAppend" time="0,001" classname="cviceni.StringBuilderAndBufferTest"/>
  <testcase name="testBufferAppend" time="0,000" classname="cviceni.StringBuilderAndBufferTest"/>
  <testcase name="testBufferAppendDelete" time="0,000" classname="cviceni.StringBuilderAndBufferTest"/>
  <testcase name="testBufferAppend" time="0,099" classname="cviceni.StringBuilderAndBufferTest"/>
  <testcase name="testBuilderAppend" time="0,000" classname="cviceni.StringBuilderAndBufferTest"/>
  <testcase name="testBufferAppendDelete" time="0,000" classname="cviceni.StringBuilderAndBufferTest"/>
  <testcase name="testBuilderAppend" time="0,001" classname="cviceni.StringBuilderAndBufferTest"/>
  <testcase name="testBufferAppend" time="0,001" classname="cviceni.StringBuilderAndBufferTest"/>
  <testcase name="testBuilderAppendDelete" time="0,001" classname="cviceni.StringBuilderAndBufferTest"/>
  <testcase name="testBufferAppend" time="0,000" classname="cviceni.StringBuilderAndBufferTest"/>
  <testcase name="testBufferAppendDelete" time="0,000" classname="cviceni.StringBuilderAndBufferTest"/>
  <testcase name="testBufferAppendDelete" time="0,000" classname="cviceni.StringBuilderAndBufferTest"/>
  <testcase name="testBuilderAppend" time="0,034" classname="cviceni.StringBuilderAndBufferTest"/>
  <testcase name="testBuilderAppendDelete" time="0,000" classname="cviceni.StringBuilderAndBufferTest"/>
  <testcase name="testBuilderAppendDelete" time="0,000" classname="cviceni.StringBuilderAndBufferTest"/>
  <testcase name="testBufferAppend" time="0,000" classname="cviceni.StringBuilderAndBufferTest"/>
  <testcase name="testBuilderAppendDelete" time="0,000" classname="cviceni.StringBuilderAndBufferTest"/>
  <testcase name="testBuilderAppend" time="0,000" classname="cviceni.StringBuilderAndBufferTest"/>
  <testcase name="testBufferAppendDelete" time="0,000" classname="cviceni.StringBuilderAndBufferTest"/>
  <testcase name="testBuilderAppendDelete" time="0,001" classname="cviceni.StringBuilderAndBufferTest"/>
  <testcase name="testBufferAppend" time="0,001" classname="cviceni.StringBuilderAndBufferTest"/>
  <testcase name="testBufferAppendDelete" time="0,000" classname="cviceni.StringBuilderAndBufferTest"/>
  <testcase name="testBuilderAppend" time="0,000" classname="cviceni.StringBuilderAndBufferTest"/>
  <testcase name="testBufferAppend" time="0,000" classname="cviceni.StringBuilderAndBufferTest"/>
  <testcase name="testBuilderAppend" time="0,000" classname="cviceni.StringBuilderAndBufferTest"/>
  <testcase name="testBufferAppendDelete" time="0,001" classname="cviceni.StringBuilderAndBufferTest"/>
  <testcase name="testBuilderAppendDelete" time="0,000" classname="cviceni.StringBuilderAndBufferTest"/>
  <testcase name="testBufferAppendDelete" time="0,000" classname="cviceni.StringBuilderAndBufferTest"/>
  <testcase name="testBuilderAppend" time="0,000" classname="cviceni.StringBuilderAndBufferTest"/>
  <testcase name="testBufferAppendDelete" time="0,000" classname="cviceni.StringBuilderAndBufferTest"/>
  <testcase name="testBufferAppendDelete" time="0,000" classname="cviceni.StringBuilderAndBufferTest"/>
  <testcase name="testBuilderAppend" time="0,001" classname="cviceni.StringBuilderAndBufferTest"/>
  <testcase name="testBufferAppendDelete" time="0,000" classname="cviceni.StringBuilderAndBufferTest"/>
  <testcase name="testBufferAppendDelete" time="0,000" classname="cviceni.StringBuilderAndBufferTest"/>
  <testcase name="testBuilderAppendDelete" time="0,000" classname="cviceni.StringBuilderAndBufferTest"/>
  <testcase name="testBufferAppend" time="0,000" classname="cviceni.StringBuilderAndBufferTest"/>
  <testcase name="testBuilderAppend" time="0,000" classname="cviceni.StringBuilderAndBufferTest"/>
  <testcase name="testBufferAppendDelete" time="0,000" classname="cviceni.StringBuilderAndBufferTest"/>
  <testcase name="testBufferAppendDelete" time="0,000" classname="cviceni.StringBuilderAndBufferTest"/>
  <testcase name="testBufferAppendDelete" time="0,001" classname="cviceni.StringBuilderAndBufferTest"/>
  <testcase name="testBuilderAppendDelete" time="0,000" classname="cviceni.StringBuilderAndBufferTest"/>
  <testcase name="testBuilderAppendDelete" time="0,000" classname="cviceni.StringBuilderAndBufferTest"/>
  <testcase name="testBufferAppend" time="0,000" classname="cviceni.StringBuilderAndBufferTest"/>
  <testcase name="testBuilderAppend" time="0,000" classname="cviceni.StringBuilderAndBufferTest"/>
  <testcase name="testBuilderAppendDelete" time="0,000" classname="cviceni.StringBuilderAndBufferTest"/>
  <testcase name="testBuilderAppendDelete" time="0,001" classname="cviceni.StringBuilderAndBufferTest"/>
  <testcase name="testBuilderAppend" time="0,000" classname="cviceni.StringBuilderAndBufferTest"/>
  <testcase name="testBufferAppend" time="0,000" classname="cviceni.StringBuilderAndBufferTest"/>
  <testcase name="testBuilderAppendDelete" time="0,000" classname="cviceni.StringBuilderAndBufferTest"/>
  <testcase name="testBufferAppend" time="0,000" classname="cviceni.StringBuilderAndBufferTest"/>
  <testcase name="testBuilderAppend" time="0,001" classname="cviceni.StringBuilderAndBufferTest"/>
  <testcase name="testBuilderAppend" time="0,000" classname="cviceni.StringBuilderAndBufferTest"/>
  <testcase name="testBuilderAppendDelete" time="0,000" classname="cviceni.StringBuilderAndBufferTest"/>
  <testcase name="testBufferAppendDelete" time="0,001" classname="cviceni.StringBuilderAndBufferTest"/>
  <testcase name="testBufferAppend" time="0,000" classname="cviceni.StringBuilderAndBufferTest"/>
  <testcase name="testBuilderAppendDelete" time="0,001" classname="cviceni.StringBuilderAndBufferTest"/>
  <testcase name="testBuilderAppendDelete" time="0,001" classname="cviceni.StringBuilderAndBufferTest"/>
  <testcase name="testBufferAppendDelete" time="0,000" classname="cviceni.StringBuilderAndBufferTest"/>
  <testcase name="testBufferAppend" time="0,000" classname="cviceni.StringBuilderAndBufferTest"/>
  <testcase name="testBufferAppendDelete" time="0,000" classname="cviceni.StringBuilderAndBufferTest"/>
  <testcase name="testBuilderAppendDelete" time="0,000" classname="cviceni.StringBuilderAndBufferTest"/>
  <testcase name="testBuilderAppendDelete" time="0,000" classname="cviceni.StringBuilderAndBufferTest"/>
  <testcase name="testBuilderAppend" time="0,001" classname="cviceni.StringBuilderAndBufferTest"/>
  <testcase name="testBuilderAppend" time="0,000" classname="cviceni.StringBuilderAndBufferTest"/>
  <testcase name="testBufferAppend" time="0,000" classname="cviceni.StringBuilderAndBufferTest"/>
  <testcase name="testBufferAppend" time="0,000" classname="cviceni.StringBuilderAndBufferTest"/>
  <testcase name="testBufferAppend" time="0,000" classname="cviceni.StringBuilderAndBufferTest"/>
  <testcase name="testBuilderAppend" time="0,001" classname="cviceni.StringBuilderAndBufferTest"/>
  <testcase name="testBufferAppend" time="0,000" classname="cviceni.StringBuilderAndBufferTest"/>
  <testcase name="testBufferAppend" time="0,001" classname="cviceni.StringBuilderAndBufferTest"/>
  <testcase name="testBuilderAppend" time="0,000" classname="cviceni.StringBuilderAndBufferTest"/>
  <testcase name="testBuilderAppend" time="0,000" classname="cviceni.StringBuilderAndBufferTest"/>
  <testcase name="testBufferAppend" time="0,000" classname="cviceni.StringBuilderAndBufferTest"/>
  <testcase name="testBufferAppendDelete" time="0,000" classname="cviceni.StringBuilderAndBufferTest"/>
  <testcase name="testBufferAppendDelete" time="0,000" classname="cviceni.StringBuilderAndBufferTest"/>
  <testcase name="testBuilderAppend" time="0,000" classname="cviceni.StringBuilderAndBufferTest"/>
  <testcase name="testBuilderAppendDelete" time="0,000" classname="cviceni.StringBuilderAndBufferTest"/>
  <testcase name="testBuilderAppend" time="0,000" classname="cviceni.StringBuilderAndBufferTest"/>
  <testcase name="testBufferAppend" time="0,000" classname="cviceni.StringBuilderAndBufferTest"/>
  <testcase name="testBuilderAppend" time="0,000" classname="cviceni.StringBuilderAndBufferTest"/>
  <testcase name="testBuilderAppend" time="0,000" classname="cviceni.StringBuilderAndBufferTest"/>
  <testcase name="testBufferAppendDelete" time="0,000" classname="cviceni.StringBuilderAndBufferTest"/>
  <testcase name="testBuilderAppendDelete" time="0,000" classname="cviceni.StringBuilderAndBufferTest"/>
  <testcase name="testBufferAppend" time="0,001" classname="cviceni.StringBuilderAndBufferTest"/>
  <testcase name="testBufferAppend" time="0,000" classname="cviceni.StringBuilderAndBufferTest"/>
  <testcase name="testBuilderAppend" time="0,000" classname="cviceni.StringBuilderAndBufferTest"/>
  <testcase name="testBuilderAppend" time="0,000" classname="cviceni.StringBuilderAndBufferTest"/>
  <testcase name="testBuilderAppendDelete" time="0,001" classname="cviceni.StringBuilderAndBufferTest"/>
  <testcase name="testBufferAppend" time="0,000" classname="cviceni.StringBuilderAndBufferTest"/>
  <testcase name="testBuilderAppend" time="0,001" classname="cviceni.StringBuilderAndBufferTest"/>
  <testcase name="testBufferAppendDelete" time="0,000" classname="cviceni.StringBuilderAndBufferTest"/>
  <testcase name="testBufferAppendDelete" time="0,000" classname="cviceni.StringBuilderAndBufferTest"/>
  <testcase name="testBufferAppendDelete" time="0,000" classname="cviceni.StringBuilderAndBufferTest"/>
  <testcase name="testBuilderAppend" time="0,000" classname="cviceni.StringBuilderAndBufferTest"/>
  <testcase name="testBuilderAppendDelete" time="0,000" classname="cviceni.StringBuilderAndBufferTest"/>
  <testcase name="testBufferAppendDelete" time="0,000" classname="cviceni.StringBuilderAndBufferTest"/>
  <testcase name="testBufferAppend" time="0,000" classname="cviceni.StringBuilderAndBufferTest"/>
  <testcase name="testBuilderAppend" time="0,000" classname="cviceni.StringBuilderAndBufferTest"/>
  <testcase name="testBuilderAppendDelete" time="0,001" classname="cviceni.StringBuilderAndBufferTest"/>
  <testcase name="testBuilderAppend" time="0,000" classname="cviceni.StringBuilderAndBufferTest"/>
  <testcase name="testBufferAppend" time="0,000" classname="cviceni.StringBuilderAndBufferTest"/>
  <testcase name="testBuilderAppend" time="0,001" classname="cviceni.StringBuilderAndBufferTest"/>
  <testcase name="testBuilderAppendDelete" time="0,000" classname="cviceni.StringBuilderAndBufferTest"/>
  <testcase name="testBufferAppend" time="0,000" classname="cviceni.StringBuilderAndBufferTest"/>
  <testcase name="testBuilderAppendDelete" time="0,000" classname="cviceni.StringBuilderAndBufferTest"/>
  <testcase name="testBuilderAppend" time="0,000" classname="cviceni.StringBuilderAndBufferTest"/>
  <testcase name="testBuilderAppend" time="0,000" classname="cviceni.StringBuilderAndBufferTest"/>
  <testcase name="testBufferAppend" time="0,000" classname="cviceni.StringBuilderAndBufferTest"/>
  <testcase name="testBuilderAppendDelete" time="0,001" classname="cviceni.StringBuilderAndBufferTest"/>
  <testcase name="testBuilderAppendDelete" time="0,000" classname="cviceni.StringBuilderAndBufferTest"/>
  <testcase name="testBufferAppend" time="0,000" classname="cviceni.StringBuilderAndBufferTest"/>
  <testcase name="testBuilderAppend" time="0,000" classname="cviceni.StringBuilderAndBufferTest"/>
  <testcase name="testBufferAppend" time="0,000" classname="cviceni.StringBuilderAndBufferTest"/>
  <testcase name="testBuilderAppend" time="0,000" classname="cviceni.StringBuilderAndBufferTest"/>
  <testcase name="testBuilderAppendDelete" time="0,000" classname="cviceni.StringBuilderAndBufferTest"/>
  <testcase name="testBuilderAppend" time="0,000" classname="cviceni.StringBuilderAndBufferTest"/>
  <testcase name="testBufferAppendDelete" time="0,000" classname="cviceni.StringBuilderAndBufferTest"/>
  <testcase name="testBufferAppendDelete" time="0,000" classname="cviceni.StringBuilderAndBufferTest"/>
  <testcase name="testBufferAppend" time="0,000" classname="cviceni.StringBuilderAndBufferTest"/>
  <testcase name="testBuilderAppend" time="0,001" classname="cviceni.StringBuilderAndBufferTest"/>
  <testcase name="testBuilderAppend" time="0,001" classname="cviceni.StringBuilderAndBufferTest"/>
  <testcase name="testBuilderAppendDelete" time="0,000" classname="cviceni.StringBuilderAndBufferTest"/>
  <testcase name="testBufferAppend" time="0,001" classname="cviceni.StringBuilderAndBufferTest"/>
  <testcase name="testBufferAppendDelete" time="0,000" classname="cviceni.StringBuilderAndBufferTest"/>
  <testcase name="testBufferAppend" time="0,000" classname="cviceni.StringBuilderAndBufferTest"/>
  <testcase name="testBufferAppendDelete" time="0,000" classname="cviceni.StringBuilderAndBufferTest"/>
  <testcase name="testBuilderAppendDelete" time="0,001" classname="cviceni.StringBuilderAndBufferTest"/>
  <testcase name="testBufferAppendDelete" time="0,000" classname="cviceni.StringBuilderAndBufferTest"/>
  <testcase name="testBufferAppendDelete" time="0,001" classname="cviceni.StringBuilderAndBufferTest"/>
  <testcase name="testBuilderAppendDelete" time="0,001" classname="cviceni.StringBuilderAndBufferTest"/>
  <testcase name="testBufferAppend" time="0,001" classname="cviceni.StringBuilderAndBufferTest"/>
  <testcase name="testBuilderAppendDelete" time="0,000" classname="cviceni.StringBuilderAndBufferTest"/>
  <testcase name="testBuilderAppend" time="0,000" classname="cviceni.StringBuilderAndBufferTest"/>
  <testcase name="testBuilderAppend" time="0,001" classname="cviceni.StringBuilderAndBufferTest"/>
  <testcase name="testBuilderAppendDelete" time="0,000" classname="cviceni.StringBuilderAndBufferTest"/>
  <testcase name="testBufferAppendDelete" time="0,000" classname="cviceni.StringBuilderAndBufferTest"/>
  <testcase name="testBuilderAppendDelete" time="0,001" classname="cviceni.StringBuilderAndBufferTest"/>
  <testcase name="testBuilderAppend" time="0,000" classname="cviceni.StringBuilderAndBufferTest"/>
  <testcase name="testBuilderAppend" time="0,000" classname="cviceni.StringBuilderAndBufferTest"/>
  <testcase name="testBufferAppendDelete" time="0,000" classname="cviceni.StringBuilderAndBufferTest"/>
  <testcase name="testBufferAppendDelete" time="0,000" classname="cviceni.StringBuilderAndBufferTest"/>
  <testcase name="testBufferAppend" time="0,001" classname="cviceni.StringBuilderAndBufferTest"/>
  <testcase name="testBuilderAppend" time="0,000" classname="cviceni.StringBuilderAndBufferTest"/>
  <testcase name="testBufferAppend" time="0,001" classname="cviceni.StringBuilderAndBufferTest"/>
  <testcase name="testBuilderAppend" time="0,000" classname="cviceni.StringBuilderAndBufferTest"/>
  <testcase name="testBufferAppend" time="0,000" classname="cviceni.StringBuilderAndBufferTest"/>
  <testcase name="testBufferAppend" time="0,001" classname="cviceni.StringBuilderAndBufferTest"/>
  <testcase name="testBufferAppend" time="0,000" classname="cviceni.StringBuilderAndBufferTest"/>
  <testcase name="testBuilderAppendDelete" time="0,000" classname="cviceni.StringBuilderAndBufferTest"/>
  <testcase name="testBufferAppendDelete" time="0,000" classname="cviceni.StringBuilderAndBufferTest"/>
  <testcase name="testBuilderAppend" time="0,001" classname="cviceni.StringBuilderAndBufferTest"/>
  <testcase name="testBuilderAppend" time="0,000" classname="cviceni.StringBuilderAndBufferTest"/>
  <testcase name="testBufferAppendDelete" time="0,000" classname="cviceni.StringBuilderAndBufferTest"/>
  <testcase name="testBuilderAppend" time="0,000" classname="cviceni.StringBuilderAndBufferTest"/>
  <testcase name="testBufferAppend" time="0,001" classname="cviceni.StringBuilderAndBufferTest"/>
  <testcase name="testBuilderAppendDelete" time="0,017" classname="cviceni.StringBuilderAndBufferTest"/>
  <testcase name="testBuilderAppendDelete" time="0,000" classname="cviceni.StringBuilderAndBufferTest"/>
  <testcase name="testBuilderAppendDelete" time="0,000" classname="cviceni.StringBuilderAndBufferTest"/>
  <testcase name="testBuilderAppendDelete" time="0,000" classname="cviceni.StringBuilderAndBufferTest"/>
  <testcase name="testBufferAppend" time="0,000" classname="cviceni.StringBuilderAndBufferTest"/>
  <testcase name="testBuilderAppend" time="0,000" classname="cviceni.StringBuilderAndBufferTest"/>
  <testcase name="testBufferAppendDelete" time="0,000" classname="cviceni.StringBuilderAndBufferTest"/>
  <testcase name="testBuilderAppendDelete" time="0,000" classname="cviceni.StringBuilderAndBufferTest"/>
  <testcase name="testBuilderAppend" time="0,000" classname="cviceni.StringBuilderAndBufferTest"/>
  <testcase name="testBuilderAppend" time="0,001" classname="cviceni.StringBuilderAndBufferTest"/>
  <testcase name="testBuilderAppend" time="0,001" classname="cviceni.StringBuilderAndBufferTest"/>
  <testcase name="testBuilderAppendDelete" time="0,000" classname="cviceni.StringBuilderAndBufferTest"/>
  <testcase name="testBuilderAppendDelete" time="0,001" classname="cviceni.StringBuilderAndBufferTest"/>
  <testcase name="testBufferAppend" time="0,000" classname="cviceni.StringBuilderAndBufferTest"/>
  <testcase name="testBuilderAppendDelete" time="0,000" classname="cviceni.StringBuilderAndBufferTest"/>
  <testcase name="testBuilderAppendDelete" time="0,000" classname="cviceni.StringBuilderAndBufferTest"/>
  <testcase name="testBufferAppend" time="0,000" classname="cviceni.StringBuilderAndBufferTest"/>
  <testcase name="testBufferAppend" time="0,000" classname="cviceni.StringBuilderAndBufferTest"/>
  <testcase name="testBuilderAppend" time="0,001" classname="cviceni.StringBuilderAndBufferTest"/>
  <testcase name="testBufferAppend" time="0,000" classname="cviceni.StringBuilderAndBufferTest"/>
  <testcase name="testBuilderAppendDelete" time="0,000" classname="cviceni.StringBuilderAndBufferTest"/>
  <testcase name="testBuilderAppend" time="0,000" classname="cviceni.StringBuilderAndBufferTest"/>
  <testcase name="testBufferAppendDelete" time="0,001" classname="cviceni.StringBuilderAndBufferTest"/>
  <testcase name="testBufferAppend" time="0,001" classname="cviceni.StringBuilderAndBufferTest"/>
  <testcase name="testBufferAppendDelete" time="0,026" classname="cviceni.StringBuilderAndBufferTest"/>
  <testcase name="testBuilderAppendDelete" time="0,001" classname="cviceni.StringBuilderAndBufferTest"/>
  <testcase name="testBuilderAppendDelete" time="0,001" classname="cviceni.StringBuilderAndBufferTest"/>
  <testcase name="testBufferAppendDelete" time="0,001" classname="cviceni.StringBuilderAndBufferTest"/>
  <testcase name="testBufferAppend" time="0,001" classname="cviceni.StringBuilderAndBufferTest"/>
  <testcase name="testBuilderAppend" time="0,000" classname="cviceni.StringBuilderAndBufferTest"/>
  <testcase name="testBuilderAppendDelete" time="0,001" classname="cviceni.StringBuilderAndBufferTest"/>
  <testcase name="testBuilderAppend" time="0,000" classname="cviceni.StringBuilderAndBufferTest"/>
  <testcase name="testBufferAppend" time="0,000" classname="cviceni.StringBuilderAndBufferTest"/>
  <testcase name="testBufferAppendDelete" time="0,000" classname="cviceni.StringBuilderAndBufferTest"/>
  <testcase name="testBuilderAppend" time="0,000" classname="cviceni.StringBuilderAndBufferTest"/>
  <testcase name="testBuilderAppendDelete" time="0,000" classname="cviceni.StringBuilderAndBufferTest"/>
  <testcase name="testBuilderAppend" time="0,001" classname="cviceni.StringBuilderAndBufferTest"/>
  <testcase name="testBufferAppendDelete" time="0,000" classname="cviceni.StringBuilderAndBufferTest"/>
  <testcase name="testBufferAppendDelete" time="0,000" classname="cviceni.StringBuilderAndBufferTest"/>
  <testcase name="testBuilderAppendDelete" time="0,000" classname="cviceni.StringBuilderAndBufferTest"/>
  <testcase name="testBufferAppendDelete" time="0,000" classname="cviceni.StringBuilderAndBufferTest"/>
  <testcase name="testBuilderAppend" time="0,009" classname="cviceni.StringBuilderAndBufferTest"/>
  <testcase name="testBuilderAppend" time="0,000" classname="cviceni.StringBuilderAndBufferTest"/>
  <testcase name="testBufferAppend" time="0,000" classname="cviceni.StringBuilderAndBufferTest"/>
  <testcase name="testBuilderAppendDelete" time="0,074" classname="cviceni.StringBuilderAndBufferTest"/>
  <testcase name="testBufferAppend" time="0,001" classname="cviceni.StringBuilderAndBufferTest"/>
  <testcase name="testBufferAppend" time="0,000" classname="cviceni.StringBuilderAndBufferTest"/>
  <testcase name="testBuilderAppend" time="0,000" classname="cviceni.StringBuilderAndBufferTest"/>
  <testcase name="testBuilderAppend" time="0,000" classname="cviceni.StringBuilderAndBufferTest"/>
  <testcase name="testBuilderAppend" time="0,000" classname="cviceni.StringBuilderAndBufferTest"/>
  <testcase name="testBuilderAppend" time="0,000" classname="cviceni.StringBuilderAndBufferTest"/>
  <testcase name="testBuilderAppendDelete" time="0,000" classname="cviceni.StringBuilderAndBufferTest"/>
  <testcase name="testBuilderAppend" time="0,000" classname="cviceni.StringBuilderAndBufferTest"/>
  <testcase name="testBuilderAppendDelete" time="0,000" classname="cviceni.StringBuilderAndBufferTest"/>
  <testcase name="testBufferAppendDelete" time="0,000" classname="cviceni.StringBuilderAndBufferTest"/>
  <testcase name="testBufferAppendDelete" time="0,000" classname="cviceni.StringBuilderAndBufferTest"/>
  <testcase name="testBuilderAppendDelete" time="0,001" classname="cviceni.StringBuilderAndBufferTest"/>
  <testcase name="testBuilderAppendDelete" time="0,000" classname="cviceni.StringBuilderAndBufferTest"/>
  <testcase name="testBuilderAppendDelete" time="0,000" classname="cviceni.StringBuilderAndBufferTest"/>
  <testcase name="testBufferAppend" time="0,001" classname="cviceni.StringBuilderAndBufferTest"/>
  <testcase name="testBuilderAppendDelete" time="0,000" classname="cviceni.StringBuilderAndBufferTest"/>
  <testcase name="testBufferAppend" time="0,001" classname="cviceni.StringBuilderAndBufferTest"/>
  <testcase name="testBufferAppend" time="0,000" classname="cviceni.StringBuilderAndBufferTest"/>
  <testcase name="testBuilderAppendDelete" time="0,000" classname="cviceni.StringBuilderAndBufferTest"/>
  <testcase name="testBufferAppendDelete" time="0,001" classname="cviceni.StringBuilderAndBufferTest"/>
  <testcase name="testBufferAppend" time="0,001" classname="cviceni.StringBuilderAndBufferTest"/>
  <testcase name="testBuilderAppendDelete" time="0,000" classname="cviceni.StringBuilderAndBufferTest"/>
  <testcase name="testBufferAppend" time="0,001" classname="cviceni.StringBuilderAndBufferTest"/>
  <testcase name="testBuilderAppend" time="0,000" classname="cviceni.StringBuilderAndBufferTest"/>
  <testcase name="testBuilderAppendDelete" time="0,000" classname="cviceni.StringBuilderAndBufferTest"/>
  <testcase name="testBufferAppend" time="0,000" classname="cviceni.StringBuilderAndBufferTest"/>
  <testcase name="testBufferAppendDelete" time="0,000" classname="cviceni.StringBuilderAndBufferTest"/>
  <testcase name="testBufferAppend" time="0,000" classname="cviceni.StringBuilderAndBufferTest"/>
  <testcase name="testBuilderAppendDelete" time="0,000" classname="cviceni.StringBuilderAndBufferTest"/>
  <testcase name="testBufferAppendDelete" time="0,000" classname="cviceni.StringBuilderAndBufferTest"/>
  <testcase name="testBufferAppendDelete" time="0,001" classname="cviceni.StringBuilderAndBufferTest"/>
  <testcase name="testBufferAppend" time="0,000" classname="cviceni.StringBuilderAndBufferTest"/>
  <testcase name="testBuilderAppendDelete" time="0,000" classname="cviceni.StringBuilderAndBufferTest"/>
  <testcase name="testBufferAppendDelete" time="0,000" classname="cviceni.StringBuilderAndBufferTest"/>
  <testcase name="testBufferAppend" time="0,001" classname="cviceni.StringBuilderAndBufferTest"/>
  <testcase name="testBufferAppendDelete" time="0,000" classname="cviceni.StringBuilderAndBufferTest"/>
  <testcase name="testBufferAppend" time="0,000" classname="cviceni.StringBuilderAndBufferTest"/>
  <testcase name="testBuilderAppend" time="0,000" classname="cviceni.StringBuilderAndBufferTest"/>
  <testcase name="testBufferAppendDelete" time="0,000" classname="cviceni.StringBuilderAndBufferTest"/>
  <testcase name="testBufferAppendDelete" time="0,000" classname="cviceni.StringBuilderAndBufferTest"/>
  <testcase name="testBuilderAppendDelete" time="0,000" classname="cviceni.StringBuilderAndBufferTest"/>
  <testcase name="testBuilderAppend" time="0,000" classname="cviceni.StringBuilderAndBufferTest"/>
  <testcase name="testBufferAppendDelete" time="0,000" classname="cviceni.StringBuilderAndBufferTest"/>
  <testcase name="testBufferAppend" time="0,000" classname="cviceni.StringBuilderAndBufferTest"/>
  <testcase name="testBufferAppend" time="0,000" classname="cviceni.StringBuilderAndBufferTest"/>
  <testcase name="testBufferAppend" time="0,001" classname="cviceni.StringBuilderAndBufferTest"/>
  <testcase name="testBufferAppend" time="0,000" classname="cviceni.StringBuilderAndBufferTest"/>
  <testcase name="testBufferAppendDelete" time="0,001" classname="cviceni.StringBuilderAndBufferTest"/>
  <testcase name="testBuilderAppendDelete" time="0,000" classname="cviceni.StringBuilderAndBufferTest"/>
  <testcase name="testBufferAppend" time="0,000" classname="cviceni.StringBuilderAndBufferTest"/>
  <testcase name="testBuilderAppendDelete" time="0,000" classname="cviceni.StringBuilderAndBufferTest"/>
  <testcase name="testBuilderAppend" time="0,000" classname="cviceni.StringBuilderAndBufferTest"/>
  <testcase name="testBufferAppend" time="0,000" classname="cviceni.StringBuilderAndBufferTest"/>
  <testcase name="testBufferAppendDelete" time="0,000" classname="cviceni.StringBuilderAndBufferTest"/>
  <testcase name="testBufferAppendDelete" time="0,000" classname="cviceni.StringBuilderAndBufferTest"/>
  <testcase name="testBufferAppend" time="0,001" classname="cviceni.StringBuilderAndBufferTest"/>
  <testcase name="testBufferAppend" time="0,001" classname="cviceni.StringBuilderAndBufferTest"/>
  <testcase name="testBufferAppend" time="0,001" classname="cviceni.StringBuilderAndBufferTest"/>
  <testcase name="testBuilderAppendDelete" time="0,000" classname="cviceni.StringBuilderAndBufferTest"/>
  <testcase name="testBuilderAppend" time="0,000" classname="cviceni.StringBuilderAndBufferTest"/>
  <testcase name="testBuilderAppend" time="0,000" classname="cviceni.StringBuilderAndBufferTest"/>
  <testcase name="testBuilderAppend" time="0,001" classname="cviceni.StringBuilderAndBufferTest"/>
  <testcase name="testBufferAppendDelete" time="0,001" classname="cviceni.StringBuilderAndBufferTest"/>
  <testcase name="testBuilderAppend" time="0,000" classname="cviceni.StringBuilderAndBufferTest"/>
  <testcase name="testBuilderAppend" time="0,000" classname="cviceni.StringBuilderAndBufferTest"/>
  <testcase name="testBufferAppend" time="0,001" classname="cviceni.StringBuilderAndBufferTest"/>
  <testcase name="testBuilderAppend" time="0,000" classname="cviceni.StringBuilderAndBufferTest"/>
  <testcase name="testBufferAppend" time="0,000" classname="cviceni.StringBuilderAndBufferTest"/>
  <testcase name="testBuilderAppendDelete" time="0,000" classname="cviceni.StringBuilderAndBufferTest"/>
  <testcase name="testBuilderAppend" time="0,000" classname="cviceni.StringBuilderAndBufferTest"/>
  <testcase name="testBufferAppendDelete" time="0,000" classname="cviceni.StringBuilderAndBufferTest"/>
  <testcase name="testBuilderAppend" time="0,001" classname="cviceni.StringBuilderAndBufferTest"/>
  <testcase name="testBufferAppend" time="0,000" classname="cviceni.StringBuilderAndBufferTest"/>
  <testcase name="testBuilderAppend" time="0,001" classname="cviceni.StringBuilderAndBufferTest"/>
  <testcase name="testBuilderAppend" time="0,000" classname="cviceni.StringBuilderAndBufferTest"/>
  <testcase name="testBuilderAppend" time="0,010" classname="cviceni.StringBuilderAndBufferTest"/>
  <testcase name="testBufferAppendDelete" time="0,000" classname="cviceni.StringBuilderAndBufferTest"/>
  <testcase name="testBuilderAppendDelete" time="0,000" classname="cviceni.StringBuilderAndBufferTest"/>
  <testcase name="testBufferAppendDelete" time="0,001" classname="cviceni.StringBuilderAndBufferTest"/>
  <testcase name="testBufferAppend" time="0,000" classname="cviceni.StringBuilderAndBufferTest"/>
  <testcase name="testBufferAppendDelete" time="0,000" classname="cviceni.StringBuilderAndBufferTest"/>
  <testcase name="testBufferAppend" time="0,001" classname="cviceni.StringBuilderAndBufferTest"/>
  <testcase name="testBuilderAppend" time="0,001" classname="cviceni.StringBuilderAndBufferTest"/>
  <testcase name="testBuilderAppendDelete" time="0,437" classname="cviceni.StringBuilderAndBufferTest"/>
  <testcase name="testBufferAppend" time="0,000" classname="cviceni.StringBuilderAndBufferTest"/>
  <testcase name="testBufferAppend" time="0,000" classname="cviceni.StringBuilderAndBufferTest"/>
  <testcase name="testBufferAppendDelete" time="0,001" classname="cviceni.StringBuilderAndBufferTest"/>
  <testcase name="testBufferAppendDelete" time="0,000" classname="cviceni.StringBuilderAndBufferTest"/>
  <testcase name="testBuilderAppendDelete" time="0,001" classname="cviceni.StringBuilderAndBufferTest"/>
  <testcase name="testBuilderAppendDelete" time="0,000" classname="cviceni.StringBuilderAndBufferTest"/>
  <testcase name="testBuilderAppendDelete" time="0,001" classname="cviceni.StringBuilderAndBufferTest"/>
  <testcase name="testBufferAppend" time="0,000" classname="cviceni.StringBuilderAndBufferTest"/>
  <testcase name="testBufferAppendDelete" time="0,000" classname="cviceni.StringBuilderAndBufferTest"/>
  <testcase name="testBuilderAppend" time="0,000" classname="cviceni.StringBuilderAndBufferTest"/>
  <testcase name="testBuilderAppendDelete" time="0,000" classname="cviceni.StringBuilderAndBufferTest"/>
  <testcase name="testBuilderAppend" time="0,000" classname="cviceni.StringBuilderAndBufferTest"/>
  <testcase name="testBuilderAppendDelete" time="0,000" classname="cviceni.StringBuilderAndBufferTest"/>
  <testcase name="testBuilderAppendDelete" time="0,001" classname="cviceni.StringBuilderAndBufferTest"/>
  <testcase name="testBufferAppend" time="0,000" classname="cviceni.StringBuilderAndBufferTest"/>
  <testcase name="testBuilderAppend" time="0,001" classname="cviceni.StringBuilderAndBufferTest"/>
  <testcase name="testBuilderAppend" time="0,000" classname="cviceni.StringBuilderAndBufferTest"/>
  <testcase name="testBufferAppend" time="0,000" classname="cviceni.StringBuilderAndBufferTest"/>
  <testcase name="testBuilderAppend" time="0,000" classname="cviceni.StringBuilderAndBufferTest"/>
  <testcase name="testBuilderAppendDelete" time="0,000" classname="cviceni.StringBuilderAndBufferTest"/>
  <testcase name="testBuilderAppend" time="0,000" classname="cviceni.StringBuilderAndBufferTest"/>
  <testcase name="testBufferAppend" time="0,000" classname="cviceni.StringBuilderAndBufferTest"/>
  <testcase name="testBuilderAppend" time="0,001" classname="cviceni.StringBuilderAndBufferTest"/>
  <testcase name="testBufferAppendDelete" time="0,000" classname="cviceni.StringBuilderAndBufferTest"/>
  <testcase name="testBuilderAppendDelete" time="0,000" classname="cviceni.StringBuilderAndBufferTest"/>
  <testcase name="testBuilderAppendDelete" time="0,001" classname="cviceni.StringBuilderAndBufferTest"/>
  <testcase name="testBufferAppend" time="0,001" classname="cviceni.StringBuilderAndBufferTest"/>
  <testcase name="testBufferAppend" time="0,000" classname="cviceni.StringBuilderAndBufferTest"/>
  <testcase name="testBufferAppendDelete" time="0,000" classname="cviceni.StringBuilderAndBufferTest"/>
  <testcase name="testBuilderAppend" time="0,001" classname="cviceni.StringBuilderAndBufferTest"/>
  <testcase name="testBufferAppend" time="0,000" classname="cviceni.StringBuilderAndBufferTest"/>
  <testcase name="testBufferAppend" time="0,001" classname="cviceni.StringBuilderAndBufferTest"/>
  <testcase name="testBufferAppend" time="0,000" classname="cviceni.StringBuilderAndBufferTest"/>
  <testcase name="testBufferAppendDelete" time="0,000" classname="cviceni.StringBuilderAndBufferTest"/>
  <testcase name="testBuilderAppend" time="0,000" classname="cviceni.StringBuilderAndBufferTest"/>
  <testcase name="testBuilderAppendDelete" time="0,015" classname="cviceni.StringBuilderAndBufferTest"/>
  <testcase name="testBuilderAppendDelete" time="0,000" classname="cviceni.StringBuilderAndBufferTest"/>
  <testcase name="testBuilderAppend" time="0,000" classname="cviceni.StringBuilderAndBufferTest"/>
  <testcase name="testBuilderAppendDelete" time="0,000" classname="cviceni.StringBuilderAndBufferTest"/>
  <testcase name="testBufferAppend" time="0,000" classname="cviceni.StringBuilderAndBufferTest"/>
  <testcase name="testBuilderAppend" time="0,000" classname="cviceni.StringBuilderAndBufferTest"/>
  <testcase name="testBufferAppendDelete" time="0,000" classname="cviceni.StringBuilderAndBufferTest"/>
  <testcase name="testBuilderAppend" time="0,000" classname="cviceni.StringBuilderAndBufferTest"/>
  <testcase name="testBufferAppend" time="0,001" classname="cviceni.StringBuilderAndBufferTest"/>
  <testcase name="testBuilderAppend" time="0,000" classname="cviceni.StringBuilderAndBufferTest"/>
  <testcase name="testBufferAppend" time="0,001" classname="cviceni.StringBuilderAndBufferTest"/>
  <testcase name="testBufferAppendDelete" time="0,000" classname="cviceni.StringBuilderAndBufferTest"/>
  <testcase name="testBuilderAppendDelete" time="0,000" classname="cviceni.StringBuilderAndBufferTest"/>
  <testcase name="testBufferAppendDelete" time="0,000" classname="cviceni.StringBuilderAndBufferTest"/>
  <testcase name="testBufferAppendDelete" time="0,000" classname="cviceni.StringBuilderAndBufferTest"/>
  <testcase name="testBuilderAppendDelete" time="0,033" classname="cviceni.StringBuilderAndBufferTest"/>
  <testcase name="testBufferAppend" time="0,001" classname="cviceni.StringBuilderAndBufferTest"/>
  <testcase name="testBufferAppendDelete" time="0,000" classname="cviceni.StringBuilderAndBufferTest"/>
  <testcase name="testBufferAppend" time="0,000" classname="cviceni.StringBuilderAndBufferTest"/>
  <testcase name="testBufferAppendDelete" time="0,000" classname="cviceni.StringBuilderAndBufferTest"/>
  <testcase name="testBuilderAppend" time="0,000" classname="cviceni.StringBuilderAndBufferTest"/>
  <testcase name="testBuilderAppend" time="0,000" classname="cviceni.StringBuilderAndBufferTest"/>
  <testcase name="testBuilderAppend" time="0,000" classname="cviceni.StringBuilderAndBufferTest"/>
  <testcase name="testBuilderAppendDelete" time="0,001" classname="cviceni.StringBuilderAndBufferTest"/>
  <testcase name="testBufferAppend" time="0,000" classname="cviceni.StringBuilderAndBufferTest"/>
  <testcase name="testBuilderAppendDelete" time="0,001" classname="cviceni.StringBuilderAndBufferTest"/>
  <testcase name="testBufferAppendDelete" time="0,000" classname="cviceni.StringBuilderAndBufferTest"/>
  <testcase name="testBuilderAppend" time="0,000" classname="cviceni.StringBuilderAndBufferTest"/>
  <testcase name="testBuilderAppend" time="0,000" classname="cviceni.StringBuilderAndBufferTest"/>
  <testcase name="testBufferAppend" time="0,000" classname="cviceni.StringBuilderAndBufferTest"/>
  <testcase name="testBuilderAppend" time="0,000" classname="cviceni.StringBuilderAndBufferTest"/>
  <testcase name="testBufferAppendDelete" time="0,000" classname="cviceni.StringBuilderAndBufferTest"/>
  <testcase name="testBuilderAppend" time="0,000" classname="cviceni.StringBuilderAndBufferTest"/>
  <testcase name="testBuilderAppendDelete" time="0,000" classname="cviceni.StringBuilderAndBufferTest"/>
  <testcase name="testBufferAppend" time="0,001" classname="cviceni.StringBuilderAndBufferTest"/>
  <testcase name="testBuilderAppendDelete" time="0,000" classname="cviceni.StringBuilderAndBufferTest"/>
  <testcase name="testBuilderAppend" time="0,000" classname="cviceni.StringBuilderAndBufferTest"/>
  <testcase name="testBuilderAppend" time="0,000" classname="cviceni.StringBuilderAndBufferTest"/>
  <testcase name="testBuilderAppend" time="0,000" classname="cviceni.StringBuilderAndBufferTest"/>
  <testcase name="testBuilderAppend" time="0,000" classname="cviceni.StringBuilderAndBufferTest"/>
  <testcase name="testBufferAppend" time="0,001" classname="cviceni.StringBuilderAndBufferTest"/>
  <testcase name="testBuilderAppendDelete" time="0,000" classname="cviceni.StringBuilderAndBufferTest"/>
  <testcase name="testBufferAppend" time="0,001" classname="cviceni.StringBuilderAndBufferTest"/>
  <testcase name="testBufferAppend" time="0,000" classname="cviceni.StringBuilderAndBufferTest"/>
  <testcase name="testBufferAppend" time="0,001" classname="cviceni.StringBuilderAndBufferTest"/>
  <testcase name="testBufferAppendDelete" time="0,001" classname="cviceni.StringBuilderAndBufferTest"/>
  <testcase name="testBufferAppend" time="0,001" classname="cviceni.StringBuilderAndBufferTest"/>
  <testcase name="testBuilderAppendDelete" time="0,000" classname="cviceni.StringBuilderAndBufferTest"/>
  <testcase name="testBuilderAppendDelete" time="0,000" classname="cviceni.StringBuilderAndBufferTest"/>
  <testcase name="testBuilderAppend" time="0,000" classname="cviceni.StringBuilderAndBufferTest"/>
  <testcase name="testBuilderAppendDelete" time="0,000" classname="cviceni.StringBuilderAndBufferTest"/>
  <testcase name="testBufferAppend" time="0,000" classname="cviceni.StringBuilderAndBufferTest"/>
  <testcase name="testBufferAppend" time="0,000" classname="cviceni.StringBuilderAndBufferTest"/>
  <testcase name="testBuilderAppend" time="0,001" classname="cviceni.StringBuilderAndBufferTest"/>
  <testcase name="testBufferAppendDelete" time="0,000" classname="cviceni.StringBuilderAndBufferTest"/>
  <testcase name="testBufferAppend" time="0,001" classname="cviceni.StringBuilderAndBufferTest"/>
  <testcase name="testBuilderAppend" time="0,000" classname="cviceni.StringBuilderAndBufferTest"/>
  <testcase name="testBufferAppendDelete" time="0,000" classname="cviceni.StringBuilderAndBufferTest"/>
  <testcase name="testBuilderAppendDelete" time="0,000" classname="cviceni.StringBuilderAndBufferTest"/>
  <testcase name="testBufferAppendDelete" time="0,000" classname="cviceni.StringBuilderAndBufferTest"/>
  <testcase name="testBufferAppend" time="0,000" classname="cviceni.StringBuilderAndBufferTest"/>
  <testcase name="testBuilderAppend" time="0,000" classname="cviceni.StringBuilderAndBufferTest"/>
  <testcase name="testBufferAppendDelete" time="0,000" classname="cviceni.StringBuilderAndBufferTest"/>
  <testcase name="testBufferAppendDelete" time="0,000" classname="cviceni.StringBuilderAndBufferTest"/>
  <testcase name="testBuilderAppendDelete" time="0,000" classname="cviceni.StringBuilderAndBufferTest"/>
  <testcase name="testBufferAppend" time="0,000" classname="cviceni.StringBuilderAndBufferTest"/>
  <testcase name="testBuilderAppendDelete" time="0,001" classname="cviceni.StringBuilderAndBufferTest"/>
  <testcase name="testBuilderAppendDelete" time="0,000" classname="cviceni.StringBuilderAndBufferTest"/>
  <testcase name="testBufferAppend" time="0,001" classname="cviceni.StringBuilderAndBufferTest"/>
  <testcase name="testBuilderAppendDelete" time="0,001" classname="cviceni.StringBuilderAndBufferTest"/>
  <testcase name="testBuilderAppend" time="0,000" classname="cviceni.StringBuilderAndBufferTest"/>
  <testcase name="testBuilderAppend" time="0,000" classname="cviceni.StringBuilderAndBufferTest"/>
  <testcase name="testBufferAppend" time="0,000" classname="cviceni.StringBuilderAndBufferTest"/>
  <testcase name="testBuilderAppendDelete" time="0,003" classname="cviceni.StringBuilderAndBufferTest"/>
  <testcase name="testBufferAppend" time="0,000" classname="cviceni.StringBuilderAndBufferTest"/>
  <testcase name="testBufferAppendDelete" time="0,000" classname="cviceni.StringBuilderAndBufferTest"/>
  <testcase name="testBufferAppendDelete" time="0,000" classname="cviceni.StringBuilderAndBufferTest"/>
  <testcase name="testBufferAppendDelete" time="0,000" classname="cviceni.StringBuilderAndBufferTest"/>
  <testcase name="testBuilderAppend" time="0,000" classname="cviceni.StringBuilderAndBufferTest"/>
  <testcase name="testBufferAppendDelete" time="0,001" classname="cviceni.StringBuilderAndBufferTest"/>
  <testcase name="testBuilderAppendDelete" time="0,000" classname="cviceni.StringBuilderAndBufferTest"/>
  <testcase name="testBuilderAppendDelete" time="0,001" classname="cviceni.StringBuilderAndBufferTest"/>
  <testcase name="testBuilderAppend" time="0,000" classname="cviceni.StringBuilderAndBufferTest"/>
  <testcase name="testBufferAppend" time="0,001" classname="cviceni.StringBuilderAndBufferTest"/>
  <testcase name="testBufferAppend" time="0,001" classname="cviceni.StringBuilderAndBufferTest"/>
  <testcase name="testBuilderAppendDelete" time="0,000" classname="cviceni.StringBuilderAndBufferTest"/>
  <testcase name="testBuilderAppendDelete" time="0,000" classname="cviceni.StringBuilderAndBufferTest"/>
  <testcase name="testBuilderAppendDelete" time="0,000" classname="cviceni.StringBuilderAndBufferTest"/>
  <testcase name="testBufferAppendDelete" time="0,000" classname="cviceni.StringBuilderAndBufferTest"/>
  <testcase name="testBuilderAppend" time="0,000" classname="cviceni.StringBuilderAndBufferTest"/>
  <testcase name="testBuilderAppendDelete" time="0,000" classname="cviceni.StringBuilderAndBufferTest"/>
  <testcase name="testBuilderAppend" time="0,000" classname="cviceni.StringBuilderAndBufferTest"/>
  <testcase name="testBuilderAppendDelete" time="0,000" classname="cviceni.StringBuilderAndBufferTest"/>
  <testcase name="testBufferAppendDelete" time="0,001" classname="cviceni.StringBuilderAndBufferTest"/>
  <testcase name="testBuilderAppendDelete" time="0,000" classname="cviceni.StringBuilderAndBufferTest"/>
  <testcase name="testBuilderAppend" time="0,001" classname="cviceni.StringBuilderAndBufferTest"/>
  <testcase name="testBufferAppendDelete" time="0,001" classname="cviceni.StringBuilderAndBufferTest"/>
  <testcase name="testBuilderAppend" time="0,001" classname="cviceni.StringBuilderAndBufferTest"/>
  <testcase name="testBufferAppendDelete" time="0,000" classname="cviceni.StringBuilderAndBufferTest"/>
  <testcase name="testBufferAppendDelete" time="0,000" classname="cviceni.StringBuilderAndBufferTest"/>
  <testcase name="testBuilderAppendDelete" time="0,000" classname="cviceni.StringBuilderAndBufferTest"/>
  <testcase name="testBufferAppendDelete" time="0,000" classname="cviceni.StringBuilderAndBufferTest"/>
  <testcase name="testBuilderAppend" time="0,000" classname="cviceni.StringBuilderAndBufferTest"/>
  <testcase name="testBuilderAppendDelete" time="0,001" classname="cviceni.StringBuilderAndBufferTest"/>
  <testcase name="testBufferAppend" time="0,001" classname="cviceni.StringBuilderAndBufferTest"/>
  <testcase name="testBufferAppendDelete" time="0,000" classname="cviceni.StringBuilderAndBufferTest"/>
  <testcase name="testBufferAppendDelete" time="0,001" classname="cviceni.StringBuilderAndBufferTest"/>
  <testcase name="testBuilderAppendDelete" time="0,002" classname="cviceni.StringBuilderAndBufferTest"/>
  <testcase name="testBuilderAppendDelete" time="0,000" classname="cviceni.StringBuilderAndBufferTest"/>
  <testcase name="testBufferAppendDelete" time="0,000" classname="cviceni.StringBuilderAndBufferTest"/>
  <testcase name="testBuilderAppend" time="0,000" classname="cviceni.StringBuilderAndBufferTest"/>
  <testcase name="testBufferAppendDelete" time="0,000" classname="cviceni.StringBuilderAndBufferTest"/>
  <testcase name="testBufferAppend" time="0,000" classname="cviceni.StringBuilderAndBufferTest"/>
  <testcase name="testBufferAppend" time="0,000" classname="cviceni.StringBuilderAndBufferTest"/>
  <testcase name="testBufferAppendDelete" time="0,000" classname="cviceni.StringBuilderAndBufferTest"/>
  <testcase name="testBufferAppendDelete" time="0,000" classname="cviceni.StringBuilderAndBufferTest"/>
  <testcase name="testBuilderAppendDelete" time="0,000" classname="cviceni.StringBuilderAndBufferTest"/>
  <testcase name="testBuilderAppend" time="0,000" classname="cviceni.StringBuilderAndBufferTest"/>
  <testcase name="testBuilderAppend" time="0,000" classname="cviceni.StringBuilderAndBufferTest"/>
  <testcase name="testBufferAppend" time="0,000" classname="cviceni.StringBuilderAndBufferTest"/>
  <testcase name="testBuilderAppend" time="0,000" classname="cviceni.StringBuilderAndBufferTest"/>
  <testcase name="testBufferAppend" time="0,001" classname="cviceni.StringBuilderAndBufferTest"/>
  <testcase name="testBufferAppend" time="0,000" classname="cviceni.StringBuilderAndBufferTest"/>
  <testcase name="testBufferAppendDelete" time="0,000" classname="cviceni.StringBuilderAndBufferTest"/>
  <testcase name="testBufferAppendDelete" time="0,000" classname="cviceni.StringBuilderAndBufferTest"/>
  <testcase name="testBufferAppend" time="0,000" classname="cviceni.StringBuilderAndBufferTest"/>
  <testcase name="testBufferAppend" time="0,000" classname="cviceni.StringBuilderAndBufferTest"/>
  <testcase name="testBuilderAppendDelete" time="0,000" classname="cviceni.StringBuilderAndBufferTest"/>
  <testcase name="testBuilderAppend" time="0,000" classname="cviceni.StringBuilderAndBufferTest"/>
  <testcase name="testBuilderAppend" time="0,001" classname="cviceni.StringBuilderAndBufferTest"/>
  <testcase name="testBufferAppend" time="0,001" classname="cviceni.StringBuilderAndBufferTest"/>
  <testcase name="testBuilderAppend" time="0,016" classname="cviceni.StringBuilderAndBufferTest"/>
  <testcase name="testBuilderAppend" time="0,000" classname="cviceni.StringBuilderAndBufferTest"/>
  <testcase name="testBufferAppend" time="0,000" classname="cviceni.StringBuilderAndBufferTest"/>
  <testcase name="testBufferAppendDelete" time="0,001" classname="cviceni.StringBuilderAndBufferTest"/>
  <testcase name="testBuilderAppendDelete" time="0,000" classname="cviceni.StringBuilderAndBufferTest"/>
  <testcase name="testBuilderAppend" time="0,000" classname="cviceni.StringBuilderAndBufferTest"/>
  <testcase name="testBuilderAppend" time="0,000" classname="cviceni.StringBuilderAndBufferTest"/>
  <testcase name="testBufferAppend" time="0,001" classname="cviceni.StringBuilderAndBufferTest"/>
  <testcase name="testBuilderAppendDelete" time="0,000" classname="cviceni.StringBuilderAndBufferTest"/>
  <testcase name="testBufferAppendDelete" time="0,000" classname="cviceni.StringBuilderAndBufferTest"/>
  <testcase name="testBuilderAppend" time="0,000" classname="cviceni.StringBuilderAndBufferTest"/>
  <testcase name="testBufferAppend" time="0,001" classname="cviceni.StringBuilderAndBufferTest"/>
  <testcase name="testBuilderAppendDelete" time="0,000" classname="cviceni.StringBuilderAndBufferTest"/>
  <testcase name="testBufferAppendDelete" time="0,000" classname="cviceni.StringBuilderAndBufferTest"/>
  <testcase name="testBuilderAppend" time="0,001" classname="cviceni.StringBuilderAndBufferTest"/>
  <testcase name="testBuilderAppendDelete" time="0,000" classname="cviceni.StringBuilderAndBufferTest"/>
  <testcase name="testBuilderAppend" time="0,001" classname="cviceni.StringBuilderAndBufferTest"/>
  <testcase name="testBufferAppend" time="0,000" classname="cviceni.StringBuilderAndBufferTest"/>
  <testcase name="testBuilderAppend" time="0,000" classname="cviceni.StringBuilderAndBufferTest"/>
  <testcase name="testBuilderAppend" time="0,000" classname="cviceni.StringBuilderAndBufferTest"/>
  <testcase name="testBuilderAppend" time="0,000" classname="cviceni.StringBuilderAndBufferTest"/>
  <testcase name="testBuilderAppendDelete" time="0,001" classname="cviceni.StringBuilderAndBufferTest"/>
  <testcase name="testBuilderAppendDelete" time="0,000" classname="cviceni.StringBuilderAndBufferTest"/>
  <testcase name="testBuilderAppend" time="0,000" classname="cviceni.StringBuilderAndBufferTest"/>
  <testcase name="testBufferAppend" time="0,001" classname="cviceni.StringBuilderAndBufferTest"/>
  <testcase name="testBuilderAppendDelete" time="0,000" classname="cviceni.StringBuilderAndBufferTest"/>
  <testcase name="testBufferAppend" time="0,001" classname="cviceni.StringBuilderAndBufferTest"/>
  <testcase name="testBuilderAppendDelete" time="0,001" classname="cviceni.StringBuilderAndBufferTest"/>
  <testcase name="testBufferAppendDelete" time="0,001" classname="cviceni.StringBuilderAndBufferTest"/>
  <testcase name="testBufferAppend" time="0,000" classname="cviceni.StringBuilderAndBufferTest"/>
  <testcase name="testBuilderAppendDelete" time="0,000" classname="cviceni.StringBuilderAndBufferTest"/>
  <testcase name="testBuilderAppendDelete" time="0,000" classname="cviceni.StringBuilderAndBufferTest"/>
  <testcase name="testBuilderAppend" time="0,000" classname="cviceni.StringBuilderAndBufferTest"/>
  <testcase name="testBufferAppend" time="0,000" classname="cviceni.StringBuilderAndBufferTest"/>
  <testcase name="testBuilderAppend" time="0,000" classname="cviceni.StringBuilderAndBufferTest"/>
  <testcase name="testBuilderAppend" time="0,000" classname="cviceni.StringBuilderAndBufferTest"/>
  <testcase name="testBufferAppendDelete" time="0,000" classname="cviceni.StringBuilderAndBufferTest"/>
  <testcase name="testBufferAppend" time="0,000" classname="cviceni.StringBuilderAndBufferTest"/>
  <testcase name="testBufferAppend" time="0,000" classname="cviceni.StringBuilderAndBufferTest"/>
  <testcase name="testBufferAppend" time="0,000" classname="cviceni.StringBuilderAndBufferTest"/>
  <testcase name="testBuilderAppendDelete" time="0,000" classname="cviceni.StringBuilderAndBufferTest"/>
  <testcase name="testBuilderAppend" time="0,000" classname="cviceni.StringBuilderAndBufferTest"/>
  <testcase name="testBuilderAppend" time="0,000" classname="cviceni.StringBuilderAndBufferTest"/>
  <testcase name="testBufferAppendDelete" time="0,000" classname="cviceni.StringBuilderAndBufferTest"/>
  <testcase name="testBufferAppend" time="0,001" classname="cviceni.StringBuilderAndBufferTest"/>
  <testcase name="testBufferAppendDelete" time="0,001" classname="cviceni.StringBuilderAndBufferTest"/>
  <testcase name="testBufferAppend" time="0,000" classname="cviceni.StringBuilderAndBufferTest"/>
  <testcase name="testBuilderAppendDelete" time="0,001" classname="cviceni.StringBuilderAndBufferTest"/>
  <testcase name="testBuilderAppend" time="0,000" classname="cviceni.StringBuilderAndBufferTest"/>
  <testcase name="testBufferAppend" time="0,000" classname="cviceni.StringBuilderAndBufferTest"/>
  <testcase name="testBuilderAppend" time="0,000" classname="cviceni.StringBuilderAndBufferTest"/>
  <testcase name="testBuilderAppend" time="0,000" classname="cviceni.StringBuilderAndBufferTest"/>
  <testcase name="testBuilderAppendDelete" time="0,000" classname="cviceni.StringBuilderAndBufferTest"/>
  <testcase name="testBufferAppend" time="0,000" classname="cviceni.StringBuilderAndBufferTest"/>
  <testcase name="testBufferAppendDelete" time="0,000" classname="cviceni.StringBuilderAndBufferTest"/>
  <testcase name="testBufferAppendDelete" time="0,000" classname="cviceni.StringBuilderAndBufferTest"/>
  <testcase name="testBuilderAppendDelete" time="0,000" classname="cviceni.StringBuilderAndBufferTest"/>
  <testcase name="testBuilderAppend" time="0,023" classname="cviceni.StringBuilderAndBufferTest"/>
  <testcase name="testBufferAppend" time="0,000" classname="cviceni.StringBuilderAndBufferTest"/>
  <testcase name="testBufferAppend" time="0,001" classname="cviceni.StringBuilderAndBufferTest"/>
  <testcase name="testBufferAppendDelete" time="0,000" classname="cviceni.StringBuilderAndBufferTest"/>
  <testcase name="testBufferAppendDelete" time="0,000" classname="cviceni.StringBuilderAndBufferTest"/>
  <testcase name="testBufferAppendDelete" time="0,000" classname="cviceni.StringBuilderAndBufferTest"/>
  <testcase name="testBuilderAppendDelete" time="0,001" classname="cviceni.StringBuilderAndBufferTest"/>
  <testcase name="testBufferAppendDelete" time="0,000" classname="cviceni.StringBuilderAndBufferTest"/>
  <testcase name="testBufferAppend" time="0,000" classname="cviceni.StringBuilderAndBufferTest"/>
  <testcase name="testBufferAppendDelete" time="0,001" classname="cviceni.StringBuilderAndBufferTest"/>
  <testcase name="testBufferAppend" time="0,000" classname="cviceni.StringBuilderAndBufferTest"/>
  <testcase name="testBufferAppend" time="0,000" classname="cviceni.StringBuilderAndBufferTest"/>
  <testcase name="testBuilderAppend" time="0,001" classname="cviceni.StringBuilderAndBufferTest"/>
  <testcase name="testBufferAppendDelete" time="0,000" classname="cviceni.StringBuilderAndBufferTest"/>
  <testcase name="testBuilderAppendDelete" time="0,000" classname="cviceni.StringBuilderAndBufferTest"/>
  <testcase name="testBufferAppend" time="0,001" classname="cviceni.StringBuilderAndBufferTest"/>
  <testcase name="testBufferAppendDelete" time="0,000" classname="cviceni.StringBuilderAndBufferTest"/>
  <testcase name="testBufferAppendDelete" time="0,000" classname="cviceni.StringBuilderAndBufferTest"/>
  <testcase name="testBufferAppend" time="0,000" classname="cviceni.StringBuilderAndBufferTest"/>
  <testcase name="testBuilderAppend" time="0,000" classname="cviceni.StringBuilderAndBufferTest"/>
  <testcase name="testBuilderAppendDelete" time="0,000" classname="cviceni.StringBuilderAndBufferTest"/>
  <testcase name="testBuilderAppend" time="0,000" classname="cviceni.StringBuilderAndBufferTest"/>
  <testcase name="testBufferAppend" time="0,000" classname="cviceni.StringBuilderAndBufferTest"/>
  <testcase name="testBuilderAppendDelete" time="0,000" classname="cviceni.StringBuilderAndBufferTest"/>
  <testcase name="testBuilderAppendDelete" time="0,001" classname="cviceni.StringBuilderAndBufferTest"/>
  <testcase name="testBufferAppend" time="0,000" classname="cviceni.StringBuilderAndBufferTest"/>
  <testcase name="testBufferAppend" time="0,000" classname="cviceni.StringBuilderAndBufferTest"/>
  <testcase name="testBufferAppendDelete" time="0,000" classname="cviceni.StringBuilderAndBufferTest"/>
  <testcase name="testBuilderAppend" time="0,000" classname="cviceni.StringBuilderAndBufferTest"/>
  <testcase name="testBufferAppendDelete" time="0,000" classname="cviceni.StringBuilderAndBufferTest"/>
  <testcase name="testBufferAppend" time="0,000" classname="cviceni.StringBuilderAndBufferTest"/>
  <testcase name="testBufferAppendDelete" time="0,001" classname="cviceni.StringBuilderAndBufferTest"/>
  <testcase name="testBuilderAppendDelete" time="0,001" classname="cviceni.StringBuilderAndBufferTest"/>
  <testcase name="testBuilderAppendDelete" time="0,000" classname="cviceni.StringBuilderAndBufferTest"/>
  <testcase name="testBuilderAppend" time="0,001" classname="cviceni.StringBuilderAndBufferTest"/>
  <testcase name="testBufferAppendDelete" time="0,000" classname="cviceni.StringBuilderAndBufferTest"/>
  <testcase name="testBuilderAppend" time="0,000" classname="cviceni.StringBuilderAndBufferTest"/>
  <testcase name="testBufferAppendDelete" time="0,000" classname="cviceni.StringBuilderAndBufferTest"/>
  <testcase name="testBuilderAppend" time="0,001" classname="cviceni.StringBuilderAndBufferTest"/>
  <testcase name="testBufferAppend" time="0,000" classname="cviceni.StringBuilderAndBufferTest"/>
  <testcase name="testBuilderAppend" time="0,001" classname="cviceni.StringBuilderAndBufferTest"/>
  <testcase name="testBuilderAppend" time="0,000" classname="cviceni.StringBuilderAndBufferTest"/>
  <testcase name="testBuilderAppendDelete" time="0,000" classname="cviceni.StringBuilderAndBufferTest"/>
  <testcase name="testBuilderAppendDelete" time="0,000" classname="cviceni.StringBuilderAndBufferTest"/>
  <testcase name="testBuilderAppendDelete" time="0,000" classname="cviceni.StringBuilderAndBufferTest"/>
  <testcase name="testBufferAppend" time="0,000" classname="cviceni.StringBuilderAndBufferTest"/>
  <testcase name="testBufferAppendDelete" time="0,000" classname="cviceni.StringBuilderAndBufferTest"/>
  <testcase name="testBuilderAppendDelete" time="0,000" classname="cviceni.StringBuilderAndBufferTest"/>
  <testcase name="testBuilderAppendDelete" time="0,000" classname="cviceni.StringBuilderAndBufferTest"/>
  <testcase name="testBufferAppend" time="0,000" classname="cviceni.StringBuilderAndBufferTest"/>
  <testcase name="testBuilderAppend" time="0,001" classname="cviceni.StringBuilderAndBufferTest"/>
  <testcase name="testBufferAppend" time="0,000" classname="cviceni.StringBuilderAndBufferTest"/>
  <testcase name="testBufferAppend" time="0,000" classname="cviceni.StringBuilderAndBufferTest"/>
  <testcase name="testBufferAppendDelete" time="0,001" classname="cviceni.StringBuilderAndBufferTest"/>
  <testcase name="testBuilderAppendDelete" time="0,000" classname="cviceni.StringBuilderAndBufferTest"/>
  <testcase name="testBuilderAppend" time="0,001" classname="cviceni.StringBuilderAndBufferTest"/>
  <testcase name="testBuilderAppend" time="0,000" classname="cviceni.StringBuilderAndBufferTest"/>
  <testcase name="testBuilderAppend" time="0,001" classname="cviceni.StringBuilderAndBufferTest"/>
  <testcase name="testBufferAppendDelete" time="0,000" classname="cviceni.StringBuilderAndBufferTest"/>
  <testcase name="testBuilderAppend" time="0,000" classname="cviceni.StringBuilderAndBufferTest"/>
  <testcase name="testBufferAppendDelete" time="0,000" classname="cviceni.StringBuilderAndBufferTest"/>
  <testcase name="testBuilderAppend" time="0,001" classname="cviceni.StringBuilderAndBufferTest"/>
  <testcase name="testBuilderAppend" time="0,000" classname="cviceni.StringBuilderAndBufferTest"/>
  <testcase name="testBufferAppendDelete" time="0,000" classname="cviceni.StringBuilderAndBufferTest"/>
  <testcase name="testBuilderAppendDelete" time="0,000" classname="cviceni.StringBuilderAndBufferTest"/>
  <testcase name="testBufferAppend" time="0,000" classname="cviceni.StringBuilderAndBufferTest"/>
  <testcase name="testBufferAppend" time="0,001" classname="cviceni.StringBuilderAndBufferTest"/>
  <testcase name="testBufferAppend" time="0,000" classname="cviceni.StringBuilderAndBufferTest"/>
  <testcase name="testBufferAppend" time="0,000" classname="cviceni.StringBuilderAndBufferTest"/>
  <testcase name="testBufferAppendDelete" time="0,000" classname="cviceni.StringBuilderAndBufferTest"/>
  <testcase name="testBufferAppendDelete" time="0,001" classname="cviceni.StringBuilderAndBufferTest"/>
  <testcase name="testBuilderAppendDelete" time="0,000" classname="cviceni.StringBuilderAndBufferTest"/>
  <testcase name="testBuilderAppendDelete" time="0,000" classname="cviceni.StringBuilderAndBufferTest"/>
  <testcase name="testBuilderAppendDelete" time="0,000" classname="cviceni.StringBuilderAndBufferTest"/>
  <testcase name="testBuilderAppend" time="0,001" classname="cviceni.StringBuilderAndBufferTest"/>
  <testcase name="testBufferAppend" time="0,000" classname="cviceni.StringBuilderAndBufferTest"/>
  <testcase name="testBuilderAppend" time="0,000" classname="cviceni.StringBuilderAndBufferTest"/>
  <testcase name="testBufferAppendDelete" time="0,000" classname="cviceni.StringBuilderAndBufferTest"/>
  <testcase name="testBuilderAppend" time="0,001" classname="cviceni.StringBuilderAndBufferTest"/>
  <testcase name="testBufferAppendDelete" time="0,000" classname="cviceni.StringBuilderAndBufferTest"/>
  <testcase name="testBufferAppend" time="0,000" classname="cviceni.StringBuilderAndBufferTest"/>
  <testcase name="testBufferAppendDelete" time="0,000" classname="cviceni.StringBuilderAndBufferTest"/>
  <testcase name="testBufferAppend" time="0,000" classname="cviceni.StringBuilderAndBufferTest"/>
  <testcase name="testBufferAppend" time="0,000" classname="cviceni.StringBuilderAndBufferTest"/>
  <testcase name="testBuilderAppendDelete" time="0,000" classname="cviceni.StringBuilderAndBufferTest"/>
  <testcase name="testBufferAppend" time="0,000" classname="cviceni.StringBuilderAndBufferTest"/>
  <testcase name="testBufferAppend" time="0,001" classname="cviceni.StringBuilderAndBufferTest"/>
  <testcase name="testBufferAppend" time="0,001" classname="cviceni.StringBuilderAndBufferTest"/>
  <testcase name="testBuilderAppendDelete" time="0,000" classname="cviceni.StringBuilderAndBufferTest"/>
  <testcase name="testBuilderAppendDelete" time="0,001" classname="cviceni.StringBuilderAndBufferTest"/>
  <testcase name="testBuilderAppend" time="0,001" classname="cviceni.StringBuilderAndBufferTest"/>
  <testcase name="testBufferAppendDelete" time="0,001" classname="cviceni.StringBuilderAndBufferTest"/>
  <testcase name="testBufferAppendDelete" time="0,000" classname="cviceni.StringBuilderAndBufferTest"/>
  <testcase name="testBuilderAppend" time="0,000" classname="cviceni.StringBuilderAndBufferTest"/>
  <testcase name="testBufferAppendDelete" time="0,001" classname="cviceni.StringBuilderAndBufferTest"/>
  <testcase name="testBufferAppendDelete" time="0,000" classname="cviceni.StringBuilderAndBufferTest"/>
  <testcase name="testBuilderAppendDelete" time="0,000" classname="cviceni.StringBuilderAndBufferTest"/>
  <testcase name="testBuilderAppend" time="0,001" classname="cviceni.StringBuilderAndBufferTest"/>
  <testcase name="testBuilderAppend" time="0,000" classname="cviceni.StringBuilderAndBufferTest"/>
  <testcase name="testBuilderAppend" time="0,000" classname="cviceni.StringBuilderAndBufferTest"/>
  <testcase name="testBufferAppend" time="0,000" classname="cviceni.StringBuilderAndBufferTest"/>
  <testcase name="testBufferAppend" time="0,000" classname="cviceni.StringBuilderAndBufferTest"/>
  <testcase name="testBufferAppend" time="0,000" classname="cviceni.StringBuilderAndBufferTest"/>
  <testcase name="testBuilderAppendDelete" time="0,000" classname="cviceni.StringBuilderAndBufferTest"/>
  <testcase name="testBuilderAppendDelete" time="0,000" classname="cviceni.StringBuilderAndBufferTest"/>
  <testcase name="testBufferAppendDelete" time="0,000" classname="cviceni.StringBuilderAndBufferTest"/>
  <testcase name="testBufferAppendDelete" time="0,009" classname="cviceni.StringBuilderAndBufferTest"/>
  <testcase name="testBuilderAppendDelete" time="0,000" classname="cviceni.StringBuilderAndBufferTest"/>
  <testcase name="testBuilderAppendDelete" time="0,000" classname="cviceni.StringBuilderAndBufferTest"/>
  <testcase name="testBufferAppend" time="0,000" classname="cviceni.StringBuilderAndBufferTest"/>
  <testcase name="testBuilderAppendDelete" time="0,000" classname="cviceni.StringBuilderAndBufferTest"/>
  <testcase name="testBuilderAppendDelete" time="0,001" classname="cviceni.StringBuilderAndBufferTest"/>
  <testcase name="testBufferAppend" time="0,001" classname="cviceni.StringBuilderAndBufferTest"/>
  <testcase name="testBuilderAppend" time="0,001" classname="cviceni.StringBuilderAndBufferTest"/>
  <testcase name="testBuilderAppend" time="0,001" classname="cviceni.StringBuilderAndBufferTest"/>
  <testcase name="testBuilderAppendDelete" time="0,000" classname="cviceni.StringBuilderAndBufferTest"/>
  <testcase name="testBuilderAppendDelete" time="0,000" classname="cviceni.StringBuilderAndBufferTest"/>
  <testcase name="testBufferAppend" time="0,000" classname="cviceni.StringBuilderAndBufferTest"/>
  <testcase name="testBuilderAppend" time="0,000" classname="cviceni.StringBuilderAndBufferTest"/>
  <testcase name="testBuilderAppend" time="0,000" classname="cviceni.StringBuilderAndBufferTest"/>
  <testcase name="testBuilderAppendDelete" time="0,000" classname="cviceni.StringBuilderAndBufferTest"/>
  <testcase name="testBuilderAppendDelete" time="0,000" classname="cviceni.StringBuilderAndBufferTest"/>
  <testcase name="testBufferAppendDelete" time="0,000" classname="cviceni.StringBuilderAndBufferTest"/>
  <testcase name="testBuilderAppendDelete" time="0,000" classname="cviceni.StringBuilderAndBufferTest"/>
  <testcase name="testBuilderAppendDelete" time="0,001" classname="cviceni.StringBuilderAndBufferTest"/>
  <testcase name="testBufferAppendDelete" time="0,000" classname="cviceni.StringBuilderAndBufferTest"/>
  <testcase name="testBufferAppend" time="0,000" classname="cviceni.StringBuilderAndBufferTest"/>
  <testcase name="testBufferAppend" time="0,001" classname="cviceni.StringBuilderAndBufferTest"/>
  <testcase name="testBufferAppendDelete" time="0,000" classname="cviceni.StringBuilderAndBufferTest"/>
  <testcase name="testBuilderAppend" time="0,000" classname="cviceni.StringBuilderAndBufferTest"/>
  <testcase name="testBufferAppend" time="0,000" classname="cviceni.StringBuilderAndBufferTest"/>
  <testcase name="testBufferAppend" time="0,000" classname="cviceni.StringBuilderAndBufferTest"/>
  <testcase name="testBuilderAppendDelete" time="0,000" classname="cviceni.StringBuilderAndBufferTest"/>
  <testcase name="testBufferAppend" time="0,000" classname="cviceni.StringBuilderAndBufferTest"/>
  <testcase name="testBuilderAppendDelete" time="0,000" classname="cviceni.StringBuilderAndBufferTest"/>
  <testcase name="testBuilderAppend" time="0,000" classname="cviceni.StringBuilderAndBufferTest"/>
  <testcase name="testBuilderAppendDelete" time="0,000" classname="cviceni.StringBuilderAndBufferTest"/>
  <testcase name="testBuilderAppend" time="0,001" classname="cviceni.StringBuilderAndBufferTest"/>
  <testcase name="testBuilderAppendDelete" time="0,002" classname="cviceni.StringBuilderAndBufferTest"/>
  <testcase name="testBuilderAppend" time="0,001" classname="cviceni.StringBuilderAndBufferTest"/>
  <testcase name="testBuilderAppend" time="0,000" classname="cviceni.StringBuilderAndBufferTest"/>
  <testcase name="testBuilderAppend" time="0,000" classname="cviceni.StringBuilderAndBufferTest"/>
  <testcase name="testBufferAppend" time="0,000" classname="cviceni.StringBuilderAndBufferTest"/>
  <testcase name="testBufferAppend" time="0,001" classname="cviceni.StringBuilderAndBufferTest"/>
  <testcase name="testBuilderAppend" time="0,000" classname="cviceni.StringBuilderAndBufferTest"/>
  <testcase name="testBufferAppend" time="0,001" classname="cviceni.StringBuilderAndBufferTest"/>
  <testcase name="testBuilderAppendDelete" time="0,000" classname="cviceni.StringBuilderAndBufferTest"/>
  <testcase name="testBufferAppendDelete" time="0,000" classname="cviceni.StringBuilderAndBufferTest"/>
  <testcase name="testBufferAppend" time="0,001" classname="cviceni.StringBuilderAndBufferTest"/>
  <testcase name="testBuilderAppend" time="0,000" classname="cviceni.StringBuilderAndBufferTest"/>
  <testcase name="testBuilderAppendDelete" time="0,000" classname="cviceni.StringBuilderAndBufferTest"/>
  <testcase name="testBufferAppend" time="0,000" classname="cviceni.StringBuilderAndBufferTest"/>
  <testcase name="testBuilderAppend" time="0,000" classname="cviceni.StringBuilderAndBufferTest"/>
  <testcase name="testBuilderAppend" time="0,072" classname="cviceni.StringBuilderAndBufferTest"/>
  <testcase name="testBuilderAppendDelete" time="0,000" classname="cviceni.StringBuilderAndBufferTest"/>
  <testcase name="testBuilderAppend" time="0,000" classname="cviceni.StringBuilderAndBufferTest"/>
  <testcase name="testBuilderAppend" time="0,000" classname="cviceni.StringBuilderAndBufferTest"/>
  <testcase name="testBuilderAppendDelete" time="0,000" classname="cviceni.StringBuilderAndBufferTest"/>
  <testcase name="testBufferAppendDelete" time="0,001" classname="cviceni.StringBuilderAndBufferTest"/>
  <testcase name="testBufferAppendDelete" time="0,001" classname="cviceni.StringBuilderAndBufferTest"/>
  <testcase name="testBufferAppendDelete" time="0,000" classname="cviceni.StringBuilderAndBufferTest"/>
  <testcase name="testBufferAppend" time="0,001" classname="cviceni.StringBuilderAndBufferTest"/>
  <testcase name="testBufferAppendDelete" time="0,001" classname="cviceni.StringBuilderAndBufferTest"/>
  <testcase name="testBufferAppend" time="0,001" classname="cviceni.StringBuilderAndBufferTest"/>
  <testcase name="testBufferAppendDelete" time="0,000" classname="cviceni.StringBuilderAndBufferTest"/>
  <testcase name="testBufferAppend" time="0,000" classname="cviceni.StringBuilderAndBufferTest"/>
  <testcase name="testBuilderAppendDelete" time="0,000" classname="cviceni.StringBuilderAndBufferTest"/>
  <testcase name="testBufferAppendDelete" time="0,000" classname="cviceni.StringBuilderAndBufferTest"/>
  <testcase name="testBufferAppend" time="0,000" classname="cviceni.StringBuilderAndBufferTest"/>
  <testcase name="testBufferAppend" time="0,000" classname="cviceni.StringBuilderAndBufferTest"/>
  <testcase name="testBufferAppendDelete" time="0,000" classname="cviceni.StringBuilderAndBufferTest"/>
  <testcase name="testBuilderAppend" time="0,001" classname="cviceni.StringBuilderAndBufferTest"/>
  <testcase name="testBufferAppendDelete" time="0,001" classname="cviceni.StringBuilderAndBufferTest"/>
  <testcase name="testBufferAppendDelete" time="0,000" classname="cviceni.StringBuilderAndBufferTest"/>
  <testcase name="testBuilderAppendDelete" time="0,001" classname="cviceni.StringBuilderAndBufferTest"/>
  <testcase name="testBuilderAppendDelete" time="0,000" classname="cviceni.StringBuilderAndBufferTest"/>
  <testcase name="testBuilderAppendDelete" time="0,001" classname="cviceni.StringBuilderAndBufferTest"/>
  <testcase name="testBufferAppend" time="0,000" classname="cviceni.StringBuilderAndBufferTest"/>
  <testcase name="testBuilderAppend" time="0,000" classname="cviceni.StringBuilderAndBufferTest"/>
  <testcase name="testBuilderAppendDelete" time="0,000" classname="cviceni.StringBuilderAndBufferTest"/>
  <testcase name="testBufferAppend" time="0,000" classname="cviceni.StringBuilderAndBufferTest"/>
  <testcase name="testBufferAppendDelete" time="0,001" classname="cviceni.StringBuilderAndBufferTest"/>
  <testcase name="testBufferAppendDelete" time="0,001" classname="cviceni.StringBuilderAndBufferTest"/>
  <testcase name="testBufferAppendDelete" time="0,001" classname="cviceni.StringBuilderAndBufferTest"/>
  <testcase name="testBufferAppend" time="0,001" classname="cviceni.StringBuilderAndBufferTest"/>
  <testcase name="testBuilderAppendDelete" time="0,000" classname="cviceni.StringBuilderAndBufferTest"/>
  <testcase name="testBuilderAppend" time="0,000" classname="cviceni.StringBuilderAndBufferTest"/>
  <testcase name="testBuilderAppendDelete" time="0,000" classname="cviceni.StringBuilderAndBufferTest"/>
  <testcase name="testBufferAppend" time="0,000" classname="cviceni.StringBuilderAndBufferTest"/>
  <testcase name="testBuilderAppendDelete" time="0,000" classname="cviceni.StringBuilderAndBufferTest"/>
  <testcase name="testBuilderAppendDelete" time="0,001" classname="cviceni.StringBuilderAndBufferTest"/>
  <testcase name="testBufferAppend" time="0,000" classname="cviceni.StringBuilderAndBufferTest"/>
  <testcase name="testBuilderAppendDelete" time="0,001" classname="cviceni.StringBuilderAndBufferTest"/>
  <testcase name="testBufferAppend" time="0,000" classname="cviceni.StringBuilderAndBufferTest"/>
  <testcase name="testBufferAppendDelete" time="0,000" classname="cviceni.StringBuilderAndBufferTest"/>
  <testcase name="testBuilderAppend" time="0,000" classname="cviceni.StringBuilderAndBufferTest"/>
  <testcase name="testBufferAppendDelete" time="0,001" classname="cviceni.StringBuilderAndBufferTest"/>
  <testcase name="testBuilderAppendDelete" time="0,000" classname="cviceni.StringBuilderAndBufferTest"/>
  <testcase name="testBuilderAppendDelete" time="0,000" classname="cviceni.StringBuilderAndBufferTest"/>
  <testcase name="testBuilderAppendDelete" time="0,000" classname="cviceni.StringBuilderAndBufferTest"/>
  <testcase name="testBuilderAppendDelete" time="0,000" classname="cviceni.StringBuilderAndBufferTest"/>
  <testcase name="testBufferAppendDelete" time="0,000" classname="cviceni.StringBuilderAndBufferTest"/>
  <testcase name="testBufferAppendDelete" time="0,000" classname="cviceni.StringBuilderAndBufferTest"/>
  <testcase name="testBufferAppendDelete" time="0,000" classname="cviceni.StringBuilderAndBufferTest"/>
  <testcase name="testBuilderAppendDelete" time="0,000" classname="cviceni.StringBuilderAndBufferTest"/>
  <testcase name="testBufferAppend" time="0,000" classname="cviceni.StringBuilderAndBufferTest"/>
  <testcase name="testBufferAppend" time="0,000" classname="cviceni.StringBuilderAndBufferTest"/>
  <testcase name="testBufferAppend" time="0,001" classname="cviceni.StringBuilderAndBufferTest"/>
  <testcase name="testBufferAppend" time="0,001" classname="cviceni.StringBuilderAndBufferTest"/>
  <testcase name="testBuilderAppend" time="0,000" classname="cviceni.StringBuilderAndBufferTest"/>
  <testcase name="testBuilderAppendDelete" time="0,000" classname="cviceni.StringBuilderAndBufferTest"/>
  <testcase name="testBufferAppendDelete" time="0,000" classname="cviceni.StringBuilderAndBufferTest"/>
  <testcase name="testBuilderAppend" time="0,000" classname="cviceni.StringBuilderAndBufferTest"/>
  <testcase name="testBuilderAppendDelete" time="0,000" classname="cviceni.StringBuilderAndBufferTest"/>
  <testcase name="testBuilderAppend" time="0,000" classname="cviceni.StringBuilderAndBufferTest"/>
  <testcase name="testBufferAppend" time="0,000" classname="cviceni.StringBuilderAndBufferTest"/>
  <testcase name="testBuilderAppend" time="0,000" classname="cviceni.StringBuilderAndBufferTest"/>
  <testcase name="testBuilderAppend" time="0,000" classname="cviceni.StringBuilderAndBufferTest"/>
  <testcase name="testBuilderAppendDelete" time="0,000" classname="cviceni.StringBuilderAndBufferTest"/>
  <testcase name="testBuilderAppend" time="0,001" classname="cviceni.StringBuilderAndBufferTest"/>
  <testcase name="testBuilderAppend" time="0,000" classname="cviceni.StringBuilderAndBufferTest"/>
  <testcase name="testBuilderAppendDelete" time="0,000" classname="cviceni.StringBuilderAndBufferTest"/>
  <testcase name="testBufferAppend" time="0,000" classname="cviceni.StringBuilderAndBufferTest"/>
  <testcase name="testBuilderAppendDelete" time="0,000" classname="cviceni.StringBuilderAndBufferTest"/>
  <testcase name="testBuilderAppend" time="0,000" classname="cviceni.StringBuilderAndBufferTest"/>
  <testcase name="testBuilderAppendDelete" time="0,001" classname="cviceni.StringBuilderAndBufferTest"/>
  <testcase name="testBufferAppend" time="0,001" classname="cviceni.StringBuilderAndBufferTest"/>
  <testcase name="testBuilderAppend" time="0,007" classname="cviceni.StringBuilderAndBufferTest"/>
  <testcase name="testBufferAppendDelete" time="0,000" classname="cviceni.StringBuilderAndBufferTest"/>
  <testcase name="testBufferAppend" time="0,001" classname="cviceni.StringBuilderAndBufferTest"/>
  <testcase name="testBufferAppendDelete" time="0,000" classname="cviceni.StringBuilderAndBufferTest"/>
  <testcase name="testBufferAppend" time="0,000" classname="cviceni.StringBuilderAndBufferTest"/>
  <testcase name="testBuilderAppend" time="0,000" classname="cviceni.StringBuilderAndBufferTest"/>
  <testcase name="testBufferAppend" time="0,000" classname="cviceni.StringBuilderAndBufferTest"/>
  <testcase name="testBuilderAppend" time="0,000" classname="cviceni.StringBuilderAndBufferTest"/>
  <testcase name="testBuilderAppend" time="0,000" classname="cviceni.StringBuilderAndBufferTest"/>
  <testcase name="testBufferAppend" time="0,001" classname="cviceni.StringBuilderAndBufferTest"/>
  <testcase name="testBuilderAppendDelete" time="0,000" classname="cviceni.StringBuilderAndBufferTest"/>
  <testcase name="testBufferAppendDelete" time="0,000" classname="cviceni.StringBuilderAndBufferTest"/>
  <testcase name="testBufferAppendDelete" time="0,000" classname="cviceni.StringBuilderAndBufferTest"/>
  <testcase name="testBufferAppendDelete" time="0,001" classname="cviceni.StringBuilderAndBufferTest"/>
  <testcase name="testBufferAppendDelete" time="0,000" classname="cviceni.StringBuilderAndBufferTest"/>
  <testcase name="testBuilderAppendDelete" time="0,000" classname="cviceni.StringBuilderAndBufferTest"/>
  <testcase name="testBufferAppend" time="0,000" classname="cviceni.StringBuilderAndBufferTest"/>
  <testcase name="testBuilderAppend" time="0,001" classname="cviceni.StringBuilderAndBufferTest"/>
  <testcase name="testBuilderAppend" time="0,000" classname="cviceni.StringBuilderAndBufferTest"/>
  <testcase name="testBufferAppend" time="0,000" classname="cviceni.StringBuilderAndBufferTest"/>
  <testcase name="testBuilderAppendDelete" time="0,000" classname="cviceni.StringBuilderAndBufferTest"/>
  <testcase name="testBufferAppend" time="0,000" classname="cviceni.StringBuilderAndBufferTest"/>
  <testcase name="testBufferAppendDelete" time="0,000" classname="cviceni.StringBuilderAndBufferTest"/>
  <testcase name="testBufferAppend" time="0,001" classname="cviceni.StringBuilderAndBufferTest"/>
  <testcase name="testBufferAppend" time="0,000" classname="cviceni.StringBuilderAndBufferTest"/>
  <testcase name="testBufferAppendDelete" time="0,000" classname="cviceni.StringBuilderAndBufferTest"/>
  <testcase name="testBuilderAppend" time="0,001" classname="cviceni.StringBuilderAndBufferTest"/>
  <testcase name="testBuilderAppend" time="0,001" classname="cviceni.StringBuilderAndBufferTest"/>
  <testcase name="testBuilderAppendDelete" time="0,000" classname="cviceni.StringBuilderAndBufferTest"/>
  <testcase name="testBuilderAppend" time="0,000" classname="cviceni.StringBuilderAndBufferTest"/>
  <testcase name="testBufferAppend" time="0,000" classname="cviceni.StringBuilderAndBufferTest"/>
  <testcase name="testBuilderAppendDelete" time="0,001" classname="cviceni.StringBuilderAndBufferTest"/>
  <testcase name="testBuilderAppend" time="0,000" classname="cviceni.StringBuilderAndBufferTest"/>
  <testcase name="testBufferAppendDelete" time="0,001" classname="cviceni.StringBuilderAndBufferTest"/>
  <testcase name="testBufferAppend" time="0,000" classname="cviceni.StringBuilderAndBufferTest"/>
  <testcase name="testBuilderAppendDelete" time="0,000" classname="cviceni.StringBuilderAndBufferTest"/>
  <testcase name="testBuilderAppend" time="0,000" classname="cviceni.StringBuilderAndBufferTest"/>
  <testcase name="testBufferAppend" time="0,000" classname="cviceni.StringBuilderAndBufferTest"/>
  <testcase name="testBufferAppend" time="0,000" classname="cviceni.StringBuilderAndBufferTest"/>
  <testcase name="testBufferAppendDelete" time="0,000" classname="cviceni.StringBuilderAndBufferTest"/>
  <testcase name="testBufferAppendDelete" time="0,000" classname="cviceni.StringBuilderAndBufferTest"/>
  <testcase name="testBuilderAppendDelete" time="0,000" classname="cviceni.StringBuilderAndBufferTest"/>
  <testcase name="testBufferAppendDelete" time="0,000" classname="cviceni.StringBuilderAndBufferTest"/>
  <testcase name="testBufferAppend" time="0,000" classname="cviceni.StringBuilderAndBufferTest"/>
  <testcase name="testBufferAppend" time="0,000" classname="cviceni.StringBuilderAndBufferTest"/>
  <testcase name="testBuilderAppend" time="0,000" classname="cviceni.StringBuilderAndBufferTest"/>
  <testcase name="testBufferAppend" time="0,000" classname="cviceni.StringBuilderAndBufferTest"/>
  <testcase name="testBufferAppend" time="0,000" classname="cviceni.StringBuilderAndBufferTest"/>
  <testcase name="testBuilderAppend" time="0,000" classname="cviceni.StringBuilderAndBufferTest"/>
  <testcase name="testBuilderAppendDelete" time="0,000" classname="cviceni.StringBuilderAndBufferTest"/>
  <testcase name="testBuilderAppend" time="0,000" classname="cviceni.StringBuilderAndBufferTest"/>
  <testcase name="testBufferAppendDelete" time="0,000" classname="cviceni.StringBuilderAndBufferTest"/>
  <testcase name="testBuilderAppend" time="0,000" classname="cviceni.StringBuilderAndBufferTest"/>
  <testcase name="testBuilderAppendDelete" time="0,000" classname="cviceni.StringBuilderAndBufferTest"/>
  <testcase name="testBufferAppendDelete" time="0,000" classname="cviceni.StringBuilderAndBufferTest"/>
  <testcase name="testBuilderAppend" time="0,000" classname="cviceni.StringBuilderAndBufferTest"/>
  <testcase name="testBuilderAppend" time="0,000" classname="cviceni.StringBuilderAndBufferTest"/>
  <testcase name="testBuilderAppend" time="0,000" classname="cviceni.StringBuilderAndBufferTest"/>
  <testcase name="testBufferAppendDelete" time="0,000" classname="cviceni.StringBuilderAndBufferTest"/>
  <testcase name="testBuilderAppend" time="0,000" classname="cviceni.StringBuilderAndBufferTest"/>
  <testcase name="testBufferAppendDelete" time="0,001" classname="cviceni.StringBuilderAndBufferTest"/>
  <testcase name="testBufferAppendDelete" time="0,000" classname="cviceni.StringBuilderAndBufferTest"/>
  <testcase name="testBuilderAppend" time="0,000" classname="cviceni.StringBuilderAndBufferTest"/>
  <testcase name="testBuilderAppendDelete" time="0,000" classname="cviceni.StringBuilderAndBufferTest"/>
  <testcase name="testBufferAppendDelete" time="0,000" classname="cviceni.StringBuilderAndBufferTest"/>
  <testcase name="testBufferAppendDelete" time="0,001" classname="cviceni.StringBuilderAndBufferTest"/>
  <testcase name="testBuilderAppend" time="0,000" classname="cviceni.StringBuilderAndBufferTest"/>
  <testcase name="testBuilderAppend" time="0,000" classname="cviceni.StringBuilderAndBufferTest"/>
  <testcase name="testBuilderAppendDelete" time="0,003" classname="cviceni.StringBuilderAndBufferTest"/>
  <testcase name="testBuilderAppend" time="0,000" classname="cviceni.StringBuilderAndBufferTest"/>
  <testcase name="testBuilderAppend" time="0,000" classname="cviceni.StringBuilderAndBufferTest"/>
  <testcase name="testBufferAppendDelete" time="0,000" classname="cviceni.StringBuilderAndBufferTest"/>
  <testcase name="testBuilderAppend" time="0,001" classname="cviceni.StringBuilderAndBufferTest"/>
  <testcase name="testBufferAppendDelete" time="0,000" classname="cviceni.StringBuilderAndBufferTest"/>
  <testcase name="testBufferAppendDelete" time="0,000" classname="cviceni.StringBuilderAndBufferTest"/>
  <testcase name="testBufferAppend" time="0,000" classname="cviceni.StringBuilderAndBufferTest"/>
  <testcase name="testBufferAppend" time="0,001" classname="cviceni.StringBuilderAndBufferTest"/>
  <testcase name="testBufferAppendDelete" time="0,001" classname="cviceni.StringBuilderAndBufferTest"/>
  <testcase name="testBuilderAppend" time="0,000" classname="cviceni.StringBuilderAndBufferTest"/>
  <testcase name="testBufferAppend" time="0,001" classname="cviceni.StringBuilderAndBufferTest"/>
  <testcase name="testBufferAppendDelete" time="0,000" classname="cviceni.StringBuilderAndBufferTest"/>
  <testcase name="testBuilderAppendDelete" time="0,000" classname="cviceni.StringBuilderAndBufferTest"/>
  <testcase name="testBufferAppend" time="0,000" classname="cviceni.StringBuilderAndBufferTest"/>
  <testcase name="testBufferAppendDelete" time="0,001" classname="cviceni.StringBuilderAndBufferTest"/>
  <testcase name="testBuilderAppendDelete" time="0,001" classname="cviceni.StringBuilderAndBufferTest"/>
  <testcase name="testBufferAppendDelete" time="0,000" classname="cviceni.StringBuilderAndBufferTest"/>
  <testcase name="testBuilderAppend" time="0,001" classname="cviceni.StringBuilderAndBufferTest"/>
  <testcase name="testBuilderAppendDelete" time="0,001" classname="cviceni.StringBuilderAndBufferTest"/>
  <testcase name="testBuilderAppendDelete" time="0,000" classname="cviceni.StringBuilderAndBufferTest"/>
  <testcase name="testBuilderAppendDelete" time="0,000" classname="cviceni.StringBuilderAndBufferTest"/>
  <testcase name="testBuilderAppend" time="0,000" classname="cviceni.StringBuilderAndBufferTest"/>
  <testcase name="testBufferAppend" time="0,001" classname="cviceni.StringBuilderAndBufferTest"/>
  <testcase name="testBuilderAppendDelete" time="0,001" classname="cviceni.StringBuilderAndBufferTest"/>
  <testcase name="testBufferAppendDelete" time="0,000" classname="cviceni.StringBuilderAndBufferTest"/>
  <testcase name="testBuilderAppend" time="0,000" classname="cviceni.StringBuilderAndBufferTest"/>
  <testcase name="testBufferAppend" time="0,000" classname="cviceni.StringBuilderAndBufferTest"/>
  <testcase name="testBufferAppendDelete" time="0,000" classname="cviceni.StringBuilderAndBufferTest"/>
  <testcase name="testBuilderAppendDelete" time="0,001" classname="cviceni.StringBuilderAndBufferTest"/>
  <testcase name="testBufferAppendDelete" time="0,000" classname="cviceni.StringBuilderAndBufferTest"/>
  <testcase name="testBufferAppend" time="0,000" classname="cviceni.StringBuilderAndBufferTest"/>
  <testcase name="testBufferAppendDelete" time="0,001" classname="cviceni.StringBuilderAndBufferTest"/>
  <testcase name="testBuilderAppendDelete" time="0,001" classname="cviceni.StringBuilderAndBufferTest"/>
  <testcase name="testBuilderAppendDelete" time="0,000" classname="cviceni.StringBuilderAndBufferTest"/>
  <testcase name="testBufferAppendDelete" time="0,001" classname="cviceni.StringBuilderAndBufferTest"/>
  <testcase name="testBufferAppend" time="0,000" classname="cviceni.StringBuilderAndBufferTest"/>
  <testcase name="testBufferAppendDelete" time="0,000" classname="cviceni.StringBuilderAndBufferTest"/>
  <testcase name="testBufferAppend" time="0,001" classname="cviceni.StringBuilderAndBufferTest"/>
  <testcase name="testBuilderAppendDelete" time="0,000" classname="cviceni.StringBuilderAndBufferTest"/>
  <testcase name="testBuilderAppendDelete" time="0,000" classname="cviceni.StringBuilderAndBufferTest"/>
  <testcase name="testBuilderAppendDelete" time="0,000" classname="cviceni.StringBuilderAndBufferTest"/>
  <testcase name="testBuilderAppend" time="0,000" classname="cviceni.StringBuilderAndBufferTest"/>
  <testcase name="testBufferAppendDelete" time="0,000" classname="cviceni.StringBuilderAndBufferTest"/>
  <testcase name="testBufferAppend" time="0,000" classname="cviceni.StringBuilderAndBufferTest"/>
  <testcase name="testBuilderAppend" time="0,000" classname="cviceni.StringBuilderAndBufferTest"/>
  <testcase name="testBuilderAppend" time="0,001" classname="cviceni.StringBuilderAndBufferTest"/>
  <testcase name="testBuilderAppendDelete" time="0,000" classname="cviceni.StringBuilderAndBufferTest"/>
  <testcase name="testBufferAppendDelete" time="0,000" classname="cviceni.StringBuilderAndBufferTest"/>
  <testcase name="testBuilderAppendDelete" time="0,000" classname="cviceni.StringBuilderAndBufferTest"/>
  <testcase name="testBufferAppend" time="0,000" classname="cviceni.StringBuilderAndBufferTest"/>
  <testcase name="testBuilderAppendDelete" time="0,000" classname="cviceni.StringBuilderAndBufferTest"/>
  <testcase name="testBuilderAppend" time="0,000" classname="cviceni.StringBuilderAndBufferTest"/>
  <testcase name="testBuilderAppend" time="0,001" classname="cviceni.StringBuilderAndBufferTest"/>
  <testcase name="testBufferAppendDelete" time="0,001" classname="cviceni.StringBuilderAndBufferTest"/>
  <testcase name="testBuilderAppend" time="0,001" classname="cviceni.StringBuilderAndBufferTest"/>
  <testcase name="testBufferAppend" time="0,000" classname="cviceni.StringBuilderAndBufferTest"/>
  <testcase name="testBuilderAppend" time="0,000" classname="cviceni.StringBuilderAndBufferTest"/>
  <testcase name="testBuilderAppendDelete" time="0,000" classname="cviceni.StringBuilderAndBufferTest"/>
  <testcase name="testBuilderAppend" time="0,000" classname="cviceni.StringBuilderAndBufferTest"/>
  <testcase name="testBufferAppend" time="0,000" classname="cviceni.StringBuilderAndBufferTest"/>
  <testcase name="testBuilderAppend" time="0,000" classname="cviceni.StringBuilderAndBufferTest"/>
  <testcase name="testBuilderAppendDelete" time="0,000" classname="cviceni.StringBuilderAndBufferTest"/>
  <testcase name="testBuilderAppendDelete" time="0,001" classname="cviceni.StringBuilderAndBufferTest"/>
  <testcase name="testBufferAppend" time="0,000" classname="cviceni.StringBuilderAndBufferTest"/>
  <testcase name="testBufferAppendDelete" time="0,000" classname="cviceni.StringBuilderAndBufferTest"/>
  <testcase name="testBufferAppend" time="0,000" classname="cviceni.StringBuilderAndBufferTest"/>
  <testcase name="testBufferAppendDelete" time="0,000" classname="cviceni.StringBuilderAndBufferTest"/>
  <testcase name="testBufferAppend" time="0,000" classname="cviceni.StringBuilderAndBufferTest"/>
  <testcase name="testBuilderAppend" time="0,000" classname="cviceni.StringBuilderAndBufferTest"/>
  <testcase name="testBuilderAppend" time="0,000" classname="cviceni.StringBuilderAndBufferTest"/>
  <testcase name="testBufferAppend" time="0,000" classname="cviceni.StringBuilderAndBufferTest"/>
  <testcase name="testBuilderAppendDelete" time="0,001" classname="cviceni.StringBuilderAndBufferTest"/>
  <testcase name="testBuilderAppendDelete" time="0,000" classname="cviceni.StringBuilderAndBufferTest"/>
  <testcase name="testBuilderAppend" time="0,000" classname="cviceni.StringBuilderAndBufferTest"/>
  <testcase name="testBuilderAppend" time="0,000" classname="cviceni.StringBuilderAndBufferTest"/>
  <testcase name="testBufferAppendDelete" time="0,001" classname="cviceni.StringBuilderAndBufferTest"/>
  <testcase name="testBuilderAppend" time="0,000" classname="cviceni.StringBuilderAndBufferTest"/>
  <testcase name="testBufferAppend" time="0,001" classname="cviceni.StringBuilderAndBufferTest"/>
  <testcase name="testBuilderAppend" time="0,000" classname="cviceni.StringBuilderAndBufferTest"/>
  <testcase name="testBuilderAppend" time="0,000" classname="cviceni.StringBuilderAndBufferTest"/>
  <testcase name="testBuilderAppendDelete" time="0,001" classname="cviceni.StringBuilderAndBufferTest"/>
  <testcase name="testBuilderAppend" time="0,000" classname="cviceni.StringBuilderAndBufferTest"/>
  <testcase name="testBuilderAppendDelete" time="0,000" classname="cviceni.StringBuilderAndBufferTest"/>
  <testcase name="testBuilderAppend" time="0,001" classname="cviceni.StringBuilderAndBufferTest"/>
  <testcase name="testBuilderAppend" time="0,000" classname="cviceni.StringBuilderAndBufferTest"/>
  <testcase name="testBuilderAppendDelete" time="0,000" classname="cviceni.StringBuilderAndBufferTest"/>
  <testcase name="testBufferAppend" time="0,000" classname="cviceni.StringBuilderAndBufferTest"/>
  <testcase name="testBuilderAppend" time="0,001" classname="cviceni.StringBuilderAndBufferTest"/>
  <testcase name="testBufferAppend" time="0,000" classname="cviceni.StringBuilderAndBufferTest"/>
  <testcase name="testBuilderAppendDelete" time="0,000" classname="cviceni.StringBuilderAndBufferTest"/>
  <testcase name="testBufferAppendDelete" time="0,000" classname="cviceni.StringBuilderAndBufferTest"/>
  <testcase name="testBuilderAppend" time="0,034" classname="cviceni.StringBuilderAndBufferTest"/>
  <testcase name="testBuilderAppendDelete" time="0,001" classname="cviceni.StringBuilderAndBufferTest"/>
  <testcase name="testBufferAppend" time="0,000" classname="cviceni.StringBuilderAndBufferTest"/>
  <testcase name="testBuilderAppendDelete" time="0,000" classname="cviceni.StringBuilderAndBufferTest"/>
  <testcase name="testBufferAppend" time="0,000" classname="cviceni.StringBuilderAndBufferTest"/>
  <testcase name="testBufferAppend" time="0,000" classname="cviceni.StringBuilderAndBufferTest"/>
  <testcase name="testBufferAppend" time="0,001" classname="cviceni.StringBuilderAndBufferTest"/>
  <testcase name="testBuilderAppend" time="0,000" classname="cviceni.StringBuilderAndBufferTest"/>
  <testcase name="testBufferAppend" time="0,000" classname="cviceni.StringBuilderAndBufferTest"/>
  <testcase name="testBufferAppendDelete" time="0,000" classname="cviceni.StringBuilderAndBufferTest"/>
  <testcase name="testBuilderAppend" time="0,000" classname="cviceni.StringBuilderAndBufferTest"/>
  <testcase name="testBufferAppendDelete" time="0,000" classname="cviceni.StringBuilderAndBufferTest"/>
  <testcase name="testBufferAppend" time="0,001" classname="cviceni.StringBuilderAndBufferTest"/>
  <testcase name="testBufferAppendDelete" time="0,000" classname="cviceni.StringBuilderAndBufferTest"/>
  <testcase name="testBuilderAppendDelete" time="0,000" classname="cviceni.StringBuilderAndBufferTest"/>
  <testcase name="testBufferAppendDelete" time="0,000" classname="cviceni.StringBuilderAndBufferTest"/>
  <testcase name="testBufferAppend" time="0,001" classname="cviceni.StringBuilderAndBufferTest"/>
  <testcase name="testBufferAppend" time="0,000" classname="cviceni.StringBuilderAndBufferTest"/>
  <testcase name="testBuilderAppendDelete" time="0,001" classname="cviceni.StringBuilderAndBufferTest"/>
  <testcase name="testBufferAppend" time="0,000" classname="cviceni.StringBuilderAndBufferTest"/>
  <testcase name="testBufferAppendDelete" time="0,001" classname="cviceni.StringBuilderAndBufferTest"/>
  <testcase name="testBuilderAppendDelete" time="0,000" classname="cviceni.StringBuilderAndBufferTest"/>
  <testcase name="testBufferAppendDelete" time="0,000" classname="cviceni.StringBuilderAndBufferTest"/>
  <testcase name="testBufferAppendDelete" time="0,000" classname="cviceni.StringBuilderAndBufferTest"/>
  <testcase name="testBufferAppendDelete" time="0,000" classname="cviceni.StringBuilderAndBufferTest"/>
  <testcase name="testBuilderAppend" time="0,000" classname="cviceni.StringBuilderAndBufferTest"/>
  <testcase name="testBufferAppendDelete" time="0,000" classname="cviceni.StringBuilderAndBufferTest"/>
  <testcase name="testBuilderAppendDelete" time="0,000" classname="cviceni.StringBuilderAndBufferTest"/>
  <testcase name="testBufferAppend" time="0,000" classname="cviceni.StringBuilderAndBufferTest"/>
  <testcase name="testBufferAppend" time="0,000" classname="cviceni.StringBuilderAndBufferTest"/>
  <testcase name="testBuilderAppendDelete" time="0,001" classname="cviceni.StringBuilderAndBufferTest"/>
  <testcase name="testBufferAppend" time="0,000" classname="cviceni.StringBuilderAndBufferTest"/>
  <testcase name="testBufferAppendDelete" time="0,001" classname="cviceni.StringBuilderAndBufferTest"/>
  <testcase name="testBuilderAppend" time="0,000" classname="cviceni.StringBuilderAndBufferTest"/>
  <testcase name="testBuilderAppend" time="0,000" classname="cviceni.StringBuilderAndBufferTest"/>
  <testcase name="testBufferAppend" time="0,000" classname="cviceni.StringBuilderAndBufferTest"/>
  <testcase name="testBuilderAppend" time="0,000" classname="cviceni.StringBuilderAndBufferTest"/>
  <testcase name="testBufferAppendDelete" time="0,001" classname="cviceni.StringBuilderAndBufferTest"/>
  <testcase name="testBuilderAppendDelete" time="0,000" classname="cviceni.StringBuilderAndBufferTest"/>
  <testcase name="testBuilderAppend" time="0,000" classname="cviceni.StringBuilderAndBufferTest"/>
  <testcase name="testBuilderAppendDelete" time="0,001" classname="cviceni.StringBuilderAndBufferTest"/>
  <testcase name="testBufferAppendDelete" time="0,000" classname="cviceni.StringBuilderAndBufferTest"/>
  <testcase name="testBufferAppendDelete" time="0,000" classname="cviceni.StringBuilderAndBufferTest"/>
  <testcase name="testBuilderAppend" time="0,000" classname="cviceni.StringBuilderAndBufferTest"/>
  <testcase name="testBufferAppend" time="0,001" classname="cviceni.StringBuilderAndBufferTest"/>
  <testcase name="testBufferAppendDelete" time="0,000" classname="cviceni.StringBuilderAndBufferTest"/>
  <testcase name="testBuilderAppend" time="0,000" classname="cviceni.StringBuilderAndBufferTest"/>
  <testcase name="testBufferAppend" time="0,000" classname="cviceni.StringBuilderAndBufferTest"/>
  <testcase name="testBufferAppendDelete" time="0,001" classname="cviceni.StringBuilderAndBufferTest"/>
  <testcase name="testBufferAppendDelete" time="0,000" classname="cviceni.StringBuilderAndBufferTest"/>
  <testcase name="testBufferAppendDelete" time="0,001" classname="cviceni.StringBuilderAndBufferTest"/>
  <testcase name="testBufferAppend" time="0,000" classname="cviceni.StringBuilderAndBufferTest"/>
  <testcase name="testBuilderAppend" time="0,001" classname="cviceni.StringBuilderAndBufferTest"/>
  <testcase name="testBufferAppendDelete" time="0,001" classname="cviceni.StringBuilderAndBufferTest"/>
  <testcase name="testBufferAppend" time="0,000" classname="cviceni.StringBuilderAndBufferTest"/>
  <testcase name="testBuilderAppendDelete" time="0,000" classname="cviceni.StringBuilderAndBufferTest"/>
  <testcase name="testBufferAppendDelete" time="0,000" classname="cviceni.StringBuilderAndBufferTest"/>
  <testcase name="testBufferAppendDelete" time="0,000" classname="cviceni.StringBuilderAndBufferTest"/>
  <testcase name="testBufferAppendDelete" time="0,000" classname="cviceni.StringBuilderAndBufferTest"/>
  <testcase name="testBuilderAppendDelete" time="0,000" classname="cviceni.StringBuilderAndBufferTest"/>
  <testcase name="testBufferAppend" time="0,001" classname="cviceni.StringBuilderAndBufferTest"/>
  <testcase name="testBufferAppendDelete" time="0,001" classname="cviceni.StringBuilderAndBufferTest"/>
  <testcase name="testBufferAppend" time="0,001" classname="cviceni.StringBuilderAndBufferTest"/>
  <testcase name="testBufferAppendDelete" time="0,000" classname="cviceni.StringBuilderAndBufferTest"/>
  <testcase name="testBuilderAppend" time="0,000" classname="cviceni.StringBuilderAndBufferTest"/>
  <testcase name="testBuilderAppend" time="0,001" classname="cviceni.StringBuilderAndBufferTest"/>
  <testcase name="testBufferAppendDelete" time="0,000" classname="cviceni.StringBuilderAndBufferTest"/>
  <testcase name="testBufferAppend" time="0,000" classname="cviceni.StringBuilderAndBufferTest"/>
  <testcase name="testBufferAppendDelete" time="0,000" classname="cviceni.StringBuilderAndBufferTest"/>
  <testcase name="testBuilderAppend" time="0,000" classname="cviceni.StringBuilderAndBufferTest"/>
  <testcase name="testBuilderAppend" time="0,000" classname="cviceni.StringBuilderAndBufferTest"/>
  <testcase name="testBuilderAppend" time="0,000" classname="cviceni.StringBuilderAndBufferTest"/>
  <testcase name="testBufferAppend" time="0,000" classname="cviceni.StringBuilderAndBufferTest"/>
  <testcase name="testBuilderAppend" time="0,000" classname="cviceni.StringBuilderAndBufferTest"/>
  <testcase name="testBuilderAppendDelete" time="0,000" classname="cviceni.StringBuilderAndBufferTest"/>
  <testcase name="testBufferAppendDelete" time="0,000" classname="cviceni.StringBuilderAndBufferTest"/>
  <testcase name="testBuilderAppendDelete" time="0,000" classname="cviceni.StringBuilderAndBufferTest"/>
  <testcase name="testBuilderAppend" time="0,001" classname="cviceni.StringBuilderAndBufferTest"/>
  <testcase name="testBuilderAppendDelete" time="0,000" classname="cviceni.StringBuilderAndBufferTest"/>
  <testcase name="testBufferAppendDelete" time="0,000" classname="cviceni.StringBuilderAndBufferTest"/>
  <testcase name="testBufferAppendDelete" time="0,000" classname="cviceni.StringBuilderAndBufferTest"/>
  <testcase name="testBufferAppend" time="0,001" classname="cviceni.StringBuilderAndBufferTest"/>
  <testcase name="testBufferAppend" time="0,001" classname="cviceni.StringBuilderAndBufferTest"/>
  <testcase name="testBuilderAppend" time="0,001" classname="cviceni.StringBuilderAndBufferTest"/>
  <testcase name="testBuilderAppend" time="0,000" classname="cviceni.StringBuilderAndBufferTest"/>
  <testcase name="testBuilderAppendDelete" time="0,000" classname="cviceni.StringBuilderAndBufferTest"/>
  <testcase name="testBufferAppend" time="0,000" classname="cviceni.StringBuilderAndBufferTest"/>
  <testcase name="testBuilderAppendDelete" time="0,000" classname="cviceni.StringBuilderAndBufferTest"/>
  <testcase name="testBufferAppend" time="0,000" classname="cviceni.StringBuilderAndBufferTest"/>
  <testcase name="testBufferAppendDelete" time="0,000" classname="cviceni.StringBuilderAndBufferTest"/>
  <testcase name="testBuilderAppend" time="0,000" classname="cviceni.StringBuilderAndBufferTest"/>
  <testcase name="testBufferAppendDelete" time="0,000" classname="cviceni.StringBuilderAndBufferTest"/>
  <testcase name="testBuilderAppend" time="0,000" classname="cviceni.StringBuilderAndBufferTest"/>
  <testcase name="testBuilderAppendDelete" time="0,000" classname="cviceni.StringBuilderAndBufferTest"/>
  <testcase name="testBuilderAppendDelete" time="0,001" classname="cviceni.StringBuilderAndBufferTest"/>
  <testcase name="testBuilderAppendDelete" time="0,000" classname="cviceni.StringBuilderAndBufferTest"/>
  <testcase name="testBuilderAppend" time="0,000" classname="cviceni.StringBuilderAndBufferTest"/>
  <testcase name="testBufferAppend" time="0,000" classname="cviceni.StringBuilderAndBufferTest"/>
  <testcase name="testBuilderAppend" time="0,001" classname="cviceni.StringBuilderAndBufferTest"/>
  <testcase name="testBufferAppendDelete" time="0,000" classname="cviceni.StringBuilderAndBufferTest"/>
  <testcase name="testBuilderAppend" time="0,000" classname="cviceni.StringBuilderAndBufferTest"/>
  <testcase name="testBuilderAppend" time="0,001" classname="cviceni.StringBuilderAndBufferTest"/>
  <testcase name="testBuilderAppend" time="0,000" classname="cviceni.StringBuilderAndBufferTest"/>
  <testcase name="testBufferAppend" time="0,053" classname="cviceni.StringBuilderAndBufferTest"/>
  <testcase name="testBufferAppend" time="0,034" classname="cviceni.StringBuilderAndBufferTest"/>
  <testcase name="testBuilderAppend" time="0,000" classname="cviceni.StringBuilderAndBufferTest"/>
  <testcase name="testBuilderAppendDelete" time="0,001" classname="cviceni.StringBuilderAndBufferTest"/>
  <testcase name="testBufferAppendDelete" time="0,000" classname="cviceni.StringBuilderAndBufferTest"/>
  <testcase name="testBuilderAppendDelete" time="0,000" classname="cviceni.StringBuilderAndBufferTest"/>
  <testcase name="testBufferAppend" time="0,001" classname="cviceni.StringBuilderAndBufferTest"/>
  <testcase name="testBuilderAppendDelete" time="0,000" classname="cviceni.StringBuilderAndBufferTest"/>
  <testcase name="testBuilderAppend" time="0,000" classname="cviceni.StringBuilderAndBufferTest"/>
  <testcase name="testBufferAppend" time="0,001" classname="cviceni.StringBuilderAndBufferTest"/>
  <testcase name="testBufferAppendDelete" time="0,000" classname="cviceni.StringBuilderAndBufferTest"/>
  <testcase name="testBufferAppend" time="0,000" classname="cviceni.StringBuilderAndBufferTest"/>
  <testcase name="testBuilderAppendDelete" time="0,000" classname="cviceni.StringBuilderAndBufferTest"/>
  <testcase name="testBuilderAppendDelete" time="0,001" classname="cviceni.StringBuilderAndBufferTest"/>
  <testcase name="testBufferAppendDelete" time="0,000" classname="cviceni.StringBuilderAndBufferTest"/>
  <testcase name="testBufferAppendDelete" time="0,000" classname="cviceni.StringBuilderAndBufferTest"/>
  <testcase name="testBufferAppendDelete" time="0,000" classname="cviceni.StringBuilderAndBufferTest"/>
  <testcase name="testBuilderAppend" time="0,001" classname="cviceni.StringBuilderAndBufferTest"/>
  <testcase name="testBuilderAppend" time="0,001" classname="cviceni.StringBuilderAndBufferTest"/>
  <testcase name="testBuilderAppendDelete" time="0,000" classname="cviceni.StringBuilderAndBufferTest"/>
  <testcase name="testBuilderAppendDelete" time="0,001" classname="cviceni.StringBuilderAndBufferTest"/>
  <testcase name="testBufferAppend" time="0,000" classname="cviceni.StringBuilderAndBufferTest"/>
  <testcase name="testBufferAppend" time="0,001" classname="cviceni.StringBuilderAndBufferTest"/>
  <testcase name="testBuilderAppendDelete" time="0,000" classname="cviceni.StringBuilderAndBufferTest"/>
  <testcase name="testBufferAppend" time="0,000" classname="cviceni.StringBuilderAndBufferTest"/>
  <testcase name="testBuilderAppendDelete" time="0,001" classname="cviceni.StringBuilderAndBufferTest"/>
  <testcase name="testBufferAppendDelete" time="0,000" classname="cviceni.StringBuilderAndBufferTest"/>
  <testcase name="testBufferAppend" time="0,000" classname="cviceni.StringBuilderAndBufferTest"/>
  <testcase name="testBufferAppendDelete" time="0,000" classname="cviceni.StringBuilderAndBufferTest"/>
  <testcase name="testBuilderAppendDelete" time="0,000" classname="cviceni.StringBuilderAndBufferTest"/>
  <testcase name="testBuilderAppend" time="0,000" classname="cviceni.StringBuilderAndBufferTest"/>
  <testcase name="testBuilderAppend" time="0,003" classname="cviceni.StringBuilderAndBufferTest"/>
  <testcase name="testBuilderAppendDelete" time="0,000" classname="cviceni.StringBuilderAndBufferTest"/>
  <testcase name="testBuilderAppend" time="0,000" classname="cviceni.StringBuilderAndBufferTest"/>
  <testcase name="testBuilderAppend" time="0,001" classname="cviceni.StringBuilderAndBufferTest"/>
  <testcase name="testBufferAppend" time="0,000" classname="cviceni.StringBuilderAndBufferTest"/>
  <testcase name="testBufferAppendDelete" time="0,000" classname="cviceni.StringBuilderAndBufferTest"/>
  <testcase name="testBufferAppendDelete" time="0,000" classname="cviceni.StringBuilderAndBufferTest"/>
  <testcase name="testBuilderAppendDelete" time="0,000" classname="cviceni.StringBuilderAndBufferTest"/>
  <testcase name="testBuilderAppend" time="0,000" classname="cviceni.StringBuilderAndBufferTest"/>
  <testcase name="testBufferAppendDelete" time="0,001" classname="cviceni.StringBuilderAndBufferTest"/>
  <testcase name="testBufferAppendDelete" time="0,000" classname="cviceni.StringBuilderAndBufferTest"/>
  <testcase name="testBufferAppend" time="0,001" classname="cviceni.StringBuilderAndBufferTest"/>
  <testcase name="testBuilderAppend" time="0,000" classname="cviceni.StringBuilderAndBufferTest"/>
  <testcase name="testBufferAppend" time="0,000" classname="cviceni.StringBuilderAndBufferTest"/>
  <testcase name="testBufferAppendDelete" time="0,000" classname="cviceni.StringBuilderAndBufferTest"/>
  <testcase name="testBufferAppendDelete" time="0,000" classname="cviceni.StringBuilderAndBufferTest"/>
  <testcase name="testBuilderAppendDelete" time="0,001" classname="cviceni.StringBuilderAndBufferTest"/>
  <testcase name="testBuilderAppendDelete" time="0,000" classname="cviceni.StringBuilderAndBufferTest"/>
  <testcase name="testBufferAppend" time="0,001" classname="cviceni.StringBuilderAndBufferTest"/>
  <testcase name="testBufferAppend" time="0,000" classname="cviceni.StringBuilderAndBufferTest"/>
  <testcase name="testBuilderAppendDelete" time="0,001" classname="cviceni.StringBuilderAndBufferTest"/>
  <testcase name="testBuilderAppend" time="0,000" classname="cviceni.StringBuilderAndBufferTest"/>
  <testcase name="testBufferAppend" time="0,000" classname="cviceni.StringBuilderAndBufferTest"/>
  <testcase name="testBuilderAppendDelete" time="0,001" classname="cviceni.StringBuilderAndBufferTest"/>
  <testcase name="testBufferAppend" time="0,000" classname="cviceni.StringBuilderAndBufferTest"/>
  <testcase name="testBuilderAppend" time="0,000" classname="cviceni.StringBuilderAndBufferTest"/>
  <testcase name="testBuilderAppendDelete" time="0,000" classname="cviceni.StringBuilderAndBufferTest"/>
  <testcase name="testBufferAppendDelete" time="0,001" classname="cviceni.StringBuilderAndBufferTest"/>
  <testcase name="testBufferAppendDelete" time="0,001" classname="cviceni.StringBuilderAndBufferTest"/>
  <testcase name="testBuilderAppendDelete" time="0,001" classname="cviceni.StringBuilderAndBufferTest"/>
  <testcase name="testBuilderAppend" time="0,000" classname="cviceni.StringBuilderAndBufferTest"/>
  <testcase name="testBuilderAppend" time="0,000" classname="cviceni.StringBuilderAndBufferTest"/>
  <testcase name="testBufferAppendDelete" time="0,001" classname="cviceni.StringBuilderAndBufferTest"/>
  <testcase name="testBuilderAppend" time="0,001" classname="cviceni.StringBuilderAndBufferTest"/>
  <testcase name="testBufferAppendDelete" time="0,001" classname="cviceni.StringBuilderAndBufferTest"/>
  <testcase name="testBufferAppendDelete" time="0,000" classname="cviceni.StringBuilderAndBufferTest"/>
  <testcase name="testBufferAppendDelete" time="0,001" classname="cviceni.StringBuilderAndBufferTest"/>
  <testcase name="testBufferAppend" time="0,000" classname="cviceni.StringBuilderAndBufferTest"/>
  <testcase name="testBufferAppend" time="0,000" classname="cviceni.StringBuilderAndBufferTest"/>
  <testcase name="testBufferAppendDelete" time="0,000" classname="cviceni.StringBuilderAndBufferTest"/>
  <testcase name="testBufferAppendDelete" time="0,000" classname="cviceni.StringBuilderAndBufferTest"/>
  <testcase name="testBufferAppendDelete" time="0,000" classname="cviceni.StringBuilderAndBufferTest"/>
  <testcase name="testBuilderAppend" time="0,000" classname="cviceni.StringBuilderAndBufferTest"/>
  <testcase name="testBuilderAppendDelete" time="0,000" classname="cviceni.StringBuilderAndBufferTest"/>
  <testcase name="testBuilderAppend" time="0,000" classname="cviceni.StringBuilderAndBufferTest"/>
  <testcase name="testBufferAppend" time="0,001" classname="cviceni.StringBuilderAndBufferTest"/>
  <testcase name="testBuilderAppendDelete" time="0,000" classname="cviceni.StringBuilderAndBufferTest"/>
  <testcase name="testBufferAppendDelete" time="0,000" classname="cviceni.StringBuilderAndBufferTest"/>
  <testcase name="testBufferAppendDelete" time="0,001" classname="cviceni.StringBuilderAndBufferTest"/>
  <testcase name="testBufferAppend" time="0,001" classname="cviceni.StringBuilderAndBufferTest"/>
  <testcase name="testBufferAppend" time="0,001" classname="cviceni.StringBuilderAndBufferTest"/>
  <testcase name="testBufferAppendDelete" time="0,000" classname="cviceni.StringBuilderAndBufferTest"/>
  <testcase name="testBufferAppend" time="0,000" classname="cviceni.StringBuilderAndBufferTest"/>
  <testcase name="testBuilderAppend" time="0,000" classname="cviceni.StringBuilderAndBufferTest"/>
  <testcase name="testBuilderAppendDelete" time="0,000" classname="cviceni.StringBuilderAndBufferTest"/>
  <testcase name="testBufferAppend" time="0,000" classname="cviceni.StringBuilderAndBufferTest"/>
  <testcase name="testBufferAppend" time="0,000" classname="cviceni.StringBuilderAndBufferTest"/>
  <testcase name="testBufferAppendDelete" time="0,000" classname="cviceni.StringBuilderAndBufferTest"/>
  <testcase name="testBuilderAppend" time="0,000" classname="cviceni.StringBuilderAndBufferTest"/>
  <testcase name="testBufferAppendDelete" time="0,000" classname="cviceni.StringBuilderAndBufferTest"/>
  <testcase name="testBufferAppendDelete" time="0,001" classname="cviceni.StringBuilderAndBufferTest"/>
  <testcase name="testBufferAppend" time="0,001" classname="cviceni.StringBuilderAndBufferTest"/>
  <testcase name="testBuilderAppendDelete" time="0,000" classname="cviceni.StringBuilderAndBufferTest"/>
  <testcase name="testBufferAppend" time="0,000" classname="cviceni.StringBuilderAndBufferTest"/>
  <testcase name="testBuilderAppendDelete" time="0,000" classname="cviceni.StringBuilderAndBufferTest"/>
  <testcase name="testBufferAppendDelete" time="0,001" classname="cviceni.StringBuilderAndBufferTest"/>
  <testcase name="testBuilderAppend" time="0,001" classname="cviceni.StringBuilderAndBufferTest"/>
  <testcase name="testBufferAppend" time="0,000" classname="cviceni.StringBuilderAndBufferTest"/>
  <testcase name="testBuilderAppendDelete" time="0,000" classname="cviceni.StringBuilderAndBufferTest"/>
  <testcase name="testBufferAppendDelete" time="0,000" classname="cviceni.StringBuilderAndBufferTest"/>
  <testcase name="testBuilderAppend" time="0,000" classname="cviceni.StringBuilderAndBufferTest"/>
  <testcase name="testBufferAppendDelete" time="0,001" classname="cviceni.StringBuilderAndBufferTest"/>
  <testcase name="testBufferAppend" time="0,000" classname="cviceni.StringBuilderAndBufferTest"/>
  <testcase name="testBufferAppendDelete" time="0,000" classname="cviceni.StringBuilderAndBufferTest"/>
  <testcase name="testBufferAppendDelete" time="0,000" classname="cviceni.StringBuilderAndBufferTest"/>
  <testcase name="testBufferAppend" time="0,000" classname="cviceni.StringBuilderAndBufferTest"/>
  <testcase name="testBufferAppendDelete" time="0,001" classname="cviceni.StringBuilderAndBufferTest"/>
  <testcase name="testBufferAppendDelete" time="0,000" classname="cviceni.StringBuilderAndBufferTest"/>
  <testcase name="testBufferAppend" time="0,000" classname="cviceni.StringBuilderAndBufferTest"/>
  <testcase name="testBuilderAppend" time="0,000" classname="cviceni.StringBuilderAndBufferTest"/>
  <testcase name="testBuilderAppend" time="0,000" classname="cviceni.StringBuilderAndBufferTest"/>
  <testcase name="testBufferAppend" time="0,000" classname="cviceni.StringBuilderAndBufferTest"/>
  <testcase name="testBuilderAppendDelete" time="0,000" classname="cviceni.StringBuilderAndBufferTest"/>
  <testcase name="testBuilderAppend" time="0,000" classname="cviceni.StringBuilderAndBufferTest"/>
  <testcase name="testBuilderAppend" time="0,000" classname="cviceni.StringBuilderAndBufferTest"/>
  <testcase name="testBuilderAppendDelete" time="0,000" classname="cviceni.StringBuilderAndBufferTest"/>
  <testcase name="testBufferAppend" time="0,000" classname="cviceni.StringBuilderAndBufferTest"/>
  <testcase name="testBufferAppend" time="0,000" classname="cviceni.StringBuilderAndBufferTest"/>
  <testcase name="testBufferAppend" time="0,000" classname="cviceni.StringBuilderAndBufferTest"/>
  <testcase name="testBuilderAppendDelete" time="0,000" classname="cviceni.StringBuilderAndBufferTest"/>
  <testcase name="testBuilderAppendDelete" time="0,000" classname="cviceni.StringBuilderAndBufferTest"/>
  <testcase name="testBuilderAppendDelete" time="0,000" classname="cviceni.StringBuilderAndBufferTest"/>
  <testcase name="testBuilderAppendDelete" time="0,001" classname="cviceni.StringBuilderAndBufferTest"/>
  <testcase name="testBufferAppendDelete" time="0,000" classname="cviceni.StringBuilderAndBufferTest"/>
  <testcase name="testBuilderAppendDelete" time="0,000" classname="cviceni.StringBuilderAndBufferTest"/>
  <testcase name="testBufferAppendDelete" time="0,000" classname="cviceni.StringBuilderAndBufferTest"/>
  <testcase name="testBuilderAppendDelete" time="0,000" classname="cviceni.StringBuilderAndBufferTest"/>
  <testcase name="testBufferAppend" time="0,001" classname="cviceni.StringBuilderAndBufferTest"/>
  <testcase name="testBuilderAppend" time="0,000" classname="cviceni.StringBuilderAndBufferTest"/>
  <testcase name="testBuilderAppend" time="0,000" classname="cviceni.StringBuilderAndBufferTest"/>
  <testcase name="testBufferAppendDelete" time="0,001" classname="cviceni.StringBuilderAndBufferTest"/>
  <testcase name="testBufferAppendDelete" time="0,001" classname="cviceni.StringBuilderAndBufferTest"/>
  <testcase name="testBuilderAppendDelete" time="0,001" classname="cviceni.StringBuilderAndBufferTest"/>
  <testcase name="testBuilderAppendDelete" time="0,000" classname="cviceni.StringBuilderAndBufferTest"/>
  <testcase name="testBuilderAppendDelete" time="0,000" classname="cviceni.StringBuilderAndBufferTest"/>
  <testcase name="testBufferAppend" time="0,001" classname="cviceni.StringBuilderAndBufferTest"/>
  <testcase name="testBuilderAppend" time="0,000" classname="cviceni.StringBuilderAndBufferTest"/>
  <testcase name="testBufferAppend" time="0,001" classname="cviceni.StringBuilderAndBufferTest"/>
  <testcase name="testBufferAppend" time="0,000" classname="cviceni.StringBuilderAndBufferTest"/>
  <testcase name="testBufferAppendDelete" time="0,000" classname="cviceni.StringBuilderAndBufferTest"/>
  <testcase name="testBuilderAppendDelete" time="0,001" classname="cviceni.StringBuilderAndBufferTest"/>
  <testcase name="testBufferAppend" time="0,000" classname="cviceni.StringBuilderAndBufferTest"/>
  <testcase name="testBufferAppend" time="0,000" classname="cviceni.StringBuilderAndBufferTest"/>
  <testcase name="testBufferAppend" time="0,001" classname="cviceni.StringBuilderAndBufferTest"/>
  <testcase name="testBuilderAppendDelete" time="0,000" classname="cviceni.StringBuilderAndBufferTest"/>
  <testcase name="testBufferAppend" time="0,000" classname="cviceni.StringBuilderAndBufferTest"/>
  <testcase name="testBuilderAppendDelete" time="0,000" classname="cviceni.StringBuilderAndBufferTest"/>
  <testcase name="testBufferAppend" time="0,000" classname="cviceni.StringBuilderAndBufferTest"/>
  <testcase name="testBufferAppend" time="0,000" classname="cviceni.StringBuilderAndBufferTest"/>
  <testcase name="testBufferAppendDelete" time="0,001" classname="cviceni.StringBuilderAndBufferTest"/>
  <testcase name="testBuilderAppendDelete" time="0,000" classname="cviceni.StringBuilderAndBufferTest"/>
  <testcase name="testBuilderAppend" time="0,001" classname="cviceni.StringBuilderAndBufferTest"/>
  <testcase name="testBuilderAppendDelete" time="0,000" classname="cviceni.StringBuilderAndBufferTest"/>
  <testcase name="testBuilderAppend" time="0,000" classname="cviceni.StringBuilderAndBufferTest"/>
  <testcase name="testBufferAppendDelete" time="0,000" classname="cviceni.StringBuilderAndBufferTest"/>
  <testcase name="testBufferAppendDelete" time="0,001" classname="cviceni.StringBuilderAndBufferTest"/>
  <testcase name="testBufferAppend" time="0,000" classname="cviceni.StringBuilderAndBufferTest"/>
  <testcase name="testBufferAppendDelete" time="0,000" classname="cviceni.StringBuilderAndBufferTest"/>
  <testcase name="testBufferAppendDelete" time="0,000" classname="cviceni.StringBuilderAndBufferTest"/>
  <testcase name="testBuilderAppendDelete" time="0,001" classname="cviceni.StringBuilderAndBufferTest"/>
  <testcase name="testBufferAppend" time="0,000" classname="cviceni.StringBuilderAndBufferTest"/>
  <testcase name="testBuilderAppendDelete" time="0,001" classname="cviceni.StringBuilderAndBufferTest"/>
  <testcase name="testBufferAppend" time="0,000" classname="cviceni.StringBuilderAndBufferTest"/>
  <testcase name="testBuilderAppend" time="0,000" classname="cviceni.StringBuilderAndBufferTest"/>
  <testcase name="testBuilderAppendDelete" time="0,000" classname="cviceni.StringBuilderAndBufferTest"/>
  <testcase name="testBuilderAppendDelete" time="0,025" classname="cviceni.StringBuilderAndBufferTest"/>
  <testcase name="testBuilderAppend" time="0,000" classname="cviceni.StringBuilderAndBufferTest"/>
  <testcase name="testBufferAppend" time="0,000" classname="cviceni.StringBuilderAndBufferTest"/>
  <testcase name="testBufferAppend" time="0,000" classname="cviceni.StringBuilderAndBufferTest"/>
  <testcase name="testBuilderAppend" time="0,001" classname="cviceni.StringBuilderAndBufferTest"/>
  <testcase name="testBufferAppendDelete" time="0,000" classname="cviceni.StringBuilderAndBufferTest"/>
  <testcase name="testBuilderAppend" time="0,000" classname="cviceni.StringBuilderAndBufferTest"/>
  <testcase name="testBufferAppend" time="0,001" classname="cviceni.StringBuilderAndBufferTest"/>
  <testcase name="testBufferAppendDelete" time="0,000" classname="cviceni.StringBuilderAndBufferTest"/>
  <testcase name="testBuilderAppendDelete" time="0,001" classname="cviceni.StringBuilderAndBufferTest"/>
  <testcase name="testBuilderAppendDelete" time="0,000" classname="cviceni.StringBuilderAndBufferTest"/>
  <testcase name="testBuilderAppend" time="0,000" classname="cviceni.StringBuilderAndBufferTest"/>
  <testcase name="testBufferAppend" time="0,000" classname="cviceni.StringBuilderAndBufferTest"/>
  <testcase name="testBuilderAppendDelete" time="0,000" classname="cviceni.StringBuilderAndBufferTest"/>
  <testcase name="testBufferAppendDelete" time="0,001" classname="cviceni.StringBuilderAndBufferTest"/>
  <testcase name="testBuilderAppendDelete" time="0,001" classname="cviceni.StringBuilderAndBufferTest"/>
  <testcase name="testBuilderAppend" time="0,001" classname="cviceni.StringBuilderAndBufferTest"/>
  <testcase name="testBuilderAppendDelete" time="0,000" classname="cviceni.StringBuilderAndBufferTest"/>
  <testcase name="testBufferAppend" time="0,000" classname="cviceni.StringBuilderAndBufferTest"/>
  <testcase name="testBuilderAppendDelete" time="0,000" classname="cviceni.StringBuilderAndBufferTest"/>
  <testcase name="testBuilderAppendDelete" time="0,000" classname="cviceni.StringBuilderAndBufferTest"/>
  <testcase name="testBuilderAppendDelete" time="0,000" classname="cviceni.StringBuilderAndBufferTest"/>
  <testcase name="testBufferAppendDelete" time="0,000" classname="cviceni.StringBuilderAndBufferTest"/>
  <testcase name="testBuilderAppend" time="0,000" classname="cviceni.StringBuilderAndBufferTest"/>
  <testcase name="testBufferAppendDelete" time="0,001" classname="cviceni.StringBuilderAndBufferTest"/>
  <testcase name="testBuilderAppend" time="0,001" classname="cviceni.StringBuilderAndBufferTest"/>
  <testcase name="testBufferAppendDelete" time="0,000" classname="cviceni.StringBuilderAndBufferTest"/>
  <testcase name="testBufferAppend" time="0,000" classname="cviceni.StringBuilderAndBufferTest"/>
  <testcase name="testBuilderAppend" time="0,000" classname="cviceni.StringBuilderAndBufferTest"/>
  <testcase name="testBuilderAppend" time="0,000" classname="cviceni.StringBuilderAndBufferTest"/>
  <testcase name="testBuilderAppendDelete" time="0,000" classname="cviceni.StringBuilderAndBufferTest"/>
  <testcase name="testBuilderAppend" time="0,000" classname="cviceni.StringBuilderAndBufferTest"/>
  <testcase name="testBufferAppendDelete" time="0,000" classname="cviceni.StringBuilderAndBufferTest"/>
  <testcase name="testBufferAppendDelete" time="0,001" classname="cviceni.StringBuilderAndBufferTest"/>
  <testcase name="testBufferAppendDelete" time="0,000" classname="cviceni.StringBuilderAndBufferTest"/>
  <testcase name="testBufferAppendDelete" time="0,000" classname="cviceni.StringBuilderAndBufferTest"/>
  <testcase name="testBuilderAppend" time="0,000" classname="cviceni.StringBuilderAndBufferTest"/>
  <testcase name="testBufferAppendDelete" time="0,001" classname="cviceni.StringBuilderAndBufferTest"/>
  <testcase name="testBuilderAppendDelete" time="0,001" classname="cviceni.StringBuilderAndBufferTest"/>
  <testcase name="testBufferAppend" time="0,000" classname="cviceni.StringBuilderAndBufferTest"/>
  <testcase name="testBufferAppendDelete" time="0,000" classname="cviceni.StringBuilderAndBufferTest"/>
  <testcase name="testBufferAppend" time="0,000" classname="cviceni.StringBuilderAndBufferTest"/>
  <testcase name="testBufferAppendDelete" time="0,000" classname="cviceni.StringBuilderAndBufferTest"/>
  <testcase name="testBufferAppendDelete" time="0,000" classname="cviceni.StringBuilderAndBufferTest"/>
  <testcase name="testBuilderAppend" time="0,001" classname="cviceni.StringBuilderAndBufferTest"/>
  <testcase name="testBuilderAppend" time="0,000" classname="cviceni.StringBuilderAndBufferTest"/>
  <testcase name="testBuilderAppendDelete" time="0,000" classname="cviceni.StringBuilderAndBufferTest"/>
  <testcase name="testBufferAppend" time="0,001" classname="cviceni.StringBuilderAndBufferTest"/>
  <testcase name="testBufferAppendDelete" time="0,001" classname="cviceni.StringBuilderAndBufferTest"/>
  <testcase name="testBuilderAppend" time="0,000" classname="cviceni.StringBuilderAndBufferTest"/>
  <testcase name="testBuilderAppendDelete" time="0,000" classname="cviceni.StringBuilderAndBufferTest"/>
  <testcase name="testBuilderAppend" time="0,001" classname="cviceni.StringBuilderAndBufferTest"/>
  <testcase name="testBufferAppend" time="0,000" classname="cviceni.StringBuilderAndBufferTest"/>
  <testcase name="testBufferAppend" time="0,001" classname="cviceni.StringBuilderAndBufferTest"/>
  <testcase name="testBuilderAppendDelete" time="0,000" classname="cviceni.StringBuilderAndBufferTest"/>
  <testcase name="testBufferAppendDelete" time="0,000" classname="cviceni.StringBuilderAndBufferTest"/>
  <testcase name="testBufferAppendDelete" time="0,000" classname="cviceni.StringBuilderAndBufferTest"/>
  <testcase name="testBuilderAppendDelete" time="0,001" classname="cviceni.StringBuilderAndBufferTest"/>
  <testcase name="testBufferAppendDelete" time="0,000" classname="cviceni.StringBuilderAndBufferTest"/>
  <testcase name="testBuilderAppend" time="0,001" classname="cviceni.StringBuilderAndBufferTest"/>
  <testcase name="testBufferAppendDelete" time="0,001" classname="cviceni.StringBuilderAndBufferTest"/>
  <testcase name="testBuilderAppendDelete" time="0,001" classname="cviceni.StringBuilderAndBufferTest"/>
  <testcase name="testBufferAppend" time="0,001" classname="cviceni.StringBuilderAndBufferTest"/>
  <testcase name="testBuilderAppendDelete" time="0,001" classname="cviceni.StringBuilderAndBufferTest"/>
  <testcase name="testBuilderAppendDelete" time="0,000" classname="cviceni.StringBuilderAndBufferTest"/>
  <testcase name="testBuilderAppendDelete" time="0,000" classname="cviceni.StringBuilderAndBufferTest"/>
  <testcase name="testBufferAppendDelete" time="0,000" classname="cviceni.StringBuilderAndBufferTest"/>
  <testcase name="testBufferAppendDelete" time="0,001" classname="cviceni.StringBuilderAndBufferTest"/>
  <testcase name="testBuilderAppendDelete" time="0,001" classname="cviceni.StringBuilderAndBufferTest"/>
  <testcase name="testBuilderAppend" time="0,000" classname="cviceni.StringBuilderAndBufferTest"/>
  <testcase name="testBuilderAppend" time="0,000" classname="cviceni.StringBuilderAndBufferTest"/>
  <testcase name="testBuilderAppend" time="0,001" classname="cviceni.StringBuilderAndBufferTest"/>
  <testcase name="testBuilderAppend" time="0,000" classname="cviceni.StringBuilderAndBufferTest"/>
  <testcase name="testBuilderAppend" time="0,000" classname="cviceni.StringBuilderAndBufferTest"/>
  <testcase name="testBufferAppend" time="0,000" classname="cviceni.StringBuilderAndBufferTest"/>
  <testcase name="testBufferAppend" time="0,000" classname="cviceni.StringBuilderAndBufferTest"/>
  <testcase name="testBuilderAppendDelete" time="0,000" classname="cviceni.StringBuilderAndBufferTest"/>
  <testcase name="testBuilderAppend" time="0,001" classname="cviceni.StringBuilderAndBufferTest"/>
  <testcase name="testBuilderAppendDelete" time="0,000" classname="cviceni.StringBuilderAndBufferTest"/>
  <testcase name="testBufferAppendDelete" time="0,000" classname="cviceni.StringBuilderAndBufferTest"/>
  <testcase name="testBuilderAppend" time="0,000" classname="cviceni.StringBuilderAndBufferTest"/>
  <testcase name="testBuilderAppend" time="0,000" classname="cviceni.StringBuilderAndBufferTest"/>
  <testcase name="testBuilderAppendDelete" time="0,000" classname="cviceni.StringBuilderAndBufferTest"/>
  <testcase name="testBuilderAppend" time="0,000" classname="cviceni.StringBuilderAndBufferTest"/>
  <testcase name="testBufferAppend" time="0,000" classname="cviceni.StringBuilderAndBufferTest"/>
  <testcase name="testBuilderAppendDelete" time="0,002" classname="cviceni.StringBuilderAndBufferTest"/>
  <testcase name="testBufferAppendDelete" time="0,000" classname="cviceni.StringBuilderAndBufferTest"/>
  <testcase name="testBufferAppend" time="0,000" classname="cviceni.StringBuilderAndBufferTest"/>
  <testcase name="testBuilderAppend" time="0,000" classname="cviceni.StringBuilderAndBufferTest"/>
  <testcase name="testBufferAppendDelete" time="0,001" classname="cviceni.StringBuilderAndBufferTest"/>
  <testcase name="testBufferAppend" time="0,000" classname="cviceni.StringBuilderAndBufferTest"/>
  <testcase name="testBufferAppendDelete" time="0,001" classname="cviceni.StringBuilderAndBufferTest"/>
  <testcase name="testBuilderAppendDelete" time="0,001" classname="cviceni.StringBuilderAndBufferTest"/>
  <testcase name="testBuilderAppend" time="0,032" classname="cviceni.StringBuilderAndBufferTest"/>
  <testcase name="testBuilderAppend" time="0,001" classname="cviceni.StringBuilderAndBufferTest"/>
  <testcase name="testBufferAppendDelete" time="0,001" classname="cviceni.StringBuilderAndBufferTest"/>
  <testcase name="testBuilderAppendDelete" time="0,000" classname="cviceni.StringBuilderAndBufferTest"/>
  <testcase name="testBuilderAppend" time="0,000" classname="cviceni.StringBuilderAndBufferTest"/>
  <testcase name="testBuilderAppend" time="0,000" classname="cviceni.StringBuilderAndBufferTest"/>
  <testcase name="testBuilderAppend" time="0,000" classname="cviceni.StringBuilderAndBufferTest"/>
  <testcase name="testBufferAppendDelete" time="0,001" classname="cviceni.StringBuilderAndBufferTest"/>
  <testcase name="testBuilderAppend" time="0,001" classname="cviceni.StringBuilderAndBufferTest"/>
  <testcase name="testBufferAppend" time="0,000" classname="cviceni.StringBuilderAndBufferTest"/>
  <testcase name="testBufferAppend" time="0,000" classname="cviceni.StringBuilderAndBufferTest"/>
  <testcase name="testBuilderAppend" time="0,001" classname="cviceni.StringBuilderAndBufferTest"/>
  <testcase name="testBufferAppend" time="0,001" classname="cviceni.StringBuilderAndBufferTest"/>
  <testcase name="testBufferAppendDelete" time="0,000" classname="cviceni.StringBuilderAndBufferTest"/>
  <testcase name="testBufferAppend" time="0,000" classname="cviceni.StringBuilderAndBufferTest"/>
  <testcase name="testBufferAppend" time="0,001" classname="cviceni.StringBuilderAndBufferTest"/>
  <testcase name="testBufferAppendDelete" time="0,000" classname="cviceni.StringBuilderAndBufferTest"/>
  <testcase name="testBuilderAppend" time="0,001" classname="cviceni.StringBuilderAndBufferTest"/>
  <testcase name="testBuilderAppend" time="0,000" classname="cviceni.StringBuilderAndBufferTest"/>
  <testcase name="testBufferAppend" time="0,001" classname="cviceni.StringBuilderAndBufferTest"/>
  <testcase name="testBuilderAppendDelete" time="0,001" classname="cviceni.StringBuilderAndBufferTest"/>
  <testcase name="testBufferAppend" time="0,000" classname="cviceni.StringBuilderAndBufferTest"/>
  <testcase name="testBufferAppend" time="0,001" classname="cviceni.StringBuilderAndBufferTest"/>
  <testcase name="testBufferAppend" time="0,000" classname="cviceni.StringBuilderAndBufferTest"/>
  <testcase name="testBufferAppendDelete" time="0,000" classname="cviceni.StringBuilderAndBufferTest"/>
  <testcase name="testBufferAppendDelete" time="0,000" classname="cviceni.StringBuilderAndBufferTest"/>
  <testcase name="testBuilderAppend" time="0,000" classname="cviceni.StringBuilderAndBufferTest"/>
  <testcase name="testBufferAppendDelete" time="0,000" classname="cviceni.StringBuilderAndBufferTest"/>
  <testcase name="testBuilderAppend" time="0,000" classname="cviceni.StringBuilderAndBufferTest"/>
  <testcase name="testBufferAppend" time="0,001" classname="cviceni.StringBuilderAndBufferTest"/>
  <testcase name="testBuilderAppendDelete" time="0,000" classname="cviceni.StringBuilderAndBufferTest"/>
  <testcase name="testBuilderAppendDelete" time="0,000" classname="cviceni.StringBuilderAndBufferTest"/>
  <testcase name="testBuilderAppendDelete" time="0,000" classname="cviceni.StringBuilderAndBufferTest"/>
  <testcase name="testBufferAppend" time="0,000" classname="cviceni.StringBuilderAndBufferTest"/>
  <testcase name="testBuilderAppend" time="0,000" classname="cviceni.StringBuilderAndBufferTest"/>
  <testcase name="testBuilderAppendDelete" time="0,000" classname="cviceni.StringBuilderAndBufferTest"/>
  <testcase name="testBufferAppend" time="0,000" classname="cviceni.StringBuilderAndBufferTest"/>
  <testcase name="testBuilderAppendDelete" time="0,000" classname="cviceni.StringBuilderAndBufferTest"/>
  <testcase name="testBufferAppendDelete" time="0,000" classname="cviceni.StringBuilderAndBufferTest"/>
  <testcase name="testBuilderAppend" time="0,003" classname="cviceni.StringBuilderAndBufferTest"/>
  <testcase name="testBuilderAppend" time="0,001" classname="cviceni.StringBuilderAndBufferTest"/>
  <testcase name="testBufferAppendDelete" time="0,001" classname="cviceni.StringBuilderAndBufferTest"/>
  <testcase name="testBuilderAppendDelete" time="0,001" classname="cviceni.StringBuilderAndBufferTest"/>
  <testcase name="testBufferAppend" time="0,001" classname="cviceni.StringBuilderAndBufferTest"/>
  <testcase name="testBufferAppend" time="0,000" classname="cviceni.StringBuilderAndBufferTest"/>
  <testcase name="testBufferAppend" time="0,000" classname="cviceni.StringBuilderAndBufferTest"/>
  <testcase name="testBufferAppendDelete" time="0,000" classname="cviceni.StringBuilderAndBufferTest"/>
  <testcase name="testBuilderAppendDelete" time="0,000" classname="cviceni.StringBuilderAndBufferTest"/>
  <testcase name="testBuilderAppend" time="0,000" classname="cviceni.StringBuilderAndBufferTest"/>
  <testcase name="testBuilderAppend" time="0,001" classname="cviceni.StringBuilderAndBufferTest"/>
  <testcase name="testBuilderAppendDelete" time="0,001" classname="cviceni.StringBuilderAndBufferTest"/>
  <testcase name="testBuilderAppend" time="0,001" classname="cviceni.StringBuilderAndBufferTest"/>
  <testcase name="testBufferAppend" time="0,001" classname="cviceni.StringBuilderAndBufferTest"/>
  <testcase name="testBufferAppendDelete" time="0,000" classname="cviceni.StringBuilderAndBufferTest"/>
  <testcase name="testBuilderAppendDelete" time="0,000" classname="cviceni.StringBuilderAndBufferTest"/>
  <testcase name="testBufferAppendDelete" time="0,000" classname="cviceni.StringBuilderAndBufferTest"/>
  <testcase name="testBufferAppendDelete" time="0,000" classname="cviceni.StringBuilderAndBufferTest"/>
  <testcase name="testBuilderAppend" time="0,000" classname="cviceni.StringBuilderAndBufferTest"/>
  <testcase name="testBufferAppend" time="0,000" classname="cviceni.StringBuilderAndBufferTest"/>
  <testcase name="testBufferAppend" time="0,000" classname="cviceni.StringBuilderAndBufferTest"/>
  <testcase name="testBufferAppendDelete" time="0,000" classname="cviceni.StringBuilderAndBufferTest"/>
  <testcase name="testBufferAppend" time="0,000" classname="cviceni.StringBuilderAndBufferTest"/>
  <testcase name="testBufferAppend" time="0,000" classname="cviceni.StringBuilderAndBufferTest"/>
  <testcase name="testBuilderAppend" time="0,001" classname="cviceni.StringBuilderAndBufferTest"/>
  <testcase name="testBufferAppend" time="0,000" classname="cviceni.StringBuilderAndBufferTest"/>
  <testcase name="testBuilderAppend" time="0,000" classname="cviceni.StringBuilderAndBufferTest"/>
  <testcase name="testBuilderAppend" time="0,000" classname="cviceni.StringBuilderAndBufferTest"/>
  <testcase name="testBufferAppendDelete" time="0,000" classname="cviceni.StringBuilderAndBufferTest"/>
  <testcase name="testBuilderAppendDelete" time="0,000" classname="cviceni.StringBuilderAndBufferTest"/>
  <testcase name="testBufferAppendDelete" time="0,000" classname="cviceni.StringBuilderAndBufferTest"/>
  <testcase name="testBuilderAppendDelete" time="0,001" classname="cviceni.StringBuilderAndBufferTest"/>
  <testcase name="testBuilderAppend" time="0,001" classname="cviceni.StringBuilderAndBufferTest"/>
  <testcase name="testBufferAppendDelete" time="0,000" classname="cviceni.StringBuilderAndBufferTest"/>
  <testcase name="testBuilderAppendDelete" time="0,000" classname="cviceni.StringBuilderAndBufferTest"/>
  <testcase name="testBufferAppendDelete" time="0,000" classname="cviceni.StringBuilderAndBufferTest"/>
  <testcase name="testBuilderAppendDelete" time="0,000" classname="cviceni.StringBuilderAndBufferTest"/>
  <testcase name="testBufferAppendDelete" time="0,000" classname="cviceni.StringBuilderAndBufferTest"/>
  <testcase name="testBufferAppendDelete" time="0,001" classname="cviceni.StringBuilderAndBufferTest"/>
  <testcase name="testBufferAppend" time="0,000" classname="cviceni.StringBuilderAndBufferTest"/>
  <testcase name="testBuilderAppendDelete" time="0,000" classname="cviceni.StringBuilderAndBufferTest"/>
  <testcase name="testBufferAppend" time="0,000" classname="cviceni.StringBuilderAndBufferTest"/>
  <testcase name="testBuilderAppend" time="0,112" classname="cviceni.StringBuilderAndBufferTest"/>
  <testcase name="testBufferAppendDelete" time="0,000" classname="cviceni.StringBuilderAndBufferTest"/>
  <testcase name="testBuilderAppend" time="0,000" classname="cviceni.StringBuilderAndBufferTest"/>
  <testcase name="testBuilderAppend" time="0,000" classname="cviceni.StringBuilderAndBufferTest"/>
  <testcase name="testBufferAppendDelete" time="0,000" classname="cviceni.StringBuilderAndBufferTest"/>
  <testcase name="testBuilderAppend" time="0,001" classname="cviceni.StringBuilderAndBufferTest"/>
  <testcase name="testBuilderAppend" time="0,000" classname="cviceni.StringBuilderAndBufferTest"/>
  <testcase name="testBufferAppendDelete" time="0,000" classname="cviceni.StringBuilderAndBufferTest"/>
  <testcase name="testBufferAppendDelete" time="0,000" classname="cviceni.StringBuilderAndBufferTest"/>
  <testcase name="testBuilderAppend" time="0,000" classname="cviceni.StringBuilderAndBufferTest"/>
  <testcase name="testBuilderAppendDelete" time="0,001" classname="cviceni.StringBuilderAndBufferTest"/>
  <testcase name="testBufferAppendDelete" time="0,000" classname="cviceni.StringBuilderAndBufferTest"/>
  <testcase name="testBuilderAppend" time="0,000" classname="cviceni.StringBuilderAndBufferTest"/>
  <testcase name="testBufferAppendDelete" time="0,000" classname="cviceni.StringBuilderAndBufferTest"/>
  <testcase name="testBuilderAppend" time="0,001" classname="cviceni.StringBuilderAndBufferTest"/>
  <testcase name="testBufferAppendDelete" time="0,001" classname="cviceni.StringBuilderAndBufferTest"/>
  <testcase name="testBufferAppendDelete" time="0,000" classname="cviceni.StringBuilderAndBufferTest"/>
  <testcase name="testBufferAppend" time="0,000" classname="cviceni.StringBuilderAndBufferTest"/>
  <testcase name="testBuilderAppend" time="0,001" classname="cviceni.StringBuilderAndBufferTest"/>
  <testcase name="testBuilderAppend" time="0,000" classname="cviceni.StringBuilderAndBufferTest"/>
  <testcase name="testBufferAppendDelete" time="0,000" classname="cviceni.StringBuilderAndBufferTest"/>
  <testcase name="testBuilderAppend" time="0,000" classname="cviceni.StringBuilderAndBufferTest"/>
  <testcase name="testBuilderAppendDelete" time="0,001" classname="cviceni.StringBuilderAndBufferTest"/>
  <testcase name="testBufferAppend" time="0,000" classname="cviceni.StringBuilderAndBufferTest"/>
  <testcase name="testBuilderAppend" time="0,000" classname="cviceni.StringBuilderAndBufferTest"/>
  <testcase name="testBuilderAppend" time="0,000" classname="cviceni.StringBuilderAndBufferTest"/>
  <testcase name="testBuilderAppend" time="0,000" classname="cviceni.StringBuilderAndBufferTest"/>
  <testcase name="testBuilderAppendDelete" time="0,000" classname="cviceni.StringBuilderAndBufferTest"/>
  <testcase name="testBuilderAppend" time="0,000" classname="cviceni.StringBuilderAndBufferTest"/>
  <testcase name="testBuilderAppend" time="0,001" classname="cviceni.StringBuilderAndBufferTest"/>
  <testcase name="testBuilderAppend" time="0,000" classname="cviceni.StringBuilderAndBufferTest"/>
  <testcase name="testBufferAppend" time="0,000" classname="cviceni.StringBuilderAndBufferTest"/>
  <testcase name="testBuilderAppendDelete" time="0,001" classname="cviceni.StringBuilderAndBufferTest"/>
  <testcase name="testBufferAppendDelete" time="0,001" classname="cviceni.StringBuilderAndBufferTest"/>
  <testcase name="testBuilderAppendDelete" time="0,001" classname="cviceni.StringBuilderAndBufferTest"/>
  <testcase name="testBufferAppendDelete" time="0,000" classname="cviceni.StringBuilderAndBufferTest"/>
  <testcase name="testBufferAppend" time="0,000" classname="cviceni.StringBuilderAndBufferTest"/>
  <testcase name="testBuilderAppend" time="0,000" classname="cviceni.StringBuilderAndBufferTest"/>
  <testcase name="testBuilderAppend" time="0,000" classname="cviceni.StringBuilderAndBufferTest"/>
  <testcase name="testBuilderAppend" time="0,001" classname="cviceni.StringBuilderAndBufferTest"/>
  <testcase name="testBuilderAppend" time="0,000" classname="cviceni.StringBuilderAndBufferTest"/>
  <testcase name="testBufferAppendDelete" time="0,000" classname="cviceni.StringBuilderAndBufferTest"/>
  <testcase name="testBufferAppend" time="0,000" classname="cviceni.StringBuilderAndBufferTest"/>
  <testcase name="testBuilderAppendDelete" time="0,000" classname="cviceni.StringBuilderAndBufferTest"/>
  <testcase name="testBuilderAppendDelete" time="0,000" classname="cviceni.StringBuilderAndBufferTest"/>
  <testcase name="testBuilderAppendDelete" time="0,000" classname="cviceni.StringBuilderAndBufferTest"/>
  <testcase name="testBufferAppend" time="0,077" classname="cviceni.StringBuilderAndBufferTest"/>
  <testcase name="testBufferAppend" time="0,000" classname="cviceni.StringBuilderAndBufferTest"/>
  <testcase name="testBufferAppendDelete" time="0,000" classname="cviceni.StringBuilderAndBufferTest"/>
  <testcase name="testBuilderAppendDelete" time="0,000" classname="cviceni.StringBuilderAndBufferTest"/>
  <testcase name="testBufferAppend" time="0,000" classname="cviceni.StringBuilderAndBufferTest"/>
  <testcase name="testBufferAppend" time="0,000" classname="cviceni.StringBuilderAndBufferTest"/>
  <testcase name="testBufferAppendDelete" time="0,000" classname="cviceni.StringBuilderAndBufferTest"/>
  <testcase name="testBuilderAppend" time="0,000" classname="cviceni.StringBuilderAndBufferTest"/>
  <testcase name="testBufferAppendDelete" time="0,000" classname="cviceni.StringBuilderAndBufferTest"/>
  <testcase name="testBufferAppendDelete" time="0,000" classname="cviceni.StringBuilderAndBufferTest"/>
  <testcase name="testBuilderAppend" time="0,001" classname="cviceni.StringBuilderAndBufferTest"/>
  <testcase name="testBufferAppendDelete" time="0,000" classname="cviceni.StringBuilderAndBufferTest"/>
  <testcase name="testBuilderAppendDelete" time="0,000" classname="cviceni.StringBuilderAndBufferTest"/>
  <testcase name="testBuilderAppendDelete" time="0,000" classname="cviceni.StringBuilderAndBufferTest"/>
  <testcase name="testBuilderAppendDelete" time="0,000" classname="cviceni.StringBuilderAndBufferTest"/>
  <testcase name="testBufferAppend" time="0,000" classname="cviceni.StringBuilderAndBufferTest"/>
  <testcase name="testBuilderAppendDelete" time="0,000" classname="cviceni.StringBuilderAndBufferTest"/>
  <testcase name="testBufferAppend" time="0,000" classname="cviceni.StringBuilderAndBufferTest"/>
  <testcase name="testBufferAppend" time="0,000" classname="cviceni.StringBuilderAndBufferTest"/>
  <testcase name="testBufferAppend" time="0,000" classname="cviceni.StringBuilderAndBufferTest"/>
  <testcase name="testBufferAppendDelete" time="0,000" classname="cviceni.StringBuilderAndBufferTest"/>
  <testcase name="testBuilderAppend" time="0,001" classname="cviceni.StringBuilderAndBufferTest"/>
  <testcase name="testBuilderAppendDelete" time="0,001" classname="cviceni.StringBuilderAndBufferTest"/>
  <testcase name="testBufferAppend" time="0,001" classname="cviceni.StringBuilderAndBufferTest"/>
  <testcase name="testBuilderAppendDelete" time="0,001" classname="cviceni.StringBuilderAndBufferTest"/>
  <testcase name="testBuilderAppendDelete" time="0,000" classname="cviceni.StringBuilderAndBufferTest"/>
  <testcase name="testBufferAppend" time="0,001" classname="cviceni.StringBuilderAndBufferTest"/>
  <testcase name="testBuilderAppendDelete" time="0,001" classname="cviceni.StringBuilderAndBufferTest"/>
  <testcase name="testBufferAppendDelete" time="0,000" classname="cviceni.StringBuilderAndBufferTest"/>
  <testcase name="testBuilderAppendDelete" time="0,000" classname="cviceni.StringBuilderAndBufferTest"/>
  <testcase name="testBufferAppend" time="0,001" classname="cviceni.StringBuilderAndBufferTest"/>
  <testcase name="testBufferAppendDelete" time="0,000" classname="cviceni.StringBuilderAndBufferTest"/>
  <testcase name="testBufferAppend" time="0,001" classname="cviceni.StringBuilderAndBufferTest"/>
  <testcase name="testBufferAppend" time="0,001" classname="cviceni.StringBuilderAndBufferTest"/>
  <testcase name="testBufferAppend" time="0,000" classname="cviceni.StringBuilderAndBufferTest"/>
  <testcase name="testBuilderAppendDelete" time="0,000" classname="cviceni.StringBuilderAndBufferTest"/>
  <testcase name="testBufferAppendDelete" time="0,000" classname="cviceni.StringBuilderAndBufferTest"/>
  <testcase name="testBuilderAppend" time="0,000" classname="cviceni.StringBuilderAndBufferTest"/>
  <testcase name="testBufferAppend" time="0,000" classname="cviceni.StringBuilderAndBufferTest"/>
  <testcase name="testBuilderAppendDelete" time="0,000" classname="cviceni.StringBuilderAndBufferTest"/>
  <testcase name="testBufferAppendDelete" time="0,000" classname="cviceni.StringBuilderAndBufferTest"/>
  <testcase name="testBufferAppend" time="0,000" classname="cviceni.StringBuilderAndBufferTest"/>
  <testcase name="testBufferAppendDelete" time="0,001" classname="cviceni.StringBuilderAndBufferTest"/>
  <testcase name="testBufferAppend" time="0,000" classname="cviceni.StringBuilderAndBufferTest"/>
  <testcase name="testBufferAppendDelete" time="0,000" classname="cviceni.StringBuilderAndBufferTest"/>
  <testcase name="testBuilderAppend" time="0,001" classname="cviceni.StringBuilderAndBufferTest"/>
  <testcase name="testBufferAppendDelete" time="0,000" classname="cviceni.StringBuilderAndBufferTest"/>
  <testcase name="testBuilderAppend" time="0,001" classname="cviceni.StringBuilderAndBufferTest"/>
  <testcase name="testBuilderAppendDelete" time="0,001" classname="cviceni.StringBuilderAndBufferTest"/>
  <testcase name="testBuilderAppendDelete" time="0,001" classname="cviceni.StringBuilderAndBufferTest"/>
  <testcase name="testBufferAppendDelete" time="0,000" classname="cviceni.StringBuilderAndBufferTest"/>
  <testcase name="testBufferAppendDelete" time="0,000" classname="cviceni.StringBuilderAndBufferTest"/>
  <testcase name="testBuilderAppendDelete" time="0,000" classname="cviceni.StringBuilderAndBufferTest"/>
  <testcase name="testBuilderAppend" time="0,000" classname="cviceni.StringBuilderAndBufferTest"/>
  <testcase name="testBuilderAppendDelete" time="0,001" classname="cviceni.StringBuilderAndBufferTest"/>
  <testcase name="testBufferAppend" time="0,000" classname="cviceni.StringBuilderAndBufferTest"/>
  <testcase name="testBufferAppendDelete" time="0,001" classname="cviceni.StringBuilderAndBufferTest"/>
  <testcase name="testBuilderAppend" time="0,000" classname="cviceni.StringBuilderAndBufferTest"/>
  <testcase name="testBufferAppend" time="0,000" classname="cviceni.StringBuilderAndBufferTest"/>
  <testcase name="testBufferAppendDelete" time="0,000" classname="cviceni.StringBuilderAndBufferTest"/>
  <testcase name="testBuilderAppendDelete" time="0,000" classname="cviceni.StringBuilderAndBufferTest"/>
  <testcase name="testBuilderAppendDelete" time="0,000" classname="cviceni.StringBuilderAndBufferTest"/>
  <testcase name="testBufferAppend" time="0,000" classname="cviceni.StringBuilderAndBufferTest"/>
  <testcase name="testBufferAppendDelete" time="0,000" classname="cviceni.StringBuilderAndBufferTest"/>
  <testcase name="testBufferAppend" time="0,001" classname="cviceni.StringBuilderAndBufferTest"/>
  <testcase name="testBufferAppendDelete" time="0,000" classname="cviceni.StringBuilderAndBufferTest"/>
  <testcase name="testBuilderAppendDelete" time="0,000" classname="cviceni.StringBuilderAndBufferTest"/>
  <testcase name="testBuilderAppendDelete" time="0,000" classname="cviceni.StringBuilderAndBufferTest"/>
  <testcase name="testBufferAppendDelete" time="0,000" classname="cviceni.StringBuilderAndBufferTest"/>
  <testcase name="testBuilderAppend" time="0,000" classname="cviceni.StringBuilderAndBufferTest"/>
  <testcase name="testBuilderAppend" time="0,000" classname="cviceni.StringBuilderAndBufferTest"/>
  <testcase name="testBufferAppendDelete" time="0,000" classname="cviceni.StringBuilderAndBufferTest"/>
  <testcase name="testBuilderAppend" time="0,000" classname="cviceni.StringBuilderAndBufferTest"/>
  <testcase name="testBufferAppendDelete" time="0,000" classname="cviceni.StringBuilderAndBufferTest"/>
  <testcase name="testBuilderAppend" time="0,000" classname="cviceni.StringBuilderAndBufferTest"/>
  <testcase name="testBufferAppend" time="0,000" classname="cviceni.StringBuilderAndBufferTest"/>
  <testcase name="testBufferAppend" time="0,000" classname="cviceni.StringBuilderAndBufferTest"/>
  <testcase name="testBufferAppend" time="0,001" classname="cviceni.StringBuilderAndBufferTest"/>
  <testcase name="testBuilderAppend" time="0,000" classname="cviceni.StringBuilderAndBufferTest"/>
  <testcase name="testBufferAppend" time="0,001" classname="cviceni.StringBuilderAndBufferTest"/>
  <testcase name="testBufferAppend" time="0,001" classname="cviceni.StringBuilderAndBufferTest"/>
  <testcase name="testBufferAppend" time="0,000" classname="cviceni.StringBuilderAndBufferTest"/>
  <testcase name="testBuilderAppendDelete" time="0,000" classname="cviceni.StringBuilderAndBufferTest"/>
  <testcase name="testBuilderAppend" time="0,001" classname="cviceni.StringBuilderAndBufferTest"/>
  <testcase name="testBuilderAppend" time="0,000" classname="cviceni.StringBuilderAndBufferTest"/>
  <testcase name="testBuilderAppend" time="0,001" classname="cviceni.StringBuilderAndBufferTest"/>
  <testcase name="testBuilderAppend" time="0,001" classname="cviceni.StringBuilderAndBufferTest"/>
  <testcase name="testBufferAppend" time="0,000" classname="cviceni.StringBuilderAndBufferTest"/>
  <testcase name="testBufferAppend" time="0,001" classname="cviceni.StringBuilderAndBufferTest"/>
  <testcase name="testBuilderAppend" time="0,000" classname="cviceni.StringBuilderAndBufferTest"/>
  <testcase name="testBufferAppend" time="0,000" classname="cviceni.StringBuilderAndBufferTest"/>
  <testcase name="testBuilderAppendDelete" time="0,000" classname="cviceni.StringBuilderAndBufferTest"/>
  <testcase name="testBuilderAppendDelete" time="0,024" classname="cviceni.StringBuilderAndBufferTest"/>
  <testcase name="testBufferAppendDelete" time="0,000" classname="cviceni.StringBuilderAndBufferTest"/>
  <testcase name="testBufferAppendDelete" time="0,000" classname="cviceni.StringBuilderAndBufferTest"/>
  <testcase name="testBufferAppendDelete" time="0,000" classname="cviceni.StringBuilderAndBufferTest"/>
  <testcase name="testBufferAppend" time="0,000" classname="cviceni.StringBuilderAndBufferTest"/>
  <testcase name="testBufferAppend" time="0,000" classname="cviceni.StringBuilderAndBufferTest"/>
  <testcase name="testBuilderAppend" time="0,001" classname="cviceni.StringBuilderAndBufferTest"/>
  <testcase name="testBufferAppendDelete" time="0,000" classname="cviceni.StringBuilderAndBufferTest"/>
  <testcase name="testBuilderAppendDelete" time="0,000" classname="cviceni.StringBuilderAndBufferTest"/>
  <testcase name="testBuilderAppend" time="0,000" classname="cviceni.StringBuilderAndBufferTest"/>
  <testcase name="testBuilderAppend" time="0,001" classname="cviceni.StringBuilderAndBufferTest"/>
  <testcase name="testBufferAppendDelete" time="0,000" classname="cviceni.StringBuilderAndBufferTest"/>
  <testcase name="testBuilderAppend" time="0,160" classname="cviceni.StringBuilderAndBufferTest"/>
  <testcase name="testBuilderAppend" time="0,000" classname="cviceni.StringBuilderAndBufferTest"/>
  <testcase name="testBufferAppend" time="0,000" classname="cviceni.StringBuilderAndBufferTest"/>
  <testcase name="testBufferAppendDelete" time="0,031" classname="cviceni.StringBuilderAndBufferTest"/>
  <testcase name="testBufferAppend" time="0,000" classname="cviceni.StringBuilderAndBufferTest"/>
  <testcase name="testBufferAppend" time="0,000" classname="cviceni.StringBuilderAndBufferTest"/>
  <testcase name="testBuilderAppendDelete" time="0,000" classname="cviceni.StringBuilderAndBufferTest"/>
  <testcase name="testBuilderAppend" time="0,000" classname="cviceni.StringBuilderAndBufferTest"/>
  <testcase name="testBuilderAppendDelete" time="0,001" classname="cviceni.StringBuilderAndBufferTest"/>
  <testcase name="testBuilderAppend" time="0,000" classname="cviceni.StringBuilderAndBufferTest"/>
  <testcase name="testBuilderAppendDelete" time="0,000" classname="cviceni.StringBuilderAndBufferTest"/>
  <testcase name="testBufferAppend" time="0,001" classname="cviceni.StringBuilderAndBufferTest"/>
  <testcase name="testBuilderAppendDelete" time="0,000" classname="cviceni.StringBuilderAndBufferTest"/>
  <testcase name="testBuilderAppendDelete" time="0,001" classname="cviceni.StringBuilderAndBufferTest"/>
  <testcase name="testBufferAppend" time="0,012" classname="cviceni.StringBuilderAndBufferTest"/>
  <testcase name="testBufferAppend" time="0,001" classname="cviceni.StringBuilderAndBufferTest"/>
  <testcase name="testBuilderAppendDelete" time="0,001" classname="cviceni.StringBuilderAndBufferTest"/>
  <testcase name="testBufferAppendDelete" time="0,001" classname="cviceni.StringBuilderAndBufferTest"/>
  <testcase name="testBufferAppendDelete" time="0,001" classname="cviceni.StringBuilderAndBufferTest"/>
  <testcase name="testBuilderAppendDelete" time="0,000" classname="cviceni.StringBuilderAndBufferTest"/>
  <testcase name="testBufferAppendDelete" time="0,001" classname="cviceni.StringBuilderAndBufferTest"/>
  <testcase name="testBufferAppendDelete" time="0,000" classname="cviceni.StringBuilderAndBufferTest"/>
  <testcase name="testBufferAppendDelete" time="0,000" classname="cviceni.StringBuilderAndBufferTest"/>
  <testcase name="testBufferAppend" time="0,001" classname="cviceni.StringBuilderAndBufferTest"/>
  <testcase name="testBuilderAppend" time="0,000" classname="cviceni.StringBuilderAndBufferTest"/>
  <testcase name="testBufferAppendDelete" time="0,000" classname="cviceni.StringBuilderAndBufferTest"/>
  <testcase name="testBuilderAppend" time="0,000" classname="cviceni.StringBuilderAndBufferTest"/>
  <testcase name="testBuilderAppend" time="0,000" classname="cviceni.StringBuilderAndBufferTest"/>
  <testcase name="testBuilderAppendDelete" time="0,000" classname="cviceni.StringBuilderAndBufferTest"/>
  <testcase name="testBuilderAppendDelete" time="0,000" classname="cviceni.StringBuilderAndBufferTest"/>
  <testcase name="testBuilderAppendDelete" time="0,001" classname="cviceni.StringBuilderAndBufferTest"/>
  <testcase name="testBufferAppend" time="0,001" classname="cviceni.StringBuilderAndBufferTest"/>
  <testcase name="testBufferAppend" time="0,000" classname="cviceni.StringBuilderAndBufferTest"/>
  <testcase name="testBuilderAppendDelete" time="0,000" classname="cviceni.StringBuilderAndBufferTest"/>
  <testcase name="testBuilderAppendDelete" time="0,000" classname="cviceni.StringBuilderAndBufferTest"/>
  <testcase name="testBuilderAppend" time="0,021" classname="cviceni.StringBuilderAndBufferTest"/>
  <testcase name="testBufferAppend" time="0,000" classname="cviceni.StringBuilderAndBufferTest"/>
  <testcase name="testBuilderAppend" time="0,001" classname="cviceni.StringBuilderAndBufferTest"/>
  <testcase name="testBuilderAppend" time="0,000" classname="cviceni.StringBuilderAndBufferTest"/>
  <testcase name="testBuilderAppend" time="0,000" classname="cviceni.StringBuilderAndBufferTest"/>
  <testcase name="testBufferAppend" time="0,000" classname="cviceni.StringBuilderAndBufferTest"/>
  <testcase name="testBufferAppendDelete" time="0,000" classname="cviceni.StringBuilderAndBufferTest"/>
  <testcase name="testBufferAppend" time="0,001" classname="cviceni.StringBuilderAndBufferTest"/>
  <testcase name="testBufferAppend" time="0,001" classname="cviceni.StringBuilderAndBufferTest"/>
  <testcase name="testBuilderAppend" time="0,000" classname="cviceni.StringBuilderAndBufferTest"/>
  <testcase name="testBuilderAppendDelete" time="0,000" classname="cviceni.StringBuilderAndBufferTest"/>
  <testcase name="testBuilderAppend" time="0,001" classname="cviceni.StringBuilderAndBufferTest"/>
  <testcase name="testBuilderAppend" time="0,001" classname="cviceni.StringBuilderAndBufferTest"/>
  <testcase name="testBuilderAppendDelete" time="0,001" classname="cviceni.StringBuilderAndBufferTest"/>
  <testcase name="testBufferAppend" time="0,000" classname="cviceni.StringBuilderAndBufferTest"/>
  <testcase name="testBuilderAppendDelete" time="0,000" classname="cviceni.StringBuilderAndBufferTest"/>
  <testcase name="testBufferAppendDelete" time="0,000" classname="cviceni.StringBuilderAndBufferTest"/>
  <testcase name="testBuilderAppendDelete" time="0,000" classname="cviceni.StringBuilderAndBufferTest"/>
  <testcase name="testBuilderAppend" time="0,000" classname="cviceni.StringBuilderAndBufferTest"/>
  <testcase name="testBuilderAppend" time="0,000" classname="cviceni.StringBuilderAndBufferTest"/>
  <testcase name="testBufferAppendDelete" time="0,001" classname="cviceni.StringBuilderAndBufferTest"/>
  <testcase name="testBufferAppend" time="0,000" classname="cviceni.StringBuilderAndBufferTest"/>
  <testcase name="testBufferAppendDelete" time="0,000" classname="cviceni.StringBuilderAndBufferTest"/>
  <testcase name="testBufferAppend" time="0,000" classname="cviceni.StringBuilderAndBufferTest"/>
  <testcase name="testBufferAppendDelete" time="0,000" classname="cviceni.StringBuilderAndBufferTest"/>
  <testcase name="testBufferAppendDelete" time="0,000" classname="cviceni.StringBuilderAndBufferTest"/>
  <testcase name="testBuilderAppendDelete" time="0,000" classname="cviceni.StringBuilderAndBufferTest"/>
  <testcase name="testBufferAppend" time="0,000" classname="cviceni.StringBuilderAndBufferTest"/>
  <testcase name="testBuilderAppendDelete" time="0,000" classname="cviceni.StringBuilderAndBufferTest"/>
  <testcase name="testBufferAppend" time="0,000" classname="cviceni.StringBuilderAndBufferTest"/>
  <testcase name="testBuilderAppend" time="0,000" classname="cviceni.StringBuilderAndBufferTest"/>
  <testcase name="testBufferAppend" time="0,000" classname="cviceni.StringBuilderAndBufferTest"/>
  <testcase name="testBuilderAppendDelete" time="0,000" classname="cviceni.StringBuilderAndBufferTest"/>
  <testcase name="testBufferAppendDelete" time="0,000" classname="cviceni.StringBuilderAndBufferTest"/>
  <testcase name="testBuilderAppendDelete" time="0,023" classname="cviceni.StringBuilderAndBufferTest"/>
  <testcase name="testBufferAppendDelete" time="0,001" classname="cviceni.StringBuilderAndBufferTest"/>
  <testcase name="testBufferAppend" time="0,000" classname="cviceni.StringBuilderAndBufferTest"/>
  <testcase name="testBufferAppendDelete" time="0,000" classname="cviceni.StringBuilderAndBufferTest"/>
  <testcase name="testBuilderAppend" time="0,000" classname="cviceni.StringBuilderAndBufferTest"/>
  <testcase name="testBuilderAppend" time="0,000" classname="cviceni.StringBuilderAndBufferTest"/>
  <testcase name="testBuilderAppend" time="0,000" classname="cviceni.StringBuilderAndBufferTest"/>
  <testcase name="testBufferAppendDelete" time="0,001" classname="cviceni.StringBuilderAndBufferTest"/>
  <testcase name="testBufferAppendDelete" time="0,000" classname="cviceni.StringBuilderAndBufferTest"/>
  <testcase name="testBuilderAppendDelete" time="0,000" classname="cviceni.StringBuilderAndBufferTest"/>
  <testcase name="testBuilderAppendDelete" time="0,000" classname="cviceni.StringBuilderAndBufferTest"/>
  <testcase name="testBufferAppend" time="0,001" classname="cviceni.StringBuilderAndBufferTest"/>
  <testcase name="testBuilderAppendDelete" time="0,000" classname="cviceni.StringBuilderAndBufferTest"/>
  <testcase name="testBufferAppendDelete" time="0,000" classname="cviceni.StringBuilderAndBufferTest"/>
  <testcase name="testBufferAppend" time="0,001" classname="cviceni.StringBuilderAndBufferTest"/>
  <testcase name="testBufferAppendDelete" time="0,000" classname="cviceni.StringBuilderAndBufferTest"/>
  <testcase name="testBuilderAppend" time="0,000" classname="cviceni.StringBuilderAndBufferTest"/>
  <testcase name="testBufferAppendDelete" time="0,000" classname="cviceni.StringBuilderAndBufferTest"/>
  <testcase name="testBufferAppend" time="0,001" classname="cviceni.StringBuilderAndBufferTest"/>
  <testcase name="testBufferAppendDelete" time="0,000" classname="cviceni.StringBuilderAndBufferTest"/>
  <testcase name="testBuilderAppendDelete" time="0,000" classname="cviceni.StringBuilderAndBufferTest"/>
  <testcase name="testBuilderAppend" time="0,000" classname="cviceni.StringBuilderAndBufferTest"/>
  <testcase name="testBufferAppend" time="0,001" classname="cviceni.StringBuilderAndBufferTest"/>
  <testcase name="testBufferAppend" time="0,000" classname="cviceni.StringBuilderAndBufferTest"/>
  <testcase name="testBufferAppendDelete" time="0,000" classname="cviceni.StringBuilderAndBufferTest"/>
  <testcase name="testBuilderAppend" time="0,000" classname="cviceni.StringBuilderAndBufferTest"/>
  <testcase name="testBuilderAppendDelete" time="0,000" classname="cviceni.StringBuilderAndBufferTest"/>
  <testcase name="testBufferAppendDelete" time="0,000" classname="cviceni.StringBuilderAndBufferTest"/>
  <testcase name="testBuilderAppend" time="0,000" classname="cviceni.StringBuilderAndBufferTest"/>
  <testcase name="testBuilderAppendDelete" time="0,000" classname="cviceni.StringBuilderAndBufferTest"/>
  <testcase name="testBuilderAppend" time="0,001" classname="cviceni.StringBuilderAndBufferTest"/>
  <testcase name="testBuilderAppendDelete" time="0,000" classname="cviceni.StringBuilderAndBufferTest"/>
  <testcase name="testBufferAppendDelete" time="0,000" classname="cviceni.StringBuilderAndBufferTest"/>
  <testcase name="testBufferAppendDelete" time="0,000" classname="cviceni.StringBuilderAndBufferTest"/>
  <testcase name="testBufferAppendDelete" time="0,001" classname="cviceni.StringBuilderAndBufferTest"/>
  <testcase name="testBufferAppendDelete" time="0,000" classname="cviceni.StringBuilderAndBufferTest"/>
  <testcase name="testBuilderAppendDelete" time="0,000" classname="cviceni.StringBuilderAndBufferTest"/>
  <testcase name="testBuilderAppendDelete" time="0,000" classname="cviceni.StringBuilderAndBufferTest"/>
  <testcase name="testBuilderAppend" time="0,000" classname="cviceni.StringBuilderAndBufferTest"/>
  <testcase name="testBufferAppend" time="0,000" classname="cviceni.StringBuilderAndBufferTest"/>
  <testcase name="testBuilderAppendDelete" time="0,000" classname="cviceni.StringBuilderAndBufferTest"/>
  <testcase name="testBuilderAppendDelete" time="0,001" classname="cviceni.StringBuilderAndBufferTest"/>
  <testcase name="testBuilderAppend" time="0,000" classname="cviceni.StringBuilderAndBufferTest"/>
  <testcase name="testBuilderAppendDelete" time="0,001" classname="cviceni.StringBuilderAndBufferTest"/>
  <testcase name="testBufferAppendDelete" time="0,000" classname="cviceni.StringBuilderAndBufferTest"/>
  <testcase name="testBufferAppend" time="0,001" classname="cviceni.StringBuilderAndBufferTest"/>
  <testcase name="testBufferAppend" time="0,000" classname="cviceni.StringBuilderAndBufferTest"/>
  <testcase name="testBuilderAppendDelete" time="0,000" classname="cviceni.StringBuilderAndBufferTest"/>
  <testcase name="testBuilderAppend" time="0,000" classname="cviceni.StringBuilderAndBufferTest"/>
  <testcase name="testBufferAppendDelete" time="0,000" classname="cviceni.StringBuilderAndBufferTest"/>
  <testcase name="testBuilderAppend" time="0,000" classname="cviceni.StringBuilderAndBufferTest"/>
  <testcase name="testBufferAppend" time="0,000" classname="cviceni.StringBuilderAndBufferTest"/>
  <testcase name="testBuilderAppend" time="0,000" classname="cviceni.StringBuilderAndBufferTest"/>
  <testcase name="testBufferAppendDelete" time="0,000" classname="cviceni.StringBuilderAndBufferTest"/>
  <testcase name="testBufferAppendDelete" time="0,001" classname="cviceni.StringBuilderAndBufferTest"/>
  <testcase name="testBufferAppendDelete" time="0,000" classname="cviceni.StringBuilderAndBufferTest"/>
  <testcase name="testBufferAppendDelete" time="0,001" classname="cviceni.StringBuilderAndBufferTest"/>
  <testcase name="testBufferAppendDelete" time="0,001" classname="cviceni.StringBuilderAndBufferTest"/>
  <testcase name="testBuilderAppendDelete" time="0,000" classname="cviceni.StringBuilderAndBufferTest"/>
  <testcase name="testBuilderAppend" time="0,001" classname="cviceni.StringBuilderAndBufferTest"/>
  <testcase name="testBufferAppendDelete" time="0,001" classname="cviceni.StringBuilderAndBufferTest"/>
  <testcase name="testBuilderAppend" time="0,001" classname="cviceni.StringBuilderAndBufferTest"/>
  <testcase name="testBuilderAppend" time="0,001" classname="cviceni.StringBuilderAndBufferTest"/>
  <testcase name="testBuilderAppend" time="0,000" classname="cviceni.StringBuilderAndBufferTest"/>
  <testcase name="testBufferAppend" time="0,001" classname="cviceni.StringBuilderAndBufferTest"/>
  <testcase name="testBuilderAppendDelete" time="0,001" classname="cviceni.StringBuilderAndBufferTest"/>
  <testcase name="testBuilderAppendDelete" time="0,000" classname="cviceni.StringBuilderAndBufferTest"/>
  <testcase name="testBuilderAppendDelete" time="0,000" classname="cviceni.StringBuilderAndBufferTest"/>
  <testcase name="testBuilderAppend" time="0,000" classname="cviceni.StringBuilderAndBufferTest"/>
  <testcase name="testBufferAppend" time="0,000" classname="cviceni.StringBuilderAndBufferTest"/>
  <testcase name="testBuilderAppend" time="0,000" classname="cviceni.StringBuilderAndBufferTest"/>
  <testcase name="testBuilderAppend" time="0,000" classname="cviceni.StringBuilderAndBufferTest"/>
  <testcase name="testBufferAppend" time="0,000" classname="cviceni.StringBuilderAndBufferTest"/>
  <testcase name="testBuilderAppendDelete" time="0,000" classname="cviceni.StringBuilderAndBufferTest"/>
  <testcase name="testBuilderAppendDelete" time="0,000" classname="cviceni.StringBuilderAndBufferTest"/>
  <testcase name="testBuilderAppend" time="0,162" classname="cviceni.StringBuilderAndBufferTest"/>
  <testcase name="testBuilderAppend" time="0,000" classname="cviceni.StringBuilderAndBufferTest"/>
  <testcase name="testBufferAppend" time="0,001" classname="cviceni.StringBuilderAndBufferTest"/>
  <testcase name="testBufferAppendDelete" time="0,000" classname="cviceni.StringBuilderAndBufferTest"/>
  <testcase name="testBufferAppendDelete" time="0,000" classname="cviceni.StringBuilderAndBufferTest"/>
  <testcase name="testBuilderAppend" time="0,000" classname="cviceni.StringBuilderAndBufferTest"/>
  <testcase name="testBuilderAppendDelete" time="0,000" classname="cviceni.StringBuilderAndBufferTest"/>
  <testcase name="testBufferAppendDelete" time="0,000" classname="cviceni.StringBuilderAndBufferTest"/>
  <testcase name="testBuilderAppendDelete" time="0,001" classname="cviceni.StringBuilderAndBufferTest"/>
  <testcase name="testBufferAppend" time="0,000" classname="cviceni.StringBuilderAndBufferTest"/>
  <testcase name="testBufferAppend" time="0,000" classname="cviceni.StringBuilderAndBufferTest"/>
  <testcase name="testBufferAppend" time="0,001" classname="cviceni.StringBuilderAndBufferTest"/>
  <testcase name="testBuilderAppend" time="0,000" classname="cviceni.StringBuilderAndBufferTest"/>
  <testcase name="testBuilderAppendDelete" time="0,000" classname="cviceni.StringBuilderAndBufferTest"/>
  <testcase name="testBuilderAppend" time="0,001" classname="cviceni.StringBuilderAndBufferTest"/>
  <testcase name="testBufferAppendDelete" time="0,000" classname="cviceni.StringBuilderAndBufferTest"/>
  <testcase name="testBufferAppend" time="0,000" classname="cviceni.StringBuilderAndBufferTest"/>
  <testcase name="testBufferAppend" time="0,000" classname="cviceni.StringBuilderAndBufferTest"/>
  <testcase name="testBuilderAppendDelete" time="0,000" classname="cviceni.StringBuilderAndBufferTest"/>
  <testcase name="testBuilderAppend" time="0,000" classname="cviceni.StringBuilderAndBufferTest"/>
  <testcase name="testBufferAppendDelete" time="0,000" classname="cviceni.StringBuilderAndBufferTest"/>
  <testcase name="testBuilderAppend" time="0,000" classname="cviceni.StringBuilderAndBufferTest"/>
  <testcase name="testBuilderAppend" time="0,001" classname="cviceni.StringBuilderAndBufferTest"/>
  <testcase name="testBuilderAppend" time="0,000" classname="cviceni.StringBuilderAndBufferTest"/>
  <testcase name="testBufferAppend" time="0,000" classname="cviceni.StringBuilderAndBufferTest"/>
  <testcase name="testBufferAppend" time="0,001" classname="cviceni.StringBuilderAndBufferTest"/>
  <testcase name="testBuilderAppendDelete" time="0,000" classname="cviceni.StringBuilderAndBufferTest"/>
  <testcase name="testBuilderAppend" time="0,000" classname="cviceni.StringBuilderAndBufferTest"/>
  <testcase name="testBufferAppend" time="0,001" classname="cviceni.StringBuilderAndBufferTest"/>
  <testcase name="testBuilderAppend" time="0,001" classname="cviceni.StringBuilderAndBufferTest"/>
  <testcase name="testBuilderAppend" time="0,000" classname="cviceni.StringBuilderAndBufferTest"/>
  <testcase name="testBuilderAppendDelete" time="0,001" classname="cviceni.StringBuilderAndBufferTest"/>
  <testcase name="testBuilderAppendDelete" time="0,000" classname="cviceni.StringBuilderAndBufferTest"/>
  <testcase name="testBufferAppendDelete" time="0,000" classname="cviceni.StringBuilderAndBufferTest"/>
  <testcase name="testBuilderAppendDelete" time="0,000" classname="cviceni.StringBuilderAndBufferTest"/>
  <testcase name="testBuilderAppendDelete" time="0,001" classname="cviceni.StringBuilderAndBufferTest"/>
  <testcase name="testBufferAppend" time="0,000" classname="cviceni.StringBuilderAndBufferTest"/>
  <testcase name="testBufferAppend" time="0,000" classname="cviceni.StringBuilderAndBufferTest"/>
  <testcase name="testBuilderAppend" time="0,000" classname="cviceni.StringBuilderAndBufferTest"/>
  <testcase name="testBuilderAppendDelete" time="0,001" classname="cviceni.StringBuilderAndBufferTest"/>
  <testcase name="testBuilderAppendDelete" time="0,000" classname="cviceni.StringBuilderAndBufferTest"/>
  <testcase name="testBuilderAppendDelete" time="0,000" classname="cviceni.StringBuilderAndBufferTest"/>
  <testcase name="testBufferAppend" time="0,001" classname="cviceni.StringBuilderAndBufferTest"/>
  <testcase name="testBufferAppendDelete" time="0,000" classname="cviceni.StringBuilderAndBufferTest"/>
  <testcase name="testBufferAppendDelete" time="0,000" classname="cviceni.StringBuilderAndBufferTest"/>
  <testcase name="testBuilderAppendDelete" time="0,001" classname="cviceni.StringBuilderAndBufferTest"/>
  <testcase name="testBufferAppendDelete" time="0,000" classname="cviceni.StringBuilderAndBufferTest"/>
  <testcase name="testBuilderAppend" time="0,000" classname="cviceni.StringBuilderAndBufferTest"/>
  <testcase name="testBufferAppendDelete" time="0,000" classname="cviceni.StringBuilderAndBufferTest"/>
  <testcase name="testBufferAppend" time="0,000" classname="cviceni.StringBuilderAndBufferTest"/>
  <testcase name="testBufferAppend" time="0,001" classname="cviceni.StringBuilderAndBufferTest"/>
  <testcase name="testBuilderAppend" time="0,000" classname="cviceni.StringBuilderAndBufferTest"/>
  <testcase name="testBufferAppendDelete" time="0,000" classname="cviceni.StringBuilderAndBufferTest"/>
  <testcase name="testBuilderAppend" time="0,000" classname="cviceni.StringBuilderAndBufferTest"/>
  <testcase name="testBuilderAppend" time="0,001" classname="cviceni.StringBuilderAndBufferTest"/>
  <testcase name="testBuilderAppend" time="0,000" classname="cviceni.StringBuilderAndBufferTest"/>
  <testcase name="testBuilderAppendDelete" time="0,000" classname="cviceni.StringBuilderAndBufferTest"/>
  <testcase name="testBufferAppendDelete" time="0,000" classname="cviceni.StringBuilderAndBufferTest"/>
  <testcase name="testBufferAppend" time="0,000" classname="cviceni.StringBuilderAndBufferTest"/>
  <testcase name="testBuilderAppendDelete" time="0,000" classname="cviceni.StringBuilderAndBufferTest"/>
  <testcase name="testBuilderAppendDelete" time="0,000" classname="cviceni.StringBuilderAndBufferTest"/>
  <testcase name="testBuilderAppendDelete" time="0,000" classname="cviceni.StringBuilderAndBufferTest"/>
  <testcase name="testBuilderAppendDelete" time="0,000" classname="cviceni.StringBuilderAndBufferTest"/>
  <testcase name="testBufferAppendDelete" time="0,000" classname="cviceni.StringBuilderAndBufferTest"/>
  <testcase name="testBufferAppendDelete" time="0,000" classname="cviceni.StringBuilderAndBufferTest"/>
  <testcase name="testBuilderAppendDelete" time="0,000" classname="cviceni.StringBuilderAndBufferTest"/>
  <testcase name="testBufferAppend" time="0,000" classname="cviceni.StringBuilderAndBufferTest"/>
  <testcase name="testBufferAppend" time="0,001" classname="cviceni.StringBuilderAndBufferTest"/>
  <testcase name="testBufferAppend" time="0,000" classname="cviceni.StringBuilderAndBufferTest"/>
  <testcase name="testBufferAppendDelete" time="0,000" classname="cviceni.StringBuilderAndBufferTest"/>
  <testcase name="testBuilderAppendDelete" time="0,001" classname="cviceni.StringBuilderAndBufferTest"/>
  <testcase name="testBufferAppendDelete" time="0,000" classname="cviceni.StringBuilderAndBufferTest"/>
  <testcase name="testBufferAppend" time="0,010" classname="cviceni.StringBuilderAndBufferTest"/>
  <testcase name="testBuilderAppend" time="0,000" classname="cviceni.StringBuilderAndBufferTest"/>
  <testcase name="testBufferAppendDelete" time="0,000" classname="cviceni.StringBuilderAndBufferTest"/>
  <testcase name="testBufferAppend" time="0,000" classname="cviceni.StringBuilderAndBufferTest"/>
  <testcase name="testBufferAppend" time="0,000" classname="cviceni.StringBuilderAndBufferTest"/>
  <testcase name="testBufferAppendDelete" time="0,000" classname="cviceni.StringBuilderAndBufferTest"/>
  <testcase name="testBuilderAppendDelete" time="0,001" classname="cviceni.StringBuilderAndBufferTest"/>
  <testcase name="testBuilderAppendDelete" time="0,000" classname="cviceni.StringBuilderAndBufferTest"/>
  <testcase name="testBufferAppendDelete" time="0,000" classname="cviceni.StringBuilderAndBufferTest"/>
  <testcase name="testBufferAppendDelete" time="0,000" classname="cviceni.StringBuilderAndBufferTest"/>
  <testcase name="testBuilderAppendDelete" time="0,002" classname="cviceni.StringBuilderAndBufferTest"/>
  <testcase name="testBuilderAppend" time="0,004" classname="cviceni.StringBuilderAndBufferTest"/>
  <testcase name="testBuilderAppend" time="0,000" classname="cviceni.StringBuilderAndBufferTest"/>
  <testcase name="testBufferAppend" time="0,000" classname="cviceni.StringBuilderAndBufferTest"/>
  <testcase name="testBufferAppendDelete" time="0,001" classname="cviceni.StringBuilderAndBufferTest"/>
  <testcase name="testBufferAppendDelete" time="0,000" classname="cviceni.StringBuilderAndBufferTest"/>
  <testcase name="testBuilderAppend" time="0,000" classname="cviceni.StringBuilderAndBufferTest"/>
  <testcase name="testBuilderAppendDelete" time="0,001" classname="cviceni.StringBuilderAndBufferTest"/>
  <testcase name="testBuilderAppend" time="0,001" classname="cviceni.StringBuilderAndBufferTest"/>
  <testcase name="testBufferAppendDelete" time="0,000" classname="cviceni.StringBuilderAndBufferTest"/>
  <testcase name="testBuilderAppend" time="0,001" classname="cviceni.StringBuilderAndBufferTest"/>
  <testcase name="testBufferAppendDelete" time="0,001" classname="cviceni.StringBuilderAndBufferTest"/>
  <testcase name="testBuilderAppendDelete" time="0,000" classname="cviceni.StringBuilderAndBufferTest"/>
  <testcase name="testBuilderAppend" time="0,000" classname="cviceni.StringBuilderAndBufferTest"/>
  <testcase name="testBuilderAppendDelete" time="0,000" classname="cviceni.StringBuilderAndBufferTest"/>
  <testcase name="testBufferAppendDelete" time="0,000" classname="cviceni.StringBuilderAndBufferTest"/>
  <testcase name="testBuilderAppendDelete" time="0,000" classname="cviceni.StringBuilderAndBufferTest"/>
  <testcase name="testBuilderAppend" time="0,000" classname="cviceni.StringBuilderAndBufferTest"/>
  <testcase name="testBufferAppendDelete" time="0,000" classname="cviceni.StringBuilderAndBufferTest"/>
  <testcase name="testBuilderAppendDelete" time="0,000" classname="cviceni.StringBuilderAndBufferTest"/>
  <testcase name="testBufferAppend" time="0,000" classname="cviceni.StringBuilderAndBufferTest"/>
  <testcase name="testBufferAppendDelete" time="0,000" classname="cviceni.StringBuilderAndBufferTest"/>
  <testcase name="testBuilderAppend" time="0,001" classname="cviceni.StringBuilderAndBufferTest"/>
  <testcase name="testBuilderAppendDelete" time="0,000" classname="cviceni.StringBuilderAndBufferTest"/>
  <testcase name="testBuilderAppend" time="0,000" classname="cviceni.StringBuilderAndBufferTest"/>
  <testcase name="testBufferAppend" time="0,002" classname="cviceni.StringBuilderAndBufferTest"/>
  <testcase name="testBuilderAppend" time="0,001" classname="cviceni.StringBuilderAndBufferTest"/>
  <testcase name="testBuilderAppend" time="0,000" classname="cviceni.StringBuilderAndBufferTest"/>
  <testcase name="testBufferAppendDelete" time="0,001" classname="cviceni.StringBuilderAndBufferTest"/>
  <testcase name="testBuilderAppendDelete" time="0,000" classname="cviceni.StringBuilderAndBufferTest"/>
  <testcase name="testBuilderAppendDelete" time="0,000" classname="cviceni.StringBuilderAndBufferTest"/>
  <testcase name="testBufferAppendDelete" time="0,000" classname="cviceni.StringBuilderAndBufferTest"/>
  <testcase name="testBufferAppend" time="0,001" classname="cviceni.StringBuilderAndBufferTest"/>
  <testcase name="testBuilderAppend" time="0,000" classname="cviceni.StringBuilderAndBufferTest"/>
  <testcase name="testBuilderAppendDelete" time="0,000" classname="cviceni.StringBuilderAndBufferTest"/>
  <testcase name="testBuilderAppendDelete" time="0,000" classname="cviceni.StringBuilderAndBufferTest"/>
  <testcase name="testBuilderAppend" time="0,000" classname="cviceni.StringBuilderAndBufferTest"/>
  <testcase name="testBufferAppend" time="0,000" classname="cviceni.StringBuilderAndBufferTest"/>
  <testcase name="testBuilderAppend" time="0,000" classname="cviceni.StringBuilderAndBufferTest"/>
  <testcase name="testBuilderAppend" time="0,000" classname="cviceni.StringBuilderAndBufferTest"/>
  <testcase name="testBuilderAppend" time="0,001" classname="cviceni.StringBuilderAndBufferTest"/>
  <testcase name="testBufferAppend" time="0,000" classname="cviceni.StringBuilderAndBufferTest"/>
  <testcase name="testBufferAppendDelete" time="0,000" classname="cviceni.StringBuilderAndBufferTest"/>
  <testcase name="testBuilderAppend" time="0,000" classname="cviceni.StringBuilderAndBufferTest"/>
  <testcase name="testBufferAppendDelete" time="0,001" classname="cviceni.StringBuilderAndBufferTest"/>
  <testcase name="testBuilderAppendDelete" time="0,000" classname="cviceni.StringBuilderAndBufferTest"/>
  <testcase name="testBuilderAppend" time="0,000" classname="cviceni.StringBuilderAndBufferTest"/>
  <testcase name="testBufferAppendDelete" time="0,000" classname="cviceni.StringBuilderAndBufferTest"/>
  <testcase name="testBuilderAppendDelete" time="0,001" classname="cviceni.StringBuilderAndBufferTest"/>
  <testcase name="testBufferAppendDelete" time="0,000" classname="cviceni.StringBuilderAndBufferTest"/>
  <testcase name="testBufferAppend" time="0,000" classname="cviceni.StringBuilderAndBufferTest"/>
  <testcase name="testBufferAppendDelete" time="0,000" classname="cviceni.StringBuilderAndBufferTest"/>
  <testcase name="testBuilderAppendDelete" time="0,001" classname="cviceni.StringBuilderAndBufferTest"/>
  <testcase name="testBuilderAppend" time="0,000" classname="cviceni.StringBuilderAndBufferTest"/>
  <testcase name="testBuilderAppend" time="0,000" classname="cviceni.StringBuilderAndBufferTest"/>
  <testcase name="testBuilderAppend" time="0,000" classname="cviceni.StringBuilderAndBufferTest"/>
  <testcase name="testBuilderAppendDelete" time="0,065" classname="cviceni.StringBuilderAndBufferTest"/>
  <testcase name="testBuilderAppend" time="0,000" classname="cviceni.StringBuilderAndBufferTest"/>
  <testcase name="testBufferAppend" time="0,000" classname="cviceni.StringBuilderAndBufferTest"/>
  <testcase name="testBuilderAppend" time="0,000" classname="cviceni.StringBuilderAndBufferTest"/>
  <testcase name="testBuilderAppend" time="0,000" classname="cviceni.StringBuilderAndBufferTest"/>
  <testcase name="testBuilderAppend" time="0,000" classname="cviceni.StringBuilderAndBufferTest"/>
  <testcase name="testBufferAppend" time="0,001" classname="cviceni.StringBuilderAndBufferTest"/>
  <testcase name="testBuilderAppend" time="0,000" classname="cviceni.StringBuilderAndBufferTest"/>
  <testcase name="testBufferAppend" time="0,000" classname="cviceni.StringBuilderAndBufferTest"/>
  <testcase name="testBuilderAppend" time="0,000" classname="cviceni.StringBuilderAndBufferTest"/>
  <testcase name="testBufferAppendDelete" time="0,000" classname="cviceni.StringBuilderAndBufferTest"/>
  <testcase name="testBufferAppendDelete" time="0,000" classname="cviceni.StringBuilderAndBufferTest"/>
  <testcase name="testBuilderAppendDelete" time="0,000" classname="cviceni.StringBuilderAndBufferTest"/>
  <testcase name="testBuilderAppend" time="0,000" classname="cviceni.StringBuilderAndBufferTest"/>
  <testcase name="testBuilderAppend" time="0,001" classname="cviceni.StringBuilderAndBufferTest"/>
  <testcase name="testBufferAppendDelete" time="0,000" classname="cviceni.StringBuilderAndBufferTest"/>
  <testcase name="testBufferAppend" time="0,000" classname="cviceni.StringBuilderAndBufferTest"/>
  <testcase name="testBufferAppendDelete" time="0,000" classname="cviceni.StringBuilderAndBufferTest"/>
  <testcase name="testBuilderAppend" time="0,000" classname="cviceni.StringBuilderAndBufferTest"/>
  <testcase name="testBufferAppendDelete" time="0,000" classname="cviceni.StringBuilderAndBufferTest"/>
  <testcase name="testBufferAppendDelete" time="0,000" classname="cviceni.StringBuilderAndBufferTest"/>
  <testcase name="testBuilderAppend" time="0,000" classname="cviceni.StringBuilderAndBufferTest"/>
  <testcase name="testBufferAppend" time="0,000" classname="cviceni.StringBuilderAndBufferTest"/>
  <testcase name="testBuilderAppendDelete" time="0,000" classname="cviceni.StringBuilderAndBufferTest"/>
  <testcase name="testBuilderAppend" time="0,000" classname="cviceni.StringBuilderAndBufferTest"/>
  <testcase name="testBuilderAppendDelete" time="0,000" classname="cviceni.StringBuilderAndBufferTest"/>
  <testcase name="testBufferAppend" time="0,000" classname="cviceni.StringBuilderAndBufferTest"/>
  <testcase name="testBuilderAppend" time="0,000" classname="cviceni.StringBuilderAndBufferTest"/>
  <testcase name="testBufferAppend" time="0,000" classname="cviceni.StringBuilderAndBufferTest"/>
  <testcase name="testBufferAppend" time="0,000" classname="cviceni.StringBuilderAndBufferTest"/>
  <testcase name="testBuilderAppendDelete" time="0,000" classname="cviceni.StringBuilderAndBufferTest"/>
  <testcase name="testBufferAppend" time="0,000" classname="cviceni.StringBuilderAndBufferTest"/>
  <testcase name="testBufferAppend" time="0,000" classname="cviceni.StringBuilderAndBufferTest"/>
  <testcase name="testBufferAppendDelete" time="0,001" classname="cviceni.StringBuilderAndBufferTest"/>
  <testcase name="testBufferAppendDelete" time="0,000" classname="cviceni.StringBuilderAndBufferTest"/>
  <testcase name="testBuilderAppend" time="0,015" classname="cviceni.StringBuilderAndBufferTest"/>
  <testcase name="testBuilderAppendDelete" time="0,000" classname="cviceni.StringBuilderAndBufferTest"/>
  <testcase name="testBufferAppend" time="0,001" classname="cviceni.StringBuilderAndBufferTest"/>
  <testcase name="testBuilderAppend" time="0,001" classname="cviceni.StringBuilderAndBufferTest"/>
  <testcase name="testBufferAppend" time="0,000" classname="cviceni.StringBuilderAndBufferTest"/>
  <testcase name="testBuilderAppend" time="0,000" classname="cviceni.StringBuilderAndBufferTest"/>
  <testcase name="testBuilderAppend" time="0,000" classname="cviceni.StringBuilderAndBufferTest"/>
  <testcase name="testBufferAppend" time="0,000" classname="cviceni.StringBuilderAndBufferTest"/>
  <testcase name="testBufferAppend" time="0,000" classname="cviceni.StringBuilderAndBufferTest"/>
  <testcase name="testBuilderAppendDelete" time="0,000" classname="cviceni.StringBuilderAndBufferTest"/>
  <testcase name="testBuilderAppend" time="0,000" classname="cviceni.StringBuilderAndBufferTest"/>
  <testcase name="testBuilderAppend" time="0,000" classname="cviceni.StringBuilderAndBufferTest"/>
  <testcase name="testBufferAppendDelete" time="0,000" classname="cviceni.StringBuilderAndBufferTest"/>
  <testcase name="testBuilderAppend" time="0,001" classname="cviceni.StringBuilderAndBufferTest"/>
  <testcase name="testBuilderAppendDelete" time="0,000" classname="cviceni.StringBuilderAndBufferTest"/>
  <testcase name="testBuilderAppend" time="0,001" classname="cviceni.StringBuilderAndBufferTest"/>
  <testcase name="testBufferAppend" time="0,000" classname="cviceni.StringBuilderAndBufferTest"/>
  <testcase name="testBufferAppend" time="0,000" classname="cviceni.StringBuilderAndBufferTest"/>
  <testcase name="testBuilderAppend" time="0,000" classname="cviceni.StringBuilderAndBufferTest"/>
  <testcase name="testBuilderAppendDelete" time="0,000" classname="cviceni.StringBuilderAndBufferTest"/>
  <testcase name="testBuilderAppendDelete" time="0,000" classname="cviceni.StringBuilderAndBufferTest"/>
  <testcase name="testBuilderAppendDelete" time="0,000" classname="cviceni.StringBuilderAndBufferTest"/>
  <testcase name="testBuilderAppendDelete" time="0,000" classname="cviceni.StringBuilderAndBufferTest"/>
  <testcase name="testBuilderAppend" time="0,001" classname="cviceni.StringBuilderAndBufferTest"/>
  <testcase name="testBuilderAppend" time="0,000" classname="cviceni.StringBuilderAndBufferTest"/>
  <testcase name="testBufferAppendDelete" time="0,000" classname="cviceni.StringBuilderAndBufferTest"/>
  <testcase name="testBuilderAppendDelete" time="0,000" classname="cviceni.StringBuilderAndBufferTest"/>
  <testcase name="testBuilderAppend" time="0,000" classname="cviceni.StringBuilderAndBufferTest"/>
  <testcase name="testBuilderAppend" time="0,001" classname="cviceni.StringBuilderAndBufferTest"/>
  <testcase name="testBuilderAppendDelete" time="0,000" classname="cviceni.StringBuilderAndBufferTest"/>
  <testcase name="testBufferAppendDelete" time="0,000" classname="cviceni.StringBuilderAndBufferTest"/>
  <testcase name="testBuilderAppend" time="0,000" classname="cviceni.StringBuilderAndBufferTest"/>
  <testcase name="testBufferAppendDelete" time="0,001" classname="cviceni.StringBuilderAndBufferTest"/>
  <testcase name="testBufferAppend" time="0,000" classname="cviceni.StringBuilderAndBufferTest"/>
  <testcase name="testBufferAppend" time="0,001" classname="cviceni.StringBuilderAndBufferTest"/>
  <testcase name="testBufferAppendDelete" time="0,000" classname="cviceni.StringBuilderAndBufferTest"/>
  <testcase name="testBuilderAppendDelete" time="0,000" classname="cviceni.StringBuilderAndBufferTest"/>
  <testcase name="testBuilderAppendDelete" time="0,000" classname="cviceni.StringBuilderAndBufferTest"/>
  <testcase name="testBuilderAppendDelete" time="0,000" classname="cviceni.StringBuilderAndBufferTest"/>
  <testcase name="testBufferAppend" time="0,000" classname="cviceni.StringBuilderAndBufferTest"/>
  <testcase name="testBuilderAppendDelete" time="0,001" classname="cviceni.StringBuilderAndBufferTest"/>
  <testcase name="testBuilderAppend" time="0,035" classname="cviceni.StringBuilderAndBufferTest"/>
  <testcase name="testBufferAppend" time="0,001" classname="cviceni.StringBuilderAndBufferTest"/>
  <testcase name="testBuilderAppend" time="0,000" classname="cviceni.StringBuilderAndBufferTest"/>
  <testcase name="testBufferAppendDelete" time="0,001" classname="cviceni.StringBuilderAndBufferTest"/>
  <testcase name="testBufferAppendDelete" time="0,000" classname="cviceni.StringBuilderAndBufferTest"/>
  <testcase name="testBuilderAppendDelete" time="0,001" classname="cviceni.StringBuilderAndBufferTest"/>
  <testcase name="testBufferAppendDelete" time="0,000" classname="cviceni.StringBuilderAndBufferTest"/>
  <testcase name="testBuilderAppendDelete" time="0,000" classname="cviceni.StringBuilderAndBufferTest"/>
  <testcase name="testBufferAppend" time="0,000" classname="cviceni.StringBuilderAndBufferTest"/>
  <testcase name="testBufferAppendDelete" time="0,001" classname="cviceni.StringBuilderAndBufferTest"/>
  <testcase name="testBuilderAppendDelete" time="0,000" classname="cviceni.StringBuilderAndBufferTest"/>
  <testcase name="testBuilderAppendDelete" time="0,001" classname="cviceni.StringBuilderAndBufferTest"/>
  <testcase name="testBufferAppendDelete" time="0,000" classname="cviceni.StringBuilderAndBufferTest"/>
  <testcase name="testBufferAppend" time="0,001" classname="cviceni.StringBuilderAndBufferTest"/>
  <testcase name="testBuilderAppend" time="0,000" classname="cviceni.StringBuilderAndBufferTest"/>
  <testcase name="testBuilderAppendDelete" time="0,076" classname="cviceni.StringBuilderAndBufferTest"/>
  <testcase name="testBuilderAppendDelete" time="0,000" classname="cviceni.StringBuilderAndBufferTest"/>
  <testcase name="testBuilderAppend" time="0,001" classname="cviceni.StringBuilderAndBufferTest"/>
  <testcase name="testBuilderAppend" time="0,000" classname="cviceni.StringBuilderAndBufferTest"/>
  <testcase name="testBuilderAppend" time="0,000" classname="cviceni.StringBuilderAndBufferTest"/>
  <testcase name="testBuilderAppendDelete" time="0,000" classname="cviceni.StringBuilderAndBufferTest"/>
  <testcase name="testBufferAppend" time="0,015" classname="cviceni.StringBuilderAndBufferTest"/>
  <testcase name="testBufferAppend" time="0,000" classname="cviceni.StringBuilderAndBufferTest"/>
  <testcase name="testBuilderAppendDelete" time="0,000" classname="cviceni.StringBuilderAndBufferTest"/>
  <testcase name="testBuilderAppend" time="0,000" classname="cviceni.StringBuilderAndBufferTest"/>
  <testcase name="testBufferAppend" time="0,000" classname="cviceni.StringBuilderAndBufferTest"/>
  <testcase name="testBuilderAppendDelete" time="0,000" classname="cviceni.StringBuilderAndBufferTest"/>
  <testcase name="testBufferAppend" time="0,000" classname="cviceni.StringBuilderAndBufferTest"/>
  <testcase name="testBufferAppendDelete" time="0,000" classname="cviceni.StringBuilderAndBufferTest"/>
  <testcase name="testBufferAppendDelete" time="0,001" classname="cviceni.StringBuilderAndBufferTest"/>
  <testcase name="testBuilderAppendDelete" time="0,000" classname="cviceni.StringBuilderAndBufferTest"/>
  <testcase name="testBufferAppendDelete" time="0,000" classname="cviceni.StringBuilderAndBufferTest"/>
  <testcase name="testBufferAppendDelete" time="0,001" classname="cviceni.StringBuilderAndBufferTest"/>
  <testcase name="testBuilderAppend" time="0,000" classname="cviceni.StringBuilderAndBufferTest"/>
  <testcase name="testBuilderAppend" time="0,000" classname="cviceni.StringBuilderAndBufferTest"/>
  <testcase name="testBuilderAppend" time="0,000" classname="cviceni.StringBuilderAndBufferTest"/>
  <testcase name="testBufferAppendDelete" time="0,000" classname="cviceni.StringBuilderAndBufferTest"/>
  <testcase name="testBufferAppendDelete" time="0,000" classname="cviceni.StringBuilderAndBufferTest"/>
  <testcase name="testBuilderAppend" time="0,000" classname="cviceni.StringBuilderAndBufferTest"/>
  <testcase name="testBufferAppend" time="0,001" classname="cviceni.StringBuilderAndBufferTest"/>
  <testcase name="testBuilderAppend" time="0,001" classname="cviceni.StringBuilderAndBufferTest"/>
  <testcase name="testBufferAppend" time="0,001" classname="cviceni.StringBuilderAndBufferTest"/>
  <testcase name="testBufferAppendDelete" time="0,000" classname="cviceni.StringBuilderAndBufferTest"/>
  <testcase name="testBufferAppend" time="0,000" classname="cviceni.StringBuilderAndBufferTest"/>
  <testcase name="testBufferAppendDelete" time="0,001" classname="cviceni.StringBuilderAndBufferTest"/>
  <testcase name="testBuilderAppend" time="0,001" classname="cviceni.StringBuilderAndBufferTest"/>
  <testcase name="testBufferAppendDelete" time="0,000" classname="cviceni.StringBuilderAndBufferTest"/>
  <testcase name="testBufferAppendDelete" time="0,000" classname="cviceni.StringBuilderAndBufferTest"/>
  <testcase name="testBufferAppendDelete" time="0,000" classname="cviceni.StringBuilderAndBufferTest"/>
  <testcase name="testBufferAppendDelete" time="0,000" classname="cviceni.StringBuilderAndBufferTest"/>
  <testcase name="testBuilderAppend" time="0,001" classname="cviceni.StringBuilderAndBufferTest"/>
  <testcase name="testBufferAppendDelete" time="0,000" classname="cviceni.StringBuilderAndBufferTest"/>
  <testcase name="testBuilderAppend" time="0,000" classname="cviceni.StringBuilderAndBufferTest"/>
  <testcase name="testBufferAppend" time="0,000" classname="cviceni.StringBuilderAndBufferTest"/>
  <testcase name="testBuilderAppend" time="0,000" classname="cviceni.StringBuilderAndBufferTest"/>
  <testcase name="testBufferAppendDelete" time="0,000" classname="cviceni.StringBuilderAndBufferTest"/>
  <testcase name="testBufferAppendDelete" time="0,000" classname="cviceni.StringBuilderAndBufferTest"/>
  <testcase name="testBufferAppend" time="0,001" classname="cviceni.StringBuilderAndBufferTest"/>
  <testcase name="testBufferAppend" time="0,000" classname="cviceni.StringBuilderAndBufferTest"/>
  <testcase name="testBufferAppendDelete" time="0,000" classname="cviceni.StringBuilderAndBufferTest"/>
  <testcase name="testBuilderAppend" time="0,000" classname="cviceni.StringBuilderAndBufferTest"/>
  <testcase name="testBufferAppendDelete" time="0,001" classname="cviceni.StringBuilderAndBufferTest"/>
  <testcase name="testBufferAppend" time="0,000" classname="cviceni.StringBuilderAndBufferTest"/>
  <testcase name="testBufferAppend" time="0,000" classname="cviceni.StringBuilderAndBufferTest"/>
  <testcase name="testBufferAppendDelete" time="0,000" classname="cviceni.StringBuilderAndBufferTest"/>
  <testcase name="testBuilderAppend" time="0,001" classname="cviceni.StringBuilderAndBufferTest"/>
  <testcase name="testBufferAppendDelete" time="0,001" classname="cviceni.StringBuilderAndBufferTest"/>
  <testcase name="testBufferAppendDelete" time="0,000" classname="cviceni.StringBuilderAndBufferTest"/>
  <testcase name="testBuilderAppendDelete" time="0,000" classname="cviceni.StringBuilderAndBufferTest"/>
  <testcase name="testBufferAppend" time="0,000" classname="cviceni.StringBuilderAndBufferTest"/>
  <testcase name="testBuilderAppendDelete" time="0,000" classname="cviceni.StringBuilderAndBufferTest"/>
  <testcase name="testBufferAppend" time="0,000" classname="cviceni.StringBuilderAndBufferTest"/>
  <testcase name="testBuilderAppendDelete" time="0,000" classname="cviceni.StringBuilderAndBufferTest"/>
  <testcase name="testBufferAppend" time="0,000" classname="cviceni.StringBuilderAndBufferTest"/>
  <testcase name="testBuilderAppendDelete" time="0,001" classname="cviceni.StringBuilderAndBufferTest"/>
  <testcase name="testBuilderAppend" time="0,000" classname="cviceni.StringBuilderAndBufferTest"/>
  <testcase name="testBuilderAppend" time="0,000" classname="cviceni.StringBuilderAndBufferTest"/>
  <testcase name="testBufferAppend" time="0,000" classname="cviceni.StringBuilderAndBufferTest"/>
  <testcase name="testBuilderAppend" time="0,000" classname="cviceni.StringBuilderAndBufferTest"/>
  <testcase name="testBufferAppendDelete" time="0,000" classname="cviceni.StringBuilderAndBufferTest"/>
  <testcase name="testBufferAppendDelete" time="0,000" classname="cviceni.StringBuilderAndBufferTest"/>
  <testcase name="testBufferAppend" time="0,000" classname="cviceni.StringBuilderAndBufferTest"/>
  <testcase name="testBufferAppend" time="0,000" classname="cviceni.StringBuilderAndBufferTest"/>
  <testcase name="testBufferAppend" time="0,000" classname="cviceni.StringBuilderAndBufferTest"/>
  <testcase name="testBufferAppendDelete" time="0,000" classname="cviceni.StringBuilderAndBufferTest"/>
  <testcase name="testBufferAppend" time="0,001" classname="cviceni.StringBuilderAndBufferTest"/>
  <testcase name="testBuilderAppend" time="0,000" classname="cviceni.StringBuilderAndBufferTest"/>
  <testcase name="testBufferAppendDelete" time="0,000" classname="cviceni.StringBuilderAndBufferTest"/>
  <testcase name="testBuilderAppendDelete" time="0,000" classname="cviceni.StringBuilderAndBufferTest"/>
  <testcase name="testBuilderAppendDelete" time="0,000" classname="cviceni.StringBuilderAndBufferTest"/>
  <testcase name="testBufferAppendDelete" time="0,001" classname="cviceni.StringBuilderAndBufferTest"/>
  <testcase name="testBufferAppendDelete" time="0,001" classname="cviceni.StringBuilderAndBufferTest"/>
  <testcase name="testBufferAppendDelete" time="0,000" classname="cviceni.StringBuilderAndBufferTest"/>
  <testcase name="testBufferAppend" time="0,000" classname="cviceni.StringBuilderAndBufferTest"/>
  <testcase name="testBufferAppend" time="0,001" classname="cviceni.StringBuilderAndBufferTest"/>
  <testcase name="testBufferAppendDelete" time="0,000" classname="cviceni.StringBuilderAndBufferTest"/>
  <testcase name="testBuilderAppend" time="0,000" classname="cviceni.StringBuilderAndBufferTest"/>
  <testcase name="testBuilderAppendDelete" time="0,000" classname="cviceni.StringBuilderAndBufferTest"/>
  <testcase name="testBuilderAppend" time="0,000" classname="cviceni.StringBuilderAndBufferTest"/>
  <testcase name="testBufferAppend" time="0,000" classname="cviceni.StringBuilderAndBufferTest"/>
  <testcase name="testBuilderAppend" time="0,000" classname="cviceni.StringBuilderAndBufferTest"/>
  <testcase name="testBufferAppend" time="0,000" classname="cviceni.StringBuilderAndBufferTest"/>
  <testcase name="testBufferAppend" time="0,000" classname="cviceni.StringBuilderAndBufferTest"/>
  <testcase name="testBufferAppendDelete" time="0,000" classname="cviceni.StringBuilderAndBufferTest"/>
  <testcase name="testBufferAppend" time="0,000" classname="cviceni.StringBuilderAndBufferTest"/>
  <testcase name="testBufferAppendDelete" time="0,001" classname="cviceni.StringBuilderAndBufferTest"/>
  <testcase name="testBuilderAppend" time="0,001" classname="cviceni.StringBuilderAndBufferTest"/>
  <testcase name="testBufferAppend" time="0,000" classname="cviceni.StringBuilderAndBufferTest"/>
  <testcase name="testBuilderAppendDelete" time="0,000" classname="cviceni.StringBuilderAndBufferTest"/>
  <testcase name="testBufferAppend" time="0,000" classname="cviceni.StringBuilderAndBufferTest"/>
  <testcase name="testBuilderAppend" time="0,000" classname="cviceni.StringBuilderAndBufferTest"/>
  <testcase name="testBuilderAppendDelete" time="0,017" classname="cviceni.StringBuilderAndBufferTest"/>
  <testcase name="testBufferAppendDelete" time="0,000" classname="cviceni.StringBuilderAndBufferTest"/>
  <testcase name="testBufferAppend" time="0,001" classname="cviceni.StringBuilderAndBufferTest"/>
  <testcase name="testBufferAppendDelete" time="0,000" classname="cviceni.StringBuilderAndBufferTest"/>
  <testcase name="testBufferAppendDelete" time="0,000" classname="cviceni.StringBuilderAndBufferTest"/>
  <testcase name="testBufferAppendDelete" time="0,000" classname="cviceni.StringBuilderAndBufferTest"/>
  <testcase name="testBuilderAppendDelete" time="0,001" classname="cviceni.StringBuilderAndBufferTest"/>
  <testcase name="testBufferAppend" time="0,000" classname="cviceni.StringBuilderAndBufferTest"/>
  <testcase name="testBuilderAppendDelete" time="0,000" classname="cviceni.StringBuilderAndBufferTest"/>
  <testcase name="testBuilderAppendDelete" time="0,000" classname="cviceni.StringBuilderAndBufferTest"/>
  <testcase name="testBuilderAppendDelete" time="0,000" classname="cviceni.StringBuilderAndBufferTest"/>
  <testcase name="testBuilderAppendDelete" time="0,001" classname="cviceni.StringBuilderAndBufferTest"/>
  <testcase name="testBufferAppendDelete" time="0,000" classname="cviceni.StringBuilderAndBufferTest"/>
  <testcase name="testBuilderAppend" time="0,000" classname="cviceni.StringBuilderAndBufferTest"/>
  <testcase name="testBufferAppend" time="0,001" classname="cviceni.StringBuilderAndBufferTest"/>
  <testcase name="testBuilderAppend" time="0,000" classname="cviceni.StringBuilderAndBufferTest"/>
  <testcase name="testBuilderAppendDelete" time="0,000" classname="cviceni.StringBuilderAndBufferTest"/>
  <testcase name="testBufferAppend" time="0,000" classname="cviceni.StringBuilderAndBufferTest"/>
  <testcase name="testBufferAppendDelete" time="0,000" classname="cviceni.StringBuilderAndBufferTest"/>
  <testcase name="testBuilderAppendDelete" time="0,001" classname="cviceni.StringBuilderAndBufferTest"/>
  <testcase name="testBufferAppendDelete" time="0,000" classname="cviceni.StringBuilderAndBufferTest"/>
  <testcase name="testBufferAppend" time="0,000" classname="cviceni.StringBuilderAndBufferTest"/>
  <testcase name="testBuilderAppend" time="0,001" classname="cviceni.StringBuilderAndBufferTest"/>
  <testcase name="testBuilderAppendDelete" time="0,000" classname="cviceni.StringBuilderAndBufferTest"/>
  <testcase name="testBuilderAppendDelete" time="0,001" classname="cviceni.StringBuilderAndBufferTest"/>
  <testcase name="testBuilderAppendDelete" time="0,000" classname="cviceni.StringBuilderAndBufferTest"/>
  <testcase name="testBufferAppendDelete" time="0,000" classname="cviceni.StringBuilderAndBufferTest"/>
  <testcase name="testBuilderAppendDelete" time="0,000" classname="cviceni.StringBuilderAndBufferTest"/>
  <testcase name="testBuilderAppendDelete" time="0,000" classname="cviceni.StringBuilderAndBufferTest"/>
  <testcase name="testBufferAppendDelete" time="0,000" classname="cviceni.StringBuilderAndBufferTest"/>
  <testcase name="testBufferAppendDelete" time="0,000" classname="cviceni.StringBuilderAndBufferTest"/>
  <testcase name="testBufferAppend" time="0,000" classname="cviceni.StringBuilderAndBufferTest"/>
  <testcase name="testBufferAppend" time="0,000" classname="cviceni.StringBuilderAndBufferTest"/>
  <testcase name="testBuilderAppendDelete" time="0,000" classname="cviceni.StringBuilderAndBufferTest"/>
  <testcase name="testBufferAppend" time="0,000" classname="cviceni.StringBuilderAndBufferTest"/>
  <testcase name="testBuilderAppendDelete" time="0,000" classname="cviceni.StringBuilderAndBufferTest"/>
  <testcase name="testBufferAppend" time="0,000" classname="cviceni.StringBuilderAndBufferTest"/>
  <testcase name="testBufferAppendDelete" time="0,000" classname="cviceni.StringBuilderAndBufferTest"/>
  <testcase name="testBufferAppendDelete" time="0,001" classname="cviceni.StringBuilderAndBufferTest"/>
  <testcase name="testBufferAppend" time="0,000" classname="cviceni.StringBuilderAndBufferTest"/>
  <testcase name="testBufferAppendDelete" time="0,000" classname="cviceni.StringBuilderAndBufferTest"/>
  <testcase name="testBufferAppendDelete" time="0,000" classname="cviceni.StringBuilderAndBufferTest"/>
  <testcase name="testBufferAppendDelete" time="0,000" classname="cviceni.StringBuilderAndBufferTest"/>
  <testcase name="testBuilderAppend" time="0,000" classname="cviceni.StringBuilderAndBufferTest"/>
  <testcase name="testBufferAppendDelete" time="0,001" classname="cviceni.StringBuilderAndBufferTest"/>
  <testcase name="testBufferAppend" time="0,000" classname="cviceni.StringBuilderAndBufferTest"/>
  <testcase name="testBuilderAppend" time="0,000" classname="cviceni.StringBuilderAndBufferTest"/>
  <testcase name="testBufferAppend" time="0,001" classname="cviceni.StringBuilderAndBufferTest"/>
  <testcase name="testBufferAppendDelete" time="0,001" classname="cviceni.StringBuilderAndBufferTest"/>
  <testcase name="testBufferAppend" time="0,001" classname="cviceni.StringBuilderAndBufferTest"/>
  <testcase name="testBufferAppend" time="0,000" classname="cviceni.StringBuilderAndBufferTest"/>
  <testcase name="testBufferAppendDelete" time="0,001" classname="cviceni.StringBuilderAndBufferTest"/>
  <testcase name="testBufferAppend" time="0,000" classname="cviceni.StringBuilderAndBufferTest"/>
  <testcase name="testBuilderAppend" time="0,000" classname="cviceni.StringBuilderAndBufferTest"/>
  <testcase name="testBufferAppend" time="0,000" classname="cviceni.StringBuilderAndBufferTest"/>
  <testcase name="testBufferAppend" time="0,000" classname="cviceni.StringBuilderAndBufferTest"/>
  <testcase name="testBuilderAppend" time="0,000" classname="cviceni.StringBuilderAndBufferTest"/>
  <testcase name="testBufferAppendDelete" time="0,000" classname="cviceni.StringBuilderAndBufferTest"/>
  <testcase name="testBuilderAppend" time="0,000" classname="cviceni.StringBuilderAndBufferTest"/>
  <testcase name="testBuilderAppendDelete" time="0,000" classname="cviceni.StringBuilderAndBufferTest"/>
  <testcase name="testBuilderAppend" time="0,001" classname="cviceni.StringBuilderAndBufferTest"/>
  <testcase name="testBufferAppendDelete" time="0,000" classname="cviceni.StringBuilderAndBufferTest"/>
  <testcase name="testBufferAppend" time="0,001" classname="cviceni.StringBuilderAndBufferTest"/>
  <testcase name="testBuilderAppend" time="0,000" classname="cviceni.StringBuilderAndBufferTest"/>
  <testcase name="testBufferAppendDelete" time="0,000" classname="cviceni.StringBuilderAndBufferTest"/>
  <testcase name="testBuilderAppendDelete" time="0,000" classname="cviceni.StringBuilderAndBufferTest"/>
  <testcase name="testBufferAppend" time="0,000" classname="cviceni.StringBuilderAndBufferTest"/>
  <testcase name="testBufferAppend" time="0,027" classname="cviceni.StringBuilderAndBufferTest"/>
  <testcase name="testBufferAppend" time="0,000" classname="cviceni.StringBuilderAndBufferTest"/>
  <testcase name="testBuilderAppendDelete" time="0,000" classname="cviceni.StringBuilderAndBufferTest"/>
  <testcase name="testBuilderAppend" time="0,003" classname="cviceni.StringBuilderAndBufferTest"/>
  <testcase name="testBuilderAppend" time="0,000" classname="cviceni.StringBuilderAndBufferTest"/>
  <testcase name="testBufferAppend" time="0,000" classname="cviceni.StringBuilderAndBufferTest"/>
  <testcase name="testBufferAppendDelete" time="0,001" classname="cviceni.StringBuilderAndBufferTest"/>
  <testcase name="testBufferAppend" time="0,001" classname="cviceni.StringBuilderAndBufferTest"/>
  <testcase name="testBufferAppendDelete" time="0,000" classname="cviceni.StringBuilderAndBufferTest"/>
  <testcase name="testBufferAppend" time="0,000" classname="cviceni.StringBuilderAndBufferTest"/>
  <testcase name="testBuilderAppend" time="0,001" classname="cviceni.StringBuilderAndBufferTest"/>
  <testcase name="testBuilderAppendDelete" time="0,000" classname="cviceni.StringBuilderAndBufferTest"/>
  <testcase name="testBufferAppendDelete" time="0,000" classname="cviceni.StringBuilderAndBufferTest"/>
  <testcase name="testBuilderAppendDelete" time="0,001" classname="cviceni.StringBuilderAndBufferTest"/>
  <testcase name="testBufferAppend" time="0,000" classname="cviceni.StringBuilderAndBufferTest"/>
  <testcase name="testBuilderAppend" time="0,000" classname="cviceni.StringBuilderAndBufferTest"/>
  <testcase name="testBuilderAppend" time="0,000" classname="cviceni.StringBuilderAndBufferTest"/>
  <testcase name="testBufferAppendDelete" time="0,002" classname="cviceni.StringBuilderAndBufferTest"/>
  <testcase name="testBufferAppendDelete" time="0,001" classname="cviceni.StringBuilderAndBufferTest"/>
  <testcase name="testBufferAppend" time="0,000" classname="cviceni.StringBuilderAndBufferTest"/>
  <testcase name="testBufferAppend" time="0,001" classname="cviceni.StringBuilderAndBufferTest"/>
  <testcase name="testBuilderAppend" time="0,000" classname="cviceni.StringBuilderAndBufferTest"/>
  <testcase name="testBuilderAppend" time="0,000" classname="cviceni.StringBuilderAndBufferTest"/>
  <testcase name="testBufferAppendDelete" time="0,000" classname="cviceni.StringBuilderAndBufferTest"/>
  <testcase name="testBuilderAppend" time="0,000" classname="cviceni.StringBuilderAndBufferTest"/>
  <testcase name="testBufferAppend" time="0,000" classname="cviceni.StringBuilderAndBufferTest"/>
  <testcase name="testBuilderAppend" time="0,001" classname="cviceni.StringBuilderAndBufferTest"/>
  <testcase name="testBufferAppend" time="0,000" classname="cviceni.StringBuilderAndBufferTest"/>
  <testcase name="testBuilderAppend" time="0,000" classname="cviceni.StringBuilderAndBufferTest"/>
  <testcase name="testBuilderAppend" time="0,000" classname="cviceni.StringBuilderAndBufferTest"/>
  <testcase name="testBufferAppendDelete" time="0,000" classname="cviceni.StringBuilderAndBufferTest"/>
  <testcase name="testBuilderAppendDelete" time="0,001" classname="cviceni.StringBuilderAndBufferTest"/>
  <testcase name="testBufferAppendDelete" time="0,000" classname="cviceni.StringBuilderAndBufferTest"/>
  <testcase name="testBuilderAppend" time="0,000" classname="cviceni.StringBuilderAndBufferTest"/>
  <testcase name="testBufferAppend" time="0,000" classname="cviceni.StringBuilderAndBufferTest"/>
  <testcase name="testBuilderAppendDelete" time="0,000" classname="cviceni.StringBuilderAndBufferTest"/>
  <testcase name="testBuilderAppendDelete" time="0,000" classname="cviceni.StringBuilderAndBufferTest"/>
  <testcase name="testBufferAppendDelete" time="0,000" classname="cviceni.StringBuilderAndBufferTest"/>
  <testcase name="testBufferAppend" time="0,000" classname="cviceni.StringBuilderAndBufferTest"/>
  <testcase name="testBufferAppendDelete" time="0,000" classname="cviceni.StringBuilderAndBufferTest"/>
  <testcase name="testBufferAppend" time="0,000" classname="cviceni.StringBuilderAndBufferTest"/>
  <testcase name="testBuilderAppendDelete" time="0,000" classname="cviceni.StringBuilderAndBufferTest"/>
  <testcase name="testBufferAppendDelete" time="0,000" classname="cviceni.StringBuilderAndBufferTest"/>
  <testcase name="testBuilderAppend" time="0,000" classname="cviceni.StringBuilderAndBufferTest"/>
  <testcase name="testBuilderAppend" time="0,001" classname="cviceni.StringBuilderAndBufferTest"/>
  <testcase name="testBuilderAppend" time="0,000" classname="cviceni.StringBuilderAndBufferTest"/>
  <testcase name="testBufferAppendDelete" time="0,000" classname="cviceni.StringBuilderAndBufferTest"/>
  <testcase name="testBufferAppendDelete" time="0,000" classname="cviceni.StringBuilderAndBufferTest"/>
  <testcase name="testBufferAppend" time="0,000" classname="cviceni.StringBuilderAndBufferTest"/>
  <testcase name="testBufferAppend" time="0,001" classname="cviceni.StringBuilderAndBufferTest"/>
  <testcase name="testBuilderAppend" time="0,000" classname="cviceni.StringBuilderAndBufferTest"/>
  <testcase name="testBufferAppend" time="0,001" classname="cviceni.StringBuilderAndBufferTest"/>
  <testcase name="testBuilderAppend" time="0,000" classname="cviceni.StringBuilderAndBufferTest"/>
  <testcase name="testBuilderAppendDelete" time="0,000" classname="cviceni.StringBuilderAndBufferTest"/>
  <testcase name="testBuilderAppend" time="0,001" classname="cviceni.StringBuilderAndBufferTest"/>
  <testcase name="testBuilderAppend" time="0,000" classname="cviceni.StringBuilderAndBufferTest"/>
  <testcase name="testBufferAppend" time="0,000" classname="cviceni.StringBuilderAndBufferTest"/>
  <testcase name="testBufferAppend" time="0,001" classname="cviceni.StringBuilderAndBufferTest"/>
  <testcase name="testBufferAppend" time="0,000" classname="cviceni.StringBuilderAndBufferTest"/>
  <testcase name="testBufferAppendDelete" time="0,001" classname="cviceni.StringBuilderAndBufferTest"/>
  <testcase name="testBufferAppend" time="0,001" classname="cviceni.StringBuilderAndBufferTest"/>
  <testcase name="testBufferAppend" time="0,000" classname="cviceni.StringBuilderAndBufferTest"/>
  <testcase name="testBufferAppendDelete" time="0,000" classname="cviceni.StringBuilderAndBufferTest"/>
  <testcase name="testBufferAppendDelete" time="0,000" classname="cviceni.StringBuilderAndBufferTest"/>
  <testcase name="testBuilderAppend" time="0,000" classname="cviceni.StringBuilderAndBufferTest"/>
  <testcase name="testBuilderAppendDelete" time="0,000" classname="cviceni.StringBuilderAndBufferTest"/>
  <testcase name="testBuilderAppendDelete" time="0,001" classname="cviceni.StringBuilderAndBufferTest"/>
  <testcase name="testBufferAppendDelete" time="0,000" classname="cviceni.StringBuilderAndBufferTest"/>
  <testcase name="testBufferAppend" time="0,001" classname="cviceni.StringBuilderAndBufferTest"/>
  <testcase name="testBuilderAppendDelete" time="0,000" classname="cviceni.StringBuilderAndBufferTest"/>
  <testcase name="testBuilderAppend" time="0,001" classname="cviceni.StringBuilderAndBufferTest"/>
  <testcase name="testBuilderAppendDelete" time="0,068" classname="cviceni.StringBuilderAndBufferTest"/>
  <testcase name="testBuilderAppend" time="0,001" classname="cviceni.StringBuilderAndBufferTest"/>
  <testcase name="testBufferAppend" time="0,001" classname="cviceni.StringBuilderAndBufferTest"/>
  <testcase name="testBuilderAppendDelete" time="0,000" classname="cviceni.StringBuilderAndBufferTest"/>
  <testcase name="testBuilderAppend" time="0,001" classname="cviceni.StringBuilderAndBufferTest"/>
  <testcase name="testBuilderAppend" time="0,001" classname="cviceni.StringBuilderAndBufferTest"/>
  <testcase name="testBufferAppendDelete" time="0,000" classname="cviceni.StringBuilderAndBufferTest"/>
  <testcase name="testBuilderAppendDelete" time="0,000" classname="cviceni.StringBuilderAndBufferTest"/>
  <testcase name="testBufferAppend" time="0,000" classname="cviceni.StringBuilderAndBufferTest"/>
  <testcase name="testBuilderAppendDelete" time="0,000" classname="cviceni.StringBuilderAndBufferTest"/>
  <testcase name="testBufferAppend" time="0,008" classname="cviceni.StringBuilderAndBufferTest"/>
  <testcase name="testBuilderAppendDelete" time="0,001" classname="cviceni.StringBuilderAndBufferTest"/>
  <testcase name="testBuilderAppendDelete" time="0,000" classname="cviceni.StringBuilderAndBufferTest"/>
  <testcase name="testBuilderAppendDelete" time="0,000" classname="cviceni.StringBuilderAndBufferTest"/>
  <testcase name="testBuilderAppend" time="0,000" classname="cviceni.StringBuilderAndBufferTest"/>
  <testcase name="testBuilderAppendDelete" time="0,000" classname="cviceni.StringBuilderAndBufferTest"/>
  <testcase name="testBuilderAppend" time="0,000" classname="cviceni.StringBuilderAndBufferTest"/>
  <testcase name="testBufferAppendDelete" time="0,001" classname="cviceni.StringBuilderAndBufferTest"/>
  <testcase name="testBufferAppend" time="0,000" classname="cviceni.StringBuilderAndBufferTest"/>
  <testcase name="testBufferAppend" time="0,000" classname="cviceni.StringBuilderAndBufferTest"/>
  <testcase name="testBufferAppend" time="0,000" classname="cviceni.StringBuilderAndBufferTest"/>
  <testcase name="testBuilderAppendDelete" time="0,000" classname="cviceni.StringBuilderAndBufferTest"/>
  <testcase name="testBuilderAppend" time="0,000" classname="cviceni.StringBuilderAndBufferTest"/>
  <testcase name="testBufferAppendDelete" time="0,000" classname="cviceni.StringBuilderAndBufferTest"/>
  <testcase name="testBufferAppendDelete" time="0,001" classname="cviceni.StringBuilderAndBufferTest"/>
  <testcase name="testBufferAppendDelete" time="0,001" classname="cviceni.StringBuilderAndBufferTest"/>
  <testcase name="testBufferAppend" time="0,001" classname="cviceni.StringBuilderAndBufferTest"/>
  <testcase name="testBufferAppendDelete" time="0,001" classname="cviceni.StringBuilderAndBufferTest"/>
  <testcase name="testBuilderAppend" time="0,000" classname="cviceni.StringBuilderAndBufferTest"/>
  <testcase name="testBufferAppend" time="0,000" classname="cviceni.StringBuilderAndBufferTest"/>
  <testcase name="testBufferAppend" time="0,000" classname="cviceni.StringBuilderAndBufferTest"/>
  <testcase name="testBufferAppendDelete" time="0,001" classname="cviceni.StringBuilderAndBufferTest"/>
  <testcase name="testBufferAppendDelete" time="0,000" classname="cviceni.StringBuilderAndBufferTest"/>
  <testcase name="testBuilderAppend" time="0,001" classname="cviceni.StringBuilderAndBufferTest"/>
  <testcase name="testBufferAppend" time="0,001" classname="cviceni.StringBuilderAndBufferTest"/>
  <testcase name="testBufferAppend" time="0,000" classname="cviceni.StringBuilderAndBufferTest"/>
  <testcase name="testBuilderAppendDelete" time="0,000" classname="cviceni.StringBuilderAndBufferTest"/>
  <testcase name="testBuilderAppendDelete" time="0,000" classname="cviceni.StringBuilderAndBufferTest"/>
  <testcase name="testBuilderAppend" time="0,000" classname="cviceni.StringBuilderAndBufferTest"/>
  <testcase name="testBufferAppend" time="0,000" classname="cviceni.StringBuilderAndBufferTest"/>
  <testcase name="testBuilderAppend" time="0,000" classname="cviceni.StringBuilderAndBufferTest"/>
  <testcase name="testBuilderAppend" time="0,000" classname="cviceni.StringBuilderAndBufferTest"/>
  <testcase name="testBuilderAppend" time="0,000" classname="cviceni.StringBuilderAndBufferTest"/>
  <testcase name="testBuilderAppendDelete" time="0,000" classname="cviceni.StringBuilderAndBufferTest"/>
  <testcase name="testBufferAppend" time="0,000" classname="cviceni.StringBuilderAndBufferTest"/>
  <testcase name="testBufferAppend" time="0,001" classname="cviceni.StringBuilderAndBufferTest"/>
  <testcase name="testBuilderAppendDelete" time="0,000" classname="cviceni.StringBuilderAndBufferTest"/>
  <testcase name="testBufferAppendDelete" time="0,000" classname="cviceni.StringBuilderAndBufferTest"/>
  <testcase name="testBuilderAppendDelete" time="0,000" classname="cviceni.StringBuilderAndBufferTest"/>
  <testcase name="testBuilderAppend" time="0,000" classname="cviceni.StringBuilderAndBufferTest"/>
  <testcase name="testBufferAppend" time="0,000" classname="cviceni.StringBuilderAndBufferTest"/>
  <testcase name="testBufferAppend" time="0,158" classname="cviceni.StringBuilderAndBufferTest"/>
  <testcase name="testBufferAppend" time="0,000" classname="cviceni.StringBuilderAndBufferTest"/>
  <testcase name="testBufferAppendDelete" time="0,000" classname="cviceni.StringBuilderAndBufferTest"/>
  <testcase name="testBuilderAppendDelete" time="0,000" classname="cviceni.StringBuilderAndBufferTest"/>
  <testcase name="testBuilderAppendDelete" time="0,001" classname="cviceni.StringBuilderAndBufferTest"/>
  <testcase name="testBuilderAppend" time="0,000" classname="cviceni.StringBuilderAndBufferTest"/>
  <testcase name="testBuilderAppendDelete" time="0,000" classname="cviceni.StringBuilderAndBufferTest"/>
  <testcase name="testBufferAppendDelete" time="0,000" classname="cviceni.StringBuilderAndBufferTest"/>
  <testcase name="testBuilderAppend" time="0,000" classname="cviceni.StringBuilderAndBufferTest"/>
  <testcase name="testBuilderAppendDelete" time="0,000" classname="cviceni.StringBuilderAndBufferTest"/>
  <testcase name="testBufferAppend" time="0,001" classname="cviceni.StringBuilderAndBufferTest"/>
  <testcase name="testBufferAppend" time="0,000" classname="cviceni.StringBuilderAndBufferTest"/>
  <testcase name="testBuilderAppend" time="0,000" classname="cviceni.StringBuilderAndBufferTest"/>
  <testcase name="testBuilderAppendDelete" time="0,000" classname="cviceni.StringBuilderAndBufferTest"/>
  <testcase name="testBufferAppendDelete" time="0,001" classname="cviceni.StringBuilderAndBufferTest"/>
  <testcase name="testBuilderAppend" time="0,000" classname="cviceni.StringBuilderAndBufferTest"/>
  <testcase name="testBufferAppend" time="0,000" classname="cviceni.StringBuilderAndBufferTest"/>
  <testcase name="testBufferAppendDelete" time="0,000" classname="cviceni.StringBuilderAndBufferTest"/>
  <testcase name="testBufferAppend" time="0,000" classname="cviceni.StringBuilderAndBufferTest"/>
  <testcase name="testBuilderAppend" time="0,000" classname="cviceni.StringBuilderAndBufferTest"/>
  <testcase name="testBuilderAppend" time="0,000" classname="cviceni.StringBuilderAndBufferTest"/>
  <testcase name="testBufferAppend" time="0,000" classname="cviceni.StringBuilderAndBufferTest"/>
  <testcase name="testBufferAppend" time="0,000" classname="cviceni.StringBuilderAndBufferTest"/>
  <testcase name="testBufferAppend" time="0,001" classname="cviceni.StringBuilderAndBufferTest"/>
  <testcase name="testBuilderAppendDelete" time="0,000" classname="cviceni.StringBuilderAndBufferTest"/>
  <testcase name="testBufferAppendDelete" time="0,000" classname="cviceni.StringBuilderAndBufferTest"/>
  <testcase name="testBuilderAppendDelete" time="0,000" classname="cviceni.StringBuilderAndBufferTest"/>
  <testcase name="testBuilderAppendDelete" time="0,000" classname="cviceni.StringBuilderAndBufferTest"/>
  <testcase name="testBufferAppendDelete" time="0,000" classname="cviceni.StringBuilderAndBufferTest"/>
  <testcase name="testBuilderAppendDelete" time="0,000" classname="cviceni.StringBuilderAndBufferTest"/>
  <testcase name="testBuilderAppendDelete" time="0,000" classname="cviceni.StringBuilderAndBufferTest"/>
  <testcase name="testBuilderAppend" time="0,000" classname="cviceni.StringBuilderAndBufferTest"/>
  <testcase name="testBufferAppend" time="0,001" classname="cviceni.StringBuilderAndBufferTest"/>
  <testcase name="testBuilderAppend" time="0,000" classname="cviceni.StringBuilderAndBufferTest"/>
  <testcase name="testBuilderAppend" time="0,000" classname="cviceni.StringBuilderAndBufferTest"/>
  <testcase name="testBuilderAppendDelete" time="0,000" classname="cviceni.StringBuilderAndBufferTest"/>
  <testcase name="testBufferAppend" time="0,000" classname="cviceni.StringBuilderAndBufferTest"/>
  <testcase name="testBufferAppend" time="0,001" classname="cviceni.StringBuilderAndBufferTest"/>
  <testcase name="testBufferAppendDelete" time="0,000" classname="cviceni.StringBuilderAndBufferTest"/>
  <testcase name="testBuilderAppendDelete" time="0,000" classname="cviceni.StringBuilderAndBufferTest"/>
  <testcase name="testBufferAppend" time="0,000" classname="cviceni.StringBuilderAndBufferTest"/>
  <testcase name="testBuilderAppend" time="0,001" classname="cviceni.StringBuilderAndBufferTest"/>
  <testcase name="testBufferAppend" time="0,000" classname="cviceni.StringBuilderAndBufferTest"/>
  <testcase name="testBuilderAppendDelete" time="0,000" classname="cviceni.StringBuilderAndBufferTest"/>
  <testcase name="testBufferAppend" time="0,000" classname="cviceni.StringBuilderAndBufferTest"/>
  <testcase name="testBuilderAppend" time="0,000" classname="cviceni.StringBuilderAndBufferTest"/>
  <testcase name="testBuilderAppendDelete" time="0,000" classname="cviceni.StringBuilderAndBufferTest"/>
  <testcase name="testBufferAppend" time="0,147" classname="cviceni.StringBuilderAndBufferTest"/>
  <testcase name="testBuilderAppendDelete" time="0,001" classname="cviceni.StringBuilderAndBufferTest"/>
  <testcase name="testBufferAppend" time="0,000" classname="cviceni.StringBuilderAndBufferTest"/>
  <testcase name="testBuilderAppendDelete" time="0,000" classname="cviceni.StringBuilderAndBufferTest"/>
  <testcase name="testBuilderAppend" time="0,000" classname="cviceni.StringBuilderAndBufferTest"/>
  <testcase name="testBufferAppendDelete" time="0,000" classname="cviceni.StringBuilderAndBufferTest"/>
  <testcase name="testBufferAppend" time="0,001" classname="cviceni.StringBuilderAndBufferTest"/>
  <testcase name="testBufferAppendDelete" time="0,000" classname="cviceni.StringBuilderAndBufferTest"/>
  <testcase name="testBufferAppend" time="0,001" classname="cviceni.StringBuilderAndBufferTest"/>
  <testcase name="testBufferAppend" time="0,000" classname="cviceni.StringBuilderAndBufferTest"/>
  <testcase name="testBufferAppendDelete" time="0,000" classname="cviceni.StringBuilderAndBufferTest"/>
  <testcase name="testBufferAppendDelete" time="0,000" classname="cviceni.StringBuilderAndBufferTest"/>
  <testcase name="testBuilderAppend" time="0,000" classname="cviceni.StringBuilderAndBufferTest"/>
  <testcase name="testBufferAppend" time="0,000" classname="cviceni.StringBuilderAndBufferTest"/>
  <testcase name="testBuilderAppend" time="0,000" classname="cviceni.StringBuilderAndBufferTest"/>
  <testcase name="testBufferAppend" time="0,000" classname="cviceni.StringBuilderAndBufferTest"/>
  <testcase name="testBufferAppendDelete" time="0,000" classname="cviceni.StringBuilderAndBufferTest"/>
  <testcase name="testBufferAppendDelete" time="0,000" classname="cviceni.StringBuilderAndBufferTest"/>
  <testcase name="testBuilderAppendDelete" time="0,000" classname="cviceni.StringBuilderAndBufferTest"/>
  <testcase name="testBuilderAppend" time="0,000" classname="cviceni.StringBuilderAndBufferTest"/>
  <testcase name="testBufferAppendDelete" time="0,000" classname="cviceni.StringBuilderAndBufferTest"/>
  <testcase name="testBufferAppend" time="0,000" classname="cviceni.StringBuilderAndBufferTest"/>
  <testcase name="testBuilderAppend" time="0,188" classname="cviceni.StringBuilderAndBufferTest"/>
  <testcase name="testBuilderAppendDelete" time="0,000" classname="cviceni.StringBuilderAndBufferTest"/>
  <testcase name="testBuilderAppendDelete" time="0,000" classname="cviceni.StringBuilderAndBufferTest"/>
  <testcase name="testBufferAppendDelete" time="0,000" classname="cviceni.StringBuilderAndBufferTest"/>
  <testcase name="testBuilderAppend" time="0,000" classname="cviceni.StringBuilderAndBufferTest"/>
  <testcase name="testBuilderAppend" time="0,000" classname="cviceni.StringBuilderAndBufferTest"/>
  <testcase name="testBuilderAppend" time="0,000" classname="cviceni.StringBuilderAndBufferTest"/>
  <testcase name="testBuilderAppendDelete" time="0,000" classname="cviceni.StringBuilderAndBufferTest"/>
  <testcase name="testBuilderAppend" time="0,000" classname="cviceni.StringBuilderAndBufferTest"/>
  <testcase name="testBufferAppend" time="0,000" classname="cviceni.StringBuilderAndBufferTest"/>
  <testcase name="testBufferAppendDelete" time="0,000" classname="cviceni.StringBuilderAndBufferTest"/>
  <testcase name="testBufferAppend" time="0,000" classname="cviceni.StringBuilderAndBufferTest"/>
  <testcase name="testBufferAppendDelete" time="0,001" classname="cviceni.StringBuilderAndBufferTest"/>
  <testcase name="testBufferAppend" time="0,001" classname="cviceni.StringBuilderAndBufferTest"/>
  <testcase name="testBufferAppend" time="0,001" classname="cviceni.StringBuilderAndBufferTest"/>
  <testcase name="testBuilderAppend" time="0,000" classname="cviceni.StringBuilderAndBufferTest"/>
  <testcase name="testBufferAppend" time="0,000" classname="cviceni.StringBuilderAndBufferTest"/>
  <testcase name="testBufferAppend" time="0,000" classname="cviceni.StringBuilderAndBufferTest"/>
  <testcase name="testBuilderAppendDelete" time="0,000" classname="cviceni.StringBuilderAndBufferTest"/>
  <testcase name="testBuilderAppendDelete" time="0,001" classname="cviceni.StringBuilderAndBufferTest"/>
  <testcase name="testBuilderAppend" time="0,001" classname="cviceni.StringBuilderAndBufferTest"/>
  <testcase name="testBufferAppend" time="0,000" classname="cviceni.StringBuilderAndBufferTest"/>
  <testcase name="testBufferAppendDelete" time="0,000" classname="cviceni.StringBuilderAndBufferTest"/>
  <testcase name="testBufferAppend" time="0,001" classname="cviceni.StringBuilderAndBufferTest"/>
  <testcase name="testBufferAppendDelete" time="0,001" classname="cviceni.StringBuilderAndBufferTest"/>
  <testcase name="testBufferAppend" time="0,001" classname="cviceni.StringBuilderAndBufferTest"/>
  <testcase name="testBufferAppendDelete" time="0,000" classname="cviceni.StringBuilderAndBufferTest"/>
  <testcase name="testBufferAppendDelete" time="0,000" classname="cviceni.StringBuilderAndBufferTest"/>
  <testcase name="testBufferAppend" time="0,001" classname="cviceni.StringBuilderAndBufferTest"/>
  <testcase name="testBuilderAppendDelete" time="0,001" classname="cviceni.StringBuilderAndBufferTest"/>
  <testcase name="testBufferAppendDelete" time="0,000" classname="cviceni.StringBuilderAndBufferTest"/>
  <testcase name="testBufferAppend" time="0,000" classname="cviceni.StringBuilderAndBufferTest"/>
  <testcase name="testBufferAppend" time="0,001" classname="cviceni.StringBuilderAndBufferTest"/>
  <testcase name="testBufferAppendDelete" time="0,000" classname="cviceni.StringBuilderAndBufferTest"/>
  <testcase name="testBuilderAppend" time="0,000" classname="cviceni.StringBuilderAndBufferTest"/>
  <testcase name="testBufferAppend" time="0,000" classname="cviceni.StringBuilderAndBufferTest"/>
  <testcase name="testBufferAppendDelete" time="0,000" classname="cviceni.StringBuilderAndBufferTest"/>
  <testcase name="testBufferAppendDelete" time="0,000" classname="cviceni.StringBuilderAndBufferTest"/>
  <testcase name="testBuilderAppend" time="0,000" classname="cviceni.StringBuilderAndBufferTest"/>
  <testcase name="testBufferAppendDelete" time="0,000" classname="cviceni.StringBuilderAndBufferTest"/>
  <testcase name="testBuilderAppend" time="0,000" classname="cviceni.StringBuilderAndBufferTest"/>
  <testcase name="testBuilderAppendDelete" time="0,001" classname="cviceni.StringBuilderAndBufferTest"/>
  <testcase name="testBuilderAppendDelete" time="0,000" classname="cviceni.StringBuilderAndBufferTest"/>
  <testcase name="testBuilderAppendDelete" time="0,000" classname="cviceni.StringBuilderAndBufferTest"/>
  <testcase name="testBuilderAppendDelete" time="0,002" classname="cviceni.StringBuilderAndBufferTest"/>
  <testcase name="testBufferAppend" time="0,000" classname="cviceni.StringBuilderAndBufferTest"/>
  <testcase name="testBuilderAppend" time="0,000" classname="cviceni.StringBuilderAndBufferTest"/>
  <testcase name="testBufferAppendDelete" time="0,001" classname="cviceni.StringBuilderAndBufferTest"/>
  <testcase name="testBuilderAppend" time="0,000" classname="cviceni.StringBuilderAndBufferTest"/>
  <testcase name="testBufferAppend" time="0,001" classname="cviceni.StringBuilderAndBufferTest"/>
  <testcase name="testBufferAppendDelete" time="0,000" classname="cviceni.StringBuilderAndBufferTest"/>
  <testcase name="testBufferAppendDelete" time="0,000" classname="cviceni.StringBuilderAndBufferTest"/>
  <testcase name="testBuilderAppendDelete" time="0,000" classname="cviceni.StringBuilderAndBufferTest"/>
  <testcase name="testBuilderAppend" time="0,000" classname="cviceni.StringBuilderAndBufferTest"/>
  <testcase name="testBuilderAppendDelete" time="0,000" classname="cviceni.StringBuilderAndBufferTest"/>
  <testcase name="testBuilderAppendDelete" time="0,000" classname="cviceni.StringBuilderAndBufferTest"/>
  <testcase name="testBuilderAppend" time="0,000" classname="cviceni.StringBuilderAndBufferTest"/>
  <testcase name="testBuilderAppendDelete" time="0,000" classname="cviceni.StringBuilderAndBufferTest"/>
  <testcase name="testBufferAppend" time="0,000" classname="cviceni.StringBuilderAndBufferTest"/>
  <testcase name="testBuilderAppend" time="0,014" classname="cviceni.StringBuilderAndBufferTest"/>
  <testcase name="testBufferAppend" time="0,000" classname="cviceni.StringBuilderAndBufferTest"/>
  <testcase name="testBufferAppendDelete" time="0,000" classname="cviceni.StringBuilderAndBufferTest"/>
  <testcase name="testBuilderAppend" time="0,000" classname="cviceni.StringBuilderAndBufferTest"/>
  <testcase name="testBuilderAppendDelete" time="0,000" classname="cviceni.StringBuilderAndBufferTest"/>
  <testcase name="testBuilderAppend" time="0,000" classname="cviceni.StringBuilderAndBufferTest"/>
  <testcase name="testBuilderAppendDelete" time="0,001" classname="cviceni.StringBuilderAndBufferTest"/>
  <testcase name="testBufferAppendDelete" time="0,000" classname="cviceni.StringBuilderAndBufferTest"/>
  <testcase name="testBufferAppendDelete" time="0,001" classname="cviceni.StringBuilderAndBufferTest"/>
  <testcase name="testBufferAppendDelete" time="0,000" classname="cviceni.StringBuilderAndBufferTest"/>
  <testcase name="testBuilderAppend" time="0,000" classname="cviceni.StringBuilderAndBufferTest"/>
  <testcase name="testBuilderAppendDelete" time="0,002" classname="cviceni.StringBuilderAndBufferTest"/>
  <testcase name="testBuilderAppendDelete" time="0,001" classname="cviceni.StringBuilderAndBufferTest"/>
  <testcase name="testBufferAppendDelete" time="0,001" classname="cviceni.StringBuilderAndBufferTest"/>
  <testcase name="testBufferAppendDelete" time="0,001" classname="cviceni.StringBuilderAndBufferTest"/>
  <testcase name="testBuilderAppendDelete" time="0,000" classname="cviceni.StringBuilderAndBufferTest"/>
  <testcase name="testBufferAppend" time="0,000" classname="cviceni.StringBuilderAndBufferTest"/>
  <testcase name="testBuilderAppend" time="0,001" classname="cviceni.StringBuilderAndBufferTest"/>
  <testcase name="testBuilderAppendDelete" time="0,000" classname="cviceni.StringBuilderAndBufferTest"/>
  <testcase name="testBuilderAppend" time="0,000" classname="cviceni.StringBuilderAndBufferTest"/>
  <testcase name="testBuilderAppendDelete" time="0,001" classname="cviceni.StringBuilderAndBufferTest"/>
  <testcase name="testBuilderAppend" time="0,000" classname="cviceni.StringBuilderAndBufferTest"/>
  <testcase name="testBufferAppendDelete" time="0,001" classname="cviceni.StringBuilderAndBufferTest"/>
  <testcase name="testBufferAppendDelete" time="0,001" classname="cviceni.StringBuilderAndBufferTest"/>
  <testcase name="testBuilderAppend" time="0,016" classname="cviceni.StringBuilderAndBufferTest"/>
  <testcase name="testBufferAppendDelete" time="0,000" classname="cviceni.StringBuilderAndBufferTest"/>
  <testcase name="testBuilderAppendDelete" time="0,001" classname="cviceni.StringBuilderAndBufferTest"/>
  <testcase name="testBufferAppend" time="0,000" classname="cviceni.StringBuilderAndBufferTest"/>
  <testcase name="testBuilderAppend" time="0,000" classname="cviceni.StringBuilderAndBufferTest"/>
  <testcase name="testBufferAppend" time="0,000" classname="cviceni.StringBuilderAndBufferTest"/>
  <testcase name="testBuilderAppendDelete" time="0,000" classname="cviceni.StringBuilderAndBufferTest"/>
  <testcase name="testBuilderAppend" time="0,000" classname="cviceni.StringBuilderAndBufferTest"/>
  <testcase name="testBuilderAppendDelete" time="0,000" classname="cviceni.StringBuilderAndBufferTest"/>
  <testcase name="testBufferAppendDelete" time="0,077" classname="cviceni.StringBuilderAndBufferTest"/>
  <testcase name="testBufferAppendDelete" time="0,001" classname="cviceni.StringBuilderAndBufferTest"/>
  <testcase name="testBuilderAppend" time="0,000" classname="cviceni.StringBuilderAndBufferTest"/>
  <testcase name="testBufferAppendDelete" time="0,000" classname="cviceni.StringBuilderAndBufferTest"/>
  <testcase name="testBuilderAppend" time="0,000" classname="cviceni.StringBuilderAndBufferTest"/>
  <testcase name="testBufferAppend" time="0,000" classname="cviceni.StringBuilderAndBufferTest"/>
  <testcase name="testBuilderAppendDelete" time="0,000" classname="cviceni.StringBuilderAndBufferTest"/>
  <testcase name="testBuilderAppend" time="0,000" classname="cviceni.StringBuilderAndBufferTest"/>
  <testcase name="testBuilderAppend" time="0,000" classname="cviceni.StringBuilderAndBufferTest"/>
  <testcase name="testBufferAppend" time="0,001" classname="cviceni.StringBuilderAndBufferTest"/>
  <testcase name="testBuilderAppend" time="0,001" classname="cviceni.StringBuilderAndBufferTest"/>
  <testcase name="testBufferAppendDelete" time="0,000" classname="cviceni.StringBuilderAndBufferTest"/>
  <testcase name="testBuilderAppend" time="0,000" classname="cviceni.StringBuilderAndBufferTest"/>
  <testcase name="testBuilderAppendDelete" time="0,001" classname="cviceni.StringBuilderAndBufferTest"/>
  <testcase name="testBufferAppendDelete" time="0,000" classname="cviceni.StringBuilderAndBufferTest"/>
  <testcase name="testBufferAppendDelete" time="0,000" classname="cviceni.StringBuilderAndBufferTest"/>
  <testcase name="testBuilderAppend" time="0,001" classname="cviceni.StringBuilderAndBufferTest"/>
  <testcase name="testBuilderAppend" time="0,000" classname="cviceni.StringBuilderAndBufferTest"/>
  <testcase name="testBufferAppendDelete" time="0,000" classname="cviceni.StringBuilderAndBufferTest"/>
  <testcase name="testBuilderAppend" time="0,000" classname="cviceni.StringBuilderAndBufferTest"/>
  <testcase name="testBuilderAppendDelete" time="0,000" classname="cviceni.StringBuilderAndBufferTest"/>
  <testcase name="testBuilderAppend" time="0,000" classname="cviceni.StringBuilderAndBufferTest"/>
  <testcase name="testBuilderAppend" time="0,001" classname="cviceni.StringBuilderAndBufferTest"/>
  <testcase name="testBuilderAppend" time="0,001" classname="cviceni.StringBuilderAndBufferTest"/>
  <testcase name="testBufferAppend" time="0,001" classname="cviceni.StringBuilderAndBufferTest"/>
  <testcase name="testBuilderAppendDelete" time="0,000" classname="cviceni.StringBuilderAndBufferTest"/>
  <testcase name="testBufferAppendDelete" time="0,001" classname="cviceni.StringBuilderAndBufferTest"/>
  <testcase name="testBuilderAppend" time="0,001" classname="cviceni.StringBuilderAndBufferTest"/>
  <testcase name="testBuilderAppendDelete" time="0,000" classname="cviceni.StringBuilderAndBufferTest"/>
  <testcase name="testBufferAppendDelete" time="0,000" classname="cviceni.StringBuilderAndBufferTest"/>
  <testcase name="testBufferAppendDelete" time="0,000" classname="cviceni.StringBuilderAndBufferTest"/>
  <testcase name="testBufferAppend" time="0,000" classname="cviceni.StringBuilderAndBufferTest"/>
  <testcase name="testBufferAppendDelete" time="0,000" classname="cviceni.StringBuilderAndBufferTest"/>
  <testcase name="testBuilderAppend" time="0,000" classname="cviceni.StringBuilderAndBufferTest"/>
  <testcase name="testBufferAppendDelete" time="0,000" classname="cviceni.StringBuilderAndBufferTest"/>
  <testcase name="testBufferAppend" time="0,000" classname="cviceni.StringBuilderAndBufferTest"/>
  <testcase name="testBufferAppendDelete" time="0,000" classname="cviceni.StringBuilderAndBufferTest"/>
  <testcase name="testBufferAppend" time="0,000" classname="cviceni.StringBuilderAndBufferTest"/>
  <testcase name="testBuilderAppend" time="0,001" classname="cviceni.StringBuilderAndBufferTest"/>
  <testcase name="testBufferAppendDelete" time="0,000" classname="cviceni.StringBuilderAndBufferTest"/>
  <testcase name="testBufferAppend" time="0,000" classname="cviceni.StringBuilderAndBufferTest"/>
  <testcase name="testBufferAppend" time="0,000" classname="cviceni.StringBuilderAndBufferTest"/>
  <testcase name="testBufferAppend" time="0,000" classname="cviceni.StringBuilderAndBufferTest"/>
  <testcase name="testBufferAppend" time="0,001" classname="cviceni.StringBuilderAndBufferTest"/>
  <testcase name="testBuilderAppend" time="0,000" classname="cviceni.StringBuilderAndBufferTest"/>
  <testcase name="testBuilderAppend" time="0,000" classname="cviceni.StringBuilderAndBufferTest"/>
  <testcase name="testBufferAppend" time="0,000" classname="cviceni.StringBuilderAndBufferTest"/>
  <testcase name="testBufferAppendDelete" time="0,000" classname="cviceni.StringBuilderAndBufferTest"/>
  <testcase name="testBufferAppend" time="0,001" classname="cviceni.StringBuilderAndBufferTest"/>
  <testcase name="testBufferAppend" time="0,000" classname="cviceni.StringBuilderAndBufferTest"/>
  <testcase name="testBufferAppend" time="0,000" classname="cviceni.StringBuilderAndBufferTest"/>
  <testcase name="testBuilderAppend" time="0,000" classname="cviceni.StringBuilderAndBufferTest"/>
  <testcase name="testBufferAppendDelete" time="0,000" classname="cviceni.StringBuilderAndBufferTest"/>
  <testcase name="testBufferAppend" time="0,000" classname="cviceni.StringBuilderAndBufferTest"/>
  <testcase name="testBuilderAppendDelete" time="0,001" classname="cviceni.StringBuilderAndBufferTest"/>
  <testcase name="testBufferAppend" time="0,117" classname="cviceni.StringBuilderAndBufferTest"/>
  <testcase name="testBufferAppend" time="0,000" classname="cviceni.StringBuilderAndBufferTest"/>
  <testcase name="testBuilderAppend" time="0,000" classname="cviceni.StringBuilderAndBufferTest"/>
  <testcase name="testBuilderAppend" time="0,000" classname="cviceni.StringBuilderAndBufferTest"/>
  <testcase name="testBuilderAppendDelete" time="0,000" classname="cviceni.StringBuilderAndBufferTest"/>
  <testcase name="testBuilderAppendDelete" time="0,000" classname="cviceni.StringBuilderAndBufferTest"/>
  <testcase name="testBufferAppend" time="0,001" classname="cviceni.StringBuilderAndBufferTest"/>
  <testcase name="testBuilderAppendDelete" time="0,056" classname="cviceni.StringBuilderAndBufferTest"/>
  <testcase name="testBufferAppend" time="0,001" classname="cviceni.StringBuilderAndBufferTest"/>
  <testcase name="testBuilderAppendDelete" time="0,000" classname="cviceni.StringBuilderAndBufferTest"/>
  <testcase name="testBufferAppend" time="0,000" classname="cviceni.StringBuilderAndBufferTest"/>
  <testcase name="testBuilderAppendDelete" time="0,000" classname="cviceni.StringBuilderAndBufferTest"/>
  <testcase name="testBufferAppend" time="0,009" classname="cviceni.StringBuilderAndBufferTest"/>
  <testcase name="testBuilderAppend" time="0,000" classname="cviceni.StringBuilderAndBufferTest"/>
  <testcase name="testBuilderAppend" time="0,000" classname="cviceni.StringBuilderAndBufferTest"/>
  <testcase name="testBufferAppend" time="0,000" classname="cviceni.StringBuilderAndBufferTest"/>
  <testcase name="testBuilderAppend" time="0,000" classname="cviceni.StringBuilderAndBufferTest"/>
  <testcase name="testBuilderAppendDelete" time="0,000" classname="cviceni.StringBuilderAndBufferTest"/>
  <testcase name="testBufferAppend" time="0,062" classname="cviceni.StringBuilderAndBufferTest"/>
  <testcase name="testBuilderAppendDelete" time="0,000" classname="cviceni.StringBuilderAndBufferTest"/>
  <testcase name="testBufferAppend" time="0,000" classname="cviceni.StringBuilderAndBufferTest"/>
  <testcase name="testBufferAppendDelete" time="0,000" classname="cviceni.StringBuilderAndBufferTest"/>
  <testcase name="testBufferAppendDelete" time="0,000" classname="cviceni.StringBuilderAndBufferTest"/>
  <testcase name="testBuilderAppend" time="0,000" classname="cviceni.StringBuilderAndBufferTest"/>
  <testcase name="testBuilderAppend" time="0,000" classname="cviceni.StringBuilderAndBufferTest"/>
  <testcase name="testBuilderAppendDelete" time="0,000" classname="cviceni.StringBuilderAndBufferTest"/>
  <testcase name="testBufferAppendDelete" time="0,000" classname="cviceni.StringBuilderAndBufferTest"/>
  <testcase name="testBuilderAppendDelete" time="0,000" classname="cviceni.StringBuilderAndBufferTest"/>
  <testcase name="testBuilderAppendDelete" time="0,000" classname="cviceni.StringBuilderAndBufferTest"/>
  <testcase name="testBuilderAppend" time="0,000" classname="cviceni.StringBuilderAndBufferTest"/>
  <testcase name="testBuilderAppendDelete" time="0,000" classname="cviceni.StringBuilderAndBufferTest"/>
  <testcase name="testBuilderAppendDelete" time="0,000" classname="cviceni.StringBuilderAndBufferTest"/>
  <testcase name="testBufferAppendDelete" time="0,000" classname="cviceni.StringBuilderAndBufferTest"/>
  <testcase name="testBuilderAppend" time="0,001" classname="cviceni.StringBuilderAndBufferTest"/>
  <testcase name="testBufferAppendDelete" time="0,001" classname="cviceni.StringBuilderAndBufferTest"/>
  <testcase name="testBufferAppendDelete" time="0,000" classname="cviceni.StringBuilderAndBufferTest"/>
  <testcase name="testBuilderAppendDelete" time="0,003" classname="cviceni.StringBuilderAndBufferTest"/>
  <testcase name="testBufferAppendDelete" time="0,000" classname="cviceni.StringBuilderAndBufferTest"/>
  <testcase name="testBuilderAppendDelete" time="0,000" classname="cviceni.StringBuilderAndBufferTest"/>
  <testcase name="testBuilderAppendDelete" time="0,000" classname="cviceni.StringBuilderAndBufferTest"/>
  <testcase name="testBuilderAppendDelete" time="0,000" classname="cviceni.StringBuilderAndBufferTest"/>
  <testcase name="testBufferAppend" time="0,000" classname="cviceni.StringBuilderAndBufferTest"/>
  <testcase name="testBuilderAppend" time="0,000" classname="cviceni.StringBuilderAndBufferTest"/>
  <testcase name="testBufferAppend" time="0,000" classname="cviceni.StringBuilderAndBufferTest"/>
  <testcase name="testBufferAppend" time="0,000" classname="cviceni.StringBuilderAndBufferTest"/>
  <testcase name="testBufferAppend" time="0,000" classname="cviceni.StringBuilderAndBufferTest"/>
  <testcase name="testBuilderAppendDelete" time="0,001" classname="cviceni.StringBuilderAndBufferTest"/>
  <testcase name="testBufferAppendDelete" time="0,001" classname="cviceni.StringBuilderAndBufferTest"/>
  <testcase name="testBufferAppend" time="0,000" classname="cviceni.StringBuilderAndBufferTest"/>
  <testcase name="testBuilderAppend" time="0,000" classname="cviceni.StringBuilderAndBufferTest"/>
  <testcase name="testBufferAppendDelete" time="0,000" classname="cviceni.StringBuilderAndBufferTest"/>
  <testcase name="testBuilderAppend" time="0,000" classname="cviceni.StringBuilderAndBufferTest"/>
  <testcase name="testBuilderAppendDelete" time="0,000" classname="cviceni.StringBuilderAndBufferTest"/>
  <testcase name="testBuilderAppend" time="0,000" classname="cviceni.StringBuilderAndBufferTest"/>
  <testcase name="testBufferAppend" time="0,000" classname="cviceni.StringBuilderAndBufferTest"/>
  <testcase name="testBuilderAppend" time="0,000" classname="cviceni.StringBuilderAndBufferTest"/>
  <testcase name="testBufferAppendDelete" time="0,000" classname="cviceni.StringBuilderAndBufferTest"/>
  <testcase name="testBufferAppendDelete" time="0,000" classname="cviceni.StringBuilderAndBufferTest"/>
  <testcase name="testBuilderAppendDelete" time="0,072" classname="cviceni.StringBuilderAndBufferTest"/>
  <testcase name="testBuilderAppendDelete" time="0,000" classname="cviceni.StringBuilderAndBufferTest"/>
  <testcase name="testBuilderAppendDelete" time="0,000" classname="cviceni.StringBuilderAndBufferTest"/>
  <testcase name="testBuilderAppendDelete" time="0,000" classname="cviceni.StringBuilderAndBufferTest"/>
  <testcase name="testBuilderAppend" time="0,001" classname="cviceni.StringBuilderAndBufferTest"/>
  <testcase name="testBuilderAppendDelete" time="0,000" classname="cviceni.StringBuilderAndBufferTest"/>
  <testcase name="testBuilderAppendDelete" time="0,000" classname="cviceni.StringBuilderAndBufferTest"/>
  <testcase name="testBufferAppendDelete" time="0,000" classname="cviceni.StringBuilderAndBufferTest"/>
  <testcase name="testBuilderAppendDelete" time="0,000" classname="cviceni.StringBuilderAndBufferTest"/>
  <testcase name="testBufferAppend" time="0,000" classname="cviceni.StringBuilderAndBufferTest"/>
  <testcase name="testBuilderAppend" time="0,007" classname="cviceni.StringBuilderAndBufferTest"/>
  <testcase name="testBuilderAppendDelete" time="0,000" classname="cviceni.StringBuilderAndBufferTest"/>
  <testcase name="testBufferAppendDelete" time="0,001" classname="cviceni.StringBuilderAndBufferTest"/>
  <testcase name="testBuilderAppend" time="0,000" classname="cviceni.StringBuilderAndBufferTest"/>
  <testcase name="testBufferAppend" time="0,000" classname="cviceni.StringBuilderAndBufferTest"/>
  <testcase name="testBufferAppendDelete" time="0,000" classname="cviceni.StringBuilderAndBufferTest"/>
  <testcase name="testBuilderAppendDelete" time="0,001" classname="cviceni.StringBuilderAndBufferTest"/>
  <testcase name="testBuilderAppendDelete" time="0,001" classname="cviceni.StringBuilderAndBufferTest"/>
  <testcase name="testBufferAppendDelete" time="0,000" classname="cviceni.StringBuilderAndBufferTest"/>
  <testcase name="testBufferAppend" time="0,000" classname="cviceni.StringBuilderAndBufferTest"/>
  <testcase name="testBuilderAppendDelete" time="0,001" classname="cviceni.StringBuilderAndBufferTest"/>
  <testcase name="testBuilderAppendDelete" time="0,000" classname="cviceni.StringBuilderAndBufferTest"/>
  <testcase name="testBufferAppendDelete" time="0,001" classname="cviceni.StringBuilderAndBufferTest"/>
  <testcase name="testBufferAppend" time="0,000" classname="cviceni.StringBuilderAndBufferTest"/>
  <testcase name="testBuilderAppendDelete" time="0,000" classname="cviceni.StringBuilderAndBufferTest"/>
  <testcase name="testBufferAppendDelete" time="0,000" classname="cviceni.StringBuilderAndBufferTest"/>
  <testcase name="testBuilderAppendDelete" time="0,001" classname="cviceni.StringBuilderAndBufferTest"/>
  <testcase name="testBufferAppend" time="0,001" classname="cviceni.StringBuilderAndBufferTest"/>
  <testcase name="testBufferAppendDelete" time="0,001" classname="cviceni.StringBuilderAndBufferTest"/>
  <testcase name="testBuilderAppendDelete" time="0,000" classname="cviceni.StringBuilderAndBufferTest"/>
  <testcase name="testBufferAppendDelete" time="0,000" classname="cviceni.StringBuilderAndBufferTest"/>
  <testcase name="testBufferAppendDelete" time="0,000" classname="cviceni.StringBuilderAndBufferTest"/>
  <testcase name="testBufferAppend" time="0,001" classname="cviceni.StringBuilderAndBufferTest"/>
  <testcase name="testBufferAppend" time="0,000" classname="cviceni.StringBuilderAndBufferTest"/>
  <testcase name="testBufferAppend" time="0,000" classname="cviceni.StringBuilderAndBufferTest"/>
  <testcase name="testBuilderAppendDelete" time="0,000" classname="cviceni.StringBuilderAndBufferTest"/>
  <testcase name="testBufferAppendDelete" time="0,000" classname="cviceni.StringBuilderAndBufferTest"/>
  <testcase name="testBuilderAppend" time="0,001" classname="cviceni.StringBuilderAndBufferTest"/>
  <testcase name="testBuilderAppend" time="0,000" classname="cviceni.StringBuilderAndBufferTest"/>
  <testcase name="testBuilderAppend" time="0,000" classname="cviceni.StringBuilderAndBufferTest"/>
  <testcase name="testBufferAppendDelete" time="0,000" classname="cviceni.StringBuilderAndBufferTest"/>
  <testcase name="testBuilderAppend" time="0,000" classname="cviceni.StringBuilderAndBufferTest"/>
  <testcase name="testBufferAppendDelete" time="0,000" classname="cviceni.StringBuilderAndBufferTest"/>
  <testcase name="testBuilderAppendDelete" time="0,000" classname="cviceni.StringBuilderAndBufferTest"/>
  <testcase name="testBuilderAppend" time="0,000" classname="cviceni.StringBuilderAndBufferTest"/>
  <testcase name="testBufferAppendDelete" time="0,000" classname="cviceni.StringBuilderAndBufferTest"/>
  <testcase name="testBufferAppend" time="0,000" classname="cviceni.StringBuilderAndBufferTest"/>
  <testcase name="testBufferAppendDelete" time="0,000" classname="cviceni.StringBuilderAndBufferTest"/>
  <testcase name="testBufferAppendDelete" time="0,000" classname="cviceni.StringBuilderAndBufferTest"/>
  <testcase name="testBufferAppendDelete" time="0,000" classname="cviceni.StringBuilderAndBufferTest"/>
  <testcase name="testBufferAppendDelete" time="0,001" classname="cviceni.StringBuilderAndBufferTest"/>
  <testcase name="testBufferAppend" time="0,002" classname="cviceni.StringBuilderAndBufferTest"/>
  <testcase name="testBufferAppend" time="0,000" classname="cviceni.StringBuilderAndBufferTest"/>
  <testcase name="testBuilderAppendDelete" time="0,186" classname="cviceni.StringBuilderAndBufferTest"/>
  <testcase name="testBuilderAppend" time="0,000" classname="cviceni.StringBuilderAndBufferTest"/>
  <testcase name="testBuilderAppend" time="0,000" classname="cviceni.StringBuilderAndBufferTest"/>
  <testcase name="testBuilderAppendDelete" time="0,000" classname="cviceni.StringBuilderAndBufferTest"/>
  <testcase name="testBuilderAppendDelete" time="0,001" classname="cviceni.StringBuilderAndBufferTest"/>
  <testcase name="testBufferAppend" time="0,000" classname="cviceni.StringBuilderAndBufferTest"/>
  <testcase name="testBuilderAppendDelete" time="0,000" classname="cviceni.StringBuilderAndBufferTest"/>
  <testcase name="testBufferAppendDelete" time="0,001" classname="cviceni.StringBuilderAndBufferTest"/>
  <testcase name="testBufferAppendDelete" time="0,000" classname="cviceni.StringBuilderAndBufferTest"/>
  <testcase name="testBufferAppend" time="0,000" classname="cviceni.StringBuilderAndBufferTest"/>
  <testcase name="testBufferAppend" time="0,000" classname="cviceni.StringBuilderAndBufferTest"/>
  <testcase name="testBufferAppend" time="0,000" classname="cviceni.StringBuilderAndBufferTest"/>
  <testcase name="testBufferAppendDelete" time="0,001" classname="cviceni.StringBuilderAndBufferTest"/>
  <testcase name="testBuilderAppendDelete" time="0,001" classname="cviceni.StringBuilderAndBufferTest"/>
  <testcase name="testBufferAppendDelete" time="0,000" classname="cviceni.StringBuilderAndBufferTest"/>
  <testcase name="testBufferAppend" time="0,001" classname="cviceni.StringBuilderAndBufferTest"/>
  <testcase name="testBufferAppend" time="0,000" classname="cviceni.StringBuilderAndBufferTest"/>
  <testcase name="testBuilderAppendDelete" time="0,000" classname="cviceni.StringBuilderAndBufferTest"/>
  <testcase name="testBufferAppendDelete" time="0,001" classname="cviceni.StringBuilderAndBufferTest"/>
  <testcase name="testBufferAppend" time="0,000" classname="cviceni.StringBuilderAndBufferTest"/>
  <testcase name="testBuilderAppend" time="0,001" classname="cviceni.StringBuilderAndBufferTest"/>
  <testcase name="testBufferAppendDelete" time="0,000" classname="cviceni.StringBuilderAndBufferTest"/>
  <testcase name="testBufferAppend" time="0,001" classname="cviceni.StringBuilderAndBufferTest"/>
  <testcase name="testBuilderAppend" time="0,000" classname="cviceni.StringBuilderAndBufferTest"/>
  <testcase name="testBuilderAppend" time="0,000" classname="cviceni.StringBuilderAndBufferTest"/>
  <testcase name="testBuilderAppendDelete" time="0,000" classname="cviceni.StringBuilderAndBufferTest"/>
  <testcase name="testBufferAppendDelete" time="0,000" classname="cviceni.StringBuilderAndBufferTest"/>
  <testcase name="testBuilderAppendDelete" time="0,000" classname="cviceni.StringBuilderAndBufferTest"/>
  <testcase name="testBuilderAppend" time="0,001" classname="cviceni.StringBuilderAndBufferTest"/>
  <testcase name="testBufferAppendDelete" time="0,000" classname="cviceni.StringBuilderAndBufferTest"/>
  <testcase name="testBuilderAppend" time="0,000" classname="cviceni.StringBuilderAndBufferTest"/>
  <testcase name="testBuilderAppendDelete" time="0,000" classname="cviceni.StringBuilderAndBufferTest"/>
  <testcase name="testBuilderAppend" time="0,000" classname="cviceni.StringBuilderAndBufferTest"/>
  <testcase name="testBufferAppendDelete" time="0,001" classname="cviceni.StringBuilderAndBufferTest"/>
  <testcase name="testBufferAppendDelete" time="0,000" classname="cviceni.StringBuilderAndBufferTest"/>
  <testcase name="testBufferAppend" time="0,001" classname="cviceni.StringBuilderAndBufferTest"/>
  <testcase name="testBuilderAppendDelete" time="0,000" classname="cviceni.StringBuilderAndBufferTest"/>
  <testcase name="testBuilderAppendDelete" time="0,000" classname="cviceni.StringBuilderAndBufferTest"/>
  <testcase name="testBufferAppend" time="0,001" classname="cviceni.StringBuilderAndBufferTest"/>
  <testcase name="testBufferAppendDelete" time="0,000" classname="cviceni.StringBuilderAndBufferTest"/>
  <testcase name="testBufferAppendDelete" time="0,000" classname="cviceni.StringBuilderAndBufferTest"/>
  <testcase name="testBufferAppend" time="0,000" classname="cviceni.StringBuilderAndBufferTest"/>
  <testcase name="testBuilderAppendDelete" time="0,000" classname="cviceni.StringBuilderAndBufferTest"/>
  <testcase name="testBuilderAppend" time="0,000" classname="cviceni.StringBuilderAndBufferTest"/>
  <testcase name="testBuilderAppendDelete" time="0,000" classname="cviceni.StringBuilderAndBufferTest"/>
  <testcase name="testBuilderAppend" time="0,001" classname="cviceni.StringBuilderAndBufferTest"/>
  <testcase name="testBufferAppend" time="0,000" classname="cviceni.StringBuilderAndBufferTest"/>
  <testcase name="testBufferAppend" time="0,001" classname="cviceni.StringBuilderAndBufferTest"/>
  <testcase name="testBufferAppendDelete" time="0,000" classname="cviceni.StringBuilderAndBufferTest"/>
  <testcase name="testBufferAppend" time="0,000" classname="cviceni.StringBuilderAndBufferTest"/>
  <testcase name="testBuilderAppendDelete" time="0,000" classname="cviceni.StringBuilderAndBufferTest"/>
  <testcase name="testBufferAppendDelete" time="0,000" classname="cviceni.StringBuilderAndBufferTest"/>
  <testcase name="testBufferAppend" time="0,001" classname="cviceni.StringBuilderAndBufferTest"/>
  <testcase name="testBufferAppendDelete" time="0,000" classname="cviceni.StringBuilderAndBufferTest"/>
  <testcase name="testBufferAppend" time="0,000" classname="cviceni.StringBuilderAndBufferTest"/>
  <testcase name="testBuilderAppendDelete" time="0,001" classname="cviceni.StringBuilderAndBufferTest"/>
  <testcase name="testBuilderAppendDelete" time="0,000" classname="cviceni.StringBuilderAndBufferTest"/>
  <testcase name="testBuilderAppend" time="0,001" classname="cviceni.StringBuilderAndBufferTest"/>
  <testcase name="testBufferAppend" time="0,001" classname="cviceni.StringBuilderAndBufferTest"/>
  <testcase name="testBufferAppend" time="0,000" classname="cviceni.StringBuilderAndBufferTest"/>
  <testcase name="testBufferAppend" time="0,001" classname="cviceni.StringBuilderAndBufferTest"/>
  <testcase name="testBuilderAppendDelete" time="0,000" classname="cviceni.StringBuilderAndBufferTest"/>
  <testcase name="testBuilderAppendDelete" time="0,001" classname="cviceni.StringBuilderAndBufferTest"/>
  <testcase name="testBuilderAppendDelete" time="0,000" classname="cviceni.StringBuilderAndBufferTest"/>
  <testcase name="testBuilderAppendDelete" time="0,000" classname="cviceni.StringBuilderAndBufferTest"/>
  <testcase name="testBufferAppend" time="0,000" classname="cviceni.StringBuilderAndBufferTest"/>
  <testcase name="testBuilderAppend" time="0,000" classname="cviceni.StringBuilderAndBufferTest"/>
  <testcase name="testBufferAppendDelete" time="0,000" classname="cviceni.StringBuilderAndBufferTest"/>
  <testcase name="testBufferAppend" time="0,000" classname="cviceni.StringBuilderAndBufferTest"/>
  <testcase name="testBuilderAppendDelete" time="0,002" classname="cviceni.StringBuilderAndBufferTest"/>
  <testcase name="testBuilderAppend" time="0,001" classname="cviceni.StringBuilderAndBufferTest"/>
  <testcase name="testBuilderAppendDelete" time="0,000" classname="cviceni.StringBuilderAndBufferTest"/>
  <testcase name="testBuilderAppend" time="0,000" classname="cviceni.StringBuilderAndBufferTest"/>
  <testcase name="testBuilderAppend" time="0,000" classname="cviceni.StringBuilderAndBufferTest"/>
  <testcase name="testBuilderAppend" time="0,001" classname="cviceni.StringBuilderAndBufferTest"/>
  <testcase name="testBuilderAppendDelete" time="0,000" classname="cviceni.StringBuilderAndBufferTest"/>
  <testcase name="testBufferAppend" time="0,000" classname="cviceni.StringBuilderAndBufferTest"/>
  <testcase name="testBufferAppendDelete" time="0,000" classname="cviceni.StringBuilderAndBufferTest"/>
  <testcase name="testBuilderAppend" time="0,000" classname="cviceni.StringBuilderAndBufferTest"/>
  <testcase name="testBuilderAppendDelete" time="0,001" classname="cviceni.StringBuilderAndBufferTest"/>
  <testcase name="testBuilderAppendDelete" time="0,000" classname="cviceni.StringBuilderAndBufferTest"/>
  <testcase name="testBufferAppend" time="0,000" classname="cviceni.StringBuilderAndBufferTest"/>
  <testcase name="testBuilderAppendDelete" time="0,000" classname="cviceni.StringBuilderAndBufferTest"/>
  <testcase name="testBuilderAppend" time="0,000" classname="cviceni.StringBuilderAndBufferTest"/>
  <testcase name="testBufferAppend" time="0,000" classname="cviceni.StringBuilderAndBufferTest"/>
  <testcase name="testBufferAppendDelete" time="0,001" classname="cviceni.StringBuilderAndBufferTest"/>
  <testcase name="testBufferAppendDelete" time="0,000" classname="cviceni.StringBuilderAndBufferTest"/>
  <testcase name="testBufferAppend" time="0,000" classname="cviceni.StringBuilderAndBufferTest"/>
  <testcase name="testBufferAppend" time="0,000" classname="cviceni.StringBuilderAndBufferTest"/>
  <testcase name="testBufferAppend" time="0,000" classname="cviceni.StringBuilderAndBufferTest"/>
  <testcase name="testBufferAppendDelete" time="0,000" classname="cviceni.StringBuilderAndBufferTest"/>
  <testcase name="testBufferAppendDelete" time="0,000" classname="cviceni.StringBuilderAndBufferTest"/>
  <testcase name="testBufferAppendDelete" time="0,000" classname="cviceni.StringBuilderAndBufferTest"/>
  <testcase name="testBufferAppendDelete" time="0,001" classname="cviceni.StringBuilderAndBufferTest"/>
  <testcase name="testBufferAppend" time="0,000" classname="cviceni.StringBuilderAndBufferTest"/>
  <testcase name="testBufferAppendDelete" time="0,000" classname="cviceni.StringBuilderAndBufferTest"/>
  <testcase name="testBuilderAppendDelete" time="0,000" classname="cviceni.StringBuilderAndBufferTest"/>
  <testcase name="testBuilderAppend" time="0,000" classname="cviceni.StringBuilderAndBufferTest"/>
  <testcase name="testBuilderAppend" time="0,001" classname="cviceni.StringBuilderAndBufferTest"/>
  <testcase name="testBufferAppendDelete" time="0,001" classname="cviceni.StringBuilderAndBufferTest"/>
  <testcase name="testBufferAppend" time="0,001" classname="cviceni.StringBuilderAndBufferTest"/>
  <testcase name="testBuilderAppend" time="0,000" classname="cviceni.StringBuilderAndBufferTest"/>
  <testcase name="testBufferAppend" time="0,001" classname="cviceni.StringBuilderAndBufferTest"/>
  <testcase name="testBufferAppendDelete" time="0,000" classname="cviceni.StringBuilderAndBufferTest"/>
  <testcase name="testBuilderAppendDelete" time="0,000" classname="cviceni.StringBuilderAndBufferTest"/>
  <testcase name="testBufferAppend" time="0,001" classname="cviceni.StringBuilderAndBufferTest"/>
  <testcase name="testBufferAppendDelete" time="0,000" classname="cviceni.StringBuilderAndBufferTest"/>
  <testcase name="testBuilderAppendDelete" time="0,033" classname="cviceni.StringBuilderAndBufferTest"/>
  <testcase name="testBuilderAppend" time="0,000" classname="cviceni.StringBuilderAndBufferTest"/>
  <testcase name="testBufferAppendDelete" time="0,000" classname="cviceni.StringBuilderAndBufferTest"/>
  <testcase name="testBuilderAppend" time="0,000" classname="cviceni.StringBuilderAndBufferTest"/>
  <testcase name="testBuilderAppendDelete" time="0,000" classname="cviceni.StringBuilderAndBufferTest"/>
  <testcase name="testBuilderAppendDelete" time="0,000" classname="cviceni.StringBuilderAndBufferTest"/>
  <testcase name="testBuilderAppendDelete" time="0,000" classname="cviceni.StringBuilderAndBufferTest"/>
  <testcase name="testBufferAppend" time="0,000" classname="cviceni.StringBuilderAndBufferTest"/>
  <testcase name="testBufferAppend" time="0,000" classname="cviceni.StringBuilderAndBufferTest"/>
  <testcase name="testBuilderAppend" time="0,001" classname="cviceni.StringBuilderAndBufferTest"/>
  <testcase name="testBufferAppendDelete" time="0,000" classname="cviceni.StringBuilderAndBufferTest"/>
  <testcase name="testBufferAppendDelete" time="0,000" classname="cviceni.StringBuilderAndBufferTest"/>
  <testcase name="testBufferAppend" time="0,000" classname="cviceni.StringBuilderAndBufferTest"/>
  <testcase name="testBuilderAppendDelete" time="0,009" classname="cviceni.StringBuilderAndBufferTest"/>
  <testcase name="testBuilderAppend" time="0,000" classname="cviceni.StringBuilderAndBufferTest"/>
  <testcase name="testBuilderAppendDelete" time="0,000" classname="cviceni.StringBuilderAndBufferTest"/>
  <testcase name="testBufferAppend" time="0,000" classname="cviceni.StringBuilderAndBufferTest"/>
  <testcase name="testBufferAppend" time="0,001" classname="cviceni.StringBuilderAndBufferTest"/>
  <testcase name="testBufferAppendDelete" time="0,000" classname="cviceni.StringBuilderAndBufferTest"/>
  <testcase name="testBuilderAppend" time="0,544" classname="cviceni.StringBuilderAndBufferTest"/>
  <testcase name="testBufferAppendDelete" time="0,000" classname="cviceni.StringBuilderAndBufferTest"/>
  <testcase name="testBufferAppend" time="0,001" classname="cviceni.StringBuilderAndBufferTest"/>
  <testcase name="testBuilderAppendDelete" time="0,000" classname="cviceni.StringBuilderAndBufferTest"/>
  <testcase name="testBufferAppendDelete" time="0,005" classname="cviceni.StringBuilderAndBufferTest"/>
  <testcase name="testBufferAppendDelete" time="0,000" classname="cviceni.StringBuilderAndBufferTest"/>
  <testcase name="testBuilderAppendDelete" time="0,000" classname="cviceni.StringBuilderAndBufferTest"/>
  <testcase name="testBuilderAppendDelete" time="0,000" classname="cviceni.StringBuilderAndBufferTest"/>
  <testcase name="testBufferAppendDelete" time="0,000" classname="cviceni.StringBuilderAndBufferTest"/>
  <testcase name="testBufferAppend" time="0,000" classname="cviceni.StringBuilderAndBufferTest"/>
  <testcase name="testBufferAppendDelete" time="0,000" classname="cviceni.StringBuilderAndBufferTest"/>
  <testcase name="testBuilderAppend" time="0,001" classname="cviceni.StringBuilderAndBufferTest"/>
  <testcase name="testBuilderAppendDelete" time="0,001" classname="cviceni.StringBuilderAndBufferTest"/>
  <testcase name="testBuilderAppend" time="0,000" classname="cviceni.StringBuilderAndBufferTest"/>
  <testcase name="testBuilderAppendDelete" time="0,000" classname="cviceni.StringBuilderAndBufferTest"/>
  <testcase name="testBufferAppend" time="0,007" classname="cviceni.StringBuilderAndBufferTest"/>
  <testcase name="testBuilderAppend" time="0,000" classname="cviceni.StringBuilderAndBufferTest"/>
  <testcase name="testBufferAppendDelete" time="0,000" classname="cviceni.StringBuilderAndBufferTest"/>
  <testcase name="testBuilderAppendDelete" time="0,000" classname="cviceni.StringBuilderAndBufferTest"/>
  <testcase name="testBufferAppend" time="0,000" classname="cviceni.StringBuilderAndBufferTest"/>
  <testcase name="testBuilderAppendDelete" time="0,001" classname="cviceni.StringBuilderAndBufferTest"/>
  <testcase name="testBufferAppend" time="0,000" classname="cviceni.StringBuilderAndBufferTest"/>
  <testcase name="testBuilderAppend" time="0,001" classname="cviceni.StringBuilderAndBufferTest"/>
  <testcase name="testBuilderAppendDelete" time="0,000" classname="cviceni.StringBuilderAndBufferTest"/>
  <testcase name="testBuilderAppend" time="0,001" classname="cviceni.StringBuilderAndBufferTest"/>
  <testcase name="testBuilderAppendDelete" time="0,000" classname="cviceni.StringBuilderAndBufferTest"/>
  <testcase name="testBuilderAppend" time="0,000" classname="cviceni.StringBuilderAndBufferTest"/>
  <testcase name="testBuilderAppendDelete" time="0,000" classname="cviceni.StringBuilderAndBufferTest"/>
  <testcase name="testBuilderAppend" time="0,000" classname="cviceni.StringBuilderAndBufferTest"/>
  <testcase name="testBufferAppend" time="0,000" classname="cviceni.StringBuilderAndBufferTest"/>
  <testcase name="testBufferAppendDelete" time="0,000" classname="cviceni.StringBuilderAndBufferTest"/>
  <testcase name="testBufferAppend" time="0,000" classname="cviceni.StringBuilderAndBufferTest"/>
  <testcase name="testBuilderAppend" time="0,001" classname="cviceni.StringBuilderAndBufferTest"/>
  <testcase name="testBuilderAppendDelete" time="0,001" classname="cviceni.StringBuilderAndBufferTest"/>
  <testcase name="testBuilderAppend" time="0,000" classname="cviceni.StringBuilderAndBufferTest"/>
  <testcase name="testBufferAppend" time="0,001" classname="cviceni.StringBuilderAndBufferTest"/>
  <testcase name="testBuilderAppendDelete" time="0,000" classname="cviceni.StringBuilderAndBufferTest"/>
  <testcase name="testBuilderAppendDelete" time="0,001" classname="cviceni.StringBuilderAndBufferTest"/>
  <testcase name="testBufferAppend" time="0,000" classname="cviceni.StringBuilderAndBufferTest"/>
  <testcase name="testBuilderAppendDelete" time="0,000" classname="cviceni.StringBuilderAndBufferTest"/>
  <testcase name="testBuilderAppendDelete" time="0,000" classname="cviceni.StringBuilderAndBufferTest"/>
  <testcase name="testBufferAppend" time="0,000" classname="cviceni.StringBuilderAndBufferTest"/>
  <testcase name="testBufferAppend" time="0,000" classname="cviceni.StringBuilderAndBufferTest"/>
  <testcase name="testBuilderAppendDelete" time="0,001" classname="cviceni.StringBuilderAndBufferTest"/>
  <testcase name="testBufferAppend" time="0,000" classname="cviceni.StringBuilderAndBufferTest"/>
  <testcase name="testBuilderAppendDelete" time="0,001" classname="cviceni.StringBuilderAndBufferTest"/>
  <testcase name="testBufferAppend" time="0,000" classname="cviceni.StringBuilderAndBufferTest"/>
  <testcase name="testBufferAppend" time="0,000" classname="cviceni.StringBuilderAndBufferTest"/>
  <testcase name="testBuilderAppendDelete" time="0,000" classname="cviceni.StringBuilderAndBufferTest"/>
  <testcase name="testBuilderAppend" time="0,001" classname="cviceni.StringBuilderAndBufferTest"/>
  <testcase name="testBufferAppendDelete" time="0,000" classname="cviceni.StringBuilderAndBufferTest"/>
  <testcase name="testBufferAppend" time="0,000" classname="cviceni.StringBuilderAndBufferTest"/>
  <testcase name="testBufferAppend" time="0,001" classname="cviceni.StringBuilderAndBufferTest"/>
  <testcase name="testBufferAppend" time="0,001" classname="cviceni.StringBuilderAndBufferTest"/>
  <testcase name="testBuilderAppendDelete" time="0,001" classname="cviceni.StringBuilderAndBufferTest"/>
  <testcase name="testBuilderAppendDelete" time="0,001" classname="cviceni.StringBuilderAndBufferTest"/>
  <testcase name="testBuilderAppendDelete" time="0,000" classname="cviceni.StringBuilderAndBufferTest"/>
  <testcase name="testBuilderAppend" time="0,000" classname="cviceni.StringBuilderAndBufferTest"/>
  <testcase name="testBuilderAppendDelete" time="0,000" classname="cviceni.StringBuilderAndBufferTest"/>
  <testcase name="testBufferAppendDelete" time="0,000" classname="cviceni.StringBuilderAndBufferTest"/>
  <testcase name="testBufferAppend" time="0,000" classname="cviceni.StringBuilderAndBufferTest"/>
  <testcase name="testBuilderAppendDelete" time="0,000" classname="cviceni.StringBuilderAndBufferTest"/>
  <testcase name="testBuilderAppend" time="0,001" classname="cviceni.StringBuilderAndBufferTest"/>
  <testcase name="testBufferAppendDelete" time="0,001" classname="cviceni.StringBuilderAndBufferTest"/>
  <testcase name="testBuilderAppend" time="0,000" classname="cviceni.StringBuilderAndBufferTest"/>
  <testcase name="testBufferAppendDelete" time="0,000" classname="cviceni.StringBuilderAndBufferTest"/>
  <testcase name="testBufferAppendDelete" time="0,001" classname="cviceni.StringBuilderAndBufferTest"/>
  <testcase name="testBufferAppend" time="0,000" classname="cviceni.StringBuilderAndBufferTest"/>
  <testcase name="testBufferAppendDelete" time="0,000" classname="cviceni.StringBuilderAndBufferTest"/>
  <testcase name="testBufferAppend" time="0,001" classname="cviceni.StringBuilderAndBufferTest"/>
  <testcase name="testBuilderAppendDelete" time="0,000" classname="cviceni.StringBuilderAndBufferTest"/>
  <testcase name="testBuilderAppendDelete" time="0,000" classname="cviceni.StringBuilderAndBufferTest"/>
  <testcase name="testBuilderAppendDelete" time="0,000" classname="cviceni.StringBuilderAndBufferTest"/>
  <testcase name="testBufferAppend" time="0,000" classname="cviceni.StringBuilderAndBufferTest"/>
  <testcase name="testBufferAppendDelete" time="0,001" classname="cviceni.StringBuilderAndBufferTest"/>
  <testcase name="testBuilderAppend" time="0,000" classname="cviceni.StringBuilderAndBufferTest"/>
  <testcase name="testBuilderAppend" time="0,001" classname="cviceni.StringBuilderAndBufferTest"/>
  <testcase name="testBuilderAppend" time="0,000" classname="cviceni.StringBuilderAndBufferTest"/>
  <testcase name="testBuilderAppend" time="0,000" classname="cviceni.StringBuilderAndBufferTest"/>
  <testcase name="testBuilderAppendDelete" time="0,000" classname="cviceni.StringBuilderAndBufferTest"/>
  <testcase name="testBuilderAppendDelete" time="0,000" classname="cviceni.StringBuilderAndBufferTest"/>
  <testcase name="testBuilderAppend" time="0,000" classname="cviceni.StringBuilderAndBufferTest"/>
  <testcase name="testBufferAppendDelete" time="0,000" classname="cviceni.StringBuilderAndBufferTest"/>
  <testcase name="testBufferAppendDelete" time="0,000" classname="cviceni.StringBuilderAndBufferTest"/>
  <testcase name="testBuilderAppendDelete" time="0,000" classname="cviceni.StringBuilderAndBufferTest"/>
  <testcase name="testBufferAppendDelete" time="0,000" classname="cviceni.StringBuilderAndBufferTest"/>
  <testcase name="testBufferAppend" time="0,000" classname="cviceni.StringBuilderAndBufferTest"/>
  <testcase name="testBuilderAppend" time="0,000" classname="cviceni.StringBuilderAndBufferTest"/>
  <testcase name="testBuilderAppend" time="0,000" classname="cviceni.StringBuilderAndBufferTest"/>
  <testcase name="testBufferAppendDelete" time="0,001" classname="cviceni.StringBuilderAndBufferTest"/>
  <testcase name="testBufferAppendDelete" time="0,000" classname="cviceni.StringBuilderAndBufferTest"/>
  <testcase name="testBufferAppendDelete" time="0,000" classname="cviceni.StringBuilderAndBufferTest"/>
  <testcase name="testBufferAppend" time="0,000" classname="cviceni.StringBuilderAndBufferTest"/>
  <testcase name="testBuilderAppendDelete" time="0,001" classname="cviceni.StringBuilderAndBufferTest"/>
  <testcase name="testBufferAppend" time="0,001" classname="cviceni.StringBuilderAndBufferTest"/>
  <testcase name="testBuilderAppend" time="0,000" classname="cviceni.StringBuilderAndBufferTest"/>
  <testcase name="testBuilderAppend" time="0,000" classname="cviceni.StringBuilderAndBufferTest"/>
  <testcase name="testBuilderAppendDelete" time="0,000" classname="cviceni.StringBuilderAndBufferTest"/>
  <testcase name="testBuilderAppendDelete" time="0,000" classname="cviceni.StringBuilderAndBufferTest"/>
  <testcase name="testBufferAppend" time="0,000" classname="cviceni.StringBuilderAndBufferTest"/>
  <testcase name="testBuilderAppend" time="0,000" classname="cviceni.StringBuilderAndBufferTest"/>
  <testcase name="testBufferAppendDelete" time="0,000" classname="cviceni.StringBuilderAndBufferTest"/>
  <testcase name="testBuilderAppend" time="0,000" classname="cviceni.StringBuilderAndBufferTest"/>
  <testcase name="testBufferAppend" time="0,000" classname="cviceni.StringBuilderAndBufferTest"/>
  <testcase name="testBufferAppend" time="0,070" classname="cviceni.StringBuilderAndBufferTest"/>
  <testcase name="testBuilderAppend" time="0,000" classname="cviceni.StringBuilderAndBufferTest"/>
  <testcase name="testBufferAppendDelete" time="0,000" classname="cviceni.StringBuilderAndBufferTest"/>
  <testcase name="testBufferAppend" time="0,001" classname="cviceni.StringBuilderAndBufferTest"/>
  <testcase name="testBuilderAppend" time="0,001" classname="cviceni.StringBuilderAndBufferTest"/>
  <testcase name="testBuilderAppendDelete" time="0,001" classname="cviceni.StringBuilderAndBufferTest"/>
  <testcase name="testBuilderAppendDelete" time="0,000" classname="cviceni.StringBuilderAndBufferTest"/>
  <testcase name="testBufferAppendDelete" time="0,000" classname="cviceni.StringBuilderAndBufferTest"/>
  <testcase name="testBufferAppendDelete" time="0,000" classname="cviceni.StringBuilderAndBufferTest"/>
  <testcase name="testBuilderAppendDelete" time="0,000" classname="cviceni.StringBuilderAndBufferTest"/>
  <testcase name="testBufferAppendDelete" time="0,000" classname="cviceni.StringBuilderAndBufferTest"/>
  <testcase name="testBuilderAppendDelete" time="0,001" classname="cviceni.StringBuilderAndBufferTest"/>
  <testcase name="testBuilderAppendDelete" time="0,001" classname="cviceni.StringBuilderAndBufferTest"/>
  <testcase name="testBuilderAppendDelete" time="0,001" classname="cviceni.StringBuilderAndBufferTest"/>
  <testcase name="testBufferAppendDelete" time="0,000" classname="cviceni.StringBuilderAndBufferTest"/>
  <testcase name="testBufferAppend" time="0,000" classname="cviceni.StringBuilderAndBufferTest"/>
  <testcase name="testBufferAppend" time="0,001" classname="cviceni.StringBuilderAndBufferTest"/>
  <testcase name="testBuilderAppend" time="0,000" classname="cviceni.StringBuilderAndBufferTest"/>
  <testcase name="testBufferAppend" time="0,000" classname="cviceni.StringBuilderAndBufferTest"/>
  <testcase name="testBufferAppend" time="0,000" classname="cviceni.StringBuilderAndBufferTest"/>
  <testcase name="testBuilderAppend" time="0,000" classname="cviceni.StringBuilderAndBufferTest"/>
  <testcase name="testBufferAppend" time="0,000" classname="cviceni.StringBuilderAndBufferTest"/>
  <testcase name="testBuilderAppendDelete" time="0,001" classname="cviceni.StringBuilderAndBufferTest"/>
  <testcase name="testBuilderAppend" time="0,000" classname="cviceni.StringBuilderAndBufferTest"/>
  <testcase name="testBufferAppendDelete" time="0,000" classname="cviceni.StringBuilderAndBufferTest"/>
  <testcase name="testBufferAppendDelete" time="0,000" classname="cviceni.StringBuilderAndBufferTest"/>
  <testcase name="testBufferAppendDelete" time="0,000" classname="cviceni.StringBuilderAndBufferTest"/>
  <testcase name="testBufferAppendDelete" time="0,000" classname="cviceni.StringBuilderAndBufferTest"/>
  <testcase name="testBuilderAppendDelete" time="0,000" classname="cviceni.StringBuilderAndBufferTest"/>
  <testcase name="testBufferAppendDelete" time="0,000" classname="cviceni.StringBuilderAndBufferTest"/>
  <testcase name="testBuilderAppend" time="0,000" classname="cviceni.StringBuilderAndBufferTest"/>
  <testcase name="testBuilderAppendDelete" time="0,000" classname="cviceni.StringBuilderAndBufferTest"/>
  <testcase name="testBufferAppendDelete" time="0,000" classname="cviceni.StringBuilderAndBufferTest"/>
  <testcase name="testBufferAppendDelete" time="0,000" classname="cviceni.StringBuilderAndBufferTest"/>
  <testcase name="testBufferAppendDelete" time="0,001" classname="cviceni.StringBuilderAndBufferTest"/>
  <testcase name="testBufferAppendDelete" time="0,000" classname="cviceni.StringBuilderAndBufferTest"/>
  <testcase name="testBuilderAppend" time="0,000" classname="cviceni.StringBuilderAndBufferTest"/>
  <testcase name="testBuilderAppend" time="0,000" classname="cviceni.StringBuilderAndBufferTest"/>
  <testcase name="testBuilderAppendDelete" time="0,000" classname="cviceni.StringBuilderAndBufferTest"/>
  <testcase name="testBufferAppendDelete" time="0,000" classname="cviceni.StringBuilderAndBufferTest"/>
  <testcase name="testBuilderAppendDelete" time="0,000" classname="cviceni.StringBuilderAndBufferTest"/>
  <testcase name="testBufferAppendDelete" time="0,000" classname="cviceni.StringBuilderAndBufferTest"/>
  <testcase name="testBufferAppendDelete" time="0,000" classname="cviceni.StringBuilderAndBufferTest"/>
  <testcase name="testBuilderAppendDelete" time="0,000" classname="cviceni.StringBuilderAndBufferTest"/>
  <testcase name="testBuilderAppend" time="0,000" classname="cviceni.StringBuilderAndBufferTest"/>
  <testcase name="testBuilderAppend" time="0,000" classname="cviceni.StringBuilderAndBufferTest"/>
  <testcase name="testBuilderAppend" time="0,000" classname="cviceni.StringBuilderAndBufferTest"/>
  <testcase name="testBuilderAppendDelete" time="0,000" classname="cviceni.StringBuilderAndBufferTest"/>
  <testcase name="testBuilderAppend" time="0,000" classname="cviceni.StringBuilderAndBufferTest"/>
  <testcase name="testBufferAppendDelete" time="0,001" classname="cviceni.StringBuilderAndBufferTest"/>
  <testcase name="testBufferAppend" time="0,001" classname="cviceni.StringBuilderAndBufferTest"/>
  <testcase name="testBuilderAppend" time="0,000" classname="cviceni.StringBuilderAndBufferTest"/>
  <testcase name="testBuilderAppend" time="0,001" classname="cviceni.StringBuilderAndBufferTest"/>
  <testcase name="testBuilderAppend" time="0,001" classname="cviceni.StringBuilderAndBufferTest"/>
  <testcase name="testBuilderAppendDelete" time="0,001" classname="cviceni.StringBuilderAndBufferTest"/>
  <testcase name="testBuilderAppendDelete" time="0,000" classname="cviceni.StringBuilderAndBufferTest"/>
  <testcase name="testBuilderAppendDelete" time="0,000" classname="cviceni.StringBuilderAndBufferTest"/>
  <testcase name="testBufferAppendDelete" time="0,000" classname="cviceni.StringBuilderAndBufferTest"/>
  <testcase name="testBufferAppend" time="0,000" classname="cviceni.StringBuilderAndBufferTest"/>
  <testcase name="testBuilderAppendDelete" time="0,000" classname="cviceni.StringBuilderAndBufferTest"/>
  <testcase name="testBufferAppendDelete" time="0,000" classname="cviceni.StringBuilderAndBufferTest"/>
  <testcase name="testBufferAppendDelete" time="0,000" classname="cviceni.StringBuilderAndBufferTest"/>
  <testcase name="testBufferAppendDelete" time="0,000" classname="cviceni.StringBuilderAndBufferTest"/>
  <testcase name="testBufferAppend" time="0,001" classname="cviceni.StringBuilderAndBufferTest"/>
  <testcase name="testBufferAppendDelete" time="0,001" classname="cviceni.StringBuilderAndBufferTest"/>
  <testcase name="testBufferAppend" time="0,000" classname="cviceni.StringBuilderAndBufferTest"/>
  <testcase name="testBufferAppend" time="0,000" classname="cviceni.StringBuilderAndBufferTest"/>
  <testcase name="testBufferAppendDelete" time="0,001" classname="cviceni.StringBuilderAndBufferTest"/>
  <testcase name="testBufferAppend" time="0,000" classname="cviceni.StringBuilderAndBufferTest"/>
  <testcase name="testBufferAppend" time="0,001" classname="cviceni.StringBuilderAndBufferTest"/>
  <testcase name="testBufferAppend" time="0,000" classname="cviceni.StringBuilderAndBufferTest"/>
  <testcase name="testBufferAppendDelete" time="0,000" classname="cviceni.StringBuilderAndBufferTest"/>
  <testcase name="testBuilderAppend" time="0,001" classname="cviceni.StringBuilderAndBufferTest"/>
  <testcase name="testBuilderAppendDelete" time="0,000" classname="cviceni.StringBuilderAndBufferTest"/>
  <testcase name="testBuilderAppendDelete" time="0,000" classname="cviceni.StringBuilderAndBufferTest"/>
  <testcase name="testBuilderAppendDelete" time="0,001" classname="cviceni.StringBuilderAndBufferTest"/>
  <testcase name="testBufferAppend" time="0,001" classname="cviceni.StringBuilderAndBufferTest"/>
  <testcase name="testBufferAppend" time="0,000" classname="cviceni.StringBuilderAndBufferTest"/>
  <testcase name="testBufferAppend" time="0,000" classname="cviceni.StringBuilderAndBufferTest"/>
  <testcase name="testBuilderAppendDelete" time="0,000" classname="cviceni.StringBuilderAndBufferTest"/>
  <testcase name="testBuilderAppendDelete" time="0,000" classname="cviceni.StringBuilderAndBufferTest"/>
  <testcase name="testBufferAppend" time="0,000" classname="cviceni.StringBuilderAndBufferTest"/>
  <testcase name="testBufferAppend" time="0,001" classname="cviceni.StringBuilderAndBufferTest"/>
  <testcase name="testBufferAppendDelete" time="0,000" classname="cviceni.StringBuilderAndBufferTest"/>
  <testcase name="testBufferAppend" time="0,000" classname="cviceni.StringBuilderAndBufferTest"/>
  <testcase name="testBufferAppend" time="0,001" classname="cviceni.StringBuilderAndBufferTest"/>
  <testcase name="testBufferAppend" time="0,000" classname="cviceni.StringBuilderAndBufferTest"/>
  <testcase name="testBufferAppend" time="0,000" classname="cviceni.StringBuilderAndBufferTest"/>
  <testcase name="testBuilderAppend" time="0,000" classname="cviceni.StringBuilderAndBufferTest"/>
  <testcase name="testBuilderAppend" time="0,001" classname="cviceni.StringBuilderAndBufferTest"/>
  <testcase name="testBufferAppend" time="0,000" classname="cviceni.StringBuilderAndBufferTest"/>
  <testcase name="testBufferAppendDelete" time="0,000" classname="cviceni.StringBuilderAndBufferTest"/>
  <testcase name="testBuilderAppend" time="0,000" classname="cviceni.StringBuilderAndBufferTest"/>
  <testcase name="testBufferAppend" time="0,000" classname="cviceni.StringBuilderAndBufferTest"/>
  <testcase name="testBufferAppend" time="0,000" classname="cviceni.StringBuilderAndBufferTest"/>
  <testcase name="testBufferAppendDelete" time="0,000" classname="cviceni.StringBuilderAndBufferTest"/>
  <testcase name="testBufferAppendDelete" time="0,001" classname="cviceni.StringBuilderAndBufferTest"/>
  <testcase name="testBufferAppend" time="0,000" classname="cviceni.StringBuilderAndBufferTest"/>
  <testcase name="testBuilderAppendDelete" time="0,001" classname="cviceni.StringBuilderAndBufferTest"/>
  <testcase name="testBuilderAppend" time="0,001" classname="cviceni.StringBuilderAndBufferTest"/>
  <testcase name="testBuilderAppendDelete" time="0,000" classname="cviceni.StringBuilderAndBufferTest"/>
  <testcase name="testBufferAppendDelete" time="0,000" classname="cviceni.StringBuilderAndBufferTest"/>
  <testcase name="testBufferAppendDelete" time="0,000" classname="cviceni.StringBuilderAndBufferTest"/>
  <testcase name="testBuilderAppend" time="0,100" classname="cviceni.StringBuilderAndBufferTest"/>
  <testcase name="testBufferAppend" time="0,000" classname="cviceni.StringBuilderAndBufferTest"/>
  <testcase name="testBufferAppendDelete" time="0,000" classname="cviceni.StringBuilderAndBufferTest"/>
  <testcase name="testBufferAppendDelete" time="0,000" classname="cviceni.StringBuilderAndBufferTest"/>
  <testcase name="testBuilderAppendDelete" time="0,000" classname="cviceni.StringBuilderAndBufferTest"/>
  <testcase name="testBuilderAppendDelete" time="0,000" classname="cviceni.StringBuilderAndBufferTest"/>
  <testcase name="testBuilderAppend" time="0,000" classname="cviceni.StringBuilderAndBufferTest"/>
  <testcase name="testBufferAppend" time="0,000" classname="cviceni.StringBuilderAndBufferTest"/>
  <testcase name="testBufferAppend" time="0,002" classname="cviceni.StringBuilderAndBufferTest"/>
  <testcase name="testBuilderAppendDelete" time="0,000" classname="cviceni.StringBuilderAndBufferTest"/>
  <testcase name="testBuilderAppendDelete" time="0,000" classname="cviceni.StringBuilderAndBufferTest"/>
  <testcase name="testBuilderAppend" time="0,000" classname="cviceni.StringBuilderAndBufferTest"/>
  <testcase name="testBuilderAppendDelete" time="0,001" classname="cviceni.StringBuilderAndBufferTest"/>
  <testcase name="testBufferAppend" time="0,000" classname="cviceni.StringBuilderAndBufferTest"/>
  <testcase name="testBufferAppend" time="0,000" classname="cviceni.StringBuilderAndBufferTest"/>
  <testcase name="testBufferAppend" time="0,000" classname="cviceni.StringBuilderAndBufferTest"/>
  <testcase name="testBuilderAppend" time="0,000" classname="cviceni.StringBuilderAndBufferTest"/>
  <testcase name="testBufferAppendDelete" time="0,001" classname="cviceni.StringBuilderAndBufferTest"/>
  <testcase name="testBufferAppend" time="0,001" classname="cviceni.StringBuilderAndBufferTest"/>
  <testcase name="testBufferAppend" time="0,001" classname="cviceni.StringBuilderAndBufferTest"/>
  <testcase name="testBufferAppend" time="0,001" classname="cviceni.StringBuilderAndBufferTest"/>
  <testcase name="testBuilderAppendDelete" time="0,000" classname="cviceni.StringBuilderAndBufferTest"/>
  <testcase name="testBufferAppend" time="0,001" classname="cviceni.StringBuilderAndBufferTest"/>
  <testcase name="testBufferAppendDelete" time="0,000" classname="cviceni.StringBuilderAndBufferTest"/>
  <testcase name="testBuilderAppendDelete" time="0,000" classname="cviceni.StringBuilderAndBufferTest"/>
  <testcase name="testBufferAppendDelete" time="0,000" classname="cviceni.StringBuilderAndBufferTest"/>
  <testcase name="testBufferAppend" time="0,001" classname="cviceni.StringBuilderAndBufferTest"/>
  <testcase name="testBufferAppend" time="0,001" classname="cviceni.StringBuilderAndBufferTest"/>
  <testcase name="testBufferAppendDelete" time="0,001" classname="cviceni.StringBuilderAndBufferTest"/>
  <testcase name="testBuilderAppend" time="0,000" classname="cviceni.StringBuilderAndBufferTest"/>
  <testcase name="testBuilderAppend" time="0,000" classname="cviceni.StringBuilderAndBufferTest"/>
  <testcase name="testBuilderAppend" time="0,000" classname="cviceni.StringBuilderAndBufferTest"/>
  <testcase name="testBuilderAppend" time="0,000" classname="cviceni.StringBuilderAndBufferTest"/>
  <testcase name="testBuilderAppend" time="0,000" classname="cviceni.StringBuilderAndBufferTest"/>
  <testcase name="testBufferAppend" time="0,001" classname="cviceni.StringBuilderAndBufferTest"/>
  <testcase name="testBuilderAppend" time="0,001" classname="cviceni.StringBuilderAndBufferTest"/>
  <testcase name="testBufferAppend" time="0,001" classname="cviceni.StringBuilderAndBufferTest"/>
  <testcase name="testBufferAppend" time="0,000" classname="cviceni.StringBuilderAndBufferTest"/>
  <testcase name="testBuilderAppend" time="0,000" classname="cviceni.StringBuilderAndBufferTest"/>
  <testcase name="testBufferAppendDelete" time="0,000" classname="cviceni.StringBuilderAndBufferTest"/>
  <testcase name="testBufferAppendDelete" time="0,000" classname="cviceni.StringBuilderAndBufferTest"/>
  <testcase name="testBuilderAppend" time="0,000" classname="cviceni.StringBuilderAndBufferTest"/>
  <testcase name="testBuilderAppendDelete" time="0,000" classname="cviceni.StringBuilderAndBufferTest"/>
  <testcase name="testBuilderAppend" time="0,000" classname="cviceni.StringBuilderAndBufferTest"/>
  <testcase name="testBuilderAppendDelete" time="0,000" classname="cviceni.StringBuilderAndBufferTest"/>
  <testcase name="testBuilderAppendDelete" time="0,001" classname="cviceni.StringBuilderAndBufferTest"/>
  <testcase name="testBuilderAppendDelete" time="0,000" classname="cviceni.StringBuilderAndBufferTest"/>
  <testcase name="testBufferAppend" time="0,000" classname="cviceni.StringBuilderAndBufferTest"/>
  <testcase name="testBufferAppend" time="0,000" classname="cviceni.StringBuilderAndBufferTest"/>
  <testcase name="testBufferAppend" time="0,000" classname="cviceni.StringBuilderAndBufferTest"/>
  <testcase name="testBuilderAppendDelete" time="0,000" classname="cviceni.StringBuilderAndBufferTest"/>
  <testcase name="testBufferAppendDelete" time="0,000" classname="cviceni.StringBuilderAndBufferTest"/>
  <testcase name="testBufferAppendDelete" time="0,000" classname="cviceni.StringBuilderAndBufferTest"/>
  <testcase name="testBufferAppend" time="0,001" classname="cviceni.StringBuilderAndBufferTest"/>
  <testcase name="testBuilderAppendDelete" time="0,001" classname="cviceni.StringBuilderAndBufferTest"/>
  <testcase name="testBufferAppendDelete" time="0,000" classname="cviceni.StringBuilderAndBufferTest"/>
  <testcase name="testBufferAppendDelete" time="0,000" classname="cviceni.StringBuilderAndBufferTest"/>
  <testcase name="testBuilderAppendDelete" time="0,000" classname="cviceni.StringBuilderAndBufferTest"/>
  <testcase name="testBufferAppend" time="0,000" classname="cviceni.StringBuilderAndBufferTest"/>
  <testcase name="testBufferAppend" time="0,000" classname="cviceni.StringBuilderAndBufferTest"/>
  <testcase name="testBuilderAppend" time="0,000" classname="cviceni.StringBuilderAndBufferTest"/>
  <testcase name="testBufferAppend" time="0,000" classname="cviceni.StringBuilderAndBufferTest"/>
  <testcase name="testBufferAppend" time="0,000" classname="cviceni.StringBuilderAndBufferTest"/>
  <testcase name="testBufferAppend" time="0,001" classname="cviceni.StringBuilderAndBufferTest"/>
  <testcase name="testBuilderAppendDelete" time="0,000" classname="cviceni.StringBuilderAndBufferTest"/>
  <testcase name="testBuilderAppendDelete" time="0,000" classname="cviceni.StringBuilderAndBufferTest"/>
  <testcase name="testBufferAppend" time="0,000" classname="cviceni.StringBuilderAndBufferTest"/>
  <testcase name="testBufferAppendDelete" time="0,001" classname="cviceni.StringBuilderAndBufferTest"/>
  <testcase name="testBufferAppend" time="0,001" classname="cviceni.StringBuilderAndBufferTest"/>
  <testcase name="testBuilderAppend" time="0,021" classname="cviceni.StringBuilderAndBufferTest"/>
  <testcase name="testBuilderAppend" time="0,000" classname="cviceni.StringBuilderAndBufferTest"/>
  <testcase name="testBuilderAppend" time="0,000" classname="cviceni.StringBuilderAndBufferTest"/>
  <testcase name="testBuilderAppendDelete" time="0,001" classname="cviceni.StringBuilderAndBufferTest"/>
  <testcase name="testBuilderAppendDelete" time="0,000" classname="cviceni.StringBuilderAndBufferTest"/>
  <testcase name="testBuilderAppendDelete" time="0,000" classname="cviceni.StringBuilderAndBufferTest"/>
  <testcase name="testBufferAppendDelete" time="0,000" classname="cviceni.StringBuilderAndBufferTest"/>
  <testcase name="testBufferAppendDelete" time="0,000" classname="cviceni.StringBuilderAndBufferTest"/>
  <testcase name="testBuilderAppend" time="0,001" classname="cviceni.StringBuilderAndBufferTest"/>
  <testcase name="testBuilderAppend" time="0,000" classname="cviceni.StringBuilderAndBufferTest"/>
  <testcase name="testBuilderAppend" time="0,000" classname="cviceni.StringBuilderAndBufferTest"/>
  <testcase name="testBufferAppendDelete" time="0,004" classname="cviceni.StringBuilderAndBufferTest"/>
  <testcase name="testBufferAppend" time="0,000" classname="cviceni.StringBuilderAndBufferTest"/>
  <testcase name="testBuilderAppend" time="0,000" classname="cviceni.StringBuilderAndBufferTest"/>
  <testcase name="testBufferAppend" time="0,000" classname="cviceni.StringBuilderAndBufferTest"/>
  <testcase name="testBufferAppendDelete" time="0,000" classname="cviceni.StringBuilderAndBufferTest"/>
  <testcase name="testBufferAppend" time="0,000" classname="cviceni.StringBuilderAndBufferTest"/>
  <testcase name="testBuilderAppendDelete" time="0,000" classname="cviceni.StringBuilderAndBufferTest"/>
  <testcase name="testBufferAppend" time="0,001" classname="cviceni.StringBuilderAndBufferTest"/>
  <testcase name="testBuilderAppendDelete" time="0,000" classname="cviceni.StringBuilderAndBufferTest"/>
  <testcase name="testBuilderAppendDelete" time="0,001" classname="cviceni.StringBuilderAndBufferTest"/>
  <testcase name="testBufferAppend" time="0,000" classname="cviceni.StringBuilderAndBufferTest"/>
  <testcase name="testBuilderAppendDelete" time="0,001" classname="cviceni.StringBuilderAndBufferTest"/>
  <testcase name="testBufferAppendDelete" time="0,208" classname="cviceni.StringBuilderAndBufferTest"/>
  <testcase name="testBuilderAppend" time="0,000" classname="cviceni.StringBuilderAndBufferTest"/>
  <testcase name="testBufferAppendDelete" time="0,000" classname="cviceni.StringBuilderAndBufferTest"/>
  <testcase name="testBuilderAppendDelete" time="0,000" classname="cviceni.StringBuilderAndBufferTest"/>
  <testcase name="testBuilderAppend" time="0,000" classname="cviceni.StringBuilderAndBufferTest"/>
  <testcase name="testBufferAppend" time="0,000" classname="cviceni.StringBuilderAndBufferTest"/>
  <testcase name="testBuilderAppend" time="0,000" classname="cviceni.StringBuilderAndBufferTest"/>
  <testcase name="testBufferAppend" time="0,000" classname="cviceni.StringBuilderAndBufferTest"/>
  <testcase name="testBufferAppend" time="0,000" classname="cviceni.StringBuilderAndBufferTest"/>
  <testcase name="testBuilderAppend" time="0,000" classname="cviceni.StringBuilderAndBufferTest"/>
  <testcase name="testBufferAppendDelete" time="0,000" classname="cviceni.StringBuilderAndBufferTest"/>
  <testcase name="testBufferAppend" time="0,000" classname="cviceni.StringBuilderAndBufferTest"/>
  <testcase name="testBuilderAppend" time="0,000" classname="cviceni.StringBuilderAndBufferTest"/>
  <testcase name="testBufferAppendDelete" time="0,000" classname="cviceni.StringBuilderAndBufferTest"/>
  <testcase name="testBuilderAppend" time="0,000" classname="cviceni.StringBuilderAndBufferTest"/>
  <testcase name="testBufferAppendDelete" time="0,000" classname="cviceni.StringBuilderAndBufferTest"/>
  <testcase name="testBufferAppend" time="0,001" classname="cviceni.StringBuilderAndBufferTest"/>
  <testcase name="testBufferAppendDelete" time="0,000" classname="cviceni.StringBuilderAndBufferTest"/>
  <testcase name="testBufferAppend" time="0,000" classname="cviceni.StringBuilderAndBufferTest"/>
  <testcase name="testBufferAppend" time="0,000" classname="cviceni.StringBuilderAndBufferTest"/>
  <testcase name="testBuilderAppend" time="0,001" classname="cviceni.StringBuilderAndBufferTest"/>
  <testcase name="testBufferAppendDelete" time="0,001" classname="cviceni.StringBuilderAndBufferTest"/>
  <testcase name="testBuilderAppend" time="0,001" classname="cviceni.StringBuilderAndBufferTest"/>
  <testcase name="testBuilderAppend" time="0,000" classname="cviceni.StringBuilderAndBufferTest"/>
  <testcase name="testBuilderAppendDelete" time="0,000" classname="cviceni.StringBuilderAndBufferTest"/>
  <testcase name="testBuilderAppendDelete" time="0,193" classname="cviceni.StringBuilderAndBufferTest"/>
  <testcase name="testBuilderAppend" time="0,000" classname="cviceni.StringBuilderAndBufferTest"/>
  <testcase name="testBufferAppend" time="0,000" classname="cviceni.StringBuilderAndBufferTest"/>
  <testcase name="testBufferAppend" time="0,000" classname="cviceni.StringBuilderAndBufferTest"/>
  <testcase name="testBuilderAppend" time="0,001" classname="cviceni.StringBuilderAndBufferTest"/>
  <testcase name="testBufferAppendDelete" time="0,000" classname="cviceni.StringBuilderAndBufferTest"/>
  <testcase name="testBufferAppendDelete" time="0,000" classname="cviceni.StringBuilderAndBufferTest"/>
  <testcase name="testBufferAppend" time="0,000" classname="cviceni.StringBuilderAndBufferTest"/>
  <testcase name="testBufferAppend" time="0,000" classname="cviceni.StringBuilderAndBufferTest"/>
  <testcase name="testBuilderAppend" time="0,001" classname="cviceni.StringBuilderAndBufferTest"/>
  <testcase name="testBuilderAppend" time="0,000" classname="cviceni.StringBuilderAndBufferTest"/>
  <testcase name="testBufferAppend" time="0,000" classname="cviceni.StringBuilderAndBufferTest"/>
  <testcase name="testBufferAppend" time="0,000" classname="cviceni.StringBuilderAndBufferTest"/>
  <testcase name="testBufferAppendDelete" time="0,000" classname="cviceni.StringBuilderAndBufferTest"/>
  <testcase name="testBuilderAppendDelete" time="0,000" classname="cviceni.StringBuilderAndBufferTest"/>
  <testcase name="testBuilderAppend" time="0,000" classname="cviceni.StringBuilderAndBufferTest"/>
  <testcase name="testBufferAppend" time="0,001" classname="cviceni.StringBuilderAndBufferTest"/>
  <testcase name="testBufferAppendDelete" time="0,002" classname="cviceni.StringBuilderAndBufferTest"/>
  <testcase name="testBufferAppendDelete" time="0,000" classname="cviceni.StringBuilderAndBufferTest"/>
  <testcase name="testBuilderAppendDelete" time="0,000" classname="cviceni.StringBuilderAndBufferTest"/>
  <testcase name="testBufferAppendDelete" time="0,000" classname="cviceni.StringBuilderAndBufferTest"/>
  <testcase name="testBuilderAppend" time="0,001" classname="cviceni.StringBuilderAndBufferTest"/>
  <testcase name="testBuilderAppendDelete" time="0,000" classname="cviceni.StringBuilderAndBufferTest"/>
  <testcase name="testBuilderAppend" time="0,001" classname="cviceni.StringBuilderAndBufferTest"/>
  <testcase name="testBuilderAppendDelete" time="0,035" classname="cviceni.StringBuilderAndBufferTest"/>
  <testcase name="testBufferAppend" time="0,001" classname="cviceni.StringBuilderAndBufferTest"/>
  <testcase name="testBufferAppend" time="0,001" classname="cviceni.StringBuilderAndBufferTest"/>
  <testcase name="testBufferAppendDelete" time="0,001" classname="cviceni.StringBuilderAndBufferTest"/>
  <testcase name="testBufferAppendDelete" time="0,000" classname="cviceni.StringBuilderAndBufferTest"/>
  <testcase name="testBufferAppendDelete" time="0,000" classname="cviceni.StringBuilderAndBufferTest"/>
  <testcase name="testBuilderAppend" time="0,000" classname="cviceni.StringBuilderAndBufferTest"/>
  <testcase name="testBufferAppendDelete" time="0,000" classname="cviceni.StringBuilderAndBufferTest"/>
  <testcase name="testBufferAppend" time="0,000" classname="cviceni.StringBuilderAndBufferTest"/>
  <testcase name="testBuilderAppend" time="0,000" classname="cviceni.StringBuilderAndBufferTest"/>
  <testcase name="testBufferAppendDelete" time="0,000" classname="cviceni.StringBuilderAndBufferTest"/>
  <testcase name="testBuilderAppend" time="0,000" classname="cviceni.StringBuilderAndBufferTest"/>
  <testcase name="testBufferAppendDelete" time="0,000" classname="cviceni.StringBuilderAndBufferTest"/>
  <testcase name="testBuilderAppendDelete" time="0,000" classname="cviceni.StringBuilderAndBufferTest"/>
  <testcase name="testBufferAppendDelete" time="0,001" classname="cviceni.StringBuilderAndBufferTest"/>
  <testcase name="testBufferAppend" time="0,000" classname="cviceni.StringBuilderAndBufferTest"/>
  <testcase name="testBufferAppend" time="0,000" classname="cviceni.StringBuilderAndBufferTest"/>
  <testcase name="testBuilderAppend" time="0,000" classname="cviceni.StringBuilderAndBufferTest"/>
  <testcase name="testBufferAppendDelete" time="0,000" classname="cviceni.StringBuilderAndBufferTest"/>
  <testcase name="testBuilderAppendDelete" time="0,000" classname="cviceni.StringBuilderAndBufferTest"/>
  <testcase name="testBuilderAppend" time="0,001" classname="cviceni.StringBuilderAndBufferTest"/>
  <testcase name="testBufferAppend" time="0,001" classname="cviceni.StringBuilderAndBufferTest"/>
  <testcase name="testBufferAppendDelete" time="0,000" classname="cviceni.StringBuilderAndBufferTest"/>
  <testcase name="testBufferAppend" time="0,001" classname="cviceni.StringBuilderAndBufferTest"/>
  <testcase name="testBufferAppendDelete" time="0,000" classname="cviceni.StringBuilderAndBufferTest"/>
  <testcase name="testBuilderAppend" time="0,001" classname="cviceni.StringBuilderAndBufferTest"/>
  <testcase name="testBuilderAppend" time="0,000" classname="cviceni.StringBuilderAndBufferTest"/>
  <testcase name="testBufferAppend" time="0,000" classname="cviceni.StringBuilderAndBufferTest"/>
  <testcase name="testBuilderAppendDelete" time="0,000" classname="cviceni.StringBuilderAndBufferTest"/>
  <testcase name="testBufferAppendDelete" time="0,000" classname="cviceni.StringBuilderAndBufferTest"/>
  <testcase name="testBuilderAppend" time="0,000" classname="cviceni.StringBuilderAndBufferTest"/>
  <testcase name="testBuilderAppend" time="0,000" classname="cviceni.StringBuilderAndBufferTest"/>
  <testcase name="testBufferAppend" time="0,000" classname="cviceni.StringBuilderAndBufferTest"/>
  <testcase name="testBuilderAppend" time="0,001" classname="cviceni.StringBuilderAndBufferTest"/>
  <testcase name="testBufferAppend" time="0,001" classname="cviceni.StringBuilderAndBufferTest"/>
  <testcase name="testBufferAppendDelete" time="0,007" classname="cviceni.StringBuilderAndBufferTest"/>
  <testcase name="testBufferAppend" time="0,000" classname="cviceni.StringBuilderAndBufferTest"/>
  <testcase name="testBuilderAppendDelete" time="0,000" classname="cviceni.StringBuilderAndBufferTest"/>
  <testcase name="testBuilderAppendDelete" time="0,000" classname="cviceni.StringBuilderAndBufferTest"/>
  <testcase name="testBufferAppendDelete" time="0,000" classname="cviceni.StringBuilderAndBufferTest"/>
  <testcase name="testBufferAppend" time="0,000" classname="cviceni.StringBuilderAndBufferTest"/>
  <testcase name="testBuilderAppendDelete" time="0,001" classname="cviceni.StringBuilderAndBufferTest"/>
  <testcase name="testBufferAppendDelete" time="0,000" classname="cviceni.StringBuilderAndBufferTest"/>
  <testcase name="testBuilderAppend" time="0,000" classname="cviceni.StringBuilderAndBufferTest"/>
  <testcase name="testBufferAppendDelete" time="0,000" classname="cviceni.StringBuilderAndBufferTest"/>
  <testcase name="testBuilderAppend" time="0,000" classname="cviceni.StringBuilderAndBufferTest"/>
  <testcase name="testBufferAppendDelete" time="0,001" classname="cviceni.StringBuilderAndBufferTest"/>
  <testcase name="testBufferAppendDelete" time="0,001" classname="cviceni.StringBuilderAndBufferTest"/>
  <testcase name="testBufferAppendDelete" time="0,000" classname="cviceni.StringBuilderAndBufferTest"/>
  <testcase name="testBufferAppend" time="0,000" classname="cviceni.StringBuilderAndBufferTest"/>
  <testcase name="testBufferAppendDelete" time="0,001" classname="cviceni.StringBuilderAndBufferTest"/>
  <testcase name="testBuilderAppendDelete" time="0,000" classname="cviceni.StringBuilderAndBufferTest"/>
  <testcase name="testBuilderAppendDelete" time="0,000" classname="cviceni.StringBuilderAndBufferTest"/>
  <testcase name="testBuilderAppend" time="0,001" classname="cviceni.StringBuilderAndBufferTest"/>
  <testcase name="testBuilderAppend" time="0,001" classname="cviceni.StringBuilderAndBufferTest"/>
  <testcase name="testBuilderAppend" time="0,000" classname="cviceni.StringBuilderAndBufferTest"/>
  <testcase name="testBufferAppend" time="0,000" classname="cviceni.StringBuilderAndBufferTest"/>
  <testcase name="testBufferAppendDelete" time="0,001" classname="cviceni.StringBuilderAndBufferTest"/>
  <testcase name="testBufferAppendDelete" time="0,001" classname="cviceni.StringBuilderAndBufferTest"/>
  <testcase name="testBufferAppendDelete" time="0,000" classname="cviceni.StringBuilderAndBufferTest"/>
  <testcase name="testBufferAppendDelete" time="0,001" classname="cviceni.StringBuilderAndBufferTest"/>
  <testcase name="testBuilderAppend" time="0,000" classname="cviceni.StringBuilderAndBufferTest"/>
  <testcase name="testBuilderAppend" time="0,000" classname="cviceni.StringBuilderAndBufferTest"/>
  <testcase name="testBufferAppend" time="0,000" classname="cviceni.StringBuilderAndBufferTest"/>
  <testcase name="testBufferAppendDelete" time="0,000" classname="cviceni.StringBuilderAndBufferTest"/>
  <testcase name="testBufferAppend" time="0,000" classname="cviceni.StringBuilderAndBufferTest"/>
  <testcase name="testBuilderAppendDelete" time="0,011" classname="cviceni.StringBuilderAndBufferTest"/>
  <testcase name="testBufferAppend" time="0,000" classname="cviceni.StringBuilderAndBufferTest"/>
  <testcase name="testBuilderAppend" time="0,000" classname="cviceni.StringBuilderAndBufferTest"/>
  <testcase name="testBufferAppendDelete" time="0,000" classname="cviceni.StringBuilderAndBufferTest"/>
  <testcase name="testBuilderAppend" time="0,000" classname="cviceni.StringBuilderAndBufferTest"/>
  <testcase name="testBufferAppend" time="0,000" classname="cviceni.StringBuilderAndBufferTest"/>
  <testcase name="testBufferAppendDelete" time="0,000" classname="cviceni.StringBuilderAndBufferTest"/>
  <testcase name="testBuilderAppendDelete" time="0,001" classname="cviceni.StringBuilderAndBufferTest"/>
  <testcase name="testBuilderAppend" time="0,000" classname="cviceni.StringBuilderAndBufferTest"/>
  <testcase name="testBuilderAppend" time="0,000" classname="cviceni.StringBuilderAndBufferTest"/>
  <testcase name="testBuilderAppendDelete" time="0,001" classname="cviceni.StringBuilderAndBufferTest"/>
  <testcase name="testBuilderAppendDelete" time="0,000" classname="cviceni.StringBuilderAndBufferTest"/>
  <testcase name="testBuilderAppendDelete" time="0,001" classname="cviceni.StringBuilderAndBufferTest"/>
  <testcase name="testBufferAppendDelete" time="0,001" classname="cviceni.StringBuilderAndBufferTest"/>
  <testcase name="testBufferAppendDelete" time="0,000" classname="cviceni.StringBuilderAndBufferTest"/>
  <testcase name="testBufferAppend" time="0,001" classname="cviceni.StringBuilderAndBufferTest"/>
  <testcase name="testBuilderAppendDelete" time="0,000" classname="cviceni.StringBuilderAndBufferTest"/>
  <testcase name="testBufferAppend" time="0,000" classname="cviceni.StringBuilderAndBufferTest"/>
  <testcase name="testBufferAppendDelete" time="0,001" classname="cviceni.StringBuilderAndBufferTest"/>
  <testcase name="testBuilderAppend" time="0,001" classname="cviceni.StringBuilderAndBufferTest"/>
  <testcase name="testBuilderAppendDelete" time="0,001" classname="cviceni.StringBuilderAndBufferTest"/>
  <testcase name="testBufferAppendDelete" time="0,000" classname="cviceni.StringBuilderAndBufferTest"/>
  <testcase name="testBuilderAppendDelete" time="0,001" classname="cviceni.StringBuilderAndBufferTest"/>
  <testcase name="testBufferAppend" time="0,000" classname="cviceni.StringBuilderAndBufferTest"/>
  <testcase name="testBufferAppend" time="0,000" classname="cviceni.StringBuilderAndBufferTest"/>
  <testcase name="testBuilderAppendDelete" time="0,000" classname="cviceni.StringBuilderAndBufferTest"/>
  <testcase name="testBuilderAppendDelete" time="0,000" classname="cviceni.StringBuilderAndBufferTest"/>
  <testcase name="testBuilderAppend" time="0,000" classname="cviceni.StringBuilderAndBufferTest"/>
  <testcase name="testBufferAppend" time="0,000" classname="cviceni.StringBuilderAndBufferTest"/>
  <testcase name="testBufferAppend" time="0,000" classname="cviceni.StringBuilderAndBufferTest"/>
  <testcase name="testBufferAppendDelete" time="0,000" classname="cviceni.StringBuilderAndBufferTest"/>
  <testcase name="testBufferAppend" time="0,001" classname="cviceni.StringBuilderAndBufferTest"/>
  <testcase name="testBuilderAppend" time="0,000" classname="cviceni.StringBuilderAndBufferTest"/>
  <testcase name="testBufferAppendDelete" time="0,001" classname="cviceni.StringBuilderAndBufferTest"/>
  <testcase name="testBufferAppendDelete" time="0,000" classname="cviceni.StringBuilderAndBufferTest"/>
  <testcase name="testBufferAppend" time="0,000" classname="cviceni.StringBuilderAndBufferTest"/>
  <testcase name="testBufferAppendDelete" time="0,000" classname="cviceni.StringBuilderAndBufferTest"/>
  <testcase name="testBufferAppendDelete" time="0,000" classname="cviceni.StringBuilderAndBufferTest"/>
  <testcase name="testBufferAppendDelete" time="0,000" classname="cviceni.StringBuilderAndBufferTest"/>
  <testcase name="testBufferAppend" time="0,000" classname="cviceni.StringBuilderAndBufferTest"/>
  <testcase name="testBufferAppendDelete" time="0,000" classname="cviceni.StringBuilderAndBufferTest"/>
  <testcase name="testBuilderAppendDelete" time="0,000" classname="cviceni.StringBuilderAndBufferTest"/>
  <testcase name="testBuilderAppend" time="0,000" classname="cviceni.StringBuilderAndBufferTest"/>
  <testcase name="testBuilderAppend" time="0,000" classname="cviceni.StringBuilderAndBufferTest"/>
  <testcase name="testBuilderAppend" time="0,001" classname="cviceni.StringBuilderAndBufferTest"/>
  <testcase name="testBufferAppendDelete" time="0,000" classname="cviceni.StringBuilderAndBufferTest"/>
  <testcase name="testBuilderAppendDelete" time="0,000" classname="cviceni.StringBuilderAndBufferTest"/>
  <testcase name="testBufferAppendDelete" time="0,000" classname="cviceni.StringBuilderAndBufferTest"/>
  <testcase name="testBuilderAppendDelete" time="0,000" classname="cviceni.StringBuilderAndBufferTest"/>
  <testcase name="testBuilderAppend" time="0,000" classname="cviceni.StringBuilderAndBufferTest"/>
  <testcase name="testBufferAppend" time="0,000" classname="cviceni.StringBuilderAndBufferTest"/>
  <testcase name="testBufferAppend" time="0,000" classname="cviceni.StringBuilderAndBufferTest"/>
  <testcase name="testBuilderAppend" time="0,001" classname="cviceni.StringBuilderAndBufferTest"/>
  <testcase name="testBufferAppendDelete" time="0,001" classname="cviceni.StringBuilderAndBufferTest"/>
  <testcase name="testBufferAppend" time="0,000" classname="cviceni.StringBuilderAndBufferTest"/>
  <testcase name="testBuilderAppendDelete" time="0,000" classname="cviceni.StringBuilderAndBufferTest"/>
  <testcase name="testBuilderAppendDelete" time="0,000" classname="cviceni.StringBuilderAndBufferTest"/>
  <testcase name="testBuilderAppend" time="0,000" classname="cviceni.StringBuilderAndBufferTest"/>
  <testcase name="testBuilderAppend" time="0,000" classname="cviceni.StringBuilderAndBufferTest"/>
  <testcase name="testBufferAppend" time="0,000" classname="cviceni.StringBuilderAndBufferTest"/>
  <testcase name="testBuilderAppend" time="0,000" classname="cviceni.StringBuilderAndBufferTest"/>
  <testcase name="testBuilderAppendDelete" time="0,000" classname="cviceni.StringBuilderAndBufferTest"/>
  <testcase name="testBuilderAppendDelete" time="0,001" classname="cviceni.StringBuilderAndBufferTest"/>
  <testcase name="testBuilderAppendDelete" time="0,001" classname="cviceni.StringBuilderAndBufferTest"/>
  <testcase name="testBuilderAppendDelete" time="0,000" classname="cviceni.StringBuilderAndBufferTest"/>
  <testcase name="testBuilderAppendDelete" time="0,000" classname="cviceni.StringBuilderAndBufferTest"/>
  <testcase name="testBufferAppend" time="0,000" classname="cviceni.StringBuilderAndBufferTest"/>
  <testcase name="testBuilderAppendDelete" time="0,000" classname="cviceni.StringBuilderAndBufferTest"/>
  <testcase name="testBufferAppendDelete" time="0,001" classname="cviceni.StringBuilderAndBufferTest"/>
  <testcase name="testBufferAppendDelete" time="0,001" classname="cviceni.StringBuilderAndBufferTest"/>
  <testcase name="testBufferAppend" time="0,000" classname="cviceni.StringBuilderAndBufferTest"/>
  <testcase name="testBufferAppend" time="0,000" classname="cviceni.StringBuilderAndBufferTest"/>
  <testcase name="testBuilderAppend" time="0,000" classname="cviceni.StringBuilderAndBufferTest"/>
  <testcase name="testBufferAppend" time="0,000" classname="cviceni.StringBuilderAndBufferTest"/>
  <testcase name="testBufferAppendDelete" time="0,000" classname="cviceni.StringBuilderAndBufferTest"/>
  <testcase name="testBuilderAppend" time="0,000" classname="cviceni.StringBuilderAndBufferTest"/>
  <testcase name="testBufferAppendDelete" time="0,001" classname="cviceni.StringBuilderAndBufferTest"/>
  <testcase name="testBufferAppendDelete" time="0,000" classname="cviceni.StringBuilderAndBufferTest"/>
  <testcase name="testBufferAppend" time="0,000" classname="cviceni.StringBuilderAndBufferTest"/>
  <testcase name="testBuilderAppend" time="0,000" classname="cviceni.StringBuilderAndBufferTest"/>
  <testcase name="testBuilderAppendDelete" time="0,000" classname="cviceni.StringBuilderAndBufferTest"/>
  <testcase name="testBuilderAppendDelete" time="0,000" classname="cviceni.StringBuilderAndBufferTest"/>
  <testcase name="testBufferAppend" time="0,001" classname="cviceni.StringBuilderAndBufferTest"/>
  <testcase name="testBuilderAppendDelete" time="0,001" classname="cviceni.StringBuilderAndBufferTest"/>
  <testcase name="testBufferAppendDelete" time="0,001" classname="cviceni.StringBuilderAndBufferTest"/>
  <testcase name="testBuilderAppend" time="0,000" classname="cviceni.StringBuilderAndBufferTest"/>
  <testcase name="testBuilderAppend" time="0,184" classname="cviceni.StringBuilderAndBufferTest"/>
  <testcase name="testBuilderAppendDelete" time="0,000" classname="cviceni.StringBuilderAndBufferTest"/>
  <testcase name="testBufferAppendDelete" time="0,000" classname="cviceni.StringBuilderAndBufferTest"/>
  <testcase name="testBuilderAppend" time="0,001" classname="cviceni.StringBuilderAndBufferTest"/>
  <testcase name="testBufferAppendDelete" time="0,000" classname="cviceni.StringBuilderAndBufferTest"/>
  <testcase name="testBufferAppendDelete" time="0,000" classname="cviceni.StringBuilderAndBufferTest"/>
  <testcase name="testBufferAppend" time="0,000" classname="cviceni.StringBuilderAndBufferTest"/>
  <testcase name="testBuilderAppend" time="0,000" classname="cviceni.StringBuilderAndBufferTest"/>
  <testcase name="testBufferAppend" time="0,001" classname="cviceni.StringBuilderAndBufferTest"/>
  <testcase name="testBufferAppendDelete" time="0,000" classname="cviceni.StringBuilderAndBufferTest"/>
  <testcase name="testBuilderAppendDelete" time="0,001" classname="cviceni.StringBuilderAndBufferTest"/>
  <testcase name="testBuilderAppend" time="0,000" classname="cviceni.StringBuilderAndBufferTest"/>
  <testcase name="testBuilderAppendDelete" time="0,000" classname="cviceni.StringBuilderAndBufferTest"/>
  <testcase name="testBuilderAppendDelete" time="0,000" classname="cviceni.StringBuilderAndBufferTest"/>
  <testcase name="testBufferAppend" time="0,001" classname="cviceni.StringBuilderAndBufferTest"/>
  <testcase name="testBufferAppend" time="0,000" classname="cviceni.StringBuilderAndBufferTest"/>
  <testcase name="testBufferAppend" time="0,000" classname="cviceni.StringBuilderAndBufferTest"/>
  <testcase name="testBuilderAppend" time="0,000" classname="cviceni.StringBuilderAndBufferTest"/>
  <testcase name="testBuilderAppendDelete" time="0,000" classname="cviceni.StringBuilderAndBufferTest"/>
  <testcase name="testBuilderAppend" time="0,000" classname="cviceni.StringBuilderAndBufferTest"/>
  <testcase name="testBufferAppendDelete" time="0,000" classname="cviceni.StringBuilderAndBufferTest"/>
  <testcase name="testBufferAppendDelete" time="0,000" classname="cviceni.StringBuilderAndBufferTest"/>
  <testcase name="testBuilderAppend" time="0,000" classname="cviceni.StringBuilderAndBufferTest"/>
  <testcase name="testBuilderAppendDelete" time="0,000" classname="cviceni.StringBuilderAndBufferTest"/>
  <testcase name="testBufferAppendDelete" time="0,000" classname="cviceni.StringBuilderAndBufferTest"/>
  <testcase name="testBuilderAppend" time="0,000" classname="cviceni.StringBuilderAndBufferTest"/>
  <testcase name="testBufferAppendDelete" time="0,000" classname="cviceni.StringBuilderAndBufferTest"/>
  <testcase name="testBuilderAppendDelete" time="0,000" classname="cviceni.StringBuilderAndBufferTest"/>
  <testcase name="testBuilderAppend" time="0,000" classname="cviceni.StringBuilderAndBufferTest"/>
  <testcase name="testBufferAppendDelete" time="0,000" classname="cviceni.StringBuilderAndBufferTest"/>
  <testcase name="testBufferAppendDelete" time="0,000" classname="cviceni.StringBuilderAndBufferTest"/>
  <testcase name="testBuilderAppendDelete" time="0,001" classname="cviceni.StringBuilderAndBufferTest"/>
  <testcase name="testBuilderAppend" time="0,000" classname="cviceni.StringBuilderAndBufferTest"/>
  <testcase name="testBufferAppend" time="0,000" classname="cviceni.StringBuilderAndBufferTest"/>
  <testcase name="testBufferAppendDelete" time="0,001" classname="cviceni.StringBuilderAndBufferTest"/>
  <testcase name="testBuilderAppend" time="0,001" classname="cviceni.StringBuilderAndBufferTest"/>
  <testcase name="testBufferAppendDelete" time="0,000" classname="cviceni.StringBuilderAndBufferTest"/>
  <testcase name="testBuilderAppendDelete" time="0,001" classname="cviceni.StringBuilderAndBufferTest"/>
  <testcase name="testBuilderAppendDelete" time="0,001" classname="cviceni.StringBuilderAndBufferTest"/>
  <testcase name="testBuilderAppendDelete" time="0,000" classname="cviceni.StringBuilderAndBufferTest"/>
  <testcase name="testBufferAppend" time="0,001" classname="cviceni.StringBuilderAndBufferTest"/>
  <testcase name="testBufferAppendDelete" time="0,001" classname="cviceni.StringBuilderAndBufferTest"/>
  <testcase name="testBufferAppend" time="0,000" classname="cviceni.StringBuilderAndBufferTest"/>
  <testcase name="testBufferAppendDelete" time="0,000" classname="cviceni.StringBuilderAndBufferTest"/>
  <testcase name="testBuilderAppendDelete" time="0,000" classname="cviceni.StringBuilderAndBufferTest"/>
  <testcase name="testBuilderAppendDelete" time="0,000" classname="cviceni.StringBuilderAndBufferTest"/>
  <testcase name="testBufferAppend" time="0,001" classname="cviceni.StringBuilderAndBufferTest"/>
  <testcase name="testBufferAppendDelete" time="0,001" classname="cviceni.StringBuilderAndBufferTest"/>
  <testcase name="testBuilderAppendDelete" time="0,000" classname="cviceni.StringBuilderAndBufferTest"/>
  <testcase name="testBufferAppendDelete" time="0,000" classname="cviceni.StringBuilderAndBufferTest"/>
  <testcase name="testBufferAppend" time="0,000" classname="cviceni.StringBuilderAndBufferTest"/>
  <testcase name="testBufferAppend" time="0,000" classname="cviceni.StringBuilderAndBufferTest"/>
  <testcase name="testBufferAppend" time="0,001" classname="cviceni.StringBuilderAndBufferTest"/>
  <testcase name="testBufferAppendDelete" time="0,000" classname="cviceni.StringBuilderAndBufferTest"/>
  <testcase name="testBufferAppend" time="0,000" classname="cviceni.StringBuilderAndBufferTest"/>
  <testcase name="testBufferAppend" time="0,001" classname="cviceni.StringBuilderAndBufferTest"/>
  <testcase name="testBufferAppend" time="0,001" classname="cviceni.StringBuilderAndBufferTest"/>
  <testcase name="testBufferAppendDelete" time="0,000" classname="cviceni.StringBuilderAndBufferTest"/>
  <testcase name="testBufferAppend" time="0,000" classname="cviceni.StringBuilderAndBufferTest"/>
  <testcase name="testBufferAppend" time="0,000" classname="cviceni.StringBuilderAndBufferTest"/>
  <testcase name="testBufferAppend" time="0,000" classname="cviceni.StringBuilderAndBufferTest"/>
  <testcase name="testBufferAppend" time="0,000" classname="cviceni.StringBuilderAndBufferTest"/>
  <testcase name="testBufferAppendDelete" time="0,001" classname="cviceni.StringBuilderAndBufferTest"/>
  <testcase name="testBufferAppend" time="0,000" classname="cviceni.StringBuilderAndBufferTest"/>
  <testcase name="testBufferAppend" time="0,000" classname="cviceni.StringBuilderAndBufferTest"/>
  <testcase name="testBuilderAppendDelete" time="0,000" classname="cviceni.StringBuilderAndBufferTest"/>
  <testcase name="testBufferAppendDelete" time="0,000" classname="cviceni.StringBuilderAndBufferTest"/>
  <testcase name="testBufferAppendDelete" time="0,001" classname="cviceni.StringBuilderAndBufferTest"/>
  <testcase name="testBufferAppendDelete" time="0,001" classname="cviceni.StringBuilderAndBufferTest"/>
  <testcase name="testBufferAppendDelete" time="0,000" classname="cviceni.StringBuilderAndBufferTest"/>
  <testcase name="testBuilderAppendDelete" time="0,001" classname="cviceni.StringBuilderAndBufferTest"/>
  <testcase name="testBuilderAppendDelete" time="0,001" classname="cviceni.StringBuilderAndBufferTest"/>
  <testcase name="testBuilderAppendDelete" time="0,001" classname="cviceni.StringBuilderAndBufferTest"/>
  <testcase name="testBuilderAppendDelete" time="0,000" classname="cviceni.StringBuilderAndBufferTest"/>
  <testcase name="testBuilderAppend" time="0,001" classname="cviceni.StringBuilderAndBufferTest"/>
  <testcase name="testBuilderAppendDelete" time="0,005" classname="cviceni.StringBuilderAndBufferTest"/>
  <testcase name="testBuilderAppend" time="0,000" classname="cviceni.StringBuilderAndBufferTest"/>
  <testcase name="testBuilderAppend" time="0,000" classname="cviceni.StringBuilderAndBufferTest"/>
  <testcase name="testBuilderAppendDelete" time="0,000" classname="cviceni.StringBuilderAndBufferTest"/>
  <testcase name="testBufferAppend" time="0,001" classname="cviceni.StringBuilderAndBufferTest"/>
  <testcase name="testBuilderAppendDelete" time="0,000" classname="cviceni.StringBuilderAndBufferTest"/>
  <testcase name="testBufferAppendDelete" time="0,000" classname="cviceni.StringBuilderAndBufferTest"/>
  <testcase name="testBufferAppend" time="0,000" classname="cviceni.StringBuilderAndBufferTest"/>
  <testcase name="testBufferAppend" time="0,000" classname="cviceni.StringBuilderAndBufferTest"/>
  <testcase name="testBufferAppendDelete" time="0,001" classname="cviceni.StringBuilderAndBufferTest"/>
  <testcase name="testBuilderAppendDelete" time="0,000" classname="cviceni.StringBuilderAndBufferTest"/>
  <testcase name="testBufferAppend" time="0,001" classname="cviceni.StringBuilderAndBufferTest"/>
  <testcase name="testBufferAppendDelete" time="0,001" classname="cviceni.StringBuilderAndBufferTest"/>
  <testcase name="testBuilderAppend" time="0,000" classname="cviceni.StringBuilderAndBufferTest"/>
  <testcase name="testBufferAppend" time="0,001" classname="cviceni.StringBuilderAndBufferTest"/>
  <testcase name="testBuilderAppend" time="0,000" classname="cviceni.StringBuilderAndBufferTest"/>
  <testcase name="testBuilderAppendDelete" time="0,000" classname="cviceni.StringBuilderAndBufferTest"/>
  <testcase name="testBufferAppendDelete" time="0,001" classname="cviceni.StringBuilderAndBufferTest"/>
  <testcase name="testBuilderAppendDelete" time="0,000" classname="cviceni.StringBuilderAndBufferTest"/>
  <testcase name="testBuilderAppend" time="0,000" classname="cviceni.StringBuilderAndBufferTest"/>
  <testcase name="testBuilderAppend" time="0,001" classname="cviceni.StringBuilderAndBufferTest"/>
  <testcase name="testBuilderAppendDelete" time="0,001" classname="cviceni.StringBuilderAndBufferTest"/>
  <testcase name="testBuilderAppendDelete" time="0,000" classname="cviceni.StringBuilderAndBufferTest"/>
  <testcase name="testBufferAppend" time="0,000" classname="cviceni.StringBuilderAndBufferTest"/>
  <testcase name="testBuilderAppend" time="0,001" classname="cviceni.StringBuilderAndBufferTest"/>
  <testcase name="testBuilderAppendDelete" time="0,001" classname="cviceni.StringBuilderAndBufferTest"/>
  <testcase name="testBufferAppendDelete" time="0,000" classname="cviceni.StringBuilderAndBufferTest"/>
  <testcase name="testBufferAppendDelete" time="0,000" classname="cviceni.StringBuilderAndBufferTest"/>
  <testcase name="testBufferAppendDelete" time="0,000" classname="cviceni.StringBuilderAndBufferTest"/>
  <testcase name="testBuilderAppendDelete" time="0,001" classname="cviceni.StringBuilderAndBufferTest"/>
  <testcase name="testBufferAppend" time="0,000" classname="cviceni.StringBuilderAndBufferTest"/>
  <testcase name="testBufferAppendDelete" time="0,002" classname="cviceni.StringBuilderAndBufferTest"/>
  <testcase name="testBuilderAppendDelete" time="0,001" classname="cviceni.StringBuilderAndBufferTest"/>
  <testcase name="testBuilderAppend" time="0,000" classname="cviceni.StringBuilderAndBufferTest"/>
  <testcase name="testBuilderAppendDelete" time="0,001" classname="cviceni.StringBuilderAndBufferTest"/>
  <testcase name="testBuilderAppend" time="0,001" classname="cviceni.StringBuilderAndBufferTest"/>
  <testcase name="testBufferAppend" time="0,000" classname="cviceni.StringBuilderAndBufferTest"/>
  <testcase name="testBufferAppend" time="0,001" classname="cviceni.StringBuilderAndBufferTest"/>
  <testcase name="testBuilderAppendDelete" time="0,000" classname="cviceni.StringBuilderAndBufferTest"/>
  <testcase name="testBufferAppend" time="0,000" classname="cviceni.StringBuilderAndBufferTest"/>
  <testcase name="testBufferAppendDelete" time="0,000" classname="cviceni.StringBuilderAndBufferTest"/>
  <testcase name="testBuilderAppendDelete" time="0,001" classname="cviceni.StringBuilderAndBufferTest"/>
  <testcase name="testBuilderAppend" time="0,001" classname="cviceni.StringBuilderAndBufferTest"/>
  <testcase name="testBuilderAppendDelete" time="0,001" classname="cviceni.StringBuilderAndBufferTest"/>
  <testcase name="testBufferAppend" time="0,001" classname="cviceni.StringBuilderAndBufferTest"/>
  <testcase name="testBufferAppend" time="0,001" classname="cviceni.StringBuilderAndBufferTest"/>
  <testcase name="testBufferAppendDelete" time="0,001" classname="cviceni.StringBuilderAndBufferTest"/>
  <testcase name="testBuilderAppendDelete" time="0,001" classname="cviceni.StringBuilderAndBufferTest"/>
  <testcase name="testBufferAppend" time="0,001" classname="cviceni.StringBuilderAndBufferTest"/>
  <testcase name="testBufferAppend" time="0,000" classname="cviceni.StringBuilderAndBufferTest"/>
  <testcase name="testBufferAppendDelete" time="0,000" classname="cviceni.StringBuilderAndBufferTest"/>
  <testcase name="testBufferAppendDelete" time="0,001" classname="cviceni.StringBuilderAndBufferTest"/>
  <testcase name="testBuilderAppendDelete" time="0,000" classname="cviceni.StringBuilderAndBufferTest"/>
  <testcase name="testBufferAppend" time="0,000" classname="cviceni.StringBuilderAndBufferTest"/>
  <testcase name="testBuilderAppend" time="0,000" classname="cviceni.StringBuilderAndBufferTest"/>
  <testcase name="testBufferAppend" time="0,001" classname="cviceni.StringBuilderAndBufferTest"/>
  <testcase name="testBufferAppendDelete" time="0,000" classname="cviceni.StringBuilderAndBufferTest"/>
  <testcase name="testBufferAppend" time="0,001" classname="cviceni.StringBuilderAndBufferTest"/>
  <testcase name="testBuilderAppend" time="0,000" classname="cviceni.StringBuilderAndBufferTest"/>
  <testcase name="testBufferAppend" time="0,000" classname="cviceni.StringBuilderAndBufferTest"/>
  <testcase name="testBufferAppend" time="0,001" classname="cviceni.StringBuilderAndBufferTest"/>
  <testcase name="testBufferAppend" time="0,001" classname="cviceni.StringBuilderAndBufferTest"/>
  <testcase name="testBuilderAppend" time="0,000" classname="cviceni.StringBuilderAndBufferTest"/>
  <testcase name="testBuilderAppendDelete" time="0,001" classname="cviceni.StringBuilderAndBufferTest"/>
  <testcase name="testBuilderAppend" time="0,000" classname="cviceni.StringBuilderAndBufferTest"/>
  <testcase name="testBuilderAppend" time="0,000" classname="cviceni.StringBuilderAndBufferTest"/>
  <testcase name="testBufferAppendDelete" time="0,001" classname="cviceni.StringBuilderAndBufferTest"/>
  <testcase name="testBufferAppendDelete" time="0,000" classname="cviceni.StringBuilderAndBufferTest"/>
  <testcase name="testBuilderAppend" time="0,000" classname="cviceni.StringBuilderAndBufferTest"/>
  <testcase name="testBufferAppendDelete" time="0,000" classname="cviceni.StringBuilderAndBufferTest"/>
  <testcase name="testBuilderAppend" time="0,000" classname="cviceni.StringBuilderAndBufferTest"/>
  <testcase name="testBufferAppend" time="0,000" classname="cviceni.StringBuilderAndBufferTest"/>
  <testcase name="testBuilderAppend" time="0,000" classname="cviceni.StringBuilderAndBufferTest"/>
  <testcase name="testBufferAppendDelete" time="0,000" classname="cviceni.StringBuilderAndBufferTest"/>
  <testcase name="testBufferAppend" time="0,001" classname="cviceni.StringBuilderAndBufferTest"/>
  <testcase name="testBuilderAppendDelete" time="0,000" classname="cviceni.StringBuilderAndBufferTest"/>
  <testcase name="testBuilderAppend" time="0,000" classname="cviceni.StringBuilderAndBufferTest"/>
  <testcase name="testBuilderAppend" time="0,000" classname="cviceni.StringBuilderAndBufferTest"/>
  <testcase name="testBufferAppendDelete" time="0,000" classname="cviceni.StringBuilderAndBufferTest"/>
  <testcase name="testBufferAppendDelete" time="0,001" classname="cviceni.StringBuilderAndBufferTest"/>
  <testcase name="testBufferAppend" time="0,000" classname="cviceni.StringBuilderAndBufferTest"/>
  <testcase name="testBuilderAppendDelete" time="0,001" classname="cviceni.StringBuilderAndBufferTest"/>
  <testcase name="testBufferAppendDelete" time="0,000" classname="cviceni.StringBuilderAndBufferTest"/>
  <testcase name="testBuilderAppendDelete" time="0,000" classname="cviceni.StringBuilderAndBufferTest"/>
  <testcase name="testBuilderAppendDelete" time="0,000" classname="cviceni.StringBuilderAndBufferTest"/>
  <testcase name="testBuilderAppendDelete" time="0,000" classname="cviceni.StringBuilderAndBufferTest"/>
  <testcase name="testBuilderAppendDelete" time="0,000" classname="cviceni.StringBuilderAndBufferTest"/>
  <testcase name="testBufferAppend" time="0,000" classname="cviceni.StringBuilderAndBufferTest"/>
  <testcase name="testBufferAppend" time="0,000" classname="cviceni.StringBuilderAndBufferTest"/>
  <testcase name="testBufferAppendDelete" time="0,000" classname="cviceni.StringBuilderAndBufferTest"/>
  <testcase name="testBufferAppend" time="0,000" classname="cviceni.StringBuilderAndBufferTest"/>
  <testcase name="testBuilderAppendDelete" time="0,000" classname="cviceni.StringBuilderAndBufferTest"/>
  <testcase name="testBufferAppend" time="0,000" classname="cviceni.StringBuilderAndBufferTest"/>
  <testcase name="testBuilderAppend" time="0,001" classname="cviceni.StringBuilderAndBufferTest"/>
  <testcase name="testBuilderAppendDelete" time="0,001" classname="cviceni.StringBuilderAndBufferTest"/>
  <testcase name="testBuilderAppend" time="0,000" classname="cviceni.StringBuilderAndBufferTest"/>
  <testcase name="testBufferAppend" time="0,000" classname="cviceni.StringBuilderAndBufferTest"/>
  <testcase name="testBuilderAppendDelete" time="0,000" classname="cviceni.StringBuilderAndBufferTest"/>
  <testcase name="testBufferAppend" time="0,000" classname="cviceni.StringBuilderAndBufferTest"/>
  <testcase name="testBuilderAppendDelete" time="0,000" classname="cviceni.StringBuilderAndBufferTest"/>
  <testcase name="testBufferAppend" time="0,000" classname="cviceni.StringBuilderAndBufferTest"/>
  <testcase name="testBufferAppendDelete" time="0,000" classname="cviceni.StringBuilderAndBufferTest"/>
  <testcase name="testBufferAppendDelete" time="0,000" classname="cviceni.StringBuilderAndBufferTest"/>
  <testcase name="testBufferAppend" time="0,000" classname="cviceni.StringBuilderAndBufferTest"/>
  <testcase name="testBuilderAppendDelete" time="0,000" classname="cviceni.StringBuilderAndBufferTest"/>
  <testcase name="testBuilderAppend" time="0,000" classname="cviceni.StringBuilderAndBufferTest"/>
  <testcase name="testBuilderAppend" time="0,000" classname="cviceni.StringBuilderAndBufferTest"/>
  <testcase name="testBuilderAppendDelete" time="0,000" classname="cviceni.StringBuilderAndBufferTest"/>
  <testcase name="testBufferAppend" time="0,000" classname="cviceni.StringBuilderAndBufferTest"/>
  <testcase name="testBuilderAppendDelete" time="0,001" classname="cviceni.StringBuilderAndBufferTest"/>
  <testcase name="testBufferAppendDelete" time="0,000" classname="cviceni.StringBuilderAndBufferTest"/>
  <testcase name="testBuilderAppend" time="0,000" classname="cviceni.StringBuilderAndBufferTest"/>
  <testcase name="testBufferAppendDelete" time="0,000" classname="cviceni.StringBuilderAndBufferTest"/>
  <testcase name="testBuilderAppend" time="0,000" classname="cviceni.StringBuilderAndBufferTest"/>
  <testcase name="testBuilderAppendDelete" time="0,000" classname="cviceni.StringBuilderAndBufferTest"/>
  <testcase name="testBuilderAppend" time="0,001" classname="cviceni.StringBuilderAndBufferTest"/>
  <testcase name="testBuilderAppendDelete" time="0,000" classname="cviceni.StringBuilderAndBufferTest"/>
  <testcase name="testBuilderAppend" time="0,011" classname="cviceni.StringBuilderAndBufferTest"/>
  <testcase name="testBufferAppendDelete" time="0,001" classname="cviceni.StringBuilderAndBufferTest"/>
  <testcase name="testBuilderAppendDelete" time="0,000" classname="cviceni.StringBuilderAndBufferTest"/>
  <testcase name="testBuilderAppendDelete" time="0,001" classname="cviceni.StringBuilderAndBufferTest"/>
  <testcase name="testBuilderAppend" time="0,000" classname="cviceni.StringBuilderAndBufferTest"/>
  <testcase name="testBufferAppendDelete" time="0,000" classname="cviceni.StringBuilderAndBufferTest"/>
  <testcase name="testBufferAppend" time="0,000" classname="cviceni.StringBuilderAndBufferTest"/>
  <testcase name="testBufferAppend" time="0,001" classname="cviceni.StringBuilderAndBufferTest"/>
  <testcase name="testBuilderAppendDelete" time="0,000" classname="cviceni.StringBuilderAndBufferTest"/>
  <testcase name="testBuilderAppendDelete" time="0,001" classname="cviceni.StringBuilderAndBufferTest"/>
  <testcase name="testBuilderAppendDelete" time="0,000" classname="cviceni.StringBuilderAndBufferTest"/>
  <testcase name="testBufferAppend" time="0,000" classname="cviceni.StringBuilderAndBufferTest"/>
  <testcase name="testBuilderAppendDelete" time="0,000" classname="cviceni.StringBuilderAndBufferTest"/>
  <testcase name="testBuilderAppend" time="0,000" classname="cviceni.StringBuilderAndBufferTest"/>
  <testcase name="testBufferAppendDelete" time="0,000" classname="cviceni.StringBuilderAndBufferTest"/>
  <testcase name="testBufferAppendDelete" time="0,000" classname="cviceni.StringBuilderAndBufferTest"/>
  <testcase name="testBuilderAppend" time="0,012" classname="cviceni.StringBuilderAndBufferTest"/>
  <testcase name="testBuilderAppend" time="0,000" classname="cviceni.StringBuilderAndBufferTest"/>
  <testcase name="testBufferAppendDelete" time="0,000" classname="cviceni.StringBuilderAndBufferTest"/>
  <testcase name="testBufferAppend" time="0,000" classname="cviceni.StringBuilderAndBufferTest"/>
  <testcase name="testBufferAppendDelete" time="0,000" classname="cviceni.StringBuilderAndBufferTest"/>
  <testcase name="testBuilderAppend" time="0,000" classname="cviceni.StringBuilderAndBufferTest"/>
  <testcase name="testBuilderAppendDelete" time="0,000" classname="cviceni.StringBuilderAndBufferTest"/>
  <testcase name="testBufferAppend" time="0,001" classname="cviceni.StringBuilderAndBufferTest"/>
  <testcase name="testBuilderAppendDelete" time="0,001" classname="cviceni.StringBuilderAndBufferTest"/>
  <testcase name="testBufferAppendDelete" time="0,000" classname="cviceni.StringBuilderAndBufferTest"/>
  <testcase name="testBuilderAppendDelete" time="0,000" classname="cviceni.StringBuilderAndBufferTest"/>
  <testcase name="testBuilderAppendDelete" time="0,000" classname="cviceni.StringBuilderAndBufferTest"/>
  <testcase name="testBufferAppendDelete" time="0,001" classname="cviceni.StringBuilderAndBufferTest"/>
  <testcase name="testBuilderAppendDelete" time="0,001" classname="cviceni.StringBuilderAndBufferTest"/>
  <testcase name="testBuilderAppendDelete" time="0,000" classname="cviceni.StringBuilderAndBufferTest"/>
  <testcase name="testBuilderAppend" time="0,000" classname="cviceni.StringBuilderAndBufferTest"/>
  <testcase name="testBufferAppendDelete" time="0,000" classname="cviceni.StringBuilderAndBufferTest"/>
  <testcase name="testBufferAppendDelete" time="0,000" classname="cviceni.StringBuilderAndBufferTest"/>
  <testcase name="testBuilderAppend" time="0,201" classname="cviceni.StringBuilderAndBufferTest"/>
  <testcase name="testBuilderAppend" time="0,000" classname="cviceni.StringBuilderAndBufferTest"/>
  <testcase name="testBuilderAppendDelete" time="0,000" classname="cviceni.StringBuilderAndBufferTest"/>
  <testcase name="testBuilderAppend" time="0,000" classname="cviceni.StringBuilderAndBufferTest"/>
  <testcase name="testBuilderAppendDelete" time="0,001" classname="cviceni.StringBuilderAndBufferTest"/>
  <testcase name="testBufferAppend" time="0,000" classname="cviceni.StringBuilderAndBufferTest"/>
  <testcase name="testBuilderAppend" time="0,000" classname="cviceni.StringBuilderAndBufferTest"/>
  <testcase name="testBuilderAppend" time="0,001" classname="cviceni.StringBuilderAndBufferTest"/>
  <testcase name="testBufferAppend" time="0,001" classname="cviceni.StringBuilderAndBufferTest"/>
  <testcase name="testBufferAppendDelete" time="0,000" classname="cviceni.StringBuilderAndBufferTest"/>
  <testcase name="testBufferAppendDelete" time="0,000" classname="cviceni.StringBuilderAndBufferTest"/>
  <testcase name="testBuilderAppendDelete" time="0,001" classname="cviceni.StringBuilderAndBufferTest"/>
  <testcase name="testBufferAppendDelete" time="0,000" classname="cviceni.StringBuilderAndBufferTest"/>
  <testcase name="testBufferAppendDelete" time="0,000" classname="cviceni.StringBuilderAndBufferTest"/>
  <testcase name="testBuilderAppend" time="0,000" classname="cviceni.StringBuilderAndBufferTest"/>
  <testcase name="testBuilderAppendDelete" time="0,000" classname="cviceni.StringBuilderAndBufferTest"/>
  <testcase name="testBufferAppend" time="0,000" classname="cviceni.StringBuilderAndBufferTest"/>
  <testcase name="testBuilderAppend" time="0,000" classname="cviceni.StringBuilderAndBufferTest"/>
  <testcase name="testBufferAppendDelete" time="0,000" classname="cviceni.StringBuilderAndBufferTest"/>
  <testcase name="testBuilderAppend" time="0,001" classname="cviceni.StringBuilderAndBufferTest"/>
  <testcase name="testBuilderAppend" time="0,000" classname="cviceni.StringBuilderAndBufferTest"/>
  <testcase name="testBuilderAppend" time="0,001" classname="cviceni.StringBuilderAndBufferTest"/>
  <testcase name="testBufferAppend" time="0,000" classname="cviceni.StringBuilderAndBufferTest"/>
  <testcase name="testBuilderAppend" time="0,001" classname="cviceni.StringBuilderAndBufferTest"/>
  <testcase name="testBufferAppend" time="0,001" classname="cviceni.StringBuilderAndBufferTest"/>
  <testcase name="testBuilderAppendDelete" time="0,001" classname="cviceni.StringBuilderAndBufferTest"/>
  <testcase name="testBufferAppend" time="0,000" classname="cviceni.StringBuilderAndBufferTest"/>
  <testcase name="testBuilderAppendDelete" time="0,000" classname="cviceni.StringBuilderAndBufferTest"/>
  <testcase name="testBufferAppendDelete" time="0,000" classname="cviceni.StringBuilderAndBufferTest"/>
  <testcase name="testBuilderAppend" time="0,001" classname="cviceni.StringBuilderAndBufferTest"/>
  <testcase name="testBufferAppend" time="0,000" classname="cviceni.StringBuilderAndBufferTest"/>
  <testcase name="testBuilderAppend" time="0,000" classname="cviceni.StringBuilderAndBufferTest"/>
  <testcase name="testBuilderAppend" time="0,000" classname="cviceni.StringBuilderAndBufferTest"/>
  <testcase name="testBufferAppend" time="0,000" classname="cviceni.StringBuilderAndBufferTest"/>
  <testcase name="testBufferAppendDelete" time="0,000" classname="cviceni.StringBuilderAndBufferTest"/>
  <testcase name="testBufferAppendDelete" time="0,001" classname="cviceni.StringBuilderAndBufferTest"/>
  <testcase name="testBufferAppendDelete" time="0,000" classname="cviceni.StringBuilderAndBufferTest"/>
  <testcase name="testBuilderAppendDelete" time="0,001" classname="cviceni.StringBuilderAndBufferTest"/>
  <testcase name="testBufferAppendDelete" time="0,000" classname="cviceni.StringBuilderAndBufferTest"/>
  <testcase name="testBuilderAppend" time="0,000" classname="cviceni.StringBuilderAndBufferTest"/>
  <testcase name="testBuilderAppendDelete" time="0,001" classname="cviceni.StringBuilderAndBufferTest"/>
  <testcase name="testBuilderAppendDelete" time="0,000" classname="cviceni.StringBuilderAndBufferTest"/>
  <testcase name="testBufferAppendDelete" time="0,000" classname="cviceni.StringBuilderAndBufferTest"/>
  <testcase name="testBuilderAppend" time="0,001" classname="cviceni.StringBuilderAndBufferTest"/>
  <testcase name="testBuilderAppendDelete" time="0,000" classname="cviceni.StringBuilderAndBufferTest"/>
  <testcase name="testBuilderAppend" time="0,014" classname="cviceni.StringBuilderAndBufferTest"/>
  <testcase name="testBuilderAppendDelete" time="0,000" classname="cviceni.StringBuilderAndBufferTest"/>
  <testcase name="testBuilderAppendDelete" time="0,000" classname="cviceni.StringBuilderAndBufferTest"/>
  <testcase name="testBuilderAppend" time="0,000" classname="cviceni.StringBuilderAndBufferTest"/>
  <testcase name="testBuilderAppend" time="0,000" classname="cviceni.StringBuilderAndBufferTest"/>
  <testcase name="testBuilderAppend" time="0,000" classname="cviceni.StringBuilderAndBufferTest"/>
  <testcase name="testBuilderAppendDelete" time="0,006" classname="cviceni.StringBuilderAndBufferTest"/>
  <testcase name="testBuilderAppend" time="0,000" classname="cviceni.StringBuilderAndBufferTest"/>
  <testcase name="testBuilderAppendDelete" time="0,001" classname="cviceni.StringBuilderAndBufferTest"/>
  <testcase name="testBufferAppend" time="0,000" classname="cviceni.StringBuilderAndBufferTest"/>
  <testcase name="testBuilderAppendDelete" time="0,001" classname="cviceni.StringBuilderAndBufferTest"/>
  <testcase name="testBuilderAppend" time="0,001" classname="cviceni.StringBuilderAndBufferTest"/>
  <testcase name="testBuilderAppendDelete" time="0,000" classname="cviceni.StringBuilderAndBufferTest"/>
  <testcase name="testBuilderAppendDelete" time="0,001" classname="cviceni.StringBuilderAndBufferTest"/>
  <testcase name="testBuilderAppend" time="0,000" classname="cviceni.StringBuilderAndBufferTest"/>
  <testcase name="testBuilderAppend" time="0,001" classname="cviceni.StringBuilderAndBufferTest"/>
  <testcase name="testBufferAppendDelete" time="0,000" classname="cviceni.StringBuilderAndBufferTest"/>
  <testcase name="testBufferAppend" time="0,000" classname="cviceni.StringBuilderAndBufferTest"/>
  <testcase name="testBufferAppendDelete" time="0,000" classname="cviceni.StringBuilderAndBufferTest"/>
  <testcase name="testBuilderAppendDelete" time="0,000" classname="cviceni.StringBuilderAndBufferTest"/>
  <testcase name="testBufferAppend" time="0,000" classname="cviceni.StringBuilderAndBufferTest"/>
  <testcase name="testBuilderAppend" time="0,000" classname="cviceni.StringBuilderAndBufferTest"/>
  <testcase name="testBufferAppendDelete" time="0,000" classname="cviceni.StringBuilderAndBufferTest"/>
  <testcase name="testBuilderAppendDelete" time="0,000" classname="cviceni.StringBuilderAndBufferTest"/>
  <testcase name="testBufferAppendDelete" time="0,000" classname="cviceni.StringBuilderAndBufferTest"/>
  <testcase name="testBufferAppend" time="0,000" classname="cviceni.StringBuilderAndBufferTest"/>
  <testcase name="testBuilderAppend" time="0,000" classname="cviceni.StringBuilderAndBufferTest"/>
  <testcase name="testBuilderAppendDelete" time="0,000" classname="cviceni.StringBuilderAndBufferTest"/>
  <testcase name="testBufferAppendDelete" time="0,003" classname="cviceni.StringBuilderAndBufferTest"/>
  <testcase name="testBuilderAppend" time="0,000" classname="cviceni.StringBuilderAndBufferTest"/>
  <testcase name="testBuilderAppend" time="0,000" classname="cviceni.StringBuilderAndBufferTest"/>
  <testcase name="testBufferAppend" time="0,001" classname="cviceni.StringBuilderAndBufferTest"/>
  <testcase name="testBufferAppendDelete" time="0,001" classname="cviceni.StringBuilderAndBufferTest"/>
  <testcase name="testBuilderAppend" time="0,001" classname="cviceni.StringBuilderAndBufferTest"/>
  <testcase name="testBuilderAppend" time="0,001" classname="cviceni.StringBuilderAndBufferTest"/>
  <testcase name="testBufferAppend" time="0,000" classname="cviceni.StringBuilderAndBufferTest"/>
  <testcase name="testBufferAppend" time="0,000" classname="cviceni.StringBuilderAndBufferTest"/>
  <testcase name="testBuilderAppendDelete" time="0,000" classname="cviceni.StringBuilderAndBufferTest"/>
  <testcase name="testBuilderAppendDelete" time="0,000" classname="cviceni.StringBuilderAndBufferTest"/>
  <testcase name="testBufferAppendDelete" time="0,000" classname="cviceni.StringBuilderAndBufferTest"/>
  <testcase name="testBuilderAppendDelete" time="0,001" classname="cviceni.StringBuilderAndBufferTest"/>
  <testcase name="testBufferAppend" time="0,001" classname="cviceni.StringBuilderAndBufferTest"/>
  <testcase name="testBufferAppendDelete" time="0,000" classname="cviceni.StringBuilderAndBufferTest"/>
  <testcase name="testBufferAppendDelete" time="0,001" classname="cviceni.StringBuilderAndBufferTest"/>
  <testcase name="testBuilderAppendDelete" time="0,000" classname="cviceni.StringBuilderAndBufferTest"/>
  <testcase name="testBuilderAppendDelete" time="0,000" classname="cviceni.StringBuilderAndBufferTest"/>
  <testcase name="testBufferAppendDelete" time="0,000" classname="cviceni.StringBuilderAndBufferTest"/>
  <testcase name="testBufferAppend" time="0,000" classname="cviceni.StringBuilderAndBufferTest"/>
  <testcase name="testBuilderAppendDelete" time="0,002" classname="cviceni.StringBuilderAndBufferTest"/>
  <testcase name="testBufferAppendDelete" time="0,000" classname="cviceni.StringBuilderAndBufferTest"/>
  <testcase name="testBuilderAppend" time="0,000" classname="cviceni.StringBuilderAndBufferTest"/>
  <testcase name="testBufferAppend" time="0,000" classname="cviceni.StringBuilderAndBufferTest"/>
  <testcase name="testBuilderAppend" time="0,000" classname="cviceni.StringBuilderAndBufferTest"/>
  <testcase name="testBufferAppendDelete" time="0,000" classname="cviceni.StringBuilderAndBufferTest"/>
  <testcase name="testBuilderAppendDelete" time="0,000" classname="cviceni.StringBuilderAndBufferTest"/>
  <testcase name="testBufferAppendDelete" time="0,000" classname="cviceni.StringBuilderAndBufferTest"/>
  <testcase name="testBufferAppend" time="0,000" classname="cviceni.StringBuilderAndBufferTest"/>
  <testcase name="testBufferAppendDelete" time="0,001" classname="cviceni.StringBuilderAndBufferTest"/>
  <testcase name="testBuilderAppendDelete" time="0,000" classname="cviceni.StringBuilderAndBufferTest"/>
  <testcase name="testBuilderAppendDelete" time="0,001" classname="cviceni.StringBuilderAndBufferTest"/>
  <testcase name="testBufferAppend" time="0,000" classname="cviceni.StringBuilderAndBufferTest"/>
  <testcase name="testBufferAppend" time="0,000" classname="cviceni.StringBuilderAndBufferTest"/>
  <testcase name="testBufferAppendDelete" time="0,001" classname="cviceni.StringBuilderAndBufferTest"/>
  <testcase name="testBuilderAppendDelete" time="0,000" classname="cviceni.StringBuilderAndBufferTest"/>
  <testcase name="testBuilderAppendDelete" time="0,000" classname="cviceni.StringBuilderAndBufferTest"/>
  <testcase name="testBufferAppendDelete" time="0,000" classname="cviceni.StringBuilderAndBufferTest"/>
  <testcase name="testBufferAppend" time="0,000" classname="cviceni.StringBuilderAndBufferTest"/>
  <testcase name="testBufferAppend" time="0,088" classname="cviceni.StringBuilderAndBufferTest"/>
  <testcase name="testBufferAppend" time="0,000" classname="cviceni.StringBuilderAndBufferTest"/>
  <testcase name="testBufferAppendDelete" time="0,000" classname="cviceni.StringBuilderAndBufferTest"/>
  <testcase name="testBuilderAppend" time="0,000" classname="cviceni.StringBuilderAndBufferTest"/>
  <testcase name="testBuilderAppend" time="0,000" classname="cviceni.StringBuilderAndBufferTest"/>
  <testcase name="testBuilderAppendDelete" time="0,000" classname="cviceni.StringBuilderAndBufferTest"/>
  <testcase name="testBuilderAppendDelete" time="0,001" classname="cviceni.StringBuilderAndBufferTest"/>
  <testcase name="testBuilderAppend" time="0,051" classname="cviceni.StringBuilderAndBufferTest"/>
  <testcase name="testBuilderAppendDelete" time="0,000" classname="cviceni.StringBuilderAndBufferTest"/>
  <testcase name="testBuilderAppend" time="0,000" classname="cviceni.StringBuilderAndBufferTest"/>
  <testcase name="testBuilderAppendDelete" time="0,001" classname="cviceni.StringBuilderAndBufferTest"/>
  <testcase name="testBuilderAppend" time="0,000" classname="cviceni.StringBuilderAndBufferTest"/>
  <testcase name="testBuilderAppend" time="0,152" classname="cviceni.StringBuilderAndBufferTest"/>
  <testcase name="testBuilderAppendDelete" time="0,016" classname="cviceni.StringBuilderAndBufferTest"/>
  <testcase name="testBufferAppend" time="0,001" classname="cviceni.StringBuilderAndBufferTest"/>
  <testcase name="testBufferAppendDelete" time="0,001" classname="cviceni.StringBuilderAndBufferTest"/>
  <testcase name="testBufferAppend" time="0,001" classname="cviceni.StringBuilderAndBufferTest"/>
  <testcase name="testBufferAppendDelete" time="0,000" classname="cviceni.StringBuilderAndBufferTest"/>
  <testcase name="testBufferAppendDelete" time="0,000" classname="cviceni.StringBuilderAndBufferTest"/>
  <testcase name="testBuilderAppendDelete" time="0,000" classname="cviceni.StringBuilderAndBufferTest"/>
  <testcase name="testBuilderAppend" time="0,000" classname="cviceni.StringBuilderAndBufferTest"/>
  <testcase name="testBufferAppend" time="0,001" classname="cviceni.StringBuilderAndBufferTest"/>
  <testcase name="testBufferAppend" time="0,000" classname="cviceni.StringBuilderAndBufferTest"/>
  <testcase name="testBuilderAppend" time="0,001" classname="cviceni.StringBuilderAndBufferTest"/>
  <testcase name="testBuilderAppend" time="0,000" classname="cviceni.StringBuilderAndBufferTest"/>
  <testcase name="testBufferAppend" time="0,000" classname="cviceni.StringBuilderAndBufferTest"/>
  <testcase name="testBufferAppendDelete" time="0,000" classname="cviceni.StringBuilderAndBufferTest"/>
  <testcase name="testBufferAppendDelete" time="0,000" classname="cviceni.StringBuilderAndBufferTest"/>
  <testcase name="testBufferAppend" time="0,000" classname="cviceni.StringBuilderAndBufferTest"/>
  <testcase name="testBuilderAppend" time="0,001" classname="cviceni.StringBuilderAndBufferTest"/>
  <testcase name="testBuilderAppendDelete" time="0,000" classname="cviceni.StringBuilderAndBufferTest"/>
  <testcase name="testBufferAppendDelete" time="0,001" classname="cviceni.StringBuilderAndBufferTest"/>
  <testcase name="testBuilderAppend" time="0,000" classname="cviceni.StringBuilderAndBufferTest"/>
  <testcase name="testBufferAppend" time="0,000" classname="cviceni.StringBuilderAndBufferTest"/>
  <testcase name="testBuilderAppendDelete" time="0,000" classname="cviceni.StringBuilderAndBufferTest"/>
  <testcase name="testBufferAppend" time="0,000" classname="cviceni.StringBuilderAndBufferTest"/>
  <testcase name="testBufferAppendDelete" time="0,000" classname="cviceni.StringBuilderAndBufferTest"/>
  <testcase name="testBuilderAppend" time="0,000" classname="cviceni.StringBuilderAndBufferTest"/>
  <testcase name="testBufferAppend" time="0,000" classname="cviceni.StringBuilderAndBufferTest"/>
  <testcase name="testBufferAppendDelete" time="0,000" classname="cviceni.StringBuilderAndBufferTest"/>
  <testcase name="testBuilderAppend" time="0,019" classname="cviceni.StringBuilderAndBufferTest"/>
  <testcase name="testBufferAppendDelete" time="0,000" classname="cviceni.StringBuilderAndBufferTest"/>
  <testcase name="testBuilderAppend" time="0,000" classname="cviceni.StringBuilderAndBufferTest"/>
  <testcase name="testBufferAppendDelete" time="0,001" classname="cviceni.StringBuilderAndBufferTest"/>
  <testcase name="testBufferAppend" time="0,000" classname="cviceni.StringBuilderAndBufferTest"/>
  <testcase name="testBufferAppendDelete" time="0,001" classname="cviceni.StringBuilderAndBufferTest"/>
  <testcase name="testBuilderAppendDelete" time="0,000" classname="cviceni.StringBuilderAndBufferTest"/>
  <testcase name="testBuilderAppend" time="0,000" classname="cviceni.StringBuilderAndBufferTest"/>
  <testcase name="testBufferAppendDelete" time="0,000" classname="cviceni.StringBuilderAndBufferTest"/>
  <testcase name="testBufferAppend" time="0,000" classname="cviceni.StringBuilderAndBufferTest"/>
  <testcase name="testBuilderAppendDelete" time="0,000" classname="cviceni.StringBuilderAndBufferTest"/>
  <testcase name="testBufferAppend" time="0,000" classname="cviceni.StringBuilderAndBufferTest"/>
  <testcase name="testBuilderAppendDelete" time="0,000" classname="cviceni.StringBuilderAndBufferTest"/>
  <testcase name="testBufferAppend" time="0,000" classname="cviceni.StringBuilderAndBufferTest"/>
  <testcase name="testBuilderAppendDelete" time="0,001" classname="cviceni.StringBuilderAndBufferTest"/>
  <testcase name="testBufferAppendDelete" time="0,001" classname="cviceni.StringBuilderAndBufferTest"/>
  <testcase name="testBuilderAppendDelete" time="0,000" classname="cviceni.StringBuilderAndBufferTest"/>
  <testcase name="testBufferAppendDelete" time="0,001" classname="cviceni.StringBuilderAndBufferTest"/>
  <testcase name="testBufferAppend" time="0,000" classname="cviceni.StringBuilderAndBufferTest"/>
  <testcase name="testBuilderAppend" time="0,000" classname="cviceni.StringBuilderAndBufferTest"/>
  <testcase name="testBufferAppend" time="0,001" classname="cviceni.StringBuilderAndBufferTest"/>
  <testcase name="testBuilderAppendDelete" time="0,001" classname="cviceni.StringBuilderAndBufferTest"/>
  <testcase name="testBufferAppend" time="0,002" classname="cviceni.StringBuilderAndBufferTest"/>
  <testcase name="testBufferAppendDelete" time="0,000" classname="cviceni.StringBuilderAndBufferTest"/>
  <testcase name="testBufferAppendDelete" time="0,000" classname="cviceni.StringBuilderAndBufferTest"/>
  <testcase name="testBuilderAppendDelete" time="0,000" classname="cviceni.StringBuilderAndBufferTest"/>
  <testcase name="testBufferAppendDelete" time="0,000" classname="cviceni.StringBuilderAndBufferTest"/>
  <testcase name="testBuilderAppendDelete" time="0,000" classname="cviceni.StringBuilderAndBufferTest"/>
  <testcase name="testBuilderAppendDelete" time="0,000" classname="cviceni.StringBuilderAndBufferTest"/>
  <testcase name="testBufferAppend" time="0,001" classname="cviceni.StringBuilderAndBufferTest"/>
  <testcase name="testBuilderAppendDelete" time="0,009" classname="cviceni.StringBuilderAndBufferTest"/>
  <testcase name="testBuilderAppendDelete" time="0,000" classname="cviceni.StringBuilderAndBufferTest"/>
  <testcase name="testBuilderAppendDelete" time="0,000" classname="cviceni.StringBuilderAndBufferTest"/>
  <testcase name="testBuilderAppend" time="0,001" classname="cviceni.StringBuilderAndBufferTest"/>
  <testcase name="testBufferAppendDelete" time="0,010" classname="cviceni.StringBuilderAndBufferTest"/>
  <testcase name="testBufferAppend" time="0,001" classname="cviceni.StringBuilderAndBufferTest"/>
  <testcase name="testBuilderAppend" time="0,000" classname="cviceni.StringBuilderAndBufferTest"/>
  <testcase name="testBuilderAppend" time="0,000" classname="cviceni.StringBuilderAndBufferTest"/>
  <testcase name="testBuilderAppend" time="0,000" classname="cviceni.StringBuilderAndBufferTest"/>
  <testcase name="testBufferAppendDelete" time="0,001" classname="cviceni.StringBuilderAndBufferTest"/>
  <testcase name="testBufferAppend" time="0,000" classname="cviceni.StringBuilderAndBufferTest"/>
  <testcase name="testBuilderAppend" time="0,000" classname="cviceni.StringBuilderAndBufferTest"/>
  <testcase name="testBuilderAppend" time="0,000" classname="cviceni.StringBuilderAndBufferTest"/>
  <testcase name="testBuilderAppendDelete" time="0,000" classname="cviceni.StringBuilderAndBufferTest"/>
  <testcase name="testBuilderAppendDelete" time="0,000" classname="cviceni.StringBuilderAndBufferTest"/>
  <testcase name="testBuilderAppendDelete" time="0,000" classname="cviceni.StringBuilderAndBufferTest"/>
  <testcase name="testBufferAppend" time="0,000" classname="cviceni.StringBuilderAndBufferTest"/>
  <testcase name="testBuilderAppend" time="0,000" classname="cviceni.StringBuilderAndBufferTest"/>
  <testcase name="testBuilderAppend" time="0,000" classname="cviceni.StringBuilderAndBufferTest"/>
  <testcase name="testBuilderAppend" time="0,000" classname="cviceni.StringBuilderAndBufferTest"/>
  <testcase name="testBufferAppendDelete" time="0,000" classname="cviceni.StringBuilderAndBufferTest"/>
  <testcase name="testBuilderAppendDelete" time="0,001" classname="cviceni.StringBuilderAndBufferTest"/>
  <testcase name="testBuilderAppend" time="0,001" classname="cviceni.StringBuilderAndBufferTest"/>
  <testcase name="testBuilderAppend" time="0,000" classname="cviceni.StringBuilderAndBufferTest"/>
  <testcase name="testBuilderAppendDelete" time="0,000" classname="cviceni.StringBuilderAndBufferTest"/>
  <testcase name="testBufferAppend" time="0,000" classname="cviceni.StringBuilderAndBufferTest"/>
  <testcase name="testBufferAppend" time="0,001" classname="cviceni.StringBuilderAndBufferTest"/>
  <testcase name="testBuilderAppendDelete" time="0,000" classname="cviceni.StringBuilderAndBufferTest"/>
  <testcase name="testBufferAppendDelete" time="0,000" classname="cviceni.StringBuilderAndBufferTest"/>
  <testcase name="testBufferAppendDelete" time="0,000" classname="cviceni.StringBuilderAndBufferTest"/>
  <testcase name="testBufferAppend" time="0,000" classname="cviceni.StringBuilderAndBufferTest"/>
  <testcase name="testBufferAppend" time="0,000" classname="cviceni.StringBuilderAndBufferTest"/>
  <testcase name="testBuilderAppendDelete" time="0,000" classname="cviceni.StringBuilderAndBufferTest"/>
  <testcase name="testBufferAppend" time="0,001" classname="cviceni.StringBuilderAndBufferTest"/>
  <testcase name="testBufferAppend" time="0,001" classname="cviceni.StringBuilderAndBufferTest"/>
  <testcase name="testBufferAppend" time="0,001" classname="cviceni.StringBuilderAndBufferTest"/>
  <testcase name="testBuilderAppendDelete" time="0,000" classname="cviceni.StringBuilderAndBufferTest"/>
  <testcase name="testBuilderAppendDelete" time="0,100" classname="cviceni.StringBuilderAndBufferTest"/>
  <testcase name="testBufferAppend" time="0,000" classname="cviceni.StringBuilderAndBufferTest"/>
  <testcase name="testBuilderAppendDelete" time="0,001" classname="cviceni.StringBuilderAndBufferTest"/>
  <testcase name="testBuilderAppendDelete" time="0,000" classname="cviceni.StringBuilderAndBufferTest"/>
  <testcase name="testBufferAppend" time="0,000" classname="cviceni.StringBuilderAndBufferTest"/>
  <testcase name="testBuilderAppend" time="0,000" classname="cviceni.StringBuilderAndBufferTest"/>
  <testcase name="testBufferAppendDelete" time="0,001" classname="cviceni.StringBuilderAndBufferTest"/>
  <testcase name="testBufferAppendDelete" time="0,000" classname="cviceni.StringBuilderAndBufferTest"/>
  <testcase name="testBuilderAppend" time="0,000" classname="cviceni.StringBuilderAndBufferTest"/>
  <testcase name="testBufferAppendDelete" time="0,000" classname="cviceni.StringBuilderAndBufferTest"/>
  <testcase name="testBufferAppendDelete" time="0,134" classname="cviceni.StringBuilderAndBufferTest"/>
  <testcase name="testBufferAppendDelete" time="0,000" classname="cviceni.StringBuilderAndBufferTest"/>
  <testcase name="testBufferAppend" time="0,000" classname="cviceni.StringBuilderAndBufferTest"/>
  <testcase name="testBuilderAppend" time="0,000" classname="cviceni.StringBuilderAndBufferTest"/>
  <testcase name="testBuilderAppend" time="0,001" classname="cviceni.StringBuilderAndBufferTest"/>
  <testcase name="testBuilderAppend" time="0,000" classname="cviceni.StringBuilderAndBufferTest"/>
  <testcase name="testBufferAppendDelete" time="0,000" classname="cviceni.StringBuilderAndBufferTest"/>
  <testcase name="testBuilderAppend" time="0,000" classname="cviceni.StringBuilderAndBufferTest"/>
  <testcase name="testBuilderAppendDelete" time="0,000" classname="cviceni.StringBuilderAndBufferTest"/>
  <testcase name="testBufferAppendDelete" time="0,000" classname="cviceni.StringBuilderAndBufferTest"/>
  <testcase name="testBufferAppend" time="0,001" classname="cviceni.StringBuilderAndBufferTest"/>
  <testcase name="testBufferAppendDelete" time="0,000" classname="cviceni.StringBuilderAndBufferTest"/>
  <testcase name="testBuilderAppend" time="0,000" classname="cviceni.StringBuilderAndBufferTest"/>
  <testcase name="testBufferAppendDelete" time="0,000" classname="cviceni.StringBuilderAndBufferTest"/>
  <testcase name="testBuilderAppend" time="0,000" classname="cviceni.StringBuilderAndBufferTest"/>
  <testcase name="testBuilderAppendDelete" time="0,000" classname="cviceni.StringBuilderAndBufferTest"/>
  <testcase name="testBufferAppend" time="0,000" classname="cviceni.StringBuilderAndBufferTest"/>
  <testcase name="testBufferAppend" time="0,001" classname="cviceni.StringBuilderAndBufferTest"/>
  <testcase name="testBufferAppendDelete" time="0,001" classname="cviceni.StringBuilderAndBufferTest"/>
  <testcase name="testBuilderAppend" time="0,000" classname="cviceni.StringBuilderAndBufferTest"/>
  <testcase name="testBuilderAppend" time="0,001" classname="cviceni.StringBuilderAndBufferTest"/>
  <testcase name="testBufferAppendDelete" time="0,001" classname="cviceni.StringBuilderAndBufferTest"/>
  <testcase name="testBuilderAppendDelete" time="0,000" classname="cviceni.StringBuilderAndBufferTest"/>
  <testcase name="testBufferAppend" time="0,000" classname="cviceni.StringBuilderAndBufferTest"/>
  <testcase name="testBuilderAppendDelete" time="0,000" classname="cviceni.StringBuilderAndBufferTest"/>
  <testcase name="testBuilderAppendDelete" time="0,001" classname="cviceni.StringBuilderAndBufferTest"/>
  <testcase name="testBufferAppendDelete" time="0,001" classname="cviceni.StringBuilderAndBufferTest"/>
  <testcase name="testBufferAppendDelete" time="0,000" classname="cviceni.StringBuilderAndBufferTest"/>
  <testcase name="testBufferAppendDelete" time="0,000" classname="cviceni.StringBuilderAndBufferTest"/>
  <testcase name="testBufferAppend" time="0,000" classname="cviceni.StringBuilderAndBufferTest"/>
  <testcase name="testBuilderAppendDelete" time="0,001" classname="cviceni.StringBuilderAndBufferTest"/>
  <testcase name="testBufferAppendDelete" time="0,000" classname="cviceni.StringBuilderAndBufferTest"/>
  <testcase name="testBufferAppendDelete" time="0,001" classname="cviceni.StringBuilderAndBufferTest"/>
  <testcase name="testBufferAppendDelete" time="0,001" classname="cviceni.StringBuilderAndBufferTest"/>
  <testcase name="testBufferAppendDelete" time="0,000" classname="cviceni.StringBuilderAndBufferTest"/>
  <testcase name="testBufferAppendDelete" time="0,000" classname="cviceni.StringBuilderAndBufferTest"/>
  <testcase name="testBuilderAppend" time="0,000" classname="cviceni.StringBuilderAndBufferTest"/>
  <testcase name="testBuilderAppend" time="0,000" classname="cviceni.StringBuilderAndBufferTest"/>
  <testcase name="testBufferAppend" time="0,000" classname="cviceni.StringBuilderAndBufferTest"/>
  <testcase name="testBuilderAppendDelete" time="0,001" classname="cviceni.StringBuilderAndBufferTest"/>
  <testcase name="testBufferAppendDelete" time="0,000" classname="cviceni.StringBuilderAndBufferTest"/>
  <testcase name="testBuilderAppendDelete" time="0,000" classname="cviceni.StringBuilderAndBufferTest"/>
  <testcase name="testBufferAppend" time="0,000" classname="cviceni.StringBuilderAndBufferTest"/>
  <testcase name="testBuilderAppendDelete" time="0,000" classname="cviceni.StringBuilderAndBufferTest"/>
  <testcase name="testBufferAppend" time="0,000" classname="cviceni.StringBuilderAndBufferTest"/>
  <testcase name="testBuilderAppendDelete" time="0,000" classname="cviceni.StringBuilderAndBufferTest"/>
  <testcase name="testBuilderAppendDelete" time="0,000" classname="cviceni.StringBuilderAndBufferTest"/>
  <testcase name="testBuilderAppend" time="0,000" classname="cviceni.StringBuilderAndBufferTest"/>
  <testcase name="testBufferAppend" time="0,000" classname="cviceni.StringBuilderAndBufferTest"/>
  <testcase name="testBufferAppend" time="0,000" classname="cviceni.StringBuilderAndBufferTest"/>
  <testcase name="testBuilderAppend" time="0,000" classname="cviceni.StringBuilderAndBufferTest"/>
  <testcase name="testBuilderAppend" time="0,000" classname="cviceni.StringBuilderAndBufferTest"/>
  <testcase name="testBufferAppend" time="0,000" classname="cviceni.StringBuilderAndBufferTest"/>
  <testcase name="testBufferAppendDelete" time="0,000" classname="cviceni.StringBuilderAndBufferTest"/>
  <testcase name="testBufferAppendDelete" time="0,001" classname="cviceni.StringBuilderAndBufferTest"/>
  <testcase name="testBuilderAppendDelete" time="0,000" classname="cviceni.StringBuilderAndBufferTest"/>
  <testcase name="testBuilderAppend" time="0,000" classname="cviceni.StringBuilderAndBufferTest"/>
  <testcase name="testBuilderAppend" time="0,000" classname="cviceni.StringBuilderAndBufferTest"/>
  <testcase name="testBuilderAppendDelete" time="0,012" classname="cviceni.StringBuilderAndBufferTest"/>
  <testcase name="testBufferAppendDelete" time="0,000" classname="cviceni.StringBuilderAndBufferTest"/>
  <testcase name="testBufferAppend" time="0,000" classname="cviceni.StringBuilderAndBufferTest"/>
  <testcase name="testBufferAppendDelete" time="0,000" classname="cviceni.StringBuilderAndBufferTest"/>
  <testcase name="testBuilderAppend" time="0,000" classname="cviceni.StringBuilderAndBufferTest"/>
  <testcase name="testBufferAppendDelete" time="0,000" classname="cviceni.StringBuilderAndBufferTest"/>
  <testcase name="testBuilderAppendDelete" time="0,000" classname="cviceni.StringBuilderAndBufferTest"/>
  <testcase name="testBuilderAppend" time="0,000" classname="cviceni.StringBuilderAndBufferTest"/>
  <testcase name="testBuilderAppend" time="0,000" classname="cviceni.StringBuilderAndBufferTest"/>
  <testcase name="testBufferAppendDelete" time="0,000" classname="cviceni.StringBuilderAndBufferTest"/>
  <testcase name="testBuilderAppend" time="0,001" classname="cviceni.StringBuilderAndBufferTest"/>
  <testcase name="testBufferAppendDelete" time="0,000" classname="cviceni.StringBuilderAndBufferTest"/>
  <testcase name="testBuilderAppend" time="0,001" classname="cviceni.StringBuilderAndBufferTest"/>
  <testcase name="testBuilderAppendDelete" time="0,001" classname="cviceni.StringBuilderAndBufferTest"/>
  <testcase name="testBufferAppendDelete" time="0,001" classname="cviceni.StringBuilderAndBufferTest"/>
  <testcase name="testBuilderAppend" time="0,000" classname="cviceni.StringBuilderAndBufferTest"/>
  <testcase name="testBuilderAppendDelete" time="0,001" classname="cviceni.StringBuilderAndBufferTest"/>
  <testcase name="testBufferAppendDelete" time="0,000" classname="cviceni.StringBuilderAndBufferTest"/>
  <testcase name="testBufferAppendDelete" time="0,000" classname="cviceni.StringBuilderAndBufferTest"/>
  <testcase name="testBuilderAppendDelete" time="0,000" classname="cviceni.StringBuilderAndBufferTest"/>
  <testcase name="testBuilderAppend" time="0,000" classname="cviceni.StringBuilderAndBufferTest"/>
  <testcase name="testBuilderAppendDelete" time="0,000" classname="cviceni.StringBuilderAndBufferTest"/>
  <testcase name="testBufferAppend" time="0,001" classname="cviceni.StringBuilderAndBufferTest"/>
  <testcase name="testBuilderAppendDelete" time="0,000" classname="cviceni.StringBuilderAndBufferTest"/>
  <testcase name="testBufferAppendDelete" time="0,001" classname="cviceni.StringBuilderAndBufferTest"/>
  <testcase name="testBuilderAppendDelete" time="0,001" classname="cviceni.StringBuilderAndBufferTest"/>
  <testcase name="testBuilderAppendDelete" time="0,000" classname="cviceni.StringBuilderAndBufferTest"/>
  <testcase name="testBuilderAppend" time="0,000" classname="cviceni.StringBuilderAndBufferTest"/>
  <testcase name="testBufferAppendDelete" time="0,000" classname="cviceni.StringBuilderAndBufferTest"/>
  <testcase name="testBuilderAppend" time="0,000" classname="cviceni.StringBuilderAndBufferTest"/>
  <testcase name="testBuilderAppend" time="0,001" classname="cviceni.StringBuilderAndBufferTest"/>
  <testcase name="testBufferAppend" time="0,001" classname="cviceni.StringBuilderAndBufferTest"/>
  <testcase name="testBuilderAppend" time="0,001" classname="cviceni.StringBuilderAndBufferTest"/>
  <testcase name="testBuilderAppendDelete" time="0,000" classname="cviceni.StringBuilderAndBufferTest"/>
  <testcase name="testBufferAppendDelete" time="0,000" classname="cviceni.StringBuilderAndBufferTest"/>
  <testcase name="testBuilderAppendDelete" time="0,000" classname="cviceni.StringBuilderAndBufferTest"/>
  <testcase name="testBuilderAppend" time="0,000" classname="cviceni.StringBuilderAndBufferTest"/>
  <testcase name="testBuilderAppendDelete" time="0,001" classname="cviceni.StringBuilderAndBufferTest"/>
  <testcase name="testBuilderAppendDelete" time="0,000" classname="cviceni.StringBuilderAndBufferTest"/>
  <testcase name="testBuilderAppendDelete" time="0,000" classname="cviceni.StringBuilderAndBufferTest"/>
  <testcase name="testBufferAppend" time="0,001" classname="cviceni.StringBuilderAndBufferTest"/>
  <testcase name="testBuilderAppendDelete" time="0,000" classname="cviceni.StringBuilderAndBufferTest"/>
  <testcase name="testBuilderAppendDelete" time="0,001" classname="cviceni.StringBuilderAndBufferTest"/>
  <testcase name="testBufferAppend" time="0,001" classname="cviceni.StringBuilderAndBufferTest"/>
  <testcase name="testBufferAppend" time="0,000" classname="cviceni.StringBuilderAndBufferTest"/>
  <testcase name="testBufferAppendDelete" time="0,000" classname="cviceni.StringBuilderAndBufferTest"/>
  <testcase name="testBufferAppendDelete" time="0,001" classname="cviceni.StringBuilderAndBufferTest"/>
  <testcase name="testBuilderAppend" time="0,000" classname="cviceni.StringBuilderAndBufferTest"/>
  <testcase name="testBuilderAppend" time="0,001" classname="cviceni.StringBuilderAndBufferTest"/>
  <testcase name="testBuilderAppend" time="0,000" classname="cviceni.StringBuilderAndBufferTest"/>
  <testcase name="testBufferAppendDelete" time="0,000" classname="cviceni.StringBuilderAndBufferTest"/>
  <testcase name="testBufferAppendDelete" time="0,000" classname="cviceni.StringBuilderAndBufferTest"/>
  <testcase name="testBuilderAppend" time="0,000" classname="cviceni.StringBuilderAndBufferTest"/>
  <testcase name="testBufferAppendDelete" time="0,000" classname="cviceni.StringBuilderAndBufferTest"/>
  <testcase name="testBuilderAppendDelete" time="0,000" classname="cviceni.StringBuilderAndBufferTest"/>
  <testcase name="testBuilderAppend" time="0,000" classname="cviceni.StringBuilderAndBufferTest"/>
  <testcase name="testBuilderAppendDelete" time="0,000" classname="cviceni.StringBuilderAndBufferTest"/>
  <testcase name="testBuilderAppend" time="0,000" classname="cviceni.StringBuilderAndBufferTest"/>
  <testcase name="testBuilderAppendDelete" time="0,000" classname="cviceni.StringBuilderAndBufferTest"/>
  <testcase name="testBuilderAppendDelete" time="0,001" classname="cviceni.StringBuilderAndBufferTest"/>
  <testcase name="testBufferAppend" time="0,000" classname="cviceni.StringBuilderAndBufferTest"/>
  <testcase name="testBufferAppendDelete" time="0,000" classname="cviceni.StringBuilderAndBufferTest"/>
  <testcase name="testBufferAppendDelete" time="0,000" classname="cviceni.StringBuilderAndBufferTest"/>
  <testcase name="testBufferAppend" time="0,001" classname="cviceni.StringBuilderAndBufferTest"/>
  <testcase name="testBufferAppend" time="0,000" classname="cviceni.StringBuilderAndBufferTest"/>
  <testcase name="testBuilderAppend" time="0,000" classname="cviceni.StringBuilderAndBufferTest"/>
  <testcase name="testBufferAppend" time="0,000" classname="cviceni.StringBuilderAndBufferTest"/>
  <testcase name="testBufferAppendDelete" time="0,000" classname="cviceni.StringBuilderAndBufferTest"/>
  <testcase name="testBufferAppendDelete" time="0,000" classname="cviceni.StringBuilderAndBufferTest"/>
  <testcase name="testBufferAppend" time="0,000" classname="cviceni.StringBuilderAndBufferTest"/>
  <testcase name="testBuilderAppend" time="0,001" classname="cviceni.StringBuilderAndBufferTest"/>
  <testcase name="testBuilderAppendDelete" time="0,000" classname="cviceni.StringBuilderAndBufferTest"/>
  <testcase name="testBufferAppend" time="0,001" classname="cviceni.StringBuilderAndBufferTest"/>
  <testcase name="testBuilderAppendDelete" time="0,000" classname="cviceni.StringBuilderAndBufferTest"/>
  <testcase name="testBuilderAppendDelete" time="0,000" classname="cviceni.StringBuilderAndBufferTest"/>
  <testcase name="testBufferAppend" time="0,000" classname="cviceni.StringBuilderAndBufferTest"/>
  <testcase name="testBufferAppend" time="0,000" classname="cviceni.StringBuilderAndBufferTest"/>
  <testcase name="testBuilderAppendDelete" time="0,000" classname="cviceni.StringBuilderAndBufferTest"/>
  <testcase name="testBufferAppendDelete" time="0,000" classname="cviceni.StringBuilderAndBufferTest"/>
  <testcase name="testBuilderAppendDelete" time="0,001" classname="cviceni.StringBuilderAndBufferTest"/>
  <testcase name="testBuilderAppend" time="0,001" classname="cviceni.StringBuilderAndBufferTest"/>
  <testcase name="testBufferAppendDelete" time="0,000" classname="cviceni.StringBuilderAndBufferTest"/>
  <testcase name="testBufferAppendDelete" time="0,000" classname="cviceni.StringBuilderAndBufferTest"/>
  <testcase name="testBufferAppend" time="0,000" classname="cviceni.StringBuilderAndBufferTest"/>
  <testcase name="testBuilderAppend" time="0,000" classname="cviceni.StringBuilderAndBufferTest"/>
  <testcase name="testBufferAppend" time="0,000" classname="cviceni.StringBuilderAndBufferTest"/>
  <testcase name="testBuilderAppendDelete" time="0,164" classname="cviceni.StringBuilderAndBufferTest"/>
  <testcase name="testBufferAppendDelete" time="0,000" classname="cviceni.StringBuilderAndBufferTest"/>
  <testcase name="testBuilderAppendDelete" time="0,000" classname="cviceni.StringBuilderAndBufferTest"/>
  <testcase name="testBuilderAppend" time="0,000" classname="cviceni.StringBuilderAndBufferTest"/>
  <testcase name="testBuilderAppendDelete" time="0,000" classname="cviceni.StringBuilderAndBufferTest"/>
  <testcase name="testBuilderAppend" time="0,000" classname="cviceni.StringBuilderAndBufferTest"/>
  <testcase name="testBufferAppend" time="0,000" classname="cviceni.StringBuilderAndBufferTest"/>
  <testcase name="testBuilderAppendDelete" time="0,000" classname="cviceni.StringBuilderAndBufferTest"/>
  <testcase name="testBuilderAppend" time="0,001" classname="cviceni.StringBuilderAndBufferTest"/>
  <testcase name="testBufferAppend" time="0,000" classname="cviceni.StringBuilderAndBufferTest"/>
  <testcase name="testBufferAppend" time="0,001" classname="cviceni.StringBuilderAndBufferTest"/>
  <testcase name="testBuilderAppend" time="0,000" classname="cviceni.StringBuilderAndBufferTest"/>
  <testcase name="testBufferAppend" time="0,000" classname="cviceni.StringBuilderAndBufferTest"/>
  <testcase name="testBuilderAppendDelete" time="0,001" classname="cviceni.StringBuilderAndBufferTest"/>
  <testcase name="testBufferAppend" time="0,001" classname="cviceni.StringBuilderAndBufferTest"/>
  <testcase name="testBufferAppendDelete" time="0,000" classname="cviceni.StringBuilderAndBufferTest"/>
  <testcase name="testBufferAppendDelete" time="0,000" classname="cviceni.StringBuilderAndBufferTest"/>
  <testcase name="testBufferAppend" time="0,000" classname="cviceni.StringBuilderAndBufferTest"/>
  <testcase name="testBuilderAppend" time="0,000" classname="cviceni.StringBuilderAndBufferTest"/>
  <testcase name="testBufferAppendDelete" time="0,000" classname="cviceni.StringBuilderAndBufferTest"/>
  <testcase name="testBufferAppend" time="0,098" classname="cviceni.StringBuilderAndBufferTest"/>
  <testcase name="testBuilderAppend" time="0,169" classname="cviceni.StringBuilderAndBufferTest"/>
  <testcase name="testBufferAppendDelete" time="0,000" classname="cviceni.StringBuilderAndBufferTest"/>
  <testcase name="testBufferAppendDelete" time="0,000" classname="cviceni.StringBuilderAndBufferTest"/>
  <testcase name="testBufferAppendDelete" time="0,000" classname="cviceni.StringBuilderAndBufferTest"/>
  <testcase name="testBufferAppendDelete" time="0,001" classname="cviceni.StringBuilderAndBufferTest"/>
  <testcase name="testBuilderAppendDelete" time="0,000" classname="cviceni.StringBuilderAndBufferTest"/>
  <testcase name="testBufferAppendDelete" time="0,000" classname="cviceni.StringBuilderAndBufferTest"/>
  <testcase name="testBufferAppendDelete" time="0,000" classname="cviceni.StringBuilderAndBufferTest"/>
  <testcase name="testBuilderAppend" time="0,001" classname="cviceni.StringBuilderAndBufferTest"/>
  <testcase name="testBufferAppend" time="0,000" classname="cviceni.StringBuilderAndBufferTest"/>
  <testcase name="testBuilderAppend" time="0,000" classname="cviceni.StringBuilderAndBufferTest"/>
  <testcase name="testBuilderAppend" time="0,001" classname="cviceni.StringBuilderAndBufferTest"/>
  <testcase name="testBufferAppendDelete" time="0,000" classname="cviceni.StringBuilderAndBufferTest"/>
  <testcase name="testBufferAppend" time="0,000" classname="cviceni.StringBuilderAndBufferTest"/>
  <testcase name="testBuilderAppendDelete" time="0,000" classname="cviceni.StringBuilderAndBufferTest"/>
  <testcase name="testBuilderAppendDelete" time="0,000" classname="cviceni.StringBuilderAndBufferTest"/>
  <testcase name="testBuilderAppendDelete" time="0,000" classname="cviceni.StringBuilderAndBufferTest"/>
  <testcase name="testBuilderAppendDelete" time="0,001" classname="cviceni.StringBuilderAndBufferTest"/>
  <testcase name="testBuilderAppendDelete" time="0,001" classname="cviceni.StringBuilderAndBufferTest"/>
  <testcase name="testBufferAppend" time="0,001" classname="cviceni.StringBuilderAndBufferTest"/>
  <testcase name="testBufferAppend" time="0,000" classname="cviceni.StringBuilderAndBufferTest"/>
  <testcase name="testBufferAppend" time="0,001" classname="cviceni.StringBuilderAndBufferTest"/>
  <testcase name="testBuilderAppend" time="0,000" classname="cviceni.StringBuilderAndBufferTest"/>
  <testcase name="testBufferAppend" time="0,000" classname="cviceni.StringBuilderAndBufferTest"/>
  <testcase name="testBuilderAppendDelete" time="0,001" classname="cviceni.StringBuilderAndBufferTest"/>
  <testcase name="testBufferAppendDelete" time="0,001" classname="cviceni.StringBuilderAndBufferTest"/>
  <testcase name="testBuilderAppendDelete" time="0,001" classname="cviceni.StringBuilderAndBufferTest"/>
  <testcase name="testBufferAppend" time="0,000" classname="cviceni.StringBuilderAndBufferTest"/>
  <testcase name="testBuilderAppendDelete" time="0,000" classname="cviceni.StringBuilderAndBufferTest"/>
  <testcase name="testBufferAppend" time="0,000" classname="cviceni.StringBuilderAndBufferTest"/>
  <testcase name="testBufferAppend" time="0,001" classname="cviceni.StringBuilderAndBufferTest"/>
  <testcase name="testBuilderAppendDelete" time="0,001" classname="cviceni.StringBuilderAndBufferTest"/>
  <testcase name="testBufferAppend" time="0,000" classname="cviceni.StringBuilderAndBufferTest"/>
  <testcase name="testBuilderAppend" time="0,000" classname="cviceni.StringBuilderAndBufferTest"/>
  <testcase name="testBufferAppendDelete" time="0,000" classname="cviceni.StringBuilderAndBufferTest"/>
  <testcase name="testBuilderAppendDelete" time="0,000" classname="cviceni.StringBuilderAndBufferTest"/>
  <testcase name="testBuilderAppendDelete" time="0,000" classname="cviceni.StringBuilderAndBufferTest"/>
  <testcase name="testBufferAppendDelete" time="0,000" classname="cviceni.StringBuilderAndBufferTest"/>
  <testcase name="testBufferAppendDelete" time="0,000" classname="cviceni.StringBuilderAndBufferTest"/>
  <testcase name="testBuilderAppend" time="0,001" classname="cviceni.StringBuilderAndBufferTest"/>
  <testcase name="testBuilderAppendDelete" time="0,001" classname="cviceni.StringBuilderAndBufferTest"/>
  <testcase name="testBuilderAppendDelete" time="0,002" classname="cviceni.StringBuilderAndBufferTest"/>
  <testcase name="testBuilderAppendDelete" time="0,000" classname="cviceni.StringBuilderAndBufferTest"/>
  <testcase name="testBuilderAppendDelete" time="0,000" classname="cviceni.StringBuilderAndBufferTest"/>
  <testcase name="testBuilderAppendDelete" time="0,000" classname="cviceni.StringBuilderAndBufferTest"/>
  <testcase name="testBufferAppend" time="0,001" classname="cviceni.StringBuilderAndBufferTest"/>
  <testcase name="testBufferAppendDelete" time="0,001" classname="cviceni.StringBuilderAndBufferTest"/>
  <testcase name="testBuilderAppendDelete" time="0,000" classname="cviceni.StringBuilderAndBufferTest"/>
  <testcase name="testBuilderAppendDelete" time="0,000" classname="cviceni.StringBuilderAndBufferTest"/>
  <testcase name="testBuilderAppend" time="0,000" classname="cviceni.StringBuilderAndBufferTest"/>
  <testcase name="testBuilderAppend" time="0,000" classname="cviceni.StringBuilderAndBufferTest"/>
  <testcase name="testBuilderAppendDelete" time="0,000" classname="cviceni.StringBuilderAndBufferTest"/>
  <testcase name="testBuilderAppendDelete" time="0,000" classname="cviceni.StringBuilderAndBufferTest"/>
  <testcase name="testBuilderAppend" time="0,000" classname="cviceni.StringBuilderAndBufferTest"/>
  <testcase name="testBuilderAppend" time="0,000" classname="cviceni.StringBuilderAndBufferTest"/>
  <testcase name="testBuilderAppend" time="0,001" classname="cviceni.StringBuilderAndBufferTest"/>
  <testcase name="testBuilderAppendDelete" time="0,000" classname="cviceni.StringBuilderAndBufferTest"/>
  <testcase name="testBuilderAppend" time="0,001" classname="cviceni.StringBuilderAndBufferTest"/>
  <testcase name="testBuilderAppend" time="0,000" classname="cviceni.StringBuilderAndBufferTest"/>
  <testcase name="testBufferAppendDelete" time="0,000" classname="cviceni.StringBuilderAndBufferTest"/>
  <testcase name="testBufferAppend" time="0,000" classname="cviceni.StringBuilderAndBufferTest"/>
  <testcase name="testBuilderAppend" time="0,000" classname="cviceni.StringBuilderAndBufferTest"/>
  <testcase name="testBuilderAppend" time="0,000" classname="cviceni.StringBuilderAndBufferTest"/>
  <testcase name="testBuilderAppendDelete" time="0,000" classname="cviceni.StringBuilderAndBufferTest"/>
  <testcase name="testBuilderAppend" time="0,000" classname="cviceni.StringBuilderAndBufferTest"/>
  <testcase name="testBufferAppendDelete" time="0,000" classname="cviceni.StringBuilderAndBufferTest"/>
  <testcase name="testBuilderAppendDelete" time="0,001" classname="cviceni.StringBuilderAndBufferTest"/>
  <testcase name="testBufferAppend" time="0,001" classname="cviceni.StringBuilderAndBufferTest"/>
  <testcase name="testBuilderAppendDelete" time="0,001" classname="cviceni.StringBuilderAndBufferTest"/>
  <testcase name="testBufferAppendDelete" time="0,063" classname="cviceni.StringBuilderAndBufferTest"/>
  <testcase name="testBufferAppend" time="0,001" classname="cviceni.StringBuilderAndBufferTest"/>
  <testcase name="testBufferAppend" time="0,000" classname="cviceni.StringBuilderAndBufferTest"/>
  <testcase name="testBuilderAppend" time="0,000" classname="cviceni.StringBuilderAndBufferTest"/>
  <testcase name="testBufferAppend" time="0,001" classname="cviceni.StringBuilderAndBufferTest"/>
  <testcase name="testBuilderAppendDelete" time="0,000" classname="cviceni.StringBuilderAndBufferTest"/>
  <testcase name="testBufferAppendDelete" time="0,000" classname="cviceni.StringBuilderAndBufferTest"/>
  <testcase name="testBufferAppendDelete" time="0,001" classname="cviceni.StringBuilderAndBufferTest"/>
  <testcase name="testBufferAppend" time="0,000" classname="cviceni.StringBuilderAndBufferTest"/>
  <testcase name="testBuilderAppend" time="0,000" classname="cviceni.StringBuilderAndBufferTest"/>
  <testcase name="testBufferAppend" time="0,000" classname="cviceni.StringBuilderAndBufferTest"/>
  <testcase name="testBuilderAppendDelete" time="0,000" classname="cviceni.StringBuilderAndBufferTest"/>
  <testcase name="testBuilderAppendDelete" time="0,000" classname="cviceni.StringBuilderAndBufferTest"/>
  <testcase name="testBufferAppend" time="0,000" classname="cviceni.StringBuilderAndBufferTest"/>
  <testcase name="testBuilderAppendDelete" time="0,000" classname="cviceni.StringBuilderAndBufferTest"/>
  <testcase name="testBuilderAppend" time="0,001" classname="cviceni.StringBuilderAndBufferTest"/>
  <testcase name="testBuilderAppend" time="0,000" classname="cviceni.StringBuilderAndBufferTest"/>
  <testcase name="testBuilderAppendDelete" time="0,000" classname="cviceni.StringBuilderAndBufferTest"/>
  <testcase name="testBuilderAppend" time="0,000" classname="cviceni.StringBuilderAndBufferTest"/>
  <testcase name="testBufferAppend" time="0,000" classname="cviceni.StringBuilderAndBufferTest"/>
  <testcase name="testBuilderAppendDelete" time="0,000" classname="cviceni.StringBuilderAndBufferTest"/>
  <testcase name="testBufferAppend" time="0,001" classname="cviceni.StringBuilderAndBufferTest"/>
  <testcase name="testBuilderAppendDelete" time="0,000" classname="cviceni.StringBuilderAndBufferTest"/>
  <testcase name="testBuilderAppend" time="0,001" classname="cviceni.StringBuilderAndBufferTest"/>
  <testcase name="testBufferAppendDelete" time="0,000" classname="cviceni.StringBuilderAndBufferTest"/>
  <testcase name="testBufferAppend" time="0,000" classname="cviceni.StringBuilderAndBufferTest"/>
  <testcase name="testBuilderAppendDelete" time="0,000" classname="cviceni.StringBuilderAndBufferTest"/>
  <testcase name="testBuilderAppendDelete" time="0,000" classname="cviceni.StringBuilderAndBufferTest"/>
  <testcase name="testBuilderAppend" time="0,000" classname="cviceni.StringBuilderAndBufferTest"/>
  <testcase name="testBufferAppend" time="0,000" classname="cviceni.StringBuilderAndBufferTest"/>
  <testcase name="testBuilderAppend" time="0,000" classname="cviceni.StringBuilderAndBufferTest"/>
  <testcase name="testBufferAppend" time="0,000" classname="cviceni.StringBuilderAndBufferTest"/>
  <testcase name="testBufferAppendDelete" time="0,000" classname="cviceni.StringBuilderAndBufferTest"/>
  <testcase name="testBuilderAppend" time="0,000" classname="cviceni.StringBuilderAndBufferTest"/>
  <testcase name="testBufferAppend" time="0,000" classname="cviceni.StringBuilderAndBufferTest"/>
  <testcase name="testBuilderAppend" time="0,000" classname="cviceni.StringBuilderAndBufferTest"/>
  <testcase name="testBuilderAppendDelete" time="0,001" classname="cviceni.StringBuilderAndBufferTest"/>
  <testcase name="testBuilderAppendDelete" time="0,000" classname="cviceni.StringBuilderAndBufferTest"/>
  <testcase name="testBuilderAppendDelete" time="0,000" classname="cviceni.StringBuilderAndBufferTest"/>
  <testcase name="testBufferAppend" time="0,000" classname="cviceni.StringBuilderAndBufferTest"/>
  <testcase name="testBufferAppend" time="0,000" classname="cviceni.StringBuilderAndBufferTest"/>
  <testcase name="testBuilderAppend" time="0,001" classname="cviceni.StringBuilderAndBufferTest"/>
  <testcase name="testBufferAppendDelete" time="0,000" classname="cviceni.StringBuilderAndBufferTest"/>
  <testcase name="testBuilderAppend" time="0,000" classname="cviceni.StringBuilderAndBufferTest"/>
  <testcase name="testBuilderAppend" time="0,000" classname="cviceni.StringBuilderAndBufferTest"/>
  <testcase name="testBuilderAppend" time="0,000" classname="cviceni.StringBuilderAndBufferTest"/>
  <testcase name="testBuilderAppend" time="0,001" classname="cviceni.StringBuilderAndBufferTest"/>
  <testcase name="testBufferAppend" time="0,000" classname="cviceni.StringBuilderAndBufferTest"/>
  <testcase name="testBuilderAppend" time="0,000" classname="cviceni.StringBuilderAndBufferTest"/>
  <testcase name="testBuilderAppendDelete" time="0,000" classname="cviceni.StringBuilderAndBufferTest"/>
  <testcase name="testBuilderAppendDelete" time="0,001" classname="cviceni.StringBuilderAndBufferTest"/>
  <testcase name="testBufferAppendDelete" time="0,000" classname="cviceni.StringBuilderAndBufferTest"/>
  <testcase name="testBufferAppend" time="0,001" classname="cviceni.StringBuilderAndBufferTest"/>
  <testcase name="testBuilderAppendDelete" time="0,000" classname="cviceni.StringBuilderAndBufferTest"/>
  <testcase name="testBuilderAppendDelete" time="0,000" classname="cviceni.StringBuilderAndBufferTest"/>
  <testcase name="testBufferAppendDelete" time="0,000" classname="cviceni.StringBuilderAndBufferTest"/>
  <testcase name="testBufferAppend" time="0,000" classname="cviceni.StringBuilderAndBufferTest"/>
  <testcase name="testBufferAppendDelete" time="0,000" classname="cviceni.StringBuilderAndBufferTest"/>
  <testcase name="testBufferAppend" time="0,000" classname="cviceni.StringBuilderAndBufferTest"/>
  <testcase name="testBufferAppend" time="0,001" classname="cviceni.StringBuilderAndBufferTest"/>
  <testcase name="testBuilderAppend" time="0,000" classname="cviceni.StringBuilderAndBufferTest"/>
  <testcase name="testBufferAppendDelete" time="0,000" classname="cviceni.StringBuilderAndBufferTest"/>
  <testcase name="testBuilderAppendDelete" time="0,000" classname="cviceni.StringBuilderAndBufferTest"/>
  <testcase name="testBuilderAppend" time="0,000" classname="cviceni.StringBuilderAndBufferTest"/>
  <testcase name="testBufferAppendDelete" time="0,000" classname="cviceni.StringBuilderAndBufferTest"/>
  <testcase name="testBuilderAppendDelete" time="0,000" classname="cviceni.StringBuilderAndBufferTest"/>
  <testcase name="testBufferAppendDelete" time="0,000" classname="cviceni.StringBuilderAndBufferTest"/>
  <testcase name="testBufferAppend" time="0,001" classname="cviceni.StringBuilderAndBufferTest"/>
  <testcase name="testBufferAppendDelete" time="0,000" classname="cviceni.StringBuilderAndBufferTest"/>
  <testcase name="testBufferAppend" time="0,000" classname="cviceni.StringBuilderAndBufferTest"/>
  <testcase name="testBuilderAppend" time="0,000" classname="cviceni.StringBuilderAndBufferTest"/>
  <testcase name="testBufferAppend" time="0,000" classname="cviceni.StringBuilderAndBufferTest"/>
  <testcase name="testBuilderAppendDelete" time="0,000" classname="cviceni.StringBuilderAndBufferTest"/>
  <testcase name="testBuilderAppendDelete" time="0,000" classname="cviceni.StringBuilderAndBufferTest"/>
  <testcase name="testBufferAppendDelete" time="0,000" classname="cviceni.StringBuilderAndBufferTest"/>
  <testcase name="testBufferAppend" time="0,000" classname="cviceni.StringBuilderAndBufferTest"/>
  <testcase name="testBuilderAppendDelete" time="0,001" classname="cviceni.StringBuilderAndBufferTest"/>
  <testcase name="testBufferAppendDelete" time="0,000" classname="cviceni.StringBuilderAndBufferTest"/>
  <testcase name="testBuilderAppendDelete" time="0,000" classname="cviceni.StringBuilderAndBufferTest"/>
  <testcase name="testBufferAppend" time="0,001" classname="cviceni.StringBuilderAndBufferTest"/>
  <testcase name="testBuilderAppend" time="0,000" classname="cviceni.StringBuilderAndBufferTest"/>
  <testcase name="testBuilderAppendDelete" time="0,000" classname="cviceni.StringBuilderAndBufferTest"/>
  <testcase name="testBuilderAppendDelete" time="0,000" classname="cviceni.StringBuilderAndBufferTest"/>
  <testcase name="testBuilderAppend" time="0,000" classname="cviceni.StringBuilderAndBufferTest"/>
  <testcase name="testBuilderAppendDelete" time="0,000" classname="cviceni.StringBuilderAndBufferTest"/>
  <testcase name="testBuilderAppend" time="0,000" classname="cviceni.StringBuilderAndBufferTest"/>
  <testcase name="testBuilderAppend" time="0,000" classname="cviceni.StringBuilderAndBufferTest"/>
  <testcase name="testBufferAppend" time="0,003" classname="cviceni.StringBuilderAndBufferTest"/>
  <testcase name="testBufferAppend" time="0,000" classname="cviceni.StringBuilderAndBufferTest"/>
  <testcase name="testBuilderAppend" time="0,000" classname="cviceni.StringBuilderAndBufferTest"/>
  <testcase name="testBufferAppendDelete" time="0,000" classname="cviceni.StringBuilderAndBufferTest"/>
  <testcase name="testBufferAppendDelete" time="0,000" classname="cviceni.StringBuilderAndBufferTest"/>
  <testcase name="testBuilderAppend" time="0,001" classname="cviceni.StringBuilderAndBufferTest"/>
  <testcase name="testBufferAppendDelete" time="0,001" classname="cviceni.StringBuilderAndBufferTest"/>
  <testcase name="testBufferAppend" time="0,000" classname="cviceni.StringBuilderAndBufferTest"/>
  <testcase name="testBufferAppendDelete" time="0,000" classname="cviceni.StringBuilderAndBufferTest"/>
  <testcase name="testBuilderAppendDelete" time="0,000" classname="cviceni.StringBuilderAndBufferTest"/>
  <testcase name="testBuilderAppend" time="0,000" classname="cviceni.StringBuilderAndBufferTest"/>
  <testcase name="testBufferAppendDelete" time="0,000" classname="cviceni.StringBuilderAndBufferTest"/>
  <testcase name="testBufferAppend" time="0,000" classname="cviceni.StringBuilderAndBufferTest"/>
  <testcase name="testBuilderAppendDelete" time="0,000" classname="cviceni.StringBuilderAndBufferTest"/>
  <testcase name="testBuilderAppendDelete" time="0,000" classname="cviceni.StringBuilderAndBufferTest"/>
  <testcase name="testBuilderAppend" time="0,000" classname="cviceni.StringBuilderAndBufferTest"/>
  <testcase name="testBufferAppend" time="0,000" classname="cviceni.StringBuilderAndBufferTest"/>
  <testcase name="testBuilderAppend" time="0,000" classname="cviceni.StringBuilderAndBufferTest"/>
  <testcase name="testBufferAppend" time="0,000" classname="cviceni.StringBuilderAndBufferTest"/>
  <testcase name="testBufferAppendDelete" time="0,000" classname="cviceni.StringBuilderAndBufferTest"/>
  <testcase name="testBuilderAppend" time="0,000" classname="cviceni.StringBuilderAndBufferTest"/>
  <testcase name="testBufferAppendDelete" time="0,000" classname="cviceni.StringBuilderAndBufferTest"/>
  <testcase name="testBuilderAppend" time="0,001" classname="cviceni.StringBuilderAndBufferTest"/>
  <testcase name="testBuilderAppend" time="0,001" classname="cviceni.StringBuilderAndBufferTest"/>
  <testcase name="testBufferAppendDelete" time="0,000" classname="cviceni.StringBuilderAndBufferTest"/>
  <testcase name="testBuilderAppend" time="0,000" classname="cviceni.StringBuilderAndBufferTest"/>
  <testcase name="testBufferAppend" time="0,000" classname="cviceni.StringBuilderAndBufferTest"/>
  <testcase name="testBuilderAppendDelete" time="0,000" classname="cviceni.StringBuilderAndBufferTest"/>
  <testcase name="testBuilderAppendDelete" time="0,001" classname="cviceni.StringBuilderAndBufferTest"/>
  <testcase name="testBuilderAppendDelete" time="0,000" classname="cviceni.StringBuilderAndBufferTest"/>
  <testcase name="testBuilderAppendDelete" time="0,000" classname="cviceni.StringBuilderAndBufferTest"/>
  <testcase name="testBufferAppend" time="0,000" classname="cviceni.StringBuilderAndBufferTest"/>
  <testcase name="testBuilderAppend" time="0,000" classname="cviceni.StringBuilderAndBufferTest"/>
  <testcase name="testBuilderAppendDelete" time="0,001" classname="cviceni.StringBuilderAndBufferTest"/>
  <testcase name="testBuilderAppendDelete" time="0,000" classname="cviceni.StringBuilderAndBufferTest"/>
  <testcase name="testBuilderAppend" time="0,001" classname="cviceni.StringBuilderAndBufferTest"/>
  <testcase name="testBufferAppend" time="0,000" classname="cviceni.StringBuilderAndBufferTest"/>
  <testcase name="testBufferAppendDelete" time="0,000" classname="cviceni.StringBuilderAndBufferTest"/>
  <testcase name="testBuilderAppendDelete" time="0,000" classname="cviceni.StringBuilderAndBufferTest"/>
  <testcase name="testBufferAppendDelete" time="0,000" classname="cviceni.StringBuilderAndBufferTest"/>
  <testcase name="testBufferAppendDelete" time="0,000" classname="cviceni.StringBuilderAndBufferTest"/>
  <testcase name="testBuilderAppendDelete" time="0,001" classname="cviceni.StringBuilderAndBufferTest"/>
  <testcase name="testBufferAppendDelete" time="0,000" classname="cviceni.StringBuilderAndBufferTest"/>
  <testcase name="testBufferAppendDelete" time="0,001" classname="cviceni.StringBuilderAndBufferTest"/>
  <testcase name="testBuilderAppendDelete" time="0,000" classname="cviceni.StringBuilderAndBufferTest"/>
  <testcase name="testBuilderAppend" time="0,000" classname="cviceni.StringBuilderAndBufferTest"/>
  <testcase name="testBuilderAppendDelete" time="0,000" classname="cviceni.StringBuilderAndBufferTest"/>
  <testcase name="testBufferAppendDelete" time="0,000" classname="cviceni.StringBuilderAndBufferTest"/>
  <testcase name="testBufferAppendDelete" time="0,001" classname="cviceni.StringBuilderAndBufferTest"/>
  <testcase name="testBuilderAppend" time="0,000" classname="cviceni.StringBuilderAndBufferTest"/>
  <testcase name="testBuilderAppend" time="0,000" classname="cviceni.StringBuilderAndBufferTest"/>
  <testcase name="testBufferAppendDelete" time="0,000" classname="cviceni.StringBuilderAndBufferTest"/>
  <testcase name="testBuilderAppendDelete" time="0,001" classname="cviceni.StringBuilderAndBufferTest"/>
  <testcase name="testBufferAppend" time="0,001" classname="cviceni.StringBuilderAndBufferTest"/>
  <testcase name="testBuilderAppend" time="0,001" classname="cviceni.StringBuilderAndBufferTest"/>
  <testcase name="testBufferAppendDelete" time="0,000" classname="cviceni.StringBuilderAndBufferTest"/>
  <testcase name="testBufferAppendDelete" time="0,000" classname="cviceni.StringBuilderAndBufferTest"/>
  <testcase name="testBuilderAppend" time="0,000" classname="cviceni.StringBuilderAndBufferTest"/>
  <testcase name="testBuilderAppendDelete" time="0,006" classname="cviceni.StringBuilderAndBufferTest"/>
  <testcase name="testBuilderAppendDelete" time="0,000" classname="cviceni.StringBuilderAndBufferTest"/>
  <testcase name="testBuilderAppendDelete" time="0,001" classname="cviceni.StringBuilderAndBufferTest"/>
  <testcase name="testBuilderAppendDelete" time="0,007" classname="cviceni.StringBuilderAndBufferTest"/>
  <testcase name="testBufferAppendDelete" time="0,000" classname="cviceni.StringBuilderAndBufferTest"/>
  <testcase name="testBuilderAppendDelete" time="0,000" classname="cviceni.StringBuilderAndBufferTest"/>
  <testcase name="testBuilderAppend" time="0,000" classname="cviceni.StringBuilderAndBufferTest"/>
  <testcase name="testBuilderAppend" time="0,000" classname="cviceni.StringBuilderAndBufferTest"/>
  <testcase name="testBuilderAppendDelete" time="0,001" classname="cviceni.StringBuilderAndBufferTest"/>
  <testcase name="testBufferAppendDelete" time="0,000" classname="cviceni.StringBuilderAndBufferTest"/>
  <testcase name="testBuilderAppendDelete" time="0,000" classname="cviceni.StringBuilderAndBufferTest"/>
  <testcase name="testBuilderAppendDelete" time="0,057" classname="cviceni.StringBuilderAndBufferTest"/>
  <testcase name="testBuilderAppend" time="0,000" classname="cviceni.StringBuilderAndBufferTest"/>
  <testcase name="testBuilderAppend" time="0,000" classname="cviceni.StringBuilderAndBufferTest"/>
  <testcase name="testBufferAppendDelete" time="0,000" classname="cviceni.StringBuilderAndBufferTest"/>
  <testcase name="testBufferAppendDelete" time="0,001" classname="cviceni.StringBuilderAndBufferTest"/>
  <testcase name="testBuilderAppend" time="0,001" classname="cviceni.StringBuilderAndBufferTest"/>
  <testcase name="testBufferAppendDelete" time="0,001" classname="cviceni.StringBuilderAndBufferTest"/>
  <testcase name="testBufferAppendDelete" time="0,001" classname="cviceni.StringBuilderAndBufferTest"/>
  <testcase name="testBuilderAppendDelete" time="0,001" classname="cviceni.StringBuilderAndBufferTest"/>
  <testcase name="testBufferAppendDelete" time="0,001" classname="cviceni.StringBuilderAndBufferTest"/>
  <testcase name="testBufferAppend" time="0,000" classname="cviceni.StringBuilderAndBufferTest"/>
  <testcase name="testBufferAppendDelete" time="0,001" classname="cviceni.StringBuilderAndBufferTest"/>
  <testcase name="testBuilderAppend" time="0,000" classname="cviceni.StringBuilderAndBufferTest"/>
  <testcase name="testBufferAppend" time="0,000" classname="cviceni.StringBuilderAndBufferTest"/>
  <testcase name="testBuilderAppendDelete" time="0,000" classname="cviceni.StringBuilderAndBufferTest"/>
  <testcase name="testBufferAppend" time="0,001" classname="cviceni.StringBuilderAndBufferTest"/>
  <testcase name="testBuilderAppendDelete" time="0,015" classname="cviceni.StringBuilderAndBufferTest"/>
  <testcase name="testBuilderAppend" time="0,001" classname="cviceni.StringBuilderAndBufferTest"/>
  <testcase name="testBuilderAppendDelete" time="0,000" classname="cviceni.StringBuilderAndBufferTest"/>
  <testcase name="testBuilderAppendDelete" time="0,000" classname="cviceni.StringBuilderAndBufferTest"/>
  <testcase name="testBuilderAppend" time="0,000" classname="cviceni.StringBuilderAndBufferTest"/>
  <testcase name="testBuilderAppendDelete" time="0,000" classname="cviceni.StringBuilderAndBufferTest"/>
  <testcase name="testBufferAppend" time="0,000" classname="cviceni.StringBuilderAndBufferTest"/>
  <testcase name="testBufferAppend" time="0,000" classname="cviceni.StringBuilderAndBufferTest"/>
  <testcase name="testBufferAppend" time="0,000" classname="cviceni.StringBuilderAndBufferTest"/>
  <testcase name="testBufferAppendDelete" time="0,000" classname="cviceni.StringBuilderAndBufferTest"/>
  <testcase name="testBuilderAppend" time="0,000" classname="cviceni.StringBuilderAndBufferTest"/>
  <testcase name="testBuilderAppend" time="0,001" classname="cviceni.StringBuilderAndBufferTest"/>
  <testcase name="testBufferAppend" time="0,000" classname="cviceni.StringBuilderAndBufferTest"/>
  <testcase name="testBuilderAppend" time="0,001" classname="cviceni.StringBuilderAndBufferTest"/>
  <testcase name="testBuilderAppend" time="0,001" classname="cviceni.StringBuilderAndBufferTest"/>
  <testcase name="testBuilderAppend" time="0,000" classname="cviceni.StringBuilderAndBufferTest"/>
  <testcase name="testBuilderAppend" time="0,005" classname="cviceni.StringBuilderAndBufferTest"/>
  <testcase name="testBufferAppendDelete" time="0,001" classname="cviceni.StringBuilderAndBufferTest"/>
  <testcase name="testBufferAppend" time="0,000" classname="cviceni.StringBuilderAndBufferTest"/>
  <testcase name="testBuilderAppend" time="0,000" classname="cviceni.StringBuilderAndBufferTest"/>
  <testcase name="testBufferAppend" time="0,000" classname="cviceni.StringBuilderAndBufferTest"/>
  <testcase name="testBufferAppend" time="0,000" classname="cviceni.StringBuilderAndBufferTest"/>
  <testcase name="testBufferAppendDelete" time="0,001" classname="cviceni.StringBuilderAndBufferTest"/>
  <testcase name="testBufferAppendDelete" time="0,000" classname="cviceni.StringBuilderAndBufferTest"/>
  <testcase name="testBufferAppendDelete" time="0,000" classname="cviceni.StringBuilderAndBufferTest"/>
  <testcase name="testBufferAppendDelete" time="0,000" classname="cviceni.StringBuilderAndBufferTest"/>
  <testcase name="testBuilderAppendDelete" time="0,000" classname="cviceni.StringBuilderAndBufferTest"/>
  <testcase name="testBufferAppendDelete" time="0,000" classname="cviceni.StringBuilderAndBufferTest"/>
  <testcase name="testBuilderAppendDelete" time="0,001" classname="cviceni.StringBuilderAndBufferTest"/>
  <testcase name="testBufferAppend" time="0,000" classname="cviceni.StringBuilderAndBufferTest"/>
  <testcase name="testBuilderAppend" time="0,000" classname="cviceni.StringBuilderAndBufferTest"/>
  <testcase name="testBufferAppend" time="0,001" classname="cviceni.StringBuilderAndBufferTest"/>
  <testcase name="testBuilderAppend" time="0,000" classname="cviceni.StringBuilderAndBufferTest"/>
  <testcase name="testBuilderAppend" time="0,001" classname="cviceni.StringBuilderAndBufferTest"/>
  <testcase name="testBufferAppend" time="0,000" classname="cviceni.StringBuilderAndBufferTest"/>
  <testcase name="testBuilderAppendDelete" time="0,000" classname="cviceni.StringBuilderAndBufferTest"/>
  <testcase name="testBuilderAppendDelete" time="0,000" classname="cviceni.StringBuilderAndBufferTest"/>
  <testcase name="testBuilderAppendDelete" time="0,001" classname="cviceni.StringBuilderAndBufferTest"/>
  <testcase name="testBufferAppend" time="0,000" classname="cviceni.StringBuilderAndBufferTest"/>
  <testcase name="testBufferAppend" time="0,000" classname="cviceni.StringBuilderAndBufferTest"/>
  <testcase name="testBufferAppend" time="0,000" classname="cviceni.StringBuilderAndBufferTest"/>
  <testcase name="testBufferAppend" time="0,000" classname="cviceni.StringBuilderAndBufferTest"/>
  <testcase name="testBuilderAppendDelete" time="0,000" classname="cviceni.StringBuilderAndBufferTest"/>
  <testcase name="testBufferAppend" time="0,000" classname="cviceni.StringBuilderAndBufferTest"/>
  <testcase name="testBufferAppend" time="0,000" classname="cviceni.StringBuilderAndBufferTest"/>
  <testcase name="testBufferAppendDelete" time="0,001" classname="cviceni.StringBuilderAndBufferTest"/>
  <testcase name="testBufferAppendDelete" time="0,000" classname="cviceni.StringBuilderAndBufferTest"/>
  <testcase name="testBuilderAppend" time="0,000" classname="cviceni.StringBuilderAndBufferTest"/>
  <testcase name="testBuilderAppendDelete" time="0,001" classname="cviceni.StringBuilderAndBufferTest"/>
  <testcase name="testBufferAppendDelete" time="0,001" classname="cviceni.StringBuilderAndBufferTest"/>
  <testcase name="testBuilderAppend" time="0,000" classname="cviceni.StringBuilderAndBufferTest"/>
  <testcase name="testBuilderAppend" time="0,000" classname="cviceni.StringBuilderAndBufferTest"/>
  <testcase name="testBuilderAppendDelete" time="0,001" classname="cviceni.StringBuilderAndBufferTest"/>
  <testcase name="testBuilderAppend" time="0,000" classname="cviceni.StringBuilderAndBufferTest"/>
  <testcase name="testBuilderAppendDelete" time="0,000" classname="cviceni.StringBuilderAndBufferTest"/>
  <testcase name="testBufferAppend" time="0,000" classname="cviceni.StringBuilderAndBufferTest"/>
  <testcase name="testBufferAppend" time="0,000" classname="cviceni.StringBuilderAndBufferTest"/>
  <testcase name="testBuilderAppendDelete" time="0,000" classname="cviceni.StringBuilderAndBufferTest"/>
  <testcase name="testBuilderAppend" time="0,000" classname="cviceni.StringBuilderAndBufferTest"/>
  <testcase name="testBuilderAppendDelete" time="0,012" classname="cviceni.StringBuilderAndBufferTest"/>
  <testcase name="testBufferAppend" time="0,001" classname="cviceni.StringBuilderAndBufferTest"/>
  <testcase name="testBufferAppend" time="0,000" classname="cviceni.StringBuilderAndBufferTest"/>
  <testcase name="testBufferAppend" time="0,000" classname="cviceni.StringBuilderAndBufferTest"/>
  <testcase name="testBuilderAppend" time="0,001" classname="cviceni.StringBuilderAndBufferTest"/>
  <testcase name="testBuilderAppendDelete" time="0,000" classname="cviceni.StringBuilderAndBufferTest"/>
  <testcase name="testBuilderAppend" time="0,001" classname="cviceni.StringBuilderAndBufferTest"/>
  <testcase name="testBuilderAppendDelete" time="0,001" classname="cviceni.StringBuilderAndBufferTest"/>
  <testcase name="testBuilderAppend" time="0,000" classname="cviceni.StringBuilderAndBufferTest"/>
  <testcase name="testBufferAppendDelete" time="0,000" classname="cviceni.StringBuilderAndBufferTest"/>
  <testcase name="testBuilderAppendDelete" time="0,000" classname="cviceni.StringBuilderAndBufferTest"/>
  <testcase name="testBufferAppendDelete" time="0,000" classname="cviceni.StringBuilderAndBufferTest"/>
  <testcase name="testBuilderAppendDelete" time="0,001" classname="cviceni.StringBuilderAndBufferTest"/>
  <testcase name="testBufferAppend" time="0,000" classname="cviceni.StringBuilderAndBufferTest"/>
  <testcase name="testBuilderAppend" time="0,001" classname="cviceni.StringBuilderAndBufferTest"/>
  <testcase name="testBuilderAppendDelete" time="0,001" classname="cviceni.StringBuilderAndBufferTest"/>
  <testcase name="testBuilderAppendDelete" time="0,000" classname="cviceni.StringBuilderAndBufferTest"/>
  <testcase name="testBufferAppendDelete" time="0,001" classname="cviceni.StringBuilderAndBufferTest"/>
  <testcase name="testBufferAppend" time="0,000" classname="cviceni.StringBuilderAndBufferTest"/>
  <testcase name="testBuilderAppendDelete" time="0,000" classname="cviceni.StringBuilderAndBufferTest"/>
  <testcase name="testBuilderAppendDelete" time="0,000" classname="cviceni.StringBuilderAndBufferTest"/>
  <testcase name="testBuilderAppendDelete" time="0,000" classname="cviceni.StringBuilderAndBufferTest"/>
  <testcase name="testBuilderAppendDelete" time="0,001" classname="cviceni.StringBuilderAndBufferTest"/>
  <testcase name="testBuilderAppendDelete" time="0,000" classname="cviceni.StringBuilderAndBufferTest"/>
  <testcase name="testBuilderAppend" time="0,001" classname="cviceni.StringBuilderAndBufferTest"/>
  <testcase name="testBufferAppend" time="0,001" classname="cviceni.StringBuilderAndBufferTest"/>
  <testcase name="testBuilderAppend" time="0,000" classname="cviceni.StringBuilderAndBufferTest"/>
  <testcase name="testBufferAppendDelete" time="0,000" classname="cviceni.StringBuilderAndBufferTest"/>
  <testcase name="testBuilderAppend" time="0,000" classname="cviceni.StringBuilderAndBufferTest"/>
  <testcase name="testBuilderAppend" time="0,000" classname="cviceni.StringBuilderAndBufferTest"/>
  <testcase name="testBufferAppend" time="0,000" classname="cviceni.StringBuilderAndBufferTest"/>
  <testcase name="testBufferAppendDelete" time="0,000" classname="cviceni.StringBuilderAndBufferTest"/>
  <testcase name="testBuilderAppend" time="0,000" classname="cviceni.StringBuilderAndBufferTest"/>
  <testcase name="testBufferAppendDelete" time="0,000" classname="cviceni.StringBuilderAndBufferTest"/>
  <testcase name="testBuilderAppendDelete" time="0,000" classname="cviceni.StringBuilderAndBufferTest"/>
  <testcase name="testBufferAppendDelete" time="0,000" classname="cviceni.StringBuilderAndBufferTest"/>
  <testcase name="testBufferAppend" time="0,001" classname="cviceni.StringBuilderAndBufferTest"/>
  <testcase name="testBufferAppend" time="0,000" classname="cviceni.StringBuilderAndBufferTest"/>
  <testcase name="testBufferAppendDelete" time="0,001" classname="cviceni.StringBuilderAndBufferTest"/>
  <testcase name="testBufferAppendDelete" time="0,000" classname="cviceni.StringBuilderAndBufferTest"/>
  <testcase name="testBuilderAppend" time="0,001" classname="cviceni.StringBuilderAndBufferTest"/>
  <testcase name="testBuilderAppend" time="0,000" classname="cviceni.StringBuilderAndBufferTest"/>
  <testcase name="testBufferAppend" time="0,000" classname="cviceni.StringBuilderAndBufferTest"/>
  <testcase name="testBufferAppendDelete" time="0,001" classname="cviceni.StringBuilderAndBufferTest"/>
  <testcase name="testBufferAppendDelete" time="0,001" classname="cviceni.StringBuilderAndBufferTest"/>
  <testcase name="testBuilderAppendDelete" time="0,001" classname="cviceni.StringBuilderAndBufferTest"/>
  <testcase name="testBufferAppend" time="0,001" classname="cviceni.StringBuilderAndBufferTest"/>
  <testcase name="testBuilderAppend" time="0,000" classname="cviceni.StringBuilderAndBufferTest"/>
  <testcase name="testBufferAppend" time="0,000" classname="cviceni.StringBuilderAndBufferTest"/>
  <testcase name="testBufferAppend" time="0,000" classname="cviceni.StringBuilderAndBufferTest"/>
  <testcase name="testBufferAppend" time="0,000" classname="cviceni.StringBuilderAndBufferTest"/>
  <testcase name="testBufferAppend" time="0,001" classname="cviceni.StringBuilderAndBufferTest"/>
  <testcase name="testBufferAppendDelete" time="0,000" classname="cviceni.StringBuilderAndBufferTest"/>
  <testcase name="testBufferAppendDelete" time="0,000" classname="cviceni.StringBuilderAndBufferTest"/>
  <testcase name="testBuilderAppend" time="0,000" classname="cviceni.StringBuilderAndBufferTest"/>
  <testcase name="testBufferAppendDelete" time="0,001" classname="cviceni.StringBuilderAndBufferTest"/>
  <testcase name="testBuilderAppendDelete" time="0,000" classname="cviceni.StringBuilderAndBufferTest"/>
  <testcase name="testBufferAppendDelete" time="0,001" classname="cviceni.StringBuilderAndBufferTest"/>
  <testcase name="testBuilderAppend" time="0,000" classname="cviceni.StringBuilderAndBufferTest"/>
  <testcase name="testBuilderAppendDelete" time="0,000" classname="cviceni.StringBuilderAndBufferTest"/>
  <testcase name="testBufferAppend" time="0,000" classname="cviceni.StringBuilderAndBufferTest"/>
  <testcase name="testBuilderAppendDelete" time="0,001" classname="cviceni.StringBuilderAndBufferTest"/>
  <testcase name="testBufferAppendDelete" time="0,000" classname="cviceni.StringBuilderAndBufferTest"/>
  <testcase name="testBufferAppendDelete" time="0,001" classname="cviceni.StringBuilderAndBufferTest"/>
  <testcase name="testBufferAppendDelete" time="0,001" classname="cviceni.StringBuilderAndBufferTest"/>
  <testcase name="testBufferAppend" time="0,000" classname="cviceni.StringBuilderAndBufferTest"/>
  <testcase name="testBuilderAppendDelete" time="0,000" classname="cviceni.StringBuilderAndBufferTest"/>
  <testcase name="testBuilderAppend" time="0,000" classname="cviceni.StringBuilderAndBufferTest"/>
  <testcase name="testBuilderAppend" time="0,000" classname="cviceni.StringBuilderAndBufferTest"/>
  <testcase name="testBuilderAppend" time="0,000" classname="cviceni.StringBuilderAndBufferTest"/>
  <testcase name="testBuilderAppendDelete" time="0,000" classname="cviceni.StringBuilderAndBufferTest"/>
  <testcase name="testBufferAppendDelete" time="0,000" classname="cviceni.StringBuilderAndBufferTest"/>
  <testcase name="testBuilderAppendDelete" time="0,000" classname="cviceni.StringBuilderAndBufferTest"/>
  <testcase name="testBufferAppend" time="0,000" classname="cviceni.StringBuilderAndBufferTest"/>
  <testcase name="testBufferAppend" time="0,028" classname="cviceni.StringBuilderAndBufferTest"/>
  <testcase name="testBuilderAppend" time="0,000" classname="cviceni.StringBuilderAndBufferTest"/>
  <testcase name="testBufferAppend" time="0,000" classname="cviceni.StringBuilderAndBufferTest"/>
  <testcase name="testBuilderAppendDelete" time="0,001" classname="cviceni.StringBuilderAndBufferTest"/>
  <testcase name="testBuilderAppendDelete" time="0,001" classname="cviceni.StringBuilderAndBufferTest"/>
  <testcase name="testBuilderAppend" time="0,000" classname="cviceni.StringBuilderAndBufferTest"/>
  <testcase name="testBuilderAppend" time="0,000" classname="cviceni.StringBuilderAndBufferTest"/>
  <testcase name="testBuilderAppend" time="0,001" classname="cviceni.StringBuilderAndBufferTest"/>
  <testcase name="testBuilderAppend" time="0,001" classname="cviceni.StringBuilderAndBufferTest"/>
  <testcase name="testBufferAppendDelete" time="0,001" classname="cviceni.StringBuilderAndBufferTest"/>
  <testcase name="testBufferAppendDelete" time="0,000" classname="cviceni.StringBuilderAndBufferTest"/>
  <testcase name="testBuilderAppend" time="0,000" classname="cviceni.StringBuilderAndBufferTest"/>
  <testcase name="testBuilderAppendDelete" time="0,000" classname="cviceni.StringBuilderAndBufferTest"/>
  <testcase name="testBuilderAppend" time="0,000" classname="cviceni.StringBuilderAndBufferTest"/>
  <testcase name="testBuilderAppendDelete" time="0,001" classname="cviceni.StringBuilderAndBufferTest"/>
  <testcase name="testBufferAppend" time="0,001" classname="cviceni.StringBuilderAndBufferTest"/>
  <testcase name="testBuilderAppendDelete" time="0,000" classname="cviceni.StringBuilderAndBufferTest"/>
  <testcase name="testBuilderAppendDelete" time="0,001" classname="cviceni.StringBuilderAndBufferTest"/>
  <testcase name="testBufferAppend" time="0,000" classname="cviceni.StringBuilderAndBufferTest"/>
  <testcase name="testBuilderAppendDelete" time="0,000" classname="cviceni.StringBuilderAndBufferTest"/>
  <testcase name="testBufferAppend" time="0,000" classname="cviceni.StringBuilderAndBufferTest"/>
  <testcase name="testBufferAppendDelete" time="0,001" classname="cviceni.StringBuilderAndBufferTest"/>
  <testcase name="testBufferAppendDelete" time="0,010" classname="cviceni.StringBuilderAndBufferTest"/>
  <testcase name="testBuilderAppend" time="0,000" classname="cviceni.StringBuilderAndBufferTest"/>
  <testcase name="testBufferAppendDelete" time="0,000" classname="cviceni.StringBuilderAndBufferTest"/>
  <testcase name="testBuilderAppendDelete" time="0,001" classname="cviceni.StringBuilderAndBufferTest"/>
  <testcase name="testBuilderAppend" time="0,001" classname="cviceni.StringBuilderAndBufferTest"/>
  <testcase name="testBufferAppend" time="0,001" classname="cviceni.StringBuilderAndBufferTest"/>
  <testcase name="testBufferAppendDelete" time="0,000" classname="cviceni.StringBuilderAndBufferTest"/>
  <testcase name="testBufferAppendDelete" time="0,000" classname="cviceni.StringBuilderAndBufferTest"/>
  <testcase name="testBufferAppendDelete" time="0,000" classname="cviceni.StringBuilderAndBufferTest"/>
  <testcase name="testBufferAppendDelete" time="0,000" classname="cviceni.StringBuilderAndBufferTest"/>
  <testcase name="testBufferAppend" time="0,000" classname="cviceni.StringBuilderAndBufferTest"/>
  <testcase name="testBuilderAppend" time="0,000" classname="cviceni.StringBuilderAndBufferTest"/>
  <testcase name="testBuilderAppendDelete" time="0,000" classname="cviceni.StringBuilderAndBufferTest"/>
  <testcase name="testBufferAppendDelete" time="0,001" classname="cviceni.StringBuilderAndBufferTest"/>
  <testcase name="testBuilderAppend" time="0,000" classname="cviceni.StringBuilderAndBufferTest"/>
  <testcase name="testBuilderAppendDelete" time="0,000" classname="cviceni.StringBuilderAndBufferTest"/>
  <testcase name="testBufferAppendDelete" time="0,001" classname="cviceni.StringBuilderAndBufferTest"/>
  <testcase name="testBufferAppend" time="0,000" classname="cviceni.StringBuilderAndBufferTest"/>
  <testcase name="testBufferAppendDelete" time="0,000" classname="cviceni.StringBuilderAndBufferTest"/>
  <testcase name="testBuilderAppendDelete" time="0,000" classname="cviceni.StringBuilderAndBufferTest"/>
  <testcase name="testBuilderAppendDelete" time="0,001" classname="cviceni.StringBuilderAndBufferTest"/>
  <testcase name="testBufferAppend" time="0,000" classname="cviceni.StringBuilderAndBufferTest"/>
  <testcase name="testBufferAppendDelete" time="0,000" classname="cviceni.StringBuilderAndBufferTest"/>
  <testcase name="testBuilderAppend" time="0,001" classname="cviceni.StringBuilderAndBufferTest"/>
  <testcase name="testBufferAppend" time="0,001" classname="cviceni.StringBuilderAndBufferTest"/>
  <testcase name="testBufferAppendDelete" time="0,001" classname="cviceni.StringBuilderAndBufferTest"/>
  <testcase name="testBuilderAppend" time="0,001" classname="cviceni.StringBuilderAndBufferTest"/>
  <testcase name="testBuilderAppendDelete" time="0,000" classname="cviceni.StringBuilderAndBufferTest"/>
  <testcase name="testBuilderAppend" time="0,000" classname="cviceni.StringBuilderAndBufferTest"/>
  <testcase name="testBufferAppend" time="0,000" classname="cviceni.StringBuilderAndBufferTest"/>
  <testcase name="testBuilderAppend" time="0,000" classname="cviceni.StringBuilderAndBufferTest"/>
  <testcase name="testBufferAppend" time="0,000" classname="cviceni.StringBuilderAndBufferTest"/>
  <testcase name="testBufferAppendDelete" time="0,000" classname="cviceni.StringBuilderAndBufferTest"/>
  <testcase name="testBuilderAppend" time="0,000" classname="cviceni.StringBuilderAndBufferTest"/>
  <testcase name="testBuilderAppend" time="0,000" classname="cviceni.StringBuilderAndBufferTest"/>
  <testcase name="testBufferAppend" time="0,010" classname="cviceni.StringBuilderAndBufferTest"/>
  <testcase name="testBufferAppendDelete" time="0,000" classname="cviceni.StringBuilderAndBufferTest"/>
  <testcase name="testBufferAppendDelete" time="0,000" classname="cviceni.StringBuilderAndBufferTest"/>
  <testcase name="testBufferAppend" time="0,000" classname="cviceni.StringBuilderAndBufferTest"/>
  <testcase name="testBufferAppendDelete" time="0,000" classname="cviceni.StringBuilderAndBufferTest"/>
  <testcase name="testBufferAppendDelete" time="0,001" classname="cviceni.StringBuilderAndBufferTest"/>
  <testcase name="testBufferAppendDelete" time="0,000" classname="cviceni.StringBuilderAndBufferTest"/>
  <testcase name="testBuilderAppendDelete" time="0,001" classname="cviceni.StringBuilderAndBufferTest"/>
  <testcase name="testBufferAppend" time="0,001" classname="cviceni.StringBuilderAndBufferTest"/>
  <testcase name="testBuilderAppendDelete" time="0,001" classname="cviceni.StringBuilderAndBufferTest"/>
  <testcase name="testBufferAppend" time="0,000" classname="cviceni.StringBuilderAndBufferTest"/>
  <testcase name="testBuilderAppend" time="0,000" classname="cviceni.StringBuilderAndBufferTest"/>
  <testcase name="testBuilderAppendDelete" time="0,000" classname="cviceni.StringBuilderAndBufferTest"/>
  <testcase name="testBuilderAppend" time="0,000" classname="cviceni.StringBuilderAndBufferTest"/>
  <testcase name="testBuilderAppend" time="0,000" classname="cviceni.StringBuilderAndBufferTest"/>
  <testcase name="testBufferAppend" time="0,000" classname="cviceni.StringBuilderAndBufferTest"/>
  <testcase name="testBuilderAppend" time="0,000" classname="cviceni.StringBuilderAndBufferTest"/>
  <testcase name="testBuilderAppendDelete" time="0,000" classname="cviceni.StringBuilderAndBufferTest"/>
  <testcase name="testBuilderAppendDelete" time="0,000" classname="cviceni.StringBuilderAndBufferTest"/>
  <testcase name="testBufferAppend" time="0,000" classname="cviceni.StringBuilderAndBufferTest"/>
  <testcase name="testBuilderAppend" time="0,000" classname="cviceni.StringBuilderAndBufferTest"/>
  <testcase name="testBuilderAppend" time="0,000" classname="cviceni.StringBuilderAndBufferTest"/>
  <testcase name="testBuilderAppend" time="0,000" classname="cviceni.StringBuilderAndBufferTest"/>
  <testcase name="testBufferAppend" time="0,000" classname="cviceni.StringBuilderAndBufferTest"/>
  <testcase name="testBufferAppendDelete" time="0,000" classname="cviceni.StringBuilderAndBufferTest"/>
  <testcase name="testBuilderAppendDelete" time="0,000" classname="cviceni.StringBuilderAndBufferTest"/>
  <testcase name="testBuilderAppendDelete" time="0,000" classname="cviceni.StringBuilderAndBufferTest"/>
  <testcase name="testBufferAppend" time="0,000" classname="cviceni.StringBuilderAndBufferTest"/>
  <testcase name="testBufferAppendDelete" time="0,001" classname="cviceni.StringBuilderAndBufferTest"/>
  <testcase name="testBuilderAppendDelete" time="0,000" classname="cviceni.StringBuilderAndBufferTest"/>
  <testcase name="testBufferAppend" time="0,000" classname="cviceni.StringBuilderAndBufferTest"/>
  <testcase name="testBuilderAppendDelete" time="0,000" classname="cviceni.StringBuilderAndBufferTest"/>
  <testcase name="testBufferAppendDelete" time="0,000" classname="cviceni.StringBuilderAndBufferTest"/>
  <testcase name="testBufferAppendDelete" time="0,000" classname="cviceni.StringBuilderAndBufferTest"/>
  <testcase name="testBuilderAppendDelete" time="0,000" classname="cviceni.StringBuilderAndBufferTest"/>
  <testcase name="testBuilderAppend" time="0,000" classname="cviceni.StringBuilderAndBufferTest"/>
  <testcase name="testBuilderAppend" time="0,001" classname="cviceni.StringBuilderAndBufferTest"/>
  <testcase name="testBuilderAppend" time="0,000" classname="cviceni.StringBuilderAndBufferTest"/>
  <testcase name="testBuilderAppendDelete" time="0,000" classname="cviceni.StringBuilderAndBufferTest"/>
  <testcase name="testBuilderAppend" time="0,000" classname="cviceni.StringBuilderAndBufferTest"/>
  <testcase name="testBuilderAppendDelete" time="0,000" classname="cviceni.StringBuilderAndBufferTest"/>
  <testcase name="testBufferAppend" time="0,000" classname="cviceni.StringBuilderAndBufferTest"/>
  <testcase name="testBufferAppendDelete" time="0,000" classname="cviceni.StringBuilderAndBufferTest"/>
  <testcase name="testBuilderAppendDelete" time="0,000" classname="cviceni.StringBuilderAndBufferTest"/>
  <testcase name="testBufferAppendDelete" time="0,000" classname="cviceni.StringBuilderAndBufferTest"/>
  <testcase name="testBufferAppend" time="0,000" classname="cviceni.StringBuilderAndBufferTest"/>
  <testcase name="testBuilderAppendDelete" time="0,001" classname="cviceni.StringBuilderAndBufferTest"/>
  <testcase name="testBufferAppendDelete" time="0,000" classname="cviceni.StringBuilderAndBufferTest"/>
  <testcase name="testBuilderAppendDelete" time="0,000" classname="cviceni.StringBuilderAndBufferTest"/>
  <testcase name="testBufferAppend" time="0,000" classname="cviceni.StringBuilderAndBufferTest"/>
  <testcase name="testBuilderAppendDelete" time="0,000" classname="cviceni.StringBuilderAndBufferTest"/>
  <testcase name="testBufferAppend" time="0,001" classname="cviceni.StringBuilderAndBufferTest"/>
  <testcase name="testBuilderAppendDelete" time="0,000" classname="cviceni.StringBuilderAndBufferTest"/>
  <testcase name="testBuilderAppendDelete" time="0,001" classname="cviceni.StringBuilderAndBufferTest"/>
  <testcase name="testBufferAppendDelete" time="0,000" classname="cviceni.StringBuilderAndBufferTest"/>
  <testcase name="testBufferAppend" time="0,000" classname="cviceni.StringBuilderAndBufferTest"/>
  <testcase name="testBuilderAppendDelete" time="0,000" classname="cviceni.StringBuilderAndBufferTest"/>
  <testcase name="testBufferAppendDelete" time="0,000" classname="cviceni.StringBuilderAndBufferTest"/>
  <testcase name="testBufferAppendDelete" time="0,000" classname="cviceni.StringBuilderAndBufferTest"/>
  <testcase name="testBuilderAppendDelete" time="0,001" classname="cviceni.StringBuilderAndBufferTest"/>
  <testcase name="testBufferAppendDelete" time="0,000" classname="cviceni.StringBuilderAndBufferTest"/>
  <testcase name="testBufferAppendDelete" time="0,001" classname="cviceni.StringBuilderAndBufferTest"/>
  <testcase name="testBuilderAppendDelete" time="0,001" classname="cviceni.StringBuilderAndBufferTest"/>
  <testcase name="testBufferAppendDelete" time="0,000" classname="cviceni.StringBuilderAndBufferTest"/>
  <testcase name="testBuilderAppend" time="0,000" classname="cviceni.StringBuilderAndBufferTest"/>
  <testcase name="testBufferAppend" time="0,000" classname="cviceni.StringBuilderAndBufferTest"/>
  <testcase name="testBufferAppend" time="0,000" classname="cviceni.StringBuilderAndBufferTest"/>
  <testcase name="testBufferAppendDelete" time="0,000" classname="cviceni.StringBuilderAndBufferTest"/>
  <testcase name="testBuilderAppendDelete" time="0,000" classname="cviceni.StringBuilderAndBufferTest"/>
  <testcase name="testBufferAppend" time="0,000" classname="cviceni.StringBuilderAndBufferTest"/>
  <testcase name="testBuilderAppend" time="0,001" classname="cviceni.StringBuilderAndBufferTest"/>
  <testcase name="testBuilderAppend" time="0,000" classname="cviceni.StringBuilderAndBufferTest"/>
  <testcase name="testBuilderAppend" time="0,000" classname="cviceni.StringBuilderAndBufferTest"/>
  <testcase name="testBuilderAppend" time="0,001" classname="cviceni.StringBuilderAndBufferTest"/>
  <testcase name="testBuilderAppendDelete" time="0,000" classname="cviceni.StringBuilderAndBufferTest"/>
  <testcase name="testBufferAppend" time="0,000" classname="cviceni.StringBuilderAndBufferTest"/>
  <testcase name="testBuilderAppend" time="0,000" classname="cviceni.StringBuilderAndBufferTest"/>
  <testcase name="testBuilderAppend" time="0,000" classname="cviceni.StringBuilderAndBufferTest"/>
  <testcase name="testBuilderAppend" time="0,000" classname="cviceni.StringBuilderAndBufferTest"/>
  <testcase name="testBuilderAppend" time="0,001" classname="cviceni.StringBuilderAndBufferTest"/>
  <testcase name="testBuilderAppendDelete" time="0,001" classname="cviceni.StringBuilderAndBufferTest"/>
  <testcase name="testBufferAppendDelete" time="0,000" classname="cviceni.StringBuilderAndBufferTest"/>
  <testcase name="testBufferAppendDelete" time="0,001" classname="cviceni.StringBuilderAndBufferTest"/>
  <testcase name="testBuilderAppend" time="0,000" classname="cviceni.StringBuilderAndBufferTest"/>
  <testcase name="testBufferAppend" time="0,000" classname="cviceni.StringBuilderAndBufferTest"/>
  <testcase name="testBuilderAppend" time="0,000" classname="cviceni.StringBuilderAndBufferTest"/>
  <testcase name="testBufferAppendDelete" time="0,000" classname="cviceni.StringBuilderAndBufferTest"/>
  <testcase name="testBufferAppend" time="0,000" classname="cviceni.StringBuilderAndBufferTest"/>
  <testcase name="testBuilderAppendDelete" time="0,000" classname="cviceni.StringBuilderAndBufferTest"/>
  <testcase name="testBuilderAppend" time="0,001" classname="cviceni.StringBuilderAndBufferTest"/>
  <testcase name="testBuilderAppendDelete" time="0,001" classname="cviceni.StringBuilderAndBufferTest"/>
  <testcase name="testBuilderAppend" time="0,000" classname="cviceni.StringBuilderAndBufferTest"/>
  <testcase name="testBuilderAppend" time="0,000" classname="cviceni.StringBuilderAndBufferTest"/>
  <testcase name="testBufferAppend" time="0,000" classname="cviceni.StringBuilderAndBufferTest"/>
  <testcase name="testBufferAppend" time="0,000" classname="cviceni.StringBuilderAndBufferTest"/>
  <testcase name="testBufferAppend" time="0,001" classname="cviceni.StringBuilderAndBufferTest"/>
  <testcase name="testBuilderAppend" time="0,000" classname="cviceni.StringBuilderAndBufferTest"/>
  <testcase name="testBuilderAppend" time="0,001" classname="cviceni.StringBuilderAndBufferTest"/>
  <testcase name="testBuilderAppend" time="0,000" classname="cviceni.StringBuilderAndBufferTest"/>
  <testcase name="testBufferAppend" time="0,001" classname="cviceni.StringBuilderAndBufferTest"/>
  <testcase name="testBuilderAppendDelete" time="0,000" classname="cviceni.StringBuilderAndBufferTest"/>
  <testcase name="testBufferAppendDelete" time="0,000" classname="cviceni.StringBuilderAndBufferTest"/>
  <testcase name="testBuilderAppend" time="0,000" classname="cviceni.StringBuilderAndBufferTest"/>
  <testcase name="testBufferAppendDelete" time="0,001" classname="cviceni.StringBuilderAndBufferTest"/>
  <testcase name="testBufferAppend" time="0,000" classname="cviceni.StringBuilderAndBufferTest"/>
  <testcase name="testBuilderAppendDelete" time="0,001" classname="cviceni.StringBuilderAndBufferTest"/>
  <testcase name="testBuilderAppend" time="0,000" classname="cviceni.StringBuilderAndBufferTest"/>
  <testcase name="testBufferAppend" time="0,000" classname="cviceni.StringBuilderAndBufferTest"/>
  <testcase name="testBufferAppend" time="0,000" classname="cviceni.StringBuilderAndBufferTest"/>
  <testcase name="testBuilderAppend" time="0,000" classname="cviceni.StringBuilderAndBufferTest"/>
  <testcase name="testBuilderAppendDelete" time="0,000" classname="cviceni.StringBuilderAndBufferTest"/>
  <testcase name="testBufferAppendDelete" time="0,001" classname="cviceni.StringBuilderAndBufferTest"/>
  <testcase name="testBuilderAppend" time="0,000" classname="cviceni.StringBuilderAndBufferTest"/>
  <testcase name="testBuilderAppendDelete" time="0,000" classname="cviceni.StringBuilderAndBufferTest"/>
  <testcase name="testBuilderAppend" time="0,000" classname="cviceni.StringBuilderAndBufferTest"/>
  <testcase name="testBufferAppend" time="0,000" classname="cviceni.StringBuilderAndBufferTest"/>
  <testcase name="testBuilderAppend" time="0,000" classname="cviceni.StringBuilderAndBufferTest"/>
  <testcase name="testBufferAppendDelete" time="0,000" classname="cviceni.StringBuilderAndBufferTest"/>
  <testcase name="testBuilderAppend" time="0,000" classname="cviceni.StringBuilderAndBufferTest"/>
  <testcase name="testBuilderAppend" time="0,000" classname="cviceni.StringBuilderAndBufferTest"/>
  <testcase name="testBufferAppend" time="0,000" classname="cviceni.StringBuilderAndBufferTest"/>
  <testcase name="testBufferAppend" time="0,001" classname="cviceni.StringBuilderAndBufferTest"/>
  <testcase name="testBuilderAppendDelete" time="0,000" classname="cviceni.StringBuilderAndBufferTest"/>
  <testcase name="testBuilderAppend" time="0,000" classname="cviceni.StringBuilderAndBufferTest"/>
  <testcase name="testBufferAppend" time="0,000" classname="cviceni.StringBuilderAndBufferTest"/>
  <testcase name="testBuilderAppend" time="0,000" classname="cviceni.StringBuilderAndBufferTest"/>
  <testcase name="testBufferAppendDelete" time="0,001" classname="cviceni.StringBuilderAndBufferTest"/>
  <testcase name="testBufferAppendDelete" time="0,001" classname="cviceni.StringBuilderAndBufferTest"/>
  <testcase name="testBufferAppendDelete" time="0,000" classname="cviceni.StringBuilderAndBufferTest"/>
  <testcase name="testBufferAppend" time="0,000" classname="cviceni.StringBuilderAndBufferTest"/>
  <testcase name="testBuilderAppend" time="0,000" classname="cviceni.StringBuilderAndBufferTest"/>
  <testcase name="testBuilderAppendDelete" time="0,000" classname="cviceni.StringBuilderAndBufferTest"/>
  <testcase name="testBuilderAppendDelete" time="0,007" classname="cviceni.StringBuilderAndBufferTest"/>
  <testcase name="testBuilderAppend" time="0,000" classname="cviceni.StringBuilderAndBufferTest"/>
  <testcase name="testBuilderAppendDelete" time="0,001" classname="cviceni.StringBuilderAndBufferTest"/>
  <testcase name="testBuilderAppendDelete" time="0,000" classname="cviceni.StringBuilderAndBufferTest"/>
  <testcase name="testBuilderAppend" time="0,001" classname="cviceni.StringBuilderAndBufferTest"/>
  <testcase name="testBufferAppend" time="0,001" classname="cviceni.StringBuilderAndBufferTest"/>
  <testcase name="testBuilderAppendDelete" time="0,000" classname="cviceni.StringBuilderAndBufferTest"/>
  <testcase name="testBufferAppend" time="0,000" classname="cviceni.StringBuilderAndBufferTest"/>
  <testcase name="testBufferAppend" time="0,000" classname="cviceni.StringBuilderAndBufferTest"/>
  <testcase name="testBufferAppendDelete" time="0,001" classname="cviceni.StringBuilderAndBufferTest"/>
  <testcase name="testBufferAppendDelete" time="0,001" classname="cviceni.StringBuilderAndBufferTest"/>
  <testcase name="testBufferAppend" time="0,000" classname="cviceni.StringBuilderAndBufferTest"/>
  <testcase name="testBufferAppendDelete" time="0,000" classname="cviceni.StringBuilderAndBufferTest"/>
  <testcase name="testBuilderAppend" time="0,000" classname="cviceni.StringBuilderAndBufferTest"/>
  <testcase name="testBufferAppend" time="0,001" classname="cviceni.StringBuilderAndBufferTest"/>
  <testcase name="testBufferAppend" time="0,000" classname="cviceni.StringBuilderAndBufferTest"/>
  <testcase name="testBuilderAppendDelete" time="0,001" classname="cviceni.StringBuilderAndBufferTest"/>
  <testcase name="testBuilderAppendDelete" time="0,000" classname="cviceni.StringBuilderAndBufferTest"/>
  <testcase name="testBufferAppend" time="0,000" classname="cviceni.StringBuilderAndBufferTest"/>
  <testcase name="testBuilderAppend" time="0,000" classname="cviceni.StringBuilderAndBufferTest"/>
  <testcase name="testBuilderAppend" time="0,000" classname="cviceni.StringBuilderAndBufferTest"/>
  <testcase name="testBuilderAppendDelete" time="0,001" classname="cviceni.StringBuilderAndBufferTest"/>
  <testcase name="testBufferAppend" time="0,000" classname="cviceni.StringBuilderAndBufferTest"/>
  <testcase name="testBufferAppend" time="0,000" classname="cviceni.StringBuilderAndBufferTest"/>
  <testcase name="testBufferAppendDelete" time="0,000" classname="cviceni.StringBuilderAndBufferTest"/>
  <testcase name="testBuilderAppend" time="0,000" classname="cviceni.StringBuilderAndBufferTest"/>
  <testcase name="testBuilderAppend" time="0,001" classname="cviceni.StringBuilderAndBufferTest"/>
  <testcase name="testBufferAppend" time="0,001" classname="cviceni.StringBuilderAndBufferTest"/>
  <testcase name="testBufferAppendDelete" time="0,001" classname="cviceni.StringBuilderAndBufferTest"/>
  <testcase name="testBuilderAppend" time="0,001" classname="cviceni.StringBuilderAndBufferTest"/>
  <testcase name="testBufferAppend" time="0,000" classname="cviceni.StringBuilderAndBufferTest"/>
  <testcase name="testBuilderAppendDelete" time="0,000" classname="cviceni.StringBuilderAndBufferTest"/>
  <testcase name="testBuilderAppendDelete" time="0,000" classname="cviceni.StringBuilderAndBufferTest"/>
  <testcase name="testBuilderAppendDelete" time="0,001" classname="cviceni.StringBuilderAndBufferTest"/>
  <testcase name="testBufferAppend" time="0,000" classname="cviceni.StringBuilderAndBufferTest"/>
  <testcase name="testBuilderAppend" time="0,000" classname="cviceni.StringBuilderAndBufferTest"/>
  <testcase name="testBufferAppendDelete" time="0,000" classname="cviceni.StringBuilderAndBufferTest"/>
  <testcase name="testBuilderAppendDelete" time="0,000" classname="cviceni.StringBuilderAndBufferTest"/>
  <testcase name="testBufferAppend" time="0,000" classname="cviceni.StringBuilderAndBufferTest"/>
  <testcase name="testBufferAppend" time="0,001" classname="cviceni.StringBuilderAndBufferTest"/>
  <testcase name="testBuilderAppend" time="0,000" classname="cviceni.StringBuilderAndBufferTest"/>
  <testcase name="testBufferAppendDelete" time="0,001" classname="cviceni.StringBuilderAndBufferTest"/>
  <testcase name="testBufferAppendDelete" time="0,001" classname="cviceni.StringBuilderAndBufferTest"/>
  <testcase name="testBufferAppendDelete" time="0,001" classname="cviceni.StringBuilderAndBufferTest"/>
  <testcase name="testBuilderAppendDelete" time="0,000" classname="cviceni.StringBuilderAndBufferTest"/>
  <testcase name="testBufferAppend" time="0,000" classname="cviceni.StringBuilderAndBufferTest"/>
  <testcase name="testBuilderAppend" time="0,000" classname="cviceni.StringBuilderAndBufferTest"/>
  <testcase name="testBuilderAppendDelete" time="0,000" classname="cviceni.StringBuilderAndBufferTest"/>
  <testcase name="testBuilderAppendDelete" time="0,000" classname="cviceni.StringBuilderAndBufferTest"/>
  <testcase name="testBufferAppend" time="0,000" classname="cviceni.StringBuilderAndBufferTest"/>
  <testcase name="testBufferAppend" time="0,000" classname="cviceni.StringBuilderAndBufferTest"/>
  <testcase name="testBufferAppend" time="0,000" classname="cviceni.StringBuilderAndBufferTest"/>
  <testcase name="testBufferAppend" time="0,000" classname="cviceni.StringBuilderAndBufferTest"/>
  <testcase name="testBufferAppend" time="0,000" classname="cviceni.StringBuilderAndBufferTest"/>
  <testcase name="testBuilderAppendDelete" time="0,001" classname="cviceni.StringBuilderAndBufferTest"/>
  <testcase name="testBuilderAppendDelete" time="0,000" classname="cviceni.StringBuilderAndBufferTest"/>
  <testcase name="testBuilderAppend" time="0,000" classname="cviceni.StringBuilderAndBufferTest"/>
  <testcase name="testBuilderAppendDelete" time="0,000" classname="cviceni.StringBuilderAndBufferTest"/>
  <testcase name="testBufferAppendDelete" time="0,000" classname="cviceni.StringBuilderAndBufferTest"/>
  <testcase name="testBufferAppend" time="0,000" classname="cviceni.StringBuilderAndBufferTest"/>
  <testcase name="testBuilderAppendDelete" time="0,001" classname="cviceni.StringBuilderAndBufferTest"/>
  <testcase name="testBufferAppendDelete" time="0,000" classname="cviceni.StringBuilderAndBufferTest"/>
  <testcase name="testBufferAppend" time="0,000" classname="cviceni.StringBuilderAndBufferTest"/>
  <testcase name="testBufferAppendDelete" time="0,001" classname="cviceni.StringBuilderAndBufferTest"/>
  <testcase name="testBufferAppend" time="0,000" classname="cviceni.StringBuilderAndBufferTest"/>
  <testcase name="testBufferAppendDelete" time="0,000" classname="cviceni.StringBuilderAndBufferTest"/>
  <testcase name="testBufferAppend" time="0,000" classname="cviceni.StringBuilderAndBufferTest"/>
  <testcase name="testBuilderAppendDelete" time="0,000" classname="cviceni.StringBuilderAndBufferTest"/>
  <testcase name="testBufferAppend" time="0,001" classname="cviceni.StringBuilderAndBufferTest"/>
  <testcase name="testBufferAppendDelete" time="0,000" classname="cviceni.StringBuilderAndBufferTest"/>
  <testcase name="testBufferAppend" time="0,000" classname="cviceni.StringBuilderAndBufferTest"/>
  <testcase name="testBufferAppend" time="0,001" classname="cviceni.StringBuilderAndBufferTest"/>
  <testcase name="testBufferAppendDelete" time="0,000" classname="cviceni.StringBuilderAndBufferTest"/>
  <testcase name="testBuilderAppend" time="0,001" classname="cviceni.StringBuilderAndBufferTest"/>
  <testcase name="testBuilderAppendDelete" time="0,000" classname="cviceni.StringBuilderAndBufferTest"/>
  <testcase name="testBufferAppend" time="0,000" classname="cviceni.StringBuilderAndBufferTest"/>
  <testcase name="testBuilderAppend" time="0,000" classname="cviceni.StringBuilderAndBufferTest"/>
  <testcase name="testBuilderAppendDelete" time="0,000" classname="cviceni.StringBuilderAndBufferTest"/>
  <testcase name="testBufferAppend" time="0,000" classname="cviceni.StringBuilderAndBufferTest"/>
  <testcase name="testBufferAppend" time="0,000" classname="cviceni.StringBuilderAndBufferTest"/>
  <testcase name="testBuilderAppend" time="0,001" classname="cviceni.StringBuilderAndBufferTest"/>
  <testcase name="testBufferAppend" time="0,000" classname="cviceni.StringBuilderAndBufferTest"/>
  <testcase name="testBufferAppend" time="0,000" classname="cviceni.StringBuilderAndBufferTest"/>
  <testcase name="testBufferAppend" time="0,000" classname="cviceni.StringBuilderAndBufferTest"/>
  <testcase name="testBuilderAppendDelete" time="0,000" classname="cviceni.StringBuilderAndBufferTest"/>
  <testcase name="testBuilderAppend" time="0,001" classname="cviceni.StringBuilderAndBufferTest"/>
  <testcase name="testBufferAppend" time="0,001" classname="cviceni.StringBuilderAndBufferTest"/>
  <testcase name="testBuilderAppend" time="0,000" classname="cviceni.StringBuilderAndBufferTest"/>
  <testcase name="testBuilderAppend" time="0,001" classname="cviceni.StringBuilderAndBufferTest"/>
  <testcase name="testBufferAppend" time="0,001" classname="cviceni.StringBuilderAndBufferTest"/>
  <testcase name="testBufferAppendDelete" time="0,001" classname="cviceni.StringBuilderAndBufferTest"/>
  <testcase name="testBufferAppendDelete" time="0,000" classname="cviceni.StringBuilderAndBufferTest"/>
  <testcase name="testBufferAppendDelete" time="0,000" classname="cviceni.StringBuilderAndBufferTest"/>
  <testcase name="testBuilderAppend" time="0,000" classname="cviceni.StringBuilderAndBufferTest"/>
  <testcase name="testBufferAppend" time="0,000" classname="cviceni.StringBuilderAndBufferTest"/>
  <testcase name="testBuilderAppend" time="0,000" classname="cviceni.StringBuilderAndBufferTest"/>
  <testcase name="testBuilderAppendDelete" time="0,000" classname="cviceni.StringBuilderAndBufferTest"/>
  <testcase name="testBuilderAppendDelete" time="0,001" classname="cviceni.StringBuilderAndBufferTest"/>
  <testcase name="testBuilderAppendDelete" time="0,000" classname="cviceni.StringBuilderAndBufferTest"/>
  <testcase name="testBufferAppend" time="0,000" classname="cviceni.StringBuilderAndBufferTest"/>
  <testcase name="testBufferAppendDelete" time="0,000" classname="cviceni.StringBuilderAndBufferTest"/>
  <testcase name="testBuilderAppendDelete" time="0,001" classname="cviceni.StringBuilderAndBufferTest"/>
  <testcase name="testBuilderAppend" time="0,000" classname="cviceni.StringBuilderAndBufferTest"/>
  <testcase name="testBuilderAppendDelete" time="0,000" classname="cviceni.StringBuilderAndBufferTest"/>
  <testcase name="testBufferAppend" time="0,001" classname="cviceni.StringBuilderAndBufferTest"/>
  <testcase name="testBuilderAppend" time="0,000" classname="cviceni.StringBuilderAndBufferTest"/>
  <testcase name="testBuilderAppend" time="0,001" classname="cviceni.StringBuilderAndBufferTest"/>
  <testcase name="testBuilderAppend" time="0,001" classname="cviceni.StringBuilderAndBufferTest"/>
  <testcase name="testBuilderAppendDelete" time="0,000" classname="cviceni.StringBuilderAndBufferTest"/>
  <testcase name="testBuilderAppend" time="0,000" classname="cviceni.StringBuilderAndBufferTest"/>
  <testcase name="testBufferAppend" time="0,000" classname="cviceni.StringBuilderAndBufferTest"/>
  <testcase name="testBuilderAppendDelete" time="0,009" classname="cviceni.StringBuilderAndBufferTest"/>
  <testcase name="testBuilderAppend" time="0,000" classname="cviceni.StringBuilderAndBufferTest"/>
  <testcase name="testBuilderAppend" time="0,001" classname="cviceni.StringBuilderAndBufferTest"/>
  <testcase name="testBuilderAppendDelete" time="0,000" classname="cviceni.StringBuilderAndBufferTest"/>
  <testcase name="testBufferAppend" time="0,001" classname="cviceni.StringBuilderAndBufferTest"/>
  <testcase name="testBuilderAppend" time="0,000" classname="cviceni.StringBuilderAndBufferTest"/>
  <testcase name="testBuilderAppend" time="0,000" classname="cviceni.StringBuilderAndBufferTest"/>
  <testcase name="testBufferAppendDelete" time="0,000" classname="cviceni.StringBuilderAndBufferTest"/>
  <testcase name="testBuilderAppendDelete" time="0,000" classname="cviceni.StringBuilderAndBufferTest"/>
  <testcase name="testBufferAppendDelete" time="0,000" classname="cviceni.StringBuilderAndBufferTest"/>
  <testcase name="testBuilderAppendDelete" time="0,000" classname="cviceni.StringBuilderAndBufferTest"/>
  <testcase name="testBuilderAppendDelete" time="0,000" classname="cviceni.StringBuilderAndBufferTest"/>
  <testcase name="testBufferAppend" time="0,001" classname="cviceni.StringBuilderAndBufferTest"/>
  <testcase name="testBuilderAppendDelete" time="0,001" classname="cviceni.StringBuilderAndBufferTest"/>
  <testcase name="testBuilderAppend" time="0,000" classname="cviceni.StringBuilderAndBufferTest"/>
  <testcase name="testBufferAppendDelete" time="0,001" classname="cviceni.StringBuilderAndBufferTest"/>
  <testcase name="testBufferAppend" time="0,000" classname="cviceni.StringBuilderAndBufferTest"/>
  <testcase name="testBuilderAppendDelete" time="0,000" classname="cviceni.StringBuilderAndBufferTest"/>
  <testcase name="testBufferAppendDelete" time="0,001" classname="cviceni.StringBuilderAndBufferTest"/>
  <testcase name="testBuilderAppendDelete" time="0,000" classname="cviceni.StringBuilderAndBufferTest"/>
  <testcase name="testBuilderAppend" time="0,000" classname="cviceni.StringBuilderAndBufferTest"/>
  <testcase name="testBufferAppend" time="0,001" classname="cviceni.StringBuilderAndBufferTest"/>
  <testcase name="testBufferAppend" time="0,000" classname="cviceni.StringBuilderAndBufferTest"/>
  <testcase name="testBuilderAppendDelete" time="0,000" classname="cviceni.StringBuilderAndBufferTest"/>
  <testcase name="testBuilderAppendDelete" time="0,000" classname="cviceni.StringBuilderAndBufferTest"/>
  <testcase name="testBuilderAppendDelete" time="0,000" classname="cviceni.StringBuilderAndBufferTest"/>
  <testcase name="testBuilderAppend" time="0,000" classname="cviceni.StringBuilderAndBufferTest"/>
  <testcase name="testBuilderAppend" time="0,000" classname="cviceni.StringBuilderAndBufferTest"/>
  <testcase name="testBuilderAppendDelete" time="0,000" classname="cviceni.StringBuilderAndBufferTest"/>
  <testcase name="testBufferAppendDelete" time="0,001" classname="cviceni.StringBuilderAndBufferTest"/>
  <testcase name="testBuilderAppend" time="0,000" classname="cviceni.StringBuilderAndBufferTest"/>
  <testcase name="testBuilderAppend" time="0,000" classname="cviceni.StringBuilderAndBufferTest"/>
  <testcase name="testBuilderAppend" time="0,001" classname="cviceni.StringBuilderAndBufferTest"/>
  <testcase name="testBuilderAppend" time="0,001" classname="cviceni.StringBuilderAndBufferTest"/>
  <testcase name="testBufferAppendDelete" time="0,000" classname="cviceni.StringBuilderAndBufferTest"/>
  <testcase name="testBufferAppend" time="0,000" classname="cviceni.StringBuilderAndBufferTest"/>
  <testcase name="testBufferAppendDelete" time="0,000" classname="cviceni.StringBuilderAndBufferTest"/>
  <testcase name="testBufferAppend" time="0,001" classname="cviceni.StringBuilderAndBufferTest"/>
  <testcase name="testBuilderAppend" time="0,000" classname="cviceni.StringBuilderAndBufferTest"/>
  <testcase name="testBuilderAppendDelete" time="0,000" classname="cviceni.StringBuilderAndBufferTest"/>
  <testcase name="testBufferAppend" time="0,070" classname="cviceni.StringBuilderAndBufferTest"/>
  <testcase name="testBuilderAppend" time="0,031" classname="cviceni.StringBuilderAndBufferTest"/>
  <testcase name="testBuilderAppendDelete" time="0,000" classname="cviceni.StringBuilderAndBufferTest"/>
  <testcase name="testBuilderAppend" time="0,000" classname="cviceni.StringBuilderAndBufferTest"/>
  <testcase name="testBuilderAppendDelete" time="0,001" classname="cviceni.StringBuilderAndBufferTest"/>
  <testcase name="testBufferAppendDelete" time="0,001" classname="cviceni.StringBuilderAndBufferTest"/>
  <testcase name="testBufferAppendDelete" time="0,000" classname="cviceni.StringBuilderAndBufferTest"/>
  <testcase name="testBuilderAppend" time="0,000" classname="cviceni.StringBuilderAndBufferTest"/>
  <testcase name="testBuilderAppendDelete" time="0,000" classname="cviceni.StringBuilderAndBufferTest"/>
  <testcase name="testBufferAppend" time="0,000" classname="cviceni.StringBuilderAndBufferTest"/>
  <testcase name="testBufferAppendDelete" time="0,000" classname="cviceni.StringBuilderAndBufferTest"/>
  <testcase name="testBufferAppend" time="0,000" classname="cviceni.StringBuilderAndBufferTest"/>
  <testcase name="testBuilderAppend" time="0,000" classname="cviceni.StringBuilderAndBufferTest"/>
  <testcase name="testBufferAppendDelete" time="0,000" classname="cviceni.StringBuilderAndBufferTest"/>
  <testcase name="testBuilderAppendDelete" time="0,000" classname="cviceni.StringBuilderAndBufferTest"/>
  <testcase name="testBufferAppendDelete" time="0,000" classname="cviceni.StringBuilderAndBufferTest"/>
  <testcase name="testBuilderAppendDelete" time="0,000" classname="cviceni.StringBuilderAndBufferTest"/>
  <testcase name="testBufferAppend" time="0,000" classname="cviceni.StringBuilderAndBufferTest"/>
  <testcase name="testBuilderAppendDelete" time="0,001" classname="cviceni.StringBuilderAndBufferTest"/>
  <testcase name="testBufferAppend" time="0,000" classname="cviceni.StringBuilderAndBufferTest"/>
  <testcase name="testBuilderAppendDelete" time="0,001" classname="cviceni.StringBuilderAndBufferTest"/>
  <testcase name="testBufferAppend" time="0,000" classname="cviceni.StringBuilderAndBufferTest"/>
  <testcase name="testBufferAppend" time="0,000" classname="cviceni.StringBuilderAndBufferTest"/>
  <testcase name="testBuilderAppendDelete" time="0,000" classname="cviceni.StringBuilderAndBufferTest"/>
  <testcase name="testBuilderAppend" time="0,000" classname="cviceni.StringBuilderAndBufferTest"/>
  <testcase name="testBuilderAppendDelete" time="0,000" classname="cviceni.StringBuilderAndBufferTest"/>
  <testcase name="testBuilderAppendDelete" time="0,000" classname="cviceni.StringBuilderAndBufferTest"/>
  <testcase name="testBufferAppendDelete" time="0,000" classname="cviceni.StringBuilderAndBufferTest"/>
  <testcase name="testBufferAppend" time="0,001" classname="cviceni.StringBuilderAndBufferTest"/>
  <testcase name="testBuilderAppendDelete" time="0,000" classname="cviceni.StringBuilderAndBufferTest"/>
  <testcase name="testBufferAppend" time="0,001" classname="cviceni.StringBuilderAndBufferTest"/>
  <testcase name="testBuilderAppend" time="0,000" classname="cviceni.StringBuilderAndBufferTest"/>
  <testcase name="testBuilderAppendDelete" time="0,000" classname="cviceni.StringBuilderAndBufferTest"/>
  <testcase name="testBuilderAppend" time="0,000" classname="cviceni.StringBuilderAndBufferTest"/>
  <testcase name="testBuilderAppend" time="0,000" classname="cviceni.StringBuilderAndBufferTest"/>
  <testcase name="testBuilderAppendDelete" time="0,000" classname="cviceni.StringBuilderAndBufferTest"/>
  <testcase name="testBufferAppend" time="0,000" classname="cviceni.StringBuilderAndBufferTest"/>
  <testcase name="testBufferAppendDelete" time="0,000" classname="cviceni.StringBuilderAndBufferTest"/>
  <testcase name="testBuilderAppendDelete" time="0,000" classname="cviceni.StringBuilderAndBufferTest"/>
  <testcase name="testBufferAppend" time="0,000" classname="cviceni.StringBuilderAndBufferTest"/>
  <testcase name="testBufferAppend" time="0,001" classname="cviceni.StringBuilderAndBufferTest"/>
  <testcase name="testBuilderAppend" time="0,000" classname="cviceni.StringBuilderAndBufferTest"/>
  <testcase name="testBufferAppendDelete" time="0,000" classname="cviceni.StringBuilderAndBufferTest"/>
  <testcase name="testBuilderAppend" time="0,000" classname="cviceni.StringBuilderAndBufferTest"/>
  <testcase name="testBufferAppend" time="0,000" classname="cviceni.StringBuilderAndBufferTest"/>
  <testcase name="testBuilderAppend" time="0,000" classname="cviceni.StringBuilderAndBufferTest"/>
  <testcase name="testBufferAppend" time="0,000" classname="cviceni.StringBuilderAndBufferTest"/>
  <testcase name="testBufferAppendDelete" time="0,000" classname="cviceni.StringBuilderAndBufferTest"/>
  <testcase name="testBuilderAppendDelete" time="0,000" classname="cviceni.StringBuilderAndBufferTest"/>
  <testcase name="testBufferAppendDelete" time="0,000" classname="cviceni.StringBuilderAndBufferTest"/>
  <testcase name="testBuilderAppend" time="0,000" classname="cviceni.StringBuilderAndBufferTest"/>
  <testcase name="testBufferAppendDelete" time="0,000" classname="cviceni.StringBuilderAndBufferTest"/>
  <testcase name="testBuilderAppend" time="0,000" classname="cviceni.StringBuilderAndBufferTest"/>
  <testcase name="testBuilderAppendDelete" time="0,001" classname="cviceni.StringBuilderAndBufferTest"/>
  <testcase name="testBufferAppend" time="0,000" classname="cviceni.StringBuilderAndBufferTest"/>
  <testcase name="testBuilderAppend" time="0,000" classname="cviceni.StringBuilderAndBufferTest"/>
  <testcase name="testBuilderAppendDelete" time="0,000" classname="cviceni.StringBuilderAndBufferTest"/>
  <testcase name="testBufferAppendDelete" time="0,001" classname="cviceni.StringBuilderAndBufferTest"/>
  <testcase name="testBufferAppendDelete" time="0,000" classname="cviceni.StringBuilderAndBufferTest"/>
  <testcase name="testBufferAppendDelete" time="0,001" classname="cviceni.StringBuilderAndBufferTest"/>
  <testcase name="testBuilderAppendDelete" time="0,000" classname="cviceni.StringBuilderAndBufferTest"/>
  <testcase name="testBufferAppendDelete" time="0,000" classname="cviceni.StringBuilderAndBufferTest"/>
  <testcase name="testBufferAppend" time="0,000" classname="cviceni.StringBuilderAndBufferTest"/>
  <testcase name="testBufferAppendDelete" time="0,000" classname="cviceni.StringBuilderAndBufferTest"/>
  <testcase name="testBuilderAppendDelete" time="0,000" classname="cviceni.StringBuilderAndBufferTest"/>
  <testcase name="testBufferAppend" time="0,001" classname="cviceni.StringBuilderAndBufferTest"/>
  <testcase name="testBuilderAppendDelete" time="0,001" classname="cviceni.StringBuilderAndBufferTest"/>
  <testcase name="testBuilderAppendDelete" time="0,000" classname="cviceni.StringBuilderAndBufferTest"/>
  <testcase name="testBuilderAppend" time="0,001" classname="cviceni.StringBuilderAndBufferTest"/>
  <testcase name="testBuilderAppend" time="0,000" classname="cviceni.StringBuilderAndBufferTest"/>
  <testcase name="testBufferAppendDelete" time="0,000" classname="cviceni.StringBuilderAndBufferTest"/>
  <testcase name="testBuilderAppend" time="0,000" classname="cviceni.StringBuilderAndBufferTest"/>
  <testcase name="testBufferAppendDelete" time="0,000" classname="cviceni.StringBuilderAndBufferTest"/>
  <testcase name="testBufferAppendDelete" time="0,000" classname="cviceni.StringBuilderAndBufferTest"/>
  <testcase name="testBuilderAppendDelete" time="0,000" classname="cviceni.StringBuilderAndBufferTest"/>
  <testcase name="testBufferAppend" time="0,001" classname="cviceni.StringBuilderAndBufferTest"/>
  <testcase name="testBufferAppendDelete" time="0,000" classname="cviceni.StringBuilderAndBufferTest"/>
  <testcase name="testBufferAppendDelete" time="0,000" classname="cviceni.StringBuilderAndBufferTest"/>
  <testcase name="testBuilderAppendDelete" time="0,001" classname="cviceni.StringBuilderAndBufferTest"/>
  <testcase name="testBuilderAppend" time="0,000" classname="cviceni.StringBuilderAndBufferTest"/>
  <testcase name="testBufferAppendDelete" time="0,000" classname="cviceni.StringBuilderAndBufferTest"/>
  <testcase name="testBufferAppend" time="0,001" classname="cviceni.StringBuilderAndBufferTest"/>
  <testcase name="testBuilderAppendDelete" time="0,000" classname="cviceni.StringBuilderAndBufferTest"/>
  <testcase name="testBuilderAppend" time="0,000" classname="cviceni.StringBuilderAndBufferTest"/>
  <testcase name="testBufferAppendDelete" time="0,000" classname="cviceni.StringBuilderAndBufferTest"/>
  <testcase name="testBufferAppendDelete" time="0,000" classname="cviceni.StringBuilderAndBufferTest"/>
  <testcase name="testBufferAppend" time="0,000" classname="cviceni.StringBuilderAndBufferTest"/>
  <testcase name="testBuilderAppend" time="0,000" classname="cviceni.StringBuilderAndBufferTest"/>
  <testcase name="testBufferAppendDelete" time="0,000" classname="cviceni.StringBuilderAndBufferTest"/>
  <testcase name="testBufferAppend" time="0,000" classname="cviceni.StringBuilderAndBufferTest"/>
  <testcase name="testBuilderAppend" time="0,165" classname="cviceni.StringBuilderAndBufferTest"/>
  <testcase name="testBufferAppend" time="0,001" classname="cviceni.StringBuilderAndBufferTest"/>
  <testcase name="testBuilderAppendDelete" time="0,001" classname="cviceni.StringBuilderAndBufferTest"/>
  <testcase name="testBuilderAppendDelete" time="0,001" classname="cviceni.StringBuilderAndBufferTest"/>
  <testcase name="testBuilderAppendDelete" time="0,001" classname="cviceni.StringBuilderAndBufferTest"/>
  <testcase name="testBuilderAppend" time="0,001" classname="cviceni.StringBuilderAndBufferTest"/>
  <testcase name="testBufferAppendDelete" time="0,000" classname="cviceni.StringBuilderAndBufferTest"/>
  <testcase name="testBufferAppendDelete" time="0,000" classname="cviceni.StringBuilderAndBufferTest"/>
  <testcase name="testBuilderAppendDelete" time="0,000" classname="cviceni.StringBuilderAndBufferTest"/>
  <testcase name="testBufferAppend" time="0,000" classname="cviceni.StringBuilderAndBufferTest"/>
  <testcase name="testBufferAppendDelete" time="0,000" classname="cviceni.StringBuilderAndBufferTest"/>
  <testcase name="testBufferAppend" time="0,000" classname="cviceni.StringBuilderAndBufferTest"/>
  <testcase name="testBuilderAppend" time="0,021" classname="cviceni.StringBuilderAndBufferTest"/>
  <testcase name="testBufferAppend" time="0,001" classname="cviceni.StringBuilderAndBufferTest"/>
  <testcase name="testBufferAppendDelete" time="0,001" classname="cviceni.StringBuilderAndBufferTest"/>
  <testcase name="testBuilderAppend" time="0,000" classname="cviceni.StringBuilderAndBufferTest"/>
  <testcase name="testBufferAppendDelete" time="0,001" classname="cviceni.StringBuilderAndBufferTest"/>
  <testcase name="testBuilderAppendDelete" time="0,001" classname="cviceni.StringBuilderAndBufferTest"/>
  <testcase name="testBufferAppend" time="0,000" classname="cviceni.StringBuilderAndBufferTest"/>
  <testcase name="testBufferAppend" time="0,000" classname="cviceni.StringBuilderAndBufferTest"/>
  <testcase name="testBuilderAppend" time="0,000" classname="cviceni.StringBuilderAndBufferTest"/>
  <testcase name="testBuilderAppend" time="0,001" classname="cviceni.StringBuilderAndBufferTest"/>
  <testcase name="testBuilderAppendDelete" time="0,000" classname="cviceni.StringBuilderAndBufferTest"/>
  <testcase name="testBuilderAppend" time="0,000" classname="cviceni.StringBuilderAndBufferTest"/>
  <testcase name="testBufferAppend" time="0,001" classname="cviceni.StringBuilderAndBufferTest"/>
  <testcase name="testBuilderAppend" time="0,000" classname="cviceni.StringBuilderAndBufferTest"/>
  <testcase name="testBuilderAppendDelete" time="0,000" classname="cviceni.StringBuilderAndBufferTest"/>
  <testcase name="testBuilderAppend" time="0,000" classname="cviceni.StringBuilderAndBufferTest"/>
  <testcase name="testBufferAppend" time="0,001" classname="cviceni.StringBuilderAndBufferTest"/>
  <testcase name="testBufferAppend" time="0,000" classname="cviceni.StringBuilderAndBufferTest"/>
  <testcase name="testBufferAppend" time="0,001" classname="cviceni.StringBuilderAndBufferTest"/>
  <testcase name="testBufferAppendDelete" time="0,000" classname="cviceni.StringBuilderAndBufferTest"/>
  <testcase name="testBufferAppendDelete" time="0,000" classname="cviceni.StringBuilderAndBufferTest"/>
  <testcase name="testBuilderAppendDelete" time="0,001" classname="cviceni.StringBuilderAndBufferTest"/>
  <testcase name="testBufferAppend" time="0,001" classname="cviceni.StringBuilderAndBufferTest"/>
  <testcase name="testBufferAppendDelete" time="0,000" classname="cviceni.StringBuilderAndBufferTest"/>
  <testcase name="testBuilderAppendDelete" time="0,000" classname="cviceni.StringBuilderAndBufferTest"/>
  <testcase name="testBuilderAppend" time="0,001" classname="cviceni.StringBuilderAndBufferTest"/>
  <testcase name="testBufferAppend" time="0,000" classname="cviceni.StringBuilderAndBufferTest"/>
  <testcase name="testBuilderAppend" time="0,000" classname="cviceni.StringBuilderAndBufferTest"/>
  <testcase name="testBufferAppendDelete" time="0,001" classname="cviceni.StringBuilderAndBufferTest"/>
  <testcase name="testBuilderAppendDelete" time="0,000" classname="cviceni.StringBuilderAndBufferTest"/>
  <testcase name="testBufferAppendDelete" time="0,000" classname="cviceni.StringBuilderAndBufferTest"/>
  <testcase name="testBuilderAppendDelete" time="0,000" classname="cviceni.StringBuilderAndBufferTest"/>
  <testcase name="testBuilderAppend" time="0,000" classname="cviceni.StringBuilderAndBufferTest"/>
  <testcase name="testBuilderAppend" time="0,000" classname="cviceni.StringBuilderAndBufferTest"/>
  <testcase name="testBufferAppendDelete" time="0,000" classname="cviceni.StringBuilderAndBufferTest"/>
  <testcase name="testBuilderAppend" time="0,001" classname="cviceni.StringBuilderAndBufferTest"/>
  <testcase name="testBufferAppendDelete" time="0,000" classname="cviceni.StringBuilderAndBufferTest"/>
  <testcase name="testBufferAppend" time="0,000" classname="cviceni.StringBuilderAndBufferTest"/>
  <testcase name="testBufferAppend" time="0,000" classname="cviceni.StringBuilderAndBufferTest"/>
  <testcase name="testBuilderAppendDelete" time="0,001" classname="cviceni.StringBuilderAndBufferTest"/>
  <testcase name="testBufferAppend" time="0,001" classname="cviceni.StringBuilderAndBufferTest"/>
  <testcase name="testBufferAppendDelete" time="0,000" classname="cviceni.StringBuilderAndBufferTest"/>
  <testcase name="testBufferAppendDelete" time="0,000" classname="cviceni.StringBuilderAndBufferTest"/>
  <testcase name="testBufferAppend" time="0,000" classname="cviceni.StringBuilderAndBufferTest"/>
  <testcase name="testBufferAppend" time="0,000" classname="cviceni.StringBuilderAndBufferTest"/>
  <testcase name="testBuilderAppendDelete" time="0,000" classname="cviceni.StringBuilderAndBufferTest"/>
  <testcase name="testBufferAppendDelete" time="0,000" classname="cviceni.StringBuilderAndBufferTest"/>
  <testcase name="testBufferAppend" time="0,001" classname="cviceni.StringBuilderAndBufferTest"/>
  <testcase name="testBufferAppend" time="0,000" classname="cviceni.StringBuilderAndBufferTest"/>
  <testcase name="testBufferAppendDelete" time="0,001" classname="cviceni.StringBuilderAndBufferTest"/>
  <testcase name="testBufferAppendDelete" time="0,001" classname="cviceni.StringBuilderAndBufferTest"/>
  <testcase name="testBuilderAppendDelete" time="0,002" classname="cviceni.StringBuilderAndBufferTest"/>
  <testcase name="testBuilderAppendDelete" time="0,000" classname="cviceni.StringBuilderAndBufferTest"/>
  <testcase name="testBufferAppendDelete" time="0,000" classname="cviceni.StringBuilderAndBufferTest"/>
  <testcase name="testBufferAppend" time="0,000" classname="cviceni.StringBuilderAndBufferTest"/>
  <testcase name="testBufferAppendDelete" time="0,000" classname="cviceni.StringBuilderAndBufferTest"/>
  <testcase name="testBuilderAppendDelete" time="0,000" classname="cviceni.StringBuilderAndBufferTest"/>
  <testcase name="testBuilderAppend" time="0,000" classname="cviceni.StringBuilderAndBufferTest"/>
  <testcase name="testBufferAppendDelete" time="0,000" classname="cviceni.StringBuilderAndBufferTest"/>
  <testcase name="testBufferAppendDelete" time="0,000" classname="cviceni.StringBuilderAndBufferTest"/>
  <testcase name="testBufferAppendDelete" time="0,000" classname="cviceni.StringBuilderAndBufferTest"/>
  <testcase name="testBufferAppend" time="0,001" classname="cviceni.StringBuilderAndBufferTest"/>
  <testcase name="testBuilderAppend" time="0,000" classname="cviceni.StringBuilderAndBufferTest"/>
  <testcase name="testBuilderAppend" time="0,000" classname="cviceni.StringBuilderAndBufferTest"/>
  <testcase name="testBuilderAppend" time="0,000" classname="cviceni.StringBuilderAndBufferTest"/>
  <testcase name="testBuilderAppend" time="0,000" classname="cviceni.StringBuilderAndBufferTest"/>
  <testcase name="testBufferAppendDelete" time="0,000" classname="cviceni.StringBuilderAndBufferTest"/>
  <testcase name="testBuilderAppend" time="0,001" classname="cviceni.StringBuilderAndBufferTest"/>
  <testcase name="testBuilderAppendDelete" time="0,000" classname="cviceni.StringBuilderAndBufferTest"/>
  <testcase name="testBufferAppendDelete" time="0,000" classname="cviceni.StringBuilderAndBufferTest"/>
  <testcase name="testBuilderAppendDelete" time="0,000" classname="cviceni.StringBuilderAndBufferTest"/>
  <testcase name="testBuilderAppend" time="0,000" classname="cviceni.StringBuilderAndBufferTest"/>
  <testcase name="testBuilderAppendDelete" time="0,001" classname="cviceni.StringBuilderAndBufferTest"/>
  <testcase name="testBuilderAppend" time="0,000" classname="cviceni.StringBuilderAndBufferTest"/>
  <testcase name="testBuilderAppend" time="0,000" classname="cviceni.StringBuilderAndBufferTest"/>
  <testcase name="testBufferAppend" time="0,000" classname="cviceni.StringBuilderAndBufferTest"/>
  <testcase name="testBufferAppend" time="0,000" classname="cviceni.StringBuilderAndBufferTest"/>
  <testcase name="testBufferAppend" time="0,000" classname="cviceni.StringBuilderAndBufferTest"/>
  <testcase name="testBuilderAppendDelete" time="0,000" classname="cviceni.StringBuilderAndBufferTest"/>
  <testcase name="testBufferAppendDelete" time="0,000" classname="cviceni.StringBuilderAndBufferTest"/>
  <testcase name="testBufferAppend" time="0,000" classname="cviceni.StringBuilderAndBufferTest"/>
  <testcase name="testBufferAppendDelete" time="0,000" classname="cviceni.StringBuilderAndBufferTest"/>
  <testcase name="testBuilderAppendDelete" time="0,000" classname="cviceni.StringBuilderAndBufferTest"/>
  <testcase name="testBuilderAppend" time="0,000" classname="cviceni.StringBuilderAndBufferTest"/>
  <testcase name="testBuilderAppend" time="0,000" classname="cviceni.StringBuilderAndBufferTest"/>
  <testcase name="testBufferAppend" time="0,001" classname="cviceni.StringBuilderAndBufferTest"/>
  <testcase name="testBufferAppendDelete" time="0,001" classname="cviceni.StringBuilderAndBufferTest"/>
  <testcase name="testBufferAppend" time="0,000" classname="cviceni.StringBuilderAndBufferTest"/>
  <testcase name="testBuilderAppendDelete" time="0,001" classname="cviceni.StringBuilderAndBufferTest"/>
  <testcase name="testBufferAppend" time="0,000" classname="cviceni.StringBuilderAndBufferTest"/>
  <testcase name="testBufferAppendDelete" time="0,000" classname="cviceni.StringBuilderAndBufferTest"/>
  <testcase name="testBufferAppendDelete" time="0,000" classname="cviceni.StringBuilderAndBufferTest"/>
  <testcase name="testBufferAppend" time="0,000" classname="cviceni.StringBuilderAndBufferTest"/>
  <testcase name="testBufferAppendDelete" time="0,000" classname="cviceni.StringBuilderAndBufferTest"/>
  <testcase name="testBuilderAppendDelete" time="0,000" classname="cviceni.StringBuilderAndBufferTest"/>
  <testcase name="testBuilderAppend" time="0,000" classname="cviceni.StringBuilderAndBufferTest"/>
  <testcase name="testBufferAppend" time="0,000" classname="cviceni.StringBuilderAndBufferTest"/>
  <testcase name="testBufferAppend" time="0,000" classname="cviceni.StringBuilderAndBufferTest"/>
  <testcase name="testBuilderAppend" time="0,001" classname="cviceni.StringBuilderAndBufferTest"/>
  <testcase name="testBufferAppendDelete" time="0,000" classname="cviceni.StringBuilderAndBufferTest"/>
  <testcase name="testBufferAppendDelete" time="0,000" classname="cviceni.StringBuilderAndBufferTest"/>
  <testcase name="testBuilderAppendDelete" time="0,001" classname="cviceni.StringBuilderAndBufferTest"/>
  <testcase name="testBuilderAppend" time="0,000" classname="cviceni.StringBuilderAndBufferTest"/>
  <testcase name="testBuilderAppendDelete" time="0,001" classname="cviceni.StringBuilderAndBufferTest"/>
  <testcase name="testBufferAppendDelete" time="0,000" classname="cviceni.StringBuilderAndBufferTest"/>
  <testcase name="testBufferAppendDelete" time="0,000" classname="cviceni.StringBuilderAndBufferTest"/>
  <testcase name="testBuilderAppendDelete" time="0,000" classname="cviceni.StringBuilderAndBufferTest"/>
  <testcase name="testBuilderAppendDelete" time="0,000" classname="cviceni.StringBuilderAndBufferTest"/>
  <testcase name="testBufferAppendDelete" time="0,001" classname="cviceni.StringBuilderAndBufferTest"/>
  <testcase name="testBufferAppend" time="0,001" classname="cviceni.StringBuilderAndBufferTest"/>
  <testcase name="testBuilderAppendDelete" time="0,000" classname="cviceni.StringBuilderAndBufferTest"/>
  <testcase name="testBuilderAppendDelete" time="0,000" classname="cviceni.StringBuilderAndBufferTest"/>
  <testcase name="testBuilderAppendDelete" time="0,000" classname="cviceni.StringBuilderAndBufferTest"/>
  <testcase name="testBuilderAppend" time="0,001" classname="cviceni.StringBuilderAndBufferTest"/>
  <testcase name="testBufferAppend" time="0,000" classname="cviceni.StringBuilderAndBufferTest"/>
  <testcase name="testBuilderAppendDelete" time="0,000" classname="cviceni.StringBuilderAndBufferTest"/>
  <testcase name="testBufferAppend" time="0,000" classname="cviceni.StringBuilderAndBufferTest"/>
  <testcase name="testBufferAppend" time="0,000" classname="cviceni.StringBuilderAndBufferTest"/>
  <testcase name="testBufferAppendDelete" time="0,000" classname="cviceni.StringBuilderAndBufferTest"/>
  <testcase name="testBufferAppend" time="0,001" classname="cviceni.StringBuilderAndBufferTest"/>
  <testcase name="testBufferAppend" time="0,000" classname="cviceni.StringBuilderAndBufferTest"/>
  <testcase name="testBuilderAppend" time="0,000" classname="cviceni.StringBuilderAndBufferTest"/>
  <testcase name="testBuilderAppendDelete" time="0,001" classname="cviceni.StringBuilderAndBufferTest"/>
  <testcase name="testBufferAppendDelete" time="0,000" classname="cviceni.StringBuilderAndBufferTest"/>
  <testcase name="testBuilderAppendDelete" time="0,001" classname="cviceni.StringBuilderAndBufferTest"/>
  <testcase name="testBuilderAppendDelete" time="0,000" classname="cviceni.StringBuilderAndBufferTest"/>
  <testcase name="testBuilderAppendDelete" time="0,000" classname="cviceni.StringBuilderAndBufferTest"/>
  <testcase name="testBuilderAppendDelete" time="0,000" classname="cviceni.StringBuilderAndBufferTest"/>
  <testcase name="testBuilderAppend" time="0,000" classname="cviceni.StringBuilderAndBufferTest"/>
  <testcase name="testBufferAppendDelete" time="0,000" classname="cviceni.StringBuilderAndBufferTest"/>
  <testcase name="testBuilderAppend" time="0,000" classname="cviceni.StringBuilderAndBufferTest"/>
  <testcase name="testBufferAppendDelete" time="0,001" classname="cviceni.StringBuilderAndBufferTest"/>
  <testcase name="testBuilderAppend" time="0,001" classname="cviceni.StringBuilderAndBufferTest"/>
  <testcase name="testBuilderAppendDelete" time="0,000" classname="cviceni.StringBuilderAndBufferTest"/>
  <testcase name="testBuilderAppend" time="0,000" classname="cviceni.StringBuilderAndBufferTest"/>
  <testcase name="testBuilderAppendDelete" time="0,001" classname="cviceni.StringBuilderAndBufferTest"/>
  <testcase name="testBufferAppend" time="0,000" classname="cviceni.StringBuilderAndBufferTest"/>
  <testcase name="testBufferAppendDelete" time="0,000" classname="cviceni.StringBuilderAndBufferTest"/>
  <testcase name="testBufferAppend" time="0,001" classname="cviceni.StringBuilderAndBufferTest"/>
  <testcase name="testBuilderAppend" time="0,001" classname="cviceni.StringBuilderAndBufferTest"/>
  <testcase name="testBuilderAppend" time="0,000" classname="cviceni.StringBuilderAndBufferTest"/>
  <testcase name="testBufferAppendDelete" time="0,000" classname="cviceni.StringBuilderAndBufferTest"/>
  <testcase name="testBufferAppend" time="0,000" classname="cviceni.StringBuilderAndBufferTest"/>
  <testcase name="testBufferAppend" time="0,000" classname="cviceni.StringBuilderAndBufferTest"/>
  <testcase name="testBufferAppendDelete" time="0,000" classname="cviceni.StringBuilderAndBufferTest"/>
  <testcase name="testBufferAppendDelete" time="0,001" classname="cviceni.StringBuilderAndBufferTest"/>
  <testcase name="testBuilderAppendDelete" time="0,000" classname="cviceni.StringBuilderAndBufferTest"/>
  <testcase name="testBufferAppendDelete" time="0,001" classname="cviceni.StringBuilderAndBufferTest"/>
  <testcase name="testBufferAppendDelete" time="0,000" classname="cviceni.StringBuilderAndBufferTest"/>
  <testcase name="testBuilderAppend" time="0,000" classname="cviceni.StringBuilderAndBufferTest"/>
  <testcase name="testBuilderAppendDelete" time="0,000" classname="cviceni.StringBuilderAndBufferTest"/>
  <testcase name="testBufferAppend" time="0,000" classname="cviceni.StringBuilderAndBufferTest"/>
  <testcase name="testBufferAppendDelete" time="0,000" classname="cviceni.StringBuilderAndBufferTest"/>
  <testcase name="testBuilderAppend" time="0,001" classname="cviceni.StringBuilderAndBufferTest"/>
  <testcase name="testBufferAppendDelete" time="0,000" classname="cviceni.StringBuilderAndBufferTest"/>
  <testcase name="testBuilderAppend" time="0,000" classname="cviceni.StringBuilderAndBufferTest"/>
  <testcase name="testBufferAppend" time="0,000" classname="cviceni.StringBuilderAndBufferTest"/>
  <testcase name="testBufferAppend" time="0,000" classname="cviceni.StringBuilderAndBufferTest"/>
  <testcase name="testBufferAppendDelete" time="0,000" classname="cviceni.StringBuilderAndBufferTest"/>
  <testcase name="testBuilderAppend" time="0,000" classname="cviceni.StringBuilderAndBufferTest"/>
  <testcase name="testBuilderAppend" time="0,000" classname="cviceni.StringBuilderAndBufferTest"/>
  <testcase name="testBufferAppend" time="0,000" classname="cviceni.StringBuilderAndBufferTest"/>
  <testcase name="testBuilderAppend" time="0,000" classname="cviceni.StringBuilderAndBufferTest"/>
  <testcase name="testBufferAppend" time="0,001" classname="cviceni.StringBuilderAndBufferTest"/>
  <testcase name="testBuilderAppend" time="0,000" classname="cviceni.StringBuilderAndBufferTest"/>
  <testcase name="testBuilderAppend" time="0,000" classname="cviceni.StringBuilderAndBufferTest"/>
  <testcase name="testBufferAppendDelete" time="0,001" classname="cviceni.StringBuilderAndBufferTest"/>
  <testcase name="testBuilderAppend" time="0,000" classname="cviceni.StringBuilderAndBufferTest"/>
  <testcase name="testBufferAppend" time="0,000" classname="cviceni.StringBuilderAndBufferTest"/>
  <testcase name="testBuilderAppendDelete" time="0,001" classname="cviceni.StringBuilderAndBufferTest"/>
  <testcase name="testBufferAppendDelete" time="0,001" classname="cviceni.StringBuilderAndBufferTest"/>
  <testcase name="testBufferAppendDelete" time="0,000" classname="cviceni.StringBuilderAndBufferTest"/>
  <testcase name="testBuilderAppend" time="0,000" classname="cviceni.StringBuilderAndBufferTest"/>
  <testcase name="testBuilderAppendDelete" time="0,000" classname="cviceni.StringBuilderAndBufferTest"/>
  <testcase name="testBuilderAppend" time="0,000" classname="cviceni.StringBuilderAndBufferTest"/>
  <testcase name="testBufferAppend" time="0,000" classname="cviceni.StringBuilderAndBufferTest"/>
  <testcase name="testBuilderAppend" time="0,000" classname="cviceni.StringBuilderAndBufferTest"/>
  <testcase name="testBufferAppend" time="0,000" classname="cviceni.StringBuilderAndBufferTest"/>
  <testcase name="testBuilderAppend" time="0,000" classname="cviceni.StringBuilderAndBufferTest"/>
  <testcase name="testBuilderAppend" time="0,021" classname="cviceni.StringBuilderAndBufferTest"/>
  <testcase name="testBufferAppend" time="0,000" classname="cviceni.StringBuilderAndBufferTest"/>
  <testcase name="testBufferAppendDelete" time="0,000" classname="cviceni.StringBuilderAndBufferTest"/>
  <testcase name="testBufferAppend" time="0,000" classname="cviceni.StringBuilderAndBufferTest"/>
  <testcase name="testBuilderAppendDelete" time="0,001" classname="cviceni.StringBuilderAndBufferTest"/>
  <testcase name="testBufferAppend" time="0,001" classname="cviceni.StringBuilderAndBufferTest"/>
  <testcase name="testBufferAppend" time="0,000" classname="cviceni.StringBuilderAndBufferTest"/>
  <testcase name="testBuilderAppend" time="0,001" classname="cviceni.StringBuilderAndBufferTest"/>
  <testcase name="testBuilderAppendDelete" time="0,001" classname="cviceni.StringBuilderAndBufferTest"/>
  <testcase name="testBuilderAppendDelete" time="0,000" classname="cviceni.StringBuilderAndBufferTest"/>
  <testcase name="testBufferAppendDelete" time="0,001" classname="cviceni.StringBuilderAndBufferTest"/>
  <testcase name="testBufferAppend" time="0,000" classname="cviceni.StringBuilderAndBufferTest"/>
  <testcase name="testBufferAppendDelete" time="0,001" classname="cviceni.StringBuilderAndBufferTest"/>
  <testcase name="testBuilderAppend" time="0,000" classname="cviceni.StringBuilderAndBufferTest"/>
  <testcase name="testBufferAppendDelete" time="0,000" classname="cviceni.StringBuilderAndBufferTest"/>
  <testcase name="testBufferAppendDelete" time="0,001" classname="cviceni.StringBuilderAndBufferTest"/>
  <testcase name="testBuilderAppendDelete" time="0,000" classname="cviceni.StringBuilderAndBufferTest"/>
  <testcase name="testBuilderAppend" time="0,000" classname="cviceni.StringBuilderAndBufferTest"/>
  <testcase name="testBuilderAppend" time="0,000" classname="cviceni.StringBuilderAndBufferTest"/>
  <testcase name="testBuilderAppendDelete" time="0,000" classname="cviceni.StringBuilderAndBufferTest"/>
  <testcase name="testBuilderAppend" time="0,000" classname="cviceni.StringBuilderAndBufferTest"/>
  <testcase name="testBuilderAppend" time="0,000" classname="cviceni.StringBuilderAndBufferTest"/>
  <testcase name="testBuilderAppend" time="0,000" classname="cviceni.StringBuilderAndBufferTest"/>
  <testcase name="testBufferAppendDelete" time="0,001" classname="cviceni.StringBuilderAndBufferTest"/>
  <testcase name="testBufferAppend" time="0,000" classname="cviceni.StringBuilderAndBufferTest"/>
  <testcase name="testBuilderAppendDelete" time="0,000" classname="cviceni.StringBuilderAndBufferTest"/>
  <testcase name="testBuilderAppend" time="0,001" classname="cviceni.StringBuilderAndBufferTest"/>
  <testcase name="testBufferAppend" time="0,001" classname="cviceni.StringBuilderAndBufferTest"/>
  <testcase name="testBufferAppend" time="0,001" classname="cviceni.StringBuilderAndBufferTest"/>
  <testcase name="testBuilderAppendDelete" time="0,001" classname="cviceni.StringBuilderAndBufferTest"/>
  <testcase name="testBuilderAppend" time="0,000" classname="cviceni.StringBuilderAndBufferTest"/>
  <testcase name="testBuilderAppend" time="0,001" classname="cviceni.StringBuilderAndBufferTest"/>
  <testcase name="testBufferAppend" time="0,001" classname="cviceni.StringBuilderAndBufferTest"/>
  <testcase name="testBufferAppendDelete" time="0,000" classname="cviceni.StringBuilderAndBufferTest"/>
  <testcase name="testBuilderAppendDelete" time="0,000" classname="cviceni.StringBuilderAndBufferTest"/>
  <testcase name="testBufferAppendDelete" time="0,000" classname="cviceni.StringBuilderAndBufferTest"/>
  <testcase name="testBuilderAppendDelete" time="0,000" classname="cviceni.StringBuilderAndBufferTest"/>
  <testcase name="testBuilderAppendDelete" time="0,000" classname="cviceni.StringBuilderAndBufferTest"/>
  <testcase name="testBuilderAppendDelete" time="0,000" classname="cviceni.StringBuilderAndBufferTest"/>
  <testcase name="testBufferAppend" time="0,000" classname="cviceni.StringBuilderAndBufferTest"/>
  <testcase name="testBufferAppendDelete" time="0,000" classname="cviceni.StringBuilderAndBufferTest"/>
  <testcase name="testBufferAppend" time="0,000" classname="cviceni.StringBuilderAndBufferTest"/>
  <testcase name="testBufferAppend" time="0,000" classname="cviceni.StringBuilderAndBufferTest"/>
  <testcase name="testBuilderAppend" time="0,001" classname="cviceni.StringBuilderAndBufferTest"/>
  <testcase name="testBufferAppendDelete" time="0,000" classname="cviceni.StringBuilderAndBufferTest"/>
  <testcase name="testBufferAppendDelete" time="0,000" classname="cviceni.StringBuilderAndBufferTest"/>
  <testcase name="testBufferAppendDelete" time="0,001" classname="cviceni.StringBuilderAndBufferTest"/>
  <testcase name="testBufferAppend" time="0,001" classname="cviceni.StringBuilderAndBufferTest"/>
  <testcase name="testBufferAppend" time="0,000" classname="cviceni.StringBuilderAndBufferTest"/>
  <testcase name="testBufferAppendDelete" time="0,000" classname="cviceni.StringBuilderAndBufferTest"/>
  <testcase name="testBufferAppend" time="0,000" classname="cviceni.StringBuilderAndBufferTest"/>
  <testcase name="testBufferAppendDelete" time="0,001" classname="cviceni.StringBuilderAndBufferTest"/>
  <testcase name="testBufferAppendDelete" time="0,000" classname="cviceni.StringBuilderAndBufferTest"/>
  <testcase name="testBuilderAppend" time="0,000" classname="cviceni.StringBuilderAndBufferTest"/>
  <testcase name="testBuilderAppendDelete" time="0,000" classname="cviceni.StringBuilderAndBufferTest"/>
  <testcase name="testBufferAppend" time="0,001" classname="cviceni.StringBuilderAndBufferTest"/>
  <testcase name="testBuilderAppendDelete" time="0,001" classname="cviceni.StringBuilderAndBufferTest"/>
  <testcase name="testBuilderAppendDelete" time="0,000" classname="cviceni.StringBuilderAndBufferTest"/>
  <testcase name="testBufferAppend" time="0,000" classname="cviceni.StringBuilderAndBufferTest"/>
  <testcase name="testBufferAppendDelete" time="0,000" classname="cviceni.StringBuilderAndBufferTest"/>
  <testcase name="testBufferAppendDelete" time="0,000" classname="cviceni.StringBuilderAndBufferTest"/>
  <testcase name="testBuilderAppend" time="0,000" classname="cviceni.StringBuilderAndBufferTest"/>
  <testcase name="testBuilderAppendDelete" time="0,001" classname="cviceni.StringBuilderAndBufferTest"/>
  <testcase name="testBufferAppend" time="0,000" classname="cviceni.StringBuilderAndBufferTest"/>
  <testcase name="testBufferAppendDelete" time="0,000" classname="cviceni.StringBuilderAndBufferTest"/>
  <testcase name="testBuilderAppend" time="0,000" classname="cviceni.StringBuilderAndBufferTest"/>
  <testcase name="testBufferAppend" time="0,000" classname="cviceni.StringBuilderAndBufferTest"/>
  <testcase name="testBufferAppend" time="0,085" classname="cviceni.StringBuilderAndBufferTest"/>
  <testcase name="testBufferAppend" time="0,000" classname="cviceni.StringBuilderAndBufferTest"/>
  <testcase name="testBuilderAppend" time="0,001" classname="cviceni.StringBuilderAndBufferTest"/>
  <testcase name="testBufferAppendDelete" time="0,000" classname="cviceni.StringBuilderAndBufferTest"/>
  <testcase name="testBufferAppend" time="0,001" classname="cviceni.StringBuilderAndBufferTest"/>
  <testcase name="testBuilderAppend" time="0,000" classname="cviceni.StringBuilderAndBufferTest"/>
  <testcase name="testBuilderAppend" time="0,000" classname="cviceni.StringBuilderAndBufferTest"/>
  <testcase name="testBuilderAppendDelete" time="0,000" classname="cviceni.StringBuilderAndBufferTest"/>
  <testcase name="testBuilderAppendDelete" time="0,000" classname="cviceni.StringBuilderAndBufferTest"/>
  <testcase name="testBuilderAppendDelete" time="0,000" classname="cviceni.StringBuilderAndBufferTest"/>
  <testcase name="testBufferAppendDelete" time="0,000" classname="cviceni.StringBuilderAndBufferTest"/>
  <testcase name="testBuilderAppendDelete" time="0,000" classname="cviceni.StringBuilderAndBufferTest"/>
  <testcase name="testBuilderAppendDelete" time="0,001" classname="cviceni.StringBuilderAndBufferTest"/>
  <testcase name="testBuilderAppendDelete" time="0,001" classname="cviceni.StringBuilderAndBufferTest"/>
  <testcase name="testBufferAppend" time="0,000" classname="cviceni.StringBuilderAndBufferTest"/>
  <testcase name="testBufferAppendDelete" time="0,000" classname="cviceni.StringBuilderAndBufferTest"/>
  <testcase name="testBuilderAppend" time="0,001" classname="cviceni.StringBuilderAndBufferTest"/>
  <testcase name="testBuilderAppend" time="0,000" classname="cviceni.StringBuilderAndBufferTest"/>
  <testcase name="testBuilderAppendDelete" time="0,000" classname="cviceni.StringBuilderAndBufferTest"/>
  <testcase name="testBuilderAppendDelete" time="0,001" classname="cviceni.StringBuilderAndBufferTest"/>
  <testcase name="testBufferAppend" time="0,001" classname="cviceni.StringBuilderAndBufferTest"/>
  <testcase name="testBufferAppendDelete" time="0,000" classname="cviceni.StringBuilderAndBufferTest"/>
  <testcase name="testBuilderAppendDelete" time="0,000" classname="cviceni.StringBuilderAndBufferTest"/>
  <testcase name="testBufferAppend" time="0,000" classname="cviceni.StringBuilderAndBufferTest"/>
  <testcase name="testBufferAppendDelete" time="0,001" classname="cviceni.StringBuilderAndBufferTest"/>
  <testcase name="testBuilderAppend" time="0,001" classname="cviceni.StringBuilderAndBufferTest"/>
  <testcase name="testBuilderAppend" time="0,001" classname="cviceni.StringBuilderAndBufferTest"/>
  <testcase name="testBufferAppendDelete" time="0,000" classname="cviceni.StringBuilderAndBufferTest"/>
  <testcase name="testBuilderAppendDelete" time="0,001" classname="cviceni.StringBuilderAndBufferTest"/>
  <testcase name="testBuilderAppendDelete" time="0,000" classname="cviceni.StringBuilderAndBufferTest"/>
  <testcase name="testBufferAppendDelete" time="0,000" classname="cviceni.StringBuilderAndBufferTest"/>
  <testcase name="testBuilderAppendDelete" time="0,000" classname="cviceni.StringBuilderAndBufferTest"/>
  <testcase name="testBuilderAppendDelete" time="0,000" classname="cviceni.StringBuilderAndBufferTest"/>
  <testcase name="testBufferAppendDelete" time="0,000" classname="cviceni.StringBuilderAndBufferTest"/>
  <testcase name="testBufferAppendDelete" time="0,001" classname="cviceni.StringBuilderAndBufferTest"/>
  <testcase name="testBufferAppend" time="0,000" classname="cviceni.StringBuilderAndBufferTest"/>
  <testcase name="testBuilderAppend" time="0,000" classname="cviceni.StringBuilderAndBufferTest"/>
  <testcase name="testBufferAppend" time="0,000" classname="cviceni.StringBuilderAndBufferTest"/>
  <testcase name="testBufferAppend" time="0,001" classname="cviceni.StringBuilderAndBufferTest"/>
  <testcase name="testBuilderAppend" time="0,001" classname="cviceni.StringBuilderAndBufferTest"/>
  <testcase name="testBufferAppendDelete" time="0,000" classname="cviceni.StringBuilderAndBufferTest"/>
  <testcase name="testBufferAppend" time="0,000" classname="cviceni.StringBuilderAndBufferTest"/>
  <testcase name="testBuilderAppendDelete" time="0,000" classname="cviceni.StringBuilderAndBufferTest"/>
  <testcase name="testBuilderAppendDelete" time="0,000" classname="cviceni.StringBuilderAndBufferTest"/>
  <testcase name="testBufferAppend" time="0,000" classname="cviceni.StringBuilderAndBufferTest"/>
  <testcase name="testBuilderAppendDelete" time="0,000" classname="cviceni.StringBuilderAndBufferTest"/>
  <testcase name="testBufferAppend" time="0,000" classname="cviceni.StringBuilderAndBufferTest"/>
  <testcase name="testBuilderAppendDelete" time="0,000" classname="cviceni.StringBuilderAndBufferTest"/>
  <testcase name="testBuilderAppendDelete" time="0,000" classname="cviceni.StringBuilderAndBufferTest"/>
  <testcase name="testBufferAppendDelete" time="0,000" classname="cviceni.StringBuilderAndBufferTest"/>
  <testcase name="testBufferAppendDelete" time="0,000" classname="cviceni.StringBuilderAndBufferTest"/>
  <testcase name="testBufferAppend" time="0,000" classname="cviceni.StringBuilderAndBufferTest"/>
  <testcase name="testBufferAppendDelete" time="0,000" classname="cviceni.StringBuilderAndBufferTest"/>
  <testcase name="testBuilderAppend" time="0,001" classname="cviceni.StringBuilderAndBufferTest"/>
  <testcase name="testBuilderAppend" time="0,000" classname="cviceni.StringBuilderAndBufferTest"/>
  <testcase name="testBufferAppendDelete" time="0,000" classname="cviceni.StringBuilderAndBufferTest"/>
  <testcase name="testBufferAppendDelete" time="0,000" classname="cviceni.StringBuilderAndBufferTest"/>
  <testcase name="testBuilderAppend" time="0,000" classname="cviceni.StringBuilderAndBufferTest"/>
  <testcase name="testBuilderAppendDelete" time="0,000" classname="cviceni.StringBuilderAndBufferTest"/>
  <testcase name="testBuilderAppendDelete" time="0,000" classname="cviceni.StringBuilderAndBufferTest"/>
  <testcase name="testBuilderAppend" time="0,000" classname="cviceni.StringBuilderAndBufferTest"/>
  <testcase name="testBuilderAppendDelete" time="0,001" classname="cviceni.StringBuilderAndBufferTest"/>
  <testcase name="testBuilderAppendDelete" time="0,000" classname="cviceni.StringBuilderAndBufferTest"/>
  <testcase name="testBuilderAppendDelete" time="0,000" classname="cviceni.StringBuilderAndBufferTest"/>
  <testcase name="testBuilderAppend" time="0,000" classname="cviceni.StringBuilderAndBufferTest"/>
  <testcase name="testBufferAppend" time="0,001" classname="cviceni.StringBuilderAndBufferTest"/>
  <testcase name="testBufferAppend" time="0,001" classname="cviceni.StringBuilderAndBufferTest"/>
  <testcase name="testBufferAppendDelete" time="0,001" classname="cviceni.StringBuilderAndBufferTest"/>
  <testcase name="testBufferAppendDelete" time="0,000" classname="cviceni.StringBuilderAndBufferTest"/>
  <testcase name="testBufferAppendDelete" time="0,009" classname="cviceni.StringBuilderAndBufferTest"/>
  <testcase name="testBufferAppendDelete" time="0,000" classname="cviceni.StringBuilderAndBufferTest"/>
  <testcase name="testBufferAppend" time="0,001" classname="cviceni.StringBuilderAndBufferTest"/>
  <testcase name="testBufferAppend" time="0,001" classname="cviceni.StringBuilderAndBufferTest"/>
  <testcase name="testBufferAppendDelete" time="0,000" classname="cviceni.StringBuilderAndBufferTest"/>
  <testcase name="testBuilderAppendDelete" time="0,000" classname="cviceni.StringBuilderAndBufferTest"/>
  <testcase name="testBufferAppendDelete" time="0,000" classname="cviceni.StringBuilderAndBufferTest"/>
  <testcase name="testBuilderAppend" time="0,000" classname="cviceni.StringBuilderAndBufferTest"/>
  <testcase name="testBufferAppend" time="0,000" classname="cviceni.StringBuilderAndBufferTest"/>
  <testcase name="testBufferAppendDelete" time="0,001" classname="cviceni.StringBuilderAndBufferTest"/>
  <testcase name="testBuilderAppend" time="0,001" classname="cviceni.StringBuilderAndBufferTest"/>
  <testcase name="testBufferAppend" time="0,000" classname="cviceni.StringBuilderAndBufferTest"/>
  <testcase name="testBuilderAppendDelete" time="0,000" classname="cviceni.StringBuilderAndBufferTest"/>
  <testcase name="testBufferAppend" time="0,001" classname="cviceni.StringBuilderAndBufferTest"/>
  <testcase name="testBufferAppend" time="0,000" classname="cviceni.StringBuilderAndBufferTest"/>
  <testcase name="testBufferAppend" time="0,000" classname="cviceni.StringBuilderAndBufferTest"/>
  <testcase name="testBuilderAppendDelete" time="0,000" classname="cviceni.StringBuilderAndBufferTest"/>
  <testcase name="testBufferAppendDelete" time="0,000" classname="cviceni.StringBuilderAndBufferTest"/>
  <testcase name="testBuilderAppend" time="0,001" classname="cviceni.StringBuilderAndBufferTest"/>
  <testcase name="testBuilderAppendDelete" time="0,000" classname="cviceni.StringBuilderAndBufferTest"/>
  <testcase name="testBuilderAppend" time="0,000" classname="cviceni.StringBuilderAndBufferTest"/>
  <testcase name="testBuilderAppend" time="0,000" classname="cviceni.StringBuilderAndBufferTest"/>
  <testcase name="testBufferAppend" time="0,000" classname="cviceni.StringBuilderAndBufferTest"/>
  <testcase name="testBufferAppendDelete" time="0,000" classname="cviceni.StringBuilderAndBufferTest"/>
  <testcase name="testBufferAppend" time="0,001" classname="cviceni.StringBuilderAndBufferTest"/>
  <testcase name="testBufferAppend" time="0,001" classname="cviceni.StringBuilderAndBufferTest"/>
  <testcase name="testBuilderAppend" time="0,000" classname="cviceni.StringBuilderAndBufferTest"/>
  <testcase name="testBufferAppend" time="0,000" classname="cviceni.StringBuilderAndBufferTest"/>
  <testcase name="testBufferAppend" time="0,001" classname="cviceni.StringBuilderAndBufferTest"/>
  <testcase name="testBufferAppendDelete" time="0,001" classname="cviceni.StringBuilderAndBufferTest"/>
  <testcase name="testBufferAppendDelete" time="0,000" classname="cviceni.StringBuilderAndBufferTest"/>
  <testcase name="testBuilderAppendDelete" time="0,000" classname="cviceni.StringBuilderAndBufferTest"/>
  <testcase name="testBuilderAppend" time="0,001" classname="cviceni.StringBuilderAndBufferTest"/>
  <testcase name="testBufferAppend" time="0,000" classname="cviceni.StringBuilderAndBufferTest"/>
  <testcase name="testBuilderAppend" time="0,000" classname="cviceni.StringBuilderAndBufferTest"/>
  <testcase name="testBufferAppendDelete" time="0,000" classname="cviceni.StringBuilderAndBufferTest"/>
  <testcase name="testBuilderAppend" time="0,015" classname="cviceni.StringBuilderAndBufferTest"/>
  <testcase name="testBufferAppendDelete" time="0,000" classname="cviceni.StringBuilderAndBufferTest"/>
  <testcase name="testBufferAppend" time="0,000" classname="cviceni.StringBuilderAndBufferTest"/>
  <testcase name="testBuilderAppend" time="0,000" classname="cviceni.StringBuilderAndBufferTest"/>
  <testcase name="testBuilderAppend" time="0,000" classname="cviceni.StringBuilderAndBufferTest"/>
  <testcase name="testBuilderAppend" time="0,001" classname="cviceni.StringBuilderAndBufferTest"/>
  <testcase name="testBufferAppend" time="0,000" classname="cviceni.StringBuilderAndBufferTest"/>
  <testcase name="testBufferAppendDelete" time="0,000" classname="cviceni.StringBuilderAndBufferTest"/>
  <testcase name="testBufferAppendDelete" time="0,000" classname="cviceni.StringBuilderAndBufferTest"/>
  <testcase name="testBufferAppendDelete" time="0,000" classname="cviceni.StringBuilderAndBufferTest"/>
  <testcase name="testBufferAppend" time="0,000" classname="cviceni.StringBuilderAndBufferTest"/>
  <testcase name="testBuilderAppend" time="0,000" classname="cviceni.StringBuilderAndBufferTest"/>
  <testcase name="testBuilderAppend" time="0,001" classname="cviceni.StringBuilderAndBufferTest"/>
  <testcase name="testBufferAppendDelete" time="0,001" classname="cviceni.StringBuilderAndBufferTest"/>
  <testcase name="testBuilderAppend" time="0,000" classname="cviceni.StringBuilderAndBufferTest"/>
  <testcase name="testBufferAppend" time="0,000" classname="cviceni.StringBuilderAndBufferTest"/>
  <testcase name="testBufferAppendDelete" time="0,000" classname="cviceni.StringBuilderAndBufferTest"/>
  <testcase name="testBuilderAppendDelete" time="0,000" classname="cviceni.StringBuilderAndBufferTest"/>
  <testcase name="testBuilderAppendDelete" time="0,000" classname="cviceni.StringBuilderAndBufferTest"/>
  <testcase name="testBufferAppend" time="0,000" classname="cviceni.StringBuilderAndBufferTest"/>
  <testcase name="testBuilderAppend" time="0,001" classname="cviceni.StringBuilderAndBufferTest"/>
  <testcase name="testBufferAppendDelete" time="0,000" classname="cviceni.StringBuilderAndBufferTest"/>
  <testcase name="testBuilderAppend" time="0,000" classname="cviceni.StringBuilderAndBufferTest"/>
  <testcase name="testBufferAppend" time="0,000" classname="cviceni.StringBuilderAndBufferTest"/>
  <testcase name="testBufferAppendDelete" time="0,000" classname="cviceni.StringBuilderAndBufferTest"/>
  <testcase name="testBuilderAppend" time="0,001" classname="cviceni.StringBuilderAndBufferTest"/>
  <testcase name="testBuilderAppend" time="0,016" classname="cviceni.StringBuilderAndBufferTest"/>
  <testcase name="testBuilderAppendDelete" time="0,000" classname="cviceni.StringBuilderAndBufferTest"/>
  <testcase name="testBufferAppend" time="0,000" classname="cviceni.StringBuilderAndBufferTest"/>
  <testcase name="testBuilderAppend" time="0,000" classname="cviceni.StringBuilderAndBufferTest"/>
  <testcase name="testBuilderAppendDelete" time="0,000" classname="cviceni.StringBuilderAndBufferTest"/>
  <testcase name="testBufferAppendDelete" time="0,000" classname="cviceni.StringBuilderAndBufferTest"/>
  <testcase name="testBuilderAppendDelete" time="0,000" classname="cviceni.StringBuilderAndBufferTest"/>
  <testcase name="testBufferAppend" time="0,000" classname="cviceni.StringBuilderAndBufferTest"/>
  <testcase name="testBuilderAppendDelete" time="0,001" classname="cviceni.StringBuilderAndBufferTest"/>
  <testcase name="testBufferAppend" time="0,002" classname="cviceni.StringBuilderAndBufferTest"/>
  <testcase name="testBufferAppend" time="0,000" classname="cviceni.StringBuilderAndBufferTest"/>
  <testcase name="testBuilderAppend" time="0,000" classname="cviceni.StringBuilderAndBufferTest"/>
  <testcase name="testBufferAppend" time="0,000" classname="cviceni.StringBuilderAndBufferTest"/>
  <testcase name="testBufferAppend" time="0,000" classname="cviceni.StringBuilderAndBufferTest"/>
  <testcase name="testBufferAppend" time="0,000" classname="cviceni.StringBuilderAndBufferTest"/>
  <testcase name="testBuilderAppend" time="0,000" classname="cviceni.StringBuilderAndBufferTest"/>
  <testcase name="testBuilderAppendDelete" time="0,000" classname="cviceni.StringBuilderAndBufferTest"/>
  <testcase name="testBufferAppend" time="0,000" classname="cviceni.StringBuilderAndBufferTest"/>
  <testcase name="testBufferAppendDelete" time="0,001" classname="cviceni.StringBuilderAndBufferTest"/>
  <testcase name="testBufferAppendDelete" time="0,000" classname="cviceni.StringBuilderAndBufferTest"/>
  <testcase name="testBuilderAppend" time="0,000" classname="cviceni.StringBuilderAndBufferTest"/>
  <testcase name="testBufferAppendDelete" time="0,000" classname="cviceni.StringBuilderAndBufferTest"/>
  <testcase name="testBufferAppend" time="0,000" classname="cviceni.StringBuilderAndBufferTest"/>
  <testcase name="testBuilderAppend" time="0,000" classname="cviceni.StringBuilderAndBufferTest"/>
  <testcase name="testBuilderAppend" time="0,044" classname="cviceni.StringBuilderAndBufferTest"/>
  <testcase name="testBufferAppend" time="0,000" classname="cviceni.StringBuilderAndBufferTest"/>
  <testcase name="testBuilderAppendDelete" time="0,001" classname="cviceni.StringBuilderAndBufferTest"/>
  <testcase name="testBufferAppendDelete" time="0,000" classname="cviceni.StringBuilderAndBufferTest"/>
  <testcase name="testBuilderAppend" time="0,000" classname="cviceni.StringBuilderAndBufferTest"/>
  <testcase name="testBuilderAppendDelete" time="0,000" classname="cviceni.StringBuilderAndBufferTest"/>
  <testcase name="testBufferAppend" time="0,000" classname="cviceni.StringBuilderAndBufferTest"/>
  <testcase name="testBufferAppend" time="0,000" classname="cviceni.StringBuilderAndBufferTest"/>
  <testcase name="testBufferAppendDelete" time="0,000" classname="cviceni.StringBuilderAndBufferTest"/>
  <testcase name="testBuilderAppendDelete" time="0,005" classname="cviceni.StringBuilderAndBufferTest"/>
  <testcase name="testBuilderAppendDelete" time="0,000" classname="cviceni.StringBuilderAndBufferTest"/>
  <testcase name="testBufferAppend" time="0,000" classname="cviceni.StringBuilderAndBufferTest"/>
  <testcase name="testBufferAppendDelete" time="0,000" classname="cviceni.StringBuilderAndBufferTest"/>
  <testcase name="testBufferAppend" time="0,000" classname="cviceni.StringBuilderAndBufferTest"/>
  <testcase name="testBuilderAppend" time="0,000" classname="cviceni.StringBuilderAndBufferTest"/>
  <testcase name="testBuilderAppendDelete" time="0,001" classname="cviceni.StringBuilderAndBufferTest"/>
  <testcase name="testBufferAppendDelete" time="0,000" classname="cviceni.StringBuilderAndBufferTest"/>
  <testcase name="testBuilderAppendDelete" time="0,000" classname="cviceni.StringBuilderAndBufferTest"/>
  <testcase name="testBufferAppendDelete" time="0,000" classname="cviceni.StringBuilderAndBufferTest"/>
  <testcase name="testBufferAppend" time="0,000" classname="cviceni.StringBuilderAndBufferTest"/>
  <testcase name="testBuilderAppend" time="0,000" classname="cviceni.StringBuilderAndBufferTest"/>
  <testcase name="testBuilderAppend" time="0,000" classname="cviceni.StringBuilderAndBufferTest"/>
  <testcase name="testBuilderAppendDelete" time="0,000" classname="cviceni.StringBuilderAndBufferTest"/>
  <testcase name="testBuilderAppendDelete" time="0,000" classname="cviceni.StringBuilderAndBufferTest"/>
  <testcase name="testBuilderAppend" time="0,001" classname="cviceni.StringBuilderAndBufferTest"/>
  <testcase name="testBufferAppendDelete" time="0,001" classname="cviceni.StringBuilderAndBufferTest"/>
  <testcase name="testBufferAppendDelete" time="0,000" classname="cviceni.StringBuilderAndBufferTest"/>
  <testcase name="testBuilderAppendDelete" time="0,000" classname="cviceni.StringBuilderAndBufferTest"/>
  <testcase name="testBuilderAppendDelete" time="0,000" classname="cviceni.StringBuilderAndBufferTest"/>
  <testcase name="testBuilderAppendDelete" time="0,000" classname="cviceni.StringBuilderAndBufferTest"/>
  <testcase name="testBuilderAppendDelete" time="0,000" classname="cviceni.StringBuilderAndBufferTest"/>
  <testcase name="testBuilderAppendDelete" time="0,000" classname="cviceni.StringBuilderAndBufferTest"/>
  <testcase name="testBuilderAppend" time="0,000" classname="cviceni.StringBuilderAndBufferTest"/>
  <testcase name="testBufferAppendDelete" time="0,000" classname="cviceni.StringBuilderAndBufferTest"/>
  <testcase name="testBuilderAppendDelete" time="0,000" classname="cviceni.StringBuilderAndBufferTest"/>
  <testcase name="testBuilderAppendDelete" time="0,000" classname="cviceni.StringBuilderAndBufferTest"/>
  <testcase name="testBuilderAppend" time="0,000" classname="cviceni.StringBuilderAndBufferTest"/>
  <testcase name="testBufferAppend" time="0,000" classname="cviceni.StringBuilderAndBufferTest"/>
  <testcase name="testBufferAppend" time="0,000" classname="cviceni.StringBuilderAndBufferTest"/>
  <testcase name="testBuilderAppend" time="0,000" classname="cviceni.StringBuilderAndBufferTest"/>
  <testcase name="testBuilderAppend" time="0,000" classname="cviceni.StringBuilderAndBufferTest"/>
  <testcase name="testBufferAppend" time="0,000" classname="cviceni.StringBuilderAndBufferTest"/>
  <testcase name="testBuilderAppendDelete" time="0,000" classname="cviceni.StringBuilderAndBufferTest"/>
  <testcase name="testBuilderAppendDelete" time="0,000" classname="cviceni.StringBuilderAndBufferTest"/>
  <testcase name="testBufferAppend" time="0,001" classname="cviceni.StringBuilderAndBufferTest"/>
  <testcase name="testBuilderAppendDelete" time="0,000" classname="cviceni.StringBuilderAndBufferTest"/>
  <testcase name="testBufferAppendDelete" time="0,000" classname="cviceni.StringBuilderAndBufferTest"/>
  <testcase name="testBufferAppend" time="0,000" classname="cviceni.StringBuilderAndBufferTest"/>
  <testcase name="testBuilderAppend" time="0,001" classname="cviceni.StringBuilderAndBufferTest"/>
  <testcase name="testBufferAppendDelete" time="0,000" classname="cviceni.StringBuilderAndBufferTest"/>
  <testcase name="testBufferAppend" time="0,000" classname="cviceni.StringBuilderAndBufferTest"/>
  <testcase name="testBufferAppend" time="0,000" classname="cviceni.StringBuilderAndBufferTest"/>
  <testcase name="testBuilderAppendDelete" time="0,001" classname="cviceni.StringBuilderAndBufferTest"/>
  <testcase name="testBuilderAppend" time="0,000" classname="cviceni.StringBuilderAndBufferTest"/>
  <testcase name="testBufferAppendDelete" time="0,000" classname="cviceni.StringBuilderAndBufferTest"/>
  <testcase name="testBuilderAppend" time="0,000" classname="cviceni.StringBuilderAndBufferTest"/>
  <testcase name="testBufferAppendDelete" time="0,000" classname="cviceni.StringBuilderAndBufferTest"/>
  <testcase name="testBufferAppendDelete" time="0,001" classname="cviceni.StringBuilderAndBufferTest"/>
  <testcase name="testBufferAppendDelete" time="0,001" classname="cviceni.StringBuilderAndBufferTest"/>
  <testcase name="testBufferAppendDelete" time="0,001" classname="cviceni.StringBuilderAndBufferTest"/>
  <testcase name="testBuilderAppend" time="0,000" classname="cviceni.StringBuilderAndBufferTest"/>
  <testcase name="testBuilderAppendDelete" time="0,000" classname="cviceni.StringBuilderAndBufferTest"/>
  <testcase name="testBuilderAppendDelete" time="0,001" classname="cviceni.StringBuilderAndBufferTest"/>
  <testcase name="testBufferAppend" time="0,001" classname="cviceni.StringBuilderAndBufferTest"/>
  <testcase name="testBufferAppendDelete" time="0,000" classname="cviceni.StringBuilderAndBufferTest"/>
  <testcase name="testBuilderAppendDelete" time="0,000" classname="cviceni.StringBuilderAndBufferTest"/>
  <testcase name="testBuilderAppend" time="0,000" classname="cviceni.StringBuilderAndBufferTest"/>
  <testcase name="testBuilderAppend" time="0,000" classname="cviceni.StringBuilderAndBufferTest"/>
  <testcase name="testBuilderAppend" time="0,000" classname="cviceni.StringBuilderAndBufferTest"/>
  <testcase name="testBuilderAppendDelete" time="0,000" classname="cviceni.StringBuilderAndBufferTest"/>
  <testcase name="testBuilderAppend" time="0,001" classname="cviceni.StringBuilderAndBufferTest"/>
  <testcase name="testBuilderAppend" time="0,000" classname="cviceni.StringBuilderAndBufferTest"/>
  <testcase name="testBuilderAppendDelete" time="0,000" classname="cviceni.StringBuilderAndBufferTest"/>
  <testcase name="testBufferAppend" time="0,000" classname="cviceni.StringBuilderAndBufferTest"/>
  <testcase name="testBufferAppendDelete" time="0,000" classname="cviceni.StringBuilderAndBufferTest"/>
  <testcase name="testBuilderAppendDelete" time="0,000" classname="cviceni.StringBuilderAndBufferTest"/>
  <testcase name="testBufferAppend" time="0,003" classname="cviceni.StringBuilderAndBufferTest"/>
  <testcase name="testBufferAppendDelete" time="0,001" classname="cviceni.StringBuilderAndBufferTest"/>
  <testcase name="testBufferAppendDelete" time="0,000" classname="cviceni.StringBuilderAndBufferTest"/>
  <testcase name="testBufferAppend" time="0,001" classname="cviceni.StringBuilderAndBufferTest"/>
  <testcase name="testBufferAppend" time="0,000" classname="cviceni.StringBuilderAndBufferTest"/>
  <testcase name="testBufferAppend" time="0,000" classname="cviceni.StringBuilderAndBufferTest"/>
  <testcase name="testBufferAppendDelete" time="0,000" classname="cviceni.StringBuilderAndBufferTest"/>
  <testcase name="testBuilderAppendDelete" time="0,003" classname="cviceni.StringBuilderAndBufferTest"/>
  <testcase name="testBufferAppend" time="0,001" classname="cviceni.StringBuilderAndBufferTest"/>
  <testcase name="testBuilderAppendDelete" time="0,000" classname="cviceni.StringBuilderAndBufferTest"/>
  <testcase name="testBuilderAppend" time="0,001" classname="cviceni.StringBuilderAndBufferTest"/>
  <testcase name="testBufferAppendDelete" time="0,000" classname="cviceni.StringBuilderAndBufferTest"/>
  <testcase name="testBufferAppend" time="0,000" classname="cviceni.StringBuilderAndBufferTest"/>
  <testcase name="testBufferAppend" time="0,000" classname="cviceni.StringBuilderAndBufferTest"/>
  <testcase name="testBufferAppend" time="0,000" classname="cviceni.StringBuilderAndBufferTest"/>
  <testcase name="testBuilderAppendDelete" time="0,000" classname="cviceni.StringBuilderAndBufferTest"/>
  <testcase name="testBuilderAppendDelete" time="0,116" classname="cviceni.StringBuilderAndBufferTest"/>
  <testcase name="testBuilderAppend" time="0,001" classname="cviceni.StringBuilderAndBufferTest"/>
  <testcase name="testBuilderAppendDelete" time="0,000" classname="cviceni.StringBuilderAndBufferTest"/>
  <testcase name="testBuilderAppendDelete" time="0,000" classname="cviceni.StringBuilderAndBufferTest"/>
  <testcase name="testBuilderAppend" time="0,000" classname="cviceni.StringBuilderAndBufferTest"/>
  <testcase name="testBuilderAppend" time="0,000" classname="cviceni.StringBuilderAndBufferTest"/>
  <testcase name="testBuilderAppend" time="0,000" classname="cviceni.StringBuilderAndBufferTest"/>
  <testcase name="testBufferAppendDelete" time="0,000" classname="cviceni.StringBuilderAndBufferTest"/>
  <testcase name="testBuilderAppendDelete" time="0,000" classname="cviceni.StringBuilderAndBufferTest"/>
  <testcase name="testBuilderAppend" time="0,001" classname="cviceni.StringBuilderAndBufferTest"/>
  <testcase name="testBuilderAppendDelete" time="0,000" classname="cviceni.StringBuilderAndBufferTest"/>
  <testcase name="testBuilderAppend" time="0,000" classname="cviceni.StringBuilderAndBufferTest"/>
  <testcase name="testBuilderAppend" time="0,000" classname="cviceni.StringBuilderAndBufferTest"/>
  <testcase name="testBuilderAppendDelete" time="0,001" classname="cviceni.StringBuilderAndBufferTest"/>
  <testcase name="testBuilderAppend" time="0,001" classname="cviceni.StringBuilderAndBufferTest"/>
  <testcase name="testBuilderAppendDelete" time="0,001" classname="cviceni.StringBuilderAndBufferTest"/>
  <testcase name="testBuilderAppendDelete" time="0,000" classname="cviceni.StringBuilderAndBufferTest"/>
  <testcase name="testBufferAppend" time="0,000" classname="cviceni.StringBuilderAndBufferTest"/>
  <testcase name="testBufferAppendDelete" time="0,000" classname="cviceni.StringBuilderAndBufferTest"/>
  <testcase name="testBuilderAppend" time="0,000" classname="cviceni.StringBuilderAndBufferTest"/>
  <testcase name="testBuilderAppendDelete" time="0,000" classname="cviceni.StringBuilderAndBufferTest"/>
  <testcase name="testBuilderAppend" time="0,000" classname="cviceni.StringBuilderAndBufferTest"/>
  <testcase name="testBuilderAppendDelete" time="0,000" classname="cviceni.StringBuilderAndBufferTest"/>
  <testcase name="testBuilderAppend" time="0,000" classname="cviceni.StringBuilderAndBufferTest"/>
  <testcase name="testBufferAppendDelete" time="0,000" classname="cviceni.StringBuilderAndBufferTest"/>
  <testcase name="testBuilderAppendDelete" time="0,000" classname="cviceni.StringBuilderAndBufferTest"/>
  <testcase name="testBufferAppend" time="0,000" classname="cviceni.StringBuilderAndBufferTest"/>
  <testcase name="testBufferAppend" time="0,000" classname="cviceni.StringBuilderAndBufferTest"/>
  <testcase name="testBufferAppendDelete" time="0,001" classname="cviceni.StringBuilderAndBufferTest"/>
  <testcase name="testBuilderAppend" time="0,001" classname="cviceni.StringBuilderAndBufferTest"/>
  <testcase name="testBuilderAppend" time="0,000" classname="cviceni.StringBuilderAndBufferTest"/>
  <testcase name="testBufferAppendDelete" time="0,001" classname="cviceni.StringBuilderAndBufferTest"/>
  <testcase name="testBuilderAppendDelete" time="0,001" classname="cviceni.StringBuilderAndBufferTest"/>
  <testcase name="testBuilderAppendDelete" time="0,000" classname="cviceni.StringBuilderAndBufferTest"/>
  <testcase name="testBuilderAppendDelete" time="0,000" classname="cviceni.StringBuilderAndBufferTest"/>
  <testcase name="testBufferAppendDelete" time="0,001" classname="cviceni.StringBuilderAndBufferTest"/>
  <testcase name="testBuilderAppendDelete" time="0,001" classname="cviceni.StringBuilderAndBufferTest"/>
  <testcase name="testBuilderAppendDelete" time="0,000" classname="cviceni.StringBuilderAndBufferTest"/>
  <testcase name="testBufferAppendDelete" time="0,000" classname="cviceni.StringBuilderAndBufferTest"/>
  <testcase name="testBufferAppendDelete" time="0,000" classname="cviceni.StringBuilderAndBufferTest"/>
  <testcase name="testBuilderAppend" time="0,000" classname="cviceni.StringBuilderAndBufferTest"/>
  <testcase name="testBufferAppend" time="0,000" classname="cviceni.StringBuilderAndBufferTest"/>
  <testcase name="testBufferAppendDelete" time="0,001" classname="cviceni.StringBuilderAndBufferTest"/>
  <testcase name="testBufferAppendDelete" time="0,001" classname="cviceni.StringBuilderAndBufferTest"/>
  <testcase name="testBufferAppend" time="0,000" classname="cviceni.StringBuilderAndBufferTest"/>
  <testcase name="testBufferAppend" time="0,000" classname="cviceni.StringBuilderAndBufferTest"/>
  <testcase name="testBufferAppend" time="0,000" classname="cviceni.StringBuilderAndBufferTest"/>
  <testcase name="testBufferAppend" time="0,000" classname="cviceni.StringBuilderAndBufferTest"/>
  <testcase name="testBufferAppendDelete" time="0,000" classname="cviceni.StringBuilderAndBufferTest"/>
  <testcase name="testBuilderAppend" time="0,000" classname="cviceni.StringBuilderAndBufferTest"/>
  <testcase name="testBuilderAppend" time="0,000" classname="cviceni.StringBuilderAndBufferTest"/>
  <testcase name="testBuilderAppendDelete" time="0,000" classname="cviceni.StringBuilderAndBufferTest"/>
  <testcase name="testBuilderAppendDelete" time="0,000" classname="cviceni.StringBuilderAndBufferTest"/>
  <testcase name="testBufferAppendDelete" time="0,000" classname="cviceni.StringBuilderAndBufferTest"/>
  <testcase name="testBufferAppendDelete" time="0,000" classname="cviceni.StringBuilderAndBufferTest"/>
  <testcase name="testBuilderAppendDelete" time="0,001" classname="cviceni.StringBuilderAndBufferTest"/>
  <testcase name="testBufferAppend" time="0,000" classname="cviceni.StringBuilderAndBufferTest"/>
  <testcase name="testBufferAppend" time="0,000" classname="cviceni.StringBuilderAndBufferTest"/>
  <testcase name="testBuilderAppend" time="0,001" classname="cviceni.StringBuilderAndBufferTest"/>
  <testcase name="testBuilderAppendDelete" time="0,001" classname="cviceni.StringBuilderAndBufferTest"/>
  <testcase name="testBufferAppendDelete" time="0,001" classname="cviceni.StringBuilderAndBufferTest"/>
  <testcase name="testBufferAppend" time="0,000" classname="cviceni.StringBuilderAndBufferTest"/>
  <testcase name="testBuilderAppendDelete" time="0,000" classname="cviceni.StringBuilderAndBufferTest"/>
  <testcase name="testBufferAppendDelete" time="0,001" classname="cviceni.StringBuilderAndBufferTest"/>
  <testcase name="testBuilderAppend" time="0,000" classname="cviceni.StringBuilderAndBufferTest"/>
  <testcase name="testBuilderAppendDelete" time="0,000" classname="cviceni.StringBuilderAndBufferTest"/>
  <testcase name="testBuilderAppend" time="0,000" classname="cviceni.StringBuilderAndBufferTest"/>
  <testcase name="testBuilderAppend" time="0,000" classname="cviceni.StringBuilderAndBufferTest"/>
  <testcase name="testBuilderAppend" time="0,001" classname="cviceni.StringBuilderAndBufferTest"/>
  <testcase name="testBuilderAppendDelete" time="0,000" classname="cviceni.StringBuilderAndBufferTest"/>
  <testcase name="testBufferAppend" time="0,000" classname="cviceni.StringBuilderAndBufferTest"/>
  <testcase name="testBufferAppend" time="0,001" classname="cviceni.StringBuilderAndBufferTest"/>
  <testcase name="testBuilderAppendDelete" time="0,000" classname="cviceni.StringBuilderAndBufferTest"/>
  <testcase name="testBuilderAppend" time="0,000" classname="cviceni.StringBuilderAndBufferTest"/>
  <testcase name="testBufferAppend" time="0,001" classname="cviceni.StringBuilderAndBufferTest"/>
  <testcase name="testBuilderAppend" time="0,001" classname="cviceni.StringBuilderAndBufferTest"/>
  <testcase name="testBuilderAppend" time="0,000" classname="cviceni.StringBuilderAndBufferTest"/>
  <testcase name="testBufferAppend" time="0,001" classname="cviceni.StringBuilderAndBufferTest"/>
  <testcase name="testBufferAppend" time="0,000" classname="cviceni.StringBuilderAndBufferTest"/>
  <testcase name="testBuilderAppendDelete" time="0,000" classname="cviceni.StringBuilderAndBufferTest"/>
  <testcase name="testBuilderAppend" time="0,000" classname="cviceni.StringBuilderAndBufferTest"/>
  <testcase name="testBufferAppendDelete" time="0,000" classname="cviceni.StringBuilderAndBufferTest"/>
  <testcase name="testBuilderAppendDelete" time="0,000" classname="cviceni.StringBuilderAndBufferTest"/>
  <testcase name="testBuilderAppend" time="0,000" classname="cviceni.StringBuilderAndBufferTest"/>
  <testcase name="testBufferAppendDelete" time="0,001" classname="cviceni.StringBuilderAndBufferTest"/>
  <testcase name="testBufferAppend" time="0,001" classname="cviceni.StringBuilderAndBufferTest"/>
  <testcase name="testBuilderAppendDelete" time="0,001" classname="cviceni.StringBuilderAndBufferTest"/>
  <testcase name="testBufferAppend" time="0,000" classname="cviceni.StringBuilderAndBufferTest"/>
  <testcase name="testBuilderAppend" time="0,000" classname="cviceni.StringBuilderAndBufferTest"/>
  <testcase name="testBuilderAppend" time="0,001" classname="cviceni.StringBuilderAndBufferTest"/>
  <testcase name="testBuilderAppendDelete" time="0,000" classname="cviceni.StringBuilderAndBufferTest"/>
  <testcase name="testBufferAppendDelete" time="0,000" classname="cviceni.StringBuilderAndBufferTest"/>
  <testcase name="testBufferAppend" time="0,000" classname="cviceni.StringBuilderAndBufferTest"/>
  <testcase name="testBufferAppendDelete" time="0,000" classname="cviceni.StringBuilderAndBufferTest"/>
  <testcase name="testBuilderAppend" time="0,001" classname="cviceni.StringBuilderAndBufferTest"/>
  <testcase name="testBuilderAppendDelete" time="0,000" classname="cviceni.StringBuilderAndBufferTest"/>
  <testcase name="testBufferAppend" time="0,001" classname="cviceni.StringBuilderAndBufferTest"/>
  <testcase name="testBuilderAppend" time="0,000" classname="cviceni.StringBuilderAndBufferTest"/>
  <testcase name="testBuilderAppendDelete" time="0,000" classname="cviceni.StringBuilderAndBufferTest"/>
  <testcase name="testBufferAppend" time="0,000" classname="cviceni.StringBuilderAndBufferTest"/>
  <testcase name="testBufferAppend" time="0,000" classname="cviceni.StringBuilderAndBufferTest"/>
  <testcase name="testBufferAppendDelete" time="0,001" classname="cviceni.StringBuilderAndBufferTest"/>
  <testcase name="testBuilderAppend" time="0,000" classname="cviceni.StringBuilderAndBufferTest"/>
  <testcase name="testBufferAppend" time="0,001" classname="cviceni.StringBuilderAndBufferTest"/>
  <testcase name="testBufferAppend" time="0,000" classname="cviceni.StringBuilderAndBufferTest"/>
  <testcase name="testBufferAppendDelete" time="0,001" classname="cviceni.StringBuilderAndBufferTest"/>
  <testcase name="testBuilderAppend" time="0,001" classname="cviceni.StringBuilderAndBufferTest"/>
  <testcase name="testBufferAppend" time="0,001" classname="cviceni.StringBuilderAndBufferTest"/>
  <testcase name="testBufferAppendDelete" time="0,000" classname="cviceni.StringBuilderAndBufferTest"/>
  <testcase name="testBuilderAppendDelete" time="0,000" classname="cviceni.StringBuilderAndBufferTest"/>
  <testcase name="testBufferAppend" time="0,000" classname="cviceni.StringBuilderAndBufferTest"/>
  <testcase name="testBuilderAppend" time="0,000" classname="cviceni.StringBuilderAndBufferTest"/>
  <testcase name="testBuilderAppendDelete" time="0,001" classname="cviceni.StringBuilderAndBufferTest"/>
  <testcase name="testBufferAppendDelete" time="0,000" classname="cviceni.StringBuilderAndBufferTest"/>
  <testcase name="testBuilderAppend" time="0,000" classname="cviceni.StringBuilderAndBufferTest"/>
  <testcase name="testBufferAppendDelete" time="0,000" classname="cviceni.StringBuilderAndBufferTest"/>
  <testcase name="testBuilderAppend" time="0,000" classname="cviceni.StringBuilderAndBufferTest"/>
  <testcase name="testBufferAppend" time="0,000" classname="cviceni.StringBuilderAndBufferTest"/>
  <testcase name="testBuilderAppendDelete" time="0,000" classname="cviceni.StringBuilderAndBufferTest"/>
  <testcase name="testBuilderAppendDelete" time="0,000" classname="cviceni.StringBuilderAndBufferTest"/>
  <testcase name="testBufferAppend" time="0,000" classname="cviceni.StringBuilderAndBufferTest"/>
  <testcase name="testBufferAppendDelete" time="0,000" classname="cviceni.StringBuilderAndBufferTest"/>
  <testcase name="testBuilderAppend" time="0,001" classname="cviceni.StringBuilderAndBufferTest"/>
  <testcase name="testBufferAppend" time="0,001" classname="cviceni.StringBuilderAndBufferTest"/>
  <testcase name="testBufferAppend" time="0,000" classname="cviceni.StringBuilderAndBufferTest"/>
  <testcase name="testBufferAppend" time="0,000" classname="cviceni.StringBuilderAndBufferTest"/>
  <testcase name="testBuilderAppendDelete" time="0,000" classname="cviceni.StringBuilderAndBufferTest"/>
  <testcase name="testBufferAppendDelete" time="0,000" classname="cviceni.StringBuilderAndBufferTest"/>
  <testcase name="testBufferAppendDelete" time="0,001" classname="cviceni.StringBuilderAndBufferTest"/>
  <testcase name="testBuilderAppendDelete" time="0,000" classname="cviceni.StringBuilderAndBufferTest"/>
  <testcase name="testBuilderAppendDelete" time="0,000" classname="cviceni.StringBuilderAndBufferTest"/>
  <testcase name="testBufferAppendDelete" time="0,001" classname="cviceni.StringBuilderAndBufferTest"/>
  <testcase name="testBufferAppendDelete" time="0,001" classname="cviceni.StringBuilderAndBufferTest"/>
  <testcase name="testBufferAppend" time="0,000" classname="cviceni.StringBuilderAndBufferTest"/>
  <testcase name="testBufferAppendDelete" time="0,001" classname="cviceni.StringBuilderAndBufferTest"/>
  <testcase name="testBuilderAppend" time="0,000" classname="cviceni.StringBuilderAndBufferTest"/>
  <testcase name="testBuilderAppend" time="0,013" classname="cviceni.StringBuilderAndBufferTest"/>
  <testcase name="testBufferAppend" time="0,000" classname="cviceni.StringBuilderAndBufferTest"/>
  <testcase name="testBufferAppendDelete" time="0,001" classname="cviceni.StringBuilderAndBufferTest"/>
  <testcase name="testBufferAppendDelete" time="0,000" classname="cviceni.StringBuilderAndBufferTest"/>
  <testcase name="testBufferAppend" time="0,000" classname="cviceni.StringBuilderAndBufferTest"/>
  <testcase name="testBuilderAppendDelete" time="0,000" classname="cviceni.StringBuilderAndBufferTest"/>
  <testcase name="testBuilderAppendDelete" time="0,000" classname="cviceni.StringBuilderAndBufferTest"/>
  <testcase name="testBuilderAppendDelete" time="0,001" classname="cviceni.StringBuilderAndBufferTest"/>
  <testcase name="testBufferAppend" time="0,001" classname="cviceni.StringBuilderAndBufferTest"/>
  <testcase name="testBufferAppendDelete" time="0,000" classname="cviceni.StringBuilderAndBufferTest"/>
  <testcase name="testBufferAppend" time="0,001" classname="cviceni.StringBuilderAndBufferTest"/>
  <testcase name="testBufferAppendDelete" time="0,000" classname="cviceni.StringBuilderAndBufferTest"/>
  <testcase name="testBufferAppendDelete" time="0,000" classname="cviceni.StringBuilderAndBufferTest"/>
  <testcase name="testBufferAppend" time="0,000" classname="cviceni.StringBuilderAndBufferTest"/>
  <testcase name="testBuilderAppend" time="0,019" classname="cviceni.StringBuilderAndBufferTest"/>
  <testcase name="testBuilderAppend" time="0,000" classname="cviceni.StringBuilderAndBufferTest"/>
  <testcase name="testBuilderAppend" time="0,000" classname="cviceni.StringBuilderAndBufferTest"/>
  <testcase name="testBufferAppend" time="0,001" classname="cviceni.StringBuilderAndBufferTest"/>
  <testcase name="testBuilderAppendDelete" time="0,000" classname="cviceni.StringBuilderAndBufferTest"/>
  <testcase name="testBufferAppend" time="0,000" classname="cviceni.StringBuilderAndBufferTest"/>
  <testcase name="testBufferAppendDelete" time="0,000" classname="cviceni.StringBuilderAndBufferTest"/>
  <testcase name="testBufferAppendDelete" time="0,000" classname="cviceni.StringBuilderAndBufferTest"/>
  <testcase name="testBufferAppend" time="0,000" classname="cviceni.StringBuilderAndBufferTest"/>
  <testcase name="testBufferAppendDelete" time="0,247" classname="cviceni.StringBuilderAndBufferTest"/>
  <testcase name="testBufferAppend" time="0,000" classname="cviceni.StringBuilderAndBufferTest"/>
  <testcase name="testBufferAppendDelete" time="0,001" classname="cviceni.StringBuilderAndBufferTest"/>
  <testcase name="testBuilderAppend" time="0,000" classname="cviceni.StringBuilderAndBufferTest"/>
  <testcase name="testBufferAppendDelete" time="0,000" classname="cviceni.StringBuilderAndBufferTest"/>
  <testcase name="testBufferAppend" time="0,000" classname="cviceni.StringBuilderAndBufferTest"/>
  <testcase name="testBuilderAppend" time="0,000" classname="cviceni.StringBuilderAndBufferTest"/>
  <testcase name="testBufferAppend" time="0,000" classname="cviceni.StringBuilderAndBufferTest"/>
  <testcase name="testBuilderAppend" time="0,000" classname="cviceni.StringBuilderAndBufferTest"/>
  <testcase name="testBuilderAppend" time="0,000" classname="cviceni.StringBuilderAndBufferTest"/>
  <testcase name="testBuilderAppendDelete" time="0,000" classname="cviceni.StringBuilderAndBufferTest"/>
  <testcase name="testBufferAppendDelete" time="0,000" classname="cviceni.StringBuilderAndBufferTest"/>
  <testcase name="testBuilderAppendDelete" time="0,000" classname="cviceni.StringBuilderAndBufferTest"/>
  <testcase name="testBuilderAppend" time="0,015" classname="cviceni.StringBuilderAndBufferTest"/>
  <testcase name="testBufferAppend" time="0,000" classname="cviceni.StringBuilderAndBufferTest"/>
  <testcase name="testBuilderAppendDelete" time="0,001" classname="cviceni.StringBuilderAndBufferTest"/>
  <testcase name="testBufferAppend" time="0,000" classname="cviceni.StringBuilderAndBufferTest"/>
  <testcase name="testBufferAppend" time="0,000" classname="cviceni.StringBuilderAndBufferTest"/>
  <testcase name="testBuilderAppendDelete" time="0,000" classname="cviceni.StringBuilderAndBufferTest"/>
  <testcase name="testBufferAppendDelete" time="0,000" classname="cviceni.StringBuilderAndBufferTest"/>
  <testcase name="testBuilderAppend" time="0,001" classname="cviceni.StringBuilderAndBufferTest"/>
  <testcase name="testBuilderAppend" time="0,000" classname="cviceni.StringBuilderAndBufferTest"/>
  <testcase name="testBuilderAppend" time="0,000" classname="cviceni.StringBuilderAndBufferTest"/>
  <testcase name="testBufferAppend" time="0,001" classname="cviceni.StringBuilderAndBufferTest"/>
  <testcase name="testBufferAppend" time="0,000" classname="cviceni.StringBuilderAndBufferTest"/>
  <testcase name="testBufferAppend" time="0,001" classname="cviceni.StringBuilderAndBufferTest"/>
  <testcase name="testBuilderAppendDelete" time="0,000" classname="cviceni.StringBuilderAndBufferTest"/>
  <testcase name="testBuilderAppendDelete" time="0,000" classname="cviceni.StringBuilderAndBufferTest"/>
  <testcase name="testBufferAppend" time="0,000" classname="cviceni.StringBuilderAndBufferTest"/>
  <testcase name="testBufferAppendDelete" time="0,001" classname="cviceni.StringBuilderAndBufferTest"/>
  <testcase name="testBufferAppend" time="0,000" classname="cviceni.StringBuilderAndBufferTest"/>
  <testcase name="testBufferAppend" time="0,001" classname="cviceni.StringBuilderAndBufferTest"/>
  <testcase name="testBufferAppend" time="0,000" classname="cviceni.StringBuilderAndBufferTest"/>
  <testcase name="testBufferAppend" time="0,001" classname="cviceni.StringBuilderAndBufferTest"/>
  <testcase name="testBuilderAppendDelete" time="0,000" classname="cviceni.StringBuilderAndBufferTest"/>
  <testcase name="testBufferAppendDelete" time="0,000" classname="cviceni.StringBuilderAndBufferTest"/>
  <testcase name="testBuilderAppend" time="0,000" classname="cviceni.StringBuilderAndBufferTest"/>
  <testcase name="testBufferAppendDelete" time="0,000" classname="cviceni.StringBuilderAndBufferTest"/>
  <testcase name="testBuilderAppend" time="0,000" classname="cviceni.StringBuilderAndBufferTest"/>
  <testcase name="testBuilderAppendDelete" time="0,000" classname="cviceni.StringBuilderAndBufferTest"/>
  <testcase name="testBufferAppend" time="0,001" classname="cviceni.StringBuilderAndBufferTest"/>
  <testcase name="testBufferAppend" time="0,000" classname="cviceni.StringBuilderAndBufferTest"/>
  <testcase name="testBufferAppendDelete" time="0,001" classname="cviceni.StringBuilderAndBufferTest"/>
  <testcase name="testBufferAppend" time="0,000" classname="cviceni.StringBuilderAndBufferTest"/>
  <testcase name="testBuilderAppendDelete" time="0,000" classname="cviceni.StringBuilderAndBufferTest"/>
  <testcase name="testBuilderAppendDelete" time="0,001" classname="cviceni.StringBuilderAndBufferTest"/>
  <testcase name="testBuilderAppend" time="0,000" classname="cviceni.StringBuilderAndBufferTest"/>
  <testcase name="testBuilderAppend" time="0,000" classname="cviceni.StringBuilderAndBufferTest"/>
  <testcase name="testBufferAppendDelete" time="0,001" classname="cviceni.StringBuilderAndBufferTest"/>
  <testcase name="testBufferAppend" time="0,000" classname="cviceni.StringBuilderAndBufferTest"/>
  <testcase name="testBufferAppend" time="0,000" classname="cviceni.StringBuilderAndBufferTest"/>
  <testcase name="testBuilderAppend" time="0,001" classname="cviceni.StringBuilderAndBufferTest"/>
  <testcase name="testBufferAppendDelete" time="0,000" classname="cviceni.StringBuilderAndBufferTest"/>
  <testcase name="testBuilderAppend" time="0,090" classname="cviceni.StringBuilderAndBufferTest"/>
  <testcase name="testBuilderAppend" time="0,118" classname="cviceni.StringBuilderAndBufferTest"/>
  <testcase name="testBuilderAppend" time="0,000" classname="cviceni.StringBuilderAndBufferTest"/>
  <testcase name="testBufferAppend" time="0,001" classname="cviceni.StringBuilderAndBufferTest"/>
  <testcase name="testBuilderAppend" time="0,000" classname="cviceni.StringBuilderAndBufferTest"/>
  <testcase name="testBuilderAppendDelete" time="0,000" classname="cviceni.StringBuilderAndBufferTest"/>
  <testcase name="testBufferAppendDelete" time="0,000" classname="cviceni.StringBuilderAndBufferTest"/>
  <testcase name="testBufferAppendDelete" time="0,000" classname="cviceni.StringBuilderAndBufferTest"/>
  <testcase name="testBufferAppend" time="0,000" classname="cviceni.StringBuilderAndBufferTest"/>
  <testcase name="testBuilderAppend" time="0,000" classname="cviceni.StringBuilderAndBufferTest"/>
  <testcase name="testBufferAppend" time="0,001" classname="cviceni.StringBuilderAndBufferTest"/>
  <testcase name="testBufferAppend" time="0,000" classname="cviceni.StringBuilderAndBufferTest"/>
  <testcase name="testBuilderAppend" time="0,037" classname="cviceni.StringBuilderAndBufferTest"/>
  <testcase name="testBuilderAppend" time="0,000" classname="cviceni.StringBuilderAndBufferTest"/>
  <testcase name="testBufferAppend" time="0,001" classname="cviceni.StringBuilderAndBufferTest"/>
  <testcase name="testBufferAppend" time="0,001" classname="cviceni.StringBuilderAndBufferTest"/>
  <testcase name="testBuilderAppend" time="0,000" classname="cviceni.StringBuilderAndBufferTest"/>
  <testcase name="testBufferAppendDelete" time="0,001" classname="cviceni.StringBuilderAndBufferTest"/>
  <testcase name="testBufferAppend" time="0,005" classname="cviceni.StringBuilderAndBufferTest"/>
  <testcase name="testBuilderAppend" time="0,000" classname="cviceni.StringBuilderAndBufferTest"/>
  <testcase name="testBufferAppend" time="0,001" classname="cviceni.StringBuilderAndBufferTest"/>
  <testcase name="testBufferAppendDelete" time="0,000" classname="cviceni.StringBuilderAndBufferTest"/>
  <testcase name="testBuilderAppend" time="0,000" classname="cviceni.StringBuilderAndBufferTest"/>
  <testcase name="testBufferAppend" time="0,000" classname="cviceni.StringBuilderAndBufferTest"/>
  <testcase name="testBuilderAppendDelete" time="0,000" classname="cviceni.StringBuilderAndBufferTest"/>
  <testcase name="testBuilderAppendDelete" time="0,000" classname="cviceni.StringBuilderAndBufferTest"/>
  <testcase name="testBufferAppend" time="0,000" classname="cviceni.StringBuilderAndBufferTest"/>
  <testcase name="testBuilderAppendDelete" time="0,000" classname="cviceni.StringBuilderAndBufferTest"/>
  <testcase name="testBuilderAppendDelete" time="0,001" classname="cviceni.StringBuilderAndBufferTest"/>
  <testcase name="testBuilderAppend" time="0,000" classname="cviceni.StringBuilderAndBufferTest"/>
  <testcase name="testBufferAppend" time="0,000" classname="cviceni.StringBuilderAndBufferTest"/>
  <testcase name="testBuilderAppend" time="0,001" classname="cviceni.StringBuilderAndBufferTest"/>
  <testcase name="testBufferAppendDelete" time="0,001" classname="cviceni.StringBuilderAndBufferTest"/>
  <testcase name="testBuilderAppend" time="0,001" classname="cviceni.StringBuilderAndBufferTest"/>
  <testcase name="testBufferAppendDelete" time="0,000" classname="cviceni.StringBuilderAndBufferTest"/>
  <testcase name="testBufferAppendDelete" time="0,000" classname="cviceni.StringBuilderAndBufferTest"/>
  <testcase name="testBuilderAppend" time="0,001" classname="cviceni.StringBuilderAndBufferTest"/>
  <testcase name="testBufferAppendDelete" time="0,000" classname="cviceni.StringBuilderAndBufferTest"/>
  <testcase name="testBuilderAppend" time="0,000" classname="cviceni.StringBuilderAndBufferTest"/>
  <testcase name="testBufferAppend" time="0,001" classname="cviceni.StringBuilderAndBufferTest"/>
  <testcase name="testBuilderAppend" time="0,001" classname="cviceni.StringBuilderAndBufferTest"/>
  <testcase name="testBuilderAppendDelete" time="0,001" classname="cviceni.StringBuilderAndBufferTest"/>
  <testcase name="testBufferAppend" time="0,000" classname="cviceni.StringBuilderAndBufferTest"/>
  <testcase name="testBuilderAppendDelete" time="0,000" classname="cviceni.StringBuilderAndBufferTest"/>
  <testcase name="testBuilderAppend" time="0,000" classname="cviceni.StringBuilderAndBufferTest"/>
  <testcase name="testBuilderAppendDelete" time="0,001" classname="cviceni.StringBuilderAndBufferTest"/>
  <testcase name="testBuilderAppendDelete" time="0,000" classname="cviceni.StringBuilderAndBufferTest"/>
  <testcase name="testBufferAppend" time="0,000" classname="cviceni.StringBuilderAndBufferTest"/>
  <testcase name="testBufferAppendDelete" time="0,001" classname="cviceni.StringBuilderAndBufferTest"/>
  <testcase name="testBuilderAppend" time="0,000" classname="cviceni.StringBuilderAndBufferTest"/>
  <testcase name="testBuilderAppendDelete" time="0,002" classname="cviceni.StringBuilderAndBufferTest"/>
  <testcase name="testBuilderAppend" time="0,000" classname="cviceni.StringBuilderAndBufferTest"/>
  <testcase name="testBuilderAppendDelete" time="0,001" classname="cviceni.StringBuilderAndBufferTest"/>
  <testcase name="testBufferAppendDelete" time="0,000" classname="cviceni.StringBuilderAndBufferTest"/>
  <testcase name="testBuilderAppendDelete" time="0,000" classname="cviceni.StringBuilderAndBufferTest"/>
  <testcase name="testBuilderAppend" time="0,000" classname="cviceni.StringBuilderAndBufferTest"/>
  <testcase name="testBuilderAppend" time="0,000" classname="cviceni.StringBuilderAndBufferTest"/>
  <testcase name="testBufferAppendDelete" time="0,001" classname="cviceni.StringBuilderAndBufferTest"/>
  <testcase name="testBuilderAppend" time="0,000" classname="cviceni.StringBuilderAndBufferTest"/>
  <testcase name="testBufferAppend" time="0,000" classname="cviceni.StringBuilderAndBufferTest"/>
  <testcase name="testBuilderAppendDelete" time="0,000" classname="cviceni.StringBuilderAndBufferTest"/>
  <testcase name="testBuilderAppend" time="0,000" classname="cviceni.StringBuilderAndBufferTest"/>
  <testcase name="testBufferAppend" time="0,000" classname="cviceni.StringBuilderAndBufferTest"/>
  <testcase name="testBufferAppend" time="0,001" classname="cviceni.StringBuilderAndBufferTest"/>
  <testcase name="testBufferAppendDelete" time="0,000" classname="cviceni.StringBuilderAndBufferTest"/>
  <testcase name="testBufferAppendDelete" time="0,000" classname="cviceni.StringBuilderAndBufferTest"/>
  <testcase name="testBufferAppendDelete" time="0,000" classname="cviceni.StringBuilderAndBufferTest"/>
  <testcase name="testBuilderAppendDelete" time="0,005" classname="cviceni.StringBuilderAndBufferTest"/>
  <testcase name="testBuilderAppend" time="0,000" classname="cviceni.StringBuilderAndBufferTest"/>
  <testcase name="testBufferAppendDelete" time="0,000" classname="cviceni.StringBuilderAndBufferTest"/>
  <testcase name="testBufferAppendDelete" time="0,001" classname="cviceni.StringBuilderAndBufferTest"/>
  <testcase name="testBufferAppend" time="0,000" classname="cviceni.StringBuilderAndBufferTest"/>
  <testcase name="testBufferAppend" time="0,001" classname="cviceni.StringBuilderAndBufferTest"/>
  <testcase name="testBuilderAppendDelete" time="0,001" classname="cviceni.StringBuilderAndBufferTest"/>
  <testcase name="testBuilderAppend" time="0,000" classname="cviceni.StringBuilderAndBufferTest"/>
  <testcase name="testBuilderAppendDelete" time="0,000" classname="cviceni.StringBuilderAndBufferTest"/>
  <testcase name="testBuilderAppend" time="0,000" classname="cviceni.StringBuilderAndBufferTest"/>
  <testcase name="testBufferAppend" time="0,000" classname="cviceni.StringBuilderAndBufferTest"/>
  <testcase name="testBuilderAppend" time="0,000" classname="cviceni.StringBuilderAndBufferTest"/>
  <testcase name="testBufferAppendDelete" time="0,001" classname="cviceni.StringBuilderAndBufferTest"/>
  <testcase name="testBufferAppend" time="0,000" classname="cviceni.StringBuilderAndBufferTest"/>
  <testcase name="testBufferAppendDelete" time="0,000" classname="cviceni.StringBuilderAndBufferTest"/>
  <testcase name="testBufferAppend" time="0,000" classname="cviceni.StringBuilderAndBufferTest"/>
  <testcase name="testBufferAppendDelete" time="0,000" classname="cviceni.StringBuilderAndBufferTest"/>
  <testcase name="testBufferAppendDelete" time="0,049" classname="cviceni.StringBuilderAndBufferTest"/>
  <testcase name="testBufferAppendDelete" time="0,001" classname="cviceni.StringBuilderAndBufferTest"/>
  <testcase name="testBuilderAppend" time="0,000" classname="cviceni.StringBuilderAndBufferTest"/>
  <testcase name="testBufferAppendDelete" time="0,001" classname="cviceni.StringBuilderAndBufferTest"/>
  <testcase name="testBuilderAppendDelete" time="0,000" classname="cviceni.StringBuilderAndBufferTest"/>
  <testcase name="testBuilderAppendDelete" time="0,000" classname="cviceni.StringBuilderAndBufferTest"/>
  <testcase name="testBufferAppendDelete" time="0,000" classname="cviceni.StringBuilderAndBufferTest"/>
  <testcase name="testBufferAppend" time="0,000" classname="cviceni.StringBuilderAndBufferTest"/>
  <testcase name="testBuilderAppend" time="0,000" classname="cviceni.StringBuilderAndBufferTest"/>
  <testcase name="testBuilderAppend" time="0,000" classname="cviceni.StringBuilderAndBufferTest"/>
  <testcase name="testBuilderAppendDelete" time="0,001" classname="cviceni.StringBuilderAndBufferTest"/>
  <testcase name="testBuilderAppend" time="0,000" classname="cviceni.StringBuilderAndBufferTest"/>
  <testcase name="testBuilderAppend" time="0,000" classname="cviceni.StringBuilderAndBufferTest"/>
  <testcase name="testBufferAppendDelete" time="0,001" classname="cviceni.StringBuilderAndBufferTest"/>
  <testcase name="testBuilderAppend" time="0,001" classname="cviceni.StringBuilderAndBufferTest"/>
  <testcase name="testBufferAppendDelete" time="0,000" classname="cviceni.StringBuilderAndBufferTest"/>
  <testcase name="testBuilderAppend" time="0,000" classname="cviceni.StringBuilderAndBufferTest"/>
  <testcase name="testBuilderAppend" time="0,000" classname="cviceni.StringBuilderAndBufferTest"/>
  <testcase name="testBuilderAppend" time="0,000" classname="cviceni.StringBuilderAndBufferTest"/>
  <testcase name="testBufferAppendDelete" time="0,000" classname="cviceni.StringBuilderAndBufferTest"/>
  <testcase name="testBuilderAppendDelete" time="0,001" classname="cviceni.StringBuilderAndBufferTest"/>
  <testcase name="testBufferAppendDelete" time="0,001" classname="cviceni.StringBuilderAndBufferTest"/>
  <testcase name="testBuilderAppendDelete" time="0,000" classname="cviceni.StringBuilderAndBufferTest"/>
  <testcase name="testBuilderAppend" time="0,000" classname="cviceni.StringBuilderAndBufferTest"/>
  <testcase name="testBuilderAppend" time="0,000" classname="cviceni.StringBuilderAndBufferTest"/>
  <testcase name="testBuilderAppend" time="0,001" classname="cviceni.StringBuilderAndBufferTest"/>
  <testcase name="testBufferAppend" time="0,000" classname="cviceni.StringBuilderAndBufferTest"/>
  <testcase name="testBuilderAppend" time="0,000" classname="cviceni.StringBuilderAndBufferTest"/>
  <testcase name="testBuilderAppendDelete" time="0,001" classname="cviceni.StringBuilderAndBufferTest"/>
  <testcase name="testBufferAppendDelete" time="0,000" classname="cviceni.StringBuilderAndBufferTest"/>
  <testcase name="testBuilderAppendDelete" time="0,000" classname="cviceni.StringBuilderAndBufferTest"/>
  <testcase name="testBuilderAppend" time="0,014" classname="cviceni.StringBuilderAndBufferTest"/>
  <testcase name="testBuilderAppendDelete" time="0,000" classname="cviceni.StringBuilderAndBufferTest"/>
  <testcase name="testBufferAppendDelete" time="0,000" classname="cviceni.StringBuilderAndBufferTest"/>
  <testcase name="testBufferAppendDelete" time="0,000" classname="cviceni.StringBuilderAndBufferTest"/>
  <testcase name="testBufferAppendDelete" time="0,000" classname="cviceni.StringBuilderAndBufferTest"/>
  <testcase name="testBufferAppend" time="0,000" classname="cviceni.StringBuilderAndBufferTest"/>
  <testcase name="testBuilderAppend" time="0,007" classname="cviceni.StringBuilderAndBufferTest"/>
  <testcase name="testBufferAppendDelete" time="0,000" classname="cviceni.StringBuilderAndBufferTest"/>
  <testcase name="testBufferAppendDelete" time="0,000" classname="cviceni.StringBuilderAndBufferTest"/>
  <testcase name="testBufferAppendDelete" time="0,000" classname="cviceni.StringBuilderAndBufferTest"/>
  <testcase name="testBuilderAppendDelete" time="0,000" classname="cviceni.StringBuilderAndBufferTest"/>
  <testcase name="testBufferAppend" time="0,001" classname="cviceni.StringBuilderAndBufferTest"/>
  <testcase name="testBufferAppendDelete" time="0,000" classname="cviceni.StringBuilderAndBufferTest"/>
  <testcase name="testBuilderAppendDelete" time="0,000" classname="cviceni.StringBuilderAndBufferTest"/>
  <testcase name="testBuilderAppendDelete" time="0,000" classname="cviceni.StringBuilderAndBufferTest"/>
  <testcase name="testBuilderAppendDelete" time="0,000" classname="cviceni.StringBuilderAndBufferTest"/>
  <testcase name="testBuilderAppend" time="0,000" classname="cviceni.StringBuilderAndBufferTest"/>
  <testcase name="testBuilderAppend" time="0,000" classname="cviceni.StringBuilderAndBufferTest"/>
  <testcase name="testBufferAppendDelete" time="0,000" classname="cviceni.StringBuilderAndBufferTest"/>
  <testcase name="testBufferAppendDelete" time="0,000" classname="cviceni.StringBuilderAndBufferTest"/>
  <testcase name="testBuilderAppend" time="0,000" classname="cviceni.StringBuilderAndBufferTest"/>
  <testcase name="testBuilderAppend" time="0,000" classname="cviceni.StringBuilderAndBufferTest"/>
  <testcase name="testBufferAppend" time="0,000" classname="cviceni.StringBuilderAndBufferTest"/>
  <testcase name="testBufferAppend" time="0,000" classname="cviceni.StringBuilderAndBufferTest"/>
  <testcase name="testBuilderAppend" time="0,000" classname="cviceni.StringBuilderAndBufferTest"/>
  <testcase name="testBuilderAppendDelete" time="0,000" classname="cviceni.StringBuilderAndBufferTest"/>
  <testcase name="testBufferAppendDelete" time="0,000" classname="cviceni.StringBuilderAndBufferTest"/>
  <testcase name="testBufferAppend" time="0,000" classname="cviceni.StringBuilderAndBufferTest"/>
  <testcase name="testBufferAppendDelete" time="0,001" classname="cviceni.StringBuilderAndBufferTest"/>
  <testcase name="testBuilderAppendDelete" time="0,000" classname="cviceni.StringBuilderAndBufferTest"/>
  <testcase name="testBufferAppendDelete" time="0,001" classname="cviceni.StringBuilderAndBufferTest"/>
  <testcase name="testBufferAppend" time="0,000" classname="cviceni.StringBuilderAndBufferTest"/>
  <testcase name="testBufferAppendDelete" time="0,001" classname="cviceni.StringBuilderAndBufferTest"/>
  <testcase name="testBuilderAppendDelete" time="0,001" classname="cviceni.StringBuilderAndBufferTest"/>
  <testcase name="testBuilderAppend" time="0,000" classname="cviceni.StringBuilderAndBufferTest"/>
  <testcase name="testBuilderAppendDelete" time="0,000" classname="cviceni.StringBuilderAndBufferTest"/>
  <testcase name="testBufferAppend" time="0,000" classname="cviceni.StringBuilderAndBufferTest"/>
  <testcase name="testBufferAppend" time="0,001" classname="cviceni.StringBuilderAndBufferTest"/>
  <testcase name="testBufferAppend" time="0,000" classname="cviceni.StringBuilderAndBufferTest"/>
  <testcase name="testBufferAppendDelete" time="0,000" classname="cviceni.StringBuilderAndBufferTest"/>
  <testcase name="testBufferAppendDelete" time="0,001" classname="cviceni.StringBuilderAndBufferTest"/>
  <testcase name="testBufferAppend" time="0,000" classname="cviceni.StringBuilderAndBufferTest"/>
  <testcase name="testBuilderAppendDelete" time="0,001" classname="cviceni.StringBuilderAndBufferTest"/>
  <testcase name="testBufferAppend" time="0,001" classname="cviceni.StringBuilderAndBufferTest"/>
  <testcase name="testBuilderAppend" time="0,000" classname="cviceni.StringBuilderAndBufferTest"/>
  <testcase name="testBuilderAppendDelete" time="0,001" classname="cviceni.StringBuilderAndBufferTest"/>
  <testcase name="testBufferAppendDelete" time="0,000" classname="cviceni.StringBuilderAndBufferTest"/>
  <testcase name="testBufferAppend" time="0,000" classname="cviceni.StringBuilderAndBufferTest"/>
  <testcase name="testBufferAppendDelete" time="0,001" classname="cviceni.StringBuilderAndBufferTest"/>
  <testcase name="testBufferAppendDelete" time="0,000" classname="cviceni.StringBuilderAndBufferTest"/>
  <testcase name="testBuilderAppend" time="0,000" classname="cviceni.StringBuilderAndBufferTest"/>
  <testcase name="testBufferAppendDelete" time="0,000" classname="cviceni.StringBuilderAndBufferTest"/>
  <testcase name="testBufferAppend" time="0,000" classname="cviceni.StringBuilderAndBufferTest"/>
  <testcase name="testBuilderAppend" time="0,001" classname="cviceni.StringBuilderAndBufferTest"/>
  <testcase name="testBuilderAppendDelete" time="0,001" classname="cviceni.StringBuilderAndBufferTest"/>
  <testcase name="testBuilderAppendDelete" time="0,000" classname="cviceni.StringBuilderAndBufferTest"/>
  <testcase name="testBuilderAppend" time="0,001" classname="cviceni.StringBuilderAndBufferTest"/>
  <testcase name="testBuilderAppend" time="0,001" classname="cviceni.StringBuilderAndBufferTest"/>
  <testcase name="testBuilderAppendDelete" time="0,000" classname="cviceni.StringBuilderAndBufferTest"/>
  <testcase name="testBufferAppend" time="0,000" classname="cviceni.StringBuilderAndBufferTest"/>
  <testcase name="testBufferAppendDelete" time="0,001" classname="cviceni.StringBuilderAndBufferTest"/>
  <testcase name="testBuilderAppendDelete" time="0,000" classname="cviceni.StringBuilderAndBufferTest"/>
  <testcase name="testBufferAppendDelete" time="0,000" classname="cviceni.StringBuilderAndBufferTest"/>
  <testcase name="testBuilderAppend" time="0,000" classname="cviceni.StringBuilderAndBufferTest"/>
  <testcase name="testBuilderAppend" time="0,000" classname="cviceni.StringBuilderAndBufferTest"/>
  <testcase name="testBufferAppendDelete" time="0,000" classname="cviceni.StringBuilderAndBufferTest"/>
  <testcase name="testBuilderAppendDelete" time="0,001" classname="cviceni.StringBuilderAndBufferTest"/>
  <testcase name="testBufferAppendDelete" time="0,000" classname="cviceni.StringBuilderAndBufferTest"/>
  <testcase name="testBuilderAppend" time="0,000" classname="cviceni.StringBuilderAndBufferTest"/>
  <testcase name="testBufferAppend" time="0,001" classname="cviceni.StringBuilderAndBufferTest"/>
  <testcase name="testBufferAppendDelete" time="0,000" classname="cviceni.StringBuilderAndBufferTest"/>
  <testcase name="testBufferAppend" time="0,000" classname="cviceni.StringBuilderAndBufferTest"/>
  <testcase name="testBufferAppend" time="0,001" classname="cviceni.StringBuilderAndBufferTest"/>
  <testcase name="testBuilderAppendDelete" time="0,000" classname="cviceni.StringBuilderAndBufferTest"/>
  <testcase name="testBuilderAppend" time="0,000" classname="cviceni.StringBuilderAndBufferTest"/>
  <testcase name="testBuilderAppend" time="0,000" classname="cviceni.StringBuilderAndBufferTest"/>
  <testcase name="testBuilderAppendDelete" time="0,000" classname="cviceni.StringBuilderAndBufferTest"/>
  <testcase name="testBuilderAppendDelete" time="0,000" classname="cviceni.StringBuilderAndBufferTest"/>
  <testcase name="testBufferAppend" time="0,001" classname="cviceni.StringBuilderAndBufferTest"/>
  <testcase name="testBuilderAppendDelete" time="0,000" classname="cviceni.StringBuilderAndBufferTest"/>
  <testcase name="testBuilderAppendDelete" time="0,000" classname="cviceni.StringBuilderAndBufferTest"/>
  <testcase name="testBufferAppend" time="0,001" classname="cviceni.StringBuilderAndBufferTest"/>
  <testcase name="testBuilderAppend" time="0,000" classname="cviceni.StringBuilderAndBufferTest"/>
  <testcase name="testBuilderAppendDelete" time="0,000" classname="cviceni.StringBuilderAndBufferTest"/>
  <testcase name="testBuilderAppend" time="0,000" classname="cviceni.StringBuilderAndBufferTest"/>
  <testcase name="testBufferAppend" time="0,001" classname="cviceni.StringBuilderAndBufferTest"/>
  <testcase name="testBufferAppendDelete" time="0,000" classname="cviceni.StringBuilderAndBufferTest"/>
  <testcase name="testBuilderAppendDelete" time="0,000" classname="cviceni.StringBuilderAndBufferTest"/>
  <testcase name="testBufferAppend" time="0,000" classname="cviceni.StringBuilderAndBufferTest"/>
  <testcase name="testBufferAppend" time="0,000" classname="cviceni.StringBuilderAndBufferTest"/>
  <testcase name="testBufferAppend" time="0,000" classname="cviceni.StringBuilderAndBufferTest"/>
  <testcase name="testBufferAppendDelete" time="0,001" classname="cviceni.StringBuilderAndBufferTest"/>
  <testcase name="testBufferAppendDelete" time="0,001" classname="cviceni.StringBuilderAndBufferTest"/>
  <testcase name="testBufferAppendDelete" time="0,000" classname="cviceni.StringBuilderAndBufferTest"/>
  <testcase name="testBufferAppend" time="0,000" classname="cviceni.StringBuilderAndBufferTest"/>
  <testcase name="testBuilderAppendDelete" time="0,001" classname="cviceni.StringBuilderAndBufferTest"/>
  <testcase name="testBuilderAppend" time="0,000" classname="cviceni.StringBuilderAndBufferTest"/>
  <testcase name="testBuilderAppend" time="0,000" classname="cviceni.StringBuilderAndBufferTest"/>
  <testcase name="testBufferAppend" time="0,000" classname="cviceni.StringBuilderAndBufferTest"/>
  <testcase name="testBuilderAppend" time="0,000" classname="cviceni.StringBuilderAndBufferTest"/>
  <testcase name="testBuilderAppendDelete" time="0,001" classname="cviceni.StringBuilderAndBufferTest"/>
  <testcase name="testBuilderAppendDelete" time="0,001" classname="cviceni.StringBuilderAndBufferTest"/>
  <testcase name="testBufferAppend" time="0,001" classname="cviceni.StringBuilderAndBufferTest"/>
  <testcase name="testBuilderAppend" time="0,000" classname="cviceni.StringBuilderAndBufferTest"/>
  <testcase name="testBuilderAppendDelete" time="0,000" classname="cviceni.StringBuilderAndBufferTest"/>
  <testcase name="testBuilderAppend" time="0,000" classname="cviceni.StringBuilderAndBufferTest"/>
  <testcase name="testBufferAppend" time="0,000" classname="cviceni.StringBuilderAndBufferTest"/>
  <testcase name="testBuilderAppendDelete" time="0,000" classname="cviceni.StringBuilderAndBufferTest"/>
  <testcase name="testBufferAppend" time="0,001" classname="cviceni.StringBuilderAndBufferTest"/>
  <testcase name="testBufferAppend" time="0,000" classname="cviceni.StringBuilderAndBufferTest"/>
  <testcase name="testBufferAppendDelete" time="0,000" classname="cviceni.StringBuilderAndBufferTest"/>
  <testcase name="testBuilderAppend" time="0,000" classname="cviceni.StringBuilderAndBufferTest"/>
  <testcase name="testBuilderAppendDelete" time="0,000" classname="cviceni.StringBuilderAndBufferTest"/>
  <testcase name="testBuilderAppendDelete" time="0,001" classname="cviceni.StringBuilderAndBufferTest"/>
  <testcase name="testBufferAppendDelete" time="0,000" classname="cviceni.StringBuilderAndBufferTest"/>
  <testcase name="testBuilderAppendDelete" time="0,000" classname="cviceni.StringBuilderAndBufferTest"/>
  <testcase name="testBufferAppend" time="0,000" classname="cviceni.StringBuilderAndBufferTest"/>
  <testcase name="testBuilderAppendDelete" time="0,000" classname="cviceni.StringBuilderAndBufferTest"/>
  <testcase name="testBufferAppend" time="0,001" classname="cviceni.StringBuilderAndBufferTest"/>
  <testcase name="testBufferAppendDelete" time="0,000" classname="cviceni.StringBuilderAndBufferTest"/>
  <testcase name="testBufferAppend" time="0,001" classname="cviceni.StringBuilderAndBufferTest"/>
  <testcase name="testBufferAppendDelete" time="0,010" classname="cviceni.StringBuilderAndBufferTest"/>
  <testcase name="testBuilderAppend" time="0,001" classname="cviceni.StringBuilderAndBufferTest"/>
  <testcase name="testBuilderAppend" time="0,000" classname="cviceni.StringBuilderAndBufferTest"/>
  <testcase name="testBuilderAppendDelete" time="0,000" classname="cviceni.StringBuilderAndBufferTest"/>
  <testcase name="testBufferAppendDelete" time="0,000" classname="cviceni.StringBuilderAndBufferTest"/>
  <testcase name="testBuilderAppendDelete" time="0,000" classname="cviceni.StringBuilderAndBufferTest"/>
  <testcase name="testBuilderAppendDelete" time="0,000" classname="cviceni.StringBuilderAndBufferTest"/>
  <testcase name="testBufferAppend" time="0,000" classname="cviceni.StringBuilderAndBufferTest"/>
  <testcase name="testBuilderAppend" time="0,000" classname="cviceni.StringBuilderAndBufferTest"/>
  <testcase name="testBufferAppendDelete" time="0,000" classname="cviceni.StringBuilderAndBufferTest"/>
  <testcase name="testBuilderAppend" time="0,000" classname="cviceni.StringBuilderAndBufferTest"/>
  <testcase name="testBufferAppendDelete" time="0,000" classname="cviceni.StringBuilderAndBufferTest"/>
  <testcase name="testBufferAppendDelete" time="0,001" classname="cviceni.StringBuilderAndBufferTest"/>
  <testcase name="testBuilderAppendDelete" time="0,000" classname="cviceni.StringBuilderAndBufferTest"/>
  <testcase name="testBuilderAppend" time="0,001" classname="cviceni.StringBuilderAndBufferTest"/>
  <testcase name="testBufferAppend" time="0,000" classname="cviceni.StringBuilderAndBufferTest"/>
  <testcase name="testBuilderAppendDelete" time="0,000" classname="cviceni.StringBuilderAndBufferTest"/>
  <testcase name="testBufferAppend" time="0,000" classname="cviceni.StringBuilderAndBufferTest"/>
  <testcase name="testBufferAppendDelete" time="0,000" classname="cviceni.StringBuilderAndBufferTest"/>
  <testcase name="testBufferAppend" time="0,000" classname="cviceni.StringBuilderAndBufferTest"/>
  <testcase name="testBuilderAppend" time="0,000" classname="cviceni.StringBuilderAndBufferTest"/>
  <testcase name="testBuilderAppend" time="0,000" classname="cviceni.StringBuilderAndBufferTest"/>
  <testcase name="testBufferAppend" time="0,001" classname="cviceni.StringBuilderAndBufferTest"/>
  <testcase name="testBuilderAppendDelete" time="0,000" classname="cviceni.StringBuilderAndBufferTest"/>
  <testcase name="testBufferAppend" time="0,000" classname="cviceni.StringBuilderAndBufferTest"/>
  <testcase name="testBuilderAppendDelete" time="0,000" classname="cviceni.StringBuilderAndBufferTest"/>
  <testcase name="testBuilderAppendDelete" time="0,000" classname="cviceni.StringBuilderAndBufferTest"/>
  <testcase name="testBuilderAppendDelete" time="0,001" classname="cviceni.StringBuilderAndBufferTest"/>
  <testcase name="testBuilderAppend" time="0,000" classname="cviceni.StringBuilderAndBufferTest"/>
  <testcase name="testBufferAppend" time="0,000" classname="cviceni.StringBuilderAndBufferTest"/>
  <testcase name="testBufferAppendDelete" time="0,000" classname="cviceni.StringBuilderAndBufferTest"/>
  <testcase name="testBuilderAppendDelete" time="0,000" classname="cviceni.StringBuilderAndBufferTest"/>
  <testcase name="testBufferAppend" time="0,000" classname="cviceni.StringBuilderAndBufferTest"/>
  <testcase name="testBuilderAppendDelete" time="0,000" classname="cviceni.StringBuilderAndBufferTest"/>
  <testcase name="testBufferAppendDelete" time="0,000" classname="cviceni.StringBuilderAndBufferTest"/>
  <testcase name="testBuilderAppendDelete" time="0,000" classname="cviceni.StringBuilderAndBufferTest"/>
  <testcase name="testBuilderAppendDelete" time="0,000" classname="cviceni.StringBuilderAndBufferTest"/>
  <testcase name="testBufferAppendDelete" time="0,001" classname="cviceni.StringBuilderAndBufferTest"/>
  <testcase name="testBufferAppendDelete" time="0,000" classname="cviceni.StringBuilderAndBufferTest"/>
  <testcase name="testBuilderAppend" time="0,000" classname="cviceni.StringBuilderAndBufferTest"/>
  <testcase name="testBufferAppend" time="0,001" classname="cviceni.StringBuilderAndBufferTest"/>
  <testcase name="testBufferAppendDelete" time="0,000" classname="cviceni.StringBuilderAndBufferTest"/>
  <testcase name="testBuilderAppend" time="0,000" classname="cviceni.StringBuilderAndBufferTest"/>
  <testcase name="testBufferAppendDelete" time="0,000" classname="cviceni.StringBuilderAndBufferTest"/>
  <testcase name="testBuilderAppend" time="0,000" classname="cviceni.StringBuilderAndBufferTest"/>
  <testcase name="testBuilderAppend" time="0,000" classname="cviceni.StringBuilderAndBufferTest"/>
  <testcase name="testBufferAppendDelete" time="0,000" classname="cviceni.StringBuilderAndBufferTest"/>
  <testcase name="testBufferAppendDelete" time="0,000" classname="cviceni.StringBuilderAndBufferTest"/>
  <testcase name="testBufferAppend" time="0,000" classname="cviceni.StringBuilderAndBufferTest"/>
  <testcase name="testBufferAppend" time="0,000" classname="cviceni.StringBuilderAndBufferTest"/>
  <testcase name="testBufferAppendDelete" time="0,000" classname="cviceni.StringBuilderAndBufferTest"/>
  <testcase name="testBufferAppend" time="0,000" classname="cviceni.StringBuilderAndBufferTest"/>
  <testcase name="testBuilderAppend" time="0,000" classname="cviceni.StringBuilderAndBufferTest"/>
  <testcase name="testBuilderAppendDelete" time="0,000" classname="cviceni.StringBuilderAndBufferTest"/>
  <testcase name="testBuilderAppend" time="0,001" classname="cviceni.StringBuilderAndBufferTest"/>
  <testcase name="testBufferAppend" time="0,000" classname="cviceni.StringBuilderAndBufferTest"/>
  <testcase name="testBufferAppendDelete" time="0,001" classname="cviceni.StringBuilderAndBufferTest"/>
  <testcase name="testBufferAppendDelete" time="0,000" classname="cviceni.StringBuilderAndBufferTest"/>
  <testcase name="testBuilderAppend" time="0,000" classname="cviceni.StringBuilderAndBufferTest"/>
  <testcase name="testBufferAppend" time="0,000" classname="cviceni.StringBuilderAndBufferTest"/>
  <testcase name="testBuilderAppendDelete" time="0,000" classname="cviceni.StringBuilderAndBufferTest"/>
  <testcase name="testBuilderAppend" time="0,000" classname="cviceni.StringBuilderAndBufferTest"/>
  <testcase name="testBufferAppendDelete" time="0,000" classname="cviceni.StringBuilderAndBufferTest"/>
  <testcase name="testBufferAppend" time="0,000" classname="cviceni.StringBuilderAndBufferTest"/>
  <testcase name="testBuilderAppend" time="0,000" classname="cviceni.StringBuilderAndBufferTest"/>
  <testcase name="testBufferAppendDelete" time="0,000" classname="cviceni.StringBuilderAndBufferTest"/>
  <testcase name="testBufferAppend" time="0,000" classname="cviceni.StringBuilderAndBufferTest"/>
  <testcase name="testBufferAppendDelete" time="0,000" classname="cviceni.StringBuilderAndBufferTest"/>
  <testcase name="testBufferAppend" time="0,000" classname="cviceni.StringBuilderAndBufferTest"/>
  <testcase name="testBufferAppendDelete" time="0,000" classname="cviceni.StringBuilderAndBufferTest"/>
  <testcase name="testBuilderAppendDelete" time="0,000" classname="cviceni.StringBuilderAndBufferTest"/>
  <testcase name="testBufferAppendDelete" time="0,000" classname="cviceni.StringBuilderAndBufferTest"/>
  <testcase name="testBuilderAppend" time="0,000" classname="cviceni.StringBuilderAndBufferTest"/>
  <testcase name="testBuilderAppend" time="0,000" classname="cviceni.StringBuilderAndBufferTest"/>
  <testcase name="testBufferAppend" time="0,000" classname="cviceni.StringBuilderAndBufferTest"/>
  <testcase name="testBufferAppend" time="0,001" classname="cviceni.StringBuilderAndBufferTest"/>
  <testcase name="testBufferAppendDelete" time="0,001" classname="cviceni.StringBuilderAndBufferTest"/>
  <testcase name="testBuilderAppend" time="0,001" classname="cviceni.StringBuilderAndBufferTest"/>
  <testcase name="testBuilderAppendDelete" time="0,000" classname="cviceni.StringBuilderAndBufferTest"/>
  <testcase name="testBuilderAppendDelete" time="0,000" classname="cviceni.StringBuilderAndBufferTest"/>
  <testcase name="testBuilderAppendDelete" time="0,000" classname="cviceni.StringBuilderAndBufferTest"/>
  <testcase name="testBufferAppend" time="0,000" classname="cviceni.StringBuilderAndBufferTest"/>
  <testcase name="testBufferAppendDelete" time="0,000" classname="cviceni.StringBuilderAndBufferTest"/>
  <testcase name="testBuilderAppendDelete" time="0,000" classname="cviceni.StringBuilderAndBufferTest"/>
  <testcase name="testBuilderAppendDelete" time="0,000" classname="cviceni.StringBuilderAndBufferTest"/>
  <testcase name="testBufferAppendDelete" time="0,000" classname="cviceni.StringBuilderAndBufferTest"/>
  <testcase name="testBuilderAppendDelete" time="0,000" classname="cviceni.StringBuilderAndBufferTest"/>
  <testcase name="testBufferAppendDelete" time="0,001" classname="cviceni.StringBuilderAndBufferTest"/>
  <testcase name="testBuilderAppend" time="0,000" classname="cviceni.StringBuilderAndBufferTest"/>
  <testcase name="testBuilderAppend" time="0,001" classname="cviceni.StringBuilderAndBufferTest"/>
  <testcase name="testBufferAppend" time="0,000" classname="cviceni.StringBuilderAndBufferTest"/>
  <testcase name="testBufferAppendDelete" time="0,000" classname="cviceni.StringBuilderAndBufferTest"/>
  <testcase name="testBuilderAppend" time="0,000" classname="cviceni.StringBuilderAndBufferTest"/>
  <testcase name="testBuilderAppend" time="0,000" classname="cviceni.StringBuilderAndBufferTest"/>
  <testcase name="testBuilderAppend" time="0,000" classname="cviceni.StringBuilderAndBufferTest"/>
  <testcase name="testBuilderAppend" time="0,000" classname="cviceni.StringBuilderAndBufferTest"/>
  <testcase name="testBufferAppend" time="0,000" classname="cviceni.StringBuilderAndBufferTest"/>
  <testcase name="testBuilderAppendDelete" time="0,000" classname="cviceni.StringBuilderAndBufferTest"/>
  <testcase name="testBuilderAppendDelete" time="0,001" classname="cviceni.StringBuilderAndBufferTest"/>
  <testcase name="testBuilderAppend" time="0,000" classname="cviceni.StringBuilderAndBufferTest"/>
  <testcase name="testBuilderAppendDelete" time="0,001" classname="cviceni.StringBuilderAndBufferTest"/>
  <testcase name="testBuilderAppendDelete" time="0,000" classname="cviceni.StringBuilderAndBufferTest"/>
  <testcase name="testBufferAppendDelete" time="0,000" classname="cviceni.StringBuilderAndBufferTest"/>
  <testcase name="testBufferAppendDelete" time="0,000" classname="cviceni.StringBuilderAndBufferTest"/>
  <testcase name="testBufferAppend" time="0,002" classname="cviceni.StringBuilderAndBufferTest"/>
  <testcase name="testBuilderAppendDelete" time="0,001" classname="cviceni.StringBuilderAndBufferTest"/>
  <testcase name="testBuilderAppend" time="0,000" classname="cviceni.StringBuilderAndBufferTest"/>
  <testcase name="testBufferAppend" time="0,000" classname="cviceni.StringBuilderAndBufferTest"/>
  <testcase name="testBuilderAppend" time="0,000" classname="cviceni.StringBuilderAndBufferTest"/>
  <testcase name="testBufferAppendDelete" time="0,001" classname="cviceni.StringBuilderAndBufferTest"/>
  <testcase name="testBufferAppend" time="0,000" classname="cviceni.StringBuilderAndBufferTest"/>
  <testcase name="testBufferAppendDelete" time="0,000" classname="cviceni.StringBuilderAndBufferTest"/>
  <testcase name="testBufferAppend" time="0,001" classname="cviceni.StringBuilderAndBufferTest"/>
  <testcase name="testBuilderAppend" time="0,000" classname="cviceni.StringBuilderAndBufferTest"/>
  <testcase name="testBufferAppend" time="0,001" classname="cviceni.StringBuilderAndBufferTest"/>
  <testcase name="testBufferAppend" time="0,000" classname="cviceni.StringBuilderAndBufferTest"/>
  <testcase name="testBuilderAppendDelete" time="0,000" classname="cviceni.StringBuilderAndBufferTest"/>
  <testcase name="testBuilderAppend" time="0,000" classname="cviceni.StringBuilderAndBufferTest"/>
  <testcase name="testBuilderAppend" time="0,000" classname="cviceni.StringBuilderAndBufferTest"/>
  <testcase name="testBufferAppend" time="0,000" classname="cviceni.StringBuilderAndBufferTest"/>
  <testcase name="testBufferAppend" time="0,000" classname="cviceni.StringBuilderAndBufferTest"/>
  <testcase name="testBufferAppendDelete" time="0,000" classname="cviceni.StringBuilderAndBufferTest"/>
  <testcase name="testBuilderAppend" time="0,000" classname="cviceni.StringBuilderAndBufferTest"/>
  <testcase name="testBufferAppendDelete" time="0,000" classname="cviceni.StringBuilderAndBufferTest"/>
  <testcase name="testBufferAppendDelete" time="0,000" classname="cviceni.StringBuilderAndBufferTest"/>
  <testcase name="testBufferAppendDelete" time="0,001" classname="cviceni.StringBuilderAndBufferTest"/>
  <testcase name="testBuilderAppend" time="0,000" classname="cviceni.StringBuilderAndBufferTest"/>
  <testcase name="testBuilderAppend" time="0,000" classname="cviceni.StringBuilderAndBufferTest"/>
  <testcase name="testBufferAppendDelete" time="0,001" classname="cviceni.StringBuilderAndBufferTest"/>
  <testcase name="testBuilderAppend" time="0,000" classname="cviceni.StringBuilderAndBufferTest"/>
  <testcase name="testBufferAppendDelete" time="0,000" classname="cviceni.StringBuilderAndBufferTest"/>
  <testcase name="testBufferAppend" time="0,000" classname="cviceni.StringBuilderAndBufferTest"/>
  <testcase name="testBufferAppend" time="0,000" classname="cviceni.StringBuilderAndBufferTest"/>
  <testcase name="testBufferAppend" time="0,001" classname="cviceni.StringBuilderAndBufferTest"/>
  <testcase name="testBuilderAppend" time="0,000" classname="cviceni.StringBuilderAndBufferTest"/>
  <testcase name="testBufferAppendDelete" time="0,000" classname="cviceni.StringBuilderAndBufferTest"/>
  <testcase name="testBuilderAppendDelete" time="0,000" classname="cviceni.StringBuilderAndBufferTest"/>
  <testcase name="testBuilderAppendDelete" time="0,000" classname="cviceni.StringBuilderAndBufferTest"/>
  <testcase name="testBufferAppendDelete" time="0,000" classname="cviceni.StringBuilderAndBufferTest"/>
  <testcase name="testBuilderAppendDelete" time="0,001" classname="cviceni.StringBuilderAndBufferTest"/>
  <testcase name="testBuilderAppendDelete" time="0,001" classname="cviceni.StringBuilderAndBufferTest"/>
  <testcase name="testBuilderAppendDelete" time="0,000" classname="cviceni.StringBuilderAndBufferTest"/>
  <testcase name="testBufferAppend" time="0,000" classname="cviceni.StringBuilderAndBufferTest"/>
  <testcase name="testBufferAppendDelete" time="0,000" classname="cviceni.StringBuilderAndBufferTest"/>
  <testcase name="testBufferAppendDelete" time="0,001" classname="cviceni.StringBuilderAndBufferTest"/>
  <testcase name="testBuilderAppend" time="0,000" classname="cviceni.StringBuilderAndBufferTest"/>
  <testcase name="testBufferAppendDelete" time="0,000" classname="cviceni.StringBuilderAndBufferTest"/>
  <testcase name="testBuilderAppendDelete" time="0,000" classname="cviceni.StringBuilderAndBufferTest"/>
  <testcase name="testBufferAppend" time="0,000" classname="cviceni.StringBuilderAndBufferTest"/>
  <testcase name="testBuilderAppend" time="0,000" classname="cviceni.StringBuilderAndBufferTest"/>
  <testcase name="testBufferAppend" time="0,000" classname="cviceni.StringBuilderAndBufferTest"/>
  <testcase name="testBuilderAppendDelete" time="0,000" classname="cviceni.StringBuilderAndBufferTest"/>
  <testcase name="testBufferAppend" time="0,001" classname="cviceni.StringBuilderAndBufferTest"/>
  <testcase name="testBuilderAppendDelete" time="0,001" classname="cviceni.StringBuilderAndBufferTest"/>
  <testcase name="testBufferAppend" time="0,000" classname="cviceni.StringBuilderAndBufferTest"/>
  <testcase name="testBufferAppendDelete" time="0,000" classname="cviceni.StringBuilderAndBufferTest"/>
  <testcase name="testBufferAppend" time="0,000" classname="cviceni.StringBuilderAndBufferTest"/>
  <testcase name="testBuilderAppend" time="0,000" classname="cviceni.StringBuilderAndBufferTest"/>
  <testcase name="testBuilderAppend" time="0,001" classname="cviceni.StringBuilderAndBufferTest"/>
  <testcase name="testBufferAppend" time="0,000" classname="cviceni.StringBuilderAndBufferTest"/>
  <testcase name="testBuilderAppendDelete" time="0,000" classname="cviceni.StringBuilderAndBufferTest"/>
  <testcase name="testBuilderAppend" time="0,000" classname="cviceni.StringBuilderAndBufferTest"/>
  <testcase name="testBufferAppendDelete" time="0,000" classname="cviceni.StringBuilderAndBufferTest"/>
  <testcase name="testBuilderAppendDelete" time="0,217" classname="cviceni.StringBuilderAndBufferTest"/>
  <testcase name="testBuilderAppend" time="0,000" classname="cviceni.StringBuilderAndBufferTest"/>
  <testcase name="testBufferAppend" time="0,000" classname="cviceni.StringBuilderAndBufferTest"/>
  <testcase name="testBuilderAppend" time="0,027" classname="cviceni.StringBuilderAndBufferTest"/>
  <testcase name="testBufferAppend" time="0,002" classname="cviceni.StringBuilderAndBufferTest"/>
  <testcase name="testBufferAppend" time="0,001" classname="cviceni.StringBuilderAndBufferTest"/>
  <testcase name="testBufferAppend" time="0,000" classname="cviceni.StringBuilderAndBufferTest"/>
  <testcase name="testBuilderAppend" time="0,000" classname="cviceni.StringBuilderAndBufferTest"/>
  <testcase name="testBufferAppendDelete" time="0,001" classname="cviceni.StringBuilderAndBufferTest"/>
  <testcase name="testBufferAppendDelete" time="0,000" classname="cviceni.StringBuilderAndBufferTest"/>
  <testcase name="testBuilderAppendDelete" time="0,000" classname="cviceni.StringBuilderAndBufferTest"/>
  <testcase name="testBufferAppendDelete" time="0,000" classname="cviceni.StringBuilderAndBufferTest"/>
  <testcase name="testBufferAppendDelete" time="0,001" classname="cviceni.StringBuilderAndBufferTest"/>
  <testcase name="testBufferAppend" time="0,000" classname="cviceni.StringBuilderAndBufferTest"/>
  <testcase name="testBufferAppendDelete" time="0,000" classname="cviceni.StringBuilderAndBufferTest"/>
  <testcase name="testBuilderAppend" time="0,001" classname="cviceni.StringBuilderAndBufferTest"/>
  <testcase name="testBuilderAppendDelete" time="0,058" classname="cviceni.StringBuilderAndBufferTest"/>
  <testcase name="testBuilderAppend" time="0,000" classname="cviceni.StringBuilderAndBufferTest"/>
  <testcase name="testBufferAppendDelete" time="0,001" classname="cviceni.StringBuilderAndBufferTest"/>
  <testcase name="testBufferAppendDelete" time="0,000" classname="cviceni.StringBuilderAndBufferTest"/>
  <testcase name="testBufferAppend" time="0,000" classname="cviceni.StringBuilderAndBufferTest"/>
  <testcase name="testBuilderAppend" time="0,000" classname="cviceni.StringBuilderAndBufferTest"/>
  <testcase name="testBufferAppend" time="0,115" classname="cviceni.StringBuilderAndBufferTest"/>
  <testcase name="testBufferAppend" time="0,000" classname="cviceni.StringBuilderAndBufferTest"/>
  <testcase name="testBuilderAppendDelete" time="0,000" classname="cviceni.StringBuilderAndBufferTest"/>
  <testcase name="testBufferAppend" time="0,000" classname="cviceni.StringBuilderAndBufferTest"/>
  <testcase name="testBuilderAppend" time="0,000" classname="cviceni.StringBuilderAndBufferTest"/>
  <testcase name="testBuilderAppendDelete" time="0,000" classname="cviceni.StringBuilderAndBufferTest"/>
  <testcase name="testBufferAppendDelete" time="0,001" classname="cviceni.StringBuilderAndBufferTest"/>
  <testcase name="testBuilderAppendDelete" time="0,000" classname="cviceni.StringBuilderAndBufferTest"/>
  <testcase name="testBuilderAppend" time="0,000" classname="cviceni.StringBuilderAndBufferTest"/>
  <testcase name="testBuilderAppendDelete" time="0,001" classname="cviceni.StringBuilderAndBufferTest"/>
  <testcase name="testBufferAppend" time="0,000" classname="cviceni.StringBuilderAndBufferTest"/>
  <testcase name="testBuilderAppendDelete" time="0,000" classname="cviceni.StringBuilderAndBufferTest"/>
  <testcase name="testBuilderAppendDelete" time="0,000" classname="cviceni.StringBuilderAndBufferTest"/>
  <testcase name="testBufferAppendDelete" time="0,000" classname="cviceni.StringBuilderAndBufferTest"/>
  <testcase name="testBufferAppendDelete" time="0,000" classname="cviceni.StringBuilderAndBufferTest"/>
  <testcase name="testBuilderAppendDelete" time="0,001" classname="cviceni.StringBuilderAndBufferTest"/>
  <testcase name="testBufferAppend" time="0,000" classname="cviceni.StringBuilderAndBufferTest"/>
  <testcase name="testBufferAppendDelete" time="0,001" classname="cviceni.StringBuilderAndBufferTest"/>
  <testcase name="testBufferAppendDelete" time="0,000" classname="cviceni.StringBuilderAndBufferTest"/>
  <testcase name="testBufferAppend" time="0,000" classname="cviceni.StringBuilderAndBufferTest"/>
  <testcase name="testBufferAppendDelete" time="0,001" classname="cviceni.StringBuilderAndBufferTest"/>
  <testcase name="testBuilderAppendDelete" time="0,000" classname="cviceni.StringBuilderAndBufferTest"/>
  <testcase name="testBufferAppendDelete" time="0,000" classname="cviceni.StringBuilderAndBufferTest"/>
  <testcase name="testBufferAppendDelete" time="0,000" classname="cviceni.StringBuilderAndBufferTest"/>
  <testcase name="testBuilderAppend" time="0,000" classname="cviceni.StringBuilderAndBufferTest"/>
  <testcase name="testBuilderAppend" time="0,000" classname="cviceni.StringBuilderAndBufferTest"/>
  <testcase name="testBufferAppendDelete" time="0,000" classname="cviceni.StringBuilderAndBufferTest"/>
  <testcase name="testBufferAppendDelete" time="0,001" classname="cviceni.StringBuilderAndBufferTest"/>
  <testcase name="testBuilderAppend" time="0,000" classname="cviceni.StringBuilderAndBufferTest"/>
  <testcase name="testBuilderAppend" time="0,001" classname="cviceni.StringBuilderAndBufferTest"/>
  <testcase name="testBuilderAppendDelete" time="0,000" classname="cviceni.StringBuilderAndBufferTest"/>
  <testcase name="testBufferAppendDelete" time="0,001" classname="cviceni.StringBuilderAndBufferTest"/>
  <testcase name="testBufferAppendDelete" time="0,001" classname="cviceni.StringBuilderAndBufferTest"/>
  <testcase name="testBuilderAppendDelete" time="0,001" classname="cviceni.StringBuilderAndBufferTest"/>
  <testcase name="testBuilderAppend" time="0,000" classname="cviceni.StringBuilderAndBufferTest"/>
  <testcase name="testBufferAppendDelete" time="0,000" classname="cviceni.StringBuilderAndBufferTest"/>
  <testcase name="testBufferAppendDelete" time="0,000" classname="cviceni.StringBuilderAndBufferTest"/>
  <testcase name="testBufferAppend" time="0,000" classname="cviceni.StringBuilderAndBufferTest"/>
  <testcase name="testBuilderAppend" time="0,000" classname="cviceni.StringBuilderAndBufferTest"/>
  <testcase name="testBufferAppendDelete" time="0,000" classname="cviceni.StringBuilderAndBufferTest"/>
  <testcase name="testBufferAppend" time="0,001" classname="cviceni.StringBuilderAndBufferTest"/>
  <testcase name="testBufferAppend" time="0,000" classname="cviceni.StringBuilderAndBufferTest"/>
  <testcase name="testBuilderAppend" time="0,000" classname="cviceni.StringBuilderAndBufferTest"/>
  <testcase name="testBuilderAppendDelete" time="0,000" classname="cviceni.StringBuilderAndBufferTest"/>
  <testcase name="testBufferAppendDelete" time="0,000" classname="cviceni.StringBuilderAndBufferTest"/>
  <testcase name="testBuilderAppendDelete" time="0,000" classname="cviceni.StringBuilderAndBufferTest"/>
  <testcase name="testBuilderAppendDelete" time="0,001" classname="cviceni.StringBuilderAndBufferTest"/>
  <testcase name="testBufferAppendDelete" time="0,000" classname="cviceni.StringBuilderAndBufferTest"/>
  <testcase name="testBufferAppendDelete" time="0,000" classname="cviceni.StringBuilderAndBufferTest"/>
  <testcase name="testBufferAppend" time="0,000" classname="cviceni.StringBuilderAndBufferTest"/>
  <testcase name="testBufferAppendDelete" time="0,000" classname="cviceni.StringBuilderAndBufferTest"/>
  <testcase name="testBufferAppend" time="0,000" classname="cviceni.StringBuilderAndBufferTest"/>
  <testcase name="testBufferAppendDelete" time="0,000" classname="cviceni.StringBuilderAndBufferTest"/>
  <testcase name="testBuilderAppend" time="0,000" classname="cviceni.StringBuilderAndBufferTest"/>
  <testcase name="testBufferAppendDelete" time="0,000" classname="cviceni.StringBuilderAndBufferTest"/>
  <testcase name="testBufferAppend" time="0,000" classname="cviceni.StringBuilderAndBufferTest"/>
  <testcase name="testBufferAppend" time="0,000" classname="cviceni.StringBuilderAndBufferTest"/>
  <testcase name="testBufferAppend" time="0,000" classname="cviceni.StringBuilderAndBufferTest"/>
  <testcase name="testBufferAppendDelete" time="0,000" classname="cviceni.StringBuilderAndBufferTest"/>
  <testcase name="testBufferAppend" time="0,000" classname="cviceni.StringBuilderAndBufferTest"/>
  <testcase name="testBuilderAppendDelete" time="0,001" classname="cviceni.StringBuilderAndBufferTest"/>
  <testcase name="testBuilderAppendDelete" time="0,000" classname="cviceni.StringBuilderAndBufferTest"/>
  <testcase name="testBufferAppendDelete" time="0,000" classname="cviceni.StringBuilderAndBufferTest"/>
  <testcase name="testBuilderAppendDelete" time="0,000" classname="cviceni.StringBuilderAndBufferTest"/>
  <testcase name="testBufferAppendDelete" time="0,000" classname="cviceni.StringBuilderAndBufferTest"/>
  <testcase name="testBuilderAppend" time="0,000" classname="cviceni.StringBuilderAndBufferTest"/>
  <testcase name="testBuilderAppend" time="0,000" classname="cviceni.StringBuilderAndBufferTest"/>
  <testcase name="testBuilderAppendDelete" time="0,000" classname="cviceni.StringBuilderAndBufferTest"/>
  <testcase name="testBuilderAppend" time="0,000" classname="cviceni.StringBuilderAndBufferTest"/>
  <testcase name="testBufferAppend" time="0,000" classname="cviceni.StringBuilderAndBufferTest"/>
  <testcase name="testBufferAppendDelete" time="0,000" classname="cviceni.StringBuilderAndBufferTest"/>
  <testcase name="testBufferAppendDelete" time="0,000" classname="cviceni.StringBuilderAndBufferTest"/>
  <testcase name="testBufferAppend" time="0,000" classname="cviceni.StringBuilderAndBufferTest"/>
  <testcase name="testBufferAppend" time="0,001" classname="cviceni.StringBuilderAndBufferTest"/>
  <testcase name="testBufferAppend" time="0,000" classname="cviceni.StringBuilderAndBufferTest"/>
  <testcase name="testBuilderAppendDelete" time="0,000" classname="cviceni.StringBuilderAndBufferTest"/>
  <testcase name="testBuilderAppendDelete" time="0,001" classname="cviceni.StringBuilderAndBufferTest"/>
  <testcase name="testBufferAppend" time="0,000" classname="cviceni.StringBuilderAndBufferTest"/>
  <testcase name="testBufferAppendDelete" time="0,000" classname="cviceni.StringBuilderAndBufferTest"/>
  <testcase name="testBuilderAppendDelete" time="0,001" classname="cviceni.StringBuilderAndBufferTest"/>
  <testcase name="testBuilderAppendDelete" time="0,000" classname="cviceni.StringBuilderAndBufferTest"/>
  <testcase name="testBuilderAppend" time="0,001" classname="cviceni.StringBuilderAndBufferTest"/>
  <testcase name="testBufferAppend" time="0,000" classname="cviceni.StringBuilderAndBufferTest"/>
  <testcase name="testBuilderAppendDelete" time="0,001" classname="cviceni.StringBuilderAndBufferTest"/>
  <testcase name="testBufferAppend" time="0,000" classname="cviceni.StringBuilderAndBufferTest"/>
  <testcase name="testBuilderAppendDelete" time="0,001" classname="cviceni.StringBuilderAndBufferTest"/>
  <testcase name="testBuilderAppendDelete" time="0,000" classname="cviceni.StringBuilderAndBufferTest"/>
  <testcase name="testBufferAppend" time="0,001" classname="cviceni.StringBuilderAndBufferTest"/>
  <testcase name="testBuilderAppendDelete" time="0,000" classname="cviceni.StringBuilderAndBufferTest"/>
  <testcase name="testBuilderAppendDelete" time="0,000" classname="cviceni.StringBuilderAndBufferTest"/>
  <testcase name="testBuilderAppendDelete" time="0,000" classname="cviceni.StringBuilderAndBufferTest"/>
  <testcase name="testBufferAppendDelete" time="0,000" classname="cviceni.StringBuilderAndBufferTest"/>
  <testcase name="testBuilderAppend" time="0,000" classname="cviceni.StringBuilderAndBufferTest"/>
  <testcase name="testBufferAppend" time="0,000" classname="cviceni.StringBuilderAndBufferTest"/>
  <testcase name="testBufferAppendDelete" time="0,001" classname="cviceni.StringBuilderAndBufferTest"/>
  <testcase name="testBufferAppendDelete" time="0,001" classname="cviceni.StringBuilderAndBufferTest"/>
  <testcase name="testBufferAppend" time="0,000" classname="cviceni.StringBuilderAndBufferTest"/>
  <testcase name="testBuilderAppend" time="0,000" classname="cviceni.StringBuilderAndBufferTest"/>
  <testcase name="testBuilderAppend" time="0,000" classname="cviceni.StringBuilderAndBufferTest"/>
  <testcase name="testBufferAppend" time="0,000" classname="cviceni.StringBuilderAndBufferTest"/>
  <testcase name="testBuilderAppend" time="0,001" classname="cviceni.StringBuilderAndBufferTest"/>
  <testcase name="testBuilderAppend" time="0,000" classname="cviceni.StringBuilderAndBufferTest"/>
  <testcase name="testBuilderAppend" time="0,001" classname="cviceni.StringBuilderAndBufferTest"/>
  <testcase name="testBufferAppend" time="0,001" classname="cviceni.StringBuilderAndBufferTest"/>
  <testcase name="testBuilderAppendDelete" time="0,000" classname="cviceni.StringBuilderAndBufferTest"/>
  <testcase name="testBuilderAppendDelete" time="0,000" classname="cviceni.StringBuilderAndBufferTest"/>
  <testcase name="testBufferAppendDelete" time="0,000" classname="cviceni.StringBuilderAndBufferTest"/>
  <testcase name="testBuilderAppend" time="0,001" classname="cviceni.StringBuilderAndBufferTest"/>
  <testcase name="testBufferAppendDelete" time="0,002" classname="cviceni.StringBuilderAndBufferTest"/>
  <testcase name="testBufferAppend" time="0,000" classname="cviceni.StringBuilderAndBufferTest"/>
  <testcase name="testBuilderAppend" time="0,000" classname="cviceni.StringBuilderAndBufferTest"/>
  <testcase name="testBuilderAppendDelete" time="0,000" classname="cviceni.StringBuilderAndBufferTest"/>
  <testcase name="testBufferAppend" time="0,000" classname="cviceni.StringBuilderAndBufferTest"/>
  <testcase name="testBuilderAppendDelete" time="0,000" classname="cviceni.StringBuilderAndBufferTest"/>
  <testcase name="testBufferAppend" time="0,000" classname="cviceni.StringBuilderAndBufferTest"/>
  <testcase name="testBuilderAppend" time="0,000" classname="cviceni.StringBuilderAndBufferTest"/>
  <testcase name="testBuilderAppendDelete" time="0,000" classname="cviceni.StringBuilderAndBufferTest"/>
  <testcase name="testBufferAppendDelete" time="0,000" classname="cviceni.StringBuilderAndBufferTest"/>
  <testcase name="testBufferAppend" time="0,000" classname="cviceni.StringBuilderAndBufferTest"/>
  <testcase name="testBuilderAppend" time="0,001" classname="cviceni.StringBuilderAndBufferTest"/>
  <testcase name="testBuilderAppend" time="0,001" classname="cviceni.StringBuilderAndBufferTest"/>
  <testcase name="testBufferAppendDelete" time="0,000" classname="cviceni.StringBuilderAndBufferTest"/>
  <testcase name="testBuilderAppendDelete" time="0,001" classname="cviceni.StringBuilderAndBufferTest"/>
  <testcase name="testBuilderAppendDelete" time="0,000" classname="cviceni.StringBuilderAndBufferTest"/>
  <testcase name="testBuilderAppend" time="0,039" classname="cviceni.StringBuilderAndBufferTest"/>
  <testcase name="testBufferAppend" time="0,000" classname="cviceni.StringBuilderAndBufferTest"/>
  <testcase name="testBufferAppendDelete" time="0,000" classname="cviceni.StringBuilderAndBufferTest"/>
  <testcase name="testBufferAppend" time="0,000" classname="cviceni.StringBuilderAndBufferTest"/>
  <testcase name="testBuilderAppendDelete" time="0,000" classname="cviceni.StringBuilderAndBufferTest"/>
  <testcase name="testBuilderAppend" time="0,000" classname="cviceni.StringBuilderAndBufferTest"/>
  <testcase name="testBufferAppend" time="0,000" classname="cviceni.StringBuilderAndBufferTest"/>
  <testcase name="testBuilderAppendDelete" time="0,001" classname="cviceni.StringBuilderAndBufferTest"/>
  <testcase name="testBuilderAppend" time="0,001" classname="cviceni.StringBuilderAndBufferTest"/>
  <testcase name="testBufferAppendDelete" time="0,001" classname="cviceni.StringBuilderAndBufferTest"/>
  <testcase name="testBufferAppend" time="0,001" classname="cviceni.StringBuilderAndBufferTest"/>
  <testcase name="testBuilderAppend" time="0,000" classname="cviceni.StringBuilderAndBufferTest"/>
  <testcase name="testBufferAppend" time="0,001" classname="cviceni.StringBuilderAndBufferTest"/>
  <testcase name="testBuilderAppendDelete" time="0,001" classname="cviceni.StringBuilderAndBufferTest"/>
  <testcase name="testBuilderAppend" time="0,001" classname="cviceni.StringBuilderAndBufferTest"/>
  <testcase name="testBuilderAppend" time="0,118" classname="cviceni.StringBuilderAndBufferTest"/>
  <testcase name="testBuilderAppend" time="0,000" classname="cviceni.StringBuilderAndBufferTest"/>
  <testcase name="testBufferAppend" time="0,000" classname="cviceni.StringBuilderAndBufferTest"/>
  <testcase name="testBuilderAppendDelete" time="0,001" classname="cviceni.StringBuilderAndBufferTest"/>
  <testcase name="testBuilderAppendDelete" time="0,000" classname="cviceni.StringBuilderAndBufferTest"/>
  <testcase name="testBuilderAppendDelete" time="0,000" classname="cviceni.StringBuilderAndBufferTest"/>
  <testcase name="testBufferAppend" time="0,135" classname="cviceni.StringBuilderAndBufferTest"/>
  <testcase name="testBufferAppendDelete" time="0,001" classname="cviceni.StringBuilderAndBufferTest"/>
  <testcase name="testBufferAppend" time="0,000" classname="cviceni.StringBuilderAndBufferTest"/>
  <testcase name="testBuilderAppend" time="0,000" classname="cviceni.StringBuilderAndBufferTest"/>
  <testcase name="testBuilderAppendDelete" time="0,000" classname="cviceni.StringBuilderAndBufferTest"/>
  <testcase name="testBufferAppend" time="0,000" classname="cviceni.StringBuilderAndBufferTest"/>
  <testcase name="testBufferAppendDelete" time="0,000" classname="cviceni.StringBuilderAndBufferTest"/>
  <testcase name="testBufferAppend" time="0,001" classname="cviceni.StringBuilderAndBufferTest"/>
  <testcase name="testBufferAppend" time="0,000" classname="cviceni.StringBuilderAndBufferTest"/>
  <testcase name="testBuilderAppendDelete" time="0,000" classname="cviceni.StringBuilderAndBufferTest"/>
  <testcase name="testBufferAppendDelete" time="0,001" classname="cviceni.StringBuilderAndBufferTest"/>
  <testcase name="testBuilderAppend" time="0,001" classname="cviceni.StringBuilderAndBufferTest"/>
  <testcase name="testBuilderAppend" time="0,001" classname="cviceni.StringBuilderAndBufferTest"/>
  <testcase name="testBuilderAppend" time="0,001" classname="cviceni.StringBuilderAndBufferTest"/>
  <testcase name="testBufferAppend" time="0,000" classname="cviceni.StringBuilderAndBufferTest"/>
  <testcase name="testBuilderAppend" time="0,001" classname="cviceni.StringBuilderAndBufferTest"/>
  <testcase name="testBuilderAppendDelete" time="0,000" classname="cviceni.StringBuilderAndBufferTest"/>
  <testcase name="testBufferAppendDelete" time="0,000" classname="cviceni.StringBuilderAndBufferTest"/>
  <testcase name="testBuilderAppend" time="0,000" classname="cviceni.StringBuilderAndBufferTest"/>
  <testcase name="testBufferAppendDelete" time="0,000" classname="cviceni.StringBuilderAndBufferTest"/>
  <testcase name="testBufferAppendDelete" time="0,000" classname="cviceni.StringBuilderAndBufferTest"/>
  <testcase name="testBuilderAppendDelete" time="0,001" classname="cviceni.StringBuilderAndBufferTest"/>
  <testcase name="testBufferAppendDelete" time="0,000" classname="cviceni.StringBuilderAndBufferTest"/>
  <testcase name="testBuilderAppend" time="0,000" classname="cviceni.StringBuilderAndBufferTest"/>
  <testcase name="testBufferAppendDelete" time="0,001" classname="cviceni.StringBuilderAndBufferTest"/>
  <testcase name="testBuilderAppendDelete" time="0,000" classname="cviceni.StringBuilderAndBufferTest"/>
  <testcase name="testBufferAppend" time="0,001" classname="cviceni.StringBuilderAndBufferTest"/>
  <testcase name="testBuilderAppend" time="0,001" classname="cviceni.StringBuilderAndBufferTest"/>
  <testcase name="testBuilderAppend" time="0,000" classname="cviceni.StringBuilderAndBufferTest"/>
  <testcase name="testBuilderAppendDelete" time="0,000" classname="cviceni.StringBuilderAndBufferTest"/>
  <testcase name="testBufferAppendDelete" time="0,001" classname="cviceni.StringBuilderAndBufferTest"/>
  <testcase name="testBufferAppendDelete" time="0,001" classname="cviceni.StringBuilderAndBufferTest"/>
  <testcase name="testBufferAppend" time="0,000" classname="cviceni.StringBuilderAndBufferTest"/>
  <testcase name="testBufferAppend" time="0,001" classname="cviceni.StringBuilderAndBufferTest"/>
  <testcase name="testBufferAppend" time="0,000" classname="cviceni.StringBuilderAndBufferTest"/>
  <testcase name="testBufferAppendDelete" time="0,000" classname="cviceni.StringBuilderAndBufferTest"/>
  <testcase name="testBuilderAppend" time="0,000" classname="cviceni.StringBuilderAndBufferTest"/>
  <testcase name="testBufferAppendDelete" time="0,000" classname="cviceni.StringBuilderAndBufferTest"/>
  <testcase name="testBuilderAppendDelete" time="0,000" classname="cviceni.StringBuilderAndBufferTest"/>
  <testcase name="testBufferAppend" time="0,001" classname="cviceni.StringBuilderAndBufferTest"/>
  <testcase name="testBuilderAppend" time="0,000" classname="cviceni.StringBuilderAndBufferTest"/>
  <testcase name="testBufferAppend" time="0,001" classname="cviceni.StringBuilderAndBufferTest"/>
  <testcase name="testBuilderAppendDelete" time="0,000" classname="cviceni.StringBuilderAndBufferTest"/>
  <testcase name="testBufferAppend" time="0,000" classname="cviceni.StringBuilderAndBufferTest"/>
  <testcase name="testBufferAppend" time="0,001" classname="cviceni.StringBuilderAndBufferTest"/>
  <testcase name="testBufferAppendDelete" time="0,000" classname="cviceni.StringBuilderAndBufferTest"/>
  <testcase name="testBufferAppendDelete" time="0,000" classname="cviceni.StringBuilderAndBufferTest"/>
  <testcase name="testBufferAppend" time="0,000" classname="cviceni.StringBuilderAndBufferTest"/>
  <testcase name="testBufferAppend" time="0,000" classname="cviceni.StringBuilderAndBufferTest"/>
  <testcase name="testBufferAppendDelete" time="0,001" classname="cviceni.StringBuilderAndBufferTest"/>
  <testcase name="testBufferAppendDelete" time="0,002" classname="cviceni.StringBuilderAndBufferTest"/>
  <testcase name="testBuilderAppendDelete" time="0,000" classname="cviceni.StringBuilderAndBufferTest"/>
  <testcase name="testBuilderAppendDelete" time="0,000" classname="cviceni.StringBuilderAndBufferTest"/>
  <testcase name="testBuilderAppendDelete" time="0,001" classname="cviceni.StringBuilderAndBufferTest"/>
  <testcase name="testBuilderAppendDelete" time="0,000" classname="cviceni.StringBuilderAndBufferTest"/>
  <testcase name="testBufferAppendDelete" time="0,000" classname="cviceni.StringBuilderAndBufferTest"/>
  <testcase name="testBuilderAppend" time="0,000" classname="cviceni.StringBuilderAndBufferTest"/>
  <testcase name="testBuilderAppendDelete" time="0,000" classname="cviceni.StringBuilderAndBufferTest"/>
  <testcase name="testBufferAppend" time="0,000" classname="cviceni.StringBuilderAndBufferTest"/>
  <testcase name="testBufferAppendDelete" time="0,000" classname="cviceni.StringBuilderAndBufferTest"/>
  <testcase name="testBuilderAppendDelete" time="0,000" classname="cviceni.StringBuilderAndBufferTest"/>
  <testcase name="testBufferAppendDelete" time="0,000" classname="cviceni.StringBuilderAndBufferTest"/>
  <testcase name="testBuilderAppend" time="0,001" classname="cviceni.StringBuilderAndBufferTest"/>
  <testcase name="testBufferAppendDelete" time="0,001" classname="cviceni.StringBuilderAndBufferTest"/>
  <testcase name="testBuilderAppendDelete" time="0,000" classname="cviceni.StringBuilderAndBufferTest"/>
  <testcase name="testBufferAppendDelete" time="0,000" classname="cviceni.StringBuilderAndBufferTest"/>
  <testcase name="testBuilderAppendDelete" time="0,001" classname="cviceni.StringBuilderAndBufferTest"/>
  <testcase name="testBuilderAppend" time="0,001" classname="cviceni.StringBuilderAndBufferTest"/>
  <testcase name="testBuilderAppendDelete" time="0,000" classname="cviceni.StringBuilderAndBufferTest"/>
  <testcase name="testBuilderAppendDelete" time="0,001" classname="cviceni.StringBuilderAndBufferTest"/>
  <testcase name="testBufferAppend" time="0,000" classname="cviceni.StringBuilderAndBufferTest"/>
  <testcase name="testBuilderAppend" time="0,002" classname="cviceni.StringBuilderAndBufferTest"/>
  <testcase name="testBufferAppend" time="0,002" classname="cviceni.StringBuilderAndBufferTest"/>
  <testcase name="testBuilderAppend" time="0,000" classname="cviceni.StringBuilderAndBufferTest"/>
  <testcase name="testBuilderAppend" time="0,000" classname="cviceni.StringBuilderAndBufferTest"/>
  <testcase name="testBuilderAppend" time="0,000" classname="cviceni.StringBuilderAndBufferTest"/>
  <testcase name="testBuilderAppendDelete" time="0,000" classname="cviceni.StringBuilderAndBufferTest"/>
  <testcase name="testBuilderAppend" time="0,000" classname="cviceni.StringBuilderAndBufferTest"/>
  <testcase name="testBuilderAppend" time="0,000" classname="cviceni.StringBuilderAndBufferTest"/>
  <testcase name="testBufferAppendDelete" time="0,001" classname="cviceni.StringBuilderAndBufferTest"/>
  <testcase name="testBuilderAppendDelete" time="0,000" classname="cviceni.StringBuilderAndBufferTest"/>
  <testcase name="testBufferAppend" time="0,000" classname="cviceni.StringBuilderAndBufferTest"/>
  <testcase name="testBuilderAppend" time="0,000" classname="cviceni.StringBuilderAndBufferTest"/>
  <testcase name="testBufferAppendDelete" time="0,000" classname="cviceni.StringBuilderAndBufferTest"/>
  <testcase name="testBufferAppendDelete" time="0,000" classname="cviceni.StringBuilderAndBufferTest"/>
  <testcase name="testBufferAppendDelete" time="0,000" classname="cviceni.StringBuilderAndBufferTest"/>
  <testcase name="testBufferAppendDelete" time="0,000" classname="cviceni.StringBuilderAndBufferTest"/>
  <testcase name="testBufferAppend" time="0,000" classname="cviceni.StringBuilderAndBufferTest"/>
  <testcase name="testBuilderAppend" time="0,001" classname="cviceni.StringBuilderAndBufferTest"/>
  <testcase name="testBuilderAppendDelete" time="0,000" classname="cviceni.StringBuilderAndBufferTest"/>
  <testcase name="testBuilderAppend" time="0,001" classname="cviceni.StringBuilderAndBufferTest"/>
  <testcase name="testBuilderAppend" time="0,001" classname="cviceni.StringBuilderAndBufferTest"/>
  <testcase name="testBuilderAppendDelete" time="0,001" classname="cviceni.StringBuilderAndBufferTest"/>
  <testcase name="testBufferAppend" time="0,000" classname="cviceni.StringBuilderAndBufferTest"/>
  <testcase name="testBuilderAppend" time="0,000" classname="cviceni.StringBuilderAndBufferTest"/>
  <testcase name="testBuilderAppendDelete" time="0,000" classname="cviceni.StringBuilderAndBufferTest"/>
  <testcase name="testBuilderAppend" time="0,001" classname="cviceni.StringBuilderAndBufferTest"/>
  <testcase name="testBufferAppend" time="0,000" classname="cviceni.StringBuilderAndBufferTest"/>
  <testcase name="testBuilderAppend" time="0,000" classname="cviceni.StringBuilderAndBufferTest"/>
  <testcase name="testBufferAppend" time="0,000" classname="cviceni.StringBuilderAndBufferTest"/>
  <testcase name="testBufferAppend" time="0,000" classname="cviceni.StringBuilderAndBufferTest"/>
  <testcase name="testBuilderAppend" time="0,001" classname="cviceni.StringBuilderAndBufferTest"/>
  <testcase name="testBuilderAppendDelete" time="0,001" classname="cviceni.StringBuilderAndBufferTest"/>
  <testcase name="testBufferAppendDelete" time="0,000" classname="cviceni.StringBuilderAndBufferTest"/>
  <testcase name="testBuilderAppendDelete" time="0,000" classname="cviceni.StringBuilderAndBufferTest"/>
  <testcase name="testBuilderAppendDelete" time="0,000" classname="cviceni.StringBuilderAndBufferTest"/>
  <testcase name="testBuilderAppend" time="0,000" classname="cviceni.StringBuilderAndBufferTest"/>
  <testcase name="testBufferAppendDelete" time="0,000" classname="cviceni.StringBuilderAndBufferTest"/>
  <testcase name="testBufferAppend" time="0,000" classname="cviceni.StringBuilderAndBufferTest"/>
  <testcase name="testBufferAppendDelete" time="0,001" classname="cviceni.StringBuilderAndBufferTest"/>
  <testcase name="testBuilderAppend" time="0,000" classname="cviceni.StringBuilderAndBufferTest"/>
  <testcase name="testBufferAppend" time="0,000" classname="cviceni.StringBuilderAndBufferTest"/>
  <testcase name="testBufferAppend" time="0,000" classname="cviceni.StringBuilderAndBufferTest"/>
  <testcase name="testBuilderAppend" time="0,000" classname="cviceni.StringBuilderAndBufferTest"/>
  <testcase name="testBuilderAppend" time="0,001" classname="cviceni.StringBuilderAndBufferTest"/>
  <testcase name="testBufferAppend" time="0,000" classname="cviceni.StringBuilderAndBufferTest"/>
  <testcase name="testBuilderAppendDelete" time="0,000" classname="cviceni.StringBuilderAndBufferTest"/>
  <testcase name="testBuilderAppend" time="0,000" classname="cviceni.StringBuilderAndBufferTest"/>
  <testcase name="testBuilderAppend" time="0,000" classname="cviceni.StringBuilderAndBufferTest"/>
  <testcase name="testBuilderAppend" time="0,000" classname="cviceni.StringBuilderAndBufferTest"/>
  <testcase name="testBuilderAppend" time="0,000" classname="cviceni.StringBuilderAndBufferTest"/>
  <testcase name="testBufferAppend" time="0,001" classname="cviceni.StringBuilderAndBufferTest"/>
  <testcase name="testBufferAppendDelete" time="0,000" classname="cviceni.StringBuilderAndBufferTest"/>
  <testcase name="testBuilderAppendDelete" time="0,000" classname="cviceni.StringBuilderAndBufferTest"/>
  <testcase name="testBuilderAppend" time="0,000" classname="cviceni.StringBuilderAndBufferTest"/>
  <testcase name="testBufferAppend" time="0,000" classname="cviceni.StringBuilderAndBufferTest"/>
  <testcase name="testBuilderAppendDelete" time="0,001" classname="cviceni.StringBuilderAndBufferTest"/>
  <testcase name="testBuilderAppend" time="0,000" classname="cviceni.StringBuilderAndBufferTest"/>
  <testcase name="testBufferAppendDelete" time="0,001" classname="cviceni.StringBuilderAndBufferTest"/>
  <testcase name="testBuilderAppend" time="0,000" classname="cviceni.StringBuilderAndBufferTest"/>
  <testcase name="testBuilderAppendDelete" time="0,001" classname="cviceni.StringBuilderAndBufferTest"/>
  <testcase name="testBuilderAppendDelete" time="0,003" classname="cviceni.StringBuilderAndBufferTest"/>
  <testcase name="testBufferAppendDelete" time="0,000" classname="cviceni.StringBuilderAndBufferTest"/>
  <testcase name="testBuilderAppendDelete" time="0,000" classname="cviceni.StringBuilderAndBufferTest"/>
  <testcase name="testBuilderAppendDelete" time="0,001" classname="cviceni.StringBuilderAndBufferTest"/>
  <testcase name="testBufferAppend" time="0,000" classname="cviceni.StringBuilderAndBufferTest"/>
  <testcase name="testBufferAppendDelete" time="0,000" classname="cviceni.StringBuilderAndBufferTest"/>
  <testcase name="testBuilderAppendDelete" time="0,000" classname="cviceni.StringBuilderAndBufferTest"/>
  <testcase name="testBufferAppend" time="0,000" classname="cviceni.StringBuilderAndBufferTest"/>
  <testcase name="testBuilderAppendDelete" time="0,000" classname="cviceni.StringBuilderAndBufferTest"/>
  <testcase name="testBufferAppendDelete" time="0,001" classname="cviceni.StringBuilderAndBufferTest"/>
  <testcase name="testBufferAppend" time="0,000" classname="cviceni.StringBuilderAndBufferTest"/>
  <testcase name="testBufferAppendDelete" time="0,000" classname="cviceni.StringBuilderAndBufferTest"/>
  <testcase name="testBufferAppend" time="0,001" classname="cviceni.StringBuilderAndBufferTest"/>
  <testcase name="testBufferAppend" time="0,000" classname="cviceni.StringBuilderAndBufferTest"/>
  <testcase name="testBufferAppendDelete" time="0,000" classname="cviceni.StringBuilderAndBufferTest"/>
  <testcase name="testBuilderAppendDelete" time="0,000" classname="cviceni.StringBuilderAndBufferTest"/>
  <testcase name="testBufferAppend" time="0,001" classname="cviceni.StringBuilderAndBufferTest"/>
  <testcase name="testBuilderAppend" time="0,000" classname="cviceni.StringBuilderAndBufferTest"/>
  <testcase name="testBufferAppend" time="0,001" classname="cviceni.StringBuilderAndBufferTest"/>
  <testcase name="testBuilderAppendDelete" time="0,001" classname="cviceni.StringBuilderAndBufferTest"/>
  <testcase name="testBufferAppend" time="0,000" classname="cviceni.StringBuilderAndBufferTest"/>
  <testcase name="testBuilderAppend" time="0,016" classname="cviceni.StringBuilderAndBufferTest"/>
  <testcase name="testBufferAppendDelete" time="0,000" classname="cviceni.StringBuilderAndBufferTest"/>
  <testcase name="testBuilderAppend" time="0,000" classname="cviceni.StringBuilderAndBufferTest"/>
  <testcase name="testBufferAppend" time="0,000" classname="cviceni.StringBuilderAndBufferTest"/>
  <testcase name="testBuilderAppendDelete" time="0,001" classname="cviceni.StringBuilderAndBufferTest"/>
  <testcase name="testBuilderAppend" time="0,000" classname="cviceni.StringBuilderAndBufferTest"/>
  <testcase name="testBufferAppendDelete" time="0,001" classname="cviceni.StringBuilderAndBufferTest"/>
  <testcase name="testBufferAppend" time="0,000" classname="cviceni.StringBuilderAndBufferTest"/>
  <testcase name="testBufferAppendDelete" time="0,000" classname="cviceni.StringBuilderAndBufferTest"/>
  <testcase name="testBufferAppendDelete" time="0,000" classname="cviceni.StringBuilderAndBufferTest"/>
  <testcase name="testBuilderAppendDelete" time="0,000" classname="cviceni.StringBuilderAndBufferTest"/>
  <testcase name="testBuilderAppendDelete" time="0,000" classname="cviceni.StringBuilderAndBufferTest"/>
  <testcase name="testBufferAppend" time="0,000" classname="cviceni.StringBuilderAndBufferTest"/>
  <testcase name="testBuilderAppendDelete" time="0,001" classname="cviceni.StringBuilderAndBufferTest"/>
  <testcase name="testBuilderAppendDelete" time="0,000" classname="cviceni.StringBuilderAndBufferTest"/>
  <testcase name="testBuilderAppendDelete" time="0,000" classname="cviceni.StringBuilderAndBufferTest"/>
  <testcase name="testBufferAppend" time="0,000" classname="cviceni.StringBuilderAndBufferTest"/>
  <testcase name="testBuilderAppendDelete" time="0,000" classname="cviceni.StringBuilderAndBufferTest"/>
  <testcase name="testBuilderAppendDelete" time="0,000" classname="cviceni.StringBuilderAndBufferTest"/>
  <testcase name="testBuilderAppend" time="0,000" classname="cviceni.StringBuilderAndBufferTest"/>
  <testcase name="testBufferAppend" time="0,000" classname="cviceni.StringBuilderAndBufferTest"/>
  <testcase name="testBufferAppend" time="0,001" classname="cviceni.StringBuilderAndBufferTest"/>
  <testcase name="testBufferAppendDelete" time="0,000" classname="cviceni.StringBuilderAndBufferTest"/>
  <testcase name="testBuilderAppendDelete" time="0,000" classname="cviceni.StringBuilderAndBufferTest"/>
  <testcase name="testBufferAppend" time="0,000" classname="cviceni.StringBuilderAndBufferTest"/>
  <testcase name="testBuilderAppend" time="0,000" classname="cviceni.StringBuilderAndBufferTest"/>
  <testcase name="testBuilderAppend" time="0,000" classname="cviceni.StringBuilderAndBufferTest"/>
  <testcase name="testBufferAppendDelete" time="0,001" classname="cviceni.StringBuilderAndBufferTest"/>
  <testcase name="testBuilderAppend" time="0,001" classname="cviceni.StringBuilderAndBufferTest"/>
  <testcase name="testBufferAppend" time="0,000" classname="cviceni.StringBuilderAndBufferTest"/>
  <testcase name="testBufferAppendDelete" time="0,000" classname="cviceni.StringBuilderAndBufferTest"/>
  <testcase name="testBufferAppend" time="0,001" classname="cviceni.StringBuilderAndBufferTest"/>
  <testcase name="testBufferAppendDelete" time="0,000" classname="cviceni.StringBuilderAndBufferTest"/>
  <testcase name="testBuilderAppendDelete" time="0,000" classname="cviceni.StringBuilderAndBufferTest"/>
  <testcase name="testBufferAppendDelete" time="0,001" classname="cviceni.StringBuilderAndBufferTest"/>
  <testcase name="testBuilderAppend" time="0,000" classname="cviceni.StringBuilderAndBufferTest"/>
  <testcase name="testBuilderAppend" time="0,000" classname="cviceni.StringBuilderAndBufferTest"/>
  <testcase name="testBuilderAppendDelete" time="0,000" classname="cviceni.StringBuilderAndBufferTest"/>
  <testcase name="testBufferAppend" time="0,001" classname="cviceni.StringBuilderAndBufferTest"/>
  <testcase name="testBufferAppend" time="0,000" classname="cviceni.StringBuilderAndBufferTest"/>
  <testcase name="testBufferAppend" time="0,000" classname="cviceni.StringBuilderAndBufferTest"/>
  <testcase name="testBufferAppendDelete" time="0,000" classname="cviceni.StringBuilderAndBufferTest"/>
  <testcase name="testBufferAppendDelete" time="0,000" classname="cviceni.StringBuilderAndBufferTest"/>
  <testcase name="testBufferAppendDelete" time="0,001" classname="cviceni.StringBuilderAndBufferTest"/>
  <testcase name="testBuilderAppendDelete" time="0,000" classname="cviceni.StringBuilderAndBufferTest"/>
  <testcase name="testBuilderAppendDelete" time="0,000" classname="cviceni.StringBuilderAndBufferTest"/>
  <testcase name="testBuilderAppendDelete" time="0,000" classname="cviceni.StringBuilderAndBufferTest"/>
  <testcase name="testBufferAppendDelete" time="0,000" classname="cviceni.StringBuilderAndBufferTest"/>
  <testcase name="testBufferAppendDelete" time="0,000" classname="cviceni.StringBuilderAndBufferTest"/>
  <testcase name="testBuilderAppend" time="0,009" classname="cviceni.StringBuilderAndBufferTest"/>
  <testcase name="testBuilderAppendDelete" time="0,000" classname="cviceni.StringBuilderAndBufferTest"/>
  <testcase name="testBuilderAppend" time="0,000" classname="cviceni.StringBuilderAndBufferTest"/>
  <testcase name="testBuilderAppendDelete" time="0,001" classname="cviceni.StringBuilderAndBufferTest"/>
  <testcase name="testBuilderAppend" time="0,000" classname="cviceni.StringBuilderAndBufferTest"/>
  <testcase name="testBufferAppend" time="0,001" classname="cviceni.StringBuilderAndBufferTest"/>
  <testcase name="testBuilderAppend" time="0,006" classname="cviceni.StringBuilderAndBufferTest"/>
  <testcase name="testBufferAppendDelete" time="0,000" classname="cviceni.StringBuilderAndBufferTest"/>
  <testcase name="testBuilderAppendDelete" time="0,000" classname="cviceni.StringBuilderAndBufferTest"/>
  <testcase name="testBufferAppend" time="0,000" classname="cviceni.StringBuilderAndBufferTest"/>
  <testcase name="testBuilderAppend" time="0,000" classname="cviceni.StringBuilderAndBufferTest"/>
  <testcase name="testBufferAppend" time="0,000" classname="cviceni.StringBuilderAndBufferTest"/>
  <testcase name="testBuilderAppendDelete" time="0,000" classname="cviceni.StringBuilderAndBufferTest"/>
  <testcase name="testBufferAppend" time="0,000" classname="cviceni.StringBuilderAndBufferTest"/>
  <testcase name="testBuilderAppendDelete" time="0,000" classname="cviceni.StringBuilderAndBufferTest"/>
  <testcase name="testBufferAppendDelete" time="0,001" classname="cviceni.StringBuilderAndBufferTest"/>
  <testcase name="testBuilderAppendDelete" time="0,000" classname="cviceni.StringBuilderAndBufferTest"/>
  <testcase name="testBuilderAppendDelete" time="0,001" classname="cviceni.StringBuilderAndBufferTest"/>
  <testcase name="testBufferAppendDelete" time="0,000" classname="cviceni.StringBuilderAndBufferTest"/>
  <testcase name="testBufferAppendDelete" time="0,001" classname="cviceni.StringBuilderAndBufferTest"/>
  <testcase name="testBufferAppend" time="0,000" classname="cviceni.StringBuilderAndBufferTest"/>
  <testcase name="testBuilderAppend" time="0,000" classname="cviceni.StringBuilderAndBufferTest"/>
  <testcase name="testBufferAppendDelete" time="0,000" classname="cviceni.StringBuilderAndBufferTest"/>
  <testcase name="testBufferAppend" time="0,000" classname="cviceni.StringBuilderAndBufferTest"/>
  <testcase name="testBufferAppend" time="0,000" classname="cviceni.StringBuilderAndBufferTest"/>
  <testcase name="testBuilderAppend" time="0,000" classname="cviceni.StringBuilderAndBufferTest"/>
  <testcase name="testBufferAppend" time="0,000" classname="cviceni.StringBuilderAndBufferTest"/>
  <testcase name="testBufferAppendDelete" time="0,000" classname="cviceni.StringBuilderAndBufferTest"/>
  <testcase name="testBufferAppend" time="0,000" classname="cviceni.StringBuilderAndBufferTest"/>
  <testcase name="testBuilderAppend" time="0,001" classname="cviceni.StringBuilderAndBufferTest"/>
  <testcase name="testBuilderAppendDelete" time="0,000" classname="cviceni.StringBuilderAndBufferTest"/>
  <testcase name="testBufferAppend" time="0,000" classname="cviceni.StringBuilderAndBufferTest"/>
  <testcase name="testBufferAppend" time="0,000" classname="cviceni.StringBuilderAndBufferTest"/>
  <testcase name="testBuilderAppendDelete" time="0,000" classname="cviceni.StringBuilderAndBufferTest"/>
  <testcase name="testBufferAppend" time="0,000" classname="cviceni.StringBuilderAndBufferTest"/>
  <testcase name="testBufferAppend" time="0,079" classname="cviceni.StringBuilderAndBufferTest"/>
  <testcase name="testBufferAppend" time="0,000" classname="cviceni.StringBuilderAndBufferTest"/>
  <testcase name="testBuilderAppendDelete" time="0,001" classname="cviceni.StringBuilderAndBufferTest"/>
  <testcase name="testBufferAppendDelete" time="0,001" classname="cviceni.StringBuilderAndBufferTest"/>
  <testcase name="testBufferAppendDelete" time="0,026" classname="cviceni.StringBuilderAndBufferTest"/>
  <testcase name="testBufferAppend" time="0,001" classname="cviceni.StringBuilderAndBufferTest"/>
  <testcase name="testBuilderAppendDelete" time="0,000" classname="cviceni.StringBuilderAndBufferTest"/>
  <testcase name="testBufferAppendDelete" time="0,000" classname="cviceni.StringBuilderAndBufferTest"/>
  <testcase name="testBuilderAppendDelete" time="0,000" classname="cviceni.StringBuilderAndBufferTest"/>
  <testcase name="testBuilderAppend" time="0,000" classname="cviceni.StringBuilderAndBufferTest"/>
  <testcase name="testBufferAppendDelete" time="0,000" classname="cviceni.StringBuilderAndBufferTest"/>
  <testcase name="testBufferAppendDelete" time="0,000" classname="cviceni.StringBuilderAndBufferTest"/>
  <testcase name="testBuilderAppendDelete" time="0,000" classname="cviceni.StringBuilderAndBufferTest"/>
  <testcase name="testBuilderAppendDelete" time="0,000" classname="cviceni.StringBuilderAndBufferTest"/>
  <testcase name="testBufferAppendDelete" time="0,000" classname="cviceni.StringBuilderAndBufferTest"/>
  <testcase name="testBuilderAppend" time="0,001" classname="cviceni.StringBuilderAndBufferTest"/>
  <testcase name="testBufferAppendDelete" time="0,001" classname="cviceni.StringBuilderAndBufferTest"/>
  <testcase name="testBuilderAppend" time="0,000" classname="cviceni.StringBuilderAndBufferTest"/>
  <testcase name="testBufferAppendDelete" time="0,000" classname="cviceni.StringBuilderAndBufferTest"/>
  <testcase name="testBufferAppend" time="0,000" classname="cviceni.StringBuilderAndBufferTest"/>
  <testcase name="testBufferAppendDelete" time="0,000" classname="cviceni.StringBuilderAndBufferTest"/>
  <testcase name="testBuilderAppend" time="0,001" classname="cviceni.StringBuilderAndBufferTest"/>
  <testcase name="testBuilderAppend" time="0,000" classname="cviceni.StringBuilderAndBufferTest"/>
  <testcase name="testBufferAppendDelete" time="0,000" classname="cviceni.StringBuilderAndBufferTest"/>
  <testcase name="testBufferAppendDelete" time="0,000" classname="cviceni.StringBuilderAndBufferTest"/>
  <testcase name="testBuilderAppendDelete" time="0,001" classname="cviceni.StringBuilderAndBufferTest"/>
  <testcase name="testBufferAppend" time="0,000" classname="cviceni.StringBuilderAndBufferTest"/>
  <testcase name="testBuilderAppend" time="0,000" classname="cviceni.StringBuilderAndBufferTest"/>
  <testcase name="testBuilderAppend" time="0,000" classname="cviceni.StringBuilderAndBufferTest"/>
  <testcase name="testBuilderAppend" time="0,000" classname="cviceni.StringBuilderAndBufferTest"/>
  <testcase name="testBufferAppend" time="0,001" classname="cviceni.StringBuilderAndBufferTest"/>
  <testcase name="testBuilderAppend" time="0,001" classname="cviceni.StringBuilderAndBufferTest"/>
  <testcase name="testBuilderAppend" time="0,000" classname="cviceni.StringBuilderAndBufferTest"/>
  <testcase name="testBufferAppend" time="0,001" classname="cviceni.StringBuilderAndBufferTest"/>
  <testcase name="testBuilderAppend" time="0,000" classname="cviceni.StringBuilderAndBufferTest"/>
  <testcase name="testBuilderAppend" time="0,000" classname="cviceni.StringBuilderAndBufferTest"/>
  <testcase name="testBuilderAppend" time="0,000" classname="cviceni.StringBuilderAndBufferTest"/>
  <testcase name="testBufferAppendDelete" time="0,000" classname="cviceni.StringBuilderAndBufferTest"/>
  <testcase name="testBufferAppend" time="0,001" classname="cviceni.StringBuilderAndBufferTest"/>
  <testcase name="testBuilderAppend" time="0,001" classname="cviceni.StringBuilderAndBufferTest"/>
  <testcase name="testBuilderAppendDelete" time="0,000" classname="cviceni.StringBuilderAndBufferTest"/>
  <testcase name="testBuilderAppend" time="0,000" classname="cviceni.StringBuilderAndBufferTest"/>
  <testcase name="testBufferAppend" time="0,000" classname="cviceni.StringBuilderAndBufferTest"/>
  <testcase name="testBufferAppendDelete" time="0,000" classname="cviceni.StringBuilderAndBufferTest"/>
  <testcase name="testBuilderAppend" time="0,000" classname="cviceni.StringBuilderAndBufferTest"/>
  <testcase name="testBufferAppend" time="0,001" classname="cviceni.StringBuilderAndBufferTest"/>
  <testcase name="testBufferAppendDelete" time="0,000" classname="cviceni.StringBuilderAndBufferTest"/>
  <testcase name="testBufferAppendDelete" time="0,001" classname="cviceni.StringBuilderAndBufferTest"/>
  <testcase name="testBufferAppend" time="0,000" classname="cviceni.StringBuilderAndBufferTest"/>
  <testcase name="testBufferAppend" time="0,000" classname="cviceni.StringBuilderAndBufferTest"/>
  <testcase name="testBuilderAppend" time="0,000" classname="cviceni.StringBuilderAndBufferTest"/>
  <testcase name="testBufferAppendDelete" time="0,000" classname="cviceni.StringBuilderAndBufferTest"/>
  <testcase name="testBufferAppendDelete" time="0,001" classname="cviceni.StringBuilderAndBufferTest"/>
  <testcase name="testBuilderAppend" time="0,001" classname="cviceni.StringBuilderAndBufferTest"/>
  <testcase name="testBufferAppend" time="0,000" classname="cviceni.StringBuilderAndBufferTest"/>
  <testcase name="testBuilderAppendDelete" time="0,001" classname="cviceni.StringBuilderAndBufferTest"/>
  <testcase name="testBuilderAppend" time="0,000" classname="cviceni.StringBuilderAndBufferTest"/>
  <testcase name="testBuilderAppend" time="0,000" classname="cviceni.StringBuilderAndBufferTest"/>
  <testcase name="testBufferAppendDelete" time="0,001" classname="cviceni.StringBuilderAndBufferTest"/>
  <testcase name="testBufferAppendDelete" time="0,001" classname="cviceni.StringBuilderAndBufferTest"/>
  <testcase name="testBuilderAppendDelete" time="0,001" classname="cviceni.StringBuilderAndBufferTest"/>
  <testcase name="testBuilderAppend" time="0,001" classname="cviceni.StringBuilderAndBufferTest"/>
  <testcase name="testBufferAppend" time="0,000" classname="cviceni.StringBuilderAndBufferTest"/>
  <testcase name="testBuilderAppendDelete" time="0,001" classname="cviceni.StringBuilderAndBufferTest"/>
  <testcase name="testBuilderAppendDelete" time="0,000" classname="cviceni.StringBuilderAndBufferTest"/>
  <testcase name="testBufferAppend" time="0,000" classname="cviceni.StringBuilderAndBufferTest"/>
  <testcase name="testBufferAppendDelete" time="0,000" classname="cviceni.StringBuilderAndBufferTest"/>
  <testcase name="testBuilderAppend" time="0,001" classname="cviceni.StringBuilderAndBufferTest"/>
  <testcase name="testBuilderAppend" time="0,000" classname="cviceni.StringBuilderAndBufferTest"/>
  <testcase name="testBuilderAppendDelete" time="0,000" classname="cviceni.StringBuilderAndBufferTest"/>
  <testcase name="testBufferAppend" time="0,001" classname="cviceni.StringBuilderAndBufferTest"/>
  <testcase name="testBufferAppendDelete" time="0,000" classname="cviceni.StringBuilderAndBufferTest"/>
  <testcase name="testBufferAppendDelete" time="0,000" classname="cviceni.StringBuilderAndBufferTest"/>
  <testcase name="testBuilderAppendDelete" time="0,001" classname="cviceni.StringBuilderAndBufferTest"/>
  <testcase name="testBuilderAppend" time="0,000" classname="cviceni.StringBuilderAndBufferTest"/>
  <testcase name="testBufferAppendDelete" time="0,000" classname="cviceni.StringBuilderAndBufferTest"/>
  <testcase name="testBufferAppend" time="0,001" classname="cviceni.StringBuilderAndBufferTest"/>
  <testcase name="testBufferAppend" time="0,000" classname="cviceni.StringBuilderAndBufferTest"/>
  <testcase name="testBufferAppend" time="0,001" classname="cviceni.StringBuilderAndBufferTest"/>
  <testcase name="testBufferAppendDelete" time="0,000" classname="cviceni.StringBuilderAndBufferTest"/>
  <testcase name="testBuilderAppend" time="0,001" classname="cviceni.StringBuilderAndBufferTest"/>
  <testcase name="testBufferAppend" time="0,000" classname="cviceni.StringBuilderAndBufferTest"/>
  <testcase name="testBuilderAppendDelete" time="0,002" classname="cviceni.StringBuilderAndBufferTest"/>
  <testcase name="testBuilderAppendDelete" time="0,001" classname="cviceni.StringBuilderAndBufferTest"/>
  <testcase name="testBufferAppendDelete" time="0,001" classname="cviceni.StringBuilderAndBufferTest"/>
  <testcase name="testBuilderAppend" time="0,000" classname="cviceni.StringBuilderAndBufferTest"/>
  <testcase name="testBufferAppendDelete" time="0,000" classname="cviceni.StringBuilderAndBufferTest"/>
  <testcase name="testBuilderAppend" time="0,001" classname="cviceni.StringBuilderAndBufferTest"/>
  <testcase name="testBufferAppend" time="0,000" classname="cviceni.StringBuilderAndBufferTest"/>
  <testcase name="testBuilderAppendDelete" time="0,001" classname="cviceni.StringBuilderAndBufferTest"/>
  <testcase name="testBufferAppend" time="0,000" classname="cviceni.StringBuilderAndBufferTest"/>
  <testcase name="testBufferAppend" time="0,000" classname="cviceni.StringBuilderAndBufferTest"/>
  <testcase name="testBuilderAppend" time="0,005" classname="cviceni.StringBuilderAndBufferTest"/>
  <testcase name="testBuilderAppendDelete" time="0,001" classname="cviceni.StringBuilderAndBufferTest"/>
  <testcase name="testBufferAppendDelete" time="0,000" classname="cviceni.StringBuilderAndBufferTest"/>
  <testcase name="testBufferAppend" time="0,000" classname="cviceni.StringBuilderAndBufferTest"/>
  <testcase name="testBuilderAppendDelete" time="0,000" classname="cviceni.StringBuilderAndBufferTest"/>
  <testcase name="testBuilderAppendDelete" time="0,000" classname="cviceni.StringBuilderAndBufferTest"/>
  <testcase name="testBufferAppend" time="0,000" classname="cviceni.StringBuilderAndBufferTest"/>
  <testcase name="testBuilderAppendDelete" time="0,001" classname="cviceni.StringBuilderAndBufferTest"/>
  <testcase name="testBufferAppendDelete" time="0,000" classname="cviceni.StringBuilderAndBufferTest"/>
  <testcase name="testBufferAppend" time="0,000" classname="cviceni.StringBuilderAndBufferTest"/>
  <testcase name="testBufferAppendDelete" time="0,001" classname="cviceni.StringBuilderAndBufferTest"/>
  <testcase name="testBuilderAppendDelete" time="0,000" classname="cviceni.StringBuilderAndBufferTest"/>
  <testcase name="testBufferAppendDelete" time="0,001" classname="cviceni.StringBuilderAndBufferTest"/>
  <testcase name="testBufferAppendDelete" time="0,000" classname="cviceni.StringBuilderAndBufferTest"/>
  <testcase name="testBuilderAppend" time="0,000" classname="cviceni.StringBuilderAndBufferTest"/>
  <testcase name="testBufferAppendDelete" time="0,000" classname="cviceni.StringBuilderAndBufferTest"/>
  <testcase name="testBufferAppend" time="0,001" classname="cviceni.StringBuilderAndBufferTest"/>
  <testcase name="testBufferAppend" time="0,000" classname="cviceni.StringBuilderAndBufferTest"/>
  <testcase name="testBuilderAppend" time="0,000" classname="cviceni.StringBuilderAndBufferTest"/>
  <testcase name="testBufferAppend" time="0,000" classname="cviceni.StringBuilderAndBufferTest"/>
  <testcase name="testBufferAppend" time="0,000" classname="cviceni.StringBuilderAndBufferTest"/>
  <testcase name="testBuilderAppendDelete" time="0,000" classname="cviceni.StringBuilderAndBufferTest"/>
  <testcase name="testBuilderAppend" time="0,001" classname="cviceni.StringBuilderAndBufferTest"/>
  <testcase name="testBufferAppend" time="0,000" classname="cviceni.StringBuilderAndBufferTest"/>
  <testcase name="testBufferAppendDelete" time="0,000" classname="cviceni.StringBuilderAndBufferTest"/>
  <testcase name="testBufferAppendDelete" time="0,000" classname="cviceni.StringBuilderAndBufferTest"/>
  <testcase name="testBufferAppend" time="0,001" classname="cviceni.StringBuilderAndBufferTest"/>
  <testcase name="testBufferAppend" time="0,000" classname="cviceni.StringBuilderAndBufferTest"/>
  <testcase name="testBuilderAppend" time="0,001" classname="cviceni.StringBuilderAndBufferTest"/>
  <testcase name="testBufferAppend" time="0,000" classname="cviceni.StringBuilderAndBufferTest"/>
  <testcase name="testBufferAppendDelete" time="0,000" classname="cviceni.StringBuilderAndBufferTest"/>
  <testcase name="testBufferAppendDelete" time="0,000" classname="cviceni.StringBuilderAndBufferTest"/>
  <testcase name="testBuilderAppend" time="0,000" classname="cviceni.StringBuilderAndBufferTest"/>
  <testcase name="testBuilderAppendDelete" time="0,000" classname="cviceni.StringBuilderAndBufferTest"/>
  <testcase name="testBuilderAppend" time="0,000" classname="cviceni.StringBuilderAndBufferTest"/>
  <testcase name="testBufferAppendDelete" time="0,000" classname="cviceni.StringBuilderAndBufferTest"/>
  <testcase name="testBufferAppendDelete" time="0,000" classname="cviceni.StringBuilderAndBufferTest"/>
  <testcase name="testBuilderAppendDelete" time="0,001" classname="cviceni.StringBuilderAndBufferTest"/>
  <testcase name="testBuilderAppend" time="0,001" classname="cviceni.StringBuilderAndBufferTest"/>
  <testcase name="testBuilderAppendDelete" time="0,001" classname="cviceni.StringBuilderAndBufferTest"/>
  <testcase name="testBufferAppendDelete" time="0,000" classname="cviceni.StringBuilderAndBufferTest"/>
  <testcase name="testBufferAppendDelete" time="0,001" classname="cviceni.StringBuilderAndBufferTest"/>
  <testcase name="testBuilderAppendDelete" time="0,000" classname="cviceni.StringBuilderAndBufferTest"/>
  <testcase name="testBuilderAppendDelete" time="0,001" classname="cviceni.StringBuilderAndBufferTest"/>
  <testcase name="testBufferAppend" time="0,000" classname="cviceni.StringBuilderAndBufferTest"/>
  <testcase name="testBufferAppendDelete" time="0,000" classname="cviceni.StringBuilderAndBufferTest"/>
  <testcase name="testBuilderAppend" time="0,086" classname="cviceni.StringBuilderAndBufferTest"/>
  <testcase name="testBufferAppend" time="0,000" classname="cviceni.StringBuilderAndBufferTest"/>
  <testcase name="testBuilderAppendDelete" time="0,001" classname="cviceni.StringBuilderAndBufferTest"/>
  <testcase name="testBufferAppend" time="0,000" classname="cviceni.StringBuilderAndBufferTest"/>
  <testcase name="testBuilderAppend" time="0,001" classname="cviceni.StringBuilderAndBufferTest"/>
  <testcase name="testBufferAppend" time="0,000" classname="cviceni.StringBuilderAndBufferTest"/>
  <testcase name="testBufferAppendDelete" time="0,000" classname="cviceni.StringBuilderAndBufferTest"/>
  <testcase name="testBuilderAppendDelete" time="0,000" classname="cviceni.StringBuilderAndBufferTest"/>
  <testcase name="testBuilderAppendDelete" time="0,000" classname="cviceni.StringBuilderAndBufferTest"/>
  <testcase name="testBufferAppendDelete" time="0,000" classname="cviceni.StringBuilderAndBufferTest"/>
  <testcase name="testBufferAppendDelete" time="0,000" classname="cviceni.StringBuilderAndBufferTest"/>
  <testcase name="testBuilderAppendDelete" time="0,005" classname="cviceni.StringBuilderAndBufferTest"/>
  <testcase name="testBuilderAppendDelete" time="0,000" classname="cviceni.StringBuilderAndBufferTest"/>
  <testcase name="testBufferAppend" time="0,000" classname="cviceni.StringBuilderAndBufferTest"/>
  <testcase name="testBuilderAppend" time="0,001" classname="cviceni.StringBuilderAndBufferTest"/>
  <testcase name="testBufferAppend" time="0,001" classname="cviceni.StringBuilderAndBufferTest"/>
  <testcase name="testBufferAppend" time="0,000" classname="cviceni.StringBuilderAndBufferTest"/>
  <testcase name="testBufferAppend" time="0,000" classname="cviceni.StringBuilderAndBufferTest"/>
  <testcase name="testBuilderAppendDelete" time="0,001" classname="cviceni.StringBuilderAndBufferTest"/>
  <testcase name="testBufferAppendDelete" time="0,000" classname="cviceni.StringBuilderAndBufferTest"/>
  <testcase name="testBuilderAppendDelete" time="0,000" classname="cviceni.StringBuilderAndBufferTest"/>
  <testcase name="testBufferAppend" time="0,000" classname="cviceni.StringBuilderAndBufferTest"/>
  <testcase name="testBufferAppend" time="0,001" classname="cviceni.StringBuilderAndBufferTest"/>
  <testcase name="testBufferAppendDelete" time="0,000" classname="cviceni.StringBuilderAndBufferTest"/>
  <testcase name="testBufferAppendDelete" time="0,000" classname="cviceni.StringBuilderAndBufferTest"/>
  <testcase name="testBuilderAppend" time="0,000" classname="cviceni.StringBuilderAndBufferTest"/>
  <testcase name="testBufferAppend" time="0,000" classname="cviceni.StringBuilderAndBufferTest"/>
  <testcase name="testBufferAppend" time="0,000" classname="cviceni.StringBuilderAndBufferTest"/>
  <testcase name="testBuilderAppend" time="0,000" classname="cviceni.StringBuilderAndBufferTest"/>
  <testcase name="testBuilderAppendDelete" time="0,000" classname="cviceni.StringBuilderAndBufferTest"/>
  <testcase name="testBuilderAppendDelete" time="0,001" classname="cviceni.StringBuilderAndBufferTest"/>
  <testcase name="testBufferAppend" time="0,000" classname="cviceni.StringBuilderAndBufferTest"/>
  <testcase name="testBufferAppend" time="0,000" classname="cviceni.StringBuilderAndBufferTest"/>
  <testcase name="testBuilderAppend" time="0,000" classname="cviceni.StringBuilderAndBufferTest"/>
  <testcase name="testBuilderAppendDelete" time="0,000" classname="cviceni.StringBuilderAndBufferTest"/>
  <testcase name="testBufferAppendDelete" time="0,000" classname="cviceni.StringBuilderAndBufferTest"/>
  <testcase name="testBuilderAppendDelete" time="0,000" classname="cviceni.StringBuilderAndBufferTest"/>
  <testcase name="testBufferAppend" time="0,000" classname="cviceni.StringBuilderAndBufferTest"/>
  <testcase name="testBuilderAppendDelete" time="0,000" classname="cviceni.StringBuilderAndBufferTest"/>
  <testcase name="testBuilderAppendDelete" time="0,000" classname="cviceni.StringBuilderAndBufferTest"/>
  <testcase name="testBuilderAppendDelete" time="0,001" classname="cviceni.StringBuilderAndBufferTest"/>
  <testcase name="testBufferAppend" time="0,000" classname="cviceni.StringBuilderAndBufferTest"/>
  <testcase name="testBufferAppend" time="0,000" classname="cviceni.StringBuilderAndBufferTest"/>
  <testcase name="testBuilderAppend" time="0,000" classname="cviceni.StringBuilderAndBufferTest"/>
  <testcase name="testBufferAppendDelete" time="0,001" classname="cviceni.StringBuilderAndBufferTest"/>
  <testcase name="testBuilderAppend" time="0,001" classname="cviceni.StringBuilderAndBufferTest"/>
  <testcase name="testBufferAppend" time="0,000" classname="cviceni.StringBuilderAndBufferTest"/>
  <testcase name="testBufferAppendDelete" time="0,000" classname="cviceni.StringBuilderAndBufferTest"/>
  <testcase name="testBufferAppendDelete" time="0,000" classname="cviceni.StringBuilderAndBufferTest"/>
  <testcase name="testBuilderAppend" time="0,000" classname="cviceni.StringBuilderAndBufferTest"/>
  <testcase name="testBuilderAppendDelete" time="0,000" classname="cviceni.StringBuilderAndBufferTest"/>
  <testcase name="testBuilderAppend" time="0,000" classname="cviceni.StringBuilderAndBufferTest"/>
  <testcase name="testBuilderAppend" time="0,001" classname="cviceni.StringBuilderAndBufferTest"/>
  <testcase name="testBufferAppendDelete" time="0,000" classname="cviceni.StringBuilderAndBufferTest"/>
  <testcase name="testBuilderAppendDelete" time="0,000" classname="cviceni.StringBuilderAndBufferTest"/>
  <testcase name="testBuilderAppendDelete" time="0,000" classname="cviceni.StringBuilderAndBufferTest"/>
  <testcase name="testBufferAppendDelete" time="0,000" classname="cviceni.StringBuilderAndBufferTest"/>
  <testcase name="testBufferAppendDelete" time="0,000" classname="cviceni.StringBuilderAndBufferTest"/>
  <testcase name="testBuilderAppend" time="0,001" classname="cviceni.StringBuilderAndBufferTest"/>
  <testcase name="testBuilderAppendDelete" time="0,036" classname="cviceni.StringBuilderAndBufferTest"/>
  <testcase name="testBufferAppendDelete" time="0,001" classname="cviceni.StringBuilderAndBufferTest"/>
  <testcase name="testBuilderAppend" time="0,000" classname="cviceni.StringBuilderAndBufferTest"/>
  <testcase name="testBuilderAppend" time="0,000" classname="cviceni.StringBuilderAndBufferTest"/>
  <testcase name="testBufferAppend" time="0,000" classname="cviceni.StringBuilderAndBufferTest"/>
  <testcase name="testBufferAppend" time="0,001" classname="cviceni.StringBuilderAndBufferTest"/>
  <testcase name="testBufferAppend" time="0,000" classname="cviceni.StringBuilderAndBufferTest"/>
  <testcase name="testBufferAppendDelete" time="0,001" classname="cviceni.StringBuilderAndBufferTest"/>
  <testcase name="testBuilderAppendDelete" time="0,000" classname="cviceni.StringBuilderAndBufferTest"/>
  <testcase name="testBufferAppendDelete" time="0,000" classname="cviceni.StringBuilderAndBufferTest"/>
  <testcase name="testBuilderAppendDelete" time="0,001" classname="cviceni.StringBuilderAndBufferTest"/>
  <testcase name="testBuilderAppendDelete" time="0,001" classname="cviceni.StringBuilderAndBufferTest"/>
  <testcase name="testBuilderAppendDelete" time="0,001" classname="cviceni.StringBuilderAndBufferTest"/>
  <testcase name="testBufferAppend" time="0,000" classname="cviceni.StringBuilderAndBufferTest"/>
  <testcase name="testBuilderAppendDelete" time="0,000" classname="cviceni.StringBuilderAndBufferTest"/>
  <testcase name="testBuilderAppendDelete" time="0,000" classname="cviceni.StringBuilderAndBufferTest"/>
  <testcase name="testBuilderAppendDelete" time="0,001" classname="cviceni.StringBuilderAndBufferTest"/>
  <testcase name="testBuilderAppendDelete" time="0,001" classname="cviceni.StringBuilderAndBufferTest"/>
  <testcase name="testBuilderAppend" time="0,001" classname="cviceni.StringBuilderAndBufferTest"/>
  <testcase name="testBufferAppendDelete" time="0,000" classname="cviceni.StringBuilderAndBufferTest"/>
  <testcase name="testBufferAppendDelete" time="0,000" classname="cviceni.StringBuilderAndBufferTest"/>
  <testcase name="testBuilderAppendDelete" time="0,000" classname="cviceni.StringBuilderAndBufferTest"/>
  <testcase name="testBuilderAppendDelete" time="0,000" classname="cviceni.StringBuilderAndBufferTest"/>
  <testcase name="testBuilderAppend" time="0,000" classname="cviceni.StringBuilderAndBufferTest"/>
  <testcase name="testBufferAppendDelete" time="0,000" classname="cviceni.StringBuilderAndBufferTest"/>
  <testcase name="testBuilderAppend" time="0,000" classname="cviceni.StringBuilderAndBufferTest"/>
  <testcase name="testBuilderAppend" time="0,000" classname="cviceni.StringBuilderAndBufferTest"/>
  <testcase name="testBuilderAppend" time="0,000" classname="cviceni.StringBuilderAndBufferTest"/>
  <testcase name="testBufferAppend" time="0,000" classname="cviceni.StringBuilderAndBufferTest"/>
  <testcase name="testBuilderAppend" time="0,001" classname="cviceni.StringBuilderAndBufferTest"/>
  <testcase name="testBufferAppend" time="0,000" classname="cviceni.StringBuilderAndBufferTest"/>
  <testcase name="testBuilderAppend" time="0,000" classname="cviceni.StringBuilderAndBufferTest"/>
  <testcase name="testBuilderAppendDelete" time="0,000" classname="cviceni.StringBuilderAndBufferTest"/>
  <testcase name="testBufferAppend" time="0,000" classname="cviceni.StringBuilderAndBufferTest"/>
  <testcase name="testBufferAppend" time="0,000" classname="cviceni.StringBuilderAndBufferTest"/>
  <testcase name="testBufferAppendDelete" time="0,000" classname="cviceni.StringBuilderAndBufferTest"/>
  <testcase name="testBuilderAppend" time="0,001" classname="cviceni.StringBuilderAndBufferTest"/>
  <testcase name="testBuilderAppendDelete" time="0,000" classname="cviceni.StringBuilderAndBufferTest"/>
  <testcase name="testBuilderAppend" time="0,000" classname="cviceni.StringBuilderAndBufferTest"/>
  <testcase name="testBufferAppend" time="0,001" classname="cviceni.StringBuilderAndBufferTest"/>
  <testcase name="testBuilderAppendDelete" time="0,000" classname="cviceni.StringBuilderAndBufferTest"/>
  <testcase name="testBuilderAppendDelete" time="0,000" classname="cviceni.StringBuilderAndBufferTest"/>
  <testcase name="testBufferAppend" time="0,001" classname="cviceni.StringBuilderAndBufferTest"/>
  <testcase name="testBuilderAppendDelete" time="0,000" classname="cviceni.StringBuilderAndBufferTest"/>
  <testcase name="testBufferAppendDelete" time="0,000" classname="cviceni.StringBuilderAndBufferTest"/>
  <testcase name="testBufferAppend" time="0,000" classname="cviceni.StringBuilderAndBufferTest"/>
  <testcase name="testBufferAppend" time="0,000" classname="cviceni.StringBuilderAndBufferTest"/>
  <testcase name="testBuilderAppend" time="0,000" classname="cviceni.StringBuilderAndBufferTest"/>
  <testcase name="testBuilderAppend" time="0,001" classname="cviceni.StringBuilderAndBufferTest"/>
  <testcase name="testBufferAppend" time="0,000" classname="cviceni.StringBuilderAndBufferTest"/>
  <testcase name="testBuilderAppendDelete" time="0,000" classname="cviceni.StringBuilderAndBufferTest"/>
  <testcase name="testBufferAppend" time="0,001" classname="cviceni.StringBuilderAndBufferTest"/>
  <testcase name="testBuilderAppend" time="0,000" classname="cviceni.StringBuilderAndBufferTest"/>
  <testcase name="testBuilderAppendDelete" time="0,000" classname="cviceni.StringBuilderAndBufferTest"/>
  <testcase name="testBuilderAppend" time="0,001" classname="cviceni.StringBuilderAndBufferTest"/>
  <testcase name="testBufferAppend" time="0,000" classname="cviceni.StringBuilderAndBufferTest"/>
  <testcase name="testBufferAppend" time="0,001" classname="cviceni.StringBuilderAndBufferTest"/>
  <testcase name="testBuilderAppend" time="0,000" classname="cviceni.StringBuilderAndBufferTest"/>
  <testcase name="testBuilderAppendDelete" time="0,000" classname="cviceni.StringBuilderAndBufferTest"/>
  <testcase name="testBuilderAppendDelete" time="0,000" classname="cviceni.StringBuilderAndBufferTest"/>
  <testcase name="testBufferAppend" time="0,000" classname="cviceni.StringBuilderAndBufferTest"/>
  <testcase name="testBufferAppendDelete" time="0,000" classname="cviceni.StringBuilderAndBufferTest"/>
  <testcase name="testBufferAppendDelete" time="0,000" classname="cviceni.StringBuilderAndBufferTest"/>
  <testcase name="testBuilderAppendDelete" time="0,002" classname="cviceni.StringBuilderAndBufferTest"/>
  <testcase name="testBuilderAppendDelete" time="0,000" classname="cviceni.StringBuilderAndBufferTest"/>
  <testcase name="testBuilderAppendDelete" time="0,000" classname="cviceni.StringBuilderAndBufferTest"/>
  <testcase name="testBufferAppendDelete" time="0,000" classname="cviceni.StringBuilderAndBufferTest"/>
  <testcase name="testBuilderAppend" time="0,001" classname="cviceni.StringBuilderAndBufferTest"/>
  <testcase name="testBuilderAppendDelete" time="0,000" classname="cviceni.StringBuilderAndBufferTest"/>
  <testcase name="testBufferAppendDelete" time="0,000" classname="cviceni.StringBuilderAndBufferTest"/>
  <testcase name="testBuilderAppend" time="0,001" classname="cviceni.StringBuilderAndBufferTest"/>
  <testcase name="testBuilderAppend" time="0,000" classname="cviceni.StringBuilderAndBufferTest"/>
  <testcase name="testBuilderAppend" time="0,001" classname="cviceni.StringBuilderAndBufferTest"/>
  <testcase name="testBufferAppend" time="0,000" classname="cviceni.StringBuilderAndBufferTest"/>
  <testcase name="testBufferAppend" time="0,000" classname="cviceni.StringBuilderAndBufferTest"/>
  <testcase name="testBuilderAppend" time="0,000" classname="cviceni.StringBuilderAndBufferTest"/>
  <testcase name="testBufferAppendDelete" time="0,000" classname="cviceni.StringBuilderAndBufferTest"/>
  <testcase name="testBuilderAppend" time="0,000" classname="cviceni.StringBuilderAndBufferTest"/>
  <testcase name="testBuilderAppendDelete" time="0,000" classname="cviceni.StringBuilderAndBufferTest"/>
  <testcase name="testBufferAppendDelete" time="0,000" classname="cviceni.StringBuilderAndBufferTest"/>
  <testcase name="testBufferAppend" time="0,000" classname="cviceni.StringBuilderAndBufferTest"/>
  <testcase name="testBuilderAppendDelete" time="0,000" classname="cviceni.StringBuilderAndBufferTest"/>
  <testcase name="testBufferAppend" time="0,000" classname="cviceni.StringBuilderAndBufferTest"/>
  <testcase name="testBufferAppend" time="0,000" classname="cviceni.StringBuilderAndBufferTest"/>
  <testcase name="testBufferAppendDelete" time="0,001" classname="cviceni.StringBuilderAndBufferTest"/>
  <testcase name="testBuilderAppendDelete" time="0,000" classname="cviceni.StringBuilderAndBufferTest"/>
  <testcase name="testBufferAppend" time="0,000" classname="cviceni.StringBuilderAndBufferTest"/>
  <testcase name="testBufferAppendDelete" time="0,000" classname="cviceni.StringBuilderAndBufferTest"/>
  <testcase name="testBuilderAppendDelete" time="0,000" classname="cviceni.StringBuilderAndBufferTest"/>
  <testcase name="testBufferAppendDelete" time="0,001" classname="cviceni.StringBuilderAndBufferTest"/>
  <testcase name="testBufferAppend" time="0,000" classname="cviceni.StringBuilderAndBufferTest"/>
  <testcase name="testBufferAppend" time="0,000" classname="cviceni.StringBuilderAndBufferTest"/>
  <testcase name="testBuilderAppend" time="0,001" classname="cviceni.StringBuilderAndBufferTest"/>
  <testcase name="testBuilderAppend" time="0,000" classname="cviceni.StringBuilderAndBufferTest"/>
  <testcase name="testBuilderAppend" time="0,052" classname="cviceni.StringBuilderAndBufferTest"/>
  <testcase name="testBufferAppendDelete" time="0,000" classname="cviceni.StringBuilderAndBufferTest"/>
  <testcase name="testBufferAppend" time="0,000" classname="cviceni.StringBuilderAndBufferTest"/>
  <testcase name="testBufferAppend" time="0,000" classname="cviceni.StringBuilderAndBufferTest"/>
  <testcase name="testBufferAppendDelete" time="0,000" classname="cviceni.StringBuilderAndBufferTest"/>
  <testcase name="testBufferAppend" time="0,000" classname="cviceni.StringBuilderAndBufferTest"/>
  <testcase name="testBuilderAppendDelete" time="0,000" classname="cviceni.StringBuilderAndBufferTest"/>
  <testcase name="testBuilderAppendDelete" time="0,001" classname="cviceni.StringBuilderAndBufferTest"/>
  <testcase name="testBufferAppend" time="0,001" classname="cviceni.StringBuilderAndBufferTest"/>
  <testcase name="testBufferAppend" time="0,001" classname="cviceni.StringBuilderAndBufferTest"/>
  <testcase name="testBufferAppendDelete" time="0,000" classname="cviceni.StringBuilderAndBufferTest"/>
  <testcase name="testBuilderAppend" time="0,000" classname="cviceni.StringBuilderAndBufferTest"/>
  <testcase name="testBufferAppend" time="0,000" classname="cviceni.StringBuilderAndBufferTest"/>
  <testcase name="testBuilderAppend" time="0,000" classname="cviceni.StringBuilderAndBufferTest"/>
  <testcase name="testBuilderAppend" time="0,000" classname="cviceni.StringBuilderAndBufferTest"/>
  <testcase name="testBufferAppend" time="0,001" classname="cviceni.StringBuilderAndBufferTest"/>
  <testcase name="testBufferAppendDelete" time="0,001" classname="cviceni.StringBuilderAndBufferTest"/>
  <testcase name="testBufferAppendDelete" time="0,000" classname="cviceni.StringBuilderAndBufferTest"/>
  <testcase name="testBuilderAppendDelete" time="0,001" classname="cviceni.StringBuilderAndBufferTest"/>
  <testcase name="testBufferAppendDelete" time="0,000" classname="cviceni.StringBuilderAndBufferTest"/>
  <testcase name="testBuilderAppend" time="0,016" classname="cviceni.StringBuilderAndBufferTest"/>
  <testcase name="testBufferAppend" time="0,000" classname="cviceni.StringBuilderAndBufferTest"/>
  <testcase name="testBuilderAppend" time="0,001" classname="cviceni.StringBuilderAndBufferTest"/>
  <testcase name="testBufferAppendDelete" time="0,001" classname="cviceni.StringBuilderAndBufferTest"/>
  <testcase name="testBuilderAppend" time="0,001" classname="cviceni.StringBuilderAndBufferTest"/>
  <testcase name="testBuilderAppend" time="0,000" classname="cviceni.StringBuilderAndBufferTest"/>
  <testcase name="testBuilderAppendDelete" time="0,000" classname="cviceni.StringBuilderAndBufferTest"/>
  <testcase name="testBufferAppendDelete" time="0,000" classname="cviceni.StringBuilderAndBufferTest"/>
  <testcase name="testBuilderAppendDelete" time="0,000" classname="cviceni.StringBuilderAndBufferTest"/>
  <testcase name="testBuilderAppendDelete" time="0,000" classname="cviceni.StringBuilderAndBufferTest"/>
  <testcase name="testBuilderAppend" time="0,000" classname="cviceni.StringBuilderAndBufferTest"/>
  <testcase name="testBufferAppend" time="0,000" classname="cviceni.StringBuilderAndBufferTest"/>
  <testcase name="testBufferAppend" time="0,000" classname="cviceni.StringBuilderAndBufferTest"/>
  <testcase name="testBufferAppendDelete" time="0,001" classname="cviceni.StringBuilderAndBufferTest"/>
  <testcase name="testBuilderAppend" time="0,000" classname="cviceni.StringBuilderAndBufferTest"/>
  <testcase name="testBufferAppendDelete" time="0,000" classname="cviceni.StringBuilderAndBufferTest"/>
  <testcase name="testBuilderAppendDelete" time="0,001" classname="cviceni.StringBuilderAndBufferTest"/>
  <testcase name="testBufferAppend" time="0,000" classname="cviceni.StringBuilderAndBufferTest"/>
  <testcase name="testBufferAppendDelete" time="0,000" classname="cviceni.StringBuilderAndBufferTest"/>
  <testcase name="testBufferAppend" time="0,000" classname="cviceni.StringBuilderAndBufferTest"/>
  <testcase name="testBuilderAppend" time="0,001" classname="cviceni.StringBuilderAndBufferTest"/>
  <testcase name="testBuilderAppend" time="0,000" classname="cviceni.StringBuilderAndBufferTest"/>
  <testcase name="testBufferAppend" time="0,000" classname="cviceni.StringBuilderAndBufferTest"/>
  <testcase name="testBufferAppend" time="0,000" classname="cviceni.StringBuilderAndBufferTest"/>
  <testcase name="testBuilderAppendDelete" time="0,000" classname="cviceni.StringBuilderAndBufferTest"/>
  <testcase name="testBuilderAppend" time="0,000" classname="cviceni.StringBuilderAndBufferTest"/>
  <testcase name="testBufferAppend" time="0,000" classname="cviceni.StringBuilderAndBufferTest"/>
  <testcase name="testBufferAppend" time="0,000" classname="cviceni.StringBuilderAndBufferTest"/>
  <testcase name="testBuilderAppendDelete" time="0,000" classname="cviceni.StringBuilderAndBufferTest"/>
  <testcase name="testBufferAppend" time="0,000" classname="cviceni.StringBuilderAndBufferTest"/>
  <testcase name="testBuilderAppend" time="0,000" classname="cviceni.StringBuilderAndBufferTest"/>
  <testcase name="testBufferAppend" time="0,000" classname="cviceni.StringBuilderAndBufferTest"/>
  <testcase name="testBuilderAppendDelete" time="0,001" classname="cviceni.StringBuilderAndBufferTest"/>
  <testcase name="testBuilderAppend" time="0,083" classname="cviceni.StringBuilderAndBufferTest"/>
  <testcase name="testBuilderAppendDelete" time="0,001" classname="cviceni.StringBuilderAndBufferTest"/>
  <testcase name="testBuilderAppendDelete" time="0,001" classname="cviceni.StringBuilderAndBufferTest"/>
  <testcase name="testBuilderAppend" time="0,000" classname="cviceni.StringBuilderAndBufferTest"/>
  <testcase name="testBuilderAppendDelete" time="0,001" classname="cviceni.StringBuilderAndBufferTest"/>
  <testcase name="testBuilderAppend" time="0,000" classname="cviceni.StringBuilderAndBufferTest"/>
  <testcase name="testBuilderAppendDelete" time="0,001" classname="cviceni.StringBuilderAndBufferTest"/>
  <testcase name="testBuilderAppendDelete" time="0,000" classname="cviceni.StringBuilderAndBufferTest"/>
  <testcase name="testBufferAppend" time="0,057" classname="cviceni.StringBuilderAndBufferTest"/>
  <testcase name="testBufferAppendDelete" time="0,000" classname="cviceni.StringBuilderAndBufferTest"/>
  <testcase name="testBuilderAppendDelete" time="0,000" classname="cviceni.StringBuilderAndBufferTest"/>
  <testcase name="testBuilderAppend" time="0,000" classname="cviceni.StringBuilderAndBufferTest"/>
  <testcase name="testBuilderAppendDelete" time="0,000" classname="cviceni.StringBuilderAndBufferTest"/>
  <testcase name="testBuilderAppend" time="0,000" classname="cviceni.StringBuilderAndBufferTest"/>
  <testcase name="testBufferAppendDelete" time="0,013" classname="cviceni.StringBuilderAndBufferTest"/>
  <testcase name="testBuilderAppendDelete" time="0,000" classname="cviceni.StringBuilderAndBufferTest"/>
  <testcase name="testBufferAppend" time="0,000" classname="cviceni.StringBuilderAndBufferTest"/>
  <testcase name="testBufferAppend" time="0,000" classname="cviceni.StringBuilderAndBufferTest"/>
  <testcase name="testBufferAppendDelete" time="0,000" classname="cviceni.StringBuilderAndBufferTest"/>
  <testcase name="testBuilderAppend" time="0,001" classname="cviceni.StringBuilderAndBufferTest"/>
  <testcase name="testBufferAppend" time="0,001" classname="cviceni.StringBuilderAndBufferTest"/>
  <testcase name="testBufferAppend" time="0,000" classname="cviceni.StringBuilderAndBufferTest"/>
  <testcase name="testBufferAppendDelete" time="0,000" classname="cviceni.StringBuilderAndBufferTest"/>
  <testcase name="testBufferAppendDelete" time="0,000" classname="cviceni.StringBuilderAndBufferTest"/>
  <testcase name="testBufferAppend" time="0,001" classname="cviceni.StringBuilderAndBufferTest"/>
  <testcase name="testBufferAppendDelete" time="0,000" classname="cviceni.StringBuilderAndBufferTest"/>
  <testcase name="testBufferAppend" time="0,000" classname="cviceni.StringBuilderAndBufferTest"/>
  <testcase name="testBuilderAppend" time="0,000" classname="cviceni.StringBuilderAndBufferTest"/>
  <testcase name="testBuilderAppendDelete" time="0,000" classname="cviceni.StringBuilderAndBufferTest"/>
  <testcase name="testBufferAppendDelete" time="0,000" classname="cviceni.StringBuilderAndBufferTest"/>
  <testcase name="testBuilderAppendDelete" time="0,001" classname="cviceni.StringBuilderAndBufferTest"/>
  <testcase name="testBufferAppend" time="0,000" classname="cviceni.StringBuilderAndBufferTest"/>
  <testcase name="testBufferAppendDelete" time="0,001" classname="cviceni.StringBuilderAndBufferTest"/>
  <testcase name="testBufferAppend" time="0,000" classname="cviceni.StringBuilderAndBufferTest"/>
  <testcase name="testBufferAppend" time="0,000" classname="cviceni.StringBuilderAndBufferTest"/>
  <testcase name="testBufferAppend" time="0,000" classname="cviceni.StringBuilderAndBufferTest"/>
  <testcase name="testBufferAppendDelete" time="0,000" classname="cviceni.StringBuilderAndBufferTest"/>
  <testcase name="testBuilderAppend" time="0,000" classname="cviceni.StringBuilderAndBufferTest"/>
  <testcase name="testBuilderAppendDelete" time="0,000" classname="cviceni.StringBuilderAndBufferTest"/>
  <testcase name="testBuilderAppend" time="0,001" classname="cviceni.StringBuilderAndBufferTest"/>
  <testcase name="testBuilderAppend" time="0,001" classname="cviceni.StringBuilderAndBufferTest"/>
  <testcase name="testBufferAppendDelete" time="0,000" classname="cviceni.StringBuilderAndBufferTest"/>
  <testcase name="testBuilderAppendDelete" time="0,001" classname="cviceni.StringBuilderAndBufferTest"/>
  <testcase name="testBufferAppend" time="0,000" classname="cviceni.StringBuilderAndBufferTest"/>
  <testcase name="testBuilderAppend" time="0,000" classname="cviceni.StringBuilderAndBufferTest"/>
  <testcase name="testBufferAppend" time="0,000" classname="cviceni.StringBuilderAndBufferTest"/>
  <testcase name="testBufferAppend" time="0,000" classname="cviceni.StringBuilderAndBufferTest"/>
  <testcase name="testBuilderAppendDelete" time="0,001" classname="cviceni.StringBuilderAndBufferTest"/>
  <testcase name="testBuilderAppendDelete" time="0,000" classname="cviceni.StringBuilderAndBufferTest"/>
  <testcase name="testBuilderAppend" time="0,000" classname="cviceni.StringBuilderAndBufferTest"/>
  <testcase name="testBufferAppendDelete" time="0,000" classname="cviceni.StringBuilderAndBufferTest"/>
  <testcase name="testBufferAppendDelete" time="0,000" classname="cviceni.StringBuilderAndBufferTest"/>
  <testcase name="testBuilderAppend" time="0,001" classname="cviceni.StringBuilderAndBufferTest"/>
  <testcase name="testBuilderAppendDelete" time="0,084" classname="cviceni.StringBuilderAndBufferTest"/>
  <testcase name="testBuilderAppend" time="0,000" classname="cviceni.StringBuilderAndBufferTest"/>
  <testcase name="testBufferAppend" time="0,000" classname="cviceni.StringBuilderAndBufferTest"/>
  <testcase name="testBufferAppend" time="0,000" classname="cviceni.StringBuilderAndBufferTest"/>
  <testcase name="testBufferAppend" time="0,001" classname="cviceni.StringBuilderAndBufferTest"/>
  <testcase name="testBufferAppend" time="0,000" classname="cviceni.StringBuilderAndBufferTest"/>
  <testcase name="testBuilderAppend" time="0,001" classname="cviceni.StringBuilderAndBufferTest"/>
  <testcase name="testBufferAppend" time="0,000" classname="cviceni.StringBuilderAndBufferTest"/>
  <testcase name="testBuilderAppend" time="0,000" classname="cviceni.StringBuilderAndBufferTest"/>
  <testcase name="testBufferAppend" time="0,000" classname="cviceni.StringBuilderAndBufferTest"/>
  <testcase name="testBuilderAppend" time="0,000" classname="cviceni.StringBuilderAndBufferTest"/>
  <testcase name="testBuilderAppendDelete" time="0,000" classname="cviceni.StringBuilderAndBufferTest"/>
  <testcase name="testBuilderAppend" time="0,000" classname="cviceni.StringBuilderAndBufferTest"/>
  <testcase name="testBuilderAppendDelete" time="0,000" classname="cviceni.StringBuilderAndBufferTest"/>
  <testcase name="testBufferAppendDelete" time="0,000" classname="cviceni.StringBuilderAndBufferTest"/>
  <testcase name="testBufferAppendDelete" time="0,000" classname="cviceni.StringBuilderAndBufferTest"/>
  <testcase name="testBufferAppend" time="0,000" classname="cviceni.StringBuilderAndBufferTest"/>
  <testcase name="testBuilderAppendDelete" time="0,000" classname="cviceni.StringBuilderAndBufferTest"/>
  <testcase name="testBufferAppend" time="0,000" classname="cviceni.StringBuilderAndBufferTest"/>
  <testcase name="testBufferAppendDelete" time="0,000" classname="cviceni.StringBuilderAndBufferTest"/>
  <testcase name="testBufferAppend" time="0,000" classname="cviceni.StringBuilderAndBufferTest"/>
  <testcase name="testBufferAppend" time="0,000" classname="cviceni.StringBuilderAndBufferTest"/>
  <testcase name="testBufferAppend" time="0,000" classname="cviceni.StringBuilderAndBufferTest"/>
  <testcase name="testBuilderAppend" time="0,000" classname="cviceni.StringBuilderAndBufferTest"/>
  <testcase name="testBufferAppendDelete" time="0,000" classname="cviceni.StringBuilderAndBufferTest"/>
  <testcase name="testBuilderAppendDelete" time="0,000" classname="cviceni.StringBuilderAndBufferTest"/>
  <testcase name="testBufferAppendDelete" time="0,000" classname="cviceni.StringBuilderAndBufferTest"/>
  <testcase name="testBufferAppendDelete" time="0,000" classname="cviceni.StringBuilderAndBufferTest"/>
  <testcase name="testBufferAppend" time="0,000" classname="cviceni.StringBuilderAndBufferTest"/>
  <testcase name="testBufferAppend" time="0,000" classname="cviceni.StringBuilderAndBufferTest"/>
  <testcase name="testBufferAppend" time="0,000" classname="cviceni.StringBuilderAndBufferTest"/>
  <testcase name="testBuilderAppendDelete" time="0,001" classname="cviceni.StringBuilderAndBufferTest"/>
  <testcase name="testBuilderAppend" time="0,000" classname="cviceni.StringBuilderAndBufferTest"/>
  <testcase name="testBuilderAppendDelete" time="0,000" classname="cviceni.StringBuilderAndBufferTest"/>
  <testcase name="testBufferAppendDelete" time="0,000" classname="cviceni.StringBuilderAndBufferTest"/>
  <testcase name="testBuilderAppend" time="0,000" classname="cviceni.StringBuilderAndBufferTest"/>
  <testcase name="testBufferAppend" time="0,001" classname="cviceni.StringBuilderAndBufferTest"/>
  <testcase name="testBuilderAppend" time="0,000" classname="cviceni.StringBuilderAndBufferTest"/>
  <testcase name="testBuilderAppend" time="0,000" classname="cviceni.StringBuilderAndBufferTest"/>
  <testcase name="testBuilderAppendDelete" time="0,000" classname="cviceni.StringBuilderAndBufferTest"/>
  <testcase name="testBufferAppendDelete" time="0,000" classname="cviceni.StringBuilderAndBufferTest"/>
  <testcase name="testBuilderAppend" time="0,016" classname="cviceni.StringBuilderAndBufferTest"/>
  <testcase name="testBuilderAppendDelete" time="0,001" classname="cviceni.StringBuilderAndBufferTest"/>
  <testcase name="testBufferAppend" time="0,000" classname="cviceni.StringBuilderAndBufferTest"/>
  <testcase name="testBuilderAppendDelete" time="0,000" classname="cviceni.StringBuilderAndBufferTest"/>
  <testcase name="testBuilderAppend" time="0,000" classname="cviceni.StringBuilderAndBufferTest"/>
  <testcase name="testBufferAppend" time="0,001" classname="cviceni.StringBuilderAndBufferTest"/>
  <testcase name="testBuilderAppendDelete" time="0,000" classname="cviceni.StringBuilderAndBufferTest"/>
  <testcase name="testBufferAppendDelete" time="0,000" classname="cviceni.StringBuilderAndBufferTest"/>
  <testcase name="testBuilderAppendDelete" time="0,000" classname="cviceni.StringBuilderAndBufferTest"/>
  <testcase name="testBufferAppendDelete" time="0,000" classname="cviceni.StringBuilderAndBufferTest"/>
  <testcase name="testBufferAppend" time="0,000" classname="cviceni.StringBuilderAndBufferTest"/>
  <testcase name="testBufferAppend" time="0,000" classname="cviceni.StringBuilderAndBufferTest"/>
  <testcase name="testBuilderAppend" time="0,000" classname="cviceni.StringBuilderAndBufferTest"/>
  <testcase name="testBuilderAppendDelete" time="0,000" classname="cviceni.StringBuilderAndBufferTest"/>
  <testcase name="testBufferAppendDelete" time="0,000" classname="cviceni.StringBuilderAndBufferTest"/>
  <testcase name="testBuilderAppendDelete" time="0,001" classname="cviceni.StringBuilderAndBufferTest"/>
  <testcase name="testBuilderAppend" time="0,000" classname="cviceni.StringBuilderAndBufferTest"/>
  <testcase name="testBuilderAppendDelete" time="0,000" classname="cviceni.StringBuilderAndBufferTest"/>
  <testcase name="testBuilderAppend" time="0,101" classname="cviceni.StringBuilderAndBufferTest"/>
  <testcase name="testBufferAppendDelete" time="0,000" classname="cviceni.StringBuilderAndBufferTest"/>
  <testcase name="testBuilderAppendDelete" time="0,001" classname="cviceni.StringBuilderAndBufferTest"/>
  <testcase name="testBuilderAppend" time="0,000" classname="cviceni.StringBuilderAndBufferTest"/>
  <testcase name="testBufferAppend" time="0,000" classname="cviceni.StringBuilderAndBufferTest"/>
  <testcase name="testBufferAppend" time="0,000" classname="cviceni.StringBuilderAndBufferTest"/>
  <testcase name="testBufferAppendDelete" time="0,001" classname="cviceni.StringBuilderAndBufferTest"/>
  <testcase name="testBufferAppend" time="0,000" classname="cviceni.StringBuilderAndBufferTest"/>
  <testcase name="testBuilderAppend" time="0,000" classname="cviceni.StringBuilderAndBufferTest"/>
  <testcase name="testBuilderAppendDelete" time="0,000" classname="cviceni.StringBuilderAndBufferTest"/>
  <testcase name="testBuilderAppend" time="0,000" classname="cviceni.StringBuilderAndBufferTest"/>
  <testcase name="testBuilderAppend" time="0,000" classname="cviceni.StringBuilderAndBufferTest"/>
  <testcase name="testBuilderAppend" time="0,000" classname="cviceni.StringBuilderAndBufferTest"/>
  <testcase name="testBufferAppendDelete" time="0,000" classname="cviceni.StringBuilderAndBufferTest"/>
  <testcase name="testBuilderAppendDelete" time="0,001" classname="cviceni.StringBuilderAndBufferTest"/>
  <testcase name="testBuilderAppend" time="0,000" classname="cviceni.StringBuilderAndBufferTest"/>
  <testcase name="testBufferAppendDelete" time="0,001" classname="cviceni.StringBuilderAndBufferTest"/>
  <testcase name="testBuilderAppend" time="0,000" classname="cviceni.StringBuilderAndBufferTest"/>
  <testcase name="testBufferAppendDelete" time="0,000" classname="cviceni.StringBuilderAndBufferTest"/>
  <testcase name="testBufferAppendDelete" time="0,001" classname="cviceni.StringBuilderAndBufferTest"/>
  <testcase name="testBuilderAppend" time="0,000" classname="cviceni.StringBuilderAndBufferTest"/>
  <testcase name="testBufferAppendDelete" time="0,001" classname="cviceni.StringBuilderAndBufferTest"/>
  <testcase name="testBufferAppendDelete" time="0,000" classname="cviceni.StringBuilderAndBufferTest"/>
  <testcase name="testBufferAppend" time="0,000" classname="cviceni.StringBuilderAndBufferTest"/>
  <testcase name="testBufferAppendDelete" time="0,000" classname="cviceni.StringBuilderAndBufferTest"/>
  <testcase name="testBufferAppendDelete" time="0,000" classname="cviceni.StringBuilderAndBufferTest"/>
  <testcase name="testBufferAppend" time="0,000" classname="cviceni.StringBuilderAndBufferTest"/>
  <testcase name="testBufferAppendDelete" time="0,001" classname="cviceni.StringBuilderAndBufferTest"/>
  <testcase name="testBufferAppendDelete" time="0,001" classname="cviceni.StringBuilderAndBufferTest"/>
  <testcase name="testBuilderAppend" time="0,000" classname="cviceni.StringBuilderAndBufferTest"/>
  <testcase name="testBufferAppend" time="0,000" classname="cviceni.StringBuilderAndBufferTest"/>
  <testcase name="testBuilderAppend" time="0,000" classname="cviceni.StringBuilderAndBufferTest"/>
  <testcase name="testBufferAppendDelete" time="0,000" classname="cviceni.StringBuilderAndBufferTest"/>
  <testcase name="testBufferAppend" time="0,000" classname="cviceni.StringBuilderAndBufferTest"/>
  <testcase name="testBuilderAppend" time="0,001" classname="cviceni.StringBuilderAndBufferTest"/>
  <testcase name="testBufferAppendDelete" time="0,000" classname="cviceni.StringBuilderAndBufferTest"/>
  <testcase name="testBufferAppendDelete" time="0,000" classname="cviceni.StringBuilderAndBufferTest"/>
  <testcase name="testBufferAppendDelete" time="0,000" classname="cviceni.StringBuilderAndBufferTest"/>
  <testcase name="testBuilderAppend" time="0,001" classname="cviceni.StringBuilderAndBufferTest"/>
  <testcase name="testBuilderAppendDelete" time="0,000" classname="cviceni.StringBuilderAndBufferTest"/>
  <testcase name="testBufferAppendDelete" time="0,001" classname="cviceni.StringBuilderAndBufferTest"/>
  <testcase name="testBufferAppendDelete" time="0,000" classname="cviceni.StringBuilderAndBufferTest"/>
  <testcase name="testBuilderAppend" time="0,000" classname="cviceni.StringBuilderAndBufferTest"/>
  <testcase name="testBuilderAppend" time="0,000" classname="cviceni.StringBuilderAndBufferTest"/>
  <testcase name="testBufferAppend" time="0,001" classname="cviceni.StringBuilderAndBufferTest"/>
  <testcase name="testBufferAppend" time="0,002" classname="cviceni.StringBuilderAndBufferTest"/>
  <testcase name="testBufferAppendDelete" time="0,000" classname="cviceni.StringBuilderAndBufferTest"/>
  <testcase name="testBuilderAppendDelete" time="0,000" classname="cviceni.StringBuilderAndBufferTest"/>
  <testcase name="testBuilderAppend" time="0,000" classname="cviceni.StringBuilderAndBufferTest"/>
  <testcase name="testBuilderAppendDelete" time="0,000" classname="cviceni.StringBuilderAndBufferTest"/>
  <testcase name="testBufferAppend" time="0,000" classname="cviceni.StringBuilderAndBufferTest"/>
  <testcase name="testBufferAppend" time="0,001" classname="cviceni.StringBuilderAndBufferTest"/>
  <testcase name="testBuilderAppendDelete" time="0,001" classname="cviceni.StringBuilderAndBufferTest"/>
  <testcase name="testBuilderAppendDelete" time="0,000" classname="cviceni.StringBuilderAndBufferTest"/>
  <testcase name="testBuilderAppend" time="0,001" classname="cviceni.StringBuilderAndBufferTest"/>
  <testcase name="testBuilderAppendDelete" time="0,001" classname="cviceni.StringBuilderAndBufferTest"/>
  <testcase name="testBuilderAppend" time="0,001" classname="cviceni.StringBuilderAndBufferTest"/>
  <testcase name="testBuilderAppend" time="0,000" classname="cviceni.StringBuilderAndBufferTest"/>
  <testcase name="testBufferAppend" time="0,001" classname="cviceni.StringBuilderAndBufferTest"/>
  <testcase name="testBufferAppendDelete" time="0,000" classname="cviceni.StringBuilderAndBufferTest"/>
  <testcase name="testBufferAppendDelete" time="0,001" classname="cviceni.StringBuilderAndBufferTest"/>
  <testcase name="testBuilderAppend" time="0,000" classname="cviceni.StringBuilderAndBufferTest"/>
  <testcase name="testBufferAppendDelete" time="0,000" classname="cviceni.StringBuilderAndBufferTest"/>
  <testcase name="testBuilderAppendDelete" time="0,000" classname="cviceni.StringBuilderAndBufferTest"/>
  <testcase name="testBuilderAppend" time="0,000" classname="cviceni.StringBuilderAndBufferTest"/>
  <testcase name="testBuilderAppendDelete" time="0,001" classname="cviceni.StringBuilderAndBufferTest"/>
  <testcase name="testBuilderAppendDelete" time="0,000" classname="cviceni.StringBuilderAndBufferTest"/>
  <testcase name="testBuilderAppendDelete" time="0,000" classname="cviceni.StringBuilderAndBufferTest"/>
  <testcase name="testBufferAppend" time="0,000" classname="cviceni.StringBuilderAndBufferTest"/>
  <testcase name="testBuilderAppend" time="0,000" classname="cviceni.StringBuilderAndBufferTest"/>
  <testcase name="testBuilderAppend" time="0,000" classname="cviceni.StringBuilderAndBufferTest"/>
  <testcase name="testBuilderAppend" time="0,000" classname="cviceni.StringBuilderAndBufferTest"/>
  <testcase name="testBuilderAppendDelete" time="0,000" classname="cviceni.StringBuilderAndBufferTest"/>
  <testcase name="testBuilderAppendDelete" time="0,001" classname="cviceni.StringBuilderAndBufferTest"/>
  <testcase name="testBufferAppend" time="0,000" classname="cviceni.StringBuilderAndBufferTest"/>
  <testcase name="testBuilderAppend" time="0,000" classname="cviceni.StringBuilderAndBufferTest"/>
  <testcase name="testBufferAppend" time="0,000" classname="cviceni.StringBuilderAndBufferTest"/>
  <testcase name="testBufferAppendDelete" time="0,001" classname="cviceni.StringBuilderAndBufferTest"/>
  <testcase name="testBufferAppendDelete" time="0,000" classname="cviceni.StringBuilderAndBufferTest"/>
  <testcase name="testBuilderAppendDelete" time="0,000" classname="cviceni.StringBuilderAndBufferTest"/>
  <testcase name="testBufferAppendDelete" time="0,001" classname="cviceni.StringBuilderAndBufferTest"/>
  <testcase name="testBuilderAppendDelete" time="0,000" classname="cviceni.StringBuilderAndBufferTest"/>
  <testcase name="testBuilderAppendDelete" time="0,001" classname="cviceni.StringBuilderAndBufferTest"/>
  <testcase name="testBuilderAppendDelete" time="0,000" classname="cviceni.StringBuilderAndBufferTest"/>
  <testcase name="testBuilderAppend" time="0,001" classname="cviceni.StringBuilderAndBufferTest"/>
  <testcase name="testBufferAppend" time="0,000" classname="cviceni.StringBuilderAndBufferTest"/>
  <testcase name="testBuilderAppend" time="0,000" classname="cviceni.StringBuilderAndBufferTest"/>
  <testcase name="testBuilderAppend" time="0,000" classname="cviceni.StringBuilderAndBufferTest"/>
  <testcase name="testBufferAppendDelete" time="0,000" classname="cviceni.StringBuilderAndBufferTest"/>
  <testcase name="testBufferAppendDelete" time="0,001" classname="cviceni.StringBuilderAndBufferTest"/>
  <testcase name="testBuilderAppend" time="0,001" classname="cviceni.StringBuilderAndBufferTest"/>
  <testcase name="testBufferAppendDelete" time="0,001" classname="cviceni.StringBuilderAndBufferTest"/>
  <testcase name="testBufferAppend" time="0,000" classname="cviceni.StringBuilderAndBufferTest"/>
  <testcase name="testBufferAppend" time="0,000" classname="cviceni.StringBuilderAndBufferTest"/>
  <testcase name="testBufferAppend" time="0,000" classname="cviceni.StringBuilderAndBufferTest"/>
  <testcase name="testBufferAppendDelete" time="0,000" classname="cviceni.StringBuilderAndBufferTest"/>
  <testcase name="testBufferAppend" time="0,000" classname="cviceni.StringBuilderAndBufferTest"/>
  <testcase name="testBufferAppendDelete" time="0,001" classname="cviceni.StringBuilderAndBufferTest"/>
  <testcase name="testBuilderAppendDelete" time="0,000" classname="cviceni.StringBuilderAndBufferTest"/>
  <testcase name="testBuilderAppendDelete" time="0,001" classname="cviceni.StringBuilderAndBufferTest"/>
  <testcase name="testBuilderAppendDelete" time="0,000" classname="cviceni.StringBuilderAndBufferTest"/>
  <testcase name="testBufferAppendDelete" time="0,000" classname="cviceni.StringBuilderAndBufferTest"/>
  <testcase name="testBufferAppendDelete" time="0,000" classname="cviceni.StringBuilderAndBufferTest"/>
  <testcase name="testBuilderAppend" time="0,001" classname="cviceni.StringBuilderAndBufferTest"/>
  <testcase name="testBufferAppendDelete" time="0,000" classname="cviceni.StringBuilderAndBufferTest"/>
  <testcase name="testBuilderAppend" time="0,000" classname="cviceni.StringBuilderAndBufferTest"/>
  <testcase name="testBufferAppendDelete" time="0,000" classname="cviceni.StringBuilderAndBufferTest"/>
  <testcase name="testBufferAppend" time="0,000" classname="cviceni.StringBuilderAndBufferTest"/>
  <testcase name="testBuilderAppend" time="0,000" classname="cviceni.StringBuilderAndBufferTest"/>
  <testcase name="testBuilderAppend" time="0,001" classname="cviceni.StringBuilderAndBufferTest"/>
  <testcase name="testBufferAppendDelete" time="0,001" classname="cviceni.StringBuilderAndBufferTest"/>
  <testcase name="testBufferAppendDelete" time="0,001" classname="cviceni.StringBuilderAndBufferTest"/>
  <testcase name="testBuilderAppendDelete" time="0,001" classname="cviceni.StringBuilderAndBufferTest"/>
  <testcase name="testBufferAppend" time="0,000" classname="cviceni.StringBuilderAndBufferTest"/>
  <testcase name="testBuilderAppendDelete" time="0,000" classname="cviceni.StringBuilderAndBufferTest"/>
  <testcase name="testBuilderAppendDelete" time="0,000" classname="cviceni.StringBuilderAndBufferTest"/>
  <testcase name="testBuilderAppend" time="0,000" classname="cviceni.StringBuilderAndBufferTest"/>
  <testcase name="testBuilderAppendDelete" time="0,000" classname="cviceni.StringBuilderAndBufferTest"/>
  <testcase name="testBuilderAppend" time="0,000" classname="cviceni.StringBuilderAndBufferTest"/>
  <testcase name="testBuilderAppend" time="0,014" classname="cviceni.StringBuilderAndBufferTest"/>
  <testcase name="testBufferAppend" time="0,000" classname="cviceni.StringBuilderAndBufferTest"/>
  <testcase name="testBufferAppendDelete" time="0,000" classname="cviceni.StringBuilderAndBufferTest"/>
  <testcase name="testBufferAppendDelete" time="0,000" classname="cviceni.StringBuilderAndBufferTest"/>
  <testcase name="testBuilderAppendDelete" time="0,000" classname="cviceni.StringBuilderAndBufferTest"/>
  <testcase name="testBufferAppend" time="0,001" classname="cviceni.StringBuilderAndBufferTest"/>
  <testcase name="testBuilderAppendDelete" time="0,001" classname="cviceni.StringBuilderAndBufferTest"/>
  <testcase name="testBuilderAppendDelete" time="0,000" classname="cviceni.StringBuilderAndBufferTest"/>
  <testcase name="testBufferAppend" time="0,000" classname="cviceni.StringBuilderAndBufferTest"/>
  <testcase name="testBuilderAppendDelete" time="0,000" classname="cviceni.StringBuilderAndBufferTest"/>
  <testcase name="testBufferAppendDelete" time="0,001" classname="cviceni.StringBuilderAndBufferTest"/>
  <testcase name="testBufferAppendDelete" time="0,000" classname="cviceni.StringBuilderAndBufferTest"/>
  <testcase name="testBuilderAppendDelete" time="0,000" classname="cviceni.StringBuilderAndBufferTest"/>
  <testcase name="testBuilderAppendDelete" time="0,000" classname="cviceni.StringBuilderAndBufferTest"/>
  <testcase name="testBufferAppend" time="0,000" classname="cviceni.StringBuilderAndBufferTest"/>
  <testcase name="testBufferAppendDelete" time="0,000" classname="cviceni.StringBuilderAndBufferTest"/>
  <testcase name="testBufferAppend" time="0,000" classname="cviceni.StringBuilderAndBufferTest"/>
  <testcase name="testBufferAppendDelete" time="0,000" classname="cviceni.StringBuilderAndBufferTest"/>
  <testcase name="testBuilderAppend" time="0,001" classname="cviceni.StringBuilderAndBufferTest"/>
  <testcase name="testBuilderAppendDelete" time="0,000" classname="cviceni.StringBuilderAndBufferTest"/>
  <testcase name="testBuilderAppendDelete" time="0,000" classname="cviceni.StringBuilderAndBufferTest"/>
  <testcase name="testBuilderAppendDelete" time="0,029" classname="cviceni.StringBuilderAndBufferTest"/>
  <testcase name="testBuilderAppend" time="0,000" classname="cviceni.StringBuilderAndBufferTest"/>
  <testcase name="testBuilderAppendDelete" time="0,000" classname="cviceni.StringBuilderAndBufferTest"/>
  <testcase name="testBufferAppendDelete" time="0,000" classname="cviceni.StringBuilderAndBufferTest"/>
  <testcase name="testBufferAppendDelete" time="0,001" classname="cviceni.StringBuilderAndBufferTest"/>
  <testcase name="testBufferAppend" time="0,000" classname="cviceni.StringBuilderAndBufferTest"/>
  <testcase name="testBufferAppendDelete" time="0,000" classname="cviceni.StringBuilderAndBufferTest"/>
  <testcase name="testBuilderAppend" time="0,000" classname="cviceni.StringBuilderAndBufferTest"/>
  <testcase name="testBufferAppend" time="0,000" classname="cviceni.StringBuilderAndBufferTest"/>
  <testcase name="testBufferAppendDelete" time="0,001" classname="cviceni.StringBuilderAndBufferTest"/>
  <testcase name="testBufferAppend" time="0,000" classname="cviceni.StringBuilderAndBufferTest"/>
  <testcase name="testBuilderAppendDelete" time="0,000" classname="cviceni.StringBuilderAndBufferTest"/>
  <testcase name="testBuilderAppendDelete" time="0,000" classname="cviceni.StringBuilderAndBufferTest"/>
  <testcase name="testBuilderAppend" time="0,000" classname="cviceni.StringBuilderAndBufferTest"/>
  <testcase name="testBuilderAppend" time="0,001" classname="cviceni.StringBuilderAndBufferTest"/>
  <testcase name="testBufferAppend" time="0,000" classname="cviceni.StringBuilderAndBufferTest"/>
  <testcase name="testBuilderAppend" time="0,001" classname="cviceni.StringBuilderAndBufferTest"/>
  <testcase name="testBufferAppend" time="0,000" classname="cviceni.StringBuilderAndBufferTest"/>
  <testcase name="testBufferAppendDelete" time="0,000" classname="cviceni.StringBuilderAndBufferTest"/>
  <testcase name="testBufferAppend" time="0,001" classname="cviceni.StringBuilderAndBufferTest"/>
  <testcase name="testBufferAppendDelete" time="0,000" classname="cviceni.StringBuilderAndBufferTest"/>
  <testcase name="testBuilderAppend" time="0,000" classname="cviceni.StringBuilderAndBufferTest"/>
  <testcase name="testBuilderAppendDelete" time="0,000" classname="cviceni.StringBuilderAndBufferTest"/>
  <testcase name="testBufferAppend" time="0,001" classname="cviceni.StringBuilderAndBufferTest"/>
  <testcase name="testBufferAppendDelete" time="0,001" classname="cviceni.StringBuilderAndBufferTest"/>
  <testcase name="testBufferAppend" time="0,000" classname="cviceni.StringBuilderAndBufferTest"/>
  <testcase name="testBuilderAppendDelete" time="0,000" classname="cviceni.StringBuilderAndBufferTest"/>
  <testcase name="testBufferAppend" time="0,000" classname="cviceni.StringBuilderAndBufferTest"/>
  <testcase name="testBuilderAppend" time="0,001" classname="cviceni.StringBuilderAndBufferTest"/>
  <testcase name="testBufferAppend" time="0,000" classname="cviceni.StringBuilderAndBufferTest"/>
  <testcase name="testBuilderAppend" time="0,001" classname="cviceni.StringBuilderAndBufferTest"/>
  <testcase name="testBufferAppendDelete" time="0,000" classname="cviceni.StringBuilderAndBufferTest"/>
  <testcase name="testBuilderAppendDelete" time="0,002" classname="cviceni.StringBuilderAndBufferTest"/>
  <testcase name="testBufferAppendDelete" time="0,000" classname="cviceni.StringBuilderAndBufferTest"/>
  <testcase name="testBuilderAppend" time="0,000" classname="cviceni.StringBuilderAndBufferTest"/>
  <testcase name="testBufferAppend" time="0,000" classname="cviceni.StringBuilderAndBufferTest"/>
  <testcase name="testBuilderAppendDelete" time="0,000" classname="cviceni.StringBuilderAndBufferTest"/>
  <testcase name="testBuilderAppend" time="0,000" classname="cviceni.StringBuilderAndBufferTest"/>
  <testcase name="testBuilderAppendDelete" time="0,000" classname="cviceni.StringBuilderAndBufferTest"/>
  <testcase name="testBufferAppend" time="0,000" classname="cviceni.StringBuilderAndBufferTest"/>
  <testcase name="testBuilderAppend" time="0,000" classname="cviceni.StringBuilderAndBufferTest"/>
  <testcase name="testBuilderAppendDelete" time="0,000" classname="cviceni.StringBuilderAndBufferTest"/>
  <testcase name="testBuilderAppendDelete" time="0,000" classname="cviceni.StringBuilderAndBufferTest"/>
  <testcase name="testBufferAppend" time="0,000" classname="cviceni.StringBuilderAndBufferTest"/>
  <testcase name="testBufferAppend" time="0,000" classname="cviceni.StringBuilderAndBufferTest"/>
  <testcase name="testBuilderAppendDelete" time="0,001" classname="cviceni.StringBuilderAndBufferTest"/>
  <testcase name="testBuilderAppend" time="0,001" classname="cviceni.StringBuilderAndBufferTest"/>
  <testcase name="testBufferAppend" time="0,001" classname="cviceni.StringBuilderAndBufferTest"/>
  <testcase name="testBufferAppendDelete" time="0,000" classname="cviceni.StringBuilderAndBufferTest"/>
  <testcase name="testBufferAppend" time="0,001" classname="cviceni.StringBuilderAndBufferTest"/>
  <testcase name="testBuilderAppendDelete" time="0,000" classname="cviceni.StringBuilderAndBufferTest"/>
  <testcase name="testBuilderAppend" time="0,000" classname="cviceni.StringBuilderAndBufferTest"/>
  <testcase name="testBufferAppendDelete" time="0,001" classname="cviceni.StringBuilderAndBufferTest"/>
  <testcase name="testBuilderAppendDelete" time="0,000" classname="cviceni.StringBuilderAndBufferTest"/>
  <testcase name="testBuilderAppendDelete" time="0,001" classname="cviceni.StringBuilderAndBufferTest"/>
  <testcase name="testBuilderAppend" time="0,000" classname="cviceni.StringBuilderAndBufferTest"/>
  <testcase name="testBuilderAppendDelete" time="0,000" classname="cviceni.StringBuilderAndBufferTest"/>
  <testcase name="testBufferAppendDelete" time="0,001" classname="cviceni.StringBuilderAndBufferTest"/>
  <testcase name="testBufferAppend" time="0,000" classname="cviceni.StringBuilderAndBufferTest"/>
  <testcase name="testBuilderAppend" time="0,000" classname="cviceni.StringBuilderAndBufferTest"/>
  <testcase name="testBuilderAppend" time="0,000" classname="cviceni.StringBuilderAndBufferTest"/>
  <testcase name="testBuilderAppendDelete" time="0,000" classname="cviceni.StringBuilderAndBufferTest"/>
  <testcase name="testBuilderAppendDelete" time="0,001" classname="cviceni.StringBuilderAndBufferTest"/>
  <testcase name="testBufferAppendDelete" time="0,000" classname="cviceni.StringBuilderAndBufferTest"/>
  <testcase name="testBuilderAppend" time="0,000" classname="cviceni.StringBuilderAndBufferTest"/>
  <testcase name="testBuilderAppend" time="0,000" classname="cviceni.StringBuilderAndBufferTest"/>
  <testcase name="testBufferAppend" time="0,000" classname="cviceni.StringBuilderAndBufferTest"/>
  <testcase name="testBufferAppendDelete" time="0,000" classname="cviceni.StringBuilderAndBufferTest"/>
  <testcase name="testBufferAppend" time="0,000" classname="cviceni.StringBuilderAndBufferTest"/>
  <testcase name="testBufferAppendDelete" time="0,000" classname="cviceni.StringBuilderAndBufferTest"/>
  <testcase name="testBuilderAppend" time="0,037" classname="cviceni.StringBuilderAndBufferTest"/>
  <testcase name="testBufferAppend" time="0,000" classname="cviceni.StringBuilderAndBufferTest"/>
  <testcase name="testBuilderAppend" time="0,000" classname="cviceni.StringBuilderAndBufferTest"/>
  <testcase name="testBuilderAppendDelete" time="0,001" classname="cviceni.StringBuilderAndBufferTest"/>
  <testcase name="testBuilderAppend" time="0,000" classname="cviceni.StringBuilderAndBufferTest"/>
  <testcase name="testBuilderAppendDelete" time="0,000" classname="cviceni.StringBuilderAndBufferTest"/>
  <testcase name="testBuilderAppendDelete" time="0,000" classname="cviceni.StringBuilderAndBufferTest"/>
  <testcase name="testBufferAppend" time="0,000" classname="cviceni.StringBuilderAndBufferTest"/>
  <testcase name="testBuilderAppend" time="0,000" classname="cviceni.StringBuilderAndBufferTest"/>
  <testcase name="testBufferAppend" time="0,000" classname="cviceni.StringBuilderAndBufferTest"/>
  <testcase name="testBuilderAppend" time="0,001" classname="cviceni.StringBuilderAndBufferTest"/>
  <testcase name="testBuilderAppend" time="0,001" classname="cviceni.StringBuilderAndBufferTest"/>
  <testcase name="testBuilderAppendDelete" time="0,000" classname="cviceni.StringBuilderAndBufferTest"/>
  <testcase name="testBuilderAppendDelete" time="0,000" classname="cviceni.StringBuilderAndBufferTest"/>
  <testcase name="testBufferAppend" time="0,000" classname="cviceni.StringBuilderAndBufferTest"/>
  <testcase name="testBuilderAppend" time="0,001" classname="cviceni.StringBuilderAndBufferTest"/>
  <testcase name="testBuilderAppend" time="0,001" classname="cviceni.StringBuilderAndBufferTest"/>
  <testcase name="testBufferAppend" time="0,001" classname="cviceni.StringBuilderAndBufferTest"/>
  <testcase name="testBuilderAppendDelete" time="0,000" classname="cviceni.StringBuilderAndBufferTest"/>
  <testcase name="testBuilderAppendDelete" time="0,001" classname="cviceni.StringBuilderAndBufferTest"/>
  <testcase name="testBufferAppendDelete" time="0,000" classname="cviceni.StringBuilderAndBufferTest"/>
  <testcase name="testBuilderAppend" time="0,001" classname="cviceni.StringBuilderAndBufferTest"/>
  <testcase name="testBuilderAppend" time="0,000" classname="cviceni.StringBuilderAndBufferTest"/>
  <testcase name="testBufferAppend" time="0,001" classname="cviceni.StringBuilderAndBufferTest"/>
  <testcase name="testBuilderAppendDelete" time="0,001" classname="cviceni.StringBuilderAndBufferTest"/>
  <testcase name="testBufferAppendDelete" time="0,001" classname="cviceni.StringBuilderAndBufferTest"/>
  <testcase name="testBuilderAppendDelete" time="0,000" classname="cviceni.StringBuilderAndBufferTest"/>
  <testcase name="testBufferAppend" time="0,001" classname="cviceni.StringBuilderAndBufferTest"/>
  <testcase name="testBuilderAppendDelete" time="0,001" classname="cviceni.StringBuilderAndBufferTest"/>
  <testcase name="testBufferAppendDelete" time="0,000" classname="cviceni.StringBuilderAndBufferTest"/>
  <testcase name="testBuilderAppend" time="0,001" classname="cviceni.StringBuilderAndBufferTest"/>
  <testcase name="testBuilderAppend" time="0,000" classname="cviceni.StringBuilderAndBufferTest"/>
  <testcase name="testBuilderAppendDelete" time="0,000" classname="cviceni.StringBuilderAndBufferTest"/>
  <testcase name="testBufferAppendDelete" time="0,000" classname="cviceni.StringBuilderAndBufferTest"/>
  <testcase name="testBuilderAppendDelete" time="0,001" classname="cviceni.StringBuilderAndBufferTest"/>
  <testcase name="testBuilderAppend" time="0,000" classname="cviceni.StringBuilderAndBufferTest"/>
  <testcase name="testBuilderAppend" time="0,000" classname="cviceni.StringBuilderAndBufferTest"/>
  <testcase name="testBuilderAppendDelete" time="0,000" classname="cviceni.StringBuilderAndBufferTest"/>
  <testcase name="testBuilderAppend" time="0,000" classname="cviceni.StringBuilderAndBufferTest"/>
  <testcase name="testBufferAppend" time="0,000" classname="cviceni.StringBuilderAndBufferTest"/>
  <testcase name="testBufferAppend" time="0,000" classname="cviceni.StringBuilderAndBufferTest"/>
  <testcase name="testBufferAppend" time="0,001" classname="cviceni.StringBuilderAndBufferTest"/>
  <testcase name="testBuilderAppend" time="0,001" classname="cviceni.StringBuilderAndBufferTest"/>
  <testcase name="testBuilderAppend" time="0,000" classname="cviceni.StringBuilderAndBufferTest"/>
  <testcase name="testBuilderAppend" time="0,000" classname="cviceni.StringBuilderAndBufferTest"/>
  <testcase name="testBuilderAppendDelete" time="0,000" classname="cviceni.StringBuilderAndBufferTest"/>
  <testcase name="testBufferAppend" time="0,000" classname="cviceni.StringBuilderAndBufferTest"/>
  <testcase name="testBufferAppendDelete" time="0,000" classname="cviceni.StringBuilderAndBufferTest"/>
  <testcase name="testBufferAppend" time="0,000" classname="cviceni.StringBuilderAndBufferTest"/>
  <testcase name="testBufferAppend" time="0,001" classname="cviceni.StringBuilderAndBufferTest"/>
  <testcase name="testBufferAppendDelete" time="0,000" classname="cviceni.StringBuilderAndBufferTest"/>
  <testcase name="testBufferAppendDelete" time="0,001" classname="cviceni.StringBuilderAndBufferTest"/>
  <testcase name="testBuilderAppendDelete" time="0,000" classname="cviceni.StringBuilderAndBufferTest"/>
  <testcase name="testBuilderAppendDelete" time="0,000" classname="cviceni.StringBuilderAndBufferTest"/>
  <testcase name="testBuilderAppendDelete" time="0,000" classname="cviceni.StringBuilderAndBufferTest"/>
  <testcase name="testBuilderAppend" time="0,000" classname="cviceni.StringBuilderAndBufferTest"/>
  <testcase name="testBufferAppendDelete" time="0,000" classname="cviceni.StringBuilderAndBufferTest"/>
  <testcase name="testBuilderAppendDelete" time="0,000" classname="cviceni.StringBuilderAndBufferTest"/>
  <testcase name="testBufferAppendDelete" time="0,000" classname="cviceni.StringBuilderAndBufferTest"/>
  <testcase name="testBufferAppendDelete" time="0,001" classname="cviceni.StringBuilderAndBufferTest"/>
  <testcase name="testBufferAppendDelete" time="0,000" classname="cviceni.StringBuilderAndBufferTest"/>
  <testcase name="testBufferAppend" time="0,000" classname="cviceni.StringBuilderAndBufferTest"/>
  <testcase name="testBufferAppendDelete" time="0,000" classname="cviceni.StringBuilderAndBufferTest"/>
  <testcase name="testBufferAppend" time="0,000" classname="cviceni.StringBuilderAndBufferTest"/>
  <testcase name="testBufferAppendDelete" time="0,000" classname="cviceni.StringBuilderAndBufferTest"/>
  <testcase name="testBufferAppendDelete" time="0,000" classname="cviceni.StringBuilderAndBufferTest"/>
  <testcase name="testBuilderAppend" time="0,000" classname="cviceni.StringBuilderAndBufferTest"/>
  <testcase name="testBuilderAppend" time="0,000" classname="cviceni.StringBuilderAndBufferTest"/>
  <testcase name="testBuilderAppend" time="0,000" classname="cviceni.StringBuilderAndBufferTest"/>
  <testcase name="testBuilderAppend" time="0,000" classname="cviceni.StringBuilderAndBufferTest"/>
  <testcase name="testBufferAppendDelete" time="0,000" classname="cviceni.StringBuilderAndBufferTest"/>
  <testcase name="testBuilderAppendDelete" time="0,000" classname="cviceni.StringBuilderAndBufferTest"/>
  <testcase name="testBuilderAppendDelete" time="0,001" classname="cviceni.StringBuilderAndBufferTest"/>
  <testcase name="testBuilderAppend" time="0,000" classname="cviceni.StringBuilderAndBufferTest"/>
  <testcase name="testBufferAppendDelete" time="0,001" classname="cviceni.StringBuilderAndBufferTest"/>
  <testcase name="testBuilderAppend" time="0,001" classname="cviceni.StringBuilderAndBufferTest"/>
  <testcase name="testBufferAppendDelete" time="0,000" classname="cviceni.StringBuilderAndBufferTest"/>
  <testcase name="testBuilderAppendDelete" time="0,000" classname="cviceni.StringBuilderAndBufferTest"/>
  <testcase name="testBufferAppend" time="0,000" classname="cviceni.StringBuilderAndBufferTest"/>
  <testcase name="testBufferAppend" time="0,000" classname="cviceni.StringBuilderAndBufferTest"/>
  <testcase name="testBufferAppend" time="0,000" classname="cviceni.StringBuilderAndBufferTest"/>
  <testcase name="testBuilderAppend" time="0,000" classname="cviceni.StringBuilderAndBufferTest"/>
  <testcase name="testBufferAppend" time="0,000" classname="cviceni.StringBuilderAndBufferTest"/>
  <testcase name="testBufferAppend" time="0,000" classname="cviceni.StringBuilderAndBufferTest"/>
  <testcase name="testBufferAppend" time="0,000" classname="cviceni.StringBuilderAndBufferTest"/>
  <testcase name="testBufferAppendDelete" time="0,001" classname="cviceni.StringBuilderAndBufferTest"/>
  <testcase name="testBufferAppend" time="0,001" classname="cviceni.StringBuilderAndBufferTest"/>
  <testcase name="testBuilderAppendDelete" time="0,000" classname="cviceni.StringBuilderAndBufferTest"/>
  <testcase name="testBufferAppendDelete" time="0,000" classname="cviceni.StringBuilderAndBufferTest"/>
  <testcase name="testBufferAppendDelete" time="0,000" classname="cviceni.StringBuilderAndBufferTest"/>
  <testcase name="testBufferAppend" time="0,001" classname="cviceni.StringBuilderAndBufferTest"/>
  <testcase name="testBuilderAppendDelete" time="0,000" classname="cviceni.StringBuilderAndBufferTest"/>
  <testcase name="testBuilderAppendDelete" time="0,000" classname="cviceni.StringBuilderAndBufferTest"/>
  <testcase name="testBufferAppendDelete" time="0,000" classname="cviceni.StringBuilderAndBufferTest"/>
  <testcase name="testBufferAppend" time="0,000" classname="cviceni.StringBuilderAndBufferTest"/>
  <testcase name="testBuilderAppend" time="0,000" classname="cviceni.StringBuilderAndBufferTest"/>
  <testcase name="testBufferAppendDelete" time="0,000" classname="cviceni.StringBuilderAndBufferTest"/>
  <testcase name="testBufferAppendDelete" time="0,000" classname="cviceni.StringBuilderAndBufferTest"/>
  <testcase name="testBufferAppendDelete" time="0,001" classname="cviceni.StringBuilderAndBufferTest"/>
  <testcase name="testBufferAppend" time="0,000" classname="cviceni.StringBuilderAndBufferTest"/>
  <testcase name="testBufferAppend" time="0,000" classname="cviceni.StringBuilderAndBufferTest"/>
  <testcase name="testBufferAppendDelete" time="0,001" classname="cviceni.StringBuilderAndBufferTest"/>
  <testcase name="testBufferAppend" time="0,000" classname="cviceni.StringBuilderAndBufferTest"/>
  <testcase name="testBufferAppend" time="0,001" classname="cviceni.StringBuilderAndBufferTest"/>
  <testcase name="testBuilderAppendDelete" time="0,000" classname="cviceni.StringBuilderAndBufferTest"/>
  <testcase name="testBufferAppendDelete" time="0,000" classname="cviceni.StringBuilderAndBufferTest"/>
  <testcase name="testBufferAppendDelete" time="0,000" classname="cviceni.StringBuilderAndBufferTest"/>
  <testcase name="testBuilderAppendDelete" time="0,000" classname="cviceni.StringBuilderAndBufferTest"/>
  <testcase name="testBuilderAppendDelete" time="0,000" classname="cviceni.StringBuilderAndBufferTest"/>
  <testcase name="testBufferAppend" time="0,000" classname="cviceni.StringBuilderAndBufferTest"/>
  <testcase name="testBuilderAppend" time="0,000" classname="cviceni.StringBuilderAndBufferTest"/>
  <testcase name="testBuilderAppendDelete" time="0,000" classname="cviceni.StringBuilderAndBufferTest"/>
  <testcase name="testBuilderAppend" time="0,000" classname="cviceni.StringBuilderAndBufferTest"/>
  <testcase name="testBufferAppend" time="0,000" classname="cviceni.StringBuilderAndBufferTest"/>
  <testcase name="testBufferAppend" time="0,001" classname="cviceni.StringBuilderAndBufferTest"/>
  <testcase name="testBuilderAppendDelete" time="0,000" classname="cviceni.StringBuilderAndBufferTest"/>
  <testcase name="testBufferAppendDelete" time="0,000" classname="cviceni.StringBuilderAndBufferTest"/>
  <testcase name="testBufferAppendDelete" time="0,000" classname="cviceni.StringBuilderAndBufferTest"/>
  <testcase name="testBufferAppendDelete" time="0,000" classname="cviceni.StringBuilderAndBufferTest"/>
  <testcase name="testBufferAppendDelete" time="0,000" classname="cviceni.StringBuilderAndBufferTest"/>
  <testcase name="testBuilderAppend" time="0,000" classname="cviceni.StringBuilderAndBufferTest"/>
  <testcase name="testBufferAppendDelete" time="0,000" classname="cviceni.StringBuilderAndBufferTest"/>
  <testcase name="testBuilderAppendDelete" time="0,001" classname="cviceni.StringBuilderAndBufferTest"/>
  <testcase name="testBuilderAppend" time="0,000" classname="cviceni.StringBuilderAndBufferTest"/>
  <testcase name="testBuilderAppend" time="0,000" classname="cviceni.StringBuilderAndBufferTest"/>
  <testcase name="testBufferAppend" time="0,000" classname="cviceni.StringBuilderAndBufferTest"/>
  <testcase name="testBuilderAppend" time="0,000" classname="cviceni.StringBuilderAndBufferTest"/>
  <testcase name="testBuilderAppendDelete" time="0,000" classname="cviceni.StringBuilderAndBufferTest"/>
  <testcase name="testBufferAppend" time="0,000" classname="cviceni.StringBuilderAndBufferTest"/>
  <testcase name="testBuilderAppend" time="0,000" classname="cviceni.StringBuilderAndBufferTest"/>
  <testcase name="testBuilderAppend" time="0,000" classname="cviceni.StringBuilderAndBufferTest"/>
  <testcase name="testBuilderAppend" time="0,001" classname="cviceni.StringBuilderAndBufferTest"/>
  <testcase name="testBufferAppendDelete" time="0,000" classname="cviceni.StringBuilderAndBufferTest"/>
  <testcase name="testBufferAppend" time="0,000" classname="cviceni.StringBuilderAndBufferTest"/>
  <testcase name="testBufferAppendDelete" time="0,000" classname="cviceni.StringBuilderAndBufferTest"/>
  <testcase name="testBuilderAppendDelete" time="0,000" classname="cviceni.StringBuilderAndBufferTest"/>
  <testcase name="testBuilderAppendDelete" time="0,000" classname="cviceni.StringBuilderAndBufferTest"/>
  <testcase name="testBuilderAppend" time="0,000" classname="cviceni.StringBuilderAndBufferTest"/>
  <testcase name="testBuilderAppend" time="0,000" classname="cviceni.StringBuilderAndBufferTest"/>
  <testcase name="testBufferAppend" time="0,000" classname="cviceni.StringBuilderAndBufferTest"/>
  <testcase name="testBufferAppendDelete" time="0,000" classname="cviceni.StringBuilderAndBufferTest"/>
  <testcase name="testBuilderAppendDelete" time="0,001" classname="cviceni.StringBuilderAndBufferTest"/>
  <testcase name="testBuilderAppend" time="0,000" classname="cviceni.StringBuilderAndBufferTest"/>
  <testcase name="testBufferAppendDelete" time="0,001" classname="cviceni.StringBuilderAndBufferTest"/>
  <testcase name="testBuilderAppendDelete" time="0,001" classname="cviceni.StringBuilderAndBufferTest"/>
  <testcase name="testBufferAppend" time="0,000" classname="cviceni.StringBuilderAndBufferTest"/>
  <testcase name="testBuilderAppendDelete" time="0,000" classname="cviceni.StringBuilderAndBufferTest"/>
  <testcase name="testBufferAppend" time="0,000" classname="cviceni.StringBuilderAndBufferTest"/>
  <testcase name="testBuilderAppend" time="0,000" classname="cviceni.StringBuilderAndBufferTest"/>
  <testcase name="testBuilderAppendDelete" time="0,001" classname="cviceni.StringBuilderAndBufferTest"/>
  <testcase name="testBuilderAppendDelete" time="0,000" classname="cviceni.StringBuilderAndBufferTest"/>
  <testcase name="testBuilderAppend" time="0,001" classname="cviceni.StringBuilderAndBufferTest"/>
  <testcase name="testBuilderAppendDelete" time="0,000" classname="cviceni.StringBuilderAndBufferTest"/>
  <testcase name="testBufferAppendDelete" time="0,001" classname="cviceni.StringBuilderAndBufferTest"/>
  <testcase name="testBuilderAppendDelete" time="0,000" classname="cviceni.StringBuilderAndBufferTest"/>
  <testcase name="testBuilderAppend" time="0,000" classname="cviceni.StringBuilderAndBufferTest"/>
  <testcase name="testBuilderAppend" time="0,000" classname="cviceni.StringBuilderAndBufferTest"/>
  <testcase name="testBuilderAppend" time="0,001" classname="cviceni.StringBuilderAndBufferTest"/>
  <testcase name="testBuilderAppend" time="0,000" classname="cviceni.StringBuilderAndBufferTest"/>
  <testcase name="testBuilderAppendDelete" time="0,000" classname="cviceni.StringBuilderAndBufferTest"/>
  <testcase name="testBuilderAppend" time="0,000" classname="cviceni.StringBuilderAndBufferTest"/>
  <testcase name="testBuilderAppend" time="0,000" classname="cviceni.StringBuilderAndBufferTest"/>
  <testcase name="testBuilderAppendDelete" time="0,000" classname="cviceni.StringBuilderAndBufferTest"/>
  <testcase name="testBuilderAppend" time="0,000" classname="cviceni.StringBuilderAndBufferTest"/>
  <testcase name="testBufferAppend" time="0,001" classname="cviceni.StringBuilderAndBufferTest"/>
  <testcase name="testBuilderAppendDelete" time="0,000" classname="cviceni.StringBuilderAndBufferTest"/>
  <testcase name="testBufferAppend" time="0,000" classname="cviceni.StringBuilderAndBufferTest"/>
  <testcase name="testBufferAppend" time="0,001" classname="cviceni.StringBuilderAndBufferTest"/>
  <testcase name="testBuilderAppendDelete" time="0,000" classname="cviceni.StringBuilderAndBufferTest"/>
  <testcase name="testBufferAppendDelete" time="0,000" classname="cviceni.StringBuilderAndBufferTest"/>
  <testcase name="testBufferAppend" time="0,000" classname="cviceni.StringBuilderAndBufferTest"/>
  <testcase name="testBuilderAppendDelete" time="0,000" classname="cviceni.StringBuilderAndBufferTest"/>
  <testcase name="testBuilderAppend" time="0,000" classname="cviceni.StringBuilderAndBufferTest"/>
  <testcase name="testBufferAppend" time="0,004" classname="cviceni.StringBuilderAndBufferTest"/>
  <testcase name="testBuilderAppendDelete" time="0,000" classname="cviceni.StringBuilderAndBufferTest"/>
  <testcase name="testBufferAppendDelete" time="0,001" classname="cviceni.StringBuilderAndBufferTest"/>
  <testcase name="testBuilderAppend" time="0,000" classname="cviceni.StringBuilderAndBufferTest"/>
  <testcase name="testBufferAppend" time="0,001" classname="cviceni.StringBuilderAndBufferTest"/>
  <testcase name="testBuilderAppend" time="0,000" classname="cviceni.StringBuilderAndBufferTest"/>
  <testcase name="testBufferAppendDelete" time="0,000" classname="cviceni.StringBuilderAndBufferTest"/>
  <testcase name="testBufferAppendDelete" time="0,000" classname="cviceni.StringBuilderAndBufferTest"/>
  <testcase name="testBuilderAppend" time="0,000" classname="cviceni.StringBuilderAndBufferTest"/>
  <testcase name="testBuilderAppendDelete" time="0,000" classname="cviceni.StringBuilderAndBufferTest"/>
  <testcase name="testBuilderAppend" time="0,000" classname="cviceni.StringBuilderAndBufferTest"/>
  <testcase name="testBufferAppendDelete" time="0,000" classname="cviceni.StringBuilderAndBufferTest"/>
  <testcase name="testBufferAppend" time="0,023" classname="cviceni.StringBuilderAndBufferTest"/>
  <testcase name="testBuilderAppend" time="0,000" classname="cviceni.StringBuilderAndBufferTest"/>
  <testcase name="testBufferAppend" time="0,000" classname="cviceni.StringBuilderAndBufferTest"/>
  <testcase name="testBufferAppendDelete" time="0,000" classname="cviceni.StringBuilderAndBufferTest"/>
  <testcase name="testBuilderAppendDelete" time="0,000" classname="cviceni.StringBuilderAndBufferTest"/>
  <testcase name="testBuilderAppend" time="0,001" classname="cviceni.StringBuilderAndBufferTest"/>
  <testcase name="testBuilderAppend" time="0,000" classname="cviceni.StringBuilderAndBufferTest"/>
  <testcase name="testBufferAppend" time="0,000" classname="cviceni.StringBuilderAndBufferTest"/>
  <testcase name="testBufferAppend" time="0,000" classname="cviceni.StringBuilderAndBufferTest"/>
  <testcase name="testBuilderAppend" time="0,004" classname="cviceni.StringBuilderAndBufferTest"/>
  <testcase name="testBufferAppend" time="0,000" classname="cviceni.StringBuilderAndBufferTest"/>
  <testcase name="testBufferAppend" time="0,000" classname="cviceni.StringBuilderAndBufferTest"/>
  <testcase name="testBuilderAppendDelete" time="0,000" classname="cviceni.StringBuilderAndBufferTest"/>
  <testcase name="testBufferAppendDelete" time="0,000" classname="cviceni.StringBuilderAndBufferTest"/>
  <testcase name="testBufferAppend" time="0,000" classname="cviceni.StringBuilderAndBufferTest"/>
  <testcase name="testBufferAppendDelete" time="0,000" classname="cviceni.StringBuilderAndBufferTest"/>
  <testcase name="testBufferAppend" time="0,000" classname="cviceni.StringBuilderAndBufferTest"/>
  <testcase name="testBuilderAppendDelete" time="0,012" classname="cviceni.StringBuilderAndBufferTest"/>
  <testcase name="testBuilderAppend" time="0,000" classname="cviceni.StringBuilderAndBufferTest"/>
  <testcase name="testBufferAppendDelete" time="0,001" classname="cviceni.StringBuilderAndBufferTest"/>
  <testcase name="testBufferAppendDelete" time="0,000" classname="cviceni.StringBuilderAndBufferTest"/>
  <testcase name="testBuilderAppend" time="0,000" classname="cviceni.StringBuilderAndBufferTest"/>
  <testcase name="testBufferAppendDelete" time="0,000" classname="cviceni.StringBuilderAndBufferTest"/>
  <testcase name="testBufferAppend" time="0,000" classname="cviceni.StringBuilderAndBufferTest"/>
  <testcase name="testBufferAppend" time="0,001" classname="cviceni.StringBuilderAndBufferTest"/>
  <testcase name="testBufferAppendDelete" time="0,000" classname="cviceni.StringBuilderAndBufferTest"/>
  <testcase name="testBuilderAppendDelete" time="0,001" classname="cviceni.StringBuilderAndBufferTest"/>
</testsuite>
